==> Running on : cuda
==> Number of CPU: 48
==> Number of workers: 2
==> #Epochs: 500, #Layers: 3, #Blocks: [1, 1, 1], In channel: 128, Input layer conv kernel: 3x3, Residual layer conv kernel 3x3, Skip kernel: 1x1, Input layer conv padding: 1, Residual layer conv padding: 1
==> Optimizer is Adadelta
==> Learning rate: 1.0
==> Weight decay: 0.0005
==>Trainable Parameters: 4896394
==>Other Parameters: 0
==>Augmentation: RandomCrop(32, padding=4), RandomHorizontalFlip(), Normalize((0.4914, 0.4822, 0.4465), (0.2023, 0.1994, 0.2010)
Files already downloaded and verified
Train epoch: 1 | Loss: *1.611* | Acc: *40.332%* (20166/50000) 
Test epoch: 1 | Loss: *1.445* | Acc: *47.550%* (4755/10000)
Train epoch: 2 | Loss: *1.169* | Acc: *57.920%* (28960/50000) 
Test epoch: 2 | Loss: *2.664* | Acc: *37.930%* (3793/10000)
Train epoch: 3 | Loss: *0.965* | Acc: *65.606%* (32803/50000) 
Test epoch: 3 | Loss: *1.412* | Acc: *56.170%* (5617/10000)
Train epoch: 4 | Loss: *0.840* | Acc: *70.332%* (35166/50000) 
Test epoch: 4 | Loss: *1.033* | Acc: *66.350%* (6635/10000)
Train epoch: 5 | Loss: *0.727* | Acc: *74.536%* (37268/50000) 
Test epoch: 5 | Loss: *1.523* | Acc: *55.660%* (5566/10000)
Train epoch: 6 | Loss: *0.633* | Acc: *77.912%* (38956/50000) 
Test epoch: 6 | Loss: *0.821* | Acc: *73.290%* (7329/10000)
Train epoch: 7 | Loss: *0.575* | Acc: *80.106%* (40053/50000) 
Test epoch: 7 | Loss: *0.973* | Acc: *70.120%* (7012/10000)
Train epoch: 8 | Loss: *0.521* | Acc: *82.036%* (41018/50000) 
Test epoch: 8 | Loss: *0.759* | Acc: *75.370%* (7537/10000)
Train epoch: 9 | Loss: *0.484* | Acc: *83.530%* (41765/50000) 
Test epoch: 9 | Loss: *0.646* | Acc: *79.210%* (7921/10000)
Train epoch: 10 | Loss: *0.458* | Acc: *84.366%* (42183/50000) 
Test epoch: 10 | Loss: *1.158* | Acc: *68.160%* (6816/10000)
Train epoch: 11 | Loss: *0.433* | Acc: *85.180%* (42590/50000) 
Test epoch: 11 | Loss: *0.682* | Acc: *77.510%* (7751/10000)
Train epoch: 12 | Loss: *0.410* | Acc: *86.080%* (43040/50000) 
Test epoch: 12 | Loss: *0.631* | Acc: *77.980%* (7798/10000)
Train epoch: 13 | Loss: *0.394* | Acc: *86.626%* (43313/50000) 
Test epoch: 13 | Loss: *1.262* | Acc: *65.950%* (6595/10000)
Train epoch: 14 | Loss: *0.382* | Acc: *87.000%* (43500/50000) 
Test epoch: 14 | Loss: *0.714* | Acc: *77.830%* (7783/10000)
Train epoch: 15 | Loss: *0.367* | Acc: *87.296%* (43648/50000) 
Test epoch: 15 | Loss: *0.512* | Acc: *83.030%* (8303/10000)
Train epoch: 16 | Loss: *0.358* | Acc: *87.696%* (43848/50000) 
Test epoch: 16 | Loss: *0.779* | Acc: *76.330%* (7633/10000)
Train epoch: 17 | Loss: *0.346* | Acc: *88.296%* (44148/50000) 
Test epoch: 17 | Loss: *0.970* | Acc: *74.670%* (7467/10000)
Train epoch: 18 | Loss: *0.342* | Acc: *88.268%* (44134/50000) 
Test epoch: 18 | Loss: *0.724* | Acc: *77.620%* (7762/10000)
Train epoch: 19 | Loss: *0.334* | Acc: *88.656%* (44328/50000) 
Test epoch: 19 | Loss: *0.738* | Acc: *77.600%* (7760/10000)
Train epoch: 20 | Loss: *0.325* | Acc: *88.864%* (44432/50000) 
Test epoch: 20 | Loss: *0.676* | Acc: *78.710%* (7871/10000)
Train epoch: 21 | Loss: *0.320* | Acc: *89.048%* (44524/50000) 
Test epoch: 21 | Loss: *1.076* | Acc: *69.650%* (6965/10000)
Train epoch: 22 | Loss: *0.314* | Acc: *89.316%* (44658/50000) 
Test epoch: 22 | Loss: *0.520* | Acc: *82.450%* (8245/10000)
Train epoch: 23 | Loss: *0.311* | Acc: *89.282%* (44641/50000) 
Test epoch: 23 | Loss: *0.974* | Acc: *72.790%* (7279/10000)
Train epoch: 24 | Loss: *0.304* | Acc: *89.570%* (44785/50000) 
Test epoch: 24 | Loss: *0.651* | Acc: *79.780%* (7978/10000)
Train epoch: 25 | Loss: *0.304* | Acc: *89.622%* (44811/50000) 
Test epoch: 25 | Loss: *0.566* | Acc: *82.160%* (8216/10000)
Train epoch: 26 | Loss: *0.301* | Acc: *89.708%* (44854/50000) 
Test epoch: 26 | Loss: *0.766* | Acc: *77.730%* (7773/10000)
Train epoch: 27 | Loss: *0.295* | Acc: *89.854%* (44927/50000) 
Test epoch: 27 | Loss: *0.850* | Acc: *75.730%* (7573/10000)
Train epoch: 28 | Loss: *0.290* | Acc: *90.094%* (45047/50000) 
Test epoch: 28 | Loss: *0.550* | Acc: *83.440%* (8344/10000)
Train epoch: 29 | Loss: *0.287* | Acc: *90.106%* (45053/50000) 
Test epoch: 29 | Loss: *0.538* | Acc: *83.120%* (8312/10000)
Train epoch: 30 | Loss: *0.285* | Acc: *90.132%* (45066/50000) 
Test epoch: 30 | Loss: *0.800* | Acc: *78.490%* (7849/10000)
Train epoch: 31 | Loss: *0.280* | Acc: *90.528%* (45264/50000) 
Test epoch: 31 | Loss: *0.488* | Acc: *83.710%* (8371/10000)
Train epoch: 32 | Loss: *0.282* | Acc: *90.314%* (45157/50000) 
Test epoch: 32 | Loss: *0.547* | Acc: *82.790%* (8279/10000)
Train epoch: 33 | Loss: *0.277* | Acc: *90.522%* (45261/50000) 
Test epoch: 33 | Loss: *0.865* | Acc: *76.800%* (7680/10000)
Train epoch: 34 | Loss: *0.277* | Acc: *90.520%* (45260/50000) 
Test epoch: 34 | Loss: *0.566* | Acc: *82.590%* (8259/10000)
Train epoch: 35 | Loss: *0.272* | Acc: *90.644%* (45322/50000) 
Test epoch: 35 | Loss: *0.551* | Acc: *82.860%* (8286/10000)
Train epoch: 36 | Loss: *0.270* | Acc: *90.762%* (45381/50000) 
Test epoch: 36 | Loss: *0.483* | Acc: *84.980%* (8498/10000)
Train epoch: 37 | Loss: *0.270* | Acc: *90.734%* (45367/50000) 
Test epoch: 37 | Loss: *0.437* | Acc: *85.810%* (8581/10000)
Train epoch: 38 | Loss: *0.264* | Acc: *90.958%* (45479/50000) 
Test epoch: 38 | Loss: *0.594* | Acc: *82.060%* (8206/10000)
Train epoch: 39 | Loss: *0.258* | Acc: *91.032%* (45516/50000) 
Test epoch: 39 | Loss: *0.483* | Acc: *84.050%* (8405/10000)
Train epoch: 40 | Loss: *0.261* | Acc: *91.124%* (45562/50000) 
Test epoch: 40 | Loss: *0.535* | Acc: *82.790%* (8279/10000)
Train epoch: 41 | Loss: *0.253* | Acc: *91.370%* (45685/50000) 
Test epoch: 41 | Loss: *0.634* | Acc: *80.400%* (8040/10000)
Train epoch: 42 | Loss: *0.257* | Acc: *91.218%* (45609/50000) 
Test epoch: 42 | Loss: *0.467* | Acc: *85.210%* (8521/10000)
Train epoch: 43 | Loss: *0.254* | Acc: *91.356%* (45678/50000) 
Test epoch: 43 | Loss: *0.578* | Acc: *81.900%* (8190/10000)
Train epoch: 44 | Loss: *0.255* | Acc: *91.070%* (45535/50000) 
Test epoch: 44 | Loss: *0.448* | Acc: *86.310%* (8631/10000)
Train epoch: 45 | Loss: *0.250* | Acc: *91.516%* (45758/50000) 
Test epoch: 45 | Loss: *0.691* | Acc: *79.760%* (7976/10000)
Train epoch: 46 | Loss: *0.250* | Acc: *91.404%* (45702/50000) 
Test epoch: 46 | Loss: *0.718* | Acc: *80.030%* (8003/10000)
Train epoch: 47 | Loss: *0.247* | Acc: *91.550%* (45775/50000) 
Test epoch: 47 | Loss: *1.136* | Acc: *71.110%* (7111/10000)
Train epoch: 48 | Loss: *0.241* | Acc: *91.770%* (45885/50000) 
Test epoch: 48 | Loss: *0.514* | Acc: *83.770%* (8377/10000)
Train epoch: 49 | Loss: *0.242* | Acc: *91.796%* (45898/50000) 
Test epoch: 49 | Loss: *0.728* | Acc: *80.520%* (8052/10000)
Train epoch: 50 | Loss: *0.243* | Acc: *91.632%* (45816/50000) 
Test epoch: 50 | Loss: *0.691* | Acc: *79.760%* (7976/10000)
Train epoch: 51 | Loss: *0.235* | Acc: *91.970%* (45985/50000) 
Test epoch: 51 | Loss: *0.712* | Acc: *79.480%* (7948/10000)
Train epoch: 52 | Loss: *0.238* | Acc: *91.856%* (45928/50000) 
Test epoch: 52 | Loss: *0.520* | Acc: *84.190%* (8419/10000)
Train epoch: 53 | Loss: *0.229* | Acc: *92.168%* (46084/50000) 
Test epoch: 53 | Loss: *0.519* | Acc: *83.440%* (8344/10000)
Train epoch: 54 | Loss: *0.233* | Acc: *92.078%* (46039/50000) 
Test epoch: 54 | Loss: *0.911* | Acc: *77.650%* (7765/10000)
Train epoch: 55 | Loss: *0.233* | Acc: *92.038%* (46019/50000) 
Test epoch: 55 | Loss: *0.680* | Acc: *80.300%* (8030/10000)
Train epoch: 56 | Loss: *0.232* | Acc: *92.008%* (46004/50000) 
Test epoch: 56 | Loss: *0.671* | Acc: *80.730%* (8073/10000)
Train epoch: 57 | Loss: *0.225* | Acc: *92.238%* (46119/50000) 
Test epoch: 57 | Loss: *0.516* | Acc: *84.390%* (8439/10000)
Train epoch: 58 | Loss: *0.225* | Acc: *92.370%* (46185/50000) 
Test epoch: 58 | Loss: *0.452* | Acc: *86.130%* (8613/10000)
Train epoch: 59 | Loss: *0.223* | Acc: *92.378%* (46189/50000) 
Test epoch: 59 | Loss: *1.492* | Acc: *66.310%* (6631/10000)
Train epoch: 60 | Loss: *0.223* | Acc: *92.350%* (46175/50000) 
Test epoch: 60 | Loss: *0.553* | Acc: *83.860%* (8386/10000)
Train epoch: 61 | Loss: *0.219* | Acc: *92.480%* (46240/50000) 
Test epoch: 61 | Loss: *0.619* | Acc: *81.590%* (8159/10000)
Train epoch: 62 | Loss: *0.220* | Acc: *92.388%* (46194/50000) 
Test epoch: 62 | Loss: *0.412* | Acc: *86.860%* (8686/10000)
Train epoch: 63 | Loss: *0.214* | Acc: *92.710%* (46355/50000) 
Test epoch: 63 | Loss: *0.622* | Acc: *79.670%* (7967/10000)
Train epoch: 64 | Loss: *0.212* | Acc: *92.844%* (46422/50000) 
Test epoch: 64 | Loss: *0.462* | Acc: *85.530%* (8553/10000)
Train epoch: 65 | Loss: *0.209* | Acc: *92.792%* (46396/50000) 
Test epoch: 65 | Loss: *0.458* | Acc: *85.280%* (8528/10000)
Train epoch: 66 | Loss: *0.210* | Acc: *92.800%* (46400/50000) 
Test epoch: 66 | Loss: *0.395* | Acc: *87.590%* (8759/10000)
Train epoch: 67 | Loss: *0.206* | Acc: *92.946%* (46473/50000) 
Test epoch: 67 | Loss: *0.571* | Acc: *82.630%* (8263/10000)
Train epoch: 68 | Loss: *0.207* | Acc: *92.886%* (46443/50000) 
Test epoch: 68 | Loss: *0.529* | Acc: *84.390%* (8439/10000)
Train epoch: 69 | Loss: *0.202* | Acc: *92.960%* (46480/50000) 
Test epoch: 69 | Loss: *0.433* | Acc: *86.390%* (8639/10000)
Train epoch: 70 | Loss: *0.202* | Acc: *93.130%* (46565/50000) 
Test epoch: 70 | Loss: *0.511* | Acc: *84.960%* (8496/10000)
Train epoch: 71 | Loss: *0.197* | Acc: *93.182%* (46591/50000) 
Test epoch: 71 | Loss: *0.476* | Acc: *85.640%* (8564/10000)
Train epoch: 72 | Loss: *0.198* | Acc: *93.132%* (46566/50000) 
Test epoch: 72 | Loss: *0.581* | Acc: *83.930%* (8393/10000)
Train epoch: 73 | Loss: *0.196* | Acc: *93.402%* (46701/50000) 
Test epoch: 73 | Loss: *0.624* | Acc: *81.890%* (8189/10000)
Train epoch: 74 | Loss: *0.195* | Acc: *93.318%* (46659/50000) 
Test epoch: 74 | Loss: *0.649* | Acc: *82.220%* (8222/10000)
Train epoch: 75 | Loss: *0.191* | Acc: *93.438%* (46719/50000) 
Test epoch: 75 | Loss: *0.732* | Acc: *80.570%* (8057/10000)
Train epoch: 76 | Loss: *0.190* | Acc: *93.460%* (46730/50000) 
Test epoch: 76 | Loss: *0.405* | Acc: *86.690%* (8669/10000)
Train epoch: 77 | Loss: *0.187* | Acc: *93.616%* (46808/50000) 
Test epoch: 77 | Loss: *0.451* | Acc: *85.870%* (8587/10000)
Train epoch: 78 | Loss: *0.185* | Acc: *93.740%* (46870/50000) 
Test epoch: 78 | Loss: *0.509* | Acc: *84.110%* (8411/10000)
Train epoch: 79 | Loss: *0.182* | Acc: *93.892%* (46946/50000) 
Test epoch: 79 | Loss: *0.581* | Acc: *83.270%* (8327/10000)
Train epoch: 80 | Loss: *0.183* | Acc: *93.728%* (46864/50000) 
Test epoch: 80 | Loss: *0.510* | Acc: *85.360%* (8536/10000)
Train epoch: 81 | Loss: *0.178* | Acc: *93.852%* (46926/50000) 
Test epoch: 81 | Loss: *0.539* | Acc: *84.330%* (8433/10000)
Train epoch: 82 | Loss: *0.176* | Acc: *94.000%* (47000/50000) 
Test epoch: 82 | Loss: *0.520* | Acc: *84.060%* (8406/10000)
Train epoch: 83 | Loss: *0.174* | Acc: *94.034%* (47017/50000) 
Test epoch: 83 | Loss: *0.386* | Acc: *87.610%* (8761/10000)
Train epoch: 84 | Loss: *0.172* | Acc: *94.072%* (47036/50000) 
Test epoch: 84 | Loss: *0.652* | Acc: *80.380%* (8038/10000)
Train epoch: 85 | Loss: *0.170* | Acc: *94.166%* (47083/50000) 
Test epoch: 85 | Loss: *0.433* | Acc: *86.880%* (8688/10000)
Train epoch: 86 | Loss: *0.168* | Acc: *94.198%* (47099/50000) 
Test epoch: 86 | Loss: *0.451* | Acc: *86.690%* (8669/10000)
Train epoch: 87 | Loss: *0.167* | Acc: *94.286%* (47143/50000) 
Test epoch: 87 | Loss: *0.368* | Acc: *88.350%* (8835/10000)
Train epoch: 88 | Loss: *0.163* | Acc: *94.420%* (47210/50000) 
Test epoch: 88 | Loss: *0.692* | Acc: *80.720%* (8072/10000)
Train epoch: 89 | Loss: *0.165* | Acc: *94.290%* (47145/50000) 
Test epoch: 89 | Loss: *0.683* | Acc: *80.320%* (8032/10000)
Train epoch: 90 | Loss: *0.158* | Acc: *94.562%* (47281/50000) 
Test epoch: 90 | Loss: *0.472* | Acc: *86.280%* (8628/10000)
Train epoch: 91 | Loss: *0.156* | Acc: *94.672%* (47336/50000) 
Test epoch: 91 | Loss: *0.474* | Acc: *85.820%* (8582/10000)
Train epoch: 92 | Loss: *0.155* | Acc: *94.598%* (47299/50000) 
Test epoch: 92 | Loss: *0.457* | Acc: *86.530%* (8653/10000)
Train epoch: 93 | Loss: *0.150* | Acc: *94.938%* (47469/50000) 
Test epoch: 93 | Loss: *0.379* | Acc: *88.340%* (8834/10000)
Train epoch: 94 | Loss: *0.149* | Acc: *94.976%* (47488/50000) 
Test epoch: 94 | Loss: *0.418* | Acc: *87.630%* (8763/10000)
Train epoch: 95 | Loss: *0.142* | Acc: *95.136%* (47568/50000) 
Test epoch: 95 | Loss: *0.532* | Acc: *85.310%* (8531/10000)
Train epoch: 96 | Loss: *0.145* | Acc: *95.170%* (47585/50000) 
Test epoch: 96 | Loss: *0.432* | Acc: *87.010%* (8701/10000)
Train epoch: 97 | Loss: *0.145* | Acc: *95.012%* (47506/50000) 
Test epoch: 97 | Loss: *0.342* | Acc: *89.560%* (8956/10000)
Train epoch: 98 | Loss: *0.137* | Acc: *95.386%* (47693/50000) 
Test epoch: 98 | Loss: *0.417* | Acc: *87.490%* (8749/10000)
Train epoch: 99 | Loss: *0.136* | Acc: *95.400%* (47700/50000) 
Test epoch: 99 | Loss: *0.457* | Acc: *87.450%* (8745/10000)
Train epoch: 100 | Loss: *0.138* | Acc: *95.360%* (47680/50000) 
Test epoch: 100 | Loss: *0.496* | Acc: *85.530%* (8553/10000)
Train epoch: 101 | Loss: *0.133* | Acc: *95.520%* (47760/50000) 
Test epoch: 101 | Loss: *0.387* | Acc: *88.170%* (8817/10000)
Train epoch: 102 | Loss: *0.128* | Acc: *95.610%* (47805/50000) 
Test epoch: 102 | Loss: *0.428* | Acc: *87.880%* (8788/10000)
Train epoch: 103 | Loss: *0.128* | Acc: *95.636%* (47818/50000) 
Test epoch: 103 | Loss: *0.355* | Acc: *89.120%* (8912/10000)
Train epoch: 104 | Loss: *0.127* | Acc: *95.646%* (47823/50000) 
Test epoch: 104 | Loss: *0.486* | Acc: *85.850%* (8585/10000)
Train epoch: 105 | Loss: *0.125* | Acc: *95.766%* (47883/50000) 
Test epoch: 105 | Loss: *0.422* | Acc: *87.720%* (8772/10000)
Train epoch: 106 | Loss: *0.123* | Acc: *95.816%* (47908/50000) 
Test epoch: 106 | Loss: *0.411* | Acc: *88.140%* (8814/10000)
Train epoch: 107 | Loss: *0.117* | Acc: *96.136%* (48068/50000) 
Test epoch: 107 | Loss: *0.375* | Acc: *89.370%* (8937/10000)
Train epoch: 108 | Loss: *0.116* | Acc: *96.130%* (48065/50000) 
Test epoch: 108 | Loss: *0.500* | Acc: *85.650%* (8565/10000)
Train epoch: 109 | Loss: *0.110* | Acc: *96.344%* (48172/50000) 
Test epoch: 109 | Loss: *0.440* | Acc: *87.430%* (8743/10000)
Train epoch: 110 | Loss: *0.108* | Acc: *96.400%* (48200/50000) 
Test epoch: 110 | Loss: *0.422* | Acc: *87.060%* (8706/10000)
Train epoch: 111 | Loss: *0.111* | Acc: *96.258%* (48129/50000) 
Test epoch: 111 | Loss: *0.381* | Acc: *88.540%* (8854/10000)
Train epoch: 112 | Loss: *0.105* | Acc: *96.570%* (48285/50000) 
Test epoch: 112 | Loss: *0.451* | Acc: *87.160%* (8716/10000)
Train epoch: 113 | Loss: *0.101* | Acc: *96.630%* (48315/50000) 
Test epoch: 113 | Loss: *0.489* | Acc: *86.400%* (8640/10000)
Train epoch: 114 | Loss: *0.096* | Acc: *96.842%* (48421/50000) 
Test epoch: 114 | Loss: *0.392* | Acc: *88.670%* (8867/10000)
Train epoch: 115 | Loss: *0.100* | Acc: *96.662%* (48331/50000) 
Test epoch: 115 | Loss: *0.444* | Acc: *87.670%* (8767/10000)
Train epoch: 116 | Loss: *0.096* | Acc: *96.896%* (48448/50000) 
Test epoch: 116 | Loss: *0.420* | Acc: *87.990%* (8799/10000)
Train epoch: 117 | Loss: *0.090* | Acc: *97.012%* (48506/50000) 
Test epoch: 117 | Loss: *0.348* | Acc: *89.650%* (8965/10000)
Train epoch: 118 | Loss: *0.089* | Acc: *97.126%* (48563/50000) 
Test epoch: 118 | Loss: *0.322* | Acc: *90.270%* (9027/10000)
Train epoch: 119 | Loss: *0.085* | Acc: *97.142%* (48571/50000) 
Test epoch: 119 | Loss: *0.429* | Acc: *87.620%* (8762/10000)
Train epoch: 120 | Loss: *0.085* | Acc: *97.196%* (48598/50000) 
Test epoch: 120 | Loss: *0.423* | Acc: *88.100%* (8810/10000)
Train epoch: 121 | Loss: *0.083* | Acc: *97.398%* (48699/50000) 
Test epoch: 121 | Loss: *0.436* | Acc: *88.220%* (8822/10000)
Train epoch: 122 | Loss: *0.083* | Acc: *97.274%* (48637/50000) 
Test epoch: 122 | Loss: *0.361* | Acc: *89.670%* (8967/10000)
Train epoch: 123 | Loss: *0.080* | Acc: *97.470%* (48735/50000) 
Test epoch: 123 | Loss: *0.460* | Acc: *87.180%* (8718/10000)
Train epoch: 124 | Loss: *0.075* | Acc: *97.588%* (48794/50000) 
Test epoch: 124 | Loss: *0.355* | Acc: *89.860%* (8986/10000)
Train epoch: 125 | Loss: *0.070* | Acc: *97.826%* (48913/50000) 
Test epoch: 125 | Loss: *0.394* | Acc: *88.670%* (8867/10000)
Train epoch: 126 | Loss: *0.070* | Acc: *97.738%* (48869/50000) 
Test epoch: 126 | Loss: *0.413* | Acc: *88.720%* (8872/10000)
Train epoch: 127 | Loss: *0.070* | Acc: *97.814%* (48907/50000) 
Test epoch: 127 | Loss: *0.417* | Acc: *88.470%* (8847/10000)
Train epoch: 128 | Loss: *0.062* | Acc: *98.118%* (49059/50000) 
Test epoch: 128 | Loss: *0.417* | Acc: *88.310%* (8831/10000)
Train epoch: 129 | Loss: *0.061* | Acc: *98.186%* (49093/50000) 
Test epoch: 129 | Loss: *0.400* | Acc: *88.830%* (8883/10000)
Train epoch: 130 | Loss: *0.061* | Acc: *98.130%* (49065/50000) 
Test epoch: 130 | Loss: *0.332* | Acc: *90.170%* (9017/10000)
Train epoch: 131 | Loss: *0.060* | Acc: *98.136%* (49068/50000) 
Test epoch: 131 | Loss: *0.410* | Acc: *88.840%* (8884/10000)
Train epoch: 132 | Loss: *0.057* | Acc: *98.286%* (49143/50000) 
Test epoch: 132 | Loss: *0.319* | Acc: *90.600%* (9060/10000)
Train epoch: 133 | Loss: *0.053* | Acc: *98.458%* (49229/50000) 
Test epoch: 133 | Loss: *0.346* | Acc: *90.120%* (9012/10000)
Train epoch: 134 | Loss: *0.049* | Acc: *98.590%* (49295/50000) 
Test epoch: 134 | Loss: *0.355* | Acc: *89.840%* (8984/10000)
Train epoch: 135 | Loss: *0.047* | Acc: *98.650%* (49325/50000) 
Test epoch: 135 | Loss: *0.417* | Acc: *88.810%* (8881/10000)
Train epoch: 136 | Loss: *0.045* | Acc: *98.740%* (49370/50000) 
Test epoch: 136 | Loss: *0.400* | Acc: *88.910%* (8891/10000)
Train epoch: 137 | Loss: *0.044* | Acc: *98.782%* (49391/50000) 
Test epoch: 137 | Loss: *0.352* | Acc: *90.280%* (9028/10000)
Train epoch: 138 | Loss: *0.040* | Acc: *98.888%* (49444/50000) 
Test epoch: 138 | Loss: *0.371* | Acc: *89.890%* (8989/10000)
Train epoch: 139 | Loss: *0.041* | Acc: *98.848%* (49424/50000) 
Test epoch: 139 | Loss: *0.371* | Acc: *89.690%* (8969/10000)
Train epoch: 140 | Loss: *0.038* | Acc: *98.918%* (49459/50000) 
Test epoch: 140 | Loss: *0.345* | Acc: *90.400%* (9040/10000)
Train epoch: 141 | Loss: *0.034* | Acc: *99.098%* (49549/50000) 
Test epoch: 141 | Loss: *0.318* | Acc: *90.930%* (9093/10000)
Train epoch: 142 | Loss: *0.031* | Acc: *99.232%* (49616/50000) 
Test epoch: 142 | Loss: *0.318* | Acc: *90.940%* (9094/10000)
Train epoch: 143 | Loss: *0.031* | Acc: *99.224%* (49612/50000) 
Test epoch: 143 | Loss: *0.296* | Acc: *91.780%* (9178/10000)
Train epoch: 144 | Loss: *0.027* | Acc: *99.394%* (49697/50000) 
Test epoch: 144 | Loss: *0.317* | Acc: *90.870%* (9087/10000)
Train epoch: 145 | Loss: *0.024* | Acc: *99.508%* (49754/50000) 
Test epoch: 145 | Loss: *0.294* | Acc: *91.750%* (9175/10000)
Train epoch: 146 | Loss: *0.022* | Acc: *99.582%* (49791/50000) 
Test epoch: 146 | Loss: *0.317* | Acc: *91.390%* (9139/10000)
Train epoch: 147 | Loss: *0.022* | Acc: *99.540%* (49770/50000) 
Test epoch: 147 | Loss: *0.300* | Acc: *91.480%* (9148/10000)
Train epoch: 148 | Loss: *0.020* | Acc: *99.610%* (49805/50000) 
Test epoch: 148 | Loss: *0.282* | Acc: *92.030%* (9203/10000)
Train epoch: 149 | Loss: *0.020* | Acc: *99.624%* (49812/50000) 
Test epoch: 149 | Loss: *0.271* | Acc: *92.040%* (9204/10000)
Train epoch: 150 | Loss: *0.019* | Acc: *99.654%* (49827/50000) 
Test epoch: 150 | Loss: *0.266* | Acc: *92.290%* (9229/10000)
Train epoch: 151 | Loss: *0.015* | Acc: *99.766%* (49883/50000) 
Test epoch: 151 | Loss: *0.289* | Acc: *91.980%* (9198/10000)
Train epoch: 152 | Loss: *0.015* | Acc: *99.730%* (49865/50000) 
Test epoch: 152 | Loss: *0.277* | Acc: *92.210%* (9221/10000)
Train epoch: 153 | Loss: *0.013* | Acc: *99.856%* (49928/50000) 
Test epoch: 153 | Loss: *0.272* | Acc: *92.120%* (9212/10000)
Train epoch: 154 | Loss: *0.012* | Acc: *99.850%* (49925/50000) 
Test epoch: 154 | Loss: *0.269* | Acc: *92.230%* (9223/10000)
Train epoch: 155 | Loss: *0.011* | Acc: *99.880%* (49940/50000) 
Test epoch: 155 | Loss: *0.262* | Acc: *92.240%* (9224/10000)
Train epoch: 156 | Loss: *0.010* | Acc: *99.930%* (49965/50000) 
Test epoch: 156 | Loss: *0.258* | Acc: *92.510%* (9251/10000)
Train epoch: 157 | Loss: *0.009* | Acc: *99.918%* (49959/50000) 
Test epoch: 157 | Loss: *0.245* | Acc: *92.950%* (9295/10000)
Train epoch: 158 | Loss: *0.008* | Acc: *99.946%* (49973/50000) 
Test epoch: 158 | Loss: *0.245* | Acc: *92.740%* (9274/10000)
Train epoch: 159 | Loss: *0.008* | Acc: *99.952%* (49976/50000) 
Test epoch: 159 | Loss: *0.243* | Acc: *92.970%* (9297/10000)
Train epoch: 160 | Loss: *0.007* | Acc: *99.974%* (49987/50000) 
Test epoch: 160 | Loss: *0.237* | Acc: *93.280%* (9328/10000)
Train epoch: 161 | Loss: *0.007* | Acc: *99.982%* (49991/50000) 
Test epoch: 161 | Loss: *0.243* | Acc: *92.940%* (9294/10000)
Train epoch: 162 | Loss: *0.007* | Acc: *99.982%* (49991/50000) 
Test epoch: 162 | Loss: *0.234* | Acc: *93.090%* (9309/10000)
Train epoch: 163 | Loss: *0.007* | Acc: *99.976%* (49988/50000) 
Test epoch: 163 | Loss: *0.235* | Acc: *93.070%* (9307/10000)
Train epoch: 164 | Loss: *0.006* | Acc: *99.980%* (49990/50000) 
Test epoch: 164 | Loss: *0.235* | Acc: *92.980%* (9298/10000)
Train epoch: 165 | Loss: *0.006* | Acc: *99.994%* (49997/50000) 
Test epoch: 165 | Loss: *0.229* | Acc: *93.190%* (9319/10000)
Train epoch: 166 | Loss: *0.006* | Acc: *99.990%* (49995/50000) 
Test epoch: 166 | Loss: *0.224* | Acc: *93.490%* (9349/10000)
Train epoch: 167 | Loss: *0.006* | Acc: *99.990%* (49995/50000) 
Test epoch: 167 | Loss: *0.226* | Acc: *93.180%* (9318/10000)
Train epoch: 168 | Loss: *0.005* | Acc: *99.996%* (49998/50000) 
Test epoch: 168 | Loss: *0.223* | Acc: *93.270%* (9327/10000)
Train epoch: 169 | Loss: *0.005* | Acc: *100.000%* (50000/50000) 
Test epoch: 169 | Loss: *0.219* | Acc: *93.400%* (9340/10000)
Train epoch: 170 | Loss: *0.005* | Acc: *99.998%* (49999/50000) 
Test epoch: 170 | Loss: *0.221* | Acc: *93.350%* (9335/10000)
Train epoch: 171 | Loss: *0.005* | Acc: *99.998%* (49999/50000) 
Test epoch: 171 | Loss: *0.218* | Acc: *93.540%* (9354/10000)
Train epoch: 172 | Loss: *0.005* | Acc: *99.986%* (49993/50000) 
Test epoch: 172 | Loss: *0.217* | Acc: *93.550%* (9355/10000)
Train epoch: 173 | Loss: *0.005* | Acc: *99.996%* (49998/50000) 
Test epoch: 173 | Loss: *0.217* | Acc: *93.470%* (9347/10000)
Train epoch: 174 | Loss: *0.005* | Acc: *99.996%* (49998/50000) 
Test epoch: 174 | Loss: *0.214* | Acc: *93.690%* (9369/10000)
Train epoch: 175 | Loss: *0.005* | Acc: *99.996%* (49998/50000) 
Test epoch: 175 | Loss: *0.215* | Acc: *93.600%* (9360/10000)
Train epoch: 176 | Loss: *0.005* | Acc: *99.998%* (49999/50000) 
Test epoch: 176 | Loss: *0.217* | Acc: *93.490%* (9349/10000)
Train epoch: 177 | Loss: *0.005* | Acc: *100.000%* (50000/50000) 
Test epoch: 177 | Loss: *0.213* | Acc: *93.630%* (9363/10000)
Train epoch: 178 | Loss: *0.005* | Acc: *99.998%* (49999/50000) 
Test epoch: 178 | Loss: *0.215* | Acc: *93.450%* (9345/10000)
Train epoch: 179 | Loss: *0.005* | Acc: *99.996%* (49998/50000) 
Test epoch: 179 | Loss: *0.214* | Acc: *93.500%* (9350/10000)
Train epoch: 180 | Loss: *0.005* | Acc: *100.000%* (50000/50000) 
Test epoch: 180 | Loss: *0.212* | Acc: *93.630%* (9363/10000)
Train epoch: 181 | Loss: *0.004* | Acc: *100.000%* (50000/50000) 
Test epoch: 181 | Loss: *0.212* | Acc: *93.600%* (9360/10000)
Train epoch: 182 | Loss: *0.005* | Acc: *100.000%* (50000/50000) 
Test epoch: 182 | Loss: *0.214* | Acc: *93.340%* (9334/10000)
Train epoch: 183 | Loss: *0.004* | Acc: *99.998%* (49999/50000) 
Test epoch: 183 | Loss: *0.210* | Acc: *93.600%* (9360/10000)
Train epoch: 184 | Loss: *0.005* | Acc: *99.998%* (49999/50000) 
Test epoch: 184 | Loss: *0.212* | Acc: *93.580%* (9358/10000)
Train epoch: 185 | Loss: *0.005* | Acc: *100.000%* (50000/50000) 
Test epoch: 185 | Loss: *0.210* | Acc: *93.600%* (9360/10000)
Train epoch: 186 | Loss: *0.004* | Acc: *100.000%* (50000/50000) 
Test epoch: 186 | Loss: *0.211* | Acc: *93.540%* (9354/10000)
Train epoch: 187 | Loss: *0.004* | Acc: *99.998%* (49999/50000) 
Test epoch: 187 | Loss: *0.209* | Acc: *93.680%* (9368/10000)
Train epoch: 188 | Loss: *0.004* | Acc: *100.000%* (50000/50000) 
Test epoch: 188 | Loss: *0.211* | Acc: *93.580%* (9358/10000)
Train epoch: 189 | Loss: *0.004* | Acc: *99.998%* (49999/50000) 
Test epoch: 189 | Loss: *0.211* | Acc: *93.580%* (9358/10000)
Train epoch: 190 | Loss: *0.004* | Acc: *99.998%* (49999/50000) 
Test epoch: 190 | Loss: *0.211* | Acc: *93.600%* (9360/10000)
Train epoch: 191 | Loss: *0.004* | Acc: *99.998%* (49999/50000) 
Test epoch: 191 | Loss: *0.210* | Acc: *93.630%* (9363/10000)
Train epoch: 192 | Loss: *0.004* | Acc: *99.998%* (49999/50000) 
Test epoch: 192 | Loss: *0.211* | Acc: *93.680%* (9368/10000)
Train epoch: 193 | Loss: *0.004* | Acc: *100.000%* (50000/50000) 
Test epoch: 193 | Loss: *0.210* | Acc: *93.720%* (9372/10000)
Train epoch: 194 | Loss: *0.004* | Acc: *99.998%* (49999/50000) 
Test epoch: 194 | Loss: *0.210* | Acc: *93.620%* (9362/10000)
Train epoch: 195 | Loss: *0.004* | Acc: *100.000%* (50000/50000) 
Test epoch: 195 | Loss: *0.209* | Acc: *93.670%* (9367/10000)
Train epoch: 196 | Loss: *0.004* | Acc: *100.000%* (50000/50000) 
Test epoch: 196 | Loss: *0.210* | Acc: *93.690%* (9369/10000)
Train epoch: 197 | Loss: *0.004* | Acc: *100.000%* (50000/50000) 
Test epoch: 197 | Loss: *0.210* | Acc: *93.700%* (9370/10000)
Train epoch: 198 | Loss: *0.004* | Acc: *99.998%* (49999/50000) 
Test epoch: 198 | Loss: *0.210* | Acc: *93.610%* (9361/10000)
Train epoch: 199 | Loss: *0.004* | Acc: *100.000%* (50000/50000) 
Test epoch: 199 | Loss: *0.211* | Acc: *93.590%* (9359/10000)
Train epoch: 200 | Loss: *0.004* | Acc: *100.000%* (50000/50000) 
Test epoch: 200 | Loss: *0.208* | Acc: *93.680%* (9368/10000)
Train epoch: 201 | Loss: *0.004* | Acc: *99.998%* (49999/50000) 
Test epoch: 201 | Loss: *0.210* | Acc: *93.660%* (9366/10000)
Train epoch: 202 | Loss: *0.004* | Acc: *100.000%* (50000/50000) 
Test epoch: 202 | Loss: *0.211* | Acc: *93.730%* (9373/10000)
Train epoch: 203 | Loss: *0.004* | Acc: *99.998%* (49999/50000) 
Test epoch: 203 | Loss: *0.210* | Acc: *93.730%* (9373/10000)
Train epoch: 204 | Loss: *0.004* | Acc: *100.000%* (50000/50000) 
Test epoch: 204 | Loss: *0.209* | Acc: *93.690%* (9369/10000)
Train epoch: 205 | Loss: *0.004* | Acc: *100.000%* (50000/50000) 
Test epoch: 205 | Loss: *0.210* | Acc: *93.650%* (9365/10000)
Train epoch: 206 | Loss: *0.004* | Acc: *100.000%* (50000/50000) 
Test epoch: 206 | Loss: *0.210* | Acc: *93.670%* (9367/10000)
Train epoch: 207 | Loss: *0.004* | Acc: *99.998%* (49999/50000) 
Test epoch: 207 | Loss: *0.210* | Acc: *93.610%* (9361/10000)
Train epoch: 208 | Loss: *0.004* | Acc: *99.996%* (49998/50000) 
Test epoch: 208 | Loss: *0.211* | Acc: *93.560%* (9356/10000)
Train epoch: 209 | Loss: *0.004* | Acc: *99.998%* (49999/50000) 
Test epoch: 209 | Loss: *0.209* | Acc: *93.690%* (9369/10000)
Train epoch: 210 | Loss: *0.004* | Acc: *100.000%* (50000/50000) 
Test epoch: 210 | Loss: *0.210* | Acc: *93.650%* (9365/10000)
Train epoch: 211 | Loss: *0.004* | Acc: *100.000%* (50000/50000) 
Test epoch: 211 | Loss: *0.210* | Acc: *93.560%* (9356/10000)
Train epoch: 212 | Loss: *0.004* | Acc: *100.000%* (50000/50000) 
Test epoch: 212 | Loss: *0.211* | Acc: *93.710%* (9371/10000)
Train epoch: 213 | Loss: *0.004* | Acc: *100.000%* (50000/50000) 
Test epoch: 213 | Loss: *0.212* | Acc: *93.560%* (9356/10000)
Train epoch: 214 | Loss: *0.005* | Acc: *99.998%* (49999/50000) 
Test epoch: 214 | Loss: *0.211* | Acc: *93.660%* (9366/10000)
Train epoch: 215 | Loss: *0.004* | Acc: *100.000%* (50000/50000) 
Test epoch: 215 | Loss: *0.210* | Acc: *93.600%* (9360/10000)
Train epoch: 216 | Loss: *0.004* | Acc: *100.000%* (50000/50000) 
Test epoch: 216 | Loss: *0.210* | Acc: *93.620%* (9362/10000)
Train epoch: 217 | Loss: *0.005* | Acc: *99.998%* (49999/50000) 
Test epoch: 217 | Loss: *0.210* | Acc: *93.670%* (9367/10000)
Train epoch: 218 | Loss: *0.004* | Acc: *99.998%* (49999/50000) 
Test epoch: 218 | Loss: *0.209* | Acc: *93.650%* (9365/10000)
Train epoch: 219 | Loss: *0.005* | Acc: *100.000%* (50000/50000) 
Test epoch: 219 | Loss: *0.212* | Acc: *93.570%* (9357/10000)
Train epoch: 220 | Loss: *0.005* | Acc: *100.000%* (50000/50000) 
Test epoch: 220 | Loss: *0.211* | Acc: *93.600%* (9360/10000)
Train epoch: 221 | Loss: *0.005* | Acc: *100.000%* (50000/50000) 
Test epoch: 221 | Loss: *0.211* | Acc: *93.560%* (9356/10000)
Train epoch: 222 | Loss: *0.005* | Acc: *99.998%* (49999/50000) 
Test epoch: 222 | Loss: *0.212* | Acc: *93.560%* (9356/10000)
Train epoch: 223 | Loss: *0.005* | Acc: *100.000%* (50000/50000) 
Test epoch: 223 | Loss: *0.212* | Acc: *93.560%* (9356/10000)
Train epoch: 224 | Loss: *0.005* | Acc: *100.000%* (50000/50000) 
Test epoch: 224 | Loss: *0.210* | Acc: *93.560%* (9356/10000)
Train epoch: 225 | Loss: *0.005* | Acc: *99.996%* (49998/50000) 
Test epoch: 225 | Loss: *0.216* | Acc: *93.400%* (9340/10000)
Train epoch: 226 | Loss: *0.005* | Acc: *100.000%* (50000/50000) 
Test epoch: 226 | Loss: *0.214* | Acc: *93.480%* (9348/10000)
Train epoch: 227 | Loss: *0.005* | Acc: *100.000%* (50000/50000) 
Test epoch: 227 | Loss: *0.214* | Acc: *93.360%* (9336/10000)
Train epoch: 228 | Loss: *0.005* | Acc: *99.996%* (49998/50000) 
Test epoch: 228 | Loss: *0.218* | Acc: *93.300%* (9330/10000)
Train epoch: 229 | Loss: *0.005* | Acc: *99.998%* (49999/50000) 
Test epoch: 229 | Loss: *0.214* | Acc: *93.520%* (9352/10000)
Train epoch: 230 | Loss: *0.006* | Acc: *99.998%* (49999/50000) 
Test epoch: 230 | Loss: *0.215* | Acc: *93.470%* (9347/10000)
Train epoch: 231 | Loss: *0.005* | Acc: *99.998%* (49999/50000) 
Test epoch: 231 | Loss: *0.215* | Acc: *93.520%* (9352/10000)
Train epoch: 232 | Loss: *0.006* | Acc: *99.998%* (49999/50000) 
Test epoch: 232 | Loss: *0.215* | Acc: *93.500%* (9350/10000)
Train epoch: 233 | Loss: *0.006* | Acc: *99.992%* (49996/50000) 
Test epoch: 233 | Loss: *0.235* | Acc: *92.750%* (9275/10000)
Train epoch: 234 | Loss: *0.006* | Acc: *99.996%* (49998/50000) 
Test epoch: 234 | Loss: *0.233* | Acc: *93.020%* (9302/10000)
Train epoch: 235 | Loss: *0.007* | Acc: *99.988%* (49994/50000) 
Test epoch: 235 | Loss: *0.233* | Acc: *92.980%* (9298/10000)
Train epoch: 236 | Loss: *0.008* | Acc: *99.990%* (49995/50000) 
Test epoch: 236 | Loss: *0.226* | Acc: *93.110%* (9311/10000)
Train epoch: 237 | Loss: *0.010* | Acc: *99.954%* (49977/50000) 
Test epoch: 237 | Loss: *0.307* | Acc: *90.820%* (9082/10000)
Train epoch: 238 | Loss: *0.016* | Acc: *99.848%* (49924/50000) 
Test epoch: 238 | Loss: *0.270* | Acc: *91.700%* (9170/10000)
Train epoch: 239 | Loss: *0.024* | Acc: *99.652%* (49826/50000) 
Test epoch: 239 | Loss: *0.365* | Acc: *89.130%* (8913/10000)
Train epoch: 240 | Loss: *0.037* | Acc: *99.256%* (49628/50000) 
Test epoch: 240 | Loss: *0.358* | Acc: *89.070%* (8907/10000)
Train epoch: 241 | Loss: *0.046* | Acc: *98.890%* (49445/50000) 
Test epoch: 241 | Loss: *0.343* | Acc: *89.410%* (8941/10000)
Train epoch: 242 | Loss: *0.047* | Acc: *98.860%* (49430/50000) 
Test epoch: 242 | Loss: *0.372* | Acc: *89.040%* (8904/10000)
Train epoch: 243 | Loss: *0.054* | Acc: *98.606%* (49303/50000) 
Test epoch: 243 | Loss: *0.384* | Acc: *88.940%* (8894/10000)
Train epoch: 244 | Loss: *0.059* | Acc: *98.382%* (49191/50000) 
Test epoch: 244 | Loss: *0.457* | Acc: *87.320%* (8732/10000)
Train epoch: 245 | Loss: *0.057* | Acc: *98.406%* (49203/50000) 
Test epoch: 245 | Loss: *0.332* | Acc: *90.350%* (9035/10000)
Train epoch: 246 | Loss: *0.059* | Acc: *98.352%* (49176/50000) 
Test epoch: 246 | Loss: *0.332* | Acc: *90.380%* (9038/10000)
Train epoch: 247 | Loss: *0.060* | Acc: *98.380%* (49190/50000) 
Test epoch: 247 | Loss: *0.400* | Acc: *88.060%* (8806/10000)
Train epoch: 248 | Loss: *0.061* | Acc: *98.194%* (49097/50000) 
Test epoch: 248 | Loss: *0.347* | Acc: *89.710%* (8971/10000)
Train epoch: 249 | Loss: *0.062* | Acc: *98.130%* (49065/50000) 
Test epoch: 249 | Loss: *0.386* | Acc: *89.070%* (8907/10000)
Train epoch: 250 | Loss: *0.064* | Acc: *98.026%* (49013/50000) 
Test epoch: 250 | Loss: *0.311* | Acc: *91.090%* (9109/10000)
Train epoch: 251 | Loss: *0.063* | Acc: *98.090%* (49045/50000) 
Test epoch: 251 | Loss: *0.369* | Acc: *89.240%* (8924/10000)
Train epoch: 252 | Loss: *0.064* | Acc: *98.088%* (49044/50000) 
Test epoch: 252 | Loss: *0.350* | Acc: *89.670%* (8967/10000)
Train epoch: 253 | Loss: *0.063* | Acc: *98.062%* (49031/50000) 
Test epoch: 253 | Loss: *0.509* | Acc: *86.970%* (8697/10000)
Train epoch: 254 | Loss: *0.064* | Acc: *98.004%* (49002/50000) 
Test epoch: 254 | Loss: *0.380* | Acc: *89.620%* (8962/10000)
Train epoch: 255 | Loss: *0.065* | Acc: *98.044%* (49022/50000) 
Test epoch: 255 | Loss: *0.434* | Acc: *87.820%* (8782/10000)
Train epoch: 256 | Loss: *0.068* | Acc: *97.816%* (48908/50000) 
Test epoch: 256 | Loss: *0.327* | Acc: *90.290%* (9029/10000)
Train epoch: 257 | Loss: *0.070* | Acc: *97.818%* (48909/50000) 
Test epoch: 257 | Loss: *0.376* | Acc: *89.470%* (8947/10000)
Train epoch: 258 | Loss: *0.067* | Acc: *97.912%* (48956/50000) 
Test epoch: 258 | Loss: *0.508* | Acc: *86.050%* (8605/10000)
Train epoch: 259 | Loss: *0.069* | Acc: *97.850%* (48925/50000) 
Test epoch: 259 | Loss: *0.473* | Acc: *86.970%* (8697/10000)
Train epoch: 260 | Loss: *0.070* | Acc: *97.888%* (48944/50000) 
Test epoch: 260 | Loss: *0.403* | Acc: *88.440%* (8844/10000)
Train epoch: 261 | Loss: *0.072* | Acc: *97.684%* (48842/50000) 
Test epoch: 261 | Loss: *0.397* | Acc: *88.900%* (8890/10000)
Train epoch: 262 | Loss: *0.076* | Acc: *97.510%* (48755/50000) 
Test epoch: 262 | Loss: *0.405* | Acc: *88.540%* (8854/10000)
Train epoch: 263 | Loss: *0.072* | Acc: *97.652%* (48826/50000) 
Test epoch: 263 | Loss: *0.456* | Acc: *87.120%* (8712/10000)
Train epoch: 264 | Loss: *0.076* | Acc: *97.600%* (48800/50000) 
Test epoch: 264 | Loss: *0.495* | Acc: *86.710%* (8671/10000)
Train epoch: 265 | Loss: *0.079* | Acc: *97.376%* (48688/50000) 
Test epoch: 265 | Loss: *0.531* | Acc: *85.770%* (8577/10000)
Train epoch: 266 | Loss: *0.078* | Acc: *97.454%* (48727/50000) 
Test epoch: 266 | Loss: *0.425* | Acc: *87.740%* (8774/10000)
Train epoch: 267 | Loss: *0.079* | Acc: *97.418%* (48709/50000) 
Test epoch: 267 | Loss: *0.455* | Acc: *87.450%* (8745/10000)
Train epoch: 268 | Loss: *0.080* | Acc: *97.422%* (48711/50000) 
Test epoch: 268 | Loss: *0.561* | Acc: *86.280%* (8628/10000)
Train epoch: 269 | Loss: *0.083* | Acc: *97.298%* (48649/50000) 
Test epoch: 269 | Loss: *0.399* | Acc: *88.470%* (8847/10000)
Train epoch: 270 | Loss: *0.084* | Acc: *97.230%* (48615/50000) 
Test epoch: 270 | Loss: *0.409* | Acc: *88.910%* (8891/10000)
Train epoch: 271 | Loss: *0.088* | Acc: *97.140%* (48570/50000) 
Test epoch: 271 | Loss: *0.397* | Acc: *88.480%* (8848/10000)
Train epoch: 272 | Loss: *0.078* | Acc: *97.494%* (48747/50000) 
Test epoch: 272 | Loss: *0.381* | Acc: *88.910%* (8891/10000)
Train epoch: 273 | Loss: *0.087* | Acc: *97.096%* (48548/50000) 
Test epoch: 273 | Loss: *0.442* | Acc: *87.420%* (8742/10000)
Train epoch: 274 | Loss: *0.088* | Acc: *97.144%* (48572/50000) 
Test epoch: 274 | Loss: *0.391* | Acc: *88.620%* (8862/10000)
Train epoch: 275 | Loss: *0.090* | Acc: *97.064%* (48532/50000) 
Test epoch: 275 | Loss: *0.404* | Acc: *88.030%* (8803/10000)
Train epoch: 276 | Loss: *0.088* | Acc: *97.116%* (48558/50000) 
Test epoch: 276 | Loss: *0.515* | Acc: *85.710%* (8571/10000)
Train epoch: 277 | Loss: *0.095* | Acc: *96.876%* (48438/50000) 
Test epoch: 277 | Loss: *0.406* | Acc: *88.710%* (8871/10000)
Train epoch: 278 | Loss: *0.099* | Acc: *96.714%* (48357/50000) 
Test epoch: 278 | Loss: *0.449* | Acc: *87.710%* (8771/10000)
Train epoch: 279 | Loss: *0.094* | Acc: *96.884%* (48442/50000) 
Test epoch: 279 | Loss: *0.502* | Acc: *86.080%* (8608/10000)
Train epoch: 280 | Loss: *0.100* | Acc: *96.676%* (48338/50000) 
Test epoch: 280 | Loss: *0.398* | Acc: *88.210%* (8821/10000)
Train epoch: 281 | Loss: *0.099* | Acc: *96.770%* (48385/50000) 
Test epoch: 281 | Loss: *0.372* | Acc: *89.020%* (8902/10000)
Train epoch: 282 | Loss: *0.100* | Acc: *96.654%* (48327/50000) 
Test epoch: 282 | Loss: *0.459* | Acc: *86.700%* (8670/10000)
Train epoch: 283 | Loss: *0.104* | Acc: *96.532%* (48266/50000) 
Test epoch: 283 | Loss: *0.475* | Acc: *87.620%* (8762/10000)
Train epoch: 284 | Loss: *0.105* | Acc: *96.472%* (48236/50000) 
Test epoch: 284 | Loss: *0.436* | Acc: *88.200%* (8820/10000)
Train epoch: 285 | Loss: *0.110* | Acc: *96.386%* (48193/50000) 
Test epoch: 285 | Loss: *0.415* | Acc: *87.970%* (8797/10000)
Train epoch: 286 | Loss: *0.109* | Acc: *96.364%* (48182/50000) 
Test epoch: 286 | Loss: *0.435* | Acc: *87.790%* (8779/10000)
Train epoch: 287 | Loss: *0.107* | Acc: *96.534%* (48267/50000) 
Test epoch: 287 | Loss: *0.673* | Acc: *82.410%* (8241/10000)
Train epoch: 288 | Loss: *0.113* | Acc: *96.126%* (48063/50000) 
Test epoch: 288 | Loss: *0.464* | Acc: *86.490%* (8649/10000)
Train epoch: 289 | Loss: *0.113* | Acc: *96.206%* (48103/50000) 
Test epoch: 289 | Loss: *0.413* | Acc: *87.660%* (8766/10000)
Train epoch: 290 | Loss: *0.120* | Acc: *96.044%* (48022/50000) 
Test epoch: 290 | Loss: *0.432* | Acc: *87.520%* (8752/10000)
Train epoch: 291 | Loss: *0.112* | Acc: *96.288%* (48144/50000) 
Test epoch: 291 | Loss: *0.545* | Acc: *85.190%* (8519/10000)
Train epoch: 292 | Loss: *0.119* | Acc: *96.048%* (48024/50000) 
Test epoch: 292 | Loss: *0.462* | Acc: *86.480%* (8648/10000)
Train epoch: 293 | Loss: *0.121* | Acc: *95.860%* (47930/50000) 
Test epoch: 293 | Loss: *0.465* | Acc: *86.120%* (8612/10000)
Train epoch: 294 | Loss: *0.128* | Acc: *95.530%* (47765/50000) 
Test epoch: 294 | Loss: *0.506* | Acc: *85.790%* (8579/10000)
Train epoch: 295 | Loss: *0.126* | Acc: *95.706%* (47853/50000) 
Test epoch: 295 | Loss: *0.493* | Acc: *85.160%* (8516/10000)
Train epoch: 296 | Loss: *0.131* | Acc: *95.572%* (47786/50000) 
Test epoch: 296 | Loss: *0.372* | Acc: *88.900%* (8890/10000)
Train epoch: 297 | Loss: *0.128* | Acc: *95.766%* (47883/50000) 
Test epoch: 297 | Loss: *0.701* | Acc: *81.410%* (8141/10000)
Train epoch: 298 | Loss: *0.127* | Acc: *95.810%* (47905/50000) 
Test epoch: 298 | Loss: *0.391* | Acc: *88.320%* (8832/10000)
Train epoch: 299 | Loss: *0.131* | Acc: *95.620%* (47810/50000) 
Test epoch: 299 | Loss: *0.438* | Acc: *87.330%* (8733/10000)
Train epoch: 300 | Loss: *0.129* | Acc: *95.676%* (47838/50000) 
Test epoch: 300 | Loss: *0.847* | Acc: *79.130%* (7913/10000)
Train epoch: 301 | Loss: *0.140* | Acc: *95.266%* (47633/50000) 
Test epoch: 301 | Loss: *0.532* | Acc: *85.340%* (8534/10000)
Train epoch: 302 | Loss: *0.139* | Acc: *95.324%* (47662/50000) 
Test epoch: 302 | Loss: *0.476* | Acc: *85.830%* (8583/10000)
Train epoch: 303 | Loss: *0.140* | Acc: *95.284%* (47642/50000) 
Test epoch: 303 | Loss: *0.538* | Acc: *84.700%* (8470/10000)
Train epoch: 304 | Loss: *0.143* | Acc: *95.030%* (47515/50000) 
Test epoch: 304 | Loss: *0.487* | Acc: *86.120%* (8612/10000)
Train epoch: 305 | Loss: *0.139* | Acc: *95.188%* (47594/50000) 
Test epoch: 305 | Loss: *0.456* | Acc: *86.860%* (8686/10000)
Train epoch: 306 | Loss: *0.143* | Acc: *95.164%* (47582/50000) 
Test epoch: 306 | Loss: *0.685* | Acc: *81.070%* (8107/10000)
Train epoch: 307 | Loss: *0.145* | Acc: *95.102%* (47551/50000) 
Test epoch: 307 | Loss: *0.544* | Acc: *85.220%* (8522/10000)
Train epoch: 308 | Loss: *0.143* | Acc: *95.160%* (47580/50000) 
Test epoch: 308 | Loss: *0.670* | Acc: *81.930%* (8193/10000)
Train epoch: 309 | Loss: *0.151* | Acc: *94.902%* (47451/50000) 
Test epoch: 309 | Loss: *1.064* | Acc: *75.080%* (7508/10000)
Train epoch: 310 | Loss: *0.155* | Acc: *94.644%* (47322/50000) 
Test epoch: 310 | Loss: *0.583* | Acc: *84.120%* (8412/10000)
Train epoch: 311 | Loss: *0.157* | Acc: *94.666%* (47333/50000) 
Test epoch: 311 | Loss: *0.460* | Acc: *85.780%* (8578/10000)
Train epoch: 312 | Loss: *0.151* | Acc: *94.824%* (47412/50000) 
Test epoch: 312 | Loss: *0.430* | Acc: *87.250%* (8725/10000)
Train epoch: 313 | Loss: *0.153* | Acc: *94.838%* (47419/50000) 
Test epoch: 313 | Loss: *0.466* | Acc: *86.670%* (8667/10000)
Train epoch: 314 | Loss: *0.160* | Acc: *94.500%* (47250/50000) 
Test epoch: 314 | Loss: *0.382* | Acc: *87.560%* (8756/10000)
Train epoch: 315 | Loss: *0.155* | Acc: *94.730%* (47365/50000) 
Test epoch: 315 | Loss: *0.547* | Acc: *84.220%* (8422/10000)
Train epoch: 316 | Loss: *0.162* | Acc: *94.498%* (47249/50000) 
Test epoch: 316 | Loss: *0.579* | Acc: *83.550%* (8355/10000)
Train epoch: 317 | Loss: *0.164* | Acc: *94.394%* (47197/50000) 
Test epoch: 317 | Loss: *0.461* | Acc: *86.860%* (8686/10000)
Train epoch: 318 | Loss: *0.170* | Acc: *94.170%* (47085/50000) 
Test epoch: 318 | Loss: *0.399* | Acc: *87.170%* (8717/10000)
Train epoch: 319 | Loss: *0.168* | Acc: *94.268%* (47134/50000) 
Test epoch: 319 | Loss: *0.563* | Acc: *84.250%* (8425/10000)
Train epoch: 320 | Loss: *0.164* | Acc: *94.384%* (47192/50000) 
Test epoch: 320 | Loss: *0.584* | Acc: *83.220%* (8322/10000)
Train epoch: 321 | Loss: *0.167* | Acc: *94.286%* (47143/50000) 
Test epoch: 321 | Loss: *0.842* | Acc: *79.690%* (7969/10000)
Train epoch: 322 | Loss: *0.175* | Acc: *93.964%* (46982/50000) 
Test epoch: 322 | Loss: *0.455* | Acc: *85.740%* (8574/10000)
Train epoch: 323 | Loss: *0.171* | Acc: *94.138%* (47069/50000) 
Test epoch: 323 | Loss: *0.572* | Acc: *83.480%* (8348/10000)
Train epoch: 324 | Loss: *0.175* | Acc: *94.004%* (47002/50000) 
Test epoch: 324 | Loss: *0.684* | Acc: *81.780%* (8178/10000)
Train epoch: 325 | Loss: *0.176* | Acc: *93.918%* (46959/50000) 
Test epoch: 325 | Loss: *0.659* | Acc: *81.710%* (8171/10000)
Train epoch: 326 | Loss: *0.176* | Acc: *93.956%* (46978/50000) 
Test epoch: 326 | Loss: *0.533* | Acc: *84.120%* (8412/10000)
Train epoch: 327 | Loss: *0.181* | Acc: *93.764%* (46882/50000) 
Test epoch: 327 | Loss: *0.646* | Acc: *83.420%* (8342/10000)
Train epoch: 328 | Loss: *0.182* | Acc: *93.778%* (46889/50000) 
Test epoch: 328 | Loss: *0.669* | Acc: *82.110%* (8211/10000)
Train epoch: 329 | Loss: *0.179* | Acc: *93.826%* (46913/50000) 
Test epoch: 329 | Loss: *0.393* | Acc: *87.700%* (8770/10000)
Train epoch: 330 | Loss: *0.183* | Acc: *93.794%* (46897/50000) 
Test epoch: 330 | Loss: *0.563* | Acc: *83.850%* (8385/10000)
Train epoch: 331 | Loss: *0.186* | Acc: *93.678%* (46839/50000) 
Test epoch: 331 | Loss: *0.604* | Acc: *82.870%* (8287/10000)
Train epoch: 332 | Loss: *0.190* | Acc: *93.450%* (46725/50000) 
Test epoch: 332 | Loss: *1.234* | Acc: *72.450%* (7245/10000)
Train epoch: 333 | Loss: *0.189* | Acc: *93.604%* (46802/50000) 
Test epoch: 333 | Loss: *0.894* | Acc: *78.130%* (7813/10000)
Train epoch: 334 | Loss: *0.187* | Acc: *93.532%* (46766/50000) 
Test epoch: 334 | Loss: *0.593* | Acc: *82.420%* (8242/10000)
Train epoch: 335 | Loss: *0.195* | Acc: *93.232%* (46616/50000) 
Test epoch: 335 | Loss: *0.391* | Acc: *87.940%* (8794/10000)
Train epoch: 336 | Loss: *0.192* | Acc: *93.434%* (46717/50000) 
Test epoch: 336 | Loss: *0.982* | Acc: *76.580%* (7658/10000)
Train epoch: 337 | Loss: *0.194* | Acc: *93.304%* (46652/50000) 
Test epoch: 337 | Loss: *0.503* | Acc: *84.250%* (8425/10000)
Train epoch: 338 | Loss: *0.200* | Acc: *93.082%* (46541/50000) 
Test epoch: 338 | Loss: *0.557* | Acc: *82.920%* (8292/10000)
Train epoch: 339 | Loss: *0.199* | Acc: *93.138%* (46569/50000) 
Test epoch: 339 | Loss: *0.565* | Acc: *83.320%* (8332/10000)
Train epoch: 340 | Loss: *0.197* | Acc: *93.252%* (46626/50000) 
Test epoch: 340 | Loss: *0.576* | Acc: *82.390%* (8239/10000)
Train epoch: 341 | Loss: *0.197* | Acc: *93.190%* (46595/50000) 
Test epoch: 341 | Loss: *0.827* | Acc: *78.280%* (7828/10000)
Train epoch: 342 | Loss: *0.201* | Acc: *93.160%* (46580/50000) 
Test epoch: 342 | Loss: *0.619* | Acc: *81.510%* (8151/10000)
Train epoch: 343 | Loss: *0.205* | Acc: *93.004%* (46502/50000) 
Test epoch: 343 | Loss: *0.645* | Acc: *82.170%* (8217/10000)
Train epoch: 344 | Loss: *0.202* | Acc: *93.118%* (46559/50000) 
Test epoch: 344 | Loss: *0.658* | Acc: *81.930%* (8193/10000)
Train epoch: 345 | Loss: *0.203* | Acc: *92.994%* (46497/50000) 
Test epoch: 345 | Loss: *0.704* | Acc: *80.820%* (8082/10000)
Train epoch: 346 | Loss: *0.206* | Acc: *92.958%* (46479/50000) 
Test epoch: 346 | Loss: *0.664* | Acc: *81.900%* (8190/10000)
Train epoch: 347 | Loss: *0.208* | Acc: *92.796%* (46398/50000) 
Test epoch: 347 | Loss: *0.659* | Acc: *81.140%* (8114/10000)
Train epoch: 348 | Loss: *0.208* | Acc: *92.810%* (46405/50000) 
Test epoch: 348 | Loss: *0.864* | Acc: *76.790%* (7679/10000)
Train epoch: 349 | Loss: *0.211* | Acc: *92.766%* (46383/50000) 
Test epoch: 349 | Loss: *0.534* | Acc: *83.660%* (8366/10000)
Train epoch: 350 | Loss: *0.211* | Acc: *92.776%* (46388/50000) 
Test epoch: 350 | Loss: *0.747* | Acc: *79.750%* (7975/10000)
Train epoch: 351 | Loss: *0.205* | Acc: *92.950%* (46475/50000) 
Test epoch: 351 | Loss: *0.434* | Acc: *86.160%* (8616/10000)
Train epoch: 352 | Loss: *0.212* | Acc: *92.770%* (46385/50000) 
Test epoch: 352 | Loss: *0.879* | Acc: *77.430%* (7743/10000)
Train epoch: 353 | Loss: *0.207* | Acc: *92.900%* (46450/50000) 
Test epoch: 353 | Loss: *1.171* | Acc: *71.760%* (7176/10000)
Train epoch: 354 | Loss: *0.214* | Acc: *92.754%* (46377/50000) 
Test epoch: 354 | Loss: *0.539* | Acc: *83.940%* (8394/10000)
Train epoch: 355 | Loss: *0.217* | Acc: *92.496%* (46248/50000) 
Test epoch: 355 | Loss: *0.479* | Acc: *85.530%* (8553/10000)
Train epoch: 356 | Loss: *0.215* | Acc: *92.604%* (46302/50000) 
Test epoch: 356 | Loss: *0.633* | Acc: *81.730%* (8173/10000)
Train epoch: 357 | Loss: *0.214* | Acc: *92.658%* (46329/50000) 
Test epoch: 357 | Loss: *0.605* | Acc: *82.450%* (8245/10000)
Train epoch: 358 | Loss: *0.216* | Acc: *92.604%* (46302/50000) 
Test epoch: 358 | Loss: *0.649* | Acc: *81.300%* (8130/10000)
Train epoch: 359 | Loss: *0.221* | Acc: *92.300%* (46150/50000) 
Test epoch: 359 | Loss: *0.966* | Acc: *76.280%* (7628/10000)
Train epoch: 360 | Loss: *0.216* | Acc: *92.514%* (46257/50000) 
Test epoch: 360 | Loss: *1.020* | Acc: *74.910%* (7491/10000)
Train epoch: 361 | Loss: *0.221* | Acc: *92.602%* (46301/50000) 
Test epoch: 361 | Loss: *0.566* | Acc: *83.400%* (8340/10000)
Train epoch: 362 | Loss: *0.220* | Acc: *92.402%* (46201/50000) 
Test epoch: 362 | Loss: *0.780* | Acc: *77.570%* (7757/10000)
Train epoch: 363 | Loss: *0.223* | Acc: *92.252%* (46126/50000) 
Test epoch: 363 | Loss: *0.520* | Acc: *83.480%* (8348/10000)
Train epoch: 364 | Loss: *0.222* | Acc: *92.388%* (46194/50000) 
Test epoch: 364 | Loss: *0.653* | Acc: *82.410%* (8241/10000)
Train epoch: 365 | Loss: *0.223* | Acc: *92.382%* (46191/50000) 
Test epoch: 365 | Loss: *0.703* | Acc: *80.500%* (8050/10000)
Train epoch: 366 | Loss: *0.222* | Acc: *92.402%* (46201/50000) 
Test epoch: 366 | Loss: *0.545* | Acc: *83.530%* (8353/10000)
Train epoch: 367 | Loss: *0.227* | Acc: *92.264%* (46132/50000) 
Test epoch: 367 | Loss: *0.437* | Acc: *86.480%* (8648/10000)
Train epoch: 368 | Loss: *0.227* | Acc: *92.108%* (46054/50000) 
Test epoch: 368 | Loss: *0.494* | Acc: *84.310%* (8431/10000)
Train epoch: 369 | Loss: *0.226* | Acc: *92.302%* (46151/50000) 
Test epoch: 369 | Loss: *0.606* | Acc: *83.200%* (8320/10000)
Train epoch: 370 | Loss: *0.227* | Acc: *92.234%* (46117/50000) 
Test epoch: 370 | Loss: *0.798* | Acc: *78.600%* (7860/10000)
Train epoch: 371 | Loss: *0.226* | Acc: *92.230%* (46115/50000) 
Test epoch: 371 | Loss: *0.625* | Acc: *82.470%* (8247/10000)
Train epoch: 372 | Loss: *0.229* | Acc: *92.100%* (46050/50000) 
Test epoch: 372 | Loss: *0.581* | Acc: *82.750%* (8275/10000)
Train epoch: 373 | Loss: *0.228* | Acc: *92.146%* (46073/50000) 
Test epoch: 373 | Loss: *0.582* | Acc: *81.590%* (8159/10000)
Train epoch: 374 | Loss: *0.227* | Acc: *92.108%* (46054/50000) 
Test epoch: 374 | Loss: *0.506* | Acc: *84.190%* (8419/10000)
Train epoch: 375 | Loss: *0.231* | Acc: *91.922%* (45961/50000) 
Test epoch: 375 | Loss: *0.524* | Acc: *84.420%* (8442/10000)
Train epoch: 376 | Loss: *0.230* | Acc: *92.080%* (46040/50000) 
Test epoch: 376 | Loss: *0.469* | Acc: *86.020%* (8602/10000)
Train epoch: 377 | Loss: *0.232* | Acc: *92.156%* (46078/50000) 
Test epoch: 377 | Loss: *0.671* | Acc: *80.410%* (8041/10000)
Train epoch: 378 | Loss: *0.228* | Acc: *92.236%* (46118/50000) 
Test epoch: 378 | Loss: *0.473* | Acc: *84.860%* (8486/10000)
Train epoch: 379 | Loss: *0.234* | Acc: *91.838%* (45919/50000) 
Test epoch: 379 | Loss: *0.567* | Acc: *82.620%* (8262/10000)
Train epoch: 380 | Loss: *0.231* | Acc: *92.028%* (46014/50000) 
Test epoch: 380 | Loss: *0.814* | Acc: *77.910%* (7791/10000)
Train epoch: 381 | Loss: *0.234* | Acc: *91.860%* (45930/50000) 
Test epoch: 381 | Loss: *0.669* | Acc: *81.950%* (8195/10000)
Train epoch: 382 | Loss: *0.234* | Acc: *91.906%* (45953/50000) 
Test epoch: 382 | Loss: *0.456* | Acc: *85.530%* (8553/10000)
Train epoch: 383 | Loss: *0.235* | Acc: *91.926%* (45963/50000) 
Test epoch: 383 | Loss: *0.403* | Acc: *86.920%* (8692/10000)
Train epoch: 384 | Loss: *0.232* | Acc: *92.044%* (46022/50000) 
Test epoch: 384 | Loss: *0.596* | Acc: *82.190%* (8219/10000)
Train epoch: 385 | Loss: *0.236* | Acc: *91.878%* (45939/50000) 
Test epoch: 385 | Loss: *0.554* | Acc: *83.180%* (8318/10000)
Train epoch: 386 | Loss: *0.232* | Acc: *92.076%* (46038/50000) 
Test epoch: 386 | Loss: *0.569* | Acc: *83.620%* (8362/10000)
Train epoch: 387 | Loss: *0.233* | Acc: *91.888%* (45944/50000) 
Test epoch: 387 | Loss: *0.466* | Acc: *84.690%* (8469/10000)
Train epoch: 388 | Loss: *0.231* | Acc: *91.980%* (45990/50000) 
Test epoch: 388 | Loss: *0.911* | Acc: *75.960%* (7596/10000)
Train epoch: 389 | Loss: *0.235* | Acc: *91.950%* (45975/50000) 
Test epoch: 389 | Loss: *0.556* | Acc: *82.730%* (8273/10000)
Train epoch: 390 | Loss: *0.238* | Acc: *91.774%* (45887/50000) 
Test epoch: 390 | Loss: *0.946* | Acc: *76.020%* (7602/10000)
Train epoch: 391 | Loss: *0.234* | Acc: *92.038%* (46019/50000) 
Test epoch: 391 | Loss: *0.417* | Acc: *86.410%* (8641/10000)
Train epoch: 392 | Loss: *0.234* | Acc: *91.852%* (45926/50000) 
Test epoch: 392 | Loss: *0.557* | Acc: *82.530%* (8253/10000)
Train epoch: 393 | Loss: *0.236* | Acc: *91.822%* (45911/50000) 
Test epoch: 393 | Loss: *0.787* | Acc: *78.820%* (7882/10000)
Train epoch: 394 | Loss: *0.237* | Acc: *92.018%* (46009/50000) 
Test epoch: 394 | Loss: *0.876* | Acc: *76.680%* (7668/10000)
Train epoch: 395 | Loss: *0.233* | Acc: *92.030%* (46015/50000) 
Test epoch: 395 | Loss: *0.761* | Acc: *76.780%* (7678/10000)
Train epoch: 396 | Loss: *0.236* | Acc: *91.860%* (45930/50000) 
Test epoch: 396 | Loss: *0.554* | Acc: *82.740%* (8274/10000)
Train epoch: 397 | Loss: *0.237* | Acc: *91.886%* (45943/50000) 
Test epoch: 397 | Loss: *0.419* | Acc: *86.740%* (8674/10000)
Train epoch: 398 | Loss: *0.234* | Acc: *92.080%* (46040/50000) 
Test epoch: 398 | Loss: *0.767* | Acc: *77.200%* (7720/10000)
Train epoch: 399 | Loss: *0.237* | Acc: *91.856%* (45928/50000) 
Test epoch: 399 | Loss: *1.036* | Acc: *74.910%* (7491/10000)
Train epoch: 400 | Loss: *0.239* | Acc: *91.820%* (45910/50000) 
Test epoch: 400 | Loss: *0.805* | Acc: *77.160%* (7716/10000)
Train epoch: 401 | Loss: *0.237* | Acc: *91.836%* (45918/50000) 
Test epoch: 401 | Loss: *0.731* | Acc: *78.970%* (7897/10000)
Train epoch: 402 | Loss: *0.235* | Acc: *91.906%* (45953/50000) 
Test epoch: 402 | Loss: *0.745* | Acc: *79.750%* (7975/10000)
Train epoch: 403 | Loss: *0.237* | Acc: *91.834%* (45917/50000) 
Test epoch: 403 | Loss: *0.534* | Acc: *83.470%* (8347/10000)
Train epoch: 404 | Loss: *0.236* | Acc: *91.856%* (45928/50000) 
Test epoch: 404 | Loss: *0.672* | Acc: *80.800%* (8080/10000)
Train epoch: 405 | Loss: *0.236* | Acc: *91.762%* (45881/50000) 
Test epoch: 405 | Loss: *0.547* | Acc: *83.380%* (8338/10000)
Train epoch: 406 | Loss: *0.234* | Acc: *91.978%* (45989/50000) 
Test epoch: 406 | Loss: *0.491* | Acc: *84.160%* (8416/10000)
Train epoch: 407 | Loss: *0.236* | Acc: *91.938%* (45969/50000) 
Test epoch: 407 | Loss: *0.485* | Acc: *84.240%* (8424/10000)
Train epoch: 408 | Loss: *0.232* | Acc: *92.066%* (46033/50000) 
Test epoch: 408 | Loss: *0.421* | Acc: *86.550%* (8655/10000)
Train epoch: 409 | Loss: *0.238* | Acc: *91.848%* (45924/50000) 
Test epoch: 409 | Loss: *0.507* | Acc: *84.500%* (8450/10000)
Train epoch: 410 | Loss: *0.233* | Acc: *92.074%* (46037/50000) 
Test epoch: 410 | Loss: *0.599* | Acc: *82.210%* (8221/10000)
Train epoch: 411 | Loss: *0.236* | Acc: *91.806%* (45903/50000) 
Test epoch: 411 | Loss: *0.613* | Acc: *82.310%* (8231/10000)
Train epoch: 412 | Loss: *0.232* | Acc: *92.026%* (46013/50000) 
Test epoch: 412 | Loss: *0.528* | Acc: *84.130%* (8413/10000)
Train epoch: 413 | Loss: *0.234* | Acc: *91.832%* (45916/50000) 
Test epoch: 413 | Loss: *0.500* | Acc: *84.210%* (8421/10000)
Train epoch: 414 | Loss: *0.236* | Acc: *91.774%* (45887/50000) 
Test epoch: 414 | Loss: *0.749* | Acc: *79.330%* (7933/10000)
Train epoch: 415 | Loss: *0.231* | Acc: *91.960%* (45980/50000) 
Test epoch: 415 | Loss: *0.477* | Acc: *84.690%* (8469/10000)
Train epoch: 416 | Loss: *0.233* | Acc: *91.982%* (45991/50000) 
Test epoch: 416 | Loss: *0.473* | Acc: *85.170%* (8517/10000)
Train epoch: 417 | Loss: *0.230* | Acc: *92.174%* (46087/50000) 
Test epoch: 417 | Loss: *0.401* | Acc: *87.060%* (8706/10000)
Train epoch: 418 | Loss: *0.234* | Acc: *91.972%* (45986/50000) 
Test epoch: 418 | Loss: *0.570* | Acc: *82.550%* (8255/10000)
Train epoch: 419 | Loss: *0.233* | Acc: *91.966%* (45983/50000) 
Test epoch: 419 | Loss: *0.755* | Acc: *79.310%* (7931/10000)
Train epoch: 420 | Loss: *0.230* | Acc: *92.080%* (46040/50000) 
Test epoch: 420 | Loss: *0.621* | Acc: *82.320%* (8232/10000)
Train epoch: 421 | Loss: *0.229* | Acc: *92.134%* (46067/50000) 
Test epoch: 421 | Loss: *0.448* | Acc: *85.910%* (8591/10000)
Train epoch: 422 | Loss: *0.227* | Acc: *92.190%* (46095/50000) 
Test epoch: 422 | Loss: *0.696* | Acc: *80.300%* (8030/10000)
Train epoch: 423 | Loss: *0.229* | Acc: *92.018%* (46009/50000) 
Test epoch: 423 | Loss: *0.409* | Acc: *86.830%* (8683/10000)
Train epoch: 424 | Loss: *0.231* | Acc: *92.074%* (46037/50000) 
Test epoch: 424 | Loss: *0.644* | Acc: *81.900%* (8190/10000)
Train epoch: 425 | Loss: *0.228* | Acc: *92.186%* (46093/50000) 
Test epoch: 425 | Loss: *0.514* | Acc: *84.180%* (8418/10000)
Train epoch: 426 | Loss: *0.226* | Acc: *92.236%* (46118/50000) 
Test epoch: 426 | Loss: *0.543* | Acc: *83.610%* (8361/10000)
Train epoch: 427 | Loss: *0.232* | Acc: *92.060%* (46030/50000) 
Test epoch: 427 | Loss: *0.586* | Acc: *82.270%* (8227/10000)
Train epoch: 428 | Loss: *0.226* | Acc: *92.260%* (46130/50000) 
Test epoch: 428 | Loss: *0.814* | Acc: *78.320%* (7832/10000)
Train epoch: 429 | Loss: *0.227* | Acc: *92.174%* (46087/50000) 
Test epoch: 429 | Loss: *0.437* | Acc: *85.640%* (8564/10000)
Train epoch: 430 | Loss: *0.226* | Acc: *92.282%* (46141/50000) 
Test epoch: 430 | Loss: *0.402* | Acc: *86.270%* (8627/10000)
Train epoch: 431 | Loss: *0.226* | Acc: *92.228%* (46114/50000) 
Test epoch: 431 | Loss: *0.429* | Acc: *86.450%* (8645/10000)
Train epoch: 432 | Loss: *0.223* | Acc: *92.290%* (46145/50000) 
Test epoch: 432 | Loss: *0.669* | Acc: *81.060%* (8106/10000)
Train epoch: 433 | Loss: *0.221* | Acc: *92.406%* (46203/50000) 
Test epoch: 433 | Loss: *0.550* | Acc: *83.200%* (8320/10000)
Train epoch: 434 | Loss: *0.218* | Acc: *92.536%* (46268/50000) 
Test epoch: 434 | Loss: *0.818* | Acc: *77.730%* (7773/10000)
Train epoch: 435 | Loss: *0.221* | Acc: *92.306%* (46153/50000) 
Test epoch: 435 | Loss: *0.720* | Acc: *81.060%* (8106/10000)
Train epoch: 436 | Loss: *0.219* | Acc: *92.482%* (46241/50000) 
Test epoch: 436 | Loss: *0.495* | Acc: *84.040%* (8404/10000)
Train epoch: 437 | Loss: *0.218* | Acc: *92.530%* (46265/50000) 
Test epoch: 437 | Loss: *0.580* | Acc: *82.890%* (8289/10000)
Train epoch: 438 | Loss: *0.216* | Acc: *92.558%* (46279/50000) 
Test epoch: 438 | Loss: *0.575* | Acc: *82.870%* (8287/10000)
Train epoch: 439 | Loss: *0.216* | Acc: *92.634%* (46317/50000) 
Test epoch: 439 | Loss: *0.443* | Acc: *86.240%* (8624/10000)
Train epoch: 440 | Loss: *0.219* | Acc: *92.386%* (46193/50000) 
Test epoch: 440 | Loss: *0.653* | Acc: *82.080%* (8208/10000)
Train epoch: 441 | Loss: *0.216* | Acc: *92.636%* (46318/50000) 
Test epoch: 441 | Loss: *0.519* | Acc: *84.200%* (8420/10000)
Train epoch: 442 | Loss: *0.213* | Acc: *92.564%* (46282/50000) 
Test epoch: 442 | Loss: *0.570* | Acc: *83.240%* (8324/10000)
Train epoch: 443 | Loss: *0.214* | Acc: *92.732%* (46366/50000) 
Test epoch: 443 | Loss: *0.410* | Acc: *87.070%* (8707/10000)
Train epoch: 444 | Loss: *0.216* | Acc: *92.714%* (46357/50000) 
Test epoch: 444 | Loss: *0.727* | Acc: *78.880%* (7888/10000)
Train epoch: 445 | Loss: *0.209* | Acc: *92.724%* (46362/50000) 
Test epoch: 445 | Loss: *0.668* | Acc: *81.440%* (8144/10000)
Train epoch: 446 | Loss: *0.211* | Acc: *92.854%* (46427/50000) 
Test epoch: 446 | Loss: *1.444* | Acc: *67.100%* (6710/10000)
Train epoch: 447 | Loss: *0.213* | Acc: *92.738%* (46369/50000) 
Test epoch: 447 | Loss: *0.478* | Acc: *85.020%* (8502/10000)
Train epoch: 448 | Loss: *0.209* | Acc: *92.862%* (46431/50000) 
Test epoch: 448 | Loss: *0.516* | Acc: *84.300%* (8430/10000)
Train epoch: 449 | Loss: *0.209* | Acc: *92.702%* (46351/50000) 
Test epoch: 449 | Loss: *0.435* | Acc: *85.980%* (8598/10000)
Train epoch: 450 | Loss: *0.207* | Acc: *92.938%* (46469/50000) 
Test epoch: 450 | Loss: *0.603* | Acc: *81.850%* (8185/10000)
Train epoch: 451 | Loss: *0.206* | Acc: *92.958%* (46479/50000) 
Test epoch: 451 | Loss: *0.548* | Acc: *83.530%* (8353/10000)
Train epoch: 452 | Loss: *0.202* | Acc: *93.034%* (46517/50000) 
Test epoch: 452 | Loss: *0.647* | Acc: *81.350%* (8135/10000)
Train epoch: 453 | Loss: *0.200* | Acc: *93.208%* (46604/50000) 
Test epoch: 453 | Loss: *0.651* | Acc: *82.240%* (8224/10000)
Train epoch: 454 | Loss: *0.205* | Acc: *93.002%* (46501/50000) 
Test epoch: 454 | Loss: *0.424* | Acc: *86.620%* (8662/10000)
Train epoch: 455 | Loss: *0.197* | Acc: *93.112%* (46556/50000) 
Test epoch: 455 | Loss: *0.541* | Acc: *84.150%* (8415/10000)
Train epoch: 456 | Loss: *0.200* | Acc: *93.110%* (46555/50000) 
Test epoch: 456 | Loss: *0.416* | Acc: *86.610%* (8661/10000)
Train epoch: 457 | Loss: *0.196* | Acc: *93.362%* (46681/50000) 
Test epoch: 457 | Loss: *0.492* | Acc: *85.510%* (8551/10000)
Train epoch: 458 | Loss: *0.194* | Acc: *93.336%* (46668/50000) 
Test epoch: 458 | Loss: *0.544* | Acc: *83.240%* (8324/10000)
Train epoch: 459 | Loss: *0.200* | Acc: *93.066%* (46533/50000) 
Test epoch: 459 | Loss: *0.411* | Acc: *86.970%* (8697/10000)
Train epoch: 460 | Loss: *0.190* | Acc: *93.518%* (46759/50000) 
Test epoch: 460 | Loss: *0.953* | Acc: *76.030%* (7603/10000)
Train epoch: 461 | Loss: *0.192* | Acc: *93.516%* (46758/50000) 
Test epoch: 461 | Loss: *0.474* | Acc: *85.700%* (8570/10000)
Train epoch: 462 | Loss: *0.187* | Acc: *93.674%* (46837/50000) 
Test epoch: 462 | Loss: *0.610* | Acc: *83.290%* (8329/10000)
Train epoch: 463 | Loss: *0.189* | Acc: *93.590%* (46795/50000) 
Test epoch: 463 | Loss: *0.484* | Acc: *85.880%* (8588/10000)
Train epoch: 464 | Loss: *0.188* | Acc: *93.538%* (46769/50000) 
Test epoch: 464 | Loss: *0.476* | Acc: *85.340%* (8534/10000)
Train epoch: 465 | Loss: *0.183* | Acc: *93.704%* (46852/50000) 
Test epoch: 465 | Loss: *0.398* | Acc: *87.780%* (8778/10000)
Train epoch: 466 | Loss: *0.186* | Acc: *93.646%* (46823/50000) 
Test epoch: 466 | Loss: *0.480* | Acc: *85.220%* (8522/10000)
Train epoch: 467 | Loss: *0.181* | Acc: *93.726%* (46863/50000) 
Test epoch: 467 | Loss: *0.777* | Acc: *79.280%* (7928/10000)
Train epoch: 468 | Loss: *0.180* | Acc: *93.788%* (46894/50000) 
Test epoch: 468 | Loss: *0.388* | Acc: *87.780%* (8778/10000)
Train epoch: 469 | Loss: *0.180* | Acc: *93.848%* (46924/50000) 
Test epoch: 469 | Loss: *0.553* | Acc: *83.910%* (8391/10000)
Train epoch: 470 | Loss: *0.179* | Acc: *93.930%* (46965/50000) 
Test epoch: 470 | Loss: *0.392* | Acc: *87.530%* (8753/10000)
Train epoch: 471 | Loss: *0.173* | Acc: *94.110%* (47055/50000) 
Test epoch: 471 | Loss: *0.426* | Acc: *86.650%* (8665/10000)
Train epoch: 472 | Loss: *0.177* | Acc: *93.810%* (46905/50000) 
Test epoch: 472 | Loss: *0.447* | Acc: *85.560%* (8556/10000)
Train epoch: 473 | Loss: *0.173* | Acc: *94.204%* (47102/50000) 
Test epoch: 473 | Loss: *0.370* | Acc: *88.180%* (8818/10000)
Train epoch: 474 | Loss: *0.172* | Acc: *94.146%* (47073/50000) 
Test epoch: 474 | Loss: *0.428* | Acc: *87.340%* (8734/10000)
Train epoch: 475 | Loss: *0.171* | Acc: *94.110%* (47055/50000) 
Test epoch: 475 | Loss: *0.562* | Acc: *84.220%* (8422/10000)
Train epoch: 476 | Loss: *0.166* | Acc: *94.330%* (47165/50000) 
Test epoch: 476 | Loss: *0.417* | Acc: *87.720%* (8772/10000)
Train epoch: 477 | Loss: *0.165* | Acc: *94.404%* (47202/50000) 
Test epoch: 477 | Loss: *0.468* | Acc: *86.140%* (8614/10000)
Train epoch: 478 | Loss: *0.163* | Acc: *94.462%* (47231/50000) 
Test epoch: 478 | Loss: *0.417* | Acc: *87.640%* (8764/10000)
Train epoch: 479 | Loss: *0.167* | Acc: *94.208%* (47104/50000) 
Test epoch: 479 | Loss: *0.522* | Acc: *84.500%* (8450/10000)
Train epoch: 480 | Loss: *0.161* | Acc: *94.460%* (47230/50000) 
Test epoch: 480 | Loss: *0.474* | Acc: *86.100%* (8610/10000)
Train epoch: 481 | Loss: *0.160* | Acc: *94.546%* (47273/50000) 
Test epoch: 481 | Loss: *0.475* | Acc: *85.630%* (8563/10000)
Train epoch: 482 | Loss: *0.155* | Acc: *94.770%* (47385/50000) 
Test epoch: 482 | Loss: *0.455* | Acc: *85.760%* (8576/10000)
Train epoch: 483 | Loss: *0.154* | Acc: *94.656%* (47328/50000) 
Test epoch: 483 | Loss: *0.439* | Acc: *87.440%* (8744/10000)
Train epoch: 484 | Loss: *0.153* | Acc: *94.720%* (47360/50000) 
Test epoch: 484 | Loss: *0.429* | Acc: *86.840%* (8684/10000)
Train epoch: 485 | Loss: *0.151* | Acc: *94.898%* (47449/50000) 
Test epoch: 485 | Loss: *0.372* | Acc: *88.250%* (8825/10000)
Train epoch: 486 | Loss: *0.151* | Acc: *94.842%* (47421/50000) 
Test epoch: 486 | Loss: *0.423* | Acc: *86.910%* (8691/10000)
Train epoch: 487 | Loss: *0.150* | Acc: *94.908%* (47454/50000) 
Test epoch: 487 | Loss: *0.583* | Acc: *84.390%* (8439/10000)
Train epoch: 488 | Loss: *0.147* | Acc: *95.002%* (47501/50000) 
Test epoch: 488 | Loss: *0.506* | Acc: *85.270%* (8527/10000)
Train epoch: 489 | Loss: *0.143* | Acc: *95.138%* (47569/50000) 
Test epoch: 489 | Loss: *0.422* | Acc: *87.910%* (8791/10000)
Train epoch: 490 | Loss: *0.139* | Acc: *95.300%* (47650/50000) 
Test epoch: 490 | Loss: *0.399* | Acc: *87.510%* (8751/10000)
Train epoch: 491 | Loss: *0.138* | Acc: *95.296%* (47648/50000) 
Test epoch: 491 | Loss: *0.521* | Acc: *85.050%* (8505/10000)
Train epoch: 492 | Loss: *0.138* | Acc: *95.264%* (47632/50000) 
Test epoch: 492 | Loss: *0.450* | Acc: *85.870%* (8587/10000)
Train epoch: 493 | Loss: *0.135* | Acc: *95.414%* (47707/50000) 
Test epoch: 493 | Loss: *0.486* | Acc: *86.850%* (8685/10000)
Train epoch: 494 | Loss: *0.134* | Acc: *95.440%* (47720/50000) 
Test epoch: 494 | Loss: *0.430* | Acc: *86.390%* (8639/10000)
Train epoch: 495 | Loss: *0.130* | Acc: *95.570%* (47785/50000) 
Test epoch: 495 | Loss: *0.593* | Acc: *83.320%* (8332/10000)
Train epoch: 496 | Loss: *0.128* | Acc: *95.718%* (47859/50000) 
Test epoch: 496 | Loss: *0.392* | Acc: *87.860%* (8786/10000)
Train epoch: 497 | Loss: *0.125* | Acc: *95.772%* (47886/50000) 
Test epoch: 497 | Loss: *0.579* | Acc: *84.040%* (8404/10000)
Train epoch: 498 | Loss: *0.125* | Acc: *95.750%* (47875/50000) 
Test epoch: 498 | Loss: *0.319* | Acc: *89.980%* (8998/10000)
Train epoch: 499 | Loss: *0.126* | Acc: *95.804%* (47902/50000) 
Test epoch: 499 | Loss: *0.427* | Acc: *87.300%* (8730/10000)
Train epoch: 500 | Loss: *0.122* | Acc: *95.964%* (47982/50000) 
Test epoch: 500 | Loss: *0.445* | Acc: *86.990%* (8699/10000)
Best test accuracy: *93.730%*, loss: *0.21063919968903064*, at epoch: *202*.
==> Execution time summary of 500 epoch(s).
Train data loading time: sum. *240.85930397268385* secs | avg. *0.4817186079453677* secs per epoch.
Train training time: sum. *1253.6096596419811* secs | avg. *2.5072193192839625* secs per epoch.
Train total time: sum. *1494.468963614665* secs | avg. *2.98893792722933* secs per epoch.
Test data loading time: sum. *98.89408111944795* secs | avg. *0.1977881622388959* secs per epoch.
Test training time: sum. *92.20631721615791* secs | avg. *0.18441263443231581* secs per epoch.
Test total time: sum. *191.10039833560586* secs | avg. *0.3822007966712117* secs per epoch.
Total data loading time: sum. *339.7533850921318* secs | avg. *0.6795067701842636* secs per epoch.
Total training time: sum. *1345.815976858139* secs | avg. *2.691631953716278* secs per epoch.
Total running time: sum. *1685.5693619502708* secs | avg. *3.3711387239005415* secs per epoch.
==> Number of GPU device: 1
==> Device 0 Memory Usage
==> Allocated: 0.1 GB
==> Cached:    1.2 GB
==> Maximum: 1.2 GB
