==> Running on : cuda
==> Number of CPU: 48
==> Number of workers: 2
==> #Epochs: 500, #Layers: 4, #Blocks: [2, 1, 1, 1], In channel: 64, Input layer conv kernel: 11x11, Residual layer conv kernel 3x3, Skip kernel: 1x1, Input layer conv padding: 5, Residual layer conv padding: 1
==> Optimizer is SGD
==> Momentum: 0.9
==> Learning rate: 0.1
==> Weight decay: 0.0005
==>Trainable Parameters: 4998730
==>Other Parameters: 0
==>Augmentation: RandomCrop(32, padding=4), RandomHorizontalFlip(), Normalize((0.4914, 0.4822, 0.4465), (0.2023, 0.1994, 0.2010)
Files already downloaded and verified
Train epoch: 1 | Loss: *1.717* | Acc: *36.440%* (18220/50000) 
Test epoch: 1 | Loss: *1.487* | Acc: *44.430%* (4443/10000)
Train epoch: 2 | Loss: *1.351* | Acc: *50.640%* (25320/50000) 
Test epoch: 2 | Loss: *1.343* | Acc: *51.530%* (5153/10000)
Train epoch: 3 | Loss: *1.066* | Acc: *61.714%* (30857/50000) 
Test epoch: 3 | Loss: *1.206* | Acc: *59.530%* (5953/10000)
Train epoch: 4 | Loss: *0.852* | Acc: *70.010%* (35005/50000) 
Test epoch: 4 | Loss: *0.875* | Acc: *69.890%* (6989/10000)
Train epoch: 5 | Loss: *0.721* | Acc: *75.010%* (37505/50000) 
Test epoch: 5 | Loss: *0.732* | Acc: *74.330%* (7433/10000)
Train epoch: 6 | Loss: *0.643* | Acc: *77.796%* (38898/50000) 
Test epoch: 6 | Loss: *0.914* | Acc: *72.070%* (7207/10000)
Train epoch: 7 | Loss: *0.589* | Acc: *79.496%* (39748/50000) 
Test epoch: 7 | Loss: *0.663* | Acc: *77.490%* (7749/10000)
Train epoch: 8 | Loss: *0.552* | Acc: *80.886%* (40443/50000) 
Test epoch: 8 | Loss: *0.641* | Acc: *77.950%* (7795/10000)
Train epoch: 9 | Loss: *0.530* | Acc: *81.808%* (40904/50000) 
Test epoch: 9 | Loss: *0.859* | Acc: *72.630%* (7263/10000)
Train epoch: 10 | Loss: *0.502* | Acc: *82.762%* (41381/50000) 
Test epoch: 10 | Loss: *0.598* | Acc: *79.920%* (7992/10000)
Train epoch: 11 | Loss: *0.489* | Acc: *82.998%* (41499/50000) 
Test epoch: 11 | Loss: *0.834* | Acc: *72.730%* (7273/10000)
Train epoch: 12 | Loss: *0.475* | Acc: *83.688%* (41844/50000) 
Test epoch: 12 | Loss: *0.990* | Acc: *69.930%* (6993/10000)
Train epoch: 13 | Loss: *0.459* | Acc: *84.274%* (42137/50000) 
Test epoch: 13 | Loss: *0.825* | Acc: *74.230%* (7423/10000)
Train epoch: 14 | Loss: *0.452* | Acc: *84.468%* (42234/50000) 
Test epoch: 14 | Loss: *0.545* | Acc: *81.360%* (8136/10000)
Train epoch: 15 | Loss: *0.442* | Acc: *84.652%* (42326/50000) 
Test epoch: 15 | Loss: *0.803* | Acc: *74.870%* (7487/10000)
Train epoch: 16 | Loss: *0.438* | Acc: *84.824%* (42412/50000) 
Test epoch: 16 | Loss: *0.493* | Acc: *83.640%* (8364/10000)
Train epoch: 17 | Loss: *0.432* | Acc: *84.972%* (42486/50000) 
Test epoch: 17 | Loss: *0.635* | Acc: *79.260%* (7926/10000)
Train epoch: 18 | Loss: *0.422* | Acc: *85.504%* (42752/50000) 
Test epoch: 18 | Loss: *0.511* | Acc: *82.830%* (8283/10000)
Train epoch: 19 | Loss: *0.417* | Acc: *85.552%* (42776/50000) 
Test epoch: 19 | Loss: *0.536* | Acc: *81.530%* (8153/10000)
Train epoch: 20 | Loss: *0.404* | Acc: *86.098%* (43049/50000) 
Test epoch: 20 | Loss: *0.455* | Acc: *84.840%* (8484/10000)
Train epoch: 21 | Loss: *0.404* | Acc: *85.954%* (42977/50000) 
Test epoch: 21 | Loss: *0.569* | Acc: *80.860%* (8086/10000)
Train epoch: 22 | Loss: *0.402* | Acc: *86.104%* (43052/50000) 
Test epoch: 22 | Loss: *0.665* | Acc: *78.620%* (7862/10000)
Train epoch: 23 | Loss: *0.395* | Acc: *86.468%* (43234/50000) 
Test epoch: 23 | Loss: *0.448* | Acc: *84.780%* (8478/10000)
Train epoch: 24 | Loss: *0.391* | Acc: *86.484%* (43242/50000) 
Test epoch: 24 | Loss: *0.579* | Acc: *81.260%* (8126/10000)
Train epoch: 25 | Loss: *0.395* | Acc: *86.496%* (43248/50000) 
Test epoch: 25 | Loss: *0.642* | Acc: *79.600%* (7960/10000)
Train epoch: 26 | Loss: *0.390* | Acc: *86.586%* (43293/50000) 
Test epoch: 26 | Loss: *0.519* | Acc: *82.480%* (8248/10000)
Train epoch: 27 | Loss: *0.384* | Acc: *86.722%* (43361/50000) 
Test epoch: 27 | Loss: *0.617* | Acc: *80.360%* (8036/10000)
Train epoch: 28 | Loss: *0.383* | Acc: *86.920%* (43460/50000) 
Test epoch: 28 | Loss: *0.534* | Acc: *82.930%* (8293/10000)
Train epoch: 29 | Loss: *0.380* | Acc: *86.810%* (43405/50000) 
Test epoch: 29 | Loss: *0.621* | Acc: *79.700%* (7970/10000)
Train epoch: 30 | Loss: *0.375* | Acc: *87.040%* (43520/50000) 
Test epoch: 30 | Loss: *0.555* | Acc: *82.580%* (8258/10000)
Train epoch: 31 | Loss: *0.373* | Acc: *87.142%* (43571/50000) 
Test epoch: 31 | Loss: *0.565* | Acc: *81.290%* (8129/10000)
Train epoch: 32 | Loss: *0.372* | Acc: *87.314%* (43657/50000) 
Test epoch: 32 | Loss: *1.340* | Acc: *68.070%* (6807/10000)
Train epoch: 33 | Loss: *0.372* | Acc: *87.130%* (43565/50000) 
Test epoch: 33 | Loss: *0.553* | Acc: *81.630%* (8163/10000)
Train epoch: 34 | Loss: *0.368* | Acc: *87.328%* (43664/50000) 
Test epoch: 34 | Loss: *0.573* | Acc: *81.370%* (8137/10000)
Train epoch: 35 | Loss: *0.363* | Acc: *87.516%* (43758/50000) 
Test epoch: 35 | Loss: *0.515* | Acc: *82.800%* (8280/10000)
Train epoch: 36 | Loss: *0.364* | Acc: *87.426%* (43713/50000) 
Test epoch: 36 | Loss: *0.553* | Acc: *82.130%* (8213/10000)
Train epoch: 37 | Loss: *0.358* | Acc: *87.850%* (43925/50000) 
Test epoch: 37 | Loss: *0.760* | Acc: *77.380%* (7738/10000)
Train epoch: 38 | Loss: *0.357* | Acc: *87.662%* (43831/50000) 
Test epoch: 38 | Loss: *0.531* | Acc: *82.790%* (8279/10000)
Train epoch: 39 | Loss: *0.358* | Acc: *87.824%* (43912/50000) 
Test epoch: 39 | Loss: *0.543* | Acc: *81.300%* (8130/10000)
Train epoch: 40 | Loss: *0.356* | Acc: *87.780%* (43890/50000) 
Test epoch: 40 | Loss: *0.528* | Acc: *82.680%* (8268/10000)
Train epoch: 41 | Loss: *0.353* | Acc: *87.790%* (43895/50000) 
Test epoch: 41 | Loss: *0.443* | Acc: *84.790%* (8479/10000)
Train epoch: 42 | Loss: *0.351* | Acc: *87.956%* (43978/50000) 
Test epoch: 42 | Loss: *0.616* | Acc: *79.800%* (7980/10000)
Train epoch: 43 | Loss: *0.347* | Acc: *88.264%* (44132/50000) 
Test epoch: 43 | Loss: *0.487* | Acc: *84.260%* (8426/10000)
Train epoch: 44 | Loss: *0.342* | Acc: *88.242%* (44121/50000) 
Test epoch: 44 | Loss: *0.804* | Acc: *76.570%* (7657/10000)
Train epoch: 45 | Loss: *0.344* | Acc: *88.322%* (44161/50000) 
Test epoch: 45 | Loss: *0.536* | Acc: *82.570%* (8257/10000)
Train epoch: 46 | Loss: *0.348* | Acc: *88.178%* (44089/50000) 
Test epoch: 46 | Loss: *0.679* | Acc: *79.040%* (7904/10000)
Train epoch: 47 | Loss: *0.343* | Acc: *88.208%* (44104/50000) 
Test epoch: 47 | Loss: *0.509* | Acc: *83.490%* (8349/10000)
Train epoch: 48 | Loss: *0.339* | Acc: *88.330%* (44165/50000) 
Test epoch: 48 | Loss: *0.593* | Acc: *80.880%* (8088/10000)
Train epoch: 49 | Loss: *0.336* | Acc: *88.476%* (44238/50000) 
Test epoch: 49 | Loss: *0.436* | Acc: *85.950%* (8595/10000)
Train epoch: 50 | Loss: *0.334* | Acc: *88.512%* (44256/50000) 
Test epoch: 50 | Loss: *0.508* | Acc: *83.530%* (8353/10000)
Train epoch: 51 | Loss: *0.333* | Acc: *88.606%* (44303/50000) 
Test epoch: 51 | Loss: *0.483* | Acc: *84.730%* (8473/10000)
Train epoch: 52 | Loss: *0.333* | Acc: *88.440%* (44220/50000) 
Test epoch: 52 | Loss: *0.475* | Acc: *84.380%* (8438/10000)
Train epoch: 53 | Loss: *0.329* | Acc: *88.532%* (44266/50000) 
Test epoch: 53 | Loss: *0.508* | Acc: *83.660%* (8366/10000)
Train epoch: 54 | Loss: *0.330* | Acc: *88.590%* (44295/50000) 
Test epoch: 54 | Loss: *0.706* | Acc: *79.410%* (7941/10000)
Train epoch: 55 | Loss: *0.331* | Acc: *88.650%* (44325/50000) 
Test epoch: 55 | Loss: *0.757* | Acc: *77.990%* (7799/10000)
Train epoch: 56 | Loss: *0.324* | Acc: *88.928%* (44464/50000) 
Test epoch: 56 | Loss: *0.629* | Acc: *79.980%* (7998/10000)
Train epoch: 57 | Loss: *0.321* | Acc: *88.948%* (44474/50000) 
Test epoch: 57 | Loss: *0.558* | Acc: *82.360%* (8236/10000)
Train epoch: 58 | Loss: *0.323* | Acc: *88.824%* (44412/50000) 
Test epoch: 58 | Loss: *0.542* | Acc: *82.690%* (8269/10000)
Train epoch: 59 | Loss: *0.316* | Acc: *89.148%* (44574/50000) 
Test epoch: 59 | Loss: *0.712* | Acc: *79.390%* (7939/10000)
Train epoch: 60 | Loss: *0.319* | Acc: *88.934%* (44467/50000) 
Test epoch: 60 | Loss: *0.541* | Acc: *82.340%* (8234/10000)
Train epoch: 61 | Loss: *0.316* | Acc: *88.882%* (44441/50000) 
Test epoch: 61 | Loss: *0.419* | Acc: *86.150%* (8615/10000)
Train epoch: 62 | Loss: *0.312* | Acc: *89.128%* (44564/50000) 
Test epoch: 62 | Loss: *0.420* | Acc: *86.450%* (8645/10000)
Train epoch: 63 | Loss: *0.310* | Acc: *89.398%* (44699/50000) 
Test epoch: 63 | Loss: *0.512* | Acc: *83.580%* (8358/10000)
Train epoch: 64 | Loss: *0.307* | Acc: *89.398%* (44699/50000) 
Test epoch: 64 | Loss: *0.490* | Acc: *83.490%* (8349/10000)
Train epoch: 65 | Loss: *0.300* | Acc: *89.686%* (44843/50000) 
Test epoch: 65 | Loss: *0.400* | Acc: *86.240%* (8624/10000)
Train epoch: 66 | Loss: *0.306* | Acc: *89.558%* (44779/50000) 
Test epoch: 66 | Loss: *0.476* | Acc: *84.480%* (8448/10000)
Train epoch: 67 | Loss: *0.306* | Acc: *89.306%* (44653/50000) 
Test epoch: 67 | Loss: *0.396* | Acc: *86.820%* (8682/10000)
Train epoch: 68 | Loss: *0.301* | Acc: *89.548%* (44774/50000) 
Test epoch: 68 | Loss: *0.454* | Acc: *85.180%* (8518/10000)
Train epoch: 69 | Loss: *0.301* | Acc: *89.588%* (44794/50000) 
Test epoch: 69 | Loss: *0.461* | Acc: *84.900%* (8490/10000)
Train epoch: 70 | Loss: *0.297* | Acc: *89.596%* (44798/50000) 
Test epoch: 70 | Loss: *0.454* | Acc: *85.530%* (8553/10000)
Train epoch: 71 | Loss: *0.293* | Acc: *89.790%* (44895/50000) 
Test epoch: 71 | Loss: *0.417* | Acc: *86.250%* (8625/10000)
Train epoch: 72 | Loss: *0.292* | Acc: *89.962%* (44981/50000) 
Test epoch: 72 | Loss: *0.483* | Acc: *84.270%* (8427/10000)
Train epoch: 73 | Loss: *0.291* | Acc: *89.902%* (44951/50000) 
Test epoch: 73 | Loss: *0.420* | Acc: *85.640%* (8564/10000)
Train epoch: 74 | Loss: *0.285* | Acc: *90.298%* (45149/50000) 
Test epoch: 74 | Loss: *0.455* | Acc: *84.780%* (8478/10000)
Train epoch: 75 | Loss: *0.289* | Acc: *90.120%* (45060/50000) 
Test epoch: 75 | Loss: *0.491* | Acc: *84.350%* (8435/10000)
Train epoch: 76 | Loss: *0.284* | Acc: *90.108%* (45054/50000) 
Test epoch: 76 | Loss: *0.462* | Acc: *84.700%* (8470/10000)
Train epoch: 77 | Loss: *0.279* | Acc: *90.352%* (45176/50000) 
Test epoch: 77 | Loss: *0.570* | Acc: *81.750%* (8175/10000)
Train epoch: 78 | Loss: *0.280* | Acc: *90.464%* (45232/50000) 
Test epoch: 78 | Loss: *0.468* | Acc: *85.630%* (8563/10000)
Train epoch: 79 | Loss: *0.276* | Acc: *90.522%* (45261/50000) 
Test epoch: 79 | Loss: *0.434* | Acc: *85.580%* (8558/10000)
Train epoch: 80 | Loss: *0.272* | Acc: *90.618%* (45309/50000) 
Test epoch: 80 | Loss: *0.369* | Acc: *87.820%* (8782/10000)
Train epoch: 81 | Loss: *0.272* | Acc: *90.570%* (45285/50000) 
Test epoch: 81 | Loss: *0.590* | Acc: *81.760%* (8176/10000)
Train epoch: 82 | Loss: *0.271* | Acc: *90.584%* (45292/50000) 
Test epoch: 82 | Loss: *0.434* | Acc: *86.190%* (8619/10000)
Train epoch: 83 | Loss: *0.270* | Acc: *90.578%* (45289/50000) 
Test epoch: 83 | Loss: *0.462* | Acc: *85.000%* (8500/10000)
Train epoch: 84 | Loss: *0.260* | Acc: *90.948%* (45474/50000) 
Test epoch: 84 | Loss: *0.442* | Acc: *85.840%* (8584/10000)
Train epoch: 85 | Loss: *0.266* | Acc: *90.766%* (45383/50000) 
Test epoch: 85 | Loss: *0.418* | Acc: *86.670%* (8667/10000)
Train epoch: 86 | Loss: *0.261* | Acc: *90.932%* (45466/50000) 
Test epoch: 86 | Loss: *0.426* | Acc: *86.350%* (8635/10000)
Train epoch: 87 | Loss: *0.260* | Acc: *91.090%* (45545/50000) 
Test epoch: 87 | Loss: *0.358* | Acc: *88.160%* (8816/10000)
Train epoch: 88 | Loss: *0.255* | Acc: *91.352%* (45676/50000) 
Test epoch: 88 | Loss: *0.381* | Acc: *87.120%* (8712/10000)
Train epoch: 89 | Loss: *0.251* | Acc: *91.462%* (45731/50000) 
Test epoch: 89 | Loss: *0.475* | Acc: *84.840%* (8484/10000)
Train epoch: 90 | Loss: *0.253* | Acc: *91.344%* (45672/50000) 
Test epoch: 90 | Loss: *0.432* | Acc: *86.380%* (8638/10000)
Train epoch: 91 | Loss: *0.255* | Acc: *91.188%* (45594/50000) 
Test epoch: 91 | Loss: *0.390* | Acc: *87.420%* (8742/10000)
Train epoch: 92 | Loss: *0.241* | Acc: *91.678%* (45839/50000) 
Test epoch: 92 | Loss: *0.496* | Acc: *84.870%* (8487/10000)
Train epoch: 93 | Loss: *0.246* | Acc: *91.444%* (45722/50000) 
Test epoch: 93 | Loss: *0.474* | Acc: *85.050%* (8505/10000)
Train epoch: 94 | Loss: *0.247* | Acc: *91.438%* (45719/50000) 
Test epoch: 94 | Loss: *0.468* | Acc: *84.360%* (8436/10000)
Train epoch: 95 | Loss: *0.234* | Acc: *91.848%* (45924/50000) 
Test epoch: 95 | Loss: *0.412* | Acc: *87.260%* (8726/10000)
Train epoch: 96 | Loss: *0.238* | Acc: *91.764%* (45882/50000) 
Test epoch: 96 | Loss: *0.561* | Acc: *83.160%* (8316/10000)
Train epoch: 97 | Loss: *0.235* | Acc: *91.718%* (45859/50000) 
Test epoch: 97 | Loss: *0.481* | Acc: *85.220%* (8522/10000)
Train epoch: 98 | Loss: *0.236* | Acc: *91.908%* (45954/50000) 
Test epoch: 98 | Loss: *0.489* | Acc: *84.770%* (8477/10000)
Train epoch: 99 | Loss: *0.226* | Acc: *92.154%* (46077/50000) 
Test epoch: 99 | Loss: *0.398* | Acc: *87.870%* (8787/10000)
Train epoch: 100 | Loss: *0.228* | Acc: *92.224%* (46112/50000) 
Test epoch: 100 | Loss: *0.385* | Acc: *87.570%* (8757/10000)
Train epoch: 101 | Loss: *0.222* | Acc: *92.482%* (46241/50000) 
Test epoch: 101 | Loss: *0.494* | Acc: *84.480%* (8448/10000)
Train epoch: 102 | Loss: *0.219* | Acc: *92.336%* (46168/50000) 
Test epoch: 102 | Loss: *0.413* | Acc: *86.510%* (8651/10000)
Train epoch: 103 | Loss: *0.218* | Acc: *92.578%* (46289/50000) 
Test epoch: 103 | Loss: *0.392* | Acc: *87.650%* (8765/10000)
Train epoch: 104 | Loss: *0.215* | Acc: *92.556%* (46278/50000) 
Test epoch: 104 | Loss: *0.425* | Acc: *86.720%* (8672/10000)
Train epoch: 105 | Loss: *0.208* | Acc: *92.754%* (46377/50000) 
Test epoch: 105 | Loss: *0.323* | Acc: *89.570%* (8957/10000)
Train epoch: 106 | Loss: *0.207* | Acc: *92.850%* (46425/50000) 
Test epoch: 106 | Loss: *0.355* | Acc: *88.130%* (8813/10000)
Train epoch: 107 | Loss: *0.208* | Acc: *92.836%* (46418/50000) 
Test epoch: 107 | Loss: *0.346* | Acc: *88.670%* (8867/10000)
Train epoch: 108 | Loss: *0.204* | Acc: *92.852%* (46426/50000) 
Test epoch: 108 | Loss: *0.551* | Acc: *83.810%* (8381/10000)
Train epoch: 109 | Loss: *0.205* | Acc: *92.874%* (46437/50000) 
Test epoch: 109 | Loss: *0.395* | Acc: *87.690%* (8769/10000)
Train epoch: 110 | Loss: *0.196* | Acc: *93.292%* (46646/50000) 
Test epoch: 110 | Loss: *0.355* | Acc: *88.610%* (8861/10000)
Train epoch: 111 | Loss: *0.191* | Acc: *93.402%* (46701/50000) 
Test epoch: 111 | Loss: *0.482* | Acc: *85.070%* (8507/10000)
Train epoch: 112 | Loss: *0.198* | Acc: *93.070%* (46535/50000) 
Test epoch: 112 | Loss: *0.320* | Acc: *89.920%* (8992/10000)
Train epoch: 113 | Loss: *0.184* | Acc: *93.512%* (46756/50000) 
Test epoch: 113 | Loss: *0.491* | Acc: *85.200%* (8520/10000)
Train epoch: 114 | Loss: *0.186* | Acc: *93.574%* (46787/50000) 
Test epoch: 114 | Loss: *0.307* | Acc: *90.040%* (9004/10000)
Train epoch: 115 | Loss: *0.181* | Acc: *93.726%* (46863/50000) 
Test epoch: 115 | Loss: *0.420* | Acc: *87.090%* (8709/10000)
Train epoch: 116 | Loss: *0.178* | Acc: *93.912%* (46956/50000) 
Test epoch: 116 | Loss: *0.404* | Acc: *87.150%* (8715/10000)
Train epoch: 117 | Loss: *0.178* | Acc: *93.772%* (46886/50000) 
Test epoch: 117 | Loss: *0.413* | Acc: *87.640%* (8764/10000)
Train epoch: 118 | Loss: *0.173* | Acc: *94.004%* (47002/50000) 
Test epoch: 118 | Loss: *0.451* | Acc: *86.390%* (8639/10000)
Train epoch: 119 | Loss: *0.170* | Acc: *94.058%* (47029/50000) 
Test epoch: 119 | Loss: *0.443* | Acc: *87.020%* (8702/10000)
Train epoch: 120 | Loss: *0.168* | Acc: *94.288%* (47144/50000) 
Test epoch: 120 | Loss: *0.396* | Acc: *88.050%* (8805/10000)
Train epoch: 121 | Loss: *0.164* | Acc: *94.256%* (47128/50000) 
Test epoch: 121 | Loss: *0.361* | Acc: *88.910%* (8891/10000)
Train epoch: 122 | Loss: *0.157* | Acc: *94.664%* (47332/50000) 
Test epoch: 122 | Loss: *0.354* | Acc: *88.430%* (8843/10000)
Train epoch: 123 | Loss: *0.159* | Acc: *94.582%* (47291/50000) 
Test epoch: 123 | Loss: *0.322* | Acc: *89.950%* (8995/10000)
Train epoch: 124 | Loss: *0.153* | Acc: *94.744%* (47372/50000) 
Test epoch: 124 | Loss: *0.380* | Acc: *88.000%* (8800/10000)
Train epoch: 125 | Loss: *0.153* | Acc: *94.764%* (47382/50000) 
Test epoch: 125 | Loss: *0.340* | Acc: *89.520%* (8952/10000)
Train epoch: 126 | Loss: *0.151* | Acc: *94.766%* (47383/50000) 
Test epoch: 126 | Loss: *0.404* | Acc: *87.940%* (8794/10000)
Train epoch: 127 | Loss: *0.145* | Acc: *94.918%* (47459/50000) 
Test epoch: 127 | Loss: *0.378* | Acc: *88.330%* (8833/10000)
Train epoch: 128 | Loss: *0.138* | Acc: *95.332%* (47666/50000) 
Test epoch: 128 | Loss: *0.320* | Acc: *89.980%* (8998/10000)
Train epoch: 129 | Loss: *0.138* | Acc: *95.232%* (47616/50000) 
Test epoch: 129 | Loss: *0.355* | Acc: *89.160%* (8916/10000)
Train epoch: 130 | Loss: *0.138* | Acc: *95.240%* (47620/50000) 
Test epoch: 130 | Loss: *0.325* | Acc: *90.020%* (9002/10000)
Train epoch: 131 | Loss: *0.127* | Acc: *95.584%* (47792/50000) 
Test epoch: 131 | Loss: *0.412* | Acc: *87.400%* (8740/10000)
Train epoch: 132 | Loss: *0.127* | Acc: *95.744%* (47872/50000) 
Test epoch: 132 | Loss: *0.350* | Acc: *89.730%* (8973/10000)
Train epoch: 133 | Loss: *0.123* | Acc: *95.694%* (47847/50000) 
Test epoch: 133 | Loss: *0.330* | Acc: *89.760%* (8976/10000)
Train epoch: 134 | Loss: *0.119* | Acc: *95.856%* (47928/50000) 
Test epoch: 134 | Loss: *0.399* | Acc: *88.590%* (8859/10000)
Train epoch: 135 | Loss: *0.120* | Acc: *95.948%* (47974/50000) 
Test epoch: 135 | Loss: *0.329* | Acc: *90.320%* (9032/10000)
Train epoch: 136 | Loss: *0.114* | Acc: *96.158%* (48079/50000) 
Test epoch: 136 | Loss: *0.368* | Acc: *89.320%* (8932/10000)
Train epoch: 137 | Loss: *0.107* | Acc: *96.348%* (48174/50000) 
Test epoch: 137 | Loss: *0.392* | Acc: *88.710%* (8871/10000)
Train epoch: 138 | Loss: *0.106* | Acc: *96.414%* (48207/50000) 
Test epoch: 138 | Loss: *0.367* | Acc: *89.370%* (8937/10000)
Train epoch: 139 | Loss: *0.099* | Acc: *96.628%* (48314/50000) 
Test epoch: 139 | Loss: *0.339* | Acc: *89.980%* (8998/10000)
Train epoch: 140 | Loss: *0.099* | Acc: *96.572%* (48286/50000) 
Test epoch: 140 | Loss: *0.318* | Acc: *90.190%* (9019/10000)
Train epoch: 141 | Loss: *0.096* | Acc: *96.748%* (48374/50000) 
Test epoch: 141 | Loss: *0.320* | Acc: *90.390%* (9039/10000)
Train epoch: 142 | Loss: *0.097* | Acc: *96.656%* (48328/50000) 
Test epoch: 142 | Loss: *0.283* | Acc: *91.260%* (9126/10000)
Train epoch: 143 | Loss: *0.084* | Acc: *97.228%* (48614/50000) 
Test epoch: 143 | Loss: *0.310* | Acc: *91.020%* (9102/10000)
Train epoch: 144 | Loss: *0.081* | Acc: *97.350%* (48675/50000) 
Test epoch: 144 | Loss: *0.324* | Acc: *90.750%* (9075/10000)
Train epoch: 145 | Loss: *0.082* | Acc: *97.190%* (48595/50000) 
Test epoch: 145 | Loss: *0.306* | Acc: *91.350%* (9135/10000)
Train epoch: 146 | Loss: *0.075* | Acc: *97.538%* (48769/50000) 
Test epoch: 146 | Loss: *0.293* | Acc: *91.460%* (9146/10000)
Train epoch: 147 | Loss: *0.071* | Acc: *97.646%* (48823/50000) 
Test epoch: 147 | Loss: *0.322* | Acc: *90.830%* (9083/10000)
Train epoch: 148 | Loss: *0.073* | Acc: *97.586%* (48793/50000) 
Test epoch: 148 | Loss: *0.297* | Acc: *91.280%* (9128/10000)
Train epoch: 149 | Loss: *0.067* | Acc: *97.770%* (48885/50000) 
Test epoch: 149 | Loss: *0.307* | Acc: *91.040%* (9104/10000)
Train epoch: 150 | Loss: *0.063* | Acc: *97.900%* (48950/50000) 
Test epoch: 150 | Loss: *0.307* | Acc: *91.060%* (9106/10000)
Train epoch: 151 | Loss: *0.057* | Acc: *98.154%* (49077/50000) 
Test epoch: 151 | Loss: *0.278* | Acc: *92.040%* (9204/10000)
Train epoch: 152 | Loss: *0.055* | Acc: *98.270%* (49135/50000) 
Test epoch: 152 | Loss: *0.320* | Acc: *91.060%* (9106/10000)
Train epoch: 153 | Loss: *0.048* | Acc: *98.522%* (49261/50000) 
Test epoch: 153 | Loss: *0.292* | Acc: *92.060%* (9206/10000)
Train epoch: 154 | Loss: *0.045* | Acc: *98.568%* (49284/50000) 
Test epoch: 154 | Loss: *0.285* | Acc: *91.880%* (9188/10000)
Train epoch: 155 | Loss: *0.045* | Acc: *98.544%* (49272/50000) 
Test epoch: 155 | Loss: *0.298* | Acc: *91.490%* (9149/10000)
Train epoch: 156 | Loss: *0.039* | Acc: *98.806%* (49403/50000) 
Test epoch: 156 | Loss: *0.283* | Acc: *92.360%* (9236/10000)
Train epoch: 157 | Loss: *0.038* | Acc: *98.828%* (49414/50000) 
Test epoch: 157 | Loss: *0.274* | Acc: *92.370%* (9237/10000)
Train epoch: 158 | Loss: *0.036* | Acc: *98.884%* (49442/50000) 
Test epoch: 158 | Loss: *0.267* | Acc: *92.520%* (9252/10000)
Train epoch: 159 | Loss: *0.027* | Acc: *99.270%* (49635/50000) 
Test epoch: 159 | Loss: *0.251* | Acc: *93.080%* (9308/10000)
Train epoch: 160 | Loss: *0.024* | Acc: *99.368%* (49684/50000) 
Test epoch: 160 | Loss: *0.260* | Acc: *92.850%* (9285/10000)
Train epoch: 161 | Loss: *0.022* | Acc: *99.438%* (49719/50000) 
Test epoch: 161 | Loss: *0.276* | Acc: *92.310%* (9231/10000)
Train epoch: 162 | Loss: *0.020* | Acc: *99.486%* (49743/50000) 
Test epoch: 162 | Loss: *0.241* | Acc: *93.420%* (9342/10000)
Train epoch: 163 | Loss: *0.019* | Acc: *99.562%* (49781/50000) 
Test epoch: 163 | Loss: *0.253* | Acc: *93.200%* (9320/10000)
Train epoch: 164 | Loss: *0.016* | Acc: *99.636%* (49818/50000) 
Test epoch: 164 | Loss: *0.243* | Acc: *93.490%* (9349/10000)
Train epoch: 165 | Loss: *0.012* | Acc: *99.790%* (49895/50000) 
Test epoch: 165 | Loss: *0.231* | Acc: *93.660%* (9366/10000)
Train epoch: 166 | Loss: *0.012* | Acc: *99.762%* (49881/50000) 
Test epoch: 166 | Loss: *0.229* | Acc: *93.640%* (9364/10000)
Train epoch: 167 | Loss: *0.011* | Acc: *99.808%* (49904/50000) 
Test epoch: 167 | Loss: *0.229* | Acc: *93.700%* (9370/10000)
Train epoch: 168 | Loss: *0.009* | Acc: *99.886%* (49943/50000) 
Test epoch: 168 | Loss: *0.222* | Acc: *93.720%* (9372/10000)
Train epoch: 169 | Loss: *0.007* | Acc: *99.908%* (49954/50000) 
Test epoch: 169 | Loss: *0.228* | Acc: *93.870%* (9387/10000)
Train epoch: 170 | Loss: *0.008* | Acc: *99.896%* (49948/50000) 
Test epoch: 170 | Loss: *0.225* | Acc: *93.840%* (9384/10000)
Train epoch: 171 | Loss: *0.007* | Acc: *99.916%* (49958/50000) 
Test epoch: 171 | Loss: *0.219* | Acc: *93.880%* (9388/10000)
Train epoch: 172 | Loss: *0.006* | Acc: *99.968%* (49984/50000) 
Test epoch: 172 | Loss: *0.212* | Acc: *94.120%* (9412/10000)
Train epoch: 173 | Loss: *0.006* | Acc: *99.954%* (49977/50000) 
Test epoch: 173 | Loss: *0.218* | Acc: *94.020%* (9402/10000)
Train epoch: 174 | Loss: *0.005* | Acc: *99.970%* (49985/50000) 
Test epoch: 174 | Loss: *0.209* | Acc: *94.210%* (9421/10000)
Train epoch: 175 | Loss: *0.005* | Acc: *99.980%* (49990/50000) 
Test epoch: 175 | Loss: *0.207* | Acc: *94.100%* (9410/10000)
Train epoch: 176 | Loss: *0.005* | Acc: *99.972%* (49986/50000) 
Test epoch: 176 | Loss: *0.207* | Acc: *94.140%* (9414/10000)
Train epoch: 177 | Loss: *0.004* | Acc: *99.972%* (49986/50000) 
Test epoch: 177 | Loss: *0.208* | Acc: *94.070%* (9407/10000)
Train epoch: 178 | Loss: *0.004* | Acc: *99.974%* (49987/50000) 
Test epoch: 178 | Loss: *0.207* | Acc: *94.270%* (9427/10000)
Train epoch: 179 | Loss: *0.004* | Acc: *99.976%* (49988/50000) 
Test epoch: 179 | Loss: *0.207* | Acc: *94.250%* (9425/10000)
Train epoch: 180 | Loss: *0.004* | Acc: *99.976%* (49988/50000) 
Test epoch: 180 | Loss: *0.206* | Acc: *94.230%* (9423/10000)
Train epoch: 181 | Loss: *0.004* | Acc: *99.984%* (49992/50000) 
Test epoch: 181 | Loss: *0.206* | Acc: *94.170%* (9417/10000)
Train epoch: 182 | Loss: *0.004* | Acc: *99.984%* (49992/50000) 
Test epoch: 182 | Loss: *0.204* | Acc: *94.210%* (9421/10000)
Train epoch: 183 | Loss: *0.004* | Acc: *99.988%* (49994/50000) 
Test epoch: 183 | Loss: *0.202* | Acc: *94.270%* (9427/10000)
Train epoch: 184 | Loss: *0.004* | Acc: *99.992%* (49996/50000) 
Test epoch: 184 | Loss: *0.202* | Acc: *94.180%* (9418/10000)
Train epoch: 185 | Loss: *0.004* | Acc: *99.992%* (49996/50000) 
Test epoch: 185 | Loss: *0.204* | Acc: *94.200%* (9420/10000)
Train epoch: 186 | Loss: *0.004* | Acc: *99.990%* (49995/50000) 
Test epoch: 186 | Loss: *0.202* | Acc: *94.250%* (9425/10000)
Train epoch: 187 | Loss: *0.004* | Acc: *99.988%* (49994/50000) 
Test epoch: 187 | Loss: *0.202* | Acc: *94.320%* (9432/10000)
Train epoch: 188 | Loss: *0.004* | Acc: *99.996%* (49998/50000) 
Test epoch: 188 | Loss: *0.203* | Acc: *94.150%* (9415/10000)
Train epoch: 189 | Loss: *0.004* | Acc: *99.992%* (49996/50000) 
Test epoch: 189 | Loss: *0.201* | Acc: *94.180%* (9418/10000)
Train epoch: 190 | Loss: *0.004* | Acc: *99.996%* (49998/50000) 
Test epoch: 190 | Loss: *0.201* | Acc: *94.120%* (9412/10000)
Train epoch: 191 | Loss: *0.004* | Acc: *99.988%* (49994/50000) 
Test epoch: 191 | Loss: *0.202* | Acc: *94.180%* (9418/10000)
Train epoch: 192 | Loss: *0.003* | Acc: *99.986%* (49993/50000) 
Test epoch: 192 | Loss: *0.204* | Acc: *94.170%* (9417/10000)
Train epoch: 193 | Loss: *0.003* | Acc: *99.996%* (49998/50000) 
Test epoch: 193 | Loss: *0.201* | Acc: *94.220%* (9422/10000)
Train epoch: 194 | Loss: *0.004* | Acc: *99.992%* (49996/50000) 
Test epoch: 194 | Loss: *0.201* | Acc: *94.220%* (9422/10000)
Train epoch: 195 | Loss: *0.003* | Acc: *99.992%* (49996/50000) 
Test epoch: 195 | Loss: *0.201* | Acc: *94.120%* (9412/10000)
Train epoch: 196 | Loss: *0.003* | Acc: *99.990%* (49995/50000) 
Test epoch: 196 | Loss: *0.201* | Acc: *94.170%* (9417/10000)
Train epoch: 197 | Loss: *0.003* | Acc: *99.996%* (49998/50000) 
Test epoch: 197 | Loss: *0.201* | Acc: *94.220%* (9422/10000)
Train epoch: 198 | Loss: *0.003* | Acc: *99.992%* (49996/50000) 
Test epoch: 198 | Loss: *0.201* | Acc: *94.210%* (9421/10000)
Train epoch: 199 | Loss: *0.003* | Acc: *99.996%* (49998/50000) 
Test epoch: 199 | Loss: *0.202* | Acc: *94.150%* (9415/10000)
Train epoch: 200 | Loss: *0.003* | Acc: *99.998%* (49999/50000) 
Test epoch: 200 | Loss: *0.202* | Acc: *94.160%* (9416/10000)
Train epoch: 201 | Loss: *0.003* | Acc: *99.992%* (49996/50000) 
Test epoch: 201 | Loss: *0.201* | Acc: *94.240%* (9424/10000)
Train epoch: 202 | Loss: *0.003* | Acc: *99.996%* (49998/50000) 
Test epoch: 202 | Loss: *0.201* | Acc: *94.250%* (9425/10000)
Train epoch: 203 | Loss: *0.004* | Acc: *99.994%* (49997/50000) 
Test epoch: 203 | Loss: *0.202* | Acc: *94.240%* (9424/10000)
Train epoch: 204 | Loss: *0.003* | Acc: *99.996%* (49998/50000) 
Test epoch: 204 | Loss: *0.201* | Acc: *94.140%* (9414/10000)
Train epoch: 205 | Loss: *0.003* | Acc: *99.990%* (49995/50000) 
Test epoch: 205 | Loss: *0.202* | Acc: *94.220%* (9422/10000)
Train epoch: 206 | Loss: *0.003* | Acc: *99.994%* (49997/50000) 
Test epoch: 206 | Loss: *0.202* | Acc: *94.220%* (9422/10000)
Train epoch: 207 | Loss: *0.003* | Acc: *99.998%* (49999/50000) 
Test epoch: 207 | Loss: *0.200* | Acc: *94.230%* (9423/10000)
Train epoch: 208 | Loss: *0.003* | Acc: *99.996%* (49998/50000) 
Test epoch: 208 | Loss: *0.201* | Acc: *94.180%* (9418/10000)
Train epoch: 209 | Loss: *0.004* | Acc: *99.988%* (49994/50000) 
Test epoch: 209 | Loss: *0.200* | Acc: *94.140%* (9414/10000)
Train epoch: 210 | Loss: *0.003* | Acc: *99.998%* (49999/50000) 
Test epoch: 210 | Loss: *0.201* | Acc: *94.240%* (9424/10000)
Train epoch: 211 | Loss: *0.004* | Acc: *99.994%* (49997/50000) 
Test epoch: 211 | Loss: *0.201* | Acc: *94.160%* (9416/10000)
Train epoch: 212 | Loss: *0.004* | Acc: *99.994%* (49997/50000) 
Test epoch: 212 | Loss: *0.200* | Acc: *94.210%* (9421/10000)
Train epoch: 213 | Loss: *0.003* | Acc: *99.998%* (49999/50000) 
Test epoch: 213 | Loss: *0.200* | Acc: *94.250%* (9425/10000)
Train epoch: 214 | Loss: *0.004* | Acc: *99.998%* (49999/50000) 
Test epoch: 214 | Loss: *0.199* | Acc: *94.260%* (9426/10000)
Train epoch: 215 | Loss: *0.004* | Acc: *99.992%* (49996/50000) 
Test epoch: 215 | Loss: *0.200* | Acc: *94.290%* (9429/10000)
Train epoch: 216 | Loss: *0.004* | Acc: *99.988%* (49994/50000) 
Test epoch: 216 | Loss: *0.199* | Acc: *94.320%* (9432/10000)
Train epoch: 217 | Loss: *0.004* | Acc: *99.994%* (49997/50000) 
Test epoch: 217 | Loss: *0.200* | Acc: *94.350%* (9435/10000)
Train epoch: 218 | Loss: *0.004* | Acc: *99.992%* (49996/50000) 
Test epoch: 218 | Loss: *0.198* | Acc: *94.210%* (9421/10000)
Train epoch: 219 | Loss: *0.004* | Acc: *99.996%* (49998/50000) 
Test epoch: 219 | Loss: *0.201* | Acc: *94.130%* (9413/10000)
Train epoch: 220 | Loss: *0.004* | Acc: *99.996%* (49998/50000) 
Test epoch: 220 | Loss: *0.200* | Acc: *94.190%* (9419/10000)
Train epoch: 221 | Loss: *0.004* | Acc: *99.994%* (49997/50000) 
Test epoch: 221 | Loss: *0.198* | Acc: *94.130%* (9413/10000)
Train epoch: 222 | Loss: *0.004* | Acc: *100.000%* (50000/50000) 
Test epoch: 222 | Loss: *0.201* | Acc: *94.200%* (9420/10000)
Train epoch: 223 | Loss: *0.004* | Acc: *99.994%* (49997/50000) 
Test epoch: 223 | Loss: *0.200* | Acc: *94.310%* (9431/10000)
Train epoch: 224 | Loss: *0.004* | Acc: *99.992%* (49996/50000) 
Test epoch: 224 | Loss: *0.200* | Acc: *94.230%* (9423/10000)
Train epoch: 225 | Loss: *0.004* | Acc: *99.994%* (49997/50000) 
Test epoch: 225 | Loss: *0.202* | Acc: *94.200%* (9420/10000)
Train epoch: 226 | Loss: *0.004* | Acc: *99.996%* (49998/50000) 
Test epoch: 226 | Loss: *0.204* | Acc: *94.160%* (9416/10000)
Train epoch: 227 | Loss: *0.004* | Acc: *99.998%* (49999/50000) 
Test epoch: 227 | Loss: *0.203* | Acc: *94.130%* (9413/10000)
Train epoch: 228 | Loss: *0.004* | Acc: *99.996%* (49998/50000) 
Test epoch: 228 | Loss: *0.202* | Acc: *94.430%* (9443/10000)
Train epoch: 229 | Loss: *0.004* | Acc: *99.994%* (49997/50000) 
Test epoch: 229 | Loss: *0.204* | Acc: *94.260%* (9426/10000)
Train epoch: 230 | Loss: *0.005* | Acc: *99.976%* (49988/50000) 
Test epoch: 230 | Loss: *0.199* | Acc: *94.230%* (9423/10000)
Train epoch: 231 | Loss: *0.005* | Acc: *99.980%* (49990/50000) 
Test epoch: 231 | Loss: *0.205* | Acc: *94.090%* (9409/10000)
Train epoch: 232 | Loss: *0.005* | Acc: *99.990%* (49995/50000) 
Test epoch: 232 | Loss: *0.203* | Acc: *94.110%* (9411/10000)
Train epoch: 233 | Loss: *0.005* | Acc: *99.992%* (49996/50000) 
Test epoch: 233 | Loss: *0.204* | Acc: *94.290%* (9429/10000)
Train epoch: 234 | Loss: *0.006* | Acc: *99.964%* (49982/50000) 
Test epoch: 234 | Loss: *0.225* | Acc: *93.500%* (9350/10000)
Train epoch: 235 | Loss: *0.015* | Acc: *99.734%* (49867/50000) 
Test epoch: 235 | Loss: *0.251* | Acc: *92.590%* (9259/10000)
Train epoch: 236 | Loss: *0.040* | Acc: *98.834%* (49417/50000) 
Test epoch: 236 | Loss: *0.371* | Acc: *89.870%* (8987/10000)
Train epoch: 237 | Loss: *0.100* | Acc: *96.710%* (48355/50000) 
Test epoch: 237 | Loss: *0.461* | Acc: *87.940%* (8794/10000)
Train epoch: 238 | Loss: *0.105* | Acc: *96.490%* (48245/50000) 
Test epoch: 238 | Loss: *0.329* | Acc: *90.040%* (9004/10000)
Train epoch: 239 | Loss: *0.101* | Acc: *96.622%* (48311/50000) 
Test epoch: 239 | Loss: *0.348* | Acc: *89.870%* (8987/10000)
Train epoch: 240 | Loss: *0.108* | Acc: *96.408%* (48204/50000) 
Test epoch: 240 | Loss: *0.373* | Acc: *88.970%* (8897/10000)
Train epoch: 241 | Loss: *0.112* | Acc: *96.170%* (48085/50000) 
Test epoch: 241 | Loss: *0.318* | Acc: *90.320%* (9032/10000)
Train epoch: 242 | Loss: *0.102* | Acc: *96.608%* (48304/50000) 
Test epoch: 242 | Loss: *0.347* | Acc: *90.140%* (9014/10000)
Train epoch: 243 | Loss: *0.113* | Acc: *96.148%* (48074/50000) 
Test epoch: 243 | Loss: *0.421* | Acc: *88.200%* (8820/10000)
Train epoch: 244 | Loss: *0.107* | Acc: *96.386%* (48193/50000) 
Test epoch: 244 | Loss: *0.377* | Acc: *88.860%* (8886/10000)
Train epoch: 245 | Loss: *0.106* | Acc: *96.394%* (48197/50000) 
Test epoch: 245 | Loss: *0.418* | Acc: *88.330%* (8833/10000)
Train epoch: 246 | Loss: *0.104* | Acc: *96.438%* (48219/50000) 
Test epoch: 246 | Loss: *0.397* | Acc: *88.350%* (8835/10000)
Train epoch: 247 | Loss: *0.108* | Acc: *96.354%* (48177/50000) 
Test epoch: 247 | Loss: *0.407* | Acc: *88.390%* (8839/10000)
Train epoch: 248 | Loss: *0.119* | Acc: *95.910%* (47955/50000) 
Test epoch: 248 | Loss: *0.369* | Acc: *89.350%* (8935/10000)
Train epoch: 249 | Loss: *0.109* | Acc: *96.288%* (48144/50000) 
Test epoch: 249 | Loss: *0.340* | Acc: *90.270%* (9027/10000)
Train epoch: 250 | Loss: *0.108* | Acc: *96.330%* (48165/50000) 
Test epoch: 250 | Loss: *0.345* | Acc: *90.200%* (9020/10000)
Train epoch: 251 | Loss: *0.108* | Acc: *96.232%* (48116/50000) 
Test epoch: 251 | Loss: *0.478* | Acc: *86.630%* (8663/10000)
Train epoch: 252 | Loss: *0.113* | Acc: *96.108%* (48054/50000) 
Test epoch: 252 | Loss: *0.380* | Acc: *89.170%* (8917/10000)
Train epoch: 253 | Loss: *0.109* | Acc: *96.264%* (48132/50000) 
Test epoch: 253 | Loss: *0.323* | Acc: *90.220%* (9022/10000)
Train epoch: 254 | Loss: *0.115* | Acc: *96.002%* (48001/50000) 
Test epoch: 254 | Loss: *0.405* | Acc: *88.410%* (8841/10000)
Train epoch: 255 | Loss: *0.119* | Acc: *95.890%* (47945/50000) 
Test epoch: 255 | Loss: *0.451* | Acc: *87.670%* (8767/10000)
Train epoch: 256 | Loss: *0.122* | Acc: *95.848%* (47924/50000) 
Test epoch: 256 | Loss: *0.312* | Acc: *90.300%* (9030/10000)
Train epoch: 257 | Loss: *0.117* | Acc: *95.908%* (47954/50000) 
Test epoch: 257 | Loss: *0.446* | Acc: *87.980%* (8798/10000)
Train epoch: 258 | Loss: *0.120* | Acc: *95.912%* (47956/50000) 
Test epoch: 258 | Loss: *0.436* | Acc: *88.080%* (8808/10000)
Train epoch: 259 | Loss: *0.129* | Acc: *95.556%* (47778/50000) 
Test epoch: 259 | Loss: *0.389* | Acc: *88.800%* (8880/10000)
Train epoch: 260 | Loss: *0.121* | Acc: *95.902%* (47951/50000) 
Test epoch: 260 | Loss: *0.319* | Acc: *90.380%* (9038/10000)
Train epoch: 261 | Loss: *0.119* | Acc: *96.044%* (48022/50000) 
Test epoch: 261 | Loss: *0.360* | Acc: *89.560%* (8956/10000)
Train epoch: 262 | Loss: *0.132* | Acc: *95.480%* (47740/50000) 
Test epoch: 262 | Loss: *0.352* | Acc: *89.220%* (8922/10000)
Train epoch: 263 | Loss: *0.129* | Acc: *95.568%* (47784/50000) 
Test epoch: 263 | Loss: *0.387* | Acc: *88.390%* (8839/10000)
Train epoch: 264 | Loss: *0.122* | Acc: *95.778%* (47889/50000) 
Test epoch: 264 | Loss: *0.367* | Acc: *88.870%* (8887/10000)
Train epoch: 265 | Loss: *0.131* | Acc: *95.362%* (47681/50000) 
Test epoch: 265 | Loss: *0.424* | Acc: *88.170%* (8817/10000)
Train epoch: 266 | Loss: *0.138* | Acc: *95.266%* (47633/50000) 
Test epoch: 266 | Loss: *0.370* | Acc: *89.030%* (8903/10000)
Train epoch: 267 | Loss: *0.131* | Acc: *95.530%* (47765/50000) 
Test epoch: 267 | Loss: *0.475* | Acc: *86.020%* (8602/10000)
Train epoch: 268 | Loss: *0.132* | Acc: *95.438%* (47719/50000) 
Test epoch: 268 | Loss: *0.401* | Acc: *88.140%* (8814/10000)
Train epoch: 269 | Loss: *0.138* | Acc: *95.244%* (47622/50000) 
Test epoch: 269 | Loss: *0.370* | Acc: *88.900%* (8890/10000)
Train epoch: 270 | Loss: *0.142* | Acc: *95.120%* (47560/50000) 
Test epoch: 270 | Loss: *0.443* | Acc: *87.080%* (8708/10000)
Train epoch: 271 | Loss: *0.145* | Acc: *95.022%* (47511/50000) 
Test epoch: 271 | Loss: *0.360* | Acc: *88.990%* (8899/10000)
Train epoch: 272 | Loss: *0.148* | Acc: *94.802%* (47401/50000) 
Test epoch: 272 | Loss: *0.429* | Acc: *87.470%* (8747/10000)
Train epoch: 273 | Loss: *0.145* | Acc: *94.866%* (47433/50000) 
Test epoch: 273 | Loss: *0.337* | Acc: *89.750%* (8975/10000)
Train epoch: 274 | Loss: *0.155* | Acc: *94.662%* (47331/50000) 
Test epoch: 274 | Loss: *0.414* | Acc: *87.770%* (8777/10000)
Train epoch: 275 | Loss: *0.150* | Acc: *94.850%* (47425/50000) 
Test epoch: 275 | Loss: *0.423* | Acc: *87.210%* (8721/10000)
Train epoch: 276 | Loss: *0.159* | Acc: *94.344%* (47172/50000) 
Test epoch: 276 | Loss: *0.372* | Acc: *88.990%* (8899/10000)
Train epoch: 277 | Loss: *0.153* | Acc: *94.752%* (47376/50000) 
Test epoch: 277 | Loss: *0.372* | Acc: *88.390%* (8839/10000)
Train epoch: 278 | Loss: *0.161* | Acc: *94.396%* (47198/50000) 
Test epoch: 278 | Loss: *0.474* | Acc: *86.590%* (8659/10000)
Train epoch: 279 | Loss: *0.161* | Acc: *94.458%* (47229/50000) 
Test epoch: 279 | Loss: *0.395* | Acc: *87.890%* (8789/10000)
Train epoch: 280 | Loss: *0.164* | Acc: *94.340%* (47170/50000) 
Test epoch: 280 | Loss: *0.418* | Acc: *88.120%* (8812/10000)
Train epoch: 281 | Loss: *0.171* | Acc: *94.018%* (47009/50000) 
Test epoch: 281 | Loss: *0.381* | Acc: *88.690%* (8869/10000)
Train epoch: 282 | Loss: *0.169* | Acc: *94.122%* (47061/50000) 
Test epoch: 282 | Loss: *0.388* | Acc: *88.210%* (8821/10000)
Train epoch: 283 | Loss: *0.168* | Acc: *94.180%* (47090/50000) 
Test epoch: 283 | Loss: *0.425* | Acc: *87.030%* (8703/10000)
Train epoch: 284 | Loss: *0.168* | Acc: *94.184%* (47092/50000) 
Test epoch: 284 | Loss: *0.454* | Acc: *86.790%* (8679/10000)
Train epoch: 285 | Loss: *0.181* | Acc: *93.700%* (46850/50000) 
Test epoch: 285 | Loss: *0.313* | Acc: *89.630%* (8963/10000)
Train epoch: 286 | Loss: *0.181* | Acc: *93.676%* (46838/50000) 
Test epoch: 286 | Loss: *0.410* | Acc: *87.870%* (8787/10000)
Train epoch: 287 | Loss: *0.181* | Acc: *93.816%* (46908/50000) 
Test epoch: 287 | Loss: *0.365* | Acc: *88.470%* (8847/10000)
Train epoch: 288 | Loss: *0.182* | Acc: *93.736%* (46868/50000) 
Test epoch: 288 | Loss: *0.396* | Acc: *87.920%* (8792/10000)
Train epoch: 289 | Loss: *0.180* | Acc: *93.714%* (46857/50000) 
Test epoch: 289 | Loss: *0.423* | Acc: *87.480%* (8748/10000)
Train epoch: 290 | Loss: *0.190* | Acc: *93.420%* (46710/50000) 
Test epoch: 290 | Loss: *0.388* | Acc: *88.200%* (8820/10000)
Train epoch: 291 | Loss: *0.189* | Acc: *93.572%* (46786/50000) 
Test epoch: 291 | Loss: *0.365* | Acc: *88.430%* (8843/10000)
Train epoch: 292 | Loss: *0.188* | Acc: *93.520%* (46760/50000) 
Test epoch: 292 | Loss: *0.367* | Acc: *88.640%* (8864/10000)
Train epoch: 293 | Loss: *0.193* | Acc: *93.440%* (46720/50000) 
Test epoch: 293 | Loss: *0.442* | Acc: *86.690%* (8669/10000)
Train epoch: 294 | Loss: *0.191* | Acc: *93.368%* (46684/50000) 
Test epoch: 294 | Loss: *0.444* | Acc: *86.350%* (8635/10000)
Train epoch: 295 | Loss: *0.206* | Acc: *92.896%* (46448/50000) 
Test epoch: 295 | Loss: *0.515* | Acc: *84.990%* (8499/10000)
Train epoch: 296 | Loss: *0.197* | Acc: *93.166%* (46583/50000) 
Test epoch: 296 | Loss: *0.381* | Acc: *87.850%* (8785/10000)
Train epoch: 297 | Loss: *0.212* | Acc: *92.458%* (46229/50000) 
Test epoch: 297 | Loss: *0.459* | Acc: *86.180%* (8618/10000)
Train epoch: 298 | Loss: *0.203* | Acc: *92.924%* (46462/50000) 
Test epoch: 298 | Loss: *0.408* | Acc: *87.310%* (8731/10000)
Train epoch: 299 | Loss: *0.206* | Acc: *92.770%* (46385/50000) 
Test epoch: 299 | Loss: *0.388* | Acc: *87.970%* (8797/10000)
Train epoch: 300 | Loss: *0.210* | Acc: *92.798%* (46399/50000) 
Test epoch: 300 | Loss: *0.442* | Acc: *86.550%* (8655/10000)
Train epoch: 301 | Loss: *0.211* | Acc: *92.740%* (46370/50000) 
Test epoch: 301 | Loss: *0.412* | Acc: *87.290%* (8729/10000)
Train epoch: 302 | Loss: *0.214* | Acc: *92.696%* (46348/50000) 
Test epoch: 302 | Loss: *0.483* | Acc: *85.590%* (8559/10000)
Train epoch: 303 | Loss: *0.216* | Acc: *92.556%* (46278/50000) 
Test epoch: 303 | Loss: *0.471* | Acc: *85.950%* (8595/10000)
Train epoch: 304 | Loss: *0.228* | Acc: *92.064%* (46032/50000) 
Test epoch: 304 | Loss: *0.485* | Acc: *85.010%* (8501/10000)
Train epoch: 305 | Loss: *0.218* | Acc: *92.484%* (46242/50000) 
Test epoch: 305 | Loss: *0.401* | Acc: *87.420%* (8742/10000)
Train epoch: 306 | Loss: *0.227* | Acc: *92.192%* (46096/50000) 
Test epoch: 306 | Loss: *0.383* | Acc: *87.750%* (8775/10000)
Train epoch: 307 | Loss: *0.226* | Acc: *92.220%* (46110/50000) 
Test epoch: 307 | Loss: *0.448* | Acc: *86.160%* (8616/10000)
Train epoch: 308 | Loss: *0.232* | Acc: *92.110%* (46055/50000) 
Test epoch: 308 | Loss: *0.401* | Acc: *87.250%* (8725/10000)
Train epoch: 309 | Loss: *0.233* | Acc: *92.016%* (46008/50000) 
Test epoch: 309 | Loss: *0.528* | Acc: *84.130%* (8413/10000)
Train epoch: 310 | Loss: *0.229* | Acc: *92.176%* (46088/50000) 
Test epoch: 310 | Loss: *0.408* | Acc: *86.890%* (8689/10000)
Train epoch: 311 | Loss: *0.232* | Acc: *92.008%* (46004/50000) 
Test epoch: 311 | Loss: *0.426* | Acc: *86.270%* (8627/10000)
Train epoch: 312 | Loss: *0.240* | Acc: *91.774%* (45887/50000) 
Test epoch: 312 | Loss: *0.487* | Acc: *85.100%* (8510/10000)
Train epoch: 313 | Loss: *0.239* | Acc: *91.756%* (45878/50000) 
Test epoch: 313 | Loss: *0.443* | Acc: *85.840%* (8584/10000)
Train epoch: 314 | Loss: *0.239* | Acc: *91.764%* (45882/50000) 
Test epoch: 314 | Loss: *0.460* | Acc: *85.490%* (8549/10000)
Train epoch: 315 | Loss: *0.240* | Acc: *91.632%* (45816/50000) 
Test epoch: 315 | Loss: *0.532* | Acc: *83.680%* (8368/10000)
Train epoch: 316 | Loss: *0.250* | Acc: *91.398%* (45699/50000) 
Test epoch: 316 | Loss: *0.417* | Acc: *87.290%* (8729/10000)
Train epoch: 317 | Loss: *0.243* | Acc: *91.602%* (45801/50000) 
Test epoch: 317 | Loss: *0.624* | Acc: *81.400%* (8140/10000)
Train epoch: 318 | Loss: *0.251* | Acc: *91.270%* (45635/50000) 
Test epoch: 318 | Loss: *0.576* | Acc: *83.290%* (8329/10000)
Train epoch: 319 | Loss: *0.250* | Acc: *91.466%* (45733/50000) 
Test epoch: 319 | Loss: *0.439* | Acc: *85.650%* (8565/10000)
Train epoch: 320 | Loss: *0.250* | Acc: *91.398%* (45699/50000) 
Test epoch: 320 | Loss: *0.405* | Acc: *86.990%* (8699/10000)
Train epoch: 321 | Loss: *0.259* | Acc: *91.074%* (45537/50000) 
Test epoch: 321 | Loss: *0.452* | Acc: *85.990%* (8599/10000)
Train epoch: 322 | Loss: *0.256* | Acc: *91.290%* (45645/50000) 
Test epoch: 322 | Loss: *0.575* | Acc: *82.030%* (8203/10000)
Train epoch: 323 | Loss: *0.264* | Acc: *90.794%* (45397/50000) 
Test epoch: 323 | Loss: *0.450* | Acc: *85.670%* (8567/10000)
Train epoch: 324 | Loss: *0.265* | Acc: *90.766%* (45383/50000) 
Test epoch: 324 | Loss: *0.684* | Acc: *79.720%* (7972/10000)
Train epoch: 325 | Loss: *0.265* | Acc: *90.952%* (45476/50000) 
Test epoch: 325 | Loss: *0.425* | Acc: *85.960%* (8596/10000)
Train epoch: 326 | Loss: *0.261* | Acc: *91.056%* (45528/50000) 
Test epoch: 326 | Loss: *0.631* | Acc: *81.200%* (8120/10000)
Train epoch: 327 | Loss: *0.271* | Acc: *90.786%* (45393/50000) 
Test epoch: 327 | Loss: *0.445* | Acc: *85.630%* (8563/10000)
Train epoch: 328 | Loss: *0.264* | Acc: *90.862%* (45431/50000) 
Test epoch: 328 | Loss: *0.592* | Acc: *82.500%* (8250/10000)
Train epoch: 329 | Loss: *0.273* | Acc: *90.734%* (45367/50000) 
Test epoch: 329 | Loss: *0.503* | Acc: *84.570%* (8457/10000)
Train epoch: 330 | Loss: *0.271* | Acc: *90.618%* (45309/50000) 
Test epoch: 330 | Loss: *0.502* | Acc: *84.810%* (8481/10000)
Train epoch: 331 | Loss: *0.276* | Acc: *90.540%* (45270/50000) 
Test epoch: 331 | Loss: *0.404* | Acc: *86.870%* (8687/10000)
Train epoch: 332 | Loss: *0.278* | Acc: *90.352%* (45176/50000) 
Test epoch: 332 | Loss: *0.380* | Acc: *87.630%* (8763/10000)
Train epoch: 333 | Loss: *0.274* | Acc: *90.408%* (45204/50000) 
Test epoch: 333 | Loss: *0.444* | Acc: *85.890%* (8589/10000)
Train epoch: 334 | Loss: *0.284* | Acc: *90.278%* (45139/50000) 
Test epoch: 334 | Loss: *0.620* | Acc: *80.190%* (8019/10000)
Train epoch: 335 | Loss: *0.282* | Acc: *90.404%* (45202/50000) 
Test epoch: 335 | Loss: *0.525* | Acc: *83.160%* (8316/10000)
Train epoch: 336 | Loss: *0.277* | Acc: *90.468%* (45234/50000) 
Test epoch: 336 | Loss: *0.624* | Acc: *80.490%* (8049/10000)
Train epoch: 337 | Loss: *0.281* | Acc: *90.394%* (45197/50000) 
Test epoch: 337 | Loss: *0.470* | Acc: *84.740%* (8474/10000)
Train epoch: 338 | Loss: *0.291* | Acc: *89.868%* (44934/50000) 
Test epoch: 338 | Loss: *0.476* | Acc: *85.070%* (8507/10000)
Train epoch: 339 | Loss: *0.291* | Acc: *90.026%* (45013/50000) 
Test epoch: 339 | Loss: *0.495* | Acc: *83.530%* (8353/10000)
Train epoch: 340 | Loss: *0.287* | Acc: *90.288%* (45144/50000) 
Test epoch: 340 | Loss: *0.485* | Acc: *84.550%* (8455/10000)
Train epoch: 341 | Loss: *0.294* | Acc: *89.970%* (44985/50000) 
Test epoch: 341 | Loss: *0.496* | Acc: *84.400%* (8440/10000)
Train epoch: 342 | Loss: *0.293* | Acc: *89.940%* (44970/50000) 
Test epoch: 342 | Loss: *0.501* | Acc: *83.580%* (8358/10000)
Train epoch: 343 | Loss: *0.293* | Acc: *89.860%* (44930/50000) 
Test epoch: 343 | Loss: *0.468* | Acc: *84.710%* (8471/10000)
Train epoch: 344 | Loss: *0.300* | Acc: *89.388%* (44694/50000) 
Test epoch: 344 | Loss: *0.403* | Acc: *86.430%* (8643/10000)
Train epoch: 345 | Loss: *0.295* | Acc: *89.852%* (44926/50000) 
Test epoch: 345 | Loss: *0.443* | Acc: *85.830%* (8583/10000)
Train epoch: 346 | Loss: *0.296* | Acc: *89.718%* (44859/50000) 
Test epoch: 346 | Loss: *0.454* | Acc: *85.140%* (8514/10000)
Train epoch: 347 | Loss: *0.306* | Acc: *89.556%* (44778/50000) 
Test epoch: 347 | Loss: *0.437* | Acc: *85.570%* (8557/10000)
Train epoch: 348 | Loss: *0.295* | Acc: *89.886%* (44943/50000) 
Test epoch: 348 | Loss: *0.581* | Acc: *82.490%* (8249/10000)
Train epoch: 349 | Loss: *0.307* | Acc: *89.482%* (44741/50000) 
Test epoch: 349 | Loss: *0.627* | Acc: *80.220%* (8022/10000)
Train epoch: 350 | Loss: *0.301* | Acc: *89.606%* (44803/50000) 
Test epoch: 350 | Loss: *1.028* | Acc: *72.580%* (7258/10000)
Train epoch: 351 | Loss: *0.299* | Acc: *89.600%* (44800/50000) 
Test epoch: 351 | Loss: *0.573* | Acc: *81.600%* (8160/10000)
Train epoch: 352 | Loss: *0.308* | Acc: *89.500%* (44750/50000) 
Test epoch: 352 | Loss: *0.686* | Acc: *79.410%* (7941/10000)
Train epoch: 353 | Loss: *0.308* | Acc: *89.466%* (44733/50000) 
Test epoch: 353 | Loss: *0.482* | Acc: *84.600%* (8460/10000)
Train epoch: 354 | Loss: *0.305* | Acc: *89.546%* (44773/50000) 
Test epoch: 354 | Loss: *0.494* | Acc: *83.520%* (8352/10000)
Train epoch: 355 | Loss: *0.310* | Acc: *89.486%* (44743/50000) 
Test epoch: 355 | Loss: *0.474* | Acc: *84.220%* (8422/10000)
Train epoch: 356 | Loss: *0.307* | Acc: *89.426%* (44713/50000) 
Test epoch: 356 | Loss: *0.599* | Acc: *81.030%* (8103/10000)
Train epoch: 357 | Loss: *0.320* | Acc: *88.932%* (44466/50000) 
Test epoch: 357 | Loss: *0.409* | Acc: *86.270%* (8627/10000)
Train epoch: 358 | Loss: *0.309* | Acc: *89.324%* (44662/50000) 
Test epoch: 358 | Loss: *0.623* | Acc: *81.430%* (8143/10000)
Train epoch: 359 | Loss: *0.309* | Acc: *89.416%* (44708/50000) 
Test epoch: 359 | Loss: *0.466* | Acc: *85.120%* (8512/10000)
Train epoch: 360 | Loss: *0.312* | Acc: *89.274%* (44637/50000) 
Test epoch: 360 | Loss: *0.495* | Acc: *83.670%* (8367/10000)
Train epoch: 361 | Loss: *0.316* | Acc: *89.180%* (44590/50000) 
Test epoch: 361 | Loss: *0.924* | Acc: *74.080%* (7408/10000)
Train epoch: 362 | Loss: *0.312* | Acc: *89.238%* (44619/50000) 
Test epoch: 362 | Loss: *0.590* | Acc: *82.060%* (8206/10000)
Train epoch: 363 | Loss: *0.312* | Acc: *89.388%* (44694/50000) 
Test epoch: 363 | Loss: *0.504* | Acc: *83.290%* (8329/10000)
Train epoch: 364 | Loss: *0.316* | Acc: *89.184%* (44592/50000) 
Test epoch: 364 | Loss: *0.541* | Acc: *83.080%* (8308/10000)
Train epoch: 365 | Loss: *0.320* | Acc: *89.044%* (44522/50000) 
Test epoch: 365 | Loss: *0.540* | Acc: *82.780%* (8278/10000)
Train epoch: 366 | Loss: *0.315* | Acc: *89.254%* (44627/50000) 
Test epoch: 366 | Loss: *0.505* | Acc: *83.150%* (8315/10000)
Train epoch: 367 | Loss: *0.322* | Acc: *88.992%* (44496/50000) 
Test epoch: 367 | Loss: *0.756* | Acc: *76.070%* (7607/10000)
Train epoch: 368 | Loss: *0.323* | Acc: *89.102%* (44551/50000) 
Test epoch: 368 | Loss: *0.406* | Acc: *86.130%* (8613/10000)
Train epoch: 369 | Loss: *0.323* | Acc: *88.960%* (44480/50000) 
Test epoch: 369 | Loss: *0.449* | Acc: *85.890%* (8589/10000)
Train epoch: 370 | Loss: *0.322* | Acc: *88.944%* (44472/50000) 
Test epoch: 370 | Loss: *0.631* | Acc: *79.950%* (7995/10000)
Train epoch: 371 | Loss: *0.327* | Acc: *88.876%* (44438/50000) 
Test epoch: 371 | Loss: *0.496* | Acc: *83.160%* (8316/10000)
Train epoch: 372 | Loss: *0.325* | Acc: *88.784%* (44392/50000) 
Test epoch: 372 | Loss: *0.613* | Acc: *80.060%* (8006/10000)
Train epoch: 373 | Loss: *0.319* | Acc: *89.076%* (44538/50000) 
Test epoch: 373 | Loss: *0.526* | Acc: *83.120%* (8312/10000)
Train epoch: 374 | Loss: *0.328* | Acc: *88.736%* (44368/50000) 
Test epoch: 374 | Loss: *0.494* | Acc: *83.460%* (8346/10000)
Train epoch: 375 | Loss: *0.326* | Acc: *88.830%* (44415/50000) 
Test epoch: 375 | Loss: *0.672* | Acc: *79.620%* (7962/10000)
Train epoch: 376 | Loss: *0.330* | Acc: *88.684%* (44342/50000) 
Test epoch: 376 | Loss: *0.661* | Acc: *81.240%* (8124/10000)
Train epoch: 377 | Loss: *0.329* | Acc: *88.664%* (44332/50000) 
Test epoch: 377 | Loss: *0.525* | Acc: *82.930%* (8293/10000)
Train epoch: 378 | Loss: *0.327* | Acc: *88.800%* (44400/50000) 
Test epoch: 378 | Loss: *0.874* | Acc: *76.090%* (7609/10000)
Train epoch: 379 | Loss: *0.332* | Acc: *88.646%* (44323/50000) 
Test epoch: 379 | Loss: *0.465* | Acc: *84.140%* (8414/10000)
Train epoch: 380 | Loss: *0.328* | Acc: *88.650%* (44325/50000) 
Test epoch: 380 | Loss: *0.468* | Acc: *84.800%* (8480/10000)
Train epoch: 381 | Loss: *0.333* | Acc: *88.416%* (44208/50000) 
Test epoch: 381 | Loss: *0.607* | Acc: *81.080%* (8108/10000)
Train epoch: 382 | Loss: *0.328* | Acc: *88.694%* (44347/50000) 
Test epoch: 382 | Loss: *0.476* | Acc: *84.650%* (8465/10000)
Train epoch: 383 | Loss: *0.330* | Acc: *88.750%* (44375/50000) 
Test epoch: 383 | Loss: *0.645* | Acc: *81.060%* (8106/10000)
Train epoch: 384 | Loss: *0.330* | Acc: *88.616%* (44308/50000) 
Test epoch: 384 | Loss: *0.627* | Acc: *80.360%* (8036/10000)
Train epoch: 385 | Loss: *0.331* | Acc: *88.726%* (44363/50000) 
Test epoch: 385 | Loss: *0.592* | Acc: *82.240%* (8224/10000)
Train epoch: 386 | Loss: *0.336* | Acc: *88.374%* (44187/50000) 
Test epoch: 386 | Loss: *0.559* | Acc: *82.310%* (8231/10000)
Train epoch: 387 | Loss: *0.334* | Acc: *88.632%* (44316/50000) 
Test epoch: 387 | Loss: *0.778* | Acc: *77.950%* (7795/10000)
Train epoch: 388 | Loss: *0.333* | Acc: *88.544%* (44272/50000) 
Test epoch: 388 | Loss: *0.537* | Acc: *82.400%* (8240/10000)
Train epoch: 389 | Loss: *0.335* | Acc: *88.516%* (44258/50000) 
Test epoch: 389 | Loss: *0.499* | Acc: *83.390%* (8339/10000)
Train epoch: 390 | Loss: *0.333* | Acc: *88.570%* (44285/50000) 
Test epoch: 390 | Loss: *0.738* | Acc: *77.130%* (7713/10000)
Train epoch: 391 | Loss: *0.336* | Acc: *88.632%* (44316/50000) 
Test epoch: 391 | Loss: *0.603* | Acc: *80.220%* (8022/10000)
Train epoch: 392 | Loss: *0.335* | Acc: *88.424%* (44212/50000) 
Test epoch: 392 | Loss: *0.495* | Acc: *83.700%* (8370/10000)
Train epoch: 393 | Loss: *0.336* | Acc: *88.610%* (44305/50000) 
Test epoch: 393 | Loss: *0.541* | Acc: *82.640%* (8264/10000)
Train epoch: 394 | Loss: *0.338* | Acc: *88.548%* (44274/50000) 
Test epoch: 394 | Loss: *0.498* | Acc: *84.320%* (8432/10000)
Train epoch: 395 | Loss: *0.336* | Acc: *88.586%* (44293/50000) 
Test epoch: 395 | Loss: *0.414* | Acc: *85.840%* (8584/10000)
Train epoch: 396 | Loss: *0.334* | Acc: *88.426%* (44213/50000) 
Test epoch: 396 | Loss: *0.665* | Acc: *80.000%* (8000/10000)
Train epoch: 397 | Loss: *0.335* | Acc: *88.564%* (44282/50000) 
Test epoch: 397 | Loss: *0.503* | Acc: *83.620%* (8362/10000)
Train epoch: 398 | Loss: *0.338* | Acc: *88.302%* (44151/50000) 
Test epoch: 398 | Loss: *0.804* | Acc: *77.690%* (7769/10000)
Train epoch: 399 | Loss: *0.337* | Acc: *88.496%* (44248/50000) 
Test epoch: 399 | Loss: *0.591* | Acc: *80.780%* (8078/10000)
Train epoch: 400 | Loss: *0.334* | Acc: *88.606%* (44303/50000) 
Test epoch: 400 | Loss: *0.503* | Acc: *83.750%* (8375/10000)
Train epoch: 401 | Loss: *0.340* | Acc: *88.354%* (44177/50000) 
Test epoch: 401 | Loss: *0.474* | Acc: *84.600%* (8460/10000)
Train epoch: 402 | Loss: *0.335* | Acc: *88.444%* (44222/50000) 
Test epoch: 402 | Loss: *0.705* | Acc: *77.810%* (7781/10000)
Train epoch: 403 | Loss: *0.335* | Acc: *88.554%* (44277/50000) 
Test epoch: 403 | Loss: *0.749* | Acc: *76.870%* (7687/10000)
Train epoch: 404 | Loss: *0.335* | Acc: *88.508%* (44254/50000) 
Test epoch: 404 | Loss: *0.531* | Acc: *82.820%* (8282/10000)
Train epoch: 405 | Loss: *0.334* | Acc: *88.496%* (44248/50000) 
Test epoch: 405 | Loss: *0.556* | Acc: *82.770%* (8277/10000)
Train epoch: 406 | Loss: *0.344* | Acc: *88.372%* (44186/50000) 
Test epoch: 406 | Loss: *0.500* | Acc: *83.340%* (8334/10000)
Train epoch: 407 | Loss: *0.334* | Acc: *88.554%* (44277/50000) 
Test epoch: 407 | Loss: *0.541* | Acc: *82.600%* (8260/10000)
Train epoch: 408 | Loss: *0.334* | Acc: *88.510%* (44255/50000) 
Test epoch: 408 | Loss: *0.562* | Acc: *81.520%* (8152/10000)
Train epoch: 409 | Loss: *0.327* | Acc: *88.654%* (44327/50000) 
Test epoch: 409 | Loss: *0.600* | Acc: *79.780%* (7978/10000)
Train epoch: 410 | Loss: *0.337* | Acc: *88.422%* (44211/50000) 
Test epoch: 410 | Loss: *0.629* | Acc: *80.380%* (8038/10000)
Train epoch: 411 | Loss: *0.336* | Acc: *88.458%* (44229/50000) 
Test epoch: 411 | Loss: *0.492* | Acc: *84.140%* (8414/10000)
Train epoch: 412 | Loss: *0.337* | Acc: *88.486%* (44243/50000) 
Test epoch: 412 | Loss: *0.419* | Acc: *86.210%* (8621/10000)
Train epoch: 413 | Loss: *0.333* | Acc: *88.618%* (44309/50000) 
Test epoch: 413 | Loss: *0.521* | Acc: *83.850%* (8385/10000)
Train epoch: 414 | Loss: *0.328* | Acc: *88.868%* (44434/50000) 
Test epoch: 414 | Loss: *0.477* | Acc: *84.490%* (8449/10000)
Train epoch: 415 | Loss: *0.334* | Acc: *88.468%* (44234/50000) 
Test epoch: 415 | Loss: *0.568* | Acc: *81.490%* (8149/10000)
Train epoch: 416 | Loss: *0.329* | Acc: *88.656%* (44328/50000) 
Test epoch: 416 | Loss: *0.506* | Acc: *83.310%* (8331/10000)
Train epoch: 417 | Loss: *0.335* | Acc: *88.572%* (44286/50000) 
Test epoch: 417 | Loss: *0.470* | Acc: *83.970%* (8397/10000)
Train epoch: 418 | Loss: *0.333* | Acc: *88.488%* (44244/50000) 
Test epoch: 418 | Loss: *0.804* | Acc: *76.470%* (7647/10000)
Train epoch: 419 | Loss: *0.332* | Acc: *88.410%* (44205/50000) 
Test epoch: 419 | Loss: *0.823* | Acc: *76.600%* (7660/10000)
Train epoch: 420 | Loss: *0.331* | Acc: *88.594%* (44297/50000) 
Test epoch: 420 | Loss: *0.536* | Acc: *82.400%* (8240/10000)
Train epoch: 421 | Loss: *0.338* | Acc: *88.524%* (44262/50000) 
Test epoch: 421 | Loss: *0.615* | Acc: *80.860%* (8086/10000)
Train epoch: 422 | Loss: *0.332* | Acc: *88.600%* (44300/50000) 
Test epoch: 422 | Loss: *0.866* | Acc: *76.370%* (7637/10000)
Train epoch: 423 | Loss: *0.328* | Acc: *88.642%* (44321/50000) 
Test epoch: 423 | Loss: *0.905* | Acc: *74.960%* (7496/10000)
Train epoch: 424 | Loss: *0.330* | Acc: *88.718%* (44359/50000) 
Test epoch: 424 | Loss: *0.819* | Acc: *76.300%* (7630/10000)
Train epoch: 425 | Loss: *0.330* | Acc: *88.644%* (44322/50000) 
Test epoch: 425 | Loss: *0.522* | Acc: *83.090%* (8309/10000)
Train epoch: 426 | Loss: *0.328* | Acc: *88.922%* (44461/50000) 
Test epoch: 426 | Loss: *0.919* | Acc: *75.110%* (7511/10000)
Train epoch: 427 | Loss: *0.327* | Acc: *88.578%* (44289/50000) 
Test epoch: 427 | Loss: *0.440* | Acc: *85.200%* (8520/10000)
Train epoch: 428 | Loss: *0.326* | Acc: *88.804%* (44402/50000) 
Test epoch: 428 | Loss: *0.548* | Acc: *82.680%* (8268/10000)
Train epoch: 429 | Loss: *0.332* | Acc: *88.564%* (44282/50000) 
Test epoch: 429 | Loss: *0.524* | Acc: *82.510%* (8251/10000)
Train epoch: 430 | Loss: *0.326* | Acc: *88.772%* (44386/50000) 
Test epoch: 430 | Loss: *0.671* | Acc: *79.430%* (7943/10000)
Train epoch: 431 | Loss: *0.327* | Acc: *88.778%* (44389/50000) 
Test epoch: 431 | Loss: *0.464* | Acc: *84.580%* (8458/10000)
Train epoch: 432 | Loss: *0.323* | Acc: *88.792%* (44396/50000) 
Test epoch: 432 | Loss: *0.498* | Acc: *83.230%* (8323/10000)
Train epoch: 433 | Loss: *0.319* | Acc: *88.970%* (44485/50000) 
Test epoch: 433 | Loss: *0.419* | Acc: *86.190%* (8619/10000)
Train epoch: 434 | Loss: *0.320* | Acc: *89.004%* (44502/50000) 
Test epoch: 434 | Loss: *0.505* | Acc: *83.690%* (8369/10000)
Train epoch: 435 | Loss: *0.326* | Acc: *88.896%* (44448/50000) 
Test epoch: 435 | Loss: *0.515* | Acc: *83.000%* (8300/10000)
Train epoch: 436 | Loss: *0.320* | Acc: *89.092%* (44546/50000) 
Test epoch: 436 | Loss: *0.402* | Acc: *86.410%* (8641/10000)
Train epoch: 437 | Loss: *0.314* | Acc: *89.258%* (44629/50000) 
Test epoch: 437 | Loss: *0.491* | Acc: *83.520%* (8352/10000)
Train epoch: 438 | Loss: *0.317* | Acc: *89.192%* (44596/50000) 
Test epoch: 438 | Loss: *0.464* | Acc: *85.150%* (8515/10000)
Train epoch: 439 | Loss: *0.326* | Acc: *88.884%* (44442/50000) 
Test epoch: 439 | Loss: *0.525* | Acc: *82.600%* (8260/10000)
Train epoch: 440 | Loss: *0.315* | Acc: *89.152%* (44576/50000) 
Test epoch: 440 | Loss: *0.519* | Acc: *83.910%* (8391/10000)
Train epoch: 441 | Loss: *0.321* | Acc: *88.918%* (44459/50000) 
Test epoch: 441 | Loss: *0.447* | Acc: *85.140%* (8514/10000)
Train epoch: 442 | Loss: *0.310* | Acc: *89.304%* (44652/50000) 
Test epoch: 442 | Loss: *1.187* | Acc: *70.630%* (7063/10000)
Train epoch: 443 | Loss: *0.315* | Acc: *89.092%* (44546/50000) 
Test epoch: 443 | Loss: *0.589* | Acc: *81.900%* (8190/10000)
Train epoch: 444 | Loss: *0.315* | Acc: *89.224%* (44612/50000) 
Test epoch: 444 | Loss: *0.502* | Acc: *84.430%* (8443/10000)
Train epoch: 445 | Loss: *0.310* | Acc: *89.326%* (44663/50000) 
Test epoch: 445 | Loss: *0.522* | Acc: *83.020%* (8302/10000)
Train epoch: 446 | Loss: *0.314* | Acc: *89.092%* (44546/50000) 
Test epoch: 446 | Loss: *0.468* | Acc: *84.770%* (8477/10000)
Train epoch: 447 | Loss: *0.311* | Acc: *89.426%* (44713/50000) 
Test epoch: 447 | Loss: *0.500* | Acc: *84.310%* (8431/10000)
Train epoch: 448 | Loss: *0.307* | Acc: *89.452%* (44726/50000) 
Test epoch: 448 | Loss: *0.512* | Acc: *83.590%* (8359/10000)
Train epoch: 449 | Loss: *0.303* | Acc: *89.576%* (44788/50000) 
Test epoch: 449 | Loss: *0.510* | Acc: *83.330%* (8333/10000)
Train epoch: 450 | Loss: *0.300* | Acc: *89.680%* (44840/50000) 
Test epoch: 450 | Loss: *0.490* | Acc: *84.590%* (8459/10000)
Train epoch: 451 | Loss: *0.303* | Acc: *89.540%* (44770/50000) 
Test epoch: 451 | Loss: *0.663* | Acc: *80.050%* (8005/10000)
Train epoch: 452 | Loss: *0.299* | Acc: *89.752%* (44876/50000) 
Test epoch: 452 | Loss: *0.497* | Acc: *84.150%* (8415/10000)
Train epoch: 453 | Loss: *0.299* | Acc: *89.648%* (44824/50000) 
Test epoch: 453 | Loss: *0.481* | Acc: *84.200%* (8420/10000)
Train epoch: 454 | Loss: *0.299* | Acc: *89.660%* (44830/50000) 
Test epoch: 454 | Loss: *0.483* | Acc: *84.010%* (8401/10000)
Train epoch: 455 | Loss: *0.299* | Acc: *89.868%* (44934/50000) 
Test epoch: 455 | Loss: *0.615* | Acc: *80.750%* (8075/10000)
Train epoch: 456 | Loss: *0.297* | Acc: *89.910%* (44955/50000) 
Test epoch: 456 | Loss: *0.449* | Acc: *85.050%* (8505/10000)
Train epoch: 457 | Loss: *0.300* | Acc: *89.704%* (44852/50000) 
Test epoch: 457 | Loss: *0.479* | Acc: *84.770%* (8477/10000)
Train epoch: 458 | Loss: *0.291* | Acc: *90.084%* (45042/50000) 
Test epoch: 458 | Loss: *0.410* | Acc: *86.420%* (8642/10000)
Train epoch: 459 | Loss: *0.293* | Acc: *89.954%* (44977/50000) 
Test epoch: 459 | Loss: *0.520* | Acc: *83.070%* (8307/10000)
Train epoch: 460 | Loss: *0.289* | Acc: *90.072%* (45036/50000) 
Test epoch: 460 | Loss: *0.487* | Acc: *85.040%* (8504/10000)
Train epoch: 461 | Loss: *0.296* | Acc: *89.810%* (44905/50000) 
Test epoch: 461 | Loss: *0.475* | Acc: *84.980%* (8498/10000)
Train epoch: 462 | Loss: *0.293* | Acc: *89.918%* (44959/50000) 
Test epoch: 462 | Loss: *0.581* | Acc: *82.090%* (8209/10000)
Train epoch: 463 | Loss: *0.287* | Acc: *90.182%* (45091/50000) 
Test epoch: 463 | Loss: *0.504* | Acc: *84.050%* (8405/10000)
Train epoch: 464 | Loss: *0.288* | Acc: *90.136%* (45068/50000) 
Test epoch: 464 | Loss: *0.607* | Acc: *81.660%* (8166/10000)
Train epoch: 465 | Loss: *0.285* | Acc: *90.142%* (45071/50000) 
Test epoch: 465 | Loss: *0.631* | Acc: *80.260%* (8026/10000)
Train epoch: 466 | Loss: *0.281* | Acc: *90.326%* (45163/50000) 
Test epoch: 466 | Loss: *0.457* | Acc: *85.170%* (8517/10000)
Train epoch: 467 | Loss: *0.279* | Acc: *90.392%* (45196/50000) 
Test epoch: 467 | Loss: *0.447* | Acc: *85.680%* (8568/10000)
Train epoch: 468 | Loss: *0.282* | Acc: *90.360%* (45180/50000) 
Test epoch: 468 | Loss: *0.551* | Acc: *83.190%* (8319/10000)
Train epoch: 469 | Loss: *0.277* | Acc: *90.484%* (45242/50000) 
Test epoch: 469 | Loss: *0.717* | Acc: *78.910%* (7891/10000)
Train epoch: 470 | Loss: *0.278* | Acc: *90.524%* (45262/50000) 
Test epoch: 470 | Loss: *0.567* | Acc: *83.130%* (8313/10000)
Train epoch: 471 | Loss: *0.276* | Acc: *90.448%* (45224/50000) 
Test epoch: 471 | Loss: *0.504* | Acc: *83.550%* (8355/10000)
Train epoch: 472 | Loss: *0.272* | Acc: *90.584%* (45292/50000) 
Test epoch: 472 | Loss: *0.448* | Acc: *84.860%* (8486/10000)
Train epoch: 473 | Loss: *0.267* | Acc: *90.792%* (45396/50000) 
Test epoch: 473 | Loss: *0.471* | Acc: *84.610%* (8461/10000)
Train epoch: 474 | Loss: *0.273* | Acc: *90.634%* (45317/50000) 
Test epoch: 474 | Loss: *0.471* | Acc: *84.310%* (8431/10000)
Train epoch: 475 | Loss: *0.269* | Acc: *90.772%* (45386/50000) 
Test epoch: 475 | Loss: *0.397* | Acc: *86.870%* (8687/10000)
Train epoch: 476 | Loss: *0.263* | Acc: *90.944%* (45472/50000) 
Test epoch: 476 | Loss: *0.493* | Acc: *84.110%* (8411/10000)
Train epoch: 477 | Loss: *0.261* | Acc: *91.024%* (45512/50000) 
Test epoch: 477 | Loss: *0.423* | Acc: *86.010%* (8601/10000)
Train epoch: 478 | Loss: *0.266* | Acc: *90.818%* (45409/50000) 
Test epoch: 478 | Loss: *0.605* | Acc: *82.330%* (8233/10000)
Train epoch: 479 | Loss: *0.260* | Acc: *91.098%* (45549/50000) 
Test epoch: 479 | Loss: *0.367* | Acc: *87.640%* (8764/10000)
Train epoch: 480 | Loss: *0.253* | Acc: *91.170%* (45585/50000) 
Test epoch: 480 | Loss: *0.383* | Acc: *87.600%* (8760/10000)
Train epoch: 481 | Loss: *0.262* | Acc: *90.902%* (45451/50000) 
Test epoch: 481 | Loss: *0.548* | Acc: *83.840%* (8384/10000)
Train epoch: 482 | Loss: *0.257* | Acc: *91.146%* (45573/50000) 
Test epoch: 482 | Loss: *0.487* | Acc: *84.460%* (8446/10000)
Train epoch: 483 | Loss: *0.250* | Acc: *91.432%* (45716/50000) 
Test epoch: 483 | Loss: *0.705* | Acc: *78.460%* (7846/10000)
Train epoch: 484 | Loss: *0.247* | Acc: *91.500%* (45750/50000) 
Test epoch: 484 | Loss: *0.412* | Acc: *86.500%* (8650/10000)
Train epoch: 485 | Loss: *0.247* | Acc: *91.410%* (45705/50000) 
Test epoch: 485 | Loss: *0.411* | Acc: *86.780%* (8678/10000)
Train epoch: 486 | Loss: *0.246* | Acc: *91.460%* (45730/50000) 
Test epoch: 486 | Loss: *0.372* | Acc: *87.580%* (8758/10000)
Train epoch: 487 | Loss: *0.245* | Acc: *91.426%* (45713/50000) 
Test epoch: 487 | Loss: *0.529* | Acc: *84.920%* (8492/10000)
Train epoch: 488 | Loss: *0.238* | Acc: *91.648%* (45824/50000) 
Test epoch: 488 | Loss: *0.427* | Acc: *86.350%* (8635/10000)
Train epoch: 489 | Loss: *0.238* | Acc: *91.882%* (45941/50000) 
Test epoch: 489 | Loss: *0.545* | Acc: *83.340%* (8334/10000)
Train epoch: 490 | Loss: *0.236* | Acc: *91.894%* (45947/50000) 
Test epoch: 490 | Loss: *0.458* | Acc: *85.590%* (8559/10000)
Train epoch: 491 | Loss: *0.234* | Acc: *91.974%* (45987/50000) 
Test epoch: 491 | Loss: *0.421* | Acc: *86.550%* (8655/10000)
Train epoch: 492 | Loss: *0.230* | Acc: *92.084%* (46042/50000) 
Test epoch: 492 | Loss: *0.521* | Acc: *84.390%* (8439/10000)
Train epoch: 493 | Loss: *0.233* | Acc: *91.958%* (45979/50000) 
Test epoch: 493 | Loss: *0.397* | Acc: *87.220%* (8722/10000)
Train epoch: 494 | Loss: *0.221* | Acc: *92.486%* (46243/50000) 
Test epoch: 494 | Loss: *0.403* | Acc: *87.330%* (8733/10000)
Train epoch: 495 | Loss: *0.226* | Acc: *92.130%* (46065/50000) 
Test epoch: 495 | Loss: *0.383* | Acc: *88.370%* (8837/10000)
Train epoch: 496 | Loss: *0.223* | Acc: *92.516%* (46258/50000) 
Test epoch: 496 | Loss: *0.471* | Acc: *85.710%* (8571/10000)
Train epoch: 497 | Loss: *0.224* | Acc: *92.320%* (46160/50000) 
Test epoch: 497 | Loss: *0.409* | Acc: *86.790%* (8679/10000)
Train epoch: 498 | Loss: *0.213* | Acc: *92.672%* (46336/50000) 
Test epoch: 498 | Loss: *0.363* | Acc: *88.440%* (8844/10000)
Train epoch: 499 | Loss: *0.210* | Acc: *92.686%* (46343/50000) 
Test epoch: 499 | Loss: *0.362* | Acc: *88.560%* (8856/10000)
Train epoch: 500 | Loss: *0.212* | Acc: *92.726%* (46363/50000) 
Test epoch: 500 | Loss: *0.644* | Acc: *81.190%* (8119/10000)
Best test accuracy: *94.430%*, loss: *0.20207621969282627*, at epoch: *228*.
==> Execution time summary of 500 epoch(s).
Train data loading time: sum. *232.63665613066405* secs | avg. *0.4652733122613281* secs per epoch.
Train training time: sum. *1020.682837116532* secs | avg. *2.041365674233064* secs per epoch.
Train total time: sum. *1253.319493247196* secs | avg. *2.506638986494392* secs per epoch.
Test data loading time: sum. *101.73259732872248* secs | avg. *0.20346519465744495* secs per epoch.
Test training time: sum. *78.58468053862453* secs | avg. *0.15716936107724905* secs per epoch.
Test total time: sum. *180.317277867347* secs | avg. *0.360634555734694* secs per epoch.
Total data loading time: sum. *334.3692534593865* secs | avg. *0.668738506918773* secs per epoch.
Total training time: sum. *1099.2675176551566* secs | avg. *2.198535035310313* secs per epoch.
Total running time: sum. *1433.636771114543* secs | avg. *2.867273542229086* secs per epoch.
==> Number of GPU device: 1
==> Device #0 Memory Usage
==> Allocated: 0.1 GB
==> Cached:    1.4 GB
==> Maximum: 1.4 GB
