==> Running on : cuda
==> Number of CPU: 48
==> Number of workers: 2
==> #Epochs: 500, #Layers: 4, #Blocks: [2, 1, 1, 1], In channel: 64, Input layer conv kernel: 11x11, Residual layer conv kernel 3x3, Skip kernel: 1x1, Input layer conv padding: 5, Residual layer conv padding: 1
==> Optimizer is Adagrad
==> Learning rate: 0.01
==> Weight decay: 0.0005
==>Trainable Parameters: 4998730
==>Other Parameters: 0
==>Augmentation: RandomCrop(32, padding=4), RandomHorizontalFlip(), Normalize((0.4914, 0.4822, 0.4465), (0.2023, 0.1994, 0.2010)
Files already downloaded and verified
Train epoch: 1 | Loss: *1.747* | Acc: *35.452%* (17726/50000) 
Test epoch: 1 | Loss: *1.602* | Acc: *41.480%* (4148/10000)
Train epoch: 2 | Loss: *1.412* | Acc: *48.534%* (24267/50000) 
Test epoch: 2 | Loss: *1.415* | Acc: *49.420%* (4942/10000)
Train epoch: 3 | Loss: *1.216* | Acc: *56.358%* (28179/50000) 
Test epoch: 3 | Loss: *1.227* | Acc: *55.180%* (5518/10000)
Train epoch: 4 | Loss: *1.073* | Acc: *61.780%* (30890/50000) 
Test epoch: 4 | Loss: *1.163* | Acc: *59.620%* (5962/10000)
Train epoch: 5 | Loss: *0.961* | Acc: *65.940%* (32970/50000) 
Test epoch: 5 | Loss: *1.189* | Acc: *59.410%* (5941/10000)
Train epoch: 6 | Loss: *0.870* | Acc: *69.316%* (34658/50000) 
Test epoch: 6 | Loss: *0.954* | Acc: *66.770%* (6677/10000)
Train epoch: 7 | Loss: *0.793* | Acc: *72.292%* (36146/50000) 
Test epoch: 7 | Loss: *0.897* | Acc: *69.650%* (6965/10000)
Train epoch: 8 | Loss: *0.731* | Acc: *74.354%* (37177/50000) 
Test epoch: 8 | Loss: *0.854* | Acc: *71.350%* (7135/10000)
Train epoch: 9 | Loss: *0.676* | Acc: *76.596%* (38298/50000) 
Test epoch: 9 | Loss: *0.752* | Acc: *74.390%* (7439/10000)
Train epoch: 10 | Loss: *0.632* | Acc: *78.072%* (39036/50000) 
Test epoch: 10 | Loss: *0.798* | Acc: *73.230%* (7323/10000)
Train epoch: 11 | Loss: *0.596* | Acc: *79.192%* (39596/50000) 
Test epoch: 11 | Loss: *0.760* | Acc: *73.590%* (7359/10000)
Train epoch: 12 | Loss: *0.564* | Acc: *80.420%* (40210/50000) 
Test epoch: 12 | Loss: *0.764* | Acc: *74.250%* (7425/10000)
Train epoch: 13 | Loss: *0.531* | Acc: *81.656%* (40828/50000) 
Test epoch: 13 | Loss: *0.706* | Acc: *76.990%* (7699/10000)
Train epoch: 14 | Loss: *0.506* | Acc: *82.290%* (41145/50000) 
Test epoch: 14 | Loss: *0.589* | Acc: *80.050%* (8005/10000)
Train epoch: 15 | Loss: *0.475* | Acc: *83.520%* (41760/50000) 
Test epoch: 15 | Loss: *0.665* | Acc: *78.400%* (7840/10000)
Train epoch: 16 | Loss: *0.455* | Acc: *84.346%* (42173/50000) 
Test epoch: 16 | Loss: *0.710* | Acc: *76.540%* (7654/10000)
Train epoch: 17 | Loss: *0.438* | Acc: *84.854%* (42427/50000) 
Test epoch: 17 | Loss: *0.695* | Acc: *77.700%* (7770/10000)
Train epoch: 18 | Loss: *0.413* | Acc: *85.682%* (42841/50000) 
Test epoch: 18 | Loss: *0.581* | Acc: *80.680%* (8068/10000)
Train epoch: 19 | Loss: *0.394* | Acc: *86.458%* (43229/50000) 
Test epoch: 19 | Loss: *0.639* | Acc: *79.210%* (7921/10000)
Train epoch: 20 | Loss: *0.373* | Acc: *87.094%* (43547/50000) 
Test epoch: 20 | Loss: *0.561* | Acc: *81.850%* (8185/10000)
Train epoch: 21 | Loss: *0.357* | Acc: *87.658%* (43829/50000) 
Test epoch: 21 | Loss: *0.546* | Acc: *82.650%* (8265/10000)
Train epoch: 22 | Loss: *0.341* | Acc: *88.308%* (44154/50000) 
Test epoch: 22 | Loss: *0.592* | Acc: *81.380%* (8138/10000)
Train epoch: 23 | Loss: *0.327* | Acc: *88.654%* (44327/50000) 
Test epoch: 23 | Loss: *0.591* | Acc: *80.780%* (8078/10000)
Train epoch: 24 | Loss: *0.313* | Acc: *89.256%* (44628/50000) 
Test epoch: 24 | Loss: *0.535* | Acc: *82.940%* (8294/10000)
Train epoch: 25 | Loss: *0.298* | Acc: *89.774%* (44887/50000) 
Test epoch: 25 | Loss: *0.592* | Acc: *81.640%* (8164/10000)
Train epoch: 26 | Loss: *0.283* | Acc: *90.348%* (45174/50000) 
Test epoch: 26 | Loss: *0.541* | Acc: *82.870%* (8287/10000)
Train epoch: 27 | Loss: *0.268* | Acc: *90.804%* (45402/50000) 
Test epoch: 27 | Loss: *0.583* | Acc: *81.760%* (8176/10000)
Train epoch: 28 | Loss: *0.259* | Acc: *91.102%* (45551/50000) 
Test epoch: 28 | Loss: *0.611* | Acc: *81.440%* (8144/10000)
Train epoch: 29 | Loss: *0.248* | Acc: *91.482%* (45741/50000) 
Test epoch: 29 | Loss: *0.526* | Acc: *83.780%* (8378/10000)
Train epoch: 30 | Loss: *0.234* | Acc: *92.026%* (46013/50000) 
Test epoch: 30 | Loss: *0.516* | Acc: *84.510%* (8451/10000)
Train epoch: 31 | Loss: *0.225* | Acc: *92.266%* (46133/50000) 
Test epoch: 31 | Loss: *0.544* | Acc: *83.490%* (8349/10000)
Train epoch: 32 | Loss: *0.212* | Acc: *92.786%* (46393/50000) 
Test epoch: 32 | Loss: *0.529* | Acc: *84.200%* (8420/10000)
Train epoch: 33 | Loss: *0.205* | Acc: *93.034%* (46517/50000) 
Test epoch: 33 | Loss: *0.516* | Acc: *84.470%* (8447/10000)
Train epoch: 34 | Loss: *0.191* | Acc: *93.590%* (46795/50000) 
Test epoch: 34 | Loss: *0.599* | Acc: *83.010%* (8301/10000)
Train epoch: 35 | Loss: *0.180* | Acc: *93.928%* (46964/50000) 
Test epoch: 35 | Loss: *0.507* | Acc: *85.150%* (8515/10000)
Train epoch: 36 | Loss: *0.175* | Acc: *94.138%* (47069/50000) 
Test epoch: 36 | Loss: *0.584* | Acc: *83.770%* (8377/10000)
Train epoch: 37 | Loss: *0.167* | Acc: *94.350%* (47175/50000) 
Test epoch: 37 | Loss: *0.521* | Acc: *84.890%* (8489/10000)
Train epoch: 38 | Loss: *0.156* | Acc: *94.894%* (47447/50000) 
Test epoch: 38 | Loss: *0.551* | Acc: *84.120%* (8412/10000)
Train epoch: 39 | Loss: *0.152* | Acc: *95.024%* (47512/50000) 
Test epoch: 39 | Loss: *0.522* | Acc: *85.110%* (8511/10000)
Train epoch: 40 | Loss: *0.144* | Acc: *95.246%* (47623/50000) 
Test epoch: 40 | Loss: *0.556* | Acc: *84.910%* (8491/10000)
Train epoch: 41 | Loss: *0.136* | Acc: *95.562%* (47781/50000) 
Test epoch: 41 | Loss: *0.512* | Acc: *85.960%* (8596/10000)
Train epoch: 42 | Loss: *0.129* | Acc: *95.734%* (47867/50000) 
Test epoch: 42 | Loss: *0.516* | Acc: *85.860%* (8586/10000)
Train epoch: 43 | Loss: *0.125* | Acc: *95.872%* (47936/50000) 
Test epoch: 43 | Loss: *0.502* | Acc: *85.720%* (8572/10000)
Train epoch: 44 | Loss: *0.117* | Acc: *96.196%* (48098/50000) 
Test epoch: 44 | Loss: *0.541* | Acc: *85.090%* (8509/10000)
Train epoch: 45 | Loss: *0.114* | Acc: *96.158%* (48079/50000) 
Test epoch: 45 | Loss: *0.523* | Acc: *85.700%* (8570/10000)
Train epoch: 46 | Loss: *0.105* | Acc: *96.576%* (48288/50000) 
Test epoch: 46 | Loss: *0.509* | Acc: *85.960%* (8596/10000)
Train epoch: 47 | Loss: *0.100* | Acc: *96.892%* (48446/50000) 
Test epoch: 47 | Loss: *0.568* | Acc: *85.300%* (8530/10000)
Train epoch: 48 | Loss: *0.097* | Acc: *96.934%* (48467/50000) 
Test epoch: 48 | Loss: *0.543* | Acc: *85.180%* (8518/10000)
Train epoch: 49 | Loss: *0.091* | Acc: *97.076%* (48538/50000) 
Test epoch: 49 | Loss: *0.593* | Acc: *84.670%* (8467/10000)
Train epoch: 50 | Loss: *0.089* | Acc: *97.160%* (48580/50000) 
Test epoch: 50 | Loss: *0.556* | Acc: *85.350%* (8535/10000)
Train epoch: 51 | Loss: *0.084* | Acc: *97.312%* (48656/50000) 
Test epoch: 51 | Loss: *0.522* | Acc: *86.120%* (8612/10000)
Train epoch: 52 | Loss: *0.080* | Acc: *97.508%* (48754/50000) 
Test epoch: 52 | Loss: *0.497* | Acc: *86.630%* (8663/10000)
Train epoch: 53 | Loss: *0.075* | Acc: *97.712%* (48856/50000) 
Test epoch: 53 | Loss: *0.533* | Acc: *86.020%* (8602/10000)
Train epoch: 54 | Loss: *0.073* | Acc: *97.654%* (48827/50000) 
Test epoch: 54 | Loss: *0.506* | Acc: *86.390%* (8639/10000)
Train epoch: 55 | Loss: *0.069* | Acc: *97.896%* (48948/50000) 
Test epoch: 55 | Loss: *0.551* | Acc: *85.820%* (8582/10000)
Train epoch: 56 | Loss: *0.069* | Acc: *97.926%* (48963/50000) 
Test epoch: 56 | Loss: *0.516* | Acc: *86.350%* (8635/10000)
Train epoch: 57 | Loss: *0.064* | Acc: *98.140%* (49070/50000) 
Test epoch: 57 | Loss: *0.494* | Acc: *87.370%* (8737/10000)
Train epoch: 58 | Loss: *0.059* | Acc: *98.312%* (49156/50000) 
Test epoch: 58 | Loss: *0.504* | Acc: *86.990%* (8699/10000)
Train epoch: 59 | Loss: *0.057* | Acc: *98.394%* (49197/50000) 
Test epoch: 59 | Loss: *0.508* | Acc: *86.920%* (8692/10000)
Train epoch: 60 | Loss: *0.055* | Acc: *98.468%* (49234/50000) 
Test epoch: 60 | Loss: *0.562* | Acc: *86.080%* (8608/10000)
Train epoch: 61 | Loss: *0.054* | Acc: *98.440%* (49220/50000) 
Test epoch: 61 | Loss: *0.514* | Acc: *86.270%* (8627/10000)
Train epoch: 62 | Loss: *0.051* | Acc: *98.558%* (49279/50000) 
Test epoch: 62 | Loss: *0.563* | Acc: *85.700%* (8570/10000)
Train epoch: 63 | Loss: *0.045* | Acc: *98.772%* (49386/50000) 
Test epoch: 63 | Loss: *0.543* | Acc: *86.500%* (8650/10000)
Train epoch: 64 | Loss: *0.046* | Acc: *98.724%* (49362/50000) 
Test epoch: 64 | Loss: *0.516* | Acc: *87.180%* (8718/10000)
Train epoch: 65 | Loss: *0.044* | Acc: *98.850%* (49425/50000) 
Test epoch: 65 | Loss: *0.565* | Acc: *86.070%* (8607/10000)
Train epoch: 66 | Loss: *0.042* | Acc: *98.892%* (49446/50000) 
Test epoch: 66 | Loss: *0.563* | Acc: *86.060%* (8606/10000)
Train epoch: 67 | Loss: *0.041* | Acc: *98.824%* (49412/50000) 
Test epoch: 67 | Loss: *0.553* | Acc: *86.270%* (8627/10000)
Train epoch: 68 | Loss: *0.040* | Acc: *98.958%* (49479/50000) 
Test epoch: 68 | Loss: *0.502* | Acc: *87.340%* (8734/10000)
Train epoch: 69 | Loss: *0.041* | Acc: *98.840%* (49420/50000) 
Test epoch: 69 | Loss: *0.537* | Acc: *86.690%* (8669/10000)
Train epoch: 70 | Loss: *0.038* | Acc: *99.044%* (49522/50000) 
Test epoch: 70 | Loss: *0.511* | Acc: *87.000%* (8700/10000)
Train epoch: 71 | Loss: *0.033* | Acc: *99.228%* (49614/50000) 
Test epoch: 71 | Loss: *0.548* | Acc: *86.770%* (8677/10000)
Train epoch: 72 | Loss: *0.034* | Acc: *99.184%* (49592/50000) 
Test epoch: 72 | Loss: *0.534* | Acc: *86.340%* (8634/10000)
Train epoch: 73 | Loss: *0.030* | Acc: *99.326%* (49663/50000) 
Test epoch: 73 | Loss: *0.510* | Acc: *87.350%* (8735/10000)
Train epoch: 74 | Loss: *0.030* | Acc: *99.294%* (49647/50000) 
Test epoch: 74 | Loss: *0.530* | Acc: *86.850%* (8685/10000)
Train epoch: 75 | Loss: *0.027* | Acc: *99.408%* (49704/50000) 
Test epoch: 75 | Loss: *0.508* | Acc: *87.540%* (8754/10000)
Train epoch: 76 | Loss: *0.027* | Acc: *99.388%* (49694/50000) 
Test epoch: 76 | Loss: *0.526* | Acc: *87.190%* (8719/10000)
Train epoch: 77 | Loss: *0.025* | Acc: *99.458%* (49729/50000) 
Test epoch: 77 | Loss: *0.519* | Acc: *87.110%* (8711/10000)
Train epoch: 78 | Loss: *0.024* | Acc: *99.528%* (49764/50000) 
Test epoch: 78 | Loss: *0.512* | Acc: *87.630%* (8763/10000)
Train epoch: 79 | Loss: *0.024* | Acc: *99.530%* (49765/50000) 
Test epoch: 79 | Loss: *0.528* | Acc: *87.390%* (8739/10000)
Train epoch: 80 | Loss: *0.024* | Acc: *99.506%* (49753/50000) 
Test epoch: 80 | Loss: *0.510* | Acc: *87.280%* (8728/10000)
Train epoch: 81 | Loss: *0.021* | Acc: *99.592%* (49796/50000) 
Test epoch: 81 | Loss: *0.517* | Acc: *87.280%* (8728/10000)
Train epoch: 82 | Loss: *0.022* | Acc: *99.544%* (49772/50000) 
Test epoch: 82 | Loss: *0.519* | Acc: *87.710%* (8771/10000)
Train epoch: 83 | Loss: *0.022* | Acc: *99.572%* (49786/50000) 
Test epoch: 83 | Loss: *0.524* | Acc: *86.920%* (8692/10000)
Train epoch: 84 | Loss: *0.020* | Acc: *99.634%* (49817/50000) 
Test epoch: 84 | Loss: *0.528* | Acc: *87.140%* (8714/10000)
Train epoch: 85 | Loss: *0.019* | Acc: *99.644%* (49822/50000) 
Test epoch: 85 | Loss: *0.519* | Acc: *87.320%* (8732/10000)
Train epoch: 86 | Loss: *0.018* | Acc: *99.706%* (49853/50000) 
Test epoch: 86 | Loss: *0.514* | Acc: *87.270%* (8727/10000)
Train epoch: 87 | Loss: *0.019* | Acc: *99.656%* (49828/50000) 
Test epoch: 87 | Loss: *0.512* | Acc: *87.380%* (8738/10000)
Train epoch: 88 | Loss: *0.018* | Acc: *99.692%* (49846/50000) 
Test epoch: 88 | Loss: *0.515* | Acc: *87.510%* (8751/10000)
Train epoch: 89 | Loss: *0.018* | Acc: *99.670%* (49835/50000) 
Test epoch: 89 | Loss: *0.532* | Acc: *87.050%* (8705/10000)
Train epoch: 90 | Loss: *0.017* | Acc: *99.702%* (49851/50000) 
Test epoch: 90 | Loss: *0.578* | Acc: *86.700%* (8670/10000)
Train epoch: 91 | Loss: *0.015* | Acc: *99.750%* (49875/50000) 
Test epoch: 91 | Loss: *0.524* | Acc: *87.540%* (8754/10000)
Train epoch: 92 | Loss: *0.015* | Acc: *99.766%* (49883/50000) 
Test epoch: 92 | Loss: *0.527* | Acc: *87.240%* (8724/10000)
Train epoch: 93 | Loss: *0.015* | Acc: *99.764%* (49882/50000) 
Test epoch: 93 | Loss: *0.514* | Acc: *87.330%* (8733/10000)
Train epoch: 94 | Loss: *0.015* | Acc: *99.754%* (49877/50000) 
Test epoch: 94 | Loss: *0.515* | Acc: *87.610%* (8761/10000)
Train epoch: 95 | Loss: *0.014* | Acc: *99.802%* (49901/50000) 
Test epoch: 95 | Loss: *0.515* | Acc: *87.580%* (8758/10000)
Train epoch: 96 | Loss: *0.015* | Acc: *99.764%* (49882/50000) 
Test epoch: 96 | Loss: *0.504* | Acc: *87.760%* (8776/10000)
Train epoch: 97 | Loss: *0.013* | Acc: *99.818%* (49909/50000) 
Test epoch: 97 | Loss: *0.514* | Acc: *87.670%* (8767/10000)
Train epoch: 98 | Loss: *0.014* | Acc: *99.804%* (49902/50000) 
Test epoch: 98 | Loss: *0.511* | Acc: *87.770%* (8777/10000)
Train epoch: 99 | Loss: *0.013* | Acc: *99.844%* (49922/50000) 
Test epoch: 99 | Loss: *0.512* | Acc: *87.540%* (8754/10000)
Train epoch: 100 | Loss: *0.012* | Acc: *99.826%* (49913/50000) 
Test epoch: 100 | Loss: *0.501* | Acc: *87.680%* (8768/10000)
Train epoch: 101 | Loss: *0.012* | Acc: *99.864%* (49932/50000) 
Test epoch: 101 | Loss: *0.500* | Acc: *87.780%* (8778/10000)
Train epoch: 102 | Loss: *0.011* | Acc: *99.890%* (49945/50000) 
Test epoch: 102 | Loss: *0.513* | Acc: *87.560%* (8756/10000)
Train epoch: 103 | Loss: *0.011* | Acc: *99.846%* (49923/50000) 
Test epoch: 103 | Loss: *0.572* | Acc: *87.050%* (8705/10000)
Train epoch: 104 | Loss: *0.011* | Acc: *99.860%* (49930/50000) 
Test epoch: 104 | Loss: *0.512* | Acc: *87.770%* (8777/10000)
Train epoch: 105 | Loss: *0.010* | Acc: *99.896%* (49948/50000) 
Test epoch: 105 | Loss: *0.522* | Acc: *87.460%* (8746/10000)
Train epoch: 106 | Loss: *0.010* | Acc: *99.880%* (49940/50000) 
Test epoch: 106 | Loss: *0.513* | Acc: *87.580%* (8758/10000)
Train epoch: 107 | Loss: *0.010* | Acc: *99.882%* (49941/50000) 
Test epoch: 107 | Loss: *0.518* | Acc: *87.610%* (8761/10000)
Train epoch: 108 | Loss: *0.011* | Acc: *99.882%* (49941/50000) 
Test epoch: 108 | Loss: *0.515* | Acc: *87.420%* (8742/10000)
Train epoch: 109 | Loss: *0.010* | Acc: *99.926%* (49963/50000) 
Test epoch: 109 | Loss: *0.510* | Acc: *87.830%* (8783/10000)
Train epoch: 110 | Loss: *0.010* | Acc: *99.892%* (49946/50000) 
Test epoch: 110 | Loss: *0.506* | Acc: *87.790%* (8779/10000)
Train epoch: 111 | Loss: *0.009* | Acc: *99.928%* (49964/50000) 
Test epoch: 111 | Loss: *0.496* | Acc: *87.950%* (8795/10000)
Train epoch: 112 | Loss: *0.009* | Acc: *99.920%* (49960/50000) 
Test epoch: 112 | Loss: *0.500* | Acc: *87.890%* (8789/10000)
Train epoch: 113 | Loss: *0.009* | Acc: *99.924%* (49962/50000) 
Test epoch: 113 | Loss: *0.501* | Acc: *87.840%* (8784/10000)
Train epoch: 114 | Loss: *0.008* | Acc: *99.938%* (49969/50000) 
Test epoch: 114 | Loss: *0.502* | Acc: *87.940%* (8794/10000)
Train epoch: 115 | Loss: *0.009* | Acc: *99.936%* (49968/50000) 
Test epoch: 115 | Loss: *0.498* | Acc: *87.570%* (8757/10000)
Train epoch: 116 | Loss: *0.008* | Acc: *99.948%* (49974/50000) 
Test epoch: 116 | Loss: *0.499* | Acc: *87.640%* (8764/10000)
Train epoch: 117 | Loss: *0.008* | Acc: *99.942%* (49971/50000) 
Test epoch: 117 | Loss: *0.501* | Acc: *87.780%* (8778/10000)
Train epoch: 118 | Loss: *0.008* | Acc: *99.940%* (49970/50000) 
Test epoch: 118 | Loss: *0.496* | Acc: *88.000%* (8800/10000)
Train epoch: 119 | Loss: *0.008* | Acc: *99.954%* (49977/50000) 
Test epoch: 119 | Loss: *0.498* | Acc: *87.930%* (8793/10000)
Train epoch: 120 | Loss: *0.008* | Acc: *99.946%* (49973/50000) 
Test epoch: 120 | Loss: *0.500* | Acc: *87.820%* (8782/10000)
Train epoch: 121 | Loss: *0.008* | Acc: *99.966%* (49983/50000) 
Test epoch: 121 | Loss: *0.489* | Acc: *88.080%* (8808/10000)
Train epoch: 122 | Loss: *0.008* | Acc: *99.946%* (49973/50000) 
Test epoch: 122 | Loss: *0.490* | Acc: *87.930%* (8793/10000)
Train epoch: 123 | Loss: *0.007* | Acc: *99.970%* (49985/50000) 
Test epoch: 123 | Loss: *0.490* | Acc: *87.690%* (8769/10000)
Train epoch: 124 | Loss: *0.007* | Acc: *99.956%* (49978/50000) 
Test epoch: 124 | Loss: *0.492* | Acc: *88.060%* (8806/10000)
Train epoch: 125 | Loss: *0.007* | Acc: *99.970%* (49985/50000) 
Test epoch: 125 | Loss: *0.486* | Acc: *88.030%* (8803/10000)
Train epoch: 126 | Loss: *0.007* | Acc: *99.972%* (49986/50000) 
Test epoch: 126 | Loss: *0.499* | Acc: *87.770%* (8777/10000)
Train epoch: 127 | Loss: *0.007* | Acc: *99.962%* (49981/50000) 
Test epoch: 127 | Loss: *0.489* | Acc: *88.010%* (8801/10000)
Train epoch: 128 | Loss: *0.007* | Acc: *99.966%* (49983/50000) 
Test epoch: 128 | Loss: *0.491* | Acc: *87.980%* (8798/10000)
Train epoch: 129 | Loss: *0.007* | Acc: *99.958%* (49979/50000) 
Test epoch: 129 | Loss: *0.488* | Acc: *87.830%* (8783/10000)
Train epoch: 130 | Loss: *0.007* | Acc: *99.952%* (49976/50000) 
Test epoch: 130 | Loss: *0.491* | Acc: *87.960%* (8796/10000)
Train epoch: 131 | Loss: *0.007* | Acc: *99.970%* (49985/50000) 
Test epoch: 131 | Loss: *0.487* | Acc: *88.160%* (8816/10000)
Train epoch: 132 | Loss: *0.007* | Acc: *99.964%* (49982/50000) 
Test epoch: 132 | Loss: *0.485* | Acc: *87.910%* (8791/10000)
Train epoch: 133 | Loss: *0.007* | Acc: *99.956%* (49978/50000) 
Test epoch: 133 | Loss: *0.492* | Acc: *87.980%* (8798/10000)
Train epoch: 134 | Loss: *0.006* | Acc: *99.984%* (49992/50000) 
Test epoch: 134 | Loss: *0.495* | Acc: *87.840%* (8784/10000)
Train epoch: 135 | Loss: *0.006* | Acc: *99.974%* (49987/50000) 
Test epoch: 135 | Loss: *0.485* | Acc: *88.070%* (8807/10000)
Train epoch: 136 | Loss: *0.007* | Acc: *99.968%* (49984/50000) 
Test epoch: 136 | Loss: *0.486* | Acc: *87.860%* (8786/10000)
Train epoch: 137 | Loss: *0.006* | Acc: *99.972%* (49986/50000) 
Test epoch: 137 | Loss: *0.493* | Acc: *87.870%* (8787/10000)
Train epoch: 138 | Loss: *0.006* | Acc: *99.980%* (49990/50000) 
Test epoch: 138 | Loss: *0.487* | Acc: *88.000%* (8800/10000)
Train epoch: 139 | Loss: *0.006* | Acc: *99.986%* (49993/50000) 
Test epoch: 139 | Loss: *0.485* | Acc: *88.080%* (8808/10000)
Train epoch: 140 | Loss: *0.006* | Acc: *99.982%* (49991/50000) 
Test epoch: 140 | Loss: *0.488* | Acc: *87.980%* (8798/10000)
Train epoch: 141 | Loss: *0.006* | Acc: *99.980%* (49990/50000) 
Test epoch: 141 | Loss: *0.483* | Acc: *88.090%* (8809/10000)
Train epoch: 142 | Loss: *0.006* | Acc: *99.974%* (49987/50000) 
Test epoch: 142 | Loss: *0.486* | Acc: *87.890%* (8789/10000)
Train epoch: 143 | Loss: *0.006* | Acc: *99.976%* (49988/50000) 
Test epoch: 143 | Loss: *0.487* | Acc: *87.850%* (8785/10000)
Train epoch: 144 | Loss: *0.006* | Acc: *99.978%* (49989/50000) 
Test epoch: 144 | Loss: *0.483* | Acc: *87.940%* (8794/10000)
Train epoch: 145 | Loss: *0.006* | Acc: *99.982%* (49991/50000) 
Test epoch: 145 | Loss: *0.480* | Acc: *87.930%* (8793/10000)
Train epoch: 146 | Loss: *0.006* | Acc: *99.978%* (49989/50000) 
Test epoch: 146 | Loss: *0.486* | Acc: *87.950%* (8795/10000)
Train epoch: 147 | Loss: *0.006* | Acc: *99.980%* (49990/50000) 
Test epoch: 147 | Loss: *0.484* | Acc: *87.990%* (8799/10000)
Train epoch: 148 | Loss: *0.006* | Acc: *99.982%* (49991/50000) 
Test epoch: 148 | Loss: *0.484* | Acc: *87.890%* (8789/10000)
Train epoch: 149 | Loss: *0.005* | Acc: *99.982%* (49991/50000) 
Test epoch: 149 | Loss: *0.482* | Acc: *88.160%* (8816/10000)
Train epoch: 150 | Loss: *0.005* | Acc: *99.984%* (49992/50000) 
Test epoch: 150 | Loss: *0.487* | Acc: *87.890%* (8789/10000)
Train epoch: 151 | Loss: *0.005* | Acc: *99.986%* (49993/50000) 
Test epoch: 151 | Loss: *0.485* | Acc: *88.060%* (8806/10000)
Train epoch: 152 | Loss: *0.005* | Acc: *99.986%* (49993/50000) 
Test epoch: 152 | Loss: *0.487* | Acc: *87.920%* (8792/10000)
Train epoch: 153 | Loss: *0.006* | Acc: *99.972%* (49986/50000) 
Test epoch: 153 | Loss: *0.480* | Acc: *87.970%* (8797/10000)
Train epoch: 154 | Loss: *0.005* | Acc: *99.992%* (49996/50000) 
Test epoch: 154 | Loss: *0.482* | Acc: *87.890%* (8789/10000)
Train epoch: 155 | Loss: *0.005* | Acc: *99.988%* (49994/50000) 
Test epoch: 155 | Loss: *0.480* | Acc: *88.080%* (8808/10000)
Train epoch: 156 | Loss: *0.005* | Acc: *99.982%* (49991/50000) 
Test epoch: 156 | Loss: *0.480* | Acc: *88.050%* (8805/10000)
Train epoch: 157 | Loss: *0.005* | Acc: *99.986%* (49993/50000) 
Test epoch: 157 | Loss: *0.478* | Acc: *88.130%* (8813/10000)
Train epoch: 158 | Loss: *0.005* | Acc: *99.984%* (49992/50000) 
Test epoch: 158 | Loss: *0.481* | Acc: *88.060%* (8806/10000)
Train epoch: 159 | Loss: *0.005* | Acc: *99.990%* (49995/50000) 
Test epoch: 159 | Loss: *0.476* | Acc: *88.080%* (8808/10000)
Train epoch: 160 | Loss: *0.005* | Acc: *99.990%* (49995/50000) 
Test epoch: 160 | Loss: *0.480* | Acc: *88.020%* (8802/10000)
Train epoch: 161 | Loss: *0.005* | Acc: *99.990%* (49995/50000) 
Test epoch: 161 | Loss: *0.481* | Acc: *88.120%* (8812/10000)
Train epoch: 162 | Loss: *0.005* | Acc: *99.992%* (49996/50000) 
Test epoch: 162 | Loss: *0.479* | Acc: *88.210%* (8821/10000)
Train epoch: 163 | Loss: *0.005* | Acc: *99.982%* (49991/50000) 
Test epoch: 163 | Loss: *0.480* | Acc: *88.120%* (8812/10000)
Train epoch: 164 | Loss: *0.005* | Acc: *99.996%* (49998/50000) 
Test epoch: 164 | Loss: *0.480* | Acc: *88.080%* (8808/10000)
Train epoch: 165 | Loss: *0.005* | Acc: *99.986%* (49993/50000) 
Test epoch: 165 | Loss: *0.481* | Acc: *88.040%* (8804/10000)
Train epoch: 166 | Loss: *0.005* | Acc: *99.990%* (49995/50000) 
Test epoch: 166 | Loss: *0.480* | Acc: *87.890%* (8789/10000)
Train epoch: 167 | Loss: *0.005* | Acc: *99.984%* (49992/50000) 
Test epoch: 167 | Loss: *0.478* | Acc: *87.960%* (8796/10000)
Train epoch: 168 | Loss: *0.005* | Acc: *99.984%* (49992/50000) 
Test epoch: 168 | Loss: *0.482* | Acc: *87.970%* (8797/10000)
Train epoch: 169 | Loss: *0.005* | Acc: *99.994%* (49997/50000) 
Test epoch: 169 | Loss: *0.476* | Acc: *88.090%* (8809/10000)
Train epoch: 170 | Loss: *0.005* | Acc: *99.988%* (49994/50000) 
Test epoch: 170 | Loss: *0.482* | Acc: *87.970%* (8797/10000)
Train epoch: 171 | Loss: *0.005* | Acc: *99.986%* (49993/50000) 
Test epoch: 171 | Loss: *0.479* | Acc: *87.830%* (8783/10000)
Train epoch: 172 | Loss: *0.005* | Acc: *99.996%* (49998/50000) 
Test epoch: 172 | Loss: *0.480* | Acc: *87.970%* (8797/10000)
Train epoch: 173 | Loss: *0.005* | Acc: *99.990%* (49995/50000) 
Test epoch: 173 | Loss: *0.480* | Acc: *88.010%* (8801/10000)
Train epoch: 174 | Loss: *0.005* | Acc: *99.986%* (49993/50000) 
Test epoch: 174 | Loss: *0.479* | Acc: *87.990%* (8799/10000)
Train epoch: 175 | Loss: *0.005* | Acc: *99.992%* (49996/50000) 
Test epoch: 175 | Loss: *0.481* | Acc: *87.950%* (8795/10000)
Train epoch: 176 | Loss: *0.005* | Acc: *99.992%* (49996/50000) 
Test epoch: 176 | Loss: *0.479* | Acc: *88.030%* (8803/10000)
Train epoch: 177 | Loss: *0.005* | Acc: *99.990%* (49995/50000) 
Test epoch: 177 | Loss: *0.481* | Acc: *88.040%* (8804/10000)
Train epoch: 178 | Loss: *0.005* | Acc: *99.994%* (49997/50000) 
Test epoch: 178 | Loss: *0.479* | Acc: *88.080%* (8808/10000)
Train epoch: 179 | Loss: *0.005* | Acc: *99.990%* (49995/50000) 
Test epoch: 179 | Loss: *0.480* | Acc: *87.930%* (8793/10000)
Train epoch: 180 | Loss: *0.005* | Acc: *99.986%* (49993/50000) 
Test epoch: 180 | Loss: *0.479* | Acc: *88.020%* (8802/10000)
Train epoch: 181 | Loss: *0.005* | Acc: *99.986%* (49993/50000) 
Test epoch: 181 | Loss: *0.480* | Acc: *87.960%* (8796/10000)
Train epoch: 182 | Loss: *0.005* | Acc: *99.988%* (49994/50000) 
Test epoch: 182 | Loss: *0.476* | Acc: *87.970%* (8797/10000)
Train epoch: 183 | Loss: *0.005* | Acc: *99.986%* (49993/50000) 
Test epoch: 183 | Loss: *0.476* | Acc: *87.950%* (8795/10000)
Train epoch: 184 | Loss: *0.005* | Acc: *99.996%* (49998/50000) 
Test epoch: 184 | Loss: *0.482* | Acc: *88.010%* (8801/10000)
Train epoch: 185 | Loss: *0.005* | Acc: *99.990%* (49995/50000) 
Test epoch: 185 | Loss: *0.479* | Acc: *88.000%* (8800/10000)
Train epoch: 186 | Loss: *0.005* | Acc: *99.998%* (49999/50000) 
Test epoch: 186 | Loss: *0.479* | Acc: *88.060%* (8806/10000)
Train epoch: 187 | Loss: *0.005* | Acc: *100.000%* (50000/50000) 
Test epoch: 187 | Loss: *0.477* | Acc: *88.010%* (8801/10000)
Train epoch: 188 | Loss: *0.005* | Acc: *99.990%* (49995/50000) 
Test epoch: 188 | Loss: *0.480* | Acc: *88.080%* (8808/10000)
Train epoch: 189 | Loss: *0.005* | Acc: *99.992%* (49996/50000) 
Test epoch: 189 | Loss: *0.480* | Acc: *88.120%* (8812/10000)
Train epoch: 190 | Loss: *0.005* | Acc: *99.998%* (49999/50000) 
Test epoch: 190 | Loss: *0.480* | Acc: *88.000%* (8800/10000)
Train epoch: 191 | Loss: *0.005* | Acc: *99.990%* (49995/50000) 
Test epoch: 191 | Loss: *0.480* | Acc: *88.000%* (8800/10000)
Train epoch: 192 | Loss: *0.005* | Acc: *99.994%* (49997/50000) 
Test epoch: 192 | Loss: *0.481* | Acc: *88.070%* (8807/10000)
Train epoch: 193 | Loss: *0.005* | Acc: *99.994%* (49997/50000) 
Test epoch: 193 | Loss: *0.481* | Acc: *88.130%* (8813/10000)
Train epoch: 194 | Loss: *0.005* | Acc: *99.988%* (49994/50000) 
Test epoch: 194 | Loss: *0.481* | Acc: *88.060%* (8806/10000)
Train epoch: 195 | Loss: *0.005* | Acc: *99.986%* (49993/50000) 
Test epoch: 195 | Loss: *0.478* | Acc: *87.890%* (8789/10000)
Train epoch: 196 | Loss: *0.005* | Acc: *99.990%* (49995/50000) 
Test epoch: 196 | Loss: *0.478* | Acc: *88.080%* (8808/10000)
Train epoch: 197 | Loss: *0.005* | Acc: *99.992%* (49996/50000) 
Test epoch: 197 | Loss: *0.480* | Acc: *88.010%* (8801/10000)
Train epoch: 198 | Loss: *0.004* | Acc: *99.998%* (49999/50000) 
Test epoch: 198 | Loss: *0.477* | Acc: *88.100%* (8810/10000)
Train epoch: 199 | Loss: *0.005* | Acc: *99.994%* (49997/50000) 
Test epoch: 199 | Loss: *0.479* | Acc: *87.920%* (8792/10000)
Train epoch: 200 | Loss: *0.005* | Acc: *99.992%* (49996/50000) 
Test epoch: 200 | Loss: *0.477* | Acc: *88.090%* (8809/10000)
Train epoch: 201 | Loss: *0.005* | Acc: *99.992%* (49996/50000) 
Test epoch: 201 | Loss: *0.479* | Acc: *87.970%* (8797/10000)
Train epoch: 202 | Loss: *0.005* | Acc: *99.996%* (49998/50000) 
Test epoch: 202 | Loss: *0.483* | Acc: *88.020%* (8802/10000)
Train epoch: 203 | Loss: *0.005* | Acc: *99.986%* (49993/50000) 
Test epoch: 203 | Loss: *0.478* | Acc: *88.120%* (8812/10000)
Train epoch: 204 | Loss: *0.005* | Acc: *99.992%* (49996/50000) 
Test epoch: 204 | Loss: *0.477* | Acc: *88.110%* (8811/10000)
Train epoch: 205 | Loss: *0.005* | Acc: *99.998%* (49999/50000) 
Test epoch: 205 | Loss: *0.479* | Acc: *88.000%* (8800/10000)
Train epoch: 206 | Loss: *0.005* | Acc: *99.996%* (49998/50000) 
Test epoch: 206 | Loss: *0.477* | Acc: *88.070%* (8807/10000)
Train epoch: 207 | Loss: *0.005* | Acc: *99.994%* (49997/50000) 
Test epoch: 207 | Loss: *0.481* | Acc: *87.970%* (8797/10000)
Train epoch: 208 | Loss: *0.005* | Acc: *99.998%* (49999/50000) 
Test epoch: 208 | Loss: *0.476* | Acc: *88.100%* (8810/10000)
Train epoch: 209 | Loss: *0.005* | Acc: *99.996%* (49998/50000) 
Test epoch: 209 | Loss: *0.481* | Acc: *87.880%* (8788/10000)
Train epoch: 210 | Loss: *0.005* | Acc: *99.990%* (49995/50000) 
Test epoch: 210 | Loss: *0.477* | Acc: *88.030%* (8803/10000)
Train epoch: 211 | Loss: *0.005* | Acc: *99.986%* (49993/50000) 
Test epoch: 211 | Loss: *0.482* | Acc: *87.870%* (8787/10000)
Train epoch: 212 | Loss: *0.005* | Acc: *99.994%* (49997/50000) 
Test epoch: 212 | Loss: *0.476* | Acc: *88.030%* (8803/10000)
Train epoch: 213 | Loss: *0.005* | Acc: *99.996%* (49998/50000) 
Test epoch: 213 | Loss: *0.477* | Acc: *87.930%* (8793/10000)
Train epoch: 214 | Loss: *0.005* | Acc: *99.994%* (49997/50000) 
Test epoch: 214 | Loss: *0.477* | Acc: *88.070%* (8807/10000)
Train epoch: 215 | Loss: *0.005* | Acc: *99.990%* (49995/50000) 
Test epoch: 215 | Loss: *0.476* | Acc: *87.980%* (8798/10000)
Train epoch: 216 | Loss: *0.005* | Acc: *99.994%* (49997/50000) 
Test epoch: 216 | Loss: *0.478* | Acc: *88.020%* (8802/10000)
Train epoch: 217 | Loss: *0.005* | Acc: *99.992%* (49996/50000) 
Test epoch: 217 | Loss: *0.478* | Acc: *88.080%* (8808/10000)
Train epoch: 218 | Loss: *0.005* | Acc: *99.994%* (49997/50000) 
Test epoch: 218 | Loss: *0.475* | Acc: *88.160%* (8816/10000)
Train epoch: 219 | Loss: *0.005* | Acc: *99.996%* (49998/50000) 
Test epoch: 219 | Loss: *0.480* | Acc: *88.040%* (8804/10000)
Train epoch: 220 | Loss: *0.005* | Acc: *99.994%* (49997/50000) 
Test epoch: 220 | Loss: *0.477* | Acc: *87.990%* (8799/10000)
Train epoch: 221 | Loss: *0.005* | Acc: *99.992%* (49996/50000) 
Test epoch: 221 | Loss: *0.480* | Acc: *87.850%* (8785/10000)
Train epoch: 222 | Loss: *0.005* | Acc: *99.996%* (49998/50000) 
Test epoch: 222 | Loss: *0.480* | Acc: *87.870%* (8787/10000)
Train epoch: 223 | Loss: *0.005* | Acc: *99.986%* (49993/50000) 
Test epoch: 223 | Loss: *0.475* | Acc: *88.130%* (8813/10000)
Train epoch: 224 | Loss: *0.005* | Acc: *99.992%* (49996/50000) 
Test epoch: 224 | Loss: *0.472* | Acc: *88.020%* (8802/10000)
Train epoch: 225 | Loss: *0.005* | Acc: *99.992%* (49996/50000) 
Test epoch: 225 | Loss: *0.479* | Acc: *88.000%* (8800/10000)
Train epoch: 226 | Loss: *0.005* | Acc: *100.000%* (50000/50000) 
Test epoch: 226 | Loss: *0.475* | Acc: *88.120%* (8812/10000)
Train epoch: 227 | Loss: *0.005* | Acc: *99.994%* (49997/50000) 
Test epoch: 227 | Loss: *0.479* | Acc: *88.080%* (8808/10000)
Train epoch: 228 | Loss: *0.005* | Acc: *99.992%* (49996/50000) 
Test epoch: 228 | Loss: *0.481* | Acc: *88.150%* (8815/10000)
Train epoch: 229 | Loss: *0.005* | Acc: *99.994%* (49997/50000) 
Test epoch: 229 | Loss: *0.479* | Acc: *88.030%* (8803/10000)
Train epoch: 230 | Loss: *0.005* | Acc: *99.996%* (49998/50000) 
Test epoch: 230 | Loss: *0.481* | Acc: *88.000%* (8800/10000)
Train epoch: 231 | Loss: *0.005* | Acc: *99.992%* (49996/50000) 
Test epoch: 231 | Loss: *0.481* | Acc: *88.070%* (8807/10000)
Train epoch: 232 | Loss: *0.005* | Acc: *99.996%* (49998/50000) 
Test epoch: 232 | Loss: *0.480* | Acc: *87.970%* (8797/10000)
Train epoch: 233 | Loss: *0.005* | Acc: *99.988%* (49994/50000) 
Test epoch: 233 | Loss: *0.476* | Acc: *88.110%* (8811/10000)
Train epoch: 234 | Loss: *0.005* | Acc: *99.994%* (49997/50000) 
Test epoch: 234 | Loss: *0.481* | Acc: *87.950%* (8795/10000)
Train epoch: 235 | Loss: *0.005* | Acc: *99.996%* (49998/50000) 
Test epoch: 235 | Loss: *0.480* | Acc: *87.900%* (8790/10000)
Train epoch: 236 | Loss: *0.005* | Acc: *99.996%* (49998/50000) 
Test epoch: 236 | Loss: *0.475* | Acc: *87.970%* (8797/10000)
Train epoch: 237 | Loss: *0.005* | Acc: *99.994%* (49997/50000) 
Test epoch: 237 | Loss: *0.479* | Acc: *88.120%* (8812/10000)
Train epoch: 238 | Loss: *0.005* | Acc: *99.998%* (49999/50000) 
Test epoch: 238 | Loss: *0.479* | Acc: *87.940%* (8794/10000)
Train epoch: 239 | Loss: *0.005* | Acc: *99.992%* (49996/50000) 
Test epoch: 239 | Loss: *0.476* | Acc: *87.820%* (8782/10000)
Train epoch: 240 | Loss: *0.005* | Acc: *99.984%* (49992/50000) 
Test epoch: 240 | Loss: *0.479* | Acc: *87.930%* (8793/10000)
Train epoch: 241 | Loss: *0.005* | Acc: *99.992%* (49996/50000) 
Test epoch: 241 | Loss: *0.481* | Acc: *88.080%* (8808/10000)
Train epoch: 242 | Loss: *0.005* | Acc: *99.994%* (49997/50000) 
Test epoch: 242 | Loss: *0.477* | Acc: *88.100%* (8810/10000)
Train epoch: 243 | Loss: *0.005* | Acc: *99.996%* (49998/50000) 
Test epoch: 243 | Loss: *0.481* | Acc: *87.870%* (8787/10000)
Train epoch: 244 | Loss: *0.005* | Acc: *99.996%* (49998/50000) 
Test epoch: 244 | Loss: *0.481* | Acc: *87.980%* (8798/10000)
Train epoch: 245 | Loss: *0.005* | Acc: *99.990%* (49995/50000) 
Test epoch: 245 | Loss: *0.477* | Acc: *88.110%* (8811/10000)
Train epoch: 246 | Loss: *0.005* | Acc: *99.998%* (49999/50000) 
Test epoch: 246 | Loss: *0.477* | Acc: *88.000%* (8800/10000)
Train epoch: 247 | Loss: *0.005* | Acc: *100.000%* (50000/50000) 
Test epoch: 247 | Loss: *0.481* | Acc: *87.820%* (8782/10000)
Train epoch: 248 | Loss: *0.005* | Acc: *99.994%* (49997/50000) 
Test epoch: 248 | Loss: *0.479* | Acc: *87.870%* (8787/10000)
Train epoch: 249 | Loss: *0.005* | Acc: *99.992%* (49996/50000) 
Test epoch: 249 | Loss: *0.483* | Acc: *87.940%* (8794/10000)
Train epoch: 250 | Loss: *0.005* | Acc: *99.996%* (49998/50000) 
Test epoch: 250 | Loss: *0.480* | Acc: *87.930%* (8793/10000)
Train epoch: 251 | Loss: *0.005* | Acc: *99.990%* (49995/50000) 
Test epoch: 251 | Loss: *0.474* | Acc: *87.930%* (8793/10000)
Train epoch: 252 | Loss: *0.005* | Acc: *99.994%* (49997/50000) 
Test epoch: 252 | Loss: *0.481* | Acc: *87.800%* (8780/10000)
Train epoch: 253 | Loss: *0.005* | Acc: *99.996%* (49998/50000) 
Test epoch: 253 | Loss: *0.483* | Acc: *87.860%* (8786/10000)
Train epoch: 254 | Loss: *0.005* | Acc: *99.996%* (49998/50000) 
Test epoch: 254 | Loss: *0.479* | Acc: *88.050%* (8805/10000)
Train epoch: 255 | Loss: *0.005* | Acc: *99.992%* (49996/50000) 
Test epoch: 255 | Loss: *0.479* | Acc: *87.820%* (8782/10000)
Train epoch: 256 | Loss: *0.005* | Acc: *99.996%* (49998/50000) 
Test epoch: 256 | Loss: *0.477* | Acc: *87.990%* (8799/10000)
Train epoch: 257 | Loss: *0.005* | Acc: *99.996%* (49998/50000) 
Test epoch: 257 | Loss: *0.476* | Acc: *87.960%* (8796/10000)
Train epoch: 258 | Loss: *0.005* | Acc: *99.996%* (49998/50000) 
Test epoch: 258 | Loss: *0.477* | Acc: *88.050%* (8805/10000)
Train epoch: 259 | Loss: *0.005* | Acc: *99.994%* (49997/50000) 
Test epoch: 259 | Loss: *0.480* | Acc: *87.760%* (8776/10000)
Train epoch: 260 | Loss: *0.005* | Acc: *99.994%* (49997/50000) 
Test epoch: 260 | Loss: *0.478* | Acc: *88.070%* (8807/10000)
Train epoch: 261 | Loss: *0.005* | Acc: *99.996%* (49998/50000) 
Test epoch: 261 | Loss: *0.479* | Acc: *87.840%* (8784/10000)
Train epoch: 262 | Loss: *0.005* | Acc: *99.992%* (49996/50000) 
Test epoch: 262 | Loss: *0.477* | Acc: *88.090%* (8809/10000)
Train epoch: 263 | Loss: *0.005* | Acc: *99.988%* (49994/50000) 
Test epoch: 263 | Loss: *0.482* | Acc: *88.060%* (8806/10000)
Train epoch: 264 | Loss: *0.006* | Acc: *99.982%* (49991/50000) 
Test epoch: 264 | Loss: *0.480* | Acc: *88.090%* (8809/10000)
Train epoch: 265 | Loss: *0.005* | Acc: *99.994%* (49997/50000) 
Test epoch: 265 | Loss: *0.476* | Acc: *88.010%* (8801/10000)
Train epoch: 266 | Loss: *0.006* | Acc: *99.986%* (49993/50000) 
Test epoch: 266 | Loss: *0.476* | Acc: *87.990%* (8799/10000)
Train epoch: 267 | Loss: *0.006* | Acc: *99.990%* (49995/50000) 
Test epoch: 267 | Loss: *0.473* | Acc: *87.970%* (8797/10000)
Train epoch: 268 | Loss: *0.005* | Acc: *99.990%* (49995/50000) 
Test epoch: 268 | Loss: *0.475* | Acc: *87.910%* (8791/10000)
Train epoch: 269 | Loss: *0.005* | Acc: *99.994%* (49997/50000) 
Test epoch: 269 | Loss: *0.473* | Acc: *88.070%* (8807/10000)
Train epoch: 270 | Loss: *0.006* | Acc: *99.984%* (49992/50000) 
Test epoch: 270 | Loss: *0.477* | Acc: *87.870%* (8787/10000)
Train epoch: 271 | Loss: *0.005* | Acc: *99.992%* (49996/50000) 
Test epoch: 271 | Loss: *0.483* | Acc: *87.760%* (8776/10000)
Train epoch: 272 | Loss: *0.006* | Acc: *99.986%* (49993/50000) 
Test epoch: 272 | Loss: *0.478* | Acc: *88.150%* (8815/10000)
Train epoch: 273 | Loss: *0.006* | Acc: *99.982%* (49991/50000) 
Test epoch: 273 | Loss: *0.479* | Acc: *87.790%* (8779/10000)
Train epoch: 274 | Loss: *0.006* | Acc: *99.992%* (49996/50000) 
Test epoch: 274 | Loss: *0.479* | Acc: *87.820%* (8782/10000)
Train epoch: 275 | Loss: *0.006* | Acc: *99.990%* (49995/50000) 
Test epoch: 275 | Loss: *0.478* | Acc: *87.870%* (8787/10000)
Train epoch: 276 | Loss: *0.006* | Acc: *99.976%* (49988/50000) 
Test epoch: 276 | Loss: *0.483* | Acc: *87.740%* (8774/10000)
Train epoch: 277 | Loss: *0.006* | Acc: *99.980%* (49990/50000) 
Test epoch: 277 | Loss: *0.481* | Acc: *87.920%* (8792/10000)
Train epoch: 278 | Loss: *0.006* | Acc: *99.974%* (49987/50000) 
Test epoch: 278 | Loss: *0.486* | Acc: *87.580%* (8758/10000)
Train epoch: 279 | Loss: *0.006* | Acc: *99.978%* (49989/50000) 
Test epoch: 279 | Loss: *0.480* | Acc: *87.770%* (8777/10000)
Train epoch: 280 | Loss: *0.006* | Acc: *99.996%* (49998/50000) 
Test epoch: 280 | Loss: *0.478* | Acc: *87.790%* (8779/10000)
Train epoch: 281 | Loss: *0.006* | Acc: *99.974%* (49987/50000) 
Test epoch: 281 | Loss: *0.489* | Acc: *87.750%* (8775/10000)
Train epoch: 282 | Loss: *0.007* | Acc: *99.972%* (49986/50000) 
Test epoch: 282 | Loss: *0.484* | Acc: *87.800%* (8780/10000)
Train epoch: 283 | Loss: *0.007* | Acc: *99.970%* (49985/50000) 
Test epoch: 283 | Loss: *0.485* | Acc: *87.790%* (8779/10000)
Train epoch: 284 | Loss: *0.007* | Acc: *99.958%* (49979/50000) 
Test epoch: 284 | Loss: *0.481* | Acc: *87.690%* (8769/10000)
Train epoch: 285 | Loss: *0.007* | Acc: *99.962%* (49981/50000) 
Test epoch: 285 | Loss: *0.483* | Acc: *87.760%* (8776/10000)
Train epoch: 286 | Loss: *0.007* | Acc: *99.980%* (49990/50000) 
Test epoch: 286 | Loss: *0.487* | Acc: *87.670%* (8767/10000)
Train epoch: 287 | Loss: *0.006* | Acc: *99.990%* (49995/50000) 
Test epoch: 287 | Loss: *0.484* | Acc: *87.680%* (8768/10000)
Train epoch: 288 | Loss: *0.007* | Acc: *99.974%* (49987/50000) 
Test epoch: 288 | Loss: *0.484* | Acc: *87.620%* (8762/10000)
Train epoch: 289 | Loss: *0.007* | Acc: *99.980%* (49990/50000) 
Test epoch: 289 | Loss: *0.481* | Acc: *87.620%* (8762/10000)
Train epoch: 290 | Loss: *0.007* | Acc: *99.962%* (49981/50000) 
Test epoch: 290 | Loss: *0.480* | Acc: *87.750%* (8775/10000)
Train epoch: 291 | Loss: *0.008* | Acc: *99.968%* (49984/50000) 
Test epoch: 291 | Loss: *0.486* | Acc: *87.790%* (8779/10000)
Train epoch: 292 | Loss: *0.008* | Acc: *99.962%* (49981/50000) 
Test epoch: 292 | Loss: *0.526* | Acc: *87.270%* (8727/10000)
Train epoch: 293 | Loss: *0.007* | Acc: *99.966%* (49983/50000) 
Test epoch: 293 | Loss: *0.481* | Acc: *87.610%* (8761/10000)
Train epoch: 294 | Loss: *0.008* | Acc: *99.970%* (49985/50000) 
Test epoch: 294 | Loss: *0.494* | Acc: *87.560%* (8756/10000)
Train epoch: 295 | Loss: *0.007* | Acc: *99.964%* (49982/50000) 
Test epoch: 295 | Loss: *0.497* | Acc: *87.210%* (8721/10000)
Train epoch: 296 | Loss: *0.008* | Acc: *99.950%* (49975/50000) 
Test epoch: 296 | Loss: *0.490* | Acc: *87.640%* (8764/10000)
Train epoch: 297 | Loss: *0.008* | Acc: *99.982%* (49991/50000) 
Test epoch: 297 | Loss: *0.490* | Acc: *87.690%* (8769/10000)
Train epoch: 298 | Loss: *0.010* | Acc: *99.880%* (49940/50000) 
Test epoch: 298 | Loss: *0.495* | Acc: *87.560%* (8756/10000)
Train epoch: 299 | Loss: *0.011* | Acc: *99.878%* (49939/50000) 
Test epoch: 299 | Loss: *0.493* | Acc: *87.570%* (8757/10000)
Train epoch: 300 | Loss: *0.009* | Acc: *99.938%* (49969/50000) 
Test epoch: 300 | Loss: *0.509* | Acc: *87.370%* (8737/10000)
Train epoch: 301 | Loss: *0.009* | Acc: *99.934%* (49967/50000) 
Test epoch: 301 | Loss: *0.486* | Acc: *87.940%* (8794/10000)
Train epoch: 302 | Loss: *0.009* | Acc: *99.928%* (49964/50000) 
Test epoch: 302 | Loss: *0.491* | Acc: *87.540%* (8754/10000)
Train epoch: 303 | Loss: *0.010* | Acc: *99.912%* (49956/50000) 
Test epoch: 303 | Loss: *0.504* | Acc: *87.750%* (8775/10000)
Train epoch: 304 | Loss: *0.010* | Acc: *99.920%* (49960/50000) 
Test epoch: 304 | Loss: *0.492* | Acc: *87.560%* (8756/10000)
Train epoch: 305 | Loss: *0.010* | Acc: *99.928%* (49964/50000) 
Test epoch: 305 | Loss: *0.496* | Acc: *87.680%* (8768/10000)
Train epoch: 306 | Loss: *0.011* | Acc: *99.900%* (49950/50000) 
Test epoch: 306 | Loss: *0.562* | Acc: *86.400%* (8640/10000)
Train epoch: 307 | Loss: *0.012* | Acc: *99.872%* (49936/50000) 
Test epoch: 307 | Loss: *0.495* | Acc: *87.720%* (8772/10000)
Train epoch: 308 | Loss: *0.011* | Acc: *99.896%* (49948/50000) 
Test epoch: 308 | Loss: *0.528* | Acc: *86.990%* (8699/10000)
Train epoch: 309 | Loss: *0.013* | Acc: *99.822%* (49911/50000) 
Test epoch: 309 | Loss: *0.515* | Acc: *87.130%* (8713/10000)
Train epoch: 310 | Loss: *0.014* | Acc: *99.830%* (49915/50000) 
Test epoch: 310 | Loss: *0.501* | Acc: *87.290%* (8729/10000)
Train epoch: 311 | Loss: *0.018* | Acc: *99.678%* (49839/50000) 
Test epoch: 311 | Loss: *0.533* | Acc: *87.000%* (8700/10000)
Train epoch: 312 | Loss: *0.017* | Acc: *99.738%* (49869/50000) 
Test epoch: 312 | Loss: *0.555* | Acc: *86.410%* (8641/10000)
Train epoch: 313 | Loss: *0.016* | Acc: *99.750%* (49875/50000) 
Test epoch: 313 | Loss: *0.517* | Acc: *87.120%* (8712/10000)
Train epoch: 314 | Loss: *0.016* | Acc: *99.748%* (49874/50000) 
Test epoch: 314 | Loss: *0.579* | Acc: *86.040%* (8604/10000)
Train epoch: 315 | Loss: *0.017* | Acc: *99.732%* (49866/50000) 
Test epoch: 315 | Loss: *0.515* | Acc: *87.230%* (8723/10000)
Train epoch: 316 | Loss: *0.016* | Acc: *99.738%* (49869/50000) 
Test epoch: 316 | Loss: *0.494* | Acc: *87.450%* (8745/10000)
Train epoch: 317 | Loss: *0.017* | Acc: *99.730%* (49865/50000) 
Test epoch: 317 | Loss: *0.519* | Acc: *87.040%* (8704/10000)
Train epoch: 318 | Loss: *0.021* | Acc: *99.562%* (49781/50000) 
Test epoch: 318 | Loss: *0.499* | Acc: *87.000%* (8700/10000)
Train epoch: 319 | Loss: *0.018* | Acc: *99.668%* (49834/50000) 
Test epoch: 319 | Loss: *0.607* | Acc: *85.300%* (8530/10000)
Train epoch: 320 | Loss: *0.019* | Acc: *99.656%* (49828/50000) 
Test epoch: 320 | Loss: *0.541* | Acc: *86.920%* (8692/10000)
Train epoch: 321 | Loss: *0.018* | Acc: *99.710%* (49855/50000) 
Test epoch: 321 | Loss: *0.563* | Acc: *86.370%* (8637/10000)
Train epoch: 322 | Loss: *0.020* | Acc: *99.634%* (49817/50000) 
Test epoch: 322 | Loss: *0.554* | Acc: *86.600%* (8660/10000)
Train epoch: 323 | Loss: *0.024* | Acc: *99.458%* (49729/50000) 
Test epoch: 323 | Loss: *0.641* | Acc: *84.830%* (8483/10000)
Train epoch: 324 | Loss: *0.024* | Acc: *99.520%* (49760/50000) 
Test epoch: 324 | Loss: *0.528* | Acc: *86.710%* (8671/10000)
Train epoch: 325 | Loss: *0.023* | Acc: *99.548%* (49774/50000) 
Test epoch: 325 | Loss: *0.529* | Acc: *86.580%* (8658/10000)
Train epoch: 326 | Loss: *0.023* | Acc: *99.500%* (49750/50000) 
Test epoch: 326 | Loss: *0.551* | Acc: *86.510%* (8651/10000)
Train epoch: 327 | Loss: *0.032* | Acc: *99.192%* (49596/50000) 
Test epoch: 327 | Loss: *0.545* | Acc: *86.550%* (8655/10000)
Train epoch: 328 | Loss: *0.029* | Acc: *99.342%* (49671/50000) 
Test epoch: 328 | Loss: *0.541* | Acc: *87.180%* (8718/10000)
Train epoch: 329 | Loss: *0.028* | Acc: *99.338%* (49669/50000) 
Test epoch: 329 | Loss: *0.569* | Acc: *86.150%* (8615/10000)
Train epoch: 330 | Loss: *0.027* | Acc: *99.390%* (49695/50000) 
Test epoch: 330 | Loss: *0.588* | Acc: *85.940%* (8594/10000)
Train epoch: 331 | Loss: *0.026* | Acc: *99.442%* (49721/50000) 
Test epoch: 331 | Loss: *0.652* | Acc: *85.070%* (8507/10000)
Train epoch: 332 | Loss: *0.025* | Acc: *99.454%* (49727/50000) 
Test epoch: 332 | Loss: *0.502* | Acc: *87.580%* (8758/10000)
Train epoch: 333 | Loss: *0.022* | Acc: *99.580%* (49790/50000) 
Test epoch: 333 | Loss: *0.516* | Acc: *87.440%* (8744/10000)
Train epoch: 334 | Loss: *0.022* | Acc: *99.474%* (49737/50000) 
Test epoch: 334 | Loss: *0.571* | Acc: *86.110%* (8611/10000)
Train epoch: 335 | Loss: *0.025* | Acc: *99.452%* (49726/50000) 
Test epoch: 335 | Loss: *0.528* | Acc: *87.140%* (8714/10000)
Train epoch: 336 | Loss: *0.030* | Acc: *99.208%* (49604/50000) 
Test epoch: 336 | Loss: *0.664* | Acc: *85.040%* (8504/10000)
Train epoch: 337 | Loss: *0.028* | Acc: *99.316%* (49658/50000) 
Test epoch: 337 | Loss: *0.573* | Acc: *86.090%* (8609/10000)
Train epoch: 338 | Loss: *0.025* | Acc: *99.424%* (49712/50000) 
Test epoch: 338 | Loss: *0.589* | Acc: *85.750%* (8575/10000)
Train epoch: 339 | Loss: *0.025* | Acc: *99.452%* (49726/50000) 
Test epoch: 339 | Loss: *0.609* | Acc: *85.180%* (8518/10000)
Train epoch: 340 | Loss: *0.028* | Acc: *99.308%* (49654/50000) 
Test epoch: 340 | Loss: *0.562* | Acc: *86.490%* (8649/10000)
Train epoch: 341 | Loss: *0.029* | Acc: *99.282%* (49641/50000) 
Test epoch: 341 | Loss: *0.613* | Acc: *85.450%* (8545/10000)
Train epoch: 342 | Loss: *0.025* | Acc: *99.392%* (49696/50000) 
Test epoch: 342 | Loss: *0.536* | Acc: *87.190%* (8719/10000)
Train epoch: 343 | Loss: *0.024* | Acc: *99.426%* (49713/50000) 
Test epoch: 343 | Loss: *0.539* | Acc: *86.890%* (8689/10000)
Train epoch: 344 | Loss: *0.024* | Acc: *99.444%* (49722/50000) 
Test epoch: 344 | Loss: *0.571* | Acc: *86.130%* (8613/10000)
Train epoch: 345 | Loss: *0.028* | Acc: *99.316%* (49658/50000) 
Test epoch: 345 | Loss: *0.651* | Acc: *85.090%* (8509/10000)
Train epoch: 346 | Loss: *0.031* | Acc: *99.188%* (49594/50000) 
Test epoch: 346 | Loss: *0.610* | Acc: *86.030%* (8603/10000)
Train epoch: 347 | Loss: *0.026* | Acc: *99.366%* (49683/50000) 
Test epoch: 347 | Loss: *0.544* | Acc: *86.950%* (8695/10000)
Train epoch: 348 | Loss: *0.028* | Acc: *99.342%* (49671/50000) 
Test epoch: 348 | Loss: *0.552* | Acc: *86.680%* (8668/10000)
Train epoch: 349 | Loss: *0.024* | Acc: *99.444%* (49722/50000) 
Test epoch: 349 | Loss: *0.559* | Acc: *86.670%* (8667/10000)
Train epoch: 350 | Loss: *0.024* | Acc: *99.454%* (49727/50000) 
Test epoch: 350 | Loss: *0.608* | Acc: *86.150%* (8615/10000)
Train epoch: 351 | Loss: *0.025* | Acc: *99.448%* (49724/50000) 
Test epoch: 351 | Loss: *0.531* | Acc: *87.320%* (8732/10000)
Train epoch: 352 | Loss: *0.030* | Acc: *99.184%* (49592/50000) 
Test epoch: 352 | Loss: *0.591* | Acc: *85.890%* (8589/10000)
Train epoch: 353 | Loss: *0.026* | Acc: *99.364%* (49682/50000) 
Test epoch: 353 | Loss: *0.601* | Acc: *85.910%* (8591/10000)
Train epoch: 354 | Loss: *0.022* | Acc: *99.502%* (49751/50000) 
Test epoch: 354 | Loss: *0.559* | Acc: *87.230%* (8723/10000)
Train epoch: 355 | Loss: *0.024* | Acc: *99.432%* (49716/50000) 
Test epoch: 355 | Loss: *0.550* | Acc: *86.800%* (8680/10000)
Train epoch: 356 | Loss: *0.028* | Acc: *99.282%* (49641/50000) 
Test epoch: 356 | Loss: *0.537* | Acc: *86.760%* (8676/10000)
Train epoch: 357 | Loss: *0.026* | Acc: *99.354%* (49677/50000) 
Test epoch: 357 | Loss: *0.610* | Acc: *86.130%* (8613/10000)
Train epoch: 358 | Loss: *0.026* | Acc: *99.340%* (49670/50000) 
Test epoch: 358 | Loss: *0.569* | Acc: *86.860%* (8686/10000)
Train epoch: 359 | Loss: *0.024* | Acc: *99.432%* (49716/50000) 
Test epoch: 359 | Loss: *0.556* | Acc: *87.280%* (8728/10000)
Train epoch: 360 | Loss: *0.025* | Acc: *99.358%* (49679/50000) 
Test epoch: 360 | Loss: *0.540* | Acc: *87.130%* (8713/10000)
Train epoch: 361 | Loss: *0.023* | Acc: *99.428%* (49714/50000) 
Test epoch: 361 | Loss: *0.541* | Acc: *87.180%* (8718/10000)
Train epoch: 362 | Loss: *0.023* | Acc: *99.458%* (49729/50000) 
Test epoch: 362 | Loss: *0.567* | Acc: *86.550%* (8655/10000)
Train epoch: 363 | Loss: *0.022* | Acc: *99.520%* (49760/50000) 
Test epoch: 363 | Loss: *0.530* | Acc: *87.180%* (8718/10000)
Train epoch: 364 | Loss: *0.023* | Acc: *99.434%* (49717/50000) 
Test epoch: 364 | Loss: *0.571* | Acc: *86.860%* (8686/10000)
Train epoch: 365 | Loss: *0.023* | Acc: *99.436%* (49718/50000) 
Test epoch: 365 | Loss: *0.552* | Acc: *87.030%* (8703/10000)
Train epoch: 366 | Loss: *0.021* | Acc: *99.534%* (49767/50000) 
Test epoch: 366 | Loss: *0.564* | Acc: *86.980%* (8698/10000)
Train epoch: 367 | Loss: *0.018* | Acc: *99.628%* (49814/50000) 
Test epoch: 367 | Loss: *0.548* | Acc: *87.110%* (8711/10000)
Train epoch: 368 | Loss: *0.021* | Acc: *99.500%* (49750/50000) 
Test epoch: 368 | Loss: *0.550* | Acc: *86.930%* (8693/10000)
Train epoch: 369 | Loss: *0.021* | Acc: *99.512%* (49756/50000) 
Test epoch: 369 | Loss: *0.549* | Acc: *86.590%* (8659/10000)
Train epoch: 370 | Loss: *0.023* | Acc: *99.446%* (49723/50000) 
Test epoch: 370 | Loss: *0.551* | Acc: *86.690%* (8669/10000)
Train epoch: 371 | Loss: *0.024* | Acc: *99.426%* (49713/50000) 
Test epoch: 371 | Loss: *0.594* | Acc: *86.340%* (8634/10000)
Train epoch: 372 | Loss: *0.022* | Acc: *99.492%* (49746/50000) 
Test epoch: 372 | Loss: *0.547* | Acc: *86.960%* (8696/10000)
Train epoch: 373 | Loss: *0.020* | Acc: *99.556%* (49778/50000) 
Test epoch: 373 | Loss: *0.545* | Acc: *87.230%* (8723/10000)
Train epoch: 374 | Loss: *0.021* | Acc: *99.486%* (49743/50000) 
Test epoch: 374 | Loss: *0.553* | Acc: *86.990%* (8699/10000)
Train epoch: 375 | Loss: *0.019* | Acc: *99.604%* (49802/50000) 
Test epoch: 375 | Loss: *0.528* | Acc: *87.310%* (8731/10000)
Train epoch: 376 | Loss: *0.020* | Acc: *99.556%* (49778/50000) 
Test epoch: 376 | Loss: *0.554* | Acc: *86.980%* (8698/10000)
Train epoch: 377 | Loss: *0.021* | Acc: *99.500%* (49750/50000) 
Test epoch: 377 | Loss: *0.534* | Acc: *87.550%* (8755/10000)
Train epoch: 378 | Loss: *0.023* | Acc: *99.380%* (49690/50000) 
Test epoch: 378 | Loss: *0.537* | Acc: *86.830%* (8683/10000)
Train epoch: 379 | Loss: *0.019* | Acc: *99.602%* (49801/50000) 
Test epoch: 379 | Loss: *0.571* | Acc: *86.350%* (8635/10000)
Train epoch: 380 | Loss: *0.015* | Acc: *99.736%* (49868/50000) 
Test epoch: 380 | Loss: *0.520* | Acc: *87.840%* (8784/10000)
Train epoch: 381 | Loss: *0.017* | Acc: *99.646%* (49823/50000) 
Test epoch: 381 | Loss: *0.544* | Acc: *87.300%* (8730/10000)
Train epoch: 382 | Loss: *0.019* | Acc: *99.608%* (49804/50000) 
Test epoch: 382 | Loss: *0.538* | Acc: *87.170%* (8717/10000)
Train epoch: 383 | Loss: *0.020* | Acc: *99.538%* (49769/50000) 
Test epoch: 383 | Loss: *0.557* | Acc: *86.850%* (8685/10000)
Train epoch: 384 | Loss: *0.019* | Acc: *99.600%* (49800/50000) 
Test epoch: 384 | Loss: *0.550* | Acc: *87.190%* (8719/10000)
Train epoch: 385 | Loss: *0.017* | Acc: *99.650%* (49825/50000) 
Test epoch: 385 | Loss: *0.534* | Acc: *87.280%* (8728/10000)
Train epoch: 386 | Loss: *0.017* | Acc: *99.636%* (49818/50000) 
Test epoch: 386 | Loss: *0.618* | Acc: *86.140%* (8614/10000)
Train epoch: 387 | Loss: *0.020* | Acc: *99.522%* (49761/50000) 
Test epoch: 387 | Loss: *0.554* | Acc: *87.140%* (8714/10000)
Train epoch: 388 | Loss: *0.019* | Acc: *99.566%* (49783/50000) 
Test epoch: 388 | Loss: *0.564* | Acc: *86.670%* (8667/10000)
Train epoch: 389 | Loss: *0.020* | Acc: *99.532%* (49766/50000) 
Test epoch: 389 | Loss: *0.538* | Acc: *87.270%* (8727/10000)
Train epoch: 390 | Loss: *0.015* | Acc: *99.714%* (49857/50000) 
Test epoch: 390 | Loss: *0.524* | Acc: *87.680%* (8768/10000)
Train epoch: 391 | Loss: *0.014* | Acc: *99.742%* (49871/50000) 
Test epoch: 391 | Loss: *0.585* | Acc: *86.750%* (8675/10000)
Train epoch: 392 | Loss: *0.018* | Acc: *99.600%* (49800/50000) 
Test epoch: 392 | Loss: *0.536* | Acc: *87.460%* (8746/10000)
Train epoch: 393 | Loss: *0.015* | Acc: *99.710%* (49855/50000) 
Test epoch: 393 | Loss: *0.541* | Acc: *87.440%* (8744/10000)
Train epoch: 394 | Loss: *0.019* | Acc: *99.580%* (49790/50000) 
Test epoch: 394 | Loss: *0.533* | Acc: *87.330%* (8733/10000)
Train epoch: 395 | Loss: *0.018* | Acc: *99.600%* (49800/50000) 
Test epoch: 395 | Loss: *0.543* | Acc: *87.210%* (8721/10000)
Train epoch: 396 | Loss: *0.016* | Acc: *99.664%* (49832/50000) 
Test epoch: 396 | Loss: *0.531* | Acc: *87.670%* (8767/10000)
Train epoch: 397 | Loss: *0.013* | Acc: *99.788%* (49894/50000) 
Test epoch: 397 | Loss: *0.539* | Acc: *87.040%* (8704/10000)
Train epoch: 398 | Loss: *0.014* | Acc: *99.740%* (49870/50000) 
Test epoch: 398 | Loss: *0.515* | Acc: *87.910%* (8791/10000)
Train epoch: 399 | Loss: *0.014* | Acc: *99.764%* (49882/50000) 
Test epoch: 399 | Loss: *0.539* | Acc: *87.360%* (8736/10000)
Train epoch: 400 | Loss: *0.015* | Acc: *99.706%* (49853/50000) 
Test epoch: 400 | Loss: *0.556* | Acc: *86.660%* (8666/10000)
Train epoch: 401 | Loss: *0.013* | Acc: *99.764%* (49882/50000) 
Test epoch: 401 | Loss: *0.515* | Acc: *87.360%* (8736/10000)
Train epoch: 402 | Loss: *0.015* | Acc: *99.678%* (49839/50000) 
Test epoch: 402 | Loss: *0.543* | Acc: *86.660%* (8666/10000)
Train epoch: 403 | Loss: *0.015* | Acc: *99.714%* (49857/50000) 
Test epoch: 403 | Loss: *0.546* | Acc: *87.380%* (8738/10000)
Train epoch: 404 | Loss: *0.012* | Acc: *99.774%* (49887/50000) 
Test epoch: 404 | Loss: *0.522* | Acc: *87.330%* (8733/10000)
Train epoch: 405 | Loss: *0.013* | Acc: *99.782%* (49891/50000) 
Test epoch: 405 | Loss: *0.543* | Acc: *87.410%* (8741/10000)
Train epoch: 406 | Loss: *0.013* | Acc: *99.754%* (49877/50000) 
Test epoch: 406 | Loss: *0.531* | Acc: *87.380%* (8738/10000)
Train epoch: 407 | Loss: *0.012* | Acc: *99.810%* (49905/50000) 
Test epoch: 407 | Loss: *0.532* | Acc: *87.190%* (8719/10000)
Train epoch: 408 | Loss: *0.014* | Acc: *99.734%* (49867/50000) 
Test epoch: 408 | Loss: *0.546* | Acc: *86.880%* (8688/10000)
Train epoch: 409 | Loss: *0.015* | Acc: *99.682%* (49841/50000) 
Test epoch: 409 | Loss: *0.516* | Acc: *87.570%* (8757/10000)
Train epoch: 410 | Loss: *0.013* | Acc: *99.776%* (49888/50000) 
Test epoch: 410 | Loss: *0.534* | Acc: *86.920%* (8692/10000)
Train epoch: 411 | Loss: *0.012* | Acc: *99.794%* (49897/50000) 
Test epoch: 411 | Loss: *0.517* | Acc: *87.660%* (8766/10000)
Train epoch: 412 | Loss: *0.012* | Acc: *99.810%* (49905/50000) 
Test epoch: 412 | Loss: *0.531* | Acc: *87.390%* (8739/10000)
Train epoch: 413 | Loss: *0.011* | Acc: *99.856%* (49928/50000) 
Test epoch: 413 | Loss: *0.504* | Acc: *88.040%* (8804/10000)
Train epoch: 414 | Loss: *0.010* | Acc: *99.858%* (49929/50000) 
Test epoch: 414 | Loss: *0.516* | Acc: *87.870%* (8787/10000)
Train epoch: 415 | Loss: *0.009* | Acc: *99.884%* (49942/50000) 
Test epoch: 415 | Loss: *0.495* | Acc: *87.600%* (8760/10000)
Train epoch: 416 | Loss: *0.008* | Acc: *99.908%* (49954/50000) 
Test epoch: 416 | Loss: *0.512* | Acc: *87.880%* (8788/10000)
Train epoch: 417 | Loss: *0.008* | Acc: *99.890%* (49945/50000) 
Test epoch: 417 | Loss: *0.523* | Acc: *87.610%* (8761/10000)
Train epoch: 418 | Loss: *0.009* | Acc: *99.882%* (49941/50000) 
Test epoch: 418 | Loss: *0.523* | Acc: *87.650%* (8765/10000)
Train epoch: 419 | Loss: *0.010* | Acc: *99.864%* (49932/50000) 
Test epoch: 419 | Loss: *0.535* | Acc: *87.380%* (8738/10000)
Train epoch: 420 | Loss: *0.010* | Acc: *99.854%* (49927/50000) 
Test epoch: 420 | Loss: *0.488* | Acc: *88.060%* (8806/10000)
Train epoch: 421 | Loss: *0.011* | Acc: *99.816%* (49908/50000) 
Test epoch: 421 | Loss: *0.509* | Acc: *87.810%* (8781/10000)
Train epoch: 422 | Loss: *0.011* | Acc: *99.824%* (49912/50000) 
Test epoch: 422 | Loss: *0.566* | Acc: *86.490%* (8649/10000)
Train epoch: 423 | Loss: *0.010* | Acc: *99.864%* (49932/50000) 
Test epoch: 423 | Loss: *0.511* | Acc: *88.050%* (8805/10000)
Train epoch: 424 | Loss: *0.010* | Acc: *99.856%* (49928/50000) 
Test epoch: 424 | Loss: *0.508* | Acc: *87.850%* (8785/10000)
Train epoch: 425 | Loss: *0.010* | Acc: *99.848%* (49924/50000) 
Test epoch: 425 | Loss: *0.529* | Acc: *87.550%* (8755/10000)
Train epoch: 426 | Loss: *0.010* | Acc: *99.842%* (49921/50000) 
Test epoch: 426 | Loss: *0.534* | Acc: *87.310%* (8731/10000)
Train epoch: 427 | Loss: *0.009* | Acc: *99.882%* (49941/50000) 
Test epoch: 427 | Loss: *0.508* | Acc: *87.590%* (8759/10000)
Train epoch: 428 | Loss: *0.007* | Acc: *99.942%* (49971/50000) 
Test epoch: 428 | Loss: *0.508* | Acc: *87.820%* (8782/10000)
Train epoch: 429 | Loss: *0.007* | Acc: *99.942%* (49971/50000) 
Test epoch: 429 | Loss: *0.495* | Acc: *87.860%* (8786/10000)
Train epoch: 430 | Loss: *0.006* | Acc: *99.956%* (49978/50000) 
Test epoch: 430 | Loss: *0.512* | Acc: *87.970%* (8797/10000)
Train epoch: 431 | Loss: *0.006* | Acc: *99.952%* (49976/50000) 
Test epoch: 431 | Loss: *0.516* | Acc: *87.500%* (8750/10000)
Train epoch: 432 | Loss: *0.006* | Acc: *99.942%* (49971/50000) 
Test epoch: 432 | Loss: *0.515* | Acc: *87.720%* (8772/10000)
Train epoch: 433 | Loss: *0.007* | Acc: *99.946%* (49973/50000) 
Test epoch: 433 | Loss: *0.489* | Acc: *88.060%* (8806/10000)
Train epoch: 434 | Loss: *0.007* | Acc: *99.932%* (49966/50000) 
Test epoch: 434 | Loss: *0.486* | Acc: *88.170%* (8817/10000)
Train epoch: 435 | Loss: *0.006* | Acc: *99.954%* (49977/50000) 
Test epoch: 435 | Loss: *0.476* | Acc: *88.230%* (8823/10000)
Train epoch: 436 | Loss: *0.006* | Acc: *99.948%* (49974/50000) 
Test epoch: 436 | Loss: *0.479* | Acc: *88.310%* (8831/10000)
Train epoch: 437 | Loss: *0.006* | Acc: *99.958%* (49979/50000) 
Test epoch: 437 | Loss: *0.489* | Acc: *88.380%* (8838/10000)
Train epoch: 438 | Loss: *0.006* | Acc: *99.960%* (49980/50000) 
Test epoch: 438 | Loss: *0.486* | Acc: *88.010%* (8801/10000)
Train epoch: 439 | Loss: *0.005* | Acc: *99.966%* (49983/50000) 
Test epoch: 439 | Loss: *0.489* | Acc: *88.140%* (8814/10000)
Train epoch: 440 | Loss: *0.005* | Acc: *99.962%* (49981/50000) 
Test epoch: 440 | Loss: *0.487* | Acc: *88.050%* (8805/10000)
Train epoch: 441 | Loss: *0.005* | Acc: *99.962%* (49981/50000) 
Test epoch: 441 | Loss: *0.488* | Acc: *88.140%* (8814/10000)
Train epoch: 442 | Loss: *0.005* | Acc: *99.976%* (49988/50000) 
Test epoch: 442 | Loss: *0.479* | Acc: *88.340%* (8834/10000)
Train epoch: 443 | Loss: *0.005* | Acc: *99.974%* (49987/50000) 
Test epoch: 443 | Loss: *0.476* | Acc: *88.180%* (8818/10000)
Train epoch: 444 | Loss: *0.007* | Acc: *99.938%* (49969/50000) 
Test epoch: 444 | Loss: *0.473* | Acc: *88.280%* (8828/10000)
Train epoch: 445 | Loss: *0.006* | Acc: *99.954%* (49977/50000) 
Test epoch: 445 | Loss: *0.459* | Acc: *88.460%* (8846/10000)
Train epoch: 446 | Loss: *0.005* | Acc: *99.982%* (49991/50000) 
Test epoch: 446 | Loss: *0.463* | Acc: *88.470%* (8847/10000)
Train epoch: 447 | Loss: *0.005* | Acc: *99.960%* (49980/50000) 
Test epoch: 447 | Loss: *0.466* | Acc: *88.340%* (8834/10000)
Train epoch: 448 | Loss: *0.005* | Acc: *99.980%* (49990/50000) 
Test epoch: 448 | Loss: *0.467* | Acc: *88.300%* (8830/10000)
Train epoch: 449 | Loss: *0.005* | Acc: *99.982%* (49991/50000) 
Test epoch: 449 | Loss: *0.467* | Acc: *88.310%* (8831/10000)
Train epoch: 450 | Loss: *0.004* | Acc: *99.992%* (49996/50000) 
Test epoch: 450 | Loss: *0.461* | Acc: *88.320%* (8832/10000)
Train epoch: 451 | Loss: *0.004* | Acc: *99.996%* (49998/50000) 
Test epoch: 451 | Loss: *0.459* | Acc: *88.570%* (8857/10000)
Train epoch: 452 | Loss: *0.004* | Acc: *99.984%* (49992/50000) 
Test epoch: 452 | Loss: *0.476* | Acc: *87.960%* (8796/10000)
Train epoch: 453 | Loss: *0.004* | Acc: *99.980%* (49990/50000) 
Test epoch: 453 | Loss: *0.463* | Acc: *88.220%* (8822/10000)
Train epoch: 454 | Loss: *0.004* | Acc: *99.986%* (49993/50000) 
Test epoch: 454 | Loss: *0.462* | Acc: *88.220%* (8822/10000)
Train epoch: 455 | Loss: *0.004* | Acc: *99.996%* (49998/50000) 
Test epoch: 455 | Loss: *0.452* | Acc: *88.480%* (8848/10000)
Train epoch: 456 | Loss: *0.004* | Acc: *99.994%* (49997/50000) 
Test epoch: 456 | Loss: *0.456* | Acc: *88.510%* (8851/10000)
Train epoch: 457 | Loss: *0.004* | Acc: *99.998%* (49999/50000) 
Test epoch: 457 | Loss: *0.455* | Acc: *88.380%* (8838/10000)
Train epoch: 458 | Loss: *0.004* | Acc: *99.990%* (49995/50000) 
Test epoch: 458 | Loss: *0.452* | Acc: *88.650%* (8865/10000)
Train epoch: 459 | Loss: *0.004* | Acc: *99.992%* (49996/50000) 
Test epoch: 459 | Loss: *0.472* | Acc: *88.180%* (8818/10000)
Train epoch: 460 | Loss: *0.004* | Acc: *99.992%* (49996/50000) 
Test epoch: 460 | Loss: *0.463* | Acc: *88.360%* (8836/10000)
Train epoch: 461 | Loss: *0.004* | Acc: *99.982%* (49991/50000) 
Test epoch: 461 | Loss: *0.455* | Acc: *88.470%* (8847/10000)
Train epoch: 462 | Loss: *0.004* | Acc: *100.000%* (50000/50000) 
Test epoch: 462 | Loss: *0.459* | Acc: *88.250%* (8825/10000)
Train epoch: 463 | Loss: *0.004* | Acc: *99.996%* (49998/50000) 
Test epoch: 463 | Loss: *0.455* | Acc: *88.160%* (8816/10000)
Train epoch: 464 | Loss: *0.003* | Acc: *100.000%* (50000/50000) 
Test epoch: 464 | Loss: *0.459* | Acc: *88.360%* (8836/10000)
Train epoch: 465 | Loss: *0.004* | Acc: *99.996%* (49998/50000) 
Test epoch: 465 | Loss: *0.447* | Acc: *88.360%* (8836/10000)
Train epoch: 466 | Loss: *0.003* | Acc: *99.996%* (49998/50000) 
Test epoch: 466 | Loss: *0.454* | Acc: *88.250%* (8825/10000)
Train epoch: 467 | Loss: *0.003* | Acc: *99.998%* (49999/50000) 
Test epoch: 467 | Loss: *0.452* | Acc: *88.390%* (8839/10000)
Train epoch: 468 | Loss: *0.004* | Acc: *99.996%* (49998/50000) 
Test epoch: 468 | Loss: *0.453* | Acc: *88.310%* (8831/10000)
Train epoch: 469 | Loss: *0.003* | Acc: *99.998%* (49999/50000) 
Test epoch: 469 | Loss: *0.450* | Acc: *88.380%* (8838/10000)
Train epoch: 470 | Loss: *0.004* | Acc: *99.990%* (49995/50000) 
Test epoch: 470 | Loss: *0.449* | Acc: *88.320%* (8832/10000)
Train epoch: 471 | Loss: *0.004* | Acc: *99.990%* (49995/50000) 
Test epoch: 471 | Loss: *0.452* | Acc: *88.220%* (8822/10000)
Train epoch: 472 | Loss: *0.004* | Acc: *99.992%* (49996/50000) 
Test epoch: 472 | Loss: *0.452* | Acc: *88.460%* (8846/10000)
Train epoch: 473 | Loss: *0.004* | Acc: *99.994%* (49997/50000) 
Test epoch: 473 | Loss: *0.452* | Acc: *88.400%* (8840/10000)
Train epoch: 474 | Loss: *0.004* | Acc: *99.994%* (49997/50000) 
Test epoch: 474 | Loss: *0.447* | Acc: *88.430%* (8843/10000)
Train epoch: 475 | Loss: *0.004* | Acc: *99.994%* (49997/50000) 
Test epoch: 475 | Loss: *0.447* | Acc: *88.320%* (8832/10000)
Train epoch: 476 | Loss: *0.003* | Acc: *100.000%* (50000/50000) 
Test epoch: 476 | Loss: *0.451* | Acc: *88.300%* (8830/10000)
Train epoch: 477 | Loss: *0.004* | Acc: *99.998%* (49999/50000) 
Test epoch: 477 | Loss: *0.456* | Acc: *88.190%* (8819/10000)
Train epoch: 478 | Loss: *0.004* | Acc: *99.994%* (49997/50000) 
Test epoch: 478 | Loss: *0.442* | Acc: *88.380%* (8838/10000)
Train epoch: 479 | Loss: *0.003* | Acc: *100.000%* (50000/50000) 
Test epoch: 479 | Loss: *0.445* | Acc: *88.420%* (8842/10000)
Train epoch: 480 | Loss: *0.003* | Acc: *99.998%* (49999/50000) 
Test epoch: 480 | Loss: *0.437* | Acc: *88.570%* (8857/10000)
Train epoch: 481 | Loss: *0.004* | Acc: *100.000%* (50000/50000) 
Test epoch: 481 | Loss: *0.439* | Acc: *88.450%* (8845/10000)
Train epoch: 482 | Loss: *0.003* | Acc: *99.998%* (49999/50000) 
Test epoch: 482 | Loss: *0.439* | Acc: *88.370%* (8837/10000)
Train epoch: 483 | Loss: *0.004* | Acc: *99.996%* (49998/50000) 
Test epoch: 483 | Loss: *0.438* | Acc: *88.740%* (8874/10000)
Train epoch: 484 | Loss: *0.003* | Acc: *99.996%* (49998/50000) 
Test epoch: 484 | Loss: *0.437* | Acc: *88.420%* (8842/10000)
Train epoch: 485 | Loss: *0.003* | Acc: *99.998%* (49999/50000) 
Test epoch: 485 | Loss: *0.434* | Acc: *88.680%* (8868/10000)
Train epoch: 486 | Loss: *0.003* | Acc: *100.000%* (50000/50000) 
Test epoch: 486 | Loss: *0.440* | Acc: *88.470%* (8847/10000)
Train epoch: 487 | Loss: *0.003* | Acc: *99.998%* (49999/50000) 
Test epoch: 487 | Loss: *0.435* | Acc: *88.470%* (8847/10000)
Train epoch: 488 | Loss: *0.004* | Acc: *100.000%* (50000/50000) 
Test epoch: 488 | Loss: *0.441* | Acc: *88.360%* (8836/10000)
Train epoch: 489 | Loss: *0.003* | Acc: *99.996%* (49998/50000) 
Test epoch: 489 | Loss: *0.438* | Acc: *88.480%* (8848/10000)
Train epoch: 490 | Loss: *0.003* | Acc: *100.000%* (50000/50000) 
Test epoch: 490 | Loss: *0.438* | Acc: *88.570%* (8857/10000)
Train epoch: 491 | Loss: *0.004* | Acc: *99.984%* (49992/50000) 
Test epoch: 491 | Loss: *0.437* | Acc: *88.390%* (8839/10000)
Train epoch: 492 | Loss: *0.003* | Acc: *99.998%* (49999/50000) 
Test epoch: 492 | Loss: *0.433* | Acc: *88.550%* (8855/10000)
Train epoch: 493 | Loss: *0.003* | Acc: *99.998%* (49999/50000) 
Test epoch: 493 | Loss: *0.438* | Acc: *88.530%* (8853/10000)
Train epoch: 494 | Loss: *0.003* | Acc: *99.994%* (49997/50000) 
Test epoch: 494 | Loss: *0.429* | Acc: *88.500%* (8850/10000)
Train epoch: 495 | Loss: *0.003* | Acc: *99.990%* (49995/50000) 
Test epoch: 495 | Loss: *0.436* | Acc: *88.220%* (8822/10000)
Train epoch: 496 | Loss: *0.004* | Acc: *99.996%* (49998/50000) 
Test epoch: 496 | Loss: *0.433* | Acc: *88.640%* (8864/10000)
Train epoch: 497 | Loss: *0.003* | Acc: *99.996%* (49998/50000) 
Test epoch: 497 | Loss: *0.434* | Acc: *88.510%* (8851/10000)
Train epoch: 498 | Loss: *0.003* | Acc: *99.998%* (49999/50000) 
Test epoch: 498 | Loss: *0.433* | Acc: *88.550%* (8855/10000)
Train epoch: 499 | Loss: *0.003* | Acc: *100.000%* (50000/50000) 
Test epoch: 499 | Loss: *0.433* | Acc: *88.540%* (8854/10000)
Train epoch: 500 | Loss: *0.003* | Acc: *99.998%* (49999/50000) 
Test epoch: 500 | Loss: *0.429* | Acc: *88.620%* (8862/10000)
Best test accuracy: *88.740%*, loss: *0.4384726380556822*, at epoch: *483*.
==> Execution time summary of 500 epoch(s).
Train data loading time: sum. *283.3182011023164* secs | avg. *0.5666364022046327* secs per epoch.
Train training time: sum. *1201.712957104668* secs | avg. *2.403425914209336* secs per epoch.
Train total time: sum. *1485.0311582069844* secs | avg. *2.970062316413969* secs per epoch.
Test data loading time: sum. *101.10664902068675* secs | avg. *0.2022132980413735* secs per epoch.
Test training time: sum. *82.76791621278971* secs | avg. *0.16553583242557943* secs per epoch.
Test total time: sum. *183.87456523347646* secs | avg. *0.3677491304669529* secs per epoch.
Total data loading time: sum. *384.4248501230031* secs | avg. *0.7688497002460063* secs per epoch.
Total training time: sum. *1284.4808733174577* secs | avg. *2.5689617466349155* secs per epoch.
Total running time: sum. *1668.9057234404609* secs | avg. *3.337811446880922* secs per epoch.
==> Number of GPU device: 1
==> Device #0 Memory Usage
==> Allocated: 0.1 GB
==> Cached:    1.5 GB
==> Maximum: 1.5 GB
