==> Running on : cuda
==> Number of CPU: 48
==> Number of workers: 2
==> #Epochs: 500, #Layers: 4, #Blocks: [2, 1, 1, 1], In channel: 64, Input layer conv kernel: 11x11, Residual layer conv kernel 3x3, Skip kernel: 1x1, Input layer conv padding: 5, Residual layer conv padding: 1
==> Optimizer is Adadelta
==> Learning rate: 1.0
==> Weight decay: 0.0005
==>Trainable Parameters: 4998730
==>Other Parameters: 0
==>Augmentation: RandomCrop(32, padding=4), RandomHorizontalFlip(), Normalize((0.4914, 0.4822, 0.4465), (0.2023, 0.1994, 0.2010)
Files already downloaded and verified
Train epoch: 1 | Loss: *1.741* | Acc: *35.288%* (17644/50000) 
Test epoch: 1 | Loss: *2.289* | Acc: *32.580%* (3258/10000)
Train epoch: 2 | Loss: *1.350* | Acc: *50.696%* (25348/50000) 
Test epoch: 2 | Loss: *1.327* | Acc: *52.760%* (5276/10000)
Train epoch: 3 | Loss: *1.057* | Acc: *62.096%* (31048/50000) 
Test epoch: 3 | Loss: *1.335* | Acc: *55.990%* (5599/10000)
Train epoch: 4 | Loss: *0.849* | Acc: *70.012%* (35006/50000) 
Test epoch: 4 | Loss: *0.798* | Acc: *72.210%* (7221/10000)
Train epoch: 5 | Loss: *0.719* | Acc: *74.768%* (37384/50000) 
Test epoch: 5 | Loss: *0.759* | Acc: *74.300%* (7430/10000)
Train epoch: 6 | Loss: *0.639* | Acc: *77.750%* (38875/50000) 
Test epoch: 6 | Loss: *0.856* | Acc: *73.890%* (7389/10000)
Train epoch: 7 | Loss: *0.581* | Acc: *80.102%* (40051/50000) 
Test epoch: 7 | Loss: *0.800* | Acc: *73.370%* (7337/10000)
Train epoch: 8 | Loss: *0.539* | Acc: *81.370%* (40685/50000) 
Test epoch: 8 | Loss: *0.791* | Acc: *75.000%* (7500/10000)
Train epoch: 9 | Loss: *0.500* | Acc: *82.678%* (41339/50000) 
Test epoch: 9 | Loss: *0.767* | Acc: *74.600%* (7460/10000)
Train epoch: 10 | Loss: *0.476* | Acc: *83.790%* (41895/50000) 
Test epoch: 10 | Loss: *0.624* | Acc: *79.130%* (7913/10000)
Train epoch: 11 | Loss: *0.452* | Acc: *84.384%* (42192/50000) 
Test epoch: 11 | Loss: *1.052* | Acc: *67.950%* (6795/10000)
Train epoch: 12 | Loss: *0.434* | Acc: *84.906%* (42453/50000) 
Test epoch: 12 | Loss: *0.582* | Acc: *79.880%* (7988/10000)
Train epoch: 13 | Loss: *0.423* | Acc: *85.492%* (42746/50000) 
Test epoch: 13 | Loss: *0.643* | Acc: *79.330%* (7933/10000)
Train epoch: 14 | Loss: *0.405* | Acc: *85.956%* (42978/50000) 
Test epoch: 14 | Loss: *0.721* | Acc: *78.680%* (7868/10000)
Train epoch: 15 | Loss: *0.398* | Acc: *86.168%* (43084/50000) 
Test epoch: 15 | Loss: *0.528* | Acc: *82.910%* (8291/10000)
Train epoch: 16 | Loss: *0.386* | Acc: *86.592%* (43296/50000) 
Test epoch: 16 | Loss: *0.554* | Acc: *81.560%* (8156/10000)
Train epoch: 17 | Loss: *0.383* | Acc: *86.688%* (43344/50000) 
Test epoch: 17 | Loss: *0.734* | Acc: *76.720%* (7672/10000)
Train epoch: 18 | Loss: *0.366* | Acc: *87.322%* (43661/50000) 
Test epoch: 18 | Loss: *0.559* | Acc: *81.890%* (8189/10000)
Train epoch: 19 | Loss: *0.362* | Acc: *87.512%* (43756/50000) 
Test epoch: 19 | Loss: *0.498* | Acc: *83.410%* (8341/10000)
Train epoch: 20 | Loss: *0.359* | Acc: *87.548%* (43774/50000) 
Test epoch: 20 | Loss: *0.521* | Acc: *82.690%* (8269/10000)
Train epoch: 21 | Loss: *0.349* | Acc: *87.966%* (43983/50000) 
Test epoch: 21 | Loss: *0.548* | Acc: *82.900%* (8290/10000)
Train epoch: 22 | Loss: *0.346* | Acc: *88.308%* (44154/50000) 
Test epoch: 22 | Loss: *0.575* | Acc: *81.510%* (8151/10000)
Train epoch: 23 | Loss: *0.342* | Acc: *88.120%* (44060/50000) 
Test epoch: 23 | Loss: *0.546* | Acc: *82.510%* (8251/10000)
Train epoch: 24 | Loss: *0.339* | Acc: *88.052%* (44026/50000) 
Test epoch: 24 | Loss: *0.635* | Acc: *80.540%* (8054/10000)
Train epoch: 25 | Loss: *0.331* | Acc: *88.532%* (44266/50000) 
Test epoch: 25 | Loss: *0.540* | Acc: *82.320%* (8232/10000)
Train epoch: 26 | Loss: *0.328* | Acc: *88.646%* (44323/50000) 
Test epoch: 26 | Loss: *0.679* | Acc: *79.630%* (7963/10000)
Train epoch: 27 | Loss: *0.325* | Acc: *88.810%* (44405/50000) 
Test epoch: 27 | Loss: *0.673* | Acc: *80.540%* (8054/10000)
Train epoch: 28 | Loss: *0.328* | Acc: *88.686%* (44343/50000) 
Test epoch: 28 | Loss: *0.637* | Acc: *80.060%* (8006/10000)
Train epoch: 29 | Loss: *0.317* | Acc: *89.102%* (44551/50000) 
Test epoch: 29 | Loss: *1.025* | Acc: *73.960%* (7396/10000)
Train epoch: 30 | Loss: *0.317* | Acc: *89.080%* (44540/50000) 
Test epoch: 30 | Loss: *0.931* | Acc: *74.300%* (7430/10000)
Train epoch: 31 | Loss: *0.313* | Acc: *89.092%* (44546/50000) 
Test epoch: 31 | Loss: *0.495* | Acc: *84.660%* (8466/10000)
Train epoch: 32 | Loss: *0.310* | Acc: *89.342%* (44671/50000) 
Test epoch: 32 | Loss: *0.573* | Acc: *81.440%* (8144/10000)
Train epoch: 33 | Loss: *0.307* | Acc: *89.418%* (44709/50000) 
Test epoch: 33 | Loss: *0.455* | Acc: *85.080%* (8508/10000)
Train epoch: 34 | Loss: *0.305* | Acc: *89.320%* (44660/50000) 
Test epoch: 34 | Loss: *0.907* | Acc: *74.190%* (7419/10000)
Train epoch: 35 | Loss: *0.302* | Acc: *89.630%* (44815/50000) 
Test epoch: 35 | Loss: *0.474* | Acc: *84.350%* (8435/10000)
Train epoch: 36 | Loss: *0.299* | Acc: *89.602%* (44801/50000) 
Test epoch: 36 | Loss: *0.741* | Acc: *77.180%* (7718/10000)
Train epoch: 37 | Loss: *0.294* | Acc: *89.748%* (44874/50000) 
Test epoch: 37 | Loss: *0.549* | Acc: *82.780%* (8278/10000)
Train epoch: 38 | Loss: *0.295* | Acc: *89.652%* (44826/50000) 
Test epoch: 38 | Loss: *0.574* | Acc: *81.770%* (8177/10000)
Train epoch: 39 | Loss: *0.291* | Acc: *89.876%* (44938/50000) 
Test epoch: 39 | Loss: *0.538* | Acc: *82.920%* (8292/10000)
Train epoch: 40 | Loss: *0.294* | Acc: *89.904%* (44952/50000) 
Test epoch: 40 | Loss: *0.443* | Acc: *85.050%* (8505/10000)
Train epoch: 41 | Loss: *0.283* | Acc: *90.286%* (45143/50000) 
Test epoch: 41 | Loss: *0.424* | Acc: *85.890%* (8589/10000)
Train epoch: 42 | Loss: *0.287* | Acc: *90.094%* (45047/50000) 
Test epoch: 42 | Loss: *0.561* | Acc: *82.500%* (8250/10000)
Train epoch: 43 | Loss: *0.282* | Acc: *90.222%* (45111/50000) 
Test epoch: 43 | Loss: *0.536* | Acc: *83.760%* (8376/10000)
Train epoch: 44 | Loss: *0.278* | Acc: *90.402%* (45201/50000) 
Test epoch: 44 | Loss: *0.548* | Acc: *83.530%* (8353/10000)
Train epoch: 45 | Loss: *0.278* | Acc: *90.468%* (45234/50000) 
Test epoch: 45 | Loss: *0.551* | Acc: *83.370%* (8337/10000)
Train epoch: 46 | Loss: *0.275* | Acc: *90.534%* (45267/50000) 
Test epoch: 46 | Loss: *0.485* | Acc: *84.360%* (8436/10000)
Train epoch: 47 | Loss: *0.273* | Acc: *90.636%* (45318/50000) 
Test epoch: 47 | Loss: *0.479* | Acc: *84.950%* (8495/10000)
Train epoch: 48 | Loss: *0.272* | Acc: *90.618%* (45309/50000) 
Test epoch: 48 | Loss: *0.570* | Acc: *82.630%* (8263/10000)
Train epoch: 49 | Loss: *0.278* | Acc: *90.286%* (45143/50000) 
Test epoch: 49 | Loss: *0.401* | Acc: *87.230%* (8723/10000)
Train epoch: 50 | Loss: *0.265* | Acc: *90.766%* (45383/50000) 
Test epoch: 50 | Loss: *0.421* | Acc: *86.300%* (8630/10000)
Train epoch: 51 | Loss: *0.266* | Acc: *90.822%* (45411/50000) 
Test epoch: 51 | Loss: *0.507* | Acc: *83.500%* (8350/10000)
Train epoch: 52 | Loss: *0.265* | Acc: *90.930%* (45465/50000) 
Test epoch: 52 | Loss: *0.472* | Acc: *84.450%* (8445/10000)
Train epoch: 53 | Loss: *0.261* | Acc: *90.964%* (45482/50000) 
Test epoch: 53 | Loss: *0.415* | Acc: *86.910%* (8691/10000)
Train epoch: 54 | Loss: *0.260* | Acc: *90.914%* (45457/50000) 
Test epoch: 54 | Loss: *0.549* | Acc: *83.180%* (8318/10000)
Train epoch: 55 | Loss: *0.255* | Acc: *91.110%* (45555/50000) 
Test epoch: 55 | Loss: *0.512* | Acc: *84.330%* (8433/10000)
Train epoch: 56 | Loss: *0.254* | Acc: *91.132%* (45566/50000) 
Test epoch: 56 | Loss: *0.478* | Acc: *84.750%* (8475/10000)
Train epoch: 57 | Loss: *0.252* | Acc: *91.300%* (45650/50000) 
Test epoch: 57 | Loss: *0.399* | Acc: *86.810%* (8681/10000)
Train epoch: 58 | Loss: *0.250* | Acc: *91.332%* (45666/50000) 
Test epoch: 58 | Loss: *0.495* | Acc: *83.960%* (8396/10000)
Train epoch: 59 | Loss: *0.246* | Acc: *91.490%* (45745/50000) 
Test epoch: 59 | Loss: *0.514* | Acc: *83.810%* (8381/10000)
Train epoch: 60 | Loss: *0.245* | Acc: *91.598%* (45799/50000) 
Test epoch: 60 | Loss: *0.522* | Acc: *83.310%* (8331/10000)
Train epoch: 61 | Loss: *0.247* | Acc: *91.482%* (45741/50000) 
Test epoch: 61 | Loss: *0.620* | Acc: *82.600%* (8260/10000)
Train epoch: 62 | Loss: *0.240* | Acc: *91.700%* (45850/50000) 
Test epoch: 62 | Loss: *0.516* | Acc: *83.630%* (8363/10000)
Train epoch: 63 | Loss: *0.241* | Acc: *91.702%* (45851/50000) 
Test epoch: 63 | Loss: *0.448* | Acc: *85.880%* (8588/10000)
Train epoch: 64 | Loss: *0.239* | Acc: *91.694%* (45847/50000) 
Test epoch: 64 | Loss: *0.442* | Acc: *86.050%* (8605/10000)
Train epoch: 65 | Loss: *0.231* | Acc: *91.970%* (45985/50000) 
Test epoch: 65 | Loss: *0.471* | Acc: *86.280%* (8628/10000)
Train epoch: 66 | Loss: *0.235* | Acc: *91.926%* (45963/50000) 
Test epoch: 66 | Loss: *0.417* | Acc: *86.770%* (8677/10000)
Train epoch: 67 | Loss: *0.232* | Acc: *91.972%* (45986/50000) 
Test epoch: 67 | Loss: *0.457* | Acc: *85.330%* (8533/10000)
Train epoch: 68 | Loss: *0.233* | Acc: *92.072%* (46036/50000) 
Test epoch: 68 | Loss: *0.469* | Acc: *85.400%* (8540/10000)
Train epoch: 69 | Loss: *0.227* | Acc: *92.232%* (46116/50000) 
Test epoch: 69 | Loss: *0.450* | Acc: *86.060%* (8606/10000)
Train epoch: 70 | Loss: *0.226* | Acc: *92.240%* (46120/50000) 
Test epoch: 70 | Loss: *0.370* | Acc: *88.050%* (8805/10000)
Train epoch: 71 | Loss: *0.226* | Acc: *92.184%* (46092/50000) 
Test epoch: 71 | Loss: *0.567* | Acc: *83.160%* (8316/10000)
Train epoch: 72 | Loss: *0.224* | Acc: *92.358%* (46179/50000) 
Test epoch: 72 | Loss: *0.433* | Acc: *86.550%* (8655/10000)
Train epoch: 73 | Loss: *0.219* | Acc: *92.466%* (46233/50000) 
Test epoch: 73 | Loss: *0.395* | Acc: *87.220%* (8722/10000)
Train epoch: 74 | Loss: *0.216* | Acc: *92.520%* (46260/50000) 
Test epoch: 74 | Loss: *0.475* | Acc: *85.090%* (8509/10000)
Train epoch: 75 | Loss: *0.214* | Acc: *92.610%* (46305/50000) 
Test epoch: 75 | Loss: *0.456* | Acc: *86.070%* (8607/10000)
Train epoch: 76 | Loss: *0.212* | Acc: *92.762%* (46381/50000) 
Test epoch: 76 | Loss: *0.477* | Acc: *86.570%* (8657/10000)
Train epoch: 77 | Loss: *0.211* | Acc: *92.736%* (46368/50000) 
Test epoch: 77 | Loss: *0.470* | Acc: *86.380%* (8638/10000)
Train epoch: 78 | Loss: *0.213* | Acc: *92.712%* (46356/50000) 
Test epoch: 78 | Loss: *0.379* | Acc: *87.960%* (8796/10000)
Train epoch: 79 | Loss: *0.206* | Acc: *93.004%* (46502/50000) 
Test epoch: 79 | Loss: *0.479* | Acc: *85.170%* (8517/10000)
Train epoch: 80 | Loss: *0.204* | Acc: *93.040%* (46520/50000) 
Test epoch: 80 | Loss: *0.397* | Acc: *87.010%* (8701/10000)
Train epoch: 81 | Loss: *0.201* | Acc: *93.054%* (46527/50000) 
Test epoch: 81 | Loss: *0.501* | Acc: *85.410%* (8541/10000)
Train epoch: 82 | Loss: *0.201* | Acc: *93.068%* (46534/50000) 
Test epoch: 82 | Loss: *0.371* | Acc: *88.200%* (8820/10000)
Train epoch: 83 | Loss: *0.199* | Acc: *93.092%* (46546/50000) 
Test epoch: 83 | Loss: *0.423* | Acc: *87.130%* (8713/10000)
Train epoch: 84 | Loss: *0.195* | Acc: *93.264%* (46632/50000) 
Test epoch: 84 | Loss: *0.381* | Acc: *88.310%* (8831/10000)
Train epoch: 85 | Loss: *0.192* | Acc: *93.272%* (46636/50000) 
Test epoch: 85 | Loss: *0.467* | Acc: *86.050%* (8605/10000)
Train epoch: 86 | Loss: *0.190* | Acc: *93.372%* (46686/50000) 
Test epoch: 86 | Loss: *0.391* | Acc: *88.050%* (8805/10000)
Train epoch: 87 | Loss: *0.188* | Acc: *93.400%* (46700/50000) 
Test epoch: 87 | Loss: *0.490* | Acc: *85.940%* (8594/10000)
Train epoch: 88 | Loss: *0.184* | Acc: *93.708%* (46854/50000) 
Test epoch: 88 | Loss: *0.365* | Acc: *88.170%* (8817/10000)
Train epoch: 89 | Loss: *0.180* | Acc: *93.786%* (46893/50000) 
Test epoch: 89 | Loss: *0.348* | Acc: *89.230%* (8923/10000)
Train epoch: 90 | Loss: *0.185* | Acc: *93.648%* (46824/50000) 
Test epoch: 90 | Loss: *0.323* | Acc: *89.730%* (8973/10000)
Train epoch: 91 | Loss: *0.175* | Acc: *93.938%* (46969/50000) 
Test epoch: 91 | Loss: *0.416* | Acc: *88.160%* (8816/10000)
Train epoch: 92 | Loss: *0.176* | Acc: *93.950%* (46975/50000) 
Test epoch: 92 | Loss: *0.375* | Acc: *88.510%* (8851/10000)
Train epoch: 93 | Loss: *0.171* | Acc: *94.142%* (47071/50000) 
Test epoch: 93 | Loss: *0.446* | Acc: *86.790%* (8679/10000)
Train epoch: 94 | Loss: *0.172* | Acc: *94.110%* (47055/50000) 
Test epoch: 94 | Loss: *0.369* | Acc: *88.110%* (8811/10000)
Train epoch: 95 | Loss: *0.167* | Acc: *94.274%* (47137/50000) 
Test epoch: 95 | Loss: *0.480* | Acc: *85.600%* (8560/10000)
Train epoch: 96 | Loss: *0.164* | Acc: *94.318%* (47159/50000) 
Test epoch: 96 | Loss: *0.344* | Acc: *89.650%* (8965/10000)
Train epoch: 97 | Loss: *0.161* | Acc: *94.430%* (47215/50000) 
Test epoch: 97 | Loss: *0.407* | Acc: *87.100%* (8710/10000)
Train epoch: 98 | Loss: *0.160* | Acc: *94.492%* (47246/50000) 
Test epoch: 98 | Loss: *0.405* | Acc: *88.130%* (8813/10000)
Train epoch: 99 | Loss: *0.164* | Acc: *94.354%* (47177/50000) 
Test epoch: 99 | Loss: *0.389* | Acc: *88.550%* (8855/10000)
Train epoch: 100 | Loss: *0.153* | Acc: *94.786%* (47393/50000) 
Test epoch: 100 | Loss: *0.566* | Acc: *84.290%* (8429/10000)
Train epoch: 101 | Loss: *0.152* | Acc: *94.728%* (47364/50000) 
Test epoch: 101 | Loss: *0.451* | Acc: *87.580%* (8758/10000)
Train epoch: 102 | Loss: *0.148* | Acc: *94.944%* (47472/50000) 
Test epoch: 102 | Loss: *0.350* | Acc: *89.560%* (8956/10000)
Train epoch: 103 | Loss: *0.149* | Acc: *94.738%* (47369/50000) 
Test epoch: 103 | Loss: *0.399* | Acc: *87.810%* (8781/10000)
Train epoch: 104 | Loss: *0.143* | Acc: *95.114%* (47557/50000) 
Test epoch: 104 | Loss: *0.371* | Acc: *88.530%* (8853/10000)
Train epoch: 105 | Loss: *0.139* | Acc: *95.280%* (47640/50000) 
Test epoch: 105 | Loss: *0.393* | Acc: *88.290%* (8829/10000)
Train epoch: 106 | Loss: *0.137* | Acc: *95.234%* (47617/50000) 
Test epoch: 106 | Loss: *0.407* | Acc: *87.770%* (8777/10000)
Train epoch: 107 | Loss: *0.141* | Acc: *95.194%* (47597/50000) 
Test epoch: 107 | Loss: *0.326* | Acc: *89.960%* (8996/10000)
Train epoch: 108 | Loss: *0.141* | Acc: *95.200%* (47600/50000) 
Test epoch: 108 | Loss: *0.336* | Acc: *89.820%* (8982/10000)
Train epoch: 109 | Loss: *0.131* | Acc: *95.542%* (47771/50000) 
Test epoch: 109 | Loss: *0.370* | Acc: *88.830%* (8883/10000)
Train epoch: 110 | Loss: *0.129* | Acc: *95.556%* (47778/50000) 
Test epoch: 110 | Loss: *0.455* | Acc: *86.970%* (8697/10000)
Train epoch: 111 | Loss: *0.127* | Acc: *95.708%* (47854/50000) 
Test epoch: 111 | Loss: *0.404* | Acc: *88.300%* (8830/10000)
Train epoch: 112 | Loss: *0.125* | Acc: *95.768%* (47884/50000) 
Test epoch: 112 | Loss: *0.384* | Acc: *88.610%* (8861/10000)
Train epoch: 113 | Loss: *0.124* | Acc: *95.620%* (47810/50000) 
Test epoch: 113 | Loss: *0.338* | Acc: *89.970%* (8997/10000)
Train epoch: 114 | Loss: *0.117* | Acc: *96.006%* (48003/50000) 
Test epoch: 114 | Loss: *0.383* | Acc: *89.110%* (8911/10000)
Train epoch: 115 | Loss: *0.119* | Acc: *95.948%* (47974/50000) 
Test epoch: 115 | Loss: *0.406* | Acc: *88.010%* (8801/10000)
Train epoch: 116 | Loss: *0.112* | Acc: *96.178%* (48089/50000) 
Test epoch: 116 | Loss: *0.366* | Acc: *89.330%* (8933/10000)
Train epoch: 117 | Loss: *0.111* | Acc: *96.212%* (48106/50000) 
Test epoch: 117 | Loss: *0.308* | Acc: *90.880%* (9088/10000)
Train epoch: 118 | Loss: *0.109* | Acc: *96.308%* (48154/50000) 
Test epoch: 118 | Loss: *0.367* | Acc: *89.650%* (8965/10000)
Train epoch: 119 | Loss: *0.099* | Acc: *96.624%* (48312/50000) 
Test epoch: 119 | Loss: *0.370* | Acc: *89.280%* (8928/10000)
Train epoch: 120 | Loss: *0.099* | Acc: *96.708%* (48354/50000) 
Test epoch: 120 | Loss: *0.376* | Acc: *89.220%* (8922/10000)
Train epoch: 121 | Loss: *0.101* | Acc: *96.500%* (48250/50000) 
Test epoch: 121 | Loss: *0.391* | Acc: *89.690%* (8969/10000)
Train epoch: 122 | Loss: *0.096* | Acc: *96.684%* (48342/50000) 
Test epoch: 122 | Loss: *0.367* | Acc: *89.950%* (8995/10000)
Train epoch: 123 | Loss: *0.092* | Acc: *96.940%* (48470/50000) 
Test epoch: 123 | Loss: *0.357* | Acc: *89.930%* (8993/10000)
Train epoch: 124 | Loss: *0.092* | Acc: *96.914%* (48457/50000) 
Test epoch: 124 | Loss: *0.539* | Acc: *86.860%* (8686/10000)
Train epoch: 125 | Loss: *0.088* | Acc: *97.110%* (48555/50000) 
Test epoch: 125 | Loss: *0.349* | Acc: *90.090%* (9009/10000)
Train epoch: 126 | Loss: *0.081* | Acc: *97.236%* (48618/50000) 
Test epoch: 126 | Loss: *0.369* | Acc: *89.650%* (8965/10000)
Train epoch: 127 | Loss: *0.084* | Acc: *97.130%* (48565/50000) 
Test epoch: 127 | Loss: *0.356* | Acc: *89.430%* (8943/10000)
Train epoch: 128 | Loss: *0.082* | Acc: *97.254%* (48627/50000) 
Test epoch: 128 | Loss: *0.318* | Acc: *91.210%* (9121/10000)
Train epoch: 129 | Loss: *0.074* | Acc: *97.554%* (48777/50000) 
Test epoch: 129 | Loss: *0.368* | Acc: *89.990%* (8999/10000)
Train epoch: 130 | Loss: *0.072* | Acc: *97.646%* (48823/50000) 
Test epoch: 130 | Loss: *0.375* | Acc: *89.750%* (8975/10000)
Train epoch: 131 | Loss: *0.071* | Acc: *97.640%* (48820/50000) 
Test epoch: 131 | Loss: *0.353* | Acc: *90.220%* (9022/10000)
Train epoch: 132 | Loss: *0.070* | Acc: *97.648%* (48824/50000) 
Test epoch: 132 | Loss: *0.300* | Acc: *91.160%* (9116/10000)
Train epoch: 133 | Loss: *0.069* | Acc: *97.662%* (48831/50000) 
Test epoch: 133 | Loss: *0.330* | Acc: *91.140%* (9114/10000)
Train epoch: 134 | Loss: *0.062* | Acc: *97.964%* (48982/50000) 
Test epoch: 134 | Loss: *0.460* | Acc: *89.320%* (8932/10000)
Train epoch: 135 | Loss: *0.057* | Acc: *98.134%* (49067/50000) 
Test epoch: 135 | Loss: *0.383* | Acc: *90.230%* (9023/10000)
Train epoch: 136 | Loss: *0.061* | Acc: *98.012%* (49006/50000) 
Test epoch: 136 | Loss: *0.305* | Acc: *91.150%* (9115/10000)
Train epoch: 137 | Loss: *0.054* | Acc: *98.244%* (49122/50000) 
Test epoch: 137 | Loss: *0.305* | Acc: *91.860%* (9186/10000)
Train epoch: 138 | Loss: *0.052* | Acc: *98.310%* (49155/50000) 
Test epoch: 138 | Loss: *0.333* | Acc: *91.110%* (9111/10000)
Train epoch: 139 | Loss: *0.054* | Acc: *98.232%* (49116/50000) 
Test epoch: 139 | Loss: *0.326* | Acc: *91.030%* (9103/10000)
Train epoch: 140 | Loss: *0.045* | Acc: *98.588%* (49294/50000) 
Test epoch: 140 | Loss: *0.328* | Acc: *91.210%* (9121/10000)
Train epoch: 141 | Loss: *0.046* | Acc: *98.566%* (49283/50000) 
Test epoch: 141 | Loss: *0.325* | Acc: *91.450%* (9145/10000)
Train epoch: 142 | Loss: *0.043* | Acc: *98.654%* (49327/50000) 
Test epoch: 142 | Loss: *0.277* | Acc: *92.340%* (9234/10000)
Train epoch: 143 | Loss: *0.041* | Acc: *98.746%* (49373/50000) 
Test epoch: 143 | Loss: *0.313* | Acc: *91.860%* (9186/10000)
Train epoch: 144 | Loss: *0.041* | Acc: *98.662%* (49331/50000) 
Test epoch: 144 | Loss: *0.272* | Acc: *92.270%* (9227/10000)
Train epoch: 145 | Loss: *0.036* | Acc: *98.896%* (49448/50000) 
Test epoch: 145 | Loss: *0.313* | Acc: *91.570%* (9157/10000)
Train epoch: 146 | Loss: *0.035* | Acc: *98.990%* (49495/50000) 
Test epoch: 146 | Loss: *0.290* | Acc: *92.290%* (9229/10000)
Train epoch: 147 | Loss: *0.031* | Acc: *99.094%* (49547/50000) 
Test epoch: 147 | Loss: *0.300* | Acc: *91.800%* (9180/10000)
Train epoch: 148 | Loss: *0.030* | Acc: *99.128%* (49564/50000) 
Test epoch: 148 | Loss: *0.293* | Acc: *92.280%* (9228/10000)
Train epoch: 149 | Loss: *0.029* | Acc: *99.128%* (49564/50000) 
Test epoch: 149 | Loss: *0.301* | Acc: *91.770%* (9177/10000)
Train epoch: 150 | Loss: *0.028* | Acc: *99.174%* (49587/50000) 
Test epoch: 150 | Loss: *0.277* | Acc: *92.410%* (9241/10000)
Train epoch: 151 | Loss: *0.024* | Acc: *99.350%* (49675/50000) 
Test epoch: 151 | Loss: *0.296* | Acc: *92.200%* (9220/10000)
Train epoch: 152 | Loss: *0.021* | Acc: *99.446%* (49723/50000) 
Test epoch: 152 | Loss: *0.284* | Acc: *92.630%* (9263/10000)
Train epoch: 153 | Loss: *0.022* | Acc: *99.398%* (49699/50000) 
Test epoch: 153 | Loss: *0.258* | Acc: *93.120%* (9312/10000)
Train epoch: 154 | Loss: *0.018* | Acc: *99.578%* (49789/50000) 
Test epoch: 154 | Loss: *0.272* | Acc: *92.590%* (9259/10000)
Train epoch: 155 | Loss: *0.017* | Acc: *99.592%* (49796/50000) 
Test epoch: 155 | Loss: *0.272* | Acc: *92.510%* (9251/10000)
Train epoch: 156 | Loss: *0.016* | Acc: *99.588%* (49794/50000) 
Test epoch: 156 | Loss: *0.255* | Acc: *93.120%* (9312/10000)
Train epoch: 157 | Loss: *0.014* | Acc: *99.682%* (49841/50000) 
Test epoch: 157 | Loss: *0.286* | Acc: *92.620%* (9262/10000)
Train epoch: 158 | Loss: *0.013* | Acc: *99.728%* (49864/50000) 
Test epoch: 158 | Loss: *0.253* | Acc: *93.340%* (9334/10000)
Train epoch: 159 | Loss: *0.012* | Acc: *99.758%* (49879/50000) 
Test epoch: 159 | Loss: *0.262* | Acc: *93.110%* (9311/10000)
Train epoch: 160 | Loss: *0.010* | Acc: *99.804%* (49902/50000) 
Test epoch: 160 | Loss: *0.248* | Acc: *93.460%* (9346/10000)
Train epoch: 161 | Loss: *0.009* | Acc: *99.854%* (49927/50000) 
Test epoch: 161 | Loss: *0.245* | Acc: *93.360%* (9336/10000)
Train epoch: 162 | Loss: *0.008* | Acc: *99.912%* (49956/50000) 
Test epoch: 162 | Loss: *0.232* | Acc: *93.560%* (9356/10000)
Train epoch: 163 | Loss: *0.007* | Acc: *99.922%* (49961/50000) 
Test epoch: 163 | Loss: *0.236* | Acc: *93.400%* (9340/10000)
Train epoch: 164 | Loss: *0.007* | Acc: *99.916%* (49958/50000) 
Test epoch: 164 | Loss: *0.247* | Acc: *93.650%* (9365/10000)
Train epoch: 165 | Loss: *0.006* | Acc: *99.938%* (49969/50000) 
Test epoch: 165 | Loss: *0.242* | Acc: *93.670%* (9367/10000)
Train epoch: 166 | Loss: *0.006* | Acc: *99.944%* (49972/50000) 
Test epoch: 166 | Loss: *0.239* | Acc: *93.670%* (9367/10000)
Train epoch: 167 | Loss: *0.005* | Acc: *99.956%* (49978/50000) 
Test epoch: 167 | Loss: *0.229* | Acc: *93.990%* (9399/10000)
Train epoch: 168 | Loss: *0.005* | Acc: *99.978%* (49989/50000) 
Test epoch: 168 | Loss: *0.227* | Acc: *93.840%* (9384/10000)
Train epoch: 169 | Loss: *0.005* | Acc: *99.970%* (49985/50000) 
Test epoch: 169 | Loss: *0.222* | Acc: *93.770%* (9377/10000)
Train epoch: 170 | Loss: *0.004* | Acc: *99.968%* (49984/50000) 
Test epoch: 170 | Loss: *0.222* | Acc: *93.820%* (9382/10000)
Train epoch: 171 | Loss: *0.004* | Acc: *99.972%* (49986/50000) 
Test epoch: 171 | Loss: *0.223* | Acc: *93.710%* (9371/10000)
Train epoch: 172 | Loss: *0.004* | Acc: *99.984%* (49992/50000) 
Test epoch: 172 | Loss: *0.220* | Acc: *93.910%* (9391/10000)
Train epoch: 173 | Loss: *0.004* | Acc: *99.990%* (49995/50000) 
Test epoch: 173 | Loss: *0.221* | Acc: *93.970%* (9397/10000)
Train epoch: 174 | Loss: *0.004* | Acc: *99.984%* (49992/50000) 
Test epoch: 174 | Loss: *0.223* | Acc: *93.870%* (9387/10000)
Train epoch: 175 | Loss: *0.004* | Acc: *99.990%* (49995/50000) 
Test epoch: 175 | Loss: *0.224* | Acc: *93.840%* (9384/10000)
Train epoch: 176 | Loss: *0.004* | Acc: *99.986%* (49993/50000) 
Test epoch: 176 | Loss: *0.216* | Acc: *93.910%* (9391/10000)
Train epoch: 177 | Loss: *0.004* | Acc: *99.988%* (49994/50000) 
Test epoch: 177 | Loss: *0.215* | Acc: *94.000%* (9400/10000)
Train epoch: 178 | Loss: *0.004* | Acc: *99.988%* (49994/50000) 
Test epoch: 178 | Loss: *0.215* | Acc: *93.930%* (9393/10000)
Train epoch: 179 | Loss: *0.004* | Acc: *99.992%* (49996/50000) 
Test epoch: 179 | Loss: *0.219* | Acc: *93.800%* (9380/10000)
Train epoch: 180 | Loss: *0.003* | Acc: *99.990%* (49995/50000) 
Test epoch: 180 | Loss: *0.217* | Acc: *93.880%* (9388/10000)
Train epoch: 181 | Loss: *0.003* | Acc: *99.992%* (49996/50000) 
Test epoch: 181 | Loss: *0.213* | Acc: *94.000%* (9400/10000)
Train epoch: 182 | Loss: *0.003* | Acc: *99.994%* (49997/50000) 
Test epoch: 182 | Loss: *0.214* | Acc: *93.950%* (9395/10000)
Train epoch: 183 | Loss: *0.003* | Acc: *99.986%* (49993/50000) 
Test epoch: 183 | Loss: *0.215* | Acc: *94.070%* (9407/10000)
Train epoch: 184 | Loss: *0.003* | Acc: *99.998%* (49999/50000) 
Test epoch: 184 | Loss: *0.212* | Acc: *94.120%* (9412/10000)
Train epoch: 185 | Loss: *0.003* | Acc: *99.992%* (49996/50000) 
Test epoch: 185 | Loss: *0.212* | Acc: *94.050%* (9405/10000)
Train epoch: 186 | Loss: *0.003* | Acc: *99.998%* (49999/50000) 
Test epoch: 186 | Loss: *0.211* | Acc: *93.960%* (9396/10000)
Train epoch: 187 | Loss: *0.003* | Acc: *99.996%* (49998/50000) 
Test epoch: 187 | Loss: *0.210* | Acc: *94.000%* (9400/10000)
Train epoch: 188 | Loss: *0.003* | Acc: *99.998%* (49999/50000) 
Test epoch: 188 | Loss: *0.211* | Acc: *93.970%* (9397/10000)
Train epoch: 189 | Loss: *0.003* | Acc: *99.998%* (49999/50000) 
Test epoch: 189 | Loss: *0.210* | Acc: *93.960%* (9396/10000)
Train epoch: 190 | Loss: *0.003* | Acc: *99.998%* (49999/50000) 
Test epoch: 190 | Loss: *0.210* | Acc: *94.000%* (9400/10000)
Train epoch: 191 | Loss: *0.003* | Acc: *100.000%* (50000/50000) 
Test epoch: 191 | Loss: *0.211* | Acc: *93.930%* (9393/10000)
Train epoch: 192 | Loss: *0.003* | Acc: *99.994%* (49997/50000) 
Test epoch: 192 | Loss: *0.211* | Acc: *94.050%* (9405/10000)
Train epoch: 193 | Loss: *0.003* | Acc: *100.000%* (50000/50000) 
Test epoch: 193 | Loss: *0.210* | Acc: *94.050%* (9405/10000)
Train epoch: 194 | Loss: *0.003* | Acc: *99.998%* (49999/50000) 
Test epoch: 194 | Loss: *0.209* | Acc: *94.120%* (9412/10000)
Train epoch: 195 | Loss: *0.003* | Acc: *99.996%* (49998/50000) 
Test epoch: 195 | Loss: *0.210* | Acc: *94.040%* (9404/10000)
Train epoch: 196 | Loss: *0.003* | Acc: *99.996%* (49998/50000) 
Test epoch: 196 | Loss: *0.210* | Acc: *93.950%* (9395/10000)
Train epoch: 197 | Loss: *0.003* | Acc: *99.996%* (49998/50000) 
Test epoch: 197 | Loss: *0.209* | Acc: *94.050%* (9405/10000)
Train epoch: 198 | Loss: *0.003* | Acc: *99.996%* (49998/50000) 
Test epoch: 198 | Loss: *0.210* | Acc: *93.980%* (9398/10000)
Train epoch: 199 | Loss: *0.003* | Acc: *99.996%* (49998/50000) 
Test epoch: 199 | Loss: *0.211* | Acc: *93.960%* (9396/10000)
Train epoch: 200 | Loss: *0.003* | Acc: *99.990%* (49995/50000) 
Test epoch: 200 | Loss: *0.211* | Acc: *93.750%* (9375/10000)
Train epoch: 201 | Loss: *0.003* | Acc: *99.994%* (49997/50000) 
Test epoch: 201 | Loss: *0.210* | Acc: *94.060%* (9406/10000)
Train epoch: 202 | Loss: *0.003* | Acc: *99.992%* (49996/50000) 
Test epoch: 202 | Loss: *0.212* | Acc: *93.970%* (9397/10000)
Train epoch: 203 | Loss: *0.003* | Acc: *99.998%* (49999/50000) 
Test epoch: 203 | Loss: *0.212* | Acc: *93.960%* (9396/10000)
Train epoch: 204 | Loss: *0.003* | Acc: *99.992%* (49996/50000) 
Test epoch: 204 | Loss: *0.211* | Acc: *93.960%* (9396/10000)
Train epoch: 205 | Loss: *0.003* | Acc: *99.998%* (49999/50000) 
Test epoch: 205 | Loss: *0.209* | Acc: *94.050%* (9405/10000)
Train epoch: 206 | Loss: *0.003* | Acc: *99.998%* (49999/50000) 
Test epoch: 206 | Loss: *0.212* | Acc: *93.910%* (9391/10000)
Train epoch: 207 | Loss: *0.003* | Acc: *99.992%* (49996/50000) 
Test epoch: 207 | Loss: *0.211* | Acc: *94.050%* (9405/10000)
Train epoch: 208 | Loss: *0.003* | Acc: *99.996%* (49998/50000) 
Test epoch: 208 | Loss: *0.210* | Acc: *94.070%* (9407/10000)
Train epoch: 209 | Loss: *0.003* | Acc: *100.000%* (50000/50000) 
Test epoch: 209 | Loss: *0.210* | Acc: *94.090%* (9409/10000)
Train epoch: 210 | Loss: *0.003* | Acc: *99.998%* (49999/50000) 
Test epoch: 210 | Loss: *0.209* | Acc: *94.030%* (9403/10000)
Train epoch: 211 | Loss: *0.003* | Acc: *99.994%* (49997/50000) 
Test epoch: 211 | Loss: *0.209* | Acc: *94.080%* (9408/10000)
Train epoch: 212 | Loss: *0.003* | Acc: *99.998%* (49999/50000) 
Test epoch: 212 | Loss: *0.210* | Acc: *94.090%* (9409/10000)
Train epoch: 213 | Loss: *0.003* | Acc: *99.998%* (49999/50000) 
Test epoch: 213 | Loss: *0.209* | Acc: *93.960%* (9396/10000)
Train epoch: 214 | Loss: *0.003* | Acc: *99.994%* (49997/50000) 
Test epoch: 214 | Loss: *0.212* | Acc: *94.090%* (9409/10000)
Train epoch: 215 | Loss: *0.003* | Acc: *99.996%* (49998/50000) 
Test epoch: 215 | Loss: *0.212* | Acc: *94.030%* (9403/10000)
Train epoch: 216 | Loss: *0.003* | Acc: *99.998%* (49999/50000) 
Test epoch: 216 | Loss: *0.211* | Acc: *93.980%* (9398/10000)
Train epoch: 217 | Loss: *0.003* | Acc: *99.996%* (49998/50000) 
Test epoch: 217 | Loss: *0.209* | Acc: *93.990%* (9399/10000)
Train epoch: 218 | Loss: *0.003* | Acc: *99.998%* (49999/50000) 
Test epoch: 218 | Loss: *0.213* | Acc: *94.050%* (9405/10000)
Train epoch: 219 | Loss: *0.003* | Acc: *99.996%* (49998/50000) 
Test epoch: 219 | Loss: *0.209* | Acc: *94.010%* (9401/10000)
Train epoch: 220 | Loss: *0.003* | Acc: *99.998%* (49999/50000) 
Test epoch: 220 | Loss: *0.209* | Acc: *94.020%* (9402/10000)
Train epoch: 221 | Loss: *0.003* | Acc: *99.996%* (49998/50000) 
Test epoch: 221 | Loss: *0.209* | Acc: *94.040%* (9404/10000)
Train epoch: 222 | Loss: *0.003* | Acc: *99.996%* (49998/50000) 
Test epoch: 222 | Loss: *0.208* | Acc: *94.060%* (9406/10000)
Train epoch: 223 | Loss: *0.003* | Acc: *99.998%* (49999/50000) 
Test epoch: 223 | Loss: *0.208* | Acc: *94.000%* (9400/10000)
Train epoch: 224 | Loss: *0.003* | Acc: *99.996%* (49998/50000) 
Test epoch: 224 | Loss: *0.207* | Acc: *94.130%* (9413/10000)
Train epoch: 225 | Loss: *0.003* | Acc: *100.000%* (50000/50000) 
Test epoch: 225 | Loss: *0.208* | Acc: *94.020%* (9402/10000)
Train epoch: 226 | Loss: *0.004* | Acc: *99.992%* (49996/50000) 
Test epoch: 226 | Loss: *0.209* | Acc: *93.960%* (9396/10000)
Train epoch: 227 | Loss: *0.004* | Acc: *99.990%* (49995/50000) 
Test epoch: 227 | Loss: *0.211* | Acc: *93.970%* (9397/10000)
Train epoch: 228 | Loss: *0.004* | Acc: *99.996%* (49998/50000) 
Test epoch: 228 | Loss: *0.209* | Acc: *93.970%* (9397/10000)
Train epoch: 229 | Loss: *0.004* | Acc: *99.996%* (49998/50000) 
Test epoch: 229 | Loss: *0.210* | Acc: *93.960%* (9396/10000)
Train epoch: 230 | Loss: *0.004* | Acc: *99.994%* (49997/50000) 
Test epoch: 230 | Loss: *0.211* | Acc: *93.940%* (9394/10000)
Train epoch: 231 | Loss: *0.004* | Acc: *99.988%* (49994/50000) 
Test epoch: 231 | Loss: *0.214* | Acc: *93.970%* (9397/10000)
Train epoch: 232 | Loss: *0.004* | Acc: *99.994%* (49997/50000) 
Test epoch: 232 | Loss: *0.217* | Acc: *93.730%* (9373/10000)
Train epoch: 233 | Loss: *0.004* | Acc: *99.992%* (49996/50000) 
Test epoch: 233 | Loss: *0.212* | Acc: *93.810%* (9381/10000)
Train epoch: 234 | Loss: *0.005* | Acc: *99.976%* (49988/50000) 
Test epoch: 234 | Loss: *0.224* | Acc: *93.510%* (9351/10000)
Train epoch: 235 | Loss: *0.005* | Acc: *99.976%* (49988/50000) 
Test epoch: 235 | Loss: *0.226* | Acc: *93.600%* (9360/10000)
Train epoch: 236 | Loss: *0.006* | Acc: *99.984%* (49992/50000) 
Test epoch: 236 | Loss: *0.224* | Acc: *93.700%* (9370/10000)
Train epoch: 237 | Loss: *0.007* | Acc: *99.944%* (49972/50000) 
Test epoch: 237 | Loss: *0.233* | Acc: *93.630%* (9363/10000)
Train epoch: 238 | Loss: *0.010* | Acc: *99.892%* (49946/50000) 
Test epoch: 238 | Loss: *0.243* | Acc: *93.010%* (9301/10000)
Train epoch: 239 | Loss: *0.014* | Acc: *99.780%* (49890/50000) 
Test epoch: 239 | Loss: *0.268* | Acc: *92.700%* (9270/10000)
Train epoch: 240 | Loss: *0.024* | Acc: *99.460%* (49730/50000) 
Test epoch: 240 | Loss: *0.288* | Acc: *92.020%* (9202/10000)
Train epoch: 241 | Loss: *0.033* | Acc: *99.118%* (49559/50000) 
Test epoch: 241 | Loss: *0.312* | Acc: *91.450%* (9145/10000)
Train epoch: 242 | Loss: *0.043* | Acc: *98.694%* (49347/50000) 
Test epoch: 242 | Loss: *0.309* | Acc: *91.530%* (9153/10000)
Train epoch: 243 | Loss: *0.047* | Acc: *98.602%* (49301/50000) 
Test epoch: 243 | Loss: *0.339* | Acc: *90.410%* (9041/10000)
Train epoch: 244 | Loss: *0.054* | Acc: *98.350%* (49175/50000) 
Test epoch: 244 | Loss: *0.349* | Acc: *90.390%* (9039/10000)
Train epoch: 245 | Loss: *0.056* | Acc: *98.288%* (49144/50000) 
Test epoch: 245 | Loss: *0.320* | Acc: *91.140%* (9114/10000)
Train epoch: 246 | Loss: *0.061* | Acc: *98.032%* (49016/50000) 
Test epoch: 246 | Loss: *0.354* | Acc: *90.110%* (9011/10000)
Train epoch: 247 | Loss: *0.069* | Acc: *97.694%* (48847/50000) 
Test epoch: 247 | Loss: *0.348* | Acc: *90.810%* (9081/10000)
Train epoch: 248 | Loss: *0.069* | Acc: *97.728%* (48864/50000) 
Test epoch: 248 | Loss: *0.329* | Acc: *91.400%* (9140/10000)
Train epoch: 249 | Loss: *0.072* | Acc: *97.594%* (48797/50000) 
Test epoch: 249 | Loss: *0.354* | Acc: *90.520%* (9052/10000)
Train epoch: 250 | Loss: *0.074* | Acc: *97.636%* (48818/50000) 
Test epoch: 250 | Loss: *0.352* | Acc: *90.400%* (9040/10000)
Train epoch: 251 | Loss: *0.072* | Acc: *97.640%* (48820/50000) 
Test epoch: 251 | Loss: *0.343* | Acc: *91.000%* (9100/10000)
Train epoch: 252 | Loss: *0.075* | Acc: *97.560%* (48780/50000) 
Test epoch: 252 | Loss: *0.354* | Acc: *90.760%* (9076/10000)
Train epoch: 253 | Loss: *0.079* | Acc: *97.402%* (48701/50000) 
Test epoch: 253 | Loss: *0.352* | Acc: *90.090%* (9009/10000)
Train epoch: 254 | Loss: *0.078* | Acc: *97.390%* (48695/50000) 
Test epoch: 254 | Loss: *0.333* | Acc: *90.740%* (9074/10000)
Train epoch: 255 | Loss: *0.083* | Acc: *97.226%* (48613/50000) 
Test epoch: 255 | Loss: *0.421* | Acc: *88.790%* (8879/10000)
Train epoch: 256 | Loss: *0.079* | Acc: *97.420%* (48710/50000) 
Test epoch: 256 | Loss: *0.329* | Acc: *90.590%* (9059/10000)
Train epoch: 257 | Loss: *0.082* | Acc: *97.282%* (48641/50000) 
Test epoch: 257 | Loss: *0.377* | Acc: *89.730%* (8973/10000)
Train epoch: 258 | Loss: *0.086* | Acc: *97.150%* (48575/50000) 
Test epoch: 258 | Loss: *0.341* | Acc: *90.250%* (9025/10000)
Train epoch: 259 | Loss: *0.083* | Acc: *97.126%* (48563/50000) 
Test epoch: 259 | Loss: *0.345* | Acc: *90.570%* (9057/10000)
Train epoch: 260 | Loss: *0.087* | Acc: *97.080%* (48540/50000) 
Test epoch: 260 | Loss: *0.397* | Acc: *89.410%* (8941/10000)
Train epoch: 261 | Loss: *0.087* | Acc: *97.108%* (48554/50000) 
Test epoch: 261 | Loss: *0.383* | Acc: *88.990%* (8899/10000)
Train epoch: 262 | Loss: *0.086* | Acc: *97.096%* (48548/50000) 
Test epoch: 262 | Loss: *0.333* | Acc: *90.740%* (9074/10000)
Train epoch: 263 | Loss: *0.087* | Acc: *97.058%* (48529/50000) 
Test epoch: 263 | Loss: *0.390* | Acc: *89.510%* (8951/10000)
Train epoch: 264 | Loss: *0.089* | Acc: *97.050%* (48525/50000) 
Test epoch: 264 | Loss: *0.372* | Acc: *90.270%* (9027/10000)
Train epoch: 265 | Loss: *0.092* | Acc: *96.840%* (48420/50000) 
Test epoch: 265 | Loss: *0.380* | Acc: *89.370%* (8937/10000)
Train epoch: 266 | Loss: *0.089* | Acc: *97.044%* (48522/50000) 
Test epoch: 266 | Loss: *0.372* | Acc: *89.850%* (8985/10000)
Train epoch: 267 | Loss: *0.091* | Acc: *96.906%* (48453/50000) 
Test epoch: 267 | Loss: *0.389* | Acc: *89.180%* (8918/10000)
Train epoch: 268 | Loss: *0.099* | Acc: *96.548%* (48274/50000) 
Test epoch: 268 | Loss: *0.479* | Acc: *87.180%* (8718/10000)
Train epoch: 269 | Loss: *0.096* | Acc: *96.644%* (48322/50000) 
Test epoch: 269 | Loss: *0.348* | Acc: *90.120%* (9012/10000)
Train epoch: 270 | Loss: *0.102* | Acc: *96.584%* (48292/50000) 
Test epoch: 270 | Loss: *0.357* | Acc: *90.490%* (9049/10000)
Train epoch: 271 | Loss: *0.098* | Acc: *96.684%* (48342/50000) 
Test epoch: 271 | Loss: *0.376* | Acc: *89.620%* (8962/10000)
Train epoch: 272 | Loss: *0.099* | Acc: *96.572%* (48286/50000) 
Test epoch: 272 | Loss: *0.345* | Acc: *90.070%* (9007/10000)
Train epoch: 273 | Loss: *0.098* | Acc: *96.698%* (48349/50000) 
Test epoch: 273 | Loss: *0.326* | Acc: *90.490%* (9049/10000)
Train epoch: 274 | Loss: *0.104* | Acc: *96.450%* (48225/50000) 
Test epoch: 274 | Loss: *0.485* | Acc: *87.080%* (8708/10000)
Train epoch: 275 | Loss: *0.103* | Acc: *96.432%* (48216/50000) 
Test epoch: 275 | Loss: *0.485* | Acc: *87.110%* (8711/10000)
Train epoch: 276 | Loss: *0.112* | Acc: *96.170%* (48085/50000) 
Test epoch: 276 | Loss: *0.431* | Acc: *88.310%* (8831/10000)
Train epoch: 277 | Loss: *0.106* | Acc: *96.432%* (48216/50000) 
Test epoch: 277 | Loss: *0.421* | Acc: *88.850%* (8885/10000)
Train epoch: 278 | Loss: *0.111* | Acc: *96.200%* (48100/50000) 
Test epoch: 278 | Loss: *0.400* | Acc: *89.160%* (8916/10000)
Train epoch: 279 | Loss: *0.111* | Acc: *96.178%* (48089/50000) 
Test epoch: 279 | Loss: *0.428* | Acc: *88.410%* (8841/10000)
Train epoch: 280 | Loss: *0.107* | Acc: *96.334%* (48167/50000) 
Test epoch: 280 | Loss: *0.401* | Acc: *88.780%* (8878/10000)
Train epoch: 281 | Loss: *0.121* | Acc: *95.880%* (47940/50000) 
Test epoch: 281 | Loss: *0.355* | Acc: *89.590%* (8959/10000)
Train epoch: 282 | Loss: *0.116* | Acc: *96.020%* (48010/50000) 
Test epoch: 282 | Loss: *0.469* | Acc: *87.600%* (8760/10000)
Train epoch: 283 | Loss: *0.117* | Acc: *95.974%* (47987/50000) 
Test epoch: 283 | Loss: *0.437* | Acc: *87.790%* (8779/10000)
Train epoch: 284 | Loss: *0.116* | Acc: *96.030%* (48015/50000) 
Test epoch: 284 | Loss: *0.355* | Acc: *89.550%* (8955/10000)
Train epoch: 285 | Loss: *0.119* | Acc: *95.866%* (47933/50000) 
Test epoch: 285 | Loss: *0.437* | Acc: *87.800%* (8780/10000)
Train epoch: 286 | Loss: *0.121* | Acc: *95.854%* (47927/50000) 
Test epoch: 286 | Loss: *0.360* | Acc: *89.360%* (8936/10000)
Train epoch: 287 | Loss: *0.123* | Acc: *95.792%* (47896/50000) 
Test epoch: 287 | Loss: *0.389* | Acc: *88.840%* (8884/10000)
Train epoch: 288 | Loss: *0.123* | Acc: *95.826%* (47913/50000) 
Test epoch: 288 | Loss: *0.399* | Acc: *88.550%* (8855/10000)
Train epoch: 289 | Loss: *0.128* | Acc: *95.670%* (47835/50000) 
Test epoch: 289 | Loss: *0.436* | Acc: *87.580%* (8758/10000)
Train epoch: 290 | Loss: *0.134* | Acc: *95.446%* (47723/50000) 
Test epoch: 290 | Loss: *0.441* | Acc: *87.630%* (8763/10000)
Train epoch: 291 | Loss: *0.131* | Acc: *95.438%* (47719/50000) 
Test epoch: 291 | Loss: *0.460* | Acc: *87.740%* (8774/10000)
Train epoch: 292 | Loss: *0.132* | Acc: *95.450%* (47725/50000) 
Test epoch: 292 | Loss: *0.467* | Acc: *87.050%* (8705/10000)
Train epoch: 293 | Loss: *0.131* | Acc: *95.470%* (47735/50000) 
Test epoch: 293 | Loss: *0.370* | Acc: *88.740%* (8874/10000)
Train epoch: 294 | Loss: *0.135* | Acc: *95.372%* (47686/50000) 
Test epoch: 294 | Loss: *0.399* | Acc: *88.580%* (8858/10000)
Train epoch: 295 | Loss: *0.135* | Acc: *95.542%* (47771/50000) 
Test epoch: 295 | Loss: *0.414* | Acc: *88.210%* (8821/10000)
Train epoch: 296 | Loss: *0.140* | Acc: *95.122%* (47561/50000) 
Test epoch: 296 | Loss: *0.377* | Acc: *88.460%* (8846/10000)
Train epoch: 297 | Loss: *0.145* | Acc: *94.968%* (47484/50000) 
Test epoch: 297 | Loss: *0.410* | Acc: *88.370%* (8837/10000)
Train epoch: 298 | Loss: *0.143* | Acc: *95.092%* (47546/50000) 
Test epoch: 298 | Loss: *0.369* | Acc: *88.730%* (8873/10000)
Train epoch: 299 | Loss: *0.144* | Acc: *95.082%* (47541/50000) 
Test epoch: 299 | Loss: *0.474* | Acc: *86.840%* (8684/10000)
Train epoch: 300 | Loss: *0.145* | Acc: *95.108%* (47554/50000) 
Test epoch: 300 | Loss: *0.393* | Acc: *88.560%* (8856/10000)
Train epoch: 301 | Loss: *0.150* | Acc: *94.928%* (47464/50000) 
Test epoch: 301 | Loss: *0.456* | Acc: *86.740%* (8674/10000)
Train epoch: 302 | Loss: *0.153* | Acc: *94.686%* (47343/50000) 
Test epoch: 302 | Loss: *0.397* | Acc: *88.270%* (8827/10000)
Train epoch: 303 | Loss: *0.154* | Acc: *94.730%* (47365/50000) 
Test epoch: 303 | Loss: *0.389* | Acc: *88.740%* (8874/10000)
Train epoch: 304 | Loss: *0.154* | Acc: *94.842%* (47421/50000) 
Test epoch: 304 | Loss: *0.409* | Acc: *88.200%* (8820/10000)
Train epoch: 305 | Loss: *0.157* | Acc: *94.720%* (47360/50000) 
Test epoch: 305 | Loss: *0.421* | Acc: *87.890%* (8789/10000)
Train epoch: 306 | Loss: *0.157* | Acc: *94.602%* (47301/50000) 
Test epoch: 306 | Loss: *0.502* | Acc: *86.310%* (8631/10000)
Train epoch: 307 | Loss: *0.162* | Acc: *94.468%* (47234/50000) 
Test epoch: 307 | Loss: *0.537* | Acc: *85.510%* (8551/10000)
Train epoch: 308 | Loss: *0.159* | Acc: *94.550%* (47275/50000) 
Test epoch: 308 | Loss: *0.468* | Acc: *87.700%* (8770/10000)
Train epoch: 309 | Loss: *0.168* | Acc: *94.330%* (47165/50000) 
Test epoch: 309 | Loss: *0.536* | Acc: *84.640%* (8464/10000)
Train epoch: 310 | Loss: *0.164* | Acc: *94.386%* (47193/50000) 
Test epoch: 310 | Loss: *0.470* | Acc: *86.600%* (8660/10000)
Train epoch: 311 | Loss: *0.165* | Acc: *94.298%* (47149/50000) 
Test epoch: 311 | Loss: *0.386* | Acc: *88.730%* (8873/10000)
Train epoch: 312 | Loss: *0.170* | Acc: *94.246%* (47123/50000) 
Test epoch: 312 | Loss: *0.442* | Acc: *87.540%* (8754/10000)
Train epoch: 313 | Loss: *0.173* | Acc: *93.932%* (46966/50000) 
Test epoch: 313 | Loss: *0.503* | Acc: *85.430%* (8543/10000)
Train epoch: 314 | Loss: *0.172* | Acc: *94.130%* (47065/50000) 
Test epoch: 314 | Loss: *0.352* | Acc: *89.240%* (8924/10000)
Train epoch: 315 | Loss: *0.172* | Acc: *94.170%* (47085/50000) 
Test epoch: 315 | Loss: *0.552* | Acc: *82.720%* (8272/10000)
Train epoch: 316 | Loss: *0.176* | Acc: *94.010%* (47005/50000) 
Test epoch: 316 | Loss: *0.479* | Acc: *86.380%* (8638/10000)
Train epoch: 317 | Loss: *0.179* | Acc: *93.750%* (46875/50000) 
Test epoch: 317 | Loss: *0.569* | Acc: *83.840%* (8384/10000)
Train epoch: 318 | Loss: *0.178* | Acc: *93.896%* (46948/50000) 
Test epoch: 318 | Loss: *0.445* | Acc: *86.620%* (8662/10000)
Train epoch: 319 | Loss: *0.180* | Acc: *93.814%* (46907/50000) 
Test epoch: 319 | Loss: *0.443* | Acc: *87.300%* (8730/10000)
Train epoch: 320 | Loss: *0.183* | Acc: *93.568%* (46784/50000) 
Test epoch: 320 | Loss: *0.444* | Acc: *87.030%* (8703/10000)
Train epoch: 321 | Loss: *0.186* | Acc: *93.634%* (46817/50000) 
Test epoch: 321 | Loss: *0.449* | Acc: *86.290%* (8629/10000)
Train epoch: 322 | Loss: *0.188* | Acc: *93.466%* (46733/50000) 
Test epoch: 322 | Loss: *0.492* | Acc: *85.480%* (8548/10000)
Train epoch: 323 | Loss: *0.187* | Acc: *93.544%* (46772/50000) 
Test epoch: 323 | Loss: *0.414* | Acc: *87.490%* (8749/10000)
Train epoch: 324 | Loss: *0.190* | Acc: *93.404%* (46702/50000) 
Test epoch: 324 | Loss: *0.759* | Acc: *80.020%* (8002/10000)
Train epoch: 325 | Loss: *0.188* | Acc: *93.476%* (46738/50000) 
Test epoch: 325 | Loss: *0.398* | Acc: *87.640%* (8764/10000)
Train epoch: 326 | Loss: *0.195* | Acc: *93.212%* (46606/50000) 
Test epoch: 326 | Loss: *0.465* | Acc: *86.380%* (8638/10000)
Train epoch: 327 | Loss: *0.194* | Acc: *93.382%* (46691/50000) 
Test epoch: 327 | Loss: *0.343* | Acc: *89.210%* (8921/10000)
Train epoch: 328 | Loss: *0.197* | Acc: *93.290%* (46645/50000) 
Test epoch: 328 | Loss: *0.491* | Acc: *85.750%* (8575/10000)
Train epoch: 329 | Loss: *0.196* | Acc: *93.256%* (46628/50000) 
Test epoch: 329 | Loss: *0.775* | Acc: *80.370%* (8037/10000)
Train epoch: 330 | Loss: *0.199* | Acc: *93.168%* (46584/50000) 
Test epoch: 330 | Loss: *0.785* | Acc: *78.510%* (7851/10000)
Train epoch: 331 | Loss: *0.202* | Acc: *93.054%* (46527/50000) 
Test epoch: 331 | Loss: *0.522* | Acc: *84.250%* (8425/10000)
Train epoch: 332 | Loss: *0.200* | Acc: *93.184%* (46592/50000) 
Test epoch: 332 | Loss: *0.533* | Acc: *84.480%* (8448/10000)
Train epoch: 333 | Loss: *0.202* | Acc: *93.064%* (46532/50000) 
Test epoch: 333 | Loss: *0.526* | Acc: *83.740%* (8374/10000)
Train epoch: 334 | Loss: *0.201* | Acc: *93.122%* (46561/50000) 
Test epoch: 334 | Loss: *0.477* | Acc: *86.060%* (8606/10000)
Train epoch: 335 | Loss: *0.212* | Acc: *92.608%* (46304/50000) 
Test epoch: 335 | Loss: *0.479* | Acc: *85.340%* (8534/10000)
Train epoch: 336 | Loss: *0.205* | Acc: *92.836%* (46418/50000) 
Test epoch: 336 | Loss: *0.455* | Acc: *86.070%* (8607/10000)
Train epoch: 337 | Loss: *0.212* | Acc: *92.784%* (46392/50000) 
Test epoch: 337 | Loss: *0.435* | Acc: *86.820%* (8682/10000)
Train epoch: 338 | Loss: *0.211* | Acc: *92.558%* (46279/50000) 
Test epoch: 338 | Loss: *0.594* | Acc: *82.840%* (8284/10000)
Train epoch: 339 | Loss: *0.210* | Acc: *92.730%* (46365/50000) 
Test epoch: 339 | Loss: *0.692* | Acc: *81.270%* (8127/10000)
Train epoch: 340 | Loss: *0.216* | Acc: *92.560%* (46280/50000) 
Test epoch: 340 | Loss: *0.601* | Acc: *82.430%* (8243/10000)
Train epoch: 341 | Loss: *0.210* | Acc: *92.662%* (46331/50000) 
Test epoch: 341 | Loss: *0.454* | Acc: *86.500%* (8650/10000)
Train epoch: 342 | Loss: *0.212* | Acc: *92.766%* (46383/50000) 
Test epoch: 342 | Loss: *0.533* | Acc: *83.780%* (8378/10000)
Train epoch: 343 | Loss: *0.217* | Acc: *92.460%* (46230/50000) 
Test epoch: 343 | Loss: *0.513* | Acc: *84.050%* (8405/10000)
Train epoch: 344 | Loss: *0.217* | Acc: *92.588%* (46294/50000) 
Test epoch: 344 | Loss: *0.560* | Acc: *83.350%* (8335/10000)
Train epoch: 345 | Loss: *0.216* | Acc: *92.644%* (46322/50000) 
Test epoch: 345 | Loss: *0.486* | Acc: *85.030%* (8503/10000)
Train epoch: 346 | Loss: *0.220* | Acc: *92.446%* (46223/50000) 
Test epoch: 346 | Loss: *0.439* | Acc: *86.070%* (8607/10000)
Train epoch: 347 | Loss: *0.217* | Acc: *92.516%* (46258/50000) 
Test epoch: 347 | Loss: *0.562* | Acc: *84.090%* (8409/10000)
Train epoch: 348 | Loss: *0.224* | Acc: *92.380%* (46190/50000) 
Test epoch: 348 | Loss: *0.563* | Acc: *84.180%* (8418/10000)
Train epoch: 349 | Loss: *0.222* | Acc: *92.490%* (46245/50000) 
Test epoch: 349 | Loss: *0.549* | Acc: *85.110%* (8511/10000)
Train epoch: 350 | Loss: *0.225* | Acc: *92.386%* (46193/50000) 
Test epoch: 350 | Loss: *0.471* | Acc: *85.120%* (8512/10000)
Train epoch: 351 | Loss: *0.223* | Acc: *92.292%* (46146/50000) 
Test epoch: 351 | Loss: *0.365* | Acc: *88.050%* (8805/10000)
Train epoch: 352 | Loss: *0.227* | Acc: *92.310%* (46155/50000) 
Test epoch: 352 | Loss: *0.505* | Acc: *84.360%* (8436/10000)
Train epoch: 353 | Loss: *0.224* | Acc: *92.314%* (46157/50000) 
Test epoch: 353 | Loss: *0.515* | Acc: *84.700%* (8470/10000)
Train epoch: 354 | Loss: *0.229* | Acc: *92.240%* (46120/50000) 
Test epoch: 354 | Loss: *0.462* | Acc: *85.690%* (8569/10000)
Train epoch: 355 | Loss: *0.229* | Acc: *92.064%* (46032/50000) 
Test epoch: 355 | Loss: *0.549* | Acc: *83.570%* (8357/10000)
Train epoch: 356 | Loss: *0.232* | Acc: *91.918%* (45959/50000) 
Test epoch: 356 | Loss: *0.526* | Acc: *84.950%* (8495/10000)
Train epoch: 357 | Loss: *0.232* | Acc: *92.082%* (46041/50000) 
Test epoch: 357 | Loss: *0.450* | Acc: *86.080%* (8608/10000)
Train epoch: 358 | Loss: *0.232* | Acc: *92.060%* (46030/50000) 
Test epoch: 358 | Loss: *0.461* | Acc: *86.180%* (8618/10000)
Train epoch: 359 | Loss: *0.233* | Acc: *91.982%* (45991/50000) 
Test epoch: 359 | Loss: *0.545* | Acc: *83.010%* (8301/10000)
Train epoch: 360 | Loss: *0.235* | Acc: *91.922%* (45961/50000) 
Test epoch: 360 | Loss: *0.706* | Acc: *79.950%* (7995/10000)
Train epoch: 361 | Loss: *0.237* | Acc: *91.988%* (45994/50000) 
Test epoch: 361 | Loss: *0.439* | Acc: *86.240%* (8624/10000)
Train epoch: 362 | Loss: *0.235* | Acc: *91.964%* (45982/50000) 
Test epoch: 362 | Loss: *0.440* | Acc: *86.060%* (8606/10000)
Train epoch: 363 | Loss: *0.235* | Acc: *91.898%* (45949/50000) 
Test epoch: 363 | Loss: *0.560* | Acc: *83.680%* (8368/10000)
Train epoch: 364 | Loss: *0.237* | Acc: *91.896%* (45948/50000) 
Test epoch: 364 | Loss: *0.539* | Acc: *83.890%* (8389/10000)
Train epoch: 365 | Loss: *0.239* | Acc: *91.952%* (45976/50000) 
Test epoch: 365 | Loss: *0.554* | Acc: *83.590%* (8359/10000)
Train epoch: 366 | Loss: *0.237* | Acc: *91.844%* (45922/50000) 
Test epoch: 366 | Loss: *0.518* | Acc: *84.900%* (8490/10000)
Train epoch: 367 | Loss: *0.239* | Acc: *91.786%* (45893/50000) 
Test epoch: 367 | Loss: *0.415* | Acc: *86.640%* (8664/10000)
Train epoch: 368 | Loss: *0.237* | Acc: *91.826%* (45913/50000) 
Test epoch: 368 | Loss: *0.516* | Acc: *84.170%* (8417/10000)
Train epoch: 369 | Loss: *0.243* | Acc: *91.652%* (45826/50000) 
Test epoch: 369 | Loss: *0.491* | Acc: *85.100%* (8510/10000)
Train epoch: 370 | Loss: *0.240* | Acc: *91.658%* (45829/50000) 
Test epoch: 370 | Loss: *0.486* | Acc: *84.370%* (8437/10000)
Train epoch: 371 | Loss: *0.241* | Acc: *91.668%* (45834/50000) 
Test epoch: 371 | Loss: *0.553* | Acc: *83.940%* (8394/10000)
Train epoch: 372 | Loss: *0.243* | Acc: *91.658%* (45829/50000) 
Test epoch: 372 | Loss: *0.418* | Acc: *86.830%* (8683/10000)
Train epoch: 373 | Loss: *0.242* | Acc: *91.696%* (45848/50000) 
Test epoch: 373 | Loss: *0.500* | Acc: *84.430%* (8443/10000)
Train epoch: 374 | Loss: *0.240* | Acc: *91.806%* (45903/50000) 
Test epoch: 374 | Loss: *0.818* | Acc: *78.780%* (7878/10000)
Train epoch: 375 | Loss: *0.244* | Acc: *91.716%* (45858/50000) 
Test epoch: 375 | Loss: *0.578* | Acc: *82.080%* (8208/10000)
Train epoch: 376 | Loss: *0.250* | Acc: *91.416%* (45708/50000) 
Test epoch: 376 | Loss: *0.586* | Acc: *82.420%* (8242/10000)
Train epoch: 377 | Loss: *0.245* | Acc: *91.566%* (45783/50000) 
Test epoch: 377 | Loss: *0.705* | Acc: *78.990%* (7899/10000)
Train epoch: 378 | Loss: *0.253* | Acc: *91.240%* (45620/50000) 
Test epoch: 378 | Loss: *0.464* | Acc: *86.380%* (8638/10000)
Train epoch: 379 | Loss: *0.244* | Acc: *91.692%* (45846/50000) 
Test epoch: 379 | Loss: *0.504* | Acc: *84.280%* (8428/10000)
Train epoch: 380 | Loss: *0.246* | Acc: *91.528%* (45764/50000) 
Test epoch: 380 | Loss: *0.944* | Acc: *77.430%* (7743/10000)
Train epoch: 381 | Loss: *0.251* | Acc: *91.392%* (45696/50000) 
Test epoch: 381 | Loss: *0.677* | Acc: *80.270%* (8027/10000)
Train epoch: 382 | Loss: *0.242* | Acc: *91.752%* (45876/50000) 
Test epoch: 382 | Loss: *0.553* | Acc: *83.720%* (8372/10000)
Train epoch: 383 | Loss: *0.253* | Acc: *91.228%* (45614/50000) 
Test epoch: 383 | Loss: *0.450* | Acc: *85.070%* (8507/10000)
Train epoch: 384 | Loss: *0.250* | Acc: *91.384%* (45692/50000) 
Test epoch: 384 | Loss: *0.846* | Acc: *77.170%* (7717/10000)
Train epoch: 385 | Loss: *0.247* | Acc: *91.526%* (45763/50000) 
Test epoch: 385 | Loss: *0.528* | Acc: *84.310%* (8431/10000)
Train epoch: 386 | Loss: *0.249* | Acc: *91.520%* (45760/50000) 
Test epoch: 386 | Loss: *0.680* | Acc: *80.680%* (8068/10000)
Train epoch: 387 | Loss: *0.249* | Acc: *91.516%* (45758/50000) 
Test epoch: 387 | Loss: *0.455* | Acc: *85.530%* (8553/10000)
Train epoch: 388 | Loss: *0.247* | Acc: *91.424%* (45712/50000) 
Test epoch: 388 | Loss: *0.465* | Acc: *85.220%* (8522/10000)
Train epoch: 389 | Loss: *0.248* | Acc: *91.510%* (45755/50000) 
Test epoch: 389 | Loss: *0.479* | Acc: *85.010%* (8501/10000)
Train epoch: 390 | Loss: *0.254* | Acc: *91.200%* (45600/50000) 
Test epoch: 390 | Loss: *0.452* | Acc: *85.490%* (8549/10000)
Train epoch: 391 | Loss: *0.252* | Acc: *91.314%* (45657/50000) 
Test epoch: 391 | Loss: *0.457* | Acc: *84.960%* (8496/10000)
Train epoch: 392 | Loss: *0.254* | Acc: *91.158%* (45579/50000) 
Test epoch: 392 | Loss: *0.695* | Acc: *79.460%* (7946/10000)
Train epoch: 393 | Loss: *0.247* | Acc: *91.516%* (45758/50000) 
Test epoch: 393 | Loss: *0.568* | Acc: *81.930%* (8193/10000)
Train epoch: 394 | Loss: *0.250* | Acc: *91.426%* (45713/50000) 
Test epoch: 394 | Loss: *0.394* | Acc: *87.440%* (8744/10000)
Train epoch: 395 | Loss: *0.255* | Acc: *91.198%* (45599/50000) 
Test epoch: 395 | Loss: *0.432* | Acc: *85.580%* (8558/10000)
Train epoch: 396 | Loss: *0.248* | Acc: *91.492%* (45746/50000) 
Test epoch: 396 | Loss: *0.435* | Acc: *86.260%* (8626/10000)
Train epoch: 397 | Loss: *0.253* | Acc: *91.216%* (45608/50000) 
Test epoch: 397 | Loss: *0.520* | Acc: *83.810%* (8381/10000)
Train epoch: 398 | Loss: *0.253* | Acc: *91.432%* (45716/50000) 
Test epoch: 398 | Loss: *0.528* | Acc: *83.870%* (8387/10000)
Train epoch: 399 | Loss: *0.253* | Acc: *91.302%* (45651/50000) 
Test epoch: 399 | Loss: *0.520* | Acc: *84.340%* (8434/10000)
Train epoch: 400 | Loss: *0.254* | Acc: *91.266%* (45633/50000) 
Test epoch: 400 | Loss: *0.507* | Acc: *85.000%* (8500/10000)
Train epoch: 401 | Loss: *0.252* | Acc: *91.364%* (45682/50000) 
Test epoch: 401 | Loss: *0.932* | Acc: *74.840%* (7484/10000)
Train epoch: 402 | Loss: *0.249* | Acc: *91.450%* (45725/50000) 
Test epoch: 402 | Loss: *0.857* | Acc: *77.880%* (7788/10000)
Train epoch: 403 | Loss: *0.252* | Acc: *91.264%* (45632/50000) 
Test epoch: 403 | Loss: *0.605* | Acc: *83.000%* (8300/10000)
Train epoch: 404 | Loss: *0.251* | Acc: *91.406%* (45703/50000) 
Test epoch: 404 | Loss: *0.503* | Acc: *84.090%* (8409/10000)
Train epoch: 405 | Loss: *0.251* | Acc: *91.482%* (45741/50000) 
Test epoch: 405 | Loss: *0.687* | Acc: *79.750%* (7975/10000)
Train epoch: 406 | Loss: *0.253* | Acc: *91.228%* (45614/50000) 
Test epoch: 406 | Loss: *0.486* | Acc: *84.750%* (8475/10000)
Train epoch: 407 | Loss: *0.253* | Acc: *91.272%* (45636/50000) 
Test epoch: 407 | Loss: *0.434* | Acc: *86.040%* (8604/10000)
Train epoch: 408 | Loss: *0.248* | Acc: *91.346%* (45673/50000) 
Test epoch: 408 | Loss: *0.538* | Acc: *83.700%* (8370/10000)
Train epoch: 409 | Loss: *0.250* | Acc: *91.400%* (45700/50000) 
Test epoch: 409 | Loss: *0.484* | Acc: *84.300%* (8430/10000)
Train epoch: 410 | Loss: *0.252* | Acc: *91.396%* (45698/50000) 
Test epoch: 410 | Loss: *0.429* | Acc: *86.570%* (8657/10000)
Train epoch: 411 | Loss: *0.246* | Acc: *91.544%* (45772/50000) 
Test epoch: 411 | Loss: *0.781* | Acc: *78.830%* (7883/10000)
Train epoch: 412 | Loss: *0.250* | Acc: *91.360%* (45680/50000) 
Test epoch: 412 | Loss: *0.416* | Acc: *86.640%* (8664/10000)
Train epoch: 413 | Loss: *0.251* | Acc: *91.366%* (45683/50000) 
Test epoch: 413 | Loss: *0.555* | Acc: *82.870%* (8287/10000)
Train epoch: 414 | Loss: *0.251* | Acc: *91.388%* (45694/50000) 
Test epoch: 414 | Loss: *0.616* | Acc: *81.470%* (8147/10000)
Train epoch: 415 | Loss: *0.245* | Acc: *91.560%* (45780/50000) 
Test epoch: 415 | Loss: *0.632* | Acc: *82.840%* (8284/10000)
Train epoch: 416 | Loss: *0.250* | Acc: *91.366%* (45683/50000) 
Test epoch: 416 | Loss: *0.404* | Acc: *87.010%* (8701/10000)
Train epoch: 417 | Loss: *0.245* | Acc: *91.642%* (45821/50000) 
Test epoch: 417 | Loss: *0.615* | Acc: *81.340%* (8134/10000)
Train epoch: 418 | Loss: *0.249* | Acc: *91.544%* (45772/50000) 
Test epoch: 418 | Loss: *0.674* | Acc: *80.890%* (8089/10000)
Train epoch: 419 | Loss: *0.244* | Acc: *91.622%* (45811/50000) 
Test epoch: 419 | Loss: *0.725* | Acc: *78.700%* (7870/10000)
Train epoch: 420 | Loss: *0.245* | Acc: *91.490%* (45745/50000) 
Test epoch: 420 | Loss: *0.560* | Acc: *83.210%* (8321/10000)
Train epoch: 421 | Loss: *0.245* | Acc: *91.456%* (45728/50000) 
Test epoch: 421 | Loss: *0.413* | Acc: *86.480%* (8648/10000)
Train epoch: 422 | Loss: *0.243* | Acc: *91.674%* (45837/50000) 
Test epoch: 422 | Loss: *0.559* | Acc: *83.290%* (8329/10000)
Train epoch: 423 | Loss: *0.246* | Acc: *91.660%* (45830/50000) 
Test epoch: 423 | Loss: *0.555* | Acc: *83.000%* (8300/10000)
Train epoch: 424 | Loss: *0.247* | Acc: *91.424%* (45712/50000) 
Test epoch: 424 | Loss: *0.475* | Acc: *84.300%* (8430/10000)
Train epoch: 425 | Loss: *0.242* | Acc: *91.662%* (45831/50000) 
Test epoch: 425 | Loss: *0.593* | Acc: *82.520%* (8252/10000)
Train epoch: 426 | Loss: *0.243* | Acc: *91.650%* (45825/50000) 
Test epoch: 426 | Loss: *0.552* | Acc: *84.340%* (8434/10000)
Train epoch: 427 | Loss: *0.241* | Acc: *91.700%* (45850/50000) 
Test epoch: 427 | Loss: *0.575* | Acc: *81.910%* (8191/10000)
Train epoch: 428 | Loss: *0.240* | Acc: *91.670%* (45835/50000) 
Test epoch: 428 | Loss: *0.450* | Acc: *86.170%* (8617/10000)
Train epoch: 429 | Loss: *0.242* | Acc: *91.680%* (45840/50000) 
Test epoch: 429 | Loss: *0.412* | Acc: *86.540%* (8654/10000)
Train epoch: 430 | Loss: *0.236* | Acc: *91.978%* (45989/50000) 
Test epoch: 430 | Loss: *0.491* | Acc: *84.920%* (8492/10000)
Train epoch: 431 | Loss: *0.240* | Acc: *91.754%* (45877/50000) 
Test epoch: 431 | Loss: *0.442* | Acc: *85.450%* (8545/10000)
Train epoch: 432 | Loss: *0.239* | Acc: *91.850%* (45925/50000) 
Test epoch: 432 | Loss: *0.612* | Acc: *82.700%* (8270/10000)
Train epoch: 433 | Loss: *0.238* | Acc: *91.890%* (45945/50000) 
Test epoch: 433 | Loss: *0.546* | Acc: *83.810%* (8381/10000)
Train epoch: 434 | Loss: *0.234* | Acc: *91.966%* (45983/50000) 
Test epoch: 434 | Loss: *0.416* | Acc: *87.150%* (8715/10000)
Train epoch: 435 | Loss: *0.234* | Acc: *91.960%* (45980/50000) 
Test epoch: 435 | Loss: *0.567* | Acc: *84.270%* (8427/10000)
Train epoch: 436 | Loss: *0.235* | Acc: *91.870%* (45935/50000) 
Test epoch: 436 | Loss: *0.549* | Acc: *84.210%* (8421/10000)
Train epoch: 437 | Loss: *0.236* | Acc: *91.872%* (45936/50000) 
Test epoch: 437 | Loss: *0.516* | Acc: *83.690%* (8369/10000)
Train epoch: 438 | Loss: *0.232* | Acc: *91.892%* (45946/50000) 
Test epoch: 438 | Loss: *0.437* | Acc: *86.850%* (8685/10000)
Train epoch: 439 | Loss: *0.233* | Acc: *92.106%* (46053/50000) 
Test epoch: 439 | Loss: *0.617* | Acc: *82.400%* (8240/10000)
Train epoch: 440 | Loss: *0.232* | Acc: *92.128%* (46064/50000) 
Test epoch: 440 | Loss: *0.465* | Acc: *85.590%* (8559/10000)
Train epoch: 441 | Loss: *0.234* | Acc: *92.090%* (46045/50000) 
Test epoch: 441 | Loss: *0.420* | Acc: *86.170%* (8617/10000)
Train epoch: 442 | Loss: *0.234* | Acc: *92.076%* (46038/50000) 
Test epoch: 442 | Loss: *0.506* | Acc: *84.480%* (8448/10000)
Train epoch: 443 | Loss: *0.227* | Acc: *92.288%* (46144/50000) 
Test epoch: 443 | Loss: *0.418* | Acc: *86.990%* (8699/10000)
Train epoch: 444 | Loss: *0.230* | Acc: *91.968%* (45984/50000) 
Test epoch: 444 | Loss: *0.432* | Acc: *86.740%* (8674/10000)
Train epoch: 445 | Loss: *0.224* | Acc: *92.476%* (46238/50000) 
Test epoch: 445 | Loss: *0.610* | Acc: *81.680%* (8168/10000)
Train epoch: 446 | Loss: *0.224* | Acc: *92.336%* (46168/50000) 
Test epoch: 446 | Loss: *0.437* | Acc: *85.830%* (8583/10000)
Train epoch: 447 | Loss: *0.226* | Acc: *92.170%* (46085/50000) 
Test epoch: 447 | Loss: *0.508* | Acc: *85.180%* (8518/10000)
Train epoch: 448 | Loss: *0.224* | Acc: *92.330%* (46165/50000) 
Test epoch: 448 | Loss: *0.372* | Acc: *88.320%* (8832/10000)
Train epoch: 449 | Loss: *0.223* | Acc: *92.302%* (46151/50000) 
Test epoch: 449 | Loss: *0.459* | Acc: *86.590%* (8659/10000)
Train epoch: 450 | Loss: *0.221* | Acc: *92.378%* (46189/50000) 
Test epoch: 450 | Loss: *0.511* | Acc: *84.810%* (8481/10000)
Train epoch: 451 | Loss: *0.220* | Acc: *92.404%* (46202/50000) 
Test epoch: 451 | Loss: *0.560* | Acc: *83.400%* (8340/10000)
Train epoch: 452 | Loss: *0.217* | Acc: *92.518%* (46259/50000) 
Test epoch: 452 | Loss: *0.435* | Acc: *87.330%* (8733/10000)
Train epoch: 453 | Loss: *0.216* | Acc: *92.654%* (46327/50000) 
Test epoch: 453 | Loss: *0.612* | Acc: *82.850%* (8285/10000)
Train epoch: 454 | Loss: *0.217* | Acc: *92.564%* (46282/50000) 
Test epoch: 454 | Loss: *0.509* | Acc: *84.530%* (8453/10000)
Train epoch: 455 | Loss: *0.214* | Acc: *92.740%* (46370/50000) 
Test epoch: 455 | Loss: *0.339* | Acc: *88.760%* (8876/10000)
Train epoch: 456 | Loss: *0.215* | Acc: *92.732%* (46366/50000) 
Test epoch: 456 | Loss: *0.467* | Acc: *86.130%* (8613/10000)
Train epoch: 457 | Loss: *0.213* | Acc: *92.732%* (46366/50000) 
Test epoch: 457 | Loss: *0.447* | Acc: *86.080%* (8608/10000)
Train epoch: 458 | Loss: *0.209* | Acc: *92.788%* (46394/50000) 
Test epoch: 458 | Loss: *0.514* | Acc: *84.470%* (8447/10000)
Train epoch: 459 | Loss: *0.210* | Acc: *92.854%* (46427/50000) 
Test epoch: 459 | Loss: *0.418* | Acc: *87.580%* (8758/10000)
Train epoch: 460 | Loss: *0.201* | Acc: *93.086%* (46543/50000) 
Test epoch: 460 | Loss: *0.442* | Acc: *86.480%* (8648/10000)
Train epoch: 461 | Loss: *0.212* | Acc: *92.716%* (46358/50000) 
Test epoch: 461 | Loss: *0.497* | Acc: *85.250%* (8525/10000)
Train epoch: 462 | Loss: *0.204* | Acc: *93.102%* (46551/50000) 
Test epoch: 462 | Loss: *0.406* | Acc: *87.660%* (8766/10000)
Train epoch: 463 | Loss: *0.207* | Acc: *92.890%* (46445/50000) 
Test epoch: 463 | Loss: *0.411* | Acc: *87.250%* (8725/10000)
Train epoch: 464 | Loss: *0.203* | Acc: *93.030%* (46515/50000) 
Test epoch: 464 | Loss: *0.464* | Acc: *85.650%* (8565/10000)
Train epoch: 465 | Loss: *0.203* | Acc: *92.994%* (46497/50000) 
Test epoch: 465 | Loss: *0.390* | Acc: *87.670%* (8767/10000)
Train epoch: 466 | Loss: *0.199* | Acc: *93.118%* (46559/50000) 
Test epoch: 466 | Loss: *0.471* | Acc: *85.240%* (8524/10000)
Train epoch: 467 | Loss: *0.195* | Acc: *93.314%* (46657/50000) 
Test epoch: 467 | Loss: *0.407* | Acc: *87.090%* (8709/10000)
Train epoch: 468 | Loss: *0.197* | Acc: *93.282%* (46641/50000) 
Test epoch: 468 | Loss: *0.343* | Acc: *88.950%* (8895/10000)
Train epoch: 469 | Loss: *0.198* | Acc: *93.284%* (46642/50000) 
Test epoch: 469 | Loss: *0.426* | Acc: *86.400%* (8640/10000)
Train epoch: 470 | Loss: *0.193* | Acc: *93.392%* (46696/50000) 
Test epoch: 470 | Loss: *0.634* | Acc: *82.620%* (8262/10000)
Train epoch: 471 | Loss: *0.194* | Acc: *93.306%* (46653/50000) 
Test epoch: 471 | Loss: *0.397* | Acc: *87.270%* (8727/10000)
Train epoch: 472 | Loss: *0.191* | Acc: *93.506%* (46753/50000) 
Test epoch: 472 | Loss: *0.436* | Acc: *86.550%* (8655/10000)
Train epoch: 473 | Loss: *0.191* | Acc: *93.424%* (46712/50000) 
Test epoch: 473 | Loss: *0.459* | Acc: *86.970%* (8697/10000)
Train epoch: 474 | Loss: *0.184* | Acc: *93.638%* (46819/50000) 
Test epoch: 474 | Loss: *0.418* | Acc: *87.380%* (8738/10000)
Train epoch: 475 | Loss: *0.184* | Acc: *93.752%* (46876/50000) 
Test epoch: 475 | Loss: *0.453* | Acc: *86.410%* (8641/10000)
Train epoch: 476 | Loss: *0.184* | Acc: *93.614%* (46807/50000) 
Test epoch: 476 | Loss: *0.520* | Acc: *85.890%* (8589/10000)
Train epoch: 477 | Loss: *0.180* | Acc: *93.820%* (46910/50000) 
Test epoch: 477 | Loss: *0.609* | Acc: *83.270%* (8327/10000)
Train epoch: 478 | Loss: *0.177* | Acc: *93.912%* (46956/50000) 
Test epoch: 478 | Loss: *0.362* | Acc: *88.750%* (8875/10000)
Train epoch: 479 | Loss: *0.177* | Acc: *94.026%* (47013/50000) 
Test epoch: 479 | Loss: *0.416* | Acc: *87.070%* (8707/10000)
Train epoch: 480 | Loss: *0.180* | Acc: *93.826%* (46913/50000) 
Test epoch: 480 | Loss: *0.486* | Acc: *85.990%* (8599/10000)
Train epoch: 481 | Loss: *0.176* | Acc: *93.898%* (46949/50000) 
Test epoch: 481 | Loss: *0.337* | Acc: *89.380%* (8938/10000)
Train epoch: 482 | Loss: *0.176* | Acc: *93.958%* (46979/50000) 
Test epoch: 482 | Loss: *0.499* | Acc: *85.710%* (8571/10000)
Train epoch: 483 | Loss: *0.167* | Acc: *94.438%* (47219/50000) 
Test epoch: 483 | Loss: *0.409* | Acc: *88.030%* (8803/10000)
Train epoch: 484 | Loss: *0.172* | Acc: *93.890%* (46945/50000) 
Test epoch: 484 | Loss: *0.362* | Acc: *88.440%* (8844/10000)
Train epoch: 485 | Loss: *0.169* | Acc: *94.092%* (47046/50000) 
Test epoch: 485 | Loss: *0.334* | Acc: *89.770%* (8977/10000)
Train epoch: 486 | Loss: *0.167* | Acc: *94.264%* (47132/50000) 
Test epoch: 486 | Loss: *0.671* | Acc: *82.470%* (8247/10000)
Train epoch: 487 | Loss: *0.159* | Acc: *94.516%* (47258/50000) 
Test epoch: 487 | Loss: *0.347* | Acc: *89.820%* (8982/10000)
Train epoch: 488 | Loss: *0.161* | Acc: *94.538%* (47269/50000) 
Test epoch: 488 | Loss: *0.372* | Acc: *88.430%* (8843/10000)
Train epoch: 489 | Loss: *0.157* | Acc: *94.604%* (47302/50000) 
Test epoch: 489 | Loss: *0.452* | Acc: *87.010%* (8701/10000)
Train epoch: 490 | Loss: *0.159* | Acc: *94.542%* (47271/50000) 
Test epoch: 490 | Loss: *0.371* | Acc: *88.710%* (8871/10000)
Train epoch: 491 | Loss: *0.153* | Acc: *94.782%* (47391/50000) 
Test epoch: 491 | Loss: *0.362* | Acc: *89.220%* (8922/10000)
Train epoch: 492 | Loss: *0.153* | Acc: *94.768%* (47384/50000) 
Test epoch: 492 | Loss: *0.336* | Acc: *89.240%* (8924/10000)
Train epoch: 493 | Loss: *0.143* | Acc: *95.242%* (47621/50000) 
Test epoch: 493 | Loss: *0.496* | Acc: *86.210%* (8621/10000)
Train epoch: 494 | Loss: *0.156* | Acc: *94.632%* (47316/50000) 
Test epoch: 494 | Loss: *0.356* | Acc: *89.050%* (8905/10000)
Train epoch: 495 | Loss: *0.146* | Acc: *94.960%* (47480/50000) 
Test epoch: 495 | Loss: *0.415* | Acc: *87.710%* (8771/10000)
Train epoch: 496 | Loss: *0.143* | Acc: *95.068%* (47534/50000) 
Test epoch: 496 | Loss: *0.435* | Acc: *87.750%* (8775/10000)
Train epoch: 497 | Loss: *0.142* | Acc: *95.226%* (47613/50000) 
Test epoch: 497 | Loss: *0.384* | Acc: *88.940%* (8894/10000)
Train epoch: 498 | Loss: *0.140* | Acc: *95.310%* (47655/50000) 
Test epoch: 498 | Loss: *0.403* | Acc: *88.170%* (8817/10000)
Train epoch: 499 | Loss: *0.140* | Acc: *95.184%* (47592/50000) 
Test epoch: 499 | Loss: *0.357* | Acc: *89.210%* (8921/10000)
Train epoch: 500 | Loss: *0.135* | Acc: *95.378%* (47689/50000) 
Test epoch: 500 | Loss: *0.372* | Acc: *89.390%* (8939/10000)
Best test accuracy: *94.130%*, loss: *0.2072554412484169*, at epoch: *224*.
==> Execution time summary of 500 epoch(s).
Train data loading time: sum. *231.27066283486784* secs | avg. *0.46254132566973566* secs per epoch.
Train training time: sum. *1440.1503169992939* secs | avg. *2.880300633998588* secs per epoch.
Train total time: sum. *1671.4209798341617* secs | avg. *3.3428419596683234* secs per epoch.
Test data loading time: sum. *114.47232592012733* secs | avg. *0.22894465184025467* secs per epoch.
Test training time: sum. *80.0825574323535* secs | avg. *0.160165114864707* secs per epoch.
Test total time: sum. *194.55488335248083* secs | avg. *0.38910976670496167* secs per epoch.
Total data loading time: sum. *345.74298875499517* secs | avg. *0.6914859775099903* secs per epoch.
Total training time: sum. *1520.2328744316474* secs | avg. *3.0404657488632947* secs per epoch.
Total running time: sum. *1865.9758631866425* secs | avg. *3.731951726373285* secs per epoch.
==> Number of GPU device: 1
==> Device #0 Memory Usage
==> Allocated: 0.1 GB
==> Cached:    0.8 GB
==> Maximum: 0.8 GB
