==> Running on : cuda
==> Number of CPU: 48
==> Number of workers: 2
==> #Epochs: 500, #Layers: 4, #Blocks: [2, 1, 1, 1], In channel: 64, Input layer conv kernel: 11x11, Residual layer conv kernel 3x3, Skip kernel: 1x1, Input layer conv padding: 5, Residual layer conv padding: 1
==> Optimizer is SGD with Nesterov
==> Momentum: 0.9
==> Learning rate: 0.1
==> Weight decay: 0.0005
==>Trainable Parameters: 4998730
==>Other Parameters: 0
==>Augmentation: None
Files already downloaded and verified
Train epoch: 1 | Loss: *1.597* | Acc: *41.642%* (20821/50000) 
Test epoch: 1 | Loss: *1.515* | Acc: *43.790%* (4379/10000)
Train epoch: 2 | Loss: *1.168* | Acc: *57.952%* (28976/50000) 
Test epoch: 2 | Loss: *1.413* | Acc: *51.820%* (5182/10000)
Train epoch: 3 | Loss: *0.872* | Acc: *69.080%* (34540/50000) 
Test epoch: 3 | Loss: *1.154* | Acc: *61.040%* (6104/10000)
Train epoch: 4 | Loss: *0.661* | Acc: *76.918%* (38459/50000) 
Test epoch: 4 | Loss: *0.753* | Acc: *73.150%* (7315/10000)
Train epoch: 5 | Loss: *0.534* | Acc: *81.216%* (40608/50000) 
Test epoch: 5 | Loss: *0.661* | Acc: *77.690%* (7769/10000)
Train epoch: 6 | Loss: *0.453* | Acc: *84.114%* (42057/50000) 
Test epoch: 6 | Loss: *0.751* | Acc: *74.450%* (7445/10000)
Train epoch: 7 | Loss: *0.388* | Acc: *86.480%* (43240/50000) 
Test epoch: 7 | Loss: *0.713* | Acc: *76.390%* (7639/10000)
Train epoch: 8 | Loss: *0.348* | Acc: *87.872%* (43936/50000) 
Test epoch: 8 | Loss: *0.681* | Acc: *77.380%* (7738/10000)
Train epoch: 9 | Loss: *0.311* | Acc: *89.012%* (44506/50000) 
Test epoch: 9 | Loss: *0.864* | Acc: *73.590%* (7359/10000)
Train epoch: 10 | Loss: *0.279* | Acc: *90.274%* (45137/50000) 
Test epoch: 10 | Loss: *0.656* | Acc: *77.950%* (7795/10000)
Train epoch: 11 | Loss: *0.256* | Acc: *91.124%* (45562/50000) 
Test epoch: 11 | Loss: *0.623* | Acc: *79.620%* (7962/10000)
Train epoch: 12 | Loss: *0.238* | Acc: *91.726%* (45863/50000) 
Test epoch: 12 | Loss: *0.945* | Acc: *72.390%* (7239/10000)
Train epoch: 13 | Loss: *0.234* | Acc: *91.886%* (45943/50000) 
Test epoch: 13 | Loss: *0.699* | Acc: *77.610%* (7761/10000)
Train epoch: 14 | Loss: *0.213* | Acc: *92.732%* (46366/50000) 
Test epoch: 14 | Loss: *0.660* | Acc: *79.830%* (7983/10000)
Train epoch: 15 | Loss: *0.208* | Acc: *92.734%* (46367/50000) 
Test epoch: 15 | Loss: *0.721* | Acc: *77.610%* (7761/10000)
Train epoch: 16 | Loss: *0.208* | Acc: *92.756%* (46378/50000) 
Test epoch: 16 | Loss: *0.854* | Acc: *75.070%* (7507/10000)
Train epoch: 17 | Loss: *0.197* | Acc: *93.250%* (46625/50000) 
Test epoch: 17 | Loss: *0.665* | Acc: *79.230%* (7923/10000)
Train epoch: 18 | Loss: *0.195* | Acc: *93.190%* (46595/50000) 
Test epoch: 18 | Loss: *0.732* | Acc: *77.110%* (7711/10000)
Train epoch: 19 | Loss: *0.199* | Acc: *93.052%* (46526/50000) 
Test epoch: 19 | Loss: *0.972* | Acc: *73.750%* (7375/10000)
Train epoch: 20 | Loss: *0.185* | Acc: *93.640%* (46820/50000) 
Test epoch: 20 | Loss: *0.742* | Acc: *77.950%* (7795/10000)
Train epoch: 21 | Loss: *0.182* | Acc: *93.704%* (46852/50000) 
Test epoch: 21 | Loss: *0.766* | Acc: *76.330%* (7633/10000)
Train epoch: 22 | Loss: *0.185* | Acc: *93.526%* (46763/50000) 
Test epoch: 22 | Loss: *0.672* | Acc: *79.150%* (7915/10000)
Train epoch: 23 | Loss: *0.179* | Acc: *93.988%* (46994/50000) 
Test epoch: 23 | Loss: *0.870* | Acc: *75.150%* (7515/10000)
Train epoch: 24 | Loss: *0.184* | Acc: *93.618%* (46809/50000) 
Test epoch: 24 | Loss: *0.814* | Acc: *75.960%* (7596/10000)
Train epoch: 25 | Loss: *0.179* | Acc: *93.698%* (46849/50000) 
Test epoch: 25 | Loss: *0.694* | Acc: *79.370%* (7937/10000)
Train epoch: 26 | Loss: *0.178* | Acc: *93.738%* (46869/50000) 
Test epoch: 26 | Loss: *0.778* | Acc: *76.890%* (7689/10000)
Train epoch: 27 | Loss: *0.179* | Acc: *93.738%* (46869/50000) 
Test epoch: 27 | Loss: *0.787* | Acc: *78.240%* (7824/10000)
Train epoch: 28 | Loss: *0.167* | Acc: *94.236%* (47118/50000) 
Test epoch: 28 | Loss: *0.947* | Acc: *74.480%* (7448/10000)
Train epoch: 29 | Loss: *0.181* | Acc: *93.806%* (46903/50000) 
Test epoch: 29 | Loss: *0.902* | Acc: *72.240%* (7224/10000)
Train epoch: 30 | Loss: *0.163* | Acc: *94.430%* (47215/50000) 
Test epoch: 30 | Loss: *0.953* | Acc: *73.900%* (7390/10000)
Train epoch: 31 | Loss: *0.174* | Acc: *94.116%* (47058/50000) 
Test epoch: 31 | Loss: *0.778* | Acc: *77.220%* (7722/10000)
Train epoch: 32 | Loss: *0.169* | Acc: *93.958%* (46979/50000) 
Test epoch: 32 | Loss: *0.824* | Acc: *75.510%* (7551/10000)
Train epoch: 33 | Loss: *0.167* | Acc: *94.210%* (47105/50000) 
Test epoch: 33 | Loss: *0.696* | Acc: *78.160%* (7816/10000)
Train epoch: 34 | Loss: *0.160* | Acc: *94.460%* (47230/50000) 
Test epoch: 34 | Loss: *0.854* | Acc: *77.230%* (7723/10000)
Train epoch: 35 | Loss: *0.162* | Acc: *94.456%* (47228/50000) 
Test epoch: 35 | Loss: *0.625* | Acc: *80.900%* (8090/10000)
Train epoch: 36 | Loss: *0.167* | Acc: *94.318%* (47159/50000) 
Test epoch: 36 | Loss: *0.743* | Acc: *78.520%* (7852/10000)
Train epoch: 37 | Loss: *0.154* | Acc: *94.650%* (47325/50000) 
Test epoch: 37 | Loss: *0.703* | Acc: *78.390%* (7839/10000)
Train epoch: 38 | Loss: *0.164* | Acc: *94.406%* (47203/50000) 
Test epoch: 38 | Loss: *0.770* | Acc: *76.930%* (7693/10000)
Train epoch: 39 | Loss: *0.159* | Acc: *94.602%* (47301/50000) 
Test epoch: 39 | Loss: *0.748* | Acc: *77.980%* (7798/10000)
Train epoch: 40 | Loss: *0.162* | Acc: *94.502%* (47251/50000) 
Test epoch: 40 | Loss: *0.793* | Acc: *77.740%* (7774/10000)
Train epoch: 41 | Loss: *0.159* | Acc: *94.574%* (47287/50000) 
Test epoch: 41 | Loss: *0.647* | Acc: *80.650%* (8065/10000)
Train epoch: 42 | Loss: *0.153* | Acc: *94.724%* (47362/50000) 
Test epoch: 42 | Loss: *1.372* | Acc: *68.220%* (6822/10000)
Train epoch: 43 | Loss: *0.159* | Acc: *94.592%* (47296/50000) 
Test epoch: 43 | Loss: *0.854* | Acc: *75.870%* (7587/10000)
Train epoch: 44 | Loss: *0.149* | Acc: *94.882%* (47441/50000) 
Test epoch: 44 | Loss: *0.666* | Acc: *79.650%* (7965/10000)
Train epoch: 45 | Loss: *0.151* | Acc: *94.898%* (47449/50000) 
Test epoch: 45 | Loss: *0.746* | Acc: *78.500%* (7850/10000)
Train epoch: 46 | Loss: *0.146* | Acc: *94.992%* (47496/50000) 
Test epoch: 46 | Loss: *0.706* | Acc: *79.200%* (7920/10000)
Train epoch: 47 | Loss: *0.150* | Acc: *94.764%* (47382/50000) 
Test epoch: 47 | Loss: *0.732* | Acc: *79.120%* (7912/10000)
Train epoch: 48 | Loss: *0.153* | Acc: *94.742%* (47371/50000) 
Test epoch: 48 | Loss: *0.817* | Acc: *77.110%* (7711/10000)
Train epoch: 49 | Loss: *0.142* | Acc: *95.226%* (47613/50000) 
Test epoch: 49 | Loss: *1.037* | Acc: *75.050%* (7505/10000)
Train epoch: 50 | Loss: *0.148* | Acc: *94.992%* (47496/50000) 
Test epoch: 50 | Loss: *0.986* | Acc: *73.560%* (7356/10000)
Train epoch: 51 | Loss: *0.151* | Acc: *94.826%* (47413/50000) 
Test epoch: 51 | Loss: *0.773* | Acc: *76.020%* (7602/10000)
Train epoch: 52 | Loss: *0.140* | Acc: *95.294%* (47647/50000) 
Test epoch: 52 | Loss: *0.942* | Acc: *75.290%* (7529/10000)
Train epoch: 53 | Loss: *0.142* | Acc: *95.146%* (47573/50000) 
Test epoch: 53 | Loss: *0.659* | Acc: *80.110%* (8011/10000)
Train epoch: 54 | Loss: *0.143* | Acc: *95.108%* (47554/50000) 
Test epoch: 54 | Loss: *0.813* | Acc: *78.010%* (7801/10000)
Train epoch: 55 | Loss: *0.139* | Acc: *95.268%* (47634/50000) 
Test epoch: 55 | Loss: *0.690* | Acc: *78.450%* (7845/10000)
Train epoch: 56 | Loss: *0.137* | Acc: *95.328%* (47664/50000) 
Test epoch: 56 | Loss: *0.705* | Acc: *79.600%* (7960/10000)
Train epoch: 57 | Loss: *0.138* | Acc: *95.204%* (47602/50000) 
Test epoch: 57 | Loss: *0.773* | Acc: *78.410%* (7841/10000)
Train epoch: 58 | Loss: *0.126* | Acc: *95.686%* (47843/50000) 
Test epoch: 58 | Loss: *1.012* | Acc: *74.120%* (7412/10000)
Train epoch: 59 | Loss: *0.140* | Acc: *95.172%* (47586/50000) 
Test epoch: 59 | Loss: *0.674* | Acc: *79.660%* (7966/10000)
Train epoch: 60 | Loss: *0.131* | Acc: *95.542%* (47771/50000) 
Test epoch: 60 | Loss: *0.940* | Acc: *73.280%* (7328/10000)
Train epoch: 61 | Loss: *0.134* | Acc: *95.494%* (47747/50000) 
Test epoch: 61 | Loss: *0.811* | Acc: *77.270%* (7727/10000)
Train epoch: 62 | Loss: *0.130* | Acc: *95.618%* (47809/50000) 
Test epoch: 62 | Loss: *0.734* | Acc: *79.050%* (7905/10000)
Train epoch: 63 | Loss: *0.129* | Acc: *95.584%* (47792/50000) 
Test epoch: 63 | Loss: *0.668* | Acc: *79.990%* (7999/10000)
Train epoch: 64 | Loss: *0.133* | Acc: *95.414%* (47707/50000) 
Test epoch: 64 | Loss: *0.838* | Acc: *76.870%* (7687/10000)
Train epoch: 65 | Loss: *0.124* | Acc: *95.672%* (47836/50000) 
Test epoch: 65 | Loss: *0.746* | Acc: *78.130%* (7813/10000)
Train epoch: 66 | Loss: *0.120* | Acc: *95.970%* (47985/50000) 
Test epoch: 66 | Loss: *0.708* | Acc: *79.820%* (7982/10000)
Train epoch: 67 | Loss: *0.122* | Acc: *95.856%* (47928/50000) 
Test epoch: 67 | Loss: *0.753* | Acc: *78.970%* (7897/10000)
Train epoch: 68 | Loss: *0.122* | Acc: *95.806%* (47903/50000) 
Test epoch: 68 | Loss: *0.672* | Acc: *80.030%* (8003/10000)
Train epoch: 69 | Loss: *0.120* | Acc: *95.888%* (47944/50000) 
Test epoch: 69 | Loss: *0.916* | Acc: *74.900%* (7490/10000)
Train epoch: 70 | Loss: *0.127* | Acc: *95.594%* (47797/50000) 
Test epoch: 70 | Loss: *0.774* | Acc: *78.400%* (7840/10000)
Train epoch: 71 | Loss: *0.109* | Acc: *96.258%* (48129/50000) 
Test epoch: 71 | Loss: *1.153* | Acc: *69.890%* (6989/10000)
Train epoch: 72 | Loss: *0.117* | Acc: *96.012%* (48006/50000) 
Test epoch: 72 | Loss: *0.719* | Acc: *79.540%* (7954/10000)
Train epoch: 73 | Loss: *0.114* | Acc: *96.094%* (48047/50000) 
Test epoch: 73 | Loss: *0.831* | Acc: *77.200%* (7720/10000)
Train epoch: 74 | Loss: *0.113* | Acc: *96.186%* (48093/50000) 
Test epoch: 74 | Loss: *0.690* | Acc: *80.020%* (8002/10000)
Train epoch: 75 | Loss: *0.110* | Acc: *96.254%* (48127/50000) 
Test epoch: 75 | Loss: *0.725* | Acc: *80.080%* (8008/10000)
Train epoch: 76 | Loss: *0.113* | Acc: *96.108%* (48054/50000) 
Test epoch: 76 | Loss: *1.037* | Acc: *74.570%* (7457/10000)
Train epoch: 77 | Loss: *0.109* | Acc: *96.318%* (48159/50000) 
Test epoch: 77 | Loss: *0.645* | Acc: *81.140%* (8114/10000)
Train epoch: 78 | Loss: *0.101* | Acc: *96.608%* (48304/50000) 
Test epoch: 78 | Loss: *0.679* | Acc: *80.570%* (8057/10000)
Train epoch: 79 | Loss: *0.104* | Acc: *96.576%* (48288/50000) 
Test epoch: 79 | Loss: *1.039* | Acc: *73.630%* (7363/10000)
Train epoch: 80 | Loss: *0.099* | Acc: *96.660%* (48330/50000) 
Test epoch: 80 | Loss: *0.872* | Acc: *78.080%* (7808/10000)
Train epoch: 81 | Loss: *0.108* | Acc: *96.330%* (48165/50000) 
Test epoch: 81 | Loss: *0.960* | Acc: *75.310%* (7531/10000)
Train epoch: 82 | Loss: *0.094* | Acc: *96.928%* (48464/50000) 
Test epoch: 82 | Loss: *0.676* | Acc: *80.390%* (8039/10000)
Train epoch: 83 | Loss: *0.098* | Acc: *96.686%* (48343/50000) 
Test epoch: 83 | Loss: *0.773* | Acc: *78.980%* (7898/10000)
Train epoch: 84 | Loss: *0.098* | Acc: *96.708%* (48354/50000) 
Test epoch: 84 | Loss: *0.816* | Acc: *78.640%* (7864/10000)
Train epoch: 85 | Loss: *0.103* | Acc: *96.620%* (48310/50000) 
Test epoch: 85 | Loss: *0.831* | Acc: *76.630%* (7663/10000)
Train epoch: 86 | Loss: *0.088* | Acc: *97.142%* (48571/50000) 
Test epoch: 86 | Loss: *0.897* | Acc: *76.760%* (7676/10000)
Train epoch: 87 | Loss: *0.090* | Acc: *96.962%* (48481/50000) 
Test epoch: 87 | Loss: *0.984* | Acc: *74.410%* (7441/10000)
Train epoch: 88 | Loss: *0.103* | Acc: *96.462%* (48231/50000) 
Test epoch: 88 | Loss: *0.865* | Acc: *77.080%* (7708/10000)
Train epoch: 89 | Loss: *0.088* | Acc: *97.022%* (48511/50000) 
Test epoch: 89 | Loss: *0.811* | Acc: *78.780%* (7878/10000)
Train epoch: 90 | Loss: *0.068* | Acc: *97.876%* (48938/50000) 
Test epoch: 90 | Loss: *0.820* | Acc: *79.880%* (7988/10000)
Train epoch: 91 | Loss: *0.107* | Acc: *96.464%* (48232/50000) 
Test epoch: 91 | Loss: *0.649* | Acc: *81.290%* (8129/10000)
Train epoch: 92 | Loss: *0.075* | Acc: *97.570%* (48785/50000) 
Test epoch: 92 | Loss: *0.763* | Acc: *78.910%* (7891/10000)
Train epoch: 93 | Loss: *0.082* | Acc: *97.302%* (48651/50000) 
Test epoch: 93 | Loss: *0.915* | Acc: *75.570%* (7557/10000)
Train epoch: 94 | Loss: *0.082* | Acc: *97.354%* (48677/50000) 
Test epoch: 94 | Loss: *0.710* | Acc: *79.610%* (7961/10000)
Train epoch: 95 | Loss: *0.085* | Acc: *97.174%* (48587/50000) 
Test epoch: 95 | Loss: *0.816* | Acc: *78.680%* (7868/10000)
Train epoch: 96 | Loss: *0.077* | Acc: *97.408%* (48704/50000) 
Test epoch: 96 | Loss: *0.778* | Acc: *77.950%* (7795/10000)
Train epoch: 97 | Loss: *0.067* | Acc: *97.876%* (48938/50000) 
Test epoch: 97 | Loss: *0.854* | Acc: *77.730%* (7773/10000)
Train epoch: 98 | Loss: *0.089* | Acc: *96.974%* (48487/50000) 
Test epoch: 98 | Loss: *0.743* | Acc: *79.810%* (7981/10000)
Train epoch: 99 | Loss: *0.072* | Acc: *97.646%* (48823/50000) 
Test epoch: 99 | Loss: *0.706* | Acc: *80.830%* (8083/10000)
Train epoch: 100 | Loss: *0.065* | Acc: *97.854%* (48927/50000) 
Test epoch: 100 | Loss: *0.793* | Acc: *79.060%* (7906/10000)
Train epoch: 101 | Loss: *0.075* | Acc: *97.478%* (48739/50000) 
Test epoch: 101 | Loss: *0.757* | Acc: *80.050%* (8005/10000)
Train epoch: 102 | Loss: *0.067* | Acc: *97.774%* (48887/50000) 
Test epoch: 102 | Loss: *0.804* | Acc: *78.670%* (7867/10000)
Train epoch: 103 | Loss: *0.061* | Acc: *98.072%* (49036/50000) 
Test epoch: 103 | Loss: *0.753* | Acc: *81.120%* (8112/10000)
Train epoch: 104 | Loss: *0.072* | Acc: *97.582%* (48791/50000) 
Test epoch: 104 | Loss: *0.820* | Acc: *78.530%* (7853/10000)
Train epoch: 105 | Loss: *0.070* | Acc: *97.622%* (48811/50000) 
Test epoch: 105 | Loss: *0.982* | Acc: *75.930%* (7593/10000)
Train epoch: 106 | Loss: *0.062* | Acc: *97.980%* (48990/50000) 
Test epoch: 106 | Loss: *0.670* | Acc: *81.780%* (8178/10000)
Train epoch: 107 | Loss: *0.042* | Acc: *98.764%* (49382/50000) 
Test epoch: 107 | Loss: *0.634* | Acc: *82.270%* (8227/10000)
Train epoch: 108 | Loss: *0.031* | Acc: *99.152%* (49576/50000) 
Test epoch: 108 | Loss: *0.789* | Acc: *79.440%* (7944/10000)
Train epoch: 109 | Loss: *0.056* | Acc: *98.208%* (49104/50000) 
Test epoch: 109 | Loss: *0.804* | Acc: *77.550%* (7755/10000)
Train epoch: 110 | Loss: *0.085* | Acc: *97.190%* (48595/50000) 
Test epoch: 110 | Loss: *0.744* | Acc: *80.370%* (8037/10000)
Train epoch: 111 | Loss: *0.068* | Acc: *97.814%* (48907/50000) 
Test epoch: 111 | Loss: *0.693* | Acc: *80.560%* (8056/10000)
Train epoch: 112 | Loss: *0.031* | Acc: *99.184%* (49592/50000) 
Test epoch: 112 | Loss: *0.628* | Acc: *82.640%* (8264/10000)
Train epoch: 113 | Loss: *0.011* | Acc: *99.832%* (49916/50000) 
Test epoch: 113 | Loss: *0.502* | Acc: *85.640%* (8564/10000)
Train epoch: 114 | Loss: *0.004* | Acc: *99.972%* (49986/50000) 
Test epoch: 114 | Loss: *0.419* | Acc: *87.270%* (8727/10000)
Train epoch: 115 | Loss: *0.002* | Acc: *100.000%* (50000/50000) 
Test epoch: 115 | Loss: *0.401* | Acc: *87.710%* (8771/10000)
Train epoch: 116 | Loss: *0.002* | Acc: *100.000%* (50000/50000) 
Test epoch: 116 | Loss: *0.383* | Acc: *88.000%* (8800/10000)
Train epoch: 117 | Loss: *0.002* | Acc: *100.000%* (50000/50000) 
Test epoch: 117 | Loss: *0.376* | Acc: *87.940%* (8794/10000)
Train epoch: 118 | Loss: *0.003* | Acc: *100.000%* (50000/50000) 
Test epoch: 118 | Loss: *0.370* | Acc: *88.150%* (8815/10000)
Train epoch: 119 | Loss: *0.003* | Acc: *100.000%* (50000/50000) 
Test epoch: 119 | Loss: *0.366* | Acc: *88.180%* (8818/10000)
Train epoch: 120 | Loss: *0.003* | Acc: *100.000%* (50000/50000) 
Test epoch: 120 | Loss: *0.368* | Acc: *88.060%* (8806/10000)
Train epoch: 121 | Loss: *0.003* | Acc: *100.000%* (50000/50000) 
Test epoch: 121 | Loss: *0.366* | Acc: *88.320%* (8832/10000)
Train epoch: 122 | Loss: *0.003* | Acc: *100.000%* (50000/50000) 
Test epoch: 122 | Loss: *0.366* | Acc: *88.280%* (8828/10000)
Train epoch: 123 | Loss: *0.003* | Acc: *100.000%* (50000/50000) 
Test epoch: 123 | Loss: *0.366* | Acc: *88.070%* (8807/10000)
Train epoch: 124 | Loss: *0.002* | Acc: *100.000%* (50000/50000) 
Test epoch: 124 | Loss: *0.365* | Acc: *88.270%* (8827/10000)
Train epoch: 125 | Loss: *0.002* | Acc: *100.000%* (50000/50000) 
Test epoch: 125 | Loss: *0.371* | Acc: *88.130%* (8813/10000)
Train epoch: 126 | Loss: *0.002* | Acc: *100.000%* (50000/50000) 
Test epoch: 126 | Loss: *0.372* | Acc: *87.950%* (8795/10000)
Train epoch: 127 | Loss: *0.002* | Acc: *100.000%* (50000/50000) 
Test epoch: 127 | Loss: *0.374* | Acc: *88.040%* (8804/10000)
Train epoch: 128 | Loss: *0.002* | Acc: *100.000%* (50000/50000) 
Test epoch: 128 | Loss: *0.373* | Acc: *87.780%* (8778/10000)
Train epoch: 129 | Loss: *0.002* | Acc: *100.000%* (50000/50000) 
Test epoch: 129 | Loss: *0.378* | Acc: *87.620%* (8762/10000)
Train epoch: 130 | Loss: *0.002* | Acc: *100.000%* (50000/50000) 
Test epoch: 130 | Loss: *0.383* | Acc: *87.330%* (8733/10000)
Train epoch: 131 | Loss: *0.002* | Acc: *100.000%* (50000/50000) 
Test epoch: 131 | Loss: *0.379* | Acc: *87.830%* (8783/10000)
Train epoch: 132 | Loss: *0.002* | Acc: *100.000%* (50000/50000) 
Test epoch: 132 | Loss: *0.382* | Acc: *87.770%* (8777/10000)
Train epoch: 133 | Loss: *0.002* | Acc: *100.000%* (50000/50000) 
Test epoch: 133 | Loss: *0.383* | Acc: *87.720%* (8772/10000)
Train epoch: 134 | Loss: *0.002* | Acc: *100.000%* (50000/50000) 
Test epoch: 134 | Loss: *0.395* | Acc: *87.220%* (8722/10000)
Train epoch: 135 | Loss: *0.002* | Acc: *100.000%* (50000/50000) 
Test epoch: 135 | Loss: *0.391* | Acc: *87.290%* (8729/10000)
Train epoch: 136 | Loss: *0.002* | Acc: *100.000%* (50000/50000) 
Test epoch: 136 | Loss: *0.407* | Acc: *86.750%* (8675/10000)
Train epoch: 137 | Loss: *0.002* | Acc: *100.000%* (50000/50000) 
Test epoch: 137 | Loss: *0.403* | Acc: *87.180%* (8718/10000)
Train epoch: 138 | Loss: *0.002* | Acc: *100.000%* (50000/50000) 
Test epoch: 138 | Loss: *0.396* | Acc: *86.890%* (8689/10000)
Train epoch: 139 | Loss: *0.873* | Acc: *68.564%* (34282/50000) 
Test epoch: 139 | Loss: *1.777* | Acc: *35.190%* (3519/10000)
Train epoch: 140 | Loss: *1.349* | Acc: *51.584%* (25792/50000) 
Test epoch: 140 | Loss: *1.219* | Acc: *56.380%* (5638/10000)
Train epoch: 141 | Loss: *0.981* | Acc: *65.402%* (32701/50000) 
Test epoch: 141 | Loss: *1.096* | Acc: *61.970%* (6197/10000)
Train epoch: 142 | Loss: *0.733* | Acc: *74.330%* (37165/50000) 
Test epoch: 142 | Loss: *0.815* | Acc: *71.510%* (7151/10000)
Train epoch: 143 | Loss: *0.587* | Acc: *79.526%* (39763/50000) 
Test epoch: 143 | Loss: *0.809* | Acc: *72.590%* (7259/10000)
Train epoch: 144 | Loss: *0.477* | Acc: *83.498%* (41749/50000) 
Test epoch: 144 | Loss: *0.724* | Acc: *75.770%* (7577/10000)
Train epoch: 145 | Loss: *0.381* | Acc: *86.948%* (43474/50000) 
Test epoch: 145 | Loss: *0.873* | Acc: *72.390%* (7239/10000)
Train epoch: 146 | Loss: *0.297* | Acc: *89.826%* (44913/50000) 
Test epoch: 146 | Loss: *0.683* | Acc: *77.890%* (7789/10000)
Train epoch: 147 | Loss: *0.222* | Acc: *92.536%* (46268/50000) 
Test epoch: 147 | Loss: *0.842* | Acc: *75.800%* (7580/10000)
Train epoch: 148 | Loss: *0.158* | Acc: *94.708%* (47354/50000) 
Test epoch: 148 | Loss: *0.725* | Acc: *78.960%* (7896/10000)
Train epoch: 149 | Loss: *0.113* | Acc: *96.256%* (48128/50000) 
Test epoch: 149 | Loss: *1.110* | Acc: *72.240%* (7224/10000)
Train epoch: 150 | Loss: *0.085* | Acc: *97.296%* (48648/50000) 
Test epoch: 150 | Loss: *0.816* | Acc: *78.010%* (7801/10000)
Train epoch: 151 | Loss: *0.050* | Acc: *98.604%* (49302/50000) 
Test epoch: 151 | Loss: *0.855* | Acc: *77.560%* (7756/10000)
Train epoch: 152 | Loss: *0.026* | Acc: *99.436%* (49718/50000) 
Test epoch: 152 | Loss: *0.757* | Acc: *80.450%* (8045/10000)
Train epoch: 153 | Loss: *0.009* | Acc: *99.940%* (49970/50000) 
Test epoch: 153 | Loss: *0.674* | Acc: *82.140%* (8214/10000)
Train epoch: 154 | Loss: *0.004* | Acc: *99.996%* (49998/50000) 
Test epoch: 154 | Loss: *0.651* | Acc: *82.940%* (8294/10000)
Train epoch: 155 | Loss: *0.003* | Acc: *100.000%* (50000/50000) 
Test epoch: 155 | Loss: *0.637* | Acc: *83.280%* (8328/10000)
Train epoch: 156 | Loss: *0.002* | Acc: *100.000%* (50000/50000) 
Test epoch: 156 | Loss: *0.622* | Acc: *83.270%* (8327/10000)
Train epoch: 157 | Loss: *0.002* | Acc: *100.000%* (50000/50000) 
Test epoch: 157 | Loss: *0.615* | Acc: *83.270%* (8327/10000)
Train epoch: 158 | Loss: *0.002* | Acc: *100.000%* (50000/50000) 
Test epoch: 158 | Loss: *0.609* | Acc: *83.270%* (8327/10000)
Train epoch: 159 | Loss: *0.002* | Acc: *100.000%* (50000/50000) 
Test epoch: 159 | Loss: *0.604* | Acc: *83.350%* (8335/10000)
Train epoch: 160 | Loss: *0.002* | Acc: *100.000%* (50000/50000) 
Test epoch: 160 | Loss: *0.600* | Acc: *83.310%* (8331/10000)
Train epoch: 161 | Loss: *0.002* | Acc: *100.000%* (50000/50000) 
Test epoch: 161 | Loss: *0.597* | Acc: *83.400%* (8340/10000)
Train epoch: 162 | Loss: *0.003* | Acc: *100.000%* (50000/50000) 
Test epoch: 162 | Loss: *0.591* | Acc: *83.280%* (8328/10000)
Train epoch: 163 | Loss: *0.003* | Acc: *100.000%* (50000/50000) 
Test epoch: 163 | Loss: *0.587* | Acc: *83.300%* (8330/10000)
Train epoch: 164 | Loss: *0.003* | Acc: *100.000%* (50000/50000) 
Test epoch: 164 | Loss: *0.584* | Acc: *83.260%* (8326/10000)
Train epoch: 165 | Loss: *0.003* | Acc: *100.000%* (50000/50000) 
Test epoch: 165 | Loss: *0.579* | Acc: *83.390%* (8339/10000)
Train epoch: 166 | Loss: *0.003* | Acc: *100.000%* (50000/50000) 
Test epoch: 166 | Loss: *0.577* | Acc: *83.350%* (8335/10000)
Train epoch: 167 | Loss: *0.003* | Acc: *100.000%* (50000/50000) 
Test epoch: 167 | Loss: *0.578* | Acc: *83.370%* (8337/10000)
Train epoch: 168 | Loss: *0.003* | Acc: *100.000%* (50000/50000) 
Test epoch: 168 | Loss: *0.579* | Acc: *83.200%* (8320/10000)
Train epoch: 169 | Loss: *0.003* | Acc: *100.000%* (50000/50000) 
Test epoch: 169 | Loss: *0.573* | Acc: *83.410%* (8341/10000)
Train epoch: 170 | Loss: *0.003* | Acc: *100.000%* (50000/50000) 
Test epoch: 170 | Loss: *0.574* | Acc: *83.400%* (8340/10000)
Train epoch: 171 | Loss: *0.003* | Acc: *100.000%* (50000/50000) 
Test epoch: 171 | Loss: *0.569* | Acc: *83.430%* (8343/10000)
Train epoch: 172 | Loss: *0.003* | Acc: *100.000%* (50000/50000) 
Test epoch: 172 | Loss: *0.570* | Acc: *83.260%* (8326/10000)
Train epoch: 173 | Loss: *0.003* | Acc: *100.000%* (50000/50000) 
Test epoch: 173 | Loss: *0.569* | Acc: *83.470%* (8347/10000)
Train epoch: 174 | Loss: *0.003* | Acc: *100.000%* (50000/50000) 
Test epoch: 174 | Loss: *0.567* | Acc: *83.480%* (8348/10000)
Train epoch: 175 | Loss: *0.003* | Acc: *100.000%* (50000/50000) 
Test epoch: 175 | Loss: *0.568* | Acc: *83.300%* (8330/10000)
Train epoch: 176 | Loss: *0.003* | Acc: *100.000%* (50000/50000) 
Test epoch: 176 | Loss: *0.569* | Acc: *83.380%* (8338/10000)
Train epoch: 177 | Loss: *0.003* | Acc: *100.000%* (50000/50000) 
Test epoch: 177 | Loss: *0.566* | Acc: *83.440%* (8344/10000)
Train epoch: 178 | Loss: *0.003* | Acc: *100.000%* (50000/50000) 
Test epoch: 178 | Loss: *0.566* | Acc: *83.430%* (8343/10000)
Train epoch: 179 | Loss: *0.003* | Acc: *100.000%* (50000/50000) 
Test epoch: 179 | Loss: *0.567* | Acc: *83.450%* (8345/10000)
Train epoch: 180 | Loss: *0.003* | Acc: *100.000%* (50000/50000) 
Test epoch: 180 | Loss: *0.568* | Acc: *83.420%* (8342/10000)
Train epoch: 181 | Loss: *0.003* | Acc: *100.000%* (50000/50000) 
Test epoch: 181 | Loss: *0.567* | Acc: *83.550%* (8355/10000)
Train epoch: 182 | Loss: *0.003* | Acc: *100.000%* (50000/50000) 
Test epoch: 182 | Loss: *0.565* | Acc: *83.510%* (8351/10000)
Train epoch: 183 | Loss: *0.003* | Acc: *100.000%* (50000/50000) 
Test epoch: 183 | Loss: *0.564* | Acc: *83.460%* (8346/10000)
Train epoch: 184 | Loss: *0.003* | Acc: *100.000%* (50000/50000) 
Test epoch: 184 | Loss: *0.564* | Acc: *83.570%* (8357/10000)
Train epoch: 185 | Loss: *0.003* | Acc: *100.000%* (50000/50000) 
Test epoch: 185 | Loss: *0.565* | Acc: *83.310%* (8331/10000)
Train epoch: 186 | Loss: *0.003* | Acc: *100.000%* (50000/50000) 
Test epoch: 186 | Loss: *0.564* | Acc: *83.370%* (8337/10000)
Train epoch: 187 | Loss: *0.003* | Acc: *100.000%* (50000/50000) 
Test epoch: 187 | Loss: *0.563* | Acc: *83.440%* (8344/10000)
Train epoch: 188 | Loss: *0.003* | Acc: *100.000%* (50000/50000) 
Test epoch: 188 | Loss: *0.564* | Acc: *83.390%* (8339/10000)
Train epoch: 189 | Loss: *0.003* | Acc: *100.000%* (50000/50000) 
Test epoch: 189 | Loss: *0.564* | Acc: *83.370%* (8337/10000)
Train epoch: 190 | Loss: *0.003* | Acc: *100.000%* (50000/50000) 
Test epoch: 190 | Loss: *0.560* | Acc: *83.510%* (8351/10000)
Train epoch: 191 | Loss: *0.003* | Acc: *100.000%* (50000/50000) 
Test epoch: 191 | Loss: *0.564* | Acc: *83.560%* (8356/10000)
Train epoch: 192 | Loss: *0.003* | Acc: *100.000%* (50000/50000) 
Test epoch: 192 | Loss: *0.563* | Acc: *83.440%* (8344/10000)
Train epoch: 193 | Loss: *0.003* | Acc: *100.000%* (50000/50000) 
Test epoch: 193 | Loss: *0.564* | Acc: *83.330%* (8333/10000)
Train epoch: 194 | Loss: *0.003* | Acc: *100.000%* (50000/50000) 
Test epoch: 194 | Loss: *0.564* | Acc: *83.270%* (8327/10000)
Train epoch: 195 | Loss: *0.003* | Acc: *100.000%* (50000/50000) 
Test epoch: 195 | Loss: *0.562* | Acc: *83.460%* (8346/10000)
Train epoch: 196 | Loss: *0.003* | Acc: *100.000%* (50000/50000) 
Test epoch: 196 | Loss: *0.562* | Acc: *83.450%* (8345/10000)
Train epoch: 197 | Loss: *0.003* | Acc: *100.000%* (50000/50000) 
Test epoch: 197 | Loss: *0.567* | Acc: *83.160%* (8316/10000)
Train epoch: 198 | Loss: *0.003* | Acc: *100.000%* (50000/50000) 
Test epoch: 198 | Loss: *0.565* | Acc: *83.310%* (8331/10000)
Train epoch: 199 | Loss: *0.003* | Acc: *100.000%* (50000/50000) 
Test epoch: 199 | Loss: *0.562* | Acc: *83.520%* (8352/10000)
Train epoch: 200 | Loss: *0.003* | Acc: *100.000%* (50000/50000) 
Test epoch: 200 | Loss: *0.562* | Acc: *83.290%* (8329/10000)
Train epoch: 201 | Loss: *0.003* | Acc: *100.000%* (50000/50000) 
Test epoch: 201 | Loss: *0.564* | Acc: *83.330%* (8333/10000)
Train epoch: 202 | Loss: *0.003* | Acc: *100.000%* (50000/50000) 
Test epoch: 202 | Loss: *0.562* | Acc: *83.470%* (8347/10000)
Train epoch: 203 | Loss: *0.003* | Acc: *100.000%* (50000/50000) 
Test epoch: 203 | Loss: *0.565* | Acc: *83.410%* (8341/10000)
Train epoch: 204 | Loss: *0.003* | Acc: *100.000%* (50000/50000) 
Test epoch: 204 | Loss: *0.562* | Acc: *83.410%* (8341/10000)
Train epoch: 205 | Loss: *0.003* | Acc: *100.000%* (50000/50000) 
Test epoch: 205 | Loss: *0.566* | Acc: *83.210%* (8321/10000)
Train epoch: 206 | Loss: *0.003* | Acc: *100.000%* (50000/50000) 
Test epoch: 206 | Loss: *0.564* | Acc: *83.450%* (8345/10000)
Train epoch: 207 | Loss: *0.003* | Acc: *100.000%* (50000/50000) 
Test epoch: 207 | Loss: *0.564* | Acc: *83.400%* (8340/10000)
Train epoch: 208 | Loss: *0.003* | Acc: *100.000%* (50000/50000) 
Test epoch: 208 | Loss: *0.562* | Acc: *83.420%* (8342/10000)
Train epoch: 209 | Loss: *0.003* | Acc: *100.000%* (50000/50000) 
Test epoch: 209 | Loss: *0.566* | Acc: *83.390%* (8339/10000)
Train epoch: 210 | Loss: *0.003* | Acc: *100.000%* (50000/50000) 
Test epoch: 210 | Loss: *0.563* | Acc: *83.410%* (8341/10000)
Train epoch: 211 | Loss: *0.003* | Acc: *100.000%* (50000/50000) 
Test epoch: 211 | Loss: *0.561* | Acc: *83.510%* (8351/10000)
Train epoch: 212 | Loss: *0.003* | Acc: *100.000%* (50000/50000) 
Test epoch: 212 | Loss: *0.562* | Acc: *83.490%* (8349/10000)
Train epoch: 213 | Loss: *0.003* | Acc: *100.000%* (50000/50000) 
Test epoch: 213 | Loss: *0.561* | Acc: *83.420%* (8342/10000)
Train epoch: 214 | Loss: *0.003* | Acc: *100.000%* (50000/50000) 
Test epoch: 214 | Loss: *0.563* | Acc: *83.340%* (8334/10000)
Train epoch: 215 | Loss: *0.003* | Acc: *100.000%* (50000/50000) 
Test epoch: 215 | Loss: *0.562* | Acc: *83.520%* (8352/10000)
Train epoch: 216 | Loss: *0.003* | Acc: *100.000%* (50000/50000) 
Test epoch: 216 | Loss: *0.562* | Acc: *83.500%* (8350/10000)
Train epoch: 217 | Loss: *0.003* | Acc: *100.000%* (50000/50000) 
Test epoch: 217 | Loss: *0.562* | Acc: *83.340%* (8334/10000)
Train epoch: 218 | Loss: *0.003* | Acc: *100.000%* (50000/50000) 
Test epoch: 218 | Loss: *0.562* | Acc: *83.400%* (8340/10000)
Train epoch: 219 | Loss: *0.003* | Acc: *100.000%* (50000/50000) 
Test epoch: 219 | Loss: *0.562* | Acc: *83.300%* (8330/10000)
Train epoch: 220 | Loss: *0.003* | Acc: *100.000%* (50000/50000) 
Test epoch: 220 | Loss: *0.561* | Acc: *83.300%* (8330/10000)
Train epoch: 221 | Loss: *0.003* | Acc: *100.000%* (50000/50000) 
Test epoch: 221 | Loss: *0.559* | Acc: *83.360%* (8336/10000)
Train epoch: 222 | Loss: *0.003* | Acc: *100.000%* (50000/50000) 
Test epoch: 222 | Loss: *0.561* | Acc: *83.250%* (8325/10000)
Train epoch: 223 | Loss: *0.003* | Acc: *100.000%* (50000/50000) 
Test epoch: 223 | Loss: *0.561* | Acc: *83.390%* (8339/10000)
Train epoch: 224 | Loss: *0.003* | Acc: *100.000%* (50000/50000) 
Test epoch: 224 | Loss: *0.560* | Acc: *83.330%* (8333/10000)
Train epoch: 225 | Loss: *0.003* | Acc: *100.000%* (50000/50000) 
Test epoch: 225 | Loss: *0.560* | Acc: *83.270%* (8327/10000)
Train epoch: 226 | Loss: *0.003* | Acc: *100.000%* (50000/50000) 
Test epoch: 226 | Loss: *0.560* | Acc: *83.380%* (8338/10000)
Train epoch: 227 | Loss: *0.003* | Acc: *100.000%* (50000/50000) 
Test epoch: 227 | Loss: *0.559* | Acc: *83.320%* (8332/10000)
Train epoch: 228 | Loss: *0.003* | Acc: *100.000%* (50000/50000) 
Test epoch: 228 | Loss: *0.560* | Acc: *83.480%* (8348/10000)
Train epoch: 229 | Loss: *0.003* | Acc: *100.000%* (50000/50000) 
Test epoch: 229 | Loss: *0.560* | Acc: *83.490%* (8349/10000)
Train epoch: 230 | Loss: *0.003* | Acc: *100.000%* (50000/50000) 
Test epoch: 230 | Loss: *0.559* | Acc: *83.340%* (8334/10000)
Train epoch: 231 | Loss: *0.003* | Acc: *100.000%* (50000/50000) 
Test epoch: 231 | Loss: *0.559* | Acc: *83.220%* (8322/10000)
Train epoch: 232 | Loss: *0.003* | Acc: *100.000%* (50000/50000) 
Test epoch: 232 | Loss: *0.557* | Acc: *83.290%* (8329/10000)
Train epoch: 233 | Loss: *0.003* | Acc: *100.000%* (50000/50000) 
Test epoch: 233 | Loss: *0.557* | Acc: *83.220%* (8322/10000)
Train epoch: 234 | Loss: *0.003* | Acc: *100.000%* (50000/50000) 
Test epoch: 234 | Loss: *0.558* | Acc: *83.100%* (8310/10000)
Train epoch: 235 | Loss: *0.003* | Acc: *100.000%* (50000/50000) 
Test epoch: 235 | Loss: *0.562* | Acc: *83.230%* (8323/10000)
Train epoch: 236 | Loss: *0.003* | Acc: *100.000%* (50000/50000) 
Test epoch: 236 | Loss: *0.558* | Acc: *83.170%* (8317/10000)
Train epoch: 237 | Loss: *0.003* | Acc: *100.000%* (50000/50000) 
Test epoch: 237 | Loss: *0.555* | Acc: *83.150%* (8315/10000)
Train epoch: 238 | Loss: *0.003* | Acc: *100.000%* (50000/50000) 
Test epoch: 238 | Loss: *0.559* | Acc: *83.040%* (8304/10000)
Train epoch: 239 | Loss: *0.003* | Acc: *100.000%* (50000/50000) 
Test epoch: 239 | Loss: *0.561* | Acc: *82.920%* (8292/10000)
Train epoch: 240 | Loss: *0.003* | Acc: *100.000%* (50000/50000) 
Test epoch: 240 | Loss: *0.558* | Acc: *83.000%* (8300/10000)
Train epoch: 241 | Loss: *0.003* | Acc: *100.000%* (50000/50000) 
Test epoch: 241 | Loss: *0.559* | Acc: *82.960%* (8296/10000)
Train epoch: 242 | Loss: *0.003* | Acc: *100.000%* (50000/50000) 
Test epoch: 242 | Loss: *0.560* | Acc: *82.810%* (8281/10000)
Train epoch: 243 | Loss: *0.003* | Acc: *100.000%* (50000/50000) 
Test epoch: 243 | Loss: *0.562* | Acc: *82.870%* (8287/10000)
Train epoch: 244 | Loss: *0.003* | Acc: *100.000%* (50000/50000) 
Test epoch: 244 | Loss: *0.559* | Acc: *82.940%* (8294/10000)
Train epoch: 245 | Loss: *0.003* | Acc: *100.000%* (50000/50000) 
Test epoch: 245 | Loss: *0.564* | Acc: *82.710%* (8271/10000)
Train epoch: 246 | Loss: *0.003* | Acc: *100.000%* (50000/50000) 
Test epoch: 246 | Loss: *0.566* | Acc: *82.530%* (8253/10000)
Train epoch: 247 | Loss: *0.003* | Acc: *100.000%* (50000/50000) 
Test epoch: 247 | Loss: *0.563* | Acc: *82.730%* (8273/10000)
Train epoch: 248 | Loss: *0.003* | Acc: *100.000%* (50000/50000) 
Test epoch: 248 | Loss: *0.570* | Acc: *82.470%* (8247/10000)
Train epoch: 249 | Loss: *0.307* | Acc: *89.390%* (44695/50000) 
Test epoch: 249 | Loss: *1.243* | Acc: *61.470%* (6147/10000)
Train epoch: 250 | Loss: *0.453* | Acc: *84.330%* (42165/50000) 
Test epoch: 250 | Loss: *0.694* | Acc: *76.900%* (7690/10000)
Train epoch: 251 | Loss: *0.302* | Acc: *89.818%* (44909/50000) 
Test epoch: 251 | Loss: *0.736* | Acc: *76.510%* (7651/10000)
Train epoch: 252 | Loss: *0.210* | Acc: *92.968%* (46484/50000) 
Test epoch: 252 | Loss: *0.810* | Acc: *74.820%* (7482/10000)
Train epoch: 253 | Loss: *0.154* | Acc: *94.808%* (47404/50000) 
Test epoch: 253 | Loss: *0.796* | Acc: *77.540%* (7754/10000)
Train epoch: 254 | Loss: *0.122* | Acc: *95.858%* (47929/50000) 
Test epoch: 254 | Loss: *0.895* | Acc: *75.930%* (7593/10000)
Train epoch: 255 | Loss: *0.113* | Acc: *96.246%* (48123/50000) 
Test epoch: 255 | Loss: *0.798* | Acc: *78.200%* (7820/10000)
Train epoch: 256 | Loss: *0.076* | Acc: *97.510%* (48755/50000) 
Test epoch: 256 | Loss: *0.952* | Acc: *74.030%* (7403/10000)
Train epoch: 257 | Loss: *0.079* | Acc: *97.404%* (48702/50000) 
Test epoch: 257 | Loss: *0.848* | Acc: *76.820%* (7682/10000)
Train epoch: 258 | Loss: *0.073* | Acc: *97.652%* (48826/50000) 
Test epoch: 258 | Loss: *1.044* | Acc: *74.130%* (7413/10000)
Train epoch: 259 | Loss: *0.075* | Acc: *97.550%* (48775/50000) 
Test epoch: 259 | Loss: *0.891* | Acc: *77.540%* (7754/10000)
Train epoch: 260 | Loss: *0.081* | Acc: *97.302%* (48651/50000) 
Test epoch: 260 | Loss: *0.758* | Acc: *79.770%* (7977/10000)
Train epoch: 261 | Loss: *0.075* | Acc: *97.516%* (48758/50000) 
Test epoch: 261 | Loss: *0.939* | Acc: *77.100%* (7710/10000)
Train epoch: 262 | Loss: *0.066* | Acc: *97.832%* (48916/50000) 
Test epoch: 262 | Loss: *0.934* | Acc: *77.380%* (7738/10000)
Train epoch: 263 | Loss: *0.065* | Acc: *97.924%* (48962/50000) 
Test epoch: 263 | Loss: *0.911* | Acc: *76.780%* (7678/10000)
Train epoch: 264 | Loss: *0.062* | Acc: *98.028%* (49014/50000) 
Test epoch: 264 | Loss: *1.016* | Acc: *74.620%* (7462/10000)
Train epoch: 265 | Loss: *0.073* | Acc: *97.670%* (48835/50000) 
Test epoch: 265 | Loss: *0.870* | Acc: *78.110%* (7811/10000)
Train epoch: 266 | Loss: *0.082* | Acc: *97.316%* (48658/50000) 
Test epoch: 266 | Loss: *0.889* | Acc: *77.770%* (7777/10000)
Train epoch: 267 | Loss: *0.075* | Acc: *97.548%* (48774/50000) 
Test epoch: 267 | Loss: *0.814* | Acc: *78.850%* (7885/10000)
Train epoch: 268 | Loss: *0.074* | Acc: *97.560%* (48780/50000) 
Test epoch: 268 | Loss: *0.915* | Acc: *77.350%* (7735/10000)
Train epoch: 269 | Loss: *0.076* | Acc: *97.482%* (48741/50000) 
Test epoch: 269 | Loss: *0.872* | Acc: *77.680%* (7768/10000)
Train epoch: 270 | Loss: *0.063* | Acc: *97.994%* (48997/50000) 
Test epoch: 270 | Loss: *0.886* | Acc: *78.130%* (7813/10000)
Train epoch: 271 | Loss: *0.054* | Acc: *98.286%* (49143/50000) 
Test epoch: 271 | Loss: *0.915* | Acc: *76.840%* (7684/10000)
Train epoch: 272 | Loss: *0.067* | Acc: *97.850%* (48925/50000) 
Test epoch: 272 | Loss: *0.912* | Acc: *77.230%* (7723/10000)
Train epoch: 273 | Loss: *0.103* | Acc: *96.494%* (48247/50000) 
Test epoch: 273 | Loss: *0.956* | Acc: *76.540%* (7654/10000)
Train epoch: 274 | Loss: *0.078* | Acc: *97.416%* (48708/50000) 
Test epoch: 274 | Loss: *0.946* | Acc: *76.620%* (7662/10000)
Train epoch: 275 | Loss: *0.078* | Acc: *97.380%* (48690/50000) 
Test epoch: 275 | Loss: *0.810* | Acc: *78.900%* (7890/10000)
Train epoch: 276 | Loss: *0.087* | Acc: *97.054%* (48527/50000) 
Test epoch: 276 | Loss: *0.733* | Acc: *79.620%* (7962/10000)
Train epoch: 277 | Loss: *0.082* | Acc: *97.254%* (48627/50000) 
Test epoch: 277 | Loss: *0.875* | Acc: *76.720%* (7672/10000)
Train epoch: 278 | Loss: *0.079* | Acc: *97.416%* (48708/50000) 
Test epoch: 278 | Loss: *0.996* | Acc: *76.150%* (7615/10000)
Train epoch: 279 | Loss: *0.076* | Acc: *97.530%* (48765/50000) 
Test epoch: 279 | Loss: *0.971* | Acc: *76.270%* (7627/10000)
Train epoch: 280 | Loss: *0.089* | Acc: *97.040%* (48520/50000) 
Test epoch: 280 | Loss: *0.856* | Acc: *77.970%* (7797/10000)
Train epoch: 281 | Loss: *0.084* | Acc: *97.272%* (48636/50000) 
Test epoch: 281 | Loss: *0.875* | Acc: *76.220%* (7622/10000)
Train epoch: 282 | Loss: *0.095* | Acc: *96.886%* (48443/50000) 
Test epoch: 282 | Loss: *0.904* | Acc: *76.440%* (7644/10000)
Train epoch: 283 | Loss: *0.090* | Acc: *96.998%* (48499/50000) 
Test epoch: 283 | Loss: *1.014* | Acc: *75.240%* (7524/10000)
Train epoch: 284 | Loss: *0.095* | Acc: *96.798%* (48399/50000) 
Test epoch: 284 | Loss: *0.931* | Acc: *76.820%* (7682/10000)
Train epoch: 285 | Loss: *0.086* | Acc: *97.140%* (48570/50000) 
Test epoch: 285 | Loss: *0.882* | Acc: *77.630%* (7763/10000)
Train epoch: 286 | Loss: *0.088* | Acc: *97.050%* (48525/50000) 
Test epoch: 286 | Loss: *0.937* | Acc: *76.480%* (7648/10000)
Train epoch: 287 | Loss: *0.098* | Acc: *96.680%* (48340/50000) 
Test epoch: 287 | Loss: *0.959* | Acc: *75.550%* (7555/10000)
Train epoch: 288 | Loss: *0.103* | Acc: *96.412%* (48206/50000) 
Test epoch: 288 | Loss: *1.008* | Acc: *75.100%* (7510/10000)
Train epoch: 289 | Loss: *0.091* | Acc: *96.976%* (48488/50000) 
Test epoch: 289 | Loss: *0.855* | Acc: *78.080%* (7808/10000)
Train epoch: 290 | Loss: *0.092* | Acc: *96.916%* (48458/50000) 
Test epoch: 290 | Loss: *0.850* | Acc: *77.580%* (7758/10000)
Train epoch: 291 | Loss: *0.108* | Acc: *96.300%* (48150/50000) 
Test epoch: 291 | Loss: *0.876* | Acc: *75.610%* (7561/10000)
Train epoch: 292 | Loss: *0.091* | Acc: *97.006%* (48503/50000) 
Test epoch: 292 | Loss: *0.896* | Acc: *76.260%* (7626/10000)
Train epoch: 293 | Loss: *0.102* | Acc: *96.528%* (48264/50000) 
Test epoch: 293 | Loss: *0.917* | Acc: *76.490%* (7649/10000)
Train epoch: 294 | Loss: *0.109* | Acc: *96.246%* (48123/50000) 
Test epoch: 294 | Loss: *1.083* | Acc: *72.850%* (7285/10000)
Train epoch: 295 | Loss: *0.101* | Acc: *96.578%* (48289/50000) 
Test epoch: 295 | Loss: *0.800* | Acc: *78.750%* (7875/10000)
Train epoch: 296 | Loss: *0.108* | Acc: *96.318%* (48159/50000) 
Test epoch: 296 | Loss: *1.053* | Acc: *73.310%* (7331/10000)
Train epoch: 297 | Loss: *0.114* | Acc: *96.106%* (48053/50000) 
Test epoch: 297 | Loss: *0.903* | Acc: *76.620%* (7662/10000)
Train epoch: 298 | Loss: *0.111* | Acc: *96.248%* (48124/50000) 
Test epoch: 298 | Loss: *0.842* | Acc: *77.440%* (7744/10000)
Train epoch: 299 | Loss: *0.100* | Acc: *96.564%* (48282/50000) 
Test epoch: 299 | Loss: *1.087* | Acc: *72.920%* (7292/10000)
Train epoch: 300 | Loss: *0.108* | Acc: *96.356%* (48178/50000) 
Test epoch: 300 | Loss: *0.935* | Acc: *76.860%* (7686/10000)
Train epoch: 301 | Loss: *0.123* | Acc: *95.838%* (47919/50000) 
Test epoch: 301 | Loss: *0.857* | Acc: *77.450%* (7745/10000)
Train epoch: 302 | Loss: *0.117* | Acc: *96.026%* (48013/50000) 
Test epoch: 302 | Loss: *0.800* | Acc: *77.870%* (7787/10000)
Train epoch: 303 | Loss: *0.113* | Acc: *96.078%* (48039/50000) 
Test epoch: 303 | Loss: *0.875* | Acc: *76.540%* (7654/10000)
Train epoch: 304 | Loss: *0.117* | Acc: *95.978%* (47989/50000) 
Test epoch: 304 | Loss: *0.976* | Acc: *73.580%* (7358/10000)
Train epoch: 305 | Loss: *0.125* | Acc: *95.684%* (47842/50000) 
Test epoch: 305 | Loss: *0.766* | Acc: *78.700%* (7870/10000)
Train epoch: 306 | Loss: *0.117* | Acc: *95.962%* (47981/50000) 
Test epoch: 306 | Loss: *0.813* | Acc: *77.800%* (7780/10000)
Train epoch: 307 | Loss: *0.121* | Acc: *95.958%* (47979/50000) 
Test epoch: 307 | Loss: *0.821* | Acc: *77.700%* (7770/10000)
Train epoch: 308 | Loss: *0.112* | Acc: *96.240%* (48120/50000) 
Test epoch: 308 | Loss: *1.034* | Acc: *73.410%* (7341/10000)
Train epoch: 309 | Loss: *0.135* | Acc: *95.352%* (47676/50000) 
Test epoch: 309 | Loss: *0.903* | Acc: *74.960%* (7496/10000)
Train epoch: 310 | Loss: *0.125* | Acc: *95.756%* (47878/50000) 
Test epoch: 310 | Loss: *0.925* | Acc: *75.170%* (7517/10000)
Train epoch: 311 | Loss: *0.126* | Acc: *95.654%* (47827/50000) 
Test epoch: 311 | Loss: *0.769* | Acc: *78.700%* (7870/10000)
Train epoch: 312 | Loss: *0.118* | Acc: *96.006%* (48003/50000) 
Test epoch: 312 | Loss: *0.878* | Acc: *76.700%* (7670/10000)
Train epoch: 313 | Loss: *0.129* | Acc: *95.572%* (47786/50000) 
Test epoch: 313 | Loss: *0.981* | Acc: *74.620%* (7462/10000)
Train epoch: 314 | Loss: *0.138* | Acc: *95.290%* (47645/50000) 
Test epoch: 314 | Loss: *0.830* | Acc: *76.780%* (7678/10000)
Train epoch: 315 | Loss: *0.132* | Acc: *95.500%* (47750/50000) 
Test epoch: 315 | Loss: *0.730* | Acc: *79.580%* (7958/10000)
Train epoch: 316 | Loss: *0.130* | Acc: *95.572%* (47786/50000) 
Test epoch: 316 | Loss: *0.871* | Acc: *74.770%* (7477/10000)
Train epoch: 317 | Loss: *0.144* | Acc: *95.016%* (47508/50000) 
Test epoch: 317 | Loss: *0.848* | Acc: *75.680%* (7568/10000)
Train epoch: 318 | Loss: *0.130* | Acc: *95.634%* (47817/50000) 
Test epoch: 318 | Loss: *0.860* | Acc: *75.840%* (7584/10000)
Train epoch: 319 | Loss: *0.145* | Acc: *95.094%* (47547/50000) 
Test epoch: 319 | Loss: *0.837* | Acc: *76.110%* (7611/10000)
Train epoch: 320 | Loss: *0.143* | Acc: *95.068%* (47534/50000) 
Test epoch: 320 | Loss: *1.018* | Acc: *73.490%* (7349/10000)
Train epoch: 321 | Loss: *0.133* | Acc: *95.518%* (47759/50000) 
Test epoch: 321 | Loss: *0.876* | Acc: *76.990%* (7699/10000)
Train epoch: 322 | Loss: *0.145* | Acc: *94.998%* (47499/50000) 
Test epoch: 322 | Loss: *1.233* | Acc: *69.570%* (6957/10000)
Train epoch: 323 | Loss: *0.139* | Acc: *95.224%* (47612/50000) 
Test epoch: 323 | Loss: *0.775* | Acc: *78.710%* (7871/10000)
Train epoch: 324 | Loss: *0.152* | Acc: *94.820%* (47410/50000) 
Test epoch: 324 | Loss: *0.763* | Acc: *77.990%* (7799/10000)
Train epoch: 325 | Loss: *0.144* | Acc: *95.148%* (47574/50000) 
Test epoch: 325 | Loss: *0.798* | Acc: *77.770%* (7777/10000)
Train epoch: 326 | Loss: *0.155* | Acc: *94.610%* (47305/50000) 
Test epoch: 326 | Loss: *0.953* | Acc: *74.890%* (7489/10000)
Train epoch: 327 | Loss: *0.153* | Acc: *94.690%* (47345/50000) 
Test epoch: 327 | Loss: *0.876* | Acc: *76.300%* (7630/10000)
Train epoch: 328 | Loss: *0.144* | Acc: *95.074%* (47537/50000) 
Test epoch: 328 | Loss: *1.123* | Acc: *70.840%* (7084/10000)
Train epoch: 329 | Loss: *0.149* | Acc: *94.914%* (47457/50000) 
Test epoch: 329 | Loss: *0.876* | Acc: *76.650%* (7665/10000)
Train epoch: 330 | Loss: *0.149* | Acc: *94.848%* (47424/50000) 
Test epoch: 330 | Loss: *0.896* | Acc: *74.750%* (7475/10000)
Train epoch: 331 | Loss: *0.156* | Acc: *94.644%* (47322/50000) 
Test epoch: 331 | Loss: *0.927* | Acc: *75.580%* (7558/10000)
Train epoch: 332 | Loss: *0.149* | Acc: *94.842%* (47421/50000) 
Test epoch: 332 | Loss: *0.996* | Acc: *72.050%* (7205/10000)
Train epoch: 333 | Loss: *0.153* | Acc: *94.738%* (47369/50000) 
Test epoch: 333 | Loss: *0.852* | Acc: *76.270%* (7627/10000)
Train epoch: 334 | Loss: *0.157* | Acc: *94.536%* (47268/50000) 
Test epoch: 334 | Loss: *0.790* | Acc: *76.620%* (7662/10000)
Train epoch: 335 | Loss: *0.156* | Acc: *94.576%* (47288/50000) 
Test epoch: 335 | Loss: *0.886* | Acc: *75.300%* (7530/10000)
Train epoch: 336 | Loss: *0.160* | Acc: *94.558%* (47279/50000) 
Test epoch: 336 | Loss: *0.753* | Acc: *77.920%* (7792/10000)
Train epoch: 337 | Loss: *0.156* | Acc: *94.488%* (47244/50000) 
Test epoch: 337 | Loss: *0.862* | Acc: *75.280%* (7528/10000)
Train epoch: 338 | Loss: *0.161* | Acc: *94.444%* (47222/50000) 
Test epoch: 338 | Loss: *0.776* | Acc: *77.550%* (7755/10000)
Train epoch: 339 | Loss: *0.165* | Acc: *94.218%* (47109/50000) 
Test epoch: 339 | Loss: *0.975* | Acc: *73.330%* (7333/10000)
Train epoch: 340 | Loss: *0.162* | Acc: *94.344%* (47172/50000) 
Test epoch: 340 | Loss: *0.812* | Acc: *77.360%* (7736/10000)
Train epoch: 341 | Loss: *0.157* | Acc: *94.592%* (47296/50000) 
Test epoch: 341 | Loss: *0.748* | Acc: *77.650%* (7765/10000)
Train epoch: 342 | Loss: *0.165* | Acc: *94.284%* (47142/50000) 
Test epoch: 342 | Loss: *0.827* | Acc: *76.100%* (7610/10000)
Train epoch: 343 | Loss: *0.162* | Acc: *94.446%* (47223/50000) 
Test epoch: 343 | Loss: *0.837* | Acc: *77.420%* (7742/10000)
Train epoch: 344 | Loss: *0.171* | Acc: *94.096%* (47048/50000) 
Test epoch: 344 | Loss: *0.755* | Acc: *78.850%* (7885/10000)
Train epoch: 345 | Loss: *0.162* | Acc: *94.296%* (47148/50000) 
Test epoch: 345 | Loss: *0.987* | Acc: *73.950%* (7395/10000)
Train epoch: 346 | Loss: *0.174* | Acc: *93.888%* (46944/50000) 
Test epoch: 346 | Loss: *0.861* | Acc: *75.420%* (7542/10000)
Train epoch: 347 | Loss: *0.160* | Acc: *94.534%* (47267/50000) 
Test epoch: 347 | Loss: *0.999* | Acc: *72.880%* (7288/10000)
Train epoch: 348 | Loss: *0.170* | Acc: *94.058%* (47029/50000) 
Test epoch: 348 | Loss: *0.808* | Acc: *77.320%* (7732/10000)
Train epoch: 349 | Loss: *0.173* | Acc: *93.952%* (46976/50000) 
Test epoch: 349 | Loss: *0.753* | Acc: *78.050%* (7805/10000)
Train epoch: 350 | Loss: *0.172* | Acc: *93.990%* (46995/50000) 
Test epoch: 350 | Loss: *0.795* | Acc: *76.380%* (7638/10000)
Train epoch: 351 | Loss: *0.168* | Acc: *94.168%* (47084/50000) 
Test epoch: 351 | Loss: *0.789* | Acc: *77.990%* (7799/10000)
Train epoch: 352 | Loss: *0.180* | Acc: *93.760%* (46880/50000) 
Test epoch: 352 | Loss: *0.812* | Acc: *76.450%* (7645/10000)
Train epoch: 353 | Loss: *0.173* | Acc: *93.938%* (46969/50000) 
Test epoch: 353 | Loss: *0.808* | Acc: *76.260%* (7626/10000)
Train epoch: 354 | Loss: *0.174* | Acc: *93.870%* (46935/50000) 
Test epoch: 354 | Loss: *0.740* | Acc: *77.920%* (7792/10000)
Train epoch: 355 | Loss: *0.171* | Acc: *94.058%* (47029/50000) 
Test epoch: 355 | Loss: *1.153* | Acc: *70.150%* (7015/10000)
Train epoch: 356 | Loss: *0.180* | Acc: *93.704%* (46852/50000) 
Test epoch: 356 | Loss: *0.909* | Acc: *73.510%* (7351/10000)
Train epoch: 357 | Loss: *0.175* | Acc: *94.026%* (47013/50000) 
Test epoch: 357 | Loss: *0.827* | Acc: *75.160%* (7516/10000)
Train epoch: 358 | Loss: *0.183* | Acc: *93.632%* (46816/50000) 
Test epoch: 358 | Loss: *1.026* | Acc: *70.960%* (7096/10000)
Train epoch: 359 | Loss: *0.177* | Acc: *93.968%* (46984/50000) 
Test epoch: 359 | Loss: *0.766* | Acc: *76.980%* (7698/10000)
Train epoch: 360 | Loss: *0.179* | Acc: *93.758%* (46879/50000) 
Test epoch: 360 | Loss: *0.767* | Acc: *76.560%* (7656/10000)
Train epoch: 361 | Loss: *0.176* | Acc: *93.870%* (46935/50000) 
Test epoch: 361 | Loss: *0.728* | Acc: *77.830%* (7783/10000)
Train epoch: 362 | Loss: *0.191* | Acc: *93.280%* (46640/50000) 
Test epoch: 362 | Loss: *0.875* | Acc: *74.350%* (7435/10000)
Train epoch: 363 | Loss: *0.173* | Acc: *94.034%* (47017/50000) 
Test epoch: 363 | Loss: *0.826* | Acc: *76.580%* (7658/10000)
Train epoch: 364 | Loss: *0.188* | Acc: *93.380%* (46690/50000) 
Test epoch: 364 | Loss: *0.963* | Acc: *74.810%* (7481/10000)
Train epoch: 365 | Loss: *0.186* | Acc: *93.534%* (46767/50000) 
Test epoch: 365 | Loss: *0.804* | Acc: *76.350%* (7635/10000)
Train epoch: 366 | Loss: *0.178* | Acc: *93.862%* (46931/50000) 
Test epoch: 366 | Loss: *0.886* | Acc: *74.510%* (7451/10000)
Train epoch: 367 | Loss: *0.189* | Acc: *93.442%* (46721/50000) 
Test epoch: 367 | Loss: *0.938* | Acc: *73.400%* (7340/10000)
Train epoch: 368 | Loss: *0.180* | Acc: *93.888%* (46944/50000) 
Test epoch: 368 | Loss: *0.734* | Acc: *78.020%* (7802/10000)
Train epoch: 369 | Loss: *0.180* | Acc: *93.816%* (46908/50000) 
Test epoch: 369 | Loss: *0.799* | Acc: *77.220%* (7722/10000)
Train epoch: 370 | Loss: *0.191* | Acc: *93.432%* (46716/50000) 
Test epoch: 370 | Loss: *0.777* | Acc: *76.950%* (7695/10000)
Train epoch: 371 | Loss: *0.189* | Acc: *93.474%* (46737/50000) 
Test epoch: 371 | Loss: *0.680* | Acc: *79.900%* (7990/10000)
Train epoch: 372 | Loss: *0.184* | Acc: *93.614%* (46807/50000) 
Test epoch: 372 | Loss: *0.755* | Acc: *77.450%* (7745/10000)
Train epoch: 373 | Loss: *0.192* | Acc: *93.170%* (46585/50000) 
Test epoch: 373 | Loss: *0.841* | Acc: *75.700%* (7570/10000)
Train epoch: 374 | Loss: *0.191* | Acc: *93.264%* (46632/50000) 
Test epoch: 374 | Loss: *0.793* | Acc: *76.990%* (7699/10000)
Train epoch: 375 | Loss: *0.183* | Acc: *93.672%* (46836/50000) 
Test epoch: 375 | Loss: *0.801* | Acc: *76.640%* (7664/10000)
Train epoch: 376 | Loss: *0.195* | Acc: *93.268%* (46634/50000) 
Test epoch: 376 | Loss: *0.765* | Acc: *76.660%* (7666/10000)
Train epoch: 377 | Loss: *0.185* | Acc: *93.602%* (46801/50000) 
Test epoch: 377 | Loss: *0.795* | Acc: *77.300%* (7730/10000)
Train epoch: 378 | Loss: *0.184* | Acc: *93.696%* (46848/50000) 
Test epoch: 378 | Loss: *1.109* | Acc: *69.850%* (6985/10000)
Train epoch: 379 | Loss: *0.194* | Acc: *93.172%* (46586/50000) 
Test epoch: 379 | Loss: *0.786* | Acc: *76.300%* (7630/10000)
Train epoch: 380 | Loss: *0.185* | Acc: *93.674%* (46837/50000) 
Test epoch: 380 | Loss: *0.865* | Acc: *75.150%* (7515/10000)
Train epoch: 381 | Loss: *0.190* | Acc: *93.336%* (46668/50000) 
Test epoch: 381 | Loss: *0.933* | Acc: *74.610%* (7461/10000)
Train epoch: 382 | Loss: *0.189* | Acc: *93.476%* (46738/50000) 
Test epoch: 382 | Loss: *1.357* | Acc: *66.860%* (6686/10000)
Train epoch: 383 | Loss: *0.194* | Acc: *93.278%* (46639/50000) 
Test epoch: 383 | Loss: *0.786* | Acc: *77.010%* (7701/10000)
Train epoch: 384 | Loss: *0.186* | Acc: *93.542%* (46771/50000) 
Test epoch: 384 | Loss: *0.701* | Acc: *77.670%* (7767/10000)
Train epoch: 385 | Loss: *0.195* | Acc: *93.260%* (46630/50000) 
Test epoch: 385 | Loss: *0.765* | Acc: *76.620%* (7662/10000)
Train epoch: 386 | Loss: *0.188* | Acc: *93.478%* (46739/50000) 
Test epoch: 386 | Loss: *0.672* | Acc: *78.730%* (7873/10000)
Train epoch: 387 | Loss: *0.191* | Acc: *93.380%* (46690/50000) 
Test epoch: 387 | Loss: *0.658* | Acc: *80.410%* (8041/10000)
Train epoch: 388 | Loss: *0.190* | Acc: *93.388%* (46694/50000) 
Test epoch: 388 | Loss: *0.990* | Acc: *72.860%* (7286/10000)
Train epoch: 389 | Loss: *0.198* | Acc: *93.046%* (46523/50000) 
Test epoch: 389 | Loss: *0.745* | Acc: *77.150%* (7715/10000)
Train epoch: 390 | Loss: *0.191* | Acc: *93.408%* (46704/50000) 
Test epoch: 390 | Loss: *0.840* | Acc: *75.970%* (7597/10000)
Train epoch: 391 | Loss: *0.193* | Acc: *93.292%* (46646/50000) 
Test epoch: 391 | Loss: *0.925* | Acc: *73.200%* (7320/10000)
Train epoch: 392 | Loss: *0.189* | Acc: *93.568%* (46784/50000) 
Test epoch: 392 | Loss: *0.785* | Acc: *77.700%* (7770/10000)
Train epoch: 393 | Loss: *0.184* | Acc: *93.542%* (46771/50000) 
Test epoch: 393 | Loss: *0.721* | Acc: *78.620%* (7862/10000)
Train epoch: 394 | Loss: *0.194* | Acc: *93.252%* (46626/50000) 
Test epoch: 394 | Loss: *0.820* | Acc: *76.110%* (7611/10000)
Train epoch: 395 | Loss: *0.187* | Acc: *93.478%* (46739/50000) 
Test epoch: 395 | Loss: *0.747* | Acc: *77.720%* (7772/10000)
Train epoch: 396 | Loss: *0.199* | Acc: *93.142%* (46571/50000) 
Test epoch: 396 | Loss: *0.726* | Acc: *78.460%* (7846/10000)
Train epoch: 397 | Loss: *0.188* | Acc: *93.482%* (46741/50000) 
Test epoch: 397 | Loss: *1.149* | Acc: *69.580%* (6958/10000)
Train epoch: 398 | Loss: *0.188* | Acc: *93.502%* (46751/50000) 
Test epoch: 398 | Loss: *0.744* | Acc: *77.960%* (7796/10000)
Train epoch: 399 | Loss: *0.196* | Acc: *93.208%* (46604/50000) 
Test epoch: 399 | Loss: *0.760* | Acc: *78.050%* (7805/10000)
Train epoch: 400 | Loss: *0.192* | Acc: *93.312%* (46656/50000) 
Test epoch: 400 | Loss: *0.834* | Acc: *76.100%* (7610/10000)
Train epoch: 401 | Loss: *0.186* | Acc: *93.516%* (46758/50000) 
Test epoch: 401 | Loss: *0.833* | Acc: *76.330%* (7633/10000)
Train epoch: 402 | Loss: *0.192* | Acc: *93.312%* (46656/50000) 
Test epoch: 402 | Loss: *0.672* | Acc: *78.830%* (7883/10000)
Train epoch: 403 | Loss: *0.183* | Acc: *93.592%* (46796/50000) 
Test epoch: 403 | Loss: *0.955* | Acc: *73.670%* (7367/10000)
Train epoch: 404 | Loss: *0.191* | Acc: *93.386%* (46693/50000) 
Test epoch: 404 | Loss: *1.026* | Acc: *71.140%* (7114/10000)
Train epoch: 405 | Loss: *0.186* | Acc: *93.566%* (46783/50000) 
Test epoch: 405 | Loss: *0.826* | Acc: *76.350%* (7635/10000)
Train epoch: 406 | Loss: *0.189* | Acc: *93.640%* (46820/50000) 
Test epoch: 406 | Loss: *0.811* | Acc: *76.460%* (7646/10000)
Train epoch: 407 | Loss: *0.188* | Acc: *93.626%* (46813/50000) 
Test epoch: 407 | Loss: *1.009* | Acc: *71.630%* (7163/10000)
Train epoch: 408 | Loss: *0.185* | Acc: *93.568%* (46784/50000) 
Test epoch: 408 | Loss: *0.750* | Acc: *78.090%* (7809/10000)
Train epoch: 409 | Loss: *0.188* | Acc: *93.470%* (46735/50000) 
Test epoch: 409 | Loss: *0.944* | Acc: *73.590%* (7359/10000)
Train epoch: 410 | Loss: *0.193* | Acc: *93.234%* (46617/50000) 
Test epoch: 410 | Loss: *0.824* | Acc: *76.560%* (7656/10000)
Train epoch: 411 | Loss: *0.183* | Acc: *93.604%* (46802/50000) 
Test epoch: 411 | Loss: *0.781* | Acc: *76.040%* (7604/10000)
Train epoch: 412 | Loss: *0.186* | Acc: *93.576%* (46788/50000) 
Test epoch: 412 | Loss: *0.675* | Acc: *79.580%* (7958/10000)
Train epoch: 413 | Loss: *0.184* | Acc: *93.696%* (46848/50000) 
Test epoch: 413 | Loss: *0.856* | Acc: *75.890%* (7589/10000)
Train epoch: 414 | Loss: *0.185* | Acc: *93.470%* (46735/50000) 
Test epoch: 414 | Loss: *0.836* | Acc: *76.350%* (7635/10000)
Train epoch: 415 | Loss: *0.182* | Acc: *93.684%* (46842/50000) 
Test epoch: 415 | Loss: *0.919* | Acc: *75.640%* (7564/10000)
Train epoch: 416 | Loss: *0.186* | Acc: *93.556%* (46778/50000) 
Test epoch: 416 | Loss: *0.711* | Acc: *79.120%* (7912/10000)
Train epoch: 417 | Loss: *0.179* | Acc: *93.746%* (46873/50000) 
Test epoch: 417 | Loss: *0.795* | Acc: *76.880%* (7688/10000)
Train epoch: 418 | Loss: *0.188* | Acc: *93.518%* (46759/50000) 
Test epoch: 418 | Loss: *0.779* | Acc: *77.330%* (7733/10000)
Train epoch: 419 | Loss: *0.182* | Acc: *93.716%* (46858/50000) 
Test epoch: 419 | Loss: *0.865* | Acc: *76.130%* (7613/10000)
Train epoch: 420 | Loss: *0.182* | Acc: *93.686%* (46843/50000) 
Test epoch: 420 | Loss: *0.673* | Acc: *78.780%* (7878/10000)
Train epoch: 421 | Loss: *0.185* | Acc: *93.548%* (46774/50000) 
Test epoch: 421 | Loss: *0.703* | Acc: *79.140%* (7914/10000)
Train epoch: 422 | Loss: *0.177* | Acc: *93.986%* (46993/50000) 
Test epoch: 422 | Loss: *0.713* | Acc: *77.700%* (7770/10000)
Train epoch: 423 | Loss: *0.182* | Acc: *93.726%* (46863/50000) 
Test epoch: 423 | Loss: *0.708* | Acc: *78.740%* (7874/10000)
Train epoch: 424 | Loss: *0.180* | Acc: *93.796%* (46898/50000) 
Test epoch: 424 | Loss: *0.840* | Acc: *74.410%* (7441/10000)
Train epoch: 425 | Loss: *0.178* | Acc: *93.824%* (46912/50000) 
Test epoch: 425 | Loss: *0.832* | Acc: *77.440%* (7744/10000)
Train epoch: 426 | Loss: *0.176* | Acc: *93.920%* (46960/50000) 
Test epoch: 426 | Loss: *1.208* | Acc: *69.390%* (6939/10000)
Train epoch: 427 | Loss: *0.176* | Acc: *93.906%* (46953/50000) 
Test epoch: 427 | Loss: *0.853* | Acc: *76.100%* (7610/10000)
Train epoch: 428 | Loss: *0.181* | Acc: *93.744%* (46872/50000) 
Test epoch: 428 | Loss: *0.743* | Acc: *79.210%* (7921/10000)
Train epoch: 429 | Loss: *0.178* | Acc: *93.740%* (46870/50000) 
Test epoch: 429 | Loss: *0.909* | Acc: *74.820%* (7482/10000)
Train epoch: 430 | Loss: *0.179* | Acc: *93.778%* (46889/50000) 
Test epoch: 430 | Loss: *0.717* | Acc: *78.620%* (7862/10000)
Train epoch: 431 | Loss: *0.168* | Acc: *94.202%* (47101/50000) 
Test epoch: 431 | Loss: *0.740* | Acc: *79.350%* (7935/10000)
Train epoch: 432 | Loss: *0.176* | Acc: *93.862%* (46931/50000) 
Test epoch: 432 | Loss: *0.727* | Acc: *77.610%* (7761/10000)
Train epoch: 433 | Loss: *0.171* | Acc: *94.104%* (47052/50000) 
Test epoch: 433 | Loss: *0.984* | Acc: *72.500%* (7250/10000)
Train epoch: 434 | Loss: *0.164* | Acc: *94.378%* (47189/50000) 
Test epoch: 434 | Loss: *0.831* | Acc: *76.490%* (7649/10000)
Train epoch: 435 | Loss: *0.176* | Acc: *93.910%* (46955/50000) 
Test epoch: 435 | Loss: *0.782* | Acc: *77.580%* (7758/10000)
Train epoch: 436 | Loss: *0.165* | Acc: *94.254%* (47127/50000) 
Test epoch: 436 | Loss: *0.843* | Acc: *75.340%* (7534/10000)
Train epoch: 437 | Loss: *0.171* | Acc: *94.234%* (47117/50000) 
Test epoch: 437 | Loss: *0.832* | Acc: *74.780%* (7478/10000)
Train epoch: 438 | Loss: *0.169* | Acc: *94.168%* (47084/50000) 
Test epoch: 438 | Loss: *0.814* | Acc: *76.690%* (7669/10000)
Train epoch: 439 | Loss: *0.162* | Acc: *94.526%* (47263/50000) 
Test epoch: 439 | Loss: *0.920* | Acc: *75.500%* (7550/10000)
Train epoch: 440 | Loss: *0.168* | Acc: *94.202%* (47101/50000) 
Test epoch: 440 | Loss: *0.854* | Acc: *76.760%* (7676/10000)
Train epoch: 441 | Loss: *0.161* | Acc: *94.516%* (47258/50000) 
Test epoch: 441 | Loss: *0.760* | Acc: *76.200%* (7620/10000)
Train epoch: 442 | Loss: *0.160* | Acc: *94.512%* (47256/50000) 
Test epoch: 442 | Loss: *1.232* | Acc: *68.550%* (6855/10000)
Train epoch: 443 | Loss: *0.161* | Acc: *94.540%* (47270/50000) 
Test epoch: 443 | Loss: *0.798* | Acc: *78.070%* (7807/10000)
Train epoch: 444 | Loss: *0.165* | Acc: *94.326%* (47163/50000) 
Test epoch: 444 | Loss: *1.043* | Acc: *73.410%* (7341/10000)
Train epoch: 445 | Loss: *0.163* | Acc: *94.392%* (47196/50000) 
Test epoch: 445 | Loss: *0.918* | Acc: *73.710%* (7371/10000)
Train epoch: 446 | Loss: *0.157* | Acc: *94.554%* (47277/50000) 
Test epoch: 446 | Loss: *0.644* | Acc: *80.100%* (8010/10000)
Train epoch: 447 | Loss: *0.156* | Acc: *94.554%* (47277/50000) 
Test epoch: 447 | Loss: *0.835* | Acc: *76.080%* (7608/10000)
Train epoch: 448 | Loss: *0.154* | Acc: *94.630%* (47315/50000) 
Test epoch: 448 | Loss: *0.882* | Acc: *74.950%* (7495/10000)
Train epoch: 449 | Loss: *0.151* | Acc: *94.726%* (47363/50000) 
Test epoch: 449 | Loss: *0.733* | Acc: *78.420%* (7842/10000)
Train epoch: 450 | Loss: *0.164* | Acc: *94.252%* (47126/50000) 
Test epoch: 450 | Loss: *0.729* | Acc: *79.460%* (7946/10000)
Train epoch: 451 | Loss: *0.156* | Acc: *94.594%* (47297/50000) 
Test epoch: 451 | Loss: *0.794* | Acc: *76.780%* (7678/10000)
Train epoch: 452 | Loss: *0.143* | Acc: *95.136%* (47568/50000) 
Test epoch: 452 | Loss: *0.766* | Acc: *78.070%* (7807/10000)
Train epoch: 453 | Loss: *0.158* | Acc: *94.586%* (47293/50000) 
Test epoch: 453 | Loss: *0.731* | Acc: *79.010%* (7901/10000)
Train epoch: 454 | Loss: *0.150* | Acc: *94.948%* (47474/50000) 
Test epoch: 454 | Loss: *0.720* | Acc: *79.200%* (7920/10000)
Train epoch: 455 | Loss: *0.150* | Acc: *94.796%* (47398/50000) 
Test epoch: 455 | Loss: *0.802* | Acc: *77.140%* (7714/10000)
Train epoch: 456 | Loss: *0.146* | Acc: *94.990%* (47495/50000) 
Test epoch: 456 | Loss: *0.716* | Acc: *78.410%* (7841/10000)
Train epoch: 457 | Loss: *0.146* | Acc: *95.000%* (47500/50000) 
Test epoch: 457 | Loss: *0.845* | Acc: *76.120%* (7612/10000)
Train epoch: 458 | Loss: *0.148* | Acc: *94.870%* (47435/50000) 
Test epoch: 458 | Loss: *0.797* | Acc: *77.030%* (7703/10000)
Train epoch: 459 | Loss: *0.136* | Acc: *95.312%* (47656/50000) 
Test epoch: 459 | Loss: *0.685* | Acc: *79.940%* (7994/10000)
Train epoch: 460 | Loss: *0.140* | Acc: *95.328%* (47664/50000) 
Test epoch: 460 | Loss: *1.115* | Acc: *71.970%* (7197/10000)
Train epoch: 461 | Loss: *0.140* | Acc: *95.188%* (47594/50000) 
Test epoch: 461 | Loss: *1.155* | Acc: *68.930%* (6893/10000)
Train epoch: 462 | Loss: *0.135* | Acc: *95.380%* (47690/50000) 
Test epoch: 462 | Loss: *0.841* | Acc: *76.370%* (7637/10000)
Train epoch: 463 | Loss: *0.140* | Acc: *95.176%* (47588/50000) 
Test epoch: 463 | Loss: *0.776* | Acc: *78.400%* (7840/10000)
Train epoch: 464 | Loss: *0.136* | Acc: *95.272%* (47636/50000) 
Test epoch: 464 | Loss: *0.743* | Acc: *78.610%* (7861/10000)
Train epoch: 465 | Loss: *0.133* | Acc: *95.406%* (47703/50000) 
Test epoch: 465 | Loss: *0.655* | Acc: *80.280%* (8028/10000)
Train epoch: 466 | Loss: *0.134* | Acc: *95.380%* (47690/50000) 
Test epoch: 466 | Loss: *0.751* | Acc: *78.620%* (7862/10000)
Train epoch: 467 | Loss: *0.132* | Acc: *95.502%* (47751/50000) 
Test epoch: 467 | Loss: *0.983* | Acc: *73.980%* (7398/10000)
Train epoch: 468 | Loss: *0.128* | Acc: *95.586%* (47793/50000) 
Test epoch: 468 | Loss: *0.680* | Acc: *80.930%* (8093/10000)
Train epoch: 469 | Loss: *0.130* | Acc: *95.574%* (47787/50000) 
Test epoch: 469 | Loss: *0.733* | Acc: *78.550%* (7855/10000)
Train epoch: 470 | Loss: *0.127* | Acc: *95.784%* (47892/50000) 
Test epoch: 470 | Loss: *0.792* | Acc: *77.840%* (7784/10000)
Train epoch: 471 | Loss: *0.124* | Acc: *95.788%* (47894/50000) 
Test epoch: 471 | Loss: *0.785* | Acc: *78.420%* (7842/10000)
Train epoch: 472 | Loss: *0.123* | Acc: *95.882%* (47941/50000) 
Test epoch: 472 | Loss: *0.669* | Acc: *81.080%* (8108/10000)
Train epoch: 473 | Loss: *0.120* | Acc: *95.914%* (47957/50000) 
Test epoch: 473 | Loss: *0.829* | Acc: *77.240%* (7724/10000)
Train epoch: 474 | Loss: *0.127* | Acc: *95.640%* (47820/50000) 
Test epoch: 474 | Loss: *0.791* | Acc: *77.840%* (7784/10000)
Train epoch: 475 | Loss: *0.114* | Acc: *96.140%* (48070/50000) 
Test epoch: 475 | Loss: *0.829* | Acc: *77.540%* (7754/10000)
Train epoch: 476 | Loss: *0.118* | Acc: *95.992%* (47996/50000) 
Test epoch: 476 | Loss: *0.843* | Acc: *76.160%* (7616/10000)
Train epoch: 477 | Loss: *0.112* | Acc: *96.228%* (48114/50000) 
Test epoch: 477 | Loss: *0.725* | Acc: *80.160%* (8016/10000)
Train epoch: 478 | Loss: *0.125* | Acc: *95.582%* (47791/50000) 
Test epoch: 478 | Loss: *0.690* | Acc: *79.710%* (7971/10000)
Train epoch: 479 | Loss: *0.111* | Acc: *96.276%* (48138/50000) 
Test epoch: 479 | Loss: *0.683* | Acc: *80.340%* (8034/10000)
Train epoch: 480 | Loss: *0.109* | Acc: *96.266%* (48133/50000) 
Test epoch: 480 | Loss: *0.942* | Acc: *75.040%* (7504/10000)
Train epoch: 481 | Loss: *0.111* | Acc: *96.280%* (48140/50000) 
Test epoch: 481 | Loss: *0.762* | Acc: *79.330%* (7933/10000)
Train epoch: 482 | Loss: *0.105* | Acc: *96.482%* (48241/50000) 
Test epoch: 482 | Loss: *0.913* | Acc: *76.400%* (7640/10000)
Train epoch: 483 | Loss: *0.102* | Acc: *96.544%* (48272/50000) 
Test epoch: 483 | Loss: *0.775* | Acc: *78.430%* (7843/10000)
Train epoch: 484 | Loss: *0.100* | Acc: *96.638%* (48319/50000) 
Test epoch: 484 | Loss: *0.780* | Acc: *78.880%* (7888/10000)
Train epoch: 485 | Loss: *0.107* | Acc: *96.280%* (48140/50000) 
Test epoch: 485 | Loss: *0.834* | Acc: *77.640%* (7764/10000)
Train epoch: 486 | Loss: *0.107* | Acc: *96.312%* (48156/50000) 
Test epoch: 486 | Loss: *0.852* | Acc: *76.800%* (7680/10000)
Train epoch: 487 | Loss: *0.101* | Acc: *96.544%* (48272/50000) 
Test epoch: 487 | Loss: *1.069* | Acc: *73.380%* (7338/10000)
Train epoch: 488 | Loss: *0.097* | Acc: *96.734%* (48367/50000) 
Test epoch: 488 | Loss: *0.717* | Acc: *80.880%* (8088/10000)
Train epoch: 489 | Loss: *0.090* | Acc: *96.978%* (48489/50000) 
Test epoch: 489 | Loss: *0.766* | Acc: *79.410%* (7941/10000)
Train epoch: 490 | Loss: *0.084* | Acc: *97.252%* (48626/50000) 
Test epoch: 490 | Loss: *0.741* | Acc: *79.290%* (7929/10000)
Train epoch: 491 | Loss: *0.106* | Acc: *96.456%* (48228/50000) 
Test epoch: 491 | Loss: *0.922* | Acc: *75.940%* (7594/10000)
Train epoch: 492 | Loss: *0.091* | Acc: *96.962%* (48481/50000) 
Test epoch: 492 | Loss: *0.853* | Acc: *78.390%* (7839/10000)
Train epoch: 493 | Loss: *0.084* | Acc: *97.284%* (48642/50000) 
Test epoch: 493 | Loss: *0.735* | Acc: *80.520%* (8052/10000)
Train epoch: 494 | Loss: *0.088* | Acc: *96.998%* (48499/50000) 
Test epoch: 494 | Loss: *0.776* | Acc: *78.810%* (7881/10000)
Train epoch: 495 | Loss: *0.090* | Acc: *97.012%* (48506/50000) 
Test epoch: 495 | Loss: *0.707* | Acc: *80.910%* (8091/10000)
Train epoch: 496 | Loss: *0.074* | Acc: *97.570%* (48785/50000) 
Test epoch: 496 | Loss: *0.819* | Acc: *78.150%* (7815/10000)
Train epoch: 497 | Loss: *0.089* | Acc: *97.028%* (48514/50000) 
Test epoch: 497 | Loss: *0.902* | Acc: *77.860%* (7786/10000)
Train epoch: 498 | Loss: *0.085* | Acc: *97.138%* (48569/50000) 
Test epoch: 498 | Loss: *0.961* | Acc: *75.510%* (7551/10000)
Train epoch: 499 | Loss: *0.069* | Acc: *97.744%* (48872/50000) 
Test epoch: 499 | Loss: *0.843* | Acc: *78.610%* (7861/10000)
Train epoch: 500 | Loss: *0.075* | Acc: *97.486%* (48743/50000) 
Test epoch: 500 | Loss: *1.070* | Acc: *72.810%* (7281/10000)
Best test accuracy: *88.320%*, loss: *0.3660727250576019*, at epoch: *121*.
==> Execution time summary of 500 epoch(s).
Train data loading time: sum. *236.37470598425716* secs | avg. *0.47274941196851433* secs per epoch.
Train training time: sum. *1103.2082294011489* secs | avg. *2.206416458802298* secs per epoch.
Train total time: sum. *1339.582935385406* secs | avg. *2.679165870770812* secs per epoch.
Test data loading time: sum. *95.10031415242702* secs | avg. *0.19020062830485404* secs per epoch.
Test training time: sum. *79.06254951190203* secs | avg. *0.15812509902380406* secs per epoch.
Test total time: sum. *174.16286366432905* secs | avg. *0.34832572732865813* secs per epoch.
Total data loading time: sum. *331.4750201366842* secs | avg. *0.6629500402733683* secs per epoch.
Total training time: sum. *1182.270778913051* secs | avg. *2.3645415578261018* secs per epoch.
Total running time: sum. *1513.745799049735* secs | avg. *3.0274915980994703* secs per epoch.
==> Number of GPU device: 1
==> Device #0 Memory Usage
==> Allocated: 0.1 GB
==> Cached:    1.4 GB
==> Maximum: 1.4 GB
