==> Running on : cuda
==> Number of CPU: 48
==> Number of workers: 2
==> #Epochs: 500, #Layers: 4, #Blocks: [2, 1, 1, 1], In channel: 64, Input layer conv kernel: 3x3, Residual layer conv kernel 3x3, Skip kernel: 1x1, Input layer conv padding: 1, Residual layer conv padding: 1
==> Optimizer is SGD with Nesterov
==> Momentum: 0.9
==> Learning rate: 0.1
==> Weight decay: 0.0005
==>Trainable Parameters: 4977226
==>Other Parameters: 0
==>Augmentation: None
Files already downloaded and verified
Train epoch: 1 | Loss: *1.470* | Acc: *46.662%* (23331/50000) 
Test epoch: 1 | Loss: *1.415* | Acc: *50.780%* (5078/10000)
Train epoch: 2 | Loss: *0.907* | Acc: *67.828%* (33914/50000) 
Test epoch: 2 | Loss: *0.848* | Acc: *70.180%* (7018/10000)
Train epoch: 3 | Loss: *0.683* | Acc: *75.932%* (37966/50000) 
Test epoch: 3 | Loss: *0.796* | Acc: *72.630%* (7263/10000)
Train epoch: 4 | Loss: *0.540* | Acc: *80.966%* (40483/50000) 
Test epoch: 4 | Loss: *0.757* | Acc: *72.900%* (7290/10000)
Train epoch: 5 | Loss: *0.440* | Acc: *84.598%* (42299/50000) 
Test epoch: 5 | Loss: *0.874* | Acc: *71.730%* (7173/10000)
Train epoch: 6 | Loss: *0.377* | Acc: *86.866%* (43433/50000) 
Test epoch: 6 | Loss: *0.824* | Acc: *73.130%* (7313/10000)
Train epoch: 7 | Loss: *0.326* | Acc: *88.824%* (44412/50000) 
Test epoch: 7 | Loss: *0.772* | Acc: *75.590%* (7559/10000)
Train epoch: 8 | Loss: *0.287* | Acc: *90.132%* (45066/50000) 
Test epoch: 8 | Loss: *0.745* | Acc: *76.120%* (7612/10000)
Train epoch: 9 | Loss: *0.260* | Acc: *90.944%* (45472/50000) 
Test epoch: 9 | Loss: *0.625* | Acc: *79.670%* (7967/10000)
Train epoch: 10 | Loss: *0.239* | Acc: *91.788%* (45894/50000) 
Test epoch: 10 | Loss: *0.762* | Acc: *77.720%* (7772/10000)
Train epoch: 11 | Loss: *0.219* | Acc: *92.332%* (46166/50000) 
Test epoch: 11 | Loss: *0.710* | Acc: *78.230%* (7823/10000)
Train epoch: 12 | Loss: *0.202* | Acc: *93.058%* (46529/50000) 
Test epoch: 12 | Loss: *0.634* | Acc: *80.480%* (8048/10000)
Train epoch: 13 | Loss: *0.201* | Acc: *93.162%* (46581/50000) 
Test epoch: 13 | Loss: *0.882* | Acc: *73.530%* (7353/10000)
Train epoch: 14 | Loss: *0.190* | Acc: *93.422%* (46711/50000) 
Test epoch: 14 | Loss: *0.785* | Acc: *78.070%* (7807/10000)
Train epoch: 15 | Loss: *0.182* | Acc: *93.772%* (46886/50000) 
Test epoch: 15 | Loss: *0.630* | Acc: *80.200%* (8020/10000)
Train epoch: 16 | Loss: *0.182* | Acc: *93.710%* (46855/50000) 
Test epoch: 16 | Loss: *0.673* | Acc: *79.260%* (7926/10000)
Train epoch: 17 | Loss: *0.181* | Acc: *93.696%* (46848/50000) 
Test epoch: 17 | Loss: *0.910* | Acc: *72.460%* (7246/10000)
Train epoch: 18 | Loss: *0.171* | Acc: *94.192%* (47096/50000) 
Test epoch: 18 | Loss: *0.750* | Acc: *78.080%* (7808/10000)
Train epoch: 19 | Loss: *0.170* | Acc: *94.152%* (47076/50000) 
Test epoch: 19 | Loss: *0.753* | Acc: *77.670%* (7767/10000)
Train epoch: 20 | Loss: *0.172* | Acc: *94.036%* (47018/50000) 
Test epoch: 20 | Loss: *0.701* | Acc: *78.660%* (7866/10000)
Train epoch: 21 | Loss: *0.163* | Acc: *94.350%* (47175/50000) 
Test epoch: 21 | Loss: *0.719* | Acc: *78.640%* (7864/10000)
Train epoch: 22 | Loss: *0.164* | Acc: *94.404%* (47202/50000) 
Test epoch: 22 | Loss: *0.675* | Acc: *79.550%* (7955/10000)
Train epoch: 23 | Loss: *0.167* | Acc: *94.218%* (47109/50000) 
Test epoch: 23 | Loss: *0.756* | Acc: *78.430%* (7843/10000)
Train epoch: 24 | Loss: *0.163* | Acc: *94.526%* (47263/50000) 
Test epoch: 24 | Loss: *0.721* | Acc: *77.480%* (7748/10000)
Train epoch: 25 | Loss: *0.161* | Acc: *94.444%* (47222/50000) 
Test epoch: 25 | Loss: *0.871* | Acc: *76.650%* (7665/10000)
Train epoch: 26 | Loss: *0.161* | Acc: *94.440%* (47220/50000) 
Test epoch: 26 | Loss: *0.661* | Acc: *79.340%* (7934/10000)
Train epoch: 27 | Loss: *0.156* | Acc: *94.712%* (47356/50000) 
Test epoch: 27 | Loss: *0.896* | Acc: *74.180%* (7418/10000)
Train epoch: 28 | Loss: *0.153* | Acc: *94.832%* (47416/50000) 
Test epoch: 28 | Loss: *0.754* | Acc: *78.280%* (7828/10000)
Train epoch: 29 | Loss: *0.158* | Acc: *94.584%* (47292/50000) 
Test epoch: 29 | Loss: *0.822* | Acc: *76.530%* (7653/10000)
Train epoch: 30 | Loss: *0.150* | Acc: *94.824%* (47412/50000) 
Test epoch: 30 | Loss: *0.950* | Acc: *72.900%* (7290/10000)
Train epoch: 31 | Loss: *0.154* | Acc: *94.692%* (47346/50000) 
Test epoch: 31 | Loss: *0.630* | Acc: *80.880%* (8088/10000)
Train epoch: 32 | Loss: *0.155* | Acc: *94.684%* (47342/50000) 
Test epoch: 32 | Loss: *0.752* | Acc: *78.300%* (7830/10000)
Train epoch: 33 | Loss: *0.147* | Acc: *95.044%* (47522/50000) 
Test epoch: 33 | Loss: *0.975* | Acc: *73.410%* (7341/10000)
Train epoch: 34 | Loss: *0.153* | Acc: *94.856%* (47428/50000) 
Test epoch: 34 | Loss: *0.688* | Acc: *78.450%* (7845/10000)
Train epoch: 35 | Loss: *0.148* | Acc: *94.832%* (47416/50000) 
Test epoch: 35 | Loss: *0.834* | Acc: *78.260%* (7826/10000)
Train epoch: 36 | Loss: *0.149* | Acc: *95.028%* (47514/50000) 
Test epoch: 36 | Loss: *1.145* | Acc: *70.500%* (7050/10000)
Train epoch: 37 | Loss: *0.142* | Acc: *95.082%* (47541/50000) 
Test epoch: 37 | Loss: *0.702* | Acc: *78.500%* (7850/10000)
Train epoch: 38 | Loss: *0.144* | Acc: *95.136%* (47568/50000) 
Test epoch: 38 | Loss: *0.841* | Acc: *76.840%* (7684/10000)
Train epoch: 39 | Loss: *0.146* | Acc: *95.030%* (47515/50000) 
Test epoch: 39 | Loss: *0.765* | Acc: *78.010%* (7801/10000)
Train epoch: 40 | Loss: *0.148* | Acc: *94.910%* (47455/50000) 
Test epoch: 40 | Loss: *0.812* | Acc: *76.980%* (7698/10000)
Train epoch: 41 | Loss: *0.139* | Acc: *95.182%* (47591/50000) 
Test epoch: 41 | Loss: *0.861* | Acc: *76.490%* (7649/10000)
Train epoch: 42 | Loss: *0.141* | Acc: *95.164%* (47582/50000) 
Test epoch: 42 | Loss: *0.672* | Acc: *80.600%* (8060/10000)
Train epoch: 43 | Loss: *0.144* | Acc: *95.078%* (47539/50000) 
Test epoch: 43 | Loss: *0.905* | Acc: *77.130%* (7713/10000)
Train epoch: 44 | Loss: *0.133* | Acc: *95.440%* (47720/50000) 
Test epoch: 44 | Loss: *0.746* | Acc: *78.760%* (7876/10000)
Train epoch: 45 | Loss: *0.135* | Acc: *95.402%* (47701/50000) 
Test epoch: 45 | Loss: *0.618* | Acc: *82.200%* (8220/10000)
Train epoch: 46 | Loss: *0.140* | Acc: *95.184%* (47592/50000) 
Test epoch: 46 | Loss: *0.979* | Acc: *73.310%* (7331/10000)
Train epoch: 47 | Loss: *0.129* | Acc: *95.624%* (47812/50000) 
Test epoch: 47 | Loss: *0.677* | Acc: *79.920%* (7992/10000)
Train epoch: 48 | Loss: *0.131* | Acc: *95.478%* (47739/50000) 
Test epoch: 48 | Loss: *0.683* | Acc: *80.410%* (8041/10000)
Train epoch: 49 | Loss: *0.143* | Acc: *95.054%* (47527/50000) 
Test epoch: 49 | Loss: *0.667* | Acc: *80.260%* (8026/10000)
Train epoch: 50 | Loss: *0.125* | Acc: *95.732%* (47866/50000) 
Test epoch: 50 | Loss: *0.756* | Acc: *78.160%* (7816/10000)
Train epoch: 51 | Loss: *0.139* | Acc: *95.202%* (47601/50000) 
Test epoch: 51 | Loss: *0.803* | Acc: *76.840%* (7684/10000)
Train epoch: 52 | Loss: *0.122* | Acc: *95.862%* (47931/50000) 
Test epoch: 52 | Loss: *0.651* | Acc: *80.990%* (8099/10000)
Train epoch: 53 | Loss: *0.129* | Acc: *95.620%* (47810/50000) 
Test epoch: 53 | Loss: *0.763* | Acc: *78.710%* (7871/10000)
Train epoch: 54 | Loss: *0.131* | Acc: *95.540%* (47770/50000) 
Test epoch: 54 | Loss: *0.877* | Acc: *77.530%* (7753/10000)
Train epoch: 55 | Loss: *0.124* | Acc: *95.758%* (47879/50000) 
Test epoch: 55 | Loss: *0.729* | Acc: *79.640%* (7964/10000)
Train epoch: 56 | Loss: *0.129* | Acc: *95.670%* (47835/50000) 
Test epoch: 56 | Loss: *0.605* | Acc: *80.610%* (8061/10000)
Train epoch: 57 | Loss: *0.114* | Acc: *96.166%* (48083/50000) 
Test epoch: 57 | Loss: *1.299* | Acc: *69.600%* (6960/10000)
Train epoch: 58 | Loss: *0.130* | Acc: *95.472%* (47736/50000) 
Test epoch: 58 | Loss: *0.787* | Acc: *77.520%* (7752/10000)
Train epoch: 59 | Loss: *0.113* | Acc: *96.164%* (48082/50000) 
Test epoch: 59 | Loss: *0.641* | Acc: *81.290%* (8129/10000)
Train epoch: 60 | Loss: *0.129* | Acc: *95.612%* (47806/50000) 
Test epoch: 60 | Loss: *1.385* | Acc: *69.370%* (6937/10000)
Train epoch: 61 | Loss: *0.115* | Acc: *96.118%* (48059/50000) 
Test epoch: 61 | Loss: *0.586* | Acc: *82.080%* (8208/10000)
Train epoch: 62 | Loss: *0.119* | Acc: *95.958%* (47979/50000) 
Test epoch: 62 | Loss: *0.620* | Acc: *81.370%* (8137/10000)
Train epoch: 63 | Loss: *0.114* | Acc: *96.174%* (48087/50000) 
Test epoch: 63 | Loss: *0.670* | Acc: *81.060%* (8106/10000)
Train epoch: 64 | Loss: *0.118* | Acc: *95.896%* (47948/50000) 
Test epoch: 64 | Loss: *0.637* | Acc: *81.330%* (8133/10000)
Train epoch: 65 | Loss: *0.115* | Acc: *96.088%* (48044/50000) 
Test epoch: 65 | Loss: *0.755* | Acc: *78.460%* (7846/10000)
Train epoch: 66 | Loss: *0.109* | Acc: *96.282%* (48141/50000) 
Test epoch: 66 | Loss: *0.785* | Acc: *78.990%* (7899/10000)
Train epoch: 67 | Loss: *0.113* | Acc: *96.210%* (48105/50000) 
Test epoch: 67 | Loss: *0.709* | Acc: *80.180%* (8018/10000)
Train epoch: 68 | Loss: *0.113* | Acc: *96.124%* (48062/50000) 
Test epoch: 68 | Loss: *0.828* | Acc: *76.930%* (7693/10000)
Train epoch: 69 | Loss: *0.107* | Acc: *96.338%* (48169/50000) 
Test epoch: 69 | Loss: *0.752* | Acc: *78.860%* (7886/10000)
Train epoch: 70 | Loss: *0.108* | Acc: *96.404%* (48202/50000) 
Test epoch: 70 | Loss: *0.746* | Acc: *79.900%* (7990/10000)
Train epoch: 71 | Loss: *0.103* | Acc: *96.542%* (48271/50000) 
Test epoch: 71 | Loss: *1.002* | Acc: *75.180%* (7518/10000)
Train epoch: 72 | Loss: *0.108* | Acc: *96.364%* (48182/50000) 
Test epoch: 72 | Loss: *0.763* | Acc: *77.810%* (7781/10000)
Train epoch: 73 | Loss: *0.105* | Acc: *96.430%* (48215/50000) 
Test epoch: 73 | Loss: *0.736* | Acc: *80.560%* (8056/10000)
Train epoch: 74 | Loss: *0.102* | Acc: *96.592%* (48296/50000) 
Test epoch: 74 | Loss: *0.600* | Acc: *82.380%* (8238/10000)
Train epoch: 75 | Loss: *0.089* | Acc: *97.092%* (48546/50000) 
Test epoch: 75 | Loss: *0.762* | Acc: *78.730%* (7873/10000)
Train epoch: 76 | Loss: *0.103* | Acc: *96.494%* (48247/50000) 
Test epoch: 76 | Loss: *0.767* | Acc: *79.240%* (7924/10000)
Train epoch: 77 | Loss: *0.098* | Acc: *96.662%* (48331/50000) 
Test epoch: 77 | Loss: *0.713* | Acc: *79.560%* (7956/10000)
Train epoch: 78 | Loss: *0.099* | Acc: *96.696%* (48348/50000) 
Test epoch: 78 | Loss: *0.902* | Acc: *76.940%* (7694/10000)
Train epoch: 79 | Loss: *0.088* | Acc: *97.006%* (48503/50000) 
Test epoch: 79 | Loss: *0.725* | Acc: *81.060%* (8106/10000)
Train epoch: 80 | Loss: *0.111* | Acc: *96.216%* (48108/50000) 
Test epoch: 80 | Loss: *0.739* | Acc: *80.320%* (8032/10000)
Train epoch: 81 | Loss: *0.079* | Acc: *97.444%* (48722/50000) 
Test epoch: 81 | Loss: *0.656* | Acc: *81.720%* (8172/10000)
Train epoch: 82 | Loss: *0.091* | Acc: *97.002%* (48501/50000) 
Test epoch: 82 | Loss: *0.650* | Acc: *80.740%* (8074/10000)
Train epoch: 83 | Loss: *0.099* | Acc: *96.700%* (48350/50000) 
Test epoch: 83 | Loss: *0.703* | Acc: *80.820%* (8082/10000)
Train epoch: 84 | Loss: *0.088* | Acc: *97.122%* (48561/50000) 
Test epoch: 84 | Loss: *1.044* | Acc: *73.340%* (7334/10000)
Train epoch: 85 | Loss: *0.080* | Acc: *97.378%* (48689/50000) 
Test epoch: 85 | Loss: *0.688* | Acc: *80.440%* (8044/10000)
Train epoch: 86 | Loss: *0.094* | Acc: *96.800%* (48400/50000) 
Test epoch: 86 | Loss: *0.621* | Acc: *82.400%* (8240/10000)
Train epoch: 87 | Loss: *0.077* | Acc: *97.510%* (48755/50000) 
Test epoch: 87 | Loss: *0.761* | Acc: *79.350%* (7935/10000)
Train epoch: 88 | Loss: *0.092* | Acc: *96.960%* (48480/50000) 
Test epoch: 88 | Loss: *0.734* | Acc: *80.650%* (8065/10000)
Train epoch: 89 | Loss: *0.081* | Acc: *97.304%* (48652/50000) 
Test epoch: 89 | Loss: *0.646* | Acc: *80.820%* (8082/10000)
Train epoch: 90 | Loss: *0.069* | Acc: *97.728%* (48864/50000) 
Test epoch: 90 | Loss: *0.778* | Acc: *79.570%* (7957/10000)
Train epoch: 91 | Loss: *0.081* | Acc: *97.362%* (48681/50000) 
Test epoch: 91 | Loss: *0.853* | Acc: *77.470%* (7747/10000)
Train epoch: 92 | Loss: *0.087* | Acc: *97.046%* (48523/50000) 
Test epoch: 92 | Loss: *0.909* | Acc: *76.950%* (7695/10000)
Train epoch: 93 | Loss: *0.074* | Acc: *97.552%* (48776/50000) 
Test epoch: 93 | Loss: *0.770* | Acc: *79.110%* (7911/10000)
Train epoch: 94 | Loss: *0.065* | Acc: *97.900%* (48950/50000) 
Test epoch: 94 | Loss: *0.679* | Acc: *81.400%* (8140/10000)
Train epoch: 95 | Loss: *0.076* | Acc: *97.542%* (48771/50000) 
Test epoch: 95 | Loss: *0.627* | Acc: *81.560%* (8156/10000)
Train epoch: 96 | Loss: *0.071* | Acc: *97.666%* (48833/50000) 
Test epoch: 96 | Loss: *0.639* | Acc: *83.000%* (8300/10000)
Train epoch: 97 | Loss: *0.072* | Acc: *97.668%* (48834/50000) 
Test epoch: 97 | Loss: *0.655* | Acc: *81.490%* (8149/10000)
Train epoch: 98 | Loss: *0.069* | Acc: *97.746%* (48873/50000) 
Test epoch: 98 | Loss: *0.634* | Acc: *82.650%* (8265/10000)
Train epoch: 99 | Loss: *0.053* | Acc: *98.422%* (49211/50000) 
Test epoch: 99 | Loss: *0.716* | Acc: *80.520%* (8052/10000)
Train epoch: 100 | Loss: *0.060* | Acc: *98.032%* (49016/50000) 
Test epoch: 100 | Loss: *0.681* | Acc: *81.180%* (8118/10000)
Train epoch: 101 | Loss: *0.075* | Acc: *97.508%* (48754/50000) 
Test epoch: 101 | Loss: *0.734* | Acc: *79.940%* (7994/10000)
Train epoch: 102 | Loss: *0.061* | Acc: *98.068%* (49034/50000) 
Test epoch: 102 | Loss: *0.618* | Acc: *83.590%* (8359/10000)
Train epoch: 103 | Loss: *0.046* | Acc: *98.642%* (49321/50000) 
Test epoch: 103 | Loss: *0.767* | Acc: *80.350%* (8035/10000)
Train epoch: 104 | Loss: *0.068* | Acc: *97.756%* (48878/50000) 
Test epoch: 104 | Loss: *0.688* | Acc: *81.780%* (8178/10000)
Train epoch: 105 | Loss: *0.063* | Acc: *97.940%* (48970/50000) 
Test epoch: 105 | Loss: *0.758* | Acc: *79.520%* (7952/10000)
Train epoch: 106 | Loss: *0.049* | Acc: *98.480%* (49240/50000) 
Test epoch: 106 | Loss: *0.714* | Acc: *80.750%* (8075/10000)
Train epoch: 107 | Loss: *0.052* | Acc: *98.338%* (49169/50000) 
Test epoch: 107 | Loss: *0.725* | Acc: *81.180%* (8118/10000)
Train epoch: 108 | Loss: *0.049* | Acc: *98.468%* (49234/50000) 
Test epoch: 108 | Loss: *0.592* | Acc: *83.690%* (8369/10000)
Train epoch: 109 | Loss: *0.051* | Acc: *98.386%* (49193/50000) 
Test epoch: 109 | Loss: *0.651* | Acc: *82.230%* (8223/10000)
Train epoch: 110 | Loss: *0.050* | Acc: *98.420%* (49210/50000) 
Test epoch: 110 | Loss: *0.634* | Acc: *81.910%* (8191/10000)
Train epoch: 111 | Loss: *0.049* | Acc: *98.364%* (49182/50000) 
Test epoch: 111 | Loss: *0.787* | Acc: *79.620%* (7962/10000)
Train epoch: 112 | Loss: *0.043* | Acc: *98.710%* (49355/50000) 
Test epoch: 112 | Loss: *0.672* | Acc: *81.640%* (8164/10000)
Train epoch: 113 | Loss: *0.044* | Acc: *98.646%* (49323/50000) 
Test epoch: 113 | Loss: *0.880* | Acc: *77.590%* (7759/10000)
Train epoch: 114 | Loss: *0.053* | Acc: *98.350%* (49175/50000) 
Test epoch: 114 | Loss: *0.808* | Acc: *78.750%* (7875/10000)
Train epoch: 115 | Loss: *0.043* | Acc: *98.622%* (49311/50000) 
Test epoch: 115 | Loss: *0.625* | Acc: *82.540%* (8254/10000)
Train epoch: 116 | Loss: *0.021* | Acc: *99.486%* (49743/50000) 
Test epoch: 116 | Loss: *0.494* | Acc: *85.700%* (8570/10000)
Train epoch: 117 | Loss: *0.007* | Acc: *99.944%* (49972/50000) 
Test epoch: 117 | Loss: *0.415* | Acc: *88.180%* (8818/10000)
Train epoch: 118 | Loss: *0.002* | Acc: *100.000%* (50000/50000) 
Test epoch: 118 | Loss: *0.384* | Acc: *88.710%* (8871/10000)
Train epoch: 119 | Loss: *0.002* | Acc: *100.000%* (50000/50000) 
Test epoch: 119 | Loss: *0.366* | Acc: *88.900%* (8890/10000)
Train epoch: 120 | Loss: *0.002* | Acc: *100.000%* (50000/50000) 
Test epoch: 120 | Loss: *0.356* | Acc: *88.840%* (8884/10000)
Train epoch: 121 | Loss: *0.002* | Acc: *100.000%* (50000/50000) 
Test epoch: 121 | Loss: *0.351* | Acc: *89.020%* (8902/10000)
Train epoch: 122 | Loss: *0.002* | Acc: *100.000%* (50000/50000) 
Test epoch: 122 | Loss: *0.351* | Acc: *88.980%* (8898/10000)
Train epoch: 123 | Loss: *0.002* | Acc: *100.000%* (50000/50000) 
Test epoch: 123 | Loss: *0.346* | Acc: *89.040%* (8904/10000)
Train epoch: 124 | Loss: *0.003* | Acc: *100.000%* (50000/50000) 
Test epoch: 124 | Loss: *0.345* | Acc: *89.070%* (8907/10000)
Train epoch: 125 | Loss: *0.003* | Acc: *100.000%* (50000/50000) 
Test epoch: 125 | Loss: *0.345* | Acc: *89.070%* (8907/10000)
Train epoch: 126 | Loss: *0.002* | Acc: *100.000%* (50000/50000) 
Test epoch: 126 | Loss: *0.348* | Acc: *89.050%* (8905/10000)
Train epoch: 127 | Loss: *0.002* | Acc: *100.000%* (50000/50000) 
Test epoch: 127 | Loss: *0.348* | Acc: *88.950%* (8895/10000)
Train epoch: 128 | Loss: *0.002* | Acc: *100.000%* (50000/50000) 
Test epoch: 128 | Loss: *0.345* | Acc: *89.050%* (8905/10000)
Train epoch: 129 | Loss: *0.002* | Acc: *100.000%* (50000/50000) 
Test epoch: 129 | Loss: *0.350* | Acc: *89.030%* (8903/10000)
Train epoch: 130 | Loss: *0.002* | Acc: *100.000%* (50000/50000) 
Test epoch: 130 | Loss: *0.350* | Acc: *88.930%* (8893/10000)
Train epoch: 131 | Loss: *0.002* | Acc: *100.000%* (50000/50000) 
Test epoch: 131 | Loss: *0.348* | Acc: *88.900%* (8890/10000)
Train epoch: 132 | Loss: *0.002* | Acc: *100.000%* (50000/50000) 
Test epoch: 132 | Loss: *0.357* | Acc: *88.720%* (8872/10000)
Train epoch: 133 | Loss: *0.002* | Acc: *100.000%* (50000/50000) 
Test epoch: 133 | Loss: *0.355* | Acc: *88.720%* (8872/10000)
Train epoch: 134 | Loss: *0.002* | Acc: *100.000%* (50000/50000) 
Test epoch: 134 | Loss: *0.355* | Acc: *88.620%* (8862/10000)
Train epoch: 135 | Loss: *0.002* | Acc: *100.000%* (50000/50000) 
Test epoch: 135 | Loss: *0.362* | Acc: *88.650%* (8865/10000)
Train epoch: 136 | Loss: *0.002* | Acc: *100.000%* (50000/50000) 
Test epoch: 136 | Loss: *0.362* | Acc: *88.490%* (8849/10000)
Train epoch: 137 | Loss: *0.002* | Acc: *100.000%* (50000/50000) 
Test epoch: 137 | Loss: *0.364* | Acc: *88.280%* (8828/10000)
Train epoch: 138 | Loss: *0.002* | Acc: *100.000%* (50000/50000) 
Test epoch: 138 | Loss: *0.363* | Acc: *88.510%* (8851/10000)
Train epoch: 139 | Loss: *0.002* | Acc: *100.000%* (50000/50000) 
Test epoch: 139 | Loss: *0.366* | Acc: *88.570%* (8857/10000)
Train epoch: 140 | Loss: *0.002* | Acc: *100.000%* (50000/50000) 
Test epoch: 140 | Loss: *0.373* | Acc: *88.140%* (8814/10000)
Train epoch: 141 | Loss: *0.002* | Acc: *100.000%* (50000/50000) 
Test epoch: 141 | Loss: *0.372* | Acc: *87.950%* (8795/10000)
Train epoch: 142 | Loss: *0.002* | Acc: *100.000%* (50000/50000) 
Test epoch: 142 | Loss: *0.377* | Acc: *88.190%* (8819/10000)
Train epoch: 143 | Loss: *0.002* | Acc: *100.000%* (50000/50000) 
Test epoch: 143 | Loss: *0.399* | Acc: *87.460%* (8746/10000)
Train epoch: 144 | Loss: *0.976* | Acc: *64.540%* (32270/50000) 
Test epoch: 144 | Loss: *1.713* | Acc: *39.650%* (3965/10000)
Train epoch: 145 | Loss: *1.185* | Acc: *57.384%* (28692/50000) 
Test epoch: 145 | Loss: *1.184* | Acc: *58.320%* (5832/10000)
Train epoch: 146 | Loss: *0.811* | Acc: *71.394%* (35697/50000) 
Test epoch: 146 | Loss: *0.827* | Acc: *71.510%* (7151/10000)
Train epoch: 147 | Loss: *0.615* | Acc: *78.668%* (39334/50000) 
Test epoch: 147 | Loss: *0.741* | Acc: *74.610%* (7461/10000)
Train epoch: 148 | Loss: *0.485* | Acc: *83.174%* (41587/50000) 
Test epoch: 148 | Loss: *0.799* | Acc: *73.970%* (7397/10000)
Train epoch: 149 | Loss: *0.384* | Acc: *86.882%* (43441/50000) 
Test epoch: 149 | Loss: *0.653* | Acc: *77.700%* (7770/10000)
Train epoch: 150 | Loss: *0.293* | Acc: *89.984%* (44992/50000) 
Test epoch: 150 | Loss: *0.654* | Acc: *78.060%* (7806/10000)
Train epoch: 151 | Loss: *0.213* | Acc: *92.672%* (46336/50000) 
Test epoch: 151 | Loss: *0.710* | Acc: *77.500%* (7750/10000)
Train epoch: 152 | Loss: *0.146* | Acc: *95.220%* (47610/50000) 
Test epoch: 152 | Loss: *0.762* | Acc: *77.410%* (7741/10000)
Train epoch: 153 | Loss: *0.099* | Acc: *96.880%* (48440/50000) 
Test epoch: 153 | Loss: *0.789* | Acc: *78.750%* (7875/10000)
Train epoch: 154 | Loss: *0.062* | Acc: *98.258%* (49129/50000) 
Test epoch: 154 | Loss: *0.715* | Acc: *80.570%* (8057/10000)
Train epoch: 155 | Loss: *0.034* | Acc: *99.194%* (49597/50000) 
Test epoch: 155 | Loss: *0.668* | Acc: *81.870%* (8187/10000)
Train epoch: 156 | Loss: *0.014* | Acc: *99.830%* (49915/50000) 
Test epoch: 156 | Loss: *0.639* | Acc: *82.830%* (8283/10000)
Train epoch: 157 | Loss: *0.005* | Acc: *99.994%* (49997/50000) 
Test epoch: 157 | Loss: *0.603* | Acc: *83.470%* (8347/10000)
Train epoch: 158 | Loss: *0.003* | Acc: *100.000%* (50000/50000) 
Test epoch: 158 | Loss: *0.604* | Acc: *83.520%* (8352/10000)
Train epoch: 159 | Loss: *0.002* | Acc: *100.000%* (50000/50000) 
Test epoch: 159 | Loss: *0.592* | Acc: *83.630%* (8363/10000)
Train epoch: 160 | Loss: *0.002* | Acc: *100.000%* (50000/50000) 
Test epoch: 160 | Loss: *0.585* | Acc: *83.630%* (8363/10000)
Train epoch: 161 | Loss: *0.002* | Acc: *100.000%* (50000/50000) 
Test epoch: 161 | Loss: *0.580* | Acc: *83.570%* (8357/10000)
Train epoch: 162 | Loss: *0.002* | Acc: *100.000%* (50000/50000) 
Test epoch: 162 | Loss: *0.574* | Acc: *83.460%* (8346/10000)
Train epoch: 163 | Loss: *0.002* | Acc: *100.000%* (50000/50000) 
Test epoch: 163 | Loss: *0.573* | Acc: *83.620%* (8362/10000)
Train epoch: 164 | Loss: *0.002* | Acc: *100.000%* (50000/50000) 
Test epoch: 164 | Loss: *0.566* | Acc: *83.750%* (8375/10000)
Train epoch: 165 | Loss: *0.002* | Acc: *100.000%* (50000/50000) 
Test epoch: 165 | Loss: *0.563* | Acc: *83.620%* (8362/10000)
Train epoch: 166 | Loss: *0.002* | Acc: *100.000%* (50000/50000) 
Test epoch: 166 | Loss: *0.558* | Acc: *83.660%* (8366/10000)
Train epoch: 167 | Loss: *0.002* | Acc: *100.000%* (50000/50000) 
Test epoch: 167 | Loss: *0.557* | Acc: *83.740%* (8374/10000)
Train epoch: 168 | Loss: *0.002* | Acc: *100.000%* (50000/50000) 
Test epoch: 168 | Loss: *0.559* | Acc: *83.560%* (8356/10000)
Train epoch: 169 | Loss: *0.003* | Acc: *100.000%* (50000/50000) 
Test epoch: 169 | Loss: *0.556* | Acc: *83.850%* (8385/10000)
Train epoch: 170 | Loss: *0.002* | Acc: *100.000%* (50000/50000) 
Test epoch: 170 | Loss: *0.553* | Acc: *83.750%* (8375/10000)
Train epoch: 171 | Loss: *0.003* | Acc: *100.000%* (50000/50000) 
Test epoch: 171 | Loss: *0.550* | Acc: *83.830%* (8383/10000)
Train epoch: 172 | Loss: *0.003* | Acc: *100.000%* (50000/50000) 
Test epoch: 172 | Loss: *0.549* | Acc: *83.780%* (8378/10000)
Train epoch: 173 | Loss: *0.003* | Acc: *100.000%* (50000/50000) 
Test epoch: 173 | Loss: *0.548* | Acc: *83.840%* (8384/10000)
Train epoch: 174 | Loss: *0.003* | Acc: *100.000%* (50000/50000) 
Test epoch: 174 | Loss: *0.547* | Acc: *83.700%* (8370/10000)
Train epoch: 175 | Loss: *0.003* | Acc: *100.000%* (50000/50000) 
Test epoch: 175 | Loss: *0.545* | Acc: *83.890%* (8389/10000)
Train epoch: 176 | Loss: *0.003* | Acc: *100.000%* (50000/50000) 
Test epoch: 176 | Loss: *0.546* | Acc: *83.790%* (8379/10000)
Train epoch: 177 | Loss: *0.003* | Acc: *100.000%* (50000/50000) 
Test epoch: 177 | Loss: *0.545* | Acc: *83.820%* (8382/10000)
Train epoch: 178 | Loss: *0.003* | Acc: *100.000%* (50000/50000) 
Test epoch: 178 | Loss: *0.544* | Acc: *83.720%* (8372/10000)
Train epoch: 179 | Loss: *0.003* | Acc: *100.000%* (50000/50000) 
Test epoch: 179 | Loss: *0.542* | Acc: *83.830%* (8383/10000)
Train epoch: 180 | Loss: *0.003* | Acc: *100.000%* (50000/50000) 
Test epoch: 180 | Loss: *0.543* | Acc: *83.890%* (8389/10000)
Train epoch: 181 | Loss: *0.003* | Acc: *100.000%* (50000/50000) 
Test epoch: 181 | Loss: *0.544* | Acc: *83.870%* (8387/10000)
Train epoch: 182 | Loss: *0.003* | Acc: *100.000%* (50000/50000) 
Test epoch: 182 | Loss: *0.541* | Acc: *83.740%* (8374/10000)
Train epoch: 183 | Loss: *0.003* | Acc: *100.000%* (50000/50000) 
Test epoch: 183 | Loss: *0.541* | Acc: *84.000%* (8400/10000)
Train epoch: 184 | Loss: *0.003* | Acc: *100.000%* (50000/50000) 
Test epoch: 184 | Loss: *0.541* | Acc: *83.690%* (8369/10000)
Train epoch: 185 | Loss: *0.003* | Acc: *100.000%* (50000/50000) 
Test epoch: 185 | Loss: *0.541* | Acc: *83.860%* (8386/10000)
Train epoch: 186 | Loss: *0.003* | Acc: *100.000%* (50000/50000) 
Test epoch: 186 | Loss: *0.540* | Acc: *83.750%* (8375/10000)
Train epoch: 187 | Loss: *0.003* | Acc: *100.000%* (50000/50000) 
Test epoch: 187 | Loss: *0.539* | Acc: *83.850%* (8385/10000)
Train epoch: 188 | Loss: *0.003* | Acc: *100.000%* (50000/50000) 
Test epoch: 188 | Loss: *0.541* | Acc: *83.830%* (8383/10000)
Train epoch: 189 | Loss: *0.003* | Acc: *100.000%* (50000/50000) 
Test epoch: 189 | Loss: *0.541* | Acc: *83.960%* (8396/10000)
Train epoch: 190 | Loss: *0.003* | Acc: *100.000%* (50000/50000) 
Test epoch: 190 | Loss: *0.539* | Acc: *83.890%* (8389/10000)
Train epoch: 191 | Loss: *0.003* | Acc: *100.000%* (50000/50000) 
Test epoch: 191 | Loss: *0.540* | Acc: *83.950%* (8395/10000)
Train epoch: 192 | Loss: *0.003* | Acc: *100.000%* (50000/50000) 
Test epoch: 192 | Loss: *0.539* | Acc: *83.920%* (8392/10000)
Train epoch: 193 | Loss: *0.003* | Acc: *100.000%* (50000/50000) 
Test epoch: 193 | Loss: *0.540* | Acc: *83.810%* (8381/10000)
Train epoch: 194 | Loss: *0.003* | Acc: *100.000%* (50000/50000) 
Test epoch: 194 | Loss: *0.539* | Acc: *83.760%* (8376/10000)
Train epoch: 195 | Loss: *0.003* | Acc: *100.000%* (50000/50000) 
Test epoch: 195 | Loss: *0.539* | Acc: *83.880%* (8388/10000)
Train epoch: 196 | Loss: *0.003* | Acc: *100.000%* (50000/50000) 
Test epoch: 196 | Loss: *0.539* | Acc: *83.870%* (8387/10000)
Train epoch: 197 | Loss: *0.003* | Acc: *100.000%* (50000/50000) 
Test epoch: 197 | Loss: *0.540* | Acc: *83.980%* (8398/10000)
Train epoch: 198 | Loss: *0.003* | Acc: *100.000%* (50000/50000) 
Test epoch: 198 | Loss: *0.540* | Acc: *83.880%* (8388/10000)
Train epoch: 199 | Loss: *0.003* | Acc: *100.000%* (50000/50000) 
Test epoch: 199 | Loss: *0.540* | Acc: *83.920%* (8392/10000)
Train epoch: 200 | Loss: *0.003* | Acc: *100.000%* (50000/50000) 
Test epoch: 200 | Loss: *0.540* | Acc: *83.860%* (8386/10000)
Train epoch: 201 | Loss: *0.003* | Acc: *100.000%* (50000/50000) 
Test epoch: 201 | Loss: *0.542* | Acc: *83.680%* (8368/10000)
Train epoch: 202 | Loss: *0.003* | Acc: *100.000%* (50000/50000) 
Test epoch: 202 | Loss: *0.542* | Acc: *83.920%* (8392/10000)
Train epoch: 203 | Loss: *0.003* | Acc: *100.000%* (50000/50000) 
Test epoch: 203 | Loss: *0.541* | Acc: *83.790%* (8379/10000)
Train epoch: 204 | Loss: *0.003* | Acc: *100.000%* (50000/50000) 
Test epoch: 204 | Loss: *0.539* | Acc: *83.940%* (8394/10000)
Train epoch: 205 | Loss: *0.003* | Acc: *100.000%* (50000/50000) 
Test epoch: 205 | Loss: *0.541* | Acc: *83.810%* (8381/10000)
Train epoch: 206 | Loss: *0.003* | Acc: *100.000%* (50000/50000) 
Test epoch: 206 | Loss: *0.538* | Acc: *83.870%* (8387/10000)
Train epoch: 207 | Loss: *0.003* | Acc: *100.000%* (50000/50000) 
Test epoch: 207 | Loss: *0.540* | Acc: *83.800%* (8380/10000)
Train epoch: 208 | Loss: *0.003* | Acc: *100.000%* (50000/50000) 
Test epoch: 208 | Loss: *0.540* | Acc: *83.670%* (8367/10000)
Train epoch: 209 | Loss: *0.003* | Acc: *100.000%* (50000/50000) 
Test epoch: 209 | Loss: *0.540* | Acc: *83.890%* (8389/10000)
Train epoch: 210 | Loss: *0.003* | Acc: *100.000%* (50000/50000) 
Test epoch: 210 | Loss: *0.540* | Acc: *83.840%* (8384/10000)
Train epoch: 211 | Loss: *0.003* | Acc: *100.000%* (50000/50000) 
Test epoch: 211 | Loss: *0.541* | Acc: *83.830%* (8383/10000)
Train epoch: 212 | Loss: *0.003* | Acc: *100.000%* (50000/50000) 
Test epoch: 212 | Loss: *0.541* | Acc: *83.780%* (8378/10000)
Train epoch: 213 | Loss: *0.003* | Acc: *100.000%* (50000/50000) 
Test epoch: 213 | Loss: *0.539* | Acc: *83.850%* (8385/10000)
Train epoch: 214 | Loss: *0.003* | Acc: *100.000%* (50000/50000) 
Test epoch: 214 | Loss: *0.539* | Acc: *83.720%* (8372/10000)
Train epoch: 215 | Loss: *0.003* | Acc: *100.000%* (50000/50000) 
Test epoch: 215 | Loss: *0.538* | Acc: *83.930%* (8393/10000)
Train epoch: 216 | Loss: *0.003* | Acc: *100.000%* (50000/50000) 
Test epoch: 216 | Loss: *0.539* | Acc: *83.800%* (8380/10000)
Train epoch: 217 | Loss: *0.003* | Acc: *100.000%* (50000/50000) 
Test epoch: 217 | Loss: *0.540* | Acc: *83.760%* (8376/10000)
Train epoch: 218 | Loss: *0.003* | Acc: *100.000%* (50000/50000) 
Test epoch: 218 | Loss: *0.537* | Acc: *83.960%* (8396/10000)
Train epoch: 219 | Loss: *0.003* | Acc: *100.000%* (50000/50000) 
Test epoch: 219 | Loss: *0.535* | Acc: *83.890%* (8389/10000)
Train epoch: 220 | Loss: *0.003* | Acc: *100.000%* (50000/50000) 
Test epoch: 220 | Loss: *0.538* | Acc: *83.730%* (8373/10000)
Train epoch: 221 | Loss: *0.003* | Acc: *100.000%* (50000/50000) 
Test epoch: 221 | Loss: *0.536* | Acc: *83.890%* (8389/10000)
Train epoch: 222 | Loss: *0.003* | Acc: *100.000%* (50000/50000) 
Test epoch: 222 | Loss: *0.537* | Acc: *83.890%* (8389/10000)
Train epoch: 223 | Loss: *0.003* | Acc: *100.000%* (50000/50000) 
Test epoch: 223 | Loss: *0.536* | Acc: *83.920%* (8392/10000)
Train epoch: 224 | Loss: *0.003* | Acc: *100.000%* (50000/50000) 
Test epoch: 224 | Loss: *0.537* | Acc: *83.810%* (8381/10000)
Train epoch: 225 | Loss: *0.003* | Acc: *100.000%* (50000/50000) 
Test epoch: 225 | Loss: *0.535* | Acc: *83.900%* (8390/10000)
Train epoch: 226 | Loss: *0.003* | Acc: *100.000%* (50000/50000) 
Test epoch: 226 | Loss: *0.534* | Acc: *83.910%* (8391/10000)
Train epoch: 227 | Loss: *0.003* | Acc: *100.000%* (50000/50000) 
Test epoch: 227 | Loss: *0.536* | Acc: *83.870%* (8387/10000)
Train epoch: 228 | Loss: *0.003* | Acc: *100.000%* (50000/50000) 
Test epoch: 228 | Loss: *0.536* | Acc: *83.800%* (8380/10000)
Train epoch: 229 | Loss: *0.003* | Acc: *100.000%* (50000/50000) 
Test epoch: 229 | Loss: *0.537* | Acc: *83.740%* (8374/10000)
Train epoch: 230 | Loss: *0.003* | Acc: *100.000%* (50000/50000) 
Test epoch: 230 | Loss: *0.535* | Acc: *83.850%* (8385/10000)
Train epoch: 231 | Loss: *0.003* | Acc: *100.000%* (50000/50000) 
Test epoch: 231 | Loss: *0.535* | Acc: *83.860%* (8386/10000)
Train epoch: 232 | Loss: *0.003* | Acc: *100.000%* (50000/50000) 
Test epoch: 232 | Loss: *0.535* | Acc: *83.780%* (8378/10000)
Train epoch: 233 | Loss: *0.003* | Acc: *100.000%* (50000/50000) 
Test epoch: 233 | Loss: *0.534* | Acc: *83.840%* (8384/10000)
Train epoch: 234 | Loss: *0.003* | Acc: *100.000%* (50000/50000) 
Test epoch: 234 | Loss: *0.532* | Acc: *83.880%* (8388/10000)
Train epoch: 235 | Loss: *0.003* | Acc: *100.000%* (50000/50000) 
Test epoch: 235 | Loss: *0.533* | Acc: *83.840%* (8384/10000)
Train epoch: 236 | Loss: *0.003* | Acc: *100.000%* (50000/50000) 
Test epoch: 236 | Loss: *0.530* | Acc: *83.760%* (8376/10000)
Train epoch: 237 | Loss: *0.003* | Acc: *100.000%* (50000/50000) 
Test epoch: 237 | Loss: *0.531* | Acc: *83.610%* (8361/10000)
Train epoch: 238 | Loss: *0.003* | Acc: *100.000%* (50000/50000) 
Test epoch: 238 | Loss: *0.533* | Acc: *83.660%* (8366/10000)
Train epoch: 239 | Loss: *0.003* | Acc: *100.000%* (50000/50000) 
Test epoch: 239 | Loss: *0.534* | Acc: *83.630%* (8363/10000)
Train epoch: 240 | Loss: *0.003* | Acc: *100.000%* (50000/50000) 
Test epoch: 240 | Loss: *0.530* | Acc: *83.730%* (8373/10000)
Train epoch: 241 | Loss: *0.003* | Acc: *100.000%* (50000/50000) 
Test epoch: 241 | Loss: *0.534* | Acc: *83.590%* (8359/10000)
Train epoch: 242 | Loss: *0.003* | Acc: *100.000%* (50000/50000) 
Test epoch: 242 | Loss: *0.533* | Acc: *83.630%* (8363/10000)
Train epoch: 243 | Loss: *0.003* | Acc: *100.000%* (50000/50000) 
Test epoch: 243 | Loss: *0.534* | Acc: *83.650%* (8365/10000)
Train epoch: 244 | Loss: *0.003* | Acc: *100.000%* (50000/50000) 
Test epoch: 244 | Loss: *0.531* | Acc: *83.620%* (8362/10000)
Train epoch: 245 | Loss: *0.003* | Acc: *100.000%* (50000/50000) 
Test epoch: 245 | Loss: *0.533* | Acc: *83.440%* (8344/10000)
Train epoch: 246 | Loss: *0.002* | Acc: *100.000%* (50000/50000) 
Test epoch: 246 | Loss: *0.535* | Acc: *83.500%* (8350/10000)
Train epoch: 247 | Loss: *0.002* | Acc: *100.000%* (50000/50000) 
Test epoch: 247 | Loss: *0.545* | Acc: *83.240%* (8324/10000)
Train epoch: 248 | Loss: *0.002* | Acc: *100.000%* (50000/50000) 
Test epoch: 248 | Loss: *0.544* | Acc: *83.200%* (8320/10000)
Train epoch: 249 | Loss: *0.003* | Acc: *100.000%* (50000/50000) 
Test epoch: 249 | Loss: *0.539* | Acc: *83.360%* (8336/10000)
Train epoch: 250 | Loss: *0.002* | Acc: *100.000%* (50000/50000) 
Test epoch: 250 | Loss: *0.540* | Acc: *83.060%* (8306/10000)
Train epoch: 251 | Loss: *0.003* | Acc: *100.000%* (50000/50000) 
Test epoch: 251 | Loss: *0.560* | Acc: *82.820%* (8282/10000)
Train epoch: 252 | Loss: *0.395* | Acc: *86.358%* (43179/50000) 
Test epoch: 252 | Loss: *0.950* | Acc: *69.340%* (6934/10000)
Train epoch: 253 | Loss: *0.470* | Acc: *83.670%* (41835/50000) 
Test epoch: 253 | Loss: *0.653* | Acc: *77.560%* (7756/10000)
Train epoch: 254 | Loss: *0.324* | Acc: *88.808%* (44404/50000) 
Test epoch: 254 | Loss: *0.711* | Acc: *77.050%* (7705/10000)
Train epoch: 255 | Loss: *0.235* | Acc: *91.956%* (45978/50000) 
Test epoch: 255 | Loss: *0.740* | Acc: *77.170%* (7717/10000)
Train epoch: 256 | Loss: *0.172* | Acc: *94.216%* (47108/50000) 
Test epoch: 256 | Loss: *0.701* | Acc: *78.750%* (7875/10000)
Train epoch: 257 | Loss: *0.133* | Acc: *95.568%* (47784/50000) 
Test epoch: 257 | Loss: *0.777* | Acc: *78.060%* (7806/10000)
Train epoch: 258 | Loss: *0.103* | Acc: *96.536%* (48268/50000) 
Test epoch: 258 | Loss: *0.742* | Acc: *78.750%* (7875/10000)
Train epoch: 259 | Loss: *0.080* | Acc: *97.340%* (48670/50000) 
Test epoch: 259 | Loss: *0.858* | Acc: *77.180%* (7718/10000)
Train epoch: 260 | Loss: *0.093* | Acc: *96.908%* (48454/50000) 
Test epoch: 260 | Loss: *0.881* | Acc: *77.450%* (7745/10000)
Train epoch: 261 | Loss: *0.098* | Acc: *96.568%* (48284/50000) 
Test epoch: 261 | Loss: *0.714* | Acc: *79.920%* (7992/10000)
Train epoch: 262 | Loss: *0.073* | Acc: *97.686%* (48843/50000) 
Test epoch: 262 | Loss: *0.808* | Acc: *79.150%* (7915/10000)
Train epoch: 263 | Loss: *0.062* | Acc: *98.018%* (49009/50000) 
Test epoch: 263 | Loss: *0.924* | Acc: *78.400%* (7840/10000)
Train epoch: 264 | Loss: *0.061* | Acc: *98.046%* (49023/50000) 
Test epoch: 264 | Loss: *0.824* | Acc: *79.050%* (7905/10000)
Train epoch: 265 | Loss: *0.061* | Acc: *97.984%* (48992/50000) 
Test epoch: 265 | Loss: *0.818* | Acc: *78.800%* (7880/10000)
Train epoch: 266 | Loss: *0.075* | Acc: *97.532%* (48766/50000) 
Test epoch: 266 | Loss: *0.883* | Acc: *77.070%* (7707/10000)
Train epoch: 267 | Loss: *0.090* | Acc: *96.922%* (48461/50000) 
Test epoch: 267 | Loss: *0.869* | Acc: *77.900%* (7790/10000)
Train epoch: 268 | Loss: *0.070* | Acc: *97.742%* (48871/50000) 
Test epoch: 268 | Loss: *0.751* | Acc: *80.380%* (8038/10000)
Train epoch: 269 | Loss: *0.058* | Acc: *98.158%* (49079/50000) 
Test epoch: 269 | Loss: *0.760* | Acc: *80.150%* (8015/10000)
Train epoch: 270 | Loss: *0.061* | Acc: *98.042%* (49021/50000) 
Test epoch: 270 | Loss: *0.803* | Acc: *79.690%* (7969/10000)
Train epoch: 271 | Loss: *0.073* | Acc: *97.552%* (48776/50000) 
Test epoch: 271 | Loss: *0.788* | Acc: *80.090%* (8009/10000)
Train epoch: 272 | Loss: *0.088* | Acc: *97.038%* (48519/50000) 
Test epoch: 272 | Loss: *0.903* | Acc: *76.810%* (7681/10000)
Train epoch: 273 | Loss: *0.062* | Acc: *98.068%* (49034/50000) 
Test epoch: 273 | Loss: *0.823* | Acc: *79.690%* (7969/10000)
Train epoch: 274 | Loss: *0.073* | Acc: *97.570%* (48785/50000) 
Test epoch: 274 | Loss: *0.871* | Acc: *78.350%* (7835/10000)
Train epoch: 275 | Loss: *0.091* | Acc: *96.994%* (48497/50000) 
Test epoch: 275 | Loss: *0.843* | Acc: *78.700%* (7870/10000)
Train epoch: 276 | Loss: *0.075* | Acc: *97.554%* (48777/50000) 
Test epoch: 276 | Loss: *0.853* | Acc: *78.250%* (7825/10000)
Train epoch: 277 | Loss: *0.073* | Acc: *97.630%* (48815/50000) 
Test epoch: 277 | Loss: *0.883* | Acc: *77.680%* (7768/10000)
Train epoch: 278 | Loss: *0.068* | Acc: *97.728%* (48864/50000) 
Test epoch: 278 | Loss: *0.809* | Acc: *79.040%* (7904/10000)
Train epoch: 279 | Loss: *0.084* | Acc: *97.226%* (48613/50000) 
Test epoch: 279 | Loss: *0.822* | Acc: *78.490%* (7849/10000)
Train epoch: 280 | Loss: *0.084* | Acc: *97.188%* (48594/50000) 
Test epoch: 280 | Loss: *0.962* | Acc: *75.460%* (7546/10000)
Train epoch: 281 | Loss: *0.089* | Acc: *96.958%* (48479/50000) 
Test epoch: 281 | Loss: *0.806* | Acc: *78.830%* (7883/10000)
Train epoch: 282 | Loss: *0.084* | Acc: *97.160%* (48580/50000) 
Test epoch: 282 | Loss: *0.824* | Acc: *78.860%* (7886/10000)
Train epoch: 283 | Loss: *0.073* | Acc: *97.594%* (48797/50000) 
Test epoch: 283 | Loss: *0.907* | Acc: *77.400%* (7740/10000)
Train epoch: 284 | Loss: *0.080* | Acc: *97.358%* (48679/50000) 
Test epoch: 284 | Loss: *0.800* | Acc: *78.750%* (7875/10000)
Train epoch: 285 | Loss: *0.087* | Acc: *97.108%* (48554/50000) 
Test epoch: 285 | Loss: *0.858* | Acc: *77.270%* (7727/10000)
Train epoch: 286 | Loss: *0.102* | Acc: *96.568%* (48284/50000) 
Test epoch: 286 | Loss: *0.769* | Acc: *79.620%* (7962/10000)
Train epoch: 287 | Loss: *0.086* | Acc: *97.076%* (48538/50000) 
Test epoch: 287 | Loss: *0.765* | Acc: *79.670%* (7967/10000)
Train epoch: 288 | Loss: *0.079* | Acc: *97.424%* (48712/50000) 
Test epoch: 288 | Loss: *0.774* | Acc: *79.720%* (7972/10000)
Train epoch: 289 | Loss: *0.085* | Acc: *97.128%* (48564/50000) 
Test epoch: 289 | Loss: *0.913* | Acc: *76.010%* (7601/10000)
Train epoch: 290 | Loss: *0.101* | Acc: *96.526%* (48263/50000) 
Test epoch: 290 | Loss: *1.022* | Acc: *75.090%* (7509/10000)
Train epoch: 291 | Loss: *0.093* | Acc: *96.856%* (48428/50000) 
Test epoch: 291 | Loss: *0.807* | Acc: *78.750%* (7875/10000)
Train epoch: 292 | Loss: *0.086* | Acc: *97.092%* (48546/50000) 
Test epoch: 292 | Loss: *0.782* | Acc: *79.090%* (7909/10000)
Train epoch: 293 | Loss: *0.099* | Acc: *96.662%* (48331/50000) 
Test epoch: 293 | Loss: *0.798* | Acc: *78.420%* (7842/10000)
Train epoch: 294 | Loss: *0.110* | Acc: *96.154%* (48077/50000) 
Test epoch: 294 | Loss: *0.817* | Acc: *78.010%* (7801/10000)
Train epoch: 295 | Loss: *0.095* | Acc: *96.818%* (48409/50000) 
Test epoch: 295 | Loss: *0.972* | Acc: *74.610%* (7461/10000)
Train epoch: 296 | Loss: *0.091* | Acc: *96.910%* (48455/50000) 
Test epoch: 296 | Loss: *0.748* | Acc: *79.870%* (7987/10000)
Train epoch: 297 | Loss: *0.099* | Acc: *96.620%* (48310/50000) 
Test epoch: 297 | Loss: *0.908* | Acc: *76.060%* (7606/10000)
Train epoch: 298 | Loss: *0.103* | Acc: *96.464%* (48232/50000) 
Test epoch: 298 | Loss: *0.840* | Acc: *78.810%* (7881/10000)
Train epoch: 299 | Loss: *0.111* | Acc: *96.236%* (48118/50000) 
Test epoch: 299 | Loss: *0.951* | Acc: *76.730%* (7673/10000)
Train epoch: 300 | Loss: *0.097* | Acc: *96.710%* (48355/50000) 
Test epoch: 300 | Loss: *0.924* | Acc: *77.470%* (7747/10000)
Train epoch: 301 | Loss: *0.107* | Acc: *96.304%* (48152/50000) 
Test epoch: 301 | Loss: *0.876* | Acc: *77.980%* (7798/10000)
Train epoch: 302 | Loss: *0.105* | Acc: *96.444%* (48222/50000) 
Test epoch: 302 | Loss: *0.751* | Acc: *79.990%* (7999/10000)
Train epoch: 303 | Loss: *0.101* | Acc: *96.574%* (48287/50000) 
Test epoch: 303 | Loss: *0.786* | Acc: *79.090%* (7909/10000)
Train epoch: 304 | Loss: *0.113* | Acc: *96.144%* (48072/50000) 
Test epoch: 304 | Loss: *0.831* | Acc: *77.750%* (7775/10000)
Train epoch: 305 | Loss: *0.115* | Acc: *96.072%* (48036/50000) 
Test epoch: 305 | Loss: *0.918* | Acc: *75.640%* (7564/10000)
Train epoch: 306 | Loss: *0.110* | Acc: *96.268%* (48134/50000) 
Test epoch: 306 | Loss: *0.895* | Acc: *76.310%* (7631/10000)
Train epoch: 307 | Loss: *0.110* | Acc: *96.276%* (48138/50000) 
Test epoch: 307 | Loss: *0.877* | Acc: *76.380%* (7638/10000)
Train epoch: 308 | Loss: *0.107* | Acc: *96.408%* (48204/50000) 
Test epoch: 308 | Loss: *0.863* | Acc: *77.890%* (7789/10000)
Train epoch: 309 | Loss: *0.119* | Acc: *95.998%* (47999/50000) 
Test epoch: 309 | Loss: *1.073* | Acc: *71.630%* (7163/10000)
Train epoch: 310 | Loss: *0.116* | Acc: *96.102%* (48051/50000) 
Test epoch: 310 | Loss: *0.772* | Acc: *77.810%* (7781/10000)
Train epoch: 311 | Loss: *0.116* | Acc: *96.082%* (48041/50000) 
Test epoch: 311 | Loss: *0.934* | Acc: *76.350%* (7635/10000)
Train epoch: 312 | Loss: *0.126* | Acc: *95.640%* (47820/50000) 
Test epoch: 312 | Loss: *0.795* | Acc: *78.550%* (7855/10000)
Train epoch: 313 | Loss: *0.112* | Acc: *96.190%* (48095/50000) 
Test epoch: 313 | Loss: *0.901* | Acc: *76.150%* (7615/10000)
Train epoch: 314 | Loss: *0.118* | Acc: *95.984%* (47992/50000) 
Test epoch: 314 | Loss: *0.859* | Acc: *76.390%* (7639/10000)
Train epoch: 315 | Loss: *0.128* | Acc: *95.576%* (47788/50000) 
Test epoch: 315 | Loss: *0.782* | Acc: *78.870%* (7887/10000)
Train epoch: 316 | Loss: *0.125* | Acc: *95.742%* (47871/50000) 
Test epoch: 316 | Loss: *0.735* | Acc: *79.420%* (7942/10000)
Train epoch: 317 | Loss: *0.124* | Acc: *95.772%* (47886/50000) 
Test epoch: 317 | Loss: *0.961* | Acc: *75.490%* (7549/10000)
Train epoch: 318 | Loss: *0.126* | Acc: *95.728%* (47864/50000) 
Test epoch: 318 | Loss: *0.857* | Acc: *76.240%* (7624/10000)
Train epoch: 319 | Loss: *0.131* | Acc: *95.456%* (47728/50000) 
Test epoch: 319 | Loss: *0.874* | Acc: *76.970%* (7697/10000)
Train epoch: 320 | Loss: *0.133* | Acc: *95.460%* (47730/50000) 
Test epoch: 320 | Loss: *1.103* | Acc: *72.830%* (7283/10000)
Train epoch: 321 | Loss: *0.122* | Acc: *95.836%* (47918/50000) 
Test epoch: 321 | Loss: *0.817* | Acc: *78.440%* (7844/10000)
Train epoch: 322 | Loss: *0.130* | Acc: *95.534%* (47767/50000) 
Test epoch: 322 | Loss: *0.810* | Acc: *77.230%* (7723/10000)
Train epoch: 323 | Loss: *0.142* | Acc: *95.174%* (47587/50000) 
Test epoch: 323 | Loss: *0.713* | Acc: *79.430%* (7943/10000)
Train epoch: 324 | Loss: *0.126* | Acc: *95.790%* (47895/50000) 
Test epoch: 324 | Loss: *0.864* | Acc: *76.250%* (7625/10000)
Train epoch: 325 | Loss: *0.134* | Acc: *95.460%* (47730/50000) 
Test epoch: 325 | Loss: *0.850* | Acc: *76.870%* (7687/10000)
Train epoch: 326 | Loss: *0.136* | Acc: *95.308%* (47654/50000) 
Test epoch: 326 | Loss: *0.850* | Acc: *76.510%* (7651/10000)
Train epoch: 327 | Loss: *0.139* | Acc: *95.222%* (47611/50000) 
Test epoch: 327 | Loss: *0.892* | Acc: *76.280%* (7628/10000)
Train epoch: 328 | Loss: *0.136* | Acc: *95.264%* (47632/50000) 
Test epoch: 328 | Loss: *0.929* | Acc: *74.890%* (7489/10000)
Train epoch: 329 | Loss: *0.135* | Acc: *95.306%* (47653/50000) 
Test epoch: 329 | Loss: *0.892* | Acc: *76.520%* (7652/10000)
Train epoch: 330 | Loss: *0.141* | Acc: *95.048%* (47524/50000) 
Test epoch: 330 | Loss: *0.801* | Acc: *77.600%* (7760/10000)
Train epoch: 331 | Loss: *0.146* | Acc: *94.856%* (47428/50000) 
Test epoch: 331 | Loss: *0.750* | Acc: *77.850%* (7785/10000)
Train epoch: 332 | Loss: *0.141* | Acc: *95.110%* (47555/50000) 
Test epoch: 332 | Loss: *0.796* | Acc: *76.090%* (7609/10000)
Train epoch: 333 | Loss: *0.140* | Acc: *95.130%* (47565/50000) 
Test epoch: 333 | Loss: *0.750* | Acc: *78.900%* (7890/10000)
Train epoch: 334 | Loss: *0.145* | Acc: *94.866%* (47433/50000) 
Test epoch: 334 | Loss: *0.695* | Acc: *78.060%* (7806/10000)
Train epoch: 335 | Loss: *0.141* | Acc: *95.162%* (47581/50000) 
Test epoch: 335 | Loss: *0.784* | Acc: *76.880%* (7688/10000)
Train epoch: 336 | Loss: *0.149* | Acc: *94.898%* (47449/50000) 
Test epoch: 336 | Loss: *0.740* | Acc: *78.530%* (7853/10000)
Train epoch: 337 | Loss: *0.147* | Acc: *95.002%* (47501/50000) 
Test epoch: 337 | Loss: *0.731* | Acc: *78.900%* (7890/10000)
Train epoch: 338 | Loss: *0.155* | Acc: *94.624%* (47312/50000) 
Test epoch: 338 | Loss: *0.729* | Acc: *78.530%* (7853/10000)
Train epoch: 339 | Loss: *0.148* | Acc: *94.840%* (47420/50000) 
Test epoch: 339 | Loss: *0.984* | Acc: *74.950%* (7495/10000)
Train epoch: 340 | Loss: *0.152* | Acc: *94.804%* (47402/50000) 
Test epoch: 340 | Loss: *0.704* | Acc: *80.130%* (8013/10000)
Train epoch: 341 | Loss: *0.146* | Acc: *94.960%* (47480/50000) 
Test epoch: 341 | Loss: *1.087* | Acc: *71.540%* (7154/10000)
Train epoch: 342 | Loss: *0.162* | Acc: *94.472%* (47236/50000) 
Test epoch: 342 | Loss: *0.748* | Acc: *77.680%* (7768/10000)
Train epoch: 343 | Loss: *0.149* | Acc: *94.916%* (47458/50000) 
Test epoch: 343 | Loss: *1.017* | Acc: *72.460%* (7246/10000)
Train epoch: 344 | Loss: *0.151* | Acc: *94.806%* (47403/50000) 
Test epoch: 344 | Loss: *0.813* | Acc: *77.320%* (7732/10000)
Train epoch: 345 | Loss: *0.156* | Acc: *94.540%* (47270/50000) 
Test epoch: 345 | Loss: *0.701* | Acc: *79.070%* (7907/10000)
Train epoch: 346 | Loss: *0.154* | Acc: *94.710%* (47355/50000) 
Test epoch: 346 | Loss: *0.807* | Acc: *76.980%* (7698/10000)
Train epoch: 347 | Loss: *0.157* | Acc: *94.528%* (47264/50000) 
Test epoch: 347 | Loss: *0.758* | Acc: *77.680%* (7768/10000)
Train epoch: 348 | Loss: *0.151* | Acc: *94.832%* (47416/50000) 
Test epoch: 348 | Loss: *0.799* | Acc: *76.940%* (7694/10000)
Train epoch: 349 | Loss: *0.161* | Acc: *94.328%* (47164/50000) 
Test epoch: 349 | Loss: *1.097* | Acc: *72.470%* (7247/10000)
Train epoch: 350 | Loss: *0.158* | Acc: *94.596%* (47298/50000) 
Test epoch: 350 | Loss: *0.747* | Acc: *79.330%* (7933/10000)
Train epoch: 351 | Loss: *0.156* | Acc: *94.712%* (47356/50000) 
Test epoch: 351 | Loss: *0.888* | Acc: *77.250%* (7725/10000)
Train epoch: 352 | Loss: *0.162* | Acc: *94.324%* (47162/50000) 
Test epoch: 352 | Loss: *1.144* | Acc: *69.420%* (6942/10000)
Train epoch: 353 | Loss: *0.162* | Acc: *94.378%* (47189/50000) 
Test epoch: 353 | Loss: *0.758* | Acc: *78.510%* (7851/10000)
Train epoch: 354 | Loss: *0.165* | Acc: *94.408%* (47204/50000) 
Test epoch: 354 | Loss: *0.713* | Acc: *78.530%* (7853/10000)
Train epoch: 355 | Loss: *0.159* | Acc: *94.474%* (47237/50000) 
Test epoch: 355 | Loss: *0.619* | Acc: *80.380%* (8038/10000)
Train epoch: 356 | Loss: *0.162* | Acc: *94.466%* (47233/50000) 
Test epoch: 356 | Loss: *0.868* | Acc: *76.250%* (7625/10000)
Train epoch: 357 | Loss: *0.162* | Acc: *94.478%* (47239/50000) 
Test epoch: 357 | Loss: *0.659* | Acc: *79.990%* (7999/10000)
Train epoch: 358 | Loss: *0.160* | Acc: *94.484%* (47242/50000) 
Test epoch: 358 | Loss: *0.900* | Acc: *74.370%* (7437/10000)
Train epoch: 359 | Loss: *0.173* | Acc: *94.020%* (47010/50000) 
Test epoch: 359 | Loss: *0.844* | Acc: *76.720%* (7672/10000)
Train epoch: 360 | Loss: *0.158* | Acc: *94.566%* (47283/50000) 
Test epoch: 360 | Loss: *0.659* | Acc: *79.630%* (7963/10000)
Train epoch: 361 | Loss: *0.170* | Acc: *94.114%* (47057/50000) 
Test epoch: 361 | Loss: *0.988* | Acc: *73.730%* (7373/10000)
Train epoch: 362 | Loss: *0.160* | Acc: *94.382%* (47191/50000) 
Test epoch: 362 | Loss: *0.692* | Acc: *79.480%* (7948/10000)
Train epoch: 363 | Loss: *0.167* | Acc: *94.202%* (47101/50000) 
Test epoch: 363 | Loss: *0.717* | Acc: *79.300%* (7930/10000)
Train epoch: 364 | Loss: *0.168* | Acc: *94.338%* (47169/50000) 
Test epoch: 364 | Loss: *0.694* | Acc: *80.440%* (8044/10000)
Train epoch: 365 | Loss: *0.166* | Acc: *94.318%* (47159/50000) 
Test epoch: 365 | Loss: *0.744* | Acc: *77.570%* (7757/10000)
Train epoch: 366 | Loss: *0.166* | Acc: *94.382%* (47191/50000) 
Test epoch: 366 | Loss: *0.722* | Acc: *78.300%* (7830/10000)
Train epoch: 367 | Loss: *0.173* | Acc: *94.062%* (47031/50000) 
Test epoch: 367 | Loss: *0.826* | Acc: *76.240%* (7624/10000)
Train epoch: 368 | Loss: *0.167* | Acc: *94.220%* (47110/50000) 
Test epoch: 368 | Loss: *0.659* | Acc: *79.760%* (7976/10000)
Train epoch: 369 | Loss: *0.168* | Acc: *94.240%* (47120/50000) 
Test epoch: 369 | Loss: *0.778* | Acc: *78.240%* (7824/10000)
Train epoch: 370 | Loss: *0.176* | Acc: *93.854%* (46927/50000) 
Test epoch: 370 | Loss: *0.778* | Acc: *76.330%* (7633/10000)
Train epoch: 371 | Loss: *0.170* | Acc: *94.122%* (47061/50000) 
Test epoch: 371 | Loss: *0.700* | Acc: *78.830%* (7883/10000)
Train epoch: 372 | Loss: *0.170* | Acc: *94.178%* (47089/50000) 
Test epoch: 372 | Loss: *0.716* | Acc: *78.760%* (7876/10000)
Train epoch: 373 | Loss: *0.170* | Acc: *94.230%* (47115/50000) 
Test epoch: 373 | Loss: *0.741* | Acc: *78.580%* (7858/10000)
Train epoch: 374 | Loss: *0.175* | Acc: *93.938%* (46969/50000) 
Test epoch: 374 | Loss: *0.792* | Acc: *75.390%* (7539/10000)
Train epoch: 375 | Loss: *0.171* | Acc: *94.160%* (47080/50000) 
Test epoch: 375 | Loss: *0.794* | Acc: *78.180%* (7818/10000)
Train epoch: 376 | Loss: *0.175* | Acc: *93.912%* (46956/50000) 
Test epoch: 376 | Loss: *0.754* | Acc: *78.460%* (7846/10000)
Train epoch: 377 | Loss: *0.173* | Acc: *93.930%* (46965/50000) 
Test epoch: 377 | Loss: *0.963* | Acc: *74.070%* (7407/10000)
Train epoch: 378 | Loss: *0.176* | Acc: *94.022%* (47011/50000) 
Test epoch: 378 | Loss: *0.753* | Acc: *78.500%* (7850/10000)
Train epoch: 379 | Loss: *0.176* | Acc: *93.996%* (46998/50000) 
Test epoch: 379 | Loss: *0.787* | Acc: *77.830%* (7783/10000)
Train epoch: 380 | Loss: *0.174* | Acc: *93.922%* (46961/50000) 
Test epoch: 380 | Loss: *0.687* | Acc: *79.760%* (7976/10000)
Train epoch: 381 | Loss: *0.173* | Acc: *93.926%* (46963/50000) 
Test epoch: 381 | Loss: *0.670* | Acc: *80.440%* (8044/10000)
Train epoch: 382 | Loss: *0.176* | Acc: *93.880%* (46940/50000) 
Test epoch: 382 | Loss: *0.743* | Acc: *78.310%* (7831/10000)
Train epoch: 383 | Loss: *0.173* | Acc: *93.992%* (46996/50000) 
Test epoch: 383 | Loss: *0.724* | Acc: *78.580%* (7858/10000)
Train epoch: 384 | Loss: *0.175* | Acc: *93.948%* (46974/50000) 
Test epoch: 384 | Loss: *0.806* | Acc: *77.070%* (7707/10000)
Train epoch: 385 | Loss: *0.178* | Acc: *93.892%* (46946/50000) 
Test epoch: 385 | Loss: *0.752* | Acc: *78.170%* (7817/10000)
Train epoch: 386 | Loss: *0.174* | Acc: *94.028%* (47014/50000) 
Test epoch: 386 | Loss: *0.947* | Acc: *74.420%* (7442/10000)
Train epoch: 387 | Loss: *0.173* | Acc: *94.036%* (47018/50000) 
Test epoch: 387 | Loss: *1.071* | Acc: *72.350%* (7235/10000)
Train epoch: 388 | Loss: *0.175* | Acc: *93.984%* (46992/50000) 
Test epoch: 388 | Loss: *0.707* | Acc: *78.970%* (7897/10000)
Train epoch: 389 | Loss: *0.174* | Acc: *94.068%* (47034/50000) 
Test epoch: 389 | Loss: *0.701* | Acc: *78.510%* (7851/10000)
Train epoch: 390 | Loss: *0.177* | Acc: *93.936%* (46968/50000) 
Test epoch: 390 | Loss: *0.825* | Acc: *76.900%* (7690/10000)
Train epoch: 391 | Loss: *0.176* | Acc: *93.848%* (46924/50000) 
Test epoch: 391 | Loss: *0.729* | Acc: *78.720%* (7872/10000)
Train epoch: 392 | Loss: *0.179* | Acc: *93.890%* (46945/50000) 
Test epoch: 392 | Loss: *0.655* | Acc: *80.160%* (8016/10000)
Train epoch: 393 | Loss: *0.169* | Acc: *94.156%* (47078/50000) 
Test epoch: 393 | Loss: *0.845* | Acc: *75.960%* (7596/10000)
Train epoch: 394 | Loss: *0.172* | Acc: *94.012%* (47006/50000) 
Test epoch: 394 | Loss: *0.807* | Acc: *76.490%* (7649/10000)
Train epoch: 395 | Loss: *0.184* | Acc: *93.650%* (46825/50000) 
Test epoch: 395 | Loss: *0.680* | Acc: *79.730%* (7973/10000)
Train epoch: 396 | Loss: *0.177* | Acc: *93.840%* (46920/50000) 
Test epoch: 396 | Loss: *0.685* | Acc: *79.020%* (7902/10000)
Train epoch: 397 | Loss: *0.177* | Acc: *93.822%* (46911/50000) 
Test epoch: 397 | Loss: *0.764* | Acc: *77.370%* (7737/10000)
Train epoch: 398 | Loss: *0.176* | Acc: *94.000%* (47000/50000) 
Test epoch: 398 | Loss: *0.731* | Acc: *78.170%* (7817/10000)
Train epoch: 399 | Loss: *0.178* | Acc: *93.804%* (46902/50000) 
Test epoch: 399 | Loss: *0.716* | Acc: *77.910%* (7791/10000)
Train epoch: 400 | Loss: *0.173* | Acc: *94.060%* (47030/50000) 
Test epoch: 400 | Loss: *0.734* | Acc: *78.870%* (7887/10000)
Train epoch: 401 | Loss: *0.176* | Acc: *93.890%* (46945/50000) 
Test epoch: 401 | Loss: *0.795* | Acc: *76.400%* (7640/10000)
Train epoch: 402 | Loss: *0.179* | Acc: *93.950%* (46975/50000) 
Test epoch: 402 | Loss: *0.697* | Acc: *79.840%* (7984/10000)
Train epoch: 403 | Loss: *0.172* | Acc: *94.012%* (47006/50000) 
Test epoch: 403 | Loss: *0.926* | Acc: *73.650%* (7365/10000)
Train epoch: 404 | Loss: *0.173* | Acc: *94.066%* (47033/50000) 
Test epoch: 404 | Loss: *0.639* | Acc: *80.790%* (8079/10000)
Train epoch: 405 | Loss: *0.175* | Acc: *93.990%* (46995/50000) 
Test epoch: 405 | Loss: *0.802* | Acc: *77.310%* (7731/10000)
Train epoch: 406 | Loss: *0.170* | Acc: *94.188%* (47094/50000) 
Test epoch: 406 | Loss: *0.889* | Acc: *76.090%* (7609/10000)
Train epoch: 407 | Loss: *0.172* | Acc: *93.962%* (46981/50000) 
Test epoch: 407 | Loss: *0.758* | Acc: *77.590%* (7759/10000)
Train epoch: 408 | Loss: *0.181* | Acc: *93.746%* (46873/50000) 
Test epoch: 408 | Loss: *0.838* | Acc: *76.950%* (7695/10000)
Train epoch: 409 | Loss: *0.167* | Acc: *94.184%* (47092/50000) 
Test epoch: 409 | Loss: *0.703* | Acc: *78.670%* (7867/10000)
Train epoch: 410 | Loss: *0.174* | Acc: *94.068%* (47034/50000) 
Test epoch: 410 | Loss: *0.877* | Acc: *74.590%* (7459/10000)
Train epoch: 411 | Loss: *0.173* | Acc: *93.896%* (46948/50000) 
Test epoch: 411 | Loss: *0.713* | Acc: *77.910%* (7791/10000)
Train epoch: 412 | Loss: *0.171* | Acc: *94.098%* (47049/50000) 
Test epoch: 412 | Loss: *0.757* | Acc: *78.000%* (7800/10000)
Train epoch: 413 | Loss: *0.173* | Acc: *93.966%* (46983/50000) 
Test epoch: 413 | Loss: *0.749* | Acc: *78.000%* (7800/10000)
Train epoch: 414 | Loss: *0.170* | Acc: *94.088%* (47044/50000) 
Test epoch: 414 | Loss: *0.672* | Acc: *79.370%* (7937/10000)
Train epoch: 415 | Loss: *0.169* | Acc: *94.252%* (47126/50000) 
Test epoch: 415 | Loss: *0.890* | Acc: *76.020%* (7602/10000)
Train epoch: 416 | Loss: *0.166* | Acc: *94.242%* (47121/50000) 
Test epoch: 416 | Loss: *0.846* | Acc: *76.450%* (7645/10000)
Train epoch: 417 | Loss: *0.178* | Acc: *93.810%* (46905/50000) 
Test epoch: 417 | Loss: *0.824* | Acc: *77.040%* (7704/10000)
Train epoch: 418 | Loss: *0.164* | Acc: *94.510%* (47255/50000) 
Test epoch: 418 | Loss: *0.772* | Acc: *77.970%* (7797/10000)
Train epoch: 419 | Loss: *0.168* | Acc: *94.128%* (47064/50000) 
Test epoch: 419 | Loss: *0.775* | Acc: *78.000%* (7800/10000)
Train epoch: 420 | Loss: *0.171* | Acc: *94.034%* (47017/50000) 
Test epoch: 420 | Loss: *0.642* | Acc: *79.840%* (7984/10000)
Train epoch: 421 | Loss: *0.165* | Acc: *94.352%* (47176/50000) 
Test epoch: 421 | Loss: *1.140* | Acc: *71.770%* (7177/10000)
Train epoch: 422 | Loss: *0.167* | Acc: *94.260%* (47130/50000) 
Test epoch: 422 | Loss: *0.690* | Acc: *78.990%* (7899/10000)
Train epoch: 423 | Loss: *0.168* | Acc: *94.136%* (47068/50000) 
Test epoch: 423 | Loss: *0.657* | Acc: *79.460%* (7946/10000)
Train epoch: 424 | Loss: *0.157* | Acc: *94.668%* (47334/50000) 
Test epoch: 424 | Loss: *1.045* | Acc: *70.900%* (7090/10000)
Train epoch: 425 | Loss: *0.167* | Acc: *94.246%* (47123/50000) 
Test epoch: 425 | Loss: *0.598* | Acc: *81.430%* (8143/10000)
Train epoch: 426 | Loss: *0.159* | Acc: *94.514%* (47257/50000) 
Test epoch: 426 | Loss: *0.747* | Acc: *78.100%* (7810/10000)
Train epoch: 427 | Loss: *0.160* | Acc: *94.582%* (47291/50000) 
Test epoch: 427 | Loss: *0.760* | Acc: *78.660%* (7866/10000)
Train epoch: 428 | Loss: *0.168* | Acc: *94.256%* (47128/50000) 
Test epoch: 428 | Loss: *0.712* | Acc: *78.540%* (7854/10000)
Train epoch: 429 | Loss: *0.157* | Acc: *94.660%* (47330/50000) 
Test epoch: 429 | Loss: *0.826* | Acc: *77.750%* (7775/10000)
Train epoch: 430 | Loss: *0.160* | Acc: *94.498%* (47249/50000) 
Test epoch: 430 | Loss: *0.713* | Acc: *78.410%* (7841/10000)
Train epoch: 431 | Loss: *0.159* | Acc: *94.490%* (47245/50000) 
Test epoch: 431 | Loss: *0.706* | Acc: *79.820%* (7982/10000)
Train epoch: 432 | Loss: *0.161* | Acc: *94.446%* (47223/50000) 
Test epoch: 432 | Loss: *0.849* | Acc: *76.170%* (7617/10000)
Train epoch: 433 | Loss: *0.153* | Acc: *94.820%* (47410/50000) 
Test epoch: 433 | Loss: *1.271* | Acc: *66.030%* (6603/10000)
Train epoch: 434 | Loss: *0.163* | Acc: *94.310%* (47155/50000) 
Test epoch: 434 | Loss: *0.700* | Acc: *79.510%* (7951/10000)
Train epoch: 435 | Loss: *0.150* | Acc: *94.802%* (47401/50000) 
Test epoch: 435 | Loss: *0.699* | Acc: *79.960%* (7996/10000)
Train epoch: 436 | Loss: *0.159* | Acc: *94.540%* (47270/50000) 
Test epoch: 436 | Loss: *0.817* | Acc: *74.840%* (7484/10000)
Train epoch: 437 | Loss: *0.148* | Acc: *94.892%* (47446/50000) 
Test epoch: 437 | Loss: *0.796* | Acc: *77.090%* (7709/10000)
Train epoch: 438 | Loss: *0.155* | Acc: *94.742%* (47371/50000) 
Test epoch: 438 | Loss: *0.881* | Acc: *75.620%* (7562/10000)
Train epoch: 439 | Loss: *0.149* | Acc: *94.916%* (47458/50000) 
Test epoch: 439 | Loss: *0.691* | Acc: *80.110%* (8011/10000)
Train epoch: 440 | Loss: *0.152* | Acc: *94.790%* (47395/50000) 
Test epoch: 440 | Loss: *0.838* | Acc: *76.340%* (7634/10000)
Train epoch: 441 | Loss: *0.152* | Acc: *94.760%* (47380/50000) 
Test epoch: 441 | Loss: *0.912* | Acc: *76.640%* (7664/10000)
Train epoch: 442 | Loss: *0.149* | Acc: *94.888%* (47444/50000) 
Test epoch: 442 | Loss: *0.774* | Acc: *78.770%* (7877/10000)
Train epoch: 443 | Loss: *0.152* | Acc: *94.812%* (47406/50000) 
Test epoch: 443 | Loss: *0.890* | Acc: *76.320%* (7632/10000)
Train epoch: 444 | Loss: *0.148* | Acc: *94.914%* (47457/50000) 
Test epoch: 444 | Loss: *0.867* | Acc: *76.720%* (7672/10000)
Train epoch: 445 | Loss: *0.144* | Acc: *95.124%* (47562/50000) 
Test epoch: 445 | Loss: *0.943* | Acc: *73.450%* (7345/10000)
Train epoch: 446 | Loss: *0.150* | Acc: *94.866%* (47433/50000) 
Test epoch: 446 | Loss: *0.700* | Acc: *79.300%* (7930/10000)
Train epoch: 447 | Loss: *0.144* | Acc: *95.088%* (47544/50000) 
Test epoch: 447 | Loss: *0.743* | Acc: *77.550%* (7755/10000)
Train epoch: 448 | Loss: *0.137* | Acc: *95.334%* (47667/50000) 
Test epoch: 448 | Loss: *0.794* | Acc: *76.920%* (7692/10000)
Train epoch: 449 | Loss: *0.151* | Acc: *94.798%* (47399/50000) 
Test epoch: 449 | Loss: *0.625* | Acc: *81.140%* (8114/10000)
Train epoch: 450 | Loss: *0.132* | Acc: *95.458%* (47729/50000) 
Test epoch: 450 | Loss: *0.790* | Acc: *79.170%* (7917/10000)
Train epoch: 451 | Loss: *0.143* | Acc: *95.034%* (47517/50000) 
Test epoch: 451 | Loss: *0.793* | Acc: *77.210%* (7721/10000)
Train epoch: 452 | Loss: *0.145* | Acc: *94.988%* (47494/50000) 
Test epoch: 452 | Loss: *0.880* | Acc: *76.780%* (7678/10000)
Train epoch: 453 | Loss: *0.136* | Acc: *95.236%* (47618/50000) 
Test epoch: 453 | Loss: *0.846* | Acc: *76.850%* (7685/10000)
Train epoch: 454 | Loss: *0.142* | Acc: *95.026%* (47513/50000) 
Test epoch: 454 | Loss: *0.696* | Acc: *79.100%* (7910/10000)
Train epoch: 455 | Loss: *0.138* | Acc: *95.334%* (47667/50000) 
Test epoch: 455 | Loss: *0.959* | Acc: *73.320%* (7332/10000)
Train epoch: 456 | Loss: *0.136* | Acc: *95.354%* (47677/50000) 
Test epoch: 456 | Loss: *0.836* | Acc: *76.210%* (7621/10000)
Train epoch: 457 | Loss: *0.131* | Acc: *95.546%* (47773/50000) 
Test epoch: 457 | Loss: *0.773* | Acc: *78.980%* (7898/10000)
Train epoch: 458 | Loss: *0.125* | Acc: *95.730%* (47865/50000) 
Test epoch: 458 | Loss: *0.732* | Acc: *80.140%* (8014/10000)
Train epoch: 459 | Loss: *0.135* | Acc: *95.416%* (47708/50000) 
Test epoch: 459 | Loss: *0.673* | Acc: *79.870%* (7987/10000)
Train epoch: 460 | Loss: *0.134* | Acc: *95.410%* (47705/50000) 
Test epoch: 460 | Loss: *0.851* | Acc: *76.270%* (7627/10000)
Train epoch: 461 | Loss: *0.128* | Acc: *95.608%* (47804/50000) 
Test epoch: 461 | Loss: *0.668* | Acc: *80.980%* (8098/10000)
Train epoch: 462 | Loss: *0.121* | Acc: *95.870%* (47935/50000) 
Test epoch: 462 | Loss: *0.859* | Acc: *78.750%* (7875/10000)
Train epoch: 463 | Loss: *0.128* | Acc: *95.640%* (47820/50000) 
Test epoch: 463 | Loss: *0.629* | Acc: *81.420%* (8142/10000)
Train epoch: 464 | Loss: *0.123* | Acc: *95.850%* (47925/50000) 
Test epoch: 464 | Loss: *0.687* | Acc: *79.860%* (7986/10000)
Train epoch: 465 | Loss: *0.120* | Acc: *96.052%* (48026/50000) 
Test epoch: 465 | Loss: *0.726* | Acc: *80.110%* (8011/10000)
Train epoch: 466 | Loss: *0.122* | Acc: *95.736%* (47868/50000) 
Test epoch: 466 | Loss: *0.751* | Acc: *80.230%* (8023/10000)
Train epoch: 467 | Loss: *0.117* | Acc: *96.078%* (48039/50000) 
Test epoch: 467 | Loss: *0.843* | Acc: *77.180%* (7718/10000)
Train epoch: 468 | Loss: *0.122* | Acc: *95.830%* (47915/50000) 
Test epoch: 468 | Loss: *0.717* | Acc: *79.280%* (7928/10000)
Train epoch: 469 | Loss: *0.120* | Acc: *95.932%* (47966/50000) 
Test epoch: 469 | Loss: *0.723* | Acc: *79.300%* (7930/10000)
Train epoch: 470 | Loss: *0.110* | Acc: *96.278%* (48139/50000) 
Test epoch: 470 | Loss: *0.943* | Acc: *76.280%* (7628/10000)
Train epoch: 471 | Loss: *0.125* | Acc: *95.848%* (47924/50000) 
Test epoch: 471 | Loss: *0.637* | Acc: *81.140%* (8114/10000)
Train epoch: 472 | Loss: *0.108* | Acc: *96.318%* (48159/50000) 
Test epoch: 472 | Loss: *0.802* | Acc: *79.700%* (7970/10000)
Train epoch: 473 | Loss: *0.113* | Acc: *96.230%* (48115/50000) 
Test epoch: 473 | Loss: *0.776* | Acc: *78.910%* (7891/10000)
Train epoch: 474 | Loss: *0.112* | Acc: *96.194%* (48097/50000) 
Test epoch: 474 | Loss: *1.256* | Acc: *69.360%* (6936/10000)
Train epoch: 475 | Loss: *0.106* | Acc: *96.418%* (48209/50000) 
Test epoch: 475 | Loss: *0.677* | Acc: *80.750%* (8075/10000)
Train epoch: 476 | Loss: *0.104* | Acc: *96.516%* (48258/50000) 
Test epoch: 476 | Loss: *0.865* | Acc: *78.110%* (7811/10000)
Train epoch: 477 | Loss: *0.103* | Acc: *96.500%* (48250/50000) 
Test epoch: 477 | Loss: *0.675* | Acc: *81.030%* (8103/10000)
Train epoch: 478 | Loss: *0.115* | Acc: *96.084%* (48042/50000) 
Test epoch: 478 | Loss: *1.280* | Acc: *71.330%* (7133/10000)
Train epoch: 479 | Loss: *0.097* | Acc: *96.716%* (48358/50000) 
Test epoch: 479 | Loss: *0.791* | Acc: *78.400%* (7840/10000)
Train epoch: 480 | Loss: *0.103* | Acc: *96.514%* (48257/50000) 
Test epoch: 480 | Loss: *0.852* | Acc: *77.390%* (7739/10000)
Train epoch: 481 | Loss: *0.101* | Acc: *96.602%* (48301/50000) 
Test epoch: 481 | Loss: *0.661* | Acc: *81.230%* (8123/10000)
Train epoch: 482 | Loss: *0.100* | Acc: *96.668%* (48334/50000) 
Test epoch: 482 | Loss: *0.751* | Acc: *80.100%* (8010/10000)
Train epoch: 483 | Loss: *0.091* | Acc: *97.000%* (48500/50000) 
Test epoch: 483 | Loss: *0.680* | Acc: *80.580%* (8058/10000)
Train epoch: 484 | Loss: *0.094* | Acc: *96.860%* (48430/50000) 
Test epoch: 484 | Loss: *0.775* | Acc: *78.680%* (7868/10000)
Train epoch: 485 | Loss: *0.096* | Acc: *96.788%* (48394/50000) 
Test epoch: 485 | Loss: *0.718* | Acc: *80.530%* (8053/10000)
Train epoch: 486 | Loss: *0.094* | Acc: *96.910%* (48455/50000) 
Test epoch: 486 | Loss: *0.675* | Acc: *80.370%* (8037/10000)
Train epoch: 487 | Loss: *0.090* | Acc: *97.020%* (48510/50000) 
Test epoch: 487 | Loss: *0.908* | Acc: *76.450%* (7645/10000)
Train epoch: 488 | Loss: *0.080* | Acc: *97.356%* (48678/50000) 
Test epoch: 488 | Loss: *0.733* | Acc: *79.430%* (7943/10000)
Train epoch: 489 | Loss: *0.090* | Acc: *97.006%* (48503/50000) 
Test epoch: 489 | Loss: *0.693* | Acc: *80.660%* (8066/10000)
Train epoch: 490 | Loss: *0.092* | Acc: *96.864%* (48432/50000) 
Test epoch: 490 | Loss: *1.000* | Acc: *75.560%* (7556/10000)
Train epoch: 491 | Loss: *0.085* | Acc: *97.236%* (48618/50000) 
Test epoch: 491 | Loss: *0.663* | Acc: *81.300%* (8130/10000)
Train epoch: 492 | Loss: *0.083* | Acc: *97.224%* (48612/50000) 
Test epoch: 492 | Loss: *0.709* | Acc: *80.800%* (8080/10000)
Train epoch: 493 | Loss: *0.087* | Acc: *97.152%* (48576/50000) 
Test epoch: 493 | Loss: *0.718* | Acc: *80.210%* (8021/10000)
Train epoch: 494 | Loss: *0.081* | Acc: *97.328%* (48664/50000) 
Test epoch: 494 | Loss: *0.825* | Acc: *77.520%* (7752/10000)
Train epoch: 495 | Loss: *0.078* | Acc: *97.458%* (48729/50000) 
Test epoch: 495 | Loss: *0.650* | Acc: *81.930%* (8193/10000)
Train epoch: 496 | Loss: *0.070* | Acc: *97.714%* (48857/50000) 
Test epoch: 496 | Loss: *0.694* | Acc: *80.880%* (8088/10000)
Train epoch: 497 | Loss: *0.084* | Acc: *97.170%* (48585/50000) 
Test epoch: 497 | Loss: *0.726* | Acc: *79.880%* (7988/10000)
Train epoch: 498 | Loss: *0.071* | Acc: *97.628%* (48814/50000) 
Test epoch: 498 | Loss: *0.748* | Acc: *80.820%* (8082/10000)
Train epoch: 499 | Loss: *0.063* | Acc: *97.968%* (48984/50000) 
Test epoch: 499 | Loss: *0.837* | Acc: *76.810%* (7681/10000)
Train epoch: 500 | Loss: *0.081* | Acc: *97.322%* (48661/50000) 
Test epoch: 500 | Loss: *0.867* | Acc: *78.100%* (7810/10000)
Best test accuracy: *89.070%*, loss: *0.3448806319385767*, at epoch: *124*.
==> Execution time summary of 500 epoch(s).
Train data loading time: sum. *224.63134437147528* secs | avg. *0.44926268874295056* secs per epoch.
Train training time: sum. *1102.8266838332638* secs | avg. *2.2056533676665278* secs per epoch.
Train total time: sum. *1327.458028204739* secs | avg. *2.654916056409478* secs per epoch.
Test data loading time: sum. *95.5259420638904* secs | avg. *0.1910518841277808* secs per epoch.
Test training time: sum. *77.77238786034286* secs | avg. *0.15554477572068573* secs per epoch.
Test total time: sum. *173.29832992423326* secs | avg. *0.3465966598484665* secs per epoch.
Total data loading time: sum. *320.1572864353657* secs | avg. *0.6403145728707313* secs per epoch.
Total training time: sum. *1180.5990716936067* secs | avg. *2.3611981433872136* secs per epoch.
Total running time: sum. *1500.7563581289724* secs | avg. *3.001512716257945* secs per epoch.
==> Number of GPU device: 1
==> Device 0 Memory Usage
==> Allocated: 0.1 GB
==> Cached:    1.4 GB
==> Maximum: 1.4 GB
