==> Running on : cuda
==> Number of CPU: 48
==> Number of workers: 2
==> #Epochs: 500, #Layers: 4, #Blocks: [2, 1, 1, 1], In channel: 64, Input layer conv kernel: 3x3, Residual layer conv kernel 3x3, Skip kernel: 1x1, Input layer conv padding: 1, Residual layer conv padding: 1
==> Optimizer is Adam
==> Learning rate: 0.001
==> Weight decay: 0.0005
==>Trainable Parameters: 4977226
==>Other Parameters: 0
==>Augmentation: None
Files already downloaded and verified
Train epoch: 1 | Loss: *1.252* | Acc: *54.466%* (27233/50000) 
Test epoch: 1 | Loss: *1.067* | Acc: *61.330%* (6133/10000)
Train epoch: 2 | Loss: *0.826* | Acc: *70.768%* (35384/50000) 
Test epoch: 2 | Loss: *0.788* | Acc: *72.130%* (7213/10000)
Train epoch: 3 | Loss: *0.656* | Acc: *76.926%* (38463/50000) 
Test epoch: 3 | Loss: *0.789* | Acc: *72.550%* (7255/10000)
Train epoch: 4 | Loss: *0.556* | Acc: *80.762%* (40381/50000) 
Test epoch: 4 | Loss: *0.811* | Acc: *71.610%* (7161/10000)
Train epoch: 5 | Loss: *0.478* | Acc: *83.474%* (41737/50000) 
Test epoch: 5 | Loss: *0.844* | Acc: *72.740%* (7274/10000)
Train epoch: 6 | Loss: *0.415* | Acc: *85.632%* (42816/50000) 
Test epoch: 6 | Loss: *0.716* | Acc: *75.910%* (7591/10000)
Train epoch: 7 | Loss: *0.357* | Acc: *87.624%* (43812/50000) 
Test epoch: 7 | Loss: *0.852* | Acc: *73.010%* (7301/10000)
Train epoch: 8 | Loss: *0.308* | Acc: *89.320%* (44660/50000) 
Test epoch: 8 | Loss: *0.549* | Acc: *81.250%* (8125/10000)
Train epoch: 9 | Loss: *0.266* | Acc: *90.682%* (45341/50000) 
Test epoch: 9 | Loss: *0.652* | Acc: *79.570%* (7957/10000)
Train epoch: 10 | Loss: *0.235* | Acc: *91.836%* (45918/50000) 
Test epoch: 10 | Loss: *0.572* | Acc: *81.640%* (8164/10000)
Train epoch: 11 | Loss: *0.204* | Acc: *92.944%* (46472/50000) 
Test epoch: 11 | Loss: *0.639* | Acc: *80.370%* (8037/10000)
Train epoch: 12 | Loss: *0.185* | Acc: *93.654%* (46827/50000) 
Test epoch: 12 | Loss: *0.547* | Acc: *82.840%* (8284/10000)
Train epoch: 13 | Loss: *0.163* | Acc: *94.330%* (47165/50000) 
Test epoch: 13 | Loss: *0.791* | Acc: *77.630%* (7763/10000)
Train epoch: 14 | Loss: *0.155* | Acc: *94.642%* (47321/50000) 
Test epoch: 14 | Loss: *0.746* | Acc: *79.080%* (7908/10000)
Train epoch: 15 | Loss: *0.146* | Acc: *94.896%* (47448/50000) 
Test epoch: 15 | Loss: *0.859* | Acc: *77.270%* (7727/10000)
Train epoch: 16 | Loss: *0.138* | Acc: *95.340%* (47670/50000) 
Test epoch: 16 | Loss: *0.598* | Acc: *82.240%* (8224/10000)
Train epoch: 17 | Loss: *0.128* | Acc: *95.556%* (47778/50000) 
Test epoch: 17 | Loss: *0.724* | Acc: *78.980%* (7898/10000)
Train epoch: 18 | Loss: *0.123* | Acc: *95.854%* (47927/50000) 
Test epoch: 18 | Loss: *0.679* | Acc: *80.730%* (8073/10000)
Train epoch: 19 | Loss: *0.126* | Acc: *95.700%* (47850/50000) 
Test epoch: 19 | Loss: *0.742* | Acc: *79.630%* (7963/10000)
Train epoch: 20 | Loss: *0.110* | Acc: *96.334%* (48167/50000) 
Test epoch: 20 | Loss: *0.681* | Acc: *80.470%* (8047/10000)
Train epoch: 21 | Loss: *0.114* | Acc: *96.100%* (48050/50000) 
Test epoch: 21 | Loss: *0.629* | Acc: *81.900%* (8190/10000)
Train epoch: 22 | Loss: *0.113* | Acc: *96.242%* (48121/50000) 
Test epoch: 22 | Loss: *0.761* | Acc: *79.320%* (7932/10000)
Train epoch: 23 | Loss: *0.104* | Acc: *96.474%* (48237/50000) 
Test epoch: 23 | Loss: *0.655* | Acc: *80.930%* (8093/10000)
Train epoch: 24 | Loss: *0.112* | Acc: *96.080%* (48040/50000) 
Test epoch: 24 | Loss: *0.605* | Acc: *83.090%* (8309/10000)
Train epoch: 25 | Loss: *0.101* | Acc: *96.548%* (48274/50000) 
Test epoch: 25 | Loss: *0.666* | Acc: *81.960%* (8196/10000)
Train epoch: 26 | Loss: *0.098* | Acc: *96.748%* (48374/50000) 
Test epoch: 26 | Loss: *0.702* | Acc: *81.010%* (8101/10000)
Train epoch: 27 | Loss: *0.100* | Acc: *96.560%* (48280/50000) 
Test epoch: 27 | Loss: *0.651* | Acc: *81.990%* (8199/10000)
Train epoch: 28 | Loss: *0.092* | Acc: *96.982%* (48491/50000) 
Test epoch: 28 | Loss: *0.739* | Acc: *80.560%* (8056/10000)
Train epoch: 29 | Loss: *0.105* | Acc: *96.466%* (48233/50000) 
Test epoch: 29 | Loss: *0.701* | Acc: *80.950%* (8095/10000)
Train epoch: 30 | Loss: *0.084* | Acc: *97.266%* (48633/50000) 
Test epoch: 30 | Loss: *0.673* | Acc: *81.090%* (8109/10000)
Train epoch: 31 | Loss: *0.098* | Acc: *96.706%* (48353/50000) 
Test epoch: 31 | Loss: *0.620* | Acc: *82.460%* (8246/10000)
Train epoch: 32 | Loss: *0.089* | Acc: *97.064%* (48532/50000) 
Test epoch: 32 | Loss: *0.703* | Acc: *81.540%* (8154/10000)
Train epoch: 33 | Loss: *0.088* | Acc: *97.032%* (48516/50000) 
Test epoch: 33 | Loss: *0.763* | Acc: *79.810%* (7981/10000)
Train epoch: 34 | Loss: *0.084* | Acc: *97.234%* (48617/50000) 
Test epoch: 34 | Loss: *0.710* | Acc: *80.590%* (8059/10000)
Train epoch: 35 | Loss: *0.090* | Acc: *96.922%* (48461/50000) 
Test epoch: 35 | Loss: *0.653* | Acc: *82.510%* (8251/10000)
Train epoch: 36 | Loss: *0.082* | Acc: *97.156%* (48578/50000) 
Test epoch: 36 | Loss: *0.724* | Acc: *80.690%* (8069/10000)
Train epoch: 37 | Loss: *0.077* | Acc: *97.442%* (48721/50000) 
Test epoch: 37 | Loss: *0.704* | Acc: *81.500%* (8150/10000)
Train epoch: 38 | Loss: *0.086* | Acc: *97.038%* (48519/50000) 
Test epoch: 38 | Loss: *0.722* | Acc: *80.830%* (8083/10000)
Train epoch: 39 | Loss: *0.084* | Acc: *97.256%* (48628/50000) 
Test epoch: 39 | Loss: *0.688* | Acc: *80.860%* (8086/10000)
Train epoch: 40 | Loss: *0.076* | Acc: *97.554%* (48777/50000) 
Test epoch: 40 | Loss: *0.738* | Acc: *81.030%* (8103/10000)
Train epoch: 41 | Loss: *0.081* | Acc: *97.302%* (48651/50000) 
Test epoch: 41 | Loss: *0.719* | Acc: *80.450%* (8045/10000)
Train epoch: 42 | Loss: *0.071* | Acc: *97.694%* (48847/50000) 
Test epoch: 42 | Loss: *0.688* | Acc: *81.630%* (8163/10000)
Train epoch: 43 | Loss: *0.082* | Acc: *97.250%* (48625/50000) 
Test epoch: 43 | Loss: *0.658* | Acc: *82.180%* (8218/10000)
Train epoch: 44 | Loss: *0.076* | Acc: *97.512%* (48756/50000) 
Test epoch: 44 | Loss: *0.667* | Acc: *81.960%* (8196/10000)
Train epoch: 45 | Loss: *0.073* | Acc: *97.642%* (48821/50000) 
Test epoch: 45 | Loss: *0.668* | Acc: *82.360%* (8236/10000)
Train epoch: 46 | Loss: *0.077* | Acc: *97.428%* (48714/50000) 
Test epoch: 46 | Loss: *0.718* | Acc: *81.720%* (8172/10000)
Train epoch: 47 | Loss: *0.070* | Acc: *97.772%* (48886/50000) 
Test epoch: 47 | Loss: *0.654* | Acc: *82.590%* (8259/10000)
Train epoch: 48 | Loss: *0.065* | Acc: *97.874%* (48937/50000) 
Test epoch: 48 | Loss: *0.658* | Acc: *82.630%* (8263/10000)
Train epoch: 49 | Loss: *0.074* | Acc: *97.584%* (48792/50000) 
Test epoch: 49 | Loss: *0.748* | Acc: *80.200%* (8020/10000)
Train epoch: 50 | Loss: *0.073* | Acc: *97.616%* (48808/50000) 
Test epoch: 50 | Loss: *0.752* | Acc: *80.110%* (8011/10000)
Train epoch: 51 | Loss: *0.064* | Acc: *97.964%* (48982/50000) 
Test epoch: 51 | Loss: *0.667* | Acc: *82.070%* (8207/10000)
Train epoch: 52 | Loss: *0.067* | Acc: *97.838%* (48919/50000) 
Test epoch: 52 | Loss: *0.721* | Acc: *81.460%* (8146/10000)
Train epoch: 53 | Loss: *0.068* | Acc: *97.766%* (48883/50000) 
Test epoch: 53 | Loss: *0.681* | Acc: *81.830%* (8183/10000)
Train epoch: 54 | Loss: *0.064* | Acc: *97.974%* (48987/50000) 
Test epoch: 54 | Loss: *0.695* | Acc: *81.840%* (8184/10000)
Train epoch: 55 | Loss: *0.064* | Acc: *97.946%* (48973/50000) 
Test epoch: 55 | Loss: *0.689* | Acc: *82.190%* (8219/10000)
Train epoch: 56 | Loss: *0.066* | Acc: *97.900%* (48950/50000) 
Test epoch: 56 | Loss: *0.644* | Acc: *82.900%* (8290/10000)
Train epoch: 57 | Loss: *0.064* | Acc: *97.936%* (48968/50000) 
Test epoch: 57 | Loss: *0.717* | Acc: *81.530%* (8153/10000)
Train epoch: 58 | Loss: *0.062* | Acc: *98.034%* (49017/50000) 
Test epoch: 58 | Loss: *0.683* | Acc: *81.870%* (8187/10000)
Train epoch: 59 | Loss: *0.057* | Acc: *98.210%* (49105/50000) 
Test epoch: 59 | Loss: *0.679* | Acc: *82.030%* (8203/10000)
Train epoch: 60 | Loss: *0.062* | Acc: *98.076%* (49038/50000) 
Test epoch: 60 | Loss: *0.695* | Acc: *81.850%* (8185/10000)
Train epoch: 61 | Loss: *0.058* | Acc: *98.142%* (49071/50000) 
Test epoch: 61 | Loss: *0.683* | Acc: *82.000%* (8200/10000)
Train epoch: 62 | Loss: *0.062* | Acc: *97.986%* (48993/50000) 
Test epoch: 62 | Loss: *0.656* | Acc: *83.330%* (8333/10000)
Train epoch: 63 | Loss: *0.052* | Acc: *98.374%* (49187/50000) 
Test epoch: 63 | Loss: *0.737* | Acc: *81.910%* (8191/10000)
Train epoch: 64 | Loss: *0.053* | Acc: *98.302%* (49151/50000) 
Test epoch: 64 | Loss: *0.677* | Acc: *82.140%* (8214/10000)
Train epoch: 65 | Loss: *0.061* | Acc: *98.054%* (49027/50000) 
Test epoch: 65 | Loss: *0.698* | Acc: *82.420%* (8242/10000)
Train epoch: 66 | Loss: *0.055* | Acc: *98.348%* (49174/50000) 
Test epoch: 66 | Loss: *0.692* | Acc: *82.070%* (8207/10000)
Train epoch: 67 | Loss: *0.058* | Acc: *98.160%* (49080/50000) 
Test epoch: 67 | Loss: *0.676* | Acc: *82.490%* (8249/10000)
Train epoch: 68 | Loss: *0.054* | Acc: *98.298%* (49149/50000) 
Test epoch: 68 | Loss: *0.715* | Acc: *81.730%* (8173/10000)
Train epoch: 69 | Loss: *0.047* | Acc: *98.524%* (49262/50000) 
Test epoch: 69 | Loss: *0.669* | Acc: *82.580%* (8258/10000)
Train epoch: 70 | Loss: *0.049* | Acc: *98.504%* (49252/50000) 
Test epoch: 70 | Loss: *0.732* | Acc: *82.260%* (8226/10000)
Train epoch: 71 | Loss: *0.048* | Acc: *98.524%* (49262/50000) 
Test epoch: 71 | Loss: *0.720* | Acc: *82.070%* (8207/10000)
Train epoch: 72 | Loss: *0.059* | Acc: *98.100%* (49050/50000) 
Test epoch: 72 | Loss: *0.709* | Acc: *82.120%* (8212/10000)
Train epoch: 73 | Loss: *0.044* | Acc: *98.702%* (49351/50000) 
Test epoch: 73 | Loss: *0.698* | Acc: *82.070%* (8207/10000)
Train epoch: 74 | Loss: *0.055* | Acc: *98.192%* (49096/50000) 
Test epoch: 74 | Loss: *0.695* | Acc: *82.080%* (8208/10000)
Train epoch: 75 | Loss: *0.051* | Acc: *98.348%* (49174/50000) 
Test epoch: 75 | Loss: *0.644* | Acc: *83.210%* (8321/10000)
Train epoch: 76 | Loss: *0.038* | Acc: *98.888%* (49444/50000) 
Test epoch: 76 | Loss: *0.874* | Acc: *79.500%* (7950/10000)
Train epoch: 77 | Loss: *0.043* | Acc: *98.756%* (49378/50000) 
Test epoch: 77 | Loss: *0.762* | Acc: *81.220%* (8122/10000)
Train epoch: 78 | Loss: *0.045* | Acc: *98.562%* (49281/50000) 
Test epoch: 78 | Loss: *0.714* | Acc: *82.270%* (8227/10000)
Train epoch: 79 | Loss: *0.041* | Acc: *98.750%* (49375/50000) 
Test epoch: 79 | Loss: *0.698* | Acc: *82.630%* (8263/10000)
Train epoch: 80 | Loss: *0.051* | Acc: *98.418%* (49209/50000) 
Test epoch: 80 | Loss: *0.780* | Acc: *81.220%* (8122/10000)
Train epoch: 81 | Loss: *0.044* | Acc: *98.700%* (49350/50000) 
Test epoch: 81 | Loss: *0.626* | Acc: *83.610%* (8361/10000)
Train epoch: 82 | Loss: *0.037* | Acc: *98.936%* (49468/50000) 
Test epoch: 82 | Loss: *0.687* | Acc: *82.750%* (8275/10000)
Train epoch: 83 | Loss: *0.039* | Acc: *98.792%* (49396/50000) 
Test epoch: 83 | Loss: *0.677* | Acc: *82.810%* (8281/10000)
Train epoch: 84 | Loss: *0.043* | Acc: *98.722%* (49361/50000) 
Test epoch: 84 | Loss: *0.710* | Acc: *81.590%* (8159/10000)
Train epoch: 85 | Loss: *0.041* | Acc: *98.826%* (49413/50000) 
Test epoch: 85 | Loss: *0.636* | Acc: *83.470%* (8347/10000)
Train epoch: 86 | Loss: *0.031* | Acc: *99.094%* (49547/50000) 
Test epoch: 86 | Loss: *0.645* | Acc: *83.220%* (8322/10000)
Train epoch: 87 | Loss: *0.034* | Acc: *98.992%* (49496/50000) 
Test epoch: 87 | Loss: *0.675* | Acc: *83.050%* (8305/10000)
Train epoch: 88 | Loss: *0.047* | Acc: *98.544%* (49272/50000) 
Test epoch: 88 | Loss: *0.650* | Acc: *83.480%* (8348/10000)
Train epoch: 89 | Loss: *0.036* | Acc: *99.004%* (49502/50000) 
Test epoch: 89 | Loss: *0.657* | Acc: *82.770%* (8277/10000)
Train epoch: 90 | Loss: *0.036* | Acc: *99.010%* (49505/50000) 
Test epoch: 90 | Loss: *0.630* | Acc: *83.680%* (8368/10000)
Train epoch: 91 | Loss: *0.033* | Acc: *99.076%* (49538/50000) 
Test epoch: 91 | Loss: *0.641* | Acc: *83.670%* (8367/10000)
Train epoch: 92 | Loss: *0.035* | Acc: *98.964%* (49482/50000) 
Test epoch: 92 | Loss: *0.686* | Acc: *82.620%* (8262/10000)
Train epoch: 93 | Loss: *0.043* | Acc: *98.742%* (49371/50000) 
Test epoch: 93 | Loss: *0.712* | Acc: *82.470%* (8247/10000)
Train epoch: 94 | Loss: *0.030* | Acc: *99.142%* (49571/50000) 
Test epoch: 94 | Loss: *0.628* | Acc: *83.720%* (8372/10000)
Train epoch: 95 | Loss: *0.023* | Acc: *99.386%* (49693/50000) 
Test epoch: 95 | Loss: *0.632* | Acc: *83.350%* (8335/10000)
Train epoch: 96 | Loss: *0.032* | Acc: *99.114%* (49557/50000) 
Test epoch: 96 | Loss: *0.691* | Acc: *82.020%* (8202/10000)
Train epoch: 97 | Loss: *0.032* | Acc: *99.130%* (49565/50000) 
Test epoch: 97 | Loss: *0.643* | Acc: *83.730%* (8373/10000)
Train epoch: 98 | Loss: *0.026* | Acc: *99.356%* (49678/50000) 
Test epoch: 98 | Loss: *0.715* | Acc: *82.110%* (8211/10000)
Train epoch: 99 | Loss: *0.031* | Acc: *99.102%* (49551/50000) 
Test epoch: 99 | Loss: *0.651* | Acc: *83.430%* (8343/10000)
Train epoch: 100 | Loss: *0.036* | Acc: *98.926%* (49463/50000) 
Test epoch: 100 | Loss: *0.705* | Acc: *82.820%* (8282/10000)
Train epoch: 101 | Loss: *0.031* | Acc: *99.118%* (49559/50000) 
Test epoch: 101 | Loss: *0.653* | Acc: *83.070%* (8307/10000)
Train epoch: 102 | Loss: *0.020* | Acc: *99.564%* (49782/50000) 
Test epoch: 102 | Loss: *0.644* | Acc: *83.840%* (8384/10000)
Train epoch: 103 | Loss: *0.017* | Acc: *99.648%* (49824/50000) 
Test epoch: 103 | Loss: *0.638* | Acc: *83.420%* (8342/10000)
Train epoch: 104 | Loss: *0.025* | Acc: *99.346%* (49673/50000) 
Test epoch: 104 | Loss: *0.659* | Acc: *83.350%* (8335/10000)
Train epoch: 105 | Loss: *0.041* | Acc: *98.718%* (49359/50000) 
Test epoch: 105 | Loss: *0.680* | Acc: *82.720%* (8272/10000)
Train epoch: 106 | Loss: *0.033* | Acc: *99.060%* (49530/50000) 
Test epoch: 106 | Loss: *0.685* | Acc: *82.790%* (8279/10000)
Train epoch: 107 | Loss: *0.018* | Acc: *99.588%* (49794/50000) 
Test epoch: 107 | Loss: *0.630* | Acc: *84.240%* (8424/10000)
Train epoch: 108 | Loss: *0.013* | Acc: *99.756%* (49878/50000) 
Test epoch: 108 | Loss: *0.623* | Acc: *84.330%* (8433/10000)
Train epoch: 109 | Loss: *0.012* | Acc: *99.792%* (49896/50000) 
Test epoch: 109 | Loss: *0.655* | Acc: *82.930%* (8293/10000)
Train epoch: 110 | Loss: *0.028* | Acc: *99.220%* (49610/50000) 
Test epoch: 110 | Loss: *0.689* | Acc: *82.760%* (8276/10000)
Train epoch: 111 | Loss: *0.044* | Acc: *98.642%* (49321/50000) 
Test epoch: 111 | Loss: *0.653* | Acc: *83.050%* (8305/10000)
Train epoch: 112 | Loss: *0.028* | Acc: *99.258%* (49629/50000) 
Test epoch: 112 | Loss: *0.577* | Acc: *84.960%* (8496/10000)
Train epoch: 113 | Loss: *0.013* | Acc: *99.772%* (49886/50000) 
Test epoch: 113 | Loss: *0.602* | Acc: *84.630%* (8463/10000)
Train epoch: 114 | Loss: *0.008* | Acc: *99.900%* (49950/50000) 
Test epoch: 114 | Loss: *0.581* | Acc: *85.440%* (8544/10000)
Train epoch: 115 | Loss: *0.005* | Acc: *99.976%* (49988/50000) 
Test epoch: 115 | Loss: *0.562* | Acc: *85.420%* (8542/10000)
Train epoch: 116 | Loss: *0.004* | Acc: *99.996%* (49998/50000) 
Test epoch: 116 | Loss: *0.533* | Acc: *85.400%* (8540/10000)
Train epoch: 117 | Loss: *0.003* | Acc: *100.000%* (50000/50000) 
Test epoch: 117 | Loss: *0.530* | Acc: *85.190%* (8519/10000)
Train epoch: 118 | Loss: *0.005* | Acc: *99.986%* (49993/50000) 
Test epoch: 118 | Loss: *0.534* | Acc: *85.040%* (8504/10000)
Train epoch: 119 | Loss: *0.092* | Acc: *97.040%* (48520/50000) 
Test epoch: 119 | Loss: *0.596* | Acc: *82.290%* (8229/10000)
Train epoch: 120 | Loss: *0.072* | Acc: *97.834%* (48917/50000) 
Test epoch: 120 | Loss: *0.601* | Acc: *83.700%* (8370/10000)
Train epoch: 121 | Loss: *0.018* | Acc: *99.626%* (49813/50000) 
Test epoch: 121 | Loss: *0.566* | Acc: *84.640%* (8464/10000)
Train epoch: 122 | Loss: *0.008* | Acc: *99.928%* (49964/50000) 
Test epoch: 122 | Loss: *0.558* | Acc: *85.220%* (8522/10000)
Train epoch: 123 | Loss: *0.004* | Acc: *99.986%* (49993/50000) 
Test epoch: 123 | Loss: *0.582* | Acc: *84.630%* (8463/10000)
Train epoch: 124 | Loss: *0.003* | Acc: *99.998%* (49999/50000) 
Test epoch: 124 | Loss: *0.540* | Acc: *85.200%* (8520/10000)
Train epoch: 125 | Loss: *0.003* | Acc: *100.000%* (50000/50000) 
Test epoch: 125 | Loss: *0.534* | Acc: *85.090%* (8509/10000)
Train epoch: 126 | Loss: *0.003* | Acc: *100.000%* (50000/50000) 
Test epoch: 126 | Loss: *0.527* | Acc: *85.150%* (8515/10000)
Train epoch: 127 | Loss: *0.003* | Acc: *99.998%* (49999/50000) 
Test epoch: 127 | Loss: *0.533* | Acc: *85.200%* (8520/10000)
Train epoch: 128 | Loss: *0.093* | Acc: *97.078%* (48539/50000) 
Test epoch: 128 | Loss: *0.613* | Acc: *82.150%* (8215/10000)
Train epoch: 129 | Loss: *0.045* | Acc: *98.758%* (49379/50000) 
Test epoch: 129 | Loss: *0.606* | Acc: *84.050%* (8405/10000)
Train epoch: 130 | Loss: *0.014* | Acc: *99.766%* (49883/50000) 
Test epoch: 130 | Loss: *0.561* | Acc: *84.980%* (8498/10000)
Train epoch: 131 | Loss: *0.006* | Acc: *99.970%* (49985/50000) 
Test epoch: 131 | Loss: *0.551* | Acc: *85.550%* (8555/10000)
Train epoch: 132 | Loss: *0.003* | Acc: *99.996%* (49998/50000) 
Test epoch: 132 | Loss: *0.542* | Acc: *85.620%* (8562/10000)
Train epoch: 133 | Loss: *0.003* | Acc: *99.998%* (49999/50000) 
Test epoch: 133 | Loss: *0.527* | Acc: *85.760%* (8576/10000)
Train epoch: 134 | Loss: *0.003* | Acc: *99.998%* (49999/50000) 
Test epoch: 134 | Loss: *0.528* | Acc: *85.500%* (8550/10000)
Train epoch: 135 | Loss: *0.003* | Acc: *100.000%* (50000/50000) 
Test epoch: 135 | Loss: *0.518* | Acc: *85.480%* (8548/10000)
Train epoch: 136 | Loss: *0.003* | Acc: *100.000%* (50000/50000) 
Test epoch: 136 | Loss: *0.519* | Acc: *85.400%* (8540/10000)
Train epoch: 137 | Loss: *0.003* | Acc: *100.000%* (50000/50000) 
Test epoch: 137 | Loss: *0.522* | Acc: *85.210%* (8521/10000)
Train epoch: 138 | Loss: *0.071* | Acc: *97.752%* (48876/50000) 
Test epoch: 138 | Loss: *0.625* | Acc: *82.410%* (8241/10000)
Train epoch: 139 | Loss: *0.032* | Acc: *99.252%* (49626/50000) 
Test epoch: 139 | Loss: *0.573* | Acc: *84.350%* (8435/10000)
Train epoch: 140 | Loss: *0.009* | Acc: *99.894%* (49947/50000) 
Test epoch: 140 | Loss: *0.550* | Acc: *85.120%* (8512/10000)
Train epoch: 141 | Loss: *0.004* | Acc: *99.980%* (49990/50000) 
Test epoch: 141 | Loss: *0.546* | Acc: *85.240%* (8524/10000)
Train epoch: 142 | Loss: *0.003* | Acc: *100.000%* (50000/50000) 
Test epoch: 142 | Loss: *0.533* | Acc: *85.420%* (8542/10000)
Train epoch: 143 | Loss: *0.003* | Acc: *100.000%* (50000/50000) 
Test epoch: 143 | Loss: *0.532* | Acc: *85.260%* (8526/10000)
Train epoch: 144 | Loss: *0.003* | Acc: *100.000%* (50000/50000) 
Test epoch: 144 | Loss: *0.524* | Acc: *85.100%* (8510/10000)
Train epoch: 145 | Loss: *0.003* | Acc: *100.000%* (50000/50000) 
Test epoch: 145 | Loss: *0.529* | Acc: *85.180%* (8518/10000)
Train epoch: 146 | Loss: *0.003* | Acc: *99.998%* (49999/50000) 
Test epoch: 146 | Loss: *0.523* | Acc: *85.330%* (8533/10000)
Train epoch: 147 | Loss: *0.003* | Acc: *100.000%* (50000/50000) 
Test epoch: 147 | Loss: *0.535* | Acc: *84.730%* (8473/10000)
Train epoch: 148 | Loss: *0.003* | Acc: *100.000%* (50000/50000) 
Test epoch: 148 | Loss: *0.532* | Acc: *84.930%* (8493/10000)
Train epoch: 149 | Loss: *0.031* | Acc: *99.188%* (49594/50000) 
Test epoch: 149 | Loss: *0.656* | Acc: *81.280%* (8128/10000)
Train epoch: 150 | Loss: *0.034* | Acc: *99.096%* (49548/50000) 
Test epoch: 150 | Loss: *0.573* | Acc: *84.100%* (8410/10000)
Train epoch: 151 | Loss: *0.008* | Acc: *99.948%* (49974/50000) 
Test epoch: 151 | Loss: *0.562* | Acc: *84.680%* (8468/10000)
Train epoch: 152 | Loss: *0.004* | Acc: *99.998%* (49999/50000) 
Test epoch: 152 | Loss: *0.555* | Acc: *84.840%* (8484/10000)
Train epoch: 153 | Loss: *0.003* | Acc: *99.998%* (49999/50000) 
Test epoch: 153 | Loss: *0.541* | Acc: *85.190%* (8519/10000)
Train epoch: 154 | Loss: *0.002* | Acc: *100.000%* (50000/50000) 
Test epoch: 154 | Loss: *0.534* | Acc: *85.240%* (8524/10000)
Train epoch: 155 | Loss: *0.002* | Acc: *100.000%* (50000/50000) 
Test epoch: 155 | Loss: *0.533* | Acc: *85.140%* (8514/10000)
Train epoch: 156 | Loss: *0.002* | Acc: *100.000%* (50000/50000) 
Test epoch: 156 | Loss: *0.529* | Acc: *85.070%* (8507/10000)
Train epoch: 157 | Loss: *0.002* | Acc: *100.000%* (50000/50000) 
Test epoch: 157 | Loss: *0.534* | Acc: *85.180%* (8518/10000)
Train epoch: 158 | Loss: *0.003* | Acc: *100.000%* (50000/50000) 
Test epoch: 158 | Loss: *0.525* | Acc: *85.120%* (8512/10000)
Train epoch: 159 | Loss: *0.003* | Acc: *100.000%* (50000/50000) 
Test epoch: 159 | Loss: *0.523* | Acc: *85.150%* (8515/10000)
Train epoch: 160 | Loss: *0.003* | Acc: *100.000%* (50000/50000) 
Test epoch: 160 | Loss: *0.531* | Acc: *84.720%* (8472/10000)
Train epoch: 161 | Loss: *0.003* | Acc: *100.000%* (50000/50000) 
Test epoch: 161 | Loss: *0.533* | Acc: *84.780%* (8478/10000)
Train epoch: 162 | Loss: *0.003* | Acc: *100.000%* (50000/50000) 
Test epoch: 162 | Loss: *0.528* | Acc: *85.120%* (8512/10000)
Train epoch: 163 | Loss: *0.003* | Acc: *100.000%* (50000/50000) 
Test epoch: 163 | Loss: *0.524* | Acc: *84.830%* (8483/10000)
Train epoch: 164 | Loss: *0.003* | Acc: *100.000%* (50000/50000) 
Test epoch: 164 | Loss: *0.559* | Acc: *83.970%* (8397/10000)
Train epoch: 165 | Loss: *0.014* | Acc: *99.800%* (49900/50000) 
Test epoch: 165 | Loss: *0.601* | Acc: *83.440%* (8344/10000)
Train epoch: 166 | Loss: *0.008* | Acc: *99.932%* (49966/50000) 
Test epoch: 166 | Loss: *0.566* | Acc: *84.390%* (8439/10000)
Train epoch: 167 | Loss: *0.003* | Acc: *99.998%* (49999/50000) 
Test epoch: 167 | Loss: *0.540* | Acc: *84.810%* (8481/10000)
Train epoch: 168 | Loss: *0.002* | Acc: *100.000%* (50000/50000) 
Test epoch: 168 | Loss: *0.531* | Acc: *84.850%* (8485/10000)
Train epoch: 169 | Loss: *0.002* | Acc: *100.000%* (50000/50000) 
Test epoch: 169 | Loss: *0.527* | Acc: *84.910%* (8491/10000)
Train epoch: 170 | Loss: *0.002* | Acc: *100.000%* (50000/50000) 
Test epoch: 170 | Loss: *0.524* | Acc: *84.990%* (8499/10000)
Train epoch: 171 | Loss: *0.002* | Acc: *100.000%* (50000/50000) 
Test epoch: 171 | Loss: *0.521* | Acc: *85.040%* (8504/10000)
Train epoch: 172 | Loss: *0.002* | Acc: *100.000%* (50000/50000) 
Test epoch: 172 | Loss: *0.521* | Acc: *84.940%* (8494/10000)
Train epoch: 173 | Loss: *0.002* | Acc: *100.000%* (50000/50000) 
Test epoch: 173 | Loss: *0.525* | Acc: *84.770%* (8477/10000)
Train epoch: 174 | Loss: *0.002* | Acc: *100.000%* (50000/50000) 
Test epoch: 174 | Loss: *0.522* | Acc: *84.810%* (8481/10000)
Train epoch: 175 | Loss: *0.002* | Acc: *100.000%* (50000/50000) 
Test epoch: 175 | Loss: *0.522* | Acc: *84.630%* (8463/10000)
Train epoch: 176 | Loss: *0.002* | Acc: *100.000%* (50000/50000) 
Test epoch: 176 | Loss: *0.522* | Acc: *84.960%* (8496/10000)
Train epoch: 177 | Loss: *0.002* | Acc: *100.000%* (50000/50000) 
Test epoch: 177 | Loss: *0.521* | Acc: *84.730%* (8473/10000)
Train epoch: 178 | Loss: *0.002* | Acc: *100.000%* (50000/50000) 
Test epoch: 178 | Loss: *0.519* | Acc: *84.940%* (8494/10000)
Train epoch: 179 | Loss: *0.002* | Acc: *100.000%* (50000/50000) 
Test epoch: 179 | Loss: *0.521* | Acc: *84.770%* (8477/10000)
Train epoch: 180 | Loss: *0.002* | Acc: *100.000%* (50000/50000) 
Test epoch: 180 | Loss: *0.525* | Acc: *84.830%* (8483/10000)
Train epoch: 181 | Loss: *0.002* | Acc: *100.000%* (50000/50000) 
Test epoch: 181 | Loss: *0.524* | Acc: *84.490%* (8449/10000)
Train epoch: 182 | Loss: *0.002* | Acc: *100.000%* (50000/50000) 
Test epoch: 182 | Loss: *0.523* | Acc: *84.720%* (8472/10000)
Train epoch: 183 | Loss: *0.002* | Acc: *100.000%* (50000/50000) 
Test epoch: 183 | Loss: *0.526* | Acc: *84.500%* (8450/10000)
Train epoch: 184 | Loss: *0.002* | Acc: *100.000%* (50000/50000) 
Test epoch: 184 | Loss: *0.527* | Acc: *84.470%* (8447/10000)
Train epoch: 185 | Loss: *0.002* | Acc: *100.000%* (50000/50000) 
Test epoch: 185 | Loss: *0.529* | Acc: *84.370%* (8437/10000)
Train epoch: 186 | Loss: *0.002* | Acc: *100.000%* (50000/50000) 
Test epoch: 186 | Loss: *0.527* | Acc: *84.190%* (8419/10000)
Train epoch: 187 | Loss: *0.002* | Acc: *100.000%* (50000/50000) 
Test epoch: 187 | Loss: *0.527* | Acc: *84.280%* (8428/10000)
Train epoch: 188 | Loss: *0.002* | Acc: *100.000%* (50000/50000) 
Test epoch: 188 | Loss: *0.527* | Acc: *84.470%* (8447/10000)
Train epoch: 189 | Loss: *0.002* | Acc: *100.000%* (50000/50000) 
Test epoch: 189 | Loss: *0.531* | Acc: *84.300%* (8430/10000)
Train epoch: 190 | Loss: *0.002* | Acc: *100.000%* (50000/50000) 
Test epoch: 190 | Loss: *0.531* | Acc: *84.160%* (8416/10000)
Train epoch: 191 | Loss: *0.002* | Acc: *100.000%* (50000/50000) 
Test epoch: 191 | Loss: *0.531* | Acc: *84.120%* (8412/10000)
Train epoch: 192 | Loss: *0.002* | Acc: *100.000%* (50000/50000) 
Test epoch: 192 | Loss: *0.533* | Acc: *84.210%* (8421/10000)
Train epoch: 193 | Loss: *0.002* | Acc: *100.000%* (50000/50000) 
Test epoch: 193 | Loss: *0.530* | Acc: *84.270%* (8427/10000)
Train epoch: 194 | Loss: *0.002* | Acc: *100.000%* (50000/50000) 
Test epoch: 194 | Loss: *0.536* | Acc: *84.090%* (8409/10000)
Train epoch: 195 | Loss: *0.002* | Acc: *100.000%* (50000/50000) 
Test epoch: 195 | Loss: *0.530* | Acc: *84.240%* (8424/10000)
Train epoch: 196 | Loss: *0.002* | Acc: *100.000%* (50000/50000) 
Test epoch: 196 | Loss: *0.533* | Acc: *84.230%* (8423/10000)
Train epoch: 197 | Loss: *0.002* | Acc: *100.000%* (50000/50000) 
Test epoch: 197 | Loss: *0.532* | Acc: *84.240%* (8424/10000)
Train epoch: 198 | Loss: *0.002* | Acc: *100.000%* (50000/50000) 
Test epoch: 198 | Loss: *0.530* | Acc: *84.160%* (8416/10000)
Train epoch: 199 | Loss: *0.002* | Acc: *100.000%* (50000/50000) 
Test epoch: 199 | Loss: *0.529* | Acc: *84.290%* (8429/10000)
Train epoch: 200 | Loss: *0.002* | Acc: *100.000%* (50000/50000) 
Test epoch: 200 | Loss: *0.530* | Acc: *84.200%* (8420/10000)
Train epoch: 201 | Loss: *0.002* | Acc: *100.000%* (50000/50000) 
Test epoch: 201 | Loss: *0.532* | Acc: *84.240%* (8424/10000)
Train epoch: 202 | Loss: *0.002* | Acc: *100.000%* (50000/50000) 
Test epoch: 202 | Loss: *0.532* | Acc: *84.250%* (8425/10000)
Train epoch: 203 | Loss: *0.002* | Acc: *100.000%* (50000/50000) 
Test epoch: 203 | Loss: *0.530* | Acc: *84.260%* (8426/10000)
Train epoch: 204 | Loss: *0.002* | Acc: *100.000%* (50000/50000) 
Test epoch: 204 | Loss: *0.530* | Acc: *84.380%* (8438/10000)
Train epoch: 205 | Loss: *0.002* | Acc: *100.000%* (50000/50000) 
Test epoch: 205 | Loss: *0.531* | Acc: *84.130%* (8413/10000)
Train epoch: 206 | Loss: *0.002* | Acc: *100.000%* (50000/50000) 
Test epoch: 206 | Loss: *0.534* | Acc: *84.220%* (8422/10000)
Train epoch: 207 | Loss: *0.002* | Acc: *100.000%* (50000/50000) 
Test epoch: 207 | Loss: *0.532* | Acc: *84.160%* (8416/10000)
Train epoch: 208 | Loss: *0.002* | Acc: *100.000%* (50000/50000) 
Test epoch: 208 | Loss: *0.533* | Acc: *84.120%* (8412/10000)
Train epoch: 209 | Loss: *0.002* | Acc: *100.000%* (50000/50000) 
Test epoch: 209 | Loss: *0.532* | Acc: *84.240%* (8424/10000)
Train epoch: 210 | Loss: *0.002* | Acc: *100.000%* (50000/50000) 
Test epoch: 210 | Loss: *0.534* | Acc: *84.130%* (8413/10000)
Train epoch: 211 | Loss: *0.002* | Acc: *100.000%* (50000/50000) 
Test epoch: 211 | Loss: *0.535* | Acc: *84.140%* (8414/10000)
Train epoch: 212 | Loss: *0.002* | Acc: *100.000%* (50000/50000) 
Test epoch: 212 | Loss: *0.535* | Acc: *84.070%* (8407/10000)
Train epoch: 213 | Loss: *0.002* | Acc: *100.000%* (50000/50000) 
Test epoch: 213 | Loss: *0.534* | Acc: *84.110%* (8411/10000)
Train epoch: 214 | Loss: *0.002* | Acc: *100.000%* (50000/50000) 
Test epoch: 214 | Loss: *0.535* | Acc: *84.130%* (8413/10000)
Train epoch: 215 | Loss: *0.002* | Acc: *100.000%* (50000/50000) 
Test epoch: 215 | Loss: *0.539* | Acc: *83.830%* (8383/10000)
Train epoch: 216 | Loss: *0.002* | Acc: *100.000%* (50000/50000) 
Test epoch: 216 | Loss: *0.539* | Acc: *83.950%* (8395/10000)
Train epoch: 217 | Loss: *0.002* | Acc: *100.000%* (50000/50000) 
Test epoch: 217 | Loss: *0.540* | Acc: *83.970%* (8397/10000)
Train epoch: 218 | Loss: *0.002* | Acc: *100.000%* (50000/50000) 
Test epoch: 218 | Loss: *0.548* | Acc: *83.830%* (8383/10000)
Train epoch: 219 | Loss: *0.002* | Acc: *100.000%* (50000/50000) 
Test epoch: 219 | Loss: *0.546* | Acc: *83.780%* (8378/10000)
Train epoch: 220 | Loss: *0.002* | Acc: *100.000%* (50000/50000) 
Test epoch: 220 | Loss: *0.548* | Acc: *83.800%* (8380/10000)
Train epoch: 221 | Loss: *0.002* | Acc: *100.000%* (50000/50000) 
Test epoch: 221 | Loss: *0.549* | Acc: *83.630%* (8363/10000)
Train epoch: 222 | Loss: *0.002* | Acc: *100.000%* (50000/50000) 
Test epoch: 222 | Loss: *0.551* | Acc: *83.630%* (8363/10000)
Train epoch: 223 | Loss: *0.002* | Acc: *100.000%* (50000/50000) 
Test epoch: 223 | Loss: *0.558* | Acc: *83.610%* (8361/10000)
Train epoch: 224 | Loss: *0.002* | Acc: *100.000%* (50000/50000) 
Test epoch: 224 | Loss: *0.574* | Acc: *83.420%* (8342/10000)
Train epoch: 225 | Loss: *0.003* | Acc: *99.996%* (49998/50000) 
Test epoch: 225 | Loss: *0.617* | Acc: *82.690%* (8269/10000)
Train epoch: 226 | Loss: *0.011* | Acc: *99.912%* (49956/50000) 
Test epoch: 226 | Loss: *0.563* | Acc: *83.840%* (8384/10000)
Train epoch: 227 | Loss: *0.003* | Acc: *100.000%* (50000/50000) 
Test epoch: 227 | Loss: *0.550* | Acc: *84.250%* (8425/10000)
Train epoch: 228 | Loss: *0.002* | Acc: *100.000%* (50000/50000) 
Test epoch: 228 | Loss: *0.543* | Acc: *84.390%* (8439/10000)
Train epoch: 229 | Loss: *0.002* | Acc: *100.000%* (50000/50000) 
Test epoch: 229 | Loss: *0.542* | Acc: *84.430%* (8443/10000)
Train epoch: 230 | Loss: *0.002* | Acc: *100.000%* (50000/50000) 
Test epoch: 230 | Loss: *0.542* | Acc: *84.370%* (8437/10000)
Train epoch: 231 | Loss: *0.002* | Acc: *100.000%* (50000/50000) 
Test epoch: 231 | Loss: *0.537* | Acc: *84.270%* (8427/10000)
Train epoch: 232 | Loss: *0.002* | Acc: *100.000%* (50000/50000) 
Test epoch: 232 | Loss: *0.542* | Acc: *84.010%* (8401/10000)
Train epoch: 233 | Loss: *0.002* | Acc: *100.000%* (50000/50000) 
Test epoch: 233 | Loss: *0.548* | Acc: *84.060%* (8406/10000)
Train epoch: 234 | Loss: *0.028* | Acc: *99.296%* (49648/50000) 
Test epoch: 234 | Loss: *0.651* | Acc: *81.180%* (8118/10000)
Train epoch: 235 | Loss: *0.033* | Acc: *99.344%* (49672/50000) 
Test epoch: 235 | Loss: *0.564* | Acc: *83.520%* (8352/10000)
Train epoch: 236 | Loss: *0.008* | Acc: *99.960%* (49980/50000) 
Test epoch: 236 | Loss: *0.539* | Acc: *84.340%* (8434/10000)
Train epoch: 237 | Loss: *0.004* | Acc: *99.996%* (49998/50000) 
Test epoch: 237 | Loss: *0.537* | Acc: *84.490%* (8449/10000)
Train epoch: 238 | Loss: *0.003* | Acc: *100.000%* (50000/50000) 
Test epoch: 238 | Loss: *0.531* | Acc: *84.620%* (8462/10000)
Train epoch: 239 | Loss: *0.002* | Acc: *100.000%* (50000/50000) 
Test epoch: 239 | Loss: *0.531* | Acc: *84.640%* (8464/10000)
Train epoch: 240 | Loss: *0.002* | Acc: *100.000%* (50000/50000) 
Test epoch: 240 | Loss: *0.531* | Acc: *84.800%* (8480/10000)
Train epoch: 241 | Loss: *0.002* | Acc: *100.000%* (50000/50000) 
Test epoch: 241 | Loss: *0.528* | Acc: *84.690%* (8469/10000)
Train epoch: 242 | Loss: *0.002* | Acc: *100.000%* (50000/50000) 
Test epoch: 242 | Loss: *0.527* | Acc: *84.880%* (8488/10000)
Train epoch: 243 | Loss: *0.002* | Acc: *100.000%* (50000/50000) 
Test epoch: 243 | Loss: *0.530* | Acc: *84.460%* (8446/10000)
Train epoch: 244 | Loss: *0.106* | Acc: *96.706%* (48353/50000) 
Test epoch: 244 | Loss: *0.582* | Acc: *82.550%* (8255/10000)
Train epoch: 245 | Loss: *0.045* | Acc: *98.936%* (49468/50000) 
Test epoch: 245 | Loss: *0.567* | Acc: *84.190%* (8419/10000)
Train epoch: 246 | Loss: *0.012* | Acc: *99.870%* (49935/50000) 
Test epoch: 246 | Loss: *0.565* | Acc: *84.120%* (8412/10000)
Train epoch: 247 | Loss: *0.006* | Acc: *99.976%* (49988/50000) 
Test epoch: 247 | Loss: *0.543* | Acc: *85.070%* (8507/10000)
Train epoch: 248 | Loss: *0.003* | Acc: *100.000%* (50000/50000) 
Test epoch: 248 | Loss: *0.543* | Acc: *85.170%* (8517/10000)
Train epoch: 249 | Loss: *0.003* | Acc: *100.000%* (50000/50000) 
Test epoch: 249 | Loss: *0.538* | Acc: *85.170%* (8517/10000)
Train epoch: 250 | Loss: *0.002* | Acc: *100.000%* (50000/50000) 
Test epoch: 250 | Loss: *0.537* | Acc: *84.840%* (8484/10000)
Train epoch: 251 | Loss: *0.002* | Acc: *100.000%* (50000/50000) 
Test epoch: 251 | Loss: *0.536* | Acc: *84.980%* (8498/10000)
Train epoch: 252 | Loss: *0.002* | Acc: *99.998%* (49999/50000) 
Test epoch: 252 | Loss: *0.550* | Acc: *84.340%* (8434/10000)
Train epoch: 253 | Loss: *0.002* | Acc: *100.000%* (50000/50000) 
Test epoch: 253 | Loss: *0.567* | Acc: *83.830%* (8383/10000)
Train epoch: 254 | Loss: *0.144* | Acc: *95.288%* (47644/50000) 
Test epoch: 254 | Loss: *0.581* | Acc: *82.220%* (8222/10000)
Train epoch: 255 | Loss: *0.086* | Acc: *97.462%* (48731/50000) 
Test epoch: 255 | Loss: *0.559* | Acc: *83.390%* (8339/10000)
Train epoch: 256 | Loss: *0.027* | Acc: *99.460%* (49730/50000) 
Test epoch: 256 | Loss: *0.564* | Acc: *84.510%* (8451/10000)
Train epoch: 257 | Loss: *0.011* | Acc: *99.878%* (49939/50000) 
Test epoch: 257 | Loss: *0.543* | Acc: *84.620%* (8462/10000)
Train epoch: 258 | Loss: *0.005* | Acc: *99.998%* (49999/50000) 
Test epoch: 258 | Loss: *0.537* | Acc: *85.250%* (8525/10000)
Train epoch: 259 | Loss: *0.003* | Acc: *99.994%* (49997/50000) 
Test epoch: 259 | Loss: *0.552* | Acc: *84.770%* (8477/10000)
Train epoch: 260 | Loss: *0.003* | Acc: *100.000%* (50000/50000) 
Test epoch: 260 | Loss: *0.549* | Acc: *84.560%* (8456/10000)
Train epoch: 261 | Loss: *0.002* | Acc: *100.000%* (50000/50000) 
Test epoch: 261 | Loss: *0.538* | Acc: *84.980%* (8498/10000)
Train epoch: 262 | Loss: *0.003* | Acc: *99.994%* (49997/50000) 
Test epoch: 262 | Loss: *0.588* | Acc: *83.660%* (8366/10000)
Train epoch: 263 | Loss: *0.182* | Acc: *93.996%* (46998/50000) 
Test epoch: 263 | Loss: *0.556* | Acc: *82.910%* (8291/10000)
Train epoch: 264 | Loss: *0.064* | Acc: *98.130%* (49065/50000) 
Test epoch: 264 | Loss: *0.602* | Acc: *83.190%* (8319/10000)
Train epoch: 265 | Loss: *0.027* | Acc: *99.410%* (49705/50000) 
Test epoch: 265 | Loss: *0.556* | Acc: *84.420%* (8442/10000)
Train epoch: 266 | Loss: *0.014* | Acc: *99.776%* (49888/50000) 
Test epoch: 266 | Loss: *0.595* | Acc: *84.480%* (8448/10000)
Train epoch: 267 | Loss: *0.010* | Acc: *99.862%* (49931/50000) 
Test epoch: 267 | Loss: *0.590* | Acc: *84.310%* (8431/10000)
Train epoch: 268 | Loss: *0.032* | Acc: *99.148%* (49574/50000) 
Test epoch: 268 | Loss: *0.774* | Acc: *80.210%* (8021/10000)
Train epoch: 269 | Loss: *0.074* | Acc: *97.650%* (48825/50000) 
Test epoch: 269 | Loss: *0.671* | Acc: *81.980%* (8198/10000)
Train epoch: 270 | Loss: *0.043* | Acc: *98.724%* (49362/50000) 
Test epoch: 270 | Loss: *0.620* | Acc: *83.150%* (8315/10000)
Train epoch: 271 | Loss: *0.021* | Acc: *99.490%* (49745/50000) 
Test epoch: 271 | Loss: *0.617* | Acc: *83.670%* (8367/10000)
Train epoch: 272 | Loss: *0.018* | Acc: *99.622%* (49811/50000) 
Test epoch: 272 | Loss: *0.619* | Acc: *84.140%* (8414/10000)
Train epoch: 273 | Loss: *0.019* | Acc: *99.566%* (49783/50000) 
Test epoch: 273 | Loss: *0.642* | Acc: *83.190%* (8319/10000)
Train epoch: 274 | Loss: *0.040* | Acc: *98.798%* (49399/50000) 
Test epoch: 274 | Loss: *0.773* | Acc: *80.990%* (8099/10000)
Train epoch: 275 | Loss: *0.052* | Acc: *98.368%* (49184/50000) 
Test epoch: 275 | Loss: *0.738* | Acc: *81.500%* (8150/10000)
Train epoch: 276 | Loss: *0.039* | Acc: *98.786%* (49393/50000) 
Test epoch: 276 | Loss: *0.657* | Acc: *83.240%* (8324/10000)
Train epoch: 277 | Loss: *0.026* | Acc: *99.260%* (49630/50000) 
Test epoch: 277 | Loss: *0.631* | Acc: *83.390%* (8339/10000)
Train epoch: 278 | Loss: *0.023* | Acc: *99.402%* (49701/50000) 
Test epoch: 278 | Loss: *0.665* | Acc: *83.040%* (8304/10000)
Train epoch: 279 | Loss: *0.034* | Acc: *98.992%* (49496/50000) 
Test epoch: 279 | Loss: *0.691* | Acc: *82.580%* (8258/10000)
Train epoch: 280 | Loss: *0.044* | Acc: *98.604%* (49302/50000) 
Test epoch: 280 | Loss: *0.680* | Acc: *82.040%* (8204/10000)
Train epoch: 281 | Loss: *0.031* | Acc: *99.114%* (49557/50000) 
Test epoch: 281 | Loss: *0.721* | Acc: *81.860%* (8186/10000)
Train epoch: 282 | Loss: *0.032* | Acc: *99.028%* (49514/50000) 
Test epoch: 282 | Loss: *0.725* | Acc: *82.490%* (8249/10000)
Train epoch: 283 | Loss: *0.035* | Acc: *98.970%* (49485/50000) 
Test epoch: 283 | Loss: *0.675* | Acc: *83.190%* (8319/10000)
Train epoch: 284 | Loss: *0.030* | Acc: *99.166%* (49583/50000) 
Test epoch: 284 | Loss: *0.650* | Acc: *83.440%* (8344/10000)
Train epoch: 285 | Loss: *0.024* | Acc: *99.350%* (49675/50000) 
Test epoch: 285 | Loss: *0.668* | Acc: *83.020%* (8302/10000)
Train epoch: 286 | Loss: *0.042* | Acc: *98.686%* (49343/50000) 
Test epoch: 286 | Loss: *0.711* | Acc: *82.670%* (8267/10000)
Train epoch: 287 | Loss: *0.045* | Acc: *98.634%* (49317/50000) 
Test epoch: 287 | Loss: *0.643* | Acc: *83.310%* (8331/10000)
Train epoch: 288 | Loss: *0.034* | Acc: *98.988%* (49494/50000) 
Test epoch: 288 | Loss: *0.666* | Acc: *83.680%* (8368/10000)
Train epoch: 289 | Loss: *0.028* | Acc: *99.264%* (49632/50000) 
Test epoch: 289 | Loss: *0.670* | Acc: *82.880%* (8288/10000)
Train epoch: 290 | Loss: *0.029* | Acc: *99.222%* (49611/50000) 
Test epoch: 290 | Loss: *0.700* | Acc: *82.500%* (8250/10000)
Train epoch: 291 | Loss: *0.046* | Acc: *98.590%* (49295/50000) 
Test epoch: 291 | Loss: *0.712* | Acc: *81.990%* (8199/10000)
Train epoch: 292 | Loss: *0.048* | Acc: *98.450%* (49225/50000) 
Test epoch: 292 | Loss: *0.709* | Acc: *82.730%* (8273/10000)
Train epoch: 293 | Loss: *0.035* | Acc: *99.014%* (49507/50000) 
Test epoch: 293 | Loss: *0.688* | Acc: *82.810%* (8281/10000)
Train epoch: 294 | Loss: *0.031* | Acc: *99.124%* (49562/50000) 
Test epoch: 294 | Loss: *0.771* | Acc: *80.990%* (8099/10000)
Train epoch: 295 | Loss: *0.041* | Acc: *98.732%* (49366/50000) 
Test epoch: 295 | Loss: *0.660* | Acc: *82.650%* (8265/10000)
Train epoch: 296 | Loss: *0.034* | Acc: *99.052%* (49526/50000) 
Test epoch: 296 | Loss: *0.717* | Acc: *82.300%* (8230/10000)
Train epoch: 297 | Loss: *0.031* | Acc: *99.104%* (49552/50000) 
Test epoch: 297 | Loss: *0.722* | Acc: *81.950%* (8195/10000)
Train epoch: 298 | Loss: *0.047* | Acc: *98.532%* (49266/50000) 
Test epoch: 298 | Loss: *0.677* | Acc: *82.790%* (8279/10000)
Train epoch: 299 | Loss: *0.047* | Acc: *98.530%* (49265/50000) 
Test epoch: 299 | Loss: *0.772* | Acc: *80.870%* (8087/10000)
Train epoch: 300 | Loss: *0.032* | Acc: *99.074%* (49537/50000) 
Test epoch: 300 | Loss: *0.623* | Acc: *83.900%* (8390/10000)
Train epoch: 301 | Loss: *0.027* | Acc: *99.312%* (49656/50000) 
Test epoch: 301 | Loss: *0.696* | Acc: *82.540%* (8254/10000)
Train epoch: 302 | Loss: *0.043* | Acc: *98.658%* (49329/50000) 
Test epoch: 302 | Loss: *0.703* | Acc: *81.840%* (8184/10000)
Train epoch: 303 | Loss: *0.055* | Acc: *98.250%* (49125/50000) 
Test epoch: 303 | Loss: *0.706* | Acc: *81.720%* (8172/10000)
Train epoch: 304 | Loss: *0.039* | Acc: *98.804%* (49402/50000) 
Test epoch: 304 | Loss: *0.680* | Acc: *82.910%* (8291/10000)
Train epoch: 305 | Loss: *0.036* | Acc: *98.978%* (49489/50000) 
Test epoch: 305 | Loss: *0.669* | Acc: *82.410%* (8241/10000)
Train epoch: 306 | Loss: *0.043* | Acc: *98.656%* (49328/50000) 
Test epoch: 306 | Loss: *0.713* | Acc: *82.260%* (8226/10000)
Train epoch: 307 | Loss: *0.044* | Acc: *98.658%* (49329/50000) 
Test epoch: 307 | Loss: *0.690* | Acc: *82.340%* (8234/10000)
Train epoch: 308 | Loss: *0.042* | Acc: *98.716%* (49358/50000) 
Test epoch: 308 | Loss: *0.710* | Acc: *82.550%* (8255/10000)
Train epoch: 309 | Loss: *0.038* | Acc: *98.808%* (49404/50000) 
Test epoch: 309 | Loss: *0.712* | Acc: *81.830%* (8183/10000)
Train epoch: 310 | Loss: *0.038* | Acc: *98.838%* (49419/50000) 
Test epoch: 310 | Loss: *0.713* | Acc: *82.100%* (8210/10000)
Train epoch: 311 | Loss: *0.039* | Acc: *98.794%* (49397/50000) 
Test epoch: 311 | Loss: *0.705* | Acc: *82.640%* (8264/10000)
Train epoch: 312 | Loss: *0.050* | Acc: *98.446%* (49223/50000) 
Test epoch: 312 | Loss: *0.657* | Acc: *83.160%* (8316/10000)
Train epoch: 313 | Loss: *0.049* | Acc: *98.472%* (49236/50000) 
Test epoch: 313 | Loss: *0.710* | Acc: *82.480%* (8248/10000)
Train epoch: 314 | Loss: *0.044* | Acc: *98.642%* (49321/50000) 
Test epoch: 314 | Loss: *0.668* | Acc: *83.140%* (8314/10000)
Train epoch: 315 | Loss: *0.043* | Acc: *98.704%* (49352/50000) 
Test epoch: 315 | Loss: *0.776* | Acc: *81.600%* (8160/10000)
Train epoch: 316 | Loss: *0.049* | Acc: *98.460%* (49230/50000) 
Test epoch: 316 | Loss: *0.646* | Acc: *83.020%* (8302/10000)
Train epoch: 317 | Loss: *0.045* | Acc: *98.552%* (49276/50000) 
Test epoch: 317 | Loss: *0.741* | Acc: *81.450%* (8145/10000)
Train epoch: 318 | Loss: *0.051* | Acc: *98.354%* (49177/50000) 
Test epoch: 318 | Loss: *0.622* | Acc: *83.700%* (8370/10000)
Train epoch: 319 | Loss: *0.047* | Acc: *98.558%* (49279/50000) 
Test epoch: 319 | Loss: *0.712* | Acc: *82.180%* (8218/10000)
Train epoch: 320 | Loss: *0.044* | Acc: *98.636%* (49318/50000) 
Test epoch: 320 | Loss: *0.722* | Acc: *81.860%* (8186/10000)
Train epoch: 321 | Loss: *0.054* | Acc: *98.250%* (49125/50000) 
Test epoch: 321 | Loss: *0.701* | Acc: *82.510%* (8251/10000)
Train epoch: 322 | Loss: *0.049* | Acc: *98.460%* (49230/50000) 
Test epoch: 322 | Loss: *0.700* | Acc: *82.310%* (8231/10000)
Train epoch: 323 | Loss: *0.040* | Acc: *98.770%* (49385/50000) 
Test epoch: 323 | Loss: *0.685* | Acc: *82.380%* (8238/10000)
Train epoch: 324 | Loss: *0.049* | Acc: *98.444%* (49222/50000) 
Test epoch: 324 | Loss: *0.712* | Acc: *81.970%* (8197/10000)
Train epoch: 325 | Loss: *0.052* | Acc: *98.338%* (49169/50000) 
Test epoch: 325 | Loss: *0.858* | Acc: *79.130%* (7913/10000)
Train epoch: 326 | Loss: *0.053* | Acc: *98.260%* (49130/50000) 
Test epoch: 326 | Loss: *0.681* | Acc: *82.170%* (8217/10000)
Train epoch: 327 | Loss: *0.050* | Acc: *98.438%* (49219/50000) 
Test epoch: 327 | Loss: *0.695* | Acc: *81.950%* (8195/10000)
Train epoch: 328 | Loss: *0.049* | Acc: *98.524%* (49262/50000) 
Test epoch: 328 | Loss: *0.671* | Acc: *82.460%* (8246/10000)
Train epoch: 329 | Loss: *0.052* | Acc: *98.334%* (49167/50000) 
Test epoch: 329 | Loss: *0.706* | Acc: *81.950%* (8195/10000)
Train epoch: 330 | Loss: *0.053* | Acc: *98.268%* (49134/50000) 
Test epoch: 330 | Loss: *0.665* | Acc: *82.270%* (8227/10000)
Train epoch: 331 | Loss: *0.056* | Acc: *98.240%* (49120/50000) 
Test epoch: 331 | Loss: *0.779* | Acc: *80.970%* (8097/10000)
Train epoch: 332 | Loss: *0.048* | Acc: *98.480%* (49240/50000) 
Test epoch: 332 | Loss: *0.666* | Acc: *83.140%* (8314/10000)
Train epoch: 333 | Loss: *0.052* | Acc: *98.330%* (49165/50000) 
Test epoch: 333 | Loss: *0.726* | Acc: *82.200%* (8220/10000)
Train epoch: 334 | Loss: *0.053* | Acc: *98.348%* (49174/50000) 
Test epoch: 334 | Loss: *0.731* | Acc: *81.680%* (8168/10000)
Train epoch: 335 | Loss: *0.057* | Acc: *98.176%* (49088/50000) 
Test epoch: 335 | Loss: *0.674* | Acc: *82.570%* (8257/10000)
Train epoch: 336 | Loss: *0.048* | Acc: *98.484%* (49242/50000) 
Test epoch: 336 | Loss: *0.717* | Acc: *82.240%* (8224/10000)
Train epoch: 337 | Loss: *0.054* | Acc: *98.306%* (49153/50000) 
Test epoch: 337 | Loss: *0.700* | Acc: *82.400%* (8240/10000)
Train epoch: 338 | Loss: *0.055* | Acc: *98.262%* (49131/50000) 
Test epoch: 338 | Loss: *0.636* | Acc: *83.220%* (8322/10000)
Train epoch: 339 | Loss: *0.058* | Acc: *98.140%* (49070/50000) 
Test epoch: 339 | Loss: *0.748* | Acc: *80.970%* (8097/10000)
Train epoch: 340 | Loss: *0.062* | Acc: *97.964%* (48982/50000) 
Test epoch: 340 | Loss: *0.712* | Acc: *81.650%* (8165/10000)
Train epoch: 341 | Loss: *0.055* | Acc: *98.274%* (49137/50000) 
Test epoch: 341 | Loss: *0.629* | Acc: *83.700%* (8370/10000)
Train epoch: 342 | Loss: *0.051* | Acc: *98.350%* (49175/50000) 
Test epoch: 342 | Loss: *0.656* | Acc: *83.190%* (8319/10000)
Train epoch: 343 | Loss: *0.057* | Acc: *98.114%* (49057/50000) 
Test epoch: 343 | Loss: *0.757* | Acc: *80.830%* (8083/10000)
Train epoch: 344 | Loss: *0.062* | Acc: *97.974%* (48987/50000) 
Test epoch: 344 | Loss: *0.731* | Acc: *82.170%* (8217/10000)
Train epoch: 345 | Loss: *0.063* | Acc: *97.936%* (48968/50000) 
Test epoch: 345 | Loss: *0.639* | Acc: *83.000%* (8300/10000)
Train epoch: 346 | Loss: *0.056* | Acc: *98.108%* (49054/50000) 
Test epoch: 346 | Loss: *0.664* | Acc: *82.700%* (8270/10000)
Train epoch: 347 | Loss: *0.058* | Acc: *98.130%* (49065/50000) 
Test epoch: 347 | Loss: *0.667* | Acc: *82.510%* (8251/10000)
Train epoch: 348 | Loss: *0.052* | Acc: *98.334%* (49167/50000) 
Test epoch: 348 | Loss: *0.735* | Acc: *81.730%* (8173/10000)
Train epoch: 349 | Loss: *0.058* | Acc: *98.176%* (49088/50000) 
Test epoch: 349 | Loss: *0.747* | Acc: *80.850%* (8085/10000)
Train epoch: 350 | Loss: *0.062* | Acc: *97.952%* (48976/50000) 
Test epoch: 350 | Loss: *0.711* | Acc: *81.900%* (8190/10000)
Train epoch: 351 | Loss: *0.064* | Acc: *97.914%* (48957/50000) 
Test epoch: 351 | Loss: *0.677* | Acc: *82.810%* (8281/10000)
Train epoch: 352 | Loss: *0.065* | Acc: *97.928%* (48964/50000) 
Test epoch: 352 | Loss: *0.746* | Acc: *81.640%* (8164/10000)
Train epoch: 353 | Loss: *0.059* | Acc: *98.116%* (49058/50000) 
Test epoch: 353 | Loss: *0.673* | Acc: *82.460%* (8246/10000)
Train epoch: 354 | Loss: *0.057* | Acc: *98.202%* (49101/50000) 
Test epoch: 354 | Loss: *0.677* | Acc: *82.060%* (8206/10000)
Train epoch: 355 | Loss: *0.057* | Acc: *98.198%* (49099/50000) 
Test epoch: 355 | Loss: *0.692* | Acc: *82.270%* (8227/10000)
Train epoch: 356 | Loss: *0.069* | Acc: *97.726%* (48863/50000) 
Test epoch: 356 | Loss: *0.679* | Acc: *82.320%* (8232/10000)
Train epoch: 357 | Loss: *0.056* | Acc: *98.178%* (49089/50000) 
Test epoch: 357 | Loss: *0.682* | Acc: *82.650%* (8265/10000)
Train epoch: 358 | Loss: *0.069* | Acc: *97.782%* (48891/50000) 
Test epoch: 358 | Loss: *0.659* | Acc: *82.650%* (8265/10000)
Train epoch: 359 | Loss: *0.064* | Acc: *97.964%* (48982/50000) 
Test epoch: 359 | Loss: *0.746* | Acc: *80.720%* (8072/10000)
Train epoch: 360 | Loss: *0.063* | Acc: *97.916%* (48958/50000) 
Test epoch: 360 | Loss: *0.674* | Acc: *81.880%* (8188/10000)
Train epoch: 361 | Loss: *0.058* | Acc: *98.122%* (49061/50000) 
Test epoch: 361 | Loss: *0.642* | Acc: *83.180%* (8318/10000)
Train epoch: 362 | Loss: *0.059* | Acc: *98.130%* (49065/50000) 
Test epoch: 362 | Loss: *0.626* | Acc: *83.400%* (8340/10000)
Train epoch: 363 | Loss: *0.064* | Acc: *97.906%* (48953/50000) 
Test epoch: 363 | Loss: *0.681* | Acc: *82.750%* (8275/10000)
Train epoch: 364 | Loss: *0.073* | Acc: *97.636%* (48818/50000) 
Test epoch: 364 | Loss: *0.657* | Acc: *82.550%* (8255/10000)
Train epoch: 365 | Loss: *0.056* | Acc: *98.218%* (49109/50000) 
Test epoch: 365 | Loss: *0.663* | Acc: *82.990%* (8299/10000)
Train epoch: 366 | Loss: *0.062* | Acc: *97.994%* (48997/50000) 
Test epoch: 366 | Loss: *0.748* | Acc: *81.790%* (8179/10000)
Train epoch: 367 | Loss: *0.069* | Acc: *97.758%* (48879/50000) 
Test epoch: 367 | Loss: *0.656* | Acc: *82.350%* (8235/10000)
Train epoch: 368 | Loss: *0.066* | Acc: *97.852%* (48926/50000) 
Test epoch: 368 | Loss: *0.771* | Acc: *80.560%* (8056/10000)
Train epoch: 369 | Loss: *0.065* | Acc: *97.884%* (48942/50000) 
Test epoch: 369 | Loss: *0.639* | Acc: *83.890%* (8389/10000)
Train epoch: 370 | Loss: *0.061* | Acc: *97.988%* (48994/50000) 
Test epoch: 370 | Loss: *0.677* | Acc: *82.390%* (8239/10000)
Train epoch: 371 | Loss: *0.066* | Acc: *97.850%* (48925/50000) 
Test epoch: 371 | Loss: *0.663* | Acc: *82.530%* (8253/10000)
Train epoch: 372 | Loss: *0.070* | Acc: *97.676%* (48838/50000) 
Test epoch: 372 | Loss: *0.687* | Acc: *82.250%* (8225/10000)
Train epoch: 373 | Loss: *0.053* | Acc: *98.350%* (49175/50000) 
Test epoch: 373 | Loss: *0.714* | Acc: *82.200%* (8220/10000)
Train epoch: 374 | Loss: *0.063* | Acc: *97.960%* (48980/50000) 
Test epoch: 374 | Loss: *0.659* | Acc: *82.440%* (8244/10000)
Train epoch: 375 | Loss: *0.071* | Acc: *97.654%* (48827/50000) 
Test epoch: 375 | Loss: *0.691* | Acc: *82.050%* (8205/10000)
Train epoch: 376 | Loss: *0.074* | Acc: *97.624%* (48812/50000) 
Test epoch: 376 | Loss: *0.729* | Acc: *81.260%* (8126/10000)
Train epoch: 377 | Loss: *0.061* | Acc: *98.004%* (49002/50000) 
Test epoch: 377 | Loss: *0.678* | Acc: *82.720%* (8272/10000)
Train epoch: 378 | Loss: *0.066* | Acc: *97.818%* (48909/50000) 
Test epoch: 378 | Loss: *0.656* | Acc: *82.940%* (8294/10000)
Train epoch: 379 | Loss: *0.058* | Acc: *98.194%* (49097/50000) 
Test epoch: 379 | Loss: *0.689* | Acc: *81.500%* (8150/10000)
Train epoch: 380 | Loss: *0.068* | Acc: *97.832%* (48916/50000) 
Test epoch: 380 | Loss: *0.769* | Acc: *81.360%* (8136/10000)
Train epoch: 381 | Loss: *0.072* | Acc: *97.658%* (48829/50000) 
Test epoch: 381 | Loss: *0.647* | Acc: *82.600%* (8260/10000)
Train epoch: 382 | Loss: *0.066* | Acc: *97.834%* (48917/50000) 
Test epoch: 382 | Loss: *0.712* | Acc: *81.080%* (8108/10000)
Train epoch: 383 | Loss: *0.067* | Acc: *97.738%* (48869/50000) 
Test epoch: 383 | Loss: *0.711* | Acc: *82.240%* (8224/10000)
Train epoch: 384 | Loss: *0.065* | Acc: *97.876%* (48938/50000) 
Test epoch: 384 | Loss: *0.697* | Acc: *82.190%* (8219/10000)
Train epoch: 385 | Loss: *0.061* | Acc: *98.052%* (49026/50000) 
Test epoch: 385 | Loss: *0.703* | Acc: *81.860%* (8186/10000)
Train epoch: 386 | Loss: *0.066* | Acc: *97.902%* (48951/50000) 
Test epoch: 386 | Loss: *0.625* | Acc: *83.350%* (8335/10000)
Train epoch: 387 | Loss: *0.072* | Acc: *97.620%* (48810/50000) 
Test epoch: 387 | Loss: *0.698* | Acc: *81.640%* (8164/10000)
Train epoch: 388 | Loss: *0.065* | Acc: *97.874%* (48937/50000) 
Test epoch: 388 | Loss: *0.669* | Acc: *81.830%* (8183/10000)
Train epoch: 389 | Loss: *0.065* | Acc: *97.884%* (48942/50000) 
Test epoch: 389 | Loss: *0.660* | Acc: *82.650%* (8265/10000)
Train epoch: 390 | Loss: *0.060* | Acc: *98.092%* (49046/50000) 
Test epoch: 390 | Loss: *0.699* | Acc: *81.910%* (8191/10000)
Train epoch: 391 | Loss: *0.073* | Acc: *97.550%* (48775/50000) 
Test epoch: 391 | Loss: *0.709* | Acc: *81.470%* (8147/10000)
Train epoch: 392 | Loss: *0.069* | Acc: *97.724%* (48862/50000) 
Test epoch: 392 | Loss: *0.618* | Acc: *82.820%* (8282/10000)
Train epoch: 393 | Loss: *0.061* | Acc: *98.052%* (49026/50000) 
Test epoch: 393 | Loss: *0.700* | Acc: *82.160%* (8216/10000)
Train epoch: 394 | Loss: *0.066* | Acc: *97.888%* (48944/50000) 
Test epoch: 394 | Loss: *0.709* | Acc: *82.290%* (8229/10000)
Train epoch: 395 | Loss: *0.075* | Acc: *97.480%* (48740/50000) 
Test epoch: 395 | Loss: *0.650* | Acc: *82.810%* (8281/10000)
Train epoch: 396 | Loss: *0.060* | Acc: *98.030%* (49015/50000) 
Test epoch: 396 | Loss: *0.709* | Acc: *81.820%* (8182/10000)
Train epoch: 397 | Loss: *0.065* | Acc: *97.834%* (48917/50000) 
Test epoch: 397 | Loss: *0.673* | Acc: *82.230%* (8223/10000)
Train epoch: 398 | Loss: *0.072* | Acc: *97.598%* (48799/50000) 
Test epoch: 398 | Loss: *0.764* | Acc: *80.450%* (8045/10000)
Train epoch: 399 | Loss: *0.067* | Acc: *97.832%* (48916/50000) 
Test epoch: 399 | Loss: *0.677* | Acc: *82.970%* (8297/10000)
Train epoch: 400 | Loss: *0.063* | Acc: *97.980%* (48990/50000) 
Test epoch: 400 | Loss: *0.737* | Acc: *80.880%* (8088/10000)
Train epoch: 401 | Loss: *0.059* | Acc: *98.162%* (49081/50000) 
Test epoch: 401 | Loss: *0.771* | Acc: *81.710%* (8171/10000)
Train epoch: 402 | Loss: *0.064* | Acc: *97.874%* (48937/50000) 
Test epoch: 402 | Loss: *0.647* | Acc: *82.760%* (8276/10000)
Train epoch: 403 | Loss: *0.073* | Acc: *97.576%* (48788/50000) 
Test epoch: 403 | Loss: *0.639* | Acc: *83.380%* (8338/10000)
Train epoch: 404 | Loss: *0.070* | Acc: *97.708%* (48854/50000) 
Test epoch: 404 | Loss: *0.690* | Acc: *82.220%* (8222/10000)
Train epoch: 405 | Loss: *0.063* | Acc: *98.008%* (49004/50000) 
Test epoch: 405 | Loss: *0.693* | Acc: *82.480%* (8248/10000)
Train epoch: 406 | Loss: *0.063* | Acc: *97.974%* (48987/50000) 
Test epoch: 406 | Loss: *0.697* | Acc: *82.190%* (8219/10000)
Train epoch: 407 | Loss: *0.068* | Acc: *97.792%* (48896/50000) 
Test epoch: 407 | Loss: *0.734* | Acc: *80.980%* (8098/10000)
Train epoch: 408 | Loss: *0.058* | Acc: *98.194%* (49097/50000) 
Test epoch: 408 | Loss: *0.690* | Acc: *82.160%* (8216/10000)
Train epoch: 409 | Loss: *0.064* | Acc: *97.870%* (48935/50000) 
Test epoch: 409 | Loss: *0.685* | Acc: *82.590%* (8259/10000)
Train epoch: 410 | Loss: *0.066* | Acc: *97.812%* (48906/50000) 
Test epoch: 410 | Loss: *0.711* | Acc: *81.950%* (8195/10000)
Train epoch: 411 | Loss: *0.065* | Acc: *97.814%* (48907/50000) 
Test epoch: 411 | Loss: *0.675* | Acc: *82.290%* (8229/10000)
Train epoch: 412 | Loss: *0.065* | Acc: *97.870%* (48935/50000) 
Test epoch: 412 | Loss: *0.739* | Acc: *81.290%* (8129/10000)
Train epoch: 413 | Loss: *0.063* | Acc: *97.954%* (48977/50000) 
Test epoch: 413 | Loss: *0.737* | Acc: *81.860%* (8186/10000)
Train epoch: 414 | Loss: *0.065* | Acc: *97.890%* (48945/50000) 
Test epoch: 414 | Loss: *0.707* | Acc: *81.780%* (8178/10000)
Train epoch: 415 | Loss: *0.065* | Acc: *97.850%* (48925/50000) 
Test epoch: 415 | Loss: *0.695* | Acc: *82.280%* (8228/10000)
Train epoch: 416 | Loss: *0.062* | Acc: *98.038%* (49019/50000) 
Test epoch: 416 | Loss: *0.726* | Acc: *82.100%* (8210/10000)
Train epoch: 417 | Loss: *0.060* | Acc: *98.062%* (49031/50000) 
Test epoch: 417 | Loss: *0.682* | Acc: *82.390%* (8239/10000)
Train epoch: 418 | Loss: *0.070* | Acc: *97.762%* (48881/50000) 
Test epoch: 418 | Loss: *0.709* | Acc: *81.110%* (8111/10000)
Train epoch: 419 | Loss: *0.069* | Acc: *97.770%* (48885/50000) 
Test epoch: 419 | Loss: *0.661* | Acc: *82.540%* (8254/10000)
Train epoch: 420 | Loss: *0.050* | Acc: *98.478%* (49239/50000) 
Test epoch: 420 | Loss: *0.648* | Acc: *83.020%* (8302/10000)
Train epoch: 421 | Loss: *0.060* | Acc: *98.022%* (49011/50000) 
Test epoch: 421 | Loss: *0.747* | Acc: *81.040%* (8104/10000)
Train epoch: 422 | Loss: *0.070* | Acc: *97.674%* (48837/50000) 
Test epoch: 422 | Loss: *0.667* | Acc: *82.900%* (8290/10000)
Train epoch: 423 | Loss: *0.056* | Acc: *98.198%* (49099/50000) 
Test epoch: 423 | Loss: *0.731* | Acc: *81.550%* (8155/10000)
Train epoch: 424 | Loss: *0.068* | Acc: *97.754%* (48877/50000) 
Test epoch: 424 | Loss: *0.747* | Acc: *82.140%* (8214/10000)
Train epoch: 425 | Loss: *0.059* | Acc: *98.152%* (49076/50000) 
Test epoch: 425 | Loss: *0.648* | Acc: *82.980%* (8298/10000)
Train epoch: 426 | Loss: *0.061* | Acc: *97.978%* (48989/50000) 
Test epoch: 426 | Loss: *0.669* | Acc: *82.670%* (8267/10000)
Train epoch: 427 | Loss: *0.057* | Acc: *98.240%* (49120/50000) 
Test epoch: 427 | Loss: *0.738* | Acc: *81.440%* (8144/10000)
Train epoch: 428 | Loss: *0.065* | Acc: *97.846%* (48923/50000) 
Test epoch: 428 | Loss: *0.813* | Acc: *80.130%* (8013/10000)
Train epoch: 429 | Loss: *0.063* | Acc: *97.998%* (48999/50000) 
Test epoch: 429 | Loss: *0.672* | Acc: *82.020%* (8202/10000)
Train epoch: 430 | Loss: *0.052* | Acc: *98.322%* (49161/50000) 
Test epoch: 430 | Loss: *0.710* | Acc: *82.220%* (8222/10000)
Train epoch: 431 | Loss: *0.060* | Acc: *98.050%* (49025/50000) 
Test epoch: 431 | Loss: *0.738* | Acc: *81.700%* (8170/10000)
Train epoch: 432 | Loss: *0.059* | Acc: *98.062%* (49031/50000) 
Test epoch: 432 | Loss: *0.679* | Acc: *82.490%* (8249/10000)
Train epoch: 433 | Loss: *0.060* | Acc: *98.038%* (49019/50000) 
Test epoch: 433 | Loss: *0.670* | Acc: *82.650%* (8265/10000)
Train epoch: 434 | Loss: *0.057* | Acc: *98.104%* (49052/50000) 
Test epoch: 434 | Loss: *0.720* | Acc: *81.540%* (8154/10000)
Train epoch: 435 | Loss: *0.054* | Acc: *98.260%* (49130/50000) 
Test epoch: 435 | Loss: *0.669* | Acc: *83.230%* (8323/10000)
Train epoch: 436 | Loss: *0.055* | Acc: *98.306%* (49153/50000) 
Test epoch: 436 | Loss: *0.709* | Acc: *82.300%* (8230/10000)
Train epoch: 437 | Loss: *0.057* | Acc: *98.162%* (49081/50000) 
Test epoch: 437 | Loss: *0.797* | Acc: *80.800%* (8080/10000)
Train epoch: 438 | Loss: *0.064* | Acc: *97.888%* (48944/50000) 
Test epoch: 438 | Loss: *0.675* | Acc: *82.350%* (8235/10000)
Train epoch: 439 | Loss: *0.056* | Acc: *98.132%* (49066/50000) 
Test epoch: 439 | Loss: *0.629* | Acc: *83.260%* (8326/10000)
Train epoch: 440 | Loss: *0.049* | Acc: *98.496%* (49248/50000) 
Test epoch: 440 | Loss: *0.667* | Acc: *82.390%* (8239/10000)
Train epoch: 441 | Loss: *0.051* | Acc: *98.390%* (49195/50000) 
Test epoch: 441 | Loss: *0.619* | Acc: *83.770%* (8377/10000)
Train epoch: 442 | Loss: *0.052* | Acc: *98.316%* (49158/50000) 
Test epoch: 442 | Loss: *0.685* | Acc: *82.120%* (8212/10000)
Train epoch: 443 | Loss: *0.062* | Acc: *97.974%* (48987/50000) 
Test epoch: 443 | Loss: *0.656* | Acc: *83.230%* (8323/10000)
Train epoch: 444 | Loss: *0.056* | Acc: *98.238%* (49119/50000) 
Test epoch: 444 | Loss: *0.626* | Acc: *83.630%* (8363/10000)
Train epoch: 445 | Loss: *0.054* | Acc: *98.282%* (49141/50000) 
Test epoch: 445 | Loss: *0.631* | Acc: *83.370%* (8337/10000)
Train epoch: 446 | Loss: *0.047* | Acc: *98.502%* (49251/50000) 
Test epoch: 446 | Loss: *0.691* | Acc: *81.940%* (8194/10000)
Train epoch: 447 | Loss: *0.059* | Acc: *98.070%* (49035/50000) 
Test epoch: 447 | Loss: *0.625* | Acc: *83.620%* (8362/10000)
Train epoch: 448 | Loss: *0.047* | Acc: *98.540%* (49270/50000) 
Test epoch: 448 | Loss: *0.615* | Acc: *84.100%* (8410/10000)
Train epoch: 449 | Loss: *0.044* | Acc: *98.632%* (49316/50000) 
Test epoch: 449 | Loss: *0.720* | Acc: *82.080%* (8208/10000)
Train epoch: 450 | Loss: *0.054* | Acc: *98.256%* (49128/50000) 
Test epoch: 450 | Loss: *0.706* | Acc: *81.900%* (8190/10000)
Train epoch: 451 | Loss: *0.059* | Acc: *98.072%* (49036/50000) 
Test epoch: 451 | Loss: *0.718* | Acc: *82.030%* (8203/10000)
Train epoch: 452 | Loss: *0.051* | Acc: *98.370%* (49185/50000) 
Test epoch: 452 | Loss: *0.689* | Acc: *82.890%* (8289/10000)
Train epoch: 453 | Loss: *0.042* | Acc: *98.676%* (49338/50000) 
Test epoch: 453 | Loss: *0.692* | Acc: *82.700%* (8270/10000)
Train epoch: 454 | Loss: *0.048* | Acc: *98.566%* (49283/50000) 
Test epoch: 454 | Loss: *0.697* | Acc: *81.640%* (8164/10000)
Train epoch: 455 | Loss: *0.053* | Acc: *98.314%* (49157/50000) 
Test epoch: 455 | Loss: *0.701* | Acc: *82.740%* (8274/10000)
Train epoch: 456 | Loss: *0.049* | Acc: *98.458%* (49229/50000) 
Test epoch: 456 | Loss: *0.646* | Acc: *83.250%* (8325/10000)
Train epoch: 457 | Loss: *0.036* | Acc: *98.944%* (49472/50000) 
Test epoch: 457 | Loss: *0.772* | Acc: *81.020%* (8102/10000)
Train epoch: 458 | Loss: *0.053* | Acc: *98.370%* (49185/50000) 
Test epoch: 458 | Loss: *0.695* | Acc: *82.340%* (8234/10000)
Train epoch: 459 | Loss: *0.047* | Acc: *98.494%* (49247/50000) 
Test epoch: 459 | Loss: *0.660* | Acc: *83.180%* (8318/10000)
Train epoch: 460 | Loss: *0.045* | Acc: *98.568%* (49284/50000) 
Test epoch: 460 | Loss: *0.663* | Acc: *83.330%* (8333/10000)
Train epoch: 461 | Loss: *0.046* | Acc: *98.526%* (49263/50000) 
Test epoch: 461 | Loss: *0.676* | Acc: *82.710%* (8271/10000)
Train epoch: 462 | Loss: *0.041* | Acc: *98.744%* (49372/50000) 
Test epoch: 462 | Loss: *0.657* | Acc: *83.330%* (8333/10000)
Train epoch: 463 | Loss: *0.049* | Acc: *98.464%* (49232/50000) 
Test epoch: 463 | Loss: *0.723* | Acc: *82.260%* (8226/10000)
Train epoch: 464 | Loss: *0.047* | Acc: *98.524%* (49262/50000) 
Test epoch: 464 | Loss: *0.661* | Acc: *82.770%* (8277/10000)
Train epoch: 465 | Loss: *0.039* | Acc: *98.814%* (49407/50000) 
Test epoch: 465 | Loss: *0.675* | Acc: *83.140%* (8314/10000)
Train epoch: 466 | Loss: *0.039* | Acc: *98.828%* (49414/50000) 
Test epoch: 466 | Loss: *0.640* | Acc: *83.770%* (8377/10000)
Train epoch: 467 | Loss: *0.047* | Acc: *98.518%* (49259/50000) 
Test epoch: 467 | Loss: *0.699* | Acc: *81.840%* (8184/10000)
Train epoch: 468 | Loss: *0.043* | Acc: *98.666%* (49333/50000) 
Test epoch: 468 | Loss: *0.671* | Acc: *83.410%* (8341/10000)
Train epoch: 469 | Loss: *0.039* | Acc: *98.794%* (49397/50000) 
Test epoch: 469 | Loss: *0.671* | Acc: *83.300%* (8330/10000)
Train epoch: 470 | Loss: *0.042* | Acc: *98.740%* (49370/50000) 
Test epoch: 470 | Loss: *0.676* | Acc: *83.070%* (8307/10000)
Train epoch: 471 | Loss: *0.032* | Acc: *99.132%* (49566/50000) 
Test epoch: 471 | Loss: *0.689* | Acc: *82.870%* (8287/10000)
Train epoch: 472 | Loss: *0.045* | Acc: *98.636%* (49318/50000) 
Test epoch: 472 | Loss: *0.648* | Acc: *83.460%* (8346/10000)
Train epoch: 473 | Loss: *0.045* | Acc: *98.558%* (49279/50000) 
Test epoch: 473 | Loss: *0.665* | Acc: *82.970%* (8297/10000)
Train epoch: 474 | Loss: *0.037* | Acc: *98.954%* (49477/50000) 
Test epoch: 474 | Loss: *0.662* | Acc: *83.500%* (8350/10000)
Train epoch: 475 | Loss: *0.028* | Acc: *99.288%* (49644/50000) 
Test epoch: 475 | Loss: *0.679* | Acc: *83.010%* (8301/10000)
Train epoch: 476 | Loss: *0.039* | Acc: *98.838%* (49419/50000) 
Test epoch: 476 | Loss: *0.701* | Acc: *82.580%* (8258/10000)
Train epoch: 477 | Loss: *0.046* | Acc: *98.556%* (49278/50000) 
Test epoch: 477 | Loss: *0.626* | Acc: *84.250%* (8425/10000)
Train epoch: 478 | Loss: *0.031* | Acc: *99.146%* (49573/50000) 
Test epoch: 478 | Loss: *0.643* | Acc: *84.040%* (8404/10000)
Train epoch: 479 | Loss: *0.029* | Acc: *99.198%* (49599/50000) 
Test epoch: 479 | Loss: *0.636* | Acc: *83.970%* (8397/10000)
Train epoch: 480 | Loss: *0.032* | Acc: *99.068%* (49534/50000) 
Test epoch: 480 | Loss: *0.658* | Acc: *83.350%* (8335/10000)
Train epoch: 481 | Loss: *0.038* | Acc: *98.824%* (49412/50000) 
Test epoch: 481 | Loss: *0.668* | Acc: *83.470%* (8347/10000)
Train epoch: 482 | Loss: *0.046* | Acc: *98.532%* (49266/50000) 
Test epoch: 482 | Loss: *0.673* | Acc: *83.050%* (8305/10000)
Train epoch: 483 | Loss: *0.028* | Acc: *99.240%* (49620/50000) 
Test epoch: 483 | Loss: *0.705* | Acc: *82.490%* (8249/10000)
Train epoch: 484 | Loss: *0.027* | Acc: *99.282%* (49641/50000) 
Test epoch: 484 | Loss: *0.650* | Acc: *83.400%* (8340/10000)
Train epoch: 485 | Loss: *0.027* | Acc: *99.246%* (49623/50000) 
Test epoch: 485 | Loss: *0.677* | Acc: *83.260%* (8326/10000)
Train epoch: 486 | Loss: *0.041* | Acc: *98.790%* (49395/50000) 
Test epoch: 486 | Loss: *0.727* | Acc: *81.530%* (8153/10000)
Train epoch: 487 | Loss: *0.035* | Acc: *99.012%* (49506/50000) 
Test epoch: 487 | Loss: *0.658* | Acc: *83.340%* (8334/10000)
Train epoch: 488 | Loss: *0.027* | Acc: *99.180%* (49590/50000) 
Test epoch: 488 | Loss: *0.644* | Acc: *83.590%* (8359/10000)
Train epoch: 489 | Loss: *0.026* | Acc: *99.274%* (49637/50000) 
Test epoch: 489 | Loss: *0.606* | Acc: *84.080%* (8408/10000)
Train epoch: 490 | Loss: *0.024* | Acc: *99.364%* (49682/50000) 
Test epoch: 490 | Loss: *0.647* | Acc: *83.570%* (8357/10000)
Train epoch: 491 | Loss: *0.028* | Acc: *99.258%* (49629/50000) 
Test epoch: 491 | Loss: *0.730* | Acc: *82.640%* (8264/10000)
Train epoch: 492 | Loss: *0.031* | Acc: *99.108%* (49554/50000) 
Test epoch: 492 | Loss: *0.612* | Acc: *83.900%* (8390/10000)
Train epoch: 493 | Loss: *0.030* | Acc: *99.214%* (49607/50000) 
Test epoch: 493 | Loss: *0.659* | Acc: *83.330%* (8333/10000)
Train epoch: 494 | Loss: *0.025* | Acc: *99.358%* (49679/50000) 
Test epoch: 494 | Loss: *0.644* | Acc: *84.010%* (8401/10000)
Train epoch: 495 | Loss: *0.024* | Acc: *99.342%* (49671/50000) 
Test epoch: 495 | Loss: *0.625* | Acc: *84.500%* (8450/10000)
Train epoch: 496 | Loss: *0.024* | Acc: *99.396%* (49698/50000) 
Test epoch: 496 | Loss: *0.699* | Acc: *83.040%* (8304/10000)
Train epoch: 497 | Loss: *0.029* | Acc: *99.146%* (49573/50000) 
Test epoch: 497 | Loss: *0.685* | Acc: *83.170%* (8317/10000)
Train epoch: 498 | Loss: *0.030* | Acc: *99.106%* (49553/50000) 
Test epoch: 498 | Loss: *0.615* | Acc: *84.740%* (8474/10000)
Train epoch: 499 | Loss: *0.024* | Acc: *99.318%* (49659/50000) 
Test epoch: 499 | Loss: *0.644* | Acc: *83.860%* (8386/10000)
Train epoch: 500 | Loss: *0.018* | Acc: *99.584%* (49792/50000) 
Test epoch: 500 | Loss: *0.654* | Acc: *84.090%* (8409/10000)
Best test accuracy: *85.760%*, loss: *0.5273418267071247*, at epoch: *133*.
==> Execution time summary of 500 epoch(s).
Train data loading time: sum. *290.3534580152482* secs | avg. *0.5807069160304964* secs per epoch.
Train training time: sum. *1866.5331302639097* secs | avg. *3.7330662605278193* secs per epoch.
Train total time: sum. *2156.886588279158* secs | avg. *4.313773176558316* secs per epoch.
Test data loading time: sum. *107.76389369741082* secs | avg. *0.21552778739482165* secs per epoch.
Test training time: sum. *76.21051072143018* secs | avg. *0.15242102144286038* secs per epoch.
Test total time: sum. *183.974404418841* secs | avg. *0.367948808837682* secs per epoch.
Total data loading time: sum. *398.117351712659* secs | avg. *0.796234703425318* secs per epoch.
Total training time: sum. *1942.7436409853399* secs | avg. *3.8854872819706796* secs per epoch.
Total running time: sum. *2340.860992697999* secs | avg. *4.681721985395998* secs per epoch.
==> Number of GPU device: 1
==> Device 0 Memory Usage
==> Allocated: 0.1 GB
==> Cached:    1.4 GB
==> Maximum: 1.4 GB
