==> Running on : cuda
==> Number of CPU: 48
==> Number of workers: 2
==> #Epochs: 500, #Layers: 4, #Blocks: [2, 1, 1, 1], In channel: 64, Input layer conv kernel: 3x3, Residual layer conv kernel 3x3, Skip kernel: 1x1, Input layer conv padding: 1, Residual layer conv padding: 1
==> Optimizer is SGD with Nesterov
==> Momentum: 0.9
==> Learning rate: 0.1
==> Weight decay: 0.0005
==>Trainable Parameters: 4977226
==>Other Parameters: 0
==>Augmentation: RandomCrop(32, padding=4), RandomHorizontalFlip(), Normalize((0.4914, 0.4822, 0.4465), (0.2023, 0.1994, 0.2010)
Files already downloaded and verified
Train epoch: 1 | Loss: *1.591* | Acc: *41.338%* (20669/50000) 
Test epoch: 1 | Loss: *1.483* | Acc: *47.700%* (4770/10000)
Train epoch: 2 | Loss: *1.076* | Acc: *61.322%* (30661/50000) 
Test epoch: 2 | Loss: *1.051* | Acc: *63.230%* (6323/10000)
Train epoch: 3 | Loss: *0.856* | Acc: *69.756%* (34878/50000) 
Test epoch: 3 | Loss: *0.914* | Acc: *68.110%* (6811/10000)
Train epoch: 4 | Loss: *0.715* | Acc: *74.998%* (37499/50000) 
Test epoch: 4 | Loss: *0.872* | Acc: *71.050%* (7105/10000)
Train epoch: 5 | Loss: *0.616* | Acc: *78.482%* (39241/50000) 
Test epoch: 5 | Loss: *0.834* | Acc: *73.290%* (7329/10000)
Train epoch: 6 | Loss: *0.560* | Acc: *80.562%* (40281/50000) 
Test epoch: 6 | Loss: *0.643* | Acc: *77.830%* (7783/10000)
Train epoch: 7 | Loss: *0.522* | Acc: *82.212%* (41106/50000) 
Test epoch: 7 | Loss: *0.598* | Acc: *79.820%* (7982/10000)
Train epoch: 8 | Loss: *0.495* | Acc: *82.918%* (41459/50000) 
Test epoch: 8 | Loss: *0.654* | Acc: *78.900%* (7890/10000)
Train epoch: 9 | Loss: *0.472* | Acc: *83.708%* (41854/50000) 
Test epoch: 9 | Loss: *0.647* | Acc: *77.910%* (7791/10000)
Train epoch: 10 | Loss: *0.456* | Acc: *84.296%* (42148/50000) 
Test epoch: 10 | Loss: *0.925* | Acc: *71.260%* (7126/10000)
Train epoch: 11 | Loss: *0.437* | Acc: *84.938%* (42469/50000) 
Test epoch: 11 | Loss: *0.622* | Acc: *79.450%* (7945/10000)
Train epoch: 12 | Loss: *0.426* | Acc: *85.232%* (42616/50000) 
Test epoch: 12 | Loss: *0.648* | Acc: *78.530%* (7853/10000)
Train epoch: 13 | Loss: *0.417* | Acc: *85.690%* (42845/50000) 
Test epoch: 13 | Loss: *0.681* | Acc: *78.360%* (7836/10000)
Train epoch: 14 | Loss: *0.407* | Acc: *86.102%* (43051/50000) 
Test epoch: 14 | Loss: *0.747* | Acc: *75.660%* (7566/10000)
Train epoch: 15 | Loss: *0.397* | Acc: *86.208%* (43104/50000) 
Test epoch: 15 | Loss: *0.650* | Acc: *79.500%* (7950/10000)
Train epoch: 16 | Loss: *0.388* | Acc: *86.686%* (43343/50000) 
Test epoch: 16 | Loss: *0.536* | Acc: *81.500%* (8150/10000)
Train epoch: 17 | Loss: *0.380* | Acc: *87.048%* (43524/50000) 
Test epoch: 17 | Loss: *0.486* | Acc: *83.750%* (8375/10000)
Train epoch: 18 | Loss: *0.374* | Acc: *87.050%* (43525/50000) 
Test epoch: 18 | Loss: *0.541* | Acc: *82.510%* (8251/10000)
Train epoch: 19 | Loss: *0.369* | Acc: *87.476%* (43738/50000) 
Test epoch: 19 | Loss: *0.656* | Acc: *78.480%* (7848/10000)
Train epoch: 20 | Loss: *0.361* | Acc: *87.592%* (43796/50000) 
Test epoch: 20 | Loss: *0.487* | Acc: *83.730%* (8373/10000)
Train epoch: 21 | Loss: *0.355* | Acc: *88.000%* (44000/50000) 
Test epoch: 21 | Loss: *0.532* | Acc: *82.300%* (8230/10000)
Train epoch: 22 | Loss: *0.358* | Acc: *87.816%* (43908/50000) 
Test epoch: 22 | Loss: *0.496* | Acc: *82.820%* (8282/10000)
Train epoch: 23 | Loss: *0.348* | Acc: *88.180%* (44090/50000) 
Test epoch: 23 | Loss: *0.584* | Acc: *81.990%* (8199/10000)
Train epoch: 24 | Loss: *0.349* | Acc: *87.988%* (43994/50000) 
Test epoch: 24 | Loss: *0.546* | Acc: *82.460%* (8246/10000)
Train epoch: 25 | Loss: *0.346* | Acc: *88.078%* (44039/50000) 
Test epoch: 25 | Loss: *0.676* | Acc: *78.570%* (7857/10000)
Train epoch: 26 | Loss: *0.340* | Acc: *88.342%* (44171/50000) 
Test epoch: 26 | Loss: *0.559* | Acc: *82.390%* (8239/10000)
Train epoch: 27 | Loss: *0.337* | Acc: *88.420%* (44210/50000) 
Test epoch: 27 | Loss: *0.441* | Acc: *85.170%* (8517/10000)
Train epoch: 28 | Loss: *0.337* | Acc: *88.354%* (44177/50000) 
Test epoch: 28 | Loss: *0.477* | Acc: *84.030%* (8403/10000)
Train epoch: 29 | Loss: *0.330* | Acc: *88.750%* (44375/50000) 
Test epoch: 29 | Loss: *0.504* | Acc: *82.930%* (8293/10000)
Train epoch: 30 | Loss: *0.334* | Acc: *88.418%* (44209/50000) 
Test epoch: 30 | Loss: *0.513* | Acc: *82.950%* (8295/10000)
Train epoch: 31 | Loss: *0.326* | Acc: *88.752%* (44376/50000) 
Test epoch: 31 | Loss: *0.481* | Acc: *83.890%* (8389/10000)
Train epoch: 32 | Loss: *0.328* | Acc: *88.666%* (44333/50000) 
Test epoch: 32 | Loss: *0.502* | Acc: *83.490%* (8349/10000)
Train epoch: 33 | Loss: *0.320* | Acc: *89.050%* (44525/50000) 
Test epoch: 33 | Loss: *0.434* | Acc: *85.460%* (8546/10000)
Train epoch: 34 | Loss: *0.321* | Acc: *89.002%* (44501/50000) 
Test epoch: 34 | Loss: *0.517* | Acc: *83.510%* (8351/10000)
Train epoch: 35 | Loss: *0.320* | Acc: *88.978%* (44489/50000) 
Test epoch: 35 | Loss: *0.450* | Acc: *85.440%* (8544/10000)
Train epoch: 36 | Loss: *0.314* | Acc: *89.326%* (44663/50000) 
Test epoch: 36 | Loss: *0.486* | Acc: *83.370%* (8337/10000)
Train epoch: 37 | Loss: *0.311* | Acc: *89.248%* (44624/50000) 
Test epoch: 37 | Loss: *0.507* | Acc: *84.300%* (8430/10000)
Train epoch: 38 | Loss: *0.313* | Acc: *89.108%* (44554/50000) 
Test epoch: 38 | Loss: *0.540* | Acc: *82.850%* (8285/10000)
Train epoch: 39 | Loss: *0.315* | Acc: *89.210%* (44605/50000) 
Test epoch: 39 | Loss: *0.513* | Acc: *83.580%* (8358/10000)
Train epoch: 40 | Loss: *0.311* | Acc: *89.256%* (44628/50000) 
Test epoch: 40 | Loss: *0.579* | Acc: *81.190%* (8119/10000)
Train epoch: 41 | Loss: *0.314* | Acc: *89.142%* (44571/50000) 
Test epoch: 41 | Loss: *0.493* | Acc: *83.690%* (8369/10000)
Train epoch: 42 | Loss: *0.306* | Acc: *89.548%* (44774/50000) 
Test epoch: 42 | Loss: *0.551* | Acc: *82.530%* (8253/10000)
Train epoch: 43 | Loss: *0.307* | Acc: *89.506%* (44753/50000) 
Test epoch: 43 | Loss: *0.505* | Acc: *83.180%* (8318/10000)
Train epoch: 44 | Loss: *0.302* | Acc: *89.528%* (44764/50000) 
Test epoch: 44 | Loss: *0.419* | Acc: *86.010%* (8601/10000)
Train epoch: 45 | Loss: *0.302* | Acc: *89.584%* (44792/50000) 
Test epoch: 45 | Loss: *0.605* | Acc: *81.830%* (8183/10000)
Train epoch: 46 | Loss: *0.302* | Acc: *89.470%* (44735/50000) 
Test epoch: 46 | Loss: *0.487* | Acc: *84.460%* (8446/10000)
Train epoch: 47 | Loss: *0.299* | Acc: *89.692%* (44846/50000) 
Test epoch: 47 | Loss: *0.491* | Acc: *83.750%* (8375/10000)
Train epoch: 48 | Loss: *0.293* | Acc: *89.932%* (44966/50000) 
Test epoch: 48 | Loss: *0.488* | Acc: *84.670%* (8467/10000)
Train epoch: 49 | Loss: *0.294* | Acc: *90.074%* (45037/50000) 
Test epoch: 49 | Loss: *0.474* | Acc: *84.340%* (8434/10000)
Train epoch: 50 | Loss: *0.291* | Acc: *90.102%* (45051/50000) 
Test epoch: 50 | Loss: *0.468* | Acc: *84.680%* (8468/10000)
Train epoch: 51 | Loss: *0.291* | Acc: *89.968%* (44984/50000) 
Test epoch: 51 | Loss: *0.432* | Acc: *86.110%* (8611/10000)
Train epoch: 52 | Loss: *0.290* | Acc: *90.098%* (45049/50000) 
Test epoch: 52 | Loss: *0.410* | Acc: *86.340%* (8634/10000)
Train epoch: 53 | Loss: *0.283* | Acc: *90.306%* (45153/50000) 
Test epoch: 53 | Loss: *0.603* | Acc: *82.260%* (8226/10000)
Train epoch: 54 | Loss: *0.287* | Acc: *90.136%* (45068/50000) 
Test epoch: 54 | Loss: *0.406* | Acc: *86.210%* (8621/10000)
Train epoch: 55 | Loss: *0.288* | Acc: *90.236%* (45118/50000) 
Test epoch: 55 | Loss: *0.388* | Acc: *86.790%* (8679/10000)
Train epoch: 56 | Loss: *0.283* | Acc: *90.170%* (45085/50000) 
Test epoch: 56 | Loss: *0.737* | Acc: *78.340%* (7834/10000)
Train epoch: 57 | Loss: *0.281* | Acc: *90.436%* (45218/50000) 
Test epoch: 57 | Loss: *0.550* | Acc: *82.770%* (8277/10000)
Train epoch: 58 | Loss: *0.278* | Acc: *90.354%* (45177/50000) 
Test epoch: 58 | Loss: *0.615* | Acc: *82.170%* (8217/10000)
Train epoch: 59 | Loss: *0.278* | Acc: *90.518%* (45259/50000) 
Test epoch: 59 | Loss: *0.529* | Acc: *82.850%* (8285/10000)
Train epoch: 60 | Loss: *0.276* | Acc: *90.562%* (45281/50000) 
Test epoch: 60 | Loss: *0.458* | Acc: *85.650%* (8565/10000)
Train epoch: 61 | Loss: *0.274* | Acc: *90.548%* (45274/50000) 
Test epoch: 61 | Loss: *0.437* | Acc: *85.610%* (8561/10000)
Train epoch: 62 | Loss: *0.272* | Acc: *90.694%* (45347/50000) 
Test epoch: 62 | Loss: *0.659* | Acc: *80.210%* (8021/10000)
Train epoch: 63 | Loss: *0.273* | Acc: *90.522%* (45261/50000) 
Test epoch: 63 | Loss: *0.458* | Acc: *85.300%* (8530/10000)
Train epoch: 64 | Loss: *0.270* | Acc: *90.710%* (45355/50000) 
Test epoch: 64 | Loss: *0.572* | Acc: *82.020%* (8202/10000)
Train epoch: 65 | Loss: *0.267* | Acc: *90.802%* (45401/50000) 
Test epoch: 65 | Loss: *0.499* | Acc: *84.470%* (8447/10000)
Train epoch: 66 | Loss: *0.269* | Acc: *90.830%* (45415/50000) 
Test epoch: 66 | Loss: *0.422* | Acc: *85.930%* (8593/10000)
Train epoch: 67 | Loss: *0.262* | Acc: *90.958%* (45479/50000) 
Test epoch: 67 | Loss: *0.406* | Acc: *87.410%* (8741/10000)
Train epoch: 68 | Loss: *0.265* | Acc: *90.988%* (45494/50000) 
Test epoch: 68 | Loss: *0.548* | Acc: *83.570%* (8357/10000)
Train epoch: 69 | Loss: *0.259* | Acc: *91.088%* (45544/50000) 
Test epoch: 69 | Loss: *0.432* | Acc: *85.920%* (8592/10000)
Train epoch: 70 | Loss: *0.260* | Acc: *91.158%* (45579/50000) 
Test epoch: 70 | Loss: *0.450* | Acc: *85.240%* (8524/10000)
Train epoch: 71 | Loss: *0.258* | Acc: *91.090%* (45545/50000) 
Test epoch: 71 | Loss: *0.508* | Acc: *84.720%* (8472/10000)
Train epoch: 72 | Loss: *0.258* | Acc: *91.148%* (45574/50000) 
Test epoch: 72 | Loss: *0.490* | Acc: *84.700%* (8470/10000)
Train epoch: 73 | Loss: *0.253* | Acc: *91.376%* (45688/50000) 
Test epoch: 73 | Loss: *0.393* | Acc: *87.140%* (8714/10000)
Train epoch: 74 | Loss: *0.252* | Acc: *91.264%* (45632/50000) 
Test epoch: 74 | Loss: *0.458* | Acc: *85.700%* (8570/10000)
Train epoch: 75 | Loss: *0.255* | Acc: *91.232%* (45616/50000) 
Test epoch: 75 | Loss: *0.496* | Acc: *84.810%* (8481/10000)
Train epoch: 76 | Loss: *0.246* | Acc: *91.388%* (45694/50000) 
Test epoch: 76 | Loss: *0.420* | Acc: *86.160%* (8616/10000)
Train epoch: 77 | Loss: *0.244* | Acc: *91.596%* (45798/50000) 
Test epoch: 77 | Loss: *0.399* | Acc: *87.320%* (8732/10000)
Train epoch: 78 | Loss: *0.242* | Acc: *91.706%* (45853/50000) 
Test epoch: 78 | Loss: *0.409* | Acc: *87.660%* (8766/10000)
Train epoch: 79 | Loss: *0.242* | Acc: *91.582%* (45791/50000) 
Test epoch: 79 | Loss: *0.379* | Acc: *87.370%* (8737/10000)
Train epoch: 80 | Loss: *0.242* | Acc: *91.794%* (45897/50000) 
Test epoch: 80 | Loss: *0.505* | Acc: *83.980%* (8398/10000)
Train epoch: 81 | Loss: *0.236* | Acc: *91.886%* (45943/50000) 
Test epoch: 81 | Loss: *0.422* | Acc: *86.850%* (8685/10000)
Train epoch: 82 | Loss: *0.235* | Acc: *91.856%* (45928/50000) 
Test epoch: 82 | Loss: *0.429* | Acc: *86.380%* (8638/10000)
Train epoch: 83 | Loss: *0.234* | Acc: *91.934%* (45967/50000) 
Test epoch: 83 | Loss: *0.665* | Acc: *79.060%* (7906/10000)
Train epoch: 84 | Loss: *0.232* | Acc: *92.134%* (46067/50000) 
Test epoch: 84 | Loss: *0.425* | Acc: *87.010%* (8701/10000)
Train epoch: 85 | Loss: *0.224* | Acc: *92.306%* (46153/50000) 
Test epoch: 85 | Loss: *0.391* | Acc: *87.350%* (8735/10000)
Train epoch: 86 | Loss: *0.232* | Acc: *91.910%* (45955/50000) 
Test epoch: 86 | Loss: *0.365* | Acc: *88.000%* (8800/10000)
Train epoch: 87 | Loss: *0.225* | Acc: *92.182%* (46091/50000) 
Test epoch: 87 | Loss: *0.363* | Acc: *88.010%* (8801/10000)
Train epoch: 88 | Loss: *0.225* | Acc: *92.206%* (46103/50000) 
Test epoch: 88 | Loss: *0.452* | Acc: *85.940%* (8594/10000)
Train epoch: 89 | Loss: *0.224* | Acc: *92.314%* (46157/50000) 
Test epoch: 89 | Loss: *0.331* | Acc: *89.120%* (8912/10000)
Train epoch: 90 | Loss: *0.214* | Acc: *92.594%* (46297/50000) 
Test epoch: 90 | Loss: *0.453* | Acc: *85.610%* (8561/10000)
Train epoch: 91 | Loss: *0.218* | Acc: *92.492%* (46246/50000) 
Test epoch: 91 | Loss: *0.375* | Acc: *88.050%* (8805/10000)
Train epoch: 92 | Loss: *0.216* | Acc: *92.558%* (46279/50000) 
Test epoch: 92 | Loss: *0.519* | Acc: *84.350%* (8435/10000)
Train epoch: 93 | Loss: *0.215* | Acc: *92.730%* (46365/50000) 
Test epoch: 93 | Loss: *0.461* | Acc: *85.640%* (8564/10000)
Train epoch: 94 | Loss: *0.210* | Acc: *92.788%* (46394/50000) 
Test epoch: 94 | Loss: *0.422* | Acc: *86.340%* (8634/10000)
Train epoch: 95 | Loss: *0.210* | Acc: *92.704%* (46352/50000) 
Test epoch: 95 | Loss: *0.453* | Acc: *85.990%* (8599/10000)
Train epoch: 96 | Loss: *0.207* | Acc: *92.850%* (46425/50000) 
Test epoch: 96 | Loss: *0.462* | Acc: *86.270%* (8627/10000)
Train epoch: 97 | Loss: *0.203* | Acc: *92.936%* (46468/50000) 
Test epoch: 97 | Loss: *0.377* | Acc: *87.600%* (8760/10000)
Train epoch: 98 | Loss: *0.199* | Acc: *93.156%* (46578/50000) 
Test epoch: 98 | Loss: *0.392* | Acc: *87.890%* (8789/10000)
Train epoch: 99 | Loss: *0.201* | Acc: *93.062%* (46531/50000) 
Test epoch: 99 | Loss: *0.386* | Acc: *88.240%* (8824/10000)
Train epoch: 100 | Loss: *0.195* | Acc: *93.280%* (46640/50000) 
Test epoch: 100 | Loss: *0.609* | Acc: *83.370%* (8337/10000)
Train epoch: 101 | Loss: *0.198* | Acc: *93.314%* (46657/50000) 
Test epoch: 101 | Loss: *0.362* | Acc: *88.480%* (8848/10000)
Train epoch: 102 | Loss: *0.193* | Acc: *93.336%* (46668/50000) 
Test epoch: 102 | Loss: *0.407* | Acc: *87.410%* (8741/10000)
Train epoch: 103 | Loss: *0.191* | Acc: *93.404%* (46702/50000) 
Test epoch: 103 | Loss: *0.415* | Acc: *87.410%* (8741/10000)
Train epoch: 104 | Loss: *0.193* | Acc: *93.336%* (46668/50000) 
Test epoch: 104 | Loss: *0.332* | Acc: *89.570%* (8957/10000)
Train epoch: 105 | Loss: *0.186* | Acc: *93.712%* (46856/50000) 
Test epoch: 105 | Loss: *0.388* | Acc: *88.490%* (8849/10000)
Train epoch: 106 | Loss: *0.180* | Acc: *93.680%* (46840/50000) 
Test epoch: 106 | Loss: *0.354* | Acc: *88.690%* (8869/10000)
Train epoch: 107 | Loss: *0.180* | Acc: *93.744%* (46872/50000) 
Test epoch: 107 | Loss: *0.381* | Acc: *88.090%* (8809/10000)
Train epoch: 108 | Loss: *0.174* | Acc: *93.982%* (46991/50000) 
Test epoch: 108 | Loss: *0.376* | Acc: *88.100%* (8810/10000)
Train epoch: 109 | Loss: *0.173* | Acc: *93.990%* (46995/50000) 
Test epoch: 109 | Loss: *0.371* | Acc: *88.370%* (8837/10000)
Train epoch: 110 | Loss: *0.175* | Acc: *93.894%* (46947/50000) 
Test epoch: 110 | Loss: *0.361* | Acc: *88.800%* (8880/10000)
Train epoch: 111 | Loss: *0.170* | Acc: *94.122%* (47061/50000) 
Test epoch: 111 | Loss: *0.328* | Acc: *89.620%* (8962/10000)
Train epoch: 112 | Loss: *0.168* | Acc: *94.180%* (47090/50000) 
Test epoch: 112 | Loss: *0.391* | Acc: *87.660%* (8766/10000)
Train epoch: 113 | Loss: *0.166* | Acc: *94.148%* (47074/50000) 
Test epoch: 113 | Loss: *0.469* | Acc: *86.350%* (8635/10000)
Train epoch: 114 | Loss: *0.160* | Acc: *94.502%* (47251/50000) 
Test epoch: 114 | Loss: *0.331* | Acc: *89.380%* (8938/10000)
Train epoch: 115 | Loss: *0.161* | Acc: *94.484%* (47242/50000) 
Test epoch: 115 | Loss: *0.382* | Acc: *88.470%* (8847/10000)
Train epoch: 116 | Loss: *0.154* | Acc: *94.744%* (47372/50000) 
Test epoch: 116 | Loss: *0.365* | Acc: *88.970%* (8897/10000)
Train epoch: 117 | Loss: *0.155* | Acc: *94.722%* (47361/50000) 
Test epoch: 117 | Loss: *0.342* | Acc: *89.490%* (8949/10000)
Train epoch: 118 | Loss: *0.152* | Acc: *94.730%* (47365/50000) 
Test epoch: 118 | Loss: *0.337* | Acc: *89.620%* (8962/10000)
Train epoch: 119 | Loss: *0.148* | Acc: *94.926%* (47463/50000) 
Test epoch: 119 | Loss: *0.319* | Acc: *89.800%* (8980/10000)
Train epoch: 120 | Loss: *0.144* | Acc: *95.074%* (47537/50000) 
Test epoch: 120 | Loss: *0.398* | Acc: *88.080%* (8808/10000)
Train epoch: 121 | Loss: *0.140* | Acc: *95.146%* (47573/50000) 
Test epoch: 121 | Loss: *0.385* | Acc: *88.500%* (8850/10000)
Train epoch: 122 | Loss: *0.139* | Acc: *95.276%* (47638/50000) 
Test epoch: 122 | Loss: *0.385* | Acc: *88.380%* (8838/10000)
Train epoch: 123 | Loss: *0.136* | Acc: *95.362%* (47681/50000) 
Test epoch: 123 | Loss: *0.325* | Acc: *90.060%* (9006/10000)
Train epoch: 124 | Loss: *0.132* | Acc: *95.468%* (47734/50000) 
Test epoch: 124 | Loss: *0.328* | Acc: *89.920%* (8992/10000)
Train epoch: 125 | Loss: *0.128* | Acc: *95.634%* (47817/50000) 
Test epoch: 125 | Loss: *0.322* | Acc: *90.200%* (9020/10000)
Train epoch: 126 | Loss: *0.128* | Acc: *95.652%* (47826/50000) 
Test epoch: 126 | Loss: *0.358* | Acc: *88.820%* (8882/10000)
Train epoch: 127 | Loss: *0.130* | Acc: *95.584%* (47792/50000) 
Test epoch: 127 | Loss: *0.373* | Acc: *89.030%* (8903/10000)
Train epoch: 128 | Loss: *0.122* | Acc: *95.814%* (47907/50000) 
Test epoch: 128 | Loss: *0.295* | Acc: *91.240%* (9124/10000)
Train epoch: 129 | Loss: *0.118* | Acc: *95.956%* (47978/50000) 
Test epoch: 129 | Loss: *0.321* | Acc: *90.050%* (9005/10000)
Train epoch: 130 | Loss: *0.113* | Acc: *96.140%* (48070/50000) 
Test epoch: 130 | Loss: *0.345* | Acc: *89.700%* (8970/10000)
Train epoch: 131 | Loss: *0.115* | Acc: *96.036%* (48018/50000) 
Test epoch: 131 | Loss: *0.301* | Acc: *90.590%* (9059/10000)
Train epoch: 132 | Loss: *0.101* | Acc: *96.504%* (48252/50000) 
Test epoch: 132 | Loss: *0.319* | Acc: *90.440%* (9044/10000)
Train epoch: 133 | Loss: *0.110* | Acc: *96.116%* (48058/50000) 
Test epoch: 133 | Loss: *0.354* | Acc: *89.720%* (8972/10000)
Train epoch: 134 | Loss: *0.102* | Acc: *96.468%* (48234/50000) 
Test epoch: 134 | Loss: *0.357* | Acc: *89.620%* (8962/10000)
Train epoch: 135 | Loss: *0.098* | Acc: *96.708%* (48354/50000) 
Test epoch: 135 | Loss: *0.292* | Acc: *91.200%* (9120/10000)
Train epoch: 136 | Loss: *0.096* | Acc: *96.786%* (48393/50000) 
Test epoch: 136 | Loss: *0.331* | Acc: *90.270%* (9027/10000)
Train epoch: 137 | Loss: *0.095* | Acc: *96.758%* (48379/50000) 
Test epoch: 137 | Loss: *0.279* | Acc: *91.780%* (9178/10000)
Train epoch: 138 | Loss: *0.090* | Acc: *96.946%* (48473/50000) 
Test epoch: 138 | Loss: *0.284* | Acc: *91.670%* (9167/10000)
Train epoch: 139 | Loss: *0.085* | Acc: *97.190%* (48595/50000) 
Test epoch: 139 | Loss: *0.300* | Acc: *91.120%* (9112/10000)
Train epoch: 140 | Loss: *0.085* | Acc: *97.184%* (48592/50000) 
Test epoch: 140 | Loss: *0.311* | Acc: *90.430%* (9043/10000)
Train epoch: 141 | Loss: *0.078* | Acc: *97.388%* (48694/50000) 
Test epoch: 141 | Loss: *0.287* | Acc: *91.840%* (9184/10000)
Train epoch: 142 | Loss: *0.077* | Acc: *97.412%* (48706/50000) 
Test epoch: 142 | Loss: *0.340* | Acc: *90.220%* (9022/10000)
Train epoch: 143 | Loss: *0.070* | Acc: *97.648%* (48824/50000) 
Test epoch: 143 | Loss: *0.296* | Acc: *91.210%* (9121/10000)
Train epoch: 144 | Loss: *0.071* | Acc: *97.658%* (48829/50000) 
Test epoch: 144 | Loss: *0.308* | Acc: *91.550%* (9155/10000)
Train epoch: 145 | Loss: *0.065* | Acc: *97.880%* (48940/50000) 
Test epoch: 145 | Loss: *0.309* | Acc: *91.240%* (9124/10000)
Train epoch: 146 | Loss: *0.067* | Acc: *97.768%* (48884/50000) 
Test epoch: 146 | Loss: *0.311* | Acc: *91.150%* (9115/10000)
Train epoch: 147 | Loss: *0.065* | Acc: *97.908%* (48954/50000) 
Test epoch: 147 | Loss: *0.292* | Acc: *91.620%* (9162/10000)
Train epoch: 148 | Loss: *0.054* | Acc: *98.246%* (49123/50000) 
Test epoch: 148 | Loss: *0.303* | Acc: *91.650%* (9165/10000)
Train epoch: 149 | Loss: *0.056* | Acc: *98.212%* (49106/50000) 
Test epoch: 149 | Loss: *0.278* | Acc: *92.060%* (9206/10000)
Train epoch: 150 | Loss: *0.050* | Acc: *98.450%* (49225/50000) 
Test epoch: 150 | Loss: *0.257* | Acc: *92.520%* (9252/10000)
Train epoch: 151 | Loss: *0.048* | Acc: *98.526%* (49263/50000) 
Test epoch: 151 | Loss: *0.270* | Acc: *92.090%* (9209/10000)
Train epoch: 152 | Loss: *0.044* | Acc: *98.654%* (49327/50000) 
Test epoch: 152 | Loss: *0.294* | Acc: *91.770%* (9177/10000)
Train epoch: 153 | Loss: *0.040* | Acc: *98.810%* (49405/50000) 
Test epoch: 153 | Loss: *0.265* | Acc: *92.540%* (9254/10000)
Train epoch: 154 | Loss: *0.036* | Acc: *98.992%* (49496/50000) 
Test epoch: 154 | Loss: *0.282* | Acc: *92.030%* (9203/10000)
Train epoch: 155 | Loss: *0.036* | Acc: *99.020%* (49510/50000) 
Test epoch: 155 | Loss: *0.267* | Acc: *92.720%* (9272/10000)
Train epoch: 156 | Loss: *0.034* | Acc: *98.948%* (49474/50000) 
Test epoch: 156 | Loss: *0.258* | Acc: *92.650%* (9265/10000)
Train epoch: 157 | Loss: *0.030* | Acc: *99.098%* (49549/50000) 
Test epoch: 157 | Loss: *0.257* | Acc: *92.560%* (9256/10000)
Train epoch: 158 | Loss: *0.026* | Acc: *99.320%* (49660/50000) 
Test epoch: 158 | Loss: *0.238* | Acc: *92.940%* (9294/10000)
Train epoch: 159 | Loss: *0.022* | Acc: *99.426%* (49713/50000) 
Test epoch: 159 | Loss: *0.246* | Acc: *93.060%* (9306/10000)
Train epoch: 160 | Loss: *0.022* | Acc: *99.414%* (49707/50000) 
Test epoch: 160 | Loss: *0.246* | Acc: *93.240%* (9324/10000)
Train epoch: 161 | Loss: *0.019* | Acc: *99.520%* (49760/50000) 
Test epoch: 161 | Loss: *0.218* | Acc: *93.850%* (9385/10000)
Train epoch: 162 | Loss: *0.016* | Acc: *99.634%* (49817/50000) 
Test epoch: 162 | Loss: *0.224* | Acc: *93.830%* (9383/10000)
Train epoch: 163 | Loss: *0.012* | Acc: *99.798%* (49899/50000) 
Test epoch: 163 | Loss: *0.220* | Acc: *94.080%* (9408/10000)
Train epoch: 164 | Loss: *0.012* | Acc: *99.738%* (49869/50000) 
Test epoch: 164 | Loss: *0.223* | Acc: *93.870%* (9387/10000)
Train epoch: 165 | Loss: *0.010* | Acc: *99.816%* (49908/50000) 
Test epoch: 165 | Loss: *0.210* | Acc: *94.000%* (9400/10000)
Train epoch: 166 | Loss: *0.010* | Acc: *99.838%* (49919/50000) 
Test epoch: 166 | Loss: *0.209* | Acc: *93.970%* (9397/10000)
Train epoch: 167 | Loss: *0.007* | Acc: *99.934%* (49967/50000) 
Test epoch: 167 | Loss: *0.204* | Acc: *94.360%* (9436/10000)
Train epoch: 168 | Loss: *0.007* | Acc: *99.916%* (49958/50000) 
Test epoch: 168 | Loss: *0.204* | Acc: *94.430%* (9443/10000)
Train epoch: 169 | Loss: *0.006* | Acc: *99.942%* (49971/50000) 
Test epoch: 169 | Loss: *0.201* | Acc: *94.190%* (9419/10000)
Train epoch: 170 | Loss: *0.006* | Acc: *99.952%* (49976/50000) 
Test epoch: 170 | Loss: *0.198* | Acc: *94.410%* (9441/10000)
Train epoch: 171 | Loss: *0.005* | Acc: *99.952%* (49976/50000) 
Test epoch: 171 | Loss: *0.194* | Acc: *94.620%* (9462/10000)
Train epoch: 172 | Loss: *0.005* | Acc: *99.974%* (49987/50000) 
Test epoch: 172 | Loss: *0.187* | Acc: *94.730%* (9473/10000)
Train epoch: 173 | Loss: *0.005* | Acc: *99.968%* (49984/50000) 
Test epoch: 173 | Loss: *0.192* | Acc: *94.610%* (9461/10000)
Train epoch: 174 | Loss: *0.005* | Acc: *99.962%* (49981/50000) 
Test epoch: 174 | Loss: *0.190* | Acc: *94.720%* (9472/10000)
Train epoch: 175 | Loss: *0.004* | Acc: *99.988%* (49994/50000) 
Test epoch: 175 | Loss: *0.185* | Acc: *94.680%* (9468/10000)
Train epoch: 176 | Loss: *0.004* | Acc: *99.980%* (49990/50000) 
Test epoch: 176 | Loss: *0.185* | Acc: *94.780%* (9478/10000)
Train epoch: 177 | Loss: *0.004* | Acc: *99.990%* (49995/50000) 
Test epoch: 177 | Loss: *0.183* | Acc: *94.940%* (9494/10000)
Train epoch: 178 | Loss: *0.004* | Acc: *99.996%* (49998/50000) 
Test epoch: 178 | Loss: *0.182* | Acc: *94.840%* (9484/10000)
Train epoch: 179 | Loss: *0.004* | Acc: *99.980%* (49990/50000) 
Test epoch: 179 | Loss: *0.183* | Acc: *94.750%* (9475/10000)
Train epoch: 180 | Loss: *0.004* | Acc: *99.988%* (49994/50000) 
Test epoch: 180 | Loss: *0.180* | Acc: *94.720%* (9472/10000)
Train epoch: 181 | Loss: *0.003* | Acc: *99.990%* (49995/50000) 
Test epoch: 181 | Loss: *0.178* | Acc: *94.880%* (9488/10000)
Train epoch: 182 | Loss: *0.004* | Acc: *99.990%* (49995/50000) 
Test epoch: 182 | Loss: *0.177* | Acc: *94.830%* (9483/10000)
Train epoch: 183 | Loss: *0.003* | Acc: *99.990%* (49995/50000) 
Test epoch: 183 | Loss: *0.180* | Acc: *94.780%* (9478/10000)
Train epoch: 184 | Loss: *0.003* | Acc: *99.994%* (49997/50000) 
Test epoch: 184 | Loss: *0.180* | Acc: *94.820%* (9482/10000)
Train epoch: 185 | Loss: *0.003* | Acc: *99.992%* (49996/50000) 
Test epoch: 185 | Loss: *0.182* | Acc: *94.810%* (9481/10000)
Train epoch: 186 | Loss: *0.003* | Acc: *99.996%* (49998/50000) 
Test epoch: 186 | Loss: *0.176* | Acc: *94.780%* (9478/10000)
Train epoch: 187 | Loss: *0.003* | Acc: *100.000%* (50000/50000) 
Test epoch: 187 | Loss: *0.178* | Acc: *94.870%* (9487/10000)
Train epoch: 188 | Loss: *0.003* | Acc: *99.996%* (49998/50000) 
Test epoch: 188 | Loss: *0.177* | Acc: *94.890%* (9489/10000)
Train epoch: 189 | Loss: *0.003* | Acc: *99.998%* (49999/50000) 
Test epoch: 189 | Loss: *0.177* | Acc: *94.840%* (9484/10000)
Train epoch: 190 | Loss: *0.003* | Acc: *99.996%* (49998/50000) 
Test epoch: 190 | Loss: *0.178* | Acc: *94.850%* (9485/10000)
Train epoch: 191 | Loss: *0.003* | Acc: *99.996%* (49998/50000) 
Test epoch: 191 | Loss: *0.177* | Acc: *94.820%* (9482/10000)
Train epoch: 192 | Loss: *0.003* | Acc: *99.996%* (49998/50000) 
Test epoch: 192 | Loss: *0.175* | Acc: *94.940%* (9494/10000)
Train epoch: 193 | Loss: *0.003* | Acc: *99.998%* (49999/50000) 
Test epoch: 193 | Loss: *0.176* | Acc: *94.770%* (9477/10000)
Train epoch: 194 | Loss: *0.003* | Acc: *99.994%* (49997/50000) 
Test epoch: 194 | Loss: *0.177* | Acc: *94.780%* (9478/10000)
Train epoch: 195 | Loss: *0.003* | Acc: *99.996%* (49998/50000) 
Test epoch: 195 | Loss: *0.174* | Acc: *94.840%* (9484/10000)
Train epoch: 196 | Loss: *0.003* | Acc: *99.998%* (49999/50000) 
Test epoch: 196 | Loss: *0.176* | Acc: *94.900%* (9490/10000)
Train epoch: 197 | Loss: *0.003* | Acc: *100.000%* (50000/50000) 
Test epoch: 197 | Loss: *0.174* | Acc: *95.020%* (9502/10000)
Train epoch: 198 | Loss: *0.003* | Acc: *99.996%* (49998/50000) 
Test epoch: 198 | Loss: *0.176* | Acc: *94.870%* (9487/10000)
Train epoch: 199 | Loss: *0.003* | Acc: *99.998%* (49999/50000) 
Test epoch: 199 | Loss: *0.177* | Acc: *94.760%* (9476/10000)
Train epoch: 200 | Loss: *0.003* | Acc: *99.996%* (49998/50000) 
Test epoch: 200 | Loss: *0.176* | Acc: *94.910%* (9491/10000)
Train epoch: 201 | Loss: *0.003* | Acc: *99.998%* (49999/50000) 
Test epoch: 201 | Loss: *0.175* | Acc: *94.990%* (9499/10000)
Train epoch: 202 | Loss: *0.003* | Acc: *100.000%* (50000/50000) 
Test epoch: 202 | Loss: *0.175* | Acc: *94.850%* (9485/10000)
Train epoch: 203 | Loss: *0.003* | Acc: *99.994%* (49997/50000) 
Test epoch: 203 | Loss: *0.174* | Acc: *94.920%* (9492/10000)
Train epoch: 204 | Loss: *0.003* | Acc: *99.996%* (49998/50000) 
Test epoch: 204 | Loss: *0.176* | Acc: *94.900%* (9490/10000)
Train epoch: 205 | Loss: *0.003* | Acc: *99.994%* (49997/50000) 
Test epoch: 205 | Loss: *0.175* | Acc: *94.930%* (9493/10000)
Train epoch: 206 | Loss: *0.003* | Acc: *99.998%* (49999/50000) 
Test epoch: 206 | Loss: *0.175* | Acc: *94.920%* (9492/10000)
Train epoch: 207 | Loss: *0.003* | Acc: *99.996%* (49998/50000) 
Test epoch: 207 | Loss: *0.175* | Acc: *94.900%* (9490/10000)
Train epoch: 208 | Loss: *0.003* | Acc: *99.998%* (49999/50000) 
Test epoch: 208 | Loss: *0.175* | Acc: *94.940%* (9494/10000)
Train epoch: 209 | Loss: *0.003* | Acc: *99.998%* (49999/50000) 
Test epoch: 209 | Loss: *0.175* | Acc: *94.930%* (9493/10000)
Train epoch: 210 | Loss: *0.003* | Acc: *99.996%* (49998/50000) 
Test epoch: 210 | Loss: *0.175* | Acc: *94.950%* (9495/10000)
Train epoch: 211 | Loss: *0.003* | Acc: *99.996%* (49998/50000) 
Test epoch: 211 | Loss: *0.174* | Acc: *94.910%* (9491/10000)
Train epoch: 212 | Loss: *0.003* | Acc: *99.998%* (49999/50000) 
Test epoch: 212 | Loss: *0.174* | Acc: *94.950%* (9495/10000)
Train epoch: 213 | Loss: *0.003* | Acc: *99.994%* (49997/50000) 
Test epoch: 213 | Loss: *0.175* | Acc: *94.910%* (9491/10000)
Train epoch: 214 | Loss: *0.003* | Acc: *100.000%* (50000/50000) 
Test epoch: 214 | Loss: *0.175* | Acc: *94.880%* (9488/10000)
Train epoch: 215 | Loss: *0.003* | Acc: *100.000%* (50000/50000) 
Test epoch: 215 | Loss: *0.177* | Acc: *94.760%* (9476/10000)
Train epoch: 216 | Loss: *0.003* | Acc: *99.998%* (49999/50000) 
Test epoch: 216 | Loss: *0.177* | Acc: *94.790%* (9479/10000)
Train epoch: 217 | Loss: *0.003* | Acc: *100.000%* (50000/50000) 
Test epoch: 217 | Loss: *0.177* | Acc: *94.820%* (9482/10000)
Train epoch: 218 | Loss: *0.003* | Acc: *99.994%* (49997/50000) 
Test epoch: 218 | Loss: *0.177* | Acc: *94.910%* (9491/10000)
Train epoch: 219 | Loss: *0.003* | Acc: *99.996%* (49998/50000) 
Test epoch: 219 | Loss: *0.177* | Acc: *94.890%* (9489/10000)
Train epoch: 220 | Loss: *0.003* | Acc: *99.994%* (49997/50000) 
Test epoch: 220 | Loss: *0.175* | Acc: *94.920%* (9492/10000)
Train epoch: 221 | Loss: *0.003* | Acc: *99.996%* (49998/50000) 
Test epoch: 221 | Loss: *0.176* | Acc: *94.760%* (9476/10000)
Train epoch: 222 | Loss: *0.003* | Acc: *99.998%* (49999/50000) 
Test epoch: 222 | Loss: *0.178* | Acc: *94.820%* (9482/10000)
Train epoch: 223 | Loss: *0.003* | Acc: *99.998%* (49999/50000) 
Test epoch: 223 | Loss: *0.174* | Acc: *94.960%* (9496/10000)
Train epoch: 224 | Loss: *0.003* | Acc: *100.000%* (50000/50000) 
Test epoch: 224 | Loss: *0.175* | Acc: *94.840%* (9484/10000)
Train epoch: 225 | Loss: *0.003* | Acc: *99.994%* (49997/50000) 
Test epoch: 225 | Loss: *0.178* | Acc: *94.710%* (9471/10000)
Train epoch: 226 | Loss: *0.004* | Acc: *99.998%* (49999/50000) 
Test epoch: 226 | Loss: *0.176* | Acc: *94.730%* (9473/10000)
Train epoch: 227 | Loss: *0.004* | Acc: *99.998%* (49999/50000) 
Test epoch: 227 | Loss: *0.175* | Acc: *94.960%* (9496/10000)
Train epoch: 228 | Loss: *0.004* | Acc: *99.992%* (49996/50000) 
Test epoch: 228 | Loss: *0.178* | Acc: *94.560%* (9456/10000)
Train epoch: 229 | Loss: *0.004* | Acc: *99.998%* (49999/50000) 
Test epoch: 229 | Loss: *0.180* | Acc: *94.710%* (9471/10000)
Train epoch: 230 | Loss: *0.004* | Acc: *100.000%* (50000/50000) 
Test epoch: 230 | Loss: *0.178* | Acc: *94.620%* (9462/10000)
Train epoch: 231 | Loss: *0.004* | Acc: *100.000%* (50000/50000) 
Test epoch: 231 | Loss: *0.182* | Acc: *94.660%* (9466/10000)
Train epoch: 232 | Loss: *0.004* | Acc: *99.984%* (49992/50000) 
Test epoch: 232 | Loss: *0.188* | Acc: *94.460%* (9446/10000)
Train epoch: 233 | Loss: *0.005* | Acc: *99.982%* (49991/50000) 
Test epoch: 233 | Loss: *0.184* | Acc: *94.720%* (9472/10000)
Train epoch: 234 | Loss: *0.005* | Acc: *99.990%* (49995/50000) 
Test epoch: 234 | Loss: *0.193* | Acc: *94.350%* (9435/10000)
Train epoch: 235 | Loss: *0.004* | Acc: *99.996%* (49998/50000) 
Test epoch: 235 | Loss: *0.194* | Acc: *94.000%* (9400/10000)
Train epoch: 236 | Loss: *0.008* | Acc: *99.926%* (49963/50000) 
Test epoch: 236 | Loss: *0.250* | Acc: *92.950%* (9295/10000)
Train epoch: 237 | Loss: *0.051* | Acc: *98.532%* (49266/50000) 
Test epoch: 237 | Loss: *0.460* | Acc: *87.410%* (8741/10000)
Train epoch: 238 | Loss: *0.108* | Acc: *96.430%* (48215/50000) 
Test epoch: 238 | Loss: *0.331* | Acc: *90.130%* (9013/10000)
Train epoch: 239 | Loss: *0.096* | Acc: *96.818%* (48409/50000) 
Test epoch: 239 | Loss: *0.340* | Acc: *90.290%* (9029/10000)
Train epoch: 240 | Loss: *0.104* | Acc: *96.448%* (48224/50000) 
Test epoch: 240 | Loss: *0.378* | Acc: *89.210%* (8921/10000)
Train epoch: 241 | Loss: *0.097* | Acc: *96.800%* (48400/50000) 
Test epoch: 241 | Loss: *0.356* | Acc: *89.960%* (8996/10000)
Train epoch: 242 | Loss: *0.094* | Acc: *96.858%* (48429/50000) 
Test epoch: 242 | Loss: *0.367* | Acc: *89.570%* (8957/10000)
Train epoch: 243 | Loss: *0.096* | Acc: *96.838%* (48419/50000) 
Test epoch: 243 | Loss: *0.336* | Acc: *90.660%* (9066/10000)
Train epoch: 244 | Loss: *0.098* | Acc: *96.740%* (48370/50000) 
Test epoch: 244 | Loss: *0.338* | Acc: *90.390%* (9039/10000)
Train epoch: 245 | Loss: *0.098* | Acc: *96.656%* (48328/50000) 
Test epoch: 245 | Loss: *0.306* | Acc: *90.890%* (9089/10000)
Train epoch: 246 | Loss: *0.098* | Acc: *96.746%* (48373/50000) 
Test epoch: 246 | Loss: *0.333* | Acc: *90.440%* (9044/10000)
Train epoch: 247 | Loss: *0.097* | Acc: *96.710%* (48355/50000) 
Test epoch: 247 | Loss: *0.363* | Acc: *89.590%* (8959/10000)
Train epoch: 248 | Loss: *0.097* | Acc: *96.724%* (48362/50000) 
Test epoch: 248 | Loss: *0.336* | Acc: *90.410%* (9041/10000)
Train epoch: 249 | Loss: *0.095* | Acc: *96.732%* (48366/50000) 
Test epoch: 249 | Loss: *0.399* | Acc: *89.070%* (8907/10000)
Train epoch: 250 | Loss: *0.097* | Acc: *96.754%* (48377/50000) 
Test epoch: 250 | Loss: *0.340* | Acc: *90.400%* (9040/10000)
Train epoch: 251 | Loss: *0.096* | Acc: *96.662%* (48331/50000) 
Test epoch: 251 | Loss: *0.310* | Acc: *90.910%* (9091/10000)
Train epoch: 252 | Loss: *0.103* | Acc: *96.418%* (48209/50000) 
Test epoch: 252 | Loss: *0.439* | Acc: *88.020%* (8802/10000)
Train epoch: 253 | Loss: *0.101* | Acc: *96.568%* (48284/50000) 
Test epoch: 253 | Loss: *0.362* | Acc: *89.650%* (8965/10000)
Train epoch: 254 | Loss: *0.101* | Acc: *96.656%* (48328/50000) 
Test epoch: 254 | Loss: *0.313* | Acc: *91.050%* (9105/10000)
Train epoch: 255 | Loss: *0.096* | Acc: *96.754%* (48377/50000) 
Test epoch: 255 | Loss: *0.311* | Acc: *90.940%* (9094/10000)
Train epoch: 256 | Loss: *0.102* | Acc: *96.474%* (48237/50000) 
Test epoch: 256 | Loss: *0.366* | Acc: *89.200%* (8920/10000)
Train epoch: 257 | Loss: *0.104* | Acc: *96.396%* (48198/50000) 
Test epoch: 257 | Loss: *0.417* | Acc: *88.020%* (8802/10000)
Train epoch: 258 | Loss: *0.102* | Acc: *96.524%* (48262/50000) 
Test epoch: 258 | Loss: *0.342* | Acc: *90.210%* (9021/10000)
Train epoch: 259 | Loss: *0.105* | Acc: *96.428%* (48214/50000) 
Test epoch: 259 | Loss: *0.329* | Acc: *90.420%* (9042/10000)
Train epoch: 260 | Loss: *0.114* | Acc: *96.052%* (48026/50000) 
Test epoch: 260 | Loss: *0.326* | Acc: *90.930%* (9093/10000)
Train epoch: 261 | Loss: *0.107* | Acc: *96.366%* (48183/50000) 
Test epoch: 261 | Loss: *0.335* | Acc: *90.640%* (9064/10000)
Train epoch: 262 | Loss: *0.110* | Acc: *96.278%* (48139/50000) 
Test epoch: 262 | Loss: *0.313* | Acc: *90.420%* (9042/10000)
Train epoch: 263 | Loss: *0.114* | Acc: *96.104%* (48052/50000) 
Test epoch: 263 | Loss: *0.326* | Acc: *90.240%* (9024/10000)
Train epoch: 264 | Loss: *0.109* | Acc: *96.392%* (48196/50000) 
Test epoch: 264 | Loss: *0.323* | Acc: *90.460%* (9046/10000)
Train epoch: 265 | Loss: *0.113* | Acc: *96.172%* (48086/50000) 
Test epoch: 265 | Loss: *0.412* | Acc: *88.380%* (8838/10000)
Train epoch: 266 | Loss: *0.115* | Acc: *96.028%* (48014/50000) 
Test epoch: 266 | Loss: *0.362* | Acc: *89.770%* (8977/10000)
Train epoch: 267 | Loss: *0.115* | Acc: *96.084%* (48042/50000) 
Test epoch: 267 | Loss: *0.324* | Acc: *90.640%* (9064/10000)
Train epoch: 268 | Loss: *0.122* | Acc: *95.840%* (47920/50000) 
Test epoch: 268 | Loss: *0.310* | Acc: *91.240%* (9124/10000)
Train epoch: 269 | Loss: *0.123* | Acc: *95.804%* (47902/50000) 
Test epoch: 269 | Loss: *0.365* | Acc: *89.290%* (8929/10000)
Train epoch: 270 | Loss: *0.128* | Acc: *95.576%* (47788/50000) 
Test epoch: 270 | Loss: *0.367* | Acc: *89.210%* (8921/10000)
Train epoch: 271 | Loss: *0.126* | Acc: *95.642%* (47821/50000) 
Test epoch: 271 | Loss: *0.354* | Acc: *89.080%* (8908/10000)
Train epoch: 272 | Loss: *0.125* | Acc: *95.708%* (47854/50000) 
Test epoch: 272 | Loss: *0.469* | Acc: *86.960%* (8696/10000)
Train epoch: 273 | Loss: *0.127* | Acc: *95.496%* (47748/50000) 
Test epoch: 273 | Loss: *0.390* | Acc: *88.960%* (8896/10000)
Train epoch: 274 | Loss: *0.132* | Acc: *95.382%* (47691/50000) 
Test epoch: 274 | Loss: *0.391* | Acc: *88.380%* (8838/10000)
Train epoch: 275 | Loss: *0.138* | Acc: *95.362%* (47681/50000) 
Test epoch: 275 | Loss: *0.335* | Acc: *89.980%* (8998/10000)
Train epoch: 276 | Loss: *0.132* | Acc: *95.454%* (47727/50000) 
Test epoch: 276 | Loss: *0.343* | Acc: *89.580%* (8958/10000)
Train epoch: 277 | Loss: *0.139* | Acc: *95.342%* (47671/50000) 
Test epoch: 277 | Loss: *0.377* | Acc: *89.070%* (8907/10000)
Train epoch: 278 | Loss: *0.134* | Acc: *95.404%* (47702/50000) 
Test epoch: 278 | Loss: *0.336* | Acc: *89.620%* (8962/10000)
Train epoch: 279 | Loss: *0.143* | Acc: *95.116%* (47558/50000) 
Test epoch: 279 | Loss: *0.327* | Acc: *90.330%* (9033/10000)
Train epoch: 280 | Loss: *0.147* | Acc: *94.916%* (47458/50000) 
Test epoch: 280 | Loss: *0.442* | Acc: *87.250%* (8725/10000)
Train epoch: 281 | Loss: *0.143* | Acc: *95.034%* (47517/50000) 
Test epoch: 281 | Loss: *0.396* | Acc: *88.360%* (8836/10000)
Train epoch: 282 | Loss: *0.147* | Acc: *94.866%* (47433/50000) 
Test epoch: 282 | Loss: *0.396* | Acc: *88.650%* (8865/10000)
Train epoch: 283 | Loss: *0.150* | Acc: *94.812%* (47406/50000) 
Test epoch: 283 | Loss: *0.511* | Acc: *85.810%* (8581/10000)
Train epoch: 284 | Loss: *0.149* | Acc: *94.904%* (47452/50000) 
Test epoch: 284 | Loss: *0.379* | Acc: *88.650%* (8865/10000)
Train epoch: 285 | Loss: *0.153* | Acc: *94.814%* (47407/50000) 
Test epoch: 285 | Loss: *0.376* | Acc: *88.850%* (8885/10000)
Train epoch: 286 | Loss: *0.154* | Acc: *94.700%* (47350/50000) 
Test epoch: 286 | Loss: *0.338* | Acc: *89.590%* (8959/10000)
Train epoch: 287 | Loss: *0.153* | Acc: *94.646%* (47323/50000) 
Test epoch: 287 | Loss: *0.350* | Acc: *88.740%* (8874/10000)
Train epoch: 288 | Loss: *0.165* | Acc: *94.334%* (47167/50000) 
Test epoch: 288 | Loss: *0.391* | Acc: *88.670%* (8867/10000)
Train epoch: 289 | Loss: *0.158* | Acc: *94.584%* (47292/50000) 
Test epoch: 289 | Loss: *0.449* | Acc: *87.790%* (8779/10000)
Train epoch: 290 | Loss: *0.171* | Acc: *94.076%* (47038/50000) 
Test epoch: 290 | Loss: *0.463* | Acc: *86.980%* (8698/10000)
Train epoch: 291 | Loss: *0.157* | Acc: *94.708%* (47354/50000) 
Test epoch: 291 | Loss: *0.410* | Acc: *87.360%* (8736/10000)
Train epoch: 292 | Loss: *0.170* | Acc: *94.118%* (47059/50000) 
Test epoch: 292 | Loss: *0.406* | Acc: *88.120%* (8812/10000)
Train epoch: 293 | Loss: *0.173* | Acc: *93.936%* (46968/50000) 
Test epoch: 293 | Loss: *0.405* | Acc: *87.690%* (8769/10000)
Train epoch: 294 | Loss: *0.168* | Acc: *94.118%* (47059/50000) 
Test epoch: 294 | Loss: *0.411* | Acc: *87.610%* (8761/10000)
Train epoch: 295 | Loss: *0.174* | Acc: *93.950%* (46975/50000) 
Test epoch: 295 | Loss: *0.356* | Acc: *89.220%* (8922/10000)
Train epoch: 296 | Loss: *0.177* | Acc: *93.780%* (46890/50000) 
Test epoch: 296 | Loss: *0.410* | Acc: *87.680%* (8768/10000)
Train epoch: 297 | Loss: *0.172* | Acc: *94.078%* (47039/50000) 
Test epoch: 297 | Loss: *0.445* | Acc: *86.760%* (8676/10000)
Train epoch: 298 | Loss: *0.183* | Acc: *93.682%* (46841/50000) 
Test epoch: 298 | Loss: *0.380* | Acc: *87.740%* (8774/10000)
Train epoch: 299 | Loss: *0.180* | Acc: *93.768%* (46884/50000) 
Test epoch: 299 | Loss: *0.374* | Acc: *88.620%* (8862/10000)
Train epoch: 300 | Loss: *0.189* | Acc: *93.526%* (46763/50000) 
Test epoch: 300 | Loss: *0.355* | Acc: *89.020%* (8902/10000)
Train epoch: 301 | Loss: *0.185* | Acc: *93.678%* (46839/50000) 
Test epoch: 301 | Loss: *0.476* | Acc: *86.160%* (8616/10000)
Train epoch: 302 | Loss: *0.184* | Acc: *93.620%* (46810/50000) 
Test epoch: 302 | Loss: *0.349* | Acc: *88.730%* (8873/10000)
Train epoch: 303 | Loss: *0.183* | Acc: *93.748%* (46874/50000) 
Test epoch: 303 | Loss: *0.427* | Acc: *86.640%* (8664/10000)
Train epoch: 304 | Loss: *0.195* | Acc: *93.388%* (46694/50000) 
Test epoch: 304 | Loss: *0.386* | Acc: *87.820%* (8782/10000)
Train epoch: 305 | Loss: *0.198* | Acc: *93.202%* (46601/50000) 
Test epoch: 305 | Loss: *0.411* | Acc: *87.520%* (8752/10000)
Train epoch: 306 | Loss: *0.199* | Acc: *93.232%* (46616/50000) 
Test epoch: 306 | Loss: *0.392* | Acc: *88.190%* (8819/10000)
Train epoch: 307 | Loss: *0.198* | Acc: *93.242%* (46621/50000) 
Test epoch: 307 | Loss: *0.390* | Acc: *87.700%* (8770/10000)
Train epoch: 308 | Loss: *0.194* | Acc: *93.266%* (46633/50000) 
Test epoch: 308 | Loss: *0.367* | Acc: *88.730%* (8873/10000)
Train epoch: 309 | Loss: *0.204* | Acc: *92.874%* (46437/50000) 
Test epoch: 309 | Loss: *0.385* | Acc: *87.870%* (8787/10000)
Train epoch: 310 | Loss: *0.203* | Acc: *93.032%* (46516/50000) 
Test epoch: 310 | Loss: *0.413* | Acc: *87.350%* (8735/10000)
Train epoch: 311 | Loss: *0.205* | Acc: *92.930%* (46465/50000) 
Test epoch: 311 | Loss: *0.410* | Acc: *86.990%* (8699/10000)
Train epoch: 312 | Loss: *0.210* | Acc: *92.694%* (46347/50000) 
Test epoch: 312 | Loss: *0.408* | Acc: *87.470%* (8747/10000)
Train epoch: 313 | Loss: *0.208* | Acc: *92.906%* (46453/50000) 
Test epoch: 313 | Loss: *0.461* | Acc: *85.510%* (8551/10000)
Train epoch: 314 | Loss: *0.212* | Acc: *92.702%* (46351/50000) 
Test epoch: 314 | Loss: *0.576* | Acc: *83.270%* (8327/10000)
Train epoch: 315 | Loss: *0.216* | Acc: *92.526%* (46263/50000) 
Test epoch: 315 | Loss: *0.431* | Acc: *86.680%* (8668/10000)
Train epoch: 316 | Loss: *0.215* | Acc: *92.614%* (46307/50000) 
Test epoch: 316 | Loss: *0.520* | Acc: *84.590%* (8459/10000)
Train epoch: 317 | Loss: *0.218* | Acc: *92.532%* (46266/50000) 
Test epoch: 317 | Loss: *0.414* | Acc: *86.120%* (8612/10000)
Train epoch: 318 | Loss: *0.219* | Acc: *92.490%* (46245/50000) 
Test epoch: 318 | Loss: *0.443* | Acc: *86.160%* (8616/10000)
Train epoch: 319 | Loss: *0.220* | Acc: *92.466%* (46233/50000) 
Test epoch: 319 | Loss: *0.412* | Acc: *86.940%* (8694/10000)
Train epoch: 320 | Loss: *0.224* | Acc: *92.264%* (46132/50000) 
Test epoch: 320 | Loss: *0.569* | Acc: *82.770%* (8277/10000)
Train epoch: 321 | Loss: *0.221* | Acc: *92.362%* (46181/50000) 
Test epoch: 321 | Loss: *0.453* | Acc: *85.320%* (8532/10000)
Train epoch: 322 | Loss: *0.224* | Acc: *92.238%* (46119/50000) 
Test epoch: 322 | Loss: *0.522* | Acc: *83.690%* (8369/10000)
Train epoch: 323 | Loss: *0.229* | Acc: *92.090%* (46045/50000) 
Test epoch: 323 | Loss: *0.464* | Acc: *85.530%* (8553/10000)
Train epoch: 324 | Loss: *0.234* | Acc: *92.022%* (46011/50000) 
Test epoch: 324 | Loss: *0.453* | Acc: *85.550%* (8555/10000)
Train epoch: 325 | Loss: *0.231* | Acc: *92.148%* (46074/50000) 
Test epoch: 325 | Loss: *0.445* | Acc: *86.210%* (8621/10000)
Train epoch: 326 | Loss: *0.230* | Acc: *92.108%* (46054/50000) 
Test epoch: 326 | Loss: *0.451* | Acc: *85.220%* (8522/10000)
Train epoch: 327 | Loss: *0.241* | Acc: *91.716%* (45858/50000) 
Test epoch: 327 | Loss: *0.420* | Acc: *86.840%* (8684/10000)
Train epoch: 328 | Loss: *0.234* | Acc: *91.838%* (45919/50000) 
Test epoch: 328 | Loss: *0.516* | Acc: *84.620%* (8462/10000)
Train epoch: 329 | Loss: *0.237* | Acc: *91.822%* (45911/50000) 
Test epoch: 329 | Loss: *0.540* | Acc: *82.270%* (8227/10000)
Train epoch: 330 | Loss: *0.240* | Acc: *91.898%* (45949/50000) 
Test epoch: 330 | Loss: *0.694* | Acc: *80.320%* (8032/10000)
Train epoch: 331 | Loss: *0.244* | Acc: *91.534%* (45767/50000) 
Test epoch: 331 | Loss: *0.465* | Acc: *85.200%* (8520/10000)
Train epoch: 332 | Loss: *0.242* | Acc: *91.662%* (45831/50000) 
Test epoch: 332 | Loss: *0.378* | Acc: *87.880%* (8788/10000)
Train epoch: 333 | Loss: *0.252* | Acc: *91.260%* (45630/50000) 
Test epoch: 333 | Loss: *0.407* | Acc: *86.750%* (8675/10000)
Train epoch: 334 | Loss: *0.244* | Acc: *91.714%* (45857/50000) 
Test epoch: 334 | Loss: *0.466* | Acc: *85.340%* (8534/10000)
Train epoch: 335 | Loss: *0.247* | Acc: *91.520%* (45760/50000) 
Test epoch: 335 | Loss: *0.576* | Acc: *82.770%* (8277/10000)
Train epoch: 336 | Loss: *0.253* | Acc: *91.242%* (45621/50000) 
Test epoch: 336 | Loss: *0.465* | Acc: *85.030%* (8503/10000)
Train epoch: 337 | Loss: *0.249* | Acc: *91.490%* (45745/50000) 
Test epoch: 337 | Loss: *0.443* | Acc: *86.290%* (8629/10000)
Train epoch: 338 | Loss: *0.251* | Acc: *91.280%* (45640/50000) 
Test epoch: 338 | Loss: *0.444* | Acc: *85.950%* (8595/10000)
Train epoch: 339 | Loss: *0.250* | Acc: *91.280%* (45640/50000) 
Test epoch: 339 | Loss: *0.610* | Acc: *81.450%* (8145/10000)
Train epoch: 340 | Loss: *0.255* | Acc: *91.252%* (45626/50000) 
Test epoch: 340 | Loss: *0.448* | Acc: *86.080%* (8608/10000)
Train epoch: 341 | Loss: *0.254* | Acc: *91.228%* (45614/50000) 
Test epoch: 341 | Loss: *0.582* | Acc: *82.910%* (8291/10000)
Train epoch: 342 | Loss: *0.256* | Acc: *91.170%* (45585/50000) 
Test epoch: 342 | Loss: *0.486* | Acc: *84.810%* (8481/10000)
Train epoch: 343 | Loss: *0.258* | Acc: *91.104%* (45552/50000) 
Test epoch: 343 | Loss: *0.435* | Acc: *86.800%* (8680/10000)
Train epoch: 344 | Loss: *0.260* | Acc: *91.134%* (45567/50000) 
Test epoch: 344 | Loss: *0.492* | Acc: *84.850%* (8485/10000)
Train epoch: 345 | Loss: *0.259* | Acc: *91.198%* (45599/50000) 
Test epoch: 345 | Loss: *0.540* | Acc: *83.050%* (8305/10000)
Train epoch: 346 | Loss: *0.264* | Acc: *90.838%* (45419/50000) 
Test epoch: 346 | Loss: *0.633* | Acc: *80.800%* (8080/10000)
Train epoch: 347 | Loss: *0.260* | Acc: *91.066%* (45533/50000) 
Test epoch: 347 | Loss: *0.386* | Acc: *87.630%* (8763/10000)
Train epoch: 348 | Loss: *0.266* | Acc: *90.934%* (45467/50000) 
Test epoch: 348 | Loss: *0.495* | Acc: *84.720%* (8472/10000)
Train epoch: 349 | Loss: *0.257* | Acc: *91.232%* (45616/50000) 
Test epoch: 349 | Loss: *0.456* | Acc: *85.870%* (8587/10000)
Train epoch: 350 | Loss: *0.266* | Acc: *90.868%* (45434/50000) 
Test epoch: 350 | Loss: *0.735* | Acc: *78.750%* (7875/10000)
Train epoch: 351 | Loss: *0.271* | Acc: *90.718%* (45359/50000) 
Test epoch: 351 | Loss: *0.435* | Acc: *85.800%* (8580/10000)
Train epoch: 352 | Loss: *0.270* | Acc: *90.714%* (45357/50000) 
Test epoch: 352 | Loss: *0.544* | Acc: *84.040%* (8404/10000)
Train epoch: 353 | Loss: *0.276* | Acc: *90.606%* (45303/50000) 
Test epoch: 353 | Loss: *0.491* | Acc: *83.940%* (8394/10000)
Train epoch: 354 | Loss: *0.271* | Acc: *90.712%* (45356/50000) 
Test epoch: 354 | Loss: *0.566* | Acc: *81.910%* (8191/10000)
Train epoch: 355 | Loss: *0.273* | Acc: *90.734%* (45367/50000) 
Test epoch: 355 | Loss: *0.395* | Acc: *87.260%* (8726/10000)
Train epoch: 356 | Loss: *0.273* | Acc: *90.750%* (45375/50000) 
Test epoch: 356 | Loss: *0.463* | Acc: *85.390%* (8539/10000)
Train epoch: 357 | Loss: *0.274* | Acc: *90.570%* (45285/50000) 
Test epoch: 357 | Loss: *0.490* | Acc: *84.500%* (8450/10000)
Train epoch: 358 | Loss: *0.277* | Acc: *90.448%* (45224/50000) 
Test epoch: 358 | Loss: *0.565* | Acc: *82.020%* (8202/10000)
Train epoch: 359 | Loss: *0.278* | Acc: *90.486%* (45243/50000) 
Test epoch: 359 | Loss: *0.513* | Acc: *83.870%* (8387/10000)
Train epoch: 360 | Loss: *0.277* | Acc: *90.444%* (45222/50000) 
Test epoch: 360 | Loss: *0.378* | Acc: *87.600%* (8760/10000)
Train epoch: 361 | Loss: *0.277* | Acc: *90.370%* (45185/50000) 
Test epoch: 361 | Loss: *0.618* | Acc: *81.450%* (8145/10000)
Train epoch: 362 | Loss: *0.280* | Acc: *90.518%* (45259/50000) 
Test epoch: 362 | Loss: *0.403* | Acc: *86.600%* (8660/10000)
Train epoch: 363 | Loss: *0.277* | Acc: *90.538%* (45269/50000) 
Test epoch: 363 | Loss: *0.427* | Acc: *86.740%* (8674/10000)
Train epoch: 364 | Loss: *0.280* | Acc: *90.522%* (45261/50000) 
Test epoch: 364 | Loss: *0.448* | Acc: *85.290%* (8529/10000)
Train epoch: 365 | Loss: *0.277* | Acc: *90.506%* (45253/50000) 
Test epoch: 365 | Loss: *0.420* | Acc: *86.570%* (8657/10000)
Train epoch: 366 | Loss: *0.287* | Acc: *90.064%* (45032/50000) 
Test epoch: 366 | Loss: *0.434* | Acc: *85.570%* (8557/10000)
Train epoch: 367 | Loss: *0.279* | Acc: *90.524%* (45262/50000) 
Test epoch: 367 | Loss: *0.564* | Acc: *82.770%* (8277/10000)
Train epoch: 368 | Loss: *0.283* | Acc: *90.312%* (45156/50000) 
Test epoch: 368 | Loss: *0.432* | Acc: *85.740%* (8574/10000)
Train epoch: 369 | Loss: *0.282* | Acc: *90.462%* (45231/50000) 
Test epoch: 369 | Loss: *0.525* | Acc: *82.810%* (8281/10000)
Train epoch: 370 | Loss: *0.288* | Acc: *90.008%* (45004/50000) 
Test epoch: 370 | Loss: *0.545* | Acc: *82.980%* (8298/10000)
Train epoch: 371 | Loss: *0.286* | Acc: *90.248%* (45124/50000) 
Test epoch: 371 | Loss: *0.543* | Acc: *81.850%* (8185/10000)
Train epoch: 372 | Loss: *0.290* | Acc: *89.978%* (44989/50000) 
Test epoch: 372 | Loss: *0.479* | Acc: *84.740%* (8474/10000)
Train epoch: 373 | Loss: *0.285* | Acc: *90.198%* (45099/50000) 
Test epoch: 373 | Loss: *0.523* | Acc: *83.420%* (8342/10000)
Train epoch: 374 | Loss: *0.284* | Acc: *90.264%* (45132/50000) 
Test epoch: 374 | Loss: *0.576* | Acc: *82.220%* (8222/10000)
Train epoch: 375 | Loss: *0.288* | Acc: *90.138%* (45069/50000) 
Test epoch: 375 | Loss: *0.452* | Acc: *85.010%* (8501/10000)
Train epoch: 376 | Loss: *0.290* | Acc: *90.082%* (45041/50000) 
Test epoch: 376 | Loss: *0.454* | Acc: *85.570%* (8557/10000)
Train epoch: 377 | Loss: *0.290* | Acc: *90.028%* (45014/50000) 
Test epoch: 377 | Loss: *0.529* | Acc: *83.620%* (8362/10000)
Train epoch: 378 | Loss: *0.286* | Acc: *90.318%* (45159/50000) 
Test epoch: 378 | Loss: *0.649* | Acc: *78.980%* (7898/10000)
Train epoch: 379 | Loss: *0.289* | Acc: *89.878%* (44939/50000) 
Test epoch: 379 | Loss: *0.481* | Acc: *84.280%* (8428/10000)
Train epoch: 380 | Loss: *0.299* | Acc: *89.676%* (44838/50000) 
Test epoch: 380 | Loss: *0.444* | Acc: *84.870%* (8487/10000)
Train epoch: 381 | Loss: *0.286* | Acc: *90.188%* (45094/50000) 
Test epoch: 381 | Loss: *0.518* | Acc: *83.750%* (8375/10000)
Train epoch: 382 | Loss: *0.290* | Acc: *90.116%* (45058/50000) 
Test epoch: 382 | Loss: *0.498* | Acc: *84.800%* (8480/10000)
Train epoch: 383 | Loss: *0.294* | Acc: *89.856%* (44928/50000) 
Test epoch: 383 | Loss: *0.626* | Acc: *80.550%* (8055/10000)
Train epoch: 384 | Loss: *0.296* | Acc: *89.948%* (44974/50000) 
Test epoch: 384 | Loss: *0.531* | Acc: *83.470%* (8347/10000)
Train epoch: 385 | Loss: *0.295* | Acc: *89.808%* (44904/50000) 
Test epoch: 385 | Loss: *0.616* | Acc: *81.200%* (8120/10000)
Train epoch: 386 | Loss: *0.298* | Acc: *89.824%* (44912/50000) 
Test epoch: 386 | Loss: *0.650* | Acc: *80.450%* (8045/10000)
Train epoch: 387 | Loss: *0.296* | Acc: *89.796%* (44898/50000) 
Test epoch: 387 | Loss: *0.435* | Acc: *85.770%* (8577/10000)
Train epoch: 388 | Loss: *0.293* | Acc: *89.914%* (44957/50000) 
Test epoch: 388 | Loss: *0.538* | Acc: *82.350%* (8235/10000)
Train epoch: 389 | Loss: *0.297* | Acc: *89.784%* (44892/50000) 
Test epoch: 389 | Loss: *0.470* | Acc: *84.590%* (8459/10000)
Train epoch: 390 | Loss: *0.295* | Acc: *89.932%* (44966/50000) 
Test epoch: 390 | Loss: *0.407* | Acc: *86.660%* (8666/10000)
Train epoch: 391 | Loss: *0.294* | Acc: *89.976%* (44988/50000) 
Test epoch: 391 | Loss: *0.511* | Acc: *84.120%* (8412/10000)
Train epoch: 392 | Loss: *0.291* | Acc: *90.062%* (45031/50000) 
Test epoch: 392 | Loss: *0.482* | Acc: *84.420%* (8442/10000)
Train epoch: 393 | Loss: *0.301* | Acc: *89.728%* (44864/50000) 
Test epoch: 393 | Loss: *0.555* | Acc: *81.880%* (8188/10000)
Train epoch: 394 | Loss: *0.295* | Acc: *89.878%* (44939/50000) 
Test epoch: 394 | Loss: *0.542* | Acc: *83.140%* (8314/10000)
Train epoch: 395 | Loss: *0.295* | Acc: *89.864%* (44932/50000) 
Test epoch: 395 | Loss: *0.501* | Acc: *83.810%* (8381/10000)
Train epoch: 396 | Loss: *0.292* | Acc: *89.982%* (44991/50000) 
Test epoch: 396 | Loss: *0.578* | Acc: *81.860%* (8186/10000)
Train epoch: 397 | Loss: *0.298* | Acc: *89.794%* (44897/50000) 
Test epoch: 397 | Loss: *0.481* | Acc: *84.430%* (8443/10000)
Train epoch: 398 | Loss: *0.301* | Acc: *89.758%* (44879/50000) 
Test epoch: 398 | Loss: *0.501* | Acc: *84.180%* (8418/10000)
Train epoch: 399 | Loss: *0.291* | Acc: *89.998%* (44999/50000) 
Test epoch: 399 | Loss: *0.696* | Acc: *78.160%* (7816/10000)
Train epoch: 400 | Loss: *0.299* | Acc: *89.608%* (44804/50000) 
Test epoch: 400 | Loss: *0.570* | Acc: *81.650%* (8165/10000)
Train epoch: 401 | Loss: *0.298* | Acc: *89.730%* (44865/50000) 
Test epoch: 401 | Loss: *0.488* | Acc: *84.810%* (8481/10000)
Train epoch: 402 | Loss: *0.299* | Acc: *89.746%* (44873/50000) 
Test epoch: 402 | Loss: *0.678* | Acc: *79.870%* (7987/10000)
Train epoch: 403 | Loss: *0.295* | Acc: *89.850%* (44925/50000) 
Test epoch: 403 | Loss: *0.424* | Acc: *86.510%* (8651/10000)
Train epoch: 404 | Loss: *0.302* | Acc: *89.674%* (44837/50000) 
Test epoch: 404 | Loss: *0.674* | Acc: *79.980%* (7998/10000)
Train epoch: 405 | Loss: *0.293* | Acc: *89.978%* (44989/50000) 
Test epoch: 405 | Loss: *0.678* | Acc: *80.670%* (8067/10000)
Train epoch: 406 | Loss: *0.299* | Acc: *89.742%* (44871/50000) 
Test epoch: 406 | Loss: *0.552* | Acc: *82.110%* (8211/10000)
Train epoch: 407 | Loss: *0.299* | Acc: *89.722%* (44861/50000) 
Test epoch: 407 | Loss: *0.553* | Acc: *82.660%* (8266/10000)
Train epoch: 408 | Loss: *0.291* | Acc: *90.000%* (45000/50000) 
Test epoch: 408 | Loss: *0.464* | Acc: *84.120%* (8412/10000)
Train epoch: 409 | Loss: *0.292* | Acc: *89.968%* (44984/50000) 
Test epoch: 409 | Loss: *0.535* | Acc: *83.210%* (8321/10000)
Train epoch: 410 | Loss: *0.295* | Acc: *89.864%* (44932/50000) 
Test epoch: 410 | Loss: *0.770* | Acc: *78.770%* (7877/10000)
Train epoch: 411 | Loss: *0.296* | Acc: *89.810%* (44905/50000) 
Test epoch: 411 | Loss: *0.444* | Acc: *85.620%* (8562/10000)
Train epoch: 412 | Loss: *0.297* | Acc: *89.778%* (44889/50000) 
Test epoch: 412 | Loss: *0.571* | Acc: *81.660%* (8166/10000)
Train epoch: 413 | Loss: *0.296* | Acc: *89.848%* (44924/50000) 
Test epoch: 413 | Loss: *0.592* | Acc: *81.510%* (8151/10000)
Train epoch: 414 | Loss: *0.295* | Acc: *89.944%* (44972/50000) 
Test epoch: 414 | Loss: *0.669* | Acc: *79.730%* (7973/10000)
Train epoch: 415 | Loss: *0.296* | Acc: *89.972%* (44986/50000) 
Test epoch: 415 | Loss: *0.556* | Acc: *82.520%* (8252/10000)
Train epoch: 416 | Loss: *0.299* | Acc: *89.672%* (44836/50000) 
Test epoch: 416 | Loss: *0.478* | Acc: *85.380%* (8538/10000)
Train epoch: 417 | Loss: *0.293* | Acc: *90.024%* (45012/50000) 
Test epoch: 417 | Loss: *0.567* | Acc: *81.880%* (8188/10000)
Train epoch: 418 | Loss: *0.291* | Acc: *89.956%* (44978/50000) 
Test epoch: 418 | Loss: *0.552* | Acc: *82.690%* (8269/10000)
Train epoch: 419 | Loss: *0.293* | Acc: *89.982%* (44991/50000) 
Test epoch: 419 | Loss: *0.530* | Acc: *83.650%* (8365/10000)
Train epoch: 420 | Loss: *0.296* | Acc: *89.762%* (44881/50000) 
Test epoch: 420 | Loss: *0.496* | Acc: *84.400%* (8440/10000)
Train epoch: 421 | Loss: *0.287* | Acc: *90.144%* (45072/50000) 
Test epoch: 421 | Loss: *0.586* | Acc: *81.950%* (8195/10000)
Train epoch: 422 | Loss: *0.291* | Acc: *90.082%* (45041/50000) 
Test epoch: 422 | Loss: *0.447* | Acc: *85.400%* (8540/10000)
Train epoch: 423 | Loss: *0.292* | Acc: *90.014%* (45007/50000) 
Test epoch: 423 | Loss: *0.793* | Acc: *77.760%* (7776/10000)
Train epoch: 424 | Loss: *0.288* | Acc: *90.202%* (45101/50000) 
Test epoch: 424 | Loss: *0.600* | Acc: *81.090%* (8109/10000)
Train epoch: 425 | Loss: *0.291* | Acc: *89.996%* (44998/50000) 
Test epoch: 425 | Loss: *0.505* | Acc: *83.980%* (8398/10000)
Train epoch: 426 | Loss: *0.292* | Acc: *90.162%* (45081/50000) 
Test epoch: 426 | Loss: *0.463* | Acc: *84.500%* (8450/10000)
Train epoch: 427 | Loss: *0.284* | Acc: *90.342%* (45171/50000) 
Test epoch: 427 | Loss: *0.799* | Acc: *76.880%* (7688/10000)
Train epoch: 428 | Loss: *0.293* | Acc: *89.936%* (44968/50000) 
Test epoch: 428 | Loss: *0.679* | Acc: *80.400%* (8040/10000)
Train epoch: 429 | Loss: *0.290* | Acc: *90.196%* (45098/50000) 
Test epoch: 429 | Loss: *0.398* | Acc: *86.620%* (8662/10000)
Train epoch: 430 | Loss: *0.289* | Acc: *89.946%* (44973/50000) 
Test epoch: 430 | Loss: *0.563* | Acc: *82.040%* (8204/10000)
Train epoch: 431 | Loss: *0.290* | Acc: *89.984%* (44992/50000) 
Test epoch: 431 | Loss: *0.703* | Acc: *77.630%* (7763/10000)
Train epoch: 432 | Loss: *0.285* | Acc: *90.068%* (45034/50000) 
Test epoch: 432 | Loss: *0.582* | Acc: *82.220%* (8222/10000)
Train epoch: 433 | Loss: *0.287* | Acc: *90.078%* (45039/50000) 
Test epoch: 433 | Loss: *0.627* | Acc: *80.760%* (8076/10000)
Train epoch: 434 | Loss: *0.286* | Acc: *90.166%* (45083/50000) 
Test epoch: 434 | Loss: *0.533* | Acc: *83.470%* (8347/10000)
Train epoch: 435 | Loss: *0.280* | Acc: *90.422%* (45211/50000) 
Test epoch: 435 | Loss: *0.493* | Acc: *83.820%* (8382/10000)
Train epoch: 436 | Loss: *0.285* | Acc: *90.282%* (45141/50000) 
Test epoch: 436 | Loss: *0.386* | Acc: *87.280%* (8728/10000)
Train epoch: 437 | Loss: *0.281* | Acc: *90.384%* (45192/50000) 
Test epoch: 437 | Loss: *0.712* | Acc: *79.240%* (7924/10000)
Train epoch: 438 | Loss: *0.284* | Acc: *90.292%* (45146/50000) 
Test epoch: 438 | Loss: *0.387* | Acc: *87.350%* (8735/10000)
Train epoch: 439 | Loss: *0.281* | Acc: *90.536%* (45268/50000) 
Test epoch: 439 | Loss: *0.544* | Acc: *83.750%* (8375/10000)
Train epoch: 440 | Loss: *0.283* | Acc: *90.250%* (45125/50000) 
Test epoch: 440 | Loss: *0.562* | Acc: *81.290%* (8129/10000)
Train epoch: 441 | Loss: *0.282* | Acc: *90.476%* (45238/50000) 
Test epoch: 441 | Loss: *0.422* | Acc: *86.030%* (8603/10000)
Train epoch: 442 | Loss: *0.278* | Acc: *90.518%* (45259/50000) 
Test epoch: 442 | Loss: *0.513* | Acc: *83.790%* (8379/10000)
Train epoch: 443 | Loss: *0.279* | Acc: *90.444%* (45222/50000) 
Test epoch: 443 | Loss: *0.577* | Acc: *82.390%* (8239/10000)
Train epoch: 444 | Loss: *0.272* | Acc: *90.740%* (45370/50000) 
Test epoch: 444 | Loss: *0.606* | Acc: *82.330%* (8233/10000)
Train epoch: 445 | Loss: *0.275* | Acc: *90.578%* (45289/50000) 
Test epoch: 445 | Loss: *0.672* | Acc: *80.360%* (8036/10000)
Train epoch: 446 | Loss: *0.275* | Acc: *90.576%* (45288/50000) 
Test epoch: 446 | Loss: *0.440* | Acc: *86.310%* (8631/10000)
Train epoch: 447 | Loss: *0.271* | Acc: *90.648%* (45324/50000) 
Test epoch: 447 | Loss: *0.535* | Acc: *83.440%* (8344/10000)
Train epoch: 448 | Loss: *0.267* | Acc: *90.808%* (45404/50000) 
Test epoch: 448 | Loss: *0.533* | Acc: *83.150%* (8315/10000)
Train epoch: 449 | Loss: *0.269* | Acc: *90.770%* (45385/50000) 
Test epoch: 449 | Loss: *0.444* | Acc: *85.330%* (8533/10000)
Train epoch: 450 | Loss: *0.271* | Acc: *90.650%* (45325/50000) 
Test epoch: 450 | Loss: *0.414* | Acc: *86.400%* (8640/10000)
Train epoch: 451 | Loss: *0.271* | Acc: *90.682%* (45341/50000) 
Test epoch: 451 | Loss: *0.538* | Acc: *82.450%* (8245/10000)
Train epoch: 452 | Loss: *0.268* | Acc: *90.752%* (45376/50000) 
Test epoch: 452 | Loss: *0.596* | Acc: *82.730%* (8273/10000)
Train epoch: 453 | Loss: *0.265* | Acc: *90.890%* (45445/50000) 
Test epoch: 453 | Loss: *0.494* | Acc: *84.410%* (8441/10000)
Train epoch: 454 | Loss: *0.263* | Acc: *91.196%* (45598/50000) 
Test epoch: 454 | Loss: *0.419* | Acc: *85.920%* (8592/10000)
Train epoch: 455 | Loss: *0.259* | Acc: *91.108%* (45554/50000) 
Test epoch: 455 | Loss: *0.426* | Acc: *86.310%* (8631/10000)
Train epoch: 456 | Loss: *0.266* | Acc: *90.938%* (45469/50000) 
Test epoch: 456 | Loss: *0.496* | Acc: *84.450%* (8445/10000)
Train epoch: 457 | Loss: *0.261* | Acc: *91.050%* (45525/50000) 
Test epoch: 457 | Loss: *0.498* | Acc: *84.880%* (8488/10000)
Train epoch: 458 | Loss: *0.265* | Acc: *90.886%* (45443/50000) 
Test epoch: 458 | Loss: *0.509* | Acc: *84.310%* (8431/10000)
Train epoch: 459 | Loss: *0.262* | Acc: *90.972%* (45486/50000) 
Test epoch: 459 | Loss: *0.413* | Acc: *86.460%* (8646/10000)
Train epoch: 460 | Loss: *0.261* | Acc: *90.938%* (45469/50000) 
Test epoch: 460 | Loss: *0.517* | Acc: *84.060%* (8406/10000)
Train epoch: 461 | Loss: *0.257* | Acc: *91.124%* (45562/50000) 
Test epoch: 461 | Loss: *0.495* | Acc: *84.270%* (8427/10000)
Train epoch: 462 | Loss: *0.253* | Acc: *91.248%* (45624/50000) 
Test epoch: 462 | Loss: *0.512* | Acc: *84.420%* (8442/10000)
Train epoch: 463 | Loss: *0.252* | Acc: *91.256%* (45628/50000) 
Test epoch: 463 | Loss: *0.486* | Acc: *84.660%* (8466/10000)
Train epoch: 464 | Loss: *0.248* | Acc: *91.524%* (45762/50000) 
Test epoch: 464 | Loss: *0.498* | Acc: *84.430%* (8443/10000)
Train epoch: 465 | Loss: *0.250* | Acc: *91.462%* (45731/50000) 
Test epoch: 465 | Loss: *0.402* | Acc: *87.030%* (8703/10000)
Train epoch: 466 | Loss: *0.250* | Acc: *91.370%* (45685/50000) 
Test epoch: 466 | Loss: *0.371* | Acc: *88.390%* (8839/10000)
Train epoch: 467 | Loss: *0.247* | Acc: *91.436%* (45718/50000) 
Test epoch: 467 | Loss: *0.458* | Acc: *85.890%* (8589/10000)
Train epoch: 468 | Loss: *0.246* | Acc: *91.568%* (45784/50000) 
Test epoch: 468 | Loss: *0.405* | Acc: *87.340%* (8734/10000)
Train epoch: 469 | Loss: *0.241* | Acc: *91.656%* (45828/50000) 
Test epoch: 469 | Loss: *0.481* | Acc: *83.960%* (8396/10000)
Train epoch: 470 | Loss: *0.247* | Acc: *91.474%* (45737/50000) 
Test epoch: 470 | Loss: *0.624* | Acc: *81.850%* (8185/10000)
Train epoch: 471 | Loss: *0.242* | Acc: *91.624%* (45812/50000) 
Test epoch: 471 | Loss: *0.525* | Acc: *83.050%* (8305/10000)
Train epoch: 472 | Loss: *0.240* | Acc: *91.790%* (45895/50000) 
Test epoch: 472 | Loss: *0.424* | Acc: *86.940%* (8694/10000)
Train epoch: 473 | Loss: *0.244* | Acc: *91.722%* (45861/50000) 
Test epoch: 473 | Loss: *0.450* | Acc: *85.560%* (8556/10000)
Train epoch: 474 | Loss: *0.236* | Acc: *91.870%* (45935/50000) 
Test epoch: 474 | Loss: *0.479* | Acc: *84.490%* (8449/10000)
Train epoch: 475 | Loss: *0.233* | Acc: *92.010%* (46005/50000) 
Test epoch: 475 | Loss: *0.389* | Acc: *87.210%* (8721/10000)
Train epoch: 476 | Loss: *0.234* | Acc: *91.982%* (45991/50000) 
Test epoch: 476 | Loss: *0.499* | Acc: *84.540%* (8454/10000)
Train epoch: 477 | Loss: *0.231* | Acc: *92.220%* (46110/50000) 
Test epoch: 477 | Loss: *0.432* | Acc: *85.760%* (8576/10000)
Train epoch: 478 | Loss: *0.233* | Acc: *91.976%* (45988/50000) 
Test epoch: 478 | Loss: *0.436* | Acc: *85.900%* (8590/10000)
Train epoch: 479 | Loss: *0.227* | Acc: *92.168%* (46084/50000) 
Test epoch: 479 | Loss: *0.430* | Acc: *86.550%* (8655/10000)
Train epoch: 480 | Loss: *0.225* | Acc: *92.178%* (46089/50000) 
Test epoch: 480 | Loss: *0.592* | Acc: *82.510%* (8251/10000)
Train epoch: 481 | Loss: *0.226* | Acc: *92.374%* (46187/50000) 
Test epoch: 481 | Loss: *0.367* | Acc: *87.820%* (8782/10000)
Train epoch: 482 | Loss: *0.225* | Acc: *92.244%* (46122/50000) 
Test epoch: 482 | Loss: *0.378* | Acc: *87.520%* (8752/10000)
Train epoch: 483 | Loss: *0.219* | Acc: *92.570%* (46285/50000) 
Test epoch: 483 | Loss: *0.850* | Acc: *76.540%* (7654/10000)
Train epoch: 484 | Loss: *0.214* | Acc: *92.588%* (46294/50000) 
Test epoch: 484 | Loss: *0.411* | Acc: *87.070%* (8707/10000)
Train epoch: 485 | Loss: *0.220* | Acc: *92.440%* (46220/50000) 
Test epoch: 485 | Loss: *0.348* | Acc: *88.670%* (8867/10000)
Train epoch: 486 | Loss: *0.216* | Acc: *92.622%* (46311/50000) 
Test epoch: 486 | Loss: *0.418* | Acc: *86.680%* (8668/10000)
Train epoch: 487 | Loss: *0.209* | Acc: *92.806%* (46403/50000) 
Test epoch: 487 | Loss: *0.345* | Acc: *89.130%* (8913/10000)
Train epoch: 488 | Loss: *0.211* | Acc: *92.690%* (46345/50000) 
Test epoch: 488 | Loss: *0.662* | Acc: *80.050%* (8005/10000)
Train epoch: 489 | Loss: *0.213* | Acc: *92.596%* (46298/50000) 
Test epoch: 489 | Loss: *0.390* | Acc: *87.430%* (8743/10000)
Train epoch: 490 | Loss: *0.207* | Acc: *92.884%* (46442/50000) 
Test epoch: 490 | Loss: *0.421* | Acc: *87.290%* (8729/10000)
Train epoch: 491 | Loss: *0.208* | Acc: *92.882%* (46441/50000) 
Test epoch: 491 | Loss: *0.455* | Acc: *85.890%* (8589/10000)
Train epoch: 492 | Loss: *0.200* | Acc: *93.194%* (46597/50000) 
Test epoch: 492 | Loss: *0.555* | Acc: *83.230%* (8323/10000)
Train epoch: 493 | Loss: *0.204* | Acc: *93.062%* (46531/50000) 
Test epoch: 493 | Loss: *0.343* | Acc: *88.860%* (8886/10000)
Train epoch: 494 | Loss: *0.198* | Acc: *93.260%* (46630/50000) 
Test epoch: 494 | Loss: *0.372* | Acc: *87.990%* (8799/10000)
Train epoch: 495 | Loss: *0.197* | Acc: *93.138%* (46569/50000) 
Test epoch: 495 | Loss: *0.461* | Acc: *85.940%* (8594/10000)
Train epoch: 496 | Loss: *0.195* | Acc: *93.290%* (46645/50000) 
Test epoch: 496 | Loss: *0.360* | Acc: *88.920%* (8892/10000)
Train epoch: 497 | Loss: *0.186* | Acc: *93.720%* (46860/50000) 
Test epoch: 497 | Loss: *0.519* | Acc: *84.760%* (8476/10000)
Train epoch: 498 | Loss: *0.192* | Acc: *93.228%* (46614/50000) 
Test epoch: 498 | Loss: *0.373* | Acc: *88.340%* (8834/10000)
Train epoch: 499 | Loss: *0.194* | Acc: *93.226%* (46613/50000) 
Test epoch: 499 | Loss: *0.360* | Acc: *88.910%* (8891/10000)
Train epoch: 500 | Loss: *0.185* | Acc: *93.552%* (46776/50000) 
Test epoch: 500 | Loss: *0.384* | Acc: *88.240%* (8824/10000)
Best test accuracy: *95.020%*, loss: *0.17444717340171337*, at epoch: *197*.
==> Execution time summary of 500 epoch(s).
Train data loading time: sum. *311.04278802126646* secs | avg. *0.6220855760425329* secs per epoch.
Train training time: sum. *1645.299396888353* secs | avg. *3.290598793776706* secs per epoch.
Train total time: sum. *1956.3421849096194* secs | avg. *3.912684369819239* secs per epoch.
Test data loading time: sum. *114.67402430344373* secs | avg. *0.22934804860688746* secs per epoch.
Test training time: sum. *76.67523648776114* secs | avg. *0.1533504729755223* secs per epoch.
Test total time: sum. *191.34926079120487* secs | avg. *0.38269852158240975* secs per epoch.
Total data loading time: sum. *425.7168123247102* secs | avg. *0.8514336246494204* secs per epoch.
Total training time: sum. *1721.974633376114* secs | avg. *3.4439492667522282* secs per epoch.
Total running time: sum. *2147.6914457008243* secs | avg. *4.2953828914016485* secs per epoch.
==> Number of GPU device: 1
==> Device #0 Memory Usage
==> Allocated: 0.1 GB
==> Cached:    1.4 GB
==> Maximum: 1.4 GB
