==> Running on : cuda
==> Number of CPU: 48
==> Number of workers: 2
==> #Epochs: 500, #Layers: 4, #Blocks: [2, 1, 1, 1], In channel: 64, Input layer conv kernel: 3x3, Residual layer conv kernel 3x3, Skip kernel: 1x1, Input layer conv padding: 1, Residual layer conv padding: 1
==> Optimizer is SGD
==> Momentum: 0.9
==> Learning rate: 0.1
==> Weight decay: 0.0005
==>Trainable Parameters: 4977226
==>Other Parameters: 0
==>Augmentation: RandomCrop(32, padding=4), RandomHorizontalFlip(), Normalize((0.4914, 0.4822, 0.4465), (0.2023, 0.1994, 0.2010)
Files already downloaded and verified
Train epoch: 1 | Loss: *1.646* | Acc: *39.322%* (19661/50000) 
Test epoch: 1 | Loss: *1.381* | Acc: *48.980%* (4898/10000)
Train epoch: 2 | Loss: *1.145* | Acc: *58.870%* (29435/50000) 
Test epoch: 2 | Loss: *1.170* | Acc: *58.790%* (5879/10000)
Train epoch: 3 | Loss: *0.912* | Acc: *67.554%* (33777/50000) 
Test epoch: 3 | Loss: *1.032* | Acc: *64.810%* (6481/10000)
Train epoch: 4 | Loss: *0.777* | Acc: *72.686%* (36343/50000) 
Test epoch: 4 | Loss: *0.845* | Acc: *70.730%* (7073/10000)
Train epoch: 5 | Loss: *0.666* | Acc: *76.984%* (38492/50000) 
Test epoch: 5 | Loss: *0.772* | Acc: *73.640%* (7364/10000)
Train epoch: 6 | Loss: *0.594* | Acc: *79.396%* (39698/50000) 
Test epoch: 6 | Loss: *0.765* | Acc: *75.400%* (7540/10000)
Train epoch: 7 | Loss: *0.544* | Acc: *81.200%* (40600/50000) 
Test epoch: 7 | Loss: *0.661* | Acc: *77.600%* (7760/10000)
Train epoch: 8 | Loss: *0.514* | Acc: *82.302%* (41151/50000) 
Test epoch: 8 | Loss: *0.704* | Acc: *77.520%* (7752/10000)
Train epoch: 9 | Loss: *0.488* | Acc: *83.298%* (41649/50000) 
Test epoch: 9 | Loss: *0.887* | Acc: *71.890%* (7189/10000)
Train epoch: 10 | Loss: *0.475* | Acc: *83.472%* (41736/50000) 
Test epoch: 10 | Loss: *0.561* | Acc: *80.120%* (8012/10000)
Train epoch: 11 | Loss: *0.452* | Acc: *84.446%* (42223/50000) 
Test epoch: 11 | Loss: *0.609* | Acc: *79.520%* (7952/10000)
Train epoch: 12 | Loss: *0.441* | Acc: *84.846%* (42423/50000) 
Test epoch: 12 | Loss: *0.608* | Acc: *79.130%* (7913/10000)
Train epoch: 13 | Loss: *0.428* | Acc: *85.160%* (42580/50000) 
Test epoch: 13 | Loss: *0.531* | Acc: *82.070%* (8207/10000)
Train epoch: 14 | Loss: *0.421* | Acc: *85.626%* (42813/50000) 
Test epoch: 14 | Loss: *0.558* | Acc: *81.510%* (8151/10000)
Train epoch: 15 | Loss: *0.405* | Acc: *86.144%* (43072/50000) 
Test epoch: 15 | Loss: *0.647* | Acc: *79.010%* (7901/10000)
Train epoch: 16 | Loss: *0.402* | Acc: *86.270%* (43135/50000) 
Test epoch: 16 | Loss: *0.507* | Acc: *82.830%* (8283/10000)
Train epoch: 17 | Loss: *0.396* | Acc: *86.518%* (43259/50000) 
Test epoch: 17 | Loss: *0.757* | Acc: *77.090%* (7709/10000)
Train epoch: 18 | Loss: *0.392* | Acc: *86.372%* (43186/50000) 
Test epoch: 18 | Loss: *0.524* | Acc: *82.350%* (8235/10000)
Train epoch: 19 | Loss: *0.383* | Acc: *86.758%* (43379/50000) 
Test epoch: 19 | Loss: *0.590* | Acc: *81.110%* (8111/10000)
Train epoch: 20 | Loss: *0.379* | Acc: *86.974%* (43487/50000) 
Test epoch: 20 | Loss: *0.637* | Acc: *79.450%* (7945/10000)
Train epoch: 21 | Loss: *0.377* | Acc: *87.120%* (43560/50000) 
Test epoch: 21 | Loss: *0.578* | Acc: *81.370%* (8137/10000)
Train epoch: 22 | Loss: *0.374* | Acc: *87.214%* (43607/50000) 
Test epoch: 22 | Loss: *0.697* | Acc: *79.990%* (7999/10000)
Train epoch: 23 | Loss: *0.365* | Acc: *87.468%* (43734/50000) 
Test epoch: 23 | Loss: *0.593* | Acc: *81.190%* (8119/10000)
Train epoch: 24 | Loss: *0.364* | Acc: *87.658%* (43829/50000) 
Test epoch: 24 | Loss: *0.563* | Acc: *81.850%* (8185/10000)
Train epoch: 25 | Loss: *0.369* | Acc: *87.290%* (43645/50000) 
Test epoch: 25 | Loss: *0.421* | Acc: *85.980%* (8598/10000)
Train epoch: 26 | Loss: *0.356* | Acc: *87.844%* (43922/50000) 
Test epoch: 26 | Loss: *0.609* | Acc: *79.490%* (7949/10000)
Train epoch: 27 | Loss: *0.366* | Acc: *87.472%* (43736/50000) 
Test epoch: 27 | Loss: *0.573* | Acc: *81.940%* (8194/10000)
Train epoch: 28 | Loss: *0.354* | Acc: *87.842%* (43921/50000) 
Test epoch: 28 | Loss: *0.465* | Acc: *84.300%* (8430/10000)
Train epoch: 29 | Loss: *0.348* | Acc: *88.096%* (44048/50000) 
Test epoch: 29 | Loss: *0.768* | Acc: *76.010%* (7601/10000)
Train epoch: 30 | Loss: *0.350* | Acc: *87.920%* (43960/50000) 
Test epoch: 30 | Loss: *0.555* | Acc: *81.360%* (8136/10000)
Train epoch: 31 | Loss: *0.347* | Acc: *88.118%* (44059/50000) 
Test epoch: 31 | Loss: *0.476* | Acc: *84.280%* (8428/10000)
Train epoch: 32 | Loss: *0.343* | Acc: *88.380%* (44190/50000) 
Test epoch: 32 | Loss: *0.591* | Acc: *80.680%* (8068/10000)
Train epoch: 33 | Loss: *0.347* | Acc: *88.130%* (44065/50000) 
Test epoch: 33 | Loss: *0.580* | Acc: *81.490%* (8149/10000)
Train epoch: 34 | Loss: *0.343* | Acc: *88.186%* (44093/50000) 
Test epoch: 34 | Loss: *0.458* | Acc: *84.960%* (8496/10000)
Train epoch: 35 | Loss: *0.343* | Acc: *88.026%* (44013/50000) 
Test epoch: 35 | Loss: *0.594* | Acc: *80.800%* (8080/10000)
Train epoch: 36 | Loss: *0.331* | Acc: *88.626%* (44313/50000) 
Test epoch: 36 | Loss: *0.542* | Acc: *83.300%* (8330/10000)
Train epoch: 37 | Loss: *0.344* | Acc: *88.160%* (44080/50000) 
Test epoch: 37 | Loss: *0.605* | Acc: *81.300%* (8130/10000)
Train epoch: 38 | Loss: *0.333* | Acc: *88.514%* (44257/50000) 
Test epoch: 38 | Loss: *0.678* | Acc: *79.520%* (7952/10000)
Train epoch: 39 | Loss: *0.340* | Acc: *88.300%* (44150/50000) 
Test epoch: 39 | Loss: *0.555* | Acc: *82.050%* (8205/10000)
Train epoch: 40 | Loss: *0.334* | Acc: *88.406%* (44203/50000) 
Test epoch: 40 | Loss: *0.501* | Acc: *83.610%* (8361/10000)
Train epoch: 41 | Loss: *0.330* | Acc: *88.632%* (44316/50000) 
Test epoch: 41 | Loss: *0.432* | Acc: *85.680%* (8568/10000)
Train epoch: 42 | Loss: *0.332* | Acc: *88.690%* (44345/50000) 
Test epoch: 42 | Loss: *0.552* | Acc: *82.300%* (8230/10000)
Train epoch: 43 | Loss: *0.332* | Acc: *88.648%* (44324/50000) 
Test epoch: 43 | Loss: *0.565* | Acc: *81.930%* (8193/10000)
Train epoch: 44 | Loss: *0.329* | Acc: *88.720%* (44360/50000) 
Test epoch: 44 | Loss: *0.852* | Acc: *74.070%* (7407/10000)
Train epoch: 45 | Loss: *0.329* | Acc: *88.880%* (44440/50000) 
Test epoch: 45 | Loss: *0.688* | Acc: *79.190%* (7919/10000)
Train epoch: 46 | Loss: *0.325* | Acc: *88.864%* (44432/50000) 
Test epoch: 46 | Loss: *0.565* | Acc: *82.420%* (8242/10000)
Train epoch: 47 | Loss: *0.325* | Acc: *88.914%* (44457/50000) 
Test epoch: 47 | Loss: *0.455* | Acc: *85.000%* (8500/10000)
Train epoch: 48 | Loss: *0.329* | Acc: *88.704%* (44352/50000) 
Test epoch: 48 | Loss: *0.719* | Acc: *79.160%* (7916/10000)
Train epoch: 49 | Loss: *0.326* | Acc: *88.744%* (44372/50000) 
Test epoch: 49 | Loss: *0.517* | Acc: *83.640%* (8364/10000)
Train epoch: 50 | Loss: *0.324* | Acc: *89.028%* (44514/50000) 
Test epoch: 50 | Loss: *0.577* | Acc: *81.610%* (8161/10000)
Train epoch: 51 | Loss: *0.317* | Acc: *89.070%* (44535/50000) 
Test epoch: 51 | Loss: *0.449* | Acc: *85.260%* (8526/10000)
Train epoch: 52 | Loss: *0.322* | Acc: *88.986%* (44493/50000) 
Test epoch: 52 | Loss: *0.491* | Acc: *84.490%* (8449/10000)
Train epoch: 53 | Loss: *0.320* | Acc: *89.034%* (44517/50000) 
Test epoch: 53 | Loss: *0.692* | Acc: *78.460%* (7846/10000)
Train epoch: 54 | Loss: *0.315* | Acc: *89.146%* (44573/50000) 
Test epoch: 54 | Loss: *0.440* | Acc: *85.410%* (8541/10000)
Train epoch: 55 | Loss: *0.313* | Acc: *89.238%* (44619/50000) 
Test epoch: 55 | Loss: *0.668* | Acc: *80.630%* (8063/10000)
Train epoch: 56 | Loss: *0.322* | Acc: *88.886%* (44443/50000) 
Test epoch: 56 | Loss: *0.513* | Acc: *84.070%* (8407/10000)
Train epoch: 57 | Loss: *0.315* | Acc: *89.326%* (44663/50000) 
Test epoch: 57 | Loss: *0.458* | Acc: *84.570%* (8457/10000)
Train epoch: 58 | Loss: *0.312* | Acc: *89.260%* (44630/50000) 
Test epoch: 58 | Loss: *0.560* | Acc: *81.940%* (8194/10000)
Train epoch: 59 | Loss: *0.314* | Acc: *89.246%* (44623/50000) 
Test epoch: 59 | Loss: *0.517* | Acc: *83.470%* (8347/10000)
Train epoch: 60 | Loss: *0.311* | Acc: *89.312%* (44656/50000) 
Test epoch: 60 | Loss: *0.447* | Acc: *85.010%* (8501/10000)
Train epoch: 61 | Loss: *0.310* | Acc: *89.366%* (44683/50000) 
Test epoch: 61 | Loss: *0.647* | Acc: *80.350%* (8035/10000)
Train epoch: 62 | Loss: *0.313* | Acc: *89.306%* (44653/50000) 
Test epoch: 62 | Loss: *0.493* | Acc: *83.780%* (8378/10000)
Train epoch: 63 | Loss: *0.312* | Acc: *89.296%* (44648/50000) 
Test epoch: 63 | Loss: *0.504* | Acc: *83.530%* (8353/10000)
Train epoch: 64 | Loss: *0.310* | Acc: *89.416%* (44708/50000) 
Test epoch: 64 | Loss: *0.473* | Acc: *84.170%* (8417/10000)
Train epoch: 65 | Loss: *0.309* | Acc: *89.346%* (44673/50000) 
Test epoch: 65 | Loss: *0.444* | Acc: *85.090%* (8509/10000)
Train epoch: 66 | Loss: *0.303* | Acc: *89.730%* (44865/50000) 
Test epoch: 66 | Loss: *0.684* | Acc: *79.260%* (7926/10000)
Train epoch: 67 | Loss: *0.306* | Acc: *89.574%* (44787/50000) 
Test epoch: 67 | Loss: *0.453* | Acc: *85.360%* (8536/10000)
Train epoch: 68 | Loss: *0.300* | Acc: *89.724%* (44862/50000) 
Test epoch: 68 | Loss: *0.490* | Acc: *84.020%* (8402/10000)
Train epoch: 69 | Loss: *0.306* | Acc: *89.496%* (44748/50000) 
Test epoch: 69 | Loss: *0.641* | Acc: *79.430%* (7943/10000)
Train epoch: 70 | Loss: *0.301* | Acc: *89.780%* (44890/50000) 
Test epoch: 70 | Loss: *0.590* | Acc: *82.350%* (8235/10000)
Train epoch: 71 | Loss: *0.299* | Acc: *89.804%* (44902/50000) 
Test epoch: 71 | Loss: *0.482* | Acc: *84.470%* (8447/10000)
Train epoch: 72 | Loss: *0.298* | Acc: *89.810%* (44905/50000) 
Test epoch: 72 | Loss: *0.646* | Acc: *80.330%* (8033/10000)
Train epoch: 73 | Loss: *0.299* | Acc: *89.690%* (44845/50000) 
Test epoch: 73 | Loss: *0.546* | Acc: *82.830%* (8283/10000)
Train epoch: 74 | Loss: *0.302* | Acc: *89.576%* (44788/50000) 
Test epoch: 74 | Loss: *0.452* | Acc: *85.420%* (8542/10000)
Train epoch: 75 | Loss: *0.298* | Acc: *89.738%* (44869/50000) 
Test epoch: 75 | Loss: *0.406* | Acc: *86.700%* (8670/10000)
Train epoch: 76 | Loss: *0.296* | Acc: *89.880%* (44940/50000) 
Test epoch: 76 | Loss: *0.488* | Acc: *84.440%* (8444/10000)
Train epoch: 77 | Loss: *0.293* | Acc: *90.094%* (45047/50000) 
Test epoch: 77 | Loss: *0.607* | Acc: *80.830%* (8083/10000)
Train epoch: 78 | Loss: *0.290* | Acc: *89.994%* (44997/50000) 
Test epoch: 78 | Loss: *0.669* | Acc: *79.740%* (7974/10000)
Train epoch: 79 | Loss: *0.289* | Acc: *90.114%* (45057/50000) 
Test epoch: 79 | Loss: *0.449* | Acc: *85.020%* (8502/10000)
Train epoch: 80 | Loss: *0.289* | Acc: *90.154%* (45077/50000) 
Test epoch: 80 | Loss: *0.445* | Acc: *85.170%* (8517/10000)
Train epoch: 81 | Loss: *0.289* | Acc: *90.176%* (45088/50000) 
Test epoch: 81 | Loss: *0.646* | Acc: *80.340%* (8034/10000)
Train epoch: 82 | Loss: *0.288* | Acc: *89.914%* (44957/50000) 
Test epoch: 82 | Loss: *0.568* | Acc: *81.140%* (8114/10000)
Train epoch: 83 | Loss: *0.289* | Acc: *90.072%* (45036/50000) 
Test epoch: 83 | Loss: *0.482* | Acc: *84.550%* (8455/10000)
Train epoch: 84 | Loss: *0.286* | Acc: *90.328%* (45164/50000) 
Test epoch: 84 | Loss: *0.542* | Acc: *82.920%* (8292/10000)
Train epoch: 85 | Loss: *0.284* | Acc: *90.124%* (45062/50000) 
Test epoch: 85 | Loss: *0.802* | Acc: *76.770%* (7677/10000)
Train epoch: 86 | Loss: *0.285* | Acc: *90.120%* (45060/50000) 
Test epoch: 86 | Loss: *0.488* | Acc: *84.300%* (8430/10000)
Train epoch: 87 | Loss: *0.283* | Acc: *90.416%* (45208/50000) 
Test epoch: 87 | Loss: *0.429* | Acc: *85.680%* (8568/10000)
Train epoch: 88 | Loss: *0.284* | Acc: *90.320%* (45160/50000) 
Test epoch: 88 | Loss: *0.476* | Acc: *84.910%* (8491/10000)
Train epoch: 89 | Loss: *0.284* | Acc: *90.328%* (45164/50000) 
Test epoch: 89 | Loss: *0.388* | Acc: *87.420%* (8742/10000)
Train epoch: 90 | Loss: *0.280* | Acc: *90.344%* (45172/50000) 
Test epoch: 90 | Loss: *0.588* | Acc: *81.990%* (8199/10000)
Train epoch: 91 | Loss: *0.278* | Acc: *90.466%* (45233/50000) 
Test epoch: 91 | Loss: *0.547* | Acc: *83.960%* (8396/10000)
Train epoch: 92 | Loss: *0.277* | Acc: *90.406%* (45203/50000) 
Test epoch: 92 | Loss: *0.633* | Acc: *80.320%* (8032/10000)
Train epoch: 93 | Loss: *0.275* | Acc: *90.598%* (45299/50000) 
Test epoch: 93 | Loss: *0.497* | Acc: *84.010%* (8401/10000)
Train epoch: 94 | Loss: *0.277* | Acc: *90.364%* (45182/50000) 
Test epoch: 94 | Loss: *0.412* | Acc: *86.780%* (8678/10000)
Train epoch: 95 | Loss: *0.275* | Acc: *90.530%* (45265/50000) 
Test epoch: 95 | Loss: *0.567* | Acc: *81.910%* (8191/10000)
Train epoch: 96 | Loss: *0.278* | Acc: *90.238%* (45119/50000) 
Test epoch: 96 | Loss: *0.404* | Acc: *86.540%* (8654/10000)
Train epoch: 97 | Loss: *0.271* | Acc: *90.596%* (45298/50000) 
Test epoch: 97 | Loss: *0.439* | Acc: *86.340%* (8634/10000)
Train epoch: 98 | Loss: *0.270* | Acc: *90.764%* (45382/50000) 
Test epoch: 98 | Loss: *0.401* | Acc: *86.690%* (8669/10000)
Train epoch: 99 | Loss: *0.268* | Acc: *90.756%* (45378/50000) 
Test epoch: 99 | Loss: *0.560* | Acc: *82.490%* (8249/10000)
Train epoch: 100 | Loss: *0.269* | Acc: *90.748%* (45374/50000) 
Test epoch: 100 | Loss: *0.399* | Acc: *87.520%* (8752/10000)
Train epoch: 101 | Loss: *0.273* | Acc: *90.560%* (45280/50000) 
Test epoch: 101 | Loss: *0.528* | Acc: *83.600%* (8360/10000)
Train epoch: 102 | Loss: *0.266* | Acc: *91.092%* (45546/50000) 
Test epoch: 102 | Loss: *0.445* | Acc: *85.620%* (8562/10000)
Train epoch: 103 | Loss: *0.266* | Acc: *90.982%* (45491/50000) 
Test epoch: 103 | Loss: *0.467* | Acc: *85.650%* (8565/10000)
Train epoch: 104 | Loss: *0.265* | Acc: *90.946%* (45473/50000) 
Test epoch: 104 | Loss: *0.551* | Acc: *83.110%* (8311/10000)
Train epoch: 105 | Loss: *0.259* | Acc: *91.092%* (45546/50000) 
Test epoch: 105 | Loss: *0.623* | Acc: *80.510%* (8051/10000)
Train epoch: 106 | Loss: *0.261* | Acc: *90.996%* (45498/50000) 
Test epoch: 106 | Loss: *0.504* | Acc: *84.250%* (8425/10000)
Train epoch: 107 | Loss: *0.262* | Acc: *91.112%* (45556/50000) 
Test epoch: 107 | Loss: *0.644* | Acc: *79.770%* (7977/10000)
Train epoch: 108 | Loss: *0.259* | Acc: *91.184%* (45592/50000) 
Test epoch: 108 | Loss: *0.428* | Acc: *86.700%* (8670/10000)
Train epoch: 109 | Loss: *0.258* | Acc: *91.130%* (45565/50000) 
Test epoch: 109 | Loss: *0.464* | Acc: *85.210%* (8521/10000)
Train epoch: 110 | Loss: *0.257* | Acc: *91.258%* (45629/50000) 
Test epoch: 110 | Loss: *0.460* | Acc: *85.630%* (8563/10000)
Train epoch: 111 | Loss: *0.256* | Acc: *91.062%* (45531/50000) 
Test epoch: 111 | Loss: *0.419* | Acc: *86.620%* (8662/10000)
Train epoch: 112 | Loss: *0.247* | Acc: *91.476%* (45738/50000) 
Test epoch: 112 | Loss: *0.470* | Acc: *85.580%* (8558/10000)
Train epoch: 113 | Loss: *0.254* | Acc: *91.108%* (45554/50000) 
Test epoch: 113 | Loss: *0.447* | Acc: *85.690%* (8569/10000)
Train epoch: 114 | Loss: *0.250* | Acc: *91.486%* (45743/50000) 
Test epoch: 114 | Loss: *0.534* | Acc: *83.430%* (8343/10000)
Train epoch: 115 | Loss: *0.252* | Acc: *91.340%* (45670/50000) 
Test epoch: 115 | Loss: *0.470* | Acc: *85.360%* (8536/10000)
Train epoch: 116 | Loss: *0.246* | Acc: *91.572%* (45786/50000) 
Test epoch: 116 | Loss: *0.574* | Acc: *81.710%* (8171/10000)
Train epoch: 117 | Loss: *0.246* | Acc: *91.574%* (45787/50000) 
Test epoch: 117 | Loss: *0.446* | Acc: *85.970%* (8597/10000)
Train epoch: 118 | Loss: *0.244* | Acc: *91.620%* (45810/50000) 
Test epoch: 118 | Loss: *0.546* | Acc: *83.300%* (8330/10000)
Train epoch: 119 | Loss: *0.245* | Acc: *91.592%* (45796/50000) 
Test epoch: 119 | Loss: *0.379* | Acc: *87.630%* (8763/10000)
Train epoch: 120 | Loss: *0.239* | Acc: *91.756%* (45878/50000) 
Test epoch: 120 | Loss: *0.366* | Acc: *88.360%* (8836/10000)
Train epoch: 121 | Loss: *0.245* | Acc: *91.620%* (45810/50000) 
Test epoch: 121 | Loss: *0.494* | Acc: *84.880%* (8488/10000)
Train epoch: 122 | Loss: *0.237* | Acc: *91.688%* (45844/50000) 
Test epoch: 122 | Loss: *0.494* | Acc: *84.620%* (8462/10000)
Train epoch: 123 | Loss: *0.236* | Acc: *91.780%* (45890/50000) 
Test epoch: 123 | Loss: *0.643* | Acc: *79.930%* (7993/10000)
Train epoch: 124 | Loss: *0.236* | Acc: *91.908%* (45954/50000) 
Test epoch: 124 | Loss: *0.440* | Acc: *86.180%* (8618/10000)
Train epoch: 125 | Loss: *0.234* | Acc: *91.924%* (45962/50000) 
Test epoch: 125 | Loss: *0.515* | Acc: *84.820%* (8482/10000)
Train epoch: 126 | Loss: *0.234* | Acc: *91.932%* (45966/50000) 
Test epoch: 126 | Loss: *0.462* | Acc: *85.970%* (8597/10000)
Train epoch: 127 | Loss: *0.235* | Acc: *91.850%* (45925/50000) 
Test epoch: 127 | Loss: *0.381* | Acc: *87.300%* (8730/10000)
Train epoch: 128 | Loss: *0.229* | Acc: *92.186%* (46093/50000) 
Test epoch: 128 | Loss: *0.364* | Acc: *88.660%* (8866/10000)
Train epoch: 129 | Loss: *0.234* | Acc: *91.832%* (45916/50000) 
Test epoch: 129 | Loss: *0.497* | Acc: *83.760%* (8376/10000)
Train epoch: 130 | Loss: *0.230* | Acc: *92.050%* (46025/50000) 
Test epoch: 130 | Loss: *0.375* | Acc: *88.120%* (8812/10000)
Train epoch: 131 | Loss: *0.234* | Acc: *92.000%* (46000/50000) 
Test epoch: 131 | Loss: *0.625* | Acc: *81.230%* (8123/10000)
Train epoch: 132 | Loss: *0.221* | Acc: *92.482%* (46241/50000) 
Test epoch: 132 | Loss: *0.563* | Acc: *82.990%* (8299/10000)
Train epoch: 133 | Loss: *0.227* | Acc: *92.278%* (46139/50000) 
Test epoch: 133 | Loss: *0.387* | Acc: *87.820%* (8782/10000)
Train epoch: 134 | Loss: *0.224* | Acc: *92.290%* (46145/50000) 
Test epoch: 134 | Loss: *0.502* | Acc: *84.210%* (8421/10000)
Train epoch: 135 | Loss: *0.217* | Acc: *92.622%* (46311/50000) 
Test epoch: 135 | Loss: *0.410* | Acc: *87.120%* (8712/10000)
Train epoch: 136 | Loss: *0.223* | Acc: *92.304%* (46152/50000) 
Test epoch: 136 | Loss: *0.406* | Acc: *87.800%* (8780/10000)
Train epoch: 137 | Loss: *0.221* | Acc: *92.378%* (46189/50000) 
Test epoch: 137 | Loss: *0.441* | Acc: *86.240%* (8624/10000)
Train epoch: 138 | Loss: *0.210* | Acc: *92.834%* (46417/50000) 
Test epoch: 138 | Loss: *0.516* | Acc: *84.530%* (8453/10000)
Train epoch: 139 | Loss: *0.217* | Acc: *92.540%* (46270/50000) 
Test epoch: 139 | Loss: *0.472* | Acc: *85.960%* (8596/10000)
Train epoch: 140 | Loss: *0.219* | Acc: *92.478%* (46239/50000) 
Test epoch: 140 | Loss: *0.357* | Acc: *88.350%* (8835/10000)
Train epoch: 141 | Loss: *0.210* | Acc: *92.830%* (46415/50000) 
Test epoch: 141 | Loss: *0.484* | Acc: *85.720%* (8572/10000)
Train epoch: 142 | Loss: *0.206* | Acc: *92.908%* (46454/50000) 
Test epoch: 142 | Loss: *0.415* | Acc: *87.470%* (8747/10000)
Train epoch: 143 | Loss: *0.212* | Acc: *92.690%* (46345/50000) 
Test epoch: 143 | Loss: *0.370* | Acc: *88.170%* (8817/10000)
Train epoch: 144 | Loss: *0.207* | Acc: *92.788%* (46394/50000) 
Test epoch: 144 | Loss: *0.366* | Acc: *88.540%* (8854/10000)
Train epoch: 145 | Loss: *0.204* | Acc: *92.972%* (46486/50000) 
Test epoch: 145 | Loss: *0.475* | Acc: *85.480%* (8548/10000)
Train epoch: 146 | Loss: *0.202* | Acc: *93.054%* (46527/50000) 
Test epoch: 146 | Loss: *0.430* | Acc: *86.610%* (8661/10000)
Train epoch: 147 | Loss: *0.202* | Acc: *93.030%* (46515/50000) 
Test epoch: 147 | Loss: *0.408* | Acc: *87.150%* (8715/10000)
Train epoch: 148 | Loss: *0.203* | Acc: *92.872%* (46436/50000) 
Test epoch: 148 | Loss: *0.382* | Acc: *88.130%* (8813/10000)
Train epoch: 149 | Loss: *0.199* | Acc: *93.082%* (46541/50000) 
Test epoch: 149 | Loss: *0.381* | Acc: *87.680%* (8768/10000)
Train epoch: 150 | Loss: *0.196* | Acc: *93.396%* (46698/50000) 
Test epoch: 150 | Loss: *0.390* | Acc: *87.850%* (8785/10000)
Train epoch: 151 | Loss: *0.200* | Acc: *93.132%* (46566/50000) 
Test epoch: 151 | Loss: *0.372* | Acc: *88.260%* (8826/10000)
Train epoch: 152 | Loss: *0.194* | Acc: *93.190%* (46595/50000) 
Test epoch: 152 | Loss: *0.375* | Acc: *87.750%* (8775/10000)
Train epoch: 153 | Loss: *0.192* | Acc: *93.324%* (46662/50000) 
Test epoch: 153 | Loss: *0.354* | Acc: *88.980%* (8898/10000)
Train epoch: 154 | Loss: *0.188* | Acc: *93.578%* (46789/50000) 
Test epoch: 154 | Loss: *0.440* | Acc: *86.880%* (8688/10000)
Train epoch: 155 | Loss: *0.193* | Acc: *93.444%* (46722/50000) 
Test epoch: 155 | Loss: *0.367* | Acc: *88.630%* (8863/10000)
Train epoch: 156 | Loss: *0.187* | Acc: *93.496%* (46748/50000) 
Test epoch: 156 | Loss: *0.357* | Acc: *88.820%* (8882/10000)
Train epoch: 157 | Loss: *0.182* | Acc: *93.646%* (46823/50000) 
Test epoch: 157 | Loss: *0.345* | Acc: *89.230%* (8923/10000)
Train epoch: 158 | Loss: *0.184* | Acc: *93.604%* (46802/50000) 
Test epoch: 158 | Loss: *0.357* | Acc: *88.710%* (8871/10000)
Train epoch: 159 | Loss: *0.185* | Acc: *93.622%* (46811/50000) 
Test epoch: 159 | Loss: *0.415* | Acc: *87.420%* (8742/10000)
Train epoch: 160 | Loss: *0.181* | Acc: *93.756%* (46878/50000) 
Test epoch: 160 | Loss: *0.449* | Acc: *86.740%* (8674/10000)
Train epoch: 161 | Loss: *0.183* | Acc: *93.704%* (46852/50000) 
Test epoch: 161 | Loss: *0.336* | Acc: *89.520%* (8952/10000)
Train epoch: 162 | Loss: *0.179* | Acc: *93.824%* (46912/50000) 
Test epoch: 162 | Loss: *0.362* | Acc: *88.750%* (8875/10000)
Train epoch: 163 | Loss: *0.176* | Acc: *94.002%* (47001/50000) 
Test epoch: 163 | Loss: *0.334* | Acc: *88.870%* (8887/10000)
Train epoch: 164 | Loss: *0.172* | Acc: *94.092%* (47046/50000) 
Test epoch: 164 | Loss: *0.347* | Acc: *88.720%* (8872/10000)
Train epoch: 165 | Loss: *0.174* | Acc: *94.026%* (47013/50000) 
Test epoch: 165 | Loss: *0.371* | Acc: *88.190%* (8819/10000)
Train epoch: 166 | Loss: *0.174* | Acc: *93.992%* (46996/50000) 
Test epoch: 166 | Loss: *0.344* | Acc: *89.370%* (8937/10000)
Train epoch: 167 | Loss: *0.167* | Acc: *94.192%* (47096/50000) 
Test epoch: 167 | Loss: *0.315* | Acc: *90.040%* (9004/10000)
Train epoch: 168 | Loss: *0.165* | Acc: *94.238%* (47119/50000) 
Test epoch: 168 | Loss: *0.328* | Acc: *89.840%* (8984/10000)
Train epoch: 169 | Loss: *0.163* | Acc: *94.436%* (47218/50000) 
Test epoch: 169 | Loss: *0.379* | Acc: *88.310%* (8831/10000)
Train epoch: 170 | Loss: *0.163* | Acc: *94.414%* (47207/50000) 
Test epoch: 170 | Loss: *0.509* | Acc: *85.850%* (8585/10000)
Train epoch: 171 | Loss: *0.160* | Acc: *94.466%* (47233/50000) 
Test epoch: 171 | Loss: *0.331* | Acc: *89.620%* (8962/10000)
Train epoch: 172 | Loss: *0.157* | Acc: *94.478%* (47239/50000) 
Test epoch: 172 | Loss: *0.370* | Acc: *88.920%* (8892/10000)
Train epoch: 173 | Loss: *0.157* | Acc: *94.538%* (47269/50000) 
Test epoch: 173 | Loss: *0.369* | Acc: *89.340%* (8934/10000)
Train epoch: 174 | Loss: *0.153* | Acc: *94.610%* (47305/50000) 
Test epoch: 174 | Loss: *0.347* | Acc: *89.400%* (8940/10000)
Train epoch: 175 | Loss: *0.159* | Acc: *94.498%* (47249/50000) 
Test epoch: 175 | Loss: *0.352* | Acc: *89.550%* (8955/10000)
Train epoch: 176 | Loss: *0.148* | Acc: *94.928%* (47464/50000) 
Test epoch: 176 | Loss: *0.373* | Acc: *88.780%* (8878/10000)
Train epoch: 177 | Loss: *0.149* | Acc: *94.746%* (47373/50000) 
Test epoch: 177 | Loss: *0.373* | Acc: *88.680%* (8868/10000)
Train epoch: 178 | Loss: *0.147* | Acc: *94.908%* (47454/50000) 
Test epoch: 178 | Loss: *0.350* | Acc: *89.740%* (8974/10000)
Train epoch: 179 | Loss: *0.152* | Acc: *94.800%* (47400/50000) 
Test epoch: 179 | Loss: *0.457* | Acc: *86.640%* (8664/10000)
Train epoch: 180 | Loss: *0.146* | Acc: *94.934%* (47467/50000) 
Test epoch: 180 | Loss: *0.298* | Acc: *90.840%* (9084/10000)
Train epoch: 181 | Loss: *0.142* | Acc: *95.072%* (47536/50000) 
Test epoch: 181 | Loss: *0.366* | Acc: *88.660%* (8866/10000)
Train epoch: 182 | Loss: *0.140* | Acc: *95.264%* (47632/50000) 
Test epoch: 182 | Loss: *0.354* | Acc: *89.590%* (8959/10000)
Train epoch: 183 | Loss: *0.138* | Acc: *95.250%* (47625/50000) 
Test epoch: 183 | Loss: *0.333* | Acc: *89.460%* (8946/10000)
Train epoch: 184 | Loss: *0.131* | Acc: *95.638%* (47819/50000) 
Test epoch: 184 | Loss: *0.373* | Acc: *89.120%* (8912/10000)
Train epoch: 185 | Loss: *0.135* | Acc: *95.384%* (47692/50000) 
Test epoch: 185 | Loss: *0.348* | Acc: *89.410%* (8941/10000)
Train epoch: 186 | Loss: *0.129* | Acc: *95.552%* (47776/50000) 
Test epoch: 186 | Loss: *0.360* | Acc: *89.100%* (8910/10000)
Train epoch: 187 | Loss: *0.134* | Acc: *95.300%* (47650/50000) 
Test epoch: 187 | Loss: *0.384* | Acc: *88.950%* (8895/10000)
Train epoch: 188 | Loss: *0.129* | Acc: *95.574%* (47787/50000) 
Test epoch: 188 | Loss: *0.280* | Acc: *91.100%* (9110/10000)
Train epoch: 189 | Loss: *0.128* | Acc: *95.612%* (47806/50000) 
Test epoch: 189 | Loss: *0.403* | Acc: *88.430%* (8843/10000)
Train epoch: 190 | Loss: *0.129* | Acc: *95.590%* (47795/50000) 
Test epoch: 190 | Loss: *0.331* | Acc: *90.040%* (9004/10000)
Train epoch: 191 | Loss: *0.123* | Acc: *95.788%* (47894/50000) 
Test epoch: 191 | Loss: *0.349* | Acc: *89.620%* (8962/10000)
Train epoch: 192 | Loss: *0.119* | Acc: *95.888%* (47944/50000) 
Test epoch: 192 | Loss: *0.313* | Acc: *90.240%* (9024/10000)
Train epoch: 193 | Loss: *0.119* | Acc: *95.890%* (47945/50000) 
Test epoch: 193 | Loss: *0.363* | Acc: *89.700%* (8970/10000)
Train epoch: 194 | Loss: *0.114* | Acc: *96.146%* (48073/50000) 
Test epoch: 194 | Loss: *0.302* | Acc: *90.830%* (9083/10000)
Train epoch: 195 | Loss: *0.120* | Acc: *95.844%* (47922/50000) 
Test epoch: 195 | Loss: *0.369* | Acc: *89.150%* (8915/10000)
Train epoch: 196 | Loss: *0.110* | Acc: *96.260%* (48130/50000) 
Test epoch: 196 | Loss: *0.331* | Acc: *90.240%* (9024/10000)
Train epoch: 197 | Loss: *0.107* | Acc: *96.450%* (48225/50000) 
Test epoch: 197 | Loss: *0.320* | Acc: *90.430%* (9043/10000)
Train epoch: 198 | Loss: *0.108* | Acc: *96.362%* (48181/50000) 
Test epoch: 198 | Loss: *0.346* | Acc: *89.760%* (8976/10000)
Train epoch: 199 | Loss: *0.104* | Acc: *96.522%* (48261/50000) 
Test epoch: 199 | Loss: *0.297* | Acc: *90.730%* (9073/10000)
Train epoch: 200 | Loss: *0.111* | Acc: *96.098%* (48049/50000) 
Test epoch: 200 | Loss: *0.305* | Acc: *90.960%* (9096/10000)
Train epoch: 201 | Loss: *0.098* | Acc: *96.680%* (48340/50000) 
Test epoch: 201 | Loss: *0.339* | Acc: *90.120%* (9012/10000)
Train epoch: 202 | Loss: *0.101* | Acc: *96.510%* (48255/50000) 
Test epoch: 202 | Loss: *0.384* | Acc: *89.220%* (8922/10000)
Train epoch: 203 | Loss: *0.095* | Acc: *96.786%* (48393/50000) 
Test epoch: 203 | Loss: *0.343* | Acc: *90.090%* (9009/10000)
Train epoch: 204 | Loss: *0.093* | Acc: *96.976%* (48488/50000) 
Test epoch: 204 | Loss: *0.365* | Acc: *89.660%* (8966/10000)
Train epoch: 205 | Loss: *0.088* | Acc: *97.026%* (48513/50000) 
Test epoch: 205 | Loss: *0.291* | Acc: *91.760%* (9176/10000)
Train epoch: 206 | Loss: *0.093* | Acc: *96.784%* (48392/50000) 
Test epoch: 206 | Loss: *0.322* | Acc: *90.580%* (9058/10000)
Train epoch: 207 | Loss: *0.096* | Acc: *96.822%* (48411/50000) 
Test epoch: 207 | Loss: *0.340* | Acc: *90.530%* (9053/10000)
Train epoch: 208 | Loss: *0.086* | Acc: *97.122%* (48561/50000) 
Test epoch: 208 | Loss: *0.397* | Acc: *89.000%* (8900/10000)
Train epoch: 209 | Loss: *0.080* | Acc: *97.350%* (48675/50000) 
Test epoch: 209 | Loss: *0.308* | Acc: *90.930%* (9093/10000)
Train epoch: 210 | Loss: *0.087* | Acc: *96.980%* (48490/50000) 
Test epoch: 210 | Loss: *0.288* | Acc: *91.440%* (9144/10000)
Train epoch: 211 | Loss: *0.085* | Acc: *97.102%* (48551/50000) 
Test epoch: 211 | Loss: *0.301* | Acc: *91.280%* (9128/10000)
Train epoch: 212 | Loss: *0.070* | Acc: *97.744%* (48872/50000) 
Test epoch: 212 | Loss: *0.322* | Acc: *90.790%* (9079/10000)
Train epoch: 213 | Loss: *0.071* | Acc: *97.640%* (48820/50000) 
Test epoch: 213 | Loss: *0.283* | Acc: *91.700%* (9170/10000)
Train epoch: 214 | Loss: *0.074* | Acc: *97.472%* (48736/50000) 
Test epoch: 214 | Loss: *0.343* | Acc: *90.780%* (9078/10000)
Train epoch: 215 | Loss: *0.070* | Acc: *97.680%* (48840/50000) 
Test epoch: 215 | Loss: *0.295* | Acc: *91.520%* (9152/10000)
Train epoch: 216 | Loss: *0.069* | Acc: *97.762%* (48881/50000) 
Test epoch: 216 | Loss: *0.398* | Acc: *89.210%* (8921/10000)
Train epoch: 217 | Loss: *0.070* | Acc: *97.642%* (48821/50000) 
Test epoch: 217 | Loss: *0.352* | Acc: *90.660%* (9066/10000)
Train epoch: 218 | Loss: *0.069* | Acc: *97.708%* (48854/50000) 
Test epoch: 218 | Loss: *0.340* | Acc: *90.600%* (9060/10000)
Train epoch: 219 | Loss: *0.064* | Acc: *97.860%* (48930/50000) 
Test epoch: 219 | Loss: *0.293* | Acc: *91.830%* (9183/10000)
Train epoch: 220 | Loss: *0.060* | Acc: *97.998%* (48999/50000) 
Test epoch: 220 | Loss: *0.289* | Acc: *91.930%* (9193/10000)
Train epoch: 221 | Loss: *0.059* | Acc: *98.002%* (49001/50000) 
Test epoch: 221 | Loss: *0.380* | Acc: *90.000%* (9000/10000)
Train epoch: 222 | Loss: *0.061* | Acc: *97.970%* (48985/50000) 
Test epoch: 222 | Loss: *0.308* | Acc: *91.550%* (9155/10000)
Train epoch: 223 | Loss: *0.057* | Acc: *98.074%* (49037/50000) 
Test epoch: 223 | Loss: *0.318* | Acc: *91.200%* (9120/10000)
Train epoch: 224 | Loss: *0.055* | Acc: *98.164%* (49082/50000) 
Test epoch: 224 | Loss: *0.282* | Acc: *91.990%* (9199/10000)
Train epoch: 225 | Loss: *0.052* | Acc: *98.332%* (49166/50000) 
Test epoch: 225 | Loss: *0.283* | Acc: *92.250%* (9225/10000)
Train epoch: 226 | Loss: *0.045* | Acc: *98.552%* (49276/50000) 
Test epoch: 226 | Loss: *0.339* | Acc: *91.050%* (9105/10000)
Train epoch: 227 | Loss: *0.046* | Acc: *98.550%* (49275/50000) 
Test epoch: 227 | Loss: *0.289* | Acc: *91.920%* (9192/10000)
Train epoch: 228 | Loss: *0.049* | Acc: *98.372%* (49186/50000) 
Test epoch: 228 | Loss: *0.292* | Acc: *91.600%* (9160/10000)
Train epoch: 229 | Loss: *0.044* | Acc: *98.614%* (49307/50000) 
Test epoch: 229 | Loss: *0.277* | Acc: *92.140%* (9214/10000)
Train epoch: 230 | Loss: *0.040* | Acc: *98.786%* (49393/50000) 
Test epoch: 230 | Loss: *0.289* | Acc: *92.150%* (9215/10000)
Train epoch: 231 | Loss: *0.039* | Acc: *98.780%* (49390/50000) 
Test epoch: 231 | Loss: *0.286* | Acc: *92.180%* (9218/10000)
Train epoch: 232 | Loss: *0.036* | Acc: *98.924%* (49462/50000) 
Test epoch: 232 | Loss: *0.278* | Acc: *92.490%* (9249/10000)
Train epoch: 233 | Loss: *0.034* | Acc: *99.012%* (49506/50000) 
Test epoch: 233 | Loss: *0.264* | Acc: *92.920%* (9292/10000)
Train epoch: 234 | Loss: *0.030* | Acc: *99.216%* (49608/50000) 
Test epoch: 234 | Loss: *0.257* | Acc: *93.290%* (9329/10000)
Train epoch: 235 | Loss: *0.032* | Acc: *99.062%* (49531/50000) 
Test epoch: 235 | Loss: *0.255* | Acc: *92.980%* (9298/10000)
Train epoch: 236 | Loss: *0.033* | Acc: *98.978%* (49489/50000) 
Test epoch: 236 | Loss: *0.252* | Acc: *92.640%* (9264/10000)
Train epoch: 237 | Loss: *0.029* | Acc: *99.160%* (49580/50000) 
Test epoch: 237 | Loss: *0.267* | Acc: *92.690%* (9269/10000)
Train epoch: 238 | Loss: *0.025* | Acc: *99.312%* (49656/50000) 
Test epoch: 238 | Loss: *0.252* | Acc: *93.130%* (9313/10000)
Train epoch: 239 | Loss: *0.021* | Acc: *99.468%* (49734/50000) 
Test epoch: 239 | Loss: *0.276* | Acc: *92.870%* (9287/10000)
Train epoch: 240 | Loss: *0.021* | Acc: *99.492%* (49746/50000) 
Test epoch: 240 | Loss: *0.238* | Acc: *93.510%* (9351/10000)
Train epoch: 241 | Loss: *0.018* | Acc: *99.566%* (49783/50000) 
Test epoch: 241 | Loss: *0.247* | Acc: *93.450%* (9345/10000)
Train epoch: 242 | Loss: *0.016* | Acc: *99.630%* (49815/50000) 
Test epoch: 242 | Loss: *0.242* | Acc: *93.550%* (9355/10000)
Train epoch: 243 | Loss: *0.014* | Acc: *99.706%* (49853/50000) 
Test epoch: 243 | Loss: *0.236* | Acc: *93.540%* (9354/10000)
Train epoch: 244 | Loss: *0.013* | Acc: *99.730%* (49865/50000) 
Test epoch: 244 | Loss: *0.248* | Acc: *93.430%* (9343/10000)
Train epoch: 245 | Loss: *0.012* | Acc: *99.730%* (49865/50000) 
Test epoch: 245 | Loss: *0.230* | Acc: *93.730%* (9373/10000)
Train epoch: 246 | Loss: *0.011* | Acc: *99.802%* (49901/50000) 
Test epoch: 246 | Loss: *0.228* | Acc: *93.960%* (9396/10000)
Train epoch: 247 | Loss: *0.009* | Acc: *99.860%* (49930/50000) 
Test epoch: 247 | Loss: *0.226* | Acc: *94.010%* (9401/10000)
Train epoch: 248 | Loss: *0.008* | Acc: *99.870%* (49935/50000) 
Test epoch: 248 | Loss: *0.211* | Acc: *93.860%* (9386/10000)
Train epoch: 249 | Loss: *0.008* | Acc: *99.868%* (49934/50000) 
Test epoch: 249 | Loss: *0.216* | Acc: *94.140%* (9414/10000)
Train epoch: 250 | Loss: *0.007* | Acc: *99.906%* (49953/50000) 
Test epoch: 250 | Loss: *0.208* | Acc: *94.490%* (9449/10000)
Train epoch: 251 | Loss: *0.006* | Acc: *99.930%* (49965/50000) 
Test epoch: 251 | Loss: *0.207* | Acc: *94.300%* (9430/10000)
Train epoch: 252 | Loss: *0.005* | Acc: *99.962%* (49981/50000) 
Test epoch: 252 | Loss: *0.205* | Acc: *94.490%* (9449/10000)
Train epoch: 253 | Loss: *0.005* | Acc: *99.948%* (49974/50000) 
Test epoch: 253 | Loss: *0.199* | Acc: *94.340%* (9434/10000)
Train epoch: 254 | Loss: *0.005* | Acc: *99.952%* (49976/50000) 
Test epoch: 254 | Loss: *0.200* | Acc: *94.660%* (9466/10000)
Train epoch: 255 | Loss: *0.005* | Acc: *99.970%* (49985/50000) 
Test epoch: 255 | Loss: *0.197* | Acc: *94.620%* (9462/10000)
Train epoch: 256 | Loss: *0.004* | Acc: *99.972%* (49986/50000) 
Test epoch: 256 | Loss: *0.194* | Acc: *94.760%* (9476/10000)
Train epoch: 257 | Loss: *0.004* | Acc: *99.984%* (49992/50000) 
Test epoch: 257 | Loss: *0.194* | Acc: *94.600%* (9460/10000)
Train epoch: 258 | Loss: *0.004* | Acc: *99.986%* (49993/50000) 
Test epoch: 258 | Loss: *0.192* | Acc: *94.660%* (9466/10000)
Train epoch: 259 | Loss: *0.004* | Acc: *99.984%* (49992/50000) 
Test epoch: 259 | Loss: *0.194* | Acc: *94.500%* (9450/10000)
Train epoch: 260 | Loss: *0.004* | Acc: *99.990%* (49995/50000) 
Test epoch: 260 | Loss: *0.192* | Acc: *94.660%* (9466/10000)
Train epoch: 261 | Loss: *0.003* | Acc: *99.998%* (49999/50000) 
Test epoch: 261 | Loss: *0.191* | Acc: *94.670%* (9467/10000)
Train epoch: 262 | Loss: *0.003* | Acc: *100.000%* (50000/50000) 
Test epoch: 262 | Loss: *0.187* | Acc: *94.760%* (9476/10000)
Train epoch: 263 | Loss: *0.003* | Acc: *99.990%* (49995/50000) 
Test epoch: 263 | Loss: *0.188* | Acc: *94.780%* (9478/10000)
Train epoch: 264 | Loss: *0.003* | Acc: *99.986%* (49993/50000) 
Test epoch: 264 | Loss: *0.187* | Acc: *94.800%* (9480/10000)
Train epoch: 265 | Loss: *0.003* | Acc: *100.000%* (50000/50000) 
Test epoch: 265 | Loss: *0.183* | Acc: *94.920%* (9492/10000)
Train epoch: 266 | Loss: *0.003* | Acc: *99.998%* (49999/50000) 
Test epoch: 266 | Loss: *0.185* | Acc: *94.750%* (9475/10000)
Train epoch: 267 | Loss: *0.003* | Acc: *100.000%* (50000/50000) 
Test epoch: 267 | Loss: *0.185* | Acc: *94.790%* (9479/10000)
Train epoch: 268 | Loss: *0.003* | Acc: *99.992%* (49996/50000) 
Test epoch: 268 | Loss: *0.184* | Acc: *94.700%* (9470/10000)
Train epoch: 269 | Loss: *0.003* | Acc: *99.994%* (49997/50000) 
Test epoch: 269 | Loss: *0.181* | Acc: *94.870%* (9487/10000)
Train epoch: 270 | Loss: *0.003* | Acc: *99.992%* (49996/50000) 
Test epoch: 270 | Loss: *0.183* | Acc: *94.930%* (9493/10000)
Train epoch: 271 | Loss: *0.003* | Acc: *100.000%* (50000/50000) 
Test epoch: 271 | Loss: *0.183* | Acc: *94.860%* (9486/10000)
Train epoch: 272 | Loss: *0.003* | Acc: *99.996%* (49998/50000) 
Test epoch: 272 | Loss: *0.181* | Acc: *94.890%* (9489/10000)
Train epoch: 273 | Loss: *0.003* | Acc: *99.998%* (49999/50000) 
Test epoch: 273 | Loss: *0.183* | Acc: *94.820%* (9482/10000)
Train epoch: 274 | Loss: *0.003* | Acc: *99.998%* (49999/50000) 
Test epoch: 274 | Loss: *0.182* | Acc: *94.810%* (9481/10000)
Train epoch: 275 | Loss: *0.003* | Acc: *100.000%* (50000/50000) 
Test epoch: 275 | Loss: *0.182* | Acc: *94.760%* (9476/10000)
Train epoch: 276 | Loss: *0.003* | Acc: *100.000%* (50000/50000) 
Test epoch: 276 | Loss: *0.181* | Acc: *94.770%* (9477/10000)
Train epoch: 277 | Loss: *0.003* | Acc: *100.000%* (50000/50000) 
Test epoch: 277 | Loss: *0.180* | Acc: *94.770%* (9477/10000)
Train epoch: 278 | Loss: *0.003* | Acc: *100.000%* (50000/50000) 
Test epoch: 278 | Loss: *0.180* | Acc: *94.790%* (9479/10000)
Train epoch: 279 | Loss: *0.003* | Acc: *99.998%* (49999/50000) 
Test epoch: 279 | Loss: *0.180* | Acc: *94.830%* (9483/10000)
Train epoch: 280 | Loss: *0.003* | Acc: *99.996%* (49998/50000) 
Test epoch: 280 | Loss: *0.179* | Acc: *94.800%* (9480/10000)
Train epoch: 281 | Loss: *0.003* | Acc: *100.000%* (50000/50000) 
Test epoch: 281 | Loss: *0.177* | Acc: *94.860%* (9486/10000)
Train epoch: 282 | Loss: *0.003* | Acc: *99.998%* (49999/50000) 
Test epoch: 282 | Loss: *0.177* | Acc: *94.840%* (9484/10000)
Train epoch: 283 | Loss: *0.003* | Acc: *99.998%* (49999/50000) 
Test epoch: 283 | Loss: *0.181* | Acc: *94.730%* (9473/10000)
Train epoch: 284 | Loss: *0.003* | Acc: *99.998%* (49999/50000) 
Test epoch: 284 | Loss: *0.177* | Acc: *94.900%* (9490/10000)
Train epoch: 285 | Loss: *0.003* | Acc: *100.000%* (50000/50000) 
Test epoch: 285 | Loss: *0.179* | Acc: *94.760%* (9476/10000)
Train epoch: 286 | Loss: *0.003* | Acc: *99.996%* (49998/50000) 
Test epoch: 286 | Loss: *0.178* | Acc: *94.840%* (9484/10000)
Train epoch: 287 | Loss: *0.003* | Acc: *99.998%* (49999/50000) 
Test epoch: 287 | Loss: *0.177* | Acc: *94.830%* (9483/10000)
Train epoch: 288 | Loss: *0.003* | Acc: *100.000%* (50000/50000) 
Test epoch: 288 | Loss: *0.176* | Acc: *94.880%* (9488/10000)
Train epoch: 289 | Loss: *0.003* | Acc: *99.998%* (49999/50000) 
Test epoch: 289 | Loss: *0.177* | Acc: *94.830%* (9483/10000)
Train epoch: 290 | Loss: *0.003* | Acc: *99.996%* (49998/50000) 
Test epoch: 290 | Loss: *0.178* | Acc: *94.780%* (9478/10000)
Train epoch: 291 | Loss: *0.003* | Acc: *100.000%* (50000/50000) 
Test epoch: 291 | Loss: *0.177* | Acc: *94.900%* (9490/10000)
Train epoch: 292 | Loss: *0.003* | Acc: *99.998%* (49999/50000) 
Test epoch: 292 | Loss: *0.176* | Acc: *94.870%* (9487/10000)
Train epoch: 293 | Loss: *0.003* | Acc: *100.000%* (50000/50000) 
Test epoch: 293 | Loss: *0.177* | Acc: *94.770%* (9477/10000)
Train epoch: 294 | Loss: *0.003* | Acc: *99.998%* (49999/50000) 
Test epoch: 294 | Loss: *0.177* | Acc: *94.860%* (9486/10000)
Train epoch: 295 | Loss: *0.003* | Acc: *100.000%* (50000/50000) 
Test epoch: 295 | Loss: *0.177* | Acc: *94.830%* (9483/10000)
Train epoch: 296 | Loss: *0.003* | Acc: *100.000%* (50000/50000) 
Test epoch: 296 | Loss: *0.178* | Acc: *94.780%* (9478/10000)
Train epoch: 297 | Loss: *0.003* | Acc: *99.996%* (49998/50000) 
Test epoch: 297 | Loss: *0.176* | Acc: *94.870%* (9487/10000)
Train epoch: 298 | Loss: *0.003* | Acc: *99.998%* (49999/50000) 
Test epoch: 298 | Loss: *0.177* | Acc: *94.860%* (9486/10000)
Train epoch: 299 | Loss: *0.003* | Acc: *100.000%* (50000/50000) 
Test epoch: 299 | Loss: *0.176* | Acc: *94.800%* (9480/10000)
Train epoch: 300 | Loss: *0.003* | Acc: *100.000%* (50000/50000) 
Test epoch: 300 | Loss: *0.177* | Acc: *94.830%* (9483/10000)
Train epoch: 301 | Loss: *0.003* | Acc: *99.996%* (49998/50000) 
Test epoch: 301 | Loss: *0.175* | Acc: *94.850%* (9485/10000)
Train epoch: 302 | Loss: *0.003* | Acc: *99.996%* (49998/50000) 
Test epoch: 302 | Loss: *0.176* | Acc: *94.910%* (9491/10000)
Train epoch: 303 | Loss: *0.003* | Acc: *100.000%* (50000/50000) 
Test epoch: 303 | Loss: *0.177* | Acc: *94.740%* (9474/10000)
Train epoch: 304 | Loss: *0.003* | Acc: *99.998%* (49999/50000) 
Test epoch: 304 | Loss: *0.176* | Acc: *94.880%* (9488/10000)
Train epoch: 305 | Loss: *0.003* | Acc: *99.998%* (49999/50000) 
Test epoch: 305 | Loss: *0.177* | Acc: *94.820%* (9482/10000)
Train epoch: 306 | Loss: *0.003* | Acc: *100.000%* (50000/50000) 
Test epoch: 306 | Loss: *0.176* | Acc: *94.790%* (9479/10000)
Train epoch: 307 | Loss: *0.003* | Acc: *100.000%* (50000/50000) 
Test epoch: 307 | Loss: *0.177* | Acc: *94.810%* (9481/10000)
Train epoch: 308 | Loss: *0.003* | Acc: *99.998%* (49999/50000) 
Test epoch: 308 | Loss: *0.178* | Acc: *94.720%* (9472/10000)
Train epoch: 309 | Loss: *0.003* | Acc: *100.000%* (50000/50000) 
Test epoch: 309 | Loss: *0.177* | Acc: *94.800%* (9480/10000)
Train epoch: 310 | Loss: *0.003* | Acc: *100.000%* (50000/50000) 
Test epoch: 310 | Loss: *0.176* | Acc: *94.820%* (9482/10000)
Train epoch: 311 | Loss: *0.003* | Acc: *100.000%* (50000/50000) 
Test epoch: 311 | Loss: *0.176* | Acc: *94.820%* (9482/10000)
Train epoch: 312 | Loss: *0.003* | Acc: *100.000%* (50000/50000) 
Test epoch: 312 | Loss: *0.176* | Acc: *94.830%* (9483/10000)
Train epoch: 313 | Loss: *0.003* | Acc: *99.994%* (49997/50000) 
Test epoch: 313 | Loss: *0.178* | Acc: *94.900%* (9490/10000)
Train epoch: 314 | Loss: *0.003* | Acc: *99.998%* (49999/50000) 
Test epoch: 314 | Loss: *0.176* | Acc: *94.890%* (9489/10000)
Train epoch: 315 | Loss: *0.003* | Acc: *99.998%* (49999/50000) 
Test epoch: 315 | Loss: *0.175* | Acc: *94.810%* (9481/10000)
Train epoch: 316 | Loss: *0.003* | Acc: *99.998%* (49999/50000) 
Test epoch: 316 | Loss: *0.176* | Acc: *94.890%* (9489/10000)
Train epoch: 317 | Loss: *0.003* | Acc: *99.996%* (49998/50000) 
Test epoch: 317 | Loss: *0.177* | Acc: *94.850%* (9485/10000)
Train epoch: 318 | Loss: *0.003* | Acc: *100.000%* (50000/50000) 
Test epoch: 318 | Loss: *0.179* | Acc: *94.880%* (9488/10000)
Train epoch: 319 | Loss: *0.003* | Acc: *99.998%* (49999/50000) 
Test epoch: 319 | Loss: *0.176* | Acc: *94.850%* (9485/10000)
Train epoch: 320 | Loss: *0.003* | Acc: *100.000%* (50000/50000) 
Test epoch: 320 | Loss: *0.178* | Acc: *94.800%* (9480/10000)
Train epoch: 321 | Loss: *0.003* | Acc: *99.998%* (49999/50000) 
Test epoch: 321 | Loss: *0.178* | Acc: *94.790%* (9479/10000)
Train epoch: 322 | Loss: *0.003* | Acc: *99.996%* (49998/50000) 
Test epoch: 322 | Loss: *0.176* | Acc: *94.920%* (9492/10000)
Train epoch: 323 | Loss: *0.003* | Acc: *100.000%* (50000/50000) 
Test epoch: 323 | Loss: *0.177* | Acc: *94.840%* (9484/10000)
Train epoch: 324 | Loss: *0.003* | Acc: *100.000%* (50000/50000) 
Test epoch: 324 | Loss: *0.177* | Acc: *94.850%* (9485/10000)
Train epoch: 325 | Loss: *0.003* | Acc: *99.998%* (49999/50000) 
Test epoch: 325 | Loss: *0.176* | Acc: *94.810%* (9481/10000)
Train epoch: 326 | Loss: *0.003* | Acc: *99.998%* (49999/50000) 
Test epoch: 326 | Loss: *0.176* | Acc: *94.860%* (9486/10000)
Train epoch: 327 | Loss: *0.003* | Acc: *100.000%* (50000/50000) 
Test epoch: 327 | Loss: *0.176* | Acc: *94.910%* (9491/10000)
Train epoch: 328 | Loss: *0.003* | Acc: *100.000%* (50000/50000) 
Test epoch: 328 | Loss: *0.178* | Acc: *94.900%* (9490/10000)
Train epoch: 329 | Loss: *0.003* | Acc: *99.996%* (49998/50000) 
Test epoch: 329 | Loss: *0.178* | Acc: *94.930%* (9493/10000)
Train epoch: 330 | Loss: *0.003* | Acc: *100.000%* (50000/50000) 
Test epoch: 330 | Loss: *0.178* | Acc: *94.900%* (9490/10000)
Train epoch: 331 | Loss: *0.003* | Acc: *100.000%* (50000/50000) 
Test epoch: 331 | Loss: *0.177* | Acc: *94.730%* (9473/10000)
Train epoch: 332 | Loss: *0.003* | Acc: *100.000%* (50000/50000) 
Test epoch: 332 | Loss: *0.177* | Acc: *94.900%* (9490/10000)
Train epoch: 333 | Loss: *0.003* | Acc: *99.998%* (49999/50000) 
Test epoch: 333 | Loss: *0.177* | Acc: *94.810%* (9481/10000)
Train epoch: 334 | Loss: *0.003* | Acc: *100.000%* (50000/50000) 
Test epoch: 334 | Loss: *0.177* | Acc: *94.900%* (9490/10000)
Train epoch: 335 | Loss: *0.003* | Acc: *99.996%* (49998/50000) 
Test epoch: 335 | Loss: *0.178* | Acc: *94.750%* (9475/10000)
Train epoch: 336 | Loss: *0.003* | Acc: *99.998%* (49999/50000) 
Test epoch: 336 | Loss: *0.177* | Acc: *94.840%* (9484/10000)
Train epoch: 337 | Loss: *0.003* | Acc: *99.998%* (49999/50000) 
Test epoch: 337 | Loss: *0.176* | Acc: *94.740%* (9474/10000)
Train epoch: 338 | Loss: *0.003* | Acc: *100.000%* (50000/50000) 
Test epoch: 338 | Loss: *0.178* | Acc: *94.870%* (9487/10000)
Train epoch: 339 | Loss: *0.003* | Acc: *99.996%* (49998/50000) 
Test epoch: 339 | Loss: *0.177* | Acc: *94.830%* (9483/10000)
Train epoch: 340 | Loss: *0.003* | Acc: *99.998%* (49999/50000) 
Test epoch: 340 | Loss: *0.176* | Acc: *94.970%* (9497/10000)
Train epoch: 341 | Loss: *0.003* | Acc: *99.998%* (49999/50000) 
Test epoch: 341 | Loss: *0.177* | Acc: *94.840%* (9484/10000)
Train epoch: 342 | Loss: *0.004* | Acc: *99.998%* (49999/50000) 
Test epoch: 342 | Loss: *0.177* | Acc: *94.820%* (9482/10000)
Train epoch: 343 | Loss: *0.004* | Acc: *100.000%* (50000/50000) 
Test epoch: 343 | Loss: *0.180* | Acc: *94.750%* (9475/10000)
Train epoch: 344 | Loss: *0.004* | Acc: *99.998%* (49999/50000) 
Test epoch: 344 | Loss: *0.186* | Acc: *94.630%* (9463/10000)
Train epoch: 345 | Loss: *0.004* | Acc: *99.998%* (49999/50000) 
Test epoch: 345 | Loss: *0.176* | Acc: *94.940%* (9494/10000)
Train epoch: 346 | Loss: *0.004* | Acc: *99.988%* (49994/50000) 
Test epoch: 346 | Loss: *0.180* | Acc: *94.680%* (9468/10000)
Train epoch: 347 | Loss: *0.004* | Acc: *100.000%* (50000/50000) 
Test epoch: 347 | Loss: *0.183* | Acc: *94.780%* (9478/10000)
Train epoch: 348 | Loss: *0.004* | Acc: *99.996%* (49998/50000) 
Test epoch: 348 | Loss: *0.198* | Acc: *94.330%* (9433/10000)
Train epoch: 349 | Loss: *0.006* | Acc: *99.972%* (49986/50000) 
Test epoch: 349 | Loss: *0.190* | Acc: *94.450%* (9445/10000)
Train epoch: 350 | Loss: *0.050* | Acc: *98.528%* (49264/50000) 
Test epoch: 350 | Loss: *0.445* | Acc: *87.090%* (8709/10000)
Train epoch: 351 | Loss: *0.141* | Acc: *95.388%* (47694/50000) 
Test epoch: 351 | Loss: *0.325* | Acc: *90.300%* (9030/10000)
Train epoch: 352 | Loss: *0.117* | Acc: *96.170%* (48085/50000) 
Test epoch: 352 | Loss: *0.360* | Acc: *89.800%* (8980/10000)
Train epoch: 353 | Loss: *0.100* | Acc: *96.782%* (48391/50000) 
Test epoch: 353 | Loss: *0.318* | Acc: *90.290%* (9029/10000)
Train epoch: 354 | Loss: *0.092* | Acc: *96.976%* (48488/50000) 
Test epoch: 354 | Loss: *0.358* | Acc: *89.110%* (8911/10000)
Train epoch: 355 | Loss: *0.095* | Acc: *96.834%* (48417/50000) 
Test epoch: 355 | Loss: *0.416* | Acc: *88.020%* (8802/10000)
Train epoch: 356 | Loss: *0.085* | Acc: *97.272%* (48636/50000) 
Test epoch: 356 | Loss: *0.392* | Acc: *88.840%* (8884/10000)
Train epoch: 357 | Loss: *0.082* | Acc: *97.328%* (48664/50000) 
Test epoch: 357 | Loss: *0.319* | Acc: *90.740%* (9074/10000)
Train epoch: 358 | Loss: *0.084* | Acc: *97.212%* (48606/50000) 
Test epoch: 358 | Loss: *0.333* | Acc: *90.080%* (9008/10000)
Train epoch: 359 | Loss: *0.079* | Acc: *97.408%* (48704/50000) 
Test epoch: 359 | Loss: *0.318* | Acc: *90.860%* (9086/10000)
Train epoch: 360 | Loss: *0.083* | Acc: *97.268%* (48634/50000) 
Test epoch: 360 | Loss: *0.360* | Acc: *89.680%* (8968/10000)
Train epoch: 361 | Loss: *0.080* | Acc: *97.394%* (48697/50000) 
Test epoch: 361 | Loss: *0.332* | Acc: *90.760%* (9076/10000)
Train epoch: 362 | Loss: *0.078* | Acc: *97.364%* (48682/50000) 
Test epoch: 362 | Loss: *0.351* | Acc: *90.430%* (9043/10000)
Train epoch: 363 | Loss: *0.079* | Acc: *97.324%* (48662/50000) 
Test epoch: 363 | Loss: *0.313* | Acc: *91.250%* (9125/10000)
Train epoch: 364 | Loss: *0.080* | Acc: *97.360%* (48680/50000) 
Test epoch: 364 | Loss: *0.350* | Acc: *90.320%* (9032/10000)
Train epoch: 365 | Loss: *0.079* | Acc: *97.400%* (48700/50000) 
Test epoch: 365 | Loss: *0.304* | Acc: *91.300%* (9130/10000)
Train epoch: 366 | Loss: *0.080* | Acc: *97.282%* (48641/50000) 
Test epoch: 366 | Loss: *0.311* | Acc: *91.380%* (9138/10000)
Train epoch: 367 | Loss: *0.078* | Acc: *97.406%* (48703/50000) 
Test epoch: 367 | Loss: *0.288* | Acc: *91.790%* (9179/10000)
Train epoch: 368 | Loss: *0.081* | Acc: *97.312%* (48656/50000) 
Test epoch: 368 | Loss: *0.368* | Acc: *90.040%* (9004/10000)
Train epoch: 369 | Loss: *0.072* | Acc: *97.586%* (48793/50000) 
Test epoch: 369 | Loss: *0.347* | Acc: *90.620%* (9062/10000)
Train epoch: 370 | Loss: *0.080* | Acc: *97.332%* (48666/50000) 
Test epoch: 370 | Loss: *0.285* | Acc: *92.010%* (9201/10000)
Train epoch: 371 | Loss: *0.081* | Acc: *97.376%* (48688/50000) 
Test epoch: 371 | Loss: *0.322* | Acc: *90.730%* (9073/10000)
Train epoch: 372 | Loss: *0.085* | Acc: *97.100%* (48550/50000) 
Test epoch: 372 | Loss: *0.304* | Acc: *91.040%* (9104/10000)
Train epoch: 373 | Loss: *0.084* | Acc: *97.164%* (48582/50000) 
Test epoch: 373 | Loss: *0.344* | Acc: *90.040%* (9004/10000)
Train epoch: 374 | Loss: *0.077* | Acc: *97.400%* (48700/50000) 
Test epoch: 374 | Loss: *0.360* | Acc: *90.080%* (9008/10000)
Train epoch: 375 | Loss: *0.084* | Acc: *97.180%* (48590/50000) 
Test epoch: 375 | Loss: *0.304* | Acc: *91.200%* (9120/10000)
Train epoch: 376 | Loss: *0.087* | Acc: *97.056%* (48528/50000) 
Test epoch: 376 | Loss: *0.381* | Acc: *90.090%* (9009/10000)
Train epoch: 377 | Loss: *0.086* | Acc: *97.042%* (48521/50000) 
Test epoch: 377 | Loss: *0.337* | Acc: *90.220%* (9022/10000)
Train epoch: 378 | Loss: *0.082* | Acc: *97.250%* (48625/50000) 
Test epoch: 378 | Loss: *0.288* | Acc: *91.680%* (9168/10000)
Train epoch: 379 | Loss: *0.084* | Acc: *97.168%* (48584/50000) 
Test epoch: 379 | Loss: *0.351* | Acc: *90.070%* (9007/10000)
Train epoch: 380 | Loss: *0.087* | Acc: *97.054%* (48527/50000) 
Test epoch: 380 | Loss: *0.326* | Acc: *91.000%* (9100/10000)
Train epoch: 381 | Loss: *0.091* | Acc: *96.928%* (48464/50000) 
Test epoch: 381 | Loss: *0.328* | Acc: *90.300%* (9030/10000)
Train epoch: 382 | Loss: *0.090* | Acc: *96.924%* (48462/50000) 
Test epoch: 382 | Loss: *0.299* | Acc: *91.070%* (9107/10000)
Train epoch: 383 | Loss: *0.086* | Acc: *97.076%* (48538/50000) 
Test epoch: 383 | Loss: *0.358* | Acc: *90.390%* (9039/10000)
Train epoch: 384 | Loss: *0.099* | Acc: *96.650%* (48325/50000) 
Test epoch: 384 | Loss: *0.392* | Acc: *89.220%* (8922/10000)
Train epoch: 385 | Loss: *0.087* | Acc: *97.032%* (48516/50000) 
Test epoch: 385 | Loss: *0.414* | Acc: *88.980%* (8898/10000)
Train epoch: 386 | Loss: *0.094* | Acc: *96.806%* (48403/50000) 
Test epoch: 386 | Loss: *0.347* | Acc: *90.440%* (9044/10000)
Train epoch: 387 | Loss: *0.096* | Acc: *96.772%* (48386/50000) 
Test epoch: 387 | Loss: *0.370* | Acc: *89.330%* (8933/10000)
Train epoch: 388 | Loss: *0.094* | Acc: *96.838%* (48419/50000) 
Test epoch: 388 | Loss: *0.317* | Acc: *90.540%* (9054/10000)
Train epoch: 389 | Loss: *0.096* | Acc: *96.736%* (48368/50000) 
Test epoch: 389 | Loss: *0.405* | Acc: *89.110%* (8911/10000)
Train epoch: 390 | Loss: *0.095* | Acc: *96.778%* (48389/50000) 
Test epoch: 390 | Loss: *0.317* | Acc: *90.620%* (9062/10000)
Train epoch: 391 | Loss: *0.099* | Acc: *96.566%* (48283/50000) 
Test epoch: 391 | Loss: *0.423* | Acc: *88.060%* (8806/10000)
Train epoch: 392 | Loss: *0.095* | Acc: *96.784%* (48392/50000) 
Test epoch: 392 | Loss: *0.370* | Acc: *89.410%* (8941/10000)
Train epoch: 393 | Loss: *0.109* | Acc: *96.212%* (48106/50000) 
Test epoch: 393 | Loss: *0.340* | Acc: *90.250%* (9025/10000)
Train epoch: 394 | Loss: *0.100* | Acc: *96.622%* (48311/50000) 
Test epoch: 394 | Loss: *0.335* | Acc: *90.340%* (9034/10000)
Train epoch: 395 | Loss: *0.103* | Acc: *96.460%* (48230/50000) 
Test epoch: 395 | Loss: *0.360* | Acc: *89.500%* (8950/10000)
Train epoch: 396 | Loss: *0.108* | Acc: *96.316%* (48158/50000) 
Test epoch: 396 | Loss: *0.353* | Acc: *89.970%* (8997/10000)
Train epoch: 397 | Loss: *0.106* | Acc: *96.462%* (48231/50000) 
Test epoch: 397 | Loss: *0.386* | Acc: *89.240%* (8924/10000)
Train epoch: 398 | Loss: *0.104* | Acc: *96.438%* (48219/50000) 
Test epoch: 398 | Loss: *0.390* | Acc: *88.790%* (8879/10000)
Train epoch: 399 | Loss: *0.113* | Acc: *96.134%* (48067/50000) 
Test epoch: 399 | Loss: *0.342* | Acc: *90.130%* (9013/10000)
Train epoch: 400 | Loss: *0.113* | Acc: *96.090%* (48045/50000) 
Test epoch: 400 | Loss: *0.365* | Acc: *89.360%* (8936/10000)
Train epoch: 401 | Loss: *0.112* | Acc: *96.096%* (48048/50000) 
Test epoch: 401 | Loss: *0.317* | Acc: *90.840%* (9084/10000)
Train epoch: 402 | Loss: *0.115* | Acc: *95.946%* (47973/50000) 
Test epoch: 402 | Loss: *0.340* | Acc: *89.790%* (8979/10000)
Train epoch: 403 | Loss: *0.115* | Acc: *96.062%* (48031/50000) 
Test epoch: 403 | Loss: *0.338* | Acc: *89.830%* (8983/10000)
Train epoch: 404 | Loss: *0.113* | Acc: *96.152%* (48076/50000) 
Test epoch: 404 | Loss: *0.399* | Acc: *88.450%* (8845/10000)
Train epoch: 405 | Loss: *0.122* | Acc: *95.804%* (47902/50000) 
Test epoch: 405 | Loss: *0.368* | Acc: *89.260%* (8926/10000)
Train epoch: 406 | Loss: *0.123* | Acc: *95.720%* (47860/50000) 
Test epoch: 406 | Loss: *0.361* | Acc: *90.270%* (9027/10000)
Train epoch: 407 | Loss: *0.117* | Acc: *96.152%* (48076/50000) 
Test epoch: 407 | Loss: *0.309* | Acc: *90.800%* (9080/10000)
Train epoch: 408 | Loss: *0.121* | Acc: *95.868%* (47934/50000) 
Test epoch: 408 | Loss: *0.441* | Acc: *87.710%* (8771/10000)
Train epoch: 409 | Loss: *0.127* | Acc: *95.640%* (47820/50000) 
Test epoch: 409 | Loss: *0.485* | Acc: *86.690%* (8669/10000)
Train epoch: 410 | Loss: *0.124* | Acc: *95.712%* (47856/50000) 
Test epoch: 410 | Loss: *0.480* | Acc: *86.720%* (8672/10000)
Train epoch: 411 | Loss: *0.128* | Acc: *95.590%* (47795/50000) 
Test epoch: 411 | Loss: *0.356* | Acc: *89.400%* (8940/10000)
Train epoch: 412 | Loss: *0.127* | Acc: *95.576%* (47788/50000) 
Test epoch: 412 | Loss: *0.375* | Acc: *89.040%* (8904/10000)
Train epoch: 413 | Loss: *0.133* | Acc: *95.338%* (47669/50000) 
Test epoch: 413 | Loss: *0.403* | Acc: *88.720%* (8872/10000)
Train epoch: 414 | Loss: *0.130* | Acc: *95.426%* (47713/50000) 
Test epoch: 414 | Loss: *0.456* | Acc: *87.010%* (8701/10000)
Train epoch: 415 | Loss: *0.137* | Acc: *95.288%* (47644/50000) 
Test epoch: 415 | Loss: *0.369* | Acc: *89.270%* (8927/10000)
Train epoch: 416 | Loss: *0.138* | Acc: *95.204%* (47602/50000) 
Test epoch: 416 | Loss: *0.389* | Acc: *88.600%* (8860/10000)
Train epoch: 417 | Loss: *0.134* | Acc: *95.318%* (47659/50000) 
Test epoch: 417 | Loss: *0.359* | Acc: *88.910%* (8891/10000)
Train epoch: 418 | Loss: *0.138* | Acc: *95.260%* (47630/50000) 
Test epoch: 418 | Loss: *0.341* | Acc: *89.000%* (8900/10000)
Train epoch: 419 | Loss: *0.134* | Acc: *95.390%* (47695/50000) 
Test epoch: 419 | Loss: *0.311* | Acc: *90.400%* (9040/10000)
Train epoch: 420 | Loss: *0.136* | Acc: *95.316%* (47658/50000) 
Test epoch: 420 | Loss: *0.446* | Acc: *87.050%* (8705/10000)
Train epoch: 421 | Loss: *0.146* | Acc: *94.888%* (47444/50000) 
Test epoch: 421 | Loss: *0.359* | Acc: *89.000%* (8900/10000)
Train epoch: 422 | Loss: *0.140* | Acc: *95.148%* (47574/50000) 
Test epoch: 422 | Loss: *0.587* | Acc: *84.290%* (8429/10000)
Train epoch: 423 | Loss: *0.147* | Acc: *94.918%* (47459/50000) 
Test epoch: 423 | Loss: *0.392* | Acc: *88.480%* (8848/10000)
Train epoch: 424 | Loss: *0.141* | Acc: *95.174%* (47587/50000) 
Test epoch: 424 | Loss: *0.396* | Acc: *87.890%* (8789/10000)
Train epoch: 425 | Loss: *0.147* | Acc: *94.920%* (47460/50000) 
Test epoch: 425 | Loss: *0.339* | Acc: *89.390%* (8939/10000)
Train epoch: 426 | Loss: *0.148* | Acc: *94.908%* (47454/50000) 
Test epoch: 426 | Loss: *0.339* | Acc: *89.150%* (8915/10000)
Train epoch: 427 | Loss: *0.156* | Acc: *94.626%* (47313/50000) 
Test epoch: 427 | Loss: *0.393* | Acc: *87.740%* (8774/10000)
Train epoch: 428 | Loss: *0.150* | Acc: *94.828%* (47414/50000) 
Test epoch: 428 | Loss: *0.377* | Acc: *88.600%* (8860/10000)
Train epoch: 429 | Loss: *0.162* | Acc: *94.328%* (47164/50000) 
Test epoch: 429 | Loss: *0.368* | Acc: *88.780%* (8878/10000)
Train epoch: 430 | Loss: *0.158* | Acc: *94.546%* (47273/50000) 
Test epoch: 430 | Loss: *0.473* | Acc: *86.030%* (8603/10000)
Train epoch: 431 | Loss: *0.155* | Acc: *94.634%* (47317/50000) 
Test epoch: 431 | Loss: *0.343* | Acc: *89.610%* (8961/10000)
Train epoch: 432 | Loss: *0.159* | Acc: *94.600%* (47300/50000) 
Test epoch: 432 | Loss: *0.401* | Acc: *87.850%* (8785/10000)
Train epoch: 433 | Loss: *0.161* | Acc: *94.458%* (47229/50000) 
Test epoch: 433 | Loss: *0.386* | Acc: *88.340%* (8834/10000)
Train epoch: 434 | Loss: *0.160* | Acc: *94.554%* (47277/50000) 
Test epoch: 434 | Loss: *0.419* | Acc: *87.220%* (8722/10000)
Train epoch: 435 | Loss: *0.169* | Acc: *94.294%* (47147/50000) 
Test epoch: 435 | Loss: *0.401* | Acc: *87.910%* (8791/10000)
Train epoch: 436 | Loss: *0.168* | Acc: *94.314%* (47157/50000) 
Test epoch: 436 | Loss: *0.522* | Acc: *84.330%* (8433/10000)
Train epoch: 437 | Loss: *0.168* | Acc: *94.162%* (47081/50000) 
Test epoch: 437 | Loss: *0.424* | Acc: *87.640%* (8764/10000)
Train epoch: 438 | Loss: *0.165* | Acc: *94.240%* (47120/50000) 
Test epoch: 438 | Loss: *0.371* | Acc: *88.700%* (8870/10000)
Train epoch: 439 | Loss: *0.170* | Acc: *94.134%* (47067/50000) 
Test epoch: 439 | Loss: *0.343* | Acc: *89.020%* (8902/10000)
Train epoch: 440 | Loss: *0.168* | Acc: *94.296%* (47148/50000) 
Test epoch: 440 | Loss: *0.585* | Acc: *84.420%* (8442/10000)
Train epoch: 441 | Loss: *0.171* | Acc: *94.020%* (47010/50000) 
Test epoch: 441 | Loss: *0.486* | Acc: *86.030%* (8603/10000)
Train epoch: 442 | Loss: *0.176* | Acc: *93.958%* (46979/50000) 
Test epoch: 442 | Loss: *0.376* | Acc: *88.360%* (8836/10000)
Train epoch: 443 | Loss: *0.176* | Acc: *93.892%* (46946/50000) 
Test epoch: 443 | Loss: *0.404* | Acc: *87.780%* (8778/10000)
Train epoch: 444 | Loss: *0.181* | Acc: *93.764%* (46882/50000) 
Test epoch: 444 | Loss: *0.408* | Acc: *87.530%* (8753/10000)
Train epoch: 445 | Loss: *0.178* | Acc: *93.928%* (46964/50000) 
Test epoch: 445 | Loss: *0.337* | Acc: *89.100%* (8910/10000)
Train epoch: 446 | Loss: *0.179* | Acc: *93.806%* (46903/50000) 
Test epoch: 446 | Loss: *0.428* | Acc: *86.550%* (8655/10000)
Train epoch: 447 | Loss: *0.186* | Acc: *93.584%* (46792/50000) 
Test epoch: 447 | Loss: *0.425* | Acc: *87.020%* (8702/10000)
Train epoch: 448 | Loss: *0.185* | Acc: *93.548%* (46774/50000) 
Test epoch: 448 | Loss: *0.324* | Acc: *89.520%* (8952/10000)
Train epoch: 449 | Loss: *0.186* | Acc: *93.506%* (46753/50000) 
Test epoch: 449 | Loss: *0.411* | Acc: *86.780%* (8678/10000)
Train epoch: 450 | Loss: *0.189* | Acc: *93.468%* (46734/50000) 
Test epoch: 450 | Loss: *0.369* | Acc: *89.020%* (8902/10000)
Train epoch: 451 | Loss: *0.188* | Acc: *93.568%* (46784/50000) 
Test epoch: 451 | Loss: *0.384* | Acc: *87.960%* (8796/10000)
Train epoch: 452 | Loss: *0.194* | Acc: *93.288%* (46644/50000) 
Test epoch: 452 | Loss: *0.391* | Acc: *87.950%* (8795/10000)
Train epoch: 453 | Loss: *0.187* | Acc: *93.476%* (46738/50000) 
Test epoch: 453 | Loss: *0.532* | Acc: *83.990%* (8399/10000)
Train epoch: 454 | Loss: *0.193* | Acc: *93.358%* (46679/50000) 
Test epoch: 454 | Loss: *0.412* | Acc: *87.610%* (8761/10000)
Train epoch: 455 | Loss: *0.200* | Acc: *93.058%* (46529/50000) 
Test epoch: 455 | Loss: *0.464* | Acc: *85.930%* (8593/10000)
Train epoch: 456 | Loss: *0.196* | Acc: *93.218%* (46609/50000) 
Test epoch: 456 | Loss: *0.309* | Acc: *89.860%* (8986/10000)
Train epoch: 457 | Loss: *0.192* | Acc: *93.354%* (46677/50000) 
Test epoch: 457 | Loss: *0.506* | Acc: *84.680%* (8468/10000)
Train epoch: 458 | Loss: *0.206* | Acc: *92.962%* (46481/50000) 
Test epoch: 458 | Loss: *0.370* | Acc: *88.380%* (8838/10000)
Train epoch: 459 | Loss: *0.196* | Acc: *93.338%* (46669/50000) 
Test epoch: 459 | Loss: *0.352* | Acc: *88.430%* (8843/10000)
Train epoch: 460 | Loss: *0.200* | Acc: *93.122%* (46561/50000) 
Test epoch: 460 | Loss: *0.473* | Acc: *85.590%* (8559/10000)
Train epoch: 461 | Loss: *0.204* | Acc: *92.860%* (46430/50000) 
Test epoch: 461 | Loss: *0.345* | Acc: *88.760%* (8876/10000)
Train epoch: 462 | Loss: *0.208* | Acc: *92.908%* (46454/50000) 
Test epoch: 462 | Loss: *0.495* | Acc: *85.470%* (8547/10000)
Train epoch: 463 | Loss: *0.206* | Acc: *92.876%* (46438/50000) 
Test epoch: 463 | Loss: *0.659* | Acc: *81.870%* (8187/10000)
Train epoch: 464 | Loss: *0.214* | Acc: *92.636%* (46318/50000) 
Test epoch: 464 | Loss: *0.332* | Acc: *89.450%* (8945/10000)
Train epoch: 465 | Loss: *0.205* | Acc: *92.882%* (46441/50000) 
Test epoch: 465 | Loss: *0.450* | Acc: *86.470%* (8647/10000)
Train epoch: 466 | Loss: *0.209* | Acc: *92.812%* (46406/50000) 
Test epoch: 466 | Loss: *0.391* | Acc: *87.990%* (8799/10000)
Train epoch: 467 | Loss: *0.215* | Acc: *92.552%* (46276/50000) 
Test epoch: 467 | Loss: *0.383* | Acc: *87.700%* (8770/10000)
Train epoch: 468 | Loss: *0.210* | Acc: *92.776%* (46388/50000) 
Test epoch: 468 | Loss: *0.487* | Acc: *85.400%* (8540/10000)
Train epoch: 469 | Loss: *0.211* | Acc: *92.732%* (46366/50000) 
Test epoch: 469 | Loss: *0.398* | Acc: *87.560%* (8756/10000)
Train epoch: 470 | Loss: *0.219* | Acc: *92.506%* (46253/50000) 
Test epoch: 470 | Loss: *0.410* | Acc: *86.870%* (8687/10000)
Train epoch: 471 | Loss: *0.221* | Acc: *92.314%* (46157/50000) 
Test epoch: 471 | Loss: *0.409* | Acc: *86.660%* (8666/10000)
Train epoch: 472 | Loss: *0.220* | Acc: *92.328%* (46164/50000) 
Test epoch: 472 | Loss: *0.412* | Acc: *86.820%* (8682/10000)
Train epoch: 473 | Loss: *0.222* | Acc: *92.418%* (46209/50000) 
Test epoch: 473 | Loss: *0.448* | Acc: *86.780%* (8678/10000)
Train epoch: 474 | Loss: *0.223* | Acc: *92.334%* (46167/50000) 
Test epoch: 474 | Loss: *0.561* | Acc: *82.650%* (8265/10000)
Train epoch: 475 | Loss: *0.227* | Acc: *92.226%* (46113/50000) 
Test epoch: 475 | Loss: *0.472* | Acc: *84.880%* (8488/10000)
Train epoch: 476 | Loss: *0.228* | Acc: *92.206%* (46103/50000) 
Test epoch: 476 | Loss: *0.415* | Acc: *86.760%* (8676/10000)
Train epoch: 477 | Loss: *0.224* | Acc: *92.256%* (46128/50000) 
Test epoch: 477 | Loss: *0.473* | Acc: *85.440%* (8544/10000)
Train epoch: 478 | Loss: *0.229* | Acc: *92.164%* (46082/50000) 
Test epoch: 478 | Loss: *0.593* | Acc: *81.740%* (8174/10000)
Train epoch: 479 | Loss: *0.230* | Acc: *92.226%* (46113/50000) 
Test epoch: 479 | Loss: *0.447* | Acc: *86.090%* (8609/10000)
Train epoch: 480 | Loss: *0.226* | Acc: *92.204%* (46102/50000) 
Test epoch: 480 | Loss: *0.561* | Acc: *83.740%* (8374/10000)
Train epoch: 481 | Loss: *0.232* | Acc: *92.030%* (46015/50000) 
Test epoch: 481 | Loss: *0.431* | Acc: *87.050%* (8705/10000)
Train epoch: 482 | Loss: *0.231* | Acc: *92.106%* (46053/50000) 
Test epoch: 482 | Loss: *0.358* | Acc: *88.500%* (8850/10000)
Train epoch: 483 | Loss: *0.237* | Acc: *91.948%* (45974/50000) 
Test epoch: 483 | Loss: *0.456* | Acc: *85.740%* (8574/10000)
Train epoch: 484 | Loss: *0.231* | Acc: *91.968%* (45984/50000) 
Test epoch: 484 | Loss: *0.421* | Acc: *86.520%* (8652/10000)
Train epoch: 485 | Loss: *0.233* | Acc: *91.972%* (45986/50000) 
Test epoch: 485 | Loss: *0.713* | Acc: *80.290%* (8029/10000)
Train epoch: 486 | Loss: *0.234* | Acc: *92.020%* (46010/50000) 
Test epoch: 486 | Loss: *0.469* | Acc: *85.740%* (8574/10000)
Train epoch: 487 | Loss: *0.239* | Acc: *91.718%* (45859/50000) 
Test epoch: 487 | Loss: *0.400* | Acc: *87.130%* (8713/10000)
Train epoch: 488 | Loss: *0.242* | Acc: *91.786%* (45893/50000) 
Test epoch: 488 | Loss: *0.460* | Acc: *85.380%* (8538/10000)
Train epoch: 489 | Loss: *0.243* | Acc: *91.642%* (45821/50000) 
Test epoch: 489 | Loss: *0.444* | Acc: *85.550%* (8555/10000)
Train epoch: 490 | Loss: *0.241* | Acc: *91.636%* (45818/50000) 
Test epoch: 490 | Loss: *0.485* | Acc: *85.150%* (8515/10000)
Train epoch: 491 | Loss: *0.243* | Acc: *91.702%* (45851/50000) 
Test epoch: 491 | Loss: *0.462* | Acc: *84.980%* (8498/10000)
Train epoch: 492 | Loss: *0.246* | Acc: *91.562%* (45781/50000) 
Test epoch: 492 | Loss: *0.473* | Acc: *84.890%* (8489/10000)
Train epoch: 493 | Loss: *0.248* | Acc: *91.526%* (45763/50000) 
Test epoch: 493 | Loss: *0.441* | Acc: *85.630%* (8563/10000)
Train epoch: 494 | Loss: *0.239* | Acc: *91.784%* (45892/50000) 
Test epoch: 494 | Loss: *0.422* | Acc: *86.720%* (8672/10000)
Train epoch: 495 | Loss: *0.245* | Acc: *91.664%* (45832/50000) 
Test epoch: 495 | Loss: *0.502* | Acc: *84.460%* (8446/10000)
Train epoch: 496 | Loss: *0.251* | Acc: *91.486%* (45743/50000) 
Test epoch: 496 | Loss: *0.683* | Acc: *79.700%* (7970/10000)
Train epoch: 497 | Loss: *0.248* | Acc: *91.450%* (45725/50000) 
Test epoch: 497 | Loss: *0.485* | Acc: *85.020%* (8502/10000)
Train epoch: 498 | Loss: *0.249* | Acc: *91.466%* (45733/50000) 
Test epoch: 498 | Loss: *0.490* | Acc: *84.730%* (8473/10000)
Train epoch: 499 | Loss: *0.251* | Acc: *91.324%* (45662/50000) 
Test epoch: 499 | Loss: *0.497* | Acc: *84.560%* (8456/10000)
Train epoch: 500 | Loss: *0.256* | Acc: *91.192%* (45596/50000) 
Test epoch: 500 | Loss: *0.589* | Acc: *82.040%* (8204/10000)
Best test accuracy: *94.970%*, loss: *0.1763460773602128*, at epoch: *340*.
==> Execution time summary of 500 epoch(s).
Train data loading time: sum. *270.44713087473065* secs | avg. *0.5408942617494613* secs per epoch.
Train training time: sum. *1094.0753859849647* secs | avg. *2.188150771969929* secs per epoch.
Train total time: sum. *1364.5225168596953* secs | avg. *2.7290450337193906* secs per epoch.
Test data loading time: sum. *104.32234269194305* secs | avg. *0.20864468538388609* secs per epoch.
Test training time: sum. *79.86306650843471* secs | avg. *0.15972613301686941* secs per epoch.
Test total time: sum. *184.18540920037776* secs | avg. *0.36837081840075553* secs per epoch.
Total data loading time: sum. *374.7694735666737* secs | avg. *0.7495389471333473* secs per epoch.
Total training time: sum. *1173.9384524933994* secs | avg. *2.3478769049867987* secs per epoch.
Total running time: sum. *1548.707926060073* secs | avg. *3.0974158521201463* secs per epoch.
==> Number of GPU device: 1
==> Device #0 Memory Usage
==> Allocated: 0.1 GB
==> Cached:    1.4 GB
==> Maximum: 1.4 GB
