==> Running on : cuda
==> Number of CPU: 48
==> Number of workers: 2
==> #Epochs: 500, #Layers: 4, #Blocks: [2, 1, 1, 1], In channel: 64, Input layer conv kernel: 3x3, Residual layer conv kernel 3x3, Skip kernel: 1x1, Input layer conv padding: 1, Residual layer conv padding: 1
==> Optimizer is Adam
==> Learning rate: 0.001
==> Weight decay: 0.0005
==>Trainable Parameters: 4977226
==>Other Parameters: 0
==>Augmentation: RandomCrop(32, padding=4), RandomHorizontalFlip(), Normalize((0.4914, 0.4822, 0.4465), (0.2023, 0.1994, 0.2010)
Files already downloaded and verified
Train epoch: 1 | Loss: *1.347* | Acc: *50.738%* (25369/50000) 
Test epoch: 1 | Loss: *1.067* | Acc: *61.570%* (6157/10000)
Train epoch: 2 | Loss: *0.941* | Acc: *66.566%* (33283/50000) 
Test epoch: 2 | Loss: *1.031* | Acc: *64.430%* (6443/10000)
Train epoch: 3 | Loss: *0.772* | Acc: *72.818%* (36409/50000) 
Test epoch: 3 | Loss: *0.885* | Acc: *69.450%* (6945/10000)
Train epoch: 4 | Loss: *0.668* | Acc: *76.762%* (38381/50000) 
Test epoch: 4 | Loss: *0.803* | Acc: *73.790%* (7379/10000)
Train epoch: 5 | Loss: *0.595* | Acc: *79.526%* (39763/50000) 
Test epoch: 5 | Loss: *0.861* | Acc: *72.330%* (7233/10000)
Train epoch: 6 | Loss: *0.549* | Acc: *81.112%* (40556/50000) 
Test epoch: 6 | Loss: *0.729* | Acc: *75.960%* (7596/10000)
Train epoch: 7 | Loss: *0.505* | Acc: *82.726%* (41363/50000) 
Test epoch: 7 | Loss: *0.611* | Acc: *79.280%* (7928/10000)
Train epoch: 8 | Loss: *0.474* | Acc: *83.684%* (41842/50000) 
Test epoch: 8 | Loss: *0.503* | Acc: *83.520%* (8352/10000)
Train epoch: 9 | Loss: *0.446* | Acc: *84.732%* (42366/50000) 
Test epoch: 9 | Loss: *0.539* | Acc: *82.320%* (8232/10000)
Train epoch: 10 | Loss: *0.430* | Acc: *85.286%* (42643/50000) 
Test epoch: 10 | Loss: *0.552* | Acc: *81.800%* (8180/10000)
Train epoch: 11 | Loss: *0.403* | Acc: *86.370%* (43185/50000) 
Test epoch: 11 | Loss: *0.563* | Acc: *81.200%* (8120/10000)
Train epoch: 12 | Loss: *0.389* | Acc: *86.762%* (43381/50000) 
Test epoch: 12 | Loss: *0.512* | Acc: *83.190%* (8319/10000)
Train epoch: 13 | Loss: *0.375* | Acc: *87.150%* (43575/50000) 
Test epoch: 13 | Loss: *0.544* | Acc: *82.290%* (8229/10000)
Train epoch: 14 | Loss: *0.367* | Acc: *87.424%* (43712/50000) 
Test epoch: 14 | Loss: *0.437* | Acc: *85.290%* (8529/10000)
Train epoch: 15 | Loss: *0.349* | Acc: *88.062%* (44031/50000) 
Test epoch: 15 | Loss: *0.620* | Acc: *80.670%* (8067/10000)
Train epoch: 16 | Loss: *0.345* | Acc: *88.158%* (44079/50000) 
Test epoch: 16 | Loss: *0.391* | Acc: *87.050%* (8705/10000)
Train epoch: 17 | Loss: *0.333* | Acc: *88.704%* (44352/50000) 
Test epoch: 17 | Loss: *0.447* | Acc: *86.040%* (8604/10000)
Train epoch: 18 | Loss: *0.322* | Acc: *89.060%* (44530/50000) 
Test epoch: 18 | Loss: *0.406* | Acc: *86.780%* (8678/10000)
Train epoch: 19 | Loss: *0.321* | Acc: *89.116%* (44558/50000) 
Test epoch: 19 | Loss: *0.436* | Acc: *85.540%* (8554/10000)
Train epoch: 20 | Loss: *0.311* | Acc: *89.264%* (44632/50000) 
Test epoch: 20 | Loss: *0.404* | Acc: *87.070%* (8707/10000)
Train epoch: 21 | Loss: *0.304* | Acc: *89.568%* (44784/50000) 
Test epoch: 21 | Loss: *0.375* | Acc: *87.810%* (8781/10000)
Train epoch: 22 | Loss: *0.306* | Acc: *89.418%* (44709/50000) 
Test epoch: 22 | Loss: *0.454* | Acc: *85.350%* (8535/10000)
Train epoch: 23 | Loss: *0.295* | Acc: *90.014%* (45007/50000) 
Test epoch: 23 | Loss: *0.372* | Acc: *87.680%* (8768/10000)
Train epoch: 24 | Loss: *0.293* | Acc: *89.998%* (44999/50000) 
Test epoch: 24 | Loss: *0.422* | Acc: *86.690%* (8669/10000)
Train epoch: 25 | Loss: *0.283* | Acc: *90.448%* (45224/50000) 
Test epoch: 25 | Loss: *0.417* | Acc: *86.650%* (8665/10000)
Train epoch: 26 | Loss: *0.283* | Acc: *90.352%* (45176/50000) 
Test epoch: 26 | Loss: *0.422* | Acc: *86.150%* (8615/10000)
Train epoch: 27 | Loss: *0.276* | Acc: *90.484%* (45242/50000) 
Test epoch: 27 | Loss: *0.429* | Acc: *86.090%* (8609/10000)
Train epoch: 28 | Loss: *0.271* | Acc: *90.644%* (45322/50000) 
Test epoch: 28 | Loss: *0.431* | Acc: *86.200%* (8620/10000)
Train epoch: 29 | Loss: *0.269* | Acc: *90.854%* (45427/50000) 
Test epoch: 29 | Loss: *0.486* | Acc: *85.140%* (8514/10000)
Train epoch: 30 | Loss: *0.266* | Acc: *90.928%* (45464/50000) 
Test epoch: 30 | Loss: *0.487* | Acc: *85.090%* (8509/10000)
Train epoch: 31 | Loss: *0.268* | Acc: *90.846%* (45423/50000) 
Test epoch: 31 | Loss: *0.397* | Acc: *87.420%* (8742/10000)
Train epoch: 32 | Loss: *0.262* | Acc: *91.118%* (45559/50000) 
Test epoch: 32 | Loss: *0.352* | Acc: *88.640%* (8864/10000)
Train epoch: 33 | Loss: *0.259* | Acc: *91.232%* (45616/50000) 
Test epoch: 33 | Loss: *0.364* | Acc: *88.110%* (8811/10000)
Train epoch: 34 | Loss: *0.252* | Acc: *91.234%* (45617/50000) 
Test epoch: 34 | Loss: *0.442* | Acc: *86.490%* (8649/10000)
Train epoch: 35 | Loss: *0.251* | Acc: *91.426%* (45713/50000) 
Test epoch: 35 | Loss: *0.388* | Acc: *87.380%* (8738/10000)
Train epoch: 36 | Loss: *0.250* | Acc: *91.360%* (45680/50000) 
Test epoch: 36 | Loss: *0.398* | Acc: *87.400%* (8740/10000)
Train epoch: 37 | Loss: *0.249* | Acc: *91.426%* (45713/50000) 
Test epoch: 37 | Loss: *0.382* | Acc: *87.570%* (8757/10000)
Train epoch: 38 | Loss: *0.243* | Acc: *91.580%* (45790/50000) 
Test epoch: 38 | Loss: *0.380* | Acc: *87.600%* (8760/10000)
Train epoch: 39 | Loss: *0.238* | Acc: *91.842%* (45921/50000) 
Test epoch: 39 | Loss: *0.349* | Acc: *88.560%* (8856/10000)
Train epoch: 40 | Loss: *0.239* | Acc: *91.752%* (45876/50000) 
Test epoch: 40 | Loss: *0.357* | Acc: *88.460%* (8846/10000)
Train epoch: 41 | Loss: *0.235* | Acc: *91.930%* (45965/50000) 
Test epoch: 41 | Loss: *0.360* | Acc: *88.490%* (8849/10000)
Train epoch: 42 | Loss: *0.236* | Acc: *91.842%* (45921/50000) 
Test epoch: 42 | Loss: *0.375* | Acc: *88.420%* (8842/10000)
Train epoch: 43 | Loss: *0.230* | Acc: *92.116%* (46058/50000) 
Test epoch: 43 | Loss: *0.343* | Acc: *89.130%* (8913/10000)
Train epoch: 44 | Loss: *0.224* | Acc: *92.316%* (46158/50000) 
Test epoch: 44 | Loss: *0.358* | Acc: *88.330%* (8833/10000)
Train epoch: 45 | Loss: *0.229* | Acc: *92.110%* (46055/50000) 
Test epoch: 45 | Loss: *0.428* | Acc: *86.620%* (8662/10000)
Train epoch: 46 | Loss: *0.227* | Acc: *92.162%* (46081/50000) 
Test epoch: 46 | Loss: *0.382* | Acc: *87.870%* (8787/10000)
Train epoch: 47 | Loss: *0.222* | Acc: *92.332%* (46166/50000) 
Test epoch: 47 | Loss: *0.378* | Acc: *88.050%* (8805/10000)
Train epoch: 48 | Loss: *0.221* | Acc: *92.414%* (46207/50000) 
Test epoch: 48 | Loss: *0.391* | Acc: *87.950%* (8795/10000)
Train epoch: 49 | Loss: *0.218* | Acc: *92.510%* (46255/50000) 
Test epoch: 49 | Loss: *0.358* | Acc: *88.740%* (8874/10000)
Train epoch: 50 | Loss: *0.218* | Acc: *92.560%* (46280/50000) 
Test epoch: 50 | Loss: *0.358* | Acc: *89.010%* (8901/10000)
Train epoch: 51 | Loss: *0.214* | Acc: *92.594%* (46297/50000) 
Test epoch: 51 | Loss: *0.394* | Acc: *87.380%* (8738/10000)
Train epoch: 52 | Loss: *0.211* | Acc: *92.660%* (46330/50000) 
Test epoch: 52 | Loss: *0.332* | Acc: *89.390%* (8939/10000)
Train epoch: 53 | Loss: *0.209* | Acc: *92.846%* (46423/50000) 
Test epoch: 53 | Loss: *0.320* | Acc: *89.380%* (8938/10000)
Train epoch: 54 | Loss: *0.206* | Acc: *92.940%* (46470/50000) 
Test epoch: 54 | Loss: *0.412* | Acc: *87.570%* (8757/10000)
Train epoch: 55 | Loss: *0.203* | Acc: *93.078%* (46539/50000) 
Test epoch: 55 | Loss: *0.334* | Acc: *89.160%* (8916/10000)
Train epoch: 56 | Loss: *0.207* | Acc: *92.968%* (46484/50000) 
Test epoch: 56 | Loss: *0.383* | Acc: *88.180%* (8818/10000)
Train epoch: 57 | Loss: *0.200* | Acc: *93.174%* (46587/50000) 
Test epoch: 57 | Loss: *0.352* | Acc: *88.940%* (8894/10000)
Train epoch: 58 | Loss: *0.198* | Acc: *93.348%* (46674/50000) 
Test epoch: 58 | Loss: *0.349* | Acc: *88.810%* (8881/10000)
Train epoch: 59 | Loss: *0.197* | Acc: *93.166%* (46583/50000) 
Test epoch: 59 | Loss: *0.394* | Acc: *87.670%* (8767/10000)
Train epoch: 60 | Loss: *0.200* | Acc: *93.218%* (46609/50000) 
Test epoch: 60 | Loss: *0.365* | Acc: *88.740%* (8874/10000)
Train epoch: 61 | Loss: *0.193* | Acc: *93.342%* (46671/50000) 
Test epoch: 61 | Loss: *0.387* | Acc: *88.000%* (8800/10000)
Train epoch: 62 | Loss: *0.192* | Acc: *93.326%* (46663/50000) 
Test epoch: 62 | Loss: *0.398* | Acc: *88.400%* (8840/10000)
Train epoch: 63 | Loss: *0.189* | Acc: *93.582%* (46791/50000) 
Test epoch: 63 | Loss: *0.430* | Acc: *87.090%* (8709/10000)
Train epoch: 64 | Loss: *0.190* | Acc: *93.420%* (46710/50000) 
Test epoch: 64 | Loss: *0.390* | Acc: *88.670%* (8867/10000)
Train epoch: 65 | Loss: *0.183* | Acc: *93.606%* (46803/50000) 
Test epoch: 65 | Loss: *0.361* | Acc: *89.130%* (8913/10000)
Train epoch: 66 | Loss: *0.185* | Acc: *93.546%* (46773/50000) 
Test epoch: 66 | Loss: *0.365* | Acc: *88.570%* (8857/10000)
Train epoch: 67 | Loss: *0.180* | Acc: *93.780%* (46890/50000) 
Test epoch: 67 | Loss: *0.329* | Acc: *89.780%* (8978/10000)
Train epoch: 68 | Loss: *0.182* | Acc: *93.648%* (46824/50000) 
Test epoch: 68 | Loss: *0.340* | Acc: *89.220%* (8922/10000)
Train epoch: 69 | Loss: *0.174* | Acc: *93.946%* (46973/50000) 
Test epoch: 69 | Loss: *0.350* | Acc: *89.280%* (8928/10000)
Train epoch: 70 | Loss: *0.175* | Acc: *93.908%* (46954/50000) 
Test epoch: 70 | Loss: *0.332* | Acc: *89.680%* (8968/10000)
Train epoch: 71 | Loss: *0.174* | Acc: *94.104%* (47052/50000) 
Test epoch: 71 | Loss: *0.381* | Acc: *88.540%* (8854/10000)
Train epoch: 72 | Loss: *0.172* | Acc: *94.088%* (47044/50000) 
Test epoch: 72 | Loss: *0.329* | Acc: *89.630%* (8963/10000)
Train epoch: 73 | Loss: *0.171* | Acc: *94.042%* (47021/50000) 
Test epoch: 73 | Loss: *0.367* | Acc: *89.070%* (8907/10000)
Train epoch: 74 | Loss: *0.164* | Acc: *94.388%* (47194/50000) 
Test epoch: 74 | Loss: *0.331* | Acc: *90.140%* (9014/10000)
Train epoch: 75 | Loss: *0.167* | Acc: *94.190%* (47095/50000) 
Test epoch: 75 | Loss: *0.348* | Acc: *89.680%* (8968/10000)
Train epoch: 76 | Loss: *0.162* | Acc: *94.344%* (47172/50000) 
Test epoch: 76 | Loss: *0.330* | Acc: *89.850%* (8985/10000)
Train epoch: 77 | Loss: *0.157* | Acc: *94.578%* (47289/50000) 
Test epoch: 77 | Loss: *0.344* | Acc: *89.710%* (8971/10000)
Train epoch: 78 | Loss: *0.160* | Acc: *94.462%* (47231/50000) 
Test epoch: 78 | Loss: *0.357* | Acc: *89.510%* (8951/10000)
Train epoch: 79 | Loss: *0.158* | Acc: *94.542%* (47271/50000) 
Test epoch: 79 | Loss: *0.344* | Acc: *89.500%* (8950/10000)
Train epoch: 80 | Loss: *0.157* | Acc: *94.608%* (47304/50000) 
Test epoch: 80 | Loss: *0.330* | Acc: *89.640%* (8964/10000)
Train epoch: 81 | Loss: *0.154* | Acc: *94.742%* (47371/50000) 
Test epoch: 81 | Loss: *0.327* | Acc: *89.890%* (8989/10000)
Train epoch: 82 | Loss: *0.151* | Acc: *94.800%* (47400/50000) 
Test epoch: 82 | Loss: *0.317* | Acc: *90.440%* (9044/10000)
Train epoch: 83 | Loss: *0.152* | Acc: *94.808%* (47404/50000) 
Test epoch: 83 | Loss: *0.324* | Acc: *90.360%* (9036/10000)
Train epoch: 84 | Loss: *0.146* | Acc: *94.964%* (47482/50000) 
Test epoch: 84 | Loss: *0.378* | Acc: *88.990%* (8899/10000)
Train epoch: 85 | Loss: *0.145* | Acc: *95.072%* (47536/50000) 
Test epoch: 85 | Loss: *0.342* | Acc: *90.150%* (9015/10000)
Train epoch: 86 | Loss: *0.145* | Acc: *94.968%* (47484/50000) 
Test epoch: 86 | Loss: *0.354* | Acc: *89.870%* (8987/10000)
Train epoch: 87 | Loss: *0.146* | Acc: *95.050%* (47525/50000) 
Test epoch: 87 | Loss: *0.351* | Acc: *89.540%* (8954/10000)
Train epoch: 88 | Loss: *0.142* | Acc: *95.174%* (47587/50000) 
Test epoch: 88 | Loss: *0.357* | Acc: *89.530%* (8953/10000)
Train epoch: 89 | Loss: *0.135* | Acc: *95.368%* (47684/50000) 
Test epoch: 89 | Loss: *0.362* | Acc: *89.470%* (8947/10000)
Train epoch: 90 | Loss: *0.134* | Acc: *95.408%* (47704/50000) 
Test epoch: 90 | Loss: *0.321* | Acc: *90.540%* (9054/10000)
Train epoch: 91 | Loss: *0.135* | Acc: *95.368%* (47684/50000) 
Test epoch: 91 | Loss: *0.335* | Acc: *90.020%* (9002/10000)
Train epoch: 92 | Loss: *0.129* | Acc: *95.526%* (47763/50000) 
Test epoch: 92 | Loss: *0.315* | Acc: *90.480%* (9048/10000)
Train epoch: 93 | Loss: *0.131* | Acc: *95.510%* (47755/50000) 
Test epoch: 93 | Loss: *0.320* | Acc: *90.480%* (9048/10000)
Train epoch: 94 | Loss: *0.127* | Acc: *95.728%* (47864/50000) 
Test epoch: 94 | Loss: *0.354* | Acc: *89.820%* (8982/10000)
Train epoch: 95 | Loss: *0.128* | Acc: *95.638%* (47819/50000) 
Test epoch: 95 | Loss: *0.375* | Acc: *89.190%* (8919/10000)
Train epoch: 96 | Loss: *0.124* | Acc: *95.860%* (47930/50000) 
Test epoch: 96 | Loss: *0.316* | Acc: *90.460%* (9046/10000)
Train epoch: 97 | Loss: *0.122* | Acc: *95.810%* (47905/50000) 
Test epoch: 97 | Loss: *0.321* | Acc: *90.770%* (9077/10000)
Train epoch: 98 | Loss: *0.121* | Acc: *95.862%* (47931/50000) 
Test epoch: 98 | Loss: *0.324* | Acc: *90.560%* (9056/10000)
Train epoch: 99 | Loss: *0.114* | Acc: *96.162%* (48081/50000) 
Test epoch: 99 | Loss: *0.331* | Acc: *90.350%* (9035/10000)
Train epoch: 100 | Loss: *0.116* | Acc: *96.056%* (48028/50000) 
Test epoch: 100 | Loss: *0.341* | Acc: *90.040%* (9004/10000)
Train epoch: 101 | Loss: *0.111* | Acc: *96.278%* (48139/50000) 
Test epoch: 101 | Loss: *0.320* | Acc: *90.530%* (9053/10000)
Train epoch: 102 | Loss: *0.110* | Acc: *96.248%* (48124/50000) 
Test epoch: 102 | Loss: *0.313* | Acc: *90.890%* (9089/10000)
Train epoch: 103 | Loss: *0.108* | Acc: *96.316%* (48158/50000) 
Test epoch: 103 | Loss: *0.361* | Acc: *89.990%* (8999/10000)
Train epoch: 104 | Loss: *0.110* | Acc: *96.264%* (48132/50000) 
Test epoch: 104 | Loss: *0.346* | Acc: *90.460%* (9046/10000)
Train epoch: 105 | Loss: *0.107* | Acc: *96.394%* (48197/50000) 
Test epoch: 105 | Loss: *0.307* | Acc: *91.440%* (9144/10000)
Train epoch: 106 | Loss: *0.102* | Acc: *96.514%* (48257/50000) 
Test epoch: 106 | Loss: *0.321* | Acc: *91.270%* (9127/10000)
Train epoch: 107 | Loss: *0.105* | Acc: *96.426%* (48213/50000) 
Test epoch: 107 | Loss: *0.335* | Acc: *90.640%* (9064/10000)
Train epoch: 108 | Loss: *0.101* | Acc: *96.588%* (48294/50000) 
Test epoch: 108 | Loss: *0.379* | Acc: *89.330%* (8933/10000)
Train epoch: 109 | Loss: *0.094* | Acc: *96.882%* (48441/50000) 
Test epoch: 109 | Loss: *0.334* | Acc: *90.510%* (9051/10000)
Train epoch: 110 | Loss: *0.097* | Acc: *96.674%* (48337/50000) 
Test epoch: 110 | Loss: *0.330* | Acc: *91.200%* (9120/10000)
Train epoch: 111 | Loss: *0.097* | Acc: *96.676%* (48338/50000) 
Test epoch: 111 | Loss: *0.338* | Acc: *90.600%* (9060/10000)
Train epoch: 112 | Loss: *0.090* | Acc: *96.952%* (48476/50000) 
Test epoch: 112 | Loss: *0.320* | Acc: *90.800%* (9080/10000)
Train epoch: 113 | Loss: *0.090* | Acc: *96.972%* (48486/50000) 
Test epoch: 113 | Loss: *0.319* | Acc: *91.020%* (9102/10000)
Train epoch: 114 | Loss: *0.091* | Acc: *96.936%* (48468/50000) 
Test epoch: 114 | Loss: *0.325* | Acc: *91.050%* (9105/10000)
Train epoch: 115 | Loss: *0.084* | Acc: *97.198%* (48599/50000) 
Test epoch: 115 | Loss: *0.320* | Acc: *91.250%* (9125/10000)
Train epoch: 116 | Loss: *0.082* | Acc: *97.280%* (48640/50000) 
Test epoch: 116 | Loss: *0.365* | Acc: *90.540%* (9054/10000)
Train epoch: 117 | Loss: *0.084* | Acc: *97.236%* (48618/50000) 
Test epoch: 117 | Loss: *0.320* | Acc: *91.350%* (9135/10000)
Train epoch: 118 | Loss: *0.082* | Acc: *97.308%* (48654/50000) 
Test epoch: 118 | Loss: *0.316* | Acc: *91.170%* (9117/10000)
Train epoch: 119 | Loss: *0.078* | Acc: *97.420%* (48710/50000) 
Test epoch: 119 | Loss: *0.333* | Acc: *91.040%* (9104/10000)
Train epoch: 120 | Loss: *0.074* | Acc: *97.584%* (48792/50000) 
Test epoch: 120 | Loss: *0.345* | Acc: *90.490%* (9049/10000)
Train epoch: 121 | Loss: *0.074* | Acc: *97.574%* (48787/50000) 
Test epoch: 121 | Loss: *0.341* | Acc: *90.970%* (9097/10000)
Train epoch: 122 | Loss: *0.070* | Acc: *97.718%* (48859/50000) 
Test epoch: 122 | Loss: *0.340* | Acc: *90.920%* (9092/10000)
Train epoch: 123 | Loss: *0.071* | Acc: *97.618%* (48809/50000) 
Test epoch: 123 | Loss: *0.356* | Acc: *90.800%* (9080/10000)
Train epoch: 124 | Loss: *0.074* | Acc: *97.566%* (48783/50000) 
Test epoch: 124 | Loss: *0.331* | Acc: *91.280%* (9128/10000)
Train epoch: 125 | Loss: *0.068* | Acc: *97.730%* (48865/50000) 
Test epoch: 125 | Loss: *0.337* | Acc: *90.880%* (9088/10000)
Train epoch: 126 | Loss: *0.066* | Acc: *97.842%* (48921/50000) 
Test epoch: 126 | Loss: *0.313* | Acc: *91.530%* (9153/10000)
Train epoch: 127 | Loss: *0.063* | Acc: *97.934%* (48967/50000) 
Test epoch: 127 | Loss: *0.329* | Acc: *91.430%* (9143/10000)
Train epoch: 128 | Loss: *0.063* | Acc: *97.944%* (48972/50000) 
Test epoch: 128 | Loss: *0.353* | Acc: *90.980%* (9098/10000)
Train epoch: 129 | Loss: *0.056* | Acc: *98.170%* (49085/50000) 
Test epoch: 129 | Loss: *0.310* | Acc: *91.620%* (9162/10000)
Train epoch: 130 | Loss: *0.058* | Acc: *98.098%* (49049/50000) 
Test epoch: 130 | Loss: *0.324* | Acc: *91.310%* (9131/10000)
Train epoch: 131 | Loss: *0.054* | Acc: *98.334%* (49167/50000) 
Test epoch: 131 | Loss: *0.330* | Acc: *91.350%* (9135/10000)
Train epoch: 132 | Loss: *0.056* | Acc: *98.174%* (49087/50000) 
Test epoch: 132 | Loss: *0.329* | Acc: *91.400%* (9140/10000)
Train epoch: 133 | Loss: *0.053* | Acc: *98.318%* (49159/50000) 
Test epoch: 133 | Loss: *0.354* | Acc: *90.790%* (9079/10000)
Train epoch: 134 | Loss: *0.051* | Acc: *98.332%* (49166/50000) 
Test epoch: 134 | Loss: *0.330* | Acc: *91.330%* (9133/10000)
Train epoch: 135 | Loss: *0.052* | Acc: *98.320%* (49160/50000) 
Test epoch: 135 | Loss: *0.337* | Acc: *91.240%* (9124/10000)
Train epoch: 136 | Loss: *0.050* | Acc: *98.394%* (49197/50000) 
Test epoch: 136 | Loss: *0.334* | Acc: *91.540%* (9154/10000)
Train epoch: 137 | Loss: *0.049* | Acc: *98.470%* (49235/50000) 
Test epoch: 137 | Loss: *0.340* | Acc: *91.370%* (9137/10000)
Train epoch: 138 | Loss: *0.045* | Acc: *98.544%* (49272/50000) 
Test epoch: 138 | Loss: *0.335* | Acc: *91.380%* (9138/10000)
Train epoch: 139 | Loss: *0.043* | Acc: *98.724%* (49362/50000) 
Test epoch: 139 | Loss: *0.316* | Acc: *91.620%* (9162/10000)
Train epoch: 140 | Loss: *0.044* | Acc: *98.716%* (49358/50000) 
Test epoch: 140 | Loss: *0.331* | Acc: *91.650%* (9165/10000)
Train epoch: 141 | Loss: *0.041* | Acc: *98.738%* (49369/50000) 
Test epoch: 141 | Loss: *0.326* | Acc: *91.890%* (9189/10000)
Train epoch: 142 | Loss: *0.037* | Acc: *98.874%* (49437/50000) 
Test epoch: 142 | Loss: *0.337* | Acc: *91.430%* (9143/10000)
Train epoch: 143 | Loss: *0.039* | Acc: *98.768%* (49384/50000) 
Test epoch: 143 | Loss: *0.328* | Acc: *91.910%* (9191/10000)
Train epoch: 144 | Loss: *0.036* | Acc: *98.982%* (49491/50000) 
Test epoch: 144 | Loss: *0.330* | Acc: *91.920%* (9192/10000)
Train epoch: 145 | Loss: *0.035* | Acc: *98.978%* (49489/50000) 
Test epoch: 145 | Loss: *0.320* | Acc: *92.080%* (9208/10000)
Train epoch: 146 | Loss: *0.034* | Acc: *98.962%* (49481/50000) 
Test epoch: 146 | Loss: *0.331* | Acc: *92.260%* (9226/10000)
Train epoch: 147 | Loss: *0.033* | Acc: *99.052%* (49526/50000) 
Test epoch: 147 | Loss: *0.317* | Acc: *91.940%* (9194/10000)
Train epoch: 148 | Loss: *0.032* | Acc: *99.144%* (49572/50000) 
Test epoch: 148 | Loss: *0.338* | Acc: *91.890%* (9189/10000)
Train epoch: 149 | Loss: *0.032* | Acc: *99.108%* (49554/50000) 
Test epoch: 149 | Loss: *0.314* | Acc: *92.040%* (9204/10000)
Train epoch: 150 | Loss: *0.028* | Acc: *99.254%* (49627/50000) 
Test epoch: 150 | Loss: *0.340* | Acc: *91.690%* (9169/10000)
Train epoch: 151 | Loss: *0.028* | Acc: *99.188%* (49594/50000) 
Test epoch: 151 | Loss: *0.340* | Acc: *91.550%* (9155/10000)
Train epoch: 152 | Loss: *0.027* | Acc: *99.316%* (49658/50000) 
Test epoch: 152 | Loss: *0.316* | Acc: *92.130%* (9213/10000)
Train epoch: 153 | Loss: *0.025* | Acc: *99.334%* (49667/50000) 
Test epoch: 153 | Loss: *0.318* | Acc: *92.040%* (9204/10000)
Train epoch: 154 | Loss: *0.026* | Acc: *99.266%* (49633/50000) 
Test epoch: 154 | Loss: *0.322* | Acc: *92.220%* (9222/10000)
Train epoch: 155 | Loss: *0.023* | Acc: *99.364%* (49682/50000) 
Test epoch: 155 | Loss: *0.309* | Acc: *92.260%* (9226/10000)
Train epoch: 156 | Loss: *0.022* | Acc: *99.456%* (49728/50000) 
Test epoch: 156 | Loss: *0.307* | Acc: *92.280%* (9228/10000)
Train epoch: 157 | Loss: *0.021* | Acc: *99.434%* (49717/50000) 
Test epoch: 157 | Loss: *0.308* | Acc: *92.490%* (9249/10000)
Train epoch: 158 | Loss: *0.023* | Acc: *99.386%* (49693/50000) 
Test epoch: 158 | Loss: *0.306* | Acc: *92.290%* (9229/10000)
Train epoch: 159 | Loss: *0.019* | Acc: *99.514%* (49757/50000) 
Test epoch: 159 | Loss: *0.313* | Acc: *92.310%* (9231/10000)
Train epoch: 160 | Loss: *0.020* | Acc: *99.530%* (49765/50000) 
Test epoch: 160 | Loss: *0.305* | Acc: *92.330%* (9233/10000)
Train epoch: 161 | Loss: *0.018* | Acc: *99.570%* (49785/50000) 
Test epoch: 161 | Loss: *0.319* | Acc: *92.400%* (9240/10000)
Train epoch: 162 | Loss: *0.018* | Acc: *99.622%* (49811/50000) 
Test epoch: 162 | Loss: *0.315* | Acc: *92.450%* (9245/10000)
Train epoch: 163 | Loss: *0.017* | Acc: *99.654%* (49827/50000) 
Test epoch: 163 | Loss: *0.307* | Acc: *92.600%* (9260/10000)
Train epoch: 164 | Loss: *0.016* | Acc: *99.634%* (49817/50000) 
Test epoch: 164 | Loss: *0.315* | Acc: *92.270%* (9227/10000)
Train epoch: 165 | Loss: *0.016* | Acc: *99.702%* (49851/50000) 
Test epoch: 165 | Loss: *0.302* | Acc: *92.690%* (9269/10000)
Train epoch: 166 | Loss: *0.015* | Acc: *99.668%* (49834/50000) 
Test epoch: 166 | Loss: *0.312* | Acc: *92.570%* (9257/10000)
Train epoch: 167 | Loss: *0.015* | Acc: *99.684%* (49842/50000) 
Test epoch: 167 | Loss: *0.304* | Acc: *92.510%* (9251/10000)
Train epoch: 168 | Loss: *0.014* | Acc: *99.728%* (49864/50000) 
Test epoch: 168 | Loss: *0.307* | Acc: *92.510%* (9251/10000)
Train epoch: 169 | Loss: *0.014* | Acc: *99.710%* (49855/50000) 
Test epoch: 169 | Loss: *0.304* | Acc: *92.520%* (9252/10000)
Train epoch: 170 | Loss: *0.012* | Acc: *99.810%* (49905/50000) 
Test epoch: 170 | Loss: *0.305* | Acc: *92.710%* (9271/10000)
Train epoch: 171 | Loss: *0.012* | Acc: *99.784%* (49892/50000) 
Test epoch: 171 | Loss: *0.305* | Acc: *92.950%* (9295/10000)
Train epoch: 172 | Loss: *0.011* | Acc: *99.832%* (49916/50000) 
Test epoch: 172 | Loss: *0.306* | Acc: *92.710%* (9271/10000)
Train epoch: 173 | Loss: *0.010* | Acc: *99.860%* (49930/50000) 
Test epoch: 173 | Loss: *0.307* | Acc: *92.860%* (9286/10000)
Train epoch: 174 | Loss: *0.010* | Acc: *99.868%* (49934/50000) 
Test epoch: 174 | Loss: *0.304* | Acc: *92.930%* (9293/10000)
Train epoch: 175 | Loss: *0.011* | Acc: *99.836%* (49918/50000) 
Test epoch: 175 | Loss: *0.305* | Acc: *92.710%* (9271/10000)
Train epoch: 176 | Loss: *0.010* | Acc: *99.856%* (49928/50000) 
Test epoch: 176 | Loss: *0.299* | Acc: *92.740%* (9274/10000)
Train epoch: 177 | Loss: *0.010* | Acc: *99.852%* (49926/50000) 
Test epoch: 177 | Loss: *0.301* | Acc: *92.760%* (9276/10000)
Train epoch: 178 | Loss: *0.009* | Acc: *99.904%* (49952/50000) 
Test epoch: 178 | Loss: *0.303* | Acc: *92.740%* (9274/10000)
Train epoch: 179 | Loss: *0.010* | Acc: *99.846%* (49923/50000) 
Test epoch: 179 | Loss: *0.300* | Acc: *92.740%* (9274/10000)
Train epoch: 180 | Loss: *0.009* | Acc: *99.888%* (49944/50000) 
Test epoch: 180 | Loss: *0.302* | Acc: *92.840%* (9284/10000)
Train epoch: 181 | Loss: *0.009* | Acc: *99.888%* (49944/50000) 
Test epoch: 181 | Loss: *0.302* | Acc: *92.940%* (9294/10000)
Train epoch: 182 | Loss: *0.008* | Acc: *99.902%* (49951/50000) 
Test epoch: 182 | Loss: *0.300* | Acc: *92.900%* (9290/10000)
Train epoch: 183 | Loss: *0.008* | Acc: *99.904%* (49952/50000) 
Test epoch: 183 | Loss: *0.302* | Acc: *92.820%* (9282/10000)
Train epoch: 184 | Loss: *0.009* | Acc: *99.898%* (49949/50000) 
Test epoch: 184 | Loss: *0.303* | Acc: *92.720%* (9272/10000)
Train epoch: 185 | Loss: *0.008* | Acc: *99.910%* (49955/50000) 
Test epoch: 185 | Loss: *0.297* | Acc: *92.860%* (9286/10000)
Train epoch: 186 | Loss: *0.008* | Acc: *99.918%* (49959/50000) 
Test epoch: 186 | Loss: *0.295* | Acc: *92.960%* (9296/10000)
Train epoch: 187 | Loss: *0.008* | Acc: *99.914%* (49957/50000) 
Test epoch: 187 | Loss: *0.295* | Acc: *92.780%* (9278/10000)
Train epoch: 188 | Loss: *0.008* | Acc: *99.922%* (49961/50000) 
Test epoch: 188 | Loss: *0.296* | Acc: *92.850%* (9285/10000)
Train epoch: 189 | Loss: *0.007* | Acc: *99.940%* (49970/50000) 
Test epoch: 189 | Loss: *0.298* | Acc: *92.910%* (9291/10000)
Train epoch: 190 | Loss: *0.007* | Acc: *99.950%* (49975/50000) 
Test epoch: 190 | Loss: *0.291* | Acc: *92.970%* (9297/10000)
Train epoch: 191 | Loss: *0.007* | Acc: *99.952%* (49976/50000) 
Test epoch: 191 | Loss: *0.297* | Acc: *92.950%* (9295/10000)
Train epoch: 192 | Loss: *0.007* | Acc: *99.950%* (49975/50000) 
Test epoch: 192 | Loss: *0.295* | Acc: *92.970%* (9297/10000)
Train epoch: 193 | Loss: *0.007* | Acc: *99.924%* (49962/50000) 
Test epoch: 193 | Loss: *0.292* | Acc: *92.970%* (9297/10000)
Train epoch: 194 | Loss: *0.007* | Acc: *99.938%* (49969/50000) 
Test epoch: 194 | Loss: *0.295* | Acc: *92.890%* (9289/10000)
Train epoch: 195 | Loss: *0.007* | Acc: *99.962%* (49981/50000) 
Test epoch: 195 | Loss: *0.295* | Acc: *92.990%* (9299/10000)
Train epoch: 196 | Loss: *0.007* | Acc: *99.944%* (49972/50000) 
Test epoch: 196 | Loss: *0.295* | Acc: *93.050%* (9305/10000)
Train epoch: 197 | Loss: *0.007* | Acc: *99.950%* (49975/50000) 
Test epoch: 197 | Loss: *0.297* | Acc: *92.940%* (9294/10000)
Train epoch: 198 | Loss: *0.007* | Acc: *99.948%* (49974/50000) 
Test epoch: 198 | Loss: *0.295* | Acc: *92.970%* (9297/10000)
Train epoch: 199 | Loss: *0.007* | Acc: *99.938%* (49969/50000) 
Test epoch: 199 | Loss: *0.295* | Acc: *92.950%* (9295/10000)
Train epoch: 200 | Loss: *0.007* | Acc: *99.942%* (49971/50000) 
Test epoch: 200 | Loss: *0.294* | Acc: *93.070%* (9307/10000)
Train epoch: 201 | Loss: *0.007* | Acc: *99.956%* (49978/50000) 
Test epoch: 201 | Loss: *0.292* | Acc: *92.880%* (9288/10000)
Train epoch: 202 | Loss: *0.007* | Acc: *99.940%* (49970/50000) 
Test epoch: 202 | Loss: *0.296* | Acc: *92.870%* (9287/10000)
Train epoch: 203 | Loss: *0.007* | Acc: *99.956%* (49978/50000) 
Test epoch: 203 | Loss: *0.294* | Acc: *92.980%* (9298/10000)
Train epoch: 204 | Loss: *0.007* | Acc: *99.958%* (49979/50000) 
Test epoch: 204 | Loss: *0.295* | Acc: *92.970%* (9297/10000)
Train epoch: 205 | Loss: *0.007* | Acc: *99.964%* (49982/50000) 
Test epoch: 205 | Loss: *0.296* | Acc: *92.920%* (9292/10000)
Train epoch: 206 | Loss: *0.007* | Acc: *99.942%* (49971/50000) 
Test epoch: 206 | Loss: *0.293* | Acc: *92.980%* (9298/10000)
Train epoch: 207 | Loss: *0.007* | Acc: *99.954%* (49977/50000) 
Test epoch: 207 | Loss: *0.295* | Acc: *92.890%* (9289/10000)
Train epoch: 208 | Loss: *0.007* | Acc: *99.956%* (49978/50000) 
Test epoch: 208 | Loss: *0.295* | Acc: *92.970%* (9297/10000)
Train epoch: 209 | Loss: *0.007* | Acc: *99.952%* (49976/50000) 
Test epoch: 209 | Loss: *0.293* | Acc: *92.890%* (9289/10000)
Train epoch: 210 | Loss: *0.007* | Acc: *99.940%* (49970/50000) 
Test epoch: 210 | Loss: *0.294* | Acc: *92.980%* (9298/10000)
Train epoch: 211 | Loss: *0.007* | Acc: *99.952%* (49976/50000) 
Test epoch: 211 | Loss: *0.294* | Acc: *93.080%* (9308/10000)
Train epoch: 212 | Loss: *0.007* | Acc: *99.946%* (49973/50000) 
Test epoch: 212 | Loss: *0.295* | Acc: *92.890%* (9289/10000)
Train epoch: 213 | Loss: *0.007* | Acc: *99.932%* (49966/50000) 
Test epoch: 213 | Loss: *0.294* | Acc: *92.960%* (9296/10000)
Train epoch: 214 | Loss: *0.007* | Acc: *99.950%* (49975/50000) 
Test epoch: 214 | Loss: *0.296* | Acc: *92.760%* (9276/10000)
Train epoch: 215 | Loss: *0.008* | Acc: *99.922%* (49961/50000) 
Test epoch: 215 | Loss: *0.294* | Acc: *92.850%* (9285/10000)
Train epoch: 216 | Loss: *0.007* | Acc: *99.924%* (49962/50000) 
Test epoch: 216 | Loss: *0.295* | Acc: *92.830%* (9283/10000)
Train epoch: 217 | Loss: *0.007* | Acc: *99.938%* (49969/50000) 
Test epoch: 217 | Loss: *0.293* | Acc: *92.820%* (9282/10000)
Train epoch: 218 | Loss: *0.008* | Acc: *99.928%* (49964/50000) 
Test epoch: 218 | Loss: *0.292* | Acc: *93.100%* (9310/10000)
Train epoch: 219 | Loss: *0.007* | Acc: *99.934%* (49967/50000) 
Test epoch: 219 | Loss: *0.297* | Acc: *93.040%* (9304/10000)
Train epoch: 220 | Loss: *0.008* | Acc: *99.916%* (49958/50000) 
Test epoch: 220 | Loss: *0.300* | Acc: *92.880%* (9288/10000)
Train epoch: 221 | Loss: *0.008* | Acc: *99.934%* (49967/50000) 
Test epoch: 221 | Loss: *0.302* | Acc: *92.870%* (9287/10000)
Train epoch: 222 | Loss: *0.008* | Acc: *99.934%* (49967/50000) 
Test epoch: 222 | Loss: *0.298* | Acc: *92.720%* (9272/10000)
Train epoch: 223 | Loss: *0.008* | Acc: *99.926%* (49963/50000) 
Test epoch: 223 | Loss: *0.295* | Acc: *92.760%* (9276/10000)
Train epoch: 224 | Loss: *0.008* | Acc: *99.924%* (49962/50000) 
Test epoch: 224 | Loss: *0.300* | Acc: *92.670%* (9267/10000)
Train epoch: 225 | Loss: *0.009* | Acc: *99.890%* (49945/50000) 
Test epoch: 225 | Loss: *0.301* | Acc: *92.670%* (9267/10000)
Train epoch: 226 | Loss: *0.009* | Acc: *99.924%* (49962/50000) 
Test epoch: 226 | Loss: *0.302* | Acc: *92.650%* (9265/10000)
Train epoch: 227 | Loss: *0.009* | Acc: *99.906%* (49953/50000) 
Test epoch: 227 | Loss: *0.303* | Acc: *92.700%* (9270/10000)
Train epoch: 228 | Loss: *0.010* | Acc: *99.890%* (49945/50000) 
Test epoch: 228 | Loss: *0.303* | Acc: *92.540%* (9254/10000)
Train epoch: 229 | Loss: *0.011* | Acc: *99.854%* (49927/50000) 
Test epoch: 229 | Loss: *0.310* | Acc: *92.380%* (9238/10000)
Train epoch: 230 | Loss: *0.011* | Acc: *99.810%* (49905/50000) 
Test epoch: 230 | Loss: *0.309* | Acc: *92.500%* (9250/10000)
Train epoch: 231 | Loss: *0.011* | Acc: *99.838%* (49919/50000) 
Test epoch: 231 | Loss: *0.310* | Acc: *92.450%* (9245/10000)
Train epoch: 232 | Loss: *0.013* | Acc: *99.762%* (49881/50000) 
Test epoch: 232 | Loss: *0.307* | Acc: *92.390%* (9239/10000)
Train epoch: 233 | Loss: *0.012* | Acc: *99.798%* (49899/50000) 
Test epoch: 233 | Loss: *0.298* | Acc: *92.560%* (9256/10000)
Train epoch: 234 | Loss: *0.013* | Acc: *99.770%* (49885/50000) 
Test epoch: 234 | Loss: *0.314* | Acc: *92.630%* (9263/10000)
Train epoch: 235 | Loss: *0.015* | Acc: *99.680%* (49840/50000) 
Test epoch: 235 | Loss: *0.310* | Acc: *92.450%* (9245/10000)
Train epoch: 236 | Loss: *0.014* | Acc: *99.730%* (49865/50000) 
Test epoch: 236 | Loss: *0.304* | Acc: *92.510%* (9251/10000)
Train epoch: 237 | Loss: *0.016* | Acc: *99.682%* (49841/50000) 
Test epoch: 237 | Loss: *0.315* | Acc: *92.250%* (9225/10000)
Train epoch: 238 | Loss: *0.016* | Acc: *99.666%* (49833/50000) 
Test epoch: 238 | Loss: *0.330* | Acc: *92.030%* (9203/10000)
Train epoch: 239 | Loss: *0.018* | Acc: *99.592%* (49796/50000) 
Test epoch: 239 | Loss: *0.311* | Acc: *92.430%* (9243/10000)
Train epoch: 240 | Loss: *0.019* | Acc: *99.508%* (49754/50000) 
Test epoch: 240 | Loss: *0.343* | Acc: *91.950%* (9195/10000)
Train epoch: 241 | Loss: *0.021* | Acc: *99.458%* (49729/50000) 
Test epoch: 241 | Loss: *0.328* | Acc: *91.880%* (9188/10000)
Train epoch: 242 | Loss: *0.019* | Acc: *99.586%* (49793/50000) 
Test epoch: 242 | Loss: *0.318* | Acc: *92.370%* (9237/10000)
Train epoch: 243 | Loss: *0.023* | Acc: *99.446%* (49723/50000) 
Test epoch: 243 | Loss: *0.323* | Acc: *92.280%* (9228/10000)
Train epoch: 244 | Loss: *0.020* | Acc: *99.536%* (49768/50000) 
Test epoch: 244 | Loss: *0.325* | Acc: *92.290%* (9229/10000)
Train epoch: 245 | Loss: *0.027* | Acc: *99.270%* (49635/50000) 
Test epoch: 245 | Loss: *0.336* | Acc: *91.770%* (9177/10000)
Train epoch: 246 | Loss: *0.026* | Acc: *99.266%* (49633/50000) 
Test epoch: 246 | Loss: *0.340* | Acc: *91.790%* (9179/10000)
Train epoch: 247 | Loss: *0.028* | Acc: *99.158%* (49579/50000) 
Test epoch: 247 | Loss: *0.374* | Acc: *91.210%* (9121/10000)
Train epoch: 248 | Loss: *0.031* | Acc: *99.100%* (49550/50000) 
Test epoch: 248 | Loss: *0.325* | Acc: *91.870%* (9187/10000)
Train epoch: 249 | Loss: *0.031* | Acc: *99.110%* (49555/50000) 
Test epoch: 249 | Loss: *0.320* | Acc: *91.780%* (9178/10000)
Train epoch: 250 | Loss: *0.030* | Acc: *99.156%* (49578/50000) 
Test epoch: 250 | Loss: *0.334* | Acc: *91.700%* (9170/10000)
Train epoch: 251 | Loss: *0.033* | Acc: *99.088%* (49544/50000) 
Test epoch: 251 | Loss: *0.335* | Acc: *91.860%* (9186/10000)
Train epoch: 252 | Loss: *0.033* | Acc: *99.062%* (49531/50000) 
Test epoch: 252 | Loss: *0.358* | Acc: *91.570%* (9157/10000)
Train epoch: 253 | Loss: *0.037* | Acc: *98.888%* (49444/50000) 
Test epoch: 253 | Loss: *0.330* | Acc: *91.690%* (9169/10000)
Train epoch: 254 | Loss: *0.039* | Acc: *98.794%* (49397/50000) 
Test epoch: 254 | Loss: *0.348* | Acc: *91.560%* (9156/10000)
Train epoch: 255 | Loss: *0.043* | Acc: *98.614%* (49307/50000) 
Test epoch: 255 | Loss: *0.344* | Acc: *91.550%* (9155/10000)
Train epoch: 256 | Loss: *0.042* | Acc: *98.708%* (49354/50000) 
Test epoch: 256 | Loss: *0.337* | Acc: *91.250%* (9125/10000)
Train epoch: 257 | Loss: *0.044* | Acc: *98.692%* (49346/50000) 
Test epoch: 257 | Loss: *0.365* | Acc: *91.180%* (9118/10000)
Train epoch: 258 | Loss: *0.049* | Acc: *98.504%* (49252/50000) 
Test epoch: 258 | Loss: *0.343* | Acc: *91.790%* (9179/10000)
Train epoch: 259 | Loss: *0.046* | Acc: *98.556%* (49278/50000) 
Test epoch: 259 | Loss: *0.337* | Acc: *91.620%* (9162/10000)
Train epoch: 260 | Loss: *0.048* | Acc: *98.488%* (49244/50000) 
Test epoch: 260 | Loss: *0.349* | Acc: *90.880%* (9088/10000)
Train epoch: 261 | Loss: *0.052* | Acc: *98.274%* (49137/50000) 
Test epoch: 261 | Loss: *0.369* | Acc: *90.860%* (9086/10000)
Train epoch: 262 | Loss: *0.051* | Acc: *98.370%* (49185/50000) 
Test epoch: 262 | Loss: *0.347* | Acc: *91.350%* (9135/10000)
Train epoch: 263 | Loss: *0.053* | Acc: *98.312%* (49156/50000) 
Test epoch: 263 | Loss: *0.359* | Acc: *90.880%* (9088/10000)
Train epoch: 264 | Loss: *0.056* | Acc: *98.226%* (49113/50000) 
Test epoch: 264 | Loss: *0.343* | Acc: *91.490%* (9149/10000)
Train epoch: 265 | Loss: *0.054* | Acc: *98.304%* (49152/50000) 
Test epoch: 265 | Loss: *0.345* | Acc: *91.350%* (9135/10000)
Train epoch: 266 | Loss: *0.057* | Acc: *98.132%* (49066/50000) 
Test epoch: 266 | Loss: *0.328* | Acc: *91.360%* (9136/10000)
Train epoch: 267 | Loss: *0.057* | Acc: *98.098%* (49049/50000) 
Test epoch: 267 | Loss: *0.378* | Acc: *90.360%* (9036/10000)
Train epoch: 268 | Loss: *0.064* | Acc: *97.788%* (48894/50000) 
Test epoch: 268 | Loss: *0.376* | Acc: *90.880%* (9088/10000)
Train epoch: 269 | Loss: *0.065* | Acc: *97.902%* (48951/50000) 
Test epoch: 269 | Loss: *0.376* | Acc: *90.360%* (9036/10000)
Train epoch: 270 | Loss: *0.065* | Acc: *97.820%* (48910/50000) 
Test epoch: 270 | Loss: *0.351* | Acc: *90.860%* (9086/10000)
Train epoch: 271 | Loss: *0.070* | Acc: *97.664%* (48832/50000) 
Test epoch: 271 | Loss: *0.350* | Acc: *90.930%* (9093/10000)
Train epoch: 272 | Loss: *0.063* | Acc: *97.932%* (48966/50000) 
Test epoch: 272 | Loss: *0.349* | Acc: *91.200%* (9120/10000)
Train epoch: 273 | Loss: *0.075* | Acc: *97.478%* (48739/50000) 
Test epoch: 273 | Loss: *0.344* | Acc: *91.180%* (9118/10000)
Train epoch: 274 | Loss: *0.076* | Acc: *97.462%* (48731/50000) 
Test epoch: 274 | Loss: *0.374* | Acc: *90.470%* (9047/10000)
Train epoch: 275 | Loss: *0.072* | Acc: *97.576%* (48788/50000) 
Test epoch: 275 | Loss: *0.346* | Acc: *90.960%* (9096/10000)
Train epoch: 276 | Loss: *0.074* | Acc: *97.534%* (48767/50000) 
Test epoch: 276 | Loss: *0.349* | Acc: *91.070%* (9107/10000)
Train epoch: 277 | Loss: *0.081* | Acc: *97.276%* (48638/50000) 
Test epoch: 277 | Loss: *0.385* | Acc: *90.040%* (9004/10000)
Train epoch: 278 | Loss: *0.076* | Acc: *97.398%* (48699/50000) 
Test epoch: 278 | Loss: *0.355* | Acc: *90.770%* (9077/10000)
Train epoch: 279 | Loss: *0.076* | Acc: *97.464%* (48732/50000) 
Test epoch: 279 | Loss: *0.344* | Acc: *90.820%* (9082/10000)
Train epoch: 280 | Loss: *0.086* | Acc: *97.060%* (48530/50000) 
Test epoch: 280 | Loss: *0.363* | Acc: *90.590%* (9059/10000)
Train epoch: 281 | Loss: *0.082* | Acc: *97.274%* (48637/50000) 
Test epoch: 281 | Loss: *0.337* | Acc: *91.050%* (9105/10000)
Train epoch: 282 | Loss: *0.083* | Acc: *97.226%* (48613/50000) 
Test epoch: 282 | Loss: *0.334* | Acc: *90.790%* (9079/10000)
Train epoch: 283 | Loss: *0.082* | Acc: *97.260%* (48630/50000) 
Test epoch: 283 | Loss: *0.375* | Acc: *90.090%* (9009/10000)
Train epoch: 284 | Loss: *0.087* | Acc: *97.130%* (48565/50000) 
Test epoch: 284 | Loss: *0.363* | Acc: *90.320%* (9032/10000)
Train epoch: 285 | Loss: *0.086* | Acc: *97.112%* (48556/50000) 
Test epoch: 285 | Loss: *0.358* | Acc: *90.550%* (9055/10000)
Train epoch: 286 | Loss: *0.090* | Acc: *96.968%* (48484/50000) 
Test epoch: 286 | Loss: *0.345* | Acc: *90.360%* (9036/10000)
Train epoch: 287 | Loss: *0.089* | Acc: *96.984%* (48492/50000) 
Test epoch: 287 | Loss: *0.377* | Acc: *89.730%* (8973/10000)
Train epoch: 288 | Loss: *0.093* | Acc: *96.902%* (48451/50000) 
Test epoch: 288 | Loss: *0.342* | Acc: *90.730%* (9073/10000)
Train epoch: 289 | Loss: *0.094* | Acc: *96.714%* (48357/50000) 
Test epoch: 289 | Loss: *0.343* | Acc: *90.910%* (9091/10000)
Train epoch: 290 | Loss: *0.098* | Acc: *96.654%* (48327/50000) 
Test epoch: 290 | Loss: *0.346* | Acc: *90.680%* (9068/10000)
Train epoch: 291 | Loss: *0.096* | Acc: *96.664%* (48332/50000) 
Test epoch: 291 | Loss: *0.372* | Acc: *90.270%* (9027/10000)
Train epoch: 292 | Loss: *0.095* | Acc: *96.874%* (48437/50000) 
Test epoch: 292 | Loss: *0.347* | Acc: *90.790%* (9079/10000)
Train epoch: 293 | Loss: *0.097* | Acc: *96.666%* (48333/50000) 
Test epoch: 293 | Loss: *0.357* | Acc: *90.590%* (9059/10000)
Train epoch: 294 | Loss: *0.098* | Acc: *96.732%* (48366/50000) 
Test epoch: 294 | Loss: *0.407* | Acc: *89.550%* (8955/10000)
Train epoch: 295 | Loss: *0.104* | Acc: *96.534%* (48267/50000) 
Test epoch: 295 | Loss: *0.383* | Acc: *89.770%* (8977/10000)
Train epoch: 296 | Loss: *0.101* | Acc: *96.514%* (48257/50000) 
Test epoch: 296 | Loss: *0.365* | Acc: *90.190%* (9019/10000)
Train epoch: 297 | Loss: *0.106* | Acc: *96.464%* (48232/50000) 
Test epoch: 297 | Loss: *0.372* | Acc: *89.600%* (8960/10000)
Train epoch: 298 | Loss: *0.104* | Acc: *96.458%* (48229/50000) 
Test epoch: 298 | Loss: *0.344* | Acc: *90.330%* (9033/10000)
Train epoch: 299 | Loss: *0.109* | Acc: *96.260%* (48130/50000) 
Test epoch: 299 | Loss: *0.379* | Acc: *89.240%* (8924/10000)
Train epoch: 300 | Loss: *0.111* | Acc: *96.312%* (48156/50000) 
Test epoch: 300 | Loss: *0.357* | Acc: *89.900%* (8990/10000)
Train epoch: 301 | Loss: *0.103* | Acc: *96.550%* (48275/50000) 
Test epoch: 301 | Loss: *0.330* | Acc: *90.690%* (9069/10000)
Train epoch: 302 | Loss: *0.112* | Acc: *96.200%* (48100/50000) 
Test epoch: 302 | Loss: *0.344* | Acc: *90.350%* (9035/10000)
Train epoch: 303 | Loss: *0.110* | Acc: *96.128%* (48064/50000) 
Test epoch: 303 | Loss: *0.375* | Acc: *89.620%* (8962/10000)
Train epoch: 304 | Loss: *0.114* | Acc: *95.958%* (47979/50000) 
Test epoch: 304 | Loss: *0.352* | Acc: *90.130%* (9013/10000)
Train epoch: 305 | Loss: *0.113* | Acc: *96.180%* (48090/50000) 
Test epoch: 305 | Loss: *0.356* | Acc: *90.000%* (9000/10000)
Train epoch: 306 | Loss: *0.119* | Acc: *95.930%* (47965/50000) 
Test epoch: 306 | Loss: *0.401* | Acc: *89.400%* (8940/10000)
Train epoch: 307 | Loss: *0.115* | Acc: *96.018%* (48009/50000) 
Test epoch: 307 | Loss: *0.363* | Acc: *89.550%* (8955/10000)
Train epoch: 308 | Loss: *0.116* | Acc: *96.028%* (48014/50000) 
Test epoch: 308 | Loss: *0.357* | Acc: *90.000%* (9000/10000)
Train epoch: 309 | Loss: *0.117* | Acc: *95.958%* (47979/50000) 
Test epoch: 309 | Loss: *0.364* | Acc: *89.660%* (8966/10000)
Train epoch: 310 | Loss: *0.117* | Acc: *96.006%* (48003/50000) 
Test epoch: 310 | Loss: *0.345* | Acc: *90.100%* (9010/10000)
Train epoch: 311 | Loss: *0.123* | Acc: *95.700%* (47850/50000) 
Test epoch: 311 | Loss: *0.352* | Acc: *89.910%* (8991/10000)
Train epoch: 312 | Loss: *0.125* | Acc: *95.646%* (47823/50000) 
Test epoch: 312 | Loss: *0.424* | Acc: *88.590%* (8859/10000)
Train epoch: 313 | Loss: *0.124* | Acc: *95.672%* (47836/50000) 
Test epoch: 313 | Loss: *0.338* | Acc: *90.480%* (9048/10000)
Train epoch: 314 | Loss: *0.126* | Acc: *95.642%* (47821/50000) 
Test epoch: 314 | Loss: *0.379* | Acc: *89.630%* (8963/10000)
Train epoch: 315 | Loss: *0.124* | Acc: *95.770%* (47885/50000) 
Test epoch: 315 | Loss: *0.377* | Acc: *89.340%* (8934/10000)
Train epoch: 316 | Loss: *0.125* | Acc: *95.800%* (47900/50000) 
Test epoch: 316 | Loss: *0.379* | Acc: *89.270%* (8927/10000)
Train epoch: 317 | Loss: *0.128* | Acc: *95.618%* (47809/50000) 
Test epoch: 317 | Loss: *0.397* | Acc: *89.160%* (8916/10000)
Train epoch: 318 | Loss: *0.131* | Acc: *95.452%* (47726/50000) 
Test epoch: 318 | Loss: *0.382* | Acc: *89.140%* (8914/10000)
Train epoch: 319 | Loss: *0.129* | Acc: *95.628%* (47814/50000) 
Test epoch: 319 | Loss: *0.380* | Acc: *89.630%* (8963/10000)
Train epoch: 320 | Loss: *0.133* | Acc: *95.482%* (47741/50000) 
Test epoch: 320 | Loss: *0.361* | Acc: *89.900%* (8990/10000)
Train epoch: 321 | Loss: *0.134* | Acc: *95.400%* (47700/50000) 
Test epoch: 321 | Loss: *0.363* | Acc: *89.440%* (8944/10000)
Train epoch: 322 | Loss: *0.136* | Acc: *95.370%* (47685/50000) 
Test epoch: 322 | Loss: *0.372* | Acc: *89.690%* (8969/10000)
Train epoch: 323 | Loss: *0.133* | Acc: *95.444%* (47722/50000) 
Test epoch: 323 | Loss: *0.351* | Acc: *89.870%* (8987/10000)
Train epoch: 324 | Loss: *0.134* | Acc: *95.430%* (47715/50000) 
Test epoch: 324 | Loss: *0.375* | Acc: *89.120%* (8912/10000)
Train epoch: 325 | Loss: *0.139* | Acc: *95.180%* (47590/50000) 
Test epoch: 325 | Loss: *0.344* | Acc: *90.120%* (9012/10000)
Train epoch: 326 | Loss: *0.143* | Acc: *95.030%* (47515/50000) 
Test epoch: 326 | Loss: *0.360* | Acc: *89.710%* (8971/10000)
Train epoch: 327 | Loss: *0.136* | Acc: *95.378%* (47689/50000) 
Test epoch: 327 | Loss: *0.387* | Acc: *88.810%* (8881/10000)
Train epoch: 328 | Loss: *0.144* | Acc: *95.098%* (47549/50000) 
Test epoch: 328 | Loss: *0.382* | Acc: *89.260%* (8926/10000)
Train epoch: 329 | Loss: *0.140* | Acc: *95.186%* (47593/50000) 
Test epoch: 329 | Loss: *0.348* | Acc: *89.980%* (8998/10000)
Train epoch: 330 | Loss: *0.144* | Acc: *94.862%* (47431/50000) 
Test epoch: 330 | Loss: *0.342* | Acc: *89.870%* (8987/10000)
Train epoch: 331 | Loss: *0.144* | Acc: *95.124%* (47562/50000) 
Test epoch: 331 | Loss: *0.371* | Acc: *89.510%* (8951/10000)
Train epoch: 332 | Loss: *0.145* | Acc: *95.042%* (47521/50000) 
Test epoch: 332 | Loss: *0.354* | Acc: *89.660%* (8966/10000)
Train epoch: 333 | Loss: *0.147* | Acc: *94.912%* (47456/50000) 
Test epoch: 333 | Loss: *0.341* | Acc: *90.200%* (9020/10000)
Train epoch: 334 | Loss: *0.148* | Acc: *94.808%* (47404/50000) 
Test epoch: 334 | Loss: *0.362* | Acc: *89.630%* (8963/10000)
Train epoch: 335 | Loss: *0.146* | Acc: *94.912%* (47456/50000) 
Test epoch: 335 | Loss: *0.388* | Acc: *89.120%* (8912/10000)
Train epoch: 336 | Loss: *0.152* | Acc: *94.758%* (47379/50000) 
Test epoch: 336 | Loss: *0.332* | Acc: *89.950%* (8995/10000)
Train epoch: 337 | Loss: *0.148* | Acc: *94.926%* (47463/50000) 
Test epoch: 337 | Loss: *0.404* | Acc: *88.580%* (8858/10000)
Train epoch: 338 | Loss: *0.149* | Acc: *94.896%* (47448/50000) 
Test epoch: 338 | Loss: *0.342* | Acc: *89.520%* (8952/10000)
Train epoch: 339 | Loss: *0.153* | Acc: *94.746%* (47373/50000) 
Test epoch: 339 | Loss: *0.377* | Acc: *88.990%* (8899/10000)
Train epoch: 340 | Loss: *0.154* | Acc: *94.646%* (47323/50000) 
Test epoch: 340 | Loss: *0.430* | Acc: *88.060%* (8806/10000)
Train epoch: 341 | Loss: *0.155* | Acc: *94.636%* (47318/50000) 
Test epoch: 341 | Loss: *0.385* | Acc: *88.600%* (8860/10000)
Train epoch: 342 | Loss: *0.155* | Acc: *94.802%* (47401/50000) 
Test epoch: 342 | Loss: *0.350* | Acc: *89.620%* (8962/10000)
Train epoch: 343 | Loss: *0.158* | Acc: *94.506%* (47253/50000) 
Test epoch: 343 | Loss: *0.394* | Acc: *88.060%* (8806/10000)
Train epoch: 344 | Loss: *0.159* | Acc: *94.528%* (47264/50000) 
Test epoch: 344 | Loss: *0.377* | Acc: *89.010%* (8901/10000)
Train epoch: 345 | Loss: *0.157* | Acc: *94.602%* (47301/50000) 
Test epoch: 345 | Loss: *0.362* | Acc: *89.510%* (8951/10000)
Train epoch: 346 | Loss: *0.163* | Acc: *94.222%* (47111/50000) 
Test epoch: 346 | Loss: *0.401* | Acc: *88.720%* (8872/10000)
Train epoch: 347 | Loss: *0.161* | Acc: *94.356%* (47178/50000) 
Test epoch: 347 | Loss: *0.383* | Acc: *89.290%* (8929/10000)
Train epoch: 348 | Loss: *0.158* | Acc: *94.614%* (47307/50000) 
Test epoch: 348 | Loss: *0.322* | Acc: *90.520%* (9052/10000)
Train epoch: 349 | Loss: *0.167* | Acc: *94.272%* (47136/50000) 
Test epoch: 349 | Loss: *0.361* | Acc: *89.200%* (8920/10000)
Train epoch: 350 | Loss: *0.164* | Acc: *94.550%* (47275/50000) 
Test epoch: 350 | Loss: *0.398* | Acc: *88.360%* (8836/10000)
Train epoch: 351 | Loss: *0.164* | Acc: *94.446%* (47223/50000) 
Test epoch: 351 | Loss: *0.311* | Acc: *90.310%* (9031/10000)
Train epoch: 352 | Loss: *0.162* | Acc: *94.368%* (47184/50000) 
Test epoch: 352 | Loss: *0.362* | Acc: *88.940%* (8894/10000)
Train epoch: 353 | Loss: *0.168* | Acc: *94.216%* (47108/50000) 
Test epoch: 353 | Loss: *0.373* | Acc: *89.030%* (8903/10000)
Train epoch: 354 | Loss: *0.163* | Acc: *94.452%* (47226/50000) 
Test epoch: 354 | Loss: *0.357* | Acc: *89.640%* (8964/10000)
Train epoch: 355 | Loss: *0.170* | Acc: *94.124%* (47062/50000) 
Test epoch: 355 | Loss: *0.366* | Acc: *89.120%* (8912/10000)
Train epoch: 356 | Loss: *0.165* | Acc: *94.404%* (47202/50000) 
Test epoch: 356 | Loss: *0.376* | Acc: *88.580%* (8858/10000)
Train epoch: 357 | Loss: *0.169* | Acc: *94.158%* (47079/50000) 
Test epoch: 357 | Loss: *0.387* | Acc: *88.870%* (8887/10000)
Train epoch: 358 | Loss: *0.172* | Acc: *94.106%* (47053/50000) 
Test epoch: 358 | Loss: *0.339* | Acc: *89.800%* (8980/10000)
Train epoch: 359 | Loss: *0.167* | Acc: *94.328%* (47164/50000) 
Test epoch: 359 | Loss: *0.350* | Acc: *89.200%* (8920/10000)
Train epoch: 360 | Loss: *0.170* | Acc: *94.004%* (47002/50000) 
Test epoch: 360 | Loss: *0.399* | Acc: *88.120%* (8812/10000)
Train epoch: 361 | Loss: *0.178* | Acc: *93.860%* (46930/50000) 
Test epoch: 361 | Loss: *0.359* | Acc: *89.360%* (8936/10000)
Train epoch: 362 | Loss: *0.168* | Acc: *94.378%* (47189/50000) 
Test epoch: 362 | Loss: *0.332* | Acc: *89.960%* (8996/10000)
Train epoch: 363 | Loss: *0.175* | Acc: *94.036%* (47018/50000) 
Test epoch: 363 | Loss: *0.333* | Acc: *89.950%* (8995/10000)
Train epoch: 364 | Loss: *0.175* | Acc: *93.978%* (46989/50000) 
Test epoch: 364 | Loss: *0.361* | Acc: *89.070%* (8907/10000)
Train epoch: 365 | Loss: *0.175* | Acc: *93.914%* (46957/50000) 
Test epoch: 365 | Loss: *0.363* | Acc: *88.910%* (8891/10000)
Train epoch: 366 | Loss: *0.176* | Acc: *93.880%* (46940/50000) 
Test epoch: 366 | Loss: *0.356* | Acc: *88.950%* (8895/10000)
Train epoch: 367 | Loss: *0.176* | Acc: *93.928%* (46964/50000) 
Test epoch: 367 | Loss: *0.344* | Acc: *89.720%* (8972/10000)
Train epoch: 368 | Loss: *0.175* | Acc: *94.002%* (47001/50000) 
Test epoch: 368 | Loss: *0.404* | Acc: *88.690%* (8869/10000)
Train epoch: 369 | Loss: *0.177* | Acc: *94.040%* (47020/50000) 
Test epoch: 369 | Loss: *0.404* | Acc: *87.780%* (8778/10000)
Train epoch: 370 | Loss: *0.178* | Acc: *93.816%* (46908/50000) 
Test epoch: 370 | Loss: *0.357* | Acc: *89.190%* (8919/10000)
Train epoch: 371 | Loss: *0.178* | Acc: *93.828%* (46914/50000) 
Test epoch: 371 | Loss: *0.337* | Acc: *89.820%* (8982/10000)
Train epoch: 372 | Loss: *0.176* | Acc: *93.872%* (46936/50000) 
Test epoch: 372 | Loss: *0.348* | Acc: *89.240%* (8924/10000)
Train epoch: 373 | Loss: *0.175* | Acc: *93.952%* (46976/50000) 
Test epoch: 373 | Loss: *0.351* | Acc: *89.480%* (8948/10000)
Train epoch: 374 | Loss: *0.179* | Acc: *93.902%* (46951/50000) 
Test epoch: 374 | Loss: *0.359* | Acc: *89.180%* (8918/10000)
Train epoch: 375 | Loss: *0.184* | Acc: *93.610%* (46805/50000) 
Test epoch: 375 | Loss: *0.384* | Acc: *88.280%* (8828/10000)
Train epoch: 376 | Loss: *0.180* | Acc: *93.862%* (46931/50000) 
Test epoch: 376 | Loss: *0.331* | Acc: *89.800%* (8980/10000)
Train epoch: 377 | Loss: *0.180* | Acc: *93.796%* (46898/50000) 
Test epoch: 377 | Loss: *0.386* | Acc: *88.330%* (8833/10000)
Train epoch: 378 | Loss: *0.181* | Acc: *93.856%* (46928/50000) 
Test epoch: 378 | Loss: *0.354* | Acc: *89.400%* (8940/10000)
Train epoch: 379 | Loss: *0.180* | Acc: *93.810%* (46905/50000) 
Test epoch: 379 | Loss: *0.388* | Acc: *88.380%* (8838/10000)
Train epoch: 380 | Loss: *0.183* | Acc: *93.622%* (46811/50000) 
Test epoch: 380 | Loss: *0.371* | Acc: *89.390%* (8939/10000)
Train epoch: 381 | Loss: *0.182* | Acc: *93.890%* (46945/50000) 
Test epoch: 381 | Loss: *0.343* | Acc: *89.320%* (8932/10000)
Train epoch: 382 | Loss: *0.184* | Acc: *93.694%* (46847/50000) 
Test epoch: 382 | Loss: *0.396* | Acc: *87.830%* (8783/10000)
Train epoch: 383 | Loss: *0.184* | Acc: *93.712%* (46856/50000) 
Test epoch: 383 | Loss: *0.355* | Acc: *89.110%* (8911/10000)
Train epoch: 384 | Loss: *0.188* | Acc: *93.566%* (46783/50000) 
Test epoch: 384 | Loss: *0.339* | Acc: *89.520%* (8952/10000)
Train epoch: 385 | Loss: *0.181* | Acc: *93.690%* (46845/50000) 
Test epoch: 385 | Loss: *0.380* | Acc: *88.490%* (8849/10000)
Train epoch: 386 | Loss: *0.185* | Acc: *93.636%* (46818/50000) 
Test epoch: 386 | Loss: *0.362* | Acc: *89.210%* (8921/10000)
Train epoch: 387 | Loss: *0.186* | Acc: *93.662%* (46831/50000) 
Test epoch: 387 | Loss: *0.332* | Acc: *89.690%* (8969/10000)
Train epoch: 388 | Loss: *0.186* | Acc: *93.620%* (46810/50000) 
Test epoch: 388 | Loss: *0.360* | Acc: *89.220%* (8922/10000)
Train epoch: 389 | Loss: *0.184* | Acc: *93.734%* (46867/50000) 
Test epoch: 389 | Loss: *0.363* | Acc: *88.560%* (8856/10000)
Train epoch: 390 | Loss: *0.188* | Acc: *93.484%* (46742/50000) 
Test epoch: 390 | Loss: *0.345* | Acc: *89.240%* (8924/10000)
Train epoch: 391 | Loss: *0.183* | Acc: *93.738%* (46869/50000) 
Test epoch: 391 | Loss: *0.377* | Acc: *88.360%* (8836/10000)
Train epoch: 392 | Loss: *0.185* | Acc: *93.642%* (46821/50000) 
Test epoch: 392 | Loss: *0.324* | Acc: *89.680%* (8968/10000)
Train epoch: 393 | Loss: *0.186* | Acc: *93.548%* (46774/50000) 
Test epoch: 393 | Loss: *0.355* | Acc: *89.030%* (8903/10000)
Train epoch: 394 | Loss: *0.186* | Acc: *93.620%* (46810/50000) 
Test epoch: 394 | Loss: *0.355* | Acc: *89.230%* (8923/10000)
Train epoch: 395 | Loss: *0.184* | Acc: *93.686%* (46843/50000) 
Test epoch: 395 | Loss: *0.349* | Acc: *89.220%* (8922/10000)
Train epoch: 396 | Loss: *0.183* | Acc: *93.680%* (46840/50000) 
Test epoch: 396 | Loss: *0.416* | Acc: *87.790%* (8779/10000)
Train epoch: 397 | Loss: *0.189* | Acc: *93.438%* (46719/50000) 
Test epoch: 397 | Loss: *0.361* | Acc: *88.950%* (8895/10000)
Train epoch: 398 | Loss: *0.185* | Acc: *93.754%* (46877/50000) 
Test epoch: 398 | Loss: *0.350* | Acc: *89.220%* (8922/10000)
Train epoch: 399 | Loss: *0.185* | Acc: *93.502%* (46751/50000) 
Test epoch: 399 | Loss: *0.389* | Acc: *88.470%* (8847/10000)
Train epoch: 400 | Loss: *0.185* | Acc: *93.562%* (46781/50000) 
Test epoch: 400 | Loss: *0.350* | Acc: *89.040%* (8904/10000)
Train epoch: 401 | Loss: *0.188* | Acc: *93.546%* (46773/50000) 
Test epoch: 401 | Loss: *0.353* | Acc: *89.540%* (8954/10000)
Train epoch: 402 | Loss: *0.183* | Acc: *93.682%* (46841/50000) 
Test epoch: 402 | Loss: *0.319* | Acc: *90.120%* (9012/10000)
Train epoch: 403 | Loss: *0.191* | Acc: *93.378%* (46689/50000) 
Test epoch: 403 | Loss: *0.375* | Acc: *88.840%* (8884/10000)
Train epoch: 404 | Loss: *0.185* | Acc: *93.660%* (46830/50000) 
Test epoch: 404 | Loss: *0.358* | Acc: *89.530%* (8953/10000)
Train epoch: 405 | Loss: *0.186* | Acc: *93.542%* (46771/50000) 
Test epoch: 405 | Loss: *0.417* | Acc: *87.740%* (8774/10000)
Train epoch: 406 | Loss: *0.185* | Acc: *93.720%* (46860/50000) 
Test epoch: 406 | Loss: *0.430* | Acc: *87.050%* (8705/10000)
Train epoch: 407 | Loss: *0.181* | Acc: *93.772%* (46886/50000) 
Test epoch: 407 | Loss: *0.381* | Acc: *88.440%* (8844/10000)
Train epoch: 408 | Loss: *0.188* | Acc: *93.524%* (46762/50000) 
Test epoch: 408 | Loss: *0.346* | Acc: *89.630%* (8963/10000)
Train epoch: 409 | Loss: *0.187* | Acc: *93.622%* (46811/50000) 
Test epoch: 409 | Loss: *0.355* | Acc: *89.300%* (8930/10000)
Train epoch: 410 | Loss: *0.183* | Acc: *93.774%* (46887/50000) 
Test epoch: 410 | Loss: *0.354* | Acc: *88.880%* (8888/10000)
Train epoch: 411 | Loss: *0.184* | Acc: *93.674%* (46837/50000) 
Test epoch: 411 | Loss: *0.367* | Acc: *88.880%* (8888/10000)
Train epoch: 412 | Loss: *0.185* | Acc: *93.632%* (46816/50000) 
Test epoch: 412 | Loss: *0.377* | Acc: *88.820%* (8882/10000)
Train epoch: 413 | Loss: *0.186* | Acc: *93.616%* (46808/50000) 
Test epoch: 413 | Loss: *0.370* | Acc: *88.870%* (8887/10000)
Train epoch: 414 | Loss: *0.178* | Acc: *93.818%* (46909/50000) 
Test epoch: 414 | Loss: *0.425* | Acc: *87.330%* (8733/10000)
Train epoch: 415 | Loss: *0.184* | Acc: *93.800%* (46900/50000) 
Test epoch: 415 | Loss: *0.346* | Acc: *89.220%* (8922/10000)
Train epoch: 416 | Loss: *0.182* | Acc: *93.732%* (46866/50000) 
Test epoch: 416 | Loss: *0.349* | Acc: *89.430%* (8943/10000)
Train epoch: 417 | Loss: *0.181* | Acc: *93.764%* (46882/50000) 
Test epoch: 417 | Loss: *0.323* | Acc: *90.050%* (9005/10000)
Train epoch: 418 | Loss: *0.185* | Acc: *93.572%* (46786/50000) 
Test epoch: 418 | Loss: *0.350* | Acc: *89.370%* (8937/10000)
Train epoch: 419 | Loss: *0.183* | Acc: *93.700%* (46850/50000) 
Test epoch: 419 | Loss: *0.364* | Acc: *89.060%* (8906/10000)
Train epoch: 420 | Loss: *0.185* | Acc: *93.640%* (46820/50000) 
Test epoch: 420 | Loss: *0.334* | Acc: *89.590%* (8959/10000)
Train epoch: 421 | Loss: *0.180* | Acc: *93.828%* (46914/50000) 
Test epoch: 421 | Loss: *0.331* | Acc: *89.890%* (8989/10000)
Train epoch: 422 | Loss: *0.183* | Acc: *93.674%* (46837/50000) 
Test epoch: 422 | Loss: *0.391* | Acc: *88.240%* (8824/10000)
Train epoch: 423 | Loss: *0.177* | Acc: *94.008%* (47004/50000) 
Test epoch: 423 | Loss: *0.339* | Acc: *89.660%* (8966/10000)
Train epoch: 424 | Loss: *0.180* | Acc: *93.910%* (46955/50000) 
Test epoch: 424 | Loss: *0.369* | Acc: *89.030%* (8903/10000)
Train epoch: 425 | Loss: *0.185* | Acc: *93.592%* (46796/50000) 
Test epoch: 425 | Loss: *0.337* | Acc: *89.700%* (8970/10000)
Train epoch: 426 | Loss: *0.178* | Acc: *93.876%* (46938/50000) 
Test epoch: 426 | Loss: *0.375* | Acc: *88.700%* (8870/10000)
Train epoch: 427 | Loss: *0.175* | Acc: *94.074%* (47037/50000) 
Test epoch: 427 | Loss: *0.376* | Acc: *88.790%* (8879/10000)
Train epoch: 428 | Loss: *0.177* | Acc: *93.898%* (46949/50000) 
Test epoch: 428 | Loss: *0.367* | Acc: *88.620%* (8862/10000)
Train epoch: 429 | Loss: *0.177* | Acc: *93.966%* (46983/50000) 
Test epoch: 429 | Loss: *0.348* | Acc: *89.110%* (8911/10000)
Train epoch: 430 | Loss: *0.172* | Acc: *94.114%* (47057/50000) 
Test epoch: 430 | Loss: *0.334* | Acc: *90.150%* (9015/10000)
Train epoch: 431 | Loss: *0.173* | Acc: *93.934%* (46967/50000) 
Test epoch: 431 | Loss: *0.376* | Acc: *88.920%* (8892/10000)
Train epoch: 432 | Loss: *0.179* | Acc: *93.774%* (46887/50000) 
Test epoch: 432 | Loss: *0.361* | Acc: *89.000%* (8900/10000)
Train epoch: 433 | Loss: *0.180* | Acc: *93.584%* (46792/50000) 
Test epoch: 433 | Loss: *0.340* | Acc: *89.350%* (8935/10000)
Train epoch: 434 | Loss: *0.172* | Acc: *94.014%* (47007/50000) 
Test epoch: 434 | Loss: *0.363* | Acc: *88.820%* (8882/10000)
Train epoch: 435 | Loss: *0.175* | Acc: *94.034%* (47017/50000) 
Test epoch: 435 | Loss: *0.406* | Acc: *87.810%* (8781/10000)
Train epoch: 436 | Loss: *0.174* | Acc: *93.938%* (46969/50000) 
Test epoch: 436 | Loss: *0.401* | Acc: *88.240%* (8824/10000)
Train epoch: 437 | Loss: *0.171* | Acc: *94.088%* (47044/50000) 
Test epoch: 437 | Loss: *0.322* | Acc: *90.250%* (9025/10000)
Train epoch: 438 | Loss: *0.167* | Acc: *94.378%* (47189/50000) 
Test epoch: 438 | Loss: *0.377* | Acc: *88.890%* (8889/10000)
Train epoch: 439 | Loss: *0.171* | Acc: *94.124%* (47062/50000) 
Test epoch: 439 | Loss: *0.372* | Acc: *89.000%* (8900/10000)
Train epoch: 440 | Loss: *0.172* | Acc: *94.108%* (47054/50000) 
Test epoch: 440 | Loss: *0.371* | Acc: *88.880%* (8888/10000)
Train epoch: 441 | Loss: *0.167* | Acc: *94.290%* (47145/50000) 
Test epoch: 441 | Loss: *0.331* | Acc: *90.050%* (9005/10000)
Train epoch: 442 | Loss: *0.165* | Acc: *94.320%* (47160/50000) 
Test epoch: 442 | Loss: *0.333* | Acc: *89.880%* (8988/10000)
Train epoch: 443 | Loss: *0.176* | Acc: *93.932%* (46966/50000) 
Test epoch: 443 | Loss: *0.345* | Acc: *89.720%* (8972/10000)
Train epoch: 444 | Loss: *0.164* | Acc: *94.388%* (47194/50000) 
Test epoch: 444 | Loss: *0.348* | Acc: *89.640%* (8964/10000)
Train epoch: 445 | Loss: *0.168* | Acc: *94.190%* (47095/50000) 
Test epoch: 445 | Loss: *0.348* | Acc: *89.850%* (8985/10000)
Train epoch: 446 | Loss: *0.165* | Acc: *94.290%* (47145/50000) 
Test epoch: 446 | Loss: *0.378* | Acc: *88.850%* (8885/10000)
Train epoch: 447 | Loss: *0.159* | Acc: *94.580%* (47290/50000) 
Test epoch: 447 | Loss: *0.364* | Acc: *89.270%* (8927/10000)
Train epoch: 448 | Loss: *0.163* | Acc: *94.442%* (47221/50000) 
Test epoch: 448 | Loss: *0.371* | Acc: *88.990%* (8899/10000)
Train epoch: 449 | Loss: *0.166* | Acc: *94.278%* (47139/50000) 
Test epoch: 449 | Loss: *0.394* | Acc: *88.370%* (8837/10000)
Train epoch: 450 | Loss: *0.161* | Acc: *94.460%* (47230/50000) 
Test epoch: 450 | Loss: *0.400* | Acc: *88.420%* (8842/10000)
Train epoch: 451 | Loss: *0.157* | Acc: *94.576%* (47288/50000) 
Test epoch: 451 | Loss: *0.311* | Acc: *90.500%* (9050/10000)
Train epoch: 452 | Loss: *0.157* | Acc: *94.602%* (47301/50000) 
Test epoch: 452 | Loss: *0.306* | Acc: *90.490%* (9049/10000)
Train epoch: 453 | Loss: *0.161* | Acc: *94.442%* (47221/50000) 
Test epoch: 453 | Loss: *0.334* | Acc: *89.930%* (8993/10000)
Train epoch: 454 | Loss: *0.158* | Acc: *94.564%* (47282/50000) 
Test epoch: 454 | Loss: *0.358* | Acc: *89.650%* (8965/10000)
Train epoch: 455 | Loss: *0.153* | Acc: *94.780%* (47390/50000) 
Test epoch: 455 | Loss: *0.334* | Acc: *89.810%* (8981/10000)
Train epoch: 456 | Loss: *0.152* | Acc: *94.674%* (47337/50000) 
Test epoch: 456 | Loss: *0.335* | Acc: *89.780%* (8978/10000)
Train epoch: 457 | Loss: *0.157* | Acc: *94.584%* (47292/50000) 
Test epoch: 457 | Loss: *0.325* | Acc: *90.040%* (9004/10000)
Train epoch: 458 | Loss: *0.151* | Acc: *94.866%* (47433/50000) 
Test epoch: 458 | Loss: *0.327* | Acc: *89.670%* (8967/10000)
Train epoch: 459 | Loss: *0.150* | Acc: *94.936%* (47468/50000) 
Test epoch: 459 | Loss: *0.351* | Acc: *89.530%* (8953/10000)
Train epoch: 460 | Loss: *0.152* | Acc: *94.716%* (47358/50000) 
Test epoch: 460 | Loss: *0.315* | Acc: *90.670%* (9067/10000)
Train epoch: 461 | Loss: *0.153* | Acc: *94.804%* (47402/50000) 
Test epoch: 461 | Loss: *0.381* | Acc: *89.390%* (8939/10000)
Train epoch: 462 | Loss: *0.144* | Acc: *95.062%* (47531/50000) 
Test epoch: 462 | Loss: *0.365* | Acc: *89.590%* (8959/10000)
Train epoch: 463 | Loss: *0.152* | Acc: *94.882%* (47441/50000) 
Test epoch: 463 | Loss: *0.357* | Acc: *89.540%* (8954/10000)
Train epoch: 464 | Loss: *0.147* | Acc: *94.990%* (47495/50000) 
Test epoch: 464 | Loss: *0.333* | Acc: *90.300%* (9030/10000)
Train epoch: 465 | Loss: *0.141* | Acc: *95.316%* (47658/50000) 
Test epoch: 465 | Loss: *0.344* | Acc: *90.030%* (9003/10000)
Train epoch: 466 | Loss: *0.146* | Acc: *94.952%* (47476/50000) 
Test epoch: 466 | Loss: *0.363* | Acc: *89.280%* (8928/10000)
Train epoch: 467 | Loss: *0.142* | Acc: *95.148%* (47574/50000) 
Test epoch: 467 | Loss: *0.311* | Acc: *90.550%* (9055/10000)
Train epoch: 468 | Loss: *0.139* | Acc: *95.206%* (47603/50000) 
Test epoch: 468 | Loss: *0.354* | Acc: *89.670%* (8967/10000)
Train epoch: 469 | Loss: *0.141* | Acc: *95.150%* (47575/50000) 
Test epoch: 469 | Loss: *0.332* | Acc: *89.920%* (8992/10000)
Train epoch: 470 | Loss: *0.135* | Acc: *95.414%* (47707/50000) 
Test epoch: 470 | Loss: *0.317* | Acc: *90.250%* (9025/10000)
Train epoch: 471 | Loss: *0.135* | Acc: *95.272%* (47636/50000) 
Test epoch: 471 | Loss: *0.378* | Acc: *89.420%* (8942/10000)
Train epoch: 472 | Loss: *0.136* | Acc: *95.258%* (47629/50000) 
Test epoch: 472 | Loss: *0.328* | Acc: *90.290%* (9029/10000)
Train epoch: 473 | Loss: *0.135* | Acc: *95.340%* (47670/50000) 
Test epoch: 473 | Loss: *0.307* | Acc: *90.780%* (9078/10000)
Train epoch: 474 | Loss: *0.133* | Acc: *95.400%* (47700/50000) 
Test epoch: 474 | Loss: *0.334* | Acc: *90.100%* (9010/10000)
Train epoch: 475 | Loss: *0.131* | Acc: *95.512%* (47756/50000) 
Test epoch: 475 | Loss: *0.295* | Acc: *91.000%* (9100/10000)
Train epoch: 476 | Loss: *0.130* | Acc: *95.500%* (47750/50000) 
Test epoch: 476 | Loss: *0.325* | Acc: *90.460%* (9046/10000)
Train epoch: 477 | Loss: *0.129* | Acc: *95.628%* (47814/50000) 
Test epoch: 477 | Loss: *0.364* | Acc: *89.840%* (8984/10000)
Train epoch: 478 | Loss: *0.124* | Acc: *95.716%* (47858/50000) 
Test epoch: 478 | Loss: *0.331* | Acc: *90.460%* (9046/10000)
Train epoch: 479 | Loss: *0.130* | Acc: *95.496%* (47748/50000) 
Test epoch: 479 | Loss: *0.368* | Acc: *89.620%* (8962/10000)
Train epoch: 480 | Loss: *0.124* | Acc: *95.778%* (47889/50000) 
Test epoch: 480 | Loss: *0.320* | Acc: *90.830%* (9083/10000)
Train epoch: 481 | Loss: *0.125* | Acc: *95.746%* (47873/50000) 
Test epoch: 481 | Loss: *0.322* | Acc: *90.590%* (9059/10000)
Train epoch: 482 | Loss: *0.119* | Acc: *95.896%* (47948/50000) 
Test epoch: 482 | Loss: *0.340* | Acc: *90.350%* (9035/10000)
Train epoch: 483 | Loss: *0.116* | Acc: *95.950%* (47975/50000) 
Test epoch: 483 | Loss: *0.324* | Acc: *90.610%* (9061/10000)
Train epoch: 484 | Loss: *0.118* | Acc: *96.032%* (48016/50000) 
Test epoch: 484 | Loss: *0.306* | Acc: *91.180%* (9118/10000)
Train epoch: 485 | Loss: *0.117* | Acc: *96.022%* (48011/50000) 
Test epoch: 485 | Loss: *0.319* | Acc: *90.920%* (9092/10000)
Train epoch: 486 | Loss: *0.115* | Acc: *96.104%* (48052/50000) 
Test epoch: 486 | Loss: *0.306* | Acc: *90.990%* (9099/10000)
Train epoch: 487 | Loss: *0.116* | Acc: *95.976%* (47988/50000) 
Test epoch: 487 | Loss: *0.323* | Acc: *90.730%* (9073/10000)
Train epoch: 488 | Loss: *0.113* | Acc: *96.118%* (48059/50000) 
Test epoch: 488 | Loss: *0.366* | Acc: *89.950%* (8995/10000)
Train epoch: 489 | Loss: *0.109* | Acc: *96.300%* (48150/50000) 
Test epoch: 489 | Loss: *0.332* | Acc: *90.830%* (9083/10000)
Train epoch: 490 | Loss: *0.111* | Acc: *96.320%* (48160/50000) 
Test epoch: 490 | Loss: *0.313* | Acc: *90.980%* (9098/10000)
Train epoch: 491 | Loss: *0.108* | Acc: *96.304%* (48152/50000) 
Test epoch: 491 | Loss: *0.344* | Acc: *90.260%* (9026/10000)
Train epoch: 492 | Loss: *0.104* | Acc: *96.458%* (48229/50000) 
Test epoch: 492 | Loss: *0.322* | Acc: *90.950%* (9095/10000)
Train epoch: 493 | Loss: *0.104* | Acc: *96.508%* (48254/50000) 
Test epoch: 493 | Loss: *0.319* | Acc: *91.010%* (9101/10000)
Train epoch: 494 | Loss: *0.105* | Acc: *96.464%* (48232/50000) 
Test epoch: 494 | Loss: *0.324* | Acc: *90.760%* (9076/10000)
Train epoch: 495 | Loss: *0.099* | Acc: *96.652%* (48326/50000) 
Test epoch: 495 | Loss: *0.320* | Acc: *90.950%* (9095/10000)
Train epoch: 496 | Loss: *0.104* | Acc: *96.544%* (48272/50000) 
Test epoch: 496 | Loss: *0.302* | Acc: *91.300%* (9130/10000)
Train epoch: 497 | Loss: *0.099* | Acc: *96.618%* (48309/50000) 
Test epoch: 497 | Loss: *0.370* | Acc: *89.980%* (8998/10000)
Train epoch: 498 | Loss: *0.097* | Acc: *96.638%* (48319/50000) 
Test epoch: 498 | Loss: *0.353* | Acc: *90.390%* (9039/10000)
Train epoch: 499 | Loss: *0.095* | Acc: *96.818%* (48409/50000) 
Test epoch: 499 | Loss: *0.325* | Acc: *90.790%* (9079/10000)
Train epoch: 500 | Loss: *0.094* | Acc: *96.850%* (48425/50000) 
Test epoch: 500 | Loss: *0.323* | Acc: *90.810%* (9081/10000)
Best test accuracy: *93.100%*, loss: *0.2916466795653105*, at epoch: *218*.
==> Execution time summary of 500 epoch(s).
Train data loading time: sum. *246.55228286702186* secs | avg. *0.4931045657340437* secs per epoch.
Train training time: sum. *1360.9050362333655* secs | avg. *2.721810072466731* secs per epoch.
Train total time: sum. *1607.4573191003874* secs | avg. *3.2149146382007747* secs per epoch.
Test data loading time: sum. *99.59538237564266* secs | avg. *0.1991907647512853* secs per epoch.
Test training time: sum. *77.96959911100566* secs | avg. *0.15593919822201133* secs per epoch.
Test total time: sum. *177.56498148664832* secs | avg. *0.35512996297329663* secs per epoch.
Total data loading time: sum. *346.1476652426645* secs | avg. *0.692295330485329* secs per epoch.
Total training time: sum. *1438.8746353443712* secs | avg. *2.877749270688742* secs per epoch.
Total running time: sum. *1785.0223005870357* secs | avg. *3.5700446011740716* secs per epoch.
==> Number of GPU device: 1
==> Device #0 Memory Usage
==> Allocated: 0.1 GB
==> Cached:    1.4 GB
==> Maximum: 1.4 GB
