==> Running on : cuda
==> Number of CPU: 48
==> Number of workers: 2
==> #Epochs: 500, #Layers: 4, #Blocks: [2, 1, 1, 1], In channel: 64, Input layer conv kernel: 7x7, Residual layer conv kernel 3x3, Skip kernel: 1x1, Input layer conv padding: 1, Residual layer conv padding: 1
==> Optimizer is SGD with Nesterov
==> Momentum: 0.9
==> Learning rate: 0.1
==> Weight decay: 0.0005
==>Trainable Parameters: 4984906
==>Other Parameters: 0
==>Augmentation: None
Files already downloaded and verified
Train epoch: 1 | Loss: *1.670* | Acc: *39.000%* (19500/50000) 
Test epoch: 1 | Loss: *1.440* | Acc: *47.880%* (4788/10000)
Train epoch: 2 | Loss: *1.160* | Acc: *58.492%* (29246/50000) 
Test epoch: 2 | Loss: *1.275* | Acc: *55.050%* (5505/10000)
Train epoch: 3 | Loss: *0.900* | Acc: *68.206%* (34103/50000) 
Test epoch: 3 | Loss: *0.950* | Acc: *66.950%* (6695/10000)
Train epoch: 4 | Loss: *0.723* | Acc: *74.756%* (37378/50000) 
Test epoch: 4 | Loss: *0.906* | Acc: *68.780%* (6878/10000)
Train epoch: 5 | Loss: *0.603* | Acc: *79.008%* (39504/50000) 
Test epoch: 5 | Loss: *0.847* | Acc: *71.060%* (7106/10000)
Train epoch: 6 | Loss: *0.514* | Acc: *82.170%* (41085/50000) 
Test epoch: 6 | Loss: *0.870* | Acc: *70.580%* (7058/10000)
Train epoch: 7 | Loss: *0.440* | Acc: *84.558%* (42279/50000) 
Test epoch: 7 | Loss: *0.727* | Acc: *74.340%* (7434/10000)
Train epoch: 8 | Loss: *0.389* | Acc: *86.414%* (43207/50000) 
Test epoch: 8 | Loss: *0.762* | Acc: *74.820%* (7482/10000)
Train epoch: 9 | Loss: *0.351* | Acc: *87.840%* (43920/50000) 
Test epoch: 9 | Loss: *0.819* | Acc: *73.280%* (7328/10000)
Train epoch: 10 | Loss: *0.311* | Acc: *89.194%* (44597/50000) 
Test epoch: 10 | Loss: *0.669* | Acc: *77.920%* (7792/10000)
Train epoch: 11 | Loss: *0.283* | Acc: *90.202%* (45101/50000) 
Test epoch: 11 | Loss: *0.751* | Acc: *75.780%* (7578/10000)
Train epoch: 12 | Loss: *0.263* | Acc: *90.730%* (45365/50000) 
Test epoch: 12 | Loss: *0.753* | Acc: *76.430%* (7643/10000)
Train epoch: 13 | Loss: *0.245* | Acc: *91.392%* (45696/50000) 
Test epoch: 13 | Loss: *1.021* | Acc: *71.040%* (7104/10000)
Train epoch: 14 | Loss: *0.234* | Acc: *91.938%* (45969/50000) 
Test epoch: 14 | Loss: *1.189* | Acc: *65.980%* (6598/10000)
Train epoch: 15 | Loss: *0.228* | Acc: *92.074%* (46037/50000) 
Test epoch: 15 | Loss: *0.723* | Acc: *77.140%* (7714/10000)
Train epoch: 16 | Loss: *0.216* | Acc: *92.486%* (46243/50000) 
Test epoch: 16 | Loss: *0.699* | Acc: *77.990%* (7799/10000)
Train epoch: 17 | Loss: *0.209* | Acc: *92.716%* (46358/50000) 
Test epoch: 17 | Loss: *0.926* | Acc: *73.050%* (7305/10000)
Train epoch: 18 | Loss: *0.207* | Acc: *92.816%* (46408/50000) 
Test epoch: 18 | Loss: *0.761* | Acc: *77.100%* (7710/10000)
Train epoch: 19 | Loss: *0.205* | Acc: *93.040%* (46520/50000) 
Test epoch: 19 | Loss: *0.907* | Acc: *73.060%* (7306/10000)
Train epoch: 20 | Loss: *0.191* | Acc: *93.246%* (46623/50000) 
Test epoch: 20 | Loss: *0.721* | Acc: *77.800%* (7780/10000)
Train epoch: 21 | Loss: *0.195* | Acc: *93.236%* (46618/50000) 
Test epoch: 21 | Loss: *0.687* | Acc: *79.500%* (7950/10000)
Train epoch: 22 | Loss: *0.191* | Acc: *93.378%* (46689/50000) 
Test epoch: 22 | Loss: *0.742* | Acc: *76.920%* (7692/10000)
Train epoch: 23 | Loss: *0.187* | Acc: *93.496%* (46748/50000) 
Test epoch: 23 | Loss: *0.756* | Acc: *76.540%* (7654/10000)
Train epoch: 24 | Loss: *0.190* | Acc: *93.390%* (46695/50000) 
Test epoch: 24 | Loss: *0.653* | Acc: *79.450%* (7945/10000)
Train epoch: 25 | Loss: *0.185* | Acc: *93.558%* (46779/50000) 
Test epoch: 25 | Loss: *0.785* | Acc: *77.170%* (7717/10000)
Train epoch: 26 | Loss: *0.180* | Acc: *93.772%* (46886/50000) 
Test epoch: 26 | Loss: *0.712* | Acc: *78.280%* (7828/10000)
Train epoch: 27 | Loss: *0.182* | Acc: *93.658%* (46829/50000) 
Test epoch: 27 | Loss: *0.747* | Acc: *77.260%* (7726/10000)
Train epoch: 28 | Loss: *0.181* | Acc: *93.720%* (46860/50000) 
Test epoch: 28 | Loss: *0.909* | Acc: *73.750%* (7375/10000)
Train epoch: 29 | Loss: *0.177* | Acc: *93.762%* (46881/50000) 
Test epoch: 29 | Loss: *0.847* | Acc: *75.350%* (7535/10000)
Train epoch: 30 | Loss: *0.179* | Acc: *93.774%* (46887/50000) 
Test epoch: 30 | Loss: *0.814* | Acc: *74.390%* (7439/10000)
Train epoch: 31 | Loss: *0.171* | Acc: *94.052%* (47026/50000) 
Test epoch: 31 | Loss: *0.774* | Acc: *76.450%* (7645/10000)
Train epoch: 32 | Loss: *0.177* | Acc: *93.924%* (46962/50000) 
Test epoch: 32 | Loss: *1.014* | Acc: *71.210%* (7121/10000)
Train epoch: 33 | Loss: *0.176* | Acc: *93.944%* (46972/50000) 
Test epoch: 33 | Loss: *0.654* | Acc: *79.140%* (7914/10000)
Train epoch: 34 | Loss: *0.169* | Acc: *94.286%* (47143/50000) 
Test epoch: 34 | Loss: *0.815* | Acc: *75.680%* (7568/10000)
Train epoch: 35 | Loss: *0.168* | Acc: *94.238%* (47119/50000) 
Test epoch: 35 | Loss: *0.728* | Acc: *78.980%* (7898/10000)
Train epoch: 36 | Loss: *0.169* | Acc: *94.104%* (47052/50000) 
Test epoch: 36 | Loss: *0.951* | Acc: *72.780%* (7278/10000)
Train epoch: 37 | Loss: *0.173* | Acc: *93.918%* (46959/50000) 
Test epoch: 37 | Loss: *0.724* | Acc: *77.520%* (7752/10000)
Train epoch: 38 | Loss: *0.164* | Acc: *94.302%* (47151/50000) 
Test epoch: 38 | Loss: *0.756* | Acc: *78.710%* (7871/10000)
Train epoch: 39 | Loss: *0.163* | Acc: *94.378%* (47189/50000) 
Test epoch: 39 | Loss: *0.739* | Acc: *76.720%* (7672/10000)
Train epoch: 40 | Loss: *0.162* | Acc: *94.430%* (47215/50000) 
Test epoch: 40 | Loss: *0.733* | Acc: *79.010%* (7901/10000)
Train epoch: 41 | Loss: *0.165* | Acc: *94.296%* (47148/50000) 
Test epoch: 41 | Loss: *0.809* | Acc: *77.310%* (7731/10000)
Train epoch: 42 | Loss: *0.161* | Acc: *94.498%* (47249/50000) 
Test epoch: 42 | Loss: *0.729* | Acc: *78.260%* (7826/10000)
Train epoch: 43 | Loss: *0.157* | Acc: *94.602%* (47301/50000) 
Test epoch: 43 | Loss: *1.294* | Acc: *67.170%* (6717/10000)
Train epoch: 44 | Loss: *0.158* | Acc: *94.554%* (47277/50000) 
Test epoch: 44 | Loss: *0.815* | Acc: *77.200%* (7720/10000)
Train epoch: 45 | Loss: *0.159* | Acc: *94.424%* (47212/50000) 
Test epoch: 45 | Loss: *0.798* | Acc: *77.800%* (7780/10000)
Train epoch: 46 | Loss: *0.160* | Acc: *94.424%* (47212/50000) 
Test epoch: 46 | Loss: *0.753* | Acc: *77.500%* (7750/10000)
Train epoch: 47 | Loss: *0.150* | Acc: *94.894%* (47447/50000) 
Test epoch: 47 | Loss: *0.826* | Acc: *76.800%* (7680/10000)
Train epoch: 48 | Loss: *0.157* | Acc: *94.488%* (47244/50000) 
Test epoch: 48 | Loss: *0.692* | Acc: *78.760%* (7876/10000)
Train epoch: 49 | Loss: *0.148* | Acc: *94.880%* (47440/50000) 
Test epoch: 49 | Loss: *0.870* | Acc: *74.620%* (7462/10000)
Train epoch: 50 | Loss: *0.152* | Acc: *94.788%* (47394/50000) 
Test epoch: 50 | Loss: *0.702* | Acc: *79.690%* (7969/10000)
Train epoch: 51 | Loss: *0.146* | Acc: *95.030%* (47515/50000) 
Test epoch: 51 | Loss: *0.729* | Acc: *78.930%* (7893/10000)
Train epoch: 52 | Loss: *0.150* | Acc: *94.848%* (47424/50000) 
Test epoch: 52 | Loss: *0.709* | Acc: *78.400%* (7840/10000)
Train epoch: 53 | Loss: *0.148* | Acc: *94.956%* (47478/50000) 
Test epoch: 53 | Loss: *0.814* | Acc: *76.410%* (7641/10000)
Train epoch: 54 | Loss: *0.146* | Acc: *95.086%* (47543/50000) 
Test epoch: 54 | Loss: *0.852* | Acc: *74.850%* (7485/10000)
Train epoch: 55 | Loss: *0.144* | Acc: *95.132%* (47566/50000) 
Test epoch: 55 | Loss: *0.888* | Acc: *74.360%* (7436/10000)
Train epoch: 56 | Loss: *0.148* | Acc: *94.934%* (47467/50000) 
Test epoch: 56 | Loss: *0.641* | Acc: *81.410%* (8141/10000)
Train epoch: 57 | Loss: *0.138* | Acc: *95.278%* (47639/50000) 
Test epoch: 57 | Loss: *0.830* | Acc: *77.800%* (7780/10000)
Train epoch: 58 | Loss: *0.138* | Acc: *95.288%* (47644/50000) 
Test epoch: 58 | Loss: *0.643* | Acc: *80.620%* (8062/10000)
Train epoch: 59 | Loss: *0.135* | Acc: *95.402%* (47701/50000) 
Test epoch: 59 | Loss: *0.899* | Acc: *76.070%* (7607/10000)
Train epoch: 60 | Loss: *0.136* | Acc: *95.362%* (47681/50000) 
Test epoch: 60 | Loss: *0.780* | Acc: *78.120%* (7812/10000)
Train epoch: 61 | Loss: *0.138* | Acc: *95.302%* (47651/50000) 
Test epoch: 61 | Loss: *0.810* | Acc: *78.260%* (7826/10000)
Train epoch: 62 | Loss: *0.145* | Acc: *95.042%* (47521/50000) 
Test epoch: 62 | Loss: *0.919* | Acc: *74.900%* (7490/10000)
Train epoch: 63 | Loss: *0.129* | Acc: *95.650%* (47825/50000) 
Test epoch: 63 | Loss: *0.763* | Acc: *79.540%* (7954/10000)
Train epoch: 64 | Loss: *0.124* | Acc: *95.760%* (47880/50000) 
Test epoch: 64 | Loss: *0.907* | Acc: *75.670%* (7567/10000)
Train epoch: 65 | Loss: *0.132* | Acc: *95.470%* (47735/50000) 
Test epoch: 65 | Loss: *0.783* | Acc: *77.590%* (7759/10000)
Train epoch: 66 | Loss: *0.123* | Acc: *95.766%* (47883/50000) 
Test epoch: 66 | Loss: *0.807* | Acc: *76.490%* (7649/10000)
Train epoch: 67 | Loss: *0.135* | Acc: *95.380%* (47690/50000) 
Test epoch: 67 | Loss: *0.760* | Acc: *78.720%* (7872/10000)
Train epoch: 68 | Loss: *0.121* | Acc: *95.862%* (47931/50000) 
Test epoch: 68 | Loss: *0.800* | Acc: *78.200%* (7820/10000)
Train epoch: 69 | Loss: *0.128* | Acc: *95.660%* (47830/50000) 
Test epoch: 69 | Loss: *0.604* | Acc: *82.000%* (8200/10000)
Train epoch: 70 | Loss: *0.111* | Acc: *96.166%* (48083/50000) 
Test epoch: 70 | Loss: *1.098* | Acc: *71.250%* (7125/10000)
Train epoch: 71 | Loss: *0.124* | Acc: *95.794%* (47897/50000) 
Test epoch: 71 | Loss: *0.992* | Acc: *72.880%* (7288/10000)
Train epoch: 72 | Loss: *0.119* | Acc: *95.928%* (47964/50000) 
Test epoch: 72 | Loss: *0.719* | Acc: *80.310%* (8031/10000)
Train epoch: 73 | Loss: *0.115* | Acc: *96.164%* (48082/50000) 
Test epoch: 73 | Loss: *0.746* | Acc: *78.890%* (7889/10000)
Train epoch: 74 | Loss: *0.117* | Acc: *96.020%* (48010/50000) 
Test epoch: 74 | Loss: *0.758* | Acc: *78.290%* (7829/10000)
Train epoch: 75 | Loss: *0.115* | Acc: *96.050%* (48025/50000) 
Test epoch: 75 | Loss: *0.848* | Acc: *77.790%* (7779/10000)
Train epoch: 76 | Loss: *0.110* | Acc: *96.208%* (48104/50000) 
Test epoch: 76 | Loss: *0.952* | Acc: *75.590%* (7559/10000)
Train epoch: 77 | Loss: *0.109* | Acc: *96.236%* (48118/50000) 
Test epoch: 77 | Loss: *0.820* | Acc: *76.860%* (7686/10000)
Train epoch: 78 | Loss: *0.116* | Acc: *96.022%* (48011/50000) 
Test epoch: 78 | Loss: *0.929* | Acc: *76.970%* (7697/10000)
Train epoch: 79 | Loss: *0.104* | Acc: *96.564%* (48282/50000) 
Test epoch: 79 | Loss: *0.796* | Acc: *79.310%* (7931/10000)
Train epoch: 80 | Loss: *0.105* | Acc: *96.410%* (48205/50000) 
Test epoch: 80 | Loss: *0.729* | Acc: *79.650%* (7965/10000)
Train epoch: 81 | Loss: *0.104* | Acc: *96.468%* (48234/50000) 
Test epoch: 81 | Loss: *0.917* | Acc: *76.440%* (7644/10000)
Train epoch: 82 | Loss: *0.108* | Acc: *96.366%* (48183/50000) 
Test epoch: 82 | Loss: *0.771* | Acc: *78.100%* (7810/10000)
Train epoch: 83 | Loss: *0.095* | Acc: *96.830%* (48415/50000) 
Test epoch: 83 | Loss: *0.908* | Acc: *75.260%* (7526/10000)
Train epoch: 84 | Loss: *0.101* | Acc: *96.578%* (48289/50000) 
Test epoch: 84 | Loss: *0.880* | Acc: *77.270%* (7727/10000)
Train epoch: 85 | Loss: *0.099* | Acc: *96.700%* (48350/50000) 
Test epoch: 85 | Loss: *0.779* | Acc: *78.010%* (7801/10000)
Train epoch: 86 | Loss: *0.092* | Acc: *96.964%* (48482/50000) 
Test epoch: 86 | Loss: *0.887* | Acc: *77.060%* (7706/10000)
Train epoch: 87 | Loss: *0.096* | Acc: *96.736%* (48368/50000) 
Test epoch: 87 | Loss: *0.811* | Acc: *78.860%* (7886/10000)
Train epoch: 88 | Loss: *0.089* | Acc: *97.064%* (48532/50000) 
Test epoch: 88 | Loss: *0.817* | Acc: *78.130%* (7813/10000)
Train epoch: 89 | Loss: *0.100* | Acc: *96.662%* (48331/50000) 
Test epoch: 89 | Loss: *0.667* | Acc: *80.180%* (8018/10000)
Train epoch: 90 | Loss: *0.093* | Acc: *96.858%* (48429/50000) 
Test epoch: 90 | Loss: *0.629* | Acc: *81.950%* (8195/10000)
Train epoch: 91 | Loss: *0.083* | Acc: *97.298%* (48649/50000) 
Test epoch: 91 | Loss: *0.790* | Acc: *79.110%* (7911/10000)
Train epoch: 92 | Loss: *0.085* | Acc: *97.198%* (48599/50000) 
Test epoch: 92 | Loss: *0.984* | Acc: *75.530%* (7553/10000)
Train epoch: 93 | Loss: *0.082* | Acc: *97.350%* (48675/50000) 
Test epoch: 93 | Loss: *0.730* | Acc: *80.320%* (8032/10000)
Train epoch: 94 | Loss: *0.089* | Acc: *97.000%* (48500/50000) 
Test epoch: 94 | Loss: *0.761* | Acc: *79.700%* (7970/10000)
Train epoch: 95 | Loss: *0.081* | Acc: *97.364%* (48682/50000) 
Test epoch: 95 | Loss: *0.741* | Acc: *79.600%* (7960/10000)
Train epoch: 96 | Loss: *0.074* | Acc: *97.642%* (48821/50000) 
Test epoch: 96 | Loss: *0.758* | Acc: *79.540%* (7954/10000)
Train epoch: 97 | Loss: *0.075* | Acc: *97.506%* (48753/50000) 
Test epoch: 97 | Loss: *0.724* | Acc: *79.880%* (7988/10000)
Train epoch: 98 | Loss: *0.081* | Acc: *97.264%* (48632/50000) 
Test epoch: 98 | Loss: *0.714* | Acc: *81.830%* (8183/10000)
Train epoch: 99 | Loss: *0.079* | Acc: *97.352%* (48676/50000) 
Test epoch: 99 | Loss: *0.837* | Acc: *78.800%* (7880/10000)
Train epoch: 100 | Loss: *0.071* | Acc: *97.682%* (48841/50000) 
Test epoch: 100 | Loss: *0.699* | Acc: *80.890%* (8089/10000)
Train epoch: 101 | Loss: *0.065* | Acc: *97.914%* (48957/50000) 
Test epoch: 101 | Loss: *0.810* | Acc: *78.950%* (7895/10000)
Train epoch: 102 | Loss: *0.077* | Acc: *97.376%* (48688/50000) 
Test epoch: 102 | Loss: *0.756* | Acc: *79.850%* (7985/10000)
Train epoch: 103 | Loss: *0.062* | Acc: *97.970%* (48985/50000) 
Test epoch: 103 | Loss: *0.816* | Acc: *79.360%* (7936/10000)
Train epoch: 104 | Loss: *0.062* | Acc: *98.022%* (49011/50000) 
Test epoch: 104 | Loss: *0.858* | Acc: *77.700%* (7770/10000)
Train epoch: 105 | Loss: *0.071* | Acc: *97.660%* (48830/50000) 
Test epoch: 105 | Loss: *0.768* | Acc: *79.230%* (7923/10000)
Train epoch: 106 | Loss: *0.066* | Acc: *97.854%* (48927/50000) 
Test epoch: 106 | Loss: *0.787* | Acc: *78.900%* (7890/10000)
Train epoch: 107 | Loss: *0.061* | Acc: *98.008%* (49004/50000) 
Test epoch: 107 | Loss: *0.811* | Acc: *79.710%* (7971/10000)
Train epoch: 108 | Loss: *0.054* | Acc: *98.268%* (49134/50000) 
Test epoch: 108 | Loss: *0.785* | Acc: *79.200%* (7920/10000)
Train epoch: 109 | Loss: *0.064* | Acc: *97.936%* (48968/50000) 
Test epoch: 109 | Loss: *0.745* | Acc: *81.050%* (8105/10000)
Train epoch: 110 | Loss: *0.053* | Acc: *98.390%* (49195/50000) 
Test epoch: 110 | Loss: *0.680* | Acc: *81.320%* (8132/10000)
Train epoch: 111 | Loss: *0.046* | Acc: *98.586%* (49293/50000) 
Test epoch: 111 | Loss: *0.782* | Acc: *80.270%* (8027/10000)
Train epoch: 112 | Loss: *0.059* | Acc: *98.086%* (49043/50000) 
Test epoch: 112 | Loss: *0.802* | Acc: *79.860%* (7986/10000)
Train epoch: 113 | Loss: *0.061* | Acc: *98.018%* (49009/50000) 
Test epoch: 113 | Loss: *0.939* | Acc: *75.990%* (7599/10000)
Train epoch: 114 | Loss: *0.045* | Acc: *98.622%* (49311/50000) 
Test epoch: 114 | Loss: *0.858* | Acc: *78.390%* (7839/10000)
Train epoch: 115 | Loss: *0.035* | Acc: *99.016%* (49508/50000) 
Test epoch: 115 | Loss: *0.679* | Acc: *82.160%* (8216/10000)
Train epoch: 116 | Loss: *0.035* | Acc: *98.962%* (49481/50000) 
Test epoch: 116 | Loss: *0.746* | Acc: *80.730%* (8073/10000)
Train epoch: 117 | Loss: *0.037* | Acc: *98.946%* (49473/50000) 
Test epoch: 117 | Loss: *0.722* | Acc: *81.260%* (8126/10000)
Train epoch: 118 | Loss: *0.059* | Acc: *98.054%* (49027/50000) 
Test epoch: 118 | Loss: *0.715* | Acc: *80.900%* (8090/10000)
Train epoch: 119 | Loss: *0.054* | Acc: *98.310%* (49155/50000) 
Test epoch: 119 | Loss: *0.699* | Acc: *81.810%* (8181/10000)
Train epoch: 120 | Loss: *0.057* | Acc: *98.116%* (49058/50000) 
Test epoch: 120 | Loss: *0.840* | Acc: *78.720%* (7872/10000)
Train epoch: 121 | Loss: *0.032* | Acc: *99.068%* (49534/50000) 
Test epoch: 121 | Loss: *0.639* | Acc: *82.650%* (8265/10000)
Train epoch: 122 | Loss: *0.014* | Acc: *99.726%* (49863/50000) 
Test epoch: 122 | Loss: *0.523* | Acc: *85.410%* (8541/10000)
Train epoch: 123 | Loss: *0.004* | Acc: *99.970%* (49985/50000) 
Test epoch: 123 | Loss: *0.452* | Acc: *87.050%* (8705/10000)
Train epoch: 124 | Loss: *0.002* | Acc: *100.000%* (50000/50000) 
Test epoch: 124 | Loss: *0.424* | Acc: *87.200%* (8720/10000)
Train epoch: 125 | Loss: *0.002* | Acc: *100.000%* (50000/50000) 
Test epoch: 125 | Loss: *0.412* | Acc: *87.350%* (8735/10000)
Train epoch: 126 | Loss: *0.002* | Acc: *100.000%* (50000/50000) 
Test epoch: 126 | Loss: *0.405* | Acc: *87.430%* (8743/10000)
Train epoch: 127 | Loss: *0.002* | Acc: *100.000%* (50000/50000) 
Test epoch: 127 | Loss: *0.397* | Acc: *87.500%* (8750/10000)
Train epoch: 128 | Loss: *0.002* | Acc: *100.000%* (50000/50000) 
Test epoch: 128 | Loss: *0.393* | Acc: *87.500%* (8750/10000)
Train epoch: 129 | Loss: *0.002* | Acc: *100.000%* (50000/50000) 
Test epoch: 129 | Loss: *0.390* | Acc: *87.630%* (8763/10000)
Train epoch: 130 | Loss: *0.003* | Acc: *100.000%* (50000/50000) 
Test epoch: 130 | Loss: *0.386* | Acc: *87.730%* (8773/10000)
Train epoch: 131 | Loss: *0.002* | Acc: *100.000%* (50000/50000) 
Test epoch: 131 | Loss: *0.384* | Acc: *87.680%* (8768/10000)
Train epoch: 132 | Loss: *0.002* | Acc: *100.000%* (50000/50000) 
Test epoch: 132 | Loss: *0.387* | Acc: *87.730%* (8773/10000)
Train epoch: 133 | Loss: *0.002* | Acc: *100.000%* (50000/50000) 
Test epoch: 133 | Loss: *0.385* | Acc: *87.820%* (8782/10000)
Train epoch: 134 | Loss: *0.002* | Acc: *100.000%* (50000/50000) 
Test epoch: 134 | Loss: *0.384* | Acc: *88.040%* (8804/10000)
Train epoch: 135 | Loss: *0.002* | Acc: *100.000%* (50000/50000) 
Test epoch: 135 | Loss: *0.382* | Acc: *88.020%* (8802/10000)
Train epoch: 136 | Loss: *0.002* | Acc: *100.000%* (50000/50000) 
Test epoch: 136 | Loss: *0.383* | Acc: *87.980%* (8798/10000)
Train epoch: 137 | Loss: *0.002* | Acc: *100.000%* (50000/50000) 
Test epoch: 137 | Loss: *0.382* | Acc: *87.870%* (8787/10000)
Train epoch: 138 | Loss: *0.002* | Acc: *100.000%* (50000/50000) 
Test epoch: 138 | Loss: *0.386* | Acc: *87.810%* (8781/10000)
Train epoch: 139 | Loss: *0.002* | Acc: *100.000%* (50000/50000) 
Test epoch: 139 | Loss: *0.383* | Acc: *87.920%* (8792/10000)
Train epoch: 140 | Loss: *0.002* | Acc: *100.000%* (50000/50000) 
Test epoch: 140 | Loss: *0.383* | Acc: *87.900%* (8790/10000)
Train epoch: 141 | Loss: *0.002* | Acc: *100.000%* (50000/50000) 
Test epoch: 141 | Loss: *0.383* | Acc: *87.790%* (8779/10000)
Train epoch: 142 | Loss: *0.002* | Acc: *100.000%* (50000/50000) 
Test epoch: 142 | Loss: *0.386* | Acc: *87.680%* (8768/10000)
Train epoch: 143 | Loss: *0.002* | Acc: *100.000%* (50000/50000) 
Test epoch: 143 | Loss: *0.389* | Acc: *87.680%* (8768/10000)
Train epoch: 144 | Loss: *0.002* | Acc: *100.000%* (50000/50000) 
Test epoch: 144 | Loss: *0.386* | Acc: *87.810%* (8781/10000)
Train epoch: 145 | Loss: *0.002* | Acc: *100.000%* (50000/50000) 
Test epoch: 145 | Loss: *0.392* | Acc: *87.500%* (8750/10000)
Train epoch: 146 | Loss: *0.002* | Acc: *100.000%* (50000/50000) 
Test epoch: 146 | Loss: *0.391* | Acc: *87.640%* (8764/10000)
Train epoch: 147 | Loss: *0.002* | Acc: *100.000%* (50000/50000) 
Test epoch: 147 | Loss: *0.394* | Acc: *87.490%* (8749/10000)
Train epoch: 148 | Loss: *0.002* | Acc: *100.000%* (50000/50000) 
Test epoch: 148 | Loss: *0.393* | Acc: *87.690%* (8769/10000)
Train epoch: 149 | Loss: *0.002* | Acc: *100.000%* (50000/50000) 
Test epoch: 149 | Loss: *0.395* | Acc: *87.510%* (8751/10000)
Train epoch: 150 | Loss: *0.002* | Acc: *100.000%* (50000/50000) 
Test epoch: 150 | Loss: *0.396* | Acc: *87.590%* (8759/10000)
Train epoch: 151 | Loss: *0.002* | Acc: *100.000%* (50000/50000) 
Test epoch: 151 | Loss: *0.401* | Acc: *87.250%* (8725/10000)
Train epoch: 152 | Loss: *0.002* | Acc: *100.000%* (50000/50000) 
Test epoch: 152 | Loss: *0.398* | Acc: *87.510%* (8751/10000)
Train epoch: 153 | Loss: *0.002* | Acc: *100.000%* (50000/50000) 
Test epoch: 153 | Loss: *0.403* | Acc: *87.460%* (8746/10000)
Train epoch: 154 | Loss: *0.002* | Acc: *100.000%* (50000/50000) 
Test epoch: 154 | Loss: *0.402* | Acc: *87.350%* (8735/10000)
Train epoch: 155 | Loss: *0.002* | Acc: *100.000%* (50000/50000) 
Test epoch: 155 | Loss: *0.401* | Acc: *87.190%* (8719/10000)
Train epoch: 156 | Loss: *0.002* | Acc: *100.000%* (50000/50000) 
Test epoch: 156 | Loss: *0.409* | Acc: *87.140%* (8714/10000)
Train epoch: 157 | Loss: *0.002* | Acc: *100.000%* (50000/50000) 
Test epoch: 157 | Loss: *0.401* | Acc: *87.060%* (8706/10000)
Train epoch: 158 | Loss: *0.002* | Acc: *100.000%* (50000/50000) 
Test epoch: 158 | Loss: *0.402* | Acc: *87.240%* (8724/10000)
Train epoch: 159 | Loss: *0.002* | Acc: *100.000%* (50000/50000) 
Test epoch: 159 | Loss: *0.405* | Acc: *86.970%* (8697/10000)
Train epoch: 160 | Loss: *0.002* | Acc: *100.000%* (50000/50000) 
Test epoch: 160 | Loss: *0.408* | Acc: *87.040%* (8704/10000)
Train epoch: 161 | Loss: *0.002* | Acc: *100.000%* (50000/50000) 
Test epoch: 161 | Loss: *0.409* | Acc: *86.990%* (8699/10000)
Train epoch: 162 | Loss: *0.002* | Acc: *100.000%* (50000/50000) 
Test epoch: 162 | Loss: *0.409* | Acc: *87.060%* (8706/10000)
Train epoch: 163 | Loss: *0.002* | Acc: *100.000%* (50000/50000) 
Test epoch: 163 | Loss: *0.409* | Acc: *87.000%* (8700/10000)
Train epoch: 164 | Loss: *0.002* | Acc: *100.000%* (50000/50000) 
Test epoch: 164 | Loss: *0.417* | Acc: *86.850%* (8685/10000)
Train epoch: 165 | Loss: *0.002* | Acc: *100.000%* (50000/50000) 
Test epoch: 165 | Loss: *0.411* | Acc: *86.810%* (8681/10000)
Train epoch: 166 | Loss: *0.002* | Acc: *100.000%* (50000/50000) 
Test epoch: 166 | Loss: *0.413* | Acc: *86.860%* (8686/10000)
Train epoch: 167 | Loss: *0.002* | Acc: *100.000%* (50000/50000) 
Test epoch: 167 | Loss: *0.415* | Acc: *86.660%* (8666/10000)
Train epoch: 168 | Loss: *0.002* | Acc: *100.000%* (50000/50000) 
Test epoch: 168 | Loss: *0.415* | Acc: *86.780%* (8678/10000)
Train epoch: 169 | Loss: *0.002* | Acc: *100.000%* (50000/50000) 
Test epoch: 169 | Loss: *0.425* | Acc: *86.590%* (8659/10000)
Train epoch: 170 | Loss: *0.002* | Acc: *100.000%* (50000/50000) 
Test epoch: 170 | Loss: *0.419* | Acc: *86.720%* (8672/10000)
Train epoch: 171 | Loss: *0.002* | Acc: *100.000%* (50000/50000) 
Test epoch: 171 | Loss: *0.428* | Acc: *86.570%* (8657/10000)
Train epoch: 172 | Loss: *0.002* | Acc: *100.000%* (50000/50000) 
Test epoch: 172 | Loss: *0.422* | Acc: *86.690%* (8669/10000)
Train epoch: 173 | Loss: *0.002* | Acc: *100.000%* (50000/50000) 
Test epoch: 173 | Loss: *0.420* | Acc: *86.690%* (8669/10000)
Train epoch: 174 | Loss: *0.002* | Acc: *100.000%* (50000/50000) 
Test epoch: 174 | Loss: *0.422* | Acc: *86.390%* (8639/10000)
Train epoch: 175 | Loss: *0.002* | Acc: *100.000%* (50000/50000) 
Test epoch: 175 | Loss: *0.425* | Acc: *86.480%* (8648/10000)
Train epoch: 176 | Loss: *0.002* | Acc: *100.000%* (50000/50000) 
Test epoch: 176 | Loss: *0.426* | Acc: *86.390%* (8639/10000)
Train epoch: 177 | Loss: *0.002* | Acc: *100.000%* (50000/50000) 
Test epoch: 177 | Loss: *0.424* | Acc: *86.410%* (8641/10000)
Train epoch: 178 | Loss: *0.002* | Acc: *100.000%* (50000/50000) 
Test epoch: 178 | Loss: *0.424* | Acc: *86.340%* (8634/10000)
Train epoch: 179 | Loss: *0.002* | Acc: *100.000%* (50000/50000) 
Test epoch: 179 | Loss: *0.426* | Acc: *86.410%* (8641/10000)
Train epoch: 180 | Loss: *0.002* | Acc: *100.000%* (50000/50000) 
Test epoch: 180 | Loss: *0.425* | Acc: *86.460%* (8646/10000)
Train epoch: 181 | Loss: *0.002* | Acc: *100.000%* (50000/50000) 
Test epoch: 181 | Loss: *0.429* | Acc: *86.310%* (8631/10000)
Train epoch: 182 | Loss: *0.002* | Acc: *100.000%* (50000/50000) 
Test epoch: 182 | Loss: *0.425* | Acc: *86.380%* (8638/10000)
Train epoch: 183 | Loss: *0.002* | Acc: *100.000%* (50000/50000) 
Test epoch: 183 | Loss: *0.429* | Acc: *86.280%* (8628/10000)
Train epoch: 184 | Loss: *0.002* | Acc: *100.000%* (50000/50000) 
Test epoch: 184 | Loss: *0.429* | Acc: *86.350%* (8635/10000)
Train epoch: 185 | Loss: *0.002* | Acc: *100.000%* (50000/50000) 
Test epoch: 185 | Loss: *0.430* | Acc: *86.230%* (8623/10000)
Train epoch: 186 | Loss: *0.002* | Acc: *100.000%* (50000/50000) 
Test epoch: 186 | Loss: *0.429* | Acc: *86.270%* (8627/10000)
Train epoch: 187 | Loss: *0.002* | Acc: *100.000%* (50000/50000) 
Test epoch: 187 | Loss: *0.430* | Acc: *86.400%* (8640/10000)
Train epoch: 188 | Loss: *0.002* | Acc: *100.000%* (50000/50000) 
Test epoch: 188 | Loss: *0.430* | Acc: *86.390%* (8639/10000)
Train epoch: 189 | Loss: *0.002* | Acc: *100.000%* (50000/50000) 
Test epoch: 189 | Loss: *0.429* | Acc: *86.380%* (8638/10000)
Train epoch: 190 | Loss: *0.002* | Acc: *100.000%* (50000/50000) 
Test epoch: 190 | Loss: *0.431* | Acc: *86.160%* (8616/10000)
Train epoch: 191 | Loss: *0.002* | Acc: *100.000%* (50000/50000) 
Test epoch: 191 | Loss: *0.430* | Acc: *86.280%* (8628/10000)
Train epoch: 192 | Loss: *0.002* | Acc: *100.000%* (50000/50000) 
Test epoch: 192 | Loss: *0.432* | Acc: *86.220%* (8622/10000)
Train epoch: 193 | Loss: *0.002* | Acc: *100.000%* (50000/50000) 
Test epoch: 193 | Loss: *0.429* | Acc: *86.310%* (8631/10000)
Train epoch: 194 | Loss: *0.002* | Acc: *100.000%* (50000/50000) 
Test epoch: 194 | Loss: *0.430* | Acc: *86.380%* (8638/10000)
Train epoch: 195 | Loss: *0.002* | Acc: *100.000%* (50000/50000) 
Test epoch: 195 | Loss: *0.431* | Acc: *86.290%* (8629/10000)
Train epoch: 196 | Loss: *0.002* | Acc: *100.000%* (50000/50000) 
Test epoch: 196 | Loss: *0.432* | Acc: *86.250%* (8625/10000)
Train epoch: 197 | Loss: *0.002* | Acc: *100.000%* (50000/50000) 
Test epoch: 197 | Loss: *0.431* | Acc: *86.230%* (8623/10000)
Train epoch: 198 | Loss: *0.002* | Acc: *100.000%* (50000/50000) 
Test epoch: 198 | Loss: *0.433* | Acc: *86.240%* (8624/10000)
Train epoch: 199 | Loss: *0.002* | Acc: *100.000%* (50000/50000) 
Test epoch: 199 | Loss: *0.432* | Acc: *86.260%* (8626/10000)
Train epoch: 200 | Loss: *0.002* | Acc: *100.000%* (50000/50000) 
Test epoch: 200 | Loss: *0.430* | Acc: *86.290%* (8629/10000)
Train epoch: 201 | Loss: *0.002* | Acc: *100.000%* (50000/50000) 
Test epoch: 201 | Loss: *0.431* | Acc: *86.250%* (8625/10000)
Train epoch: 202 | Loss: *0.002* | Acc: *100.000%* (50000/50000) 
Test epoch: 202 | Loss: *0.430* | Acc: *86.330%* (8633/10000)
Train epoch: 203 | Loss: *0.002* | Acc: *100.000%* (50000/50000) 
Test epoch: 203 | Loss: *0.431* | Acc: *86.420%* (8642/10000)
Train epoch: 204 | Loss: *0.002* | Acc: *100.000%* (50000/50000) 
Test epoch: 204 | Loss: *0.429* | Acc: *86.350%* (8635/10000)
Train epoch: 205 | Loss: *0.002* | Acc: *100.000%* (50000/50000) 
Test epoch: 205 | Loss: *0.430* | Acc: *86.290%* (8629/10000)
Train epoch: 206 | Loss: *0.002* | Acc: *100.000%* (50000/50000) 
Test epoch: 206 | Loss: *0.432* | Acc: *86.400%* (8640/10000)
Train epoch: 207 | Loss: *0.002* | Acc: *100.000%* (50000/50000) 
Test epoch: 207 | Loss: *0.431* | Acc: *86.210%* (8621/10000)
Train epoch: 208 | Loss: *0.002* | Acc: *100.000%* (50000/50000) 
Test epoch: 208 | Loss: *0.429* | Acc: *86.180%* (8618/10000)
Train epoch: 209 | Loss: *0.002* | Acc: *100.000%* (50000/50000) 
Test epoch: 209 | Loss: *0.432* | Acc: *86.290%* (8629/10000)
Train epoch: 210 | Loss: *0.002* | Acc: *100.000%* (50000/50000) 
Test epoch: 210 | Loss: *0.430* | Acc: *86.310%* (8631/10000)
Train epoch: 211 | Loss: *0.002* | Acc: *100.000%* (50000/50000) 
Test epoch: 211 | Loss: *0.430* | Acc: *86.170%* (8617/10000)
Train epoch: 212 | Loss: *0.002* | Acc: *100.000%* (50000/50000) 
Test epoch: 212 | Loss: *0.430* | Acc: *86.290%* (8629/10000)
Train epoch: 213 | Loss: *0.002* | Acc: *100.000%* (50000/50000) 
Test epoch: 213 | Loss: *0.430* | Acc: *86.310%* (8631/10000)
Train epoch: 214 | Loss: *0.002* | Acc: *100.000%* (50000/50000) 
Test epoch: 214 | Loss: *0.433* | Acc: *86.290%* (8629/10000)
Train epoch: 215 | Loss: *0.002* | Acc: *100.000%* (50000/50000) 
Test epoch: 215 | Loss: *0.431* | Acc: *86.160%* (8616/10000)
Train epoch: 216 | Loss: *0.002* | Acc: *100.000%* (50000/50000) 
Test epoch: 216 | Loss: *0.431* | Acc: *86.390%* (8639/10000)
Train epoch: 217 | Loss: *0.002* | Acc: *100.000%* (50000/50000) 
Test epoch: 217 | Loss: *0.435* | Acc: *86.250%* (8625/10000)
Train epoch: 218 | Loss: *0.002* | Acc: *100.000%* (50000/50000) 
Test epoch: 218 | Loss: *0.432* | Acc: *86.140%* (8614/10000)
Train epoch: 219 | Loss: *0.002* | Acc: *100.000%* (50000/50000) 
Test epoch: 219 | Loss: *0.433* | Acc: *86.360%* (8636/10000)
Train epoch: 220 | Loss: *0.002* | Acc: *100.000%* (50000/50000) 
Test epoch: 220 | Loss: *0.434* | Acc: *86.170%* (8617/10000)
Train epoch: 221 | Loss: *0.002* | Acc: *100.000%* (50000/50000) 
Test epoch: 221 | Loss: *0.438* | Acc: *86.130%* (8613/10000)
Train epoch: 222 | Loss: *0.002* | Acc: *100.000%* (50000/50000) 
Test epoch: 222 | Loss: *0.438* | Acc: *86.150%* (8615/10000)
Train epoch: 223 | Loss: *0.002* | Acc: *100.000%* (50000/50000) 
Test epoch: 223 | Loss: *0.435* | Acc: *86.250%* (8625/10000)
Train epoch: 224 | Loss: *0.002* | Acc: *100.000%* (50000/50000) 
Test epoch: 224 | Loss: *0.435* | Acc: *85.970%* (8597/10000)
Train epoch: 225 | Loss: *0.002* | Acc: *100.000%* (50000/50000) 
Test epoch: 225 | Loss: *0.439* | Acc: *86.060%* (8606/10000)
Train epoch: 226 | Loss: *0.002* | Acc: *100.000%* (50000/50000) 
Test epoch: 226 | Loss: *0.440* | Acc: *85.950%* (8595/10000)
Train epoch: 227 | Loss: *0.002* | Acc: *100.000%* (50000/50000) 
Test epoch: 227 | Loss: *0.448* | Acc: *85.880%* (8588/10000)
Train epoch: 228 | Loss: *0.002* | Acc: *100.000%* (50000/50000) 
Test epoch: 228 | Loss: *0.441* | Acc: *85.840%* (8584/10000)
Train epoch: 229 | Loss: *0.002* | Acc: *100.000%* (50000/50000) 
Test epoch: 229 | Loss: *0.443* | Acc: *86.030%* (8603/10000)
Train epoch: 230 | Loss: *0.002* | Acc: *100.000%* (50000/50000) 
Test epoch: 230 | Loss: *0.442* | Acc: *86.060%* (8606/10000)
Train epoch: 231 | Loss: *0.002* | Acc: *100.000%* (50000/50000) 
Test epoch: 231 | Loss: *0.447* | Acc: *85.780%* (8578/10000)
Train epoch: 232 | Loss: *0.002* | Acc: *100.000%* (50000/50000) 
Test epoch: 232 | Loss: *0.445* | Acc: *85.920%* (8592/10000)
Train epoch: 233 | Loss: *0.002* | Acc: *100.000%* (50000/50000) 
Test epoch: 233 | Loss: *0.452* | Acc: *85.900%* (8590/10000)
Train epoch: 234 | Loss: *0.002* | Acc: *100.000%* (50000/50000) 
Test epoch: 234 | Loss: *0.453* | Acc: *85.770%* (8577/10000)
Train epoch: 235 | Loss: *0.002* | Acc: *100.000%* (50000/50000) 
Test epoch: 235 | Loss: *0.450* | Acc: *85.660%* (8566/10000)
Train epoch: 236 | Loss: *0.058* | Acc: *98.604%* (49302/50000) 
Test epoch: 236 | Loss: *22821.730* | Acc: *10.000%* (1000/10000)
Train epoch: 237 | Loss: *1.579* | Acc: *42.290%* (21145/50000) 
Test epoch: 237 | Loss: *1.347* | Acc: *50.940%* (5094/10000)
Train epoch: 238 | Loss: *1.047* | Acc: *62.860%* (31430/50000) 
Test epoch: 238 | Loss: *1.036* | Acc: *63.150%* (6315/10000)
Train epoch: 239 | Loss: *0.759* | Acc: *73.456%* (36728/50000) 
Test epoch: 239 | Loss: *0.836* | Acc: *70.680%* (7068/10000)
Train epoch: 240 | Loss: *0.593* | Acc: *79.544%* (39772/50000) 
Test epoch: 240 | Loss: *0.856* | Acc: *71.400%* (7140/10000)
Train epoch: 241 | Loss: *0.467* | Acc: *84.012%* (42006/50000) 
Test epoch: 241 | Loss: *0.663* | Acc: *77.460%* (7746/10000)
Train epoch: 242 | Loss: *0.363* | Acc: *87.672%* (43836/50000) 
Test epoch: 242 | Loss: *0.695* | Acc: *76.810%* (7681/10000)
Train epoch: 243 | Loss: *0.276* | Acc: *90.680%* (45340/50000) 
Test epoch: 243 | Loss: *0.771* | Acc: *75.600%* (7560/10000)
Train epoch: 244 | Loss: *0.204* | Acc: *93.104%* (46552/50000) 
Test epoch: 244 | Loss: *0.734* | Acc: *77.740%* (7774/10000)
Train epoch: 245 | Loss: *0.146* | Acc: *95.116%* (47558/50000) 
Test epoch: 245 | Loss: *0.906* | Acc: *73.970%* (7397/10000)
Train epoch: 246 | Loss: *0.127* | Acc: *95.842%* (47921/50000) 
Test epoch: 246 | Loss: *0.914* | Acc: *74.360%* (7436/10000)
Train epoch: 247 | Loss: *0.092* | Acc: *97.016%* (48508/50000) 
Test epoch: 247 | Loss: *0.945* | Acc: *75.120%* (7512/10000)
Train epoch: 248 | Loss: *0.064* | Acc: *97.998%* (48999/50000) 
Test epoch: 248 | Loss: *0.857* | Acc: *77.750%* (7775/10000)
Train epoch: 249 | Loss: *0.067* | Acc: *97.868%* (48934/50000) 
Test epoch: 249 | Loss: *0.908* | Acc: *76.140%* (7614/10000)
Train epoch: 250 | Loss: *0.084* | Acc: *97.244%* (48622/50000) 
Test epoch: 250 | Loss: *0.906* | Acc: *77.110%* (7711/10000)
Train epoch: 251 | Loss: *0.084* | Acc: *97.212%* (48606/50000) 
Test epoch: 251 | Loss: *0.879* | Acc: *77.640%* (7764/10000)
Train epoch: 252 | Loss: *0.076* | Acc: *97.558%* (48779/50000) 
Test epoch: 252 | Loss: *0.937* | Acc: *76.340%* (7634/10000)
Train epoch: 253 | Loss: *0.054* | Acc: *98.294%* (49147/50000) 
Test epoch: 253 | Loss: *0.929* | Acc: *77.030%* (7703/10000)
Train epoch: 254 | Loss: *0.045* | Acc: *98.656%* (49328/50000) 
Test epoch: 254 | Loss: *0.850* | Acc: *78.140%* (7814/10000)
Train epoch: 255 | Loss: *0.045* | Acc: *98.616%* (49308/50000) 
Test epoch: 255 | Loss: *0.980* | Acc: *75.820%* (7582/10000)
Train epoch: 256 | Loss: *0.068* | Acc: *97.718%* (48859/50000) 
Test epoch: 256 | Loss: *0.929* | Acc: *76.900%* (7690/10000)
Train epoch: 257 | Loss: *0.080* | Acc: *97.400%* (48700/50000) 
Test epoch: 257 | Loss: *0.934* | Acc: *76.630%* (7663/10000)
Train epoch: 258 | Loss: *0.087* | Acc: *97.106%* (48553/50000) 
Test epoch: 258 | Loss: *0.907* | Acc: *76.850%* (7685/10000)
Train epoch: 259 | Loss: *0.061* | Acc: *98.074%* (49037/50000) 
Test epoch: 259 | Loss: *0.860* | Acc: *78.430%* (7843/10000)
Train epoch: 260 | Loss: *0.036* | Acc: *98.968%* (49484/50000) 
Test epoch: 260 | Loss: *0.934* | Acc: *76.890%* (7689/10000)
Train epoch: 261 | Loss: *0.048* | Acc: *98.502%* (49251/50000) 
Test epoch: 261 | Loss: *0.936* | Acc: *77.020%* (7702/10000)
Train epoch: 262 | Loss: *0.065* | Acc: *97.866%* (48933/50000) 
Test epoch: 262 | Loss: *0.926* | Acc: *76.970%* (7697/10000)
Train epoch: 263 | Loss: *0.083* | Acc: *97.242%* (48621/50000) 
Test epoch: 263 | Loss: *0.995* | Acc: *75.200%* (7520/10000)
Train epoch: 264 | Loss: *0.078* | Acc: *97.374%* (48687/50000) 
Test epoch: 264 | Loss: *1.030* | Acc: *75.060%* (7506/10000)
Train epoch: 265 | Loss: *0.064* | Acc: *97.912%* (48956/50000) 
Test epoch: 265 | Loss: *0.877* | Acc: *77.740%* (7774/10000)
Train epoch: 266 | Loss: *0.046* | Acc: *98.648%* (49324/50000) 
Test epoch: 266 | Loss: *0.882* | Acc: *78.250%* (7825/10000)
Train epoch: 267 | Loss: *0.056* | Acc: *98.230%* (49115/50000) 
Test epoch: 267 | Loss: *0.977* | Acc: *75.740%* (7574/10000)
Train epoch: 268 | Loss: *0.086* | Acc: *97.114%* (48557/50000) 
Test epoch: 268 | Loss: *1.007* | Acc: *74.530%* (7453/10000)
Train epoch: 269 | Loss: *0.090* | Acc: *96.986%* (48493/50000) 
Test epoch: 269 | Loss: *1.029* | Acc: *74.540%* (7454/10000)
Train epoch: 270 | Loss: *0.073* | Acc: *97.650%* (48825/50000) 
Test epoch: 270 | Loss: *0.956* | Acc: *75.790%* (7579/10000)
Train epoch: 271 | Loss: *0.070* | Acc: *97.746%* (48873/50000) 
Test epoch: 271 | Loss: *1.062* | Acc: *74.390%* (7439/10000)
Train epoch: 272 | Loss: *0.059* | Acc: *98.116%* (49058/50000) 
Test epoch: 272 | Loss: *0.883* | Acc: *77.520%* (7752/10000)
Train epoch: 273 | Loss: *0.064* | Acc: *97.924%* (48962/50000) 
Test epoch: 273 | Loss: *1.025* | Acc: *75.430%* (7543/10000)
Train epoch: 274 | Loss: *0.079* | Acc: *97.364%* (48682/50000) 
Test epoch: 274 | Loss: *0.991* | Acc: *75.780%* (7578/10000)
Train epoch: 275 | Loss: *0.100* | Acc: *96.552%* (48276/50000) 
Test epoch: 275 | Loss: *0.988* | Acc: *75.310%* (7531/10000)
Train epoch: 276 | Loss: *0.073* | Acc: *97.612%* (48806/50000) 
Test epoch: 276 | Loss: *0.949* | Acc: *76.470%* (7647/10000)
Train epoch: 277 | Loss: *0.068* | Acc: *97.822%* (48911/50000) 
Test epoch: 277 | Loss: *0.911* | Acc: *76.650%* (7665/10000)
Train epoch: 278 | Loss: *0.074* | Acc: *97.558%* (48779/50000) 
Test epoch: 278 | Loss: *1.010* | Acc: *74.450%* (7445/10000)
Train epoch: 279 | Loss: *0.094* | Acc: *96.770%* (48385/50000) 
Test epoch: 279 | Loss: *0.928* | Acc: *76.640%* (7664/10000)
Train epoch: 280 | Loss: *0.089* | Acc: *97.078%* (48539/50000) 
Test epoch: 280 | Loss: *0.869* | Acc: *77.010%* (7701/10000)
Train epoch: 281 | Loss: *0.080* | Acc: *97.394%* (48697/50000) 
Test epoch: 281 | Loss: *0.948* | Acc: *76.310%* (7631/10000)
Train epoch: 282 | Loss: *0.078* | Acc: *97.476%* (48738/50000) 
Test epoch: 282 | Loss: *1.029* | Acc: *73.870%* (7387/10000)
Train epoch: 283 | Loss: *0.094* | Acc: *96.798%* (48399/50000) 
Test epoch: 283 | Loss: *0.929* | Acc: *75.980%* (7598/10000)
Train epoch: 284 | Loss: *0.090* | Acc: *96.984%* (48492/50000) 
Test epoch: 284 | Loss: *0.884* | Acc: *76.760%* (7676/10000)
Train epoch: 285 | Loss: *0.084* | Acc: *97.160%* (48580/50000) 
Test epoch: 285 | Loss: *1.010* | Acc: *75.340%* (7534/10000)
Train epoch: 286 | Loss: *0.090* | Acc: *96.918%* (48459/50000) 
Test epoch: 286 | Loss: *0.850* | Acc: *76.870%* (7687/10000)
Train epoch: 287 | Loss: *0.086* | Acc: *97.142%* (48571/50000) 
Test epoch: 287 | Loss: *1.089* | Acc: *73.770%* (7377/10000)
Train epoch: 288 | Loss: *0.092* | Acc: *96.904%* (48452/50000) 
Test epoch: 288 | Loss: *0.880* | Acc: *75.780%* (7578/10000)
Train epoch: 289 | Loss: *0.099* | Acc: *96.670%* (48335/50000) 
Test epoch: 289 | Loss: *1.017* | Acc: *74.920%* (7492/10000)
Train epoch: 290 | Loss: *0.089* | Acc: *96.998%* (48499/50000) 
Test epoch: 290 | Loss: *1.011* | Acc: *75.100%* (7510/10000)
Train epoch: 291 | Loss: *0.095* | Acc: *96.848%* (48424/50000) 
Test epoch: 291 | Loss: *0.935* | Acc: *75.920%* (7592/10000)
Train epoch: 292 | Loss: *0.100* | Acc: *96.604%* (48302/50000) 
Test epoch: 292 | Loss: *0.991* | Acc: *74.880%* (7488/10000)
Train epoch: 293 | Loss: *0.112* | Acc: *96.128%* (48064/50000) 
Test epoch: 293 | Loss: *0.828* | Acc: *77.640%* (7764/10000)
Train epoch: 294 | Loss: *0.088* | Acc: *97.018%* (48509/50000) 
Test epoch: 294 | Loss: *0.999* | Acc: *73.920%* (7392/10000)
Train epoch: 295 | Loss: *0.089* | Acc: *97.074%* (48537/50000) 
Test epoch: 295 | Loss: *0.891* | Acc: *76.720%* (7672/10000)
Train epoch: 296 | Loss: *0.111* | Acc: *96.146%* (48073/50000) 
Test epoch: 296 | Loss: *1.026* | Acc: *73.560%* (7356/10000)
Train epoch: 297 | Loss: *0.107* | Acc: *96.332%* (48166/50000) 
Test epoch: 297 | Loss: *0.983* | Acc: *74.460%* (7446/10000)
Train epoch: 298 | Loss: *0.112* | Acc: *96.234%* (48117/50000) 
Test epoch: 298 | Loss: *0.837* | Acc: *77.320%* (7732/10000)
Train epoch: 299 | Loss: *0.098* | Acc: *96.722%* (48361/50000) 
Test epoch: 299 | Loss: *1.090* | Acc: *71.620%* (7162/10000)
Train epoch: 300 | Loss: *0.107* | Acc: *96.262%* (48131/50000) 
Test epoch: 300 | Loss: *0.839* | Acc: *77.020%* (7702/10000)
Train epoch: 301 | Loss: *0.121* | Acc: *95.868%* (47934/50000) 
Test epoch: 301 | Loss: *0.828* | Acc: *76.920%* (7692/10000)
Train epoch: 302 | Loss: *0.108* | Acc: *96.360%* (48180/50000) 
Test epoch: 302 | Loss: *0.744* | Acc: *78.750%* (7875/10000)
Train epoch: 303 | Loss: *0.109* | Acc: *96.304%* (48152/50000) 
Test epoch: 303 | Loss: *0.862* | Acc: *76.420%* (7642/10000)
Train epoch: 304 | Loss: *0.120* | Acc: *95.918%* (47959/50000) 
Test epoch: 304 | Loss: *0.872* | Acc: *76.490%* (7649/10000)
Train epoch: 305 | Loss: *0.113* | Acc: *96.192%* (48096/50000) 
Test epoch: 305 | Loss: *0.895* | Acc: *77.520%* (7752/10000)
Train epoch: 306 | Loss: *0.110* | Acc: *96.322%* (48161/50000) 
Test epoch: 306 | Loss: *0.956* | Acc: *74.620%* (7462/10000)
Train epoch: 307 | Loss: *0.125* | Acc: *95.772%* (47886/50000) 
Test epoch: 307 | Loss: *1.067* | Acc: *71.710%* (7171/10000)
Train epoch: 308 | Loss: *0.118* | Acc: *95.994%* (47997/50000) 
Test epoch: 308 | Loss: *0.984* | Acc: *75.460%* (7546/10000)
Train epoch: 309 | Loss: *0.119* | Acc: *95.900%* (47950/50000) 
Test epoch: 309 | Loss: *1.014* | Acc: *73.340%* (7334/10000)
Train epoch: 310 | Loss: *0.124* | Acc: *95.792%* (47896/50000) 
Test epoch: 310 | Loss: *0.998* | Acc: *73.350%* (7335/10000)
Train epoch: 311 | Loss: *0.123* | Acc: *95.792%* (47896/50000) 
Test epoch: 311 | Loss: *0.972* | Acc: *74.310%* (7431/10000)
Train epoch: 312 | Loss: *0.131* | Acc: *95.548%* (47774/50000) 
Test epoch: 312 | Loss: *0.895* | Acc: *76.690%* (7669/10000)
Train epoch: 313 | Loss: *0.121* | Acc: *95.924%* (47962/50000) 
Test epoch: 313 | Loss: *0.846* | Acc: *76.880%* (7688/10000)
Train epoch: 314 | Loss: *0.132* | Acc: *95.514%* (47757/50000) 
Test epoch: 314 | Loss: *0.788* | Acc: *77.240%* (7724/10000)
Train epoch: 315 | Loss: *0.122* | Acc: *95.882%* (47941/50000) 
Test epoch: 315 | Loss: *1.310* | Acc: *68.710%* (6871/10000)
Train epoch: 316 | Loss: *0.133* | Acc: *95.502%* (47751/50000) 
Test epoch: 316 | Loss: *0.900* | Acc: *74.760%* (7476/10000)
Train epoch: 317 | Loss: *0.132* | Acc: *95.508%* (47754/50000) 
Test epoch: 317 | Loss: *0.806* | Acc: *77.270%* (7727/10000)
Train epoch: 318 | Loss: *0.128* | Acc: *95.676%* (47838/50000) 
Test epoch: 318 | Loss: *1.027* | Acc: *72.010%* (7201/10000)
Train epoch: 319 | Loss: *0.136* | Acc: *95.420%* (47710/50000) 
Test epoch: 319 | Loss: *0.884* | Acc: *74.580%* (7458/10000)
Train epoch: 320 | Loss: *0.135* | Acc: *95.356%* (47678/50000) 
Test epoch: 320 | Loss: *0.938* | Acc: *74.240%* (7424/10000)
Train epoch: 321 | Loss: *0.138* | Acc: *95.282%* (47641/50000) 
Test epoch: 321 | Loss: *0.828* | Acc: *76.340%* (7634/10000)
Train epoch: 322 | Loss: *0.132* | Acc: *95.454%* (47727/50000) 
Test epoch: 322 | Loss: *0.873* | Acc: *75.500%* (7550/10000)
Train epoch: 323 | Loss: *0.152* | Acc: *94.682%* (47341/50000) 
Test epoch: 323 | Loss: *0.821* | Acc: *76.500%* (7650/10000)
Train epoch: 324 | Loss: *0.136* | Acc: *95.358%* (47679/50000) 
Test epoch: 324 | Loss: *0.885* | Acc: *75.840%* (7584/10000)
Train epoch: 325 | Loss: *0.138* | Acc: *95.344%* (47672/50000) 
Test epoch: 325 | Loss: *0.828* | Acc: *77.640%* (7764/10000)
Train epoch: 326 | Loss: *0.135* | Acc: *95.384%* (47692/50000) 
Test epoch: 326 | Loss: *1.033* | Acc: *74.080%* (7408/10000)
Train epoch: 327 | Loss: *0.149* | Acc: *94.896%* (47448/50000) 
Test epoch: 327 | Loss: *0.942* | Acc: *75.730%* (7573/10000)
Train epoch: 328 | Loss: *0.148* | Acc: *94.882%* (47441/50000) 
Test epoch: 328 | Loss: *1.151* | Acc: *69.400%* (6940/10000)
Train epoch: 329 | Loss: *0.138* | Acc: *95.288%* (47644/50000) 
Test epoch: 329 | Loss: *0.892* | Acc: *75.240%* (7524/10000)
Train epoch: 330 | Loss: *0.149* | Acc: *94.952%* (47476/50000) 
Test epoch: 330 | Loss: *0.910* | Acc: *75.430%* (7543/10000)
Train epoch: 331 | Loss: *0.147* | Acc: *94.934%* (47467/50000) 
Test epoch: 331 | Loss: *0.864* | Acc: *75.620%* (7562/10000)
Train epoch: 332 | Loss: *0.153* | Acc: *94.712%* (47356/50000) 
Test epoch: 332 | Loss: *0.799* | Acc: *77.390%* (7739/10000)
Train epoch: 333 | Loss: *0.149* | Acc: *94.874%* (47437/50000) 
Test epoch: 333 | Loss: *0.886* | Acc: *76.740%* (7674/10000)
Train epoch: 334 | Loss: *0.151* | Acc: *94.792%* (47396/50000) 
Test epoch: 334 | Loss: *0.925* | Acc: *74.690%* (7469/10000)
Train epoch: 335 | Loss: *0.156* | Acc: *94.712%* (47356/50000) 
Test epoch: 335 | Loss: *0.952* | Acc: *74.210%* (7421/10000)
Train epoch: 336 | Loss: *0.155* | Acc: *94.734%* (47367/50000) 
Test epoch: 336 | Loss: *1.097* | Acc: *71.820%* (7182/10000)
Train epoch: 337 | Loss: *0.160* | Acc: *94.640%* (47320/50000) 
Test epoch: 337 | Loss: *0.776* | Acc: *77.020%* (7702/10000)
Train epoch: 338 | Loss: *0.146* | Acc: *95.178%* (47589/50000) 
Test epoch: 338 | Loss: *0.799* | Acc: *77.460%* (7746/10000)
Train epoch: 339 | Loss: *0.159* | Acc: *94.558%* (47279/50000) 
Test epoch: 339 | Loss: *1.080* | Acc: *71.650%* (7165/10000)
Train epoch: 340 | Loss: *0.159* | Acc: *94.488%* (47244/50000) 
Test epoch: 340 | Loss: *0.805* | Acc: *77.540%* (7754/10000)
Train epoch: 341 | Loss: *0.160* | Acc: *94.494%* (47247/50000) 
Test epoch: 341 | Loss: *0.809* | Acc: *76.640%* (7664/10000)
Train epoch: 342 | Loss: *0.158* | Acc: *94.552%* (47276/50000) 
Test epoch: 342 | Loss: *0.795* | Acc: *77.760%* (7776/10000)
Train epoch: 343 | Loss: *0.162* | Acc: *94.482%* (47241/50000) 
Test epoch: 343 | Loss: *0.755* | Acc: *77.940%* (7794/10000)
Train epoch: 344 | Loss: *0.156* | Acc: *94.570%* (47285/50000) 
Test epoch: 344 | Loss: *0.805* | Acc: *76.420%* (7642/10000)
Train epoch: 345 | Loss: *0.167* | Acc: *94.268%* (47134/50000) 
Test epoch: 345 | Loss: *0.822* | Acc: *76.600%* (7660/10000)
Train epoch: 346 | Loss: *0.162* | Acc: *94.602%* (47301/50000) 
Test epoch: 346 | Loss: *0.851* | Acc: *75.490%* (7549/10000)
Train epoch: 347 | Loss: *0.168* | Acc: *94.248%* (47124/50000) 
Test epoch: 347 | Loss: *0.769* | Acc: *78.310%* (7831/10000)
Train epoch: 348 | Loss: *0.165* | Acc: *94.320%* (47160/50000) 
Test epoch: 348 | Loss: *0.882* | Acc: *75.320%* (7532/10000)
Train epoch: 349 | Loss: *0.159* | Acc: *94.542%* (47271/50000) 
Test epoch: 349 | Loss: *0.848* | Acc: *76.580%* (7658/10000)
Train epoch: 350 | Loss: *0.171* | Acc: *94.090%* (47045/50000) 
Test epoch: 350 | Loss: *0.884* | Acc: *75.360%* (7536/10000)
Train epoch: 351 | Loss: *0.172* | Acc: *93.998%* (46999/50000) 
Test epoch: 351 | Loss: *0.858* | Acc: *75.590%* (7559/10000)
Train epoch: 352 | Loss: *0.163* | Acc: *94.502%* (47251/50000) 
Test epoch: 352 | Loss: *0.880* | Acc: *75.710%* (7571/10000)
Train epoch: 353 | Loss: *0.172* | Acc: *94.126%* (47063/50000) 
Test epoch: 353 | Loss: *0.718* | Acc: *79.230%* (7923/10000)
Train epoch: 354 | Loss: *0.168* | Acc: *94.288%* (47144/50000) 
Test epoch: 354 | Loss: *0.840* | Acc: *77.070%* (7707/10000)
Train epoch: 355 | Loss: *0.169* | Acc: *94.150%* (47075/50000) 
Test epoch: 355 | Loss: *0.879* | Acc: *75.160%* (7516/10000)
Train epoch: 356 | Loss: *0.173* | Acc: *93.996%* (46998/50000) 
Test epoch: 356 | Loss: *0.844* | Acc: *75.430%* (7543/10000)
Train epoch: 357 | Loss: *0.168* | Acc: *94.196%* (47098/50000) 
Test epoch: 357 | Loss: *0.855* | Acc: *75.970%* (7597/10000)
Train epoch: 358 | Loss: *0.177* | Acc: *93.878%* (46939/50000) 
Test epoch: 358 | Loss: *0.800* | Acc: *75.700%* (7570/10000)
Train epoch: 359 | Loss: *0.172* | Acc: *94.026%* (47013/50000) 
Test epoch: 359 | Loss: *1.121* | Acc: *70.040%* (7004/10000)
Train epoch: 360 | Loss: *0.181* | Acc: *93.768%* (46884/50000) 
Test epoch: 360 | Loss: *1.028* | Acc: *71.920%* (7192/10000)
Train epoch: 361 | Loss: *0.170* | Acc: *94.210%* (47105/50000) 
Test epoch: 361 | Loss: *0.731* | Acc: *77.390%* (7739/10000)
Train epoch: 362 | Loss: *0.180* | Acc: *93.800%* (46900/50000) 
Test epoch: 362 | Loss: *0.893* | Acc: *74.300%* (7430/10000)
Train epoch: 363 | Loss: *0.176* | Acc: *93.906%* (46953/50000) 
Test epoch: 363 | Loss: *0.889* | Acc: *74.810%* (7481/10000)
Train epoch: 364 | Loss: *0.180* | Acc: *93.846%* (46923/50000) 
Test epoch: 364 | Loss: *0.792* | Acc: *77.560%* (7756/10000)
Train epoch: 365 | Loss: *0.173* | Acc: *94.164%* (47082/50000) 
Test epoch: 365 | Loss: *0.933* | Acc: *73.930%* (7393/10000)
Train epoch: 366 | Loss: *0.174* | Acc: *93.930%* (46965/50000) 
Test epoch: 366 | Loss: *0.797* | Acc: *76.140%* (7614/10000)
Train epoch: 367 | Loss: *0.189* | Acc: *93.358%* (46679/50000) 
Test epoch: 367 | Loss: *0.780* | Acc: *77.230%* (7723/10000)
Train epoch: 368 | Loss: *0.174* | Acc: *93.920%* (46960/50000) 
Test epoch: 368 | Loss: *0.835* | Acc: *75.630%* (7563/10000)
Train epoch: 369 | Loss: *0.185* | Acc: *93.618%* (46809/50000) 
Test epoch: 369 | Loss: *0.761* | Acc: *77.980%* (7798/10000)
Train epoch: 370 | Loss: *0.179* | Acc: *93.942%* (46971/50000) 
Test epoch: 370 | Loss: *0.798* | Acc: *76.970%* (7697/10000)
Train epoch: 371 | Loss: *0.184* | Acc: *93.604%* (46802/50000) 
Test epoch: 371 | Loss: *0.841* | Acc: *76.030%* (7603/10000)
Train epoch: 372 | Loss: *0.184* | Acc: *93.656%* (46828/50000) 
Test epoch: 372 | Loss: *0.806* | Acc: *76.400%* (7640/10000)
Train epoch: 373 | Loss: *0.188* | Acc: *93.494%* (46747/50000) 
Test epoch: 373 | Loss: *0.693* | Acc: *79.090%* (7909/10000)
Train epoch: 374 | Loss: *0.179* | Acc: *93.822%* (46911/50000) 
Test epoch: 374 | Loss: *0.788* | Acc: *77.190%* (7719/10000)
Train epoch: 375 | Loss: *0.180* | Acc: *93.608%* (46804/50000) 
Test epoch: 375 | Loss: *0.902* | Acc: *74.590%* (7459/10000)
Train epoch: 376 | Loss: *0.185* | Acc: *93.576%* (46788/50000) 
Test epoch: 376 | Loss: *0.824* | Acc: *76.870%* (7687/10000)
Train epoch: 377 | Loss: *0.189* | Acc: *93.400%* (46700/50000) 
Test epoch: 377 | Loss: *0.900* | Acc: *73.860%* (7386/10000)
Train epoch: 378 | Loss: *0.182* | Acc: *93.716%* (46858/50000) 
Test epoch: 378 | Loss: *0.790* | Acc: *77.350%* (7735/10000)
Train epoch: 379 | Loss: *0.187* | Acc: *93.554%* (46777/50000) 
Test epoch: 379 | Loss: *1.153* | Acc: *69.550%* (6955/10000)
Train epoch: 380 | Loss: *0.183* | Acc: *93.536%* (46768/50000) 
Test epoch: 380 | Loss: *0.751* | Acc: *77.300%* (7730/10000)
Train epoch: 381 | Loss: *0.183* | Acc: *93.766%* (46883/50000) 
Test epoch: 381 | Loss: *0.797* | Acc: *76.210%* (7621/10000)
Train epoch: 382 | Loss: *0.199* | Acc: *93.076%* (46538/50000) 
Test epoch: 382 | Loss: *0.857* | Acc: *74.940%* (7494/10000)
Train epoch: 383 | Loss: *0.178* | Acc: *93.894%* (46947/50000) 
Test epoch: 383 | Loss: *0.734* | Acc: *77.910%* (7791/10000)
Train epoch: 384 | Loss: *0.188* | Acc: *93.524%* (46762/50000) 
Test epoch: 384 | Loss: *0.700* | Acc: *78.590%* (7859/10000)
Train epoch: 385 | Loss: *0.186* | Acc: *93.638%* (46819/50000) 
Test epoch: 385 | Loss: *0.904* | Acc: *74.670%* (7467/10000)
Train epoch: 386 | Loss: *0.191* | Acc: *93.444%* (46722/50000) 
Test epoch: 386 | Loss: *0.769* | Acc: *76.560%* (7656/10000)
Train epoch: 387 | Loss: *0.186* | Acc: *93.558%* (46779/50000) 
Test epoch: 387 | Loss: *0.932* | Acc: *74.330%* (7433/10000)
Train epoch: 388 | Loss: *0.184* | Acc: *93.626%* (46813/50000) 
Test epoch: 388 | Loss: *0.745* | Acc: *77.700%* (7770/10000)
Train epoch: 389 | Loss: *0.190* | Acc: *93.300%* (46650/50000) 
Test epoch: 389 | Loss: *1.015* | Acc: *70.480%* (7048/10000)
Train epoch: 390 | Loss: *0.194* | Acc: *93.112%* (46556/50000) 
Test epoch: 390 | Loss: *0.751* | Acc: *77.180%* (7718/10000)
Train epoch: 391 | Loss: *0.182* | Acc: *93.780%* (46890/50000) 
Test epoch: 391 | Loss: *0.711* | Acc: *77.750%* (7775/10000)
Train epoch: 392 | Loss: *0.187* | Acc: *93.628%* (46814/50000) 
Test epoch: 392 | Loss: *0.936* | Acc: *73.820%* (7382/10000)
Train epoch: 393 | Loss: *0.192* | Acc: *93.292%* (46646/50000) 
Test epoch: 393 | Loss: *0.735* | Acc: *77.770%* (7777/10000)
Train epoch: 394 | Loss: *0.185* | Acc: *93.572%* (46786/50000) 
Test epoch: 394 | Loss: *0.703* | Acc: *78.710%* (7871/10000)
Train epoch: 395 | Loss: *0.184* | Acc: *93.728%* (46864/50000) 
Test epoch: 395 | Loss: *0.858* | Acc: *75.460%* (7546/10000)
Train epoch: 396 | Loss: *0.189* | Acc: *93.426%* (46713/50000) 
Test epoch: 396 | Loss: *0.947* | Acc: *74.180%* (7418/10000)
Train epoch: 397 | Loss: *0.192* | Acc: *93.340%* (46670/50000) 
Test epoch: 397 | Loss: *0.877* | Acc: *74.900%* (7490/10000)
Train epoch: 398 | Loss: *0.186* | Acc: *93.542%* (46771/50000) 
Test epoch: 398 | Loss: *1.011* | Acc: *72.720%* (7272/10000)
Train epoch: 399 | Loss: *0.188* | Acc: *93.496%* (46748/50000) 
Test epoch: 399 | Loss: *0.843* | Acc: *75.330%* (7533/10000)
Train epoch: 400 | Loss: *0.181* | Acc: *93.744%* (46872/50000) 
Test epoch: 400 | Loss: *0.721* | Acc: *78.180%* (7818/10000)
Train epoch: 401 | Loss: *0.189* | Acc: *93.424%* (46712/50000) 
Test epoch: 401 | Loss: *0.838* | Acc: *75.040%* (7504/10000)
Train epoch: 402 | Loss: *0.184* | Acc: *93.662%* (46831/50000) 
Test epoch: 402 | Loss: *0.952* | Acc: *73.260%* (7326/10000)
Train epoch: 403 | Loss: *0.181* | Acc: *93.742%* (46871/50000) 
Test epoch: 403 | Loss: *0.776* | Acc: *76.810%* (7681/10000)
Train epoch: 404 | Loss: *0.193* | Acc: *93.274%* (46637/50000) 
Test epoch: 404 | Loss: *0.772* | Acc: *76.320%* (7632/10000)
Train epoch: 405 | Loss: *0.178* | Acc: *93.892%* (46946/50000) 
Test epoch: 405 | Loss: *0.759* | Acc: *78.250%* (7825/10000)
Train epoch: 406 | Loss: *0.189* | Acc: *93.404%* (46702/50000) 
Test epoch: 406 | Loss: *0.855* | Acc: *75.430%* (7543/10000)
Train epoch: 407 | Loss: *0.184* | Acc: *93.636%* (46818/50000) 
Test epoch: 407 | Loss: *0.799* | Acc: *75.640%* (7564/10000)
Train epoch: 408 | Loss: *0.184* | Acc: *93.680%* (46840/50000) 
Test epoch: 408 | Loss: *0.817* | Acc: *76.710%* (7671/10000)
Train epoch: 409 | Loss: *0.179* | Acc: *93.828%* (46914/50000) 
Test epoch: 409 | Loss: *0.704* | Acc: *79.160%* (7916/10000)
Train epoch: 410 | Loss: *0.184* | Acc: *93.598%* (46799/50000) 
Test epoch: 410 | Loss: *0.844* | Acc: *74.240%* (7424/10000)
Train epoch: 411 | Loss: *0.184* | Acc: *93.694%* (46847/50000) 
Test epoch: 411 | Loss: *0.801* | Acc: *76.980%* (7698/10000)
Train epoch: 412 | Loss: *0.184* | Acc: *93.698%* (46849/50000) 
Test epoch: 412 | Loss: *1.143* | Acc: *69.500%* (6950/10000)
Train epoch: 413 | Loss: *0.183* | Acc: *93.648%* (46824/50000) 
Test epoch: 413 | Loss: *0.737* | Acc: *77.970%* (7797/10000)
Train epoch: 414 | Loss: *0.180* | Acc: *93.732%* (46866/50000) 
Test epoch: 414 | Loss: *0.758* | Acc: *76.920%* (7692/10000)
Train epoch: 415 | Loss: *0.179* | Acc: *93.830%* (46915/50000) 
Test epoch: 415 | Loss: *0.939* | Acc: *73.410%* (7341/10000)
Train epoch: 416 | Loss: *0.178* | Acc: *93.868%* (46934/50000) 
Test epoch: 416 | Loss: *0.791* | Acc: *77.110%* (7711/10000)
Train epoch: 417 | Loss: *0.180* | Acc: *93.792%* (46896/50000) 
Test epoch: 417 | Loss: *0.840* | Acc: *76.020%* (7602/10000)
Train epoch: 418 | Loss: *0.179* | Acc: *93.786%* (46893/50000) 
Test epoch: 418 | Loss: *0.806* | Acc: *76.290%* (7629/10000)
Train epoch: 419 | Loss: *0.176* | Acc: *93.880%* (46940/50000) 
Test epoch: 419 | Loss: *0.840* | Acc: *76.530%* (7653/10000)
Train epoch: 420 | Loss: *0.184* | Acc: *93.662%* (46831/50000) 
Test epoch: 420 | Loss: *0.796* | Acc: *76.130%* (7613/10000)
Train epoch: 421 | Loss: *0.173* | Acc: *93.970%* (46985/50000) 
Test epoch: 421 | Loss: *0.831* | Acc: *75.380%* (7538/10000)
Train epoch: 422 | Loss: *0.180* | Acc: *93.680%* (46840/50000) 
Test epoch: 422 | Loss: *0.764* | Acc: *78.420%* (7842/10000)
Train epoch: 423 | Loss: *0.179* | Acc: *93.784%* (46892/50000) 
Test epoch: 423 | Loss: *0.903* | Acc: *76.200%* (7620/10000)
Train epoch: 424 | Loss: *0.172* | Acc: *94.018%* (47009/50000) 
Test epoch: 424 | Loss: *0.804* | Acc: *77.360%* (7736/10000)
Train epoch: 425 | Loss: *0.170* | Acc: *94.234%* (47117/50000) 
Test epoch: 425 | Loss: *0.774* | Acc: *78.080%* (7808/10000)
Train epoch: 426 | Loss: *0.179* | Acc: *93.814%* (46907/50000) 
Test epoch: 426 | Loss: *0.819* | Acc: *77.220%* (7722/10000)
Train epoch: 427 | Loss: *0.172* | Acc: *94.042%* (47021/50000) 
Test epoch: 427 | Loss: *0.933* | Acc: *74.030%* (7403/10000)
Train epoch: 428 | Loss: *0.176* | Acc: *94.032%* (47016/50000) 
Test epoch: 428 | Loss: *0.792* | Acc: *77.000%* (7700/10000)
Train epoch: 429 | Loss: *0.168* | Acc: *94.322%* (47161/50000) 
Test epoch: 429 | Loss: *0.729* | Acc: *77.630%* (7763/10000)
Train epoch: 430 | Loss: *0.175* | Acc: *93.968%* (46984/50000) 
Test epoch: 430 | Loss: *0.857* | Acc: *75.870%* (7587/10000)
Train epoch: 431 | Loss: *0.171* | Acc: *94.138%* (47069/50000) 
Test epoch: 431 | Loss: *0.772* | Acc: *76.410%* (7641/10000)
Train epoch: 432 | Loss: *0.166* | Acc: *94.276%* (47138/50000) 
Test epoch: 432 | Loss: *0.799* | Acc: *76.610%* (7661/10000)
Train epoch: 433 | Loss: *0.167* | Acc: *94.282%* (47141/50000) 
Test epoch: 433 | Loss: *0.662* | Acc: *80.160%* (8016/10000)
Train epoch: 434 | Loss: *0.165* | Acc: *94.338%* (47169/50000) 
Test epoch: 434 | Loss: *0.951* | Acc: *74.390%* (7439/10000)
Train epoch: 435 | Loss: *0.171* | Acc: *94.030%* (47015/50000) 
Test epoch: 435 | Loss: *0.801* | Acc: *77.510%* (7751/10000)
Train epoch: 436 | Loss: *0.158* | Acc: *94.588%* (47294/50000) 
Test epoch: 436 | Loss: *0.830* | Acc: *76.900%* (7690/10000)
Train epoch: 437 | Loss: *0.169* | Acc: *94.202%* (47101/50000) 
Test epoch: 437 | Loss: *0.819* | Acc: *76.320%* (7632/10000)
Train epoch: 438 | Loss: *0.168* | Acc: *94.242%* (47121/50000) 
Test epoch: 438 | Loss: *0.818* | Acc: *75.200%* (7520/10000)
Train epoch: 439 | Loss: *0.160* | Acc: *94.416%* (47208/50000) 
Test epoch: 439 | Loss: *0.711* | Acc: *79.160%* (7916/10000)
Train epoch: 440 | Loss: *0.160* | Acc: *94.380%* (47190/50000) 
Test epoch: 440 | Loss: *0.911* | Acc: *74.610%* (7461/10000)
Train epoch: 441 | Loss: *0.158* | Acc: *94.688%* (47344/50000) 
Test epoch: 441 | Loss: *0.869* | Acc: *75.490%* (7549/10000)
Train epoch: 442 | Loss: *0.160* | Acc: *94.426%* (47213/50000) 
Test epoch: 442 | Loss: *0.778* | Acc: *77.990%* (7799/10000)
Train epoch: 443 | Loss: *0.159* | Acc: *94.422%* (47211/50000) 
Test epoch: 443 | Loss: *0.726* | Acc: *79.210%* (7921/10000)
Train epoch: 444 | Loss: *0.160* | Acc: *94.512%* (47256/50000) 
Test epoch: 444 | Loss: *0.939* | Acc: *73.090%* (7309/10000)
Train epoch: 445 | Loss: *0.154* | Acc: *94.726%* (47363/50000) 
Test epoch: 445 | Loss: *0.712* | Acc: *78.550%* (7855/10000)
Train epoch: 446 | Loss: *0.164* | Acc: *94.352%* (47176/50000) 
Test epoch: 446 | Loss: *0.869* | Acc: *76.150%* (7615/10000)
Train epoch: 447 | Loss: *0.155* | Acc: *94.588%* (47294/50000) 
Test epoch: 447 | Loss: *0.736* | Acc: *78.270%* (7827/10000)
Train epoch: 448 | Loss: *0.153* | Acc: *94.796%* (47398/50000) 
Test epoch: 448 | Loss: *0.740* | Acc: *78.500%* (7850/10000)
Train epoch: 449 | Loss: *0.150* | Acc: *94.800%* (47400/50000) 
Test epoch: 449 | Loss: *0.873* | Acc: *75.780%* (7578/10000)
Train epoch: 450 | Loss: *0.146* | Acc: *95.002%* (47501/50000) 
Test epoch: 450 | Loss: *0.721* | Acc: *79.330%* (7933/10000)
Train epoch: 451 | Loss: *0.156* | Acc: *94.628%* (47314/50000) 
Test epoch: 451 | Loss: *0.954* | Acc: *73.930%* (7393/10000)
Train epoch: 452 | Loss: *0.145* | Acc: *94.920%* (47460/50000) 
Test epoch: 452 | Loss: *0.737* | Acc: *78.510%* (7851/10000)
Train epoch: 453 | Loss: *0.151* | Acc: *94.806%* (47403/50000) 
Test epoch: 453 | Loss: *0.770* | Acc: *78.580%* (7858/10000)
Train epoch: 454 | Loss: *0.145* | Acc: *94.962%* (47481/50000) 
Test epoch: 454 | Loss: *0.842* | Acc: *76.120%* (7612/10000)
Train epoch: 455 | Loss: *0.148* | Acc: *94.962%* (47481/50000) 
Test epoch: 455 | Loss: *0.830* | Acc: *77.320%* (7732/10000)
Train epoch: 456 | Loss: *0.136* | Acc: *95.304%* (47652/50000) 
Test epoch: 456 | Loss: *0.935* | Acc: *75.060%* (7506/10000)
Train epoch: 457 | Loss: *0.145* | Acc: *94.936%* (47468/50000) 
Test epoch: 457 | Loss: *0.813* | Acc: *76.910%* (7691/10000)
Train epoch: 458 | Loss: *0.145* | Acc: *95.056%* (47528/50000) 
Test epoch: 458 | Loss: *0.702* | Acc: *80.080%* (8008/10000)
Train epoch: 459 | Loss: *0.136* | Acc: *95.248%* (47624/50000) 
Test epoch: 459 | Loss: *1.013* | Acc: *73.760%* (7376/10000)
Train epoch: 460 | Loss: *0.140* | Acc: *95.234%* (47617/50000) 
Test epoch: 460 | Loss: *0.864* | Acc: *77.700%* (7770/10000)
Train epoch: 461 | Loss: *0.137* | Acc: *95.346%* (47673/50000) 
Test epoch: 461 | Loss: *0.822* | Acc: *76.390%* (7639/10000)
Train epoch: 462 | Loss: *0.126* | Acc: *95.722%* (47861/50000) 
Test epoch: 462 | Loss: *0.735* | Acc: *78.620%* (7862/10000)
Train epoch: 463 | Loss: *0.142* | Acc: *95.158%* (47579/50000) 
Test epoch: 463 | Loss: *0.780* | Acc: *77.630%* (7763/10000)
Train epoch: 464 | Loss: *0.127* | Acc: *95.700%* (47850/50000) 
Test epoch: 464 | Loss: *0.889* | Acc: *76.670%* (7667/10000)
Train epoch: 465 | Loss: *0.136* | Acc: *95.434%* (47717/50000) 
Test epoch: 465 | Loss: *1.267* | Acc: *71.040%* (7104/10000)
Train epoch: 466 | Loss: *0.130* | Acc: *95.594%* (47797/50000) 
Test epoch: 466 | Loss: *0.905* | Acc: *74.410%* (7441/10000)
Train epoch: 467 | Loss: *0.124* | Acc: *95.708%* (47854/50000) 
Test epoch: 467 | Loss: *0.793* | Acc: *78.570%* (7857/10000)
Train epoch: 468 | Loss: *0.126* | Acc: *95.624%* (47812/50000) 
Test epoch: 468 | Loss: *0.899* | Acc: *76.720%* (7672/10000)
Train epoch: 469 | Loss: *0.130* | Acc: *95.598%* (47799/50000) 
Test epoch: 469 | Loss: *0.838* | Acc: *75.880%* (7588/10000)
Train epoch: 470 | Loss: *0.123* | Acc: *95.912%* (47956/50000) 
Test epoch: 470 | Loss: *0.841* | Acc: *77.090%* (7709/10000)
Train epoch: 471 | Loss: *0.131* | Acc: *95.502%* (47751/50000) 
Test epoch: 471 | Loss: *0.775* | Acc: *77.990%* (7799/10000)
Train epoch: 472 | Loss: *0.117* | Acc: *96.000%* (48000/50000) 
Test epoch: 472 | Loss: *0.817* | Acc: *77.590%* (7759/10000)
Train epoch: 473 | Loss: *0.121* | Acc: *95.874%* (47937/50000) 
Test epoch: 473 | Loss: *0.850* | Acc: *77.410%* (7741/10000)
Train epoch: 474 | Loss: *0.107* | Acc: *96.454%* (48227/50000) 
Test epoch: 474 | Loss: *1.080* | Acc: *72.110%* (7211/10000)
Train epoch: 475 | Loss: *0.120* | Acc: *95.854%* (47927/50000) 
Test epoch: 475 | Loss: *0.821* | Acc: *77.930%* (7793/10000)
Train epoch: 476 | Loss: *0.108* | Acc: *96.392%* (48196/50000) 
Test epoch: 476 | Loss: *0.807* | Acc: *78.380%* (7838/10000)
Train epoch: 477 | Loss: *0.113* | Acc: *96.232%* (48116/50000) 
Test epoch: 477 | Loss: *0.762* | Acc: *79.230%* (7923/10000)
Train epoch: 478 | Loss: *0.117* | Acc: *96.006%* (48003/50000) 
Test epoch: 478 | Loss: *0.937* | Acc: *75.070%* (7507/10000)
Train epoch: 479 | Loss: *0.116* | Acc: *95.946%* (47973/50000) 
Test epoch: 479 | Loss: *0.712* | Acc: *79.770%* (7977/10000)
Train epoch: 480 | Loss: *0.108* | Acc: *96.308%* (48154/50000) 
Test epoch: 480 | Loss: *0.711* | Acc: *80.190%* (8019/10000)
Train epoch: 481 | Loss: *0.100* | Acc: *96.632%* (48316/50000) 
Test epoch: 481 | Loss: *0.824* | Acc: *77.670%* (7767/10000)
Train epoch: 482 | Loss: *0.109* | Acc: *96.326%* (48163/50000) 
Test epoch: 482 | Loss: *0.882* | Acc: *77.270%* (7727/10000)
Train epoch: 483 | Loss: *0.097* | Acc: *96.856%* (48428/50000) 
Test epoch: 483 | Loss: *0.848* | Acc: *77.030%* (7703/10000)
Train epoch: 484 | Loss: *0.101* | Acc: *96.596%* (48298/50000) 
Test epoch: 484 | Loss: *0.831* | Acc: *76.160%* (7616/10000)
Train epoch: 485 | Loss: *0.103* | Acc: *96.488%* (48244/50000) 
Test epoch: 485 | Loss: *0.982* | Acc: *74.670%* (7467/10000)
Train epoch: 486 | Loss: *0.101* | Acc: *96.560%* (48280/50000) 
Test epoch: 486 | Loss: *0.897* | Acc: *76.500%* (7650/10000)
Train epoch: 487 | Loss: *0.092* | Acc: *96.984%* (48492/50000) 
Test epoch: 487 | Loss: *0.755* | Acc: *79.220%* (7922/10000)
Train epoch: 488 | Loss: *0.093* | Acc: *96.812%* (48406/50000) 
Test epoch: 488 | Loss: *1.067* | Acc: *73.760%* (7376/10000)
Train epoch: 489 | Loss: *0.094* | Acc: *96.842%* (48421/50000) 
Test epoch: 489 | Loss: *1.627* | Acc: *64.770%* (6477/10000)
Train epoch: 490 | Loss: *0.088* | Acc: *97.028%* (48514/50000) 
Test epoch: 490 | Loss: *0.784* | Acc: *80.280%* (8028/10000)
Train epoch: 491 | Loss: *0.100* | Acc: *96.648%* (48324/50000) 
Test epoch: 491 | Loss: *0.740* | Acc: *78.650%* (7865/10000)
Train epoch: 492 | Loss: *0.078* | Acc: *97.374%* (48687/50000) 
Test epoch: 492 | Loss: *0.744* | Acc: *79.920%* (7992/10000)
Train epoch: 493 | Loss: *0.085* | Acc: *97.198%* (48599/50000) 
Test epoch: 493 | Loss: *0.700* | Acc: *79.880%* (7988/10000)
Train epoch: 494 | Loss: *0.086* | Acc: *97.128%* (48564/50000) 
Test epoch: 494 | Loss: *0.838* | Acc: *78.770%* (7877/10000)
Train epoch: 495 | Loss: *0.086* | Acc: *97.114%* (48557/50000) 
Test epoch: 495 | Loss: *0.812* | Acc: *78.550%* (7855/10000)
Train epoch: 496 | Loss: *0.089* | Acc: *97.046%* (48523/50000) 
Test epoch: 496 | Loss: *0.683* | Acc: *81.010%* (8101/10000)
Train epoch: 497 | Loss: *0.075* | Acc: *97.528%* (48764/50000) 
Test epoch: 497 | Loss: *0.699* | Acc: *80.970%* (8097/10000)
Train epoch: 498 | Loss: *0.071* | Acc: *97.650%* (48825/50000) 
Test epoch: 498 | Loss: *0.683* | Acc: *81.770%* (8177/10000)
Train epoch: 499 | Loss: *0.078* | Acc: *97.408%* (48704/50000) 
Test epoch: 499 | Loss: *0.771* | Acc: *79.660%* (7966/10000)
Train epoch: 500 | Loss: *0.073* | Acc: *97.560%* (48780/50000) 
Test epoch: 500 | Loss: *0.723* | Acc: *80.190%* (8019/10000)
Best test accuracy: *88.040%*, loss: *0.38372618958354*, at epoch: *134*.
==> Execution time summary of 500 epoch(s).
Train data loading time: sum. *224.3793178535998* secs | avg. *0.4487586357071996* secs per epoch.
Train training time: sum. *1486.534745096229* secs | avg. *2.973069490192458* secs per epoch.
Train total time: sum. *1710.9140629498288* secs | avg. *3.4218281258996575* secs per epoch.
Test data loading time: sum. *104.01216916926205* secs | avg. *0.2080243383385241* secs per epoch.
Test training time: sum. *124.35199575591832* secs | avg. *0.24870399151183664* secs per epoch.
Test total time: sum. *228.36416492518038* secs | avg. *0.45672832985036077* secs per epoch.
Total data loading time: sum. *328.39148702286184* secs | avg. *0.6567829740457237* secs per epoch.
Total training time: sum. *1610.8867408521473* secs | avg. *3.221773481704295* secs per epoch.
Total running time: sum. *1939.2782278750092* secs | avg. *3.8785564557500183* secs per epoch.
==> Number of GPU device: 1
==> Device 0 Memory Usage
==> Allocated: 0.1 GB
==> Cached:    1.0 GB
==> Maximum: 1.0 GB
