==> Running on : cuda
==> Number of CPU: 48
==> Number of workers: 2
==> #Epochs: 500, #Layers: 4, #Blocks: [2, 1, 1, 1], In channel: 64, Input layer conv kernel: 7x7, Residual layer conv kernel 3x3, Skip kernel: 1x1, Input layer conv padding: 1, Residual layer conv padding: 1
==> Optimizer is Adadelta
==> Learning rate: 1.0
==> Weight decay: 0.0005
==>Trainable Parameters: 4984906
==>Other Parameters: 0
==>Augmentation: RandomCrop(32, padding=4), RandomHorizontalFlip(), Normalize((0.4914, 0.4822, 0.4465), (0.2023, 0.1994, 0.2010)
Files already downloaded and verified
Train epoch: 1 | Loss: *1.687* | Acc: *37.274%* (18637/50000) 
Test epoch: 1 | Loss: *1.906* | Acc: *38.570%* (3857/10000)
Train epoch: 2 | Loss: *1.289* | Acc: *53.054%* (26527/50000) 
Test epoch: 2 | Loss: *1.474* | Acc: *51.500%* (5150/10000)
Train epoch: 3 | Loss: *1.052* | Acc: *62.466%* (31233/50000) 
Test epoch: 3 | Loss: *1.269* | Acc: *56.350%* (5635/10000)
Train epoch: 4 | Loss: *0.889* | Acc: *68.714%* (34357/50000) 
Test epoch: 4 | Loss: *0.881* | Acc: *68.540%* (6854/10000)
Train epoch: 5 | Loss: *0.756* | Acc: *73.650%* (36825/50000) 
Test epoch: 5 | Loss: *0.953* | Acc: *66.710%* (6671/10000)
Train epoch: 6 | Loss: *0.666* | Acc: *76.712%* (38356/50000) 
Test epoch: 6 | Loss: *0.843* | Acc: *72.650%* (7265/10000)
Train epoch: 7 | Loss: *0.603* | Acc: *78.946%* (39473/50000) 
Test epoch: 7 | Loss: *1.601* | Acc: *57.840%* (5784/10000)
Train epoch: 8 | Loss: *0.554* | Acc: *80.790%* (40395/50000) 
Test epoch: 8 | Loss: *0.832* | Acc: *71.940%* (7194/10000)
Train epoch: 9 | Loss: *0.516* | Acc: *82.066%* (41033/50000) 
Test epoch: 9 | Loss: *0.706* | Acc: *76.230%* (7623/10000)
Train epoch: 10 | Loss: *0.488* | Acc: *83.120%* (41560/50000) 
Test epoch: 10 | Loss: *0.544* | Acc: *81.520%* (8152/10000)
Train epoch: 11 | Loss: *0.465* | Acc: *83.792%* (41896/50000) 
Test epoch: 11 | Loss: *0.762* | Acc: *73.940%* (7394/10000)
Train epoch: 12 | Loss: *0.447* | Acc: *84.628%* (42314/50000) 
Test epoch: 12 | Loss: *0.587* | Acc: *80.400%* (8040/10000)
Train epoch: 13 | Loss: *0.431* | Acc: *85.042%* (42521/50000) 
Test epoch: 13 | Loss: *0.641* | Acc: *78.850%* (7885/10000)
Train epoch: 14 | Loss: *0.414* | Acc: *85.614%* (42807/50000) 
Test epoch: 14 | Loss: *0.707* | Acc: *77.070%* (7707/10000)
Train epoch: 15 | Loss: *0.405* | Acc: *86.028%* (43014/50000) 
Test epoch: 15 | Loss: *0.632* | Acc: *78.980%* (7898/10000)
Train epoch: 16 | Loss: *0.388* | Acc: *86.610%* (43305/50000) 
Test epoch: 16 | Loss: *0.752* | Acc: *76.530%* (7653/10000)
Train epoch: 17 | Loss: *0.386* | Acc: *86.720%* (43360/50000) 
Test epoch: 17 | Loss: *0.492* | Acc: *83.100%* (8310/10000)
Train epoch: 18 | Loss: *0.377* | Acc: *86.960%* (43480/50000) 
Test epoch: 18 | Loss: *0.553* | Acc: *81.760%* (8176/10000)
Train epoch: 19 | Loss: *0.367* | Acc: *87.190%* (43595/50000) 
Test epoch: 19 | Loss: *0.650* | Acc: *80.270%* (8027/10000)
Train epoch: 20 | Loss: *0.362* | Acc: *87.422%* (43711/50000) 
Test epoch: 20 | Loss: *0.472* | Acc: *84.880%* (8488/10000)
Train epoch: 21 | Loss: *0.360* | Acc: *87.554%* (43777/50000) 
Test epoch: 21 | Loss: *0.569* | Acc: *81.970%* (8197/10000)
Train epoch: 22 | Loss: *0.351* | Acc: *87.886%* (43943/50000) 
Test epoch: 22 | Loss: *0.514* | Acc: *82.820%* (8282/10000)
Train epoch: 23 | Loss: *0.349* | Acc: *88.066%* (44033/50000) 
Test epoch: 23 | Loss: *0.586* | Acc: *80.050%* (8005/10000)
Train epoch: 24 | Loss: *0.343* | Acc: *88.266%* (44133/50000) 
Test epoch: 24 | Loss: *0.554* | Acc: *82.440%* (8244/10000)
Train epoch: 25 | Loss: *0.338* | Acc: *88.322%* (44161/50000) 
Test epoch: 25 | Loss: *0.546* | Acc: *83.000%* (8300/10000)
Train epoch: 26 | Loss: *0.332* | Acc: *88.592%* (44296/50000) 
Test epoch: 26 | Loss: *0.500* | Acc: *84.070%* (8407/10000)
Train epoch: 27 | Loss: *0.330* | Acc: *88.660%* (44330/50000) 
Test epoch: 27 | Loss: *0.569* | Acc: *81.390%* (8139/10000)
Train epoch: 28 | Loss: *0.323* | Acc: *88.870%* (44435/50000) 
Test epoch: 28 | Loss: *0.549* | Acc: *82.740%* (8274/10000)
Train epoch: 29 | Loss: *0.328* | Acc: *88.690%* (44345/50000) 
Test epoch: 29 | Loss: *0.421* | Acc: *85.550%* (8555/10000)
Train epoch: 30 | Loss: *0.320* | Acc: *88.906%* (44453/50000) 
Test epoch: 30 | Loss: *0.473* | Acc: *83.840%* (8384/10000)
Train epoch: 31 | Loss: *0.316* | Acc: *89.066%* (44533/50000) 
Test epoch: 31 | Loss: *0.456* | Acc: *84.900%* (8490/10000)
Train epoch: 32 | Loss: *0.316* | Acc: *89.090%* (44545/50000) 
Test epoch: 32 | Loss: *0.490* | Acc: *84.820%* (8482/10000)
Train epoch: 33 | Loss: *0.312* | Acc: *89.270%* (44635/50000) 
Test epoch: 33 | Loss: *0.688* | Acc: *79.360%* (7936/10000)
Train epoch: 34 | Loss: *0.310* | Acc: *89.554%* (44777/50000) 
Test epoch: 34 | Loss: *0.416* | Acc: *86.140%* (8614/10000)
Train epoch: 35 | Loss: *0.309* | Acc: *89.376%* (44688/50000) 
Test epoch: 35 | Loss: *0.574* | Acc: *82.160%* (8216/10000)
Train epoch: 36 | Loss: *0.307* | Acc: *89.248%* (44624/50000) 
Test epoch: 36 | Loss: *0.522* | Acc: *83.180%* (8318/10000)
Train epoch: 37 | Loss: *0.302* | Acc: *89.590%* (44795/50000) 
Test epoch: 37 | Loss: *0.530* | Acc: *83.420%* (8342/10000)
Train epoch: 38 | Loss: *0.298* | Acc: *89.638%* (44819/50000) 
Test epoch: 38 | Loss: *0.502* | Acc: *83.610%* (8361/10000)
Train epoch: 39 | Loss: *0.300* | Acc: *89.546%* (44773/50000) 
Test epoch: 39 | Loss: *0.416* | Acc: *86.310%* (8631/10000)
Train epoch: 40 | Loss: *0.294* | Acc: *89.770%* (44885/50000) 
Test epoch: 40 | Loss: *0.655* | Acc: *79.830%* (7983/10000)
Train epoch: 41 | Loss: *0.294* | Acc: *89.800%* (44900/50000) 
Test epoch: 41 | Loss: *0.406* | Acc: *86.590%* (8659/10000)
Train epoch: 42 | Loss: *0.290* | Acc: *90.112%* (45056/50000) 
Test epoch: 42 | Loss: *0.462* | Acc: *85.360%* (8536/10000)
Train epoch: 43 | Loss: *0.289* | Acc: *90.002%* (45001/50000) 
Test epoch: 43 | Loss: *0.769* | Acc: *78.610%* (7861/10000)
Train epoch: 44 | Loss: *0.287* | Acc: *90.026%* (45013/50000) 
Test epoch: 44 | Loss: *0.509* | Acc: *83.500%* (8350/10000)
Train epoch: 45 | Loss: *0.282* | Acc: *90.178%* (45089/50000) 
Test epoch: 45 | Loss: *0.453* | Acc: *86.030%* (8603/10000)
Train epoch: 46 | Loss: *0.284* | Acc: *90.198%* (45099/50000) 
Test epoch: 46 | Loss: *0.557* | Acc: *83.210%* (8321/10000)
Train epoch: 47 | Loss: *0.277* | Acc: *90.508%* (45254/50000) 
Test epoch: 47 | Loss: *0.412* | Acc: *86.930%* (8693/10000)
Train epoch: 48 | Loss: *0.279* | Acc: *90.380%* (45190/50000) 
Test epoch: 48 | Loss: *0.409* | Acc: *86.200%* (8620/10000)
Train epoch: 49 | Loss: *0.276* | Acc: *90.506%* (45253/50000) 
Test epoch: 49 | Loss: *0.841* | Acc: *77.350%* (7735/10000)
Train epoch: 50 | Loss: *0.268* | Acc: *90.890%* (45445/50000) 
Test epoch: 50 | Loss: *0.758* | Acc: *79.230%* (7923/10000)
Train epoch: 51 | Loss: *0.273* | Acc: *90.660%* (45330/50000) 
Test epoch: 51 | Loss: *0.545* | Acc: *82.450%* (8245/10000)
Train epoch: 52 | Loss: *0.270* | Acc: *90.678%* (45339/50000) 
Test epoch: 52 | Loss: *0.469* | Acc: *85.240%* (8524/10000)
Train epoch: 53 | Loss: *0.271* | Acc: *90.550%* (45275/50000) 
Test epoch: 53 | Loss: *0.416* | Acc: *86.400%* (8640/10000)
Train epoch: 54 | Loss: *0.265* | Acc: *90.804%* (45402/50000) 
Test epoch: 54 | Loss: *0.494* | Acc: *84.220%* (8422/10000)
Train epoch: 55 | Loss: *0.261* | Acc: *90.946%* (45473/50000) 
Test epoch: 55 | Loss: *0.516* | Acc: *83.750%* (8375/10000)
Train epoch: 56 | Loss: *0.259* | Acc: *91.130%* (45565/50000) 
Test epoch: 56 | Loss: *0.481* | Acc: *85.070%* (8507/10000)
Train epoch: 57 | Loss: *0.260* | Acc: *91.080%* (45540/50000) 
Test epoch: 57 | Loss: *0.392* | Acc: *87.050%* (8705/10000)
Train epoch: 58 | Loss: *0.255* | Acc: *91.146%* (45573/50000) 
Test epoch: 58 | Loss: *0.454* | Acc: *86.180%* (8618/10000)
Train epoch: 59 | Loss: *0.256* | Acc: *91.074%* (45537/50000) 
Test epoch: 59 | Loss: *0.412* | Acc: *87.050%* (8705/10000)
Train epoch: 60 | Loss: *0.256* | Acc: *91.304%* (45652/50000) 
Test epoch: 60 | Loss: *0.558* | Acc: *82.740%* (8274/10000)
Train epoch: 61 | Loss: *0.252* | Acc: *91.366%* (45683/50000) 
Test epoch: 61 | Loss: *0.422* | Acc: *86.460%* (8646/10000)
Train epoch: 62 | Loss: *0.252* | Acc: *91.366%* (45683/50000) 
Test epoch: 62 | Loss: *0.436* | Acc: *85.990%* (8599/10000)
Train epoch: 63 | Loss: *0.247* | Acc: *91.480%* (45740/50000) 
Test epoch: 63 | Loss: *0.429* | Acc: *86.360%* (8636/10000)
Train epoch: 64 | Loss: *0.243* | Acc: *91.616%* (45808/50000) 
Test epoch: 64 | Loss: *0.614* | Acc: *82.000%* (8200/10000)
Train epoch: 65 | Loss: *0.244* | Acc: *91.690%* (45845/50000) 
Test epoch: 65 | Loss: *0.382* | Acc: *87.670%* (8767/10000)
Train epoch: 66 | Loss: *0.237* | Acc: *91.822%* (45911/50000) 
Test epoch: 66 | Loss: *0.417* | Acc: *86.390%* (8639/10000)
Train epoch: 67 | Loss: *0.237* | Acc: *91.782%* (45891/50000) 
Test epoch: 67 | Loss: *0.372* | Acc: *88.200%* (8820/10000)
Train epoch: 68 | Loss: *0.235* | Acc: *91.850%* (45925/50000) 
Test epoch: 68 | Loss: *0.472* | Acc: *84.950%* (8495/10000)
Train epoch: 69 | Loss: *0.232* | Acc: *91.934%* (45967/50000) 
Test epoch: 69 | Loss: *0.429* | Acc: *86.650%* (8665/10000)
Train epoch: 70 | Loss: *0.233* | Acc: *91.878%* (45939/50000) 
Test epoch: 70 | Loss: *0.406* | Acc: *87.280%* (8728/10000)
Train epoch: 71 | Loss: *0.231* | Acc: *91.984%* (45992/50000) 
Test epoch: 71 | Loss: *0.569* | Acc: *83.700%* (8370/10000)
Train epoch: 72 | Loss: *0.229* | Acc: *92.152%* (46076/50000) 
Test epoch: 72 | Loss: *0.509* | Acc: *85.160%* (8516/10000)
Train epoch: 73 | Loss: *0.224* | Acc: *92.238%* (46119/50000) 
Test epoch: 73 | Loss: *0.583* | Acc: *83.700%* (8370/10000)
Train epoch: 74 | Loss: *0.224* | Acc: *92.160%* (46080/50000) 
Test epoch: 74 | Loss: *0.457* | Acc: *85.850%* (8585/10000)
Train epoch: 75 | Loss: *0.224* | Acc: *92.238%* (46119/50000) 
Test epoch: 75 | Loss: *0.403* | Acc: *87.150%* (8715/10000)
Train epoch: 76 | Loss: *0.216* | Acc: *92.528%* (46264/50000) 
Test epoch: 76 | Loss: *0.379* | Acc: *87.790%* (8779/10000)
Train epoch: 77 | Loss: *0.219* | Acc: *92.512%* (46256/50000) 
Test epoch: 77 | Loss: *0.468* | Acc: *86.070%* (8607/10000)
Train epoch: 78 | Loss: *0.212* | Acc: *92.638%* (46319/50000) 
Test epoch: 78 | Loss: *0.348* | Acc: *88.960%* (8896/10000)
Train epoch: 79 | Loss: *0.215* | Acc: *92.536%* (46268/50000) 
Test epoch: 79 | Loss: *0.398* | Acc: *88.020%* (8802/10000)
Train epoch: 80 | Loss: *0.208* | Acc: *92.814%* (46407/50000) 
Test epoch: 80 | Loss: *0.422* | Acc: *87.220%* (8722/10000)
Train epoch: 81 | Loss: *0.208* | Acc: *92.680%* (46340/50000) 
Test epoch: 81 | Loss: *0.329* | Acc: *89.610%* (8961/10000)
Train epoch: 82 | Loss: *0.203* | Acc: *92.964%* (46482/50000) 
Test epoch: 82 | Loss: *0.367* | Acc: *88.220%* (8822/10000)
Train epoch: 83 | Loss: *0.202* | Acc: *93.022%* (46511/50000) 
Test epoch: 83 | Loss: *0.360* | Acc: *88.610%* (8861/10000)
Train epoch: 84 | Loss: *0.203* | Acc: *93.034%* (46517/50000) 
Test epoch: 84 | Loss: *0.459* | Acc: *85.910%* (8591/10000)
Train epoch: 85 | Loss: *0.201* | Acc: *93.084%* (46542/50000) 
Test epoch: 85 | Loss: *0.377* | Acc: *88.610%* (8861/10000)
Train epoch: 86 | Loss: *0.197* | Acc: *93.246%* (46623/50000) 
Test epoch: 86 | Loss: *0.389* | Acc: *87.810%* (8781/10000)
Train epoch: 87 | Loss: *0.196* | Acc: *93.176%* (46588/50000) 
Test epoch: 87 | Loss: *0.546* | Acc: *83.610%* (8361/10000)
Train epoch: 88 | Loss: *0.190* | Acc: *93.450%* (46725/50000) 
Test epoch: 88 | Loss: *0.357* | Acc: *88.720%* (8872/10000)
Train epoch: 89 | Loss: *0.189* | Acc: *93.494%* (46747/50000) 
Test epoch: 89 | Loss: *0.380* | Acc: *88.030%* (8803/10000)
Train epoch: 90 | Loss: *0.185* | Acc: *93.592%* (46796/50000) 
Test epoch: 90 | Loss: *0.419* | Acc: *86.740%* (8674/10000)
Train epoch: 91 | Loss: *0.185* | Acc: *93.614%* (46807/50000) 
Test epoch: 91 | Loss: *0.399* | Acc: *87.840%* (8784/10000)
Train epoch: 92 | Loss: *0.178* | Acc: *93.968%* (46984/50000) 
Test epoch: 92 | Loss: *0.476* | Acc: *86.150%* (8615/10000)
Train epoch: 93 | Loss: *0.177* | Acc: *93.860%* (46930/50000) 
Test epoch: 93 | Loss: *0.365* | Acc: *89.040%* (8904/10000)
Train epoch: 94 | Loss: *0.178* | Acc: *93.776%* (46888/50000) 
Test epoch: 94 | Loss: *0.396* | Acc: *88.160%* (8816/10000)
Train epoch: 95 | Loss: *0.177* | Acc: *93.832%* (46916/50000) 
Test epoch: 95 | Loss: *0.370* | Acc: *89.060%* (8906/10000)
Train epoch: 96 | Loss: *0.172* | Acc: *94.104%* (47052/50000) 
Test epoch: 96 | Loss: *0.331* | Acc: *89.550%* (8955/10000)
Train epoch: 97 | Loss: *0.169* | Acc: *94.216%* (47108/50000) 
Test epoch: 97 | Loss: *0.414* | Acc: *87.210%* (8721/10000)
Train epoch: 98 | Loss: *0.165* | Acc: *94.264%* (47132/50000) 
Test epoch: 98 | Loss: *0.380* | Acc: *88.770%* (8877/10000)
Train epoch: 99 | Loss: *0.164* | Acc: *94.322%* (47161/50000) 
Test epoch: 99 | Loss: *0.396* | Acc: *88.050%* (8805/10000)
Train epoch: 100 | Loss: *0.163* | Acc: *94.308%* (47154/50000) 
Test epoch: 100 | Loss: *0.489* | Acc: *86.310%* (8631/10000)
Train epoch: 101 | Loss: *0.160* | Acc: *94.468%* (47234/50000) 
Test epoch: 101 | Loss: *0.390* | Acc: *88.340%* (8834/10000)
Train epoch: 102 | Loss: *0.154* | Acc: *94.666%* (47333/50000) 
Test epoch: 102 | Loss: *0.391* | Acc: *88.330%* (8833/10000)
Train epoch: 103 | Loss: *0.154* | Acc: *94.648%* (47324/50000) 
Test epoch: 103 | Loss: *0.403* | Acc: *87.790%* (8779/10000)
Train epoch: 104 | Loss: *0.149* | Acc: *94.814%* (47407/50000) 
Test epoch: 104 | Loss: *0.520* | Acc: *85.710%* (8571/10000)
Train epoch: 105 | Loss: *0.150* | Acc: *94.888%* (47444/50000) 
Test epoch: 105 | Loss: *0.375* | Acc: *89.390%* (8939/10000)
Train epoch: 106 | Loss: *0.151* | Acc: *94.800%* (47400/50000) 
Test epoch: 106 | Loss: *0.382* | Acc: *88.650%* (8865/10000)
Train epoch: 107 | Loss: *0.139* | Acc: *95.264%* (47632/50000) 
Test epoch: 107 | Loss: *0.435* | Acc: *87.740%* (8774/10000)
Train epoch: 108 | Loss: *0.137* | Acc: *95.364%* (47682/50000) 
Test epoch: 108 | Loss: *0.307* | Acc: *90.630%* (9063/10000)
Train epoch: 109 | Loss: *0.135* | Acc: *95.348%* (47674/50000) 
Test epoch: 109 | Loss: *0.378* | Acc: *88.980%* (8898/10000)
Train epoch: 110 | Loss: *0.134* | Acc: *95.316%* (47658/50000) 
Test epoch: 110 | Loss: *0.400* | Acc: *88.500%* (8850/10000)
Train epoch: 111 | Loss: *0.134* | Acc: *95.334%* (47667/50000) 
Test epoch: 111 | Loss: *0.354* | Acc: *89.360%* (8936/10000)
Train epoch: 112 | Loss: *0.131* | Acc: *95.482%* (47741/50000) 
Test epoch: 112 | Loss: *0.383* | Acc: *88.900%* (8890/10000)
Train epoch: 113 | Loss: *0.127* | Acc: *95.710%* (47855/50000) 
Test epoch: 113 | Loss: *0.336* | Acc: *89.910%* (8991/10000)
Train epoch: 114 | Loss: *0.126* | Acc: *95.734%* (47867/50000) 
Test epoch: 114 | Loss: *0.323* | Acc: *90.110%* (9011/10000)
Train epoch: 115 | Loss: *0.122* | Acc: *95.848%* (47924/50000) 
Test epoch: 115 | Loss: *0.347* | Acc: *89.490%* (8949/10000)
Train epoch: 116 | Loss: *0.116* | Acc: *96.108%* (48054/50000) 
Test epoch: 116 | Loss: *0.375* | Acc: *88.790%* (8879/10000)
Train epoch: 117 | Loss: *0.117* | Acc: *96.022%* (48011/50000) 
Test epoch: 117 | Loss: *0.318* | Acc: *90.630%* (9063/10000)
Train epoch: 118 | Loss: *0.115* | Acc: *96.076%* (48038/50000) 
Test epoch: 118 | Loss: *0.301* | Acc: *90.770%* (9077/10000)
Train epoch: 119 | Loss: *0.109* | Acc: *96.332%* (48166/50000) 
Test epoch: 119 | Loss: *0.375* | Acc: *89.630%* (8963/10000)
Train epoch: 120 | Loss: *0.107* | Acc: *96.464%* (48232/50000) 
Test epoch: 120 | Loss: *0.387* | Acc: *89.440%* (8944/10000)
Train epoch: 121 | Loss: *0.107* | Acc: *96.386%* (48193/50000) 
Test epoch: 121 | Loss: *0.355* | Acc: *90.320%* (9032/10000)
Train epoch: 122 | Loss: *0.098* | Acc: *96.798%* (48399/50000) 
Test epoch: 122 | Loss: *0.305* | Acc: *91.370%* (9137/10000)
Train epoch: 123 | Loss: *0.098* | Acc: *96.656%* (48328/50000) 
Test epoch: 123 | Loss: *0.300* | Acc: *91.360%* (9136/10000)
Train epoch: 124 | Loss: *0.098* | Acc: *96.676%* (48338/50000) 
Test epoch: 124 | Loss: *0.315* | Acc: *91.250%* (9125/10000)
Train epoch: 125 | Loss: *0.096* | Acc: *96.654%* (48327/50000) 
Test epoch: 125 | Loss: *0.341* | Acc: *90.510%* (9051/10000)
Train epoch: 126 | Loss: *0.092* | Acc: *96.872%* (48436/50000) 
Test epoch: 126 | Loss: *0.312* | Acc: *91.330%* (9133/10000)
Train epoch: 127 | Loss: *0.088* | Acc: *97.050%* (48525/50000) 
Test epoch: 127 | Loss: *0.311* | Acc: *91.330%* (9133/10000)
Train epoch: 128 | Loss: *0.083* | Acc: *97.214%* (48607/50000) 
Test epoch: 128 | Loss: *0.353* | Acc: *90.260%* (9026/10000)
Train epoch: 129 | Loss: *0.079* | Acc: *97.366%* (48683/50000) 
Test epoch: 129 | Loss: *0.332* | Acc: *90.890%* (9089/10000)
Train epoch: 130 | Loss: *0.078* | Acc: *97.414%* (48707/50000) 
Test epoch: 130 | Loss: *0.362* | Acc: *90.080%* (9008/10000)
Train epoch: 131 | Loss: *0.073* | Acc: *97.602%* (48801/50000) 
Test epoch: 131 | Loss: *0.321* | Acc: *91.210%* (9121/10000)
Train epoch: 132 | Loss: *0.074* | Acc: *97.566%* (48783/50000) 
Test epoch: 132 | Loss: *0.331* | Acc: *90.760%* (9076/10000)
Train epoch: 133 | Loss: *0.071* | Acc: *97.688%* (48844/50000) 
Test epoch: 133 | Loss: *0.345* | Acc: *90.920%* (9092/10000)
Train epoch: 134 | Loss: *0.068* | Acc: *97.718%* (48859/50000) 
Test epoch: 134 | Loss: *0.317* | Acc: *91.200%* (9120/10000)
Train epoch: 135 | Loss: *0.063* | Acc: *97.922%* (48961/50000) 
Test epoch: 135 | Loss: *0.321* | Acc: *91.180%* (9118/10000)
Train epoch: 136 | Loss: *0.061* | Acc: *97.968%* (48984/50000) 
Test epoch: 136 | Loss: *0.299* | Acc: *92.050%* (9205/10000)
Train epoch: 137 | Loss: *0.060* | Acc: *98.014%* (49007/50000) 
Test epoch: 137 | Loss: *0.358* | Acc: *90.770%* (9077/10000)
Train epoch: 138 | Loss: *0.057* | Acc: *98.092%* (49046/50000) 
Test epoch: 138 | Loss: *0.399* | Acc: *89.870%* (8987/10000)
Train epoch: 139 | Loss: *0.055* | Acc: *98.218%* (49109/50000) 
Test epoch: 139 | Loss: *0.315* | Acc: *91.550%* (9155/10000)
Train epoch: 140 | Loss: *0.052* | Acc: *98.280%* (49140/50000) 
Test epoch: 140 | Loss: *0.321* | Acc: *91.390%* (9139/10000)
Train epoch: 141 | Loss: *0.054* | Acc: *98.240%* (49120/50000) 
Test epoch: 141 | Loss: *0.331* | Acc: *91.550%* (9155/10000)
Train epoch: 142 | Loss: *0.048* | Acc: *98.478%* (49239/50000) 
Test epoch: 142 | Loss: *0.304* | Acc: *91.750%* (9175/10000)
Train epoch: 143 | Loss: *0.048* | Acc: *98.442%* (49221/50000) 
Test epoch: 143 | Loss: *0.337* | Acc: *91.220%* (9122/10000)
Train epoch: 144 | Loss: *0.044* | Acc: *98.590%* (49295/50000) 
Test epoch: 144 | Loss: *0.303* | Acc: *92.170%* (9217/10000)
Train epoch: 145 | Loss: *0.040* | Acc: *98.728%* (49364/50000) 
Test epoch: 145 | Loss: *0.312* | Acc: *91.910%* (9191/10000)
Train epoch: 146 | Loss: *0.037* | Acc: *98.878%* (49439/50000) 
Test epoch: 146 | Loss: *0.318* | Acc: *91.840%* (9184/10000)
Train epoch: 147 | Loss: *0.036* | Acc: *98.940%* (49470/50000) 
Test epoch: 147 | Loss: *0.292* | Acc: *92.130%* (9213/10000)
Train epoch: 148 | Loss: *0.032* | Acc: *99.016%* (49508/50000) 
Test epoch: 148 | Loss: *0.324* | Acc: *91.920%* (9192/10000)
Train epoch: 149 | Loss: *0.031* | Acc: *99.052%* (49526/50000) 
Test epoch: 149 | Loss: *0.291* | Acc: *92.470%* (9247/10000)
Train epoch: 150 | Loss: *0.030* | Acc: *99.058%* (49529/50000) 
Test epoch: 150 | Loss: *0.333* | Acc: *91.530%* (9153/10000)
Train epoch: 151 | Loss: *0.024* | Acc: *99.322%* (49661/50000) 
Test epoch: 151 | Loss: *0.289* | Acc: *92.450%* (9245/10000)
Train epoch: 152 | Loss: *0.024* | Acc: *99.356%* (49678/50000) 
Test epoch: 152 | Loss: *0.298* | Acc: *92.580%* (9258/10000)
Train epoch: 153 | Loss: *0.022* | Acc: *99.380%* (49690/50000) 
Test epoch: 153 | Loss: *0.295* | Acc: *92.490%* (9249/10000)
Train epoch: 154 | Loss: *0.021* | Acc: *99.448%* (49724/50000) 
Test epoch: 154 | Loss: *0.283* | Acc: *92.920%* (9292/10000)
Train epoch: 155 | Loss: *0.019* | Acc: *99.522%* (49761/50000) 
Test epoch: 155 | Loss: *0.294* | Acc: *92.670%* (9267/10000)
Train epoch: 156 | Loss: *0.018* | Acc: *99.528%* (49764/50000) 
Test epoch: 156 | Loss: *0.287* | Acc: *93.090%* (9309/10000)
Train epoch: 157 | Loss: *0.016* | Acc: *99.596%* (49798/50000) 
Test epoch: 157 | Loss: *0.272* | Acc: *93.000%* (9300/10000)
Train epoch: 158 | Loss: *0.014* | Acc: *99.670%* (49835/50000) 
Test epoch: 158 | Loss: *0.279* | Acc: *93.010%* (9301/10000)
Train epoch: 159 | Loss: *0.014* | Acc: *99.716%* (49858/50000) 
Test epoch: 159 | Loss: *0.289* | Acc: *92.660%* (9266/10000)
Train epoch: 160 | Loss: *0.012* | Acc: *99.742%* (49871/50000) 
Test epoch: 160 | Loss: *0.262* | Acc: *92.980%* (9298/10000)
Train epoch: 161 | Loss: *0.010* | Acc: *99.818%* (49909/50000) 
Test epoch: 161 | Loss: *0.262* | Acc: *93.120%* (9312/10000)
Train epoch: 162 | Loss: *0.010* | Acc: *99.820%* (49910/50000) 
Test epoch: 162 | Loss: *0.260* | Acc: *93.390%* (9339/10000)
Train epoch: 163 | Loss: *0.010* | Acc: *99.818%* (49909/50000) 
Test epoch: 163 | Loss: *0.254* | Acc: *93.630%* (9363/10000)
Train epoch: 164 | Loss: *0.009* | Acc: *99.842%* (49921/50000) 
Test epoch: 164 | Loss: *0.249* | Acc: *93.540%* (9354/10000)
Train epoch: 165 | Loss: *0.008* | Acc: *99.864%* (49932/50000) 
Test epoch: 165 | Loss: *0.260* | Acc: *93.460%* (9346/10000)
Train epoch: 166 | Loss: *0.007* | Acc: *99.924%* (49962/50000) 
Test epoch: 166 | Loss: *0.239* | Acc: *93.730%* (9373/10000)
Train epoch: 167 | Loss: *0.007* | Acc: *99.898%* (49949/50000) 
Test epoch: 167 | Loss: *0.243* | Acc: *93.720%* (9372/10000)
Train epoch: 168 | Loss: *0.006* | Acc: *99.920%* (49960/50000) 
Test epoch: 168 | Loss: *0.250* | Acc: *93.940%* (9394/10000)
Train epoch: 169 | Loss: *0.006* | Acc: *99.930%* (49965/50000) 
Test epoch: 169 | Loss: *0.243* | Acc: *93.710%* (9371/10000)
Train epoch: 170 | Loss: *0.006* | Acc: *99.934%* (49967/50000) 
Test epoch: 170 | Loss: *0.244* | Acc: *93.530%* (9353/10000)
Train epoch: 171 | Loss: *0.005* | Acc: *99.956%* (49978/50000) 
Test epoch: 171 | Loss: *0.243* | Acc: *93.760%* (9376/10000)
Train epoch: 172 | Loss: *0.005* | Acc: *99.940%* (49970/50000) 
Test epoch: 172 | Loss: *0.243* | Acc: *93.790%* (9379/10000)
Train epoch: 173 | Loss: *0.005* | Acc: *99.962%* (49981/50000) 
Test epoch: 173 | Loss: *0.235* | Acc: *93.920%* (9392/10000)
Train epoch: 174 | Loss: *0.004* | Acc: *99.968%* (49984/50000) 
Test epoch: 174 | Loss: *0.235* | Acc: *93.930%* (9393/10000)
Train epoch: 175 | Loss: *0.004* | Acc: *99.966%* (49983/50000) 
Test epoch: 175 | Loss: *0.237* | Acc: *93.780%* (9378/10000)
Train epoch: 176 | Loss: *0.004* | Acc: *99.984%* (49992/50000) 
Test epoch: 176 | Loss: *0.233* | Acc: *93.920%* (9392/10000)
Train epoch: 177 | Loss: *0.004* | Acc: *99.974%* (49987/50000) 
Test epoch: 177 | Loss: *0.232* | Acc: *93.980%* (9398/10000)
Train epoch: 178 | Loss: *0.004* | Acc: *99.986%* (49993/50000) 
Test epoch: 178 | Loss: *0.229* | Acc: *94.010%* (9401/10000)
Train epoch: 179 | Loss: *0.004* | Acc: *99.982%* (49991/50000) 
Test epoch: 179 | Loss: *0.231* | Acc: *94.030%* (9403/10000)
Train epoch: 180 | Loss: *0.004* | Acc: *99.986%* (49993/50000) 
Test epoch: 180 | Loss: *0.227* | Acc: *94.020%* (9402/10000)
Train epoch: 181 | Loss: *0.004* | Acc: *99.994%* (49997/50000) 
Test epoch: 181 | Loss: *0.229* | Acc: *93.980%* (9398/10000)
Train epoch: 182 | Loss: *0.004* | Acc: *99.984%* (49992/50000) 
Test epoch: 182 | Loss: *0.230* | Acc: *93.930%* (9393/10000)
Train epoch: 183 | Loss: *0.004* | Acc: *99.978%* (49989/50000) 
Test epoch: 183 | Loss: *0.227* | Acc: *93.890%* (9389/10000)
Train epoch: 184 | Loss: *0.003* | Acc: *99.998%* (49999/50000) 
Test epoch: 184 | Loss: *0.226* | Acc: *93.970%* (9397/10000)
Train epoch: 185 | Loss: *0.003* | Acc: *99.992%* (49996/50000) 
Test epoch: 185 | Loss: *0.226* | Acc: *94.030%* (9403/10000)
Train epoch: 186 | Loss: *0.003* | Acc: *99.986%* (49993/50000) 
Test epoch: 186 | Loss: *0.227* | Acc: *94.040%* (9404/10000)
Train epoch: 187 | Loss: *0.003* | Acc: *99.986%* (49993/50000) 
Test epoch: 187 | Loss: *0.226* | Acc: *93.970%* (9397/10000)
Train epoch: 188 | Loss: *0.003* | Acc: *99.992%* (49996/50000) 
Test epoch: 188 | Loss: *0.223* | Acc: *93.990%* (9399/10000)
Train epoch: 189 | Loss: *0.003* | Acc: *99.990%* (49995/50000) 
Test epoch: 189 | Loss: *0.223* | Acc: *94.100%* (9410/10000)
Train epoch: 190 | Loss: *0.003* | Acc: *99.998%* (49999/50000) 
Test epoch: 190 | Loss: *0.225* | Acc: *94.050%* (9405/10000)
Train epoch: 191 | Loss: *0.003* | Acc: *99.998%* (49999/50000) 
Test epoch: 191 | Loss: *0.225* | Acc: *94.120%* (9412/10000)
Train epoch: 192 | Loss: *0.003* | Acc: *99.998%* (49999/50000) 
Test epoch: 192 | Loss: *0.223* | Acc: *94.120%* (9412/10000)
Train epoch: 193 | Loss: *0.003* | Acc: *99.994%* (49997/50000) 
Test epoch: 193 | Loss: *0.224* | Acc: *94.130%* (9413/10000)
Train epoch: 194 | Loss: *0.003* | Acc: *99.986%* (49993/50000) 
Test epoch: 194 | Loss: *0.224* | Acc: *94.020%* (9402/10000)
Train epoch: 195 | Loss: *0.003* | Acc: *99.994%* (49997/50000) 
Test epoch: 195 | Loss: *0.223* | Acc: *94.030%* (9403/10000)
Train epoch: 196 | Loss: *0.003* | Acc: *99.996%* (49998/50000) 
Test epoch: 196 | Loss: *0.225* | Acc: *94.050%* (9405/10000)
Train epoch: 197 | Loss: *0.003* | Acc: *99.994%* (49997/50000) 
Test epoch: 197 | Loss: *0.225* | Acc: *94.020%* (9402/10000)
Train epoch: 198 | Loss: *0.003* | Acc: *99.990%* (49995/50000) 
Test epoch: 198 | Loss: *0.223* | Acc: *94.030%* (9403/10000)
Train epoch: 199 | Loss: *0.003* | Acc: *99.994%* (49997/50000) 
Test epoch: 199 | Loss: *0.224* | Acc: *93.960%* (9396/10000)
Train epoch: 200 | Loss: *0.003* | Acc: *100.000%* (50000/50000) 
Test epoch: 200 | Loss: *0.224* | Acc: *94.020%* (9402/10000)
Train epoch: 201 | Loss: *0.003* | Acc: *99.990%* (49995/50000) 
Test epoch: 201 | Loss: *0.223* | Acc: *94.130%* (9413/10000)
Train epoch: 202 | Loss: *0.003* | Acc: *99.986%* (49993/50000) 
Test epoch: 202 | Loss: *0.225* | Acc: *94.080%* (9408/10000)
Train epoch: 203 | Loss: *0.003* | Acc: *99.990%* (49995/50000) 
Test epoch: 203 | Loss: *0.224* | Acc: *94.140%* (9414/10000)
Train epoch: 204 | Loss: *0.003* | Acc: *99.986%* (49993/50000) 
Test epoch: 204 | Loss: *0.223* | Acc: *94.030%* (9403/10000)
Train epoch: 205 | Loss: *0.003* | Acc: *99.996%* (49998/50000) 
Test epoch: 205 | Loss: *0.226* | Acc: *94.050%* (9405/10000)
Train epoch: 206 | Loss: *0.003* | Acc: *99.996%* (49998/50000) 
Test epoch: 206 | Loss: *0.224* | Acc: *93.930%* (9393/10000)
Train epoch: 207 | Loss: *0.003* | Acc: *99.992%* (49996/50000) 
Test epoch: 207 | Loss: *0.223* | Acc: *94.030%* (9403/10000)
Train epoch: 208 | Loss: *0.003* | Acc: *99.986%* (49993/50000) 
Test epoch: 208 | Loss: *0.223* | Acc: *94.000%* (9400/10000)
Train epoch: 209 | Loss: *0.003* | Acc: *99.998%* (49999/50000) 
Test epoch: 209 | Loss: *0.221* | Acc: *94.080%* (9408/10000)
Train epoch: 210 | Loss: *0.003* | Acc: *100.000%* (50000/50000) 
Test epoch: 210 | Loss: *0.224* | Acc: *94.050%* (9405/10000)
Train epoch: 211 | Loss: *0.003* | Acc: *99.990%* (49995/50000) 
Test epoch: 211 | Loss: *0.222* | Acc: *94.030%* (9403/10000)
Train epoch: 212 | Loss: *0.003* | Acc: *99.990%* (49995/50000) 
Test epoch: 212 | Loss: *0.223* | Acc: *94.060%* (9406/10000)
Train epoch: 213 | Loss: *0.003* | Acc: *99.992%* (49996/50000) 
Test epoch: 213 | Loss: *0.227* | Acc: *94.110%* (9411/10000)
Train epoch: 214 | Loss: *0.003* | Acc: *99.994%* (49997/50000) 
Test epoch: 214 | Loss: *0.223* | Acc: *94.070%* (9407/10000)
Train epoch: 215 | Loss: *0.003* | Acc: *99.990%* (49995/50000) 
Test epoch: 215 | Loss: *0.223* | Acc: *93.910%* (9391/10000)
Train epoch: 216 | Loss: *0.003* | Acc: *99.992%* (49996/50000) 
Test epoch: 216 | Loss: *0.224* | Acc: *94.040%* (9404/10000)
Train epoch: 217 | Loss: *0.003* | Acc: *99.994%* (49997/50000) 
Test epoch: 217 | Loss: *0.222* | Acc: *94.010%* (9401/10000)
Train epoch: 218 | Loss: *0.003* | Acc: *99.990%* (49995/50000) 
Test epoch: 218 | Loss: *0.226* | Acc: *94.000%* (9400/10000)
Train epoch: 219 | Loss: *0.003* | Acc: *99.994%* (49997/50000) 
Test epoch: 219 | Loss: *0.224* | Acc: *94.030%* (9403/10000)
Train epoch: 220 | Loss: *0.003* | Acc: *99.994%* (49997/50000) 
Test epoch: 220 | Loss: *0.222* | Acc: *94.000%* (9400/10000)
Train epoch: 221 | Loss: *0.003* | Acc: *99.994%* (49997/50000) 
Test epoch: 221 | Loss: *0.221* | Acc: *94.070%* (9407/10000)
Train epoch: 222 | Loss: *0.003* | Acc: *99.990%* (49995/50000) 
Test epoch: 222 | Loss: *0.222* | Acc: *94.060%* (9406/10000)
Train epoch: 223 | Loss: *0.003* | Acc: *99.994%* (49997/50000) 
Test epoch: 223 | Loss: *0.221* | Acc: *93.970%* (9397/10000)
Train epoch: 224 | Loss: *0.003* | Acc: *99.988%* (49994/50000) 
Test epoch: 224 | Loss: *0.226* | Acc: *94.000%* (9400/10000)
Train epoch: 225 | Loss: *0.004* | Acc: *99.988%* (49994/50000) 
Test epoch: 225 | Loss: *0.224* | Acc: *93.990%* (9399/10000)
Train epoch: 226 | Loss: *0.003* | Acc: *99.990%* (49995/50000) 
Test epoch: 226 | Loss: *0.225* | Acc: *93.950%* (9395/10000)
Train epoch: 227 | Loss: *0.003* | Acc: *99.988%* (49994/50000) 
Test epoch: 227 | Loss: *0.223* | Acc: *93.890%* (9389/10000)
Train epoch: 228 | Loss: *0.003* | Acc: *99.998%* (49999/50000) 
Test epoch: 228 | Loss: *0.221* | Acc: *94.010%* (9401/10000)
Train epoch: 229 | Loss: *0.004* | Acc: *99.988%* (49994/50000) 
Test epoch: 229 | Loss: *0.225* | Acc: *93.980%* (9398/10000)
Train epoch: 230 | Loss: *0.004* | Acc: *99.986%* (49993/50000) 
Test epoch: 230 | Loss: *0.230* | Acc: *93.990%* (9399/10000)
Train epoch: 231 | Loss: *0.004* | Acc: *99.992%* (49996/50000) 
Test epoch: 231 | Loss: *0.229* | Acc: *93.880%* (9388/10000)
Train epoch: 232 | Loss: *0.004* | Acc: *99.988%* (49994/50000) 
Test epoch: 232 | Loss: *0.226* | Acc: *94.030%* (9403/10000)
Train epoch: 233 | Loss: *0.004* | Acc: *99.978%* (49989/50000) 
Test epoch: 233 | Loss: *0.235* | Acc: *93.670%* (9367/10000)
Train epoch: 234 | Loss: *0.005* | Acc: *99.988%* (49994/50000) 
Test epoch: 234 | Loss: *0.244* | Acc: *93.680%* (9368/10000)
Train epoch: 235 | Loss: *0.005* | Acc: *99.972%* (49986/50000) 
Test epoch: 235 | Loss: *0.236* | Acc: *93.860%* (9386/10000)
Train epoch: 236 | Loss: *0.005* | Acc: *99.970%* (49985/50000) 
Test epoch: 236 | Loss: *0.241* | Acc: *93.630%* (9363/10000)
Train epoch: 237 | Loss: *0.007* | Acc: *99.944%* (49972/50000) 
Test epoch: 237 | Loss: *0.252* | Acc: *93.450%* (9345/10000)
Train epoch: 238 | Loss: *0.009* | Acc: *99.858%* (49929/50000) 
Test epoch: 238 | Loss: *0.275* | Acc: *92.920%* (9292/10000)
Train epoch: 239 | Loss: *0.017* | Acc: *99.652%* (49826/50000) 
Test epoch: 239 | Loss: *0.304* | Acc: *92.100%* (9210/10000)
Train epoch: 240 | Loss: *0.022* | Acc: *99.514%* (49757/50000) 
Test epoch: 240 | Loss: *0.333* | Acc: *91.370%* (9137/10000)
Train epoch: 241 | Loss: *0.033* | Acc: *99.108%* (49554/50000) 
Test epoch: 241 | Loss: *0.306* | Acc: *92.050%* (9205/10000)
Train epoch: 242 | Loss: *0.039* | Acc: *98.924%* (49462/50000) 
Test epoch: 242 | Loss: *0.342* | Acc: *91.080%* (9108/10000)
Train epoch: 243 | Loss: *0.048* | Acc: *98.500%* (49250/50000) 
Test epoch: 243 | Loss: *0.308* | Acc: *91.850%* (9185/10000)
Train epoch: 244 | Loss: *0.055* | Acc: *98.268%* (49134/50000) 
Test epoch: 244 | Loss: *0.355* | Acc: *90.940%* (9094/10000)
Train epoch: 245 | Loss: *0.059* | Acc: *98.078%* (49039/50000) 
Test epoch: 245 | Loss: *0.339* | Acc: *91.110%* (9111/10000)
Train epoch: 246 | Loss: *0.063* | Acc: *98.020%* (49010/50000) 
Test epoch: 246 | Loss: *0.347* | Acc: *90.840%* (9084/10000)
Train epoch: 247 | Loss: *0.070* | Acc: *97.720%* (48860/50000) 
Test epoch: 247 | Loss: *0.326* | Acc: *90.980%* (9098/10000)
Train epoch: 248 | Loss: *0.074* | Acc: *97.608%* (48804/50000) 
Test epoch: 248 | Loss: *0.384* | Acc: *89.520%* (8952/10000)
Train epoch: 249 | Loss: *0.069* | Acc: *97.746%* (48873/50000) 
Test epoch: 249 | Loss: *0.380* | Acc: *89.970%* (8997/10000)
Train epoch: 250 | Loss: *0.076* | Acc: *97.466%* (48733/50000) 
Test epoch: 250 | Loss: *0.354* | Acc: *90.470%* (9047/10000)
Train epoch: 251 | Loss: *0.076* | Acc: *97.392%* (48696/50000) 
Test epoch: 251 | Loss: *0.356* | Acc: *90.550%* (9055/10000)
Train epoch: 252 | Loss: *0.077* | Acc: *97.492%* (48746/50000) 
Test epoch: 252 | Loss: *0.355* | Acc: *90.270%* (9027/10000)
Train epoch: 253 | Loss: *0.083* | Acc: *97.190%* (48595/50000) 
Test epoch: 253 | Loss: *0.390* | Acc: *89.930%* (8993/10000)
Train epoch: 254 | Loss: *0.080* | Acc: *97.348%* (48674/50000) 
Test epoch: 254 | Loss: *0.346* | Acc: *90.690%* (9069/10000)
Train epoch: 255 | Loss: *0.082* | Acc: *97.248%* (48624/50000) 
Test epoch: 255 | Loss: *0.331* | Acc: *90.840%* (9084/10000)
Train epoch: 256 | Loss: *0.085* | Acc: *97.192%* (48596/50000) 
Test epoch: 256 | Loss: *0.366* | Acc: *90.450%* (9045/10000)
Train epoch: 257 | Loss: *0.086* | Acc: *97.188%* (48594/50000) 
Test epoch: 257 | Loss: *0.397* | Acc: *89.400%* (8940/10000)
Train epoch: 258 | Loss: *0.087* | Acc: *97.112%* (48556/50000) 
Test epoch: 258 | Loss: *0.314* | Acc: *91.170%* (9117/10000)
Train epoch: 259 | Loss: *0.085* | Acc: *97.096%* (48548/50000) 
Test epoch: 259 | Loss: *0.420* | Acc: *89.090%* (8909/10000)
Train epoch: 260 | Loss: *0.092* | Acc: *96.810%* (48405/50000) 
Test epoch: 260 | Loss: *0.354* | Acc: *90.790%* (9079/10000)
Train epoch: 261 | Loss: *0.088* | Acc: *96.970%* (48485/50000) 
Test epoch: 261 | Loss: *0.335* | Acc: *91.010%* (9101/10000)
Train epoch: 262 | Loss: *0.093* | Acc: *96.764%* (48382/50000) 
Test epoch: 262 | Loss: *0.324* | Acc: *90.720%* (9072/10000)
Train epoch: 263 | Loss: *0.092* | Acc: *96.956%* (48478/50000) 
Test epoch: 263 | Loss: *0.354* | Acc: *89.990%* (8999/10000)
Train epoch: 264 | Loss: *0.091* | Acc: *96.910%* (48455/50000) 
Test epoch: 264 | Loss: *0.347* | Acc: *90.440%* (9044/10000)
Train epoch: 265 | Loss: *0.094* | Acc: *96.748%* (48374/50000) 
Test epoch: 265 | Loss: *0.404* | Acc: *89.110%* (8911/10000)
Train epoch: 266 | Loss: *0.096* | Acc: *96.744%* (48372/50000) 
Test epoch: 266 | Loss: *0.395* | Acc: *89.410%* (8941/10000)
Train epoch: 267 | Loss: *0.103* | Acc: *96.410%* (48205/50000) 
Test epoch: 267 | Loss: *0.345* | Acc: *90.440%* (9044/10000)
Train epoch: 268 | Loss: *0.095* | Acc: *96.790%* (48395/50000) 
Test epoch: 268 | Loss: *0.364* | Acc: *90.000%* (9000/10000)
Train epoch: 269 | Loss: *0.099* | Acc: *96.696%* (48348/50000) 
Test epoch: 269 | Loss: *0.444* | Acc: *88.860%* (8886/10000)
Train epoch: 270 | Loss: *0.102* | Acc: *96.500%* (48250/50000) 
Test epoch: 270 | Loss: *0.376* | Acc: *89.660%* (8966/10000)
Train epoch: 271 | Loss: *0.105* | Acc: *96.494%* (48247/50000) 
Test epoch: 271 | Loss: *0.349* | Acc: *90.110%* (9011/10000)
Train epoch: 272 | Loss: *0.103* | Acc: *96.526%* (48263/50000) 
Test epoch: 272 | Loss: *0.371* | Acc: *90.080%* (9008/10000)
Train epoch: 273 | Loss: *0.108* | Acc: *96.398%* (48199/50000) 
Test epoch: 273 | Loss: *0.456* | Acc: *87.630%* (8763/10000)
Train epoch: 274 | Loss: *0.103* | Acc: *96.510%* (48255/50000) 
Test epoch: 274 | Loss: *0.400* | Acc: *89.250%* (8925/10000)
Train epoch: 275 | Loss: *0.112* | Acc: *96.152%* (48076/50000) 
Test epoch: 275 | Loss: *0.348* | Acc: *90.510%* (9051/10000)
Train epoch: 276 | Loss: *0.110* | Acc: *96.276%* (48138/50000) 
Test epoch: 276 | Loss: *0.485* | Acc: *87.140%* (8714/10000)
Train epoch: 277 | Loss: *0.113* | Acc: *96.142%* (48071/50000) 
Test epoch: 277 | Loss: *0.331* | Acc: *90.550%* (9055/10000)
Train epoch: 278 | Loss: *0.109* | Acc: *96.420%* (48210/50000) 
Test epoch: 278 | Loss: *0.390* | Acc: *89.240%* (8924/10000)
Train epoch: 279 | Loss: *0.114* | Acc: *96.134%* (48067/50000) 
Test epoch: 279 | Loss: *0.376* | Acc: *89.820%* (8982/10000)
Train epoch: 280 | Loss: *0.118* | Acc: *96.000%* (48000/50000) 
Test epoch: 280 | Loss: *0.401* | Acc: *88.750%* (8875/10000)
Train epoch: 281 | Loss: *0.118* | Acc: *95.918%* (47959/50000) 
Test epoch: 281 | Loss: *0.376* | Acc: *89.190%* (8919/10000)
Train epoch: 282 | Loss: *0.121* | Acc: *95.902%* (47951/50000) 
Test epoch: 282 | Loss: *0.377* | Acc: *89.310%* (8931/10000)
Train epoch: 283 | Loss: *0.124* | Acc: *95.808%* (47904/50000) 
Test epoch: 283 | Loss: *0.354* | Acc: *90.310%* (9031/10000)
Train epoch: 284 | Loss: *0.121* | Acc: *95.904%* (47952/50000) 
Test epoch: 284 | Loss: *0.361* | Acc: *89.760%* (8976/10000)
Train epoch: 285 | Loss: *0.122* | Acc: *95.850%* (47925/50000) 
Test epoch: 285 | Loss: *0.363* | Acc: *89.780%* (8978/10000)
Train epoch: 286 | Loss: *0.128* | Acc: *95.672%* (47836/50000) 
Test epoch: 286 | Loss: *0.386* | Acc: *89.170%* (8917/10000)
Train epoch: 287 | Loss: *0.127* | Acc: *95.678%* (47839/50000) 
Test epoch: 287 | Loss: *0.395* | Acc: *89.210%* (8921/10000)
Train epoch: 288 | Loss: *0.134* | Acc: *95.456%* (47728/50000) 
Test epoch: 288 | Loss: *0.437* | Acc: *87.770%* (8777/10000)
Train epoch: 289 | Loss: *0.136* | Acc: *95.406%* (47703/50000) 
Test epoch: 289 | Loss: *0.443* | Acc: *87.870%* (8787/10000)
Train epoch: 290 | Loss: *0.132* | Acc: *95.528%* (47764/50000) 
Test epoch: 290 | Loss: *0.335* | Acc: *90.160%* (9016/10000)
Train epoch: 291 | Loss: *0.132* | Acc: *95.520%* (47760/50000) 
Test epoch: 291 | Loss: *0.359* | Acc: *89.650%* (8965/10000)
Train epoch: 292 | Loss: *0.138* | Acc: *95.282%* (47641/50000) 
Test epoch: 292 | Loss: *0.315* | Acc: *90.380%* (9038/10000)
Train epoch: 293 | Loss: *0.140* | Acc: *95.204%* (47602/50000) 
Test epoch: 293 | Loss: *0.435* | Acc: *87.970%* (8797/10000)
Train epoch: 294 | Loss: *0.145* | Acc: *95.016%* (47508/50000) 
Test epoch: 294 | Loss: *0.408* | Acc: *87.570%* (8757/10000)
Train epoch: 295 | Loss: *0.140* | Acc: *95.188%* (47594/50000) 
Test epoch: 295 | Loss: *0.451* | Acc: *87.220%* (8722/10000)
Train epoch: 296 | Loss: *0.147* | Acc: *95.010%* (47505/50000) 
Test epoch: 296 | Loss: *0.406* | Acc: *88.440%* (8844/10000)
Train epoch: 297 | Loss: *0.150* | Acc: *94.886%* (47443/50000) 
Test epoch: 297 | Loss: *0.383* | Acc: *88.960%* (8896/10000)
Train epoch: 298 | Loss: *0.148* | Acc: *94.942%* (47471/50000) 
Test epoch: 298 | Loss: *0.506* | Acc: *86.500%* (8650/10000)
Train epoch: 299 | Loss: *0.151* | Acc: *94.826%* (47413/50000) 
Test epoch: 299 | Loss: *0.465* | Acc: *86.910%* (8691/10000)
Train epoch: 300 | Loss: *0.156* | Acc: *94.634%* (47317/50000) 
Test epoch: 300 | Loss: *0.393* | Acc: *88.390%* (8839/10000)
Train epoch: 301 | Loss: *0.158* | Acc: *94.556%* (47278/50000) 
Test epoch: 301 | Loss: *0.373* | Acc: *88.650%* (8865/10000)
Train epoch: 302 | Loss: *0.156* | Acc: *94.690%* (47345/50000) 
Test epoch: 302 | Loss: *0.421* | Acc: *88.140%* (8814/10000)
Train epoch: 303 | Loss: *0.162* | Acc: *94.392%* (47196/50000) 
Test epoch: 303 | Loss: *0.468* | Acc: *86.310%* (8631/10000)
Train epoch: 304 | Loss: *0.160* | Acc: *94.396%* (47198/50000) 
Test epoch: 304 | Loss: *0.364* | Acc: *88.900%* (8890/10000)
Train epoch: 305 | Loss: *0.165* | Acc: *94.338%* (47169/50000) 
Test epoch: 305 | Loss: *0.367* | Acc: *89.280%* (8928/10000)
Train epoch: 306 | Loss: *0.162* | Acc: *94.384%* (47192/50000) 
Test epoch: 306 | Loss: *0.493* | Acc: *85.670%* (8567/10000)
Train epoch: 307 | Loss: *0.167* | Acc: *94.324%* (47162/50000) 
Test epoch: 307 | Loss: *0.431* | Acc: *87.920%* (8792/10000)
Train epoch: 308 | Loss: *0.171* | Acc: *94.088%* (47044/50000) 
Test epoch: 308 | Loss: *0.402* | Acc: *88.080%* (8808/10000)
Train epoch: 309 | Loss: *0.172* | Acc: *94.142%* (47071/50000) 
Test epoch: 309 | Loss: *0.491* | Acc: *85.720%* (8572/10000)
Train epoch: 310 | Loss: *0.170* | Acc: *94.046%* (47023/50000) 
Test epoch: 310 | Loss: *0.416* | Acc: *87.290%* (8729/10000)
Train epoch: 311 | Loss: *0.171* | Acc: *94.046%* (47023/50000) 
Test epoch: 311 | Loss: *0.417* | Acc: *87.650%* (8765/10000)
Train epoch: 312 | Loss: *0.183* | Acc: *93.698%* (46849/50000) 
Test epoch: 312 | Loss: *0.391* | Acc: *88.220%* (8822/10000)
Train epoch: 313 | Loss: *0.175* | Acc: *93.988%* (46994/50000) 
Test epoch: 313 | Loss: *0.447* | Acc: *87.130%* (8713/10000)
Train epoch: 314 | Loss: *0.180* | Acc: *93.774%* (46887/50000) 
Test epoch: 314 | Loss: *0.456* | Acc: *86.560%* (8656/10000)
Train epoch: 315 | Loss: *0.179* | Acc: *93.864%* (46932/50000) 
Test epoch: 315 | Loss: *0.384* | Acc: *88.200%* (8820/10000)
Train epoch: 316 | Loss: *0.179* | Acc: *93.734%* (46867/50000) 
Test epoch: 316 | Loss: *0.437* | Acc: *87.420%* (8742/10000)
Train epoch: 317 | Loss: *0.186* | Acc: *93.640%* (46820/50000) 
Test epoch: 317 | Loss: *0.416* | Acc: *87.220%* (8722/10000)
Train epoch: 318 | Loss: *0.188* | Acc: *93.616%* (46808/50000) 
Test epoch: 318 | Loss: *0.587* | Acc: *83.040%* (8304/10000)
Train epoch: 319 | Loss: *0.189* | Acc: *93.432%* (46716/50000) 
Test epoch: 319 | Loss: *0.411* | Acc: *87.000%* (8700/10000)
Train epoch: 320 | Loss: *0.191* | Acc: *93.282%* (46641/50000) 
Test epoch: 320 | Loss: *0.366* | Acc: *88.870%* (8887/10000)
Train epoch: 321 | Loss: *0.190* | Acc: *93.568%* (46784/50000) 
Test epoch: 321 | Loss: *0.438* | Acc: *86.640%* (8664/10000)
Train epoch: 322 | Loss: *0.193* | Acc: *93.412%* (46706/50000) 
Test epoch: 322 | Loss: *0.491* | Acc: *85.740%* (8574/10000)
Train epoch: 323 | Loss: *0.194* | Acc: *93.268%* (46634/50000) 
Test epoch: 323 | Loss: *0.418* | Acc: *87.400%* (8740/10000)
Train epoch: 324 | Loss: *0.195* | Acc: *93.290%* (46645/50000) 
Test epoch: 324 | Loss: *0.410* | Acc: *88.050%* (8805/10000)
Train epoch: 325 | Loss: *0.194* | Acc: *93.354%* (46677/50000) 
Test epoch: 325 | Loss: *0.406* | Acc: *88.110%* (8811/10000)
Train epoch: 326 | Loss: *0.201* | Acc: *93.168%* (46584/50000) 
Test epoch: 326 | Loss: *0.469* | Acc: *86.180%* (8618/10000)
Train epoch: 327 | Loss: *0.203* | Acc: *93.026%* (46513/50000) 
Test epoch: 327 | Loss: *0.626* | Acc: *82.200%* (8220/10000)
Train epoch: 328 | Loss: *0.199* | Acc: *93.074%* (46537/50000) 
Test epoch: 328 | Loss: *0.541* | Acc: *84.470%* (8447/10000)
Train epoch: 329 | Loss: *0.205* | Acc: *93.094%* (46547/50000) 
Test epoch: 329 | Loss: *0.380* | Acc: *88.010%* (8801/10000)
Train epoch: 330 | Loss: *0.204* | Acc: *92.930%* (46465/50000) 
Test epoch: 330 | Loss: *0.440* | Acc: *86.940%* (8694/10000)
Train epoch: 331 | Loss: *0.206* | Acc: *92.918%* (46459/50000) 
Test epoch: 331 | Loss: *0.403* | Acc: *87.830%* (8783/10000)
Train epoch: 332 | Loss: *0.207* | Acc: *92.882%* (46441/50000) 
Test epoch: 332 | Loss: *0.418* | Acc: *87.060%* (8706/10000)
Train epoch: 333 | Loss: *0.213* | Acc: *92.730%* (46365/50000) 
Test epoch: 333 | Loss: *0.432* | Acc: *86.800%* (8680/10000)
Train epoch: 334 | Loss: *0.214* | Acc: *92.684%* (46342/50000) 
Test epoch: 334 | Loss: *0.493* | Acc: *84.150%* (8415/10000)
Train epoch: 335 | Loss: *0.212* | Acc: *92.716%* (46358/50000) 
Test epoch: 335 | Loss: *0.734* | Acc: *79.300%* (7930/10000)
Train epoch: 336 | Loss: *0.216* | Acc: *92.568%* (46284/50000) 
Test epoch: 336 | Loss: *0.456* | Acc: *85.400%* (8540/10000)
Train epoch: 337 | Loss: *0.216* | Acc: *92.624%* (46312/50000) 
Test epoch: 337 | Loss: *0.473* | Acc: *85.590%* (8559/10000)
Train epoch: 338 | Loss: *0.218* | Acc: *92.532%* (46266/50000) 
Test epoch: 338 | Loss: *0.428* | Acc: *86.590%* (8659/10000)
Train epoch: 339 | Loss: *0.217* | Acc: *92.580%* (46290/50000) 
Test epoch: 339 | Loss: *0.540* | Acc: *84.780%* (8478/10000)
Train epoch: 340 | Loss: *0.221* | Acc: *92.450%* (46225/50000) 
Test epoch: 340 | Loss: *0.509* | Acc: *84.960%* (8496/10000)
Train epoch: 341 | Loss: *0.222* | Acc: *92.404%* (46202/50000) 
Test epoch: 341 | Loss: *0.427* | Acc: *87.120%* (8712/10000)
Train epoch: 342 | Loss: *0.218* | Acc: *92.554%* (46277/50000) 
Test epoch: 342 | Loss: *0.367* | Acc: *88.400%* (8840/10000)
Train epoch: 343 | Loss: *0.223* | Acc: *92.322%* (46161/50000) 
Test epoch: 343 | Loss: *0.417* | Acc: *87.230%* (8723/10000)
Train epoch: 344 | Loss: *0.227* | Acc: *92.166%* (46083/50000) 
Test epoch: 344 | Loss: *0.644* | Acc: *81.440%* (8144/10000)
Train epoch: 345 | Loss: *0.228* | Acc: *92.034%* (46017/50000) 
Test epoch: 345 | Loss: *0.417* | Acc: *86.660%* (8666/10000)
Train epoch: 346 | Loss: *0.227* | Acc: *92.174%* (46087/50000) 
Test epoch: 346 | Loss: *0.556* | Acc: *83.730%* (8373/10000)
Train epoch: 347 | Loss: *0.229* | Acc: *92.236%* (46118/50000) 
Test epoch: 347 | Loss: *0.540* | Acc: *84.350%* (8435/10000)
Train epoch: 348 | Loss: *0.232* | Acc: *92.038%* (46019/50000) 
Test epoch: 348 | Loss: *0.507* | Acc: *84.300%* (8430/10000)
Train epoch: 349 | Loss: *0.236* | Acc: *91.858%* (45929/50000) 
Test epoch: 349 | Loss: *0.427* | Acc: *86.900%* (8690/10000)
Train epoch: 350 | Loss: *0.228* | Acc: *92.102%* (46051/50000) 
Test epoch: 350 | Loss: *0.446* | Acc: *85.860%* (8586/10000)
Train epoch: 351 | Loss: *0.235* | Acc: *91.958%* (45979/50000) 
Test epoch: 351 | Loss: *0.461* | Acc: *86.190%* (8619/10000)
Train epoch: 352 | Loss: *0.234* | Acc: *91.922%* (45961/50000) 
Test epoch: 352 | Loss: *0.428* | Acc: *86.650%* (8665/10000)
Train epoch: 353 | Loss: *0.231* | Acc: *92.160%* (46080/50000) 
Test epoch: 353 | Loss: *0.540* | Acc: *83.810%* (8381/10000)
Train epoch: 354 | Loss: *0.241* | Acc: *91.688%* (45844/50000) 
Test epoch: 354 | Loss: *0.565* | Acc: *83.010%* (8301/10000)
Train epoch: 355 | Loss: *0.236* | Acc: *91.982%* (45991/50000) 
Test epoch: 355 | Loss: *0.751* | Acc: *80.180%* (8018/10000)
Train epoch: 356 | Loss: *0.238* | Acc: *91.838%* (45919/50000) 
Test epoch: 356 | Loss: *0.352* | Acc: *88.730%* (8873/10000)
Train epoch: 357 | Loss: *0.240* | Acc: *91.674%* (45837/50000) 
Test epoch: 357 | Loss: *0.490* | Acc: *84.540%* (8454/10000)
Train epoch: 358 | Loss: *0.240* | Acc: *91.766%* (45883/50000) 
Test epoch: 358 | Loss: *0.481* | Acc: *85.440%* (8544/10000)
Train epoch: 359 | Loss: *0.241* | Acc: *91.648%* (45824/50000) 
Test epoch: 359 | Loss: *0.483* | Acc: *84.700%* (8470/10000)
Train epoch: 360 | Loss: *0.238* | Acc: *91.798%* (45899/50000) 
Test epoch: 360 | Loss: *0.509* | Acc: *84.950%* (8495/10000)
Train epoch: 361 | Loss: *0.242* | Acc: *91.736%* (45868/50000) 
Test epoch: 361 | Loss: *0.528* | Acc: *83.450%* (8345/10000)
Train epoch: 362 | Loss: *0.245* | Acc: *91.430%* (45715/50000) 
Test epoch: 362 | Loss: *0.725* | Acc: *80.270%* (8027/10000)
Train epoch: 363 | Loss: *0.246* | Acc: *91.482%* (45741/50000) 
Test epoch: 363 | Loss: *0.451* | Acc: *85.760%* (8576/10000)
Train epoch: 364 | Loss: *0.245* | Acc: *91.536%* (45768/50000) 
Test epoch: 364 | Loss: *0.411* | Acc: *86.860%* (8686/10000)
Train epoch: 365 | Loss: *0.250* | Acc: *91.358%* (45679/50000) 
Test epoch: 365 | Loss: *0.680* | Acc: *80.480%* (8048/10000)
Train epoch: 366 | Loss: *0.249* | Acc: *91.520%* (45760/50000) 
Test epoch: 366 | Loss: *1.035* | Acc: *76.540%* (7654/10000)
Train epoch: 367 | Loss: *0.251* | Acc: *91.446%* (45723/50000) 
Test epoch: 367 | Loss: *0.483* | Acc: *84.360%* (8436/10000)
Train epoch: 368 | Loss: *0.252* | Acc: *91.476%* (45738/50000) 
Test epoch: 368 | Loss: *0.401* | Acc: *87.340%* (8734/10000)
Train epoch: 369 | Loss: *0.250* | Acc: *91.472%* (45736/50000) 
Test epoch: 369 | Loss: *0.472* | Acc: *85.200%* (8520/10000)
Train epoch: 370 | Loss: *0.251* | Acc: *91.460%* (45730/50000) 
Test epoch: 370 | Loss: *0.486* | Acc: *85.030%* (8503/10000)
Train epoch: 371 | Loss: *0.249* | Acc: *91.432%* (45716/50000) 
Test epoch: 371 | Loss: *0.549* | Acc: *84.090%* (8409/10000)
Train epoch: 372 | Loss: *0.250* | Acc: *91.380%* (45690/50000) 
Test epoch: 372 | Loss: *0.541* | Acc: *83.680%* (8368/10000)
Train epoch: 373 | Loss: *0.253* | Acc: *91.296%* (45648/50000) 
Test epoch: 373 | Loss: *0.472* | Acc: *85.470%* (8547/10000)
Train epoch: 374 | Loss: *0.254* | Acc: *91.234%* (45617/50000) 
Test epoch: 374 | Loss: *0.461* | Acc: *86.000%* (8600/10000)
Train epoch: 375 | Loss: *0.254* | Acc: *91.216%* (45608/50000) 
Test epoch: 375 | Loss: *0.431* | Acc: *86.160%* (8616/10000)
Train epoch: 376 | Loss: *0.253* | Acc: *91.412%* (45706/50000) 
Test epoch: 376 | Loss: *0.513* | Acc: *83.810%* (8381/10000)
Train epoch: 377 | Loss: *0.256* | Acc: *91.250%* (45625/50000) 
Test epoch: 377 | Loss: *0.511* | Acc: *84.120%* (8412/10000)
Train epoch: 378 | Loss: *0.253* | Acc: *91.308%* (45654/50000) 
Test epoch: 378 | Loss: *0.486* | Acc: *84.460%* (8446/10000)
Train epoch: 379 | Loss: *0.257* | Acc: *91.172%* (45586/50000) 
Test epoch: 379 | Loss: *0.440* | Acc: *85.570%* (8557/10000)
Train epoch: 380 | Loss: *0.257* | Acc: *91.174%* (45587/50000) 
Test epoch: 380 | Loss: *0.483* | Acc: *84.850%* (8485/10000)
Train epoch: 381 | Loss: *0.256* | Acc: *91.250%* (45625/50000) 
Test epoch: 381 | Loss: *0.716* | Acc: *78.620%* (7862/10000)
Train epoch: 382 | Loss: *0.252* | Acc: *91.270%* (45635/50000) 
Test epoch: 382 | Loss: *0.477* | Acc: *84.920%* (8492/10000)
Train epoch: 383 | Loss: *0.255* | Acc: *91.200%* (45600/50000) 
Test epoch: 383 | Loss: *0.457* | Acc: *85.590%* (8559/10000)
Train epoch: 384 | Loss: *0.260* | Acc: *91.006%* (45503/50000) 
Test epoch: 384 | Loss: *0.424* | Acc: *86.920%* (8692/10000)
Train epoch: 385 | Loss: *0.256* | Acc: *91.180%* (45590/50000) 
Test epoch: 385 | Loss: *0.383* | Acc: *87.580%* (8758/10000)
Train epoch: 386 | Loss: *0.258* | Acc: *91.170%* (45585/50000) 
Test epoch: 386 | Loss: *0.536* | Acc: *83.470%* (8347/10000)
Train epoch: 387 | Loss: *0.261* | Acc: *91.126%* (45563/50000) 
Test epoch: 387 | Loss: *0.516* | Acc: *84.360%* (8436/10000)
Train epoch: 388 | Loss: *0.260* | Acc: *91.000%* (45500/50000) 
Test epoch: 388 | Loss: *0.518* | Acc: *83.860%* (8386/10000)
Train epoch: 389 | Loss: *0.257* | Acc: *91.274%* (45637/50000) 
Test epoch: 389 | Loss: *0.561* | Acc: *83.620%* (8362/10000)
Train epoch: 390 | Loss: *0.262* | Acc: *90.980%* (45490/50000) 
Test epoch: 390 | Loss: *0.637* | Acc: *81.310%* (8131/10000)
Train epoch: 391 | Loss: *0.262* | Acc: *90.944%* (45472/50000) 
Test epoch: 391 | Loss: *0.605* | Acc: *82.600%* (8260/10000)
Train epoch: 392 | Loss: *0.257* | Acc: *91.128%* (45564/50000) 
Test epoch: 392 | Loss: *0.640* | Acc: *81.040%* (8104/10000)
Train epoch: 393 | Loss: *0.261* | Acc: *91.006%* (45503/50000) 
Test epoch: 393 | Loss: *0.444* | Acc: *86.010%* (8601/10000)
Train epoch: 394 | Loss: *0.258* | Acc: *91.102%* (45551/50000) 
Test epoch: 394 | Loss: *0.676* | Acc: *79.760%* (7976/10000)
Train epoch: 395 | Loss: *0.263* | Acc: *91.018%* (45509/50000) 
Test epoch: 395 | Loss: *0.717* | Acc: *78.970%* (7897/10000)
Train epoch: 396 | Loss: *0.259* | Acc: *91.134%* (45567/50000) 
Test epoch: 396 | Loss: *0.365* | Acc: *88.050%* (8805/10000)
Train epoch: 397 | Loss: *0.258* | Acc: *91.168%* (45584/50000) 
Test epoch: 397 | Loss: *0.493* | Acc: *84.940%* (8494/10000)
Train epoch: 398 | Loss: *0.260* | Acc: *91.152%* (45576/50000) 
Test epoch: 398 | Loss: *0.978* | Acc: *73.560%* (7356/10000)
Train epoch: 399 | Loss: *0.263* | Acc: *91.136%* (45568/50000) 
Test epoch: 399 | Loss: *0.752* | Acc: *78.020%* (7802/10000)
Train epoch: 400 | Loss: *0.260* | Acc: *91.052%* (45526/50000) 
Test epoch: 400 | Loss: *0.450* | Acc: *86.080%* (8608/10000)
Train epoch: 401 | Loss: *0.259* | Acc: *91.008%* (45504/50000) 
Test epoch: 401 | Loss: *0.521* | Acc: *83.730%* (8373/10000)
Train epoch: 402 | Loss: *0.259* | Acc: *91.098%* (45549/50000) 
Test epoch: 402 | Loss: *0.476* | Acc: *85.450%* (8545/10000)
Train epoch: 403 | Loss: *0.259* | Acc: *91.168%* (45584/50000) 
Test epoch: 403 | Loss: *1.096* | Acc: *72.660%* (7266/10000)
Train epoch: 404 | Loss: *0.259* | Acc: *91.014%* (45507/50000) 
Test epoch: 404 | Loss: *0.426* | Acc: *86.610%* (8661/10000)
Train epoch: 405 | Loss: *0.262* | Acc: *91.102%* (45551/50000) 
Test epoch: 405 | Loss: *0.454* | Acc: *85.750%* (8575/10000)
Train epoch: 406 | Loss: *0.256* | Acc: *91.298%* (45649/50000) 
Test epoch: 406 | Loss: *1.079* | Acc: *71.640%* (7164/10000)
Train epoch: 407 | Loss: *0.261* | Acc: *91.020%* (45510/50000) 
Test epoch: 407 | Loss: *0.499* | Acc: *84.480%* (8448/10000)
Train epoch: 408 | Loss: *0.256* | Acc: *91.140%* (45570/50000) 
Test epoch: 408 | Loss: *0.371* | Acc: *87.770%* (8777/10000)
Train epoch: 409 | Loss: *0.259* | Acc: *91.088%* (45544/50000) 
Test epoch: 409 | Loss: *0.549* | Acc: *83.190%* (8319/10000)
Train epoch: 410 | Loss: *0.257* | Acc: *91.196%* (45598/50000) 
Test epoch: 410 | Loss: *0.450* | Acc: *86.230%* (8623/10000)
Train epoch: 411 | Loss: *0.258* | Acc: *91.204%* (45602/50000) 
Test epoch: 411 | Loss: *0.498* | Acc: *84.750%* (8475/10000)
Train epoch: 412 | Loss: *0.259* | Acc: *91.048%* (45524/50000) 
Test epoch: 412 | Loss: *0.392* | Acc: *86.810%* (8681/10000)
Train epoch: 413 | Loss: *0.260* | Acc: *91.048%* (45524/50000) 
Test epoch: 413 | Loss: *0.556* | Acc: *83.890%* (8389/10000)
Train epoch: 414 | Loss: *0.257* | Acc: *91.120%* (45560/50000) 
Test epoch: 414 | Loss: *0.473* | Acc: *85.930%* (8593/10000)
Train epoch: 415 | Loss: *0.259* | Acc: *91.134%* (45567/50000) 
Test epoch: 415 | Loss: *0.465* | Acc: *85.300%* (8530/10000)
Train epoch: 416 | Loss: *0.258* | Acc: *91.120%* (45560/50000) 
Test epoch: 416 | Loss: *0.449* | Acc: *85.700%* (8570/10000)
Train epoch: 417 | Loss: *0.257* | Acc: *91.220%* (45610/50000) 
Test epoch: 417 | Loss: *0.419* | Acc: *86.460%* (8646/10000)
Train epoch: 418 | Loss: *0.254* | Acc: *91.250%* (45625/50000) 
Test epoch: 418 | Loss: *0.501* | Acc: *84.630%* (8463/10000)
Train epoch: 419 | Loss: *0.254* | Acc: *91.344%* (45672/50000) 
Test epoch: 419 | Loss: *0.650* | Acc: *81.500%* (8150/10000)
Train epoch: 420 | Loss: *0.251* | Acc: *91.542%* (45771/50000) 
Test epoch: 420 | Loss: *0.448* | Acc: *85.970%* (8597/10000)
Train epoch: 421 | Loss: *0.259* | Acc: *91.162%* (45581/50000) 
Test epoch: 421 | Loss: *0.508* | Acc: *84.760%* (8476/10000)
Train epoch: 422 | Loss: *0.256* | Acc: *91.132%* (45566/50000) 
Test epoch: 422 | Loss: *0.460* | Acc: *84.760%* (8476/10000)
Train epoch: 423 | Loss: *0.251* | Acc: *91.374%* (45687/50000) 
Test epoch: 423 | Loss: *0.552* | Acc: *82.220%* (8222/10000)
Train epoch: 424 | Loss: *0.251* | Acc: *91.464%* (45732/50000) 
Test epoch: 424 | Loss: *0.620* | Acc: *80.910%* (8091/10000)
Train epoch: 425 | Loss: *0.255* | Acc: *91.234%* (45617/50000) 
Test epoch: 425 | Loss: *0.535* | Acc: *83.040%* (8304/10000)
Train epoch: 426 | Loss: *0.254* | Acc: *91.238%* (45619/50000) 
Test epoch: 426 | Loss: *0.458* | Acc: *85.290%* (8529/10000)
Train epoch: 427 | Loss: *0.252* | Acc: *91.236%* (45618/50000) 
Test epoch: 427 | Loss: *0.442* | Acc: *86.560%* (8656/10000)
Train epoch: 428 | Loss: *0.251* | Acc: *91.404%* (45702/50000) 
Test epoch: 428 | Loss: *0.618* | Acc: *81.760%* (8176/10000)
Train epoch: 429 | Loss: *0.246* | Acc: *91.626%* (45813/50000) 
Test epoch: 429 | Loss: *0.488* | Acc: *85.080%* (8508/10000)
Train epoch: 430 | Loss: *0.251* | Acc: *91.406%* (45703/50000) 
Test epoch: 430 | Loss: *0.561* | Acc: *82.870%* (8287/10000)
Train epoch: 431 | Loss: *0.250* | Acc: *91.460%* (45730/50000) 
Test epoch: 431 | Loss: *0.439* | Acc: *86.260%* (8626/10000)
Train epoch: 432 | Loss: *0.250* | Acc: *91.456%* (45728/50000) 
Test epoch: 432 | Loss: *0.423* | Acc: *86.790%* (8679/10000)
Train epoch: 433 | Loss: *0.246* | Acc: *91.568%* (45784/50000) 
Test epoch: 433 | Loss: *0.419* | Acc: *86.880%* (8688/10000)
Train epoch: 434 | Loss: *0.243* | Acc: *91.766%* (45883/50000) 
Test epoch: 434 | Loss: *0.528* | Acc: *83.530%* (8353/10000)
Train epoch: 435 | Loss: *0.248* | Acc: *91.540%* (45770/50000) 
Test epoch: 435 | Loss: *0.512* | Acc: *84.590%* (8459/10000)
Train epoch: 436 | Loss: *0.245* | Acc: *91.570%* (45785/50000) 
Test epoch: 436 | Loss: *0.567* | Acc: *83.430%* (8343/10000)
Train epoch: 437 | Loss: *0.241* | Acc: *91.716%* (45858/50000) 
Test epoch: 437 | Loss: *0.417* | Acc: *86.970%* (8697/10000)
Train epoch: 438 | Loss: *0.242* | Acc: *91.620%* (45810/50000) 
Test epoch: 438 | Loss: *0.505* | Acc: *85.180%* (8518/10000)
Train epoch: 439 | Loss: *0.241* | Acc: *91.752%* (45876/50000) 
Test epoch: 439 | Loss: *0.500* | Acc: *85.120%* (8512/10000)
Train epoch: 440 | Loss: *0.244* | Acc: *91.718%* (45859/50000) 
Test epoch: 440 | Loss: *0.467* | Acc: *85.200%* (8520/10000)
Train epoch: 441 | Loss: *0.242* | Acc: *91.660%* (45830/50000) 
Test epoch: 441 | Loss: *0.417* | Acc: *86.880%* (8688/10000)
Train epoch: 442 | Loss: *0.240* | Acc: *91.710%* (45855/50000) 
Test epoch: 442 | Loss: *0.466* | Acc: *85.740%* (8574/10000)
Train epoch: 443 | Loss: *0.240* | Acc: *91.686%* (45843/50000) 
Test epoch: 443 | Loss: *0.421* | Acc: *87.140%* (8714/10000)
Train epoch: 444 | Loss: *0.241* | Acc: *91.690%* (45845/50000) 
Test epoch: 444 | Loss: *0.572* | Acc: *82.920%* (8292/10000)
Train epoch: 445 | Loss: *0.236* | Acc: *91.928%* (45964/50000) 
Test epoch: 445 | Loss: *0.511* | Acc: *84.280%* (8428/10000)
Train epoch: 446 | Loss: *0.233* | Acc: *91.952%* (45976/50000) 
Test epoch: 446 | Loss: *1.047* | Acc: *75.150%* (7515/10000)
Train epoch: 447 | Loss: *0.236* | Acc: *91.956%* (45978/50000) 
Test epoch: 447 | Loss: *0.444* | Acc: *86.350%* (8635/10000)
Train epoch: 448 | Loss: *0.229* | Acc: *92.120%* (46060/50000) 
Test epoch: 448 | Loss: *0.508* | Acc: *84.610%* (8461/10000)
Train epoch: 449 | Loss: *0.232* | Acc: *91.960%* (45980/50000) 
Test epoch: 449 | Loss: *0.522* | Acc: *84.440%* (8444/10000)
Train epoch: 450 | Loss: *0.231* | Acc: *92.164%* (46082/50000) 
Test epoch: 450 | Loss: *0.537* | Acc: *83.610%* (8361/10000)
Train epoch: 451 | Loss: *0.232* | Acc: *92.070%* (46035/50000) 
Test epoch: 451 | Loss: *0.475* | Acc: *85.630%* (8563/10000)
Train epoch: 452 | Loss: *0.230* | Acc: *92.014%* (46007/50000) 
Test epoch: 452 | Loss: *0.495* | Acc: *84.740%* (8474/10000)
Train epoch: 453 | Loss: *0.226* | Acc: *92.324%* (46162/50000) 
Test epoch: 453 | Loss: *0.420* | Acc: *86.780%* (8678/10000)
Train epoch: 454 | Loss: *0.224* | Acc: *92.230%* (46115/50000) 
Test epoch: 454 | Loss: *0.475* | Acc: *85.630%* (8563/10000)
Train epoch: 455 | Loss: *0.225* | Acc: *92.328%* (46164/50000) 
Test epoch: 455 | Loss: *0.353* | Acc: *89.110%* (8911/10000)
Train epoch: 456 | Loss: *0.224* | Acc: *92.196%* (46098/50000) 
Test epoch: 456 | Loss: *0.465* | Acc: *86.310%* (8631/10000)
Train epoch: 457 | Loss: *0.222* | Acc: *92.392%* (46196/50000) 
Test epoch: 457 | Loss: *0.359* | Acc: *88.650%* (8865/10000)
Train epoch: 458 | Loss: *0.213* | Acc: *92.720%* (46360/50000) 
Test epoch: 458 | Loss: *0.525* | Acc: *84.290%* (8429/10000)
Train epoch: 459 | Loss: *0.219* | Acc: *92.350%* (46175/50000) 
Test epoch: 459 | Loss: *0.372* | Acc: *88.210%* (8821/10000)
Train epoch: 460 | Loss: *0.218* | Acc: *92.506%* (46253/50000) 
Test epoch: 460 | Loss: *0.396* | Acc: *87.930%* (8793/10000)
Train epoch: 461 | Loss: *0.215* | Acc: *92.618%* (46309/50000) 
Test epoch: 461 | Loss: *0.480* | Acc: *85.380%* (8538/10000)
Train epoch: 462 | Loss: *0.211* | Acc: *92.656%* (46328/50000) 
Test epoch: 462 | Loss: *0.488* | Acc: *85.500%* (8550/10000)
Train epoch: 463 | Loss: *0.212* | Acc: *92.720%* (46360/50000) 
Test epoch: 463 | Loss: *0.346* | Acc: *89.160%* (8916/10000)
Train epoch: 464 | Loss: *0.211* | Acc: *92.852%* (46426/50000) 
Test epoch: 464 | Loss: *0.458* | Acc: *85.810%* (8581/10000)
Train epoch: 465 | Loss: *0.214* | Acc: *92.498%* (46249/50000) 
Test epoch: 465 | Loss: *0.411* | Acc: *87.450%* (8745/10000)
Train epoch: 466 | Loss: *0.210* | Acc: *92.740%* (46370/50000) 
Test epoch: 466 | Loss: *0.440* | Acc: *86.030%* (8603/10000)
Train epoch: 467 | Loss: *0.209* | Acc: *92.832%* (46416/50000) 
Test epoch: 467 | Loss: *0.599* | Acc: *83.180%* (8318/10000)
Train epoch: 468 | Loss: *0.206* | Acc: *92.934%* (46467/50000) 
Test epoch: 468 | Loss: *0.666* | Acc: *82.480%* (8248/10000)
Train epoch: 469 | Loss: *0.203* | Acc: *92.884%* (46442/50000) 
Test epoch: 469 | Loss: *0.406* | Acc: *87.630%* (8763/10000)
Train epoch: 470 | Loss: *0.199* | Acc: *93.174%* (46587/50000) 
Test epoch: 470 | Loss: *0.421* | Acc: *87.190%* (8719/10000)
Train epoch: 471 | Loss: *0.204* | Acc: *92.854%* (46427/50000) 
Test epoch: 471 | Loss: *0.358* | Acc: *88.610%* (8861/10000)
Train epoch: 472 | Loss: *0.202* | Acc: *93.064%* (46532/50000) 
Test epoch: 472 | Loss: *0.412* | Acc: *87.400%* (8740/10000)
Train epoch: 473 | Loss: *0.197* | Acc: *93.282%* (46641/50000) 
Test epoch: 473 | Loss: *0.412* | Acc: *87.320%* (8732/10000)
Train epoch: 474 | Loss: *0.193* | Acc: *93.268%* (46634/50000) 
Test epoch: 474 | Loss: *0.403* | Acc: *88.220%* (8822/10000)
Train epoch: 475 | Loss: *0.193* | Acc: *93.400%* (46700/50000) 
Test epoch: 475 | Loss: *0.474* | Acc: *86.090%* (8609/10000)
Train epoch: 476 | Loss: *0.192* | Acc: *93.414%* (46707/50000) 
Test epoch: 476 | Loss: *0.450* | Acc: *86.640%* (8664/10000)
Train epoch: 477 | Loss: *0.192* | Acc: *93.388%* (46694/50000) 
Test epoch: 477 | Loss: *0.436* | Acc: *87.030%* (8703/10000)
Train epoch: 478 | Loss: *0.186* | Acc: *93.568%* (46784/50000) 
Test epoch: 478 | Loss: *0.349* | Acc: *89.110%* (8911/10000)
Train epoch: 479 | Loss: *0.182* | Acc: *93.648%* (46824/50000) 
Test epoch: 479 | Loss: *0.441* | Acc: *86.880%* (8688/10000)
Train epoch: 480 | Loss: *0.181* | Acc: *93.814%* (46907/50000) 
Test epoch: 480 | Loss: *0.469* | Acc: *86.130%* (8613/10000)
Train epoch: 481 | Loss: *0.184* | Acc: *93.752%* (46876/50000) 
Test epoch: 481 | Loss: *0.396* | Acc: *87.530%* (8753/10000)
Train epoch: 482 | Loss: *0.181* | Acc: *93.750%* (46875/50000) 
Test epoch: 482 | Loss: *0.342* | Acc: *89.330%* (8933/10000)
Train epoch: 483 | Loss: *0.178* | Acc: *93.940%* (46970/50000) 
Test epoch: 483 | Loss: *0.471* | Acc: *86.280%* (8628/10000)
Train epoch: 484 | Loss: *0.174* | Acc: *93.974%* (46987/50000) 
Test epoch: 484 | Loss: *0.456* | Acc: *86.950%* (8695/10000)
Train epoch: 485 | Loss: *0.179* | Acc: *93.908%* (46954/50000) 
Test epoch: 485 | Loss: *0.372* | Acc: *88.440%* (8844/10000)
Train epoch: 486 | Loss: *0.169* | Acc: *94.200%* (47100/50000) 
Test epoch: 486 | Loss: *0.353* | Acc: *89.530%* (8953/10000)
Train epoch: 487 | Loss: *0.168* | Acc: *94.196%* (47098/50000) 
Test epoch: 487 | Loss: *0.432* | Acc: *87.130%* (8713/10000)
Train epoch: 488 | Loss: *0.169* | Acc: *94.234%* (47117/50000) 
Test epoch: 488 | Loss: *0.335* | Acc: *89.670%* (8967/10000)
Train epoch: 489 | Loss: *0.163* | Acc: *94.374%* (47187/50000) 
Test epoch: 489 | Loss: *0.514* | Acc: *84.960%* (8496/10000)
Train epoch: 490 | Loss: *0.161* | Acc: *94.496%* (47248/50000) 
Test epoch: 490 | Loss: *0.379* | Acc: *88.710%* (8871/10000)
Train epoch: 491 | Loss: *0.162* | Acc: *94.420%* (47210/50000) 
Test epoch: 491 | Loss: *0.353* | Acc: *89.440%* (8944/10000)
Train epoch: 492 | Loss: *0.163* | Acc: *94.360%* (47180/50000) 
Test epoch: 492 | Loss: *0.379* | Acc: *88.620%* (8862/10000)
Train epoch: 493 | Loss: *0.153* | Acc: *94.650%* (47325/50000) 
Test epoch: 493 | Loss: *0.395* | Acc: *88.430%* (8843/10000)
Train epoch: 494 | Loss: *0.154* | Acc: *94.622%* (47311/50000) 
Test epoch: 494 | Loss: *0.377* | Acc: *89.030%* (8903/10000)
Train epoch: 495 | Loss: *0.153* | Acc: *94.844%* (47422/50000) 
Test epoch: 495 | Loss: *0.357* | Acc: *89.500%* (8950/10000)
Train epoch: 496 | Loss: *0.151* | Acc: *94.764%* (47382/50000) 
Test epoch: 496 | Loss: *0.406* | Acc: *87.950%* (8795/10000)
Train epoch: 497 | Loss: *0.147* | Acc: *95.126%* (47563/50000) 
Test epoch: 497 | Loss: *0.348* | Acc: *89.780%* (8978/10000)
Train epoch: 498 | Loss: *0.148* | Acc: *94.876%* (47438/50000) 
Test epoch: 498 | Loss: *0.394* | Acc: *88.340%* (8834/10000)
Train epoch: 499 | Loss: *0.141* | Acc: *95.122%* (47561/50000) 
Test epoch: 499 | Loss: *0.419* | Acc: *87.730%* (8773/10000)
Train epoch: 500 | Loss: *0.140* | Acc: *95.226%* (47613/50000) 
Test epoch: 500 | Loss: *0.334* | Acc: *90.080%* (9008/10000)
Best test accuracy: *94.140%*, loss: *0.22411966718733312*, at epoch: *203*.
==> Execution time summary of 500 epoch(s).
Train data loading time: sum. *234.35194980725646* secs | avg. *0.4687038996145129* secs per epoch.
Train training time: sum. *1822.6738963322714* secs | avg. *3.645347792664543* secs per epoch.
Train total time: sum. *2057.025846139528* secs | avg. *4.114051692279055* secs per epoch.
Test data loading time: sum. *116.33511213492602* secs | avg. *0.23267022426985204* secs per epoch.
Test training time: sum. *123.5477261338383* secs | avg. *0.2470954522676766* secs per epoch.
Test total time: sum. *239.88283826876432* secs | avg. *0.4797656765375286* secs per epoch.
Total data loading time: sum. *350.6870619421825* secs | avg. *0.7013741238843649* secs per epoch.
Total training time: sum. *1946.2216224661097* secs | avg. *3.8924432449322195* secs per epoch.
Total running time: sum. *2296.908684408292* secs | avg. *4.593817368816584* secs per epoch.
==> Number of GPU device: 1
==> Device 0 Memory Usage
==> Allocated: 0.1 GB
==> Cached:    1.0 GB
==> Maximum: 1.0 GB
