==> Running on : cuda
==> Number of CPU: 48
==> Number of workers: 2
==> #Epochs: 500, #Layers: 4, #Blocks: [2, 1, 1, 1], In channel: 64, Input layer conv kernel: 7x7, Residual layer conv kernel 3x3, Skip kernel: 1x1, Input layer conv padding: 1, Residual layer conv padding: 1
==> Optimizer is SGD with Nesterov
==> Momentum: 0.9
==> Learning rate: 0.1
==> Weight decay: 0.0005
==>Trainable Parameters: 4984906
==>Other Parameters: 0
==>Augmentation: RandomCrop(32, padding=4), RandomHorizontalFlip(), Normalize((0.4914, 0.4822, 0.4465), (0.2023, 0.1994, 0.2010)
Files already downloaded and verified
Train epoch: 1 | Loss: *1.611* | Acc: *40.676%* (20338/50000) 
Test epoch: 1 | Loss: *1.371* | Acc: *50.080%* (5008/10000)
Train epoch: 2 | Loss: *1.194* | Acc: *57.168%* (28584/50000) 
Test epoch: 2 | Loss: *1.194* | Acc: *58.120%* (5812/10000)
Train epoch: 3 | Loss: *0.971* | Acc: *65.874%* (32937/50000) 
Test epoch: 3 | Loss: *1.109* | Acc: *62.940%* (6294/10000)
Train epoch: 4 | Loss: *0.822* | Acc: *71.028%* (35514/50000) 
Test epoch: 4 | Loss: *0.932* | Acc: *67.500%* (6750/10000)
Train epoch: 5 | Loss: *0.704* | Acc: *75.432%* (37716/50000) 
Test epoch: 5 | Loss: *0.702* | Acc: *75.930%* (7593/10000)
Train epoch: 6 | Loss: *0.632* | Acc: *77.856%* (38928/50000) 
Test epoch: 6 | Loss: *0.682* | Acc: *76.890%* (7689/10000)
Train epoch: 7 | Loss: *0.580* | Acc: *79.936%* (39968/50000) 
Test epoch: 7 | Loss: *0.726* | Acc: *75.380%* (7538/10000)
Train epoch: 8 | Loss: *0.547* | Acc: *81.010%* (40505/50000) 
Test epoch: 8 | Loss: *0.674* | Acc: *77.490%* (7749/10000)
Train epoch: 9 | Loss: *0.521* | Acc: *82.078%* (41039/50000) 
Test epoch: 9 | Loss: *0.620* | Acc: *79.590%* (7959/10000)
Train epoch: 10 | Loss: *0.501* | Acc: *82.792%* (41396/50000) 
Test epoch: 10 | Loss: *0.638* | Acc: *78.560%* (7856/10000)
Train epoch: 11 | Loss: *0.482* | Acc: *83.442%* (41721/50000) 
Test epoch: 11 | Loss: *0.612* | Acc: *79.190%* (7919/10000)
Train epoch: 12 | Loss: *0.468* | Acc: *83.932%* (41966/50000) 
Test epoch: 12 | Loss: *0.572* | Acc: *80.400%* (8040/10000)
Train epoch: 13 | Loss: *0.454* | Acc: *84.356%* (42178/50000) 
Test epoch: 13 | Loss: *0.763* | Acc: *75.290%* (7529/10000)
Train epoch: 14 | Loss: *0.448* | Acc: *84.522%* (42261/50000) 
Test epoch: 14 | Loss: *0.492* | Acc: *82.960%* (8296/10000)
Train epoch: 15 | Loss: *0.434* | Acc: *85.164%* (42582/50000) 
Test epoch: 15 | Loss: *0.552* | Acc: *81.500%* (8150/10000)
Train epoch: 16 | Loss: *0.428* | Acc: *85.304%* (42652/50000) 
Test epoch: 16 | Loss: *0.534* | Acc: *81.980%* (8198/10000)
Train epoch: 17 | Loss: *0.423* | Acc: *85.574%* (42787/50000) 
Test epoch: 17 | Loss: *0.614* | Acc: *79.130%* (7913/10000)
Train epoch: 18 | Loss: *0.412* | Acc: *85.732%* (42866/50000) 
Test epoch: 18 | Loss: *0.583* | Acc: *81.220%* (8122/10000)
Train epoch: 19 | Loss: *0.409* | Acc: *85.916%* (42958/50000) 
Test epoch: 19 | Loss: *0.488* | Acc: *83.670%* (8367/10000)
Train epoch: 20 | Loss: *0.402* | Acc: *86.142%* (43071/50000) 
Test epoch: 20 | Loss: *0.525* | Acc: *82.400%* (8240/10000)
Train epoch: 21 | Loss: *0.396* | Acc: *86.324%* (43162/50000) 
Test epoch: 21 | Loss: *0.651* | Acc: *78.230%* (7823/10000)
Train epoch: 22 | Loss: *0.391* | Acc: *86.554%* (43277/50000) 
Test epoch: 22 | Loss: *0.592* | Acc: *80.580%* (8058/10000)
Train epoch: 23 | Loss: *0.388* | Acc: *86.756%* (43378/50000) 
Test epoch: 23 | Loss: *0.735* | Acc: *77.300%* (7730/10000)
Train epoch: 24 | Loss: *0.385* | Acc: *86.890%* (43445/50000) 
Test epoch: 24 | Loss: *0.469* | Acc: *84.060%* (8406/10000)
Train epoch: 25 | Loss: *0.380* | Acc: *86.920%* (43460/50000) 
Test epoch: 25 | Loss: *0.552* | Acc: *81.780%* (8178/10000)
Train epoch: 26 | Loss: *0.379* | Acc: *86.898%* (43449/50000) 
Test epoch: 26 | Loss: *0.557* | Acc: *81.990%* (8199/10000)
Train epoch: 27 | Loss: *0.377* | Acc: *86.950%* (43475/50000) 
Test epoch: 27 | Loss: *0.495* | Acc: *84.020%* (8402/10000)
Train epoch: 28 | Loss: *0.372* | Acc: *87.216%* (43608/50000) 
Test epoch: 28 | Loss: *0.509* | Acc: *82.960%* (8296/10000)
Train epoch: 29 | Loss: *0.367* | Acc: *87.484%* (43742/50000) 
Test epoch: 29 | Loss: *0.500* | Acc: *83.170%* (8317/10000)
Train epoch: 30 | Loss: *0.363* | Acc: *87.606%* (43803/50000) 
Test epoch: 30 | Loss: *0.601* | Acc: *80.100%* (8010/10000)
Train epoch: 31 | Loss: *0.373* | Acc: *87.334%* (43667/50000) 
Test epoch: 31 | Loss: *0.566* | Acc: *81.900%* (8190/10000)
Train epoch: 32 | Loss: *0.362* | Acc: *87.496%* (43748/50000) 
Test epoch: 32 | Loss: *0.436* | Acc: *85.420%* (8542/10000)
Train epoch: 33 | Loss: *0.358* | Acc: *87.622%* (43811/50000) 
Test epoch: 33 | Loss: *0.490* | Acc: *83.230%* (8323/10000)
Train epoch: 34 | Loss: *0.359* | Acc: *87.684%* (43842/50000) 
Test epoch: 34 | Loss: *0.587* | Acc: *81.910%* (8191/10000)
Train epoch: 35 | Loss: *0.352* | Acc: *87.926%* (43963/50000) 
Test epoch: 35 | Loss: *0.522* | Acc: *83.410%* (8341/10000)
Train epoch: 36 | Loss: *0.352* | Acc: *88.066%* (44033/50000) 
Test epoch: 36 | Loss: *0.609* | Acc: *81.720%* (8172/10000)
Train epoch: 37 | Loss: *0.355* | Acc: *87.636%* (43818/50000) 
Test epoch: 37 | Loss: *0.533* | Acc: *82.880%* (8288/10000)
Train epoch: 38 | Loss: *0.353* | Acc: *87.902%* (43951/50000) 
Test epoch: 38 | Loss: *0.555* | Acc: *81.930%* (8193/10000)
Train epoch: 39 | Loss: *0.347* | Acc: *87.954%* (43977/50000) 
Test epoch: 39 | Loss: *0.505* | Acc: *82.560%* (8256/10000)
Train epoch: 40 | Loss: *0.346* | Acc: *88.120%* (44060/50000) 
Test epoch: 40 | Loss: *0.442* | Acc: *85.060%* (8506/10000)
Train epoch: 41 | Loss: *0.352* | Acc: *87.932%* (43966/50000) 
Test epoch: 41 | Loss: *0.451* | Acc: *85.110%* (8511/10000)
Train epoch: 42 | Loss: *0.341* | Acc: *88.108%* (44054/50000) 
Test epoch: 42 | Loss: *0.562* | Acc: *81.420%* (8142/10000)
Train epoch: 43 | Loss: *0.342* | Acc: *88.284%* (44142/50000) 
Test epoch: 43 | Loss: *0.570* | Acc: *82.130%* (8213/10000)
Train epoch: 44 | Loss: *0.344* | Acc: *88.242%* (44121/50000) 
Test epoch: 44 | Loss: *0.420* | Acc: *85.780%* (8578/10000)
Train epoch: 45 | Loss: *0.337* | Acc: *88.384%* (44192/50000) 
Test epoch: 45 | Loss: *0.504* | Acc: *83.510%* (8351/10000)
Train epoch: 46 | Loss: *0.341* | Acc: *88.208%* (44104/50000) 
Test epoch: 46 | Loss: *0.522* | Acc: *83.410%* (8341/10000)
Train epoch: 47 | Loss: *0.332* | Acc: *88.470%* (44235/50000) 
Test epoch: 47 | Loss: *0.566* | Acc: *81.550%* (8155/10000)
Train epoch: 48 | Loss: *0.333* | Acc: *88.500%* (44250/50000) 
Test epoch: 48 | Loss: *0.475* | Acc: *84.910%* (8491/10000)
Train epoch: 49 | Loss: *0.334* | Acc: *88.436%* (44218/50000) 
Test epoch: 49 | Loss: *0.470* | Acc: *83.610%* (8361/10000)
Train epoch: 50 | Loss: *0.333* | Acc: *88.364%* (44182/50000) 
Test epoch: 50 | Loss: *0.616* | Acc: *79.730%* (7973/10000)
Train epoch: 51 | Loss: *0.329* | Acc: *88.840%* (44420/50000) 
Test epoch: 51 | Loss: *0.379* | Acc: *86.880%* (8688/10000)
Train epoch: 52 | Loss: *0.322* | Acc: *88.872%* (44436/50000) 
Test epoch: 52 | Loss: *0.542* | Acc: *83.060%* (8306/10000)
Train epoch: 53 | Loss: *0.324* | Acc: *88.902%* (44451/50000) 
Test epoch: 53 | Loss: *0.516* | Acc: *83.110%* (8311/10000)
Train epoch: 54 | Loss: *0.321* | Acc: *88.944%* (44472/50000) 
Test epoch: 54 | Loss: *0.408* | Acc: *86.170%* (8617/10000)
Train epoch: 55 | Loss: *0.317* | Acc: *89.082%* (44541/50000) 
Test epoch: 55 | Loss: *0.403* | Acc: *86.990%* (8699/10000)
Train epoch: 56 | Loss: *0.321* | Acc: *89.044%* (44522/50000) 
Test epoch: 56 | Loss: *0.410* | Acc: *86.240%* (8624/10000)
Train epoch: 57 | Loss: *0.313* | Acc: *89.166%* (44583/50000) 
Test epoch: 57 | Loss: *0.482* | Acc: *84.050%* (8405/10000)
Train epoch: 58 | Loss: *0.318* | Acc: *89.180%* (44590/50000) 
Test epoch: 58 | Loss: *0.529* | Acc: *82.380%* (8238/10000)
Train epoch: 59 | Loss: *0.309* | Acc: *89.400%* (44700/50000) 
Test epoch: 59 | Loss: *0.458* | Acc: *84.890%* (8489/10000)
Train epoch: 60 | Loss: *0.313* | Acc: *89.256%* (44628/50000) 
Test epoch: 60 | Loss: *0.576* | Acc: *81.460%* (8146/10000)
Train epoch: 61 | Loss: *0.310* | Acc: *89.412%* (44706/50000) 
Test epoch: 61 | Loss: *0.580* | Acc: *81.770%* (8177/10000)
Train epoch: 62 | Loss: *0.310* | Acc: *89.428%* (44714/50000) 
Test epoch: 62 | Loss: *0.485* | Acc: *83.840%* (8384/10000)
Train epoch: 63 | Loss: *0.307* | Acc: *89.554%* (44777/50000) 
Test epoch: 63 | Loss: *0.409* | Acc: *86.380%* (8638/10000)
Train epoch: 64 | Loss: *0.311* | Acc: *89.292%* (44646/50000) 
Test epoch: 64 | Loss: *0.443* | Acc: *85.300%* (8530/10000)
Train epoch: 65 | Loss: *0.302* | Acc: *89.480%* (44740/50000) 
Test epoch: 65 | Loss: *0.432* | Acc: *85.640%* (8564/10000)
Train epoch: 66 | Loss: *0.300* | Acc: *89.620%* (44810/50000) 
Test epoch: 66 | Loss: *0.585* | Acc: *81.580%* (8158/10000)
Train epoch: 67 | Loss: *0.301* | Acc: *89.698%* (44849/50000) 
Test epoch: 67 | Loss: *0.423* | Acc: *86.300%* (8630/10000)
Train epoch: 68 | Loss: *0.297* | Acc: *89.664%* (44832/50000) 
Test epoch: 68 | Loss: *0.659* | Acc: *79.360%* (7936/10000)
Train epoch: 69 | Loss: *0.299* | Acc: *89.764%* (44882/50000) 
Test epoch: 69 | Loss: *0.395* | Acc: *86.590%* (8659/10000)
Train epoch: 70 | Loss: *0.292* | Acc: *89.850%* (44925/50000) 
Test epoch: 70 | Loss: *0.392* | Acc: *86.670%* (8667/10000)
Train epoch: 71 | Loss: *0.293* | Acc: *90.122%* (45061/50000) 
Test epoch: 71 | Loss: *0.372* | Acc: *87.240%* (8724/10000)
Train epoch: 72 | Loss: *0.286* | Acc: *90.050%* (45025/50000) 
Test epoch: 72 | Loss: *0.471* | Acc: *84.210%* (8421/10000)
Train epoch: 73 | Loss: *0.294* | Acc: *89.946%* (44973/50000) 
Test epoch: 73 | Loss: *0.516* | Acc: *83.950%* (8395/10000)
Train epoch: 74 | Loss: *0.287* | Acc: *90.072%* (45036/50000) 
Test epoch: 74 | Loss: *0.398* | Acc: *86.880%* (8688/10000)
Train epoch: 75 | Loss: *0.283* | Acc: *90.086%* (45043/50000) 
Test epoch: 75 | Loss: *0.419* | Acc: *86.500%* (8650/10000)
Train epoch: 76 | Loss: *0.283* | Acc: *90.364%* (45182/50000) 
Test epoch: 76 | Loss: *0.382* | Acc: *87.070%* (8707/10000)
Train epoch: 77 | Loss: *0.281* | Acc: *90.252%* (45126/50000) 
Test epoch: 77 | Loss: *0.428* | Acc: *86.400%* (8640/10000)
Train epoch: 78 | Loss: *0.278* | Acc: *90.424%* (45212/50000) 
Test epoch: 78 | Loss: *0.405* | Acc: *86.810%* (8681/10000)
Train epoch: 79 | Loss: *0.275* | Acc: *90.360%* (45180/50000) 
Test epoch: 79 | Loss: *0.471* | Acc: *84.840%* (8484/10000)
Train epoch: 80 | Loss: *0.275* | Acc: *90.548%* (45274/50000) 
Test epoch: 80 | Loss: *0.503* | Acc: *83.730%* (8373/10000)
Train epoch: 81 | Loss: *0.270* | Acc: *90.720%* (45360/50000) 
Test epoch: 81 | Loss: *0.421* | Acc: *86.150%* (8615/10000)
Train epoch: 82 | Loss: *0.268* | Acc: *90.706%* (45353/50000) 
Test epoch: 82 | Loss: *0.450* | Acc: *85.440%* (8544/10000)
Train epoch: 83 | Loss: *0.262* | Acc: *90.896%* (45448/50000) 
Test epoch: 83 | Loss: *0.401* | Acc: *86.690%* (8669/10000)
Train epoch: 84 | Loss: *0.266* | Acc: *90.936%* (45468/50000) 
Test epoch: 84 | Loss: *0.419* | Acc: *86.290%* (8629/10000)
Train epoch: 85 | Loss: *0.265* | Acc: *90.840%* (45420/50000) 
Test epoch: 85 | Loss: *0.448* | Acc: *85.860%* (8586/10000)
Train epoch: 86 | Loss: *0.258* | Acc: *91.140%* (45570/50000) 
Test epoch: 86 | Loss: *0.425* | Acc: *86.060%* (8606/10000)
Train epoch: 87 | Loss: *0.261* | Acc: *91.014%* (45507/50000) 
Test epoch: 87 | Loss: *0.420* | Acc: *86.470%* (8647/10000)
Train epoch: 88 | Loss: *0.256* | Acc: *91.144%* (45572/50000) 
Test epoch: 88 | Loss: *0.394* | Acc: *86.980%* (8698/10000)
Train epoch: 89 | Loss: *0.253* | Acc: *91.256%* (45628/50000) 
Test epoch: 89 | Loss: *0.525* | Acc: *84.410%* (8441/10000)
Train epoch: 90 | Loss: *0.251* | Acc: *91.344%* (45672/50000) 
Test epoch: 90 | Loss: *0.670* | Acc: *80.010%* (8001/10000)
Train epoch: 91 | Loss: *0.251* | Acc: *91.220%* (45610/50000) 
Test epoch: 91 | Loss: *0.393* | Acc: *87.130%* (8713/10000)
Train epoch: 92 | Loss: *0.245* | Acc: *91.626%* (45813/50000) 
Test epoch: 92 | Loss: *0.466* | Acc: *85.250%* (8525/10000)
Train epoch: 93 | Loss: *0.241* | Acc: *91.670%* (45835/50000) 
Test epoch: 93 | Loss: *0.449* | Acc: *85.420%* (8542/10000)
Train epoch: 94 | Loss: *0.247* | Acc: *91.532%* (45766/50000) 
Test epoch: 94 | Loss: *0.359* | Acc: *88.260%* (8826/10000)
Train epoch: 95 | Loss: *0.239* | Acc: *91.710%* (45855/50000) 
Test epoch: 95 | Loss: *0.381* | Acc: *87.670%* (8767/10000)
Train epoch: 96 | Loss: *0.236* | Acc: *91.866%* (45933/50000) 
Test epoch: 96 | Loss: *0.449* | Acc: *85.960%* (8596/10000)
Train epoch: 97 | Loss: *0.238* | Acc: *91.752%* (45876/50000) 
Test epoch: 97 | Loss: *0.362* | Acc: *88.250%* (8825/10000)
Train epoch: 98 | Loss: *0.229* | Acc: *91.990%* (45995/50000) 
Test epoch: 98 | Loss: *0.457* | Acc: *85.750%* (8575/10000)
Train epoch: 99 | Loss: *0.225* | Acc: *92.204%* (46102/50000) 
Test epoch: 99 | Loss: *0.371* | Acc: *88.210%* (8821/10000)
Train epoch: 100 | Loss: *0.231* | Acc: *91.952%* (45976/50000) 
Test epoch: 100 | Loss: *0.348* | Acc: *88.330%* (8833/10000)
Train epoch: 101 | Loss: *0.225* | Acc: *92.338%* (46169/50000) 
Test epoch: 101 | Loss: *0.382* | Acc: *87.990%* (8799/10000)
Train epoch: 102 | Loss: *0.221* | Acc: *92.414%* (46207/50000) 
Test epoch: 102 | Loss: *0.374* | Acc: *88.040%* (8804/10000)
Train epoch: 103 | Loss: *0.219* | Acc: *92.416%* (46208/50000) 
Test epoch: 103 | Loss: *0.392* | Acc: *87.290%* (8729/10000)
Train epoch: 104 | Loss: *0.220* | Acc: *92.374%* (46187/50000) 
Test epoch: 104 | Loss: *0.447* | Acc: *85.870%* (8587/10000)
Train epoch: 105 | Loss: *0.212* | Acc: *92.690%* (46345/50000) 
Test epoch: 105 | Loss: *0.363* | Acc: *87.630%* (8763/10000)
Train epoch: 106 | Loss: *0.208* | Acc: *92.736%* (46368/50000) 
Test epoch: 106 | Loss: *0.441* | Acc: *86.440%* (8644/10000)
Train epoch: 107 | Loss: *0.208* | Acc: *92.780%* (46390/50000) 
Test epoch: 107 | Loss: *0.416* | Acc: *86.630%* (8663/10000)
Train epoch: 108 | Loss: *0.205* | Acc: *92.930%* (46465/50000) 
Test epoch: 108 | Loss: *0.380* | Acc: *87.690%* (8769/10000)
Train epoch: 109 | Loss: *0.206* | Acc: *92.834%* (46417/50000) 
Test epoch: 109 | Loss: *0.361* | Acc: *87.980%* (8798/10000)
Train epoch: 110 | Loss: *0.198* | Acc: *93.152%* (46576/50000) 
Test epoch: 110 | Loss: *0.339* | Acc: *89.060%* (8906/10000)
Train epoch: 111 | Loss: *0.198* | Acc: *93.158%* (46579/50000) 
Test epoch: 111 | Loss: *0.543* | Acc: *84.370%* (8437/10000)
Train epoch: 112 | Loss: *0.193* | Acc: *93.346%* (46673/50000) 
Test epoch: 112 | Loss: *0.438* | Acc: *86.920%* (8692/10000)
Train epoch: 113 | Loss: *0.191* | Acc: *93.214%* (46607/50000) 
Test epoch: 113 | Loss: *0.404* | Acc: *87.200%* (8720/10000)
Train epoch: 114 | Loss: *0.193* | Acc: *93.282%* (46641/50000) 
Test epoch: 114 | Loss: *0.328* | Acc: *89.100%* (8910/10000)
Train epoch: 115 | Loss: *0.182* | Acc: *93.868%* (46934/50000) 
Test epoch: 115 | Loss: *0.492* | Acc: *85.130%* (8513/10000)
Train epoch: 116 | Loss: *0.181* | Acc: *93.632%* (46816/50000) 
Test epoch: 116 | Loss: *0.341* | Acc: *89.120%* (8912/10000)
Train epoch: 117 | Loss: *0.176* | Acc: *93.832%* (46916/50000) 
Test epoch: 117 | Loss: *0.381* | Acc: *88.140%* (8814/10000)
Train epoch: 118 | Loss: *0.180* | Acc: *93.876%* (46938/50000) 
Test epoch: 118 | Loss: *0.374* | Acc: *88.360%* (8836/10000)
Train epoch: 119 | Loss: *0.177* | Acc: *93.812%* (46906/50000) 
Test epoch: 119 | Loss: *0.405* | Acc: *87.540%* (8754/10000)
Train epoch: 120 | Loss: *0.167* | Acc: *94.308%* (47154/50000) 
Test epoch: 120 | Loss: *0.382* | Acc: *88.290%* (8829/10000)
Train epoch: 121 | Loss: *0.164* | Acc: *94.228%* (47114/50000) 
Test epoch: 121 | Loss: *0.307* | Acc: *90.360%* (9036/10000)
Train epoch: 122 | Loss: *0.164* | Acc: *94.338%* (47169/50000) 
Test epoch: 122 | Loss: *0.332* | Acc: *89.820%* (8982/10000)
Train epoch: 123 | Loss: *0.162* | Acc: *94.402%* (47201/50000) 
Test epoch: 123 | Loss: *0.381* | Acc: *88.700%* (8870/10000)
Train epoch: 124 | Loss: *0.153* | Acc: *94.732%* (47366/50000) 
Test epoch: 124 | Loss: *0.364* | Acc: *89.110%* (8911/10000)
Train epoch: 125 | Loss: *0.157* | Acc: *94.636%* (47318/50000) 
Test epoch: 125 | Loss: *0.333* | Acc: *89.780%* (8978/10000)
Train epoch: 126 | Loss: *0.157* | Acc: *94.590%* (47295/50000) 
Test epoch: 126 | Loss: *0.337* | Acc: *89.440%* (8944/10000)
Train epoch: 127 | Loss: *0.149* | Acc: *94.870%* (47435/50000) 
Test epoch: 127 | Loss: *0.320* | Acc: *90.040%* (9004/10000)
Train epoch: 128 | Loss: *0.148* | Acc: *94.912%* (47456/50000) 
Test epoch: 128 | Loss: *0.320* | Acc: *90.120%* (9012/10000)
Train epoch: 129 | Loss: *0.139* | Acc: *95.218%* (47609/50000) 
Test epoch: 129 | Loss: *0.365* | Acc: *88.770%* (8877/10000)
Train epoch: 130 | Loss: *0.137* | Acc: *95.368%* (47684/50000) 
Test epoch: 130 | Loss: *0.340* | Acc: *89.680%* (8968/10000)
Train epoch: 131 | Loss: *0.137* | Acc: *95.258%* (47629/50000) 
Test epoch: 131 | Loss: *0.300* | Acc: *90.810%* (9081/10000)
Train epoch: 132 | Loss: *0.132* | Acc: *95.442%* (47721/50000) 
Test epoch: 132 | Loss: *0.386* | Acc: *88.500%* (8850/10000)
Train epoch: 133 | Loss: *0.129* | Acc: *95.534%* (47767/50000) 
Test epoch: 133 | Loss: *0.460* | Acc: *87.520%* (8752/10000)
Train epoch: 134 | Loss: *0.125* | Acc: *95.696%* (47848/50000) 
Test epoch: 134 | Loss: *0.366* | Acc: *89.460%* (8946/10000)
Train epoch: 135 | Loss: *0.120* | Acc: *95.800%* (47900/50000) 
Test epoch: 135 | Loss: *0.324* | Acc: *90.370%* (9037/10000)
Train epoch: 136 | Loss: *0.119* | Acc: *95.896%* (47948/50000) 
Test epoch: 136 | Loss: *0.383* | Acc: *89.410%* (8941/10000)
Train epoch: 137 | Loss: *0.113* | Acc: *96.144%* (48072/50000) 
Test epoch: 137 | Loss: *0.329* | Acc: *90.520%* (9052/10000)
Train epoch: 138 | Loss: *0.112* | Acc: *96.254%* (48127/50000) 
Test epoch: 138 | Loss: *0.351* | Acc: *89.940%* (8994/10000)
Train epoch: 139 | Loss: *0.107* | Acc: *96.286%* (48143/50000) 
Test epoch: 139 | Loss: *0.337* | Acc: *89.760%* (8976/10000)
Train epoch: 140 | Loss: *0.104* | Acc: *96.404%* (48202/50000) 
Test epoch: 140 | Loss: *0.312* | Acc: *90.330%* (9033/10000)
Train epoch: 141 | Loss: *0.101* | Acc: *96.626%* (48313/50000) 
Test epoch: 141 | Loss: *0.309* | Acc: *90.980%* (9098/10000)
Train epoch: 142 | Loss: *0.097* | Acc: *96.718%* (48359/50000) 
Test epoch: 142 | Loss: *0.417* | Acc: *88.420%* (8842/10000)
Train epoch: 143 | Loss: *0.089* | Acc: *96.928%* (48464/50000) 
Test epoch: 143 | Loss: *0.363* | Acc: *89.450%* (8945/10000)
Train epoch: 144 | Loss: *0.091* | Acc: *96.944%* (48472/50000) 
Test epoch: 144 | Loss: *0.320* | Acc: *90.790%* (9079/10000)
Train epoch: 145 | Loss: *0.089* | Acc: *96.966%* (48483/50000) 
Test epoch: 145 | Loss: *0.353* | Acc: *90.010%* (9001/10000)
Train epoch: 146 | Loss: *0.086* | Acc: *97.088%* (48544/50000) 
Test epoch: 146 | Loss: *0.333* | Acc: *90.660%* (9066/10000)
Train epoch: 147 | Loss: *0.077* | Acc: *97.470%* (48735/50000) 
Test epoch: 147 | Loss: *0.319* | Acc: *91.340%* (9134/10000)
Train epoch: 148 | Loss: *0.071* | Acc: *97.654%* (48827/50000) 
Test epoch: 148 | Loss: *0.313* | Acc: *91.360%* (9136/10000)
Train epoch: 149 | Loss: *0.069* | Acc: *97.714%* (48857/50000) 
Test epoch: 149 | Loss: *0.287* | Acc: *91.680%* (9168/10000)
Train epoch: 150 | Loss: *0.066* | Acc: *97.786%* (48893/50000) 
Test epoch: 150 | Loss: *0.315* | Acc: *91.070%* (9107/10000)
Train epoch: 151 | Loss: *0.063* | Acc: *97.918%* (48959/50000) 
Test epoch: 151 | Loss: *0.291* | Acc: *91.970%* (9197/10000)
Train epoch: 152 | Loss: *0.062* | Acc: *97.932%* (48966/50000) 
Test epoch: 152 | Loss: *0.293* | Acc: *91.530%* (9153/10000)
Train epoch: 153 | Loss: *0.052* | Acc: *98.410%* (49205/50000) 
Test epoch: 153 | Loss: *0.294* | Acc: *91.710%* (9171/10000)
Train epoch: 154 | Loss: *0.055* | Acc: *98.248%* (49124/50000) 
Test epoch: 154 | Loss: *0.329* | Acc: *91.250%* (9125/10000)
Train epoch: 155 | Loss: *0.047* | Acc: *98.538%* (49269/50000) 
Test epoch: 155 | Loss: *0.288* | Acc: *91.990%* (9199/10000)
Train epoch: 156 | Loss: *0.043* | Acc: *98.650%* (49325/50000) 
Test epoch: 156 | Loss: *0.286* | Acc: *92.070%* (9207/10000)
Train epoch: 157 | Loss: *0.041* | Acc: *98.748%* (49374/50000) 
Test epoch: 157 | Loss: *0.288* | Acc: *92.050%* (9205/10000)
Train epoch: 158 | Loss: *0.037* | Acc: *98.864%* (49432/50000) 
Test epoch: 158 | Loss: *0.284* | Acc: *92.410%* (9241/10000)
Train epoch: 159 | Loss: *0.033* | Acc: *99.062%* (49531/50000) 
Test epoch: 159 | Loss: *0.263* | Acc: *92.660%* (9266/10000)
Train epoch: 160 | Loss: *0.030* | Acc: *99.078%* (49539/50000) 
Test epoch: 160 | Loss: *0.286* | Acc: *92.020%* (9202/10000)
Train epoch: 161 | Loss: *0.029* | Acc: *99.154%* (49577/50000) 
Test epoch: 161 | Loss: *0.255* | Acc: *93.030%* (9303/10000)
Train epoch: 162 | Loss: *0.024* | Acc: *99.350%* (49675/50000) 
Test epoch: 162 | Loss: *0.261* | Acc: *92.960%* (9296/10000)
Train epoch: 163 | Loss: *0.022* | Acc: *99.396%* (49698/50000) 
Test epoch: 163 | Loss: *0.254* | Acc: *92.960%* (9296/10000)
Train epoch: 164 | Loss: *0.020* | Acc: *99.464%* (49732/50000) 
Test epoch: 164 | Loss: *0.237* | Acc: *93.580%* (9358/10000)
Train epoch: 165 | Loss: *0.017* | Acc: *99.566%* (49783/50000) 
Test epoch: 165 | Loss: *0.255* | Acc: *93.330%* (9333/10000)
Train epoch: 166 | Loss: *0.015* | Acc: *99.680%* (49840/50000) 
Test epoch: 166 | Loss: *0.239* | Acc: *93.310%* (9331/10000)
Train epoch: 167 | Loss: *0.013* | Acc: *99.734%* (49867/50000) 
Test epoch: 167 | Loss: *0.230* | Acc: *93.670%* (9367/10000)
Train epoch: 168 | Loss: *0.012* | Acc: *99.756%* (49878/50000) 
Test epoch: 168 | Loss: *0.238* | Acc: *93.330%* (9333/10000)
Train epoch: 169 | Loss: *0.010* | Acc: *99.814%* (49907/50000) 
Test epoch: 169 | Loss: *0.249* | Acc: *93.160%* (9316/10000)
Train epoch: 170 | Loss: *0.009* | Acc: *99.856%* (49928/50000) 
Test epoch: 170 | Loss: *0.225* | Acc: *93.950%* (9395/10000)
Train epoch: 171 | Loss: *0.007* | Acc: *99.918%* (49959/50000) 
Test epoch: 171 | Loss: *0.227* | Acc: *93.830%* (9383/10000)
Train epoch: 172 | Loss: *0.007* | Acc: *99.900%* (49950/50000) 
Test epoch: 172 | Loss: *0.226* | Acc: *93.960%* (9396/10000)
Train epoch: 173 | Loss: *0.006* | Acc: *99.934%* (49967/50000) 
Test epoch: 173 | Loss: *0.225* | Acc: *93.920%* (9392/10000)
Train epoch: 174 | Loss: *0.006* | Acc: *99.940%* (49970/50000) 
Test epoch: 174 | Loss: *0.225* | Acc: *93.990%* (9399/10000)
Train epoch: 175 | Loss: *0.006* | Acc: *99.956%* (49978/50000) 
Test epoch: 175 | Loss: *0.217* | Acc: *94.220%* (9422/10000)
Train epoch: 176 | Loss: *0.005* | Acc: *99.950%* (49975/50000) 
Test epoch: 176 | Loss: *0.221* | Acc: *93.840%* (9384/10000)
Train epoch: 177 | Loss: *0.005* | Acc: *99.978%* (49989/50000) 
Test epoch: 177 | Loss: *0.217* | Acc: *94.260%* (9426/10000)
Train epoch: 178 | Loss: *0.005* | Acc: *99.962%* (49981/50000) 
Test epoch: 178 | Loss: *0.218* | Acc: *94.280%* (9428/10000)
Train epoch: 179 | Loss: *0.005* | Acc: *99.976%* (49988/50000) 
Test epoch: 179 | Loss: *0.219* | Acc: *94.200%* (9420/10000)
Train epoch: 180 | Loss: *0.005* | Acc: *99.984%* (49992/50000) 
Test epoch: 180 | Loss: *0.213* | Acc: *94.240%* (9424/10000)
Train epoch: 181 | Loss: *0.005* | Acc: *99.970%* (49985/50000) 
Test epoch: 181 | Loss: *0.215* | Acc: *94.240%* (9424/10000)
Train epoch: 182 | Loss: *0.004* | Acc: *99.982%* (49991/50000) 
Test epoch: 182 | Loss: *0.211* | Acc: *94.200%* (9420/10000)
Train epoch: 183 | Loss: *0.004* | Acc: *99.978%* (49989/50000) 
Test epoch: 183 | Loss: *0.210* | Acc: *94.230%* (9423/10000)
Train epoch: 184 | Loss: *0.004* | Acc: *99.976%* (49988/50000) 
Test epoch: 184 | Loss: *0.212* | Acc: *94.180%* (9418/10000)
Train epoch: 185 | Loss: *0.004* | Acc: *99.988%* (49994/50000) 
Test epoch: 185 | Loss: *0.213* | Acc: *94.260%* (9426/10000)
Train epoch: 186 | Loss: *0.004* | Acc: *99.992%* (49996/50000) 
Test epoch: 186 | Loss: *0.212* | Acc: *94.400%* (9440/10000)
Train epoch: 187 | Loss: *0.004* | Acc: *99.986%* (49993/50000) 
Test epoch: 187 | Loss: *0.212* | Acc: *94.240%* (9424/10000)
Train epoch: 188 | Loss: *0.004* | Acc: *99.986%* (49993/50000) 
Test epoch: 188 | Loss: *0.211* | Acc: *94.300%* (9430/10000)
Train epoch: 189 | Loss: *0.004* | Acc: *99.996%* (49998/50000) 
Test epoch: 189 | Loss: *0.209* | Acc: *94.260%* (9426/10000)
Train epoch: 190 | Loss: *0.004* | Acc: *99.990%* (49995/50000) 
Test epoch: 190 | Loss: *0.211* | Acc: *94.230%* (9423/10000)
Train epoch: 191 | Loss: *0.004* | Acc: *99.978%* (49989/50000) 
Test epoch: 191 | Loss: *0.210* | Acc: *94.310%* (9431/10000)
Train epoch: 192 | Loss: *0.004* | Acc: *99.982%* (49991/50000) 
Test epoch: 192 | Loss: *0.209* | Acc: *94.270%* (9427/10000)
Train epoch: 193 | Loss: *0.004* | Acc: *99.988%* (49994/50000) 
Test epoch: 193 | Loss: *0.208* | Acc: *94.300%* (9430/10000)
Train epoch: 194 | Loss: *0.004* | Acc: *99.986%* (49993/50000) 
Test epoch: 194 | Loss: *0.208* | Acc: *94.270%* (9427/10000)
Train epoch: 195 | Loss: *0.003* | Acc: *99.996%* (49998/50000) 
Test epoch: 195 | Loss: *0.209* | Acc: *94.300%* (9430/10000)
Train epoch: 196 | Loss: *0.004* | Acc: *99.994%* (49997/50000) 
Test epoch: 196 | Loss: *0.209* | Acc: *94.310%* (9431/10000)
Train epoch: 197 | Loss: *0.004* | Acc: *99.988%* (49994/50000) 
Test epoch: 197 | Loss: *0.208* | Acc: *94.350%* (9435/10000)
Train epoch: 198 | Loss: *0.004* | Acc: *99.992%* (49996/50000) 
Test epoch: 198 | Loss: *0.208* | Acc: *94.240%* (9424/10000)
Train epoch: 199 | Loss: *0.004* | Acc: *99.990%* (49995/50000) 
Test epoch: 199 | Loss: *0.207* | Acc: *94.330%* (9433/10000)
Train epoch: 200 | Loss: *0.004* | Acc: *99.990%* (49995/50000) 
Test epoch: 200 | Loss: *0.208* | Acc: *94.310%* (9431/10000)
Train epoch: 201 | Loss: *0.004* | Acc: *99.982%* (49991/50000) 
Test epoch: 201 | Loss: *0.209* | Acc: *94.290%* (9429/10000)
Train epoch: 202 | Loss: *0.003* | Acc: *99.994%* (49997/50000) 
Test epoch: 202 | Loss: *0.208* | Acc: *94.330%* (9433/10000)
Train epoch: 203 | Loss: *0.003* | Acc: *99.994%* (49997/50000) 
Test epoch: 203 | Loss: *0.209* | Acc: *94.280%* (9428/10000)
Train epoch: 204 | Loss: *0.004* | Acc: *99.990%* (49995/50000) 
Test epoch: 204 | Loss: *0.208* | Acc: *94.360%* (9436/10000)
Train epoch: 205 | Loss: *0.004* | Acc: *99.984%* (49992/50000) 
Test epoch: 205 | Loss: *0.208* | Acc: *94.350%* (9435/10000)
Train epoch: 206 | Loss: *0.004* | Acc: *99.988%* (49994/50000) 
Test epoch: 206 | Loss: *0.208* | Acc: *94.310%* (9431/10000)
Train epoch: 207 | Loss: *0.004* | Acc: *99.982%* (49991/50000) 
Test epoch: 207 | Loss: *0.208* | Acc: *94.280%* (9428/10000)
Train epoch: 208 | Loss: *0.004* | Acc: *99.992%* (49996/50000) 
Test epoch: 208 | Loss: *0.209* | Acc: *94.300%* (9430/10000)
Train epoch: 209 | Loss: *0.004* | Acc: *99.984%* (49992/50000) 
Test epoch: 209 | Loss: *0.209* | Acc: *94.320%* (9432/10000)
Train epoch: 210 | Loss: *0.004* | Acc: *99.996%* (49998/50000) 
Test epoch: 210 | Loss: *0.208* | Acc: *94.290%* (9429/10000)
Train epoch: 211 | Loss: *0.003* | Acc: *99.998%* (49999/50000) 
Test epoch: 211 | Loss: *0.207* | Acc: *94.320%* (9432/10000)
Train epoch: 212 | Loss: *0.003* | Acc: *99.996%* (49998/50000) 
Test epoch: 212 | Loss: *0.209* | Acc: *94.290%* (9429/10000)
Train epoch: 213 | Loss: *0.004* | Acc: *99.992%* (49996/50000) 
Test epoch: 213 | Loss: *0.208* | Acc: *94.230%* (9423/10000)
Train epoch: 214 | Loss: *0.004* | Acc: *99.992%* (49996/50000) 
Test epoch: 214 | Loss: *0.209* | Acc: *94.230%* (9423/10000)
Train epoch: 215 | Loss: *0.004* | Acc: *99.984%* (49992/50000) 
Test epoch: 215 | Loss: *0.209* | Acc: *94.310%* (9431/10000)
Train epoch: 216 | Loss: *0.004* | Acc: *99.992%* (49996/50000) 
Test epoch: 216 | Loss: *0.211* | Acc: *94.230%* (9423/10000)
Train epoch: 217 | Loss: *0.004* | Acc: *99.984%* (49992/50000) 
Test epoch: 217 | Loss: *0.209* | Acc: *94.340%* (9434/10000)
Train epoch: 218 | Loss: *0.004* | Acc: *99.992%* (49996/50000) 
Test epoch: 218 | Loss: *0.207* | Acc: *94.300%* (9430/10000)
Train epoch: 219 | Loss: *0.004* | Acc: *99.988%* (49994/50000) 
Test epoch: 219 | Loss: *0.207* | Acc: *94.220%* (9422/10000)
Train epoch: 220 | Loss: *0.004* | Acc: *99.984%* (49992/50000) 
Test epoch: 220 | Loss: *0.206* | Acc: *94.210%* (9421/10000)
Train epoch: 221 | Loss: *0.004* | Acc: *99.990%* (49995/50000) 
Test epoch: 221 | Loss: *0.208* | Acc: *94.310%* (9431/10000)
Train epoch: 222 | Loss: *0.004* | Acc: *99.994%* (49997/50000) 
Test epoch: 222 | Loss: *0.208* | Acc: *94.140%* (9414/10000)
Train epoch: 223 | Loss: *0.004* | Acc: *99.994%* (49997/50000) 
Test epoch: 223 | Loss: *0.208* | Acc: *94.310%* (9431/10000)
Train epoch: 224 | Loss: *0.004* | Acc: *99.982%* (49991/50000) 
Test epoch: 224 | Loss: *0.209* | Acc: *94.240%* (9424/10000)
Train epoch: 225 | Loss: *0.004* | Acc: *99.996%* (49998/50000) 
Test epoch: 225 | Loss: *0.208* | Acc: *94.250%* (9425/10000)
Train epoch: 226 | Loss: *0.004* | Acc: *99.994%* (49997/50000) 
Test epoch: 226 | Loss: *0.209* | Acc: *94.200%* (9420/10000)
Train epoch: 227 | Loss: *0.004* | Acc: *99.990%* (49995/50000) 
Test epoch: 227 | Loss: *0.212* | Acc: *94.210%* (9421/10000)
Train epoch: 228 | Loss: *0.004* | Acc: *99.988%* (49994/50000) 
Test epoch: 228 | Loss: *0.206* | Acc: *94.210%* (9421/10000)
Train epoch: 229 | Loss: *0.005* | Acc: *99.980%* (49990/50000) 
Test epoch: 229 | Loss: *0.211* | Acc: *93.960%* (9396/10000)
Train epoch: 230 | Loss: *0.005* | Acc: *99.972%* (49986/50000) 
Test epoch: 230 | Loss: *0.226* | Acc: *93.670%* (9367/10000)
Train epoch: 231 | Loss: *0.005* | Acc: *99.974%* (49987/50000) 
Test epoch: 231 | Loss: *0.223* | Acc: *93.720%* (9372/10000)
Train epoch: 232 | Loss: *0.005* | Acc: *99.986%* (49993/50000) 
Test epoch: 232 | Loss: *0.219* | Acc: *93.920%* (9392/10000)
Train epoch: 233 | Loss: *0.005* | Acc: *99.982%* (49991/50000) 
Test epoch: 233 | Loss: *0.223* | Acc: *93.830%* (9383/10000)
Train epoch: 234 | Loss: *0.007* | Acc: *99.934%* (49967/50000) 
Test epoch: 234 | Loss: *0.247* | Acc: *93.370%* (9337/10000)
Train epoch: 235 | Loss: *0.017* | Acc: *99.656%* (49828/50000) 
Test epoch: 235 | Loss: *0.271* | Acc: *92.500%* (9250/10000)
Train epoch: 236 | Loss: *0.053* | Acc: *98.400%* (49200/50000) 
Test epoch: 236 | Loss: *0.401* | Acc: *89.310%* (8931/10000)
Train epoch: 237 | Loss: *0.088* | Acc: *97.206%* (48603/50000) 
Test epoch: 237 | Loss: *0.383* | Acc: *89.320%* (8932/10000)
Train epoch: 238 | Loss: *0.094* | Acc: *96.830%* (48415/50000) 
Test epoch: 238 | Loss: *0.364* | Acc: *89.350%* (8935/10000)
Train epoch: 239 | Loss: *0.107* | Acc: *96.278%* (48139/50000) 
Test epoch: 239 | Loss: *0.384* | Acc: *88.700%* (8870/10000)
Train epoch: 240 | Loss: *0.106* | Acc: *96.442%* (48221/50000) 
Test epoch: 240 | Loss: *0.342* | Acc: *89.680%* (8968/10000)
Train epoch: 241 | Loss: *0.107* | Acc: *96.456%* (48228/50000) 
Test epoch: 241 | Loss: *0.362* | Acc: *89.940%* (8994/10000)
Train epoch: 242 | Loss: *0.104* | Acc: *96.542%* (48271/50000) 
Test epoch: 242 | Loss: *0.466* | Acc: *87.390%* (8739/10000)
Train epoch: 243 | Loss: *0.108* | Acc: *96.242%* (48121/50000) 
Test epoch: 243 | Loss: *0.323* | Acc: *90.250%* (9025/10000)
Train epoch: 244 | Loss: *0.107* | Acc: *96.354%* (48177/50000) 
Test epoch: 244 | Loss: *0.445* | Acc: *87.310%* (8731/10000)
Train epoch: 245 | Loss: *0.104* | Acc: *96.484%* (48242/50000) 
Test epoch: 245 | Loss: *0.339* | Acc: *89.810%* (8981/10000)
Train epoch: 246 | Loss: *0.106* | Acc: *96.358%* (48179/50000) 
Test epoch: 246 | Loss: *0.371* | Acc: *89.220%* (8922/10000)
Train epoch: 247 | Loss: *0.110* | Acc: *96.282%* (48141/50000) 
Test epoch: 247 | Loss: *0.359* | Acc: *89.650%* (8965/10000)
Train epoch: 248 | Loss: *0.106* | Acc: *96.428%* (48214/50000) 
Test epoch: 248 | Loss: *0.387* | Acc: *89.050%* (8905/10000)
Train epoch: 249 | Loss: *0.114* | Acc: *96.120%* (48060/50000) 
Test epoch: 249 | Loss: *0.370* | Acc: *88.840%* (8884/10000)
Train epoch: 250 | Loss: *0.116* | Acc: *96.046%* (48023/50000) 
Test epoch: 250 | Loss: *0.404* | Acc: *88.460%* (8846/10000)
Train epoch: 251 | Loss: *0.115* | Acc: *96.074%* (48037/50000) 
Test epoch: 251 | Loss: *0.306* | Acc: *90.850%* (9085/10000)
Train epoch: 252 | Loss: *0.112* | Acc: *96.216%* (48108/50000) 
Test epoch: 252 | Loss: *0.419* | Acc: *88.670%* (8867/10000)
Train epoch: 253 | Loss: *0.115* | Acc: *96.006%* (48003/50000) 
Test epoch: 253 | Loss: *0.380* | Acc: *89.370%* (8937/10000)
Train epoch: 254 | Loss: *0.111* | Acc: *96.174%* (48087/50000) 
Test epoch: 254 | Loss: *0.357* | Acc: *89.900%* (8990/10000)
Train epoch: 255 | Loss: *0.122* | Acc: *95.770%* (47885/50000) 
Test epoch: 255 | Loss: *0.385* | Acc: *88.860%* (8886/10000)
Train epoch: 256 | Loss: *0.118* | Acc: *95.898%* (47949/50000) 
Test epoch: 256 | Loss: *0.362* | Acc: *89.300%* (8930/10000)
Train epoch: 257 | Loss: *0.121* | Acc: *95.764%* (47882/50000) 
Test epoch: 257 | Loss: *0.355* | Acc: *89.590%* (8959/10000)
Train epoch: 258 | Loss: *0.124* | Acc: *95.720%* (47860/50000) 
Test epoch: 258 | Loss: *0.374* | Acc: *89.300%* (8930/10000)
Train epoch: 259 | Loss: *0.124* | Acc: *95.688%* (47844/50000) 
Test epoch: 259 | Loss: *0.369* | Acc: *89.480%* (8948/10000)
Train epoch: 260 | Loss: *0.123* | Acc: *95.802%* (47901/50000) 
Test epoch: 260 | Loss: *0.337* | Acc: *89.970%* (8997/10000)
Train epoch: 261 | Loss: *0.127* | Acc: *95.598%* (47799/50000) 
Test epoch: 261 | Loss: *0.353* | Acc: *89.670%* (8967/10000)
Train epoch: 262 | Loss: *0.123* | Acc: *95.750%* (47875/50000) 
Test epoch: 262 | Loss: *0.395* | Acc: *88.880%* (8888/10000)
Train epoch: 263 | Loss: *0.129* | Acc: *95.548%* (47774/50000) 
Test epoch: 263 | Loss: *0.491* | Acc: *87.010%* (8701/10000)
Train epoch: 264 | Loss: *0.135* | Acc: *95.388%* (47694/50000) 
Test epoch: 264 | Loss: *0.326* | Acc: *90.230%* (9023/10000)
Train epoch: 265 | Loss: *0.132* | Acc: *95.440%* (47720/50000) 
Test epoch: 265 | Loss: *0.381* | Acc: *88.730%* (8873/10000)
Train epoch: 266 | Loss: *0.141* | Acc: *95.192%* (47596/50000) 
Test epoch: 266 | Loss: *0.381* | Acc: *88.450%* (8845/10000)
Train epoch: 267 | Loss: *0.137* | Acc: *95.386%* (47693/50000) 
Test epoch: 267 | Loss: *0.397* | Acc: *88.160%* (8816/10000)
Train epoch: 268 | Loss: *0.138* | Acc: *95.240%* (47620/50000) 
Test epoch: 268 | Loss: *0.399* | Acc: *88.530%* (8853/10000)
Train epoch: 269 | Loss: *0.138* | Acc: *95.298%* (47649/50000) 
Test epoch: 269 | Loss: *0.367* | Acc: *89.220%* (8922/10000)
Train epoch: 270 | Loss: *0.145* | Acc: *95.002%* (47501/50000) 
Test epoch: 270 | Loss: *0.346* | Acc: *89.130%* (8913/10000)
Train epoch: 271 | Loss: *0.143* | Acc: *95.028%* (47514/50000) 
Test epoch: 271 | Loss: *0.357* | Acc: *89.080%* (8908/10000)
Train epoch: 272 | Loss: *0.144* | Acc: *94.976%* (47488/50000) 
Test epoch: 272 | Loss: *0.364* | Acc: *88.610%* (8861/10000)
Train epoch: 273 | Loss: *0.154* | Acc: *94.668%* (47334/50000) 
Test epoch: 273 | Loss: *0.371* | Acc: *89.060%* (8906/10000)
Train epoch: 274 | Loss: *0.158* | Acc: *94.508%* (47254/50000) 
Test epoch: 274 | Loss: *0.338* | Acc: *89.580%* (8958/10000)
Train epoch: 275 | Loss: *0.155* | Acc: *94.612%* (47306/50000) 
Test epoch: 275 | Loss: *0.337* | Acc: *89.220%* (8922/10000)
Train epoch: 276 | Loss: *0.153* | Acc: *94.838%* (47419/50000) 
Test epoch: 276 | Loss: *0.351* | Acc: *89.260%* (8926/10000)
Train epoch: 277 | Loss: *0.159* | Acc: *94.458%* (47229/50000) 
Test epoch: 277 | Loss: *0.393* | Acc: *87.620%* (8762/10000)
Train epoch: 278 | Loss: *0.161* | Acc: *94.550%* (47275/50000) 
Test epoch: 278 | Loss: *0.399* | Acc: *88.280%* (8828/10000)
Train epoch: 279 | Loss: *0.161* | Acc: *94.532%* (47266/50000) 
Test epoch: 279 | Loss: *0.405* | Acc: *88.110%* (8811/10000)
Train epoch: 280 | Loss: *0.163* | Acc: *94.448%* (47224/50000) 
Test epoch: 280 | Loss: *0.375* | Acc: *88.520%* (8852/10000)
Train epoch: 281 | Loss: *0.166* | Acc: *94.302%* (47151/50000) 
Test epoch: 281 | Loss: *0.376* | Acc: *88.050%* (8805/10000)
Train epoch: 282 | Loss: *0.167* | Acc: *94.142%* (47071/50000) 
Test epoch: 282 | Loss: *0.374* | Acc: *88.400%* (8840/10000)
Train epoch: 283 | Loss: *0.175* | Acc: *93.964%* (46982/50000) 
Test epoch: 283 | Loss: *0.361* | Acc: *88.930%* (8893/10000)
Train epoch: 284 | Loss: *0.172* | Acc: *94.018%* (47009/50000) 
Test epoch: 284 | Loss: *0.391* | Acc: *87.970%* (8797/10000)
Train epoch: 285 | Loss: *0.177* | Acc: *93.850%* (46925/50000) 
Test epoch: 285 | Loss: *0.376* | Acc: *88.110%* (8811/10000)
Train epoch: 286 | Loss: *0.183* | Acc: *93.670%* (46835/50000) 
Test epoch: 286 | Loss: *0.348* | Acc: *89.180%* (8918/10000)
Train epoch: 287 | Loss: *0.183* | Acc: *93.630%* (46815/50000) 
Test epoch: 287 | Loss: *0.434* | Acc: *87.130%* (8713/10000)
Train epoch: 288 | Loss: *0.181* | Acc: *93.778%* (46889/50000) 
Test epoch: 288 | Loss: *0.415* | Acc: *87.100%* (8710/10000)
Train epoch: 289 | Loss: *0.184* | Acc: *93.662%* (46831/50000) 
Test epoch: 289 | Loss: *0.354* | Acc: *89.050%* (8905/10000)
Train epoch: 290 | Loss: *0.190* | Acc: *93.352%* (46676/50000) 
Test epoch: 290 | Loss: *0.466* | Acc: *85.480%* (8548/10000)
Train epoch: 291 | Loss: *0.189* | Acc: *93.476%* (46738/50000) 
Test epoch: 291 | Loss: *0.459* | Acc: *86.150%* (8615/10000)
Train epoch: 292 | Loss: *0.191* | Acc: *93.456%* (46728/50000) 
Test epoch: 292 | Loss: *0.411* | Acc: *87.290%* (8729/10000)
Train epoch: 293 | Loss: *0.197* | Acc: *93.254%* (46627/50000) 
Test epoch: 293 | Loss: *0.564* | Acc: *82.980%* (8298/10000)
Train epoch: 294 | Loss: *0.198* | Acc: *93.164%* (46582/50000) 
Test epoch: 294 | Loss: *0.468* | Acc: *85.340%* (8534/10000)
Train epoch: 295 | Loss: *0.196* | Acc: *93.204%* (46602/50000) 
Test epoch: 295 | Loss: *0.478* | Acc: *86.060%* (8606/10000)
Train epoch: 296 | Loss: *0.209* | Acc: *92.872%* (46436/50000) 
Test epoch: 296 | Loss: *0.375* | Acc: *87.720%* (8772/10000)
Train epoch: 297 | Loss: *0.202* | Acc: *93.076%* (46538/50000) 
Test epoch: 297 | Loss: *0.471* | Acc: *86.260%* (8626/10000)
Train epoch: 298 | Loss: *0.209* | Acc: *92.868%* (46434/50000) 
Test epoch: 298 | Loss: *0.487* | Acc: *85.270%* (8527/10000)
Train epoch: 299 | Loss: *0.208* | Acc: *92.902%* (46451/50000) 
Test epoch: 299 | Loss: *0.420* | Acc: *87.050%* (8705/10000)
Train epoch: 300 | Loss: *0.215* | Acc: *92.562%* (46281/50000) 
Test epoch: 300 | Loss: *0.415* | Acc: *87.240%* (8724/10000)
Train epoch: 301 | Loss: *0.213* | Acc: *92.656%* (46328/50000) 
Test epoch: 301 | Loss: *0.432* | Acc: *86.580%* (8658/10000)
Train epoch: 302 | Loss: *0.215* | Acc: *92.608%* (46304/50000) 
Test epoch: 302 | Loss: *0.417* | Acc: *87.230%* (8723/10000)
Train epoch: 303 | Loss: *0.219* | Acc: *92.414%* (46207/50000) 
Test epoch: 303 | Loss: *0.376* | Acc: *88.010%* (8801/10000)
Train epoch: 304 | Loss: *0.219* | Acc: *92.460%* (46230/50000) 
Test epoch: 304 | Loss: *0.385* | Acc: *87.670%* (8767/10000)
Train epoch: 305 | Loss: *0.221* | Acc: *92.398%* (46199/50000) 
Test epoch: 305 | Loss: *0.482* | Acc: *85.230%* (8523/10000)
Train epoch: 306 | Loss: *0.229* | Acc: *92.156%* (46078/50000) 
Test epoch: 306 | Loss: *0.411* | Acc: *86.700%* (8670/10000)
Train epoch: 307 | Loss: *0.226* | Acc: *92.228%* (46114/50000) 
Test epoch: 307 | Loss: *0.424* | Acc: *86.580%* (8658/10000)
Train epoch: 308 | Loss: *0.227* | Acc: *92.236%* (46118/50000) 
Test epoch: 308 | Loss: *0.399* | Acc: *86.960%* (8696/10000)
Train epoch: 309 | Loss: *0.229* | Acc: *92.170%* (46085/50000) 
Test epoch: 309 | Loss: *0.414* | Acc: *86.510%* (8651/10000)
Train epoch: 310 | Loss: *0.231* | Acc: *91.960%* (45980/50000) 
Test epoch: 310 | Loss: *0.543* | Acc: *83.010%* (8301/10000)
Train epoch: 311 | Loss: *0.235* | Acc: *91.916%* (45958/50000) 
Test epoch: 311 | Loss: *0.547* | Acc: *83.010%* (8301/10000)
Train epoch: 312 | Loss: *0.237* | Acc: *91.916%* (45958/50000) 
Test epoch: 312 | Loss: *0.384* | Acc: *87.840%* (8784/10000)
Train epoch: 313 | Loss: *0.238* | Acc: *91.788%* (45894/50000) 
Test epoch: 313 | Loss: *0.492* | Acc: *84.780%* (8478/10000)
Train epoch: 314 | Loss: *0.245* | Acc: *91.606%* (45803/50000) 
Test epoch: 314 | Loss: *0.413* | Acc: *86.500%* (8650/10000)
Train epoch: 315 | Loss: *0.245* | Acc: *91.514%* (45757/50000) 
Test epoch: 315 | Loss: *0.469* | Acc: *86.200%* (8620/10000)
Train epoch: 316 | Loss: *0.244* | Acc: *91.526%* (45763/50000) 
Test epoch: 316 | Loss: *0.497* | Acc: *84.560%* (8456/10000)
Train epoch: 317 | Loss: *0.249* | Acc: *91.404%* (45702/50000) 
Test epoch: 317 | Loss: *0.502* | Acc: *84.810%* (8481/10000)
Train epoch: 318 | Loss: *0.255* | Acc: *91.274%* (45637/50000) 
Test epoch: 318 | Loss: *0.414* | Acc: *86.290%* (8629/10000)
Train epoch: 319 | Loss: *0.245* | Acc: *91.566%* (45783/50000) 
Test epoch: 319 | Loss: *0.509* | Acc: *84.530%* (8453/10000)
Train epoch: 320 | Loss: *0.254* | Acc: *91.208%* (45604/50000) 
Test epoch: 320 | Loss: *0.365* | Acc: *88.290%* (8829/10000)
Train epoch: 321 | Loss: *0.254* | Acc: *91.324%* (45662/50000) 
Test epoch: 321 | Loss: *0.391* | Acc: *87.150%* (8715/10000)
Train epoch: 322 | Loss: *0.259* | Acc: *91.092%* (45546/50000) 
Test epoch: 322 | Loss: *0.504* | Acc: *83.870%* (8387/10000)
Train epoch: 323 | Loss: *0.261* | Acc: *90.958%* (45479/50000) 
Test epoch: 323 | Loss: *0.469* | Acc: *84.670%* (8467/10000)
Train epoch: 324 | Loss: *0.262* | Acc: *90.928%* (45464/50000) 
Test epoch: 324 | Loss: *0.506* | Acc: *84.910%* (8491/10000)
Train epoch: 325 | Loss: *0.261* | Acc: *91.010%* (45505/50000) 
Test epoch: 325 | Loss: *0.479* | Acc: *84.890%* (8489/10000)
Train epoch: 326 | Loss: *0.265* | Acc: *90.818%* (45409/50000) 
Test epoch: 326 | Loss: *0.431* | Acc: *86.130%* (8613/10000)
Train epoch: 327 | Loss: *0.264* | Acc: *90.910%* (45455/50000) 
Test epoch: 327 | Loss: *0.447* | Acc: *85.580%* (8558/10000)
Train epoch: 328 | Loss: *0.273* | Acc: *90.698%* (45349/50000) 
Test epoch: 328 | Loss: *0.413* | Acc: *86.660%* (8666/10000)
Train epoch: 329 | Loss: *0.266* | Acc: *90.822%* (45411/50000) 
Test epoch: 329 | Loss: *0.523* | Acc: *83.790%* (8379/10000)
Train epoch: 330 | Loss: *0.272* | Acc: *90.534%* (45267/50000) 
Test epoch: 330 | Loss: *0.425* | Acc: *86.680%* (8668/10000)
Train epoch: 331 | Loss: *0.277* | Acc: *90.444%* (45222/50000) 
Test epoch: 331 | Loss: *0.504* | Acc: *84.420%* (8442/10000)
Train epoch: 332 | Loss: *0.272* | Acc: *90.576%* (45288/50000) 
Test epoch: 332 | Loss: *0.463* | Acc: *84.650%* (8465/10000)
Train epoch: 333 | Loss: *0.278* | Acc: *90.572%* (45286/50000) 
Test epoch: 333 | Loss: *0.568* | Acc: *83.000%* (8300/10000)
Train epoch: 334 | Loss: *0.276* | Acc: *90.662%* (45331/50000) 
Test epoch: 334 | Loss: *0.466* | Acc: *84.790%* (8479/10000)
Train epoch: 335 | Loss: *0.280* | Acc: *90.272%* (45136/50000) 
Test epoch: 335 | Loss: *0.416* | Acc: *86.400%* (8640/10000)
Train epoch: 336 | Loss: *0.281* | Acc: *90.390%* (45195/50000) 
Test epoch: 336 | Loss: *0.441* | Acc: *86.100%* (8610/10000)
Train epoch: 337 | Loss: *0.282* | Acc: *90.316%* (45158/50000) 
Test epoch: 337 | Loss: *0.548* | Acc: *82.780%* (8278/10000)
Train epoch: 338 | Loss: *0.285* | Acc: *90.090%* (45045/50000) 
Test epoch: 338 | Loss: *0.611* | Acc: *80.390%* (8039/10000)
Train epoch: 339 | Loss: *0.287* | Acc: *89.904%* (44952/50000) 
Test epoch: 339 | Loss: *0.472* | Acc: *84.930%* (8493/10000)
Train epoch: 340 | Loss: *0.287* | Acc: *90.128%* (45064/50000) 
Test epoch: 340 | Loss: *0.601* | Acc: *81.160%* (8116/10000)
Train epoch: 341 | Loss: *0.286* | Acc: *90.034%* (45017/50000) 
Test epoch: 341 | Loss: *0.434* | Acc: *85.270%* (8527/10000)
Train epoch: 342 | Loss: *0.290* | Acc: *90.086%* (45043/50000) 
Test epoch: 342 | Loss: *0.567* | Acc: *82.290%* (8229/10000)
Train epoch: 343 | Loss: *0.291* | Acc: *89.956%* (44978/50000) 
Test epoch: 343 | Loss: *0.536* | Acc: *83.550%* (8355/10000)
Train epoch: 344 | Loss: *0.293* | Acc: *90.118%* (45059/50000) 
Test epoch: 344 | Loss: *0.544* | Acc: *83.780%* (8378/10000)
Train epoch: 345 | Loss: *0.296* | Acc: *89.898%* (44949/50000) 
Test epoch: 345 | Loss: *0.412* | Acc: *86.410%* (8641/10000)
Train epoch: 346 | Loss: *0.297* | Acc: *89.728%* (44864/50000) 
Test epoch: 346 | Loss: *0.398* | Acc: *86.840%* (8684/10000)
Train epoch: 347 | Loss: *0.299* | Acc: *89.714%* (44857/50000) 
Test epoch: 347 | Loss: *0.471* | Acc: *84.820%* (8482/10000)
Train epoch: 348 | Loss: *0.296* | Acc: *89.844%* (44922/50000) 
Test epoch: 348 | Loss: *0.515* | Acc: *84.360%* (8436/10000)
Train epoch: 349 | Loss: *0.301* | Acc: *89.726%* (44863/50000) 
Test epoch: 349 | Loss: *0.490* | Acc: *84.200%* (8420/10000)
Train epoch: 350 | Loss: *0.301* | Acc: *89.686%* (44843/50000) 
Test epoch: 350 | Loss: *0.544* | Acc: *82.290%* (8229/10000)
Train epoch: 351 | Loss: *0.305* | Acc: *89.592%* (44796/50000) 
Test epoch: 351 | Loss: *0.591* | Acc: *81.160%* (8116/10000)
Train epoch: 352 | Loss: *0.306* | Acc: *89.482%* (44741/50000) 
Test epoch: 352 | Loss: *0.505* | Acc: *83.550%* (8355/10000)
Train epoch: 353 | Loss: *0.301* | Acc: *89.600%* (44800/50000) 
Test epoch: 353 | Loss: *0.433* | Acc: *85.520%* (8552/10000)
Train epoch: 354 | Loss: *0.307* | Acc: *89.428%* (44714/50000) 
Test epoch: 354 | Loss: *0.412* | Acc: *86.570%* (8657/10000)
Train epoch: 355 | Loss: *0.307* | Acc: *89.416%* (44708/50000) 
Test epoch: 355 | Loss: *0.672* | Acc: *78.640%* (7864/10000)
Train epoch: 356 | Loss: *0.310* | Acc: *89.328%* (44664/50000) 
Test epoch: 356 | Loss: *0.534* | Acc: *82.370%* (8237/10000)
Train epoch: 357 | Loss: *0.308* | Acc: *89.354%* (44677/50000) 
Test epoch: 357 | Loss: *0.528* | Acc: *83.450%* (8345/10000)
Train epoch: 358 | Loss: *0.313* | Acc: *89.222%* (44611/50000) 
Test epoch: 358 | Loss: *0.604* | Acc: *81.270%* (8127/10000)
Train epoch: 359 | Loss: *0.312* | Acc: *89.164%* (44582/50000) 
Test epoch: 359 | Loss: *0.562* | Acc: *82.630%* (8263/10000)
Train epoch: 360 | Loss: *0.310* | Acc: *89.302%* (44651/50000) 
Test epoch: 360 | Loss: *0.574* | Acc: *82.440%* (8244/10000)
Train epoch: 361 | Loss: *0.315* | Acc: *89.230%* (44615/50000) 
Test epoch: 361 | Loss: *0.486* | Acc: *84.270%* (8427/10000)
Train epoch: 362 | Loss: *0.317* | Acc: *89.026%* (44513/50000) 
Test epoch: 362 | Loss: *0.486* | Acc: *84.390%* (8439/10000)
Train epoch: 363 | Loss: *0.314* | Acc: *89.238%* (44619/50000) 
Test epoch: 363 | Loss: *0.554* | Acc: *82.170%* (8217/10000)
Train epoch: 364 | Loss: *0.321* | Acc: *88.890%* (44445/50000) 
Test epoch: 364 | Loss: *0.521* | Acc: *83.450%* (8345/10000)
Train epoch: 365 | Loss: *0.317* | Acc: *88.944%* (44472/50000) 
Test epoch: 365 | Loss: *0.951* | Acc: *74.500%* (7450/10000)
Train epoch: 366 | Loss: *0.318* | Acc: *89.114%* (44557/50000) 
Test epoch: 366 | Loss: *0.590* | Acc: *82.220%* (8222/10000)
Train epoch: 367 | Loss: *0.318* | Acc: *89.152%* (44576/50000) 
Test epoch: 367 | Loss: *0.475* | Acc: *83.680%* (8368/10000)
Train epoch: 368 | Loss: *0.321* | Acc: *89.098%* (44549/50000) 
Test epoch: 368 | Loss: *0.617* | Acc: *80.150%* (8015/10000)
Train epoch: 369 | Loss: *0.323* | Acc: *88.856%* (44428/50000) 
Test epoch: 369 | Loss: *0.534* | Acc: *83.140%* (8314/10000)
Train epoch: 370 | Loss: *0.319* | Acc: *89.056%* (44528/50000) 
Test epoch: 370 | Loss: *0.600* | Acc: *81.020%* (8102/10000)
Train epoch: 371 | Loss: *0.321* | Acc: *88.994%* (44497/50000) 
Test epoch: 371 | Loss: *0.530* | Acc: *83.270%* (8327/10000)
Train epoch: 372 | Loss: *0.322* | Acc: *88.802%* (44401/50000) 
Test epoch: 372 | Loss: *0.549* | Acc: *82.160%* (8216/10000)
Train epoch: 373 | Loss: *0.319* | Acc: *89.010%* (44505/50000) 
Test epoch: 373 | Loss: *0.539* | Acc: *82.950%* (8295/10000)
Train epoch: 374 | Loss: *0.325* | Acc: *88.872%* (44436/50000) 
Test epoch: 374 | Loss: *0.671* | Acc: *80.070%* (8007/10000)
Train epoch: 375 | Loss: *0.328* | Acc: *88.774%* (44387/50000) 
Test epoch: 375 | Loss: *0.644* | Acc: *79.820%* (7982/10000)
Train epoch: 376 | Loss: *0.330* | Acc: *88.598%* (44299/50000) 
Test epoch: 376 | Loss: *0.474* | Acc: *84.400%* (8440/10000)
Train epoch: 377 | Loss: *0.324* | Acc: *88.988%* (44494/50000) 
Test epoch: 377 | Loss: *0.555* | Acc: *82.510%* (8251/10000)
Train epoch: 378 | Loss: *0.327* | Acc: *88.722%* (44361/50000) 
Test epoch: 378 | Loss: *0.519* | Acc: *83.010%* (8301/10000)
Train epoch: 379 | Loss: *0.329* | Acc: *88.678%* (44339/50000) 
Test epoch: 379 | Loss: *0.500* | Acc: *83.570%* (8357/10000)
Train epoch: 380 | Loss: *0.326* | Acc: *88.844%* (44422/50000) 
Test epoch: 380 | Loss: *0.467* | Acc: *85.090%* (8509/10000)
Train epoch: 381 | Loss: *0.329* | Acc: *88.638%* (44319/50000) 
Test epoch: 381 | Loss: *0.595* | Acc: *80.960%* (8096/10000)
Train epoch: 382 | Loss: *0.330* | Acc: *88.732%* (44366/50000) 
Test epoch: 382 | Loss: *0.516* | Acc: *83.760%* (8376/10000)
Train epoch: 383 | Loss: *0.333* | Acc: *88.408%* (44204/50000) 
Test epoch: 383 | Loss: *0.538* | Acc: *82.460%* (8246/10000)
Train epoch: 384 | Loss: *0.334* | Acc: *88.460%* (44230/50000) 
Test epoch: 384 | Loss: *0.431* | Acc: *85.640%* (8564/10000)
Train epoch: 385 | Loss: *0.331* | Acc: *88.506%* (44253/50000) 
Test epoch: 385 | Loss: *0.508* | Acc: *83.650%* (8365/10000)
Train epoch: 386 | Loss: *0.332* | Acc: *88.504%* (44252/50000) 
Test epoch: 386 | Loss: *0.496* | Acc: *84.500%* (8450/10000)
Train epoch: 387 | Loss: *0.333* | Acc: *88.460%* (44230/50000) 
Test epoch: 387 | Loss: *0.596* | Acc: *80.620%* (8062/10000)
Train epoch: 388 | Loss: *0.333* | Acc: *88.530%* (44265/50000) 
Test epoch: 388 | Loss: *0.482* | Acc: *84.740%* (8474/10000)
Train epoch: 389 | Loss: *0.329* | Acc: *88.754%* (44377/50000) 
Test epoch: 389 | Loss: *0.491* | Acc: *84.000%* (8400/10000)
Train epoch: 390 | Loss: *0.337* | Acc: *88.624%* (44312/50000) 
Test epoch: 390 | Loss: *0.532* | Acc: *83.360%* (8336/10000)
Train epoch: 391 | Loss: *0.333* | Acc: *88.548%* (44274/50000) 
Test epoch: 391 | Loss: *0.553* | Acc: *82.960%* (8296/10000)
Train epoch: 392 | Loss: *0.333* | Acc: *88.590%* (44295/50000) 
Test epoch: 392 | Loss: *0.537* | Acc: *82.140%* (8214/10000)
Train epoch: 393 | Loss: *0.329* | Acc: *88.680%* (44340/50000) 
Test epoch: 393 | Loss: *0.512* | Acc: *83.430%* (8343/10000)
Train epoch: 394 | Loss: *0.332* | Acc: *88.744%* (44372/50000) 
Test epoch: 394 | Loss: *0.478* | Acc: *84.460%* (8446/10000)
Train epoch: 395 | Loss: *0.333* | Acc: *88.624%* (44312/50000) 
Test epoch: 395 | Loss: *0.595* | Acc: *80.870%* (8087/10000)
Train epoch: 396 | Loss: *0.339* | Acc: *88.346%* (44173/50000) 
Test epoch: 396 | Loss: *0.599* | Acc: *80.910%* (8091/10000)
Train epoch: 397 | Loss: *0.332* | Acc: *88.682%* (44341/50000) 
Test epoch: 397 | Loss: *0.569* | Acc: *82.230%* (8223/10000)
Train epoch: 398 | Loss: *0.337* | Acc: *88.300%* (44150/50000) 
Test epoch: 398 | Loss: *0.549* | Acc: *82.540%* (8254/10000)
Train epoch: 399 | Loss: *0.331* | Acc: *88.776%* (44388/50000) 
Test epoch: 399 | Loss: *0.549* | Acc: *82.920%* (8292/10000)
Train epoch: 400 | Loss: *0.331* | Acc: *88.684%* (44342/50000) 
Test epoch: 400 | Loss: *0.676* | Acc: *79.240%* (7924/10000)
Train epoch: 401 | Loss: *0.334* | Acc: *88.566%* (44283/50000) 
Test epoch: 401 | Loss: *0.896* | Acc: *75.360%* (7536/10000)
Train epoch: 402 | Loss: *0.334* | Acc: *88.422%* (44211/50000) 
Test epoch: 402 | Loss: *0.499* | Acc: *83.690%* (8369/10000)
Train epoch: 403 | Loss: *0.332* | Acc: *88.622%* (44311/50000) 
Test epoch: 403 | Loss: *0.550* | Acc: *81.790%* (8179/10000)
Train epoch: 404 | Loss: *0.337* | Acc: *88.416%* (44208/50000) 
Test epoch: 404 | Loss: *0.533* | Acc: *83.150%* (8315/10000)
Train epoch: 405 | Loss: *0.332* | Acc: *88.630%* (44315/50000) 
Test epoch: 405 | Loss: *0.557* | Acc: *82.680%* (8268/10000)
Train epoch: 406 | Loss: *0.326* | Acc: *88.858%* (44429/50000) 
Test epoch: 406 | Loss: *0.499* | Acc: *83.770%* (8377/10000)
Train epoch: 407 | Loss: *0.335* | Acc: *88.496%* (44248/50000) 
Test epoch: 407 | Loss: *0.483* | Acc: *83.960%* (8396/10000)
Train epoch: 408 | Loss: *0.334* | Acc: *88.590%* (44295/50000) 
Test epoch: 408 | Loss: *0.540* | Acc: *82.150%* (8215/10000)
Train epoch: 409 | Loss: *0.332* | Acc: *88.530%* (44265/50000) 
Test epoch: 409 | Loss: *0.506* | Acc: *83.740%* (8374/10000)
Train epoch: 410 | Loss: *0.332* | Acc: *88.578%* (44289/50000) 
Test epoch: 410 | Loss: *0.571* | Acc: *81.810%* (8181/10000)
Train epoch: 411 | Loss: *0.335* | Acc: *88.276%* (44138/50000) 
Test epoch: 411 | Loss: *0.615* | Acc: *80.550%* (8055/10000)
Train epoch: 412 | Loss: *0.331* | Acc: *88.524%* (44262/50000) 
Test epoch: 412 | Loss: *0.458* | Acc: *85.000%* (8500/10000)
Train epoch: 413 | Loss: *0.331* | Acc: *88.736%* (44368/50000) 
Test epoch: 413 | Loss: *0.609* | Acc: *80.630%* (8063/10000)
Train epoch: 414 | Loss: *0.335* | Acc: *88.500%* (44250/50000) 
Test epoch: 414 | Loss: *0.499* | Acc: *83.160%* (8316/10000)
Train epoch: 415 | Loss: *0.332* | Acc: *88.614%* (44307/50000) 
Test epoch: 415 | Loss: *0.490* | Acc: *83.150%* (8315/10000)
Train epoch: 416 | Loss: *0.329* | Acc: *88.702%* (44351/50000) 
Test epoch: 416 | Loss: *0.561* | Acc: *81.730%* (8173/10000)
Train epoch: 417 | Loss: *0.330* | Acc: *88.724%* (44362/50000) 
Test epoch: 417 | Loss: *0.473* | Acc: *83.820%* (8382/10000)
Train epoch: 418 | Loss: *0.331* | Acc: *88.592%* (44296/50000) 
Test epoch: 418 | Loss: *0.545* | Acc: *82.790%* (8279/10000)
Train epoch: 419 | Loss: *0.326* | Acc: *88.770%* (44385/50000) 
Test epoch: 419 | Loss: *0.502* | Acc: *83.750%* (8375/10000)
Train epoch: 420 | Loss: *0.334* | Acc: *88.420%* (44210/50000) 
Test epoch: 420 | Loss: *0.476* | Acc: *84.410%* (8441/10000)
Train epoch: 421 | Loss: *0.327* | Acc: *88.968%* (44484/50000) 
Test epoch: 421 | Loss: *0.586* | Acc: *81.530%* (8153/10000)
Train epoch: 422 | Loss: *0.329* | Acc: *88.772%* (44386/50000) 
Test epoch: 422 | Loss: *0.486* | Acc: *83.770%* (8377/10000)
Train epoch: 423 | Loss: *0.329* | Acc: *88.552%* (44276/50000) 
Test epoch: 423 | Loss: *0.718* | Acc: *78.840%* (7884/10000)
Train epoch: 424 | Loss: *0.337* | Acc: *88.446%* (44223/50000) 
Test epoch: 424 | Loss: *0.432* | Acc: *85.520%* (8552/10000)
Train epoch: 425 | Loss: *0.320* | Acc: *88.912%* (44456/50000) 
Test epoch: 425 | Loss: *0.537* | Acc: *82.670%* (8267/10000)
Train epoch: 426 | Loss: *0.329* | Acc: *88.700%* (44350/50000) 
Test epoch: 426 | Loss: *0.566* | Acc: *82.680%* (8268/10000)
Train epoch: 427 | Loss: *0.329* | Acc: *88.764%* (44382/50000) 
Test epoch: 427 | Loss: *0.509* | Acc: *83.330%* (8333/10000)
Train epoch: 428 | Loss: *0.322* | Acc: *89.002%* (44501/50000) 
Test epoch: 428 | Loss: *0.494* | Acc: *83.950%* (8395/10000)
Train epoch: 429 | Loss: *0.326* | Acc: *88.756%* (44378/50000) 
Test epoch: 429 | Loss: *0.748* | Acc: *78.020%* (7802/10000)
Train epoch: 430 | Loss: *0.327* | Acc: *88.878%* (44439/50000) 
Test epoch: 430 | Loss: *0.590* | Acc: *81.020%* (8102/10000)
Train epoch: 431 | Loss: *0.321* | Acc: *88.896%* (44448/50000) 
Test epoch: 431 | Loss: *0.486* | Acc: *84.510%* (8451/10000)
Train epoch: 432 | Loss: *0.320* | Acc: *88.980%* (44490/50000) 
Test epoch: 432 | Loss: *0.563* | Acc: *82.260%* (8226/10000)
Train epoch: 433 | Loss: *0.322* | Acc: *88.914%* (44457/50000) 
Test epoch: 433 | Loss: *0.609* | Acc: *80.870%* (8087/10000)
Train epoch: 434 | Loss: *0.323* | Acc: *88.852%* (44426/50000) 
Test epoch: 434 | Loss: *0.606* | Acc: *80.340%* (8034/10000)
Train epoch: 435 | Loss: *0.325* | Acc: *88.762%* (44381/50000) 
Test epoch: 435 | Loss: *0.479* | Acc: *83.670%* (8367/10000)
Train epoch: 436 | Loss: *0.322* | Acc: *88.962%* (44481/50000) 
Test epoch: 436 | Loss: *0.504* | Acc: *83.400%* (8340/10000)
Train epoch: 437 | Loss: *0.322* | Acc: *88.990%* (44495/50000) 
Test epoch: 437 | Loss: *0.586* | Acc: *82.540%* (8254/10000)
Train epoch: 438 | Loss: *0.315* | Acc: *89.226%* (44613/50000) 
Test epoch: 438 | Loss: *0.501* | Acc: *83.710%* (8371/10000)
Train epoch: 439 | Loss: *0.318* | Acc: *89.112%* (44556/50000) 
Test epoch: 439 | Loss: *0.499* | Acc: *83.030%* (8303/10000)
Train epoch: 440 | Loss: *0.317* | Acc: *89.140%* (44570/50000) 
Test epoch: 440 | Loss: *0.523* | Acc: *83.040%* (8304/10000)
Train epoch: 441 | Loss: *0.316* | Acc: *89.026%* (44513/50000) 
Test epoch: 441 | Loss: *0.721* | Acc: *79.060%* (7906/10000)
Train epoch: 442 | Loss: *0.316* | Acc: *89.196%* (44598/50000) 
Test epoch: 442 | Loss: *0.408* | Acc: *86.580%* (8658/10000)
Train epoch: 443 | Loss: *0.313* | Acc: *89.200%* (44600/50000) 
Test epoch: 443 | Loss: *0.535* | Acc: *83.230%* (8323/10000)
Train epoch: 444 | Loss: *0.313* | Acc: *89.324%* (44662/50000) 
Test epoch: 444 | Loss: *0.428* | Acc: *85.710%* (8571/10000)
Train epoch: 445 | Loss: *0.312* | Acc: *89.320%* (44660/50000) 
Test epoch: 445 | Loss: *0.434* | Acc: *85.600%* (8560/10000)
Train epoch: 446 | Loss: *0.308* | Acc: *89.370%* (44685/50000) 
Test epoch: 446 | Loss: *0.628* | Acc: *80.330%* (8033/10000)
Train epoch: 447 | Loss: *0.309* | Acc: *89.478%* (44739/50000) 
Test epoch: 447 | Loss: *0.482* | Acc: *84.460%* (8446/10000)
Train epoch: 448 | Loss: *0.305* | Acc: *89.558%* (44779/50000) 
Test epoch: 448 | Loss: *0.529* | Acc: *82.980%* (8298/10000)
Train epoch: 449 | Loss: *0.310* | Acc: *89.214%* (44607/50000) 
Test epoch: 449 | Loss: *0.429* | Acc: *86.450%* (8645/10000)
Train epoch: 450 | Loss: *0.303* | Acc: *89.578%* (44789/50000) 
Test epoch: 450 | Loss: *0.505* | Acc: *84.020%* (8402/10000)
Train epoch: 451 | Loss: *0.305* | Acc: *89.494%* (44747/50000) 
Test epoch: 451 | Loss: *0.421* | Acc: *86.010%* (8601/10000)
Train epoch: 452 | Loss: *0.304* | Acc: *89.450%* (44725/50000) 
Test epoch: 452 | Loss: *0.445* | Acc: *85.760%* (8576/10000)
Train epoch: 453 | Loss: *0.301* | Acc: *89.596%* (44798/50000) 
Test epoch: 453 | Loss: *0.451* | Acc: *85.250%* (8525/10000)
Train epoch: 454 | Loss: *0.301* | Acc: *89.792%* (44896/50000) 
Test epoch: 454 | Loss: *0.500* | Acc: *83.420%* (8342/10000)
Train epoch: 455 | Loss: *0.299* | Acc: *89.750%* (44875/50000) 
Test epoch: 455 | Loss: *0.594* | Acc: *81.470%* (8147/10000)
Train epoch: 456 | Loss: *0.297* | Acc: *89.756%* (44878/50000) 
Test epoch: 456 | Loss: *0.474* | Acc: *84.950%* (8495/10000)
Train epoch: 457 | Loss: *0.297* | Acc: *89.896%* (44948/50000) 
Test epoch: 457 | Loss: *0.443* | Acc: *85.020%* (8502/10000)
Train epoch: 458 | Loss: *0.295* | Acc: *89.898%* (44949/50000) 
Test epoch: 458 | Loss: *0.413* | Acc: *86.710%* (8671/10000)
Train epoch: 459 | Loss: *0.295* | Acc: *89.836%* (44918/50000) 
Test epoch: 459 | Loss: *0.516* | Acc: *82.870%* (8287/10000)
Train epoch: 460 | Loss: *0.293* | Acc: *89.772%* (44886/50000) 
Test epoch: 460 | Loss: *0.457* | Acc: *84.950%* (8495/10000)
Train epoch: 461 | Loss: *0.290* | Acc: *90.042%* (45021/50000) 
Test epoch: 461 | Loss: *0.403* | Acc: *86.850%* (8685/10000)
Train epoch: 462 | Loss: *0.290* | Acc: *90.126%* (45063/50000) 
Test epoch: 462 | Loss: *0.460* | Acc: *85.190%* (8519/10000)
Train epoch: 463 | Loss: *0.289* | Acc: *90.184%* (45092/50000) 
Test epoch: 463 | Loss: *0.461* | Acc: *84.840%* (8484/10000)
Train epoch: 464 | Loss: *0.284* | Acc: *90.136%* (45068/50000) 
Test epoch: 464 | Loss: *0.379* | Acc: *87.500%* (8750/10000)
Train epoch: 465 | Loss: *0.287* | Acc: *90.022%* (45011/50000) 
Test epoch: 465 | Loss: *0.389* | Acc: *87.500%* (8750/10000)
Train epoch: 466 | Loss: *0.284* | Acc: *90.280%* (45140/50000) 
Test epoch: 466 | Loss: *0.509* | Acc: *83.970%* (8397/10000)
Train epoch: 467 | Loss: *0.280* | Acc: *90.242%* (45121/50000) 
Test epoch: 467 | Loss: *0.436* | Acc: *85.720%* (8572/10000)
Train epoch: 468 | Loss: *0.286* | Acc: *90.164%* (45082/50000) 
Test epoch: 468 | Loss: *0.421* | Acc: *86.660%* (8666/10000)
Train epoch: 469 | Loss: *0.276* | Acc: *90.514%* (45257/50000) 
Test epoch: 469 | Loss: *0.466* | Acc: *84.090%* (8409/10000)
Train epoch: 470 | Loss: *0.281* | Acc: *90.328%* (45164/50000) 
Test epoch: 470 | Loss: *0.423* | Acc: *85.670%* (8567/10000)
Train epoch: 471 | Loss: *0.276* | Acc: *90.542%* (45271/50000) 
Test epoch: 471 | Loss: *0.466* | Acc: *85.130%* (8513/10000)
Train epoch: 472 | Loss: *0.274* | Acc: *90.634%* (45317/50000) 
Test epoch: 472 | Loss: *0.441* | Acc: *85.630%* (8563/10000)
Train epoch: 473 | Loss: *0.269* | Acc: *90.620%* (45310/50000) 
Test epoch: 473 | Loss: *0.452* | Acc: *85.730%* (8573/10000)
Train epoch: 474 | Loss: *0.273* | Acc: *90.434%* (45217/50000) 
Test epoch: 474 | Loss: *0.455* | Acc: *84.950%* (8495/10000)
Train epoch: 475 | Loss: *0.269* | Acc: *90.724%* (45362/50000) 
Test epoch: 475 | Loss: *0.436* | Acc: *86.230%* (8623/10000)
Train epoch: 476 | Loss: *0.265* | Acc: *90.902%* (45451/50000) 
Test epoch: 476 | Loss: *0.447* | Acc: *85.630%* (8563/10000)
Train epoch: 477 | Loss: *0.266* | Acc: *90.828%* (45414/50000) 
Test epoch: 477 | Loss: *0.537* | Acc: *82.860%* (8286/10000)
Train epoch: 478 | Loss: *0.266* | Acc: *90.838%* (45419/50000) 
Test epoch: 478 | Loss: *0.383* | Acc: *87.410%* (8741/10000)
Train epoch: 479 | Loss: *0.262* | Acc: *90.880%* (45440/50000) 
Test epoch: 479 | Loss: *0.414* | Acc: *86.810%* (8681/10000)
Train epoch: 480 | Loss: *0.257* | Acc: *91.152%* (45576/50000) 
Test epoch: 480 | Loss: *0.491* | Acc: *84.490%* (8449/10000)
Train epoch: 481 | Loss: *0.256* | Acc: *91.272%* (45636/50000) 
Test epoch: 481 | Loss: *0.421* | Acc: *86.100%* (8610/10000)
Train epoch: 482 | Loss: *0.261* | Acc: *90.996%* (45498/50000) 
Test epoch: 482 | Loss: *0.373* | Acc: *87.880%* (8788/10000)
Train epoch: 483 | Loss: *0.252* | Acc: *91.332%* (45666/50000) 
Test epoch: 483 | Loss: *0.448* | Acc: *85.600%* (8560/10000)
Train epoch: 484 | Loss: *0.248* | Acc: *91.476%* (45738/50000) 
Test epoch: 484 | Loss: *0.388* | Acc: *87.320%* (8732/10000)
Train epoch: 485 | Loss: *0.252* | Acc: *91.292%* (45646/50000) 
Test epoch: 485 | Loss: *0.420* | Acc: *86.890%* (8689/10000)
Train epoch: 486 | Loss: *0.241* | Acc: *91.638%* (45819/50000) 
Test epoch: 486 | Loss: *0.487* | Acc: *84.600%* (8460/10000)
Train epoch: 487 | Loss: *0.246* | Acc: *91.540%* (45770/50000) 
Test epoch: 487 | Loss: *0.452* | Acc: *85.210%* (8521/10000)
Train epoch: 488 | Loss: *0.244* | Acc: *91.640%* (45820/50000) 
Test epoch: 488 | Loss: *0.448* | Acc: *85.780%* (8578/10000)
Train epoch: 489 | Loss: *0.240* | Acc: *91.802%* (45901/50000) 
Test epoch: 489 | Loss: *0.401* | Acc: *86.650%* (8665/10000)
Train epoch: 490 | Loss: *0.241* | Acc: *91.688%* (45844/50000) 
Test epoch: 490 | Loss: *0.451* | Acc: *85.610%* (8561/10000)
Train epoch: 491 | Loss: *0.240* | Acc: *91.620%* (45810/50000) 
Test epoch: 491 | Loss: *0.394* | Acc: *86.870%* (8687/10000)
Train epoch: 492 | Loss: *0.233* | Acc: *91.990%* (45995/50000) 
Test epoch: 492 | Loss: *0.408* | Acc: *87.260%* (8726/10000)
Train epoch: 493 | Loss: *0.233* | Acc: *91.956%* (45978/50000) 
Test epoch: 493 | Loss: *0.374* | Acc: *88.020%* (8802/10000)
Train epoch: 494 | Loss: *0.228* | Acc: *92.078%* (46039/50000) 
Test epoch: 494 | Loss: *0.390* | Acc: *87.920%* (8792/10000)
Train epoch: 495 | Loss: *0.228* | Acc: *92.050%* (46025/50000) 
Test epoch: 495 | Loss: *0.491* | Acc: *85.090%* (8509/10000)
Train epoch: 496 | Loss: *0.222* | Acc: *92.338%* (46169/50000) 
Test epoch: 496 | Loss: *0.379* | Acc: *88.100%* (8810/10000)
Train epoch: 497 | Loss: *0.224* | Acc: *92.332%* (46166/50000) 
Test epoch: 497 | Loss: *0.411* | Acc: *87.100%* (8710/10000)
Train epoch: 498 | Loss: *0.220* | Acc: *92.496%* (46248/50000) 
Test epoch: 498 | Loss: *0.351* | Acc: *88.480%* (8848/10000)
Train epoch: 499 | Loss: *0.222* | Acc: *92.390%* (46195/50000) 
Test epoch: 499 | Loss: *0.410* | Acc: *86.970%* (8697/10000)
Train epoch: 500 | Loss: *0.212* | Acc: *92.754%* (46377/50000) 
Test epoch: 500 | Loss: *0.390* | Acc: *87.720%* (8772/10000)
Best test accuracy: *94.400%*, loss: *0.21160222191363573*, at epoch: *186*.
==> Execution time summary of 500 epoch(s).
Train data loading time: sum. *300.8900990332477* secs | avg. *0.6017801980664954* secs per epoch.
Train training time: sum. *2282.946262634825* secs | avg. *4.56589252526965* secs per epoch.
Train total time: sum. *2583.8363616680726* secs | avg. *5.167672723336145* secs per epoch.
Test data loading time: sum. *117.9978182092309* secs | avg. *0.2359956364184618* secs per epoch.
Test training time: sum. *122.0380793181248* secs | avg. *0.2440761586362496* secs per epoch.
Test total time: sum. *240.0358975273557* secs | avg. *0.4800717950547114* secs per epoch.
Total data loading time: sum. *418.8879172424786* secs | avg. *0.8377758344849572* secs per epoch.
Total training time: sum. *2404.9843419529498* secs | avg. *4.8099686839058995* secs per epoch.
Total running time: sum. *2823.8722591954283* secs | avg. *5.647744518390857* secs per epoch.
==> Number of GPU device: 1
==> Device 0 Memory Usage
==> Allocated: 0.1 GB
==> Cached:    1.0 GB
==> Maximum: 1.0 GB
