==> Running on : cuda
==> Number of CPU: 48
==> Number of workers: 2
==> #Epochs: 500, #Layers: 4, #Blocks: [2, 1, 1, 1], In channel: 64, Input layer conv kernel: 5x5, Residual layer conv kernel 3x3, Skip kernel: 1x1, Input layer conv padding: 2, Residual layer conv padding: 1
==> Optimizer is SGD with Nesterov
==> Momentum: 0.9
==> Learning rate: 0.1
==> Weight decay: 0.0005
==>Trainable Parameters: 4980298
==>Other Parameters: 0
==>Augmentation: None
Files already downloaded and verified
Train epoch: 1 | Loss: *1.427* | Acc: *48.136%* (24068/50000) 
Test epoch: 1 | Loss: *1.451* | Acc: *50.090%* (5009/10000)
Train epoch: 2 | Loss: *0.900* | Acc: *67.964%* (33982/50000) 
Test epoch: 2 | Loss: *1.037* | Acc: *63.040%* (6304/10000)
Train epoch: 3 | Loss: *0.674* | Acc: *76.216%* (38108/50000) 
Test epoch: 3 | Loss: *0.899* | Acc: *68.500%* (6850/10000)
Train epoch: 4 | Loss: *0.538* | Acc: *81.372%* (40686/50000) 
Test epoch: 4 | Loss: *0.714* | Acc: *75.550%* (7555/10000)
Train epoch: 5 | Loss: *0.442* | Acc: *84.554%* (42277/50000) 
Test epoch: 5 | Loss: *0.822* | Acc: *71.540%* (7154/10000)
Train epoch: 6 | Loss: *0.379* | Acc: *86.816%* (43408/50000) 
Test epoch: 6 | Loss: *0.630* | Acc: *78.200%* (7820/10000)
Train epoch: 7 | Loss: *0.329* | Acc: *88.586%* (44293/50000) 
Test epoch: 7 | Loss: *0.648* | Acc: *78.360%* (7836/10000)
Train epoch: 8 | Loss: *0.291* | Acc: *89.808%* (44904/50000) 
Test epoch: 8 | Loss: *0.802* | Acc: *75.490%* (7549/10000)
Train epoch: 9 | Loss: *0.263* | Acc: *90.874%* (45437/50000) 
Test epoch: 9 | Loss: *0.973* | Acc: *71.800%* (7180/10000)
Train epoch: 10 | Loss: *0.241* | Acc: *91.588%* (45794/50000) 
Test epoch: 10 | Loss: *0.682* | Acc: *77.890%* (7789/10000)
Train epoch: 11 | Loss: *0.226* | Acc: *92.112%* (46056/50000) 
Test epoch: 11 | Loss: *0.691* | Acc: *78.230%* (7823/10000)
Train epoch: 12 | Loss: *0.214* | Acc: *92.522%* (46261/50000) 
Test epoch: 12 | Loss: *0.609* | Acc: *80.280%* (8028/10000)
Train epoch: 13 | Loss: *0.198* | Acc: *93.146%* (46573/50000) 
Test epoch: 13 | Loss: *0.758* | Acc: *76.840%* (7684/10000)
Train epoch: 14 | Loss: *0.196* | Acc: *93.184%* (46592/50000) 
Test epoch: 14 | Loss: *0.789* | Acc: *76.760%* (7676/10000)
Train epoch: 15 | Loss: *0.192* | Acc: *93.380%* (46690/50000) 
Test epoch: 15 | Loss: *0.715* | Acc: *78.060%* (7806/10000)
Train epoch: 16 | Loss: *0.181* | Acc: *93.848%* (46924/50000) 
Test epoch: 16 | Loss: *0.600* | Acc: *81.090%* (8109/10000)
Train epoch: 17 | Loss: *0.188* | Acc: *93.434%* (46717/50000) 
Test epoch: 17 | Loss: *0.651* | Acc: *79.370%* (7937/10000)
Train epoch: 18 | Loss: *0.174* | Acc: *93.970%* (46985/50000) 
Test epoch: 18 | Loss: *0.919* | Acc: *73.010%* (7301/10000)
Train epoch: 19 | Loss: *0.175* | Acc: *93.992%* (46996/50000) 
Test epoch: 19 | Loss: *0.764* | Acc: *77.980%* (7798/10000)
Train epoch: 20 | Loss: *0.178* | Acc: *93.760%* (46880/50000) 
Test epoch: 20 | Loss: *0.773* | Acc: *75.750%* (7575/10000)
Train epoch: 21 | Loss: *0.168* | Acc: *94.344%* (47172/50000) 
Test epoch: 21 | Loss: *0.895* | Acc: *74.790%* (7479/10000)
Train epoch: 22 | Loss: *0.163* | Acc: *94.450%* (47225/50000) 
Test epoch: 22 | Loss: *0.870* | Acc: *74.450%* (7445/10000)
Train epoch: 23 | Loss: *0.174* | Acc: *93.974%* (46987/50000) 
Test epoch: 23 | Loss: *0.972* | Acc: *74.480%* (7448/10000)
Train epoch: 24 | Loss: *0.168* | Acc: *94.202%* (47101/50000) 
Test epoch: 24 | Loss: *0.650* | Acc: *80.530%* (8053/10000)
Train epoch: 25 | Loss: *0.158* | Acc: *94.644%* (47322/50000) 
Test epoch: 25 | Loss: *0.670* | Acc: *79.340%* (7934/10000)
Train epoch: 26 | Loss: *0.165* | Acc: *94.244%* (47122/50000) 
Test epoch: 26 | Loss: *0.881* | Acc: *74.270%* (7427/10000)
Train epoch: 27 | Loss: *0.161* | Acc: *94.346%* (47173/50000) 
Test epoch: 27 | Loss: *0.715* | Acc: *78.910%* (7891/10000)
Train epoch: 28 | Loss: *0.160* | Acc: *94.426%* (47213/50000) 
Test epoch: 28 | Loss: *0.881* | Acc: *74.040%* (7404/10000)
Train epoch: 29 | Loss: *0.162* | Acc: *94.386%* (47193/50000) 
Test epoch: 29 | Loss: *0.695* | Acc: *79.380%* (7938/10000)
Train epoch: 30 | Loss: *0.158* | Acc: *94.664%* (47332/50000) 
Test epoch: 30 | Loss: *0.645* | Acc: *80.130%* (8013/10000)
Train epoch: 31 | Loss: *0.149* | Acc: *94.984%* (47492/50000) 
Test epoch: 31 | Loss: *0.735* | Acc: *77.560%* (7756/10000)
Train epoch: 32 | Loss: *0.156* | Acc: *94.632%* (47316/50000) 
Test epoch: 32 | Loss: *0.725* | Acc: *78.340%* (7834/10000)
Train epoch: 33 | Loss: *0.161* | Acc: *94.490%* (47245/50000) 
Test epoch: 33 | Loss: *0.752* | Acc: *76.270%* (7627/10000)
Train epoch: 34 | Loss: *0.156* | Acc: *94.704%* (47352/50000) 
Test epoch: 34 | Loss: *0.760* | Acc: *77.930%* (7793/10000)
Train epoch: 35 | Loss: *0.154* | Acc: *94.788%* (47394/50000) 
Test epoch: 35 | Loss: *0.770* | Acc: *77.100%* (7710/10000)
Train epoch: 36 | Loss: *0.150* | Acc: *94.874%* (47437/50000) 
Test epoch: 36 | Loss: *0.731* | Acc: *78.430%* (7843/10000)
Train epoch: 37 | Loss: *0.157* | Acc: *94.458%* (47229/50000) 
Test epoch: 37 | Loss: *0.825* | Acc: *76.250%* (7625/10000)
Train epoch: 38 | Loss: *0.145* | Acc: *94.934%* (47467/50000) 
Test epoch: 38 | Loss: *0.759* | Acc: *77.300%* (7730/10000)
Train epoch: 39 | Loss: *0.153* | Acc: *94.754%* (47377/50000) 
Test epoch: 39 | Loss: *0.852* | Acc: *75.560%* (7556/10000)
Train epoch: 40 | Loss: *0.147* | Acc: *94.944%* (47472/50000) 
Test epoch: 40 | Loss: *0.813* | Acc: *76.470%* (7647/10000)
Train epoch: 41 | Loss: *0.147* | Acc: *94.994%* (47497/50000) 
Test epoch: 41 | Loss: *0.801* | Acc: *76.280%* (7628/10000)
Train epoch: 42 | Loss: *0.148* | Acc: *94.934%* (47467/50000) 
Test epoch: 42 | Loss: *0.880* | Acc: *75.060%* (7506/10000)
Train epoch: 43 | Loss: *0.145* | Acc: *95.102%* (47551/50000) 
Test epoch: 43 | Loss: *0.662* | Acc: *79.930%* (7993/10000)
Train epoch: 44 | Loss: *0.139* | Acc: *95.380%* (47690/50000) 
Test epoch: 44 | Loss: *0.718* | Acc: *78.990%* (7899/10000)
Train epoch: 45 | Loss: *0.147* | Acc: *94.924%* (47462/50000) 
Test epoch: 45 | Loss: *0.808* | Acc: *77.540%* (7754/10000)
Train epoch: 46 | Loss: *0.137* | Acc: *95.262%* (47631/50000) 
Test epoch: 46 | Loss: *1.116* | Acc: *71.230%* (7123/10000)
Train epoch: 47 | Loss: *0.134* | Acc: *95.488%* (47744/50000) 
Test epoch: 47 | Loss: *0.763* | Acc: *78.630%* (7863/10000)
Train epoch: 48 | Loss: *0.142* | Acc: *95.172%* (47586/50000) 
Test epoch: 48 | Loss: *0.889* | Acc: *75.860%* (7586/10000)
Train epoch: 49 | Loss: *0.137* | Acc: *95.276%* (47638/50000) 
Test epoch: 49 | Loss: *0.645* | Acc: *80.610%* (8061/10000)
Train epoch: 50 | Loss: *0.135* | Acc: *95.420%* (47710/50000) 
Test epoch: 50 | Loss: *0.811* | Acc: *77.000%* (7700/10000)
Train epoch: 51 | Loss: *0.130* | Acc: *95.536%* (47768/50000) 
Test epoch: 51 | Loss: *1.163* | Acc: *70.710%* (7071/10000)
Train epoch: 52 | Loss: *0.139* | Acc: *95.198%* (47599/50000) 
Test epoch: 52 | Loss: *0.623* | Acc: *80.690%* (8069/10000)
Train epoch: 53 | Loss: *0.131* | Acc: *95.488%* (47744/50000) 
Test epoch: 53 | Loss: *0.686* | Acc: *79.240%* (7924/10000)
Train epoch: 54 | Loss: *0.131* | Acc: *95.610%* (47805/50000) 
Test epoch: 54 | Loss: *0.988* | Acc: *73.960%* (7396/10000)
Train epoch: 55 | Loss: *0.129* | Acc: *95.624%* (47812/50000) 
Test epoch: 55 | Loss: *0.895* | Acc: *76.180%* (7618/10000)
Train epoch: 56 | Loss: *0.129* | Acc: *95.552%* (47776/50000) 
Test epoch: 56 | Loss: *0.701* | Acc: *79.240%* (7924/10000)
Train epoch: 57 | Loss: *0.128* | Acc: *95.596%* (47798/50000) 
Test epoch: 57 | Loss: *0.683* | Acc: *80.050%* (8005/10000)
Train epoch: 58 | Loss: *0.119* | Acc: *95.884%* (47942/50000) 
Test epoch: 58 | Loss: *0.810* | Acc: *77.350%* (7735/10000)
Train epoch: 59 | Loss: *0.123* | Acc: *95.842%* (47921/50000) 
Test epoch: 59 | Loss: *0.737* | Acc: *78.840%* (7884/10000)
Train epoch: 60 | Loss: *0.122* | Acc: *95.848%* (47924/50000) 
Test epoch: 60 | Loss: *0.734* | Acc: *79.670%* (7967/10000)
Train epoch: 61 | Loss: *0.128* | Acc: *95.610%* (47805/50000) 
Test epoch: 61 | Loss: *0.736* | Acc: *78.620%* (7862/10000)
Train epoch: 62 | Loss: *0.119* | Acc: *95.938%* (47969/50000) 
Test epoch: 62 | Loss: *0.747* | Acc: *78.970%* (7897/10000)
Train epoch: 63 | Loss: *0.114* | Acc: *96.126%* (48063/50000) 
Test epoch: 63 | Loss: *0.806* | Acc: *77.460%* (7746/10000)
Train epoch: 64 | Loss: *0.117* | Acc: *96.064%* (48032/50000) 
Test epoch: 64 | Loss: *0.750* | Acc: *80.100%* (8010/10000)
Train epoch: 65 | Loss: *0.123* | Acc: *95.898%* (47949/50000) 
Test epoch: 65 | Loss: *0.908* | Acc: *73.800%* (7380/10000)
Train epoch: 66 | Loss: *0.118* | Acc: *95.954%* (47977/50000) 
Test epoch: 66 | Loss: *0.788* | Acc: *78.010%* (7801/10000)
Train epoch: 67 | Loss: *0.109* | Acc: *96.316%* (48158/50000) 
Test epoch: 67 | Loss: *0.713* | Acc: *79.660%* (7966/10000)
Train epoch: 68 | Loss: *0.109* | Acc: *96.336%* (48168/50000) 
Test epoch: 68 | Loss: *0.691* | Acc: *80.340%* (8034/10000)
Train epoch: 69 | Loss: *0.106* | Acc: *96.436%* (48218/50000) 
Test epoch: 69 | Loss: *0.955* | Acc: *74.320%* (7432/10000)
Train epoch: 70 | Loss: *0.114* | Acc: *96.124%* (48062/50000) 
Test epoch: 70 | Loss: *0.809* | Acc: *76.540%* (7654/10000)
Train epoch: 71 | Loss: *0.114* | Acc: *96.098%* (48049/50000) 
Test epoch: 71 | Loss: *0.668* | Acc: *80.600%* (8060/10000)
Train epoch: 72 | Loss: *0.105* | Acc: *96.518%* (48259/50000) 
Test epoch: 72 | Loss: *0.825* | Acc: *77.540%* (7754/10000)
Train epoch: 73 | Loss: *0.111* | Acc: *96.198%* (48099/50000) 
Test epoch: 73 | Loss: *0.691* | Acc: *79.750%* (7975/10000)
Train epoch: 74 | Loss: *0.099* | Acc: *96.568%* (48284/50000) 
Test epoch: 74 | Loss: *0.780* | Acc: *78.290%* (7829/10000)
Train epoch: 75 | Loss: *0.093* | Acc: *96.916%* (48458/50000) 
Test epoch: 75 | Loss: *1.641* | Acc: *65.580%* (6558/10000)
Train epoch: 76 | Loss: *0.110* | Acc: *96.264%* (48132/50000) 
Test epoch: 76 | Loss: *1.167* | Acc: *71.590%* (7159/10000)
Train epoch: 77 | Loss: *0.102* | Acc: *96.514%* (48257/50000) 
Test epoch: 77 | Loss: *0.764* | Acc: *79.240%* (7924/10000)
Train epoch: 78 | Loss: *0.100* | Acc: *96.628%* (48314/50000) 
Test epoch: 78 | Loss: *0.671* | Acc: *80.480%* (8048/10000)
Train epoch: 79 | Loss: *0.098* | Acc: *96.646%* (48323/50000) 
Test epoch: 79 | Loss: *0.789* | Acc: *78.350%* (7835/10000)
Train epoch: 80 | Loss: *0.093* | Acc: *96.928%* (48464/50000) 
Test epoch: 80 | Loss: *0.870* | Acc: *77.150%* (7715/10000)
Train epoch: 81 | Loss: *0.099* | Acc: *96.652%* (48326/50000) 
Test epoch: 81 | Loss: *0.630* | Acc: *82.200%* (8220/10000)
Train epoch: 82 | Loss: *0.094* | Acc: *96.934%* (48467/50000) 
Test epoch: 82 | Loss: *0.717* | Acc: *80.670%* (8067/10000)
Train epoch: 83 | Loss: *0.091* | Acc: *96.920%* (48460/50000) 
Test epoch: 83 | Loss: *0.808* | Acc: *78.810%* (7881/10000)
Train epoch: 84 | Loss: *0.094* | Acc: *96.876%* (48438/50000) 
Test epoch: 84 | Loss: *0.950* | Acc: *76.140%* (7614/10000)
Train epoch: 85 | Loss: *0.080* | Acc: *97.400%* (48700/50000) 
Test epoch: 85 | Loss: *0.744* | Acc: *80.740%* (8074/10000)
Train epoch: 86 | Loss: *0.085* | Acc: *97.210%* (48605/50000) 
Test epoch: 86 | Loss: *0.758* | Acc: *79.070%* (7907/10000)
Train epoch: 87 | Loss: *0.093* | Acc: *96.892%* (48446/50000) 
Test epoch: 87 | Loss: *0.732* | Acc: *79.240%* (7924/10000)
Train epoch: 88 | Loss: *0.086* | Acc: *97.122%* (48561/50000) 
Test epoch: 88 | Loss: *0.662* | Acc: *81.080%* (8108/10000)
Train epoch: 89 | Loss: *0.067* | Acc: *97.816%* (48908/50000) 
Test epoch: 89 | Loss: *0.741* | Acc: *79.120%* (7912/10000)
Train epoch: 90 | Loss: *0.088* | Acc: *96.988%* (48494/50000) 
Test epoch: 90 | Loss: *0.848* | Acc: *77.580%* (7758/10000)
Train epoch: 91 | Loss: *0.091* | Acc: *96.956%* (48478/50000) 
Test epoch: 91 | Loss: *0.650* | Acc: *81.260%* (8126/10000)
Train epoch: 92 | Loss: *0.069* | Acc: *97.736%* (48868/50000) 
Test epoch: 92 | Loss: *0.612* | Acc: *83.150%* (8315/10000)
Train epoch: 93 | Loss: *0.074* | Acc: *97.616%* (48808/50000) 
Test epoch: 93 | Loss: *0.604* | Acc: *82.700%* (8270/10000)
Train epoch: 94 | Loss: *0.069* | Acc: *97.756%* (48878/50000) 
Test epoch: 94 | Loss: *0.655* | Acc: *81.480%* (8148/10000)
Train epoch: 95 | Loss: *0.078* | Acc: *97.424%* (48712/50000) 
Test epoch: 95 | Loss: *0.714* | Acc: *81.030%* (8103/10000)
Train epoch: 96 | Loss: *0.073* | Acc: *97.630%* (48815/50000) 
Test epoch: 96 | Loss: *0.792* | Acc: *79.490%* (7949/10000)
Train epoch: 97 | Loss: *0.075* | Acc: *97.612%* (48806/50000) 
Test epoch: 97 | Loss: *0.635* | Acc: *81.910%* (8191/10000)
Train epoch: 98 | Loss: *0.069* | Acc: *97.780%* (48890/50000) 
Test epoch: 98 | Loss: *0.721* | Acc: *80.880%* (8088/10000)
Train epoch: 99 | Loss: *0.057* | Acc: *98.178%* (49089/50000) 
Test epoch: 99 | Loss: *0.691* | Acc: *81.260%* (8126/10000)
Train epoch: 100 | Loss: *0.071* | Acc: *97.684%* (48842/50000) 
Test epoch: 100 | Loss: *0.629* | Acc: *82.840%* (8284/10000)
Train epoch: 101 | Loss: *0.074* | Acc: *97.562%* (48781/50000) 
Test epoch: 101 | Loss: *0.759* | Acc: *79.180%* (7918/10000)
Train epoch: 102 | Loss: *0.062* | Acc: *97.982%* (48991/50000) 
Test epoch: 102 | Loss: *0.720* | Acc: *79.990%* (7999/10000)
Train epoch: 103 | Loss: *0.059* | Acc: *98.106%* (49053/50000) 
Test epoch: 103 | Loss: *0.804* | Acc: *78.960%* (7896/10000)
Train epoch: 104 | Loss: *0.060* | Acc: *98.064%* (49032/50000) 
Test epoch: 104 | Loss: *0.742* | Acc: *80.420%* (8042/10000)
Train epoch: 105 | Loss: *0.057* | Acc: *98.180%* (49090/50000) 
Test epoch: 105 | Loss: *0.684* | Acc: *81.180%* (8118/10000)
Train epoch: 106 | Loss: *0.059* | Acc: *98.078%* (49039/50000) 
Test epoch: 106 | Loss: *0.698* | Acc: *82.050%* (8205/10000)
Train epoch: 107 | Loss: *0.043* | Acc: *98.716%* (49358/50000) 
Test epoch: 107 | Loss: *0.676* | Acc: *81.770%* (8177/10000)
Train epoch: 108 | Loss: *0.041* | Acc: *98.828%* (49414/50000) 
Test epoch: 108 | Loss: *0.697* | Acc: *80.950%* (8095/10000)
Train epoch: 109 | Loss: *0.059* | Acc: *98.122%* (49061/50000) 
Test epoch: 109 | Loss: *0.691* | Acc: *81.410%* (8141/10000)
Train epoch: 110 | Loss: *0.075* | Acc: *97.602%* (48801/50000) 
Test epoch: 110 | Loss: *0.712* | Acc: *80.490%* (8049/10000)
Train epoch: 111 | Loss: *0.040* | Acc: *98.782%* (49391/50000) 
Test epoch: 111 | Loss: *0.608* | Acc: *83.550%* (8355/10000)
Train epoch: 112 | Loss: *0.033* | Acc: *99.008%* (49504/50000) 
Test epoch: 112 | Loss: *0.644* | Acc: *82.770%* (8277/10000)
Train epoch: 113 | Loss: *0.023* | Acc: *99.400%* (49700/50000) 
Test epoch: 113 | Loss: *0.667* | Acc: *82.690%* (8269/10000)
Train epoch: 114 | Loss: *0.039* | Acc: *98.878%* (49439/50000) 
Test epoch: 114 | Loss: *0.842* | Acc: *79.510%* (7951/10000)
Train epoch: 115 | Loss: *0.075* | Acc: *97.518%* (48759/50000) 
Test epoch: 115 | Loss: *0.691* | Acc: *81.110%* (8111/10000)
Train epoch: 116 | Loss: *0.070* | Acc: *97.764%* (48882/50000) 
Test epoch: 116 | Loss: *0.755* | Acc: *80.520%* (8052/10000)
Train epoch: 117 | Loss: *0.044* | Acc: *98.644%* (49322/50000) 
Test epoch: 117 | Loss: *0.605* | Acc: *83.210%* (8321/10000)
Train epoch: 118 | Loss: *0.014* | Acc: *99.704%* (49852/50000) 
Test epoch: 118 | Loss: *0.500* | Acc: *86.360%* (8636/10000)
Train epoch: 119 | Loss: *0.004* | Acc: *99.982%* (49991/50000) 
Test epoch: 119 | Loss: *0.420* | Acc: *87.540%* (8754/10000)
Train epoch: 120 | Loss: *0.002* | Acc: *100.000%* (50000/50000) 
Test epoch: 120 | Loss: *0.383* | Acc: *88.330%* (8833/10000)
Train epoch: 121 | Loss: *0.002* | Acc: *100.000%* (50000/50000) 
Test epoch: 121 | Loss: *0.371* | Acc: *88.420%* (8842/10000)
Train epoch: 122 | Loss: *0.002* | Acc: *100.000%* (50000/50000) 
Test epoch: 122 | Loss: *0.365* | Acc: *88.270%* (8827/10000)
Train epoch: 123 | Loss: *0.002* | Acc: *100.000%* (50000/50000) 
Test epoch: 123 | Loss: *0.360* | Acc: *88.360%* (8836/10000)
Train epoch: 124 | Loss: *0.003* | Acc: *100.000%* (50000/50000) 
Test epoch: 124 | Loss: *0.360* | Acc: *88.390%* (8839/10000)
Train epoch: 125 | Loss: *0.003* | Acc: *100.000%* (50000/50000) 
Test epoch: 125 | Loss: *0.354* | Acc: *88.620%* (8862/10000)
Train epoch: 126 | Loss: *0.003* | Acc: *100.000%* (50000/50000) 
Test epoch: 126 | Loss: *0.356* | Acc: *88.440%* (8844/10000)
Train epoch: 127 | Loss: *0.003* | Acc: *100.000%* (50000/50000) 
Test epoch: 127 | Loss: *0.354* | Acc: *88.410%* (8841/10000)
Train epoch: 128 | Loss: *0.002* | Acc: *100.000%* (50000/50000) 
Test epoch: 128 | Loss: *0.353* | Acc: *88.440%* (8844/10000)
Train epoch: 129 | Loss: *0.002* | Acc: *100.000%* (50000/50000) 
Test epoch: 129 | Loss: *0.353* | Acc: *88.440%* (8844/10000)
Train epoch: 130 | Loss: *0.002* | Acc: *100.000%* (50000/50000) 
Test epoch: 130 | Loss: *0.355* | Acc: *88.460%* (8846/10000)
Train epoch: 131 | Loss: *0.002* | Acc: *100.000%* (50000/50000) 
Test epoch: 131 | Loss: *0.356* | Acc: *88.640%* (8864/10000)
Train epoch: 132 | Loss: *0.002* | Acc: *100.000%* (50000/50000) 
Test epoch: 132 | Loss: *0.356* | Acc: *88.390%* (8839/10000)
Train epoch: 133 | Loss: *0.002* | Acc: *100.000%* (50000/50000) 
Test epoch: 133 | Loss: *0.357* | Acc: *88.490%* (8849/10000)
Train epoch: 134 | Loss: *0.002* | Acc: *100.000%* (50000/50000) 
Test epoch: 134 | Loss: *0.357* | Acc: *88.410%* (8841/10000)
Train epoch: 135 | Loss: *0.002* | Acc: *100.000%* (50000/50000) 
Test epoch: 135 | Loss: *0.360* | Acc: *88.300%* (8830/10000)
Train epoch: 136 | Loss: *0.002* | Acc: *100.000%* (50000/50000) 
Test epoch: 136 | Loss: *0.362* | Acc: *88.040%* (8804/10000)
Train epoch: 137 | Loss: *0.002* | Acc: *100.000%* (50000/50000) 
Test epoch: 137 | Loss: *0.365* | Acc: *88.190%* (8819/10000)
Train epoch: 138 | Loss: *0.002* | Acc: *100.000%* (50000/50000) 
Test epoch: 138 | Loss: *0.365* | Acc: *88.310%* (8831/10000)
Train epoch: 139 | Loss: *0.002* | Acc: *100.000%* (50000/50000) 
Test epoch: 139 | Loss: *0.364* | Acc: *88.310%* (8831/10000)
Train epoch: 140 | Loss: *0.002* | Acc: *100.000%* (50000/50000) 
Test epoch: 140 | Loss: *0.367* | Acc: *88.270%* (8827/10000)
Train epoch: 141 | Loss: *0.002* | Acc: *100.000%* (50000/50000) 
Test epoch: 141 | Loss: *0.375* | Acc: *87.990%* (8799/10000)
Train epoch: 142 | Loss: *0.002* | Acc: *100.000%* (50000/50000) 
Test epoch: 142 | Loss: *0.387* | Acc: *87.400%* (8740/10000)
Train epoch: 143 | Loss: *0.002* | Acc: *100.000%* (50000/50000) 
Test epoch: 143 | Loss: *0.377* | Acc: *88.010%* (8801/10000)
Train epoch: 144 | Loss: *0.002* | Acc: *100.000%* (50000/50000) 
Test epoch: 144 | Loss: *0.380* | Acc: *87.850%* (8785/10000)
Train epoch: 145 | Loss: *0.002* | Acc: *100.000%* (50000/50000) 
Test epoch: 145 | Loss: *0.385* | Acc: *87.790%* (8779/10000)
Train epoch: 146 | Loss: *0.002* | Acc: *100.000%* (50000/50000) 
Test epoch: 146 | Loss: *0.389* | Acc: *87.620%* (8762/10000)
Train epoch: 147 | Loss: *0.002* | Acc: *100.000%* (50000/50000) 
Test epoch: 147 | Loss: *0.394* | Acc: *87.440%* (8744/10000)
Train epoch: 148 | Loss: *0.002* | Acc: *100.000%* (50000/50000) 
Test epoch: 148 | Loss: *0.388* | Acc: *87.650%* (8765/10000)
Train epoch: 149 | Loss: *0.002* | Acc: *100.000%* (50000/50000) 
Test epoch: 149 | Loss: *0.394* | Acc: *87.440%* (8744/10000)
Train epoch: 150 | Loss: *0.002* | Acc: *100.000%* (50000/50000) 
Test epoch: 150 | Loss: *0.397* | Acc: *87.350%* (8735/10000)
Train epoch: 151 | Loss: *0.002* | Acc: *100.000%* (50000/50000) 
Test epoch: 151 | Loss: *0.399* | Acc: *87.250%* (8725/10000)
Train epoch: 152 | Loss: *0.002* | Acc: *100.000%* (50000/50000) 
Test epoch: 152 | Loss: *0.394* | Acc: *87.240%* (8724/10000)
Train epoch: 153 | Loss: *0.002* | Acc: *100.000%* (50000/50000) 
Test epoch: 153 | Loss: *0.405* | Acc: *86.840%* (8684/10000)
Train epoch: 154 | Loss: *0.002* | Acc: *100.000%* (50000/50000) 
Test epoch: 154 | Loss: *0.402* | Acc: *86.940%* (8694/10000)
Train epoch: 155 | Loss: *0.422* | Acc: *85.336%* (42668/50000) 
Test epoch: 155 | Loss: *1.875* | Acc: *31.590%* (3159/10000)
Train epoch: 156 | Loss: *1.272* | Acc: *54.172%* (27086/50000) 
Test epoch: 156 | Loss: *1.145* | Acc: *59.940%* (5994/10000)
Train epoch: 157 | Loss: *0.825* | Acc: *70.922%* (35461/50000) 
Test epoch: 157 | Loss: *1.010* | Acc: *64.550%* (6455/10000)
Train epoch: 158 | Loss: *0.621* | Acc: *78.434%* (39217/50000) 
Test epoch: 158 | Loss: *0.798* | Acc: *72.510%* (7251/10000)
Train epoch: 159 | Loss: *0.489* | Acc: *83.090%* (41545/50000) 
Test epoch: 159 | Loss: *0.731* | Acc: *75.560%* (7556/10000)
Train epoch: 160 | Loss: *0.371* | Acc: *87.278%* (43639/50000) 
Test epoch: 160 | Loss: *0.722* | Acc: *76.260%* (7626/10000)
Train epoch: 161 | Loss: *0.260* | Acc: *91.282%* (45641/50000) 
Test epoch: 161 | Loss: *0.678* | Acc: *78.350%* (7835/10000)
Train epoch: 162 | Loss: *0.162* | Acc: *94.876%* (47438/50000) 
Test epoch: 162 | Loss: *0.698* | Acc: *78.480%* (7848/10000)
Train epoch: 163 | Loss: *0.089* | Acc: *97.560%* (48780/50000) 
Test epoch: 163 | Loss: *0.727* | Acc: *78.780%* (7878/10000)
Train epoch: 164 | Loss: *0.042* | Acc: *99.106%* (49553/50000) 
Test epoch: 164 | Loss: *0.670* | Acc: *80.910%* (8091/10000)
Train epoch: 165 | Loss: *0.015* | Acc: *99.850%* (49925/50000) 
Test epoch: 165 | Loss: *0.642* | Acc: *81.860%* (8186/10000)
Train epoch: 166 | Loss: *0.006* | Acc: *99.984%* (49992/50000) 
Test epoch: 166 | Loss: *0.620* | Acc: *82.510%* (8251/10000)
Train epoch: 167 | Loss: *0.004* | Acc: *100.000%* (50000/50000) 
Test epoch: 167 | Loss: *0.617* | Acc: *82.580%* (8258/10000)
Train epoch: 168 | Loss: *0.003* | Acc: *100.000%* (50000/50000) 
Test epoch: 168 | Loss: *0.618* | Acc: *82.650%* (8265/10000)
Train epoch: 169 | Loss: *0.003* | Acc: *100.000%* (50000/50000) 
Test epoch: 169 | Loss: *0.613* | Acc: *82.550%* (8255/10000)
Train epoch: 170 | Loss: *0.003* | Acc: *100.000%* (50000/50000) 
Test epoch: 170 | Loss: *0.609* | Acc: *82.760%* (8276/10000)
Train epoch: 171 | Loss: *0.002* | Acc: *100.000%* (50000/50000) 
Test epoch: 171 | Loss: *0.607* | Acc: *82.700%* (8270/10000)
Train epoch: 172 | Loss: *0.002* | Acc: *100.000%* (50000/50000) 
Test epoch: 172 | Loss: *0.609* | Acc: *82.670%* (8267/10000)
Train epoch: 173 | Loss: *0.002* | Acc: *100.000%* (50000/50000) 
Test epoch: 173 | Loss: *0.607* | Acc: *82.690%* (8269/10000)
Train epoch: 174 | Loss: *0.002* | Acc: *100.000%* (50000/50000) 
Test epoch: 174 | Loss: *0.603* | Acc: *82.670%* (8267/10000)
Train epoch: 175 | Loss: *0.002* | Acc: *100.000%* (50000/50000) 
Test epoch: 175 | Loss: *0.602* | Acc: *82.900%* (8290/10000)
Train epoch: 176 | Loss: *0.002* | Acc: *100.000%* (50000/50000) 
Test epoch: 176 | Loss: *0.601* | Acc: *82.580%* (8258/10000)
Train epoch: 177 | Loss: *0.002* | Acc: *100.000%* (50000/50000) 
Test epoch: 177 | Loss: *0.601* | Acc: *82.750%* (8275/10000)
Train epoch: 178 | Loss: *0.002* | Acc: *100.000%* (50000/50000) 
Test epoch: 178 | Loss: *0.599* | Acc: *82.660%* (8266/10000)
Train epoch: 179 | Loss: *0.002* | Acc: *100.000%* (50000/50000) 
Test epoch: 179 | Loss: *0.596* | Acc: *82.770%* (8277/10000)
Train epoch: 180 | Loss: *0.002* | Acc: *100.000%* (50000/50000) 
Test epoch: 180 | Loss: *0.595* | Acc: *82.760%* (8276/10000)
Train epoch: 181 | Loss: *0.002* | Acc: *100.000%* (50000/50000) 
Test epoch: 181 | Loss: *0.595* | Acc: *82.790%* (8279/10000)
Train epoch: 182 | Loss: *0.002* | Acc: *100.000%* (50000/50000) 
Test epoch: 182 | Loss: *0.595* | Acc: *82.840%* (8284/10000)
Train epoch: 183 | Loss: *0.002* | Acc: *100.000%* (50000/50000) 
Test epoch: 183 | Loss: *0.594* | Acc: *82.860%* (8286/10000)
Train epoch: 184 | Loss: *0.002* | Acc: *100.000%* (50000/50000) 
Test epoch: 184 | Loss: *0.595* | Acc: *82.820%* (8282/10000)
Train epoch: 185 | Loss: *0.002* | Acc: *100.000%* (50000/50000) 
Test epoch: 185 | Loss: *0.595* | Acc: *82.830%* (8283/10000)
Train epoch: 186 | Loss: *0.002* | Acc: *100.000%* (50000/50000) 
Test epoch: 186 | Loss: *0.593* | Acc: *82.800%* (8280/10000)
Train epoch: 187 | Loss: *0.002* | Acc: *100.000%* (50000/50000) 
Test epoch: 187 | Loss: *0.591* | Acc: *82.830%* (8283/10000)
Train epoch: 188 | Loss: *0.002* | Acc: *100.000%* (50000/50000) 
Test epoch: 188 | Loss: *0.591* | Acc: *82.720%* (8272/10000)
Train epoch: 189 | Loss: *0.002* | Acc: *100.000%* (50000/50000) 
Test epoch: 189 | Loss: *0.594* | Acc: *82.800%* (8280/10000)
Train epoch: 190 | Loss: *0.002* | Acc: *100.000%* (50000/50000) 
Test epoch: 190 | Loss: *0.592* | Acc: *82.660%* (8266/10000)
Train epoch: 191 | Loss: *0.002* | Acc: *100.000%* (50000/50000) 
Test epoch: 191 | Loss: *0.591* | Acc: *82.900%* (8290/10000)
Train epoch: 192 | Loss: *0.002* | Acc: *100.000%* (50000/50000) 
Test epoch: 192 | Loss: *0.593* | Acc: *82.930%* (8293/10000)
Train epoch: 193 | Loss: *0.002* | Acc: *100.000%* (50000/50000) 
Test epoch: 193 | Loss: *0.591* | Acc: *82.930%* (8293/10000)
Train epoch: 194 | Loss: *0.002* | Acc: *100.000%* (50000/50000) 
Test epoch: 194 | Loss: *0.592* | Acc: *82.850%* (8285/10000)
Train epoch: 195 | Loss: *0.002* | Acc: *100.000%* (50000/50000) 
Test epoch: 195 | Loss: *0.592* | Acc: *82.770%* (8277/10000)
Train epoch: 196 | Loss: *0.002* | Acc: *100.000%* (50000/50000) 
Test epoch: 196 | Loss: *0.591* | Acc: *82.870%* (8287/10000)
Train epoch: 197 | Loss: *0.002* | Acc: *100.000%* (50000/50000) 
Test epoch: 197 | Loss: *0.589* | Acc: *82.930%* (8293/10000)
Train epoch: 198 | Loss: *0.002* | Acc: *100.000%* (50000/50000) 
Test epoch: 198 | Loss: *0.590* | Acc: *82.920%* (8292/10000)
Train epoch: 199 | Loss: *0.002* | Acc: *100.000%* (50000/50000) 
Test epoch: 199 | Loss: *0.589* | Acc: *82.760%* (8276/10000)
Train epoch: 200 | Loss: *0.002* | Acc: *100.000%* (50000/50000) 
Test epoch: 200 | Loss: *0.591* | Acc: *82.900%* (8290/10000)
Train epoch: 201 | Loss: *0.002* | Acc: *100.000%* (50000/50000) 
Test epoch: 201 | Loss: *0.591* | Acc: *82.800%* (8280/10000)
Train epoch: 202 | Loss: *0.002* | Acc: *100.000%* (50000/50000) 
Test epoch: 202 | Loss: *0.591* | Acc: *82.780%* (8278/10000)
Train epoch: 203 | Loss: *0.002* | Acc: *100.000%* (50000/50000) 
Test epoch: 203 | Loss: *0.591* | Acc: *82.930%* (8293/10000)
Train epoch: 204 | Loss: *0.002* | Acc: *100.000%* (50000/50000) 
Test epoch: 204 | Loss: *0.588* | Acc: *82.950%* (8295/10000)
Train epoch: 205 | Loss: *0.002* | Acc: *100.000%* (50000/50000) 
Test epoch: 205 | Loss: *0.593* | Acc: *82.780%* (8278/10000)
Train epoch: 206 | Loss: *0.002* | Acc: *100.000%* (50000/50000) 
Test epoch: 206 | Loss: *0.592* | Acc: *82.780%* (8278/10000)
Train epoch: 207 | Loss: *0.002* | Acc: *100.000%* (50000/50000) 
Test epoch: 207 | Loss: *0.589* | Acc: *82.790%* (8279/10000)
Train epoch: 208 | Loss: *0.002* | Acc: *100.000%* (50000/50000) 
Test epoch: 208 | Loss: *0.594* | Acc: *82.870%* (8287/10000)
Train epoch: 209 | Loss: *0.002* | Acc: *100.000%* (50000/50000) 
Test epoch: 209 | Loss: *0.590* | Acc: *82.960%* (8296/10000)
Train epoch: 210 | Loss: *0.002* | Acc: *100.000%* (50000/50000) 
Test epoch: 210 | Loss: *0.594* | Acc: *82.850%* (8285/10000)
Train epoch: 211 | Loss: *0.002* | Acc: *100.000%* (50000/50000) 
Test epoch: 211 | Loss: *0.589* | Acc: *82.850%* (8285/10000)
Train epoch: 212 | Loss: *0.002* | Acc: *100.000%* (50000/50000) 
Test epoch: 212 | Loss: *0.590* | Acc: *82.850%* (8285/10000)
Train epoch: 213 | Loss: *0.002* | Acc: *100.000%* (50000/50000) 
Test epoch: 213 | Loss: *0.589* | Acc: *82.900%* (8290/10000)
Train epoch: 214 | Loss: *0.002* | Acc: *100.000%* (50000/50000) 
Test epoch: 214 | Loss: *0.589* | Acc: *82.800%* (8280/10000)
Train epoch: 215 | Loss: *0.002* | Acc: *100.000%* (50000/50000) 
Test epoch: 215 | Loss: *0.587* | Acc: *82.810%* (8281/10000)
Train epoch: 216 | Loss: *0.002* | Acc: *100.000%* (50000/50000) 
Test epoch: 216 | Loss: *0.589* | Acc: *82.830%* (8283/10000)
Train epoch: 217 | Loss: *0.002* | Acc: *100.000%* (50000/50000) 
Test epoch: 217 | Loss: *0.585* | Acc: *82.950%* (8295/10000)
Train epoch: 218 | Loss: *0.002* | Acc: *100.000%* (50000/50000) 
Test epoch: 218 | Loss: *0.588* | Acc: *82.880%* (8288/10000)
Train epoch: 219 | Loss: *0.002* | Acc: *100.000%* (50000/50000) 
Test epoch: 219 | Loss: *0.587* | Acc: *82.880%* (8288/10000)
Train epoch: 220 | Loss: *0.002* | Acc: *100.000%* (50000/50000) 
Test epoch: 220 | Loss: *0.587* | Acc: *82.820%* (8282/10000)
Train epoch: 221 | Loss: *0.002* | Acc: *100.000%* (50000/50000) 
Test epoch: 221 | Loss: *0.585* | Acc: *82.850%* (8285/10000)
Train epoch: 222 | Loss: *0.002* | Acc: *100.000%* (50000/50000) 
Test epoch: 222 | Loss: *0.586* | Acc: *82.900%* (8290/10000)
Train epoch: 223 | Loss: *0.002* | Acc: *100.000%* (50000/50000) 
Test epoch: 223 | Loss: *0.587* | Acc: *82.900%* (8290/10000)
Train epoch: 224 | Loss: *0.002* | Acc: *100.000%* (50000/50000) 
Test epoch: 224 | Loss: *0.584* | Acc: *82.890%* (8289/10000)
Train epoch: 225 | Loss: *0.002* | Acc: *100.000%* (50000/50000) 
Test epoch: 225 | Loss: *0.585* | Acc: *82.910%* (8291/10000)
Train epoch: 226 | Loss: *0.002* | Acc: *100.000%* (50000/50000) 
Test epoch: 226 | Loss: *0.586* | Acc: *82.880%* (8288/10000)
Train epoch: 227 | Loss: *0.002* | Acc: *100.000%* (50000/50000) 
Test epoch: 227 | Loss: *0.585* | Acc: *82.900%* (8290/10000)
Train epoch: 228 | Loss: *0.002* | Acc: *100.000%* (50000/50000) 
Test epoch: 228 | Loss: *0.583* | Acc: *82.880%* (8288/10000)
Train epoch: 229 | Loss: *0.002* | Acc: *100.000%* (50000/50000) 
Test epoch: 229 | Loss: *0.581* | Acc: *82.870%* (8287/10000)
Train epoch: 230 | Loss: *0.003* | Acc: *100.000%* (50000/50000) 
Test epoch: 230 | Loss: *0.580* | Acc: *82.920%* (8292/10000)
Train epoch: 231 | Loss: *0.003* | Acc: *100.000%* (50000/50000) 
Test epoch: 231 | Loss: *0.582* | Acc: *82.830%* (8283/10000)
Train epoch: 232 | Loss: *0.003* | Acc: *100.000%* (50000/50000) 
Test epoch: 232 | Loss: *0.579* | Acc: *82.800%* (8280/10000)
Train epoch: 233 | Loss: *0.003* | Acc: *100.000%* (50000/50000) 
Test epoch: 233 | Loss: *0.581* | Acc: *82.810%* (8281/10000)
Train epoch: 234 | Loss: *0.002* | Acc: *100.000%* (50000/50000) 
Test epoch: 234 | Loss: *0.580* | Acc: *82.970%* (8297/10000)
Train epoch: 235 | Loss: *0.003* | Acc: *100.000%* (50000/50000) 
Test epoch: 235 | Loss: *0.579* | Acc: *82.710%* (8271/10000)
Train epoch: 236 | Loss: *0.003* | Acc: *100.000%* (50000/50000) 
Test epoch: 236 | Loss: *0.578* | Acc: *82.760%* (8276/10000)
Train epoch: 237 | Loss: *0.003* | Acc: *100.000%* (50000/50000) 
Test epoch: 237 | Loss: *0.577* | Acc: *82.790%* (8279/10000)
Train epoch: 238 | Loss: *0.003* | Acc: *100.000%* (50000/50000) 
Test epoch: 238 | Loss: *0.579* | Acc: *82.860%* (8286/10000)
Train epoch: 239 | Loss: *0.003* | Acc: *100.000%* (50000/50000) 
Test epoch: 239 | Loss: *0.580* | Acc: *82.760%* (8276/10000)
Train epoch: 240 | Loss: *0.003* | Acc: *100.000%* (50000/50000) 
Test epoch: 240 | Loss: *0.583* | Acc: *82.810%* (8281/10000)
Train epoch: 241 | Loss: *0.003* | Acc: *100.000%* (50000/50000) 
Test epoch: 241 | Loss: *0.579* | Acc: *82.670%* (8267/10000)
Train epoch: 242 | Loss: *0.003* | Acc: *100.000%* (50000/50000) 
Test epoch: 242 | Loss: *0.581* | Acc: *82.560%* (8256/10000)
Train epoch: 243 | Loss: *0.002* | Acc: *100.000%* (50000/50000) 
Test epoch: 243 | Loss: *0.580* | Acc: *82.680%* (8268/10000)
Train epoch: 244 | Loss: *0.002* | Acc: *100.000%* (50000/50000) 
Test epoch: 244 | Loss: *0.579* | Acc: *82.520%* (8252/10000)
Train epoch: 245 | Loss: *0.002* | Acc: *100.000%* (50000/50000) 
Test epoch: 245 | Loss: *0.582* | Acc: *82.540%* (8254/10000)
Train epoch: 246 | Loss: *0.003* | Acc: *100.000%* (50000/50000) 
Test epoch: 246 | Loss: *0.588* | Acc: *82.310%* (8231/10000)
Train epoch: 247 | Loss: *0.003* | Acc: *100.000%* (50000/50000) 
Test epoch: 247 | Loss: *0.583* | Acc: *82.560%* (8256/10000)
Train epoch: 248 | Loss: *0.002* | Acc: *100.000%* (50000/50000) 
Test epoch: 248 | Loss: *0.592* | Acc: *82.150%* (8215/10000)
Train epoch: 249 | Loss: *0.003* | Acc: *100.000%* (50000/50000) 
Test epoch: 249 | Loss: *0.587* | Acc: *82.140%* (8214/10000)
Train epoch: 250 | Loss: *0.003* | Acc: *100.000%* (50000/50000) 
Test epoch: 250 | Loss: *0.597* | Acc: *82.220%* (8222/10000)
Train epoch: 251 | Loss: *0.003* | Acc: *100.000%* (50000/50000) 
Test epoch: 251 | Loss: *0.589* | Acc: *82.120%* (8212/10000)
Train epoch: 252 | Loss: *0.003* | Acc: *100.000%* (50000/50000) 
Test epoch: 252 | Loss: *0.605* | Acc: *81.800%* (8180/10000)
Train epoch: 253 | Loss: *0.620* | Acc: *78.686%* (39343/50000) 
Test epoch: 253 | Loss: *0.762* | Acc: *73.860%* (7386/10000)
Train epoch: 254 | Loss: *0.520* | Acc: *82.104%* (41052/50000) 
Test epoch: 254 | Loss: *0.776* | Acc: *73.530%* (7353/10000)
Train epoch: 255 | Loss: *0.383* | Acc: *86.856%* (43428/50000) 
Test epoch: 255 | Loss: *0.677* | Acc: *77.310%* (7731/10000)
Train epoch: 256 | Loss: *0.280* | Acc: *90.426%* (45213/50000) 
Test epoch: 256 | Loss: *0.691* | Acc: *77.810%* (7781/10000)
Train epoch: 257 | Loss: *0.212* | Acc: *92.888%* (46444/50000) 
Test epoch: 257 | Loss: *0.711* | Acc: *78.580%* (7858/10000)
Train epoch: 258 | Loss: *0.153* | Acc: *94.896%* (47448/50000) 
Test epoch: 258 | Loss: *0.761* | Acc: *77.500%* (7750/10000)
Train epoch: 259 | Loss: *0.128* | Acc: *95.736%* (47868/50000) 
Test epoch: 259 | Loss: *0.778* | Acc: *77.960%* (7796/10000)
Train epoch: 260 | Loss: *0.110* | Acc: *96.356%* (48178/50000) 
Test epoch: 260 | Loss: *0.812* | Acc: *77.430%* (7743/10000)
Train epoch: 261 | Loss: *0.090* | Acc: *96.996%* (48498/50000) 
Test epoch: 261 | Loss: *0.753* | Acc: *79.380%* (7938/10000)
Train epoch: 262 | Loss: *0.071* | Acc: *97.758%* (48879/50000) 
Test epoch: 262 | Loss: *0.984* | Acc: *75.070%* (7507/10000)
Train epoch: 263 | Loss: *0.084* | Acc: *97.212%* (48606/50000) 
Test epoch: 263 | Loss: *0.917* | Acc: *76.600%* (7660/10000)
Train epoch: 264 | Loss: *0.074* | Acc: *97.590%* (48795/50000) 
Test epoch: 264 | Loss: *0.785* | Acc: *79.040%* (7904/10000)
Train epoch: 265 | Loss: *0.084* | Acc: *97.172%* (48586/50000) 
Test epoch: 265 | Loss: *0.860* | Acc: *77.370%* (7737/10000)
Train epoch: 266 | Loss: *0.079* | Acc: *97.374%* (48687/50000) 
Test epoch: 266 | Loss: *0.798* | Acc: *79.580%* (7958/10000)
Train epoch: 267 | Loss: *0.066* | Acc: *97.756%* (48878/50000) 
Test epoch: 267 | Loss: *0.801* | Acc: *79.210%* (7921/10000)
Train epoch: 268 | Loss: *0.063* | Acc: *98.002%* (49001/50000) 
Test epoch: 268 | Loss: *0.834* | Acc: *77.720%* (7772/10000)
Train epoch: 269 | Loss: *0.065* | Acc: *97.844%* (48922/50000) 
Test epoch: 269 | Loss: *1.021* | Acc: *76.230%* (7623/10000)
Train epoch: 270 | Loss: *0.068* | Acc: *97.712%* (48856/50000) 
Test epoch: 270 | Loss: *0.952* | Acc: *76.070%* (7607/10000)
Train epoch: 271 | Loss: *0.089* | Acc: *96.904%* (48452/50000) 
Test epoch: 271 | Loss: *0.910* | Acc: *76.970%* (7697/10000)
Train epoch: 272 | Loss: *0.088* | Acc: *97.060%* (48530/50000) 
Test epoch: 272 | Loss: *0.866* | Acc: *77.680%* (7768/10000)
Train epoch: 273 | Loss: *0.058* | Acc: *98.194%* (49097/50000) 
Test epoch: 273 | Loss: *0.849* | Acc: *78.430%* (7843/10000)
Train epoch: 274 | Loss: *0.053* | Acc: *98.300%* (49150/50000) 
Test epoch: 274 | Loss: *0.955* | Acc: *76.640%* (7664/10000)
Train epoch: 275 | Loss: *0.095* | Acc: *96.796%* (48398/50000) 
Test epoch: 275 | Loss: *0.924* | Acc: *75.630%* (7563/10000)
Train epoch: 276 | Loss: *0.095* | Acc: *96.766%* (48383/50000) 
Test epoch: 276 | Loss: *0.793* | Acc: *78.850%* (7885/10000)
Train epoch: 277 | Loss: *0.072* | Acc: *97.678%* (48839/50000) 
Test epoch: 277 | Loss: *0.868* | Acc: *78.520%* (7852/10000)
Train epoch: 278 | Loss: *0.056* | Acc: *98.212%* (49106/50000) 
Test epoch: 278 | Loss: *0.880* | Acc: *78.160%* (7816/10000)
Train epoch: 279 | Loss: *0.084* | Acc: *97.204%* (48602/50000) 
Test epoch: 279 | Loss: *0.934* | Acc: *76.710%* (7671/10000)
Train epoch: 280 | Loss: *0.094* | Acc: *96.770%* (48385/50000) 
Test epoch: 280 | Loss: *0.940* | Acc: *76.690%* (7669/10000)
Train epoch: 281 | Loss: *0.091* | Acc: *96.956%* (48478/50000) 
Test epoch: 281 | Loss: *0.948* | Acc: *75.400%* (7540/10000)
Train epoch: 282 | Loss: *0.083* | Acc: *97.216%* (48608/50000) 
Test epoch: 282 | Loss: *1.103* | Acc: *74.180%* (7418/10000)
Train epoch: 283 | Loss: *0.077* | Acc: *97.448%* (48724/50000) 
Test epoch: 283 | Loss: *0.812* | Acc: *78.880%* (7888/10000)
Train epoch: 284 | Loss: *0.072* | Acc: *97.588%* (48794/50000) 
Test epoch: 284 | Loss: *0.923* | Acc: *77.790%* (7779/10000)
Train epoch: 285 | Loss: *0.090* | Acc: *96.938%* (48469/50000) 
Test epoch: 285 | Loss: *1.000* | Acc: *75.180%* (7518/10000)
Train epoch: 286 | Loss: *0.105* | Acc: *96.360%* (48180/50000) 
Test epoch: 286 | Loss: *0.975* | Acc: *74.450%* (7445/10000)
Train epoch: 287 | Loss: *0.081* | Acc: *97.324%* (48662/50000) 
Test epoch: 287 | Loss: *0.841* | Acc: *77.760%* (7776/10000)
Train epoch: 288 | Loss: *0.083* | Acc: *97.262%* (48631/50000) 
Test epoch: 288 | Loss: *0.883* | Acc: *76.960%* (7696/10000)
Train epoch: 289 | Loss: *0.098* | Acc: *96.668%* (48334/50000) 
Test epoch: 289 | Loss: *0.883* | Acc: *76.650%* (7665/10000)
Train epoch: 290 | Loss: *0.089* | Acc: *97.066%* (48533/50000) 
Test epoch: 290 | Loss: *1.411* | Acc: *68.810%* (6881/10000)
Train epoch: 291 | Loss: *0.094* | Acc: *96.842%* (48421/50000) 
Test epoch: 291 | Loss: *0.833* | Acc: *77.540%* (7754/10000)
Train epoch: 292 | Loss: *0.097* | Acc: *96.778%* (48389/50000) 
Test epoch: 292 | Loss: *0.873* | Acc: *77.030%* (7703/10000)
Train epoch: 293 | Loss: *0.091* | Acc: *96.954%* (48477/50000) 
Test epoch: 293 | Loss: *0.849* | Acc: *77.470%* (7747/10000)
Train epoch: 294 | Loss: *0.104* | Acc: *96.438%* (48219/50000) 
Test epoch: 294 | Loss: *1.145* | Acc: *71.430%* (7143/10000)
Train epoch: 295 | Loss: *0.101* | Acc: *96.576%* (48288/50000) 
Test epoch: 295 | Loss: *1.033* | Acc: *73.830%* (7383/10000)
Train epoch: 296 | Loss: *0.110* | Acc: *96.280%* (48140/50000) 
Test epoch: 296 | Loss: *0.966* | Acc: *74.580%* (7458/10000)
Train epoch: 297 | Loss: *0.089* | Acc: *97.000%* (48500/50000) 
Test epoch: 297 | Loss: *0.785* | Acc: *78.920%* (7892/10000)
Train epoch: 298 | Loss: *0.099* | Acc: *96.654%* (48327/50000) 
Test epoch: 298 | Loss: *0.976* | Acc: *74.680%* (7468/10000)
Train epoch: 299 | Loss: *0.110* | Acc: *96.324%* (48162/50000) 
Test epoch: 299 | Loss: *0.792* | Acc: *79.280%* (7928/10000)
Train epoch: 300 | Loss: *0.095* | Acc: *96.900%* (48450/50000) 
Test epoch: 300 | Loss: *0.943* | Acc: *74.550%* (7455/10000)
Train epoch: 301 | Loss: *0.118* | Acc: *95.884%* (47942/50000) 
Test epoch: 301 | Loss: *0.906* | Acc: *75.820%* (7582/10000)
Train epoch: 302 | Loss: *0.116* | Acc: *96.096%* (48048/50000) 
Test epoch: 302 | Loss: *0.843* | Acc: *78.000%* (7800/10000)
Train epoch: 303 | Loss: *0.101* | Acc: *96.620%* (48310/50000) 
Test epoch: 303 | Loss: *0.822* | Acc: *77.720%* (7772/10000)
Train epoch: 304 | Loss: *0.102* | Acc: *96.502%* (48251/50000) 
Test epoch: 304 | Loss: *0.832* | Acc: *78.290%* (7829/10000)
Train epoch: 305 | Loss: *0.132* | Acc: *95.444%* (47722/50000) 
Test epoch: 305 | Loss: *0.828* | Acc: *77.320%* (7732/10000)
Train epoch: 306 | Loss: *0.105* | Acc: *96.550%* (48275/50000) 
Test epoch: 306 | Loss: *0.817* | Acc: *76.660%* (7666/10000)
Train epoch: 307 | Loss: *0.114* | Acc: *96.126%* (48063/50000) 
Test epoch: 307 | Loss: *0.882* | Acc: *76.080%* (7608/10000)
Train epoch: 308 | Loss: *0.114* | Acc: *96.162%* (48081/50000) 
Test epoch: 308 | Loss: *0.881* | Acc: *75.930%* (7593/10000)
Train epoch: 309 | Loss: *0.125* | Acc: *95.778%* (47889/50000) 
Test epoch: 309 | Loss: *0.811* | Acc: *76.550%* (7655/10000)
Train epoch: 310 | Loss: *0.109* | Acc: *96.212%* (48106/50000) 
Test epoch: 310 | Loss: *0.875* | Acc: *77.000%* (7700/10000)
Train epoch: 311 | Loss: *0.118* | Acc: *95.982%* (47991/50000) 
Test epoch: 311 | Loss: *0.813* | Acc: *77.830%* (7783/10000)
Train epoch: 312 | Loss: *0.129* | Acc: *95.588%* (47794/50000) 
Test epoch: 312 | Loss: *1.031* | Acc: *72.470%* (7247/10000)
Train epoch: 313 | Loss: *0.120* | Acc: *95.904%* (47952/50000) 
Test epoch: 313 | Loss: *0.984* | Acc: *74.680%* (7468/10000)
Train epoch: 314 | Loss: *0.119* | Acc: *95.924%* (47962/50000) 
Test epoch: 314 | Loss: *0.966* | Acc: *75.740%* (7574/10000)
Train epoch: 315 | Loss: *0.131* | Acc: *95.524%* (47762/50000) 
Test epoch: 315 | Loss: *1.280* | Acc: *68.970%* (6897/10000)
Train epoch: 316 | Loss: *0.118* | Acc: *95.976%* (47988/50000) 
Test epoch: 316 | Loss: *0.949* | Acc: *75.940%* (7594/10000)
Train epoch: 317 | Loss: *0.133* | Acc: *95.328%* (47664/50000) 
Test epoch: 317 | Loss: *0.842* | Acc: *77.190%* (7719/10000)
Train epoch: 318 | Loss: *0.123* | Acc: *95.748%* (47874/50000) 
Test epoch: 318 | Loss: *0.834* | Acc: *77.330%* (7733/10000)
Train epoch: 319 | Loss: *0.130* | Acc: *95.548%* (47774/50000) 
Test epoch: 319 | Loss: *0.825* | Acc: *75.720%* (7572/10000)
Train epoch: 320 | Loss: *0.142* | Acc: *95.058%* (47529/50000) 
Test epoch: 320 | Loss: *0.849* | Acc: *76.690%* (7669/10000)
Train epoch: 321 | Loss: *0.121* | Acc: *95.912%* (47956/50000) 
Test epoch: 321 | Loss: *1.120* | Acc: *71.240%* (7124/10000)
Train epoch: 322 | Loss: *0.139* | Acc: *95.206%* (47603/50000) 
Test epoch: 322 | Loss: *1.195* | Acc: *71.580%* (7158/10000)
Train epoch: 323 | Loss: *0.125* | Acc: *95.720%* (47860/50000) 
Test epoch: 323 | Loss: *0.901* | Acc: *76.190%* (7619/10000)
Train epoch: 324 | Loss: *0.142* | Acc: *94.998%* (47499/50000) 
Test epoch: 324 | Loss: *0.975* | Acc: *74.440%* (7444/10000)
Train epoch: 325 | Loss: *0.126* | Acc: *95.824%* (47912/50000) 
Test epoch: 325 | Loss: *0.826* | Acc: *76.410%* (7641/10000)
Train epoch: 326 | Loss: *0.143* | Acc: *95.066%* (47533/50000) 
Test epoch: 326 | Loss: *0.885* | Acc: *76.340%* (7634/10000)
Train epoch: 327 | Loss: *0.141* | Acc: *95.046%* (47523/50000) 
Test epoch: 327 | Loss: *0.999* | Acc: *73.540%* (7354/10000)
Train epoch: 328 | Loss: *0.132* | Acc: *95.588%* (47794/50000) 
Test epoch: 328 | Loss: *0.884* | Acc: *76.580%* (7658/10000)
Train epoch: 329 | Loss: *0.142* | Acc: *95.022%* (47511/50000) 
Test epoch: 329 | Loss: *0.911* | Acc: *75.490%* (7549/10000)
Train epoch: 330 | Loss: *0.141* | Acc: *95.132%* (47566/50000) 
Test epoch: 330 | Loss: *0.813* | Acc: *77.400%* (7740/10000)
Train epoch: 331 | Loss: *0.146* | Acc: *95.124%* (47562/50000) 
Test epoch: 331 | Loss: *0.866* | Acc: *77.260%* (7726/10000)
Train epoch: 332 | Loss: *0.152* | Acc: *94.926%* (47463/50000) 
Test epoch: 332 | Loss: *0.912* | Acc: *74.510%* (7451/10000)
Train epoch: 333 | Loss: *0.141* | Acc: *95.172%* (47586/50000) 
Test epoch: 333 | Loss: *0.902* | Acc: *75.400%* (7540/10000)
Train epoch: 334 | Loss: *0.150* | Acc: *94.870%* (47435/50000) 
Test epoch: 334 | Loss: *0.835* | Acc: *75.990%* (7599/10000)
Train epoch: 335 | Loss: *0.142* | Acc: *95.242%* (47621/50000) 
Test epoch: 335 | Loss: *0.991* | Acc: *74.520%* (7452/10000)
Train epoch: 336 | Loss: *0.158* | Acc: *94.578%* (47289/50000) 
Test epoch: 336 | Loss: *0.882* | Acc: *74.640%* (7464/10000)
Train epoch: 337 | Loss: *0.141* | Acc: *95.128%* (47564/50000) 
Test epoch: 337 | Loss: *1.075* | Acc: *72.820%* (7282/10000)
Train epoch: 338 | Loss: *0.146* | Acc: *95.134%* (47567/50000) 
Test epoch: 338 | Loss: *0.892* | Acc: *74.520%* (7452/10000)
Train epoch: 339 | Loss: *0.154* | Acc: *94.674%* (47337/50000) 
Test epoch: 339 | Loss: *0.772* | Acc: *77.720%* (7772/10000)
Train epoch: 340 | Loss: *0.153* | Acc: *94.668%* (47334/50000) 
Test epoch: 340 | Loss: *0.801* | Acc: *76.770%* (7677/10000)
Train epoch: 341 | Loss: *0.155* | Acc: *94.642%* (47321/50000) 
Test epoch: 341 | Loss: *0.774* | Acc: *77.870%* (7787/10000)
Train epoch: 342 | Loss: *0.152* | Acc: *94.690%* (47345/50000) 
Test epoch: 342 | Loss: *0.756* | Acc: *78.570%* (7857/10000)
Train epoch: 343 | Loss: *0.154* | Acc: *94.680%* (47340/50000) 
Test epoch: 343 | Loss: *0.860* | Acc: *74.560%* (7456/10000)
Train epoch: 344 | Loss: *0.158* | Acc: *94.600%* (47300/50000) 
Test epoch: 344 | Loss: *0.863* | Acc: *76.430%* (7643/10000)
Train epoch: 345 | Loss: *0.161* | Acc: *94.462%* (47231/50000) 
Test epoch: 345 | Loss: *0.916* | Acc: *74.130%* (7413/10000)
Train epoch: 346 | Loss: *0.155* | Acc: *94.622%* (47311/50000) 
Test epoch: 346 | Loss: *1.101* | Acc: *72.140%* (7214/10000)
Train epoch: 347 | Loss: *0.161* | Acc: *94.460%* (47230/50000) 
Test epoch: 347 | Loss: *0.919* | Acc: *75.450%* (7545/10000)
Train epoch: 348 | Loss: *0.165* | Acc: *94.388%* (47194/50000) 
Test epoch: 348 | Loss: *0.799* | Acc: *78.070%* (7807/10000)
Train epoch: 349 | Loss: *0.157* | Acc: *94.702%* (47351/50000) 
Test epoch: 349 | Loss: *0.820* | Acc: *76.850%* (7685/10000)
Train epoch: 350 | Loss: *0.165* | Acc: *94.262%* (47131/50000) 
Test epoch: 350 | Loss: *0.670* | Acc: *79.740%* (7974/10000)
Train epoch: 351 | Loss: *0.167* | Acc: *94.196%* (47098/50000) 
Test epoch: 351 | Loss: *0.909* | Acc: *76.220%* (7622/10000)
Train epoch: 352 | Loss: *0.161* | Acc: *94.458%* (47229/50000) 
Test epoch: 352 | Loss: *0.775* | Acc: *77.220%* (7722/10000)
Train epoch: 353 | Loss: *0.166* | Acc: *94.332%* (47166/50000) 
Test epoch: 353 | Loss: *0.847* | Acc: *75.870%* (7587/10000)
Train epoch: 354 | Loss: *0.163* | Acc: *94.366%* (47183/50000) 
Test epoch: 354 | Loss: *0.804* | Acc: *77.110%* (7711/10000)
Train epoch: 355 | Loss: *0.166* | Acc: *94.256%* (47128/50000) 
Test epoch: 355 | Loss: *0.800* | Acc: *77.080%* (7708/10000)
Train epoch: 356 | Loss: *0.164* | Acc: *94.248%* (47124/50000) 
Test epoch: 356 | Loss: *1.106* | Acc: *69.680%* (6968/10000)
Train epoch: 357 | Loss: *0.170* | Acc: *94.202%* (47101/50000) 
Test epoch: 357 | Loss: *0.712* | Acc: *79.280%* (7928/10000)
Train epoch: 358 | Loss: *0.167* | Acc: *94.206%* (47103/50000) 
Test epoch: 358 | Loss: *0.739* | Acc: *78.400%* (7840/10000)
Train epoch: 359 | Loss: *0.172* | Acc: *94.142%* (47071/50000) 
Test epoch: 359 | Loss: *0.901* | Acc: *74.430%* (7443/10000)
Train epoch: 360 | Loss: *0.169* | Acc: *94.162%* (47081/50000) 
Test epoch: 360 | Loss: *0.699* | Acc: *78.520%* (7852/10000)
Train epoch: 361 | Loss: *0.163* | Acc: *94.404%* (47202/50000) 
Test epoch: 361 | Loss: *0.895* | Acc: *73.650%* (7365/10000)
Train epoch: 362 | Loss: *0.171* | Acc: *94.054%* (47027/50000) 
Test epoch: 362 | Loss: *0.792* | Acc: *76.730%* (7673/10000)
Train epoch: 363 | Loss: *0.178* | Acc: *93.838%* (46919/50000) 
Test epoch: 363 | Loss: *0.771* | Acc: *77.340%* (7734/10000)
Train epoch: 364 | Loss: *0.172* | Acc: *94.092%* (47046/50000) 
Test epoch: 364 | Loss: *0.802* | Acc: *76.250%* (7625/10000)
Train epoch: 365 | Loss: *0.164* | Acc: *94.372%* (47186/50000) 
Test epoch: 365 | Loss: *0.703* | Acc: *78.360%* (7836/10000)
Train epoch: 366 | Loss: *0.176* | Acc: *94.048%* (47024/50000) 
Test epoch: 366 | Loss: *0.776* | Acc: *76.770%* (7677/10000)
Train epoch: 367 | Loss: *0.168* | Acc: *94.206%* (47103/50000) 
Test epoch: 367 | Loss: *0.892* | Acc: *75.620%* (7562/10000)
Train epoch: 368 | Loss: *0.177* | Acc: *93.830%* (46915/50000) 
Test epoch: 368 | Loss: *0.717* | Acc: *78.780%* (7878/10000)
Train epoch: 369 | Loss: *0.167* | Acc: *94.276%* (47138/50000) 
Test epoch: 369 | Loss: *0.780* | Acc: *77.820%* (7782/10000)
Train epoch: 370 | Loss: *0.172* | Acc: *94.122%* (47061/50000) 
Test epoch: 370 | Loss: *0.723* | Acc: *77.990%* (7799/10000)
Train epoch: 371 | Loss: *0.179* | Acc: *93.860%* (46930/50000) 
Test epoch: 371 | Loss: *0.819* | Acc: *76.660%* (7666/10000)
Train epoch: 372 | Loss: *0.168* | Acc: *94.208%* (47104/50000) 
Test epoch: 372 | Loss: *0.744* | Acc: *78.170%* (7817/10000)
Train epoch: 373 | Loss: *0.178* | Acc: *93.786%* (46893/50000) 
Test epoch: 373 | Loss: *0.839* | Acc: *75.090%* (7509/10000)
Train epoch: 374 | Loss: *0.177* | Acc: *93.908%* (46954/50000) 
Test epoch: 374 | Loss: *0.850* | Acc: *74.640%* (7464/10000)
Train epoch: 375 | Loss: *0.175* | Acc: *94.042%* (47021/50000) 
Test epoch: 375 | Loss: *0.773* | Acc: *76.680%* (7668/10000)
Train epoch: 376 | Loss: *0.173* | Acc: *94.080%* (47040/50000) 
Test epoch: 376 | Loss: *0.725* | Acc: *78.870%* (7887/10000)
Train epoch: 377 | Loss: *0.174* | Acc: *93.944%* (46972/50000) 
Test epoch: 377 | Loss: *0.701* | Acc: *79.280%* (7928/10000)
Train epoch: 378 | Loss: *0.178* | Acc: *93.826%* (46913/50000) 
Test epoch: 378 | Loss: *0.832* | Acc: *76.630%* (7663/10000)
Train epoch: 379 | Loss: *0.172* | Acc: *94.136%* (47068/50000) 
Test epoch: 379 | Loss: *0.801* | Acc: *76.330%* (7633/10000)
Train epoch: 380 | Loss: *0.182* | Acc: *93.642%* (46821/50000) 
Test epoch: 380 | Loss: *0.798* | Acc: *75.650%* (7565/10000)
Train epoch: 381 | Loss: *0.177* | Acc: *93.856%* (46928/50000) 
Test epoch: 381 | Loss: *0.840* | Acc: *76.120%* (7612/10000)
Train epoch: 382 | Loss: *0.188* | Acc: *93.358%* (46679/50000) 
Test epoch: 382 | Loss: *0.800* | Acc: *76.960%* (7696/10000)
Train epoch: 383 | Loss: *0.170* | Acc: *94.106%* (47053/50000) 
Test epoch: 383 | Loss: *0.804* | Acc: *76.990%* (7699/10000)
Train epoch: 384 | Loss: *0.178* | Acc: *93.876%* (46938/50000) 
Test epoch: 384 | Loss: *0.774* | Acc: *76.300%* (7630/10000)
Train epoch: 385 | Loss: *0.179* | Acc: *93.798%* (46899/50000) 
Test epoch: 385 | Loss: *0.715* | Acc: *79.250%* (7925/10000)
Train epoch: 386 | Loss: *0.180* | Acc: *93.848%* (46924/50000) 
Test epoch: 386 | Loss: *0.812* | Acc: *76.510%* (7651/10000)
Train epoch: 387 | Loss: *0.178* | Acc: *93.896%* (46948/50000) 
Test epoch: 387 | Loss: *0.656* | Acc: *80.480%* (8048/10000)
Train epoch: 388 | Loss: *0.180* | Acc: *93.822%* (46911/50000) 
Test epoch: 388 | Loss: *0.741* | Acc: *77.760%* (7776/10000)
Train epoch: 389 | Loss: *0.182* | Acc: *93.688%* (46844/50000) 
Test epoch: 389 | Loss: *0.677* | Acc: *79.350%* (7935/10000)
Train epoch: 390 | Loss: *0.176* | Acc: *93.906%* (46953/50000) 
Test epoch: 390 | Loss: *0.651* | Acc: *80.100%* (8010/10000)
Train epoch: 391 | Loss: *0.175* | Acc: *93.988%* (46994/50000) 
Test epoch: 391 | Loss: *0.695* | Acc: *79.090%* (7909/10000)
Train epoch: 392 | Loss: *0.182* | Acc: *93.712%* (46856/50000) 
Test epoch: 392 | Loss: *0.647* | Acc: *80.670%* (8067/10000)
Train epoch: 393 | Loss: *0.175* | Acc: *94.036%* (47018/50000) 
Test epoch: 393 | Loss: *0.673* | Acc: *78.880%* (7888/10000)
Train epoch: 394 | Loss: *0.185* | Acc: *93.700%* (46850/50000) 
Test epoch: 394 | Loss: *0.691* | Acc: *79.740%* (7974/10000)
Train epoch: 395 | Loss: *0.175* | Acc: *94.102%* (47051/50000) 
Test epoch: 395 | Loss: *0.807* | Acc: *76.630%* (7663/10000)
Train epoch: 396 | Loss: *0.177* | Acc: *93.962%* (46981/50000) 
Test epoch: 396 | Loss: *1.005* | Acc: *71.710%* (7171/10000)
Train epoch: 397 | Loss: *0.183* | Acc: *93.606%* (46803/50000) 
Test epoch: 397 | Loss: *0.622* | Acc: *80.830%* (8083/10000)
Train epoch: 398 | Loss: *0.179* | Acc: *93.770%* (46885/50000) 
Test epoch: 398 | Loss: *0.716* | Acc: *78.960%* (7896/10000)
Train epoch: 399 | Loss: *0.172* | Acc: *94.030%* (47015/50000) 
Test epoch: 399 | Loss: *0.829* | Acc: *76.770%* (7677/10000)
Train epoch: 400 | Loss: *0.177* | Acc: *93.942%* (46971/50000) 
Test epoch: 400 | Loss: *0.676* | Acc: *79.790%* (7979/10000)
Train epoch: 401 | Loss: *0.179* | Acc: *93.826%* (46913/50000) 
Test epoch: 401 | Loss: *0.798* | Acc: *76.590%* (7659/10000)
Train epoch: 402 | Loss: *0.176* | Acc: *93.956%* (46978/50000) 
Test epoch: 402 | Loss: *0.769* | Acc: *77.730%* (7773/10000)
Train epoch: 403 | Loss: *0.185* | Acc: *93.602%* (46801/50000) 
Test epoch: 403 | Loss: *0.668* | Acc: *79.630%* (7963/10000)
Train epoch: 404 | Loss: *0.169* | Acc: *94.186%* (47093/50000) 
Test epoch: 404 | Loss: *0.988* | Acc: *73.510%* (7351/10000)
Train epoch: 405 | Loss: *0.182* | Acc: *93.690%* (46845/50000) 
Test epoch: 405 | Loss: *0.714* | Acc: *79.190%* (7919/10000)
Train epoch: 406 | Loss: *0.176* | Acc: *93.908%* (46954/50000) 
Test epoch: 406 | Loss: *0.805* | Acc: *76.600%* (7660/10000)
Train epoch: 407 | Loss: *0.173* | Acc: *94.054%* (47027/50000) 
Test epoch: 407 | Loss: *0.768* | Acc: *77.180%* (7718/10000)
Train epoch: 408 | Loss: *0.183* | Acc: *93.566%* (46783/50000) 
Test epoch: 408 | Loss: *0.611* | Acc: *80.800%* (8080/10000)
Train epoch: 409 | Loss: *0.171* | Acc: *94.248%* (47124/50000) 
Test epoch: 409 | Loss: *0.837* | Acc: *76.080%* (7608/10000)
Train epoch: 410 | Loss: *0.173* | Acc: *93.942%* (46971/50000) 
Test epoch: 410 | Loss: *0.919* | Acc: *75.400%* (7540/10000)
Train epoch: 411 | Loss: *0.174* | Acc: *94.020%* (47010/50000) 
Test epoch: 411 | Loss: *0.859* | Acc: *75.790%* (7579/10000)
Train epoch: 412 | Loss: *0.174* | Acc: *94.010%* (47005/50000) 
Test epoch: 412 | Loss: *0.870* | Acc: *75.170%* (7517/10000)
Train epoch: 413 | Loss: *0.176* | Acc: *93.976%* (46988/50000) 
Test epoch: 413 | Loss: *0.852* | Acc: *75.230%* (7523/10000)
Train epoch: 414 | Loss: *0.175* | Acc: *93.968%* (46984/50000) 
Test epoch: 414 | Loss: *0.811* | Acc: *76.520%* (7652/10000)
Train epoch: 415 | Loss: *0.174* | Acc: *93.960%* (46980/50000) 
Test epoch: 415 | Loss: *0.685* | Acc: *79.380%* (7938/10000)
Train epoch: 416 | Loss: *0.172* | Acc: *93.974%* (46987/50000) 
Test epoch: 416 | Loss: *0.835* | Acc: *75.970%* (7597/10000)
Train epoch: 417 | Loss: *0.171* | Acc: *94.102%* (47051/50000) 
Test epoch: 417 | Loss: *0.928* | Acc: *74.300%* (7430/10000)
Train epoch: 418 | Loss: *0.171* | Acc: *94.150%* (47075/50000) 
Test epoch: 418 | Loss: *0.803* | Acc: *78.080%* (7808/10000)
Train epoch: 419 | Loss: *0.173* | Acc: *94.040%* (47020/50000) 
Test epoch: 419 | Loss: *1.575* | Acc: *67.720%* (6772/10000)
Train epoch: 420 | Loss: *0.180* | Acc: *93.748%* (46874/50000) 
Test epoch: 420 | Loss: *0.735* | Acc: *78.540%* (7854/10000)
Train epoch: 421 | Loss: *0.161* | Acc: *94.410%* (47205/50000) 
Test epoch: 421 | Loss: *0.851* | Acc: *75.570%* (7557/10000)
Train epoch: 422 | Loss: *0.172* | Acc: *93.970%* (46985/50000) 
Test epoch: 422 | Loss: *0.773* | Acc: *77.840%* (7784/10000)
Train epoch: 423 | Loss: *0.166* | Acc: *94.230%* (47115/50000) 
Test epoch: 423 | Loss: *0.715* | Acc: *79.660%* (7966/10000)
Train epoch: 424 | Loss: *0.171* | Acc: *94.096%* (47048/50000) 
Test epoch: 424 | Loss: *0.716* | Acc: *79.650%* (7965/10000)
Train epoch: 425 | Loss: *0.163* | Acc: *94.382%* (47191/50000) 
Test epoch: 425 | Loss: *0.746* | Acc: *77.580%* (7758/10000)
Train epoch: 426 | Loss: *0.167* | Acc: *94.214%* (47107/50000) 
Test epoch: 426 | Loss: *0.936* | Acc: *74.020%* (7402/10000)
Train epoch: 427 | Loss: *0.167* | Acc: *94.170%* (47085/50000) 
Test epoch: 427 | Loss: *0.724* | Acc: *78.780%* (7878/10000)
Train epoch: 428 | Loss: *0.161* | Acc: *94.484%* (47242/50000) 
Test epoch: 428 | Loss: *0.753* | Acc: *78.040%* (7804/10000)
Train epoch: 429 | Loss: *0.169* | Acc: *94.352%* (47176/50000) 
Test epoch: 429 | Loss: *0.782* | Acc: *78.190%* (7819/10000)
Train epoch: 430 | Loss: *0.168* | Acc: *94.248%* (47124/50000) 
Test epoch: 430 | Loss: *0.700* | Acc: *78.430%* (7843/10000)
Train epoch: 431 | Loss: *0.162* | Acc: *94.494%* (47247/50000) 
Test epoch: 431 | Loss: *0.703* | Acc: *79.120%* (7912/10000)
Train epoch: 432 | Loss: *0.164* | Acc: *94.350%* (47175/50000) 
Test epoch: 432 | Loss: *0.725* | Acc: *77.740%* (7774/10000)
Train epoch: 433 | Loss: *0.160* | Acc: *94.410%* (47205/50000) 
Test epoch: 433 | Loss: *0.785* | Acc: *77.770%* (7777/10000)
Train epoch: 434 | Loss: *0.164* | Acc: *94.252%* (47126/50000) 
Test epoch: 434 | Loss: *0.677* | Acc: *79.590%* (7959/10000)
Train epoch: 435 | Loss: *0.155* | Acc: *94.688%* (47344/50000) 
Test epoch: 435 | Loss: *0.902* | Acc: *74.930%* (7493/10000)
Train epoch: 436 | Loss: *0.161* | Acc: *94.362%* (47181/50000) 
Test epoch: 436 | Loss: *0.813* | Acc: *77.040%* (7704/10000)
Train epoch: 437 | Loss: *0.156* | Acc: *94.650%* (47325/50000) 
Test epoch: 437 | Loss: *0.785* | Acc: *78.290%* (7829/10000)
Train epoch: 438 | Loss: *0.155* | Acc: *94.718%* (47359/50000) 
Test epoch: 438 | Loss: *0.686* | Acc: *79.070%* (7907/10000)
Train epoch: 439 | Loss: *0.149* | Acc: *94.790%* (47395/50000) 
Test epoch: 439 | Loss: *1.013* | Acc: *73.380%* (7338/10000)
Train epoch: 440 | Loss: *0.150* | Acc: *94.860%* (47430/50000) 
Test epoch: 440 | Loss: *0.740* | Acc: *77.360%* (7736/10000)
Train epoch: 441 | Loss: *0.153* | Acc: *94.792%* (47396/50000) 
Test epoch: 441 | Loss: *0.702* | Acc: *78.790%* (7879/10000)
Train epoch: 442 | Loss: *0.157* | Acc: *94.572%* (47286/50000) 
Test epoch: 442 | Loss: *0.749* | Acc: *78.840%* (7884/10000)
Train epoch: 443 | Loss: *0.149* | Acc: *94.820%* (47410/50000) 
Test epoch: 443 | Loss: *0.957* | Acc: *75.980%* (7598/10000)
Train epoch: 444 | Loss: *0.152* | Acc: *94.758%* (47379/50000) 
Test epoch: 444 | Loss: *0.753* | Acc: *78.730%* (7873/10000)
Train epoch: 445 | Loss: *0.151* | Acc: *94.772%* (47386/50000) 
Test epoch: 445 | Loss: *0.762* | Acc: *77.460%* (7746/10000)
Train epoch: 446 | Loss: *0.153* | Acc: *94.684%* (47342/50000) 
Test epoch: 446 | Loss: *0.666* | Acc: *80.570%* (8057/10000)
Train epoch: 447 | Loss: *0.140* | Acc: *95.240%* (47620/50000) 
Test epoch: 447 | Loss: *0.941* | Acc: *74.630%* (7463/10000)
Train epoch: 448 | Loss: *0.150* | Acc: *94.804%* (47402/50000) 
Test epoch: 448 | Loss: *0.778* | Acc: *77.310%* (7731/10000)
Train epoch: 449 | Loss: *0.142* | Acc: *95.146%* (47573/50000) 
Test epoch: 449 | Loss: *0.620* | Acc: *81.110%* (8111/10000)
Train epoch: 450 | Loss: *0.144* | Acc: *95.120%* (47560/50000) 
Test epoch: 450 | Loss: *0.711* | Acc: *78.400%* (7840/10000)
Train epoch: 451 | Loss: *0.144* | Acc: *95.026%* (47513/50000) 
Test epoch: 451 | Loss: *1.030* | Acc: *72.640%* (7264/10000)
Train epoch: 452 | Loss: *0.143* | Acc: *95.072%* (47536/50000) 
Test epoch: 452 | Loss: *0.883* | Acc: *76.070%* (7607/10000)
Train epoch: 453 | Loss: *0.137* | Acc: *95.278%* (47639/50000) 
Test epoch: 453 | Loss: *0.698* | Acc: *79.470%* (7947/10000)
Train epoch: 454 | Loss: *0.138* | Acc: *95.258%* (47629/50000) 
Test epoch: 454 | Loss: *1.305* | Acc: *68.540%* (6854/10000)
Train epoch: 455 | Loss: *0.141* | Acc: *95.114%* (47557/50000) 
Test epoch: 455 | Loss: *0.634* | Acc: *81.170%* (8117/10000)
Train epoch: 456 | Loss: *0.131* | Acc: *95.536%* (47768/50000) 
Test epoch: 456 | Loss: *0.856* | Acc: *77.830%* (7783/10000)
Train epoch: 457 | Loss: *0.143* | Acc: *95.010%* (47505/50000) 
Test epoch: 457 | Loss: *0.807* | Acc: *76.950%* (7695/10000)
Train epoch: 458 | Loss: *0.134* | Acc: *95.496%* (47748/50000) 
Test epoch: 458 | Loss: *0.662* | Acc: *80.640%* (8064/10000)
Train epoch: 459 | Loss: *0.121* | Acc: *95.868%* (47934/50000) 
Test epoch: 459 | Loss: *0.775* | Acc: *79.320%* (7932/10000)
Train epoch: 460 | Loss: *0.141* | Acc: *95.112%* (47556/50000) 
Test epoch: 460 | Loss: *0.729* | Acc: *79.010%* (7901/10000)
Train epoch: 461 | Loss: *0.131* | Acc: *95.608%* (47804/50000) 
Test epoch: 461 | Loss: *1.058* | Acc: *73.330%* (7333/10000)
Train epoch: 462 | Loss: *0.129* | Acc: *95.632%* (47816/50000) 
Test epoch: 462 | Loss: *0.879* | Acc: *76.210%* (7621/10000)
Train epoch: 463 | Loss: *0.127* | Acc: *95.742%* (47871/50000) 
Test epoch: 463 | Loss: *0.709* | Acc: *80.120%* (8012/10000)
Train epoch: 464 | Loss: *0.123* | Acc: *95.736%* (47868/50000) 
Test epoch: 464 | Loss: *0.863* | Acc: *77.230%* (7723/10000)
Train epoch: 465 | Loss: *0.124* | Acc: *95.836%* (47918/50000) 
Test epoch: 465 | Loss: *0.787* | Acc: *77.810%* (7781/10000)
Train epoch: 466 | Loss: *0.127* | Acc: *95.750%* (47875/50000) 
Test epoch: 466 | Loss: *0.767* | Acc: *79.510%* (7951/10000)
Train epoch: 467 | Loss: *0.126* | Acc: *95.724%* (47862/50000) 
Test epoch: 467 | Loss: *0.641* | Acc: *81.390%* (8139/10000)
Train epoch: 468 | Loss: *0.119* | Acc: *96.022%* (48011/50000) 
Test epoch: 468 | Loss: *0.657* | Acc: *80.460%* (8046/10000)
Train epoch: 469 | Loss: *0.116* | Acc: *95.990%* (47995/50000) 
Test epoch: 469 | Loss: *0.975* | Acc: *75.730%* (7573/10000)
Train epoch: 470 | Loss: *0.122* | Acc: *96.004%* (48002/50000) 
Test epoch: 470 | Loss: *0.680* | Acc: *80.230%* (8023/10000)
Train epoch: 471 | Loss: *0.112* | Acc: *96.252%* (48126/50000) 
Test epoch: 471 | Loss: *0.689* | Acc: *80.150%* (8015/10000)
Train epoch: 472 | Loss: *0.115* | Acc: *96.116%* (48058/50000) 
Test epoch: 472 | Loss: *0.805* | Acc: *77.150%* (7715/10000)
Train epoch: 473 | Loss: *0.117* | Acc: *96.068%* (48034/50000) 
Test epoch: 473 | Loss: *0.695* | Acc: *80.370%* (8037/10000)
Train epoch: 474 | Loss: *0.110* | Acc: *96.282%* (48141/50000) 
Test epoch: 474 | Loss: *0.882* | Acc: *76.360%* (7636/10000)
Train epoch: 475 | Loss: *0.109* | Acc: *96.396%* (48198/50000) 
Test epoch: 475 | Loss: *1.027* | Acc: *74.740%* (7474/10000)
Train epoch: 476 | Loss: *0.111* | Acc: *96.160%* (48080/50000) 
Test epoch: 476 | Loss: *0.817* | Acc: *76.970%* (7697/10000)
Train epoch: 477 | Loss: *0.109* | Acc: *96.284%* (48142/50000) 
Test epoch: 477 | Loss: *0.774* | Acc: *79.140%* (7914/10000)
Train epoch: 478 | Loss: *0.103* | Acc: *96.560%* (48280/50000) 
Test epoch: 478 | Loss: *0.668* | Acc: *81.370%* (8137/10000)
Train epoch: 479 | Loss: *0.110* | Acc: *96.246%* (48123/50000) 
Test epoch: 479 | Loss: *0.733* | Acc: *79.890%* (7989/10000)
Train epoch: 480 | Loss: *0.106* | Acc: *96.476%* (48238/50000) 
Test epoch: 480 | Loss: *0.672* | Acc: *81.280%* (8128/10000)
Train epoch: 481 | Loss: *0.097* | Acc: *96.718%* (48359/50000) 
Test epoch: 481 | Loss: *0.711* | Acc: *80.150%* (8015/10000)
Train epoch: 482 | Loss: *0.099* | Acc: *96.722%* (48361/50000) 
Test epoch: 482 | Loss: *0.753* | Acc: *79.570%* (7957/10000)
Train epoch: 483 | Loss: *0.100* | Acc: *96.634%* (48317/50000) 
Test epoch: 483 | Loss: *0.737* | Acc: *78.610%* (7861/10000)
Train epoch: 484 | Loss: *0.094* | Acc: *96.930%* (48465/50000) 
Test epoch: 484 | Loss: *0.746* | Acc: *79.340%* (7934/10000)
Train epoch: 485 | Loss: *0.095* | Acc: *96.866%* (48433/50000) 
Test epoch: 485 | Loss: *0.759* | Acc: *78.550%* (7855/10000)
Train epoch: 486 | Loss: *0.088* | Acc: *97.042%* (48521/50000) 
Test epoch: 486 | Loss: *0.927* | Acc: *76.290%* (7629/10000)
Train epoch: 487 | Loss: *0.093* | Acc: *96.896%* (48448/50000) 
Test epoch: 487 | Loss: *0.802* | Acc: *79.630%* (7963/10000)
Train epoch: 488 | Loss: *0.091* | Acc: *96.896%* (48448/50000) 
Test epoch: 488 | Loss: *0.914* | Acc: *76.850%* (7685/10000)
Train epoch: 489 | Loss: *0.089* | Acc: *97.072%* (48536/50000) 
Test epoch: 489 | Loss: *0.795* | Acc: *78.720%* (7872/10000)
Train epoch: 490 | Loss: *0.085* | Acc: *97.196%* (48598/50000) 
Test epoch: 490 | Loss: *0.781* | Acc: *78.510%* (7851/10000)
Train epoch: 491 | Loss: *0.094* | Acc: *96.806%* (48403/50000) 
Test epoch: 491 | Loss: *0.785* | Acc: *79.420%* (7942/10000)
Train epoch: 492 | Loss: *0.083* | Acc: *97.280%* (48640/50000) 
Test epoch: 492 | Loss: *0.653* | Acc: *81.250%* (8125/10000)
Train epoch: 493 | Loss: *0.076* | Acc: *97.446%* (48723/50000) 
Test epoch: 493 | Loss: *0.741* | Acc: *80.300%* (8030/10000)
Train epoch: 494 | Loss: *0.076* | Acc: *97.572%* (48786/50000) 
Test epoch: 494 | Loss: *0.795* | Acc: *78.510%* (7851/10000)
Train epoch: 495 | Loss: *0.079* | Acc: *97.358%* (48679/50000) 
Test epoch: 495 | Loss: *0.843* | Acc: *77.470%* (7747/10000)
Train epoch: 496 | Loss: *0.085* | Acc: *97.170%* (48585/50000) 
Test epoch: 496 | Loss: *0.801* | Acc: *79.450%* (7945/10000)
Train epoch: 497 | Loss: *0.071* | Acc: *97.748%* (48874/50000) 
Test epoch: 497 | Loss: *0.692* | Acc: *81.790%* (8179/10000)
Train epoch: 498 | Loss: *0.066* | Acc: *97.850%* (48925/50000) 
Test epoch: 498 | Loss: *0.753* | Acc: *81.190%* (8119/10000)
Train epoch: 499 | Loss: *0.077* | Acc: *97.486%* (48743/50000) 
Test epoch: 499 | Loss: *0.703* | Acc: *81.030%* (8103/10000)
Train epoch: 500 | Loss: *0.074* | Acc: *97.502%* (48751/50000) 
Test epoch: 500 | Loss: *0.764* | Acc: *78.240%* (7824/10000)
Best test accuracy: *88.640%*, loss: *0.3561605590581894*, at epoch: *131*.
==> Execution time summary of 500 epoch(s).
Train data loading time: sum. *219.1533159893006* secs | avg. *0.4383066319786012* secs per epoch.
Train training time: sum. *1078.95558884833* secs | avg. *2.15791117769666* secs per epoch.
Train total time: sum. *1298.1089048376307* secs | avg. *2.5962178096752613* secs per epoch.
Test data loading time: sum. *93.74365095142275* secs | avg. *0.18748730190284552* secs per epoch.
Test training time: sum. *77.89046382904053* secs | avg. *0.15578092765808105* secs per epoch.
Test total time: sum. *171.63411478046328* secs | avg. *0.34326822956092656* secs per epoch.
Total data loading time: sum. *312.89696694072336* secs | avg. *0.6257939338814468* secs per epoch.
Total training time: sum. *1156.8460526773706* secs | avg. *2.313692105354741* secs per epoch.
Total running time: sum. *1469.743019618094* secs | avg. *2.939486039236188* secs per epoch.
==> Number of GPU device: 1
==> Device #0 Memory Usage
==> Allocated: 0.1 GB
==> Cached:    1.5 GB
==> Maximum: 1.5 GB
