==> Running on : cuda
==> Number of CPU: 48
==> Number of workers: 2
==> #Epochs: 500, #Layers: 4, #Blocks: [2, 1, 1, 1], In channel: 64, Input layer conv kernel: 5x5, Residual layer conv kernel 3x3, Skip kernel: 1x1, Input layer conv padding: 2, Residual layer conv padding: 1
==> Optimizer is Adam
==> Learning rate: 0.001
==> Weight decay: 0.0005
==>Trainable Parameters: 4980298
==>Other Parameters: 0
==>Augmentation: RandomCrop(32, padding=4), RandomHorizontalFlip(), Normalize((0.4914, 0.4822, 0.4465), (0.2023, 0.1994, 0.2010)
Files already downloaded and verified
Train epoch: 1 | Loss: *1.438* | Acc: *47.058%* (23529/50000) 
Test epoch: 1 | Loss: *1.139* | Acc: *59.220%* (5922/10000)
Train epoch: 2 | Loss: *1.003* | Acc: *64.244%* (32122/50000) 
Test epoch: 2 | Loss: *1.404* | Acc: *56.800%* (5680/10000)
Train epoch: 3 | Loss: *0.828* | Acc: *70.552%* (35276/50000) 
Test epoch: 3 | Loss: *1.181* | Acc: *62.100%* (6210/10000)
Train epoch: 4 | Loss: *0.710* | Acc: *75.330%* (37665/50000) 
Test epoch: 4 | Loss: *0.719* | Acc: *75.310%* (7531/10000)
Train epoch: 5 | Loss: *0.630* | Acc: *78.232%* (39116/50000) 
Test epoch: 5 | Loss: *0.722* | Acc: *76.040%* (7604/10000)
Train epoch: 6 | Loss: *0.577* | Acc: *80.180%* (40090/50000) 
Test epoch: 6 | Loss: *0.679* | Acc: *76.690%* (7669/10000)
Train epoch: 7 | Loss: *0.532* | Acc: *81.696%* (40848/50000) 
Test epoch: 7 | Loss: *0.698* | Acc: *77.140%* (7714/10000)
Train epoch: 8 | Loss: *0.503* | Acc: *82.750%* (41375/50000) 
Test epoch: 8 | Loss: *0.561* | Acc: *80.710%* (8071/10000)
Train epoch: 9 | Loss: *0.470* | Acc: *83.896%* (41948/50000) 
Test epoch: 9 | Loss: *0.545* | Acc: *81.450%* (8145/10000)
Train epoch: 10 | Loss: *0.444* | Acc: *84.900%* (42450/50000) 
Test epoch: 10 | Loss: *0.624* | Acc: *79.070%* (7907/10000)
Train epoch: 11 | Loss: *0.429* | Acc: *85.370%* (42685/50000) 
Test epoch: 11 | Loss: *0.530* | Acc: *82.680%* (8268/10000)
Train epoch: 12 | Loss: *0.406* | Acc: *86.066%* (43033/50000) 
Test epoch: 12 | Loss: *0.483* | Acc: *83.650%* (8365/10000)
Train epoch: 13 | Loss: *0.394* | Acc: *86.508%* (43254/50000) 
Test epoch: 13 | Loss: *0.481* | Acc: *83.480%* (8348/10000)
Train epoch: 14 | Loss: *0.384* | Acc: *86.830%* (43415/50000) 
Test epoch: 14 | Loss: *0.447* | Acc: *85.110%* (8511/10000)
Train epoch: 15 | Loss: *0.366* | Acc: *87.602%* (43801/50000) 
Test epoch: 15 | Loss: *0.490* | Acc: *84.100%* (8410/10000)
Train epoch: 16 | Loss: *0.357* | Acc: *87.788%* (43894/50000) 
Test epoch: 16 | Loss: *0.427* | Acc: *85.650%* (8565/10000)
Train epoch: 17 | Loss: *0.350* | Acc: *87.844%* (43922/50000) 
Test epoch: 17 | Loss: *0.486* | Acc: *83.940%* (8394/10000)
Train epoch: 18 | Loss: *0.345* | Acc: *88.212%* (44106/50000) 
Test epoch: 18 | Loss: *0.456* | Acc: *84.890%* (8489/10000)
Train epoch: 19 | Loss: *0.337* | Acc: *88.520%* (44260/50000) 
Test epoch: 19 | Loss: *0.461* | Acc: *85.150%* (8515/10000)
Train epoch: 20 | Loss: *0.330* | Acc: *88.756%* (44378/50000) 
Test epoch: 20 | Loss: *0.530* | Acc: *83.750%* (8375/10000)
Train epoch: 21 | Loss: *0.325* | Acc: *88.924%* (44462/50000) 
Test epoch: 21 | Loss: *0.398* | Acc: *86.760%* (8676/10000)
Train epoch: 22 | Loss: *0.314* | Acc: *89.248%* (44624/50000) 
Test epoch: 22 | Loss: *0.439* | Acc: *85.590%* (8559/10000)
Train epoch: 23 | Loss: *0.312* | Acc: *89.264%* (44632/50000) 
Test epoch: 23 | Loss: *0.427* | Acc: *86.440%* (8644/10000)
Train epoch: 24 | Loss: *0.305* | Acc: *89.404%* (44702/50000) 
Test epoch: 24 | Loss: *0.402* | Acc: *86.790%* (8679/10000)
Train epoch: 25 | Loss: *0.303* | Acc: *89.648%* (44824/50000) 
Test epoch: 25 | Loss: *0.443* | Acc: *85.750%* (8575/10000)
Train epoch: 26 | Loss: *0.296* | Acc: *89.770%* (44885/50000) 
Test epoch: 26 | Loss: *0.390* | Acc: *86.900%* (8690/10000)
Train epoch: 27 | Loss: *0.292* | Acc: *89.908%* (44954/50000) 
Test epoch: 27 | Loss: *0.407* | Acc: *86.520%* (8652/10000)
Train epoch: 28 | Loss: *0.286* | Acc: *90.176%* (45088/50000) 
Test epoch: 28 | Loss: *0.398* | Acc: *87.200%* (8720/10000)
Train epoch: 29 | Loss: *0.281* | Acc: *90.336%* (45168/50000) 
Test epoch: 29 | Loss: *0.413* | Acc: *86.200%* (8620/10000)
Train epoch: 30 | Loss: *0.278* | Acc: *90.516%* (45258/50000) 
Test epoch: 30 | Loss: *0.393* | Acc: *87.110%* (8711/10000)
Train epoch: 31 | Loss: *0.276* | Acc: *90.518%* (45259/50000) 
Test epoch: 31 | Loss: *0.394* | Acc: *86.830%* (8683/10000)
Train epoch: 32 | Loss: *0.271* | Acc: *90.754%* (45377/50000) 
Test epoch: 32 | Loss: *0.412* | Acc: *87.000%* (8700/10000)
Train epoch: 33 | Loss: *0.271* | Acc: *90.630%* (45315/50000) 
Test epoch: 33 | Loss: *0.389* | Acc: *87.600%* (8760/10000)
Train epoch: 34 | Loss: *0.266* | Acc: *90.908%* (45454/50000) 
Test epoch: 34 | Loss: *0.446* | Acc: *85.330%* (8533/10000)
Train epoch: 35 | Loss: *0.262* | Acc: *90.896%* (45448/50000) 
Test epoch: 35 | Loss: *0.419* | Acc: *86.720%* (8672/10000)
Train epoch: 36 | Loss: *0.264* | Acc: *90.950%* (45475/50000) 
Test epoch: 36 | Loss: *0.376* | Acc: *87.640%* (8764/10000)
Train epoch: 37 | Loss: *0.253* | Acc: *91.216%* (45608/50000) 
Test epoch: 37 | Loss: *0.415* | Acc: *86.640%* (8664/10000)
Train epoch: 38 | Loss: *0.259* | Acc: *90.986%* (45493/50000) 
Test epoch: 38 | Loss: *0.382* | Acc: *87.400%* (8740/10000)
Train epoch: 39 | Loss: *0.250* | Acc: *91.432%* (45716/50000) 
Test epoch: 39 | Loss: *0.358* | Acc: *88.160%* (8816/10000)
Train epoch: 40 | Loss: *0.249* | Acc: *91.494%* (45747/50000) 
Test epoch: 40 | Loss: *0.345* | Acc: *88.760%* (8876/10000)
Train epoch: 41 | Loss: *0.246* | Acc: *91.538%* (45769/50000) 
Test epoch: 41 | Loss: *0.412* | Acc: *86.760%* (8676/10000)
Train epoch: 42 | Loss: *0.241* | Acc: *91.720%* (45860/50000) 
Test epoch: 42 | Loss: *0.369* | Acc: *88.140%* (8814/10000)
Train epoch: 43 | Loss: *0.246* | Acc: *91.708%* (45854/50000) 
Test epoch: 43 | Loss: *0.441* | Acc: *86.300%* (8630/10000)
Train epoch: 44 | Loss: *0.239* | Acc: *91.894%* (45947/50000) 
Test epoch: 44 | Loss: *0.366* | Acc: *87.970%* (8797/10000)
Train epoch: 45 | Loss: *0.235* | Acc: *91.914%* (45957/50000) 
Test epoch: 45 | Loss: *0.375* | Acc: *88.000%* (8800/10000)
Train epoch: 46 | Loss: *0.236* | Acc: *91.784%* (45892/50000) 
Test epoch: 46 | Loss: *0.402* | Acc: *87.250%* (8725/10000)
Train epoch: 47 | Loss: *0.234* | Acc: *91.906%* (45953/50000) 
Test epoch: 47 | Loss: *0.469* | Acc: *85.710%* (8571/10000)
Train epoch: 48 | Loss: *0.232* | Acc: *92.016%* (46008/50000) 
Test epoch: 48 | Loss: *0.401* | Acc: *87.210%* (8721/10000)
Train epoch: 49 | Loss: *0.228* | Acc: *92.222%* (46111/50000) 
Test epoch: 49 | Loss: *0.370* | Acc: *88.430%* (8843/10000)
Train epoch: 50 | Loss: *0.223* | Acc: *92.300%* (46150/50000) 
Test epoch: 50 | Loss: *0.367* | Acc: *88.380%* (8838/10000)
Train epoch: 51 | Loss: *0.222* | Acc: *92.328%* (46164/50000) 
Test epoch: 51 | Loss: *0.364* | Acc: *88.480%* (8848/10000)
Train epoch: 52 | Loss: *0.223* | Acc: *92.360%* (46180/50000) 
Test epoch: 52 | Loss: *0.342* | Acc: *88.900%* (8890/10000)
Train epoch: 53 | Loss: *0.219* | Acc: *92.512%* (46256/50000) 
Test epoch: 53 | Loss: *0.343* | Acc: *88.770%* (8877/10000)
Train epoch: 54 | Loss: *0.216* | Acc: *92.544%* (46272/50000) 
Test epoch: 54 | Loss: *0.415* | Acc: *87.820%* (8782/10000)
Train epoch: 55 | Loss: *0.213* | Acc: *92.652%* (46326/50000) 
Test epoch: 55 | Loss: *0.351* | Acc: *88.600%* (8860/10000)
Train epoch: 56 | Loss: *0.213* | Acc: *92.574%* (46287/50000) 
Test epoch: 56 | Loss: *0.408* | Acc: *87.620%* (8762/10000)
Train epoch: 57 | Loss: *0.212* | Acc: *92.706%* (46353/50000) 
Test epoch: 57 | Loss: *0.344* | Acc: *89.020%* (8902/10000)
Train epoch: 58 | Loss: *0.207* | Acc: *92.818%* (46409/50000) 
Test epoch: 58 | Loss: *0.379* | Acc: *88.020%* (8802/10000)
Train epoch: 59 | Loss: *0.209* | Acc: *92.698%* (46349/50000) 
Test epoch: 59 | Loss: *0.355* | Acc: *88.530%* (8853/10000)
Train epoch: 60 | Loss: *0.201* | Acc: *92.994%* (46497/50000) 
Test epoch: 60 | Loss: *0.418* | Acc: *87.140%* (8714/10000)
Train epoch: 61 | Loss: *0.198* | Acc: *93.088%* (46544/50000) 
Test epoch: 61 | Loss: *0.393* | Acc: *87.490%* (8749/10000)
Train epoch: 62 | Loss: *0.200* | Acc: *92.994%* (46497/50000) 
Test epoch: 62 | Loss: *0.344* | Acc: *88.930%* (8893/10000)
Train epoch: 63 | Loss: *0.194* | Acc: *93.238%* (46619/50000) 
Test epoch: 63 | Loss: *0.358* | Acc: *89.140%* (8914/10000)
Train epoch: 64 | Loss: *0.201* | Acc: *93.056%* (46528/50000) 
Test epoch: 64 | Loss: *0.375* | Acc: *87.940%* (8794/10000)
Train epoch: 65 | Loss: *0.191* | Acc: *93.462%* (46731/50000) 
Test epoch: 65 | Loss: *0.329* | Acc: *89.530%* (8953/10000)
Train epoch: 66 | Loss: *0.188* | Acc: *93.564%* (46782/50000) 
Test epoch: 66 | Loss: *0.327* | Acc: *89.440%* (8944/10000)
Train epoch: 67 | Loss: *0.188* | Acc: *93.450%* (46725/50000) 
Test epoch: 67 | Loss: *0.327* | Acc: *89.850%* (8985/10000)
Train epoch: 68 | Loss: *0.189* | Acc: *93.484%* (46742/50000) 
Test epoch: 68 | Loss: *0.331* | Acc: *89.390%* (8939/10000)
Train epoch: 69 | Loss: *0.186* | Acc: *93.562%* (46781/50000) 
Test epoch: 69 | Loss: *0.340* | Acc: *89.250%* (8925/10000)
Train epoch: 70 | Loss: *0.185* | Acc: *93.640%* (46820/50000) 
Test epoch: 70 | Loss: *0.346* | Acc: *89.280%* (8928/10000)
Train epoch: 71 | Loss: *0.180* | Acc: *93.810%* (46905/50000) 
Test epoch: 71 | Loss: *0.366* | Acc: *88.500%* (8850/10000)
Train epoch: 72 | Loss: *0.180* | Acc: *93.772%* (46886/50000) 
Test epoch: 72 | Loss: *0.346* | Acc: *89.550%* (8955/10000)
Train epoch: 73 | Loss: *0.178* | Acc: *93.852%* (46926/50000) 
Test epoch: 73 | Loss: *0.357* | Acc: *88.820%* (8882/10000)
Train epoch: 74 | Loss: *0.179* | Acc: *93.824%* (46912/50000) 
Test epoch: 74 | Loss: *0.310* | Acc: *89.980%* (8998/10000)
Train epoch: 75 | Loss: *0.174* | Acc: *94.066%* (47033/50000) 
Test epoch: 75 | Loss: *0.356* | Acc: *89.050%* (8905/10000)
Train epoch: 76 | Loss: *0.167* | Acc: *94.142%* (47071/50000) 
Test epoch: 76 | Loss: *0.354* | Acc: *89.130%* (8913/10000)
Train epoch: 77 | Loss: *0.169* | Acc: *94.090%* (47045/50000) 
Test epoch: 77 | Loss: *0.339* | Acc: *89.530%* (8953/10000)
Train epoch: 78 | Loss: *0.163* | Acc: *94.304%* (47152/50000) 
Test epoch: 78 | Loss: *0.338* | Acc: *89.590%* (8959/10000)
Train epoch: 79 | Loss: *0.165* | Acc: *94.286%* (47143/50000) 
Test epoch: 79 | Loss: *0.329* | Acc: *89.960%* (8996/10000)
Train epoch: 80 | Loss: *0.161* | Acc: *94.414%* (47207/50000) 
Test epoch: 80 | Loss: *0.336* | Acc: *89.840%* (8984/10000)
Train epoch: 81 | Loss: *0.157* | Acc: *94.670%* (47335/50000) 
Test epoch: 81 | Loss: *0.375* | Acc: *88.610%* (8861/10000)
Train epoch: 82 | Loss: *0.159* | Acc: *94.528%* (47264/50000) 
Test epoch: 82 | Loss: *0.339* | Acc: *89.600%* (8960/10000)
Train epoch: 83 | Loss: *0.154* | Acc: *94.738%* (47369/50000) 
Test epoch: 83 | Loss: *0.366* | Acc: *89.290%* (8929/10000)
Train epoch: 84 | Loss: *0.154* | Acc: *94.746%* (47373/50000) 
Test epoch: 84 | Loss: *0.382* | Acc: *88.470%* (8847/10000)
Train epoch: 85 | Loss: *0.153* | Acc: *94.680%* (47340/50000) 
Test epoch: 85 | Loss: *0.345* | Acc: *89.350%* (8935/10000)
Train epoch: 86 | Loss: *0.153* | Acc: *94.756%* (47378/50000) 
Test epoch: 86 | Loss: *0.373* | Acc: *88.870%* (8887/10000)
Train epoch: 87 | Loss: *0.149* | Acc: *94.826%* (47413/50000) 
Test epoch: 87 | Loss: *0.428* | Acc: *87.630%* (8763/10000)
Train epoch: 88 | Loss: *0.147* | Acc: *94.992%* (47496/50000) 
Test epoch: 88 | Loss: *0.331* | Acc: *90.330%* (9033/10000)
Train epoch: 89 | Loss: *0.144* | Acc: *95.108%* (47554/50000) 
Test epoch: 89 | Loss: *0.311* | Acc: *90.320%* (9032/10000)
Train epoch: 90 | Loss: *0.144* | Acc: *95.044%* (47522/50000) 
Test epoch: 90 | Loss: *0.347* | Acc: *89.350%* (8935/10000)
Train epoch: 91 | Loss: *0.138* | Acc: *95.232%* (47616/50000) 
Test epoch: 91 | Loss: *0.346* | Acc: *89.420%* (8942/10000)
Train epoch: 92 | Loss: *0.138* | Acc: *95.332%* (47666/50000) 
Test epoch: 92 | Loss: *0.345* | Acc: *90.160%* (9016/10000)
Train epoch: 93 | Loss: *0.136* | Acc: *95.346%* (47673/50000) 
Test epoch: 93 | Loss: *0.319* | Acc: *90.390%* (9039/10000)
Train epoch: 94 | Loss: *0.136* | Acc: *95.332%* (47666/50000) 
Test epoch: 94 | Loss: *0.338* | Acc: *90.130%* (9013/10000)
Train epoch: 95 | Loss: *0.131* | Acc: *95.516%* (47758/50000) 
Test epoch: 95 | Loss: *0.333* | Acc: *90.060%* (9006/10000)
Train epoch: 96 | Loss: *0.129* | Acc: *95.598%* (47799/50000) 
Test epoch: 96 | Loss: *0.374* | Acc: *89.510%* (8951/10000)
Train epoch: 97 | Loss: *0.124* | Acc: *95.778%* (47889/50000) 
Test epoch: 97 | Loss: *0.371* | Acc: *89.230%* (8923/10000)
Train epoch: 98 | Loss: *0.128* | Acc: *95.570%* (47785/50000) 
Test epoch: 98 | Loss: *0.343* | Acc: *89.910%* (8991/10000)
Train epoch: 99 | Loss: *0.124* | Acc: *95.680%* (47840/50000) 
Test epoch: 99 | Loss: *0.340* | Acc: *90.490%* (9049/10000)
Train epoch: 100 | Loss: *0.123* | Acc: *95.714%* (47857/50000) 
Test epoch: 100 | Loss: *0.345* | Acc: *89.840%* (8984/10000)
Train epoch: 101 | Loss: *0.117* | Acc: *95.998%* (47999/50000) 
Test epoch: 101 | Loss: *0.331* | Acc: *90.360%* (9036/10000)
Train epoch: 102 | Loss: *0.119* | Acc: *95.968%* (47984/50000) 
Test epoch: 102 | Loss: *0.310* | Acc: *91.020%* (9102/10000)
Train epoch: 103 | Loss: *0.112* | Acc: *96.164%* (48082/50000) 
Test epoch: 103 | Loss: *0.360* | Acc: *90.030%* (9003/10000)
Train epoch: 104 | Loss: *0.116* | Acc: *95.992%* (47996/50000) 
Test epoch: 104 | Loss: *0.324* | Acc: *90.620%* (9062/10000)
Train epoch: 105 | Loss: *0.107* | Acc: *96.346%* (48173/50000) 
Test epoch: 105 | Loss: *0.324* | Acc: *90.540%* (9054/10000)
Train epoch: 106 | Loss: *0.108* | Acc: *96.250%* (48125/50000) 
Test epoch: 106 | Loss: *0.321* | Acc: *90.670%* (9067/10000)
Train epoch: 107 | Loss: *0.107* | Acc: *96.284%* (48142/50000) 
Test epoch: 107 | Loss: *0.357* | Acc: *89.920%* (8992/10000)
Train epoch: 108 | Loss: *0.104* | Acc: *96.384%* (48192/50000) 
Test epoch: 108 | Loss: *0.342* | Acc: *90.380%* (9038/10000)
Train epoch: 109 | Loss: *0.104* | Acc: *96.454%* (48227/50000) 
Test epoch: 109 | Loss: *0.337* | Acc: *90.510%* (9051/10000)
Train epoch: 110 | Loss: *0.101* | Acc: *96.574%* (48287/50000) 
Test epoch: 110 | Loss: *0.331* | Acc: *90.740%* (9074/10000)
Train epoch: 111 | Loss: *0.101* | Acc: *96.552%* (48276/50000) 
Test epoch: 111 | Loss: *0.328* | Acc: *90.630%* (9063/10000)
Train epoch: 112 | Loss: *0.099* | Acc: *96.678%* (48339/50000) 
Test epoch: 112 | Loss: *0.335* | Acc: *90.280%* (9028/10000)
Train epoch: 113 | Loss: *0.094* | Acc: *96.762%* (48381/50000) 
Test epoch: 113 | Loss: *0.338* | Acc: *90.370%* (9037/10000)
Train epoch: 114 | Loss: *0.087* | Acc: *96.984%* (48492/50000) 
Test epoch: 114 | Loss: *0.322* | Acc: *90.890%* (9089/10000)
Train epoch: 115 | Loss: *0.087* | Acc: *97.060%* (48530/50000) 
Test epoch: 115 | Loss: *0.329* | Acc: *90.560%* (9056/10000)
Train epoch: 116 | Loss: *0.090* | Acc: *96.946%* (48473/50000) 
Test epoch: 116 | Loss: *0.336* | Acc: *90.670%* (9067/10000)
Train epoch: 117 | Loss: *0.090* | Acc: *96.928%* (48464/50000) 
Test epoch: 117 | Loss: *0.356* | Acc: *89.950%* (8995/10000)
Train epoch: 118 | Loss: *0.085* | Acc: *97.140%* (48570/50000) 
Test epoch: 118 | Loss: *0.317* | Acc: *91.260%* (9126/10000)
Train epoch: 119 | Loss: *0.081* | Acc: *97.258%* (48629/50000) 
Test epoch: 119 | Loss: *0.346* | Acc: *90.450%* (9045/10000)
Train epoch: 120 | Loss: *0.079* | Acc: *97.392%* (48696/50000) 
Test epoch: 120 | Loss: *0.341* | Acc: *90.600%* (9060/10000)
Train epoch: 121 | Loss: *0.079* | Acc: *97.342%* (48671/50000) 
Test epoch: 121 | Loss: *0.368* | Acc: *90.170%* (9017/10000)
Train epoch: 122 | Loss: *0.074* | Acc: *97.524%* (48762/50000) 
Test epoch: 122 | Loss: *0.332* | Acc: *90.760%* (9076/10000)
Train epoch: 123 | Loss: *0.078* | Acc: *97.386%* (48693/50000) 
Test epoch: 123 | Loss: *0.326* | Acc: *91.150%* (9115/10000)
Train epoch: 124 | Loss: *0.076* | Acc: *97.440%* (48720/50000) 
Test epoch: 124 | Loss: *0.349* | Acc: *90.420%* (9042/10000)
Train epoch: 125 | Loss: *0.072* | Acc: *97.676%* (48838/50000) 
Test epoch: 125 | Loss: *0.322* | Acc: *91.150%* (9115/10000)
Train epoch: 126 | Loss: *0.066* | Acc: *97.810%* (48905/50000) 
Test epoch: 126 | Loss: *0.330* | Acc: *90.760%* (9076/10000)
Train epoch: 127 | Loss: *0.073* | Acc: *97.472%* (48736/50000) 
Test epoch: 127 | Loss: *0.339* | Acc: *91.000%* (9100/10000)
Train epoch: 128 | Loss: *0.060* | Acc: *98.030%* (49015/50000) 
Test epoch: 128 | Loss: *0.309* | Acc: *91.470%* (9147/10000)
Train epoch: 129 | Loss: *0.062* | Acc: *97.998%* (48999/50000) 
Test epoch: 129 | Loss: *0.311* | Acc: *91.570%* (9157/10000)
Train epoch: 130 | Loss: *0.063* | Acc: *97.882%* (48941/50000) 
Test epoch: 130 | Loss: *0.332* | Acc: *91.050%* (9105/10000)
Train epoch: 131 | Loss: *0.060* | Acc: *98.056%* (49028/50000) 
Test epoch: 131 | Loss: *0.328* | Acc: *91.240%* (9124/10000)
Train epoch: 132 | Loss: *0.062* | Acc: *97.926%* (48963/50000) 
Test epoch: 132 | Loss: *0.307* | Acc: *91.630%* (9163/10000)
Train epoch: 133 | Loss: *0.058* | Acc: *98.116%* (49058/50000) 
Test epoch: 133 | Loss: *0.344* | Acc: *90.820%* (9082/10000)
Train epoch: 134 | Loss: *0.053* | Acc: *98.342%* (49171/50000) 
Test epoch: 134 | Loss: *0.306* | Acc: *91.510%* (9151/10000)
Train epoch: 135 | Loss: *0.051* | Acc: *98.398%* (49199/50000) 
Test epoch: 135 | Loss: *0.322* | Acc: *91.510%* (9151/10000)
Train epoch: 136 | Loss: *0.051* | Acc: *98.344%* (49172/50000) 
Test epoch: 136 | Loss: *0.329* | Acc: *91.610%* (9161/10000)
Train epoch: 137 | Loss: *0.050* | Acc: *98.426%* (49213/50000) 
Test epoch: 137 | Loss: *0.330* | Acc: *91.290%* (9129/10000)
Train epoch: 138 | Loss: *0.047* | Acc: *98.462%* (49231/50000) 
Test epoch: 138 | Loss: *0.331* | Acc: *91.430%* (9143/10000)
Train epoch: 139 | Loss: *0.047* | Acc: *98.530%* (49265/50000) 
Test epoch: 139 | Loss: *0.332* | Acc: *91.420%* (9142/10000)
Train epoch: 140 | Loss: *0.045* | Acc: *98.574%* (49287/50000) 
Test epoch: 140 | Loss: *0.316* | Acc: *91.540%* (9154/10000)
Train epoch: 141 | Loss: *0.046* | Acc: *98.578%* (49289/50000) 
Test epoch: 141 | Loss: *0.316* | Acc: *91.830%* (9183/10000)
Train epoch: 142 | Loss: *0.041* | Acc: *98.716%* (49358/50000) 
Test epoch: 142 | Loss: *0.321* | Acc: *91.860%* (9186/10000)
Train epoch: 143 | Loss: *0.042* | Acc: *98.720%* (49360/50000) 
Test epoch: 143 | Loss: *0.320* | Acc: *91.800%* (9180/10000)
Train epoch: 144 | Loss: *0.042* | Acc: *98.680%* (49340/50000) 
Test epoch: 144 | Loss: *0.341* | Acc: *91.300%* (9130/10000)
Train epoch: 145 | Loss: *0.038* | Acc: *98.834%* (49417/50000) 
Test epoch: 145 | Loss: *0.333* | Acc: *91.500%* (9150/10000)
Train epoch: 146 | Loss: *0.037* | Acc: *98.934%* (49467/50000) 
Test epoch: 146 | Loss: *0.333* | Acc: *91.780%* (9178/10000)
Train epoch: 147 | Loss: *0.035* | Acc: *98.934%* (49467/50000) 
Test epoch: 147 | Loss: *0.316* | Acc: *92.020%* (9202/10000)
Train epoch: 148 | Loss: *0.034* | Acc: *98.976%* (49488/50000) 
Test epoch: 148 | Loss: *0.320* | Acc: *91.900%* (9190/10000)
Train epoch: 149 | Loss: *0.032* | Acc: *99.120%* (49560/50000) 
Test epoch: 149 | Loss: *0.320* | Acc: *91.880%* (9188/10000)
Train epoch: 150 | Loss: *0.031* | Acc: *99.108%* (49554/50000) 
Test epoch: 150 | Loss: *0.311* | Acc: *91.880%* (9188/10000)
Train epoch: 151 | Loss: *0.029* | Acc: *99.172%* (49586/50000) 
Test epoch: 151 | Loss: *0.324* | Acc: *91.810%* (9181/10000)
Train epoch: 152 | Loss: *0.031* | Acc: *99.150%* (49575/50000) 
Test epoch: 152 | Loss: *0.305* | Acc: *92.270%* (9227/10000)
Train epoch: 153 | Loss: *0.027* | Acc: *99.280%* (49640/50000) 
Test epoch: 153 | Loss: *0.308* | Acc: *92.220%* (9222/10000)
Train epoch: 154 | Loss: *0.027* | Acc: *99.254%* (49627/50000) 
Test epoch: 154 | Loss: *0.317* | Acc: *91.830%* (9183/10000)
Train epoch: 155 | Loss: *0.027* | Acc: *99.202%* (49601/50000) 
Test epoch: 155 | Loss: *0.310* | Acc: *92.210%* (9221/10000)
Train epoch: 156 | Loss: *0.026* | Acc: *99.318%* (49659/50000) 
Test epoch: 156 | Loss: *0.304* | Acc: *92.220%* (9222/10000)
Train epoch: 157 | Loss: *0.024* | Acc: *99.356%* (49678/50000) 
Test epoch: 157 | Loss: *0.306* | Acc: *92.210%* (9221/10000)
Train epoch: 158 | Loss: *0.023* | Acc: *99.432%* (49716/50000) 
Test epoch: 158 | Loss: *0.316* | Acc: *92.140%* (9214/10000)
Train epoch: 159 | Loss: *0.023* | Acc: *99.412%* (49706/50000) 
Test epoch: 159 | Loss: *0.318* | Acc: *92.160%* (9216/10000)
Train epoch: 160 | Loss: *0.021* | Acc: *99.440%* (49720/50000) 
Test epoch: 160 | Loss: *0.310* | Acc: *92.590%* (9259/10000)
Train epoch: 161 | Loss: *0.019* | Acc: *99.548%* (49774/50000) 
Test epoch: 161 | Loss: *0.318* | Acc: *92.330%* (9233/10000)
Train epoch: 162 | Loss: *0.018* | Acc: *99.592%* (49796/50000) 
Test epoch: 162 | Loss: *0.301* | Acc: *92.530%* (9253/10000)
Train epoch: 163 | Loss: *0.018* | Acc: *99.564%* (49782/50000) 
Test epoch: 163 | Loss: *0.316* | Acc: *91.950%* (9195/10000)
Train epoch: 164 | Loss: *0.018* | Acc: *99.622%* (49811/50000) 
Test epoch: 164 | Loss: *0.318* | Acc: *92.190%* (9219/10000)
Train epoch: 165 | Loss: *0.017* | Acc: *99.576%* (49788/50000) 
Test epoch: 165 | Loss: *0.315* | Acc: *92.240%* (9224/10000)
Train epoch: 166 | Loss: *0.017* | Acc: *99.616%* (49808/50000) 
Test epoch: 166 | Loss: *0.304* | Acc: *92.350%* (9235/10000)
Train epoch: 167 | Loss: *0.016* | Acc: *99.680%* (49840/50000) 
Test epoch: 167 | Loss: *0.312* | Acc: *92.090%* (9209/10000)
Train epoch: 168 | Loss: *0.016* | Acc: *99.652%* (49826/50000) 
Test epoch: 168 | Loss: *0.316* | Acc: *92.390%* (9239/10000)
Train epoch: 169 | Loss: *0.014* | Acc: *99.742%* (49871/50000) 
Test epoch: 169 | Loss: *0.304* | Acc: *92.470%* (9247/10000)
Train epoch: 170 | Loss: *0.014* | Acc: *99.738%* (49869/50000) 
Test epoch: 170 | Loss: *0.306* | Acc: *92.430%* (9243/10000)
Train epoch: 171 | Loss: *0.013* | Acc: *99.768%* (49884/50000) 
Test epoch: 171 | Loss: *0.301* | Acc: *92.520%* (9252/10000)
Train epoch: 172 | Loss: *0.013* | Acc: *99.774%* (49887/50000) 
Test epoch: 172 | Loss: *0.306* | Acc: *92.520%* (9252/10000)
Train epoch: 173 | Loss: *0.012* | Acc: *99.800%* (49900/50000) 
Test epoch: 173 | Loss: *0.298* | Acc: *92.670%* (9267/10000)
Train epoch: 174 | Loss: *0.012* | Acc: *99.814%* (49907/50000) 
Test epoch: 174 | Loss: *0.298* | Acc: *92.680%* (9268/10000)
Train epoch: 175 | Loss: *0.012* | Acc: *99.812%* (49906/50000) 
Test epoch: 175 | Loss: *0.297* | Acc: *92.790%* (9279/10000)
Train epoch: 176 | Loss: *0.011* | Acc: *99.828%* (49914/50000) 
Test epoch: 176 | Loss: *0.302* | Acc: *92.730%* (9273/10000)
Train epoch: 177 | Loss: *0.010* | Acc: *99.846%* (49923/50000) 
Test epoch: 177 | Loss: *0.307* | Acc: *92.450%* (9245/10000)
Train epoch: 178 | Loss: *0.011* | Acc: *99.826%* (49913/50000) 
Test epoch: 178 | Loss: *0.300* | Acc: *92.440%* (9244/10000)
Train epoch: 179 | Loss: *0.011* | Acc: *99.826%* (49913/50000) 
Test epoch: 179 | Loss: *0.300* | Acc: *92.600%* (9260/10000)
Train epoch: 180 | Loss: *0.010* | Acc: *99.864%* (49932/50000) 
Test epoch: 180 | Loss: *0.294* | Acc: *92.660%* (9266/10000)
Train epoch: 181 | Loss: *0.010* | Acc: *99.860%* (49930/50000) 
Test epoch: 181 | Loss: *0.297* | Acc: *92.690%* (9269/10000)
Train epoch: 182 | Loss: *0.009* | Acc: *99.882%* (49941/50000) 
Test epoch: 182 | Loss: *0.300* | Acc: *92.640%* (9264/10000)
Train epoch: 183 | Loss: *0.009* | Acc: *99.876%* (49938/50000) 
Test epoch: 183 | Loss: *0.294* | Acc: *92.760%* (9276/10000)
Train epoch: 184 | Loss: *0.009* | Acc: *99.882%* (49941/50000) 
Test epoch: 184 | Loss: *0.295* | Acc: *92.780%* (9278/10000)
Train epoch: 185 | Loss: *0.009* | Acc: *99.904%* (49952/50000) 
Test epoch: 185 | Loss: *0.295* | Acc: *92.830%* (9283/10000)
Train epoch: 186 | Loss: *0.009* | Acc: *99.902%* (49951/50000) 
Test epoch: 186 | Loss: *0.299* | Acc: *92.780%* (9278/10000)
Train epoch: 187 | Loss: *0.008* | Acc: *99.910%* (49955/50000) 
Test epoch: 187 | Loss: *0.296* | Acc: *92.850%* (9285/10000)
Train epoch: 188 | Loss: *0.008* | Acc: *99.902%* (49951/50000) 
Test epoch: 188 | Loss: *0.296* | Acc: *92.720%* (9272/10000)
Train epoch: 189 | Loss: *0.008* | Acc: *99.942%* (49971/50000) 
Test epoch: 189 | Loss: *0.293* | Acc: *92.760%* (9276/10000)
Train epoch: 190 | Loss: *0.008* | Acc: *99.934%* (49967/50000) 
Test epoch: 190 | Loss: *0.295* | Acc: *92.780%* (9278/10000)
Train epoch: 191 | Loss: *0.008* | Acc: *99.926%* (49963/50000) 
Test epoch: 191 | Loss: *0.293* | Acc: *92.710%* (9271/10000)
Train epoch: 192 | Loss: *0.008* | Acc: *99.906%* (49953/50000) 
Test epoch: 192 | Loss: *0.295* | Acc: *92.730%* (9273/10000)
Train epoch: 193 | Loss: *0.008* | Acc: *99.924%* (49962/50000) 
Test epoch: 193 | Loss: *0.293* | Acc: *92.740%* (9274/10000)
Train epoch: 194 | Loss: *0.008* | Acc: *99.932%* (49966/50000) 
Test epoch: 194 | Loss: *0.294* | Acc: *92.800%* (9280/10000)
Train epoch: 195 | Loss: *0.008* | Acc: *99.926%* (49963/50000) 
Test epoch: 195 | Loss: *0.294* | Acc: *92.840%* (9284/10000)
Train epoch: 196 | Loss: *0.007* | Acc: *99.938%* (49969/50000) 
Test epoch: 196 | Loss: *0.293* | Acc: *92.740%* (9274/10000)
Train epoch: 197 | Loss: *0.008* | Acc: *99.932%* (49966/50000) 
Test epoch: 197 | Loss: *0.295* | Acc: *92.710%* (9271/10000)
Train epoch: 198 | Loss: *0.008* | Acc: *99.942%* (49971/50000) 
Test epoch: 198 | Loss: *0.293* | Acc: *92.750%* (9275/10000)
Train epoch: 199 | Loss: *0.008* | Acc: *99.928%* (49964/50000) 
Test epoch: 199 | Loss: *0.296* | Acc: *92.710%* (9271/10000)
Train epoch: 200 | Loss: *0.008* | Acc: *99.908%* (49954/50000) 
Test epoch: 200 | Loss: *0.295* | Acc: *92.730%* (9273/10000)
Train epoch: 201 | Loss: *0.008* | Acc: *99.932%* (49966/50000) 
Test epoch: 201 | Loss: *0.295* | Acc: *92.720%* (9272/10000)
Train epoch: 202 | Loss: *0.008* | Acc: *99.908%* (49954/50000) 
Test epoch: 202 | Loss: *0.295* | Acc: *92.770%* (9277/10000)
Train epoch: 203 | Loss: *0.008* | Acc: *99.930%* (49965/50000) 
Test epoch: 203 | Loss: *0.295* | Acc: *92.740%* (9274/10000)
Train epoch: 204 | Loss: *0.008* | Acc: *99.932%* (49966/50000) 
Test epoch: 204 | Loss: *0.295* | Acc: *92.690%* (9269/10000)
Train epoch: 205 | Loss: *0.007* | Acc: *99.934%* (49967/50000) 
Test epoch: 205 | Loss: *0.294* | Acc: *92.720%* (9272/10000)
Train epoch: 206 | Loss: *0.008* | Acc: *99.912%* (49956/50000) 
Test epoch: 206 | Loss: *0.292* | Acc: *92.740%* (9274/10000)
Train epoch: 207 | Loss: *0.008* | Acc: *99.934%* (49967/50000) 
Test epoch: 207 | Loss: *0.296* | Acc: *92.710%* (9271/10000)
Train epoch: 208 | Loss: *0.008* | Acc: *99.920%* (49960/50000) 
Test epoch: 208 | Loss: *0.295* | Acc: *92.650%* (9265/10000)
Train epoch: 209 | Loss: *0.008* | Acc: *99.934%* (49967/50000) 
Test epoch: 209 | Loss: *0.295* | Acc: *92.710%* (9271/10000)
Train epoch: 210 | Loss: *0.007* | Acc: *99.948%* (49974/50000) 
Test epoch: 210 | Loss: *0.295* | Acc: *92.700%* (9270/10000)
Train epoch: 211 | Loss: *0.008* | Acc: *99.926%* (49963/50000) 
Test epoch: 211 | Loss: *0.295* | Acc: *92.760%* (9276/10000)
Train epoch: 212 | Loss: *0.008* | Acc: *99.930%* (49965/50000) 
Test epoch: 212 | Loss: *0.296* | Acc: *92.780%* (9278/10000)
Train epoch: 213 | Loss: *0.008* | Acc: *99.930%* (49965/50000) 
Test epoch: 213 | Loss: *0.294* | Acc: *92.680%* (9268/10000)
Train epoch: 214 | Loss: *0.008* | Acc: *99.934%* (49967/50000) 
Test epoch: 214 | Loss: *0.298* | Acc: *92.610%* (9261/10000)
Train epoch: 215 | Loss: *0.008* | Acc: *99.924%* (49962/50000) 
Test epoch: 215 | Loss: *0.296* | Acc: *92.630%* (9263/10000)
Train epoch: 216 | Loss: *0.008* | Acc: *99.934%* (49967/50000) 
Test epoch: 216 | Loss: *0.295* | Acc: *92.880%* (9288/10000)
Train epoch: 217 | Loss: *0.008* | Acc: *99.916%* (49958/50000) 
Test epoch: 217 | Loss: *0.298* | Acc: *92.710%* (9271/10000)
Train epoch: 218 | Loss: *0.009* | Acc: *99.896%* (49948/50000) 
Test epoch: 218 | Loss: *0.296* | Acc: *92.600%* (9260/10000)
Train epoch: 219 | Loss: *0.008* | Acc: *99.926%* (49963/50000) 
Test epoch: 219 | Loss: *0.296* | Acc: *92.780%* (9278/10000)
Train epoch: 220 | Loss: *0.009* | Acc: *99.910%* (49955/50000) 
Test epoch: 220 | Loss: *0.297* | Acc: *92.640%* (9264/10000)
Train epoch: 221 | Loss: *0.008* | Acc: *99.922%* (49961/50000) 
Test epoch: 221 | Loss: *0.296* | Acc: *92.510%* (9251/10000)
Train epoch: 222 | Loss: *0.009* | Acc: *99.878%* (49939/50000) 
Test epoch: 222 | Loss: *0.305* | Acc: *92.640%* (9264/10000)
Train epoch: 223 | Loss: *0.009* | Acc: *99.920%* (49960/50000) 
Test epoch: 223 | Loss: *0.302* | Acc: *92.520%* (9252/10000)
Train epoch: 224 | Loss: *0.010* | Acc: *99.864%* (49932/50000) 
Test epoch: 224 | Loss: *0.305* | Acc: *92.500%* (9250/10000)
Train epoch: 225 | Loss: *0.009* | Acc: *99.894%* (49947/50000) 
Test epoch: 225 | Loss: *0.303* | Acc: *92.590%* (9259/10000)
Train epoch: 226 | Loss: *0.010* | Acc: *99.874%* (49937/50000) 
Test epoch: 226 | Loss: *0.305* | Acc: *92.660%* (9266/10000)
Train epoch: 227 | Loss: *0.010* | Acc: *99.860%* (49930/50000) 
Test epoch: 227 | Loss: *0.309* | Acc: *92.340%* (9234/10000)
Train epoch: 228 | Loss: *0.011* | Acc: *99.860%* (49930/50000) 
Test epoch: 228 | Loss: *0.309* | Acc: *92.200%* (9220/10000)
Train epoch: 229 | Loss: *0.011* | Acc: *99.832%* (49916/50000) 
Test epoch: 229 | Loss: *0.312* | Acc: *92.200%* (9220/10000)
Train epoch: 230 | Loss: *0.011* | Acc: *99.822%* (49911/50000) 
Test epoch: 230 | Loss: *0.315* | Acc: *92.290%* (9229/10000)
Train epoch: 231 | Loss: *0.011* | Acc: *99.854%* (49927/50000) 
Test epoch: 231 | Loss: *0.313* | Acc: *92.250%* (9225/10000)
Train epoch: 232 | Loss: *0.012* | Acc: *99.826%* (49913/50000) 
Test epoch: 232 | Loss: *0.308* | Acc: *92.530%* (9253/10000)
Train epoch: 233 | Loss: *0.013* | Acc: *99.748%* (49874/50000) 
Test epoch: 233 | Loss: *0.320* | Acc: *92.260%* (9226/10000)
Train epoch: 234 | Loss: *0.016* | Acc: *99.668%* (49834/50000) 
Test epoch: 234 | Loss: *0.316* | Acc: *92.140%* (9214/10000)
Train epoch: 235 | Loss: *0.016* | Acc: *99.680%* (49840/50000) 
Test epoch: 235 | Loss: *0.317* | Acc: *92.320%* (9232/10000)
Train epoch: 236 | Loss: *0.015* | Acc: *99.714%* (49857/50000) 
Test epoch: 236 | Loss: *0.324* | Acc: *92.260%* (9226/10000)
Train epoch: 237 | Loss: *0.016* | Acc: *99.692%* (49846/50000) 
Test epoch: 237 | Loss: *0.327* | Acc: *92.430%* (9243/10000)
Train epoch: 238 | Loss: *0.018* | Acc: *99.596%* (49798/50000) 
Test epoch: 238 | Loss: *0.354* | Acc: *91.850%* (9185/10000)
Train epoch: 239 | Loss: *0.020* | Acc: *99.544%* (49772/50000) 
Test epoch: 239 | Loss: *0.323* | Acc: *92.190%* (9219/10000)
Train epoch: 240 | Loss: *0.020* | Acc: *99.518%* (49759/50000) 
Test epoch: 240 | Loss: *0.328* | Acc: *92.060%* (9206/10000)
Train epoch: 241 | Loss: *0.020* | Acc: *99.546%* (49773/50000) 
Test epoch: 241 | Loss: *0.335* | Acc: *92.070%* (9207/10000)
Train epoch: 242 | Loss: *0.021* | Acc: *99.504%* (49752/50000) 
Test epoch: 242 | Loss: *0.336* | Acc: *92.010%* (9201/10000)
Train epoch: 243 | Loss: *0.024* | Acc: *99.380%* (49690/50000) 
Test epoch: 243 | Loss: *0.345* | Acc: *91.730%* (9173/10000)
Train epoch: 244 | Loss: *0.024* | Acc: *99.384%* (49692/50000) 
Test epoch: 244 | Loss: *0.337* | Acc: *92.030%* (9203/10000)
Train epoch: 245 | Loss: *0.027* | Acc: *99.264%* (49632/50000) 
Test epoch: 245 | Loss: *0.345* | Acc: *91.920%* (9192/10000)
Train epoch: 246 | Loss: *0.028* | Acc: *99.236%* (49618/50000) 
Test epoch: 246 | Loss: *0.339* | Acc: *91.560%* (9156/10000)
Train epoch: 247 | Loss: *0.028* | Acc: *99.232%* (49616/50000) 
Test epoch: 247 | Loss: *0.347* | Acc: *91.900%* (9190/10000)
Train epoch: 248 | Loss: *0.034* | Acc: *98.986%* (49493/50000) 
Test epoch: 248 | Loss: *0.356* | Acc: *91.510%* (9151/10000)
Train epoch: 249 | Loss: *0.032* | Acc: *99.056%* (49528/50000) 
Test epoch: 249 | Loss: *0.362* | Acc: *91.430%* (9143/10000)
Train epoch: 250 | Loss: *0.031* | Acc: *99.096%* (49548/50000) 
Test epoch: 250 | Loss: *0.339* | Acc: *91.820%* (9182/10000)
Train epoch: 251 | Loss: *0.033* | Acc: *99.028%* (49514/50000) 
Test epoch: 251 | Loss: *0.335* | Acc: *91.720%* (9172/10000)
Train epoch: 252 | Loss: *0.038* | Acc: *98.810%* (49405/50000) 
Test epoch: 252 | Loss: *0.362* | Acc: *91.010%* (9101/10000)
Train epoch: 253 | Loss: *0.040* | Acc: *98.748%* (49374/50000) 
Test epoch: 253 | Loss: *0.367* | Acc: *91.390%* (9139/10000)
Train epoch: 254 | Loss: *0.038* | Acc: *98.824%* (49412/50000) 
Test epoch: 254 | Loss: *0.354* | Acc: *91.220%* (9122/10000)
Train epoch: 255 | Loss: *0.039* | Acc: *98.848%* (49424/50000) 
Test epoch: 255 | Loss: *0.359* | Acc: *91.380%* (9138/10000)
Train epoch: 256 | Loss: *0.043* | Acc: *98.650%* (49325/50000) 
Test epoch: 256 | Loss: *0.345* | Acc: *91.530%* (9153/10000)
Train epoch: 257 | Loss: *0.045* | Acc: *98.572%* (49286/50000) 
Test epoch: 257 | Loss: *0.375* | Acc: *90.910%* (9091/10000)
Train epoch: 258 | Loss: *0.049* | Acc: *98.490%* (49245/50000) 
Test epoch: 258 | Loss: *0.390* | Acc: *90.450%* (9045/10000)
Train epoch: 259 | Loss: *0.049* | Acc: *98.422%* (49211/50000) 
Test epoch: 259 | Loss: *0.381* | Acc: *90.670%* (9067/10000)
Train epoch: 260 | Loss: *0.049* | Acc: *98.428%* (49214/50000) 
Test epoch: 260 | Loss: *0.341* | Acc: *91.220%* (9122/10000)
Train epoch: 261 | Loss: *0.050* | Acc: *98.380%* (49190/50000) 
Test epoch: 261 | Loss: *0.377* | Acc: *90.810%* (9081/10000)
Train epoch: 262 | Loss: *0.053* | Acc: *98.260%* (49130/50000) 
Test epoch: 262 | Loss: *0.346* | Acc: *90.980%* (9098/10000)
Train epoch: 263 | Loss: *0.056* | Acc: *98.180%* (49090/50000) 
Test epoch: 263 | Loss: *0.359* | Acc: *90.820%* (9082/10000)
Train epoch: 264 | Loss: *0.054* | Acc: *98.256%* (49128/50000) 
Test epoch: 264 | Loss: *0.359* | Acc: *90.880%* (9088/10000)
Train epoch: 265 | Loss: *0.061* | Acc: *97.948%* (48974/50000) 
Test epoch: 265 | Loss: *0.371* | Acc: *90.800%* (9080/10000)
Train epoch: 266 | Loss: *0.060* | Acc: *98.076%* (49038/50000) 
Test epoch: 266 | Loss: *0.376* | Acc: *90.570%* (9057/10000)
Train epoch: 267 | Loss: *0.064* | Acc: *97.868%* (48934/50000) 
Test epoch: 267 | Loss: *0.358* | Acc: *90.570%* (9057/10000)
Train epoch: 268 | Loss: *0.063* | Acc: *97.952%* (48976/50000) 
Test epoch: 268 | Loss: *0.350* | Acc: *90.860%* (9086/10000)
Train epoch: 269 | Loss: *0.065* | Acc: *97.792%* (48896/50000) 
Test epoch: 269 | Loss: *0.366* | Acc: *90.370%* (9037/10000)
Train epoch: 270 | Loss: *0.066* | Acc: *97.816%* (48908/50000) 
Test epoch: 270 | Loss: *0.357* | Acc: *90.550%* (9055/10000)
Train epoch: 271 | Loss: *0.073* | Acc: *97.514%* (48757/50000) 
Test epoch: 271 | Loss: *0.355* | Acc: *90.930%* (9093/10000)
Train epoch: 272 | Loss: *0.072* | Acc: *97.528%* (48764/50000) 
Test epoch: 272 | Loss: *0.348* | Acc: *90.670%* (9067/10000)
Train epoch: 273 | Loss: *0.066* | Acc: *97.808%* (48904/50000) 
Test epoch: 273 | Loss: *0.380* | Acc: *90.010%* (9001/10000)
Train epoch: 274 | Loss: *0.077* | Acc: *97.314%* (48657/50000) 
Test epoch: 274 | Loss: *0.351* | Acc: *90.910%* (9091/10000)
Train epoch: 275 | Loss: *0.074* | Acc: *97.466%* (48733/50000) 
Test epoch: 275 | Loss: *0.379* | Acc: *90.070%* (9007/10000)
Train epoch: 276 | Loss: *0.078* | Acc: *97.380%* (48690/50000) 
Test epoch: 276 | Loss: *0.360* | Acc: *90.530%* (9053/10000)
Train epoch: 277 | Loss: *0.080* | Acc: *97.354%* (48677/50000) 
Test epoch: 277 | Loss: *0.355* | Acc: *90.680%* (9068/10000)
Train epoch: 278 | Loss: *0.079* | Acc: *97.424%* (48712/50000) 
Test epoch: 278 | Loss: *0.358* | Acc: *90.500%* (9050/10000)
Train epoch: 279 | Loss: *0.084* | Acc: *97.158%* (48579/50000) 
Test epoch: 279 | Loss: *0.425* | Acc: *89.630%* (8963/10000)
Train epoch: 280 | Loss: *0.085* | Acc: *97.140%* (48570/50000) 
Test epoch: 280 | Loss: *0.385* | Acc: *90.110%* (9011/10000)
Train epoch: 281 | Loss: *0.085* | Acc: *97.104%* (48552/50000) 
Test epoch: 281 | Loss: *0.356* | Acc: *90.440%* (9044/10000)
Train epoch: 282 | Loss: *0.091* | Acc: *96.918%* (48459/50000) 
Test epoch: 282 | Loss: *0.352* | Acc: *90.410%* (9041/10000)
Train epoch: 283 | Loss: *0.088* | Acc: *96.988%* (48494/50000) 
Test epoch: 283 | Loss: *0.366* | Acc: *90.320%* (9032/10000)
Train epoch: 284 | Loss: *0.088* | Acc: *97.000%* (48500/50000) 
Test epoch: 284 | Loss: *0.345* | Acc: *90.480%* (9048/10000)
Train epoch: 285 | Loss: *0.093* | Acc: *96.816%* (48408/50000) 
Test epoch: 285 | Loss: *0.355* | Acc: *90.360%* (9036/10000)
Train epoch: 286 | Loss: *0.095* | Acc: *96.868%* (48434/50000) 
Test epoch: 286 | Loss: *0.357* | Acc: *90.210%* (9021/10000)
Train epoch: 287 | Loss: *0.092* | Acc: *96.948%* (48474/50000) 
Test epoch: 287 | Loss: *0.366* | Acc: *90.050%* (9005/10000)
Train epoch: 288 | Loss: *0.097* | Acc: *96.730%* (48365/50000) 
Test epoch: 288 | Loss: *0.361* | Acc: *90.270%* (9027/10000)
Train epoch: 289 | Loss: *0.101* | Acc: *96.590%* (48295/50000) 
Test epoch: 289 | Loss: *0.333* | Acc: *90.600%* (9060/10000)
Train epoch: 290 | Loss: *0.097* | Acc: *96.710%* (48355/50000) 
Test epoch: 290 | Loss: *0.332* | Acc: *90.840%* (9084/10000)
Train epoch: 291 | Loss: *0.097* | Acc: *96.664%* (48332/50000) 
Test epoch: 291 | Loss: *0.343* | Acc: *90.590%* (9059/10000)
Train epoch: 292 | Loss: *0.097* | Acc: *96.690%* (48345/50000) 
Test epoch: 292 | Loss: *0.355* | Acc: *90.080%* (9008/10000)
Train epoch: 293 | Loss: *0.110* | Acc: *96.274%* (48137/50000) 
Test epoch: 293 | Loss: *0.336* | Acc: *90.450%* (9045/10000)
Train epoch: 294 | Loss: *0.105* | Acc: *96.390%* (48195/50000) 
Test epoch: 294 | Loss: *0.409* | Acc: *89.350%* (8935/10000)
Train epoch: 295 | Loss: *0.107* | Acc: *96.426%* (48213/50000) 
Test epoch: 295 | Loss: *0.340* | Acc: *90.470%* (9047/10000)
Train epoch: 296 | Loss: *0.108* | Acc: *96.330%* (48165/50000) 
Test epoch: 296 | Loss: *0.363* | Acc: *89.750%* (8975/10000)
Train epoch: 297 | Loss: *0.108* | Acc: *96.342%* (48171/50000) 
Test epoch: 297 | Loss: *0.379* | Acc: *89.460%* (8946/10000)
Train epoch: 298 | Loss: *0.110* | Acc: *96.204%* (48102/50000) 
Test epoch: 298 | Loss: *0.345* | Acc: *90.140%* (9014/10000)
Train epoch: 299 | Loss: *0.112* | Acc: *96.196%* (48098/50000) 
Test epoch: 299 | Loss: *0.338* | Acc: *90.500%* (9050/10000)
Train epoch: 300 | Loss: *0.111* | Acc: *96.114%* (48057/50000) 
Test epoch: 300 | Loss: *0.355* | Acc: *89.690%* (8969/10000)
Train epoch: 301 | Loss: *0.111* | Acc: *96.288%* (48144/50000) 
Test epoch: 301 | Loss: *0.349* | Acc: *90.230%* (9023/10000)
Train epoch: 302 | Loss: *0.116* | Acc: *95.964%* (47982/50000) 
Test epoch: 302 | Loss: *0.438* | Acc: *88.320%* (8832/10000)
Train epoch: 303 | Loss: *0.120* | Acc: *95.864%* (47932/50000) 
Test epoch: 303 | Loss: *0.383* | Acc: *89.370%* (8937/10000)
Train epoch: 304 | Loss: *0.120* | Acc: *95.944%* (47972/50000) 
Test epoch: 304 | Loss: *0.368* | Acc: *89.620%* (8962/10000)
Train epoch: 305 | Loss: *0.117* | Acc: *95.902%* (47951/50000) 
Test epoch: 305 | Loss: *0.331* | Acc: *90.210%* (9021/10000)
Train epoch: 306 | Loss: *0.119* | Acc: *95.992%* (47996/50000) 
Test epoch: 306 | Loss: *0.379* | Acc: *89.150%* (8915/10000)
Train epoch: 307 | Loss: *0.119* | Acc: *95.924%* (47962/50000) 
Test epoch: 307 | Loss: *0.364* | Acc: *89.810%* (8981/10000)
Train epoch: 308 | Loss: *0.124* | Acc: *95.712%* (47856/50000) 
Test epoch: 308 | Loss: *0.347* | Acc: *89.940%* (8994/10000)
Train epoch: 309 | Loss: *0.120* | Acc: *95.944%* (47972/50000) 
Test epoch: 309 | Loss: *0.426* | Acc: *88.430%* (8843/10000)
Train epoch: 310 | Loss: *0.129* | Acc: *95.540%* (47770/50000) 
Test epoch: 310 | Loss: *0.375* | Acc: *89.400%* (8940/10000)
Train epoch: 311 | Loss: *0.125* | Acc: *95.688%* (47844/50000) 
Test epoch: 311 | Loss: *0.343* | Acc: *90.250%* (9025/10000)
Train epoch: 312 | Loss: *0.124* | Acc: *95.762%* (47881/50000) 
Test epoch: 312 | Loss: *0.393* | Acc: *88.860%* (8886/10000)
Train epoch: 313 | Loss: *0.130* | Acc: *95.580%* (47790/50000) 
Test epoch: 313 | Loss: *0.346* | Acc: *89.750%* (8975/10000)
Train epoch: 314 | Loss: *0.132* | Acc: *95.450%* (47725/50000) 
Test epoch: 314 | Loss: *0.356* | Acc: *89.730%* (8973/10000)
Train epoch: 315 | Loss: *0.128* | Acc: *95.652%* (47826/50000) 
Test epoch: 315 | Loss: *0.335* | Acc: *89.940%* (8994/10000)
Train epoch: 316 | Loss: *0.132* | Acc: *95.474%* (47737/50000) 
Test epoch: 316 | Loss: *0.364* | Acc: *89.480%* (8948/10000)
Train epoch: 317 | Loss: *0.134* | Acc: *95.438%* (47719/50000) 
Test epoch: 317 | Loss: *0.369* | Acc: *89.470%* (8947/10000)
Train epoch: 318 | Loss: *0.138* | Acc: *95.252%* (47626/50000) 
Test epoch: 318 | Loss: *0.345* | Acc: *89.530%* (8953/10000)
Train epoch: 319 | Loss: *0.138* | Acc: *95.178%* (47589/50000) 
Test epoch: 319 | Loss: *0.372* | Acc: *89.450%* (8945/10000)
Train epoch: 320 | Loss: *0.137* | Acc: *95.350%* (47675/50000) 
Test epoch: 320 | Loss: *0.347* | Acc: *90.240%* (9024/10000)
Train epoch: 321 | Loss: *0.135* | Acc: *95.356%* (47678/50000) 
Test epoch: 321 | Loss: *0.380* | Acc: *89.160%* (8916/10000)
Train epoch: 322 | Loss: *0.140* | Acc: *95.108%* (47554/50000) 
Test epoch: 322 | Loss: *0.396* | Acc: *89.100%* (8910/10000)
Train epoch: 323 | Loss: *0.143* | Acc: *95.160%* (47580/50000) 
Test epoch: 323 | Loss: *0.405* | Acc: *88.240%* (8824/10000)
Train epoch: 324 | Loss: *0.142* | Acc: *95.022%* (47511/50000) 
Test epoch: 324 | Loss: *0.367* | Acc: *89.100%* (8910/10000)
Train epoch: 325 | Loss: *0.144* | Acc: *95.018%* (47509/50000) 
Test epoch: 325 | Loss: *0.385* | Acc: *88.870%* (8887/10000)
Train epoch: 326 | Loss: *0.144* | Acc: *95.040%* (47520/50000) 
Test epoch: 326 | Loss: *0.353* | Acc: *89.680%* (8968/10000)
Train epoch: 327 | Loss: *0.148* | Acc: *94.910%* (47455/50000) 
Test epoch: 327 | Loss: *0.358* | Acc: *89.360%* (8936/10000)
Train epoch: 328 | Loss: *0.143* | Acc: *95.098%* (47549/50000) 
Test epoch: 328 | Loss: *0.367* | Acc: *89.230%* (8923/10000)
Train epoch: 329 | Loss: *0.150* | Acc: *94.812%* (47406/50000) 
Test epoch: 329 | Loss: *0.326* | Acc: *90.310%* (9031/10000)
Train epoch: 330 | Loss: *0.149* | Acc: *94.920%* (47460/50000) 
Test epoch: 330 | Loss: *0.371* | Acc: *88.960%* (8896/10000)
Train epoch: 331 | Loss: *0.148* | Acc: *94.898%* (47449/50000) 
Test epoch: 331 | Loss: *0.359* | Acc: *89.610%* (8961/10000)
Train epoch: 332 | Loss: *0.152* | Acc: *94.700%* (47350/50000) 
Test epoch: 332 | Loss: *0.392* | Acc: *88.910%* (8891/10000)
Train epoch: 333 | Loss: *0.153* | Acc: *94.814%* (47407/50000) 
Test epoch: 333 | Loss: *0.380* | Acc: *88.970%* (8897/10000)
Train epoch: 334 | Loss: *0.156* | Acc: *94.578%* (47289/50000) 
Test epoch: 334 | Loss: *0.396* | Acc: *88.710%* (8871/10000)
Train epoch: 335 | Loss: *0.152* | Acc: *94.752%* (47376/50000) 
Test epoch: 335 | Loss: *0.366* | Acc: *89.250%* (8925/10000)
Train epoch: 336 | Loss: *0.154* | Acc: *94.624%* (47312/50000) 
Test epoch: 336 | Loss: *0.365* | Acc: *89.250%* (8925/10000)
Train epoch: 337 | Loss: *0.159* | Acc: *94.522%* (47261/50000) 
Test epoch: 337 | Loss: *0.393* | Acc: *88.550%* (8855/10000)
Train epoch: 338 | Loss: *0.159* | Acc: *94.552%* (47276/50000) 
Test epoch: 338 | Loss: *0.401* | Acc: *87.900%* (8790/10000)
Train epoch: 339 | Loss: *0.159* | Acc: *94.534%* (47267/50000) 
Test epoch: 339 | Loss: *0.372* | Acc: *89.180%* (8918/10000)
Train epoch: 340 | Loss: *0.159* | Acc: *94.480%* (47240/50000) 
Test epoch: 340 | Loss: *0.370* | Acc: *89.470%* (8947/10000)
Train epoch: 341 | Loss: *0.159* | Acc: *94.422%* (47211/50000) 
Test epoch: 341 | Loss: *0.391* | Acc: *88.480%* (8848/10000)
Train epoch: 342 | Loss: *0.164* | Acc: *94.374%* (47187/50000) 
Test epoch: 342 | Loss: *0.338* | Acc: *89.680%* (8968/10000)
Train epoch: 343 | Loss: *0.162* | Acc: *94.408%* (47204/50000) 
Test epoch: 343 | Loss: *0.390* | Acc: *88.440%* (8844/10000)
Train epoch: 344 | Loss: *0.163* | Acc: *94.356%* (47178/50000) 
Test epoch: 344 | Loss: *0.386* | Acc: *88.550%* (8855/10000)
Train epoch: 345 | Loss: *0.164* | Acc: *94.450%* (47225/50000) 
Test epoch: 345 | Loss: *0.354* | Acc: *89.560%* (8956/10000)
Train epoch: 346 | Loss: *0.173* | Acc: *94.042%* (47021/50000) 
Test epoch: 346 | Loss: *0.345* | Acc: *89.600%* (8960/10000)
Train epoch: 347 | Loss: *0.168* | Acc: *94.174%* (47087/50000) 
Test epoch: 347 | Loss: *0.361* | Acc: *89.030%* (8903/10000)
Train epoch: 348 | Loss: *0.168* | Acc: *94.248%* (47124/50000) 
Test epoch: 348 | Loss: *0.363* | Acc: *89.110%* (8911/10000)
Train epoch: 349 | Loss: *0.162* | Acc: *94.414%* (47207/50000) 
Test epoch: 349 | Loss: *0.366* | Acc: *89.110%* (8911/10000)
Train epoch: 350 | Loss: *0.176* | Acc: *94.026%* (47013/50000) 
Test epoch: 350 | Loss: *0.382* | Acc: *88.420%* (8842/10000)
Train epoch: 351 | Loss: *0.171* | Acc: *94.134%* (47067/50000) 
Test epoch: 351 | Loss: *0.386* | Acc: *88.510%* (8851/10000)
Train epoch: 352 | Loss: *0.169* | Acc: *94.148%* (47074/50000) 
Test epoch: 352 | Loss: *0.350* | Acc: *89.210%* (8921/10000)
Train epoch: 353 | Loss: *0.170* | Acc: *94.072%* (47036/50000) 
Test epoch: 353 | Loss: *0.371* | Acc: *88.780%* (8878/10000)
Train epoch: 354 | Loss: *0.175* | Acc: *93.928%* (46964/50000) 
Test epoch: 354 | Loss: *0.420* | Acc: *87.770%* (8777/10000)
Train epoch: 355 | Loss: *0.175* | Acc: *93.942%* (46971/50000) 
Test epoch: 355 | Loss: *0.390* | Acc: *88.200%* (8820/10000)
Train epoch: 356 | Loss: *0.176* | Acc: *93.934%* (46967/50000) 
Test epoch: 356 | Loss: *0.385* | Acc: *88.160%* (8816/10000)
Train epoch: 357 | Loss: *0.171* | Acc: *94.056%* (47028/50000) 
Test epoch: 357 | Loss: *0.359* | Acc: *89.110%* (8911/10000)
Train epoch: 358 | Loss: *0.176* | Acc: *93.938%* (46969/50000) 
Test epoch: 358 | Loss: *0.383* | Acc: *88.720%* (8872/10000)
Train epoch: 359 | Loss: *0.177* | Acc: *93.858%* (46929/50000) 
Test epoch: 359 | Loss: *0.341* | Acc: *89.190%* (8919/10000)
Train epoch: 360 | Loss: *0.179* | Acc: *93.590%* (46795/50000) 
Test epoch: 360 | Loss: *0.373* | Acc: *88.230%* (8823/10000)
Train epoch: 361 | Loss: *0.175* | Acc: *93.964%* (46982/50000) 
Test epoch: 361 | Loss: *0.354* | Acc: *89.280%* (8928/10000)
Train epoch: 362 | Loss: *0.176* | Acc: *93.982%* (46991/50000) 
Test epoch: 362 | Loss: *0.394* | Acc: *88.450%* (8845/10000)
Train epoch: 363 | Loss: *0.178* | Acc: *93.864%* (46932/50000) 
Test epoch: 363 | Loss: *0.384* | Acc: *88.410%* (8841/10000)
Train epoch: 364 | Loss: *0.183* | Acc: *93.630%* (46815/50000) 
Test epoch: 364 | Loss: *0.340* | Acc: *89.780%* (8978/10000)
Train epoch: 365 | Loss: *0.179* | Acc: *93.884%* (46942/50000) 
Test epoch: 365 | Loss: *0.356* | Acc: *89.070%* (8907/10000)
Train epoch: 366 | Loss: *0.178* | Acc: *93.854%* (46927/50000) 
Test epoch: 366 | Loss: *0.391* | Acc: *88.190%* (8819/10000)
Train epoch: 367 | Loss: *0.184* | Acc: *93.692%* (46846/50000) 
Test epoch: 367 | Loss: *0.381* | Acc: *88.140%* (8814/10000)
Train epoch: 368 | Loss: *0.183* | Acc: *93.652%* (46826/50000) 
Test epoch: 368 | Loss: *0.371* | Acc: *88.610%* (8861/10000)
Train epoch: 369 | Loss: *0.184* | Acc: *93.684%* (46842/50000) 
Test epoch: 369 | Loss: *0.381* | Acc: *88.750%* (8875/10000)
Train epoch: 370 | Loss: *0.183* | Acc: *93.698%* (46849/50000) 
Test epoch: 370 | Loss: *0.351* | Acc: *89.580%* (8958/10000)
Train epoch: 371 | Loss: *0.186* | Acc: *93.474%* (46737/50000) 
Test epoch: 371 | Loss: *0.382* | Acc: *88.310%* (8831/10000)
Train epoch: 372 | Loss: *0.187* | Acc: *93.516%* (46758/50000) 
Test epoch: 372 | Loss: *0.342* | Acc: *89.220%* (8922/10000)
Train epoch: 373 | Loss: *0.185* | Acc: *93.756%* (46878/50000) 
Test epoch: 373 | Loss: *0.352* | Acc: *89.110%* (8911/10000)
Train epoch: 374 | Loss: *0.181* | Acc: *93.758%* (46879/50000) 
Test epoch: 374 | Loss: *0.370* | Acc: *88.870%* (8887/10000)
Train epoch: 375 | Loss: *0.188* | Acc: *93.508%* (46754/50000) 
Test epoch: 375 | Loss: *0.353* | Acc: *88.930%* (8893/10000)
Train epoch: 376 | Loss: *0.190* | Acc: *93.462%* (46731/50000) 
Test epoch: 376 | Loss: *0.385* | Acc: *88.440%* (8844/10000)
Train epoch: 377 | Loss: *0.188* | Acc: *93.594%* (46797/50000) 
Test epoch: 377 | Loss: *0.379* | Acc: *88.110%* (8811/10000)
Train epoch: 378 | Loss: *0.189* | Acc: *93.502%* (46751/50000) 
Test epoch: 378 | Loss: *0.377* | Acc: *88.010%* (8801/10000)
Train epoch: 379 | Loss: *0.188* | Acc: *93.578%* (46789/50000) 
Test epoch: 379 | Loss: *0.359* | Acc: *89.060%* (8906/10000)
Train epoch: 380 | Loss: *0.190* | Acc: *93.446%* (46723/50000) 
Test epoch: 380 | Loss: *0.380* | Acc: *88.380%* (8838/10000)
Train epoch: 381 | Loss: *0.188* | Acc: *93.576%* (46788/50000) 
Test epoch: 381 | Loss: *0.343* | Acc: *89.680%* (8968/10000)
Train epoch: 382 | Loss: *0.189* | Acc: *93.390%* (46695/50000) 
Test epoch: 382 | Loss: *0.417* | Acc: *87.240%* (8724/10000)
Train epoch: 383 | Loss: *0.188* | Acc: *93.538%* (46769/50000) 
Test epoch: 383 | Loss: *0.345* | Acc: *89.210%* (8921/10000)
Train epoch: 384 | Loss: *0.193* | Acc: *93.290%* (46645/50000) 
Test epoch: 384 | Loss: *0.374* | Acc: *88.470%* (8847/10000)
Train epoch: 385 | Loss: *0.189* | Acc: *93.510%* (46755/50000) 
Test epoch: 385 | Loss: *0.379* | Acc: *88.610%* (8861/10000)
Train epoch: 386 | Loss: *0.191* | Acc: *93.370%* (46685/50000) 
Test epoch: 386 | Loss: *0.454* | Acc: *87.190%* (8719/10000)
Train epoch: 387 | Loss: *0.196* | Acc: *93.186%* (46593/50000) 
Test epoch: 387 | Loss: *0.334* | Acc: *89.370%* (8937/10000)
Train epoch: 388 | Loss: *0.194* | Acc: *93.346%* (46673/50000) 
Test epoch: 388 | Loss: *0.360* | Acc: *88.890%* (8889/10000)
Train epoch: 389 | Loss: *0.195* | Acc: *93.178%* (46589/50000) 
Test epoch: 389 | Loss: *0.358* | Acc: *88.790%* (8879/10000)
Train epoch: 390 | Loss: *0.191* | Acc: *93.406%* (46703/50000) 
Test epoch: 390 | Loss: *0.343* | Acc: *89.280%* (8928/10000)
Train epoch: 391 | Loss: *0.186* | Acc: *93.662%* (46831/50000) 
Test epoch: 391 | Loss: *0.398* | Acc: *87.440%* (8744/10000)
Train epoch: 392 | Loss: *0.192* | Acc: *93.440%* (46720/50000) 
Test epoch: 392 | Loss: *0.421* | Acc: *87.670%* (8767/10000)
Train epoch: 393 | Loss: *0.191* | Acc: *93.364%* (46682/50000) 
Test epoch: 393 | Loss: *0.352* | Acc: *88.960%* (8896/10000)
Train epoch: 394 | Loss: *0.196* | Acc: *93.136%* (46568/50000) 
Test epoch: 394 | Loss: *0.435* | Acc: *87.140%* (8714/10000)
Train epoch: 395 | Loss: *0.191* | Acc: *93.406%* (46703/50000) 
Test epoch: 395 | Loss: *0.382* | Acc: *88.390%* (8839/10000)
Train epoch: 396 | Loss: *0.191* | Acc: *93.302%* (46651/50000) 
Test epoch: 396 | Loss: *0.351* | Acc: *88.800%* (8880/10000)
Train epoch: 397 | Loss: *0.194* | Acc: *93.256%* (46628/50000) 
Test epoch: 397 | Loss: *0.363* | Acc: *88.870%* (8887/10000)
Train epoch: 398 | Loss: *0.194* | Acc: *93.158%* (46579/50000) 
Test epoch: 398 | Loss: *0.386* | Acc: *88.000%* (8800/10000)
Train epoch: 399 | Loss: *0.190* | Acc: *93.432%* (46716/50000) 
Test epoch: 399 | Loss: *0.385* | Acc: *88.680%* (8868/10000)
Train epoch: 400 | Loss: *0.189* | Acc: *93.532%* (46766/50000) 
Test epoch: 400 | Loss: *0.361* | Acc: *89.150%* (8915/10000)
Train epoch: 401 | Loss: *0.192* | Acc: *93.392%* (46696/50000) 
Test epoch: 401 | Loss: *0.397* | Acc: *88.230%* (8823/10000)
Train epoch: 402 | Loss: *0.190* | Acc: *93.518%* (46759/50000) 
Test epoch: 402 | Loss: *0.363* | Acc: *89.190%* (8919/10000)
Train epoch: 403 | Loss: *0.191* | Acc: *93.364%* (46682/50000) 
Test epoch: 403 | Loss: *0.385* | Acc: *88.290%* (8829/10000)
Train epoch: 404 | Loss: *0.195* | Acc: *93.252%* (46626/50000) 
Test epoch: 404 | Loss: *0.312* | Acc: *90.290%* (9029/10000)
Train epoch: 405 | Loss: *0.189* | Acc: *93.472%* (46736/50000) 
Test epoch: 405 | Loss: *0.331* | Acc: *90.140%* (9014/10000)
Train epoch: 406 | Loss: *0.191* | Acc: *93.352%* (46676/50000) 
Test epoch: 406 | Loss: *0.367* | Acc: *88.950%* (8895/10000)
Train epoch: 407 | Loss: *0.190* | Acc: *93.466%* (46733/50000) 
Test epoch: 407 | Loss: *0.406* | Acc: *88.070%* (8807/10000)
Train epoch: 408 | Loss: *0.191* | Acc: *93.514%* (46757/50000) 
Test epoch: 408 | Loss: *0.385* | Acc: *88.370%* (8837/10000)
Train epoch: 409 | Loss: *0.189* | Acc: *93.444%* (46722/50000) 
Test epoch: 409 | Loss: *0.402* | Acc: *87.880%* (8788/10000)
Train epoch: 410 | Loss: *0.189* | Acc: *93.374%* (46687/50000) 
Test epoch: 410 | Loss: *0.342* | Acc: *89.310%* (8931/10000)
Train epoch: 411 | Loss: *0.192* | Acc: *93.294%* (46647/50000) 
Test epoch: 411 | Loss: *0.346* | Acc: *89.100%* (8910/10000)
Train epoch: 412 | Loss: *0.191* | Acc: *93.426%* (46713/50000) 
Test epoch: 412 | Loss: *0.327* | Acc: *89.880%* (8988/10000)
Train epoch: 413 | Loss: *0.190* | Acc: *93.468%* (46734/50000) 
Test epoch: 413 | Loss: *0.374* | Acc: *88.550%* (8855/10000)
Train epoch: 414 | Loss: *0.187* | Acc: *93.458%* (46729/50000) 
Test epoch: 414 | Loss: *0.389* | Acc: *88.280%* (8828/10000)
Train epoch: 415 | Loss: *0.188* | Acc: *93.448%* (46724/50000) 
Test epoch: 415 | Loss: *0.391* | Acc: *88.460%* (8846/10000)
Train epoch: 416 | Loss: *0.189* | Acc: *93.568%* (46784/50000) 
Test epoch: 416 | Loss: *0.357* | Acc: *88.810%* (8881/10000)
Train epoch: 417 | Loss: *0.190* | Acc: *93.474%* (46737/50000) 
Test epoch: 417 | Loss: *0.328* | Acc: *90.070%* (9007/10000)
Train epoch: 418 | Loss: *0.191* | Acc: *93.486%* (46743/50000) 
Test epoch: 418 | Loss: *0.363* | Acc: *88.700%* (8870/10000)
Train epoch: 419 | Loss: *0.190* | Acc: *93.450%* (46725/50000) 
Test epoch: 419 | Loss: *0.389* | Acc: *87.980%* (8798/10000)
Train epoch: 420 | Loss: *0.182* | Acc: *93.658%* (46829/50000) 
Test epoch: 420 | Loss: *0.433* | Acc: *87.160%* (8716/10000)
Train epoch: 421 | Loss: *0.195* | Acc: *93.186%* (46593/50000) 
Test epoch: 421 | Loss: *0.354* | Acc: *89.030%* (8903/10000)
Train epoch: 422 | Loss: *0.185* | Acc: *93.528%* (46764/50000) 
Test epoch: 422 | Loss: *0.374* | Acc: *88.690%* (8869/10000)
Train epoch: 423 | Loss: *0.185* | Acc: *93.690%* (46845/50000) 
Test epoch: 423 | Loss: *0.356* | Acc: *89.370%* (8937/10000)
Train epoch: 424 | Loss: *0.188* | Acc: *93.550%* (46775/50000) 
Test epoch: 424 | Loss: *0.365* | Acc: *88.910%* (8891/10000)
Train epoch: 425 | Loss: *0.181* | Acc: *93.844%* (46922/50000) 
Test epoch: 425 | Loss: *0.373* | Acc: *88.830%* (8883/10000)
Train epoch: 426 | Loss: *0.182* | Acc: *93.784%* (46892/50000) 
Test epoch: 426 | Loss: *0.373* | Acc: *88.590%* (8859/10000)
Train epoch: 427 | Loss: *0.185* | Acc: *93.648%* (46824/50000) 
Test epoch: 427 | Loss: *0.344* | Acc: *89.240%* (8924/10000)
Train epoch: 428 | Loss: *0.180* | Acc: *93.786%* (46893/50000) 
Test epoch: 428 | Loss: *0.415* | Acc: *87.680%* (8768/10000)
Train epoch: 429 | Loss: *0.184* | Acc: *93.686%* (46843/50000) 
Test epoch: 429 | Loss: *0.381* | Acc: *88.650%* (8865/10000)
Train epoch: 430 | Loss: *0.182* | Acc: *93.718%* (46859/50000) 
Test epoch: 430 | Loss: *0.386* | Acc: *88.470%* (8847/10000)
Train epoch: 431 | Loss: *0.178* | Acc: *93.876%* (46938/50000) 
Test epoch: 431 | Loss: *0.350* | Acc: *89.370%* (8937/10000)
Train epoch: 432 | Loss: *0.179* | Acc: *93.810%* (46905/50000) 
Test epoch: 432 | Loss: *0.373* | Acc: *89.100%* (8910/10000)
Train epoch: 433 | Loss: *0.178* | Acc: *93.866%* (46933/50000) 
Test epoch: 433 | Loss: *0.408* | Acc: *88.010%* (8801/10000)
Train epoch: 434 | Loss: *0.183* | Acc: *93.750%* (46875/50000) 
Test epoch: 434 | Loss: *0.384* | Acc: *88.970%* (8897/10000)
Train epoch: 435 | Loss: *0.178* | Acc: *93.958%* (46979/50000) 
Test epoch: 435 | Loss: *0.336* | Acc: *89.710%* (8971/10000)
Train epoch: 436 | Loss: *0.176* | Acc: *93.890%* (46945/50000) 
Test epoch: 436 | Loss: *0.362* | Acc: *88.780%* (8878/10000)
Train epoch: 437 | Loss: *0.175* | Acc: *93.850%* (46925/50000) 
Test epoch: 437 | Loss: *0.363* | Acc: *88.740%* (8874/10000)
Train epoch: 438 | Loss: *0.176* | Acc: *93.836%* (46918/50000) 
Test epoch: 438 | Loss: *0.430* | Acc: *87.000%* (8700/10000)
Train epoch: 439 | Loss: *0.177* | Acc: *93.930%* (46965/50000) 
Test epoch: 439 | Loss: *0.355* | Acc: *89.200%* (8920/10000)
Train epoch: 440 | Loss: *0.173* | Acc: *94.036%* (47018/50000) 
Test epoch: 440 | Loss: *0.387* | Acc: *88.690%* (8869/10000)
Train epoch: 441 | Loss: *0.172* | Acc: *94.098%* (47049/50000) 
Test epoch: 441 | Loss: *0.368* | Acc: *88.940%* (8894/10000)
Train epoch: 442 | Loss: *0.173* | Acc: *93.944%* (46972/50000) 
Test epoch: 442 | Loss: *0.384* | Acc: *88.590%* (8859/10000)
Train epoch: 443 | Loss: *0.174* | Acc: *93.958%* (46979/50000) 
Test epoch: 443 | Loss: *0.369* | Acc: *88.880%* (8888/10000)
Train epoch: 444 | Loss: *0.171* | Acc: *94.076%* (47038/50000) 
Test epoch: 444 | Loss: *0.381* | Acc: *88.500%* (8850/10000)
Train epoch: 445 | Loss: *0.170* | Acc: *94.218%* (47109/50000) 
Test epoch: 445 | Loss: *0.369* | Acc: *88.820%* (8882/10000)
Train epoch: 446 | Loss: *0.166* | Acc: *94.324%* (47162/50000) 
Test epoch: 446 | Loss: *0.389* | Acc: *88.200%* (8820/10000)
Train epoch: 447 | Loss: *0.169* | Acc: *94.074%* (47037/50000) 
Test epoch: 447 | Loss: *0.373* | Acc: *88.720%* (8872/10000)
Train epoch: 448 | Loss: *0.169* | Acc: *94.204%* (47102/50000) 
Test epoch: 448 | Loss: *0.363* | Acc: *89.050%* (8905/10000)
Train epoch: 449 | Loss: *0.168* | Acc: *94.122%* (47061/50000) 
Test epoch: 449 | Loss: *0.333* | Acc: *90.020%* (9002/10000)
Train epoch: 450 | Loss: *0.165* | Acc: *94.346%* (47173/50000) 
Test epoch: 450 | Loss: *0.332* | Acc: *89.770%* (8977/10000)
Train epoch: 451 | Loss: *0.167* | Acc: *94.218%* (47109/50000) 
Test epoch: 451 | Loss: *0.347* | Acc: *89.310%* (8931/10000)
Train epoch: 452 | Loss: *0.161* | Acc: *94.462%* (47231/50000) 
Test epoch: 452 | Loss: *0.322* | Acc: *90.140%* (9014/10000)
Train epoch: 453 | Loss: *0.163* | Acc: *94.352%* (47176/50000) 
Test epoch: 453 | Loss: *0.332* | Acc: *89.970%* (8997/10000)
Train epoch: 454 | Loss: *0.155* | Acc: *94.656%* (47328/50000) 
Test epoch: 454 | Loss: *0.330* | Acc: *89.800%* (8980/10000)
Train epoch: 455 | Loss: *0.161* | Acc: *94.404%* (47202/50000) 
Test epoch: 455 | Loss: *0.387* | Acc: *88.680%* (8868/10000)
Train epoch: 456 | Loss: *0.161* | Acc: *94.474%* (47237/50000) 
Test epoch: 456 | Loss: *0.368* | Acc: *89.140%* (8914/10000)
Train epoch: 457 | Loss: *0.159* | Acc: *94.470%* (47235/50000) 
Test epoch: 457 | Loss: *0.316* | Acc: *90.440%* (9044/10000)
Train epoch: 458 | Loss: *0.159* | Acc: *94.498%* (47249/50000) 
Test epoch: 458 | Loss: *0.347* | Acc: *89.530%* (8953/10000)
Train epoch: 459 | Loss: *0.159* | Acc: *94.564%* (47282/50000) 
Test epoch: 459 | Loss: *0.336* | Acc: *89.660%* (8966/10000)
Train epoch: 460 | Loss: *0.149* | Acc: *94.948%* (47474/50000) 
Test epoch: 460 | Loss: *0.329* | Acc: *90.040%* (9004/10000)
Train epoch: 461 | Loss: *0.154* | Acc: *94.594%* (47297/50000) 
Test epoch: 461 | Loss: *0.371* | Acc: *89.060%* (8906/10000)
Train epoch: 462 | Loss: *0.153* | Acc: *94.744%* (47372/50000) 
Test epoch: 462 | Loss: *0.369* | Acc: *89.350%* (8935/10000)
Train epoch: 463 | Loss: *0.150* | Acc: *94.766%* (47383/50000) 
Test epoch: 463 | Loss: *0.327* | Acc: *89.880%* (8988/10000)
Train epoch: 464 | Loss: *0.148* | Acc: *94.852%* (47426/50000) 
Test epoch: 464 | Loss: *0.348* | Acc: *90.090%* (9009/10000)
Train epoch: 465 | Loss: *0.152* | Acc: *94.778%* (47389/50000) 
Test epoch: 465 | Loss: *0.433* | Acc: *87.920%* (8792/10000)
Train epoch: 466 | Loss: *0.147* | Acc: *94.958%* (47479/50000) 
Test epoch: 466 | Loss: *0.356* | Acc: *89.640%* (8964/10000)
Train epoch: 467 | Loss: *0.145* | Acc: *94.960%* (47480/50000) 
Test epoch: 467 | Loss: *0.350* | Acc: *89.520%* (8952/10000)
Train epoch: 468 | Loss: *0.151* | Acc: *94.798%* (47399/50000) 
Test epoch: 468 | Loss: *0.349* | Acc: *89.850%* (8985/10000)
Train epoch: 469 | Loss: *0.146* | Acc: *94.970%* (47485/50000) 
Test epoch: 469 | Loss: *0.345* | Acc: *89.330%* (8933/10000)
Train epoch: 470 | Loss: *0.138* | Acc: *95.348%* (47674/50000) 
Test epoch: 470 | Loss: *0.336* | Acc: *89.580%* (8958/10000)
Train epoch: 471 | Loss: *0.146* | Acc: *95.030%* (47515/50000) 
Test epoch: 471 | Loss: *0.346* | Acc: *90.110%* (9011/10000)
Train epoch: 472 | Loss: *0.140* | Acc: *95.202%* (47601/50000) 
Test epoch: 472 | Loss: *0.359* | Acc: *89.400%* (8940/10000)
Train epoch: 473 | Loss: *0.135* | Acc: *95.412%* (47706/50000) 
Test epoch: 473 | Loss: *0.359* | Acc: *89.960%* (8996/10000)
Train epoch: 474 | Loss: *0.141* | Acc: *95.202%* (47601/50000) 
Test epoch: 474 | Loss: *0.322* | Acc: *90.340%* (9034/10000)
Train epoch: 475 | Loss: *0.133* | Acc: *95.328%* (47664/50000) 
Test epoch: 475 | Loss: *0.353* | Acc: *89.350%* (8935/10000)
Train epoch: 476 | Loss: *0.136* | Acc: *95.278%* (47639/50000) 
Test epoch: 476 | Loss: *0.347* | Acc: *89.850%* (8985/10000)
Train epoch: 477 | Loss: *0.134* | Acc: *95.360%* (47680/50000) 
Test epoch: 477 | Loss: *0.325* | Acc: *90.260%* (9026/10000)
Train epoch: 478 | Loss: *0.132* | Acc: *95.506%* (47753/50000) 
Test epoch: 478 | Loss: *0.339* | Acc: *89.880%* (8988/10000)
Train epoch: 479 | Loss: *0.131* | Acc: *95.480%* (47740/50000) 
Test epoch: 479 | Loss: *0.343* | Acc: *90.230%* (9023/10000)
Train epoch: 480 | Loss: *0.127* | Acc: *95.630%* (47815/50000) 
Test epoch: 480 | Loss: *0.342* | Acc: *89.920%* (8992/10000)
Train epoch: 481 | Loss: *0.129* | Acc: *95.474%* (47737/50000) 
Test epoch: 481 | Loss: *0.345* | Acc: *90.080%* (9008/10000)
Train epoch: 482 | Loss: *0.129* | Acc: *95.562%* (47781/50000) 
Test epoch: 482 | Loss: *0.349* | Acc: *90.000%* (9000/10000)
Train epoch: 483 | Loss: *0.120* | Acc: *95.836%* (47918/50000) 
Test epoch: 483 | Loss: *0.359* | Acc: *89.730%* (8973/10000)
Train epoch: 484 | Loss: *0.124* | Acc: *95.816%* (47908/50000) 
Test epoch: 484 | Loss: *0.344* | Acc: *90.250%* (9025/10000)
Train epoch: 485 | Loss: *0.118* | Acc: *95.978%* (47989/50000) 
Test epoch: 485 | Loss: *0.371* | Acc: *89.500%* (8950/10000)
Train epoch: 486 | Loss: *0.119* | Acc: *95.972%* (47986/50000) 
Test epoch: 486 | Loss: *0.333* | Acc: *90.380%* (9038/10000)
Train epoch: 487 | Loss: *0.122* | Acc: *95.808%* (47904/50000) 
Test epoch: 487 | Loss: *0.323* | Acc: *90.700%* (9070/10000)
Train epoch: 488 | Loss: *0.118* | Acc: *96.012%* (48006/50000) 
Test epoch: 488 | Loss: *0.324* | Acc: *90.520%* (9052/10000)
Train epoch: 489 | Loss: *0.112* | Acc: *96.144%* (48072/50000) 
Test epoch: 489 | Loss: *0.333* | Acc: *90.490%* (9049/10000)
Train epoch: 490 | Loss: *0.117* | Acc: *95.946%* (47973/50000) 
Test epoch: 490 | Loss: *0.307* | Acc: *90.980%* (9098/10000)
Train epoch: 491 | Loss: *0.118* | Acc: *95.962%* (47981/50000) 
Test epoch: 491 | Loss: *0.349* | Acc: *89.770%* (8977/10000)
Train epoch: 492 | Loss: *0.107* | Acc: *96.312%* (48156/50000) 
Test epoch: 492 | Loss: *0.388* | Acc: *89.190%* (8919/10000)
Train epoch: 493 | Loss: *0.107* | Acc: *96.390%* (48195/50000) 
Test epoch: 493 | Loss: *0.343* | Acc: *90.400%* (9040/10000)
Train epoch: 494 | Loss: *0.105* | Acc: *96.352%* (48176/50000) 
Test epoch: 494 | Loss: *0.343* | Acc: *90.220%* (9022/10000)
Train epoch: 495 | Loss: *0.106* | Acc: *96.400%* (48200/50000) 
Test epoch: 495 | Loss: *0.316* | Acc: *90.970%* (9097/10000)
Train epoch: 496 | Loss: *0.105* | Acc: *96.446%* (48223/50000) 
Test epoch: 496 | Loss: *0.330* | Acc: *90.390%* (9039/10000)
Train epoch: 497 | Loss: *0.104* | Acc: *96.426%* (48213/50000) 
Test epoch: 497 | Loss: *0.332* | Acc: *90.610%* (9061/10000)
Train epoch: 498 | Loss: *0.097* | Acc: *96.670%* (48335/50000) 
Test epoch: 498 | Loss: *0.328* | Acc: *90.630%* (9063/10000)
Train epoch: 499 | Loss: *0.098* | Acc: *96.670%* (48335/50000) 
Test epoch: 499 | Loss: *0.361* | Acc: *90.460%* (9046/10000)
Train epoch: 500 | Loss: *0.099* | Acc: *96.624%* (48312/50000) 
Test epoch: 500 | Loss: *0.316* | Acc: *91.290%* (9129/10000)
Best test accuracy: *92.880%*, loss: *0.2954033022746444*, at epoch: *216*.
==> Execution time summary of 500 epoch(s).
Train data loading time: sum. *236.23463712446392* secs | avg. *0.4724692742489278* secs per epoch.
Train training time: sum. *1350.8907225085422* secs | avg. *2.7017814450170845* secs per epoch.
Train total time: sum. *1587.1253596330062* secs | avg. *3.1742507192660123* secs per epoch.
Test data loading time: sum. *100.1805770508945* secs | avg. *0.200361154101789* secs per epoch.
Test training time: sum. *77.83796191867441* secs | avg. *0.15567592383734882* secs per epoch.
Test total time: sum. *178.0185389695689* secs | avg. *0.3560370779391378* secs per epoch.
Total data loading time: sum. *336.4152141753584* secs | avg. *0.6728304283507168* secs per epoch.
Total training time: sum. *1428.7286844272166* secs | avg. *2.8574573688544334* secs per epoch.
Total running time: sum. *1765.143898602575* secs | avg. *3.5302877972051503* secs per epoch.
==> Number of GPU device: 1
==> Device #0 Memory Usage
==> Allocated: 0.1 GB
==> Cached:    1.5 GB
==> Maximum: 1.5 GB
