==> Running on : cuda
==> Number of CPU: 48
==> Number of workers: 2
==> #Epochs: 500, #Layers: 4, #Blocks: [2, 1, 1, 1], In channel: 64, Input layer conv kernel: 5x5, Residual layer conv kernel 3x3, Skip kernel: 1x1, Input layer conv padding: 2, Residual layer conv padding: 1
==> Optimizer is Adadelta
==> Learning rate: 1.0
==> Weight decay: 0.0005
==>Trainable Parameters: 4980298
==>Other Parameters: 0
==>Augmentation: None
Files already downloaded and verified
Train epoch: 1 | Loss: *1.465* | Acc: *46.270%* (23135/50000) 
Test epoch: 1 | Loss: *1.434* | Acc: *49.580%* (4958/10000)
Train epoch: 2 | Loss: *0.951* | Acc: *66.098%* (33049/50000) 
Test epoch: 2 | Loss: *1.048* | Acc: *62.110%* (6211/10000)
Train epoch: 3 | Loss: *0.725* | Acc: *74.564%* (37282/50000) 
Test epoch: 3 | Loss: *1.128* | Acc: *62.150%* (6215/10000)
Train epoch: 4 | Loss: *0.584* | Acc: *79.580%* (39790/50000) 
Test epoch: 4 | Loss: *0.886* | Acc: *71.530%* (7153/10000)
Train epoch: 5 | Loss: *0.483* | Acc: *82.990%* (41495/50000) 
Test epoch: 5 | Loss: *0.821* | Acc: *73.200%* (7320/10000)
Train epoch: 6 | Loss: *0.403* | Acc: *85.918%* (42959/50000) 
Test epoch: 6 | Loss: *0.688* | Acc: *76.770%* (7677/10000)
Train epoch: 7 | Loss: *0.336* | Acc: *88.238%* (44119/50000) 
Test epoch: 7 | Loss: *0.769* | Acc: *75.530%* (7553/10000)
Train epoch: 8 | Loss: *0.286* | Acc: *90.084%* (45042/50000) 
Test epoch: 8 | Loss: *0.646* | Acc: *78.400%* (7840/10000)
Train epoch: 9 | Loss: *0.244* | Acc: *91.438%* (45719/50000) 
Test epoch: 9 | Loss: *0.967* | Acc: *71.960%* (7196/10000)
Train epoch: 10 | Loss: *0.212* | Acc: *92.614%* (46307/50000) 
Test epoch: 10 | Loss: *1.009* | Acc: *70.940%* (7094/10000)
Train epoch: 11 | Loss: *0.195* | Acc: *93.214%* (46607/50000) 
Test epoch: 11 | Loss: *0.987* | Acc: *72.390%* (7239/10000)
Train epoch: 12 | Loss: *0.182* | Acc: *93.650%* (46825/50000) 
Test epoch: 12 | Loss: *0.972* | Acc: *73.820%* (7382/10000)
Train epoch: 13 | Loss: *0.169* | Acc: *94.144%* (47072/50000) 
Test epoch: 13 | Loss: *1.030* | Acc: *71.990%* (7199/10000)
Train epoch: 14 | Loss: *0.163* | Acc: *94.428%* (47214/50000) 
Test epoch: 14 | Loss: *0.672* | Acc: *79.240%* (7924/10000)
Train epoch: 15 | Loss: *0.148* | Acc: *95.004%* (47502/50000) 
Test epoch: 15 | Loss: *1.280* | Acc: *70.120%* (7012/10000)
Train epoch: 16 | Loss: *0.144* | Acc: *95.134%* (47567/50000) 
Test epoch: 16 | Loss: *0.937* | Acc: *74.760%* (7476/10000)
Train epoch: 17 | Loss: *0.147* | Acc: *94.954%* (47477/50000) 
Test epoch: 17 | Loss: *0.833* | Acc: *77.020%* (7702/10000)
Train epoch: 18 | Loss: *0.144* | Acc: *95.142%* (47571/50000) 
Test epoch: 18 | Loss: *0.646* | Acc: *80.680%* (8068/10000)
Train epoch: 19 | Loss: *0.139* | Acc: *95.348%* (47674/50000) 
Test epoch: 19 | Loss: *0.741* | Acc: *78.660%* (7866/10000)
Train epoch: 20 | Loss: *0.134* | Acc: *95.476%* (47738/50000) 
Test epoch: 20 | Loss: *1.113* | Acc: *71.860%* (7186/10000)
Train epoch: 21 | Loss: *0.137* | Acc: *95.324%* (47662/50000) 
Test epoch: 21 | Loss: *0.751* | Acc: *79.200%* (7920/10000)
Train epoch: 22 | Loss: *0.133* | Acc: *95.524%* (47762/50000) 
Test epoch: 22 | Loss: *0.973* | Acc: *76.460%* (7646/10000)
Train epoch: 23 | Loss: *0.130* | Acc: *95.584%* (47792/50000) 
Test epoch: 23 | Loss: *0.948* | Acc: *75.140%* (7514/10000)
Train epoch: 24 | Loss: *0.133* | Acc: *95.528%* (47764/50000) 
Test epoch: 24 | Loss: *0.944* | Acc: *76.090%* (7609/10000)
Train epoch: 25 | Loss: *0.124* | Acc: *95.858%* (47929/50000) 
Test epoch: 25 | Loss: *0.741* | Acc: *79.180%* (7918/10000)
Train epoch: 26 | Loss: *0.126* | Acc: *95.756%* (47878/50000) 
Test epoch: 26 | Loss: *1.345* | Acc: *68.600%* (6860/10000)
Train epoch: 27 | Loss: *0.127* | Acc: *95.584%* (47792/50000) 
Test epoch: 27 | Loss: *0.900* | Acc: *75.600%* (7560/10000)
Train epoch: 28 | Loss: *0.128* | Acc: *95.710%* (47855/50000) 
Test epoch: 28 | Loss: *0.935* | Acc: *76.220%* (7622/10000)
Train epoch: 29 | Loss: *0.116* | Acc: *95.980%* (47990/50000) 
Test epoch: 29 | Loss: *0.690* | Acc: *80.910%* (8091/10000)
Train epoch: 30 | Loss: *0.123* | Acc: *95.778%* (47889/50000) 
Test epoch: 30 | Loss: *1.276* | Acc: *71.310%* (7131/10000)
Train epoch: 31 | Loss: *0.118* | Acc: *95.964%* (47982/50000) 
Test epoch: 31 | Loss: *0.752* | Acc: *78.330%* (7833/10000)
Train epoch: 32 | Loss: *0.124* | Acc: *95.804%* (47902/50000) 
Test epoch: 32 | Loss: *0.651* | Acc: *80.430%* (8043/10000)
Train epoch: 33 | Loss: *0.118* | Acc: *95.994%* (47997/50000) 
Test epoch: 33 | Loss: *0.761* | Acc: *78.510%* (7851/10000)
Train epoch: 34 | Loss: *0.112* | Acc: *96.226%* (48113/50000) 
Test epoch: 34 | Loss: *0.810* | Acc: *78.370%* (7837/10000)
Train epoch: 35 | Loss: *0.116* | Acc: *96.060%* (48030/50000) 
Test epoch: 35 | Loss: *1.376* | Acc: *71.070%* (7107/10000)
Train epoch: 36 | Loss: *0.114* | Acc: *96.218%* (48109/50000) 
Test epoch: 36 | Loss: *0.734* | Acc: *79.220%* (7922/10000)
Train epoch: 37 | Loss: *0.112* | Acc: *96.210%* (48105/50000) 
Test epoch: 37 | Loss: *0.854* | Acc: *77.540%* (7754/10000)
Train epoch: 38 | Loss: *0.117* | Acc: *96.100%* (48050/50000) 
Test epoch: 38 | Loss: *0.792* | Acc: *78.400%* (7840/10000)
Train epoch: 39 | Loss: *0.111* | Acc: *96.300%* (48150/50000) 
Test epoch: 39 | Loss: *0.662* | Acc: *80.170%* (8017/10000)
Train epoch: 40 | Loss: *0.106* | Acc: *96.476%* (48238/50000) 
Test epoch: 40 | Loss: *0.718* | Acc: *80.200%* (8020/10000)
Train epoch: 41 | Loss: *0.111* | Acc: *96.164%* (48082/50000) 
Test epoch: 41 | Loss: *0.973* | Acc: *74.470%* (7447/10000)
Train epoch: 42 | Loss: *0.103* | Acc: *96.564%* (48282/50000) 
Test epoch: 42 | Loss: *0.718* | Acc: *81.130%* (8113/10000)
Train epoch: 43 | Loss: *0.110* | Acc: *96.276%* (48138/50000) 
Test epoch: 43 | Loss: *1.108* | Acc: *72.450%* (7245/10000)
Train epoch: 44 | Loss: *0.104* | Acc: *96.390%* (48195/50000) 
Test epoch: 44 | Loss: *0.789* | Acc: *78.050%* (7805/10000)
Train epoch: 45 | Loss: *0.100* | Acc: *96.606%* (48303/50000) 
Test epoch: 45 | Loss: *1.370* | Acc: *65.680%* (6568/10000)
Train epoch: 46 | Loss: *0.103* | Acc: *96.574%* (48287/50000) 
Test epoch: 46 | Loss: *0.753* | Acc: *80.050%* (8005/10000)
Train epoch: 47 | Loss: *0.109* | Acc: *96.282%* (48141/50000) 
Test epoch: 47 | Loss: *0.675* | Acc: *80.730%* (8073/10000)
Train epoch: 48 | Loss: *0.096* | Acc: *96.820%* (48410/50000) 
Test epoch: 48 | Loss: *0.787* | Acc: *77.860%* (7786/10000)
Train epoch: 49 | Loss: *0.098* | Acc: *96.640%* (48320/50000) 
Test epoch: 49 | Loss: *0.862* | Acc: *77.690%* (7769/10000)
Train epoch: 50 | Loss: *0.099* | Acc: *96.744%* (48372/50000) 
Test epoch: 50 | Loss: *0.924* | Acc: *76.890%* (7689/10000)
Train epoch: 51 | Loss: *0.097* | Acc: *96.766%* (48383/50000) 
Test epoch: 51 | Loss: *0.740* | Acc: *79.850%* (7985/10000)
Train epoch: 52 | Loss: *0.088* | Acc: *97.018%* (48509/50000) 
Test epoch: 52 | Loss: *1.207* | Acc: *74.340%* (7434/10000)
Train epoch: 53 | Loss: *0.095* | Acc: *96.850%* (48425/50000) 
Test epoch: 53 | Loss: *0.965* | Acc: *75.850%* (7585/10000)
Train epoch: 54 | Loss: *0.091* | Acc: *96.904%* (48452/50000) 
Test epoch: 54 | Loss: *0.813* | Acc: *78.760%* (7876/10000)
Train epoch: 55 | Loss: *0.090* | Acc: *97.026%* (48513/50000) 
Test epoch: 55 | Loss: *0.712* | Acc: *80.960%* (8096/10000)
Train epoch: 56 | Loss: *0.094* | Acc: *96.850%* (48425/50000) 
Test epoch: 56 | Loss: *0.963* | Acc: *75.180%* (7518/10000)
Train epoch: 57 | Loss: *0.091* | Acc: *96.922%* (48461/50000) 
Test epoch: 57 | Loss: *0.840* | Acc: *76.450%* (7645/10000)
Train epoch: 58 | Loss: *0.089* | Acc: *97.012%* (48506/50000) 
Test epoch: 58 | Loss: *0.822* | Acc: *78.220%* (7822/10000)
Train epoch: 59 | Loss: *0.085* | Acc: *97.222%* (48611/50000) 
Test epoch: 59 | Loss: *1.046* | Acc: *74.890%* (7489/10000)
Train epoch: 60 | Loss: *0.085* | Acc: *97.184%* (48592/50000) 
Test epoch: 60 | Loss: *0.643* | Acc: *82.460%* (8246/10000)
Train epoch: 61 | Loss: *0.084* | Acc: *97.130%* (48565/50000) 
Test epoch: 61 | Loss: *0.753* | Acc: *79.190%* (7919/10000)
Train epoch: 62 | Loss: *0.085* | Acc: *97.250%* (48625/50000) 
Test epoch: 62 | Loss: *0.771* | Acc: *79.000%* (7900/10000)
Train epoch: 63 | Loss: *0.085* | Acc: *97.186%* (48593/50000) 
Test epoch: 63 | Loss: *0.695* | Acc: *81.500%* (8150/10000)
Train epoch: 64 | Loss: *0.073* | Acc: *97.592%* (48796/50000) 
Test epoch: 64 | Loss: *0.828* | Acc: *76.850%* (7685/10000)
Train epoch: 65 | Loss: *0.088* | Acc: *97.054%* (48527/50000) 
Test epoch: 65 | Loss: *0.884* | Acc: *78.970%* (7897/10000)
Train epoch: 66 | Loss: *0.083* | Acc: *97.264%* (48632/50000) 
Test epoch: 66 | Loss: *0.766* | Acc: *79.380%* (7938/10000)
Train epoch: 67 | Loss: *0.075* | Acc: *97.572%* (48786/50000) 
Test epoch: 67 | Loss: *0.647* | Acc: *81.470%* (8147/10000)
Train epoch: 68 | Loss: *0.071* | Acc: *97.650%* (48825/50000) 
Test epoch: 68 | Loss: *0.711* | Acc: *81.030%* (8103/10000)
Train epoch: 69 | Loss: *0.081* | Acc: *97.336%* (48668/50000) 
Test epoch: 69 | Loss: *0.658* | Acc: *81.500%* (8150/10000)
Train epoch: 70 | Loss: *0.082* | Acc: *97.318%* (48659/50000) 
Test epoch: 70 | Loss: *0.645* | Acc: *81.720%* (8172/10000)
Train epoch: 71 | Loss: *0.069* | Acc: *97.728%* (48864/50000) 
Test epoch: 71 | Loss: *0.715* | Acc: *80.830%* (8083/10000)
Train epoch: 72 | Loss: *0.070* | Acc: *97.704%* (48852/50000) 
Test epoch: 72 | Loss: *0.772* | Acc: *79.620%* (7962/10000)
Train epoch: 73 | Loss: *0.067* | Acc: *97.838%* (48919/50000) 
Test epoch: 73 | Loss: *0.738* | Acc: *80.120%* (8012/10000)
Train epoch: 74 | Loss: *0.070* | Acc: *97.710%* (48855/50000) 
Test epoch: 74 | Loss: *0.714* | Acc: *81.490%* (8149/10000)
Train epoch: 75 | Loss: *0.070* | Acc: *97.668%* (48834/50000) 
Test epoch: 75 | Loss: *0.789* | Acc: *79.290%* (7929/10000)
Train epoch: 76 | Loss: *0.065* | Acc: *97.876%* (48938/50000) 
Test epoch: 76 | Loss: *0.729* | Acc: *81.000%* (8100/10000)
Train epoch: 77 | Loss: *0.067* | Acc: *97.876%* (48938/50000) 
Test epoch: 77 | Loss: *0.606* | Acc: *83.560%* (8356/10000)
Train epoch: 78 | Loss: *0.067* | Acc: *97.794%* (48897/50000) 
Test epoch: 78 | Loss: *0.687* | Acc: *82.260%* (8226/10000)
Train epoch: 79 | Loss: *0.062* | Acc: *98.036%* (49018/50000) 
Test epoch: 79 | Loss: *0.768* | Acc: *80.570%* (8057/10000)
Train epoch: 80 | Loss: *0.063* | Acc: *97.954%* (48977/50000) 
Test epoch: 80 | Loss: *0.726* | Acc: *81.100%* (8110/10000)
Train epoch: 81 | Loss: *0.060* | Acc: *98.084%* (49042/50000) 
Test epoch: 81 | Loss: *0.662* | Acc: *81.910%* (8191/10000)
Train epoch: 82 | Loss: *0.057* | Acc: *98.218%* (49109/50000) 
Test epoch: 82 | Loss: *0.723* | Acc: *81.110%* (8111/10000)
Train epoch: 83 | Loss: *0.061* | Acc: *98.000%* (49000/50000) 
Test epoch: 83 | Loss: *0.901* | Acc: *78.450%* (7845/10000)
Train epoch: 84 | Loss: *0.056* | Acc: *98.198%* (49099/50000) 
Test epoch: 84 | Loss: *0.971* | Acc: *77.000%* (7700/10000)
Train epoch: 85 | Loss: *0.060* | Acc: *98.064%* (49032/50000) 
Test epoch: 85 | Loss: *0.740* | Acc: *80.900%* (8090/10000)
Train epoch: 86 | Loss: *0.055* | Acc: *98.282%* (49141/50000) 
Test epoch: 86 | Loss: *0.668* | Acc: *82.270%* (8227/10000)
Train epoch: 87 | Loss: *0.048* | Acc: *98.492%* (49246/50000) 
Test epoch: 87 | Loss: *0.672* | Acc: *81.690%* (8169/10000)
Train epoch: 88 | Loss: *0.056* | Acc: *98.166%* (49083/50000) 
Test epoch: 88 | Loss: *0.748* | Acc: *79.940%* (7994/10000)
Train epoch: 89 | Loss: *0.050* | Acc: *98.410%* (49205/50000) 
Test epoch: 89 | Loss: *0.618* | Acc: *82.170%* (8217/10000)
Train epoch: 90 | Loss: *0.057* | Acc: *98.128%* (49064/50000) 
Test epoch: 90 | Loss: *1.129* | Acc: *72.580%* (7258/10000)
Train epoch: 91 | Loss: *0.046* | Acc: *98.542%* (49271/50000) 
Test epoch: 91 | Loss: *0.631* | Acc: *82.860%* (8286/10000)
Train epoch: 92 | Loss: *0.047* | Acc: *98.566%* (49283/50000) 
Test epoch: 92 | Loss: *0.664* | Acc: *82.100%* (8210/10000)
Train epoch: 93 | Loss: *0.042* | Acc: *98.740%* (49370/50000) 
Test epoch: 93 | Loss: *0.711* | Acc: *80.780%* (8078/10000)
Train epoch: 94 | Loss: *0.044* | Acc: *98.696%* (49348/50000) 
Test epoch: 94 | Loss: *0.767* | Acc: *79.660%* (7966/10000)
Train epoch: 95 | Loss: *0.044* | Acc: *98.656%* (49328/50000) 
Test epoch: 95 | Loss: *0.710* | Acc: *80.440%* (8044/10000)
Train epoch: 96 | Loss: *0.046* | Acc: *98.594%* (49297/50000) 
Test epoch: 96 | Loss: *0.647* | Acc: *82.660%* (8266/10000)
Train epoch: 97 | Loss: *0.042* | Acc: *98.698%* (49349/50000) 
Test epoch: 97 | Loss: *0.610* | Acc: *83.550%* (8355/10000)
Train epoch: 98 | Loss: *0.041* | Acc: *98.762%* (49381/50000) 
Test epoch: 98 | Loss: *0.610* | Acc: *83.340%* (8334/10000)
Train epoch: 99 | Loss: *0.035* | Acc: *98.980%* (49490/50000) 
Test epoch: 99 | Loss: *0.897* | Acc: *77.250%* (7725/10000)
Train epoch: 100 | Loss: *0.037* | Acc: *98.894%* (49447/50000) 
Test epoch: 100 | Loss: *0.599* | Acc: *83.760%* (8376/10000)
Train epoch: 101 | Loss: *0.036* | Acc: *98.906%* (49453/50000) 
Test epoch: 101 | Loss: *0.707* | Acc: *81.180%* (8118/10000)
Train epoch: 102 | Loss: *0.037* | Acc: *98.898%* (49449/50000) 
Test epoch: 102 | Loss: *0.739* | Acc: *81.550%* (8155/10000)
Train epoch: 103 | Loss: *0.038* | Acc: *98.846%* (49423/50000) 
Test epoch: 103 | Loss: *0.642* | Acc: *83.000%* (8300/10000)
Train epoch: 104 | Loss: *0.033* | Acc: *99.060%* (49530/50000) 
Test epoch: 104 | Loss: *0.634* | Acc: *82.780%* (8278/10000)
Train epoch: 105 | Loss: *0.030* | Acc: *99.156%* (49578/50000) 
Test epoch: 105 | Loss: *0.590* | Acc: *83.180%* (8318/10000)
Train epoch: 106 | Loss: *0.025* | Acc: *99.310%* (49655/50000) 
Test epoch: 106 | Loss: *0.612* | Acc: *83.110%* (8311/10000)
Train epoch: 107 | Loss: *0.025* | Acc: *99.322%* (49661/50000) 
Test epoch: 107 | Loss: *0.779* | Acc: *79.230%* (7923/10000)
Train epoch: 108 | Loss: *0.032* | Acc: *99.090%* (49545/50000) 
Test epoch: 108 | Loss: *0.679* | Acc: *82.460%* (8246/10000)
Train epoch: 109 | Loss: *0.027* | Acc: *99.284%* (49642/50000) 
Test epoch: 109 | Loss: *0.641* | Acc: *82.830%* (8283/10000)
Train epoch: 110 | Loss: *0.036* | Acc: *98.960%* (49480/50000) 
Test epoch: 110 | Loss: *0.634* | Acc: *83.270%* (8327/10000)
Train epoch: 111 | Loss: *0.028* | Acc: *99.250%* (49625/50000) 
Test epoch: 111 | Loss: *0.623* | Acc: *83.280%* (8328/10000)
Train epoch: 112 | Loss: *0.025* | Acc: *99.334%* (49667/50000) 
Test epoch: 112 | Loss: *0.612* | Acc: *84.120%* (8412/10000)
Train epoch: 113 | Loss: *0.019* | Acc: *99.572%* (49786/50000) 
Test epoch: 113 | Loss: *0.588* | Acc: *84.090%* (8409/10000)
Train epoch: 114 | Loss: *0.013* | Acc: *99.740%* (49870/50000) 
Test epoch: 114 | Loss: *0.570* | Acc: *83.920%* (8392/10000)
Train epoch: 115 | Loss: *0.009* | Acc: *99.834%* (49917/50000) 
Test epoch: 115 | Loss: *0.534* | Acc: *85.170%* (8517/10000)
Train epoch: 116 | Loss: *0.004* | Acc: *99.982%* (49991/50000) 
Test epoch: 116 | Loss: *0.438* | Acc: *87.410%* (8741/10000)
Train epoch: 117 | Loss: *0.002* | Acc: *100.000%* (50000/50000) 
Test epoch: 117 | Loss: *0.399* | Acc: *87.970%* (8797/10000)
Train epoch: 118 | Loss: *0.002* | Acc: *100.000%* (50000/50000) 
Test epoch: 118 | Loss: *0.384* | Acc: *88.230%* (8823/10000)
Train epoch: 119 | Loss: *0.002* | Acc: *100.000%* (50000/50000) 
Test epoch: 119 | Loss: *0.383* | Acc: *87.980%* (8798/10000)
Train epoch: 120 | Loss: *0.002* | Acc: *100.000%* (50000/50000) 
Test epoch: 120 | Loss: *0.378* | Acc: *88.030%* (8803/10000)
Train epoch: 121 | Loss: *0.002* | Acc: *100.000%* (50000/50000) 
Test epoch: 121 | Loss: *0.376* | Acc: *88.160%* (8816/10000)
Train epoch: 122 | Loss: *0.002* | Acc: *100.000%* (50000/50000) 
Test epoch: 122 | Loss: *0.375* | Acc: *88.190%* (8819/10000)
Train epoch: 123 | Loss: *0.002* | Acc: *100.000%* (50000/50000) 
Test epoch: 123 | Loss: *0.372* | Acc: *88.240%* (8824/10000)
Train epoch: 124 | Loss: *0.002* | Acc: *100.000%* (50000/50000) 
Test epoch: 124 | Loss: *0.373* | Acc: *87.980%* (8798/10000)
Train epoch: 125 | Loss: *0.002* | Acc: *100.000%* (50000/50000) 
Test epoch: 125 | Loss: *0.374* | Acc: *88.150%* (8815/10000)
Train epoch: 126 | Loss: *0.002* | Acc: *100.000%* (50000/50000) 
Test epoch: 126 | Loss: *0.423* | Acc: *86.850%* (8685/10000)
Train epoch: 127 | Loss: *0.002* | Acc: *100.000%* (50000/50000) 
Test epoch: 127 | Loss: *0.380* | Acc: *87.920%* (8792/10000)
Train epoch: 128 | Loss: *0.002* | Acc: *100.000%* (50000/50000) 
Test epoch: 128 | Loss: *0.378* | Acc: *88.010%* (8801/10000)
Train epoch: 129 | Loss: *0.002* | Acc: *100.000%* (50000/50000) 
Test epoch: 129 | Loss: *0.379* | Acc: *87.940%* (8794/10000)
Train epoch: 130 | Loss: *0.002* | Acc: *100.000%* (50000/50000) 
Test epoch: 130 | Loss: *0.389* | Acc: *87.360%* (8736/10000)
Train epoch: 131 | Loss: *0.002* | Acc: *100.000%* (50000/50000) 
Test epoch: 131 | Loss: *0.386* | Acc: *87.610%* (8761/10000)
Train epoch: 132 | Loss: *0.002* | Acc: *100.000%* (50000/50000) 
Test epoch: 132 | Loss: *0.397* | Acc: *87.540%* (8754/10000)
Train epoch: 133 | Loss: *0.173* | Acc: *94.338%* (47169/50000) 
Test epoch: 133 | Loss: *0.854* | Acc: *72.780%* (7278/10000)
Train epoch: 134 | Loss: *0.225* | Acc: *92.658%* (46329/50000) 
Test epoch: 134 | Loss: *0.911* | Acc: *74.050%* (7405/10000)
Train epoch: 135 | Loss: *0.099* | Acc: *96.926%* (48463/50000) 
Test epoch: 135 | Loss: *0.603* | Acc: *82.830%* (8283/10000)
Train epoch: 136 | Loss: *0.050* | Acc: *98.538%* (49269/50000) 
Test epoch: 136 | Loss: *0.578* | Acc: *83.480%* (8348/10000)
Train epoch: 137 | Loss: *0.029* | Acc: *99.266%* (49633/50000) 
Test epoch: 137 | Loss: *0.691* | Acc: *81.570%* (8157/10000)
Train epoch: 138 | Loss: *0.019* | Acc: *99.564%* (49782/50000) 
Test epoch: 138 | Loss: *0.560* | Acc: *83.860%* (8386/10000)
Train epoch: 139 | Loss: *0.009* | Acc: *99.876%* (49938/50000) 
Test epoch: 139 | Loss: *0.469* | Acc: *86.210%* (8621/10000)
Train epoch: 140 | Loss: *0.004* | Acc: *99.978%* (49989/50000) 
Test epoch: 140 | Loss: *0.455* | Acc: *86.410%* (8641/10000)
Train epoch: 141 | Loss: *0.002* | Acc: *100.000%* (50000/50000) 
Test epoch: 141 | Loss: *0.405* | Acc: *87.810%* (8781/10000)
Train epoch: 142 | Loss: *0.002* | Acc: *100.000%* (50000/50000) 
Test epoch: 142 | Loss: *0.394* | Acc: *88.090%* (8809/10000)
Train epoch: 143 | Loss: *0.002* | Acc: *100.000%* (50000/50000) 
Test epoch: 143 | Loss: *0.385* | Acc: *88.120%* (8812/10000)
Train epoch: 144 | Loss: *0.002* | Acc: *100.000%* (50000/50000) 
Test epoch: 144 | Loss: *0.387* | Acc: *87.870%* (8787/10000)
Train epoch: 145 | Loss: *0.002* | Acc: *100.000%* (50000/50000) 
Test epoch: 145 | Loss: *0.376* | Acc: *88.120%* (8812/10000)
Train epoch: 146 | Loss: *0.002* | Acc: *100.000%* (50000/50000) 
Test epoch: 146 | Loss: *0.371* | Acc: *88.190%* (8819/10000)
Train epoch: 147 | Loss: *0.002* | Acc: *100.000%* (50000/50000) 
Test epoch: 147 | Loss: *0.377* | Acc: *87.870%* (8787/10000)
Train epoch: 148 | Loss: *0.002* | Acc: *100.000%* (50000/50000) 
Test epoch: 148 | Loss: *0.374* | Acc: *88.170%* (8817/10000)
Train epoch: 149 | Loss: *0.002* | Acc: *100.000%* (50000/50000) 
Test epoch: 149 | Loss: *0.384* | Acc: *87.610%* (8761/10000)
Train epoch: 150 | Loss: *0.002* | Acc: *100.000%* (50000/50000) 
Test epoch: 150 | Loss: *0.367* | Acc: *88.150%* (8815/10000)
Train epoch: 151 | Loss: *0.002* | Acc: *100.000%* (50000/50000) 
Test epoch: 151 | Loss: *0.368* | Acc: *88.200%* (8820/10000)
Train epoch: 152 | Loss: *0.002* | Acc: *100.000%* (50000/50000) 
Test epoch: 152 | Loss: *0.370* | Acc: *88.130%* (8813/10000)
Train epoch: 153 | Loss: *0.002* | Acc: *100.000%* (50000/50000) 
Test epoch: 153 | Loss: *0.370* | Acc: *87.970%* (8797/10000)
Train epoch: 154 | Loss: *0.002* | Acc: *100.000%* (50000/50000) 
Test epoch: 154 | Loss: *0.372* | Acc: *87.970%* (8797/10000)
Train epoch: 155 | Loss: *0.002* | Acc: *100.000%* (50000/50000) 
Test epoch: 155 | Loss: *0.379* | Acc: *87.750%* (8775/10000)
Train epoch: 156 | Loss: *0.002* | Acc: *100.000%* (50000/50000) 
Test epoch: 156 | Loss: *0.386* | Acc: *87.540%* (8754/10000)
Train epoch: 157 | Loss: *0.002* | Acc: *100.000%* (50000/50000) 
Test epoch: 157 | Loss: *0.374* | Acc: *87.750%* (8775/10000)
Train epoch: 158 | Loss: *0.002* | Acc: *100.000%* (50000/50000) 
Test epoch: 158 | Loss: *0.374* | Acc: *87.720%* (8772/10000)
Train epoch: 159 | Loss: *0.002* | Acc: *100.000%* (50000/50000) 
Test epoch: 159 | Loss: *0.375* | Acc: *87.850%* (8785/10000)
Train epoch: 160 | Loss: *0.002* | Acc: *100.000%* (50000/50000) 
Test epoch: 160 | Loss: *0.376* | Acc: *87.670%* (8767/10000)
Train epoch: 161 | Loss: *0.002* | Acc: *100.000%* (50000/50000) 
Test epoch: 161 | Loss: *0.382* | Acc: *87.730%* (8773/10000)
Train epoch: 162 | Loss: *0.002* | Acc: *100.000%* (50000/50000) 
Test epoch: 162 | Loss: *0.376* | Acc: *87.690%* (8769/10000)
Train epoch: 163 | Loss: *0.002* | Acc: *100.000%* (50000/50000) 
Test epoch: 163 | Loss: *0.377* | Acc: *87.620%* (8762/10000)
Train epoch: 164 | Loss: *0.002* | Acc: *100.000%* (50000/50000) 
Test epoch: 164 | Loss: *0.381* | Acc: *87.460%* (8746/10000)
Train epoch: 165 | Loss: *0.002* | Acc: *100.000%* (50000/50000) 
Test epoch: 165 | Loss: *0.382* | Acc: *87.550%* (8755/10000)
Train epoch: 166 | Loss: *0.002* | Acc: *100.000%* (50000/50000) 
Test epoch: 166 | Loss: *0.378* | Acc: *87.570%* (8757/10000)
Train epoch: 167 | Loss: *0.002* | Acc: *100.000%* (50000/50000) 
Test epoch: 167 | Loss: *0.378* | Acc: *87.650%* (8765/10000)
Train epoch: 168 | Loss: *0.002* | Acc: *100.000%* (50000/50000) 
Test epoch: 168 | Loss: *0.377* | Acc: *87.600%* (8760/10000)
Train epoch: 169 | Loss: *0.002* | Acc: *100.000%* (50000/50000) 
Test epoch: 169 | Loss: *0.381* | Acc: *87.660%* (8766/10000)
Train epoch: 170 | Loss: *0.002* | Acc: *100.000%* (50000/50000) 
Test epoch: 170 | Loss: *0.380* | Acc: *87.550%* (8755/10000)
Train epoch: 171 | Loss: *0.002* | Acc: *100.000%* (50000/50000) 
Test epoch: 171 | Loss: *0.381* | Acc: *87.590%* (8759/10000)
Train epoch: 172 | Loss: *0.002* | Acc: *100.000%* (50000/50000) 
Test epoch: 172 | Loss: *0.383* | Acc: *87.550%* (8755/10000)
Train epoch: 173 | Loss: *0.002* | Acc: *100.000%* (50000/50000) 
Test epoch: 173 | Loss: *0.382* | Acc: *87.490%* (8749/10000)
Train epoch: 174 | Loss: *0.002* | Acc: *100.000%* (50000/50000) 
Test epoch: 174 | Loss: *0.386* | Acc: *87.440%* (8744/10000)
Train epoch: 175 | Loss: *0.002* | Acc: *100.000%* (50000/50000) 
Test epoch: 175 | Loss: *0.383* | Acc: *87.370%* (8737/10000)
Train epoch: 176 | Loss: *0.002* | Acc: *100.000%* (50000/50000) 
Test epoch: 176 | Loss: *0.384* | Acc: *87.430%* (8743/10000)
Train epoch: 177 | Loss: *0.002* | Acc: *100.000%* (50000/50000) 
Test epoch: 177 | Loss: *0.385* | Acc: *87.500%* (8750/10000)
Train epoch: 178 | Loss: *0.002* | Acc: *100.000%* (50000/50000) 
Test epoch: 178 | Loss: *0.385* | Acc: *87.430%* (8743/10000)
Train epoch: 179 | Loss: *0.002* | Acc: *100.000%* (50000/50000) 
Test epoch: 179 | Loss: *0.385* | Acc: *87.320%* (8732/10000)
Train epoch: 180 | Loss: *0.002* | Acc: *100.000%* (50000/50000) 
Test epoch: 180 | Loss: *0.384* | Acc: *87.360%* (8736/10000)
Train epoch: 181 | Loss: *0.002* | Acc: *100.000%* (50000/50000) 
Test epoch: 181 | Loss: *0.385* | Acc: *87.380%* (8738/10000)
Train epoch: 182 | Loss: *0.002* | Acc: *100.000%* (50000/50000) 
Test epoch: 182 | Loss: *0.386* | Acc: *87.260%* (8726/10000)
Train epoch: 183 | Loss: *0.002* | Acc: *100.000%* (50000/50000) 
Test epoch: 183 | Loss: *0.387* | Acc: *87.320%* (8732/10000)
Train epoch: 184 | Loss: *0.002* | Acc: *100.000%* (50000/50000) 
Test epoch: 184 | Loss: *0.387* | Acc: *87.360%* (8736/10000)
Train epoch: 185 | Loss: *0.002* | Acc: *100.000%* (50000/50000) 
Test epoch: 185 | Loss: *0.387* | Acc: *87.350%* (8735/10000)
Train epoch: 186 | Loss: *0.002* | Acc: *100.000%* (50000/50000) 
Test epoch: 186 | Loss: *0.386* | Acc: *87.350%* (8735/10000)
Train epoch: 187 | Loss: *0.002* | Acc: *100.000%* (50000/50000) 
Test epoch: 187 | Loss: *0.387* | Acc: *87.380%* (8738/10000)
Train epoch: 188 | Loss: *0.002* | Acc: *100.000%* (50000/50000) 
Test epoch: 188 | Loss: *0.386* | Acc: *87.340%* (8734/10000)
Train epoch: 189 | Loss: *0.002* | Acc: *100.000%* (50000/50000) 
Test epoch: 189 | Loss: *0.387* | Acc: *87.360%* (8736/10000)
Train epoch: 190 | Loss: *0.002* | Acc: *100.000%* (50000/50000) 
Test epoch: 190 | Loss: *0.390* | Acc: *87.470%* (8747/10000)
Train epoch: 191 | Loss: *0.002* | Acc: *100.000%* (50000/50000) 
Test epoch: 191 | Loss: *0.387* | Acc: *87.390%* (8739/10000)
Train epoch: 192 | Loss: *0.002* | Acc: *100.000%* (50000/50000) 
Test epoch: 192 | Loss: *0.389* | Acc: *87.370%* (8737/10000)
Train epoch: 193 | Loss: *0.002* | Acc: *100.000%* (50000/50000) 
Test epoch: 193 | Loss: *0.389* | Acc: *87.330%* (8733/10000)
Train epoch: 194 | Loss: *0.002* | Acc: *100.000%* (50000/50000) 
Test epoch: 194 | Loss: *0.388* | Acc: *87.320%* (8732/10000)
Train epoch: 195 | Loss: *0.002* | Acc: *100.000%* (50000/50000) 
Test epoch: 195 | Loss: *0.388* | Acc: *87.310%* (8731/10000)
Train epoch: 196 | Loss: *0.002* | Acc: *100.000%* (50000/50000) 
Test epoch: 196 | Loss: *0.388* | Acc: *87.280%* (8728/10000)
Train epoch: 197 | Loss: *0.002* | Acc: *100.000%* (50000/50000) 
Test epoch: 197 | Loss: *0.387* | Acc: *87.340%* (8734/10000)
Train epoch: 198 | Loss: *0.002* | Acc: *100.000%* (50000/50000) 
Test epoch: 198 | Loss: *0.387* | Acc: *87.300%* (8730/10000)
Train epoch: 199 | Loss: *0.002* | Acc: *100.000%* (50000/50000) 
Test epoch: 199 | Loss: *0.389* | Acc: *87.270%* (8727/10000)
Train epoch: 200 | Loss: *0.002* | Acc: *100.000%* (50000/50000) 
Test epoch: 200 | Loss: *0.386* | Acc: *87.360%* (8736/10000)
Train epoch: 201 | Loss: *0.002* | Acc: *100.000%* (50000/50000) 
Test epoch: 201 | Loss: *0.390* | Acc: *87.290%* (8729/10000)
Train epoch: 202 | Loss: *0.002* | Acc: *100.000%* (50000/50000) 
Test epoch: 202 | Loss: *0.389* | Acc: *87.300%* (8730/10000)
Train epoch: 203 | Loss: *0.002* | Acc: *100.000%* (50000/50000) 
Test epoch: 203 | Loss: *0.389* | Acc: *87.420%* (8742/10000)
Train epoch: 204 | Loss: *0.002* | Acc: *100.000%* (50000/50000) 
Test epoch: 204 | Loss: *0.388* | Acc: *87.260%* (8726/10000)
Train epoch: 205 | Loss: *0.002* | Acc: *100.000%* (50000/50000) 
Test epoch: 205 | Loss: *0.390* | Acc: *87.480%* (8748/10000)
Train epoch: 206 | Loss: *0.002* | Acc: *100.000%* (50000/50000) 
Test epoch: 206 | Loss: *0.387* | Acc: *87.330%* (8733/10000)
Train epoch: 207 | Loss: *0.002* | Acc: *100.000%* (50000/50000) 
Test epoch: 207 | Loss: *0.387* | Acc: *87.380%* (8738/10000)
Train epoch: 208 | Loss: *0.002* | Acc: *100.000%* (50000/50000) 
Test epoch: 208 | Loss: *0.389* | Acc: *87.370%* (8737/10000)
Train epoch: 209 | Loss: *0.002* | Acc: *100.000%* (50000/50000) 
Test epoch: 209 | Loss: *0.386* | Acc: *87.310%* (8731/10000)
Train epoch: 210 | Loss: *0.002* | Acc: *100.000%* (50000/50000) 
Test epoch: 210 | Loss: *0.389* | Acc: *87.310%* (8731/10000)
Train epoch: 211 | Loss: *0.002* | Acc: *100.000%* (50000/50000) 
Test epoch: 211 | Loss: *0.388* | Acc: *87.320%* (8732/10000)
Train epoch: 212 | Loss: *0.002* | Acc: *100.000%* (50000/50000) 
Test epoch: 212 | Loss: *0.389* | Acc: *87.320%* (8732/10000)
Train epoch: 213 | Loss: *0.002* | Acc: *100.000%* (50000/50000) 
Test epoch: 213 | Loss: *0.389* | Acc: *87.330%* (8733/10000)
Train epoch: 214 | Loss: *0.002* | Acc: *100.000%* (50000/50000) 
Test epoch: 214 | Loss: *0.390* | Acc: *87.300%* (8730/10000)
Train epoch: 215 | Loss: *0.002* | Acc: *100.000%* (50000/50000) 
Test epoch: 215 | Loss: *0.390* | Acc: *87.350%* (8735/10000)
Train epoch: 216 | Loss: *0.002* | Acc: *100.000%* (50000/50000) 
Test epoch: 216 | Loss: *0.389* | Acc: *87.380%* (8738/10000)
Train epoch: 217 | Loss: *0.002* | Acc: *100.000%* (50000/50000) 
Test epoch: 217 | Loss: *0.390* | Acc: *87.310%* (8731/10000)
Train epoch: 218 | Loss: *0.002* | Acc: *100.000%* (50000/50000) 
Test epoch: 218 | Loss: *0.390* | Acc: *87.290%* (8729/10000)
Train epoch: 219 | Loss: *0.002* | Acc: *100.000%* (50000/50000) 
Test epoch: 219 | Loss: *0.389* | Acc: *87.300%* (8730/10000)
Train epoch: 220 | Loss: *0.002* | Acc: *100.000%* (50000/50000) 
Test epoch: 220 | Loss: *0.390* | Acc: *87.360%* (8736/10000)
Train epoch: 221 | Loss: *0.002* | Acc: *100.000%* (50000/50000) 
Test epoch: 221 | Loss: *0.391* | Acc: *87.260%* (8726/10000)
Train epoch: 222 | Loss: *0.002* | Acc: *100.000%* (50000/50000) 
Test epoch: 222 | Loss: *0.392* | Acc: *87.140%* (8714/10000)
Train epoch: 223 | Loss: *0.002* | Acc: *100.000%* (50000/50000) 
Test epoch: 223 | Loss: *0.393* | Acc: *87.190%* (8719/10000)
Train epoch: 224 | Loss: *0.002* | Acc: *100.000%* (50000/50000) 
Test epoch: 224 | Loss: *0.392* | Acc: *87.190%* (8719/10000)
Train epoch: 225 | Loss: *0.002* | Acc: *100.000%* (50000/50000) 
Test epoch: 225 | Loss: *0.393* | Acc: *87.270%* (8727/10000)
Train epoch: 226 | Loss: *0.002* | Acc: *100.000%* (50000/50000) 
Test epoch: 226 | Loss: *0.393* | Acc: *87.150%* (8715/10000)
Train epoch: 227 | Loss: *0.002* | Acc: *100.000%* (50000/50000) 
Test epoch: 227 | Loss: *0.403* | Acc: *86.950%* (8695/10000)
Train epoch: 228 | Loss: *0.002* | Acc: *100.000%* (50000/50000) 
Test epoch: 228 | Loss: *0.394* | Acc: *87.370%* (8737/10000)
Train epoch: 229 | Loss: *0.002* | Acc: *100.000%* (50000/50000) 
Test epoch: 229 | Loss: *0.396* | Acc: *87.170%* (8717/10000)
Train epoch: 230 | Loss: *0.002* | Acc: *100.000%* (50000/50000) 
Test epoch: 230 | Loss: *0.405* | Acc: *87.050%* (8705/10000)
Train epoch: 231 | Loss: *0.002* | Acc: *100.000%* (50000/50000) 
Test epoch: 231 | Loss: *0.403* | Acc: *87.040%* (8704/10000)
Train epoch: 232 | Loss: *0.002* | Acc: *100.000%* (50000/50000) 
Test epoch: 232 | Loss: *0.401* | Acc: *87.140%* (8714/10000)
Train epoch: 233 | Loss: *0.002* | Acc: *100.000%* (50000/50000) 
Test epoch: 233 | Loss: *0.407* | Acc: *87.050%* (8705/10000)
Train epoch: 234 | Loss: *0.002* | Acc: *100.000%* (50000/50000) 
Test epoch: 234 | Loss: *0.413* | Acc: *86.970%* (8697/10000)
Train epoch: 235 | Loss: *0.002* | Acc: *100.000%* (50000/50000) 
Test epoch: 235 | Loss: *0.405* | Acc: *87.050%* (8705/10000)
Train epoch: 236 | Loss: *0.002* | Acc: *100.000%* (50000/50000) 
Test epoch: 236 | Loss: *0.421* | Acc: *86.600%* (8660/10000)
Train epoch: 237 | Loss: *0.002* | Acc: *100.000%* (50000/50000) 
Test epoch: 237 | Loss: *0.422* | Acc: *86.560%* (8656/10000)
Train epoch: 238 | Loss: *0.002* | Acc: *100.000%* (50000/50000) 
Test epoch: 238 | Loss: *0.414* | Acc: *86.930%* (8693/10000)
Train epoch: 239 | Loss: *0.002* | Acc: *100.000%* (50000/50000) 
Test epoch: 239 | Loss: *0.417* | Acc: *86.840%* (8684/10000)
Train epoch: 240 | Loss: *0.002* | Acc: *100.000%* (50000/50000) 
Test epoch: 240 | Loss: *0.440* | Acc: *86.340%* (8634/10000)
Train epoch: 241 | Loss: *0.002* | Acc: *100.000%* (50000/50000) 
Test epoch: 241 | Loss: *0.446* | Acc: *85.770%* (8577/10000)
Train epoch: 242 | Loss: *0.002* | Acc: *100.000%* (50000/50000) 
Test epoch: 242 | Loss: *0.427* | Acc: *86.470%* (8647/10000)
Train epoch: 243 | Loss: *0.123* | Acc: *96.362%* (48181/50000) 
Test epoch: 243 | Loss: *1.142* | Acc: *68.570%* (6857/10000)
Train epoch: 244 | Loss: *0.116* | Acc: *96.618%* (48309/50000) 
Test epoch: 244 | Loss: *0.611* | Acc: *80.630%* (8063/10000)
Train epoch: 245 | Loss: *0.069* | Acc: *98.124%* (49062/50000) 
Test epoch: 245 | Loss: *0.611* | Acc: *80.870%* (8087/10000)
Train epoch: 246 | Loss: *0.053* | Acc: *98.558%* (49279/50000) 
Test epoch: 246 | Loss: *0.711* | Acc: *79.500%* (7950/10000)
Train epoch: 247 | Loss: *0.039* | Acc: *98.968%* (49484/50000) 
Test epoch: 247 | Loss: *0.554* | Acc: *83.560%* (8356/10000)
Train epoch: 248 | Loss: *0.034* | Acc: *99.076%* (49538/50000) 
Test epoch: 248 | Loss: *0.646* | Acc: *81.100%* (8110/10000)
Train epoch: 249 | Loss: *0.029* | Acc: *99.202%* (49601/50000) 
Test epoch: 249 | Loss: *0.557* | Acc: *84.540%* (8454/10000)
Train epoch: 250 | Loss: *0.024* | Acc: *99.452%* (49726/50000) 
Test epoch: 250 | Loss: *0.620* | Acc: *82.430%* (8243/10000)
Train epoch: 251 | Loss: *0.021* | Acc: *99.516%* (49758/50000) 
Test epoch: 251 | Loss: *0.765* | Acc: *80.340%* (8034/10000)
Train epoch: 252 | Loss: *0.021* | Acc: *99.524%* (49762/50000) 
Test epoch: 252 | Loss: *0.672* | Acc: *81.910%* (8191/10000)
Train epoch: 253 | Loss: *0.022* | Acc: *99.496%* (49748/50000) 
Test epoch: 253 | Loss: *0.705* | Acc: *80.940%* (8094/10000)
Train epoch: 254 | Loss: *0.024* | Acc: *99.344%* (49672/50000) 
Test epoch: 254 | Loss: *0.576* | Acc: *83.840%* (8384/10000)
Train epoch: 255 | Loss: *0.025* | Acc: *99.332%* (49666/50000) 
Test epoch: 255 | Loss: *0.592* | Acc: *83.890%* (8389/10000)
Train epoch: 256 | Loss: *0.024* | Acc: *99.346%* (49673/50000) 
Test epoch: 256 | Loss: *0.661* | Acc: *82.010%* (8201/10000)
Train epoch: 257 | Loss: *0.026* | Acc: *99.324%* (49662/50000) 
Test epoch: 257 | Loss: *0.619* | Acc: *83.350%* (8335/10000)
Train epoch: 258 | Loss: *0.025* | Acc: *99.344%* (49672/50000) 
Test epoch: 258 | Loss: *0.712* | Acc: *81.840%* (8184/10000)
Train epoch: 259 | Loss: *0.025* | Acc: *99.340%* (49670/50000) 
Test epoch: 259 | Loss: *0.581* | Acc: *83.600%* (8360/10000)
Train epoch: 260 | Loss: *0.029* | Acc: *99.204%* (49602/50000) 
Test epoch: 260 | Loss: *0.561* | Acc: *84.370%* (8437/10000)
Train epoch: 261 | Loss: *0.026* | Acc: *99.282%* (49641/50000) 
Test epoch: 261 | Loss: *0.651* | Acc: *82.100%* (8210/10000)
Train epoch: 262 | Loss: *0.028* | Acc: *99.182%* (49591/50000) 
Test epoch: 262 | Loss: *0.646* | Acc: *82.390%* (8239/10000)
Train epoch: 263 | Loss: *0.032* | Acc: *99.078%* (49539/50000) 
Test epoch: 263 | Loss: *0.598* | Acc: *83.650%* (8365/10000)
Train epoch: 264 | Loss: *0.028* | Acc: *99.212%* (49606/50000) 
Test epoch: 264 | Loss: *0.608* | Acc: *83.750%* (8375/10000)
Train epoch: 265 | Loss: *0.025* | Acc: *99.296%* (49648/50000) 
Test epoch: 265 | Loss: *0.605* | Acc: *83.540%* (8354/10000)
Train epoch: 266 | Loss: *0.026* | Acc: *99.314%* (49657/50000) 
Test epoch: 266 | Loss: *0.621* | Acc: *82.930%* (8293/10000)
Train epoch: 267 | Loss: *0.025* | Acc: *99.310%* (49655/50000) 
Test epoch: 267 | Loss: *0.607* | Acc: *83.780%* (8378/10000)
Train epoch: 268 | Loss: *0.031* | Acc: *99.126%* (49563/50000) 
Test epoch: 268 | Loss: *0.702* | Acc: *82.150%* (8215/10000)
Train epoch: 269 | Loss: *0.033* | Acc: *99.088%* (49544/50000) 
Test epoch: 269 | Loss: *0.599* | Acc: *84.040%* (8404/10000)
Train epoch: 270 | Loss: *0.032* | Acc: *99.062%* (49531/50000) 
Test epoch: 270 | Loss: *0.660* | Acc: *82.300%* (8230/10000)
Train epoch: 271 | Loss: *0.031* | Acc: *99.108%* (49554/50000) 
Test epoch: 271 | Loss: *0.733* | Acc: *81.060%* (8106/10000)
Train epoch: 272 | Loss: *0.029* | Acc: *99.216%* (49608/50000) 
Test epoch: 272 | Loss: *0.603* | Acc: *82.570%* (8257/10000)
Train epoch: 273 | Loss: *0.022* | Acc: *99.442%* (49721/50000) 
Test epoch: 273 | Loss: *0.656* | Acc: *82.930%* (8293/10000)
Train epoch: 274 | Loss: *0.031* | Acc: *99.062%* (49531/50000) 
Test epoch: 274 | Loss: *0.886* | Acc: *77.580%* (7758/10000)
Train epoch: 275 | Loss: *0.041* | Acc: *98.746%* (49373/50000) 
Test epoch: 275 | Loss: *0.596* | Acc: *83.880%* (8388/10000)
Train epoch: 276 | Loss: *0.039* | Acc: *98.864%* (49432/50000) 
Test epoch: 276 | Loss: *0.650* | Acc: *82.520%* (8252/10000)
Train epoch: 277 | Loss: *0.036* | Acc: *98.870%* (49435/50000) 
Test epoch: 277 | Loss: *0.603* | Acc: *83.680%* (8368/10000)
Train epoch: 278 | Loss: *0.036* | Acc: *98.932%* (49466/50000) 
Test epoch: 278 | Loss: *0.621* | Acc: *82.950%* (8295/10000)
Train epoch: 279 | Loss: *0.030* | Acc: *99.148%* (49574/50000) 
Test epoch: 279 | Loss: *0.640* | Acc: *83.270%* (8327/10000)
Train epoch: 280 | Loss: *0.033* | Acc: *99.038%* (49519/50000) 
Test epoch: 280 | Loss: *0.652* | Acc: *83.460%* (8346/10000)
Train epoch: 281 | Loss: *0.037* | Acc: *98.894%* (49447/50000) 
Test epoch: 281 | Loss: *0.645* | Acc: *82.310%* (8231/10000)
Train epoch: 282 | Loss: *0.040* | Acc: *98.720%* (49360/50000) 
Test epoch: 282 | Loss: *0.602* | Acc: *83.470%* (8347/10000)
Train epoch: 283 | Loss: *0.040* | Acc: *98.770%* (49385/50000) 
Test epoch: 283 | Loss: *0.772* | Acc: *80.630%* (8063/10000)
Train epoch: 284 | Loss: *0.038* | Acc: *98.842%* (49421/50000) 
Test epoch: 284 | Loss: *0.673* | Acc: *81.990%* (8199/10000)
Train epoch: 285 | Loss: *0.045* | Acc: *98.646%* (49323/50000) 
Test epoch: 285 | Loss: *0.633* | Acc: *82.890%* (8289/10000)
Train epoch: 286 | Loss: *0.043* | Acc: *98.670%* (49335/50000) 
Test epoch: 286 | Loss: *0.719* | Acc: *81.210%* (8121/10000)
Train epoch: 287 | Loss: *0.042* | Acc: *98.734%* (49367/50000) 
Test epoch: 287 | Loss: *0.722* | Acc: *81.440%* (8144/10000)
Train epoch: 288 | Loss: *0.046* | Acc: *98.590%* (49295/50000) 
Test epoch: 288 | Loss: *0.655* | Acc: *82.370%* (8237/10000)
Train epoch: 289 | Loss: *0.041* | Acc: *98.740%* (49370/50000) 
Test epoch: 289 | Loss: *0.768* | Acc: *79.640%* (7964/10000)
Train epoch: 290 | Loss: *0.043* | Acc: *98.670%* (49335/50000) 
Test epoch: 290 | Loss: *0.661* | Acc: *82.490%* (8249/10000)
Train epoch: 291 | Loss: *0.045* | Acc: *98.612%* (49306/50000) 
Test epoch: 291 | Loss: *0.655* | Acc: *82.400%* (8240/10000)
Train epoch: 292 | Loss: *0.039* | Acc: *98.788%* (49394/50000) 
Test epoch: 292 | Loss: *0.657* | Acc: *82.610%* (8261/10000)
Train epoch: 293 | Loss: *0.047* | Acc: *98.506%* (49253/50000) 
Test epoch: 293 | Loss: *0.689* | Acc: *81.830%* (8183/10000)
Train epoch: 294 | Loss: *0.045* | Acc: *98.592%* (49296/50000) 
Test epoch: 294 | Loss: *0.568* | Acc: *83.680%* (8368/10000)
Train epoch: 295 | Loss: *0.050* | Acc: *98.374%* (49187/50000) 
Test epoch: 295 | Loss: *0.667* | Acc: *81.940%* (8194/10000)
Train epoch: 296 | Loss: *0.049* | Acc: *98.504%* (49252/50000) 
Test epoch: 296 | Loss: *0.679* | Acc: *82.320%* (8232/10000)
Train epoch: 297 | Loss: *0.050* | Acc: *98.382%* (49191/50000) 
Test epoch: 297 | Loss: *0.648* | Acc: *82.990%* (8299/10000)
Train epoch: 298 | Loss: *0.048* | Acc: *98.494%* (49247/50000) 
Test epoch: 298 | Loss: *0.732* | Acc: *81.360%* (8136/10000)
Train epoch: 299 | Loss: *0.051* | Acc: *98.372%* (49186/50000) 
Test epoch: 299 | Loss: *0.746* | Acc: *79.870%* (7987/10000)
Train epoch: 300 | Loss: *0.050* | Acc: *98.376%* (49188/50000) 
Test epoch: 300 | Loss: *0.656* | Acc: *81.980%* (8198/10000)
Train epoch: 301 | Loss: *0.053* | Acc: *98.304%* (49152/50000) 
Test epoch: 301 | Loss: *0.674* | Acc: *82.560%* (8256/10000)
Train epoch: 302 | Loss: *0.055* | Acc: *98.196%* (49098/50000) 
Test epoch: 302 | Loss: *0.728* | Acc: *82.050%* (8205/10000)
Train epoch: 303 | Loss: *0.057* | Acc: *98.138%* (49069/50000) 
Test epoch: 303 | Loss: *0.684* | Acc: *82.070%* (8207/10000)
Train epoch: 304 | Loss: *0.054* | Acc: *98.236%* (49118/50000) 
Test epoch: 304 | Loss: *0.905* | Acc: *78.250%* (7825/10000)
Train epoch: 305 | Loss: *0.058* | Acc: *98.102%* (49051/50000) 
Test epoch: 305 | Loss: *0.671* | Acc: *81.330%* (8133/10000)
Train epoch: 306 | Loss: *0.057* | Acc: *98.120%* (49060/50000) 
Test epoch: 306 | Loss: *0.813* | Acc: *80.230%* (8023/10000)
Train epoch: 307 | Loss: *0.054* | Acc: *98.318%* (49159/50000) 
Test epoch: 307 | Loss: *0.817* | Acc: *79.360%* (7936/10000)
Train epoch: 308 | Loss: *0.056* | Acc: *98.184%* (49092/50000) 
Test epoch: 308 | Loss: *0.796* | Acc: *79.620%* (7962/10000)
Train epoch: 309 | Loss: *0.059* | Acc: *98.144%* (49072/50000) 
Test epoch: 309 | Loss: *0.662* | Acc: *82.160%* (8216/10000)
Train epoch: 310 | Loss: *0.056* | Acc: *98.236%* (49118/50000) 
Test epoch: 310 | Loss: *0.696* | Acc: *81.270%* (8127/10000)
Train epoch: 311 | Loss: *0.058* | Acc: *98.166%* (49083/50000) 
Test epoch: 311 | Loss: *0.852* | Acc: *77.300%* (7730/10000)
Train epoch: 312 | Loss: *0.063* | Acc: *97.992%* (48996/50000) 
Test epoch: 312 | Loss: *0.920* | Acc: *77.560%* (7756/10000)
Train epoch: 313 | Loss: *0.064* | Acc: *97.932%* (48966/50000) 
Test epoch: 313 | Loss: *0.612* | Acc: *83.440%* (8344/10000)
Train epoch: 314 | Loss: *0.063* | Acc: *97.990%* (48995/50000) 
Test epoch: 314 | Loss: *0.791* | Acc: *80.940%* (8094/10000)
Train epoch: 315 | Loss: *0.061* | Acc: *97.992%* (48996/50000) 
Test epoch: 315 | Loss: *0.678* | Acc: *81.730%* (8173/10000)
Train epoch: 316 | Loss: *0.066* | Acc: *97.776%* (48888/50000) 
Test epoch: 316 | Loss: *0.781* | Acc: *79.110%* (7911/10000)
Train epoch: 317 | Loss: *0.059* | Acc: *98.124%* (49062/50000) 
Test epoch: 317 | Loss: *1.359* | Acc: *72.880%* (7288/10000)
Train epoch: 318 | Loss: *0.071* | Acc: *97.652%* (48826/50000) 
Test epoch: 318 | Loss: *0.800* | Acc: *80.200%* (8020/10000)
Train epoch: 319 | Loss: *0.071* | Acc: *97.642%* (48821/50000) 
Test epoch: 319 | Loss: *1.091* | Acc: *71.650%* (7165/10000)
Train epoch: 320 | Loss: *0.062* | Acc: *97.998%* (48999/50000) 
Test epoch: 320 | Loss: *0.632* | Acc: *83.430%* (8343/10000)
Train epoch: 321 | Loss: *0.063* | Acc: *98.014%* (49007/50000) 
Test epoch: 321 | Loss: *0.722* | Acc: *80.900%* (8090/10000)
Train epoch: 322 | Loss: *0.072* | Acc: *97.666%* (48833/50000) 
Test epoch: 322 | Loss: *0.739* | Acc: *80.440%* (8044/10000)
Train epoch: 323 | Loss: *0.072* | Acc: *97.618%* (48809/50000) 
Test epoch: 323 | Loss: *0.606* | Acc: *83.140%* (8314/10000)
Train epoch: 324 | Loss: *0.070* | Acc: *97.706%* (48853/50000) 
Test epoch: 324 | Loss: *0.831* | Acc: *78.120%* (7812/10000)
Train epoch: 325 | Loss: *0.068* | Acc: *97.750%* (48875/50000) 
Test epoch: 325 | Loss: *1.080* | Acc: *75.900%* (7590/10000)
Train epoch: 326 | Loss: *0.076* | Acc: *97.492%* (48746/50000) 
Test epoch: 326 | Loss: *0.716* | Acc: *81.750%* (8175/10000)
Train epoch: 327 | Loss: *0.076* | Acc: *97.472%* (48736/50000) 
Test epoch: 327 | Loss: *0.850* | Acc: *76.820%* (7682/10000)
Train epoch: 328 | Loss: *0.072* | Acc: *97.676%* (48838/50000) 
Test epoch: 328 | Loss: *0.808* | Acc: *78.980%* (7898/10000)
Train epoch: 329 | Loss: *0.073* | Acc: *97.642%* (48821/50000) 
Test epoch: 329 | Loss: *0.688* | Acc: *81.390%* (8139/10000)
Train epoch: 330 | Loss: *0.070* | Acc: *97.728%* (48864/50000) 
Test epoch: 330 | Loss: *0.666* | Acc: *81.540%* (8154/10000)
Train epoch: 331 | Loss: *0.079* | Acc: *97.410%* (48705/50000) 
Test epoch: 331 | Loss: *0.846* | Acc: *79.980%* (7998/10000)
Train epoch: 332 | Loss: *0.075* | Acc: *97.524%* (48762/50000) 
Test epoch: 332 | Loss: *0.698* | Acc: *80.470%* (8047/10000)
Train epoch: 333 | Loss: *0.083* | Acc: *97.318%* (48659/50000) 
Test epoch: 333 | Loss: *0.724* | Acc: *80.360%* (8036/10000)
Train epoch: 334 | Loss: *0.082* | Acc: *97.214%* (48607/50000) 
Test epoch: 334 | Loss: *0.668* | Acc: *81.640%* (8164/10000)
Train epoch: 335 | Loss: *0.073* | Acc: *97.624%* (48812/50000) 
Test epoch: 335 | Loss: *1.048* | Acc: *76.320%* (7632/10000)
Train epoch: 336 | Loss: *0.082* | Acc: *97.240%* (48620/50000) 
Test epoch: 336 | Loss: *0.645* | Acc: *81.970%* (8197/10000)
Train epoch: 337 | Loss: *0.080* | Acc: *97.344%* (48672/50000) 
Test epoch: 337 | Loss: *0.731* | Acc: *79.960%* (7996/10000)
Train epoch: 338 | Loss: *0.084* | Acc: *97.190%* (48595/50000) 
Test epoch: 338 | Loss: *0.702* | Acc: *81.620%* (8162/10000)
Train epoch: 339 | Loss: *0.080* | Acc: *97.374%* (48687/50000) 
Test epoch: 339 | Loss: *0.780* | Acc: *79.590%* (7959/10000)
Train epoch: 340 | Loss: *0.078* | Acc: *97.432%* (48716/50000) 
Test epoch: 340 | Loss: *0.653* | Acc: *81.300%* (8130/10000)
Train epoch: 341 | Loss: *0.085* | Acc: *97.170%* (48585/50000) 
Test epoch: 341 | Loss: *0.628* | Acc: *82.080%* (8208/10000)
Train epoch: 342 | Loss: *0.090* | Acc: *97.062%* (48531/50000) 
Test epoch: 342 | Loss: *0.670* | Acc: *81.810%* (8181/10000)
Train epoch: 343 | Loss: *0.088* | Acc: *97.088%* (48544/50000) 
Test epoch: 343 | Loss: *0.757* | Acc: *79.200%* (7920/10000)
Train epoch: 344 | Loss: *0.079* | Acc: *97.306%* (48653/50000) 
Test epoch: 344 | Loss: *0.647* | Acc: *82.120%* (8212/10000)
Train epoch: 345 | Loss: *0.079* | Acc: *97.378%* (48689/50000) 
Test epoch: 345 | Loss: *0.727* | Acc: *80.910%* (8091/10000)
Train epoch: 346 | Loss: *0.090* | Acc: *96.920%* (48460/50000) 
Test epoch: 346 | Loss: *0.682* | Acc: *81.190%* (8119/10000)
Train epoch: 347 | Loss: *0.092* | Acc: *96.996%* (48498/50000) 
Test epoch: 347 | Loss: *0.663* | Acc: *81.480%* (8148/10000)
Train epoch: 348 | Loss: *0.083* | Acc: *97.256%* (48628/50000) 
Test epoch: 348 | Loss: *0.684* | Acc: *81.350%* (8135/10000)
Train epoch: 349 | Loss: *0.088* | Acc: *97.050%* (48525/50000) 
Test epoch: 349 | Loss: *0.662* | Acc: *81.370%* (8137/10000)
Train epoch: 350 | Loss: *0.085* | Acc: *97.192%* (48596/50000) 
Test epoch: 350 | Loss: *0.879* | Acc: *78.020%* (7802/10000)
Train epoch: 351 | Loss: *0.096* | Acc: *96.756%* (48378/50000) 
Test epoch: 351 | Loss: *0.858* | Acc: *77.900%* (7790/10000)
Train epoch: 352 | Loss: *0.088* | Acc: *97.066%* (48533/50000) 
Test epoch: 352 | Loss: *0.653* | Acc: *81.910%* (8191/10000)
Train epoch: 353 | Loss: *0.089* | Acc: *96.942%* (48471/50000) 
Test epoch: 353 | Loss: *0.796* | Acc: *78.110%* (7811/10000)
Train epoch: 354 | Loss: *0.095* | Acc: *96.818%* (48409/50000) 
Test epoch: 354 | Loss: *1.174* | Acc: *70.090%* (7009/10000)
Train epoch: 355 | Loss: *0.090* | Acc: *97.046%* (48523/50000) 
Test epoch: 355 | Loss: *0.851* | Acc: *79.100%* (7910/10000)
Train epoch: 356 | Loss: *0.096* | Acc: *96.738%* (48369/50000) 
Test epoch: 356 | Loss: *0.841* | Acc: *77.160%* (7716/10000)
Train epoch: 357 | Loss: *0.088* | Acc: *97.106%* (48553/50000) 
Test epoch: 357 | Loss: *0.721* | Acc: *80.690%* (8069/10000)
Train epoch: 358 | Loss: *0.098* | Acc: *96.676%* (48338/50000) 
Test epoch: 358 | Loss: *0.663* | Acc: *82.100%* (8210/10000)
Train epoch: 359 | Loss: *0.093* | Acc: *96.858%* (48429/50000) 
Test epoch: 359 | Loss: *0.698* | Acc: *81.200%* (8120/10000)
Train epoch: 360 | Loss: *0.095* | Acc: *96.810%* (48405/50000) 
Test epoch: 360 | Loss: *0.638* | Acc: *81.260%* (8126/10000)
Train epoch: 361 | Loss: *0.096* | Acc: *96.806%* (48403/50000) 
Test epoch: 361 | Loss: *0.684* | Acc: *81.400%* (8140/10000)
Train epoch: 362 | Loss: *0.094* | Acc: *96.898%* (48449/50000) 
Test epoch: 362 | Loss: *1.021* | Acc: *75.980%* (7598/10000)
Train epoch: 363 | Loss: *0.100* | Acc: *96.634%* (48317/50000) 
Test epoch: 363 | Loss: *0.658* | Acc: *81.450%* (8145/10000)
Train epoch: 364 | Loss: *0.099* | Acc: *96.668%* (48334/50000) 
Test epoch: 364 | Loss: *0.805* | Acc: *77.360%* (7736/10000)
Train epoch: 365 | Loss: *0.095* | Acc: *96.832%* (48416/50000) 
Test epoch: 365 | Loss: *0.852* | Acc: *77.640%* (7764/10000)
Train epoch: 366 | Loss: *0.096* | Acc: *96.762%* (48381/50000) 
Test epoch: 366 | Loss: *0.739* | Acc: *79.890%* (7989/10000)
Train epoch: 367 | Loss: *0.102* | Acc: *96.506%* (48253/50000) 
Test epoch: 367 | Loss: *0.908* | Acc: *75.940%* (7594/10000)
Train epoch: 368 | Loss: *0.102* | Acc: *96.538%* (48269/50000) 
Test epoch: 368 | Loss: *0.821* | Acc: *79.370%* (7937/10000)
Train epoch: 369 | Loss: *0.095* | Acc: *96.826%* (48413/50000) 
Test epoch: 369 | Loss: *0.771* | Acc: *79.010%* (7901/10000)
Train epoch: 370 | Loss: *0.100* | Acc: *96.660%* (48330/50000) 
Test epoch: 370 | Loss: *0.642* | Acc: *81.980%* (8198/10000)
Train epoch: 371 | Loss: *0.101* | Acc: *96.634%* (48317/50000) 
Test epoch: 371 | Loss: *0.668* | Acc: *81.250%* (8125/10000)
Train epoch: 372 | Loss: *0.100* | Acc: *96.590%* (48295/50000) 
Test epoch: 372 | Loss: *0.757* | Acc: *79.170%* (7917/10000)
Train epoch: 373 | Loss: *0.102* | Acc: *96.646%* (48323/50000) 
Test epoch: 373 | Loss: *0.874* | Acc: *77.490%* (7749/10000)
Train epoch: 374 | Loss: *0.094* | Acc: *96.852%* (48426/50000) 
Test epoch: 374 | Loss: *0.926* | Acc: *78.160%* (7816/10000)
Train epoch: 375 | Loss: *0.101* | Acc: *96.562%* (48281/50000) 
Test epoch: 375 | Loss: *0.814* | Acc: *78.800%* (7880/10000)
Train epoch: 376 | Loss: *0.105* | Acc: *96.524%* (48262/50000) 
Test epoch: 376 | Loss: *0.570* | Acc: *82.480%* (8248/10000)
Train epoch: 377 | Loss: *0.101* | Acc: *96.558%* (48279/50000) 
Test epoch: 377 | Loss: *0.618* | Acc: *81.810%* (8181/10000)
Train epoch: 378 | Loss: *0.101* | Acc: *96.698%* (48349/50000) 
Test epoch: 378 | Loss: *0.696* | Acc: *80.810%* (8081/10000)
Train epoch: 379 | Loss: *0.105* | Acc: *96.476%* (48238/50000) 
Test epoch: 379 | Loss: *0.700* | Acc: *79.750%* (7975/10000)
Train epoch: 380 | Loss: *0.100* | Acc: *96.606%* (48303/50000) 
Test epoch: 380 | Loss: *0.861* | Acc: *76.630%* (7663/10000)
Train epoch: 381 | Loss: *0.102* | Acc: *96.556%* (48278/50000) 
Test epoch: 381 | Loss: *0.734* | Acc: *80.250%* (8025/10000)
Train epoch: 382 | Loss: *0.101* | Acc: *96.626%* (48313/50000) 
Test epoch: 382 | Loss: *0.757* | Acc: *80.140%* (8014/10000)
Train epoch: 383 | Loss: *0.097* | Acc: *96.806%* (48403/50000) 
Test epoch: 383 | Loss: *0.979* | Acc: *75.720%* (7572/10000)
Train epoch: 384 | Loss: *0.104* | Acc: *96.576%* (48288/50000) 
Test epoch: 384 | Loss: *0.632* | Acc: *81.730%* (8173/10000)
Train epoch: 385 | Loss: *0.103* | Acc: *96.452%* (48226/50000) 
Test epoch: 385 | Loss: *0.837* | Acc: *79.510%* (7951/10000)
Train epoch: 386 | Loss: *0.104* | Acc: *96.578%* (48289/50000) 
Test epoch: 386 | Loss: *0.727* | Acc: *80.400%* (8040/10000)
Train epoch: 387 | Loss: *0.102* | Acc: *96.648%* (48324/50000) 
Test epoch: 387 | Loss: *0.810* | Acc: *78.390%* (7839/10000)
Train epoch: 388 | Loss: *0.109* | Acc: *96.360%* (48180/50000) 
Test epoch: 388 | Loss: *0.693* | Acc: *79.870%* (7987/10000)
Train epoch: 389 | Loss: *0.101* | Acc: *96.676%* (48338/50000) 
Test epoch: 389 | Loss: *0.701* | Acc: *81.880%* (8188/10000)
Train epoch: 390 | Loss: *0.102* | Acc: *96.544%* (48272/50000) 
Test epoch: 390 | Loss: *0.747* | Acc: *78.960%* (7896/10000)
Train epoch: 391 | Loss: *0.104* | Acc: *96.492%* (48246/50000) 
Test epoch: 391 | Loss: *0.658* | Acc: *81.180%* (8118/10000)
Train epoch: 392 | Loss: *0.098* | Acc: *96.730%* (48365/50000) 
Test epoch: 392 | Loss: *0.738* | Acc: *80.000%* (8000/10000)
Train epoch: 393 | Loss: *0.105* | Acc: *96.520%* (48260/50000) 
Test epoch: 393 | Loss: *0.612* | Acc: *82.830%* (8283/10000)
Train epoch: 394 | Loss: *0.109* | Acc: *96.332%* (48166/50000) 
Test epoch: 394 | Loss: *0.688* | Acc: *81.070%* (8107/10000)
Train epoch: 395 | Loss: *0.102* | Acc: *96.598%* (48299/50000) 
Test epoch: 395 | Loss: *0.784* | Acc: *79.090%* (7909/10000)
Train epoch: 396 | Loss: *0.105* | Acc: *96.458%* (48229/50000) 
Test epoch: 396 | Loss: *0.849* | Acc: *77.880%* (7788/10000)
Train epoch: 397 | Loss: *0.101* | Acc: *96.656%* (48328/50000) 
Test epoch: 397 | Loss: *0.697* | Acc: *81.620%* (8162/10000)
Train epoch: 398 | Loss: *0.106* | Acc: *96.450%* (48225/50000) 
Test epoch: 398 | Loss: *0.694* | Acc: *81.030%* (8103/10000)
Train epoch: 399 | Loss: *0.103* | Acc: *96.530%* (48265/50000) 
Test epoch: 399 | Loss: *1.093* | Acc: *74.650%* (7465/10000)
Train epoch: 400 | Loss: *0.106* | Acc: *96.406%* (48203/50000) 
Test epoch: 400 | Loss: *0.614* | Acc: *82.600%* (8260/10000)
Train epoch: 401 | Loss: *0.106* | Acc: *96.492%* (48246/50000) 
Test epoch: 401 | Loss: *0.829* | Acc: *77.450%* (7745/10000)
Train epoch: 402 | Loss: *0.105* | Acc: *96.518%* (48259/50000) 
Test epoch: 402 | Loss: *0.600* | Acc: *82.150%* (8215/10000)
Train epoch: 403 | Loss: *0.100* | Acc: *96.680%* (48340/50000) 
Test epoch: 403 | Loss: *0.572* | Acc: *83.020%* (8302/10000)
Train epoch: 404 | Loss: *0.100* | Acc: *96.636%* (48318/50000) 
Test epoch: 404 | Loss: *0.685* | Acc: *81.590%* (8159/10000)
Train epoch: 405 | Loss: *0.106* | Acc: *96.404%* (48202/50000) 
Test epoch: 405 | Loss: *0.602* | Acc: *81.750%* (8175/10000)
Train epoch: 406 | Loss: *0.104* | Acc: *96.524%* (48262/50000) 
Test epoch: 406 | Loss: *1.054* | Acc: *72.610%* (7261/10000)
Train epoch: 407 | Loss: *0.103* | Acc: *96.592%* (48296/50000) 
Test epoch: 407 | Loss: *0.981* | Acc: *73.880%* (7388/10000)
Train epoch: 408 | Loss: *0.106* | Acc: *96.472%* (48236/50000) 
Test epoch: 408 | Loss: *0.661* | Acc: *81.820%* (8182/10000)
Train epoch: 409 | Loss: *0.099* | Acc: *96.700%* (48350/50000) 
Test epoch: 409 | Loss: *0.681* | Acc: *81.320%* (8132/10000)
Train epoch: 410 | Loss: *0.101* | Acc: *96.564%* (48282/50000) 
Test epoch: 410 | Loss: *0.844* | Acc: *77.340%* (7734/10000)
Train epoch: 411 | Loss: *0.103* | Acc: *96.560%* (48280/50000) 
Test epoch: 411 | Loss: *0.750* | Acc: *79.880%* (7988/10000)
Train epoch: 412 | Loss: *0.098* | Acc: *96.802%* (48401/50000) 
Test epoch: 412 | Loss: *0.677* | Acc: *81.250%* (8125/10000)
Train epoch: 413 | Loss: *0.099* | Acc: *96.742%* (48371/50000) 
Test epoch: 413 | Loss: *0.680* | Acc: *80.620%* (8062/10000)
Train epoch: 414 | Loss: *0.101* | Acc: *96.660%* (48330/50000) 
Test epoch: 414 | Loss: *0.834* | Acc: *79.290%* (7929/10000)
Train epoch: 415 | Loss: *0.103* | Acc: *96.584%* (48292/50000) 
Test epoch: 415 | Loss: *0.936* | Acc: *78.080%* (7808/10000)
Train epoch: 416 | Loss: *0.097* | Acc: *96.824%* (48412/50000) 
Test epoch: 416 | Loss: *0.745* | Acc: *80.130%* (8013/10000)
Train epoch: 417 | Loss: *0.102* | Acc: *96.532%* (48266/50000) 
Test epoch: 417 | Loss: *0.817* | Acc: *78.730%* (7873/10000)
Train epoch: 418 | Loss: *0.100* | Acc: *96.620%* (48310/50000) 
Test epoch: 418 | Loss: *0.649* | Acc: *81.880%* (8188/10000)
Train epoch: 419 | Loss: *0.102* | Acc: *96.576%* (48288/50000) 
Test epoch: 419 | Loss: *0.678* | Acc: *81.910%* (8191/10000)
Train epoch: 420 | Loss: *0.097* | Acc: *96.774%* (48387/50000) 
Test epoch: 420 | Loss: *0.752* | Acc: *80.480%* (8048/10000)
Train epoch: 421 | Loss: *0.096* | Acc: *96.812%* (48406/50000) 
Test epoch: 421 | Loss: *0.853* | Acc: *79.530%* (7953/10000)
Train epoch: 422 | Loss: *0.098* | Acc: *96.748%* (48374/50000) 
Test epoch: 422 | Loss: *0.774* | Acc: *79.730%* (7973/10000)
Train epoch: 423 | Loss: *0.096* | Acc: *96.826%* (48413/50000) 
Test epoch: 423 | Loss: *0.547* | Acc: *84.010%* (8401/10000)
Train epoch: 424 | Loss: *0.096* | Acc: *96.740%* (48370/50000) 
Test epoch: 424 | Loss: *0.733* | Acc: *79.130%* (7913/10000)
Train epoch: 425 | Loss: *0.097* | Acc: *96.730%* (48365/50000) 
Test epoch: 425 | Loss: *0.704* | Acc: *80.640%* (8064/10000)
Train epoch: 426 | Loss: *0.094* | Acc: *96.892%* (48446/50000) 
Test epoch: 426 | Loss: *0.894* | Acc: *76.430%* (7643/10000)
Train epoch: 427 | Loss: *0.095* | Acc: *96.840%* (48420/50000) 
Test epoch: 427 | Loss: *0.838* | Acc: *79.550%* (7955/10000)
Train epoch: 428 | Loss: *0.097* | Acc: *96.760%* (48380/50000) 
Test epoch: 428 | Loss: *0.741* | Acc: *79.270%* (7927/10000)
Train epoch: 429 | Loss: *0.095* | Acc: *96.784%* (48392/50000) 
Test epoch: 429 | Loss: *0.676* | Acc: *81.610%* (8161/10000)
Train epoch: 430 | Loss: *0.096* | Acc: *96.720%* (48360/50000) 
Test epoch: 430 | Loss: *0.769* | Acc: *79.420%* (7942/10000)
Train epoch: 431 | Loss: *0.092* | Acc: *96.946%* (48473/50000) 
Test epoch: 431 | Loss: *2.007* | Acc: *60.930%* (6093/10000)
Train epoch: 432 | Loss: *0.092* | Acc: *96.924%* (48462/50000) 
Test epoch: 432 | Loss: *0.922* | Acc: *77.860%* (7786/10000)
Train epoch: 433 | Loss: *0.087* | Acc: *97.070%* (48535/50000) 
Test epoch: 433 | Loss: *0.833* | Acc: *78.920%* (7892/10000)
Train epoch: 434 | Loss: *0.093* | Acc: *96.902%* (48451/50000) 
Test epoch: 434 | Loss: *0.768* | Acc: *80.840%* (8084/10000)
Train epoch: 435 | Loss: *0.089* | Acc: *97.084%* (48542/50000) 
Test epoch: 435 | Loss: *0.800* | Acc: *78.990%* (7899/10000)
Train epoch: 436 | Loss: *0.091* | Acc: *96.932%* (48466/50000) 
Test epoch: 436 | Loss: *0.724* | Acc: *80.960%* (8096/10000)
Train epoch: 437 | Loss: *0.090* | Acc: *97.016%* (48508/50000) 
Test epoch: 437 | Loss: *0.714* | Acc: *81.140%* (8114/10000)
Train epoch: 438 | Loss: *0.087* | Acc: *97.082%* (48541/50000) 
Test epoch: 438 | Loss: *0.710* | Acc: *79.650%* (7965/10000)
Train epoch: 439 | Loss: *0.088* | Acc: *97.022%* (48511/50000) 
Test epoch: 439 | Loss: *0.732* | Acc: *80.780%* (8078/10000)
Train epoch: 440 | Loss: *0.092* | Acc: *96.910%* (48455/50000) 
Test epoch: 440 | Loss: *0.746* | Acc: *80.710%* (8071/10000)
Train epoch: 441 | Loss: *0.085* | Acc: *97.240%* (48620/50000) 
Test epoch: 441 | Loss: *0.641* | Acc: *82.000%* (8200/10000)
Train epoch: 442 | Loss: *0.082* | Acc: *97.400%* (48700/50000) 
Test epoch: 442 | Loss: *0.821* | Acc: *79.130%* (7913/10000)
Train epoch: 443 | Loss: *0.086* | Acc: *97.100%* (48550/50000) 
Test epoch: 443 | Loss: *0.692* | Acc: *80.050%* (8005/10000)
Train epoch: 444 | Loss: *0.088* | Acc: *97.068%* (48534/50000) 
Test epoch: 444 | Loss: *0.957* | Acc: *76.650%* (7665/10000)
Train epoch: 445 | Loss: *0.083* | Acc: *97.280%* (48640/50000) 
Test epoch: 445 | Loss: *0.903* | Acc: *79.320%* (7932/10000)
Train epoch: 446 | Loss: *0.075* | Acc: *97.610%* (48805/50000) 
Test epoch: 446 | Loss: *0.644* | Acc: *82.670%* (8267/10000)
Train epoch: 447 | Loss: *0.086* | Acc: *97.204%* (48602/50000) 
Test epoch: 447 | Loss: *0.736* | Acc: *80.890%* (8089/10000)
Train epoch: 448 | Loss: *0.080* | Acc: *97.322%* (48661/50000) 
Test epoch: 448 | Loss: *0.633* | Acc: *81.820%* (8182/10000)
Train epoch: 449 | Loss: *0.083* | Acc: *97.160%* (48580/50000) 
Test epoch: 449 | Loss: *0.604* | Acc: *82.860%* (8286/10000)
Train epoch: 450 | Loss: *0.080* | Acc: *97.330%* (48665/50000) 
Test epoch: 450 | Loss: *0.600* | Acc: *83.320%* (8332/10000)
Train epoch: 451 | Loss: *0.077* | Acc: *97.458%* (48729/50000) 
Test epoch: 451 | Loss: *0.629* | Acc: *82.500%* (8250/10000)
Train epoch: 452 | Loss: *0.075* | Acc: *97.508%* (48754/50000) 
Test epoch: 452 | Loss: *0.755* | Acc: *79.420%* (7942/10000)
Train epoch: 453 | Loss: *0.080* | Acc: *97.368%* (48684/50000) 
Test epoch: 453 | Loss: *0.699* | Acc: *80.810%* (8081/10000)
Train epoch: 454 | Loss: *0.074* | Acc: *97.560%* (48780/50000) 
Test epoch: 454 | Loss: *0.737* | Acc: *80.100%* (8010/10000)
Train epoch: 455 | Loss: *0.076* | Acc: *97.452%* (48726/50000) 
Test epoch: 455 | Loss: *0.720* | Acc: *81.780%* (8178/10000)
Train epoch: 456 | Loss: *0.079* | Acc: *97.368%* (48684/50000) 
Test epoch: 456 | Loss: *0.715* | Acc: *79.710%* (7971/10000)
Train epoch: 457 | Loss: *0.072* | Acc: *97.630%* (48815/50000) 
Test epoch: 457 | Loss: *0.679* | Acc: *82.000%* (8200/10000)
Train epoch: 458 | Loss: *0.069* | Acc: *97.752%* (48876/50000) 
Test epoch: 458 | Loss: *0.839* | Acc: *79.940%* (7994/10000)
Train epoch: 459 | Loss: *0.073* | Acc: *97.608%* (48804/50000) 
Test epoch: 459 | Loss: *0.723* | Acc: *81.150%* (8115/10000)
Train epoch: 460 | Loss: *0.076* | Acc: *97.540%* (48770/50000) 
Test epoch: 460 | Loss: *0.831* | Acc: *79.560%* (7956/10000)
Train epoch: 461 | Loss: *0.073* | Acc: *97.614%* (48807/50000) 
Test epoch: 461 | Loss: *0.741* | Acc: *79.150%* (7915/10000)
Train epoch: 462 | Loss: *0.070* | Acc: *97.672%* (48836/50000) 
Test epoch: 462 | Loss: *0.703* | Acc: *82.150%* (8215/10000)
Train epoch: 463 | Loss: *0.069* | Acc: *97.758%* (48879/50000) 
Test epoch: 463 | Loss: *0.813* | Acc: *78.230%* (7823/10000)
Train epoch: 464 | Loss: *0.069* | Acc: *97.698%* (48849/50000) 
Test epoch: 464 | Loss: *0.618* | Acc: *83.160%* (8316/10000)
Train epoch: 465 | Loss: *0.066* | Acc: *97.870%* (48935/50000) 
Test epoch: 465 | Loss: *0.749* | Acc: *79.820%* (7982/10000)
Train epoch: 466 | Loss: *0.069* | Acc: *97.808%* (48904/50000) 
Test epoch: 466 | Loss: *0.765* | Acc: *81.330%* (8133/10000)
Train epoch: 467 | Loss: *0.066* | Acc: *97.870%* (48935/50000) 
Test epoch: 467 | Loss: *0.674* | Acc: *81.450%* (8145/10000)
Train epoch: 468 | Loss: *0.065* | Acc: *97.928%* (48964/50000) 
Test epoch: 468 | Loss: *0.668* | Acc: *82.080%* (8208/10000)
Train epoch: 469 | Loss: *0.060* | Acc: *98.070%* (49035/50000) 
Test epoch: 469 | Loss: *0.674* | Acc: *81.690%* (8169/10000)
Train epoch: 470 | Loss: *0.062* | Acc: *97.984%* (48992/50000) 
Test epoch: 470 | Loss: *0.641* | Acc: *81.990%* (8199/10000)
Train epoch: 471 | Loss: *0.062* | Acc: *97.972%* (48986/50000) 
Test epoch: 471 | Loss: *0.819* | Acc: *79.060%* (7906/10000)
Train epoch: 472 | Loss: *0.060* | Acc: *98.076%* (49038/50000) 
Test epoch: 472 | Loss: *0.750* | Acc: *81.200%* (8120/10000)
Train epoch: 473 | Loss: *0.064* | Acc: *97.892%* (48946/50000) 
Test epoch: 473 | Loss: *0.775* | Acc: *78.780%* (7878/10000)
Train epoch: 474 | Loss: *0.058* | Acc: *98.120%* (49060/50000) 
Test epoch: 474 | Loss: *0.589* | Acc: *83.600%* (8360/10000)
Train epoch: 475 | Loss: *0.054* | Acc: *98.308%* (49154/50000) 
Test epoch: 475 | Loss: *0.616* | Acc: *82.520%* (8252/10000)
Train epoch: 476 | Loss: *0.055* | Acc: *98.180%* (49090/50000) 
Test epoch: 476 | Loss: *0.721* | Acc: *81.610%* (8161/10000)
Train epoch: 477 | Loss: *0.066* | Acc: *97.814%* (48907/50000) 
Test epoch: 477 | Loss: *0.856* | Acc: *79.960%* (7996/10000)
Train epoch: 478 | Loss: *0.051* | Acc: *98.356%* (49178/50000) 
Test epoch: 478 | Loss: *0.984* | Acc: *76.770%* (7677/10000)
Train epoch: 479 | Loss: *0.049* | Acc: *98.434%* (49217/50000) 
Test epoch: 479 | Loss: *0.735* | Acc: *81.480%* (8148/10000)
Train epoch: 480 | Loss: *0.048* | Acc: *98.496%* (49248/50000) 
Test epoch: 480 | Loss: *0.691* | Acc: *82.150%* (8215/10000)
Train epoch: 481 | Loss: *0.054* | Acc: *98.268%* (49134/50000) 
Test epoch: 481 | Loss: *0.713* | Acc: *80.850%* (8085/10000)
Train epoch: 482 | Loss: *0.052* | Acc: *98.326%* (49163/50000) 
Test epoch: 482 | Loss: *0.598* | Acc: *83.600%* (8360/10000)
Train epoch: 483 | Loss: *0.053* | Acc: *98.250%* (49125/50000) 
Test epoch: 483 | Loss: *0.654* | Acc: *82.140%* (8214/10000)
Train epoch: 484 | Loss: *0.045* | Acc: *98.596%* (49298/50000) 
Test epoch: 484 | Loss: *0.610* | Acc: *83.530%* (8353/10000)
Train epoch: 485 | Loss: *0.042* | Acc: *98.688%* (49344/50000) 
Test epoch: 485 | Loss: *0.746* | Acc: *80.670%* (8067/10000)
Train epoch: 486 | Loss: *0.042* | Acc: *98.710%* (49355/50000) 
Test epoch: 486 | Loss: *0.632* | Acc: *83.130%* (8313/10000)
Train epoch: 487 | Loss: *0.048* | Acc: *98.508%* (49254/50000) 
Test epoch: 487 | Loss: *1.004* | Acc: *77.000%* (7700/10000)
Train epoch: 488 | Loss: *0.048* | Acc: *98.492%* (49246/50000) 
Test epoch: 488 | Loss: *0.709* | Acc: *81.500%* (8150/10000)
Train epoch: 489 | Loss: *0.046* | Acc: *98.554%* (49277/50000) 
Test epoch: 489 | Loss: *0.630* | Acc: *82.770%* (8277/10000)
Train epoch: 490 | Loss: *0.045* | Acc: *98.606%* (49303/50000) 
Test epoch: 490 | Loss: *0.647* | Acc: *83.280%* (8328/10000)
Train epoch: 491 | Loss: *0.041* | Acc: *98.722%* (49361/50000) 
Test epoch: 491 | Loss: *0.588* | Acc: *83.930%* (8393/10000)
Train epoch: 492 | Loss: *0.039* | Acc: *98.808%* (49404/50000) 
Test epoch: 492 | Loss: *0.784* | Acc: *79.680%* (7968/10000)
Train epoch: 493 | Loss: *0.038* | Acc: *98.864%* (49432/50000) 
Test epoch: 493 | Loss: *0.590* | Acc: *84.030%* (8403/10000)
Train epoch: 494 | Loss: *0.038* | Acc: *98.852%* (49426/50000) 
Test epoch: 494 | Loss: *0.696* | Acc: *83.070%* (8307/10000)
Train epoch: 495 | Loss: *0.040* | Acc: *98.796%* (49398/50000) 
Test epoch: 495 | Loss: *0.766* | Acc: *80.250%* (8025/10000)
Train epoch: 496 | Loss: *0.036* | Acc: *98.934%* (49467/50000) 
Test epoch: 496 | Loss: *0.650* | Acc: *83.940%* (8394/10000)
Train epoch: 497 | Loss: *0.034* | Acc: *98.980%* (49490/50000) 
Test epoch: 497 | Loss: *0.671* | Acc: *82.290%* (8229/10000)
Train epoch: 498 | Loss: *0.037* | Acc: *98.892%* (49446/50000) 
Test epoch: 498 | Loss: *0.633* | Acc: *83.750%* (8375/10000)
Train epoch: 499 | Loss: *0.034* | Acc: *98.974%* (49487/50000) 
Test epoch: 499 | Loss: *0.699* | Acc: *82.310%* (8231/10000)
Train epoch: 500 | Loss: *0.030* | Acc: *99.094%* (49547/50000) 
Test epoch: 500 | Loss: *0.664* | Acc: *82.850%* (8285/10000)
Best test accuracy: *88.240%*, loss: *0.37188371807336806*, at epoch: *123*.
==> Execution time summary of 500 epoch(s).
Train data loading time: sum. *297.38458499964327* secs | avg. *0.5947691699992865* secs per epoch.
Train training time: sum. *1926.6916963206604* secs | avg. *3.853383392641321* secs per epoch.
Train total time: sum. *2224.0762813203037* secs | avg. *4.448152562640607* secs per epoch.
Test data loading time: sum. *117.12046543881297* secs | avg. *0.23424093087762593* secs per epoch.
Test training time: sum. *76.37393915746361* secs | avg. *0.15274787831492723* secs per epoch.
Test total time: sum. *193.49440459627658* secs | avg. *0.3869888091925532* secs per epoch.
Total data loading time: sum. *414.50505043845624* secs | avg. *0.8290101008769125* secs per epoch.
Total training time: sum. *2003.065635478124* secs | avg. *4.006131270956248* secs per epoch.
Total running time: sum. *2417.5706859165803* secs | avg. *4.835141371833161* secs per epoch.
==> Number of GPU device: 1
==> Device #0 Memory Usage
==> Allocated: 0.1 GB
==> Cached:    0.8 GB
==> Maximum: 0.8 GB
