==> Running on : cuda
==> Number of CPU: 48
==> Number of workers: 2
==> #Epochs: 500, #Layers: 4, #Blocks: [2, 1, 1, 1], In channel: 64, Input layer conv kernel: 5x5, Residual layer conv kernel 3x3, Skip kernel: 1x1, Input layer conv padding: 2, Residual layer conv padding: 1
==> Optimizer is Adagrad
==> Learning rate: 0.01
==> Weight decay: 0.0005
==>Trainable Parameters: 4980298
==>Other Parameters: 0
==>Augmentation: RandomCrop(32, padding=4), RandomHorizontalFlip(), Normalize((0.4914, 0.4822, 0.4465), (0.2023, 0.1994, 0.2010)
Files already downloaded and verified
Train epoch: 1 | Loss: *1.657* | Acc: *38.382%* (19191/50000) 
Test epoch: 1 | Loss: *1.507* | Acc: *45.180%* (4518/10000)
Train epoch: 2 | Loss: *1.159* | Acc: *58.244%* (29122/50000) 
Test epoch: 2 | Loss: *1.184* | Acc: *57.940%* (5794/10000)
Train epoch: 3 | Loss: *0.933* | Acc: *66.762%* (33381/50000) 
Test epoch: 3 | Loss: *1.093* | Acc: *63.220%* (6322/10000)
Train epoch: 4 | Loss: *0.806* | Acc: *71.494%* (35747/50000) 
Test epoch: 4 | Loss: *0.825* | Acc: *71.140%* (7114/10000)
Train epoch: 5 | Loss: *0.702* | Acc: *75.274%* (37637/50000) 
Test epoch: 5 | Loss: *0.704* | Acc: *76.420%* (7642/10000)
Train epoch: 6 | Loss: *0.625* | Acc: *78.134%* (39067/50000) 
Test epoch: 6 | Loss: *0.836* | Acc: *72.470%* (7247/10000)
Train epoch: 7 | Loss: *0.559* | Acc: *80.576%* (40288/50000) 
Test epoch: 7 | Loss: *0.760* | Acc: *75.320%* (7532/10000)
Train epoch: 8 | Loss: *0.512* | Acc: *82.130%* (41065/50000) 
Test epoch: 8 | Loss: *0.874* | Acc: *72.370%* (7237/10000)
Train epoch: 9 | Loss: *0.470* | Acc: *83.612%* (41806/50000) 
Test epoch: 9 | Loss: *0.683* | Acc: *78.380%* (7838/10000)
Train epoch: 10 | Loss: *0.442* | Acc: *84.748%* (42374/50000) 
Test epoch: 10 | Loss: *0.655* | Acc: *79.320%* (7932/10000)
Train epoch: 11 | Loss: *0.413* | Acc: *85.950%* (42975/50000) 
Test epoch: 11 | Loss: *0.736* | Acc: *77.240%* (7724/10000)
Train epoch: 12 | Loss: *0.385* | Acc: *86.798%* (43399/50000) 
Test epoch: 12 | Loss: *0.539* | Acc: *82.200%* (8220/10000)
Train epoch: 13 | Loss: *0.363* | Acc: *87.556%* (43778/50000) 
Test epoch: 13 | Loss: *0.559* | Acc: *81.400%* (8140/10000)
Train epoch: 14 | Loss: *0.340* | Acc: *88.252%* (44126/50000) 
Test epoch: 14 | Loss: *0.494* | Acc: *83.830%* (8383/10000)
Train epoch: 15 | Loss: *0.321* | Acc: *89.014%* (44507/50000) 
Test epoch: 15 | Loss: *0.535* | Acc: *82.650%* (8265/10000)
Train epoch: 16 | Loss: *0.304* | Acc: *89.578%* (44789/50000) 
Test epoch: 16 | Loss: *0.429* | Acc: *85.520%* (8552/10000)
Train epoch: 17 | Loss: *0.292* | Acc: *89.946%* (44973/50000) 
Test epoch: 17 | Loss: *0.449* | Acc: *85.590%* (8559/10000)
Train epoch: 18 | Loss: *0.274* | Acc: *90.650%* (45325/50000) 
Test epoch: 18 | Loss: *0.480* | Acc: *84.220%* (8422/10000)
Train epoch: 19 | Loss: *0.260* | Acc: *91.102%* (45551/50000) 
Test epoch: 19 | Loss: *0.485* | Acc: *84.840%* (8484/10000)
Train epoch: 20 | Loss: *0.248* | Acc: *91.500%* (45750/50000) 
Test epoch: 20 | Loss: *0.446* | Acc: *85.630%* (8563/10000)
Train epoch: 21 | Loss: *0.236* | Acc: *91.936%* (45968/50000) 
Test epoch: 21 | Loss: *0.471* | Acc: *85.180%* (8518/10000)
Train epoch: 22 | Loss: *0.220* | Acc: *92.560%* (46280/50000) 
Test epoch: 22 | Loss: *0.398* | Acc: *87.010%* (8701/10000)
Train epoch: 23 | Loss: *0.210* | Acc: *92.778%* (46389/50000) 
Test epoch: 23 | Loss: *0.474* | Acc: *85.080%* (8508/10000)
Train epoch: 24 | Loss: *0.200* | Acc: *93.244%* (46622/50000) 
Test epoch: 24 | Loss: *0.509* | Acc: *85.150%* (8515/10000)
Train epoch: 25 | Loss: *0.191* | Acc: *93.512%* (46756/50000) 
Test epoch: 25 | Loss: *0.387* | Acc: *87.450%* (8745/10000)
Train epoch: 26 | Loss: *0.182* | Acc: *93.900%* (46950/50000) 
Test epoch: 26 | Loss: *0.378* | Acc: *88.000%* (8800/10000)
Train epoch: 27 | Loss: *0.171* | Acc: *94.238%* (47119/50000) 
Test epoch: 27 | Loss: *0.375* | Acc: *88.190%* (8819/10000)
Train epoch: 28 | Loss: *0.162* | Acc: *94.438%* (47219/50000) 
Test epoch: 28 | Loss: *0.391* | Acc: *87.940%* (8794/10000)
Train epoch: 29 | Loss: *0.153* | Acc: *94.906%* (47453/50000) 
Test epoch: 29 | Loss: *0.382* | Acc: *88.140%* (8814/10000)
Train epoch: 30 | Loss: *0.146* | Acc: *95.212%* (47606/50000) 
Test epoch: 30 | Loss: *0.366* | Acc: *88.620%* (8862/10000)
Train epoch: 31 | Loss: *0.141* | Acc: *95.230%* (47615/50000) 
Test epoch: 31 | Loss: *0.409* | Acc: *87.640%* (8764/10000)
Train epoch: 32 | Loss: *0.133* | Acc: *95.420%* (47710/50000) 
Test epoch: 32 | Loss: *0.371* | Acc: *88.780%* (8878/10000)
Train epoch: 33 | Loss: *0.124* | Acc: *95.926%* (47963/50000) 
Test epoch: 33 | Loss: *0.439* | Acc: *87.590%* (8759/10000)
Train epoch: 34 | Loss: *0.120* | Acc: *96.054%* (48027/50000) 
Test epoch: 34 | Loss: *0.399* | Acc: *88.240%* (8824/10000)
Train epoch: 35 | Loss: *0.116* | Acc: *96.116%* (48058/50000) 
Test epoch: 35 | Loss: *0.367* | Acc: *89.270%* (8927/10000)
Train epoch: 36 | Loss: *0.107* | Acc: *96.542%* (48271/50000) 
Test epoch: 36 | Loss: *0.375* | Acc: *88.860%* (8886/10000)
Train epoch: 37 | Loss: *0.100* | Acc: *96.808%* (48404/50000) 
Test epoch: 37 | Loss: *0.437* | Acc: *87.670%* (8767/10000)
Train epoch: 38 | Loss: *0.095* | Acc: *96.948%* (48474/50000) 
Test epoch: 38 | Loss: *0.385* | Acc: *88.800%* (8880/10000)
Train epoch: 39 | Loss: *0.093* | Acc: *97.024%* (48512/50000) 
Test epoch: 39 | Loss: *0.378* | Acc: *89.030%* (8903/10000)
Train epoch: 40 | Loss: *0.083* | Acc: *97.440%* (48720/50000) 
Test epoch: 40 | Loss: *0.426* | Acc: *87.820%* (8782/10000)
Train epoch: 41 | Loss: *0.083* | Acc: *97.372%* (48686/50000) 
Test epoch: 41 | Loss: *0.388* | Acc: *89.300%* (8930/10000)
Train epoch: 42 | Loss: *0.079* | Acc: *97.462%* (48731/50000) 
Test epoch: 42 | Loss: *0.404* | Acc: *88.800%* (8880/10000)
Train epoch: 43 | Loss: *0.078* | Acc: *97.488%* (48744/50000) 
Test epoch: 43 | Loss: *0.385* | Acc: *89.230%* (8923/10000)
Train epoch: 44 | Loss: *0.071* | Acc: *97.848%* (48924/50000) 
Test epoch: 44 | Loss: *0.383* | Acc: *89.260%* (8926/10000)
Train epoch: 45 | Loss: *0.068* | Acc: *97.984%* (48992/50000) 
Test epoch: 45 | Loss: *0.388* | Acc: *89.150%* (8915/10000)
Train epoch: 46 | Loss: *0.061* | Acc: *98.222%* (49111/50000) 
Test epoch: 46 | Loss: *0.405* | Acc: *89.080%* (8908/10000)
Train epoch: 47 | Loss: *0.061* | Acc: *98.196%* (49098/50000) 
Test epoch: 47 | Loss: *0.387* | Acc: *89.480%* (8948/10000)
Train epoch: 48 | Loss: *0.058* | Acc: *98.276%* (49138/50000) 
Test epoch: 48 | Loss: *0.390* | Acc: *89.010%* (8901/10000)
Train epoch: 49 | Loss: *0.055* | Acc: *98.382%* (49191/50000) 
Test epoch: 49 | Loss: *0.395* | Acc: *89.320%* (8932/10000)
Train epoch: 50 | Loss: *0.055* | Acc: *98.348%* (49174/50000) 
Test epoch: 50 | Loss: *0.417* | Acc: *89.050%* (8905/10000)
Train epoch: 51 | Loss: *0.052* | Acc: *98.484%* (49242/50000) 
Test epoch: 51 | Loss: *0.389* | Acc: *89.580%* (8958/10000)
Train epoch: 52 | Loss: *0.050* | Acc: *98.554%* (49277/50000) 
Test epoch: 52 | Loss: *0.423* | Acc: *88.690%* (8869/10000)
Train epoch: 53 | Loss: *0.045* | Acc: *98.750%* (49375/50000) 
Test epoch: 53 | Loss: *0.405* | Acc: *88.860%* (8886/10000)
Train epoch: 54 | Loss: *0.044* | Acc: *98.712%* (49356/50000) 
Test epoch: 54 | Loss: *0.390* | Acc: *89.630%* (8963/10000)
Train epoch: 55 | Loss: *0.039* | Acc: *98.994%* (49497/50000) 
Test epoch: 55 | Loss: *0.371* | Acc: *90.060%* (9006/10000)
Train epoch: 56 | Loss: *0.040* | Acc: *98.978%* (49489/50000) 
Test epoch: 56 | Loss: *0.404* | Acc: *89.170%* (8917/10000)
Train epoch: 57 | Loss: *0.038* | Acc: *98.978%* (49489/50000) 
Test epoch: 57 | Loss: *0.374* | Acc: *89.990%* (8999/10000)
Train epoch: 58 | Loss: *0.037* | Acc: *99.038%* (49519/50000) 
Test epoch: 58 | Loss: *0.395* | Acc: *89.760%* (8976/10000)
Train epoch: 59 | Loss: *0.037* | Acc: *99.054%* (49527/50000) 
Test epoch: 59 | Loss: *0.434* | Acc: *88.880%* (8888/10000)
Train epoch: 60 | Loss: *0.033* | Acc: *99.208%* (49604/50000) 
Test epoch: 60 | Loss: *0.405* | Acc: *89.470%* (8947/10000)
Train epoch: 61 | Loss: *0.034* | Acc: *99.172%* (49586/50000) 
Test epoch: 61 | Loss: *0.413* | Acc: *89.650%* (8965/10000)
Train epoch: 62 | Loss: *0.029* | Acc: *99.292%* (49646/50000) 
Test epoch: 62 | Loss: *0.389* | Acc: *89.860%* (8986/10000)
Train epoch: 63 | Loss: *0.032* | Acc: *99.214%* (49607/50000) 
Test epoch: 63 | Loss: *0.379* | Acc: *90.060%* (9006/10000)
Train epoch: 64 | Loss: *0.027* | Acc: *99.402%* (49701/50000) 
Test epoch: 64 | Loss: *0.389* | Acc: *89.790%* (8979/10000)
Train epoch: 65 | Loss: *0.028* | Acc: *99.294%* (49647/50000) 
Test epoch: 65 | Loss: *0.516* | Acc: *87.980%* (8798/10000)
Train epoch: 66 | Loss: *0.026* | Acc: *99.400%* (49700/50000) 
Test epoch: 66 | Loss: *0.427* | Acc: *89.180%* (8918/10000)
Train epoch: 67 | Loss: *0.026* | Acc: *99.430%* (49715/50000) 
Test epoch: 67 | Loss: *0.411* | Acc: *89.360%* (8936/10000)
Train epoch: 68 | Loss: *0.025* | Acc: *99.452%* (49726/50000) 
Test epoch: 68 | Loss: *0.402* | Acc: *89.860%* (8986/10000)
Train epoch: 69 | Loss: *0.026* | Acc: *99.402%* (49701/50000) 
Test epoch: 69 | Loss: *0.374* | Acc: *90.090%* (9009/10000)
Train epoch: 70 | Loss: *0.023* | Acc: *99.516%* (49758/50000) 
Test epoch: 70 | Loss: *0.392* | Acc: *89.800%* (8980/10000)
Train epoch: 71 | Loss: *0.022* | Acc: *99.514%* (49757/50000) 
Test epoch: 71 | Loss: *0.381* | Acc: *90.120%* (9012/10000)
Train epoch: 72 | Loss: *0.022* | Acc: *99.540%* (49770/50000) 
Test epoch: 72 | Loss: *0.360* | Acc: *90.730%* (9073/10000)
Train epoch: 73 | Loss: *0.018* | Acc: *99.700%* (49850/50000) 
Test epoch: 73 | Loss: *0.396* | Acc: *89.980%* (8998/10000)
Train epoch: 74 | Loss: *0.019* | Acc: *99.602%* (49801/50000) 
Test epoch: 74 | Loss: *0.377* | Acc: *90.360%* (9036/10000)
Train epoch: 75 | Loss: *0.019* | Acc: *99.638%* (49819/50000) 
Test epoch: 75 | Loss: *0.386* | Acc: *90.120%* (9012/10000)
Train epoch: 76 | Loss: *0.018* | Acc: *99.642%* (49821/50000) 
Test epoch: 76 | Loss: *0.392* | Acc: *89.930%* (8993/10000)
Train epoch: 77 | Loss: *0.020* | Acc: *99.594%* (49797/50000) 
Test epoch: 77 | Loss: *0.378* | Acc: *90.380%* (9038/10000)
Train epoch: 78 | Loss: *0.017* | Acc: *99.704%* (49852/50000) 
Test epoch: 78 | Loss: *0.387* | Acc: *90.220%* (9022/10000)
Train epoch: 79 | Loss: *0.018* | Acc: *99.644%* (49822/50000) 
Test epoch: 79 | Loss: *0.396* | Acc: *90.140%* (9014/10000)
Train epoch: 80 | Loss: *0.017* | Acc: *99.704%* (49852/50000) 
Test epoch: 80 | Loss: *0.387* | Acc: *90.040%* (9004/10000)
Train epoch: 81 | Loss: *0.015* | Acc: *99.784%* (49892/50000) 
Test epoch: 81 | Loss: *0.415* | Acc: *89.790%* (8979/10000)
Train epoch: 82 | Loss: *0.014* | Acc: *99.788%* (49894/50000) 
Test epoch: 82 | Loss: *0.380* | Acc: *90.550%* (9055/10000)
Train epoch: 83 | Loss: *0.015* | Acc: *99.770%* (49885/50000) 
Test epoch: 83 | Loss: *0.402* | Acc: *90.120%* (9012/10000)
Train epoch: 84 | Loss: *0.013* | Acc: *99.810%* (49905/50000) 
Test epoch: 84 | Loss: *0.367* | Acc: *90.360%* (9036/10000)
Train epoch: 85 | Loss: *0.012* | Acc: *99.834%* (49917/50000) 
Test epoch: 85 | Loss: *0.366* | Acc: *90.470%* (9047/10000)
Train epoch: 86 | Loss: *0.012* | Acc: *99.864%* (49932/50000) 
Test epoch: 86 | Loss: *0.377* | Acc: *90.430%* (9043/10000)
Train epoch: 87 | Loss: *0.012* | Acc: *99.864%* (49932/50000) 
Test epoch: 87 | Loss: *0.387* | Acc: *90.240%* (9024/10000)
Train epoch: 88 | Loss: *0.012* | Acc: *99.862%* (49931/50000) 
Test epoch: 88 | Loss: *0.388* | Acc: *90.480%* (9048/10000)
Train epoch: 89 | Loss: *0.013* | Acc: *99.834%* (49917/50000) 
Test epoch: 89 | Loss: *0.369* | Acc: *90.550%* (9055/10000)
Train epoch: 90 | Loss: *0.012* | Acc: *99.830%* (49915/50000) 
Test epoch: 90 | Loss: *0.369* | Acc: *90.230%* (9023/10000)
Train epoch: 91 | Loss: *0.010* | Acc: *99.902%* (49951/50000) 
Test epoch: 91 | Loss: *0.365* | Acc: *90.800%* (9080/10000)
Train epoch: 92 | Loss: *0.012* | Acc: *99.840%* (49920/50000) 
Test epoch: 92 | Loss: *0.406* | Acc: *90.170%* (9017/10000)
Train epoch: 93 | Loss: *0.011* | Acc: *99.856%* (49928/50000) 
Test epoch: 93 | Loss: *0.375* | Acc: *90.690%* (9069/10000)
Train epoch: 94 | Loss: *0.010* | Acc: *99.896%* (49948/50000) 
Test epoch: 94 | Loss: *0.390* | Acc: *90.190%* (9019/10000)
Train epoch: 95 | Loss: *0.010* | Acc: *99.882%* (49941/50000) 
Test epoch: 95 | Loss: *0.372* | Acc: *90.390%* (9039/10000)
Train epoch: 96 | Loss: *0.010* | Acc: *99.902%* (49951/50000) 
Test epoch: 96 | Loss: *0.369* | Acc: *90.360%* (9036/10000)
Train epoch: 97 | Loss: *0.009* | Acc: *99.920%* (49960/50000) 
Test epoch: 97 | Loss: *0.365* | Acc: *90.850%* (9085/10000)
Train epoch: 98 | Loss: *0.009* | Acc: *99.930%* (49965/50000) 
Test epoch: 98 | Loss: *0.376* | Acc: *90.590%* (9059/10000)
Train epoch: 99 | Loss: *0.008* | Acc: *99.948%* (49974/50000) 
Test epoch: 99 | Loss: *0.367* | Acc: *90.690%* (9069/10000)
Train epoch: 100 | Loss: *0.009* | Acc: *99.928%* (49964/50000) 
Test epoch: 100 | Loss: *0.368* | Acc: *90.580%* (9058/10000)
Train epoch: 101 | Loss: *0.009* | Acc: *99.878%* (49939/50000) 
Test epoch: 101 | Loss: *0.371* | Acc: *90.700%* (9070/10000)
Train epoch: 102 | Loss: *0.008* | Acc: *99.922%* (49961/50000) 
Test epoch: 102 | Loss: *0.357* | Acc: *90.670%* (9067/10000)
Train epoch: 103 | Loss: *0.008* | Acc: *99.944%* (49972/50000) 
Test epoch: 103 | Loss: *0.362* | Acc: *90.570%* (9057/10000)
Train epoch: 104 | Loss: *0.007* | Acc: *99.948%* (49974/50000) 
Test epoch: 104 | Loss: *0.365* | Acc: *90.670%* (9067/10000)
Train epoch: 105 | Loss: *0.007* | Acc: *99.946%* (49973/50000) 
Test epoch: 105 | Loss: *0.363* | Acc: *90.780%* (9078/10000)
Train epoch: 106 | Loss: *0.007* | Acc: *99.964%* (49982/50000) 
Test epoch: 106 | Loss: *0.366* | Acc: *90.660%* (9066/10000)
Train epoch: 107 | Loss: *0.007* | Acc: *99.968%* (49984/50000) 
Test epoch: 107 | Loss: *0.363* | Acc: *90.520%* (9052/10000)
Train epoch: 108 | Loss: *0.007* | Acc: *99.938%* (49969/50000) 
Test epoch: 108 | Loss: *0.363* | Acc: *90.440%* (9044/10000)
Train epoch: 109 | Loss: *0.008* | Acc: *99.928%* (49964/50000) 
Test epoch: 109 | Loss: *0.360* | Acc: *90.920%* (9092/10000)
Train epoch: 110 | Loss: *0.007* | Acc: *99.964%* (49982/50000) 
Test epoch: 110 | Loss: *0.362* | Acc: *90.590%* (9059/10000)
Train epoch: 111 | Loss: *0.007* | Acc: *99.950%* (49975/50000) 
Test epoch: 111 | Loss: *0.365* | Acc: *90.790%* (9079/10000)
Train epoch: 112 | Loss: *0.007* | Acc: *99.936%* (49968/50000) 
Test epoch: 112 | Loss: *0.364* | Acc: *90.590%* (9059/10000)
Train epoch: 113 | Loss: *0.006* | Acc: *99.970%* (49985/50000) 
Test epoch: 113 | Loss: *0.361* | Acc: *90.730%* (9073/10000)
Train epoch: 114 | Loss: *0.007* | Acc: *99.962%* (49981/50000) 
Test epoch: 114 | Loss: *0.386* | Acc: *90.280%* (9028/10000)
Train epoch: 115 | Loss: *0.006* | Acc: *99.974%* (49987/50000) 
Test epoch: 115 | Loss: *0.372* | Acc: *90.710%* (9071/10000)
Train epoch: 116 | Loss: *0.006* | Acc: *99.970%* (49985/50000) 
Test epoch: 116 | Loss: *0.359* | Acc: *90.740%* (9074/10000)
Train epoch: 117 | Loss: *0.006* | Acc: *99.972%* (49986/50000) 
Test epoch: 117 | Loss: *0.353* | Acc: *90.940%* (9094/10000)
Train epoch: 118 | Loss: *0.006* | Acc: *99.980%* (49990/50000) 
Test epoch: 118 | Loss: *0.357* | Acc: *90.710%* (9071/10000)
Train epoch: 119 | Loss: *0.006* | Acc: *99.982%* (49991/50000) 
Test epoch: 119 | Loss: *0.354* | Acc: *90.810%* (9081/10000)
Train epoch: 120 | Loss: *0.006* | Acc: *99.980%* (49990/50000) 
Test epoch: 120 | Loss: *0.352* | Acc: *90.890%* (9089/10000)
Train epoch: 121 | Loss: *0.006* | Acc: *99.956%* (49978/50000) 
Test epoch: 121 | Loss: *0.352* | Acc: *91.010%* (9101/10000)
Train epoch: 122 | Loss: *0.005* | Acc: *99.984%* (49992/50000) 
Test epoch: 122 | Loss: *0.351* | Acc: *90.930%* (9093/10000)
Train epoch: 123 | Loss: *0.005* | Acc: *99.984%* (49992/50000) 
Test epoch: 123 | Loss: *0.351* | Acc: *90.880%* (9088/10000)
Train epoch: 124 | Loss: *0.005* | Acc: *99.980%* (49990/50000) 
Test epoch: 124 | Loss: *0.351* | Acc: *90.880%* (9088/10000)
Train epoch: 125 | Loss: *0.006* | Acc: *99.972%* (49986/50000) 
Test epoch: 125 | Loss: *0.359* | Acc: *90.870%* (9087/10000)
Train epoch: 126 | Loss: *0.006* | Acc: *99.978%* (49989/50000) 
Test epoch: 126 | Loss: *0.352* | Acc: *90.870%* (9087/10000)
Train epoch: 127 | Loss: *0.005* | Acc: *99.976%* (49988/50000) 
Test epoch: 127 | Loss: *0.345* | Acc: *91.090%* (9109/10000)
Train epoch: 128 | Loss: *0.005* | Acc: *99.980%* (49990/50000) 
Test epoch: 128 | Loss: *0.353* | Acc: *90.830%* (9083/10000)
Train epoch: 129 | Loss: *0.005* | Acc: *99.986%* (49993/50000) 
Test epoch: 129 | Loss: *0.351* | Acc: *91.070%* (9107/10000)
Train epoch: 130 | Loss: *0.005* | Acc: *99.988%* (49994/50000) 
Test epoch: 130 | Loss: *0.351* | Acc: *90.950%* (9095/10000)
Train epoch: 131 | Loss: *0.005* | Acc: *99.982%* (49991/50000) 
Test epoch: 131 | Loss: *0.352* | Acc: *90.660%* (9066/10000)
Train epoch: 132 | Loss: *0.005* | Acc: *99.994%* (49997/50000) 
Test epoch: 132 | Loss: *0.355* | Acc: *90.720%* (9072/10000)
Train epoch: 133 | Loss: *0.005* | Acc: *99.980%* (49990/50000) 
Test epoch: 133 | Loss: *0.348* | Acc: *91.040%* (9104/10000)
Train epoch: 134 | Loss: *0.005* | Acc: *99.992%* (49996/50000) 
Test epoch: 134 | Loss: *0.351* | Acc: *90.940%* (9094/10000)
Train epoch: 135 | Loss: *0.005* | Acc: *99.996%* (49998/50000) 
Test epoch: 135 | Loss: *0.348* | Acc: *90.770%* (9077/10000)
Train epoch: 136 | Loss: *0.005* | Acc: *99.984%* (49992/50000) 
Test epoch: 136 | Loss: *0.347* | Acc: *90.940%* (9094/10000)
Train epoch: 137 | Loss: *0.005* | Acc: *99.990%* (49995/50000) 
Test epoch: 137 | Loss: *0.347* | Acc: *91.040%* (9104/10000)
Train epoch: 138 | Loss: *0.005* | Acc: *99.986%* (49993/50000) 
Test epoch: 138 | Loss: *0.348* | Acc: *90.840%* (9084/10000)
Train epoch: 139 | Loss: *0.004* | Acc: *99.994%* (49997/50000) 
Test epoch: 139 | Loss: *0.345* | Acc: *90.900%* (9090/10000)
Train epoch: 140 | Loss: *0.005* | Acc: *99.994%* (49997/50000) 
Test epoch: 140 | Loss: *0.352* | Acc: *90.890%* (9089/10000)
Train epoch: 141 | Loss: *0.005* | Acc: *99.990%* (49995/50000) 
Test epoch: 141 | Loss: *0.347* | Acc: *90.950%* (9095/10000)
Train epoch: 142 | Loss: *0.004* | Acc: *99.984%* (49992/50000) 
Test epoch: 142 | Loss: *0.345* | Acc: *90.960%* (9096/10000)
Train epoch: 143 | Loss: *0.005* | Acc: *99.988%* (49994/50000) 
Test epoch: 143 | Loss: *0.347* | Acc: *90.880%* (9088/10000)
Train epoch: 144 | Loss: *0.004* | Acc: *99.992%* (49996/50000) 
Test epoch: 144 | Loss: *0.349* | Acc: *90.810%* (9081/10000)
Train epoch: 145 | Loss: *0.004* | Acc: *99.998%* (49999/50000) 
Test epoch: 145 | Loss: *0.349* | Acc: *90.960%* (9096/10000)
Train epoch: 146 | Loss: *0.004* | Acc: *99.990%* (49995/50000) 
Test epoch: 146 | Loss: *0.351* | Acc: *90.690%* (9069/10000)
Train epoch: 147 | Loss: *0.004* | Acc: *99.996%* (49998/50000) 
Test epoch: 147 | Loss: *0.345* | Acc: *91.060%* (9106/10000)
Train epoch: 148 | Loss: *0.004* | Acc: *99.994%* (49997/50000) 
Test epoch: 148 | Loss: *0.347* | Acc: *90.930%* (9093/10000)
Train epoch: 149 | Loss: *0.004* | Acc: *99.984%* (49992/50000) 
Test epoch: 149 | Loss: *0.347* | Acc: *90.930%* (9093/10000)
Train epoch: 150 | Loss: *0.004* | Acc: *99.992%* (49996/50000) 
Test epoch: 150 | Loss: *0.347* | Acc: *90.900%* (9090/10000)
Train epoch: 151 | Loss: *0.004* | Acc: *99.990%* (49995/50000) 
Test epoch: 151 | Loss: *0.347* | Acc: *90.790%* (9079/10000)
Train epoch: 152 | Loss: *0.004* | Acc: *99.990%* (49995/50000) 
Test epoch: 152 | Loss: *0.344* | Acc: *90.750%* (9075/10000)
Train epoch: 153 | Loss: *0.004* | Acc: *100.000%* (50000/50000) 
Test epoch: 153 | Loss: *0.345* | Acc: *90.920%* (9092/10000)
Train epoch: 154 | Loss: *0.004* | Acc: *99.994%* (49997/50000) 
Test epoch: 154 | Loss: *0.348* | Acc: *90.830%* (9083/10000)
Train epoch: 155 | Loss: *0.004* | Acc: *99.994%* (49997/50000) 
Test epoch: 155 | Loss: *0.347* | Acc: *90.810%* (9081/10000)
Train epoch: 156 | Loss: *0.004* | Acc: *99.994%* (49997/50000) 
Test epoch: 156 | Loss: *0.347* | Acc: *90.900%* (9090/10000)
Train epoch: 157 | Loss: *0.004* | Acc: *99.996%* (49998/50000) 
Test epoch: 157 | Loss: *0.345* | Acc: *90.960%* (9096/10000)
Train epoch: 158 | Loss: *0.004* | Acc: *99.996%* (49998/50000) 
Test epoch: 158 | Loss: *0.346* | Acc: *90.880%* (9088/10000)
Train epoch: 159 | Loss: *0.004* | Acc: *99.994%* (49997/50000) 
Test epoch: 159 | Loss: *0.346* | Acc: *90.970%* (9097/10000)
Train epoch: 160 | Loss: *0.004* | Acc: *99.990%* (49995/50000) 
Test epoch: 160 | Loss: *0.350* | Acc: *90.850%* (9085/10000)
Train epoch: 161 | Loss: *0.004* | Acc: *100.000%* (50000/50000) 
Test epoch: 161 | Loss: *0.346* | Acc: *90.790%* (9079/10000)
Train epoch: 162 | Loss: *0.004* | Acc: *99.998%* (49999/50000) 
Test epoch: 162 | Loss: *0.345* | Acc: *90.970%* (9097/10000)
Train epoch: 163 | Loss: *0.004* | Acc: *99.992%* (49996/50000) 
Test epoch: 163 | Loss: *0.347* | Acc: *90.800%* (9080/10000)
Train epoch: 164 | Loss: *0.004* | Acc: *99.990%* (49995/50000) 
Test epoch: 164 | Loss: *0.344* | Acc: *90.790%* (9079/10000)
Train epoch: 165 | Loss: *0.004* | Acc: *99.990%* (49995/50000) 
Test epoch: 165 | Loss: *0.344* | Acc: *90.770%* (9077/10000)
Train epoch: 166 | Loss: *0.004* | Acc: *100.000%* (50000/50000) 
Test epoch: 166 | Loss: *0.345* | Acc: *90.830%* (9083/10000)
Train epoch: 167 | Loss: *0.004* | Acc: *99.994%* (49997/50000) 
Test epoch: 167 | Loss: *0.344* | Acc: *90.780%* (9078/10000)
Train epoch: 168 | Loss: *0.004* | Acc: *100.000%* (50000/50000) 
Test epoch: 168 | Loss: *0.344* | Acc: *90.910%* (9091/10000)
Train epoch: 169 | Loss: *0.004* | Acc: *99.994%* (49997/50000) 
Test epoch: 169 | Loss: *0.342* | Acc: *90.820%* (9082/10000)
Train epoch: 170 | Loss: *0.004* | Acc: *99.992%* (49996/50000) 
Test epoch: 170 | Loss: *0.344* | Acc: *90.930%* (9093/10000)
Train epoch: 171 | Loss: *0.004* | Acc: *99.990%* (49995/50000) 
Test epoch: 171 | Loss: *0.343* | Acc: *90.880%* (9088/10000)
Train epoch: 172 | Loss: *0.004* | Acc: *100.000%* (50000/50000) 
Test epoch: 172 | Loss: *0.343* | Acc: *90.860%* (9086/10000)
Train epoch: 173 | Loss: *0.004* | Acc: *99.994%* (49997/50000) 
Test epoch: 173 | Loss: *0.346* | Acc: *90.760%* (9076/10000)
Train epoch: 174 | Loss: *0.004* | Acc: *99.996%* (49998/50000) 
Test epoch: 174 | Loss: *0.345* | Acc: *90.680%* (9068/10000)
Train epoch: 175 | Loss: *0.004* | Acc: *99.992%* (49996/50000) 
Test epoch: 175 | Loss: *0.346* | Acc: *90.790%* (9079/10000)
Train epoch: 176 | Loss: *0.004* | Acc: *99.998%* (49999/50000) 
Test epoch: 176 | Loss: *0.343* | Acc: *90.890%* (9089/10000)
Train epoch: 177 | Loss: *0.004* | Acc: *99.998%* (49999/50000) 
Test epoch: 177 | Loss: *0.345* | Acc: *90.920%* (9092/10000)
Train epoch: 178 | Loss: *0.004* | Acc: *99.996%* (49998/50000) 
Test epoch: 178 | Loss: *0.347* | Acc: *90.900%* (9090/10000)
Train epoch: 179 | Loss: *0.004* | Acc: *99.994%* (49997/50000) 
Test epoch: 179 | Loss: *0.345* | Acc: *90.890%* (9089/10000)
Train epoch: 180 | Loss: *0.004* | Acc: *99.996%* (49998/50000) 
Test epoch: 180 | Loss: *0.345* | Acc: *90.930%* (9093/10000)
Train epoch: 181 | Loss: *0.004* | Acc: *99.998%* (49999/50000) 
Test epoch: 181 | Loss: *0.345* | Acc: *90.830%* (9083/10000)
Train epoch: 182 | Loss: *0.004* | Acc: *100.000%* (50000/50000) 
Test epoch: 182 | Loss: *0.345* | Acc: *90.760%* (9076/10000)
Train epoch: 183 | Loss: *0.004* | Acc: *99.998%* (49999/50000) 
Test epoch: 183 | Loss: *0.344* | Acc: *90.740%* (9074/10000)
Train epoch: 184 | Loss: *0.004* | Acc: *99.992%* (49996/50000) 
Test epoch: 184 | Loss: *0.344* | Acc: *90.830%* (9083/10000)
Train epoch: 185 | Loss: *0.004* | Acc: *99.994%* (49997/50000) 
Test epoch: 185 | Loss: *0.343* | Acc: *90.910%* (9091/10000)
Train epoch: 186 | Loss: *0.004* | Acc: *99.998%* (49999/50000) 
Test epoch: 186 | Loss: *0.344* | Acc: *90.820%* (9082/10000)
Train epoch: 187 | Loss: *0.004* | Acc: *99.990%* (49995/50000) 
Test epoch: 187 | Loss: *0.344* | Acc: *90.910%* (9091/10000)
Train epoch: 188 | Loss: *0.004* | Acc: *99.996%* (49998/50000) 
Test epoch: 188 | Loss: *0.345* | Acc: *90.830%* (9083/10000)
Train epoch: 189 | Loss: *0.004* | Acc: *99.994%* (49997/50000) 
Test epoch: 189 | Loss: *0.345* | Acc: *90.970%* (9097/10000)
Train epoch: 190 | Loss: *0.004* | Acc: *99.998%* (49999/50000) 
Test epoch: 190 | Loss: *0.344* | Acc: *90.880%* (9088/10000)
Train epoch: 191 | Loss: *0.004* | Acc: *100.000%* (50000/50000) 
Test epoch: 191 | Loss: *0.343* | Acc: *90.950%* (9095/10000)
Train epoch: 192 | Loss: *0.004* | Acc: *99.990%* (49995/50000) 
Test epoch: 192 | Loss: *0.344* | Acc: *90.870%* (9087/10000)
Train epoch: 193 | Loss: *0.004* | Acc: *99.998%* (49999/50000) 
Test epoch: 193 | Loss: *0.345* | Acc: *91.000%* (9100/10000)
Train epoch: 194 | Loss: *0.004* | Acc: *99.998%* (49999/50000) 
Test epoch: 194 | Loss: *0.345* | Acc: *90.830%* (9083/10000)
Train epoch: 195 | Loss: *0.004* | Acc: *99.998%* (49999/50000) 
Test epoch: 195 | Loss: *0.345* | Acc: *90.850%* (9085/10000)
Train epoch: 196 | Loss: *0.004* | Acc: *99.996%* (49998/50000) 
Test epoch: 196 | Loss: *0.344* | Acc: *90.900%* (9090/10000)
Train epoch: 197 | Loss: *0.004* | Acc: *99.996%* (49998/50000) 
Test epoch: 197 | Loss: *0.344* | Acc: *90.820%* (9082/10000)
Train epoch: 198 | Loss: *0.004* | Acc: *99.996%* (49998/50000) 
Test epoch: 198 | Loss: *0.343* | Acc: *90.840%* (9084/10000)
Train epoch: 199 | Loss: *0.004* | Acc: *100.000%* (50000/50000) 
Test epoch: 199 | Loss: *0.343* | Acc: *90.930%* (9093/10000)
Train epoch: 200 | Loss: *0.004* | Acc: *100.000%* (50000/50000) 
Test epoch: 200 | Loss: *0.342* | Acc: *90.790%* (9079/10000)
Train epoch: 201 | Loss: *0.004* | Acc: *99.994%* (49997/50000) 
Test epoch: 201 | Loss: *0.344* | Acc: *90.930%* (9093/10000)
Train epoch: 202 | Loss: *0.004* | Acc: *100.000%* (50000/50000) 
Test epoch: 202 | Loss: *0.344* | Acc: *90.800%* (9080/10000)
Train epoch: 203 | Loss: *0.004* | Acc: *99.998%* (49999/50000) 
Test epoch: 203 | Loss: *0.342* | Acc: *90.970%* (9097/10000)
Train epoch: 204 | Loss: *0.004* | Acc: *99.998%* (49999/50000) 
Test epoch: 204 | Loss: *0.346* | Acc: *90.860%* (9086/10000)
Train epoch: 205 | Loss: *0.004* | Acc: *99.990%* (49995/50000) 
Test epoch: 205 | Loss: *0.342* | Acc: *90.820%* (9082/10000)
Train epoch: 206 | Loss: *0.004* | Acc: *99.994%* (49997/50000) 
Test epoch: 206 | Loss: *0.344* | Acc: *90.870%* (9087/10000)
Train epoch: 207 | Loss: *0.004* | Acc: *99.998%* (49999/50000) 
Test epoch: 207 | Loss: *0.343* | Acc: *90.860%* (9086/10000)
Train epoch: 208 | Loss: *0.004* | Acc: *99.992%* (49996/50000) 
Test epoch: 208 | Loss: *0.345* | Acc: *90.870%* (9087/10000)
Train epoch: 209 | Loss: *0.004* | Acc: *99.996%* (49998/50000) 
Test epoch: 209 | Loss: *0.344* | Acc: *90.830%* (9083/10000)
Train epoch: 210 | Loss: *0.003* | Acc: *99.996%* (49998/50000) 
Test epoch: 210 | Loss: *0.345* | Acc: *90.980%* (9098/10000)
Train epoch: 211 | Loss: *0.004* | Acc: *99.994%* (49997/50000) 
Test epoch: 211 | Loss: *0.344* | Acc: *90.910%* (9091/10000)
Train epoch: 212 | Loss: *0.004* | Acc: *99.992%* (49996/50000) 
Test epoch: 212 | Loss: *0.345* | Acc: *90.880%* (9088/10000)
Train epoch: 213 | Loss: *0.004* | Acc: *100.000%* (50000/50000) 
Test epoch: 213 | Loss: *0.344* | Acc: *90.750%* (9075/10000)
Train epoch: 214 | Loss: *0.004* | Acc: *99.996%* (49998/50000) 
Test epoch: 214 | Loss: *0.343* | Acc: *90.920%* (9092/10000)
Train epoch: 215 | Loss: *0.004* | Acc: *100.000%* (50000/50000) 
Test epoch: 215 | Loss: *0.346* | Acc: *90.810%* (9081/10000)
Train epoch: 216 | Loss: *0.004* | Acc: *99.996%* (49998/50000) 
Test epoch: 216 | Loss: *0.343* | Acc: *91.060%* (9106/10000)
Train epoch: 217 | Loss: *0.004* | Acc: *99.994%* (49997/50000) 
Test epoch: 217 | Loss: *0.345* | Acc: *90.890%* (9089/10000)
Train epoch: 218 | Loss: *0.004* | Acc: *99.998%* (49999/50000) 
Test epoch: 218 | Loss: *0.344* | Acc: *90.890%* (9089/10000)
Train epoch: 219 | Loss: *0.004* | Acc: *99.998%* (49999/50000) 
Test epoch: 219 | Loss: *0.339* | Acc: *91.050%* (9105/10000)
Train epoch: 220 | Loss: *0.004* | Acc: *100.000%* (50000/50000) 
Test epoch: 220 | Loss: *0.343* | Acc: *90.980%* (9098/10000)
Train epoch: 221 | Loss: *0.004* | Acc: *99.996%* (49998/50000) 
Test epoch: 221 | Loss: *0.343* | Acc: *90.940%* (9094/10000)
Train epoch: 222 | Loss: *0.004* | Acc: *99.994%* (49997/50000) 
Test epoch: 222 | Loss: *0.344* | Acc: *90.830%* (9083/10000)
Train epoch: 223 | Loss: *0.004* | Acc: *100.000%* (50000/50000) 
Test epoch: 223 | Loss: *0.344* | Acc: *90.930%* (9093/10000)
Train epoch: 224 | Loss: *0.004* | Acc: *99.998%* (49999/50000) 
Test epoch: 224 | Loss: *0.343* | Acc: *90.990%* (9099/10000)
Train epoch: 225 | Loss: *0.004* | Acc: *99.998%* (49999/50000) 
Test epoch: 225 | Loss: *0.343* | Acc: *90.860%* (9086/10000)
Train epoch: 226 | Loss: *0.004* | Acc: *99.998%* (49999/50000) 
Test epoch: 226 | Loss: *0.344* | Acc: *90.790%* (9079/10000)
Train epoch: 227 | Loss: *0.004* | Acc: *99.996%* (49998/50000) 
Test epoch: 227 | Loss: *0.343* | Acc: *90.890%* (9089/10000)
Train epoch: 228 | Loss: *0.004* | Acc: *99.994%* (49997/50000) 
Test epoch: 228 | Loss: *0.345* | Acc: *90.900%* (9090/10000)
Train epoch: 229 | Loss: *0.004* | Acc: *99.996%* (49998/50000) 
Test epoch: 229 | Loss: *0.344* | Acc: *90.990%* (9099/10000)
Train epoch: 230 | Loss: *0.004* | Acc: *99.998%* (49999/50000) 
Test epoch: 230 | Loss: *0.345* | Acc: *90.890%* (9089/10000)
Train epoch: 231 | Loss: *0.004* | Acc: *99.998%* (49999/50000) 
Test epoch: 231 | Loss: *0.344* | Acc: *90.840%* (9084/10000)
Train epoch: 232 | Loss: *0.004* | Acc: *100.000%* (50000/50000) 
Test epoch: 232 | Loss: *0.345* | Acc: *90.770%* (9077/10000)
Train epoch: 233 | Loss: *0.004* | Acc: *99.998%* (49999/50000) 
Test epoch: 233 | Loss: *0.343* | Acc: *90.950%* (9095/10000)
Train epoch: 234 | Loss: *0.004* | Acc: *100.000%* (50000/50000) 
Test epoch: 234 | Loss: *0.344* | Acc: *90.920%* (9092/10000)
Train epoch: 235 | Loss: *0.004* | Acc: *99.996%* (49998/50000) 
Test epoch: 235 | Loss: *0.343* | Acc: *91.030%* (9103/10000)
Train epoch: 236 | Loss: *0.004* | Acc: *99.996%* (49998/50000) 
Test epoch: 236 | Loss: *0.342* | Acc: *90.950%* (9095/10000)
Train epoch: 237 | Loss: *0.004* | Acc: *99.992%* (49996/50000) 
Test epoch: 237 | Loss: *0.342* | Acc: *90.770%* (9077/10000)
Train epoch: 238 | Loss: *0.004* | Acc: *99.994%* (49997/50000) 
Test epoch: 238 | Loss: *0.344* | Acc: *91.000%* (9100/10000)
Train epoch: 239 | Loss: *0.004* | Acc: *99.994%* (49997/50000) 
Test epoch: 239 | Loss: *0.342* | Acc: *90.980%* (9098/10000)
Train epoch: 240 | Loss: *0.004* | Acc: *100.000%* (50000/50000) 
Test epoch: 240 | Loss: *0.344* | Acc: *91.020%* (9102/10000)
Train epoch: 241 | Loss: *0.004* | Acc: *99.994%* (49997/50000) 
Test epoch: 241 | Loss: *0.344* | Acc: *90.880%* (9088/10000)
Train epoch: 242 | Loss: *0.004* | Acc: *99.998%* (49999/50000) 
Test epoch: 242 | Loss: *0.342* | Acc: *90.980%* (9098/10000)
Train epoch: 243 | Loss: *0.004* | Acc: *99.996%* (49998/50000) 
Test epoch: 243 | Loss: *0.341* | Acc: *91.000%* (9100/10000)
Train epoch: 244 | Loss: *0.004* | Acc: *99.994%* (49997/50000) 
Test epoch: 244 | Loss: *0.339* | Acc: *90.950%* (9095/10000)
Train epoch: 245 | Loss: *0.004* | Acc: *99.998%* (49999/50000) 
Test epoch: 245 | Loss: *0.342* | Acc: *90.880%* (9088/10000)
Train epoch: 246 | Loss: *0.004* | Acc: *99.994%* (49997/50000) 
Test epoch: 246 | Loss: *0.341* | Acc: *91.060%* (9106/10000)
Train epoch: 247 | Loss: *0.004* | Acc: *99.996%* (49998/50000) 
Test epoch: 247 | Loss: *0.342* | Acc: *90.970%* (9097/10000)
Train epoch: 248 | Loss: *0.004* | Acc: *99.994%* (49997/50000) 
Test epoch: 248 | Loss: *0.341* | Acc: *91.030%* (9103/10000)
Train epoch: 249 | Loss: *0.004* | Acc: *99.996%* (49998/50000) 
Test epoch: 249 | Loss: *0.342* | Acc: *90.950%* (9095/10000)
Train epoch: 250 | Loss: *0.004* | Acc: *99.992%* (49996/50000) 
Test epoch: 250 | Loss: *0.342* | Acc: *90.910%* (9091/10000)
Train epoch: 251 | Loss: *0.004* | Acc: *99.994%* (49997/50000) 
Test epoch: 251 | Loss: *0.342* | Acc: *90.850%* (9085/10000)
Train epoch: 252 | Loss: *0.004* | Acc: *99.994%* (49997/50000) 
Test epoch: 252 | Loss: *0.344* | Acc: *90.800%* (9080/10000)
Train epoch: 253 | Loss: *0.004* | Acc: *99.998%* (49999/50000) 
Test epoch: 253 | Loss: *0.343* | Acc: *90.910%* (9091/10000)
Train epoch: 254 | Loss: *0.004* | Acc: *99.998%* (49999/50000) 
Test epoch: 254 | Loss: *0.341* | Acc: *90.990%* (9099/10000)
Train epoch: 255 | Loss: *0.004* | Acc: *99.996%* (49998/50000) 
Test epoch: 255 | Loss: *0.347* | Acc: *90.830%* (9083/10000)
Train epoch: 256 | Loss: *0.004* | Acc: *99.994%* (49997/50000) 
Test epoch: 256 | Loss: *0.344* | Acc: *90.820%* (9082/10000)
Train epoch: 257 | Loss: *0.004* | Acc: *99.996%* (49998/50000) 
Test epoch: 257 | Loss: *0.343* | Acc: *91.000%* (9100/10000)
Train epoch: 258 | Loss: *0.004* | Acc: *99.998%* (49999/50000) 
Test epoch: 258 | Loss: *0.345* | Acc: *90.650%* (9065/10000)
Train epoch: 259 | Loss: *0.004* | Acc: *99.998%* (49999/50000) 
Test epoch: 259 | Loss: *0.341* | Acc: *90.960%* (9096/10000)
Train epoch: 260 | Loss: *0.004* | Acc: *99.998%* (49999/50000) 
Test epoch: 260 | Loss: *0.346* | Acc: *90.790%* (9079/10000)
Train epoch: 261 | Loss: *0.004* | Acc: *99.998%* (49999/50000) 
Test epoch: 261 | Loss: *0.342* | Acc: *90.930%* (9093/10000)
Train epoch: 262 | Loss: *0.004* | Acc: *99.998%* (49999/50000) 
Test epoch: 262 | Loss: *0.342* | Acc: *90.880%* (9088/10000)
Train epoch: 263 | Loss: *0.004* | Acc: *99.998%* (49999/50000) 
Test epoch: 263 | Loss: *0.347* | Acc: *90.830%* (9083/10000)
Train epoch: 264 | Loss: *0.004* | Acc: *99.992%* (49996/50000) 
Test epoch: 264 | Loss: *0.343* | Acc: *90.880%* (9088/10000)
Train epoch: 265 | Loss: *0.004* | Acc: *99.996%* (49998/50000) 
Test epoch: 265 | Loss: *0.340* | Acc: *90.810%* (9081/10000)
Train epoch: 266 | Loss: *0.004* | Acc: *99.998%* (49999/50000) 
Test epoch: 266 | Loss: *0.348* | Acc: *90.890%* (9089/10000)
Train epoch: 267 | Loss: *0.004* | Acc: *99.996%* (49998/50000) 
Test epoch: 267 | Loss: *0.343* | Acc: *90.770%* (9077/10000)
Train epoch: 268 | Loss: *0.004* | Acc: *100.000%* (50000/50000) 
Test epoch: 268 | Loss: *0.345* | Acc: *90.810%* (9081/10000)
Train epoch: 269 | Loss: *0.004* | Acc: *99.988%* (49994/50000) 
Test epoch: 269 | Loss: *0.353* | Acc: *90.670%* (9067/10000)
Train epoch: 270 | Loss: *0.005* | Acc: *100.000%* (50000/50000) 
Test epoch: 270 | Loss: *0.348* | Acc: *90.860%* (9086/10000)
Train epoch: 271 | Loss: *0.004* | Acc: *99.998%* (49999/50000) 
Test epoch: 271 | Loss: *0.343* | Acc: *91.010%* (9101/10000)
Train epoch: 272 | Loss: *0.004* | Acc: *99.994%* (49997/50000) 
Test epoch: 272 | Loss: *0.351* | Acc: *90.860%* (9086/10000)
Train epoch: 273 | Loss: *0.005* | Acc: *99.990%* (49995/50000) 
Test epoch: 273 | Loss: *0.343* | Acc: *90.950%* (9095/10000)
Train epoch: 274 | Loss: *0.005* | Acc: *99.988%* (49994/50000) 
Test epoch: 274 | Loss: *0.339* | Acc: *90.840%* (9084/10000)
Train epoch: 275 | Loss: *0.005* | Acc: *99.988%* (49994/50000) 
Test epoch: 275 | Loss: *0.343* | Acc: *90.930%* (9093/10000)
Train epoch: 276 | Loss: *0.005* | Acc: *99.984%* (49992/50000) 
Test epoch: 276 | Loss: *0.347* | Acc: *90.650%* (9065/10000)
Train epoch: 277 | Loss: *0.005* | Acc: *99.992%* (49996/50000) 
Test epoch: 277 | Loss: *0.344* | Acc: *90.780%* (9078/10000)
Train epoch: 278 | Loss: *0.005* | Acc: *99.990%* (49995/50000) 
Test epoch: 278 | Loss: *0.350* | Acc: *90.820%* (9082/10000)
Train epoch: 279 | Loss: *0.005* | Acc: *99.988%* (49994/50000) 
Test epoch: 279 | Loss: *0.354* | Acc: *90.750%* (9075/10000)
Train epoch: 280 | Loss: *0.005* | Acc: *99.988%* (49994/50000) 
Test epoch: 280 | Loss: *0.344* | Acc: *90.960%* (9096/10000)
Train epoch: 281 | Loss: *0.005* | Acc: *99.978%* (49989/50000) 
Test epoch: 281 | Loss: *0.358* | Acc: *90.770%* (9077/10000)
Train epoch: 282 | Loss: *0.005* | Acc: *99.998%* (49999/50000) 
Test epoch: 282 | Loss: *0.350* | Acc: *90.850%* (9085/10000)
Train epoch: 283 | Loss: *0.006* | Acc: *99.980%* (49990/50000) 
Test epoch: 283 | Loss: *0.345* | Acc: *90.810%* (9081/10000)
Train epoch: 284 | Loss: *0.005* | Acc: *99.998%* (49999/50000) 
Test epoch: 284 | Loss: *0.341* | Acc: *90.830%* (9083/10000)
Train epoch: 285 | Loss: *0.005* | Acc: *99.986%* (49993/50000) 
Test epoch: 285 | Loss: *0.346* | Acc: *90.880%* (9088/10000)
Train epoch: 286 | Loss: *0.005* | Acc: *99.988%* (49994/50000) 
Test epoch: 286 | Loss: *0.345* | Acc: *90.770%* (9077/10000)
Train epoch: 287 | Loss: *0.006* | Acc: *99.986%* (49993/50000) 
Test epoch: 287 | Loss: *0.355* | Acc: *90.530%* (9053/10000)
Train epoch: 288 | Loss: *0.005* | Acc: *99.984%* (49992/50000) 
Test epoch: 288 | Loss: *0.340* | Acc: *90.880%* (9088/10000)
Train epoch: 289 | Loss: *0.006* | Acc: *99.982%* (49991/50000) 
Test epoch: 289 | Loss: *0.343* | Acc: *90.900%* (9090/10000)
Train epoch: 290 | Loss: *0.006* | Acc: *99.988%* (49994/50000) 
Test epoch: 290 | Loss: *0.352* | Acc: *90.860%* (9086/10000)
Train epoch: 291 | Loss: *0.006* | Acc: *99.980%* (49990/50000) 
Test epoch: 291 | Loss: *0.348* | Acc: *90.620%* (9062/10000)
Train epoch: 292 | Loss: *0.008* | Acc: *99.932%* (49966/50000) 
Test epoch: 292 | Loss: *0.369* | Acc: *90.390%* (9039/10000)
Train epoch: 293 | Loss: *0.006* | Acc: *99.984%* (49992/50000) 
Test epoch: 293 | Loss: *0.349* | Acc: *90.790%* (9079/10000)
Train epoch: 294 | Loss: *0.006* | Acc: *99.980%* (49990/50000) 
Test epoch: 294 | Loss: *0.352* | Acc: *90.890%* (9089/10000)
Train epoch: 295 | Loss: *0.006* | Acc: *99.978%* (49989/50000) 
Test epoch: 295 | Loss: *0.365* | Acc: *90.650%* (9065/10000)
Train epoch: 296 | Loss: *0.008* | Acc: *99.936%* (49968/50000) 
Test epoch: 296 | Loss: *0.376* | Acc: *90.060%* (9006/10000)
Train epoch: 297 | Loss: *0.010* | Acc: *99.886%* (49943/50000) 
Test epoch: 297 | Loss: *0.353* | Acc: *90.590%* (9059/10000)
Train epoch: 298 | Loss: *0.008* | Acc: *99.954%* (49977/50000) 
Test epoch: 298 | Loss: *0.363* | Acc: *90.490%* (9049/10000)
Train epoch: 299 | Loss: *0.008* | Acc: *99.926%* (49963/50000) 
Test epoch: 299 | Loss: *0.552* | Acc: *87.430%* (8743/10000)
Train epoch: 300 | Loss: *0.010* | Acc: *99.886%* (49943/50000) 
Test epoch: 300 | Loss: *0.363* | Acc: *90.610%* (9061/10000)
Train epoch: 301 | Loss: *0.009* | Acc: *99.926%* (49963/50000) 
Test epoch: 301 | Loss: *0.360* | Acc: *90.610%* (9061/10000)
Train epoch: 302 | Loss: *0.009* | Acc: *99.934%* (49967/50000) 
Test epoch: 302 | Loss: *0.384* | Acc: *90.130%* (9013/10000)
Train epoch: 303 | Loss: *0.011* | Acc: *99.884%* (49942/50000) 
Test epoch: 303 | Loss: *0.408* | Acc: *89.810%* (8981/10000)
Train epoch: 304 | Loss: *0.010* | Acc: *99.932%* (49966/50000) 
Test epoch: 304 | Loss: *0.364* | Acc: *90.710%* (9071/10000)
Train epoch: 305 | Loss: *0.010* | Acc: *99.896%* (49948/50000) 
Test epoch: 305 | Loss: *0.378* | Acc: *90.120%* (9012/10000)
Train epoch: 306 | Loss: *0.009* | Acc: *99.948%* (49974/50000) 
Test epoch: 306 | Loss: *0.675* | Acc: *86.260%* (8626/10000)
Train epoch: 307 | Loss: *0.010* | Acc: *99.902%* (49951/50000) 
Test epoch: 307 | Loss: *0.365* | Acc: *90.620%* (9062/10000)
Train epoch: 308 | Loss: *0.010* | Acc: *99.892%* (49946/50000) 
Test epoch: 308 | Loss: *0.384* | Acc: *90.020%* (9002/10000)
Train epoch: 309 | Loss: *0.011* | Acc: *99.870%* (49935/50000) 
Test epoch: 309 | Loss: *0.408* | Acc: *89.440%* (8944/10000)
Train epoch: 310 | Loss: *0.014* | Acc: *99.774%* (49887/50000) 
Test epoch: 310 | Loss: *0.435* | Acc: *89.030%* (8903/10000)
Train epoch: 311 | Loss: *0.014* | Acc: *99.808%* (49904/50000) 
Test epoch: 311 | Loss: *0.370* | Acc: *90.520%* (9052/10000)
Train epoch: 312 | Loss: *0.014* | Acc: *99.814%* (49907/50000) 
Test epoch: 312 | Loss: *1.036* | Acc: *81.690%* (8169/10000)
Train epoch: 313 | Loss: *0.017* | Acc: *99.706%* (49853/50000) 
Test epoch: 313 | Loss: *0.411* | Acc: *89.840%* (8984/10000)
Train epoch: 314 | Loss: *0.011* | Acc: *99.882%* (49941/50000) 
Test epoch: 314 | Loss: *0.373* | Acc: *90.530%* (9053/10000)
Train epoch: 315 | Loss: *0.015* | Acc: *99.734%* (49867/50000) 
Test epoch: 315 | Loss: *0.397* | Acc: *89.780%* (8978/10000)
Train epoch: 316 | Loss: *0.018* | Acc: *99.690%* (49845/50000) 
Test epoch: 316 | Loss: *0.380* | Acc: *90.310%* (9031/10000)
Train epoch: 317 | Loss: *0.021* | Acc: *99.590%* (49795/50000) 
Test epoch: 317 | Loss: *0.422* | Acc: *89.260%* (8926/10000)
Train epoch: 318 | Loss: *0.020* | Acc: *99.600%* (49800/50000) 
Test epoch: 318 | Loss: *0.389* | Acc: *89.710%* (8971/10000)
Train epoch: 319 | Loss: *0.018* | Acc: *99.690%* (49845/50000) 
Test epoch: 319 | Loss: *0.430* | Acc: *88.750%* (8875/10000)
Train epoch: 320 | Loss: *0.019* | Acc: *99.632%* (49816/50000) 
Test epoch: 320 | Loss: *0.379* | Acc: *90.180%* (9018/10000)
Train epoch: 321 | Loss: *0.019* | Acc: *99.656%* (49828/50000) 
Test epoch: 321 | Loss: *0.431* | Acc: *88.730%* (8873/10000)
Train epoch: 322 | Loss: *0.023* | Acc: *99.476%* (49738/50000) 
Test epoch: 322 | Loss: *0.541* | Acc: *86.730%* (8673/10000)
Train epoch: 323 | Loss: *0.023* | Acc: *99.482%* (49741/50000) 
Test epoch: 323 | Loss: *0.606* | Acc: *86.570%* (8657/10000)
Train epoch: 324 | Loss: *0.027* | Acc: *99.350%* (49675/50000) 
Test epoch: 324 | Loss: *0.397* | Acc: *89.740%* (8974/10000)
Train epoch: 325 | Loss: *0.020* | Acc: *99.612%* (49806/50000) 
Test epoch: 325 | Loss: *0.386* | Acc: *89.790%* (8979/10000)
Train epoch: 326 | Loss: *0.023* | Acc: *99.478%* (49739/50000) 
Test epoch: 326 | Loss: *0.425* | Acc: *88.940%* (8894/10000)
Train epoch: 327 | Loss: *0.024* | Acc: *99.410%* (49705/50000) 
Test epoch: 327 | Loss: *0.439* | Acc: *89.010%* (8901/10000)
Train epoch: 328 | Loss: *0.021* | Acc: *99.560%* (49780/50000) 
Test epoch: 328 | Loss: *0.359* | Acc: *90.780%* (9078/10000)
Train epoch: 329 | Loss: *0.022* | Acc: *99.510%* (49755/50000) 
Test epoch: 329 | Loss: *0.388* | Acc: *90.280%* (9028/10000)
Train epoch: 330 | Loss: *0.021* | Acc: *99.558%* (49779/50000) 
Test epoch: 330 | Loss: *0.474* | Acc: *88.550%* (8855/10000)
Train epoch: 331 | Loss: *0.025* | Acc: *99.378%* (49689/50000) 
Test epoch: 331 | Loss: *0.404* | Acc: *89.630%* (8963/10000)
Train epoch: 332 | Loss: *0.020* | Acc: *99.574%* (49787/50000) 
Test epoch: 332 | Loss: *0.447* | Acc: *89.310%* (8931/10000)
Train epoch: 333 | Loss: *0.022* | Acc: *99.506%* (49753/50000) 
Test epoch: 333 | Loss: *0.412* | Acc: *89.490%* (8949/10000)
Train epoch: 334 | Loss: *0.021* | Acc: *99.518%* (49759/50000) 
Test epoch: 334 | Loss: *0.442* | Acc: *89.360%* (8936/10000)
Train epoch: 335 | Loss: *0.023* | Acc: *99.452%* (49726/50000) 
Test epoch: 335 | Loss: *0.457* | Acc: *89.170%* (8917/10000)
Train epoch: 336 | Loss: *0.020* | Acc: *99.584%* (49792/50000) 
Test epoch: 336 | Loss: *0.429* | Acc: *89.530%* (8953/10000)
Train epoch: 337 | Loss: *0.018* | Acc: *99.656%* (49828/50000) 
Test epoch: 337 | Loss: *0.512* | Acc: *87.460%* (8746/10000)
Train epoch: 338 | Loss: *0.021* | Acc: *99.514%* (49757/50000) 
Test epoch: 338 | Loss: *0.451* | Acc: *88.920%* (8892/10000)
Train epoch: 339 | Loss: *0.020* | Acc: *99.560%* (49780/50000) 
Test epoch: 339 | Loss: *0.509* | Acc: *87.940%* (8794/10000)
Train epoch: 340 | Loss: *0.019* | Acc: *99.568%* (49784/50000) 
Test epoch: 340 | Loss: *0.434* | Acc: *89.220%* (8922/10000)
Train epoch: 341 | Loss: *0.020* | Acc: *99.518%* (49759/50000) 
Test epoch: 341 | Loss: *0.394* | Acc: *90.210%* (9021/10000)
Train epoch: 342 | Loss: *0.020* | Acc: *99.544%* (49772/50000) 
Test epoch: 342 | Loss: *0.409* | Acc: *89.570%* (8957/10000)
Train epoch: 343 | Loss: *0.024* | Acc: *99.404%* (49702/50000) 
Test epoch: 343 | Loss: *0.400* | Acc: *89.550%* (8955/10000)
Train epoch: 344 | Loss: *0.025* | Acc: *99.398%* (49699/50000) 
Test epoch: 344 | Loss: *0.404* | Acc: *89.960%* (8996/10000)
Train epoch: 345 | Loss: *0.020* | Acc: *99.568%* (49784/50000) 
Test epoch: 345 | Loss: *0.411* | Acc: *89.700%* (8970/10000)
Train epoch: 346 | Loss: *0.019* | Acc: *99.596%* (49798/50000) 
Test epoch: 346 | Loss: *0.397* | Acc: *90.090%* (9009/10000)
Train epoch: 347 | Loss: *0.021* | Acc: *99.486%* (49743/50000) 
Test epoch: 347 | Loss: *0.428* | Acc: *89.530%* (8953/10000)
Train epoch: 348 | Loss: *0.019* | Acc: *99.548%* (49774/50000) 
Test epoch: 348 | Loss: *0.503* | Acc: *87.770%* (8777/10000)
Train epoch: 349 | Loss: *0.022* | Acc: *99.474%* (49737/50000) 
Test epoch: 349 | Loss: *0.404* | Acc: *90.320%* (9032/10000)
Train epoch: 350 | Loss: *0.019* | Acc: *99.560%* (49780/50000) 
Test epoch: 350 | Loss: *0.432* | Acc: *89.590%* (8959/10000)
Train epoch: 351 | Loss: *0.022* | Acc: *99.472%* (49736/50000) 
Test epoch: 351 | Loss: *0.418* | Acc: *89.730%* (8973/10000)
Train epoch: 352 | Loss: *0.019* | Acc: *99.554%* (49777/50000) 
Test epoch: 352 | Loss: *0.437* | Acc: *89.240%* (8924/10000)
Train epoch: 353 | Loss: *0.022* | Acc: *99.456%* (49728/50000) 
Test epoch: 353 | Loss: *0.424* | Acc: *89.450%* (8945/10000)
Train epoch: 354 | Loss: *0.019* | Acc: *99.596%* (49798/50000) 
Test epoch: 354 | Loss: *0.455* | Acc: *88.540%* (8854/10000)
Train epoch: 355 | Loss: *0.019* | Acc: *99.556%* (49778/50000) 
Test epoch: 355 | Loss: *0.445* | Acc: *89.290%* (8929/10000)
Train epoch: 356 | Loss: *0.022* | Acc: *99.472%* (49736/50000) 
Test epoch: 356 | Loss: *0.398* | Acc: *90.090%* (9009/10000)
Train epoch: 357 | Loss: *0.019* | Acc: *99.590%* (49795/50000) 
Test epoch: 357 | Loss: *0.399* | Acc: *90.190%* (9019/10000)
Train epoch: 358 | Loss: *0.020* | Acc: *99.536%* (49768/50000) 
Test epoch: 358 | Loss: *0.406* | Acc: *90.010%* (9001/10000)
Train epoch: 359 | Loss: *0.021* | Acc: *99.464%* (49732/50000) 
Test epoch: 359 | Loss: *0.402* | Acc: *89.940%* (8994/10000)
Train epoch: 360 | Loss: *0.017* | Acc: *99.614%* (49807/50000) 
Test epoch: 360 | Loss: *0.526* | Acc: *88.080%* (8808/10000)
Train epoch: 361 | Loss: *0.022* | Acc: *99.476%* (49738/50000) 
Test epoch: 361 | Loss: *0.506* | Acc: *88.500%* (8850/10000)
Train epoch: 362 | Loss: *0.021* | Acc: *99.484%* (49742/50000) 
Test epoch: 362 | Loss: *0.443* | Acc: *89.120%* (8912/10000)
Train epoch: 363 | Loss: *0.021* | Acc: *99.534%* (49767/50000) 
Test epoch: 363 | Loss: *0.425* | Acc: *89.930%* (8993/10000)
Train epoch: 364 | Loss: *0.015* | Acc: *99.692%* (49846/50000) 
Test epoch: 364 | Loss: *0.408* | Acc: *89.910%* (8991/10000)
Train epoch: 365 | Loss: *0.016* | Acc: *99.648%* (49824/50000) 
Test epoch: 365 | Loss: *0.487* | Acc: *88.730%* (8873/10000)
Train epoch: 366 | Loss: *0.018* | Acc: *99.578%* (49789/50000) 
Test epoch: 366 | Loss: *0.396* | Acc: *90.170%* (9017/10000)
Train epoch: 367 | Loss: *0.017* | Acc: *99.614%* (49807/50000) 
Test epoch: 367 | Loss: *0.377* | Acc: *90.500%* (9050/10000)
Train epoch: 368 | Loss: *0.016* | Acc: *99.648%* (49824/50000) 
Test epoch: 368 | Loss: *0.479* | Acc: *88.550%* (8855/10000)
Train epoch: 369 | Loss: *0.016* | Acc: *99.656%* (49828/50000) 
Test epoch: 369 | Loss: *0.381* | Acc: *90.350%* (9035/10000)
Train epoch: 370 | Loss: *0.014* | Acc: *99.716%* (49858/50000) 
Test epoch: 370 | Loss: *0.390* | Acc: *90.210%* (9021/10000)
Train epoch: 371 | Loss: *0.015* | Acc: *99.676%* (49838/50000) 
Test epoch: 371 | Loss: *0.424* | Acc: *89.340%* (8934/10000)
Train epoch: 372 | Loss: *0.016* | Acc: *99.676%* (49838/50000) 
Test epoch: 372 | Loss: *0.387* | Acc: *90.460%* (9046/10000)
Train epoch: 373 | Loss: *0.015* | Acc: *99.696%* (49848/50000) 
Test epoch: 373 | Loss: *0.398* | Acc: *90.180%* (9018/10000)
Train epoch: 374 | Loss: *0.017* | Acc: *99.618%* (49809/50000) 
Test epoch: 374 | Loss: *0.400* | Acc: *90.600%* (9060/10000)
Train epoch: 375 | Loss: *0.016* | Acc: *99.658%* (49829/50000) 
Test epoch: 375 | Loss: *0.424* | Acc: *89.520%* (8952/10000)
Train epoch: 376 | Loss: *0.015* | Acc: *99.686%* (49843/50000) 
Test epoch: 376 | Loss: *0.411* | Acc: *89.900%* (8990/10000)
Train epoch: 377 | Loss: *0.013* | Acc: *99.772%* (49886/50000) 
Test epoch: 377 | Loss: *0.392* | Acc: *90.190%* (9019/10000)
Train epoch: 378 | Loss: *0.014* | Acc: *99.706%* (49853/50000) 
Test epoch: 378 | Loss: *0.416* | Acc: *89.930%* (8993/10000)
Train epoch: 379 | Loss: *0.014* | Acc: *99.720%* (49860/50000) 
Test epoch: 379 | Loss: *0.417* | Acc: *89.870%* (8987/10000)
Train epoch: 380 | Loss: *0.014* | Acc: *99.690%* (49845/50000) 
Test epoch: 380 | Loss: *0.401* | Acc: *90.090%* (9009/10000)
Train epoch: 381 | Loss: *0.015* | Acc: *99.688%* (49844/50000) 
Test epoch: 381 | Loss: *0.384* | Acc: *90.330%* (9033/10000)
Train epoch: 382 | Loss: *0.012* | Acc: *99.774%* (49887/50000) 
Test epoch: 382 | Loss: *0.395* | Acc: *90.330%* (9033/10000)
Train epoch: 383 | Loss: *0.016* | Acc: *99.640%* (49820/50000) 
Test epoch: 383 | Loss: *0.457* | Acc: *89.250%* (8925/10000)
Train epoch: 384 | Loss: *0.015* | Acc: *99.664%* (49832/50000) 
Test epoch: 384 | Loss: *0.381* | Acc: *90.480%* (9048/10000)
Train epoch: 385 | Loss: *0.012* | Acc: *99.806%* (49903/50000) 
Test epoch: 385 | Loss: *0.393* | Acc: *90.610%* (9061/10000)
Train epoch: 386 | Loss: *0.013* | Acc: *99.746%* (49873/50000) 
Test epoch: 386 | Loss: *0.400* | Acc: *90.140%* (9014/10000)
Train epoch: 387 | Loss: *0.013* | Acc: *99.792%* (49896/50000) 
Test epoch: 387 | Loss: *0.382* | Acc: *90.420%* (9042/10000)
Train epoch: 388 | Loss: *0.012* | Acc: *99.776%* (49888/50000) 
Test epoch: 388 | Loss: *0.431* | Acc: *89.660%* (8966/10000)
Train epoch: 389 | Loss: *0.017* | Acc: *99.620%* (49810/50000) 
Test epoch: 389 | Loss: *0.460* | Acc: *89.270%* (8927/10000)
Train epoch: 390 | Loss: *0.015* | Acc: *99.722%* (49861/50000) 
Test epoch: 390 | Loss: *0.386* | Acc: *90.540%* (9054/10000)
Train epoch: 391 | Loss: *0.016* | Acc: *99.614%* (49807/50000) 
Test epoch: 391 | Loss: *0.502* | Acc: *88.550%* (8855/10000)
Train epoch: 392 | Loss: *0.017* | Acc: *99.608%* (49804/50000) 
Test epoch: 392 | Loss: *0.407* | Acc: *90.020%* (9002/10000)
Train epoch: 393 | Loss: *0.015* | Acc: *99.674%* (49837/50000) 
Test epoch: 393 | Loss: *0.386* | Acc: *90.290%* (9029/10000)
Train epoch: 394 | Loss: *0.013* | Acc: *99.776%* (49888/50000) 
Test epoch: 394 | Loss: *0.391* | Acc: *90.340%* (9034/10000)
Train epoch: 395 | Loss: *0.013* | Acc: *99.756%* (49878/50000) 
Test epoch: 395 | Loss: *0.383* | Acc: *90.200%* (9020/10000)
Train epoch: 396 | Loss: *0.013* | Acc: *99.752%* (49876/50000) 
Test epoch: 396 | Loss: *0.372* | Acc: *90.530%* (9053/10000)
Train epoch: 397 | Loss: *0.011* | Acc: *99.810%* (49905/50000) 
Test epoch: 397 | Loss: *0.390* | Acc: *90.330%* (9033/10000)
Train epoch: 398 | Loss: *0.010* | Acc: *99.834%* (49917/50000) 
Test epoch: 398 | Loss: *0.368* | Acc: *90.670%* (9067/10000)
Train epoch: 399 | Loss: *0.013* | Acc: *99.752%* (49876/50000) 
Test epoch: 399 | Loss: *0.436* | Acc: *89.800%* (8980/10000)
Train epoch: 400 | Loss: *0.012* | Acc: *99.766%* (49883/50000) 
Test epoch: 400 | Loss: *0.388* | Acc: *90.420%* (9042/10000)
Train epoch: 401 | Loss: *0.012* | Acc: *99.780%* (49890/50000) 
Test epoch: 401 | Loss: *0.401* | Acc: *90.160%* (9016/10000)
Train epoch: 402 | Loss: *0.011* | Acc: *99.826%* (49913/50000) 
Test epoch: 402 | Loss: *0.413* | Acc: *90.110%* (9011/10000)
Train epoch: 403 | Loss: *0.010* | Acc: *99.868%* (49934/50000) 
Test epoch: 403 | Loss: *0.369* | Acc: *90.690%* (9069/10000)
Train epoch: 404 | Loss: *0.007* | Acc: *99.922%* (49961/50000) 
Test epoch: 404 | Loss: *0.401* | Acc: *90.240%* (9024/10000)
Train epoch: 405 | Loss: *0.007* | Acc: *99.910%* (49955/50000) 
Test epoch: 405 | Loss: *0.389* | Acc: *90.330%* (9033/10000)
Train epoch: 406 | Loss: *0.007* | Acc: *99.922%* (49961/50000) 
Test epoch: 406 | Loss: *0.368* | Acc: *90.960%* (9096/10000)
Train epoch: 407 | Loss: *0.009* | Acc: *99.858%* (49929/50000) 
Test epoch: 407 | Loss: *0.377* | Acc: *90.880%* (9088/10000)
Train epoch: 408 | Loss: *0.009* | Acc: *99.854%* (49927/50000) 
Test epoch: 408 | Loss: *0.393* | Acc: *90.390%* (9039/10000)
Train epoch: 409 | Loss: *0.008* | Acc: *99.870%* (49935/50000) 
Test epoch: 409 | Loss: *0.374* | Acc: *90.580%* (9058/10000)
Train epoch: 410 | Loss: *0.010* | Acc: *99.858%* (49929/50000) 
Test epoch: 410 | Loss: *0.379* | Acc: *90.190%* (9019/10000)
Train epoch: 411 | Loss: *0.008* | Acc: *99.898%* (49949/50000) 
Test epoch: 411 | Loss: *0.364* | Acc: *90.840%* (9084/10000)
Train epoch: 412 | Loss: *0.008* | Acc: *99.900%* (49950/50000) 
Test epoch: 412 | Loss: *0.376* | Acc: *90.610%* (9061/10000)
Train epoch: 413 | Loss: *0.009* | Acc: *99.854%* (49927/50000) 
Test epoch: 413 | Loss: *0.389* | Acc: *90.440%* (9044/10000)
Train epoch: 414 | Loss: *0.007* | Acc: *99.906%* (49953/50000) 
Test epoch: 414 | Loss: *0.375* | Acc: *90.960%* (9096/10000)
Train epoch: 415 | Loss: *0.007* | Acc: *99.916%* (49958/50000) 
Test epoch: 415 | Loss: *0.359* | Acc: *91.050%* (9105/10000)
Train epoch: 416 | Loss: *0.006* | Acc: *99.940%* (49970/50000) 
Test epoch: 416 | Loss: *0.364* | Acc: *91.000%* (9100/10000)
Train epoch: 417 | Loss: *0.007* | Acc: *99.910%* (49955/50000) 
Test epoch: 417 | Loss: *0.389* | Acc: *90.460%* (9046/10000)
Train epoch: 418 | Loss: *0.006* | Acc: *99.940%* (49970/50000) 
Test epoch: 418 | Loss: *0.356* | Acc: *90.940%* (9094/10000)
Train epoch: 419 | Loss: *0.006* | Acc: *99.934%* (49967/50000) 
Test epoch: 419 | Loss: *0.399* | Acc: *90.430%* (9043/10000)
Train epoch: 420 | Loss: *0.006* | Acc: *99.940%* (49970/50000) 
Test epoch: 420 | Loss: *0.355* | Acc: *91.220%* (9122/10000)
Train epoch: 421 | Loss: *0.006* | Acc: *99.960%* (49980/50000) 
Test epoch: 421 | Loss: *0.347* | Acc: *91.180%* (9118/10000)
Train epoch: 422 | Loss: *0.005* | Acc: *99.974%* (49987/50000) 
Test epoch: 422 | Loss: *0.362* | Acc: *90.900%* (9090/10000)
Train epoch: 423 | Loss: *0.005* | Acc: *99.954%* (49977/50000) 
Test epoch: 423 | Loss: *0.350* | Acc: *91.070%* (9107/10000)
Train epoch: 424 | Loss: *0.005* | Acc: *99.970%* (49985/50000) 
Test epoch: 424 | Loss: *0.348* | Acc: *91.050%* (9105/10000)
Train epoch: 425 | Loss: *0.004* | Acc: *99.988%* (49994/50000) 
Test epoch: 425 | Loss: *0.363* | Acc: *91.030%* (9103/10000)
Train epoch: 426 | Loss: *0.004* | Acc: *99.990%* (49995/50000) 
Test epoch: 426 | Loss: *0.345* | Acc: *91.200%* (9120/10000)
Train epoch: 427 | Loss: *0.003* | Acc: *99.994%* (49997/50000) 
Test epoch: 427 | Loss: *0.345* | Acc: *91.230%* (9123/10000)
Train epoch: 428 | Loss: *0.005* | Acc: *99.958%* (49979/50000) 
Test epoch: 428 | Loss: *0.377* | Acc: *90.470%* (9047/10000)
Train epoch: 429 | Loss: *0.005* | Acc: *99.974%* (49987/50000) 
Test epoch: 429 | Loss: *0.356* | Acc: *91.120%* (9112/10000)
Train epoch: 430 | Loss: *0.004* | Acc: *99.978%* (49989/50000) 
Test epoch: 430 | Loss: *0.352* | Acc: *90.940%* (9094/10000)
Train epoch: 431 | Loss: *0.004* | Acc: *99.988%* (49994/50000) 
Test epoch: 431 | Loss: *0.352* | Acc: *91.290%* (9129/10000)
Train epoch: 432 | Loss: *0.003* | Acc: *99.988%* (49994/50000) 
Test epoch: 432 | Loss: *0.345* | Acc: *91.330%* (9133/10000)
Train epoch: 433 | Loss: *0.004* | Acc: *99.992%* (49996/50000) 
Test epoch: 433 | Loss: *0.340* | Acc: *91.390%* (9139/10000)
Train epoch: 434 | Loss: *0.004* | Acc: *99.972%* (49986/50000) 
Test epoch: 434 | Loss: *0.364* | Acc: *90.790%* (9079/10000)
Train epoch: 435 | Loss: *0.004* | Acc: *99.996%* (49998/50000) 
Test epoch: 435 | Loss: *0.348* | Acc: *91.130%* (9113/10000)
Train epoch: 436 | Loss: *0.004* | Acc: *99.980%* (49990/50000) 
Test epoch: 436 | Loss: *0.339* | Acc: *91.430%* (9143/10000)
Train epoch: 437 | Loss: *0.004* | Acc: *99.986%* (49993/50000) 
Test epoch: 437 | Loss: *0.347* | Acc: *91.200%* (9120/10000)
Train epoch: 438 | Loss: *0.004* | Acc: *99.980%* (49990/50000) 
Test epoch: 438 | Loss: *0.335* | Acc: *91.430%* (9143/10000)
Train epoch: 439 | Loss: *0.006* | Acc: *99.944%* (49972/50000) 
Test epoch: 439 | Loss: *0.344* | Acc: *91.240%* (9124/10000)
Train epoch: 440 | Loss: *0.004* | Acc: *99.980%* (49990/50000) 
Test epoch: 440 | Loss: *0.343* | Acc: *91.190%* (9119/10000)
Train epoch: 441 | Loss: *0.004* | Acc: *99.988%* (49994/50000) 
Test epoch: 441 | Loss: *0.339* | Acc: *91.460%* (9146/10000)
Train epoch: 442 | Loss: *0.004* | Acc: *99.986%* (49993/50000) 
Test epoch: 442 | Loss: *0.340* | Acc: *91.270%* (9127/10000)
Train epoch: 443 | Loss: *0.003* | Acc: *99.996%* (49998/50000) 
Test epoch: 443 | Loss: *0.334* | Acc: *91.400%* (9140/10000)
Train epoch: 444 | Loss: *0.004* | Acc: *99.976%* (49988/50000) 
Test epoch: 444 | Loss: *0.338* | Acc: *91.210%* (9121/10000)
Train epoch: 445 | Loss: *0.004* | Acc: *99.988%* (49994/50000) 
Test epoch: 445 | Loss: *0.352* | Acc: *91.160%* (9116/10000)
Train epoch: 446 | Loss: *0.004* | Acc: *99.986%* (49993/50000) 
Test epoch: 446 | Loss: *0.362* | Acc: *91.130%* (9113/10000)
Train epoch: 447 | Loss: *0.003* | Acc: *99.992%* (49996/50000) 
Test epoch: 447 | Loss: *0.335* | Acc: *91.380%* (9138/10000)
Train epoch: 448 | Loss: *0.004* | Acc: *99.994%* (49997/50000) 
Test epoch: 448 | Loss: *0.331* | Acc: *91.460%* (9146/10000)
Train epoch: 449 | Loss: *0.003* | Acc: *99.988%* (49994/50000) 
Test epoch: 449 | Loss: *0.334* | Acc: *91.280%* (9128/10000)
Train epoch: 450 | Loss: *0.003* | Acc: *99.998%* (49999/50000) 
Test epoch: 450 | Loss: *0.335* | Acc: *91.250%* (9125/10000)
Train epoch: 451 | Loss: *0.003* | Acc: *100.000%* (50000/50000) 
Test epoch: 451 | Loss: *0.340* | Acc: *91.110%* (9111/10000)
Train epoch: 452 | Loss: *0.004* | Acc: *99.990%* (49995/50000) 
Test epoch: 452 | Loss: *0.323* | Acc: *91.490%* (9149/10000)
Train epoch: 453 | Loss: *0.004* | Acc: *99.994%* (49997/50000) 
Test epoch: 453 | Loss: *0.336* | Acc: *91.350%* (9135/10000)
Train epoch: 454 | Loss: *0.003* | Acc: *99.998%* (49999/50000) 
Test epoch: 454 | Loss: *0.329* | Acc: *91.440%* (9144/10000)
Train epoch: 455 | Loss: *0.003* | Acc: *99.994%* (49997/50000) 
Test epoch: 455 | Loss: *0.326* | Acc: *91.470%* (9147/10000)
Train epoch: 456 | Loss: *0.003* | Acc: *99.998%* (49999/50000) 
Test epoch: 456 | Loss: *0.325* | Acc: *91.420%* (9142/10000)
Train epoch: 457 | Loss: *0.003* | Acc: *99.998%* (49999/50000) 
Test epoch: 457 | Loss: *0.341* | Acc: *91.300%* (9130/10000)
Train epoch: 458 | Loss: *0.003* | Acc: *100.000%* (50000/50000) 
Test epoch: 458 | Loss: *0.329* | Acc: *91.310%* (9131/10000)
Train epoch: 459 | Loss: *0.003* | Acc: *99.998%* (49999/50000) 
Test epoch: 459 | Loss: *0.324* | Acc: *91.650%* (9165/10000)
Train epoch: 460 | Loss: *0.003* | Acc: *99.998%* (49999/50000) 
Test epoch: 460 | Loss: *0.328* | Acc: *91.510%* (9151/10000)
Train epoch: 461 | Loss: *0.003* | Acc: *99.996%* (49998/50000) 
Test epoch: 461 | Loss: *0.325* | Acc: *91.670%* (9167/10000)
Train epoch: 462 | Loss: *0.003* | Acc: *100.000%* (50000/50000) 
Test epoch: 462 | Loss: *0.322* | Acc: *91.500%* (9150/10000)
Train epoch: 463 | Loss: *0.004* | Acc: *99.986%* (49993/50000) 
Test epoch: 463 | Loss: *0.329* | Acc: *91.350%* (9135/10000)
Train epoch: 464 | Loss: *0.003* | Acc: *100.000%* (50000/50000) 
Test epoch: 464 | Loss: *0.327* | Acc: *91.440%* (9144/10000)
Train epoch: 465 | Loss: *0.003* | Acc: *99.994%* (49997/50000) 
Test epoch: 465 | Loss: *0.326* | Acc: *91.400%* (9140/10000)
Train epoch: 466 | Loss: *0.003* | Acc: *99.998%* (49999/50000) 
Test epoch: 466 | Loss: *0.325* | Acc: *91.550%* (9155/10000)
Train epoch: 467 | Loss: *0.003* | Acc: *99.994%* (49997/50000) 
Test epoch: 467 | Loss: *0.324* | Acc: *91.390%* (9139/10000)
Train epoch: 468 | Loss: *0.003* | Acc: *99.998%* (49999/50000) 
Test epoch: 468 | Loss: *0.350* | Acc: *91.090%* (9109/10000)
Train epoch: 469 | Loss: *0.003* | Acc: *100.000%* (50000/50000) 
Test epoch: 469 | Loss: *0.327* | Acc: *91.410%* (9141/10000)
Train epoch: 470 | Loss: *0.003* | Acc: *100.000%* (50000/50000) 
Test epoch: 470 | Loss: *0.322* | Acc: *91.520%* (9152/10000)
Train epoch: 471 | Loss: *0.003* | Acc: *99.994%* (49997/50000) 
Test epoch: 471 | Loss: *0.323* | Acc: *91.440%* (9144/10000)
Train epoch: 472 | Loss: *0.003* | Acc: *100.000%* (50000/50000) 
Test epoch: 472 | Loss: *0.324* | Acc: *91.430%* (9143/10000)
Train epoch: 473 | Loss: *0.003* | Acc: *99.998%* (49999/50000) 
Test epoch: 473 | Loss: *0.321* | Acc: *91.480%* (9148/10000)
Train epoch: 474 | Loss: *0.003* | Acc: *99.998%* (49999/50000) 
Test epoch: 474 | Loss: *0.320* | Acc: *91.480%* (9148/10000)
Train epoch: 475 | Loss: *0.003* | Acc: *99.998%* (49999/50000) 
Test epoch: 475 | Loss: *0.325* | Acc: *91.610%* (9161/10000)
Train epoch: 476 | Loss: *0.003* | Acc: *99.996%* (49998/50000) 
Test epoch: 476 | Loss: *0.319* | Acc: *91.520%* (9152/10000)
Train epoch: 477 | Loss: *0.003* | Acc: *100.000%* (50000/50000) 
Test epoch: 477 | Loss: *0.324* | Acc: *91.460%* (9146/10000)
Train epoch: 478 | Loss: *0.003* | Acc: *99.998%* (49999/50000) 
Test epoch: 478 | Loss: *0.327* | Acc: *91.350%* (9135/10000)
Train epoch: 479 | Loss: *0.003* | Acc: *100.000%* (50000/50000) 
Test epoch: 479 | Loss: *0.327* | Acc: *91.450%* (9145/10000)
Train epoch: 480 | Loss: *0.003* | Acc: *99.998%* (49999/50000) 
Test epoch: 480 | Loss: *0.327* | Acc: *91.250%* (9125/10000)
Train epoch: 481 | Loss: *0.003* | Acc: *100.000%* (50000/50000) 
Test epoch: 481 | Loss: *0.325* | Acc: *91.380%* (9138/10000)
Train epoch: 482 | Loss: *0.003* | Acc: *99.998%* (49999/50000) 
Test epoch: 482 | Loss: *0.322* | Acc: *91.380%* (9138/10000)
Train epoch: 483 | Loss: *0.003* | Acc: *100.000%* (50000/50000) 
Test epoch: 483 | Loss: *0.323* | Acc: *91.600%* (9160/10000)
Train epoch: 484 | Loss: *0.003* | Acc: *99.998%* (49999/50000) 
Test epoch: 484 | Loss: *0.333* | Acc: *91.170%* (9117/10000)
Train epoch: 485 | Loss: *0.003* | Acc: *99.998%* (49999/50000) 
Test epoch: 485 | Loss: *0.321* | Acc: *91.620%* (9162/10000)
Train epoch: 486 | Loss: *0.003* | Acc: *100.000%* (50000/50000) 
Test epoch: 486 | Loss: *0.324* | Acc: *91.490%* (9149/10000)
Train epoch: 487 | Loss: *0.003* | Acc: *100.000%* (50000/50000) 
Test epoch: 487 | Loss: *0.325* | Acc: *91.380%* (9138/10000)
Train epoch: 488 | Loss: *0.003* | Acc: *100.000%* (50000/50000) 
Test epoch: 488 | Loss: *0.323* | Acc: *91.520%* (9152/10000)
Train epoch: 489 | Loss: *0.003* | Acc: *99.992%* (49996/50000) 
Test epoch: 489 | Loss: *0.321* | Acc: *91.600%* (9160/10000)
Train epoch: 490 | Loss: *0.003* | Acc: *100.000%* (50000/50000) 
Test epoch: 490 | Loss: *0.326* | Acc: *91.240%* (9124/10000)
Train epoch: 491 | Loss: *0.003* | Acc: *99.992%* (49996/50000) 
Test epoch: 491 | Loss: *0.320* | Acc: *91.500%* (9150/10000)
Train epoch: 492 | Loss: *0.003* | Acc: *100.000%* (50000/50000) 
Test epoch: 492 | Loss: *0.324* | Acc: *91.470%* (9147/10000)
Train epoch: 493 | Loss: *0.003* | Acc: *100.000%* (50000/50000) 
Test epoch: 493 | Loss: *0.317* | Acc: *91.680%* (9168/10000)
Train epoch: 494 | Loss: *0.003* | Acc: *100.000%* (50000/50000) 
Test epoch: 494 | Loss: *0.321* | Acc: *91.580%* (9158/10000)
Train epoch: 495 | Loss: *0.003* | Acc: *100.000%* (50000/50000) 
Test epoch: 495 | Loss: *0.322* | Acc: *91.570%* (9157/10000)
Train epoch: 496 | Loss: *0.003* | Acc: *99.998%* (49999/50000) 
Test epoch: 496 | Loss: *0.325* | Acc: *91.340%* (9134/10000)
Train epoch: 497 | Loss: *0.003* | Acc: *100.000%* (50000/50000) 
Test epoch: 497 | Loss: *0.323* | Acc: *91.530%* (9153/10000)
Train epoch: 498 | Loss: *0.003* | Acc: *100.000%* (50000/50000) 
Test epoch: 498 | Loss: *0.322* | Acc: *91.420%* (9142/10000)
Train epoch: 499 | Loss: *0.003* | Acc: *99.998%* (49999/50000) 
Test epoch: 499 | Loss: *0.320* | Acc: *91.640%* (9164/10000)
Train epoch: 500 | Loss: *0.003* | Acc: *99.998%* (49999/50000) 
Test epoch: 500 | Loss: *0.323* | Acc: *91.580%* (9158/10000)
Best test accuracy: *91.680%*, loss: *0.317484474517405*, at epoch: *493*.
==> Execution time summary of 500 epoch(s).
Train data loading time: sum. *286.0667023267597* secs | avg. *0.5721334046535194* secs per epoch.
Train training time: sum. *1192.334058121778* secs | avg. *2.384668116243556* secs per epoch.
Train total time: sum. *1478.4007604485378* secs | avg. *2.9568015208970757* secs per epoch.
Test data loading time: sum. *105.4398798160255* secs | avg. *0.210879759632051* secs per epoch.
Test training time: sum. *80.78357332479209* secs | avg. *0.1615671466495842* secs per epoch.
Test total time: sum. *186.22345314081758* secs | avg. *0.3724469062816352* secs per epoch.
Total data loading time: sum. *391.5065821427852* secs | avg. *0.7830131642855703* secs per epoch.
Total training time: sum. *1273.1176314465702* secs | avg. *2.5462352628931404* secs per epoch.
Total running time: sum. *1664.6242135893553* secs | avg. *3.329248427178711* secs per epoch.
==> Number of GPU device: 1
==> Device #0 Memory Usage
==> Allocated: 0.1 GB
==> Cached:    1.5 GB
==> Maximum: 1.5 GB
