==> Running on : cuda
==> Number of CPU: 48
==> Number of workers: 2
==> #Epochs: 500, #Layers: 4, #Blocks: [2, 1, 1, 1], In channel: 64, Input layer conv kernel: 7x7, Residual layer conv kernel 3x3, Skip kernel: 1x1, Input layer conv padding: 3, Residual layer conv padding: 1
==> Optimizer is SGD with Nesterov
==> Momentum: 0.9
==> Learning rate: 0.1
==> Weight decay: 0.0005
==>Trainable Parameters: 4984906
==>Other Parameters: 0
==>Augmentation: RandomCrop(32, padding=4), RandomHorizontalFlip(), Normalize((0.4914, 0.4822, 0.4465), (0.2023, 0.1994, 0.2010)
Files already downloaded and verified
Train epoch: 1 | Loss: *1.695* | Acc: *37.576%* (18788/50000) 
Test epoch: 1 | Loss: *1.433* | Acc: *48.260%* (4826/10000)
Train epoch: 2 | Loss: *1.252* | Acc: *54.732%* (27366/50000) 
Test epoch: 2 | Loss: *1.150* | Acc: *59.170%* (5917/10000)
Train epoch: 3 | Loss: *0.999* | Acc: *64.430%* (32215/50000) 
Test epoch: 3 | Loss: *0.982* | Acc: *65.190%* (6519/10000)
Train epoch: 4 | Loss: *0.825* | Acc: *71.032%* (35516/50000) 
Test epoch: 4 | Loss: *0.971* | Acc: *66.840%* (6684/10000)
Train epoch: 5 | Loss: *0.681* | Acc: *76.388%* (38194/50000) 
Test epoch: 5 | Loss: *0.754* | Acc: *74.640%* (7464/10000)
Train epoch: 6 | Loss: *0.603* | Acc: *79.176%* (39588/50000) 
Test epoch: 6 | Loss: *0.741* | Acc: *76.050%* (7605/10000)
Train epoch: 7 | Loss: *0.545* | Acc: *81.128%* (40564/50000) 
Test epoch: 7 | Loss: *0.628* | Acc: *78.680%* (7868/10000)
Train epoch: 8 | Loss: *0.513* | Acc: *82.412%* (41206/50000) 
Test epoch: 8 | Loss: *0.676* | Acc: *77.210%* (7721/10000)
Train epoch: 9 | Loss: *0.483* | Acc: *83.464%* (41732/50000) 
Test epoch: 9 | Loss: *0.589* | Acc: *79.890%* (7989/10000)
Train epoch: 10 | Loss: *0.461* | Acc: *84.094%* (42047/50000) 
Test epoch: 10 | Loss: *0.649* | Acc: *79.470%* (7947/10000)
Train epoch: 11 | Loss: *0.450* | Acc: *84.652%* (42326/50000) 
Test epoch: 11 | Loss: *0.551* | Acc: *81.390%* (8139/10000)
Train epoch: 12 | Loss: *0.434* | Acc: *84.976%* (42488/50000) 
Test epoch: 12 | Loss: *0.765* | Acc: *76.330%* (7633/10000)
Train epoch: 13 | Loss: *0.424* | Acc: *85.496%* (42748/50000) 
Test epoch: 13 | Loss: *0.553* | Acc: *81.220%* (8122/10000)
Train epoch: 14 | Loss: *0.409* | Acc: *85.938%* (42969/50000) 
Test epoch: 14 | Loss: *0.713* | Acc: *77.630%* (7763/10000)
Train epoch: 15 | Loss: *0.408* | Acc: *86.126%* (43063/50000) 
Test epoch: 15 | Loss: *0.669* | Acc: *78.720%* (7872/10000)
Train epoch: 16 | Loss: *0.400* | Acc: *86.324%* (43162/50000) 
Test epoch: 16 | Loss: *0.538* | Acc: *82.000%* (8200/10000)
Train epoch: 17 | Loss: *0.387* | Acc: *86.626%* (43313/50000) 
Test epoch: 17 | Loss: *0.574* | Acc: *81.230%* (8123/10000)
Train epoch: 18 | Loss: *0.387* | Acc: *86.630%* (43315/50000) 
Test epoch: 18 | Loss: *0.660* | Acc: *79.040%* (7904/10000)
Train epoch: 19 | Loss: *0.380* | Acc: *86.894%* (43447/50000) 
Test epoch: 19 | Loss: *0.478* | Acc: *84.170%* (8417/10000)
Train epoch: 20 | Loss: *0.368* | Acc: *87.418%* (43709/50000) 
Test epoch: 20 | Loss: *0.492* | Acc: *83.790%* (8379/10000)
Train epoch: 21 | Loss: *0.367* | Acc: *87.448%* (43724/50000) 
Test epoch: 21 | Loss: *0.506* | Acc: *82.630%* (8263/10000)
Train epoch: 22 | Loss: *0.359* | Acc: *87.666%* (43833/50000) 
Test epoch: 22 | Loss: *0.617* | Acc: *80.850%* (8085/10000)
Train epoch: 23 | Loss: *0.361* | Acc: *87.616%* (43808/50000) 
Test epoch: 23 | Loss: *0.526* | Acc: *83.220%* (8322/10000)
Train epoch: 24 | Loss: *0.355* | Acc: *87.716%* (43858/50000) 
Test epoch: 24 | Loss: *0.702* | Acc: *78.310%* (7831/10000)
Train epoch: 25 | Loss: *0.359* | Acc: *87.572%* (43786/50000) 
Test epoch: 25 | Loss: *0.503* | Acc: *83.690%* (8369/10000)
Train epoch: 26 | Loss: *0.354* | Acc: *87.832%* (43916/50000) 
Test epoch: 26 | Loss: *0.561* | Acc: *81.350%* (8135/10000)
Train epoch: 27 | Loss: *0.352* | Acc: *87.832%* (43916/50000) 
Test epoch: 27 | Loss: *0.551* | Acc: *81.380%* (8138/10000)
Train epoch: 28 | Loss: *0.345* | Acc: *88.120%* (44060/50000) 
Test epoch: 28 | Loss: *0.549* | Acc: *82.360%* (8236/10000)
Train epoch: 29 | Loss: *0.344* | Acc: *88.072%* (44036/50000) 
Test epoch: 29 | Loss: *0.578* | Acc: *81.780%* (8178/10000)
Train epoch: 30 | Loss: *0.344* | Acc: *88.212%* (44106/50000) 
Test epoch: 30 | Loss: *0.512* | Acc: *83.320%* (8332/10000)
Train epoch: 31 | Loss: *0.341* | Acc: *88.218%* (44109/50000) 
Test epoch: 31 | Loss: *0.475* | Acc: *84.540%* (8454/10000)
Train epoch: 32 | Loss: *0.339* | Acc: *88.358%* (44179/50000) 
Test epoch: 32 | Loss: *0.519* | Acc: *83.110%* (8311/10000)
Train epoch: 33 | Loss: *0.339* | Acc: *88.268%* (44134/50000) 
Test epoch: 33 | Loss: *0.476* | Acc: *84.100%* (8410/10000)
Train epoch: 34 | Loss: *0.337* | Acc: *88.540%* (44270/50000) 
Test epoch: 34 | Loss: *0.708* | Acc: *79.390%* (7939/10000)
Train epoch: 35 | Loss: *0.330* | Acc: *88.572%* (44286/50000) 
Test epoch: 35 | Loss: *0.460* | Acc: *84.930%* (8493/10000)
Train epoch: 36 | Loss: *0.333* | Acc: *88.500%* (44250/50000) 
Test epoch: 36 | Loss: *0.520* | Acc: *83.490%* (8349/10000)
Train epoch: 37 | Loss: *0.329* | Acc: *88.638%* (44319/50000) 
Test epoch: 37 | Loss: *0.493* | Acc: *84.260%* (8426/10000)
Train epoch: 38 | Loss: *0.327* | Acc: *88.692%* (44346/50000) 
Test epoch: 38 | Loss: *0.458* | Acc: *84.260%* (8426/10000)
Train epoch: 39 | Loss: *0.324* | Acc: *88.790%* (44395/50000) 
Test epoch: 39 | Loss: *0.692* | Acc: *78.870%* (7887/10000)
Train epoch: 40 | Loss: *0.316* | Acc: *89.240%* (44620/50000) 
Test epoch: 40 | Loss: *0.458* | Acc: *85.420%* (8542/10000)
Train epoch: 41 | Loss: *0.321* | Acc: *88.854%* (44427/50000) 
Test epoch: 41 | Loss: *0.499* | Acc: *83.130%* (8313/10000)
Train epoch: 42 | Loss: *0.319* | Acc: *89.110%* (44555/50000) 
Test epoch: 42 | Loss: *0.502* | Acc: *83.790%* (8379/10000)
Train epoch: 43 | Loss: *0.316* | Acc: *89.114%* (44557/50000) 
Test epoch: 43 | Loss: *0.611* | Acc: *80.400%* (8040/10000)
Train epoch: 44 | Loss: *0.318* | Acc: *89.080%* (44540/50000) 
Test epoch: 44 | Loss: *0.490* | Acc: *83.960%* (8396/10000)
Train epoch: 45 | Loss: *0.318* | Acc: *89.258%* (44629/50000) 
Test epoch: 45 | Loss: *0.446* | Acc: *85.470%* (8547/10000)
Train epoch: 46 | Loss: *0.317* | Acc: *89.024%* (44512/50000) 
Test epoch: 46 | Loss: *0.587* | Acc: *81.370%* (8137/10000)
Train epoch: 47 | Loss: *0.308* | Acc: *89.356%* (44678/50000) 
Test epoch: 47 | Loss: *0.562* | Acc: *81.450%* (8145/10000)
Train epoch: 48 | Loss: *0.308* | Acc: *89.328%* (44664/50000) 
Test epoch: 48 | Loss: *0.461* | Acc: *85.220%* (8522/10000)
Train epoch: 49 | Loss: *0.306* | Acc: *89.580%* (44790/50000) 
Test epoch: 49 | Loss: *0.417* | Acc: *86.490%* (8649/10000)
Train epoch: 50 | Loss: *0.310* | Acc: *89.324%* (44662/50000) 
Test epoch: 50 | Loss: *0.489* | Acc: *83.380%* (8338/10000)
Train epoch: 51 | Loss: *0.305* | Acc: *89.482%* (44741/50000) 
Test epoch: 51 | Loss: *0.528* | Acc: *82.330%* (8233/10000)
Train epoch: 52 | Loss: *0.304* | Acc: *89.538%* (44769/50000) 
Test epoch: 52 | Loss: *0.521* | Acc: *83.660%* (8366/10000)
Train epoch: 53 | Loss: *0.299* | Acc: *89.672%* (44836/50000) 
Test epoch: 53 | Loss: *0.479* | Acc: *84.410%* (8441/10000)
Train epoch: 54 | Loss: *0.300* | Acc: *89.668%* (44834/50000) 
Test epoch: 54 | Loss: *0.515* | Acc: *83.660%* (8366/10000)
Train epoch: 55 | Loss: *0.294* | Acc: *89.798%* (44899/50000) 
Test epoch: 55 | Loss: *0.468* | Acc: *84.430%* (8443/10000)
Train epoch: 56 | Loss: *0.293* | Acc: *90.046%* (45023/50000) 
Test epoch: 56 | Loss: *0.510* | Acc: *83.960%* (8396/10000)
Train epoch: 57 | Loss: *0.298* | Acc: *89.732%* (44866/50000) 
Test epoch: 57 | Loss: *0.536* | Acc: *82.210%* (8221/10000)
Train epoch: 58 | Loss: *0.292* | Acc: *89.930%* (44965/50000) 
Test epoch: 58 | Loss: *0.543* | Acc: *83.460%* (8346/10000)
Train epoch: 59 | Loss: *0.289* | Acc: *90.002%* (45001/50000) 
Test epoch: 59 | Loss: *0.436* | Acc: *85.500%* (8550/10000)
Train epoch: 60 | Loss: *0.290* | Acc: *89.944%* (44972/50000) 
Test epoch: 60 | Loss: *0.657* | Acc: *79.840%* (7984/10000)
Train epoch: 61 | Loss: *0.289* | Acc: *90.018%* (45009/50000) 
Test epoch: 61 | Loss: *0.434* | Acc: *85.630%* (8563/10000)
Train epoch: 62 | Loss: *0.283* | Acc: *90.242%* (45121/50000) 
Test epoch: 62 | Loss: *0.401* | Acc: *87.120%* (8712/10000)
Train epoch: 63 | Loss: *0.286* | Acc: *90.148%* (45074/50000) 
Test epoch: 63 | Loss: *0.495* | Acc: *84.320%* (8432/10000)
Train epoch: 64 | Loss: *0.282* | Acc: *90.250%* (45125/50000) 
Test epoch: 64 | Loss: *0.408* | Acc: *86.840%* (8684/10000)
Train epoch: 65 | Loss: *0.282* | Acc: *90.174%* (45087/50000) 
Test epoch: 65 | Loss: *0.597* | Acc: *81.850%* (8185/10000)
Train epoch: 66 | Loss: *0.284* | Acc: *90.260%* (45130/50000) 
Test epoch: 66 | Loss: *0.556* | Acc: *82.020%* (8202/10000)
Train epoch: 67 | Loss: *0.275* | Acc: *90.550%* (45275/50000) 
Test epoch: 67 | Loss: *0.448* | Acc: *85.420%* (8542/10000)
Train epoch: 68 | Loss: *0.272* | Acc: *90.644%* (45322/50000) 
Test epoch: 68 | Loss: *0.498* | Acc: *83.870%* (8387/10000)
Train epoch: 69 | Loss: *0.276* | Acc: *90.566%* (45283/50000) 
Test epoch: 69 | Loss: *0.412* | Acc: *86.410%* (8641/10000)
Train epoch: 70 | Loss: *0.264* | Acc: *90.970%* (45485/50000) 
Test epoch: 70 | Loss: *0.554* | Acc: *82.250%* (8225/10000)
Train epoch: 71 | Loss: *0.272* | Acc: *90.630%* (45315/50000) 
Test epoch: 71 | Loss: *0.395* | Acc: *87.240%* (8724/10000)
Train epoch: 72 | Loss: *0.269* | Acc: *90.826%* (45413/50000) 
Test epoch: 72 | Loss: *0.409* | Acc: *86.810%* (8681/10000)
Train epoch: 73 | Loss: *0.264* | Acc: *90.788%* (45394/50000) 
Test epoch: 73 | Loss: *0.441* | Acc: *85.740%* (8574/10000)
Train epoch: 74 | Loss: *0.264* | Acc: *90.840%* (45420/50000) 
Test epoch: 74 | Loss: *0.385* | Acc: *87.090%* (8709/10000)
Train epoch: 75 | Loss: *0.258* | Acc: *91.098%* (45549/50000) 
Test epoch: 75 | Loss: *0.479* | Acc: *84.650%* (8465/10000)
Train epoch: 76 | Loss: *0.259* | Acc: *91.010%* (45505/50000) 
Test epoch: 76 | Loss: *0.478* | Acc: *85.230%* (8523/10000)
Train epoch: 77 | Loss: *0.257* | Acc: *91.248%* (45624/50000) 
Test epoch: 77 | Loss: *0.373* | Acc: *87.920%* (8792/10000)
Train epoch: 78 | Loss: *0.254* | Acc: *91.174%* (45587/50000) 
Test epoch: 78 | Loss: *0.413* | Acc: *86.750%* (8675/10000)
Train epoch: 79 | Loss: *0.249* | Acc: *91.506%* (45753/50000) 
Test epoch: 79 | Loss: *0.355* | Acc: *88.270%* (8827/10000)
Train epoch: 80 | Loss: *0.253* | Acc: *91.286%* (45643/50000) 
Test epoch: 80 | Loss: *0.463* | Acc: *85.150%* (8515/10000)
Train epoch: 81 | Loss: *0.246* | Acc: *91.642%* (45821/50000) 
Test epoch: 81 | Loss: *0.442* | Acc: *85.780%* (8578/10000)
Train epoch: 82 | Loss: *0.248* | Acc: *91.534%* (45767/50000) 
Test epoch: 82 | Loss: *0.510* | Acc: *84.120%* (8412/10000)
Train epoch: 83 | Loss: *0.238* | Acc: *91.642%* (45821/50000) 
Test epoch: 83 | Loss: *0.424* | Acc: *86.640%* (8664/10000)
Train epoch: 84 | Loss: *0.244* | Acc: *91.612%* (45806/50000) 
Test epoch: 84 | Loss: *0.453* | Acc: *85.510%* (8551/10000)
Train epoch: 85 | Loss: *0.242* | Acc: *91.674%* (45837/50000) 
Test epoch: 85 | Loss: *0.516* | Acc: *84.060%* (8406/10000)
Train epoch: 86 | Loss: *0.241* | Acc: *91.704%* (45852/50000) 
Test epoch: 86 | Loss: *0.426* | Acc: *86.140%* (8614/10000)
Train epoch: 87 | Loss: *0.237* | Acc: *91.976%* (45988/50000) 
Test epoch: 87 | Loss: *0.424* | Acc: *86.680%* (8668/10000)
Train epoch: 88 | Loss: *0.237* | Acc: *91.770%* (45885/50000) 
Test epoch: 88 | Loss: *0.377* | Acc: *87.440%* (8744/10000)
Train epoch: 89 | Loss: *0.231* | Acc: *92.034%* (46017/50000) 
Test epoch: 89 | Loss: *0.370* | Acc: *88.290%* (8829/10000)
Train epoch: 90 | Loss: *0.230* | Acc: *92.088%* (46044/50000) 
Test epoch: 90 | Loss: *0.342* | Acc: *89.240%* (8924/10000)
Train epoch: 91 | Loss: *0.228* | Acc: *92.098%* (46049/50000) 
Test epoch: 91 | Loss: *0.485* | Acc: *85.090%* (8509/10000)
Train epoch: 92 | Loss: *0.226* | Acc: *92.158%* (46079/50000) 
Test epoch: 92 | Loss: *0.421* | Acc: *86.440%* (8644/10000)
Train epoch: 93 | Loss: *0.223* | Acc: *92.362%* (46181/50000) 
Test epoch: 93 | Loss: *0.404* | Acc: *87.050%* (8705/10000)
Train epoch: 94 | Loss: *0.221* | Acc: *92.400%* (46200/50000) 
Test epoch: 94 | Loss: *0.438* | Acc: *86.180%* (8618/10000)
Train epoch: 95 | Loss: *0.220* | Acc: *92.334%* (46167/50000) 
Test epoch: 95 | Loss: *0.373* | Acc: *88.200%* (8820/10000)
Train epoch: 96 | Loss: *0.215* | Acc: *92.556%* (46278/50000) 
Test epoch: 96 | Loss: *0.402* | Acc: *87.130%* (8713/10000)
Train epoch: 97 | Loss: *0.216* | Acc: *92.410%* (46205/50000) 
Test epoch: 97 | Loss: *0.414* | Acc: *86.680%* (8668/10000)
Train epoch: 98 | Loss: *0.211* | Acc: *92.778%* (46389/50000) 
Test epoch: 98 | Loss: *0.429* | Acc: *87.090%* (8709/10000)
Train epoch: 99 | Loss: *0.210* | Acc: *92.640%* (46320/50000) 
Test epoch: 99 | Loss: *0.373* | Acc: *88.330%* (8833/10000)
Train epoch: 100 | Loss: *0.206* | Acc: *92.910%* (46455/50000) 
Test epoch: 100 | Loss: *0.333* | Acc: *88.980%* (8898/10000)
Train epoch: 101 | Loss: *0.204* | Acc: *92.952%* (46476/50000) 
Test epoch: 101 | Loss: *0.392* | Acc: *87.010%* (8701/10000)
Train epoch: 102 | Loss: *0.200* | Acc: *93.080%* (46540/50000) 
Test epoch: 102 | Loss: *0.364* | Acc: *87.880%* (8788/10000)
Train epoch: 103 | Loss: *0.199* | Acc: *93.174%* (46587/50000) 
Test epoch: 103 | Loss: *0.333* | Acc: *89.270%* (8927/10000)
Train epoch: 104 | Loss: *0.198* | Acc: *93.168%* (46584/50000) 
Test epoch: 104 | Loss: *0.350* | Acc: *89.080%* (8908/10000)
Train epoch: 105 | Loss: *0.190* | Acc: *93.430%* (46715/50000) 
Test epoch: 105 | Loss: *0.429* | Acc: *86.660%* (8666/10000)
Train epoch: 106 | Loss: *0.191* | Acc: *93.438%* (46719/50000) 
Test epoch: 106 | Loss: *0.352* | Acc: *88.870%* (8887/10000)
Train epoch: 107 | Loss: *0.191* | Acc: *93.386%* (46693/50000) 
Test epoch: 107 | Loss: *0.418* | Acc: *86.950%* (8695/10000)
Train epoch: 108 | Loss: *0.187* | Acc: *93.574%* (46787/50000) 
Test epoch: 108 | Loss: *0.366* | Acc: *88.400%* (8840/10000)
Train epoch: 109 | Loss: *0.177* | Acc: *93.946%* (46973/50000) 
Test epoch: 109 | Loss: *0.447* | Acc: *86.730%* (8673/10000)
Train epoch: 110 | Loss: *0.185* | Acc: *93.496%* (46748/50000) 
Test epoch: 110 | Loss: *0.561* | Acc: *83.650%* (8365/10000)
Train epoch: 111 | Loss: *0.180* | Acc: *93.678%* (46839/50000) 
Test epoch: 111 | Loss: *0.339* | Acc: *89.220%* (8922/10000)
Train epoch: 112 | Loss: *0.178* | Acc: *93.814%* (46907/50000) 
Test epoch: 112 | Loss: *0.514* | Acc: *84.740%* (8474/10000)
Train epoch: 113 | Loss: *0.170* | Acc: *94.176%* (47088/50000) 
Test epoch: 113 | Loss: *0.395* | Acc: *87.640%* (8764/10000)
Train epoch: 114 | Loss: *0.173* | Acc: *94.006%* (47003/50000) 
Test epoch: 114 | Loss: *0.287* | Acc: *90.760%* (9076/10000)
Train epoch: 115 | Loss: *0.166* | Acc: *94.380%* (47190/50000) 
Test epoch: 115 | Loss: *0.354* | Acc: *88.990%* (8899/10000)
Train epoch: 116 | Loss: *0.165* | Acc: *94.336%* (47168/50000) 
Test epoch: 116 | Loss: *0.353* | Acc: *89.090%* (8909/10000)
Train epoch: 117 | Loss: *0.159* | Acc: *94.546%* (47273/50000) 
Test epoch: 117 | Loss: *0.414* | Acc: *87.350%* (8735/10000)
Train epoch: 118 | Loss: *0.156* | Acc: *94.578%* (47289/50000) 
Test epoch: 118 | Loss: *0.329* | Acc: *89.690%* (8969/10000)
Train epoch: 119 | Loss: *0.156* | Acc: *94.658%* (47329/50000) 
Test epoch: 119 | Loss: *0.368* | Acc: *88.910%* (8891/10000)
Train epoch: 120 | Loss: *0.153* | Acc: *94.728%* (47364/50000) 
Test epoch: 120 | Loss: *0.349* | Acc: *89.080%* (8908/10000)
Train epoch: 121 | Loss: *0.145* | Acc: *94.908%* (47454/50000) 
Test epoch: 121 | Loss: *0.481* | Acc: *86.170%* (8617/10000)
Train epoch: 122 | Loss: *0.144* | Acc: *95.014%* (47507/50000) 
Test epoch: 122 | Loss: *0.316* | Acc: *90.070%* (9007/10000)
Train epoch: 123 | Loss: *0.146* | Acc: *95.006%* (47503/50000) 
Test epoch: 123 | Loss: *0.357* | Acc: *88.990%* (8899/10000)
Train epoch: 124 | Loss: *0.139* | Acc: *95.160%* (47580/50000) 
Test epoch: 124 | Loss: *0.328* | Acc: *90.160%* (9016/10000)
Train epoch: 125 | Loss: *0.136* | Acc: *95.338%* (47669/50000) 
Test epoch: 125 | Loss: *0.344* | Acc: *89.880%* (8988/10000)
Train epoch: 126 | Loss: *0.132* | Acc: *95.344%* (47672/50000) 
Test epoch: 126 | Loss: *0.361* | Acc: *89.180%* (8918/10000)
Train epoch: 127 | Loss: *0.129* | Acc: *95.532%* (47766/50000) 
Test epoch: 127 | Loss: *0.401* | Acc: *88.600%* (8860/10000)
Train epoch: 128 | Loss: *0.130* | Acc: *95.614%* (47807/50000) 
Test epoch: 128 | Loss: *0.308* | Acc: *90.170%* (9017/10000)
Train epoch: 129 | Loss: *0.125* | Acc: *95.792%* (47896/50000) 
Test epoch: 129 | Loss: *0.300* | Acc: *90.840%* (9084/10000)
Train epoch: 130 | Loss: *0.121* | Acc: *95.830%* (47915/50000) 
Test epoch: 130 | Loss: *0.347* | Acc: *89.470%* (8947/10000)
Train epoch: 131 | Loss: *0.117* | Acc: *95.986%* (47993/50000) 
Test epoch: 131 | Loss: *0.331* | Acc: *89.890%* (8989/10000)
Train epoch: 132 | Loss: *0.107* | Acc: *96.394%* (48197/50000) 
Test epoch: 132 | Loss: *0.318* | Acc: *90.300%* (9030/10000)
Train epoch: 133 | Loss: *0.118* | Acc: *95.866%* (47933/50000) 
Test epoch: 133 | Loss: *0.410* | Acc: *88.820%* (8882/10000)
Train epoch: 134 | Loss: *0.107* | Acc: *96.350%* (48175/50000) 
Test epoch: 134 | Loss: *0.342* | Acc: *89.680%* (8968/10000)
Train epoch: 135 | Loss: *0.107* | Acc: *96.382%* (48191/50000) 
Test epoch: 135 | Loss: *0.341* | Acc: *89.750%* (8975/10000)
Train epoch: 136 | Loss: *0.098* | Acc: *96.694%* (48347/50000) 
Test epoch: 136 | Loss: *0.344* | Acc: *90.040%* (9004/10000)
Train epoch: 137 | Loss: *0.097* | Acc: *96.632%* (48316/50000) 
Test epoch: 137 | Loss: *0.318* | Acc: *90.690%* (9069/10000)
Train epoch: 138 | Loss: *0.099* | Acc: *96.564%* (48282/50000) 
Test epoch: 138 | Loss: *0.313* | Acc: *90.710%* (9071/10000)
Train epoch: 139 | Loss: *0.089* | Acc: *97.012%* (48506/50000) 
Test epoch: 139 | Loss: *0.326* | Acc: *90.580%* (9058/10000)
Train epoch: 140 | Loss: *0.088* | Acc: *97.048%* (48524/50000) 
Test epoch: 140 | Loss: *0.327* | Acc: *90.160%* (9016/10000)
Train epoch: 141 | Loss: *0.090* | Acc: *96.970%* (48485/50000) 
Test epoch: 141 | Loss: *0.353* | Acc: *89.790%* (8979/10000)
Train epoch: 142 | Loss: *0.081* | Acc: *97.358%* (48679/50000) 
Test epoch: 142 | Loss: *0.359* | Acc: *89.380%* (8938/10000)
Train epoch: 143 | Loss: *0.082* | Acc: *97.250%* (48625/50000) 
Test epoch: 143 | Loss: *0.293* | Acc: *91.010%* (9101/10000)
Train epoch: 144 | Loss: *0.076* | Acc: *97.460%* (48730/50000) 
Test epoch: 144 | Loss: *0.332* | Acc: *90.460%* (9046/10000)
Train epoch: 145 | Loss: *0.074* | Acc: *97.520%* (48760/50000) 
Test epoch: 145 | Loss: *0.315* | Acc: *90.820%* (9082/10000)
Train epoch: 146 | Loss: *0.070* | Acc: *97.712%* (48856/50000) 
Test epoch: 146 | Loss: *0.342* | Acc: *90.910%* (9091/10000)
Train epoch: 147 | Loss: *0.066* | Acc: *97.848%* (48924/50000) 
Test epoch: 147 | Loss: *0.347* | Acc: *90.470%* (9047/10000)
Train epoch: 148 | Loss: *0.057* | Acc: *98.154%* (49077/50000) 
Test epoch: 148 | Loss: *0.287* | Acc: *91.870%* (9187/10000)
Train epoch: 149 | Loss: *0.055* | Acc: *98.190%* (49095/50000) 
Test epoch: 149 | Loss: *0.297* | Acc: *92.120%* (9212/10000)
Train epoch: 150 | Loss: *0.055* | Acc: *98.180%* (49090/50000) 
Test epoch: 150 | Loss: *0.285* | Acc: *92.230%* (9223/10000)
Train epoch: 151 | Loss: *0.053* | Acc: *98.312%* (49156/50000) 
Test epoch: 151 | Loss: *0.282* | Acc: *92.070%* (9207/10000)
Train epoch: 152 | Loss: *0.047* | Acc: *98.510%* (49255/50000) 
Test epoch: 152 | Loss: *0.289* | Acc: *91.730%* (9173/10000)
Train epoch: 153 | Loss: *0.047* | Acc: *98.532%* (49266/50000) 
Test epoch: 153 | Loss: *0.260* | Acc: *92.820%* (9282/10000)
Train epoch: 154 | Loss: *0.043* | Acc: *98.664%* (49332/50000) 
Test epoch: 154 | Loss: *0.282* | Acc: *92.100%* (9210/10000)
Train epoch: 155 | Loss: *0.039* | Acc: *98.790%* (49395/50000) 
Test epoch: 155 | Loss: *0.297* | Acc: *91.800%* (9180/10000)
Train epoch: 156 | Loss: *0.035* | Acc: *99.010%* (49505/50000) 
Test epoch: 156 | Loss: *0.272* | Acc: *92.340%* (9234/10000)
Train epoch: 157 | Loss: *0.029* | Acc: *99.180%* (49590/50000) 
Test epoch: 157 | Loss: *0.258* | Acc: *92.810%* (9281/10000)
Train epoch: 158 | Loss: *0.027* | Acc: *99.240%* (49620/50000) 
Test epoch: 158 | Loss: *0.254* | Acc: *93.290%* (9329/10000)
Train epoch: 159 | Loss: *0.023* | Acc: *99.434%* (49717/50000) 
Test epoch: 159 | Loss: *0.246* | Acc: *93.300%* (9330/10000)
Train epoch: 160 | Loss: *0.022* | Acc: *99.438%* (49719/50000) 
Test epoch: 160 | Loss: *0.253* | Acc: *93.260%* (9326/10000)
Train epoch: 161 | Loss: *0.018* | Acc: *99.576%* (49788/50000) 
Test epoch: 161 | Loss: *0.246* | Acc: *93.320%* (9332/10000)
Train epoch: 162 | Loss: *0.017* | Acc: *99.612%* (49806/50000) 
Test epoch: 162 | Loss: *0.229* | Acc: *93.550%* (9355/10000)
Train epoch: 163 | Loss: *0.013* | Acc: *99.762%* (49881/50000) 
Test epoch: 163 | Loss: *0.227* | Acc: *93.970%* (9397/10000)
Train epoch: 164 | Loss: *0.012* | Acc: *99.760%* (49880/50000) 
Test epoch: 164 | Loss: *0.232* | Acc: *93.590%* (9359/10000)
Train epoch: 165 | Loss: *0.011* | Acc: *99.806%* (49903/50000) 
Test epoch: 165 | Loss: *0.245* | Acc: *93.670%* (9367/10000)
Train epoch: 166 | Loss: *0.010* | Acc: *99.816%* (49908/50000) 
Test epoch: 166 | Loss: *0.215* | Acc: *94.230%* (9423/10000)
Train epoch: 167 | Loss: *0.008* | Acc: *99.918%* (49959/50000) 
Test epoch: 167 | Loss: *0.216* | Acc: *94.050%* (9405/10000)
Train epoch: 168 | Loss: *0.007* | Acc: *99.916%* (49958/50000) 
Test epoch: 168 | Loss: *0.211* | Acc: *94.230%* (9423/10000)
Train epoch: 169 | Loss: *0.006* | Acc: *99.948%* (49974/50000) 
Test epoch: 169 | Loss: *0.211* | Acc: *94.190%* (9419/10000)
Train epoch: 170 | Loss: *0.006* | Acc: *99.938%* (49969/50000) 
Test epoch: 170 | Loss: *0.210* | Acc: *94.430%* (9443/10000)
Train epoch: 171 | Loss: *0.006* | Acc: *99.948%* (49974/50000) 
Test epoch: 171 | Loss: *0.201* | Acc: *94.360%* (9436/10000)
Train epoch: 172 | Loss: *0.005* | Acc: *99.964%* (49982/50000) 
Test epoch: 172 | Loss: *0.202* | Acc: *94.260%* (9426/10000)
Train epoch: 173 | Loss: *0.005* | Acc: *99.972%* (49986/50000) 
Test epoch: 173 | Loss: *0.203* | Acc: *94.360%* (9436/10000)
Train epoch: 174 | Loss: *0.005* | Acc: *99.976%* (49988/50000) 
Test epoch: 174 | Loss: *0.200* | Acc: *94.380%* (9438/10000)
Train epoch: 175 | Loss: *0.005* | Acc: *99.972%* (49986/50000) 
Test epoch: 175 | Loss: *0.198* | Acc: *94.530%* (9453/10000)
Train epoch: 176 | Loss: *0.004* | Acc: *99.980%* (49990/50000) 
Test epoch: 176 | Loss: *0.198* | Acc: *94.430%* (9443/10000)
Train epoch: 177 | Loss: *0.004* | Acc: *99.986%* (49993/50000) 
Test epoch: 177 | Loss: *0.192* | Acc: *94.640%* (9464/10000)
Train epoch: 178 | Loss: *0.004* | Acc: *99.982%* (49991/50000) 
Test epoch: 178 | Loss: *0.197* | Acc: *94.500%* (9450/10000)
Train epoch: 179 | Loss: *0.004* | Acc: *99.986%* (49993/50000) 
Test epoch: 179 | Loss: *0.195* | Acc: *94.450%* (9445/10000)
Train epoch: 180 | Loss: *0.004* | Acc: *99.984%* (49992/50000) 
Test epoch: 180 | Loss: *0.194* | Acc: *94.650%* (9465/10000)
Train epoch: 181 | Loss: *0.004* | Acc: *99.988%* (49994/50000) 
Test epoch: 181 | Loss: *0.194* | Acc: *94.430%* (9443/10000)
Train epoch: 182 | Loss: *0.003* | Acc: *99.994%* (49997/50000) 
Test epoch: 182 | Loss: *0.193* | Acc: *94.590%* (9459/10000)
Train epoch: 183 | Loss: *0.004* | Acc: *99.990%* (49995/50000) 
Test epoch: 183 | Loss: *0.193* | Acc: *94.700%* (9470/10000)
Train epoch: 184 | Loss: *0.003* | Acc: *99.992%* (49996/50000) 
Test epoch: 184 | Loss: *0.193* | Acc: *94.650%* (9465/10000)
Train epoch: 185 | Loss: *0.003* | Acc: *99.992%* (49996/50000) 
Test epoch: 185 | Loss: *0.191* | Acc: *94.600%* (9460/10000)
Train epoch: 186 | Loss: *0.003* | Acc: *99.998%* (49999/50000) 
Test epoch: 186 | Loss: *0.191* | Acc: *94.590%* (9459/10000)
Train epoch: 187 | Loss: *0.003* | Acc: *99.990%* (49995/50000) 
Test epoch: 187 | Loss: *0.192* | Acc: *94.580%* (9458/10000)
Train epoch: 188 | Loss: *0.003* | Acc: *99.992%* (49996/50000) 
Test epoch: 188 | Loss: *0.190* | Acc: *94.710%* (9471/10000)
Train epoch: 189 | Loss: *0.003* | Acc: *99.992%* (49996/50000) 
Test epoch: 189 | Loss: *0.190* | Acc: *94.560%* (9456/10000)
Train epoch: 190 | Loss: *0.003* | Acc: *99.992%* (49996/50000) 
Test epoch: 190 | Loss: *0.191* | Acc: *94.580%* (9458/10000)
Train epoch: 191 | Loss: *0.003* | Acc: *99.996%* (49998/50000) 
Test epoch: 191 | Loss: *0.191* | Acc: *94.570%* (9457/10000)
Train epoch: 192 | Loss: *0.004* | Acc: *99.988%* (49994/50000) 
Test epoch: 192 | Loss: *0.189* | Acc: *94.660%* (9466/10000)
Train epoch: 193 | Loss: *0.003* | Acc: *99.996%* (49998/50000) 
Test epoch: 193 | Loss: *0.191* | Acc: *94.610%* (9461/10000)
Train epoch: 194 | Loss: *0.003* | Acc: *99.996%* (49998/50000) 
Test epoch: 194 | Loss: *0.190* | Acc: *94.630%* (9463/10000)
Train epoch: 195 | Loss: *0.003* | Acc: *99.996%* (49998/50000) 
Test epoch: 195 | Loss: *0.189* | Acc: *94.660%* (9466/10000)
Train epoch: 196 | Loss: *0.003* | Acc: *99.998%* (49999/50000) 
Test epoch: 196 | Loss: *0.191* | Acc: *94.600%* (9460/10000)
Train epoch: 197 | Loss: *0.003* | Acc: *99.998%* (49999/50000) 
Test epoch: 197 | Loss: *0.191* | Acc: *94.550%* (9455/10000)
Train epoch: 198 | Loss: *0.003* | Acc: *99.998%* (49999/50000) 
Test epoch: 198 | Loss: *0.190* | Acc: *94.570%* (9457/10000)
Train epoch: 199 | Loss: *0.003* | Acc: *99.996%* (49998/50000) 
Test epoch: 199 | Loss: *0.190* | Acc: *94.590%* (9459/10000)
Train epoch: 200 | Loss: *0.003* | Acc: *99.994%* (49997/50000) 
Test epoch: 200 | Loss: *0.190* | Acc: *94.570%* (9457/10000)
Train epoch: 201 | Loss: *0.003* | Acc: *99.994%* (49997/50000) 
Test epoch: 201 | Loss: *0.190* | Acc: *94.640%* (9464/10000)
Train epoch: 202 | Loss: *0.003* | Acc: *100.000%* (50000/50000) 
Test epoch: 202 | Loss: *0.190* | Acc: *94.600%* (9460/10000)
Train epoch: 203 | Loss: *0.003* | Acc: *99.996%* (49998/50000) 
Test epoch: 203 | Loss: *0.190* | Acc: *94.610%* (9461/10000)
Train epoch: 204 | Loss: *0.003* | Acc: *99.998%* (49999/50000) 
Test epoch: 204 | Loss: *0.188* | Acc: *94.660%* (9466/10000)
Train epoch: 205 | Loss: *0.003* | Acc: *99.998%* (49999/50000) 
Test epoch: 205 | Loss: *0.190* | Acc: *94.650%* (9465/10000)
Train epoch: 206 | Loss: *0.003* | Acc: *99.996%* (49998/50000) 
Test epoch: 206 | Loss: *0.190* | Acc: *94.460%* (9446/10000)
Train epoch: 207 | Loss: *0.003* | Acc: *99.994%* (49997/50000) 
Test epoch: 207 | Loss: *0.190* | Acc: *94.610%* (9461/10000)
Train epoch: 208 | Loss: *0.003* | Acc: *99.992%* (49996/50000) 
Test epoch: 208 | Loss: *0.188* | Acc: *94.650%* (9465/10000)
Train epoch: 209 | Loss: *0.003* | Acc: *99.994%* (49997/50000) 
Test epoch: 209 | Loss: *0.189* | Acc: *94.630%* (9463/10000)
Train epoch: 210 | Loss: *0.003* | Acc: *100.000%* (50000/50000) 
Test epoch: 210 | Loss: *0.189* | Acc: *94.580%* (9458/10000)
Train epoch: 211 | Loss: *0.003* | Acc: *99.998%* (49999/50000) 
Test epoch: 211 | Loss: *0.189* | Acc: *94.550%* (9455/10000)
Train epoch: 212 | Loss: *0.003* | Acc: *99.998%* (49999/50000) 
Test epoch: 212 | Loss: *0.188* | Acc: *94.650%* (9465/10000)
Train epoch: 213 | Loss: *0.003* | Acc: *99.994%* (49997/50000) 
Test epoch: 213 | Loss: *0.190* | Acc: *94.650%* (9465/10000)
Train epoch: 214 | Loss: *0.003* | Acc: *99.996%* (49998/50000) 
Test epoch: 214 | Loss: *0.189* | Acc: *94.540%* (9454/10000)
Train epoch: 215 | Loss: *0.003* | Acc: *99.998%* (49999/50000) 
Test epoch: 215 | Loss: *0.190* | Acc: *94.580%* (9458/10000)
Train epoch: 216 | Loss: *0.003* | Acc: *99.994%* (49997/50000) 
Test epoch: 216 | Loss: *0.189* | Acc: *94.610%* (9461/10000)
Train epoch: 217 | Loss: *0.003* | Acc: *99.998%* (49999/50000) 
Test epoch: 217 | Loss: *0.188* | Acc: *94.690%* (9469/10000)
Train epoch: 218 | Loss: *0.003* | Acc: *99.990%* (49995/50000) 
Test epoch: 218 | Loss: *0.188* | Acc: *94.700%* (9470/10000)
Train epoch: 219 | Loss: *0.003* | Acc: *99.998%* (49999/50000) 
Test epoch: 219 | Loss: *0.188* | Acc: *94.640%* (9464/10000)
Train epoch: 220 | Loss: *0.003* | Acc: *99.998%* (49999/50000) 
Test epoch: 220 | Loss: *0.186* | Acc: *94.620%* (9462/10000)
Train epoch: 221 | Loss: *0.004* | Acc: *99.994%* (49997/50000) 
Test epoch: 221 | Loss: *0.185* | Acc: *94.680%* (9468/10000)
Train epoch: 222 | Loss: *0.004* | Acc: *99.992%* (49996/50000) 
Test epoch: 222 | Loss: *0.185* | Acc: *94.510%* (9451/10000)
Train epoch: 223 | Loss: *0.003* | Acc: *99.998%* (49999/50000) 
Test epoch: 223 | Loss: *0.185* | Acc: *94.710%* (9471/10000)
Train epoch: 224 | Loss: *0.003* | Acc: *99.996%* (49998/50000) 
Test epoch: 224 | Loss: *0.188* | Acc: *94.610%* (9461/10000)
Train epoch: 225 | Loss: *0.004* | Acc: *99.996%* (49998/50000) 
Test epoch: 225 | Loss: *0.187* | Acc: *94.710%* (9471/10000)
Train epoch: 226 | Loss: *0.004* | Acc: *100.000%* (50000/50000) 
Test epoch: 226 | Loss: *0.188* | Acc: *94.700%* (9470/10000)
Train epoch: 227 | Loss: *0.004* | Acc: *99.996%* (49998/50000) 
Test epoch: 227 | Loss: *0.187* | Acc: *94.730%* (9473/10000)
Train epoch: 228 | Loss: *0.004* | Acc: *99.994%* (49997/50000) 
Test epoch: 228 | Loss: *0.186* | Acc: *94.770%* (9477/10000)
Train epoch: 229 | Loss: *0.004* | Acc: *99.988%* (49994/50000) 
Test epoch: 229 | Loss: *0.189* | Acc: *94.480%* (9448/10000)
Train epoch: 230 | Loss: *0.004* | Acc: *99.994%* (49997/50000) 
Test epoch: 230 | Loss: *0.189* | Acc: *94.630%* (9463/10000)
Train epoch: 231 | Loss: *0.004* | Acc: *99.992%* (49996/50000) 
Test epoch: 231 | Loss: *0.189* | Acc: *94.410%* (9441/10000)
Train epoch: 232 | Loss: *0.004* | Acc: *99.988%* (49994/50000) 
Test epoch: 232 | Loss: *0.192* | Acc: *94.430%* (9443/10000)
Train epoch: 233 | Loss: *0.005* | Acc: *99.976%* (49988/50000) 
Test epoch: 233 | Loss: *0.204* | Acc: *94.300%* (9430/10000)
Train epoch: 234 | Loss: *0.006* | Acc: *99.964%* (49982/50000) 
Test epoch: 234 | Loss: *0.205* | Acc: *94.250%* (9425/10000)
Train epoch: 235 | Loss: *0.007* | Acc: *99.954%* (49977/50000) 
Test epoch: 235 | Loss: *0.218* | Acc: *94.040%* (9404/10000)
Train epoch: 236 | Loss: *0.013* | Acc: *99.796%* (49898/50000) 
Test epoch: 236 | Loss: *0.249* | Acc: *92.720%* (9272/10000)
Train epoch: 237 | Loss: *0.065* | Acc: *97.946%* (48973/50000) 
Test epoch: 237 | Loss: *0.378* | Acc: *89.040%* (8904/10000)
Train epoch: 238 | Loss: *0.109* | Acc: *96.314%* (48157/50000) 
Test epoch: 238 | Loss: *0.366* | Acc: *89.600%* (8960/10000)
Train epoch: 239 | Loss: *0.103* | Acc: *96.542%* (48271/50000) 
Test epoch: 239 | Loss: *0.443* | Acc: *87.140%* (8714/10000)
Train epoch: 240 | Loss: *0.105* | Acc: *96.460%* (48230/50000) 
Test epoch: 240 | Loss: *0.462* | Acc: *86.810%* (8681/10000)
Train epoch: 241 | Loss: *0.099* | Acc: *96.678%* (48339/50000) 
Test epoch: 241 | Loss: *0.481* | Acc: *86.690%* (8669/10000)
Train epoch: 242 | Loss: *0.103* | Acc: *96.536%* (48268/50000) 
Test epoch: 242 | Loss: *0.390* | Acc: *88.990%* (8899/10000)
Train epoch: 243 | Loss: *0.097* | Acc: *96.690%* (48345/50000) 
Test epoch: 243 | Loss: *0.337* | Acc: *89.920%* (8992/10000)
Train epoch: 244 | Loss: *0.101* | Acc: *96.592%* (48296/50000) 
Test epoch: 244 | Loss: *0.347* | Acc: *90.210%* (9021/10000)
Train epoch: 245 | Loss: *0.097* | Acc: *96.786%* (48393/50000) 
Test epoch: 245 | Loss: *0.343* | Acc: *89.700%* (8970/10000)
Train epoch: 246 | Loss: *0.103* | Acc: *96.454%* (48227/50000) 
Test epoch: 246 | Loss: *0.363* | Acc: *90.020%* (9002/10000)
Train epoch: 247 | Loss: *0.094* | Acc: *96.812%* (48406/50000) 
Test epoch: 247 | Loss: *0.335* | Acc: *90.520%* (9052/10000)
Train epoch: 248 | Loss: *0.097* | Acc: *96.626%* (48313/50000) 
Test epoch: 248 | Loss: *0.327* | Acc: *90.800%* (9080/10000)
Train epoch: 249 | Loss: *0.103* | Acc: *96.430%* (48215/50000) 
Test epoch: 249 | Loss: *0.344* | Acc: *89.930%* (8993/10000)
Train epoch: 250 | Loss: *0.107* | Acc: *96.350%* (48175/50000) 
Test epoch: 250 | Loss: *0.318* | Acc: *90.750%* (9075/10000)
Train epoch: 251 | Loss: *0.103* | Acc: *96.426%* (48213/50000) 
Test epoch: 251 | Loss: *0.318* | Acc: *90.880%* (9088/10000)
Train epoch: 252 | Loss: *0.102* | Acc: *96.478%* (48239/50000) 
Test epoch: 252 | Loss: *0.487* | Acc: *87.420%* (8742/10000)
Train epoch: 253 | Loss: *0.099* | Acc: *96.642%* (48321/50000) 
Test epoch: 253 | Loss: *0.416* | Acc: *88.700%* (8870/10000)
Train epoch: 254 | Loss: *0.104* | Acc: *96.530%* (48265/50000) 
Test epoch: 254 | Loss: *0.322* | Acc: *90.550%* (9055/10000)
Train epoch: 255 | Loss: *0.101* | Acc: *96.480%* (48240/50000) 
Test epoch: 255 | Loss: *0.333* | Acc: *90.420%* (9042/10000)
Train epoch: 256 | Loss: *0.112* | Acc: *96.110%* (48055/50000) 
Test epoch: 256 | Loss: *0.386* | Acc: *89.160%* (8916/10000)
Train epoch: 257 | Loss: *0.109* | Acc: *96.286%* (48143/50000) 
Test epoch: 257 | Loss: *0.356* | Acc: *89.590%* (8959/10000)
Train epoch: 258 | Loss: *0.107* | Acc: *96.402%* (48201/50000) 
Test epoch: 258 | Loss: *0.342* | Acc: *90.230%* (9023/10000)
Train epoch: 259 | Loss: *0.112* | Acc: *96.158%* (48079/50000) 
Test epoch: 259 | Loss: *0.372* | Acc: *89.590%* (8959/10000)
Train epoch: 260 | Loss: *0.110* | Acc: *96.220%* (48110/50000) 
Test epoch: 260 | Loss: *0.339* | Acc: *90.190%* (9019/10000)
Train epoch: 261 | Loss: *0.115* | Acc: *96.058%* (48029/50000) 
Test epoch: 261 | Loss: *0.306* | Acc: *90.980%* (9098/10000)
Train epoch: 262 | Loss: *0.118* | Acc: *95.930%* (47965/50000) 
Test epoch: 262 | Loss: *0.388* | Acc: *88.500%* (8850/10000)
Train epoch: 263 | Loss: *0.116* | Acc: *96.054%* (48027/50000) 
Test epoch: 263 | Loss: *0.442* | Acc: *88.170%* (8817/10000)
Train epoch: 264 | Loss: *0.117* | Acc: *95.988%* (47994/50000) 
Test epoch: 264 | Loss: *0.365* | Acc: *89.350%* (8935/10000)
Train epoch: 265 | Loss: *0.121* | Acc: *95.850%* (47925/50000) 
Test epoch: 265 | Loss: *0.459* | Acc: *86.240%* (8624/10000)
Train epoch: 266 | Loss: *0.122* | Acc: *95.844%* (47922/50000) 
Test epoch: 266 | Loss: *0.407* | Acc: *88.520%* (8852/10000)
Train epoch: 267 | Loss: *0.123* | Acc: *95.840%* (47920/50000) 
Test epoch: 267 | Loss: *0.378* | Acc: *89.090%* (8909/10000)
Train epoch: 268 | Loss: *0.134* | Acc: *95.356%* (47678/50000) 
Test epoch: 268 | Loss: *0.409* | Acc: *88.440%* (8844/10000)
Train epoch: 269 | Loss: *0.124* | Acc: *95.768%* (47884/50000) 
Test epoch: 269 | Loss: *0.401* | Acc: *88.350%* (8835/10000)
Train epoch: 270 | Loss: *0.126* | Acc: *95.742%* (47871/50000) 
Test epoch: 270 | Loss: *0.411* | Acc: *88.180%* (8818/10000)
Train epoch: 271 | Loss: *0.129* | Acc: *95.602%* (47801/50000) 
Test epoch: 271 | Loss: *0.375* | Acc: *89.160%* (8916/10000)
Train epoch: 272 | Loss: *0.137* | Acc: *95.352%* (47676/50000) 
Test epoch: 272 | Loss: *0.379* | Acc: *88.930%* (8893/10000)
Train epoch: 273 | Loss: *0.133* | Acc: *95.402%* (47701/50000) 
Test epoch: 273 | Loss: *0.433* | Acc: *88.190%* (8819/10000)
Train epoch: 274 | Loss: *0.134* | Acc: *95.426%* (47713/50000) 
Test epoch: 274 | Loss: *0.358* | Acc: *89.550%* (8955/10000)
Train epoch: 275 | Loss: *0.144* | Acc: *95.096%* (47548/50000) 
Test epoch: 275 | Loss: *0.372* | Acc: *88.920%* (8892/10000)
Train epoch: 276 | Loss: *0.141* | Acc: *95.170%* (47585/50000) 
Test epoch: 276 | Loss: *0.390* | Acc: *88.250%* (8825/10000)
Train epoch: 277 | Loss: *0.142* | Acc: *95.114%* (47557/50000) 
Test epoch: 277 | Loss: *0.340* | Acc: *89.590%* (8959/10000)
Train epoch: 278 | Loss: *0.146* | Acc: *94.998%* (47499/50000) 
Test epoch: 278 | Loss: *0.348* | Acc: *89.620%* (8962/10000)
Train epoch: 279 | Loss: *0.142* | Acc: *95.100%* (47550/50000) 
Test epoch: 279 | Loss: *0.398* | Acc: *88.530%* (8853/10000)
Train epoch: 280 | Loss: *0.151* | Acc: *94.810%* (47405/50000) 
Test epoch: 280 | Loss: *0.345* | Acc: *89.520%* (8952/10000)
Train epoch: 281 | Loss: *0.153* | Acc: *94.752%* (47376/50000) 
Test epoch: 281 | Loss: *0.370* | Acc: *88.700%* (8870/10000)
Train epoch: 282 | Loss: *0.155* | Acc: *94.646%* (47323/50000) 
Test epoch: 282 | Loss: *0.377* | Acc: *88.060%* (8806/10000)
Train epoch: 283 | Loss: *0.155* | Acc: *94.730%* (47365/50000) 
Test epoch: 283 | Loss: *0.350* | Acc: *89.050%* (8905/10000)
Train epoch: 284 | Loss: *0.158* | Acc: *94.532%* (47266/50000) 
Test epoch: 284 | Loss: *0.392* | Acc: *88.170%* (8817/10000)
Train epoch: 285 | Loss: *0.159* | Acc: *94.536%* (47268/50000) 
Test epoch: 285 | Loss: *0.388* | Acc: *88.120%* (8812/10000)
Train epoch: 286 | Loss: *0.157* | Acc: *94.592%* (47296/50000) 
Test epoch: 286 | Loss: *0.408* | Acc: *87.910%* (8791/10000)
Train epoch: 287 | Loss: *0.167* | Acc: *94.196%* (47098/50000) 
Test epoch: 287 | Loss: *0.411* | Acc: *87.430%* (8743/10000)
Train epoch: 288 | Loss: *0.164* | Acc: *94.318%* (47159/50000) 
Test epoch: 288 | Loss: *0.410* | Acc: *87.820%* (8782/10000)
Train epoch: 289 | Loss: *0.169* | Acc: *94.096%* (47048/50000) 
Test epoch: 289 | Loss: *0.361* | Acc: *88.700%* (8870/10000)
Train epoch: 290 | Loss: *0.170* | Acc: *94.146%* (47073/50000) 
Test epoch: 290 | Loss: *0.366* | Acc: *88.260%* (8826/10000)
Train epoch: 291 | Loss: *0.169* | Acc: *94.154%* (47077/50000) 
Test epoch: 291 | Loss: *0.431* | Acc: *86.660%* (8666/10000)
Train epoch: 292 | Loss: *0.173* | Acc: *94.038%* (47019/50000) 
Test epoch: 292 | Loss: *0.470* | Acc: *86.530%* (8653/10000)
Train epoch: 293 | Loss: *0.175* | Acc: *94.082%* (47041/50000) 
Test epoch: 293 | Loss: *0.419* | Acc: *87.690%* (8769/10000)
Train epoch: 294 | Loss: *0.178* | Acc: *93.908%* (46954/50000) 
Test epoch: 294 | Loss: *0.368* | Acc: *88.470%* (8847/10000)
Train epoch: 295 | Loss: *0.182* | Acc: *93.674%* (46837/50000) 
Test epoch: 295 | Loss: *0.408* | Acc: *87.570%* (8757/10000)
Train epoch: 296 | Loss: *0.188* | Acc: *93.432%* (46716/50000) 
Test epoch: 296 | Loss: *0.524* | Acc: *84.050%* (8405/10000)
Train epoch: 297 | Loss: *0.183* | Acc: *93.736%* (46868/50000) 
Test epoch: 297 | Loss: *0.367* | Acc: *88.260%* (8826/10000)
Train epoch: 298 | Loss: *0.191* | Acc: *93.526%* (46763/50000) 
Test epoch: 298 | Loss: *0.365* | Acc: *88.340%* (8834/10000)
Train epoch: 299 | Loss: *0.193* | Acc: *93.258%* (46629/50000) 
Test epoch: 299 | Loss: *0.397* | Acc: *87.680%* (8768/10000)
Train epoch: 300 | Loss: *0.191* | Acc: *93.454%* (46727/50000) 
Test epoch: 300 | Loss: *0.445* | Acc: *87.070%* (8707/10000)
Train epoch: 301 | Loss: *0.195* | Acc: *93.200%* (46600/50000) 
Test epoch: 301 | Loss: *0.429* | Acc: *87.100%* (8710/10000)
Train epoch: 302 | Loss: *0.195* | Acc: *93.478%* (46739/50000) 
Test epoch: 302 | Loss: *0.370* | Acc: *88.320%* (8832/10000)
Train epoch: 303 | Loss: *0.197* | Acc: *93.228%* (46614/50000) 
Test epoch: 303 | Loss: *0.400* | Acc: *87.390%* (8739/10000)
Train epoch: 304 | Loss: *0.203* | Acc: *93.008%* (46504/50000) 
Test epoch: 304 | Loss: *0.466* | Acc: *86.130%* (8613/10000)
Train epoch: 305 | Loss: *0.200* | Acc: *93.216%* (46608/50000) 
Test epoch: 305 | Loss: *0.521* | Acc: *84.210%* (8421/10000)
Train epoch: 306 | Loss: *0.207* | Acc: *92.894%* (46447/50000) 
Test epoch: 306 | Loss: *0.476* | Acc: *85.130%* (8513/10000)
Train epoch: 307 | Loss: *0.210* | Acc: *92.766%* (46383/50000) 
Test epoch: 307 | Loss: *0.418* | Acc: *87.190%* (8719/10000)
Train epoch: 308 | Loss: *0.208* | Acc: *92.694%* (46347/50000) 
Test epoch: 308 | Loss: *0.438* | Acc: *86.510%* (8651/10000)
Train epoch: 309 | Loss: *0.210* | Acc: *92.782%* (46391/50000) 
Test epoch: 309 | Loss: *0.404* | Acc: *87.370%* (8737/10000)
Train epoch: 310 | Loss: *0.220* | Acc: *92.346%* (46173/50000) 
Test epoch: 310 | Loss: *0.482* | Acc: *85.680%* (8568/10000)
Train epoch: 311 | Loss: *0.216* | Acc: *92.672%* (46336/50000) 
Test epoch: 311 | Loss: *0.394* | Acc: *87.610%* (8761/10000)
Train epoch: 312 | Loss: *0.217* | Acc: *92.524%* (46262/50000) 
Test epoch: 312 | Loss: *0.439* | Acc: *86.620%* (8662/10000)
Train epoch: 313 | Loss: *0.218* | Acc: *92.520%* (46260/50000) 
Test epoch: 313 | Loss: *0.546* | Acc: *83.690%* (8369/10000)
Train epoch: 314 | Loss: *0.222* | Acc: *92.390%* (46195/50000) 
Test epoch: 314 | Loss: *0.481* | Acc: *84.930%* (8493/10000)
Train epoch: 315 | Loss: *0.222* | Acc: *92.432%* (46216/50000) 
Test epoch: 315 | Loss: *0.423* | Acc: *86.770%* (8677/10000)
Train epoch: 316 | Loss: *0.229* | Acc: *92.152%* (46076/50000) 
Test epoch: 316 | Loss: *0.345* | Acc: *88.560%* (8856/10000)
Train epoch: 317 | Loss: *0.230* | Acc: *92.120%* (46060/50000) 
Test epoch: 317 | Loss: *0.694* | Acc: *80.530%* (8053/10000)
Train epoch: 318 | Loss: *0.230* | Acc: *92.048%* (46024/50000) 
Test epoch: 318 | Loss: *0.381* | Acc: *87.380%* (8738/10000)
Train epoch: 319 | Loss: *0.230* | Acc: *91.948%* (45974/50000) 
Test epoch: 319 | Loss: *0.401* | Acc: *86.760%* (8676/10000)
Train epoch: 320 | Loss: *0.231* | Acc: *92.106%* (46053/50000) 
Test epoch: 320 | Loss: *0.515* | Acc: *83.860%* (8386/10000)
Train epoch: 321 | Loss: *0.234* | Acc: *91.934%* (45967/50000) 
Test epoch: 321 | Loss: *0.465* | Acc: *85.770%* (8577/10000)
Train epoch: 322 | Loss: *0.237* | Acc: *91.854%* (45927/50000) 
Test epoch: 322 | Loss: *0.476* | Acc: *85.290%* (8529/10000)
Train epoch: 323 | Loss: *0.234* | Acc: *91.814%* (45907/50000) 
Test epoch: 323 | Loss: *0.514* | Acc: *84.070%* (8407/10000)
Train epoch: 324 | Loss: *0.237* | Acc: *91.764%* (45882/50000) 
Test epoch: 324 | Loss: *0.455* | Acc: *86.090%* (8609/10000)
Train epoch: 325 | Loss: *0.242* | Acc: *91.692%* (45846/50000) 
Test epoch: 325 | Loss: *0.469* | Acc: *84.830%* (8483/10000)
Train epoch: 326 | Loss: *0.247* | Acc: *91.598%* (45799/50000) 
Test epoch: 326 | Loss: *0.385* | Acc: *87.920%* (8792/10000)
Train epoch: 327 | Loss: *0.243* | Acc: *91.602%* (45801/50000) 
Test epoch: 327 | Loss: *0.362* | Acc: *88.290%* (8829/10000)
Train epoch: 328 | Loss: *0.248* | Acc: *91.426%* (45713/50000) 
Test epoch: 328 | Loss: *0.384* | Acc: *87.600%* (8760/10000)
Train epoch: 329 | Loss: *0.251* | Acc: *91.376%* (45688/50000) 
Test epoch: 329 | Loss: *0.564* | Acc: *82.920%* (8292/10000)
Train epoch: 330 | Loss: *0.253* | Acc: *91.224%* (45612/50000) 
Test epoch: 330 | Loss: *0.537* | Acc: *83.250%* (8325/10000)
Train epoch: 331 | Loss: *0.250* | Acc: *91.398%* (45699/50000) 
Test epoch: 331 | Loss: *0.447* | Acc: *85.760%* (8576/10000)
Train epoch: 332 | Loss: *0.255* | Acc: *91.186%* (45593/50000) 
Test epoch: 332 | Loss: *0.432* | Acc: *85.830%* (8583/10000)
Train epoch: 333 | Loss: *0.255* | Acc: *91.192%* (45596/50000) 
Test epoch: 333 | Loss: *0.346* | Acc: *88.240%* (8824/10000)
Train epoch: 334 | Loss: *0.256* | Acc: *91.182%* (45591/50000) 
Test epoch: 334 | Loss: *0.415* | Acc: *86.380%* (8638/10000)
Train epoch: 335 | Loss: *0.262* | Acc: *90.976%* (45488/50000) 
Test epoch: 335 | Loss: *0.507* | Acc: *83.960%* (8396/10000)
Train epoch: 336 | Loss: *0.255* | Acc: *91.160%* (45580/50000) 
Test epoch: 336 | Loss: *0.669* | Acc: *81.110%* (8111/10000)
Train epoch: 337 | Loss: *0.263* | Acc: *90.840%* (45420/50000) 
Test epoch: 337 | Loss: *0.494* | Acc: *84.100%* (8410/10000)
Train epoch: 338 | Loss: *0.264* | Acc: *90.944%* (45472/50000) 
Test epoch: 338 | Loss: *0.491* | Acc: *84.720%* (8472/10000)
Train epoch: 339 | Loss: *0.260* | Acc: *91.016%* (45508/50000) 
Test epoch: 339 | Loss: *1.010* | Acc: *73.120%* (7312/10000)
Train epoch: 340 | Loss: *0.264* | Acc: *91.012%* (45506/50000) 
Test epoch: 340 | Loss: *0.558* | Acc: *83.500%* (8350/10000)
Train epoch: 341 | Loss: *0.269* | Acc: *90.734%* (45367/50000) 
Test epoch: 341 | Loss: *1.007* | Acc: *75.360%* (7536/10000)
Train epoch: 342 | Loss: *0.266* | Acc: *90.726%* (45363/50000) 
Test epoch: 342 | Loss: *0.494* | Acc: *84.000%* (8400/10000)
Train epoch: 343 | Loss: *0.269* | Acc: *90.794%* (45397/50000) 
Test epoch: 343 | Loss: *0.498* | Acc: *84.280%* (8428/10000)
Train epoch: 344 | Loss: *0.274* | Acc: *90.552%* (45276/50000) 
Test epoch: 344 | Loss: *0.408* | Acc: *86.430%* (8643/10000)
Train epoch: 345 | Loss: *0.276* | Acc: *90.644%* (45322/50000) 
Test epoch: 345 | Loss: *0.467* | Acc: *84.690%* (8469/10000)
Train epoch: 346 | Loss: *0.274* | Acc: *90.584%* (45292/50000) 
Test epoch: 346 | Loss: *0.455* | Acc: *84.950%* (8495/10000)
Train epoch: 347 | Loss: *0.274* | Acc: *90.508%* (45254/50000) 
Test epoch: 347 | Loss: *0.434* | Acc: *86.040%* (8604/10000)
Train epoch: 348 | Loss: *0.279* | Acc: *90.462%* (45231/50000) 
Test epoch: 348 | Loss: *0.443* | Acc: *85.510%* (8551/10000)
Train epoch: 349 | Loss: *0.270* | Acc: *90.774%* (45387/50000) 
Test epoch: 349 | Loss: *0.481* | Acc: *84.210%* (8421/10000)
Train epoch: 350 | Loss: *0.278* | Acc: *90.352%* (45176/50000) 
Test epoch: 350 | Loss: *0.518* | Acc: *83.450%* (8345/10000)
Train epoch: 351 | Loss: *0.279* | Acc: *90.388%* (45194/50000) 
Test epoch: 351 | Loss: *0.538* | Acc: *82.610%* (8261/10000)
Train epoch: 352 | Loss: *0.284* | Acc: *90.284%* (45142/50000) 
Test epoch: 352 | Loss: *0.468* | Acc: *84.480%* (8448/10000)
Train epoch: 353 | Loss: *0.281* | Acc: *90.338%* (45169/50000) 
Test epoch: 353 | Loss: *0.681* | Acc: *79.910%* (7991/10000)
Train epoch: 354 | Loss: *0.283* | Acc: *90.244%* (45122/50000) 
Test epoch: 354 | Loss: *0.603* | Acc: *82.460%* (8246/10000)
Train epoch: 355 | Loss: *0.288* | Acc: *90.100%* (45050/50000) 
Test epoch: 355 | Loss: *0.557* | Acc: *81.930%* (8193/10000)
Train epoch: 356 | Loss: *0.281* | Acc: *90.268%* (45134/50000) 
Test epoch: 356 | Loss: *0.468* | Acc: *84.580%* (8458/10000)
Train epoch: 357 | Loss: *0.284* | Acc: *90.204%* (45102/50000) 
Test epoch: 357 | Loss: *0.443* | Acc: *84.950%* (8495/10000)
Train epoch: 358 | Loss: *0.287* | Acc: *90.118%* (45059/50000) 
Test epoch: 358 | Loss: *0.450* | Acc: *84.990%* (8499/10000)
Train epoch: 359 | Loss: *0.288* | Acc: *90.044%* (45022/50000) 
Test epoch: 359 | Loss: *0.482* | Acc: *84.450%* (8445/10000)
Train epoch: 360 | Loss: *0.287* | Acc: *90.158%* (45079/50000) 
Test epoch: 360 | Loss: *0.619* | Acc: *81.230%* (8123/10000)
Train epoch: 361 | Loss: *0.295* | Acc: *89.892%* (44946/50000) 
Test epoch: 361 | Loss: *0.576* | Acc: *82.580%* (8258/10000)
Train epoch: 362 | Loss: *0.292* | Acc: *89.900%* (44950/50000) 
Test epoch: 362 | Loss: *0.409* | Acc: *86.480%* (8648/10000)
Train epoch: 363 | Loss: *0.289* | Acc: *90.144%* (45072/50000) 
Test epoch: 363 | Loss: *0.656* | Acc: *81.270%* (8127/10000)
Train epoch: 364 | Loss: *0.292* | Acc: *89.874%* (44937/50000) 
Test epoch: 364 | Loss: *0.552* | Acc: *82.820%* (8282/10000)
Train epoch: 365 | Loss: *0.293* | Acc: *90.052%* (45026/50000) 
Test epoch: 365 | Loss: *0.590* | Acc: *81.950%* (8195/10000)
Train epoch: 366 | Loss: *0.295* | Acc: *89.832%* (44916/50000) 
Test epoch: 366 | Loss: *0.525* | Acc: *83.910%* (8391/10000)
Train epoch: 367 | Loss: *0.296* | Acc: *89.982%* (44991/50000) 
Test epoch: 367 | Loss: *0.598* | Acc: *81.270%* (8127/10000)
Train epoch: 368 | Loss: *0.300* | Acc: *89.620%* (44810/50000) 
Test epoch: 368 | Loss: *0.495* | Acc: *83.950%* (8395/10000)
Train epoch: 369 | Loss: *0.294* | Acc: *89.938%* (44969/50000) 
Test epoch: 369 | Loss: *0.569* | Acc: *82.240%* (8224/10000)
Train epoch: 370 | Loss: *0.300* | Acc: *89.594%* (44797/50000) 
Test epoch: 370 | Loss: *0.513* | Acc: *83.020%* (8302/10000)
Train epoch: 371 | Loss: *0.294* | Acc: *89.816%* (44908/50000) 
Test epoch: 371 | Loss: *0.545* | Acc: *82.340%* (8234/10000)
Train epoch: 372 | Loss: *0.302* | Acc: *89.596%* (44798/50000) 
Test epoch: 372 | Loss: *0.435* | Acc: *86.210%* (8621/10000)
Train epoch: 373 | Loss: *0.295* | Acc: *89.788%* (44894/50000) 
Test epoch: 373 | Loss: *0.497* | Acc: *84.350%* (8435/10000)
Train epoch: 374 | Loss: *0.299* | Acc: *89.674%* (44837/50000) 
Test epoch: 374 | Loss: *0.589* | Acc: *81.630%* (8163/10000)
Train epoch: 375 | Loss: *0.303* | Acc: *89.560%* (44780/50000) 
Test epoch: 375 | Loss: *0.465* | Acc: *85.090%* (8509/10000)
Train epoch: 376 | Loss: *0.301* | Acc: *89.600%* (44800/50000) 
Test epoch: 376 | Loss: *0.387* | Acc: *87.310%* (8731/10000)
Train epoch: 377 | Loss: *0.300* | Acc: *89.634%* (44817/50000) 
Test epoch: 377 | Loss: *0.563* | Acc: *82.250%* (8225/10000)
Train epoch: 378 | Loss: *0.302* | Acc: *89.666%* (44833/50000) 
Test epoch: 378 | Loss: *0.528* | Acc: *83.120%* (8312/10000)
Train epoch: 379 | Loss: *0.301* | Acc: *89.622%* (44811/50000) 
Test epoch: 379 | Loss: *0.524* | Acc: *82.810%* (8281/10000)
Train epoch: 380 | Loss: *0.302* | Acc: *89.692%* (44846/50000) 
Test epoch: 380 | Loss: *0.502* | Acc: *83.970%* (8397/10000)
Train epoch: 381 | Loss: *0.300* | Acc: *89.744%* (44872/50000) 
Test epoch: 381 | Loss: *0.640* | Acc: *80.690%* (8069/10000)
Train epoch: 382 | Loss: *0.299* | Acc: *89.688%* (44844/50000) 
Test epoch: 382 | Loss: *0.595* | Acc: *81.750%* (8175/10000)
Train epoch: 383 | Loss: *0.305* | Acc: *89.480%* (44740/50000) 
Test epoch: 383 | Loss: *0.451* | Acc: *85.640%* (8564/10000)
Train epoch: 384 | Loss: *0.307* | Acc: *89.526%* (44763/50000) 
Test epoch: 384 | Loss: *0.554* | Acc: *82.670%* (8267/10000)
Train epoch: 385 | Loss: *0.303* | Acc: *89.604%* (44802/50000) 
Test epoch: 385 | Loss: *0.799* | Acc: *76.780%* (7678/10000)
Train epoch: 386 | Loss: *0.309* | Acc: *89.526%* (44763/50000) 
Test epoch: 386 | Loss: *0.513* | Acc: *83.840%* (8384/10000)
Train epoch: 387 | Loss: *0.306* | Acc: *89.598%* (44799/50000) 
Test epoch: 387 | Loss: *0.634* | Acc: *80.410%* (8041/10000)
Train epoch: 388 | Loss: *0.311* | Acc: *89.320%* (44660/50000) 
Test epoch: 388 | Loss: *0.519* | Acc: *82.910%* (8291/10000)
Train epoch: 389 | Loss: *0.313* | Acc: *89.298%* (44649/50000) 
Test epoch: 389 | Loss: *0.427* | Acc: *86.340%* (8634/10000)
Train epoch: 390 | Loss: *0.306* | Acc: *89.426%* (44713/50000) 
Test epoch: 390 | Loss: *0.511* | Acc: *83.580%* (8358/10000)
Train epoch: 391 | Loss: *0.307* | Acc: *89.436%* (44718/50000) 
Test epoch: 391 | Loss: *0.442* | Acc: *85.360%* (8536/10000)
Train epoch: 392 | Loss: *0.307* | Acc: *89.442%* (44721/50000) 
Test epoch: 392 | Loss: *0.488* | Acc: *84.530%* (8453/10000)
Train epoch: 393 | Loss: *0.304* | Acc: *89.536%* (44768/50000) 
Test epoch: 393 | Loss: *0.504* | Acc: *83.890%* (8389/10000)
Train epoch: 394 | Loss: *0.311* | Acc: *89.310%* (44655/50000) 
Test epoch: 394 | Loss: *0.504* | Acc: *83.920%* (8392/10000)
Train epoch: 395 | Loss: *0.307* | Acc: *89.440%* (44720/50000) 
Test epoch: 395 | Loss: *0.647* | Acc: *80.110%* (8011/10000)
Train epoch: 396 | Loss: *0.312* | Acc: *89.418%* (44709/50000) 
Test epoch: 396 | Loss: *0.439* | Acc: *86.310%* (8631/10000)
Train epoch: 397 | Loss: *0.309* | Acc: *89.376%* (44688/50000) 
Test epoch: 397 | Loss: *0.613* | Acc: *79.760%* (7976/10000)
Train epoch: 398 | Loss: *0.308* | Acc: *89.418%* (44709/50000) 
Test epoch: 398 | Loss: *0.472* | Acc: *84.550%* (8455/10000)
Train epoch: 399 | Loss: *0.308* | Acc: *89.572%* (44786/50000) 
Test epoch: 399 | Loss: *0.980* | Acc: *72.350%* (7235/10000)
Train epoch: 400 | Loss: *0.311* | Acc: *89.152%* (44576/50000) 
Test epoch: 400 | Loss: *0.509* | Acc: *82.810%* (8281/10000)
Train epoch: 401 | Loss: *0.307* | Acc: *89.504%* (44752/50000) 
Test epoch: 401 | Loss: *0.449* | Acc: *85.390%* (8539/10000)
Train epoch: 402 | Loss: *0.308* | Acc: *89.312%* (44656/50000) 
Test epoch: 402 | Loss: *0.679* | Acc: *79.840%* (7984/10000)
Train epoch: 403 | Loss: *0.306* | Acc: *89.496%* (44748/50000) 
Test epoch: 403 | Loss: *0.564* | Acc: *82.110%* (8211/10000)
Train epoch: 404 | Loss: *0.305* | Acc: *89.452%* (44726/50000) 
Test epoch: 404 | Loss: *0.509* | Acc: *83.940%* (8394/10000)
Train epoch: 405 | Loss: *0.308* | Acc: *89.368%* (44684/50000) 
Test epoch: 405 | Loss: *0.615* | Acc: *80.680%* (8068/10000)
Train epoch: 406 | Loss: *0.306* | Acc: *89.402%* (44701/50000) 
Test epoch: 406 | Loss: *0.548* | Acc: *82.760%* (8276/10000)
Train epoch: 407 | Loss: *0.310* | Acc: *89.354%* (44677/50000) 
Test epoch: 407 | Loss: *0.469* | Acc: *84.560%* (8456/10000)
Train epoch: 408 | Loss: *0.306* | Acc: *89.430%* (44715/50000) 
Test epoch: 408 | Loss: *0.495* | Acc: *84.330%* (8433/10000)
Train epoch: 409 | Loss: *0.309* | Acc: *89.426%* (44713/50000) 
Test epoch: 409 | Loss: *0.503* | Acc: *83.540%* (8354/10000)
Train epoch: 410 | Loss: *0.306* | Acc: *89.564%* (44782/50000) 
Test epoch: 410 | Loss: *0.605* | Acc: *80.620%* (8062/10000)
Train epoch: 411 | Loss: *0.306* | Acc: *89.612%* (44806/50000) 
Test epoch: 411 | Loss: *0.607* | Acc: *81.770%* (8177/10000)
Train epoch: 412 | Loss: *0.308* | Acc: *89.526%* (44763/50000) 
Test epoch: 412 | Loss: *0.541* | Acc: *83.160%* (8316/10000)
Train epoch: 413 | Loss: *0.311* | Acc: *89.306%* (44653/50000) 
Test epoch: 413 | Loss: *0.600* | Acc: *81.130%* (8113/10000)
Train epoch: 414 | Loss: *0.307* | Acc: *89.496%* (44748/50000) 
Test epoch: 414 | Loss: *0.509* | Acc: *83.020%* (8302/10000)
Train epoch: 415 | Loss: *0.302* | Acc: *89.666%* (44833/50000) 
Test epoch: 415 | Loss: *0.633* | Acc: *80.570%* (8057/10000)
Train epoch: 416 | Loss: *0.307* | Acc: *89.418%* (44709/50000) 
Test epoch: 416 | Loss: *0.465* | Acc: *84.780%* (8478/10000)
Train epoch: 417 | Loss: *0.302* | Acc: *89.602%* (44801/50000) 
Test epoch: 417 | Loss: *0.430* | Acc: *85.980%* (8598/10000)
Train epoch: 418 | Loss: *0.304* | Acc: *89.474%* (44737/50000) 
Test epoch: 418 | Loss: *0.411* | Acc: *86.100%* (8610/10000)
Train epoch: 419 | Loss: *0.307* | Acc: *89.366%* (44683/50000) 
Test epoch: 419 | Loss: *0.538* | Acc: *82.370%* (8237/10000)
Train epoch: 420 | Loss: *0.302* | Acc: *89.612%* (44806/50000) 
Test epoch: 420 | Loss: *0.461* | Acc: *84.660%* (8466/10000)
Train epoch: 421 | Loss: *0.304* | Acc: *89.524%* (44762/50000) 
Test epoch: 421 | Loss: *0.570* | Acc: *82.600%* (8260/10000)
Train epoch: 422 | Loss: *0.309* | Acc: *89.324%* (44662/50000) 
Test epoch: 422 | Loss: *0.485* | Acc: *83.950%* (8395/10000)
Train epoch: 423 | Loss: *0.300* | Acc: *89.714%* (44857/50000) 
Test epoch: 423 | Loss: *0.534* | Acc: *83.190%* (8319/10000)
Train epoch: 424 | Loss: *0.304* | Acc: *89.704%* (44852/50000) 
Test epoch: 424 | Loss: *0.410* | Acc: *85.900%* (8590/10000)
Train epoch: 425 | Loss: *0.303* | Acc: *89.552%* (44776/50000) 
Test epoch: 425 | Loss: *0.730* | Acc: *78.880%* (7888/10000)
Train epoch: 426 | Loss: *0.305* | Acc: *89.540%* (44770/50000) 
Test epoch: 426 | Loss: *0.473* | Acc: *84.210%* (8421/10000)
Train epoch: 427 | Loss: *0.302* | Acc: *89.786%* (44893/50000) 
Test epoch: 427 | Loss: *0.443* | Acc: *85.470%* (8547/10000)
Train epoch: 428 | Loss: *0.300* | Acc: *89.698%* (44849/50000) 
Test epoch: 428 | Loss: *0.505* | Acc: *84.040%* (8404/10000)
Train epoch: 429 | Loss: *0.300* | Acc: *89.668%* (44834/50000) 
Test epoch: 429 | Loss: *0.404* | Acc: *86.490%* (8649/10000)
Train epoch: 430 | Loss: *0.299* | Acc: *89.772%* (44886/50000) 
Test epoch: 430 | Loss: *0.526* | Acc: *83.640%* (8364/10000)
Train epoch: 431 | Loss: *0.300* | Acc: *89.700%* (44850/50000) 
Test epoch: 431 | Loss: *0.501* | Acc: *83.880%* (8388/10000)
Train epoch: 432 | Loss: *0.294* | Acc: *89.856%* (44928/50000) 
Test epoch: 432 | Loss: *0.663* | Acc: *79.630%* (7963/10000)
Train epoch: 433 | Loss: *0.300* | Acc: *89.800%* (44900/50000) 
Test epoch: 433 | Loss: *0.702* | Acc: *78.530%* (7853/10000)
Train epoch: 434 | Loss: *0.292* | Acc: *89.854%* (44927/50000) 
Test epoch: 434 | Loss: *0.431* | Acc: *85.640%* (8564/10000)
Train epoch: 435 | Loss: *0.297* | Acc: *89.782%* (44891/50000) 
Test epoch: 435 | Loss: *0.588* | Acc: *81.530%* (8153/10000)
Train epoch: 436 | Loss: *0.296* | Acc: *89.810%* (44905/50000) 
Test epoch: 436 | Loss: *0.580* | Acc: *82.390%* (8239/10000)
Train epoch: 437 | Loss: *0.293* | Acc: *90.024%* (45012/50000) 
Test epoch: 437 | Loss: *0.767* | Acc: *77.630%* (7763/10000)
Train epoch: 438 | Loss: *0.297* | Acc: *89.796%* (44898/50000) 
Test epoch: 438 | Loss: *0.669* | Acc: *80.240%* (8024/10000)
Train epoch: 439 | Loss: *0.289* | Acc: *90.068%* (45034/50000) 
Test epoch: 439 | Loss: *0.504* | Acc: *84.130%* (8413/10000)
Train epoch: 440 | Loss: *0.295* | Acc: *89.696%* (44848/50000) 
Test epoch: 440 | Loss: *0.481* | Acc: *83.390%* (8339/10000)
Train epoch: 441 | Loss: *0.293* | Acc: *89.838%* (44919/50000) 
Test epoch: 441 | Loss: *0.610* | Acc: *80.690%* (8069/10000)
Train epoch: 442 | Loss: *0.290* | Acc: *90.116%* (45058/50000) 
Test epoch: 442 | Loss: *0.452* | Acc: *85.380%* (8538/10000)
Train epoch: 443 | Loss: *0.288* | Acc: *89.996%* (44998/50000) 
Test epoch: 443 | Loss: *0.433* | Acc: *85.880%* (8588/10000)
Train epoch: 444 | Loss: *0.287* | Acc: *90.080%* (45040/50000) 
Test epoch: 444 | Loss: *0.516* | Acc: *83.960%* (8396/10000)
Train epoch: 445 | Loss: *0.284* | Acc: *90.320%* (45160/50000) 
Test epoch: 445 | Loss: *0.429* | Acc: *86.390%* (8639/10000)
Train epoch: 446 | Loss: *0.291* | Acc: *89.974%* (44987/50000) 
Test epoch: 446 | Loss: *0.488* | Acc: *85.000%* (8500/10000)
Train epoch: 447 | Loss: *0.280* | Acc: *90.254%* (45127/50000) 
Test epoch: 447 | Loss: *0.385* | Acc: *86.810%* (8681/10000)
Train epoch: 448 | Loss: *0.280* | Acc: *90.440%* (45220/50000) 
Test epoch: 448 | Loss: *0.454* | Acc: *84.630%* (8463/10000)
Train epoch: 449 | Loss: *0.283* | Acc: *90.276%* (45138/50000) 
Test epoch: 449 | Loss: *0.503* | Acc: *83.460%* (8346/10000)
Train epoch: 450 | Loss: *0.282* | Acc: *90.220%* (45110/50000) 
Test epoch: 450 | Loss: *0.853* | Acc: *76.000%* (7600/10000)
Train epoch: 451 | Loss: *0.278* | Acc: *90.488%* (45244/50000) 
Test epoch: 451 | Loss: *0.524* | Acc: *84.060%* (8406/10000)
Train epoch: 452 | Loss: *0.280* | Acc: *90.242%* (45121/50000) 
Test epoch: 452 | Loss: *0.638* | Acc: *81.240%* (8124/10000)
Train epoch: 453 | Loss: *0.278* | Acc: *90.498%* (45249/50000) 
Test epoch: 453 | Loss: *0.597* | Acc: *81.220%* (8122/10000)
Train epoch: 454 | Loss: *0.275* | Acc: *90.524%* (45262/50000) 
Test epoch: 454 | Loss: *0.508* | Acc: *84.410%* (8441/10000)
Train epoch: 455 | Loss: *0.280* | Acc: *90.244%* (45122/50000) 
Test epoch: 455 | Loss: *0.412* | Acc: *86.430%* (8643/10000)
Train epoch: 456 | Loss: *0.276* | Acc: *90.466%* (45233/50000) 
Test epoch: 456 | Loss: *0.476* | Acc: *85.480%* (8548/10000)
Train epoch: 457 | Loss: *0.270* | Acc: *90.758%* (45379/50000) 
Test epoch: 457 | Loss: *0.460* | Acc: *85.330%* (8533/10000)
Train epoch: 458 | Loss: *0.274* | Acc: *90.482%* (45241/50000) 
Test epoch: 458 | Loss: *0.445* | Acc: *85.730%* (8573/10000)
Train epoch: 459 | Loss: *0.272* | Acc: *90.718%* (45359/50000) 
Test epoch: 459 | Loss: *0.509* | Acc: *83.380%* (8338/10000)
Train epoch: 460 | Loss: *0.267* | Acc: *90.838%* (45419/50000) 
Test epoch: 460 | Loss: *0.436* | Acc: *85.890%* (8589/10000)
Train epoch: 461 | Loss: *0.266* | Acc: *90.778%* (45389/50000) 
Test epoch: 461 | Loss: *0.505* | Acc: *84.480%* (8448/10000)
Train epoch: 462 | Loss: *0.263* | Acc: *90.952%* (45476/50000) 
Test epoch: 462 | Loss: *0.705* | Acc: *80.270%* (8027/10000)
Train epoch: 463 | Loss: *0.266* | Acc: *90.728%* (45364/50000) 
Test epoch: 463 | Loss: *0.546* | Acc: *83.220%* (8322/10000)
Train epoch: 464 | Loss: *0.261* | Acc: *91.100%* (45550/50000) 
Test epoch: 464 | Loss: *0.366* | Acc: *88.010%* (8801/10000)
Train epoch: 465 | Loss: *0.261* | Acc: *90.858%* (45429/50000) 
Test epoch: 465 | Loss: *0.492* | Acc: *84.360%* (8436/10000)
Train epoch: 466 | Loss: *0.260* | Acc: *91.054%* (45527/50000) 
Test epoch: 466 | Loss: *0.435* | Acc: *86.350%* (8635/10000)
Train epoch: 467 | Loss: *0.263* | Acc: *90.786%* (45393/50000) 
Test epoch: 467 | Loss: *0.382* | Acc: *87.800%* (8780/10000)
Train epoch: 468 | Loss: *0.254* | Acc: *91.218%* (45609/50000) 
Test epoch: 468 | Loss: *0.401* | Acc: *86.910%* (8691/10000)
Train epoch: 469 | Loss: *0.258* | Acc: *91.158%* (45579/50000) 
Test epoch: 469 | Loss: *0.445* | Acc: *86.110%* (8611/10000)
Train epoch: 470 | Loss: *0.249* | Acc: *91.344%* (45672/50000) 
Test epoch: 470 | Loss: *0.445* | Acc: *85.620%* (8562/10000)
Train epoch: 471 | Loss: *0.247* | Acc: *91.462%* (45731/50000) 
Test epoch: 471 | Loss: *0.440* | Acc: *85.380%* (8538/10000)
Train epoch: 472 | Loss: *0.253* | Acc: *91.338%* (45669/50000) 
Test epoch: 472 | Loss: *0.496* | Acc: *84.700%* (8470/10000)
Train epoch: 473 | Loss: *0.251* | Acc: *91.410%* (45705/50000) 
Test epoch: 473 | Loss: *0.542* | Acc: *83.370%* (8337/10000)
Train epoch: 474 | Loss: *0.248* | Acc: *91.338%* (45669/50000) 
Test epoch: 474 | Loss: *0.416* | Acc: *86.410%* (8641/10000)
Train epoch: 475 | Loss: *0.243* | Acc: *91.662%* (45831/50000) 
Test epoch: 475 | Loss: *0.444* | Acc: *85.500%* (8550/10000)
Train epoch: 476 | Loss: *0.241* | Acc: *91.730%* (45865/50000) 
Test epoch: 476 | Loss: *0.623* | Acc: *81.470%* (8147/10000)
Train epoch: 477 | Loss: *0.240* | Acc: *91.718%* (45859/50000) 
Test epoch: 477 | Loss: *0.501* | Acc: *84.020%* (8402/10000)
Train epoch: 478 | Loss: *0.241* | Acc: *91.836%* (45918/50000) 
Test epoch: 478 | Loss: *0.400* | Acc: *86.900%* (8690/10000)
Train epoch: 479 | Loss: *0.239* | Acc: *91.752%* (45876/50000) 
Test epoch: 479 | Loss: *0.479* | Acc: *85.230%* (8523/10000)
Train epoch: 480 | Loss: *0.235* | Acc: *91.864%* (45932/50000) 
Test epoch: 480 | Loss: *0.453* | Acc: *85.960%* (8596/10000)
Train epoch: 481 | Loss: *0.235* | Acc: *91.944%* (45972/50000) 
Test epoch: 481 | Loss: *0.383* | Acc: *87.710%* (8771/10000)
Train epoch: 482 | Loss: *0.228* | Acc: *92.114%* (46057/50000) 
Test epoch: 482 | Loss: *0.466* | Acc: *84.690%* (8469/10000)
Train epoch: 483 | Loss: *0.232* | Acc: *91.990%* (45995/50000) 
Test epoch: 483 | Loss: *0.400* | Acc: *86.850%* (8685/10000)
Train epoch: 484 | Loss: *0.225* | Acc: *92.336%* (46168/50000) 
Test epoch: 484 | Loss: *0.413* | Acc: *87.440%* (8744/10000)
Train epoch: 485 | Loss: *0.226* | Acc: *92.224%* (46112/50000) 
Test epoch: 485 | Loss: *0.518* | Acc: *84.110%* (8411/10000)
Train epoch: 486 | Loss: *0.231* | Acc: *91.994%* (45997/50000) 
Test epoch: 486 | Loss: *0.542* | Acc: *84.080%* (8408/10000)
Train epoch: 487 | Loss: *0.224* | Acc: *92.204%* (46102/50000) 
Test epoch: 487 | Loss: *0.493* | Acc: *84.410%* (8441/10000)
Train epoch: 488 | Loss: *0.223* | Acc: *92.298%* (46149/50000) 
Test epoch: 488 | Loss: *0.406* | Acc: *87.270%* (8727/10000)
Train epoch: 489 | Loss: *0.217* | Acc: *92.546%* (46273/50000) 
Test epoch: 489 | Loss: *0.373* | Acc: *88.220%* (8822/10000)
Train epoch: 490 | Loss: *0.213* | Acc: *92.682%* (46341/50000) 
Test epoch: 490 | Loss: *0.435* | Acc: *86.490%* (8649/10000)
Train epoch: 491 | Loss: *0.214* | Acc: *92.644%* (46322/50000) 
Test epoch: 491 | Loss: *0.451* | Acc: *85.960%* (8596/10000)
Train epoch: 492 | Loss: *0.214* | Acc: *92.572%* (46286/50000) 
Test epoch: 492 | Loss: *0.525* | Acc: *83.490%* (8349/10000)
Train epoch: 493 | Loss: *0.209* | Acc: *92.770%* (46385/50000) 
Test epoch: 493 | Loss: *0.353* | Acc: *88.730%* (8873/10000)
Train epoch: 494 | Loss: *0.207* | Acc: *92.848%* (46424/50000) 
Test epoch: 494 | Loss: *0.443* | Acc: *86.150%* (8615/10000)
Train epoch: 495 | Loss: *0.210* | Acc: *92.744%* (46372/50000) 
Test epoch: 495 | Loss: *0.410* | Acc: *86.840%* (8684/10000)
Train epoch: 496 | Loss: *0.204* | Acc: *92.934%* (46467/50000) 
Test epoch: 496 | Loss: *0.398* | Acc: *87.460%* (8746/10000)
Train epoch: 497 | Loss: *0.202* | Acc: *93.116%* (46558/50000) 
Test epoch: 497 | Loss: *0.333* | Acc: *89.120%* (8912/10000)
Train epoch: 498 | Loss: *0.195* | Acc: *93.242%* (46621/50000) 
Test epoch: 498 | Loss: *0.457* | Acc: *86.210%* (8621/10000)
Train epoch: 499 | Loss: *0.200* | Acc: *93.100%* (46550/50000) 
Test epoch: 499 | Loss: *0.440* | Acc: *86.590%* (8659/10000)
Train epoch: 500 | Loss: *0.193* | Acc: *93.306%* (46653/50000) 
Test epoch: 500 | Loss: *0.410* | Acc: *87.050%* (8705/10000)
Best test accuracy: *94.770%*, loss: *0.1862421541288495*, at epoch: *228*.
==> Execution time summary of 500 epoch(s).
Train data loading time: sum. *230.9087981916964* secs | avg. *0.4618175963833928* secs per epoch.
Train training time: sum. *1077.6722744842991* secs | avg. *2.155344548968598* secs per epoch.
Train total time: sum. *1308.5810726759955* secs | avg. *2.617162145351991* secs per epoch.
Test data loading time: sum. *100.56829530466348* secs | avg. *0.20113659060932695* secs per epoch.
Test training time: sum. *76.991565217264* secs | avg. *0.153983130434528* secs per epoch.
Test total time: sum. *177.55986052192748* secs | avg. *0.355119721043855* secs per epoch.
Total data loading time: sum. *331.4770934963599* secs | avg. *0.6629541869927198* secs per epoch.
Total training time: sum. *1154.6638397015631* secs | avg. *2.3093276794031263* secs per epoch.
Total running time: sum. *1486.140933197923* secs | avg. *2.972281866395846* secs per epoch.
==> Number of GPU device: 1
==> Device #0 Memory Usage
==> Allocated: 0.1 GB
==> Cached:    1.4 GB
==> Maximum: 1.4 GB
