==> Running on : cuda
==> Number of CPU: 48
==> Number of workers: 2
==> #Epochs: 500, #Layers: 4, #Blocks: [2, 1, 1, 1], In channel: 64, Input layer conv kernel: 7x7, Residual layer conv kernel 3x3, Skip kernel: 1x1, Input layer conv padding: 3, Residual layer conv padding: 1
==> Optimizer is Adam
==> Learning rate: 0.001
==> Weight decay: 0.0005
==>Trainable Parameters: 4984906
==>Other Parameters: 0
==>Augmentation: RandomCrop(32, padding=4), RandomHorizontalFlip(), Normalize((0.4914, 0.4822, 0.4465), (0.2023, 0.1994, 0.2010)
Files already downloaded and verified
Train epoch: 1 | Loss: *1.492* | Acc: *45.352%* (22676/50000) 
Test epoch: 1 | Loss: *1.393* | Acc: *52.410%* (5241/10000)
Train epoch: 2 | Loss: *1.084* | Acc: *61.368%* (30684/50000) 
Test epoch: 2 | Loss: *1.485* | Acc: *52.440%* (5244/10000)
Train epoch: 3 | Loss: *0.900* | Acc: *68.032%* (34016/50000) 
Test epoch: 3 | Loss: *1.029* | Acc: *65.130%* (6513/10000)
Train epoch: 4 | Loss: *0.766* | Acc: *73.290%* (36645/50000) 
Test epoch: 4 | Loss: *0.801* | Acc: *73.130%* (7313/10000)
Train epoch: 5 | Loss: *0.676* | Acc: *76.738%* (38369/50000) 
Test epoch: 5 | Loss: *0.727* | Acc: *75.510%* (7551/10000)
Train epoch: 6 | Loss: *0.620* | Acc: *78.578%* (39289/50000) 
Test epoch: 6 | Loss: *0.699* | Acc: *76.780%* (7678/10000)
Train epoch: 7 | Loss: *0.564* | Acc: *80.502%* (40251/50000) 
Test epoch: 7 | Loss: *0.777* | Acc: *75.030%* (7503/10000)
Train epoch: 8 | Loss: *0.530* | Acc: *81.916%* (40958/50000) 
Test epoch: 8 | Loss: *0.575* | Acc: *80.960%* (8096/10000)
Train epoch: 9 | Loss: *0.500* | Acc: *82.856%* (41428/50000) 
Test epoch: 9 | Loss: *0.588* | Acc: *80.770%* (8077/10000)
Train epoch: 10 | Loss: *0.470* | Acc: *84.046%* (42023/50000) 
Test epoch: 10 | Loss: *0.542* | Acc: *81.770%* (8177/10000)
Train epoch: 11 | Loss: *0.448* | Acc: *84.536%* (42268/50000) 
Test epoch: 11 | Loss: *0.518* | Acc: *82.390%* (8239/10000)
Train epoch: 12 | Loss: *0.427* | Acc: *85.470%* (42735/50000) 
Test epoch: 12 | Loss: *0.485* | Acc: *83.350%* (8335/10000)
Train epoch: 13 | Loss: *0.410* | Acc: *86.028%* (43014/50000) 
Test epoch: 13 | Loss: *0.520* | Acc: *82.760%* (8276/10000)
Train epoch: 14 | Loss: *0.401* | Acc: *86.286%* (43143/50000) 
Test epoch: 14 | Loss: *0.478* | Acc: *84.500%* (8450/10000)
Train epoch: 15 | Loss: *0.388* | Acc: *86.720%* (43360/50000) 
Test epoch: 15 | Loss: *0.564* | Acc: *82.010%* (8201/10000)
Train epoch: 16 | Loss: *0.370* | Acc: *87.300%* (43650/50000) 
Test epoch: 16 | Loss: *0.479* | Acc: *84.730%* (8473/10000)
Train epoch: 17 | Loss: *0.361* | Acc: *87.532%* (43766/50000) 
Test epoch: 17 | Loss: *0.528* | Acc: *82.470%* (8247/10000)
Train epoch: 18 | Loss: *0.352* | Acc: *88.076%* (44038/50000) 
Test epoch: 18 | Loss: *0.466* | Acc: *84.990%* (8499/10000)
Train epoch: 19 | Loss: *0.344* | Acc: *88.162%* (44081/50000) 
Test epoch: 19 | Loss: *0.485* | Acc: *84.350%* (8435/10000)
Train epoch: 20 | Loss: *0.335* | Acc: *88.558%* (44279/50000) 
Test epoch: 20 | Loss: *0.477* | Acc: *84.330%* (8433/10000)
Train epoch: 21 | Loss: *0.334* | Acc: *88.584%* (44292/50000) 
Test epoch: 21 | Loss: *0.429* | Acc: *85.840%* (8584/10000)
Train epoch: 22 | Loss: *0.329* | Acc: *88.820%* (44410/50000) 
Test epoch: 22 | Loss: *0.455* | Acc: *84.780%* (8478/10000)
Train epoch: 23 | Loss: *0.323* | Acc: *88.882%* (44441/50000) 
Test epoch: 23 | Loss: *0.437* | Acc: *85.610%* (8561/10000)
Train epoch: 24 | Loss: *0.312* | Acc: *89.220%* (44610/50000) 
Test epoch: 24 | Loss: *0.428* | Acc: *86.220%* (8622/10000)
Train epoch: 25 | Loss: *0.308* | Acc: *89.430%* (44715/50000) 
Test epoch: 25 | Loss: *0.395* | Acc: *86.900%* (8690/10000)
Train epoch: 26 | Loss: *0.303* | Acc: *89.656%* (44828/50000) 
Test epoch: 26 | Loss: *0.450* | Acc: *85.590%* (8559/10000)
Train epoch: 27 | Loss: *0.298* | Acc: *89.784%* (44892/50000) 
Test epoch: 27 | Loss: *0.422* | Acc: *85.980%* (8598/10000)
Train epoch: 28 | Loss: *0.299* | Acc: *89.760%* (44880/50000) 
Test epoch: 28 | Loss: *0.396* | Acc: *86.760%* (8676/10000)
Train epoch: 29 | Loss: *0.289* | Acc: *90.136%* (45068/50000) 
Test epoch: 29 | Loss: *0.431* | Acc: *86.270%* (8627/10000)
Train epoch: 30 | Loss: *0.285* | Acc: *90.214%* (45107/50000) 
Test epoch: 30 | Loss: *0.419* | Acc: *86.700%* (8670/10000)
Train epoch: 31 | Loss: *0.284* | Acc: *90.282%* (45141/50000) 
Test epoch: 31 | Loss: *0.442* | Acc: *85.870%* (8587/10000)
Train epoch: 32 | Loss: *0.281* | Acc: *90.316%* (45158/50000) 
Test epoch: 32 | Loss: *0.425* | Acc: *86.040%* (8604/10000)
Train epoch: 33 | Loss: *0.277* | Acc: *90.510%* (45255/50000) 
Test epoch: 33 | Loss: *0.406* | Acc: *87.090%* (8709/10000)
Train epoch: 34 | Loss: *0.273* | Acc: *90.676%* (45338/50000) 
Test epoch: 34 | Loss: *0.384* | Acc: *87.420%* (8742/10000)
Train epoch: 35 | Loss: *0.272* | Acc: *90.712%* (45356/50000) 
Test epoch: 35 | Loss: *0.400* | Acc: *87.340%* (8734/10000)
Train epoch: 36 | Loss: *0.266* | Acc: *90.972%* (45486/50000) 
Test epoch: 36 | Loss: *0.376* | Acc: *87.900%* (8790/10000)
Train epoch: 37 | Loss: *0.262* | Acc: *91.096%* (45548/50000) 
Test epoch: 37 | Loss: *0.442* | Acc: *86.040%* (8604/10000)
Train epoch: 38 | Loss: *0.258* | Acc: *91.098%* (45549/50000) 
Test epoch: 38 | Loss: *0.369* | Acc: *87.670%* (8767/10000)
Train epoch: 39 | Loss: *0.255* | Acc: *91.124%* (45562/50000) 
Test epoch: 39 | Loss: *0.396* | Acc: *87.150%* (8715/10000)
Train epoch: 40 | Loss: *0.255* | Acc: *91.200%* (45600/50000) 
Test epoch: 40 | Loss: *0.371* | Acc: *88.120%* (8812/10000)
Train epoch: 41 | Loss: *0.251* | Acc: *91.336%* (45668/50000) 
Test epoch: 41 | Loss: *0.392* | Acc: *87.510%* (8751/10000)
Train epoch: 42 | Loss: *0.244* | Acc: *91.642%* (45821/50000) 
Test epoch: 42 | Loss: *0.382* | Acc: *87.660%* (8766/10000)
Train epoch: 43 | Loss: *0.246* | Acc: *91.688%* (45844/50000) 
Test epoch: 43 | Loss: *0.400* | Acc: *87.570%* (8757/10000)
Train epoch: 44 | Loss: *0.242* | Acc: *91.730%* (45865/50000) 
Test epoch: 44 | Loss: *0.387* | Acc: *87.940%* (8794/10000)
Train epoch: 45 | Loss: *0.243* | Acc: *91.554%* (45777/50000) 
Test epoch: 45 | Loss: *0.385* | Acc: *87.300%* (8730/10000)
Train epoch: 46 | Loss: *0.238* | Acc: *91.854%* (45927/50000) 
Test epoch: 46 | Loss: *0.378* | Acc: *88.010%* (8801/10000)
Train epoch: 47 | Loss: *0.239* | Acc: *91.772%* (45886/50000) 
Test epoch: 47 | Loss: *0.351* | Acc: *88.540%* (8854/10000)
Train epoch: 48 | Loss: *0.238* | Acc: *91.730%* (45865/50000) 
Test epoch: 48 | Loss: *0.371* | Acc: *88.150%* (8815/10000)
Train epoch: 49 | Loss: *0.232* | Acc: *91.950%* (45975/50000) 
Test epoch: 49 | Loss: *0.395* | Acc: *87.730%* (8773/10000)
Train epoch: 50 | Loss: *0.232* | Acc: *91.988%* (45994/50000) 
Test epoch: 50 | Loss: *0.362* | Acc: *88.570%* (8857/10000)
Train epoch: 51 | Loss: *0.226* | Acc: *92.286%* (46143/50000) 
Test epoch: 51 | Loss: *0.349* | Acc: *88.690%* (8869/10000)
Train epoch: 52 | Loss: *0.225* | Acc: *92.288%* (46144/50000) 
Test epoch: 52 | Loss: *0.390* | Acc: *87.470%* (8747/10000)
Train epoch: 53 | Loss: *0.224* | Acc: *92.350%* (46175/50000) 
Test epoch: 53 | Loss: *0.358* | Acc: *88.570%* (8857/10000)
Train epoch: 54 | Loss: *0.222* | Acc: *92.220%* (46110/50000) 
Test epoch: 54 | Loss: *0.370* | Acc: *88.420%* (8842/10000)
Train epoch: 55 | Loss: *0.221* | Acc: *92.358%* (46179/50000) 
Test epoch: 55 | Loss: *0.372* | Acc: *88.310%* (8831/10000)
Train epoch: 56 | Loss: *0.217* | Acc: *92.620%* (46310/50000) 
Test epoch: 56 | Loss: *0.339* | Acc: *89.430%* (8943/10000)
Train epoch: 57 | Loss: *0.218* | Acc: *92.518%* (46259/50000) 
Test epoch: 57 | Loss: *0.372* | Acc: *88.470%* (8847/10000)
Train epoch: 58 | Loss: *0.211* | Acc: *92.738%* (46369/50000) 
Test epoch: 58 | Loss: *0.374* | Acc: *88.390%* (8839/10000)
Train epoch: 59 | Loss: *0.213* | Acc: *92.654%* (46327/50000) 
Test epoch: 59 | Loss: *0.352* | Acc: *88.660%* (8866/10000)
Train epoch: 60 | Loss: *0.205* | Acc: *92.952%* (46476/50000) 
Test epoch: 60 | Loss: *0.351* | Acc: *89.070%* (8907/10000)
Train epoch: 61 | Loss: *0.206* | Acc: *92.940%* (46470/50000) 
Test epoch: 61 | Loss: *0.392* | Acc: *87.830%* (8783/10000)
Train epoch: 62 | Loss: *0.205* | Acc: *92.992%* (46496/50000) 
Test epoch: 62 | Loss: *0.383* | Acc: *88.320%* (8832/10000)
Train epoch: 63 | Loss: *0.205* | Acc: *92.920%* (46460/50000) 
Test epoch: 63 | Loss: *0.378* | Acc: *88.470%* (8847/10000)
Train epoch: 64 | Loss: *0.196* | Acc: *93.252%* (46626/50000) 
Test epoch: 64 | Loss: *0.342* | Acc: *89.310%* (8931/10000)
Train epoch: 65 | Loss: *0.200* | Acc: *93.056%* (46528/50000) 
Test epoch: 65 | Loss: *0.384* | Acc: *88.230%* (8823/10000)
Train epoch: 66 | Loss: *0.201* | Acc: *92.918%* (46459/50000) 
Test epoch: 66 | Loss: *0.340* | Acc: *89.600%* (8960/10000)
Train epoch: 67 | Loss: *0.196* | Acc: *93.310%* (46655/50000) 
Test epoch: 67 | Loss: *0.344* | Acc: *89.310%* (8931/10000)
Train epoch: 68 | Loss: *0.196* | Acc: *93.164%* (46582/50000) 
Test epoch: 68 | Loss: *0.342* | Acc: *88.930%* (8893/10000)
Train epoch: 69 | Loss: *0.186* | Acc: *93.584%* (46792/50000) 
Test epoch: 69 | Loss: *0.377* | Acc: *88.690%* (8869/10000)
Train epoch: 70 | Loss: *0.187* | Acc: *93.438%* (46719/50000) 
Test epoch: 70 | Loss: *0.333* | Acc: *89.850%* (8985/10000)
Train epoch: 71 | Loss: *0.183* | Acc: *93.788%* (46894/50000) 
Test epoch: 71 | Loss: *0.362* | Acc: *89.240%* (8924/10000)
Train epoch: 72 | Loss: *0.184* | Acc: *93.760%* (46880/50000) 
Test epoch: 72 | Loss: *0.361* | Acc: *89.260%* (8926/10000)
Train epoch: 73 | Loss: *0.180* | Acc: *93.810%* (46905/50000) 
Test epoch: 73 | Loss: *0.341* | Acc: *89.640%* (8964/10000)
Train epoch: 74 | Loss: *0.176* | Acc: *93.930%* (46965/50000) 
Test epoch: 74 | Loss: *0.347* | Acc: *89.420%* (8942/10000)
Train epoch: 75 | Loss: *0.177* | Acc: *93.928%* (46964/50000) 
Test epoch: 75 | Loss: *0.340* | Acc: *89.250%* (8925/10000)
Train epoch: 76 | Loss: *0.175* | Acc: *93.986%* (46993/50000) 
Test epoch: 76 | Loss: *0.348* | Acc: *89.320%* (8932/10000)
Train epoch: 77 | Loss: *0.174* | Acc: *94.058%* (47029/50000) 
Test epoch: 77 | Loss: *0.359* | Acc: *88.660%* (8866/10000)
Train epoch: 78 | Loss: *0.170* | Acc: *94.146%* (47073/50000) 
Test epoch: 78 | Loss: *0.353* | Acc: *89.260%* (8926/10000)
Train epoch: 79 | Loss: *0.166* | Acc: *94.220%* (47110/50000) 
Test epoch: 79 | Loss: *0.334* | Acc: *90.030%* (9003/10000)
Train epoch: 80 | Loss: *0.168* | Acc: *94.284%* (47142/50000) 
Test epoch: 80 | Loss: *0.361* | Acc: *89.380%* (8938/10000)
Train epoch: 81 | Loss: *0.164* | Acc: *94.330%* (47165/50000) 
Test epoch: 81 | Loss: *0.374* | Acc: *89.050%* (8905/10000)
Train epoch: 82 | Loss: *0.164* | Acc: *94.248%* (47124/50000) 
Test epoch: 82 | Loss: *0.339* | Acc: *89.860%* (8986/10000)
Train epoch: 83 | Loss: *0.157* | Acc: *94.542%* (47271/50000) 
Test epoch: 83 | Loss: *0.378* | Acc: *88.810%* (8881/10000)
Train epoch: 84 | Loss: *0.160* | Acc: *94.378%* (47189/50000) 
Test epoch: 84 | Loss: *0.333* | Acc: *90.060%* (9006/10000)
Train epoch: 85 | Loss: *0.159* | Acc: *94.478%* (47239/50000) 
Test epoch: 85 | Loss: *0.325* | Acc: *90.300%* (9030/10000)
Train epoch: 86 | Loss: *0.153* | Acc: *94.698%* (47349/50000) 
Test epoch: 86 | Loss: *0.356* | Acc: *89.890%* (8989/10000)
Train epoch: 87 | Loss: *0.154* | Acc: *94.750%* (47375/50000) 
Test epoch: 87 | Loss: *0.338* | Acc: *89.550%* (8955/10000)
Train epoch: 88 | Loss: *0.145* | Acc: *95.040%* (47520/50000) 
Test epoch: 88 | Loss: *0.367* | Acc: *89.120%* (8912/10000)
Train epoch: 89 | Loss: *0.153* | Acc: *94.812%* (47406/50000) 
Test epoch: 89 | Loss: *0.374* | Acc: *89.020%* (8902/10000)
Train epoch: 90 | Loss: *0.143* | Acc: *95.048%* (47524/50000) 
Test epoch: 90 | Loss: *0.372* | Acc: *88.870%* (8887/10000)
Train epoch: 91 | Loss: *0.143* | Acc: *95.100%* (47550/50000) 
Test epoch: 91 | Loss: *0.336* | Acc: *90.170%* (9017/10000)
Train epoch: 92 | Loss: *0.141* | Acc: *95.186%* (47593/50000) 
Test epoch: 92 | Loss: *0.353* | Acc: *89.900%* (8990/10000)
Train epoch: 93 | Loss: *0.140* | Acc: *95.162%* (47581/50000) 
Test epoch: 93 | Loss: *0.360* | Acc: *89.720%* (8972/10000)
Train epoch: 94 | Loss: *0.138* | Acc: *95.232%* (47616/50000) 
Test epoch: 94 | Loss: *0.342* | Acc: *89.940%* (8994/10000)
Train epoch: 95 | Loss: *0.135* | Acc: *95.386%* (47693/50000) 
Test epoch: 95 | Loss: *0.391* | Acc: *89.270%* (8927/10000)
Train epoch: 96 | Loss: *0.134* | Acc: *95.470%* (47735/50000) 
Test epoch: 96 | Loss: *0.327* | Acc: *90.280%* (9028/10000)
Train epoch: 97 | Loss: *0.128* | Acc: *95.564%* (47782/50000) 
Test epoch: 97 | Loss: *0.342* | Acc: *90.440%* (9044/10000)
Train epoch: 98 | Loss: *0.128* | Acc: *95.624%* (47812/50000) 
Test epoch: 98 | Loss: *0.349* | Acc: *89.980%* (8998/10000)
Train epoch: 99 | Loss: *0.124* | Acc: *95.678%* (47839/50000) 
Test epoch: 99 | Loss: *0.335* | Acc: *90.500%* (9050/10000)
Train epoch: 100 | Loss: *0.122* | Acc: *95.796%* (47898/50000) 
Test epoch: 100 | Loss: *0.337* | Acc: *90.350%* (9035/10000)
Train epoch: 101 | Loss: *0.125* | Acc: *95.646%* (47823/50000) 
Test epoch: 101 | Loss: *0.325* | Acc: *90.290%* (9029/10000)
Train epoch: 102 | Loss: *0.116* | Acc: *96.050%* (48025/50000) 
Test epoch: 102 | Loss: *0.341* | Acc: *90.330%* (9033/10000)
Train epoch: 103 | Loss: *0.123* | Acc: *95.814%* (47907/50000) 
Test epoch: 103 | Loss: *0.350* | Acc: *90.220%* (9022/10000)
Train epoch: 104 | Loss: *0.120* | Acc: *95.926%* (47963/50000) 
Test epoch: 104 | Loss: *0.325* | Acc: *90.650%* (9065/10000)
Train epoch: 105 | Loss: *0.111* | Acc: *96.158%* (48079/50000) 
Test epoch: 105 | Loss: *0.348* | Acc: *90.010%* (9001/10000)
Train epoch: 106 | Loss: *0.111* | Acc: *96.286%* (48143/50000) 
Test epoch: 106 | Loss: *0.347* | Acc: *90.430%* (9043/10000)
Train epoch: 107 | Loss: *0.109* | Acc: *96.194%* (48097/50000) 
Test epoch: 107 | Loss: *0.342* | Acc: *90.330%* (9033/10000)
Train epoch: 108 | Loss: *0.107* | Acc: *96.258%* (48129/50000) 
Test epoch: 108 | Loss: *0.333* | Acc: *90.730%* (9073/10000)
Train epoch: 109 | Loss: *0.105* | Acc: *96.482%* (48241/50000) 
Test epoch: 109 | Loss: *0.318* | Acc: *91.180%* (9118/10000)
Train epoch: 110 | Loss: *0.102* | Acc: *96.476%* (48238/50000) 
Test epoch: 110 | Loss: *0.333* | Acc: *90.670%* (9067/10000)
Train epoch: 111 | Loss: *0.100* | Acc: *96.572%* (48286/50000) 
Test epoch: 111 | Loss: *0.326* | Acc: *90.620%* (9062/10000)
Train epoch: 112 | Loss: *0.101* | Acc: *96.548%* (48274/50000) 
Test epoch: 112 | Loss: *0.326* | Acc: *90.680%* (9068/10000)
Train epoch: 113 | Loss: *0.097* | Acc: *96.658%* (48329/50000) 
Test epoch: 113 | Loss: *0.332* | Acc: *90.800%* (9080/10000)
Train epoch: 114 | Loss: *0.094* | Acc: *96.884%* (48442/50000) 
Test epoch: 114 | Loss: *0.380* | Acc: *90.060%* (9006/10000)
Train epoch: 115 | Loss: *0.094* | Acc: *96.844%* (48422/50000) 
Test epoch: 115 | Loss: *0.356* | Acc: *90.330%* (9033/10000)
Train epoch: 116 | Loss: *0.092* | Acc: *96.928%* (48464/50000) 
Test epoch: 116 | Loss: *0.328* | Acc: *90.740%* (9074/10000)
Train epoch: 117 | Loss: *0.089* | Acc: *97.016%* (48508/50000) 
Test epoch: 117 | Loss: *0.325* | Acc: *91.280%* (9128/10000)
Train epoch: 118 | Loss: *0.090* | Acc: *96.950%* (48475/50000) 
Test epoch: 118 | Loss: *0.354* | Acc: *90.540%* (9054/10000)
Train epoch: 119 | Loss: *0.081* | Acc: *97.310%* (48655/50000) 
Test epoch: 119 | Loss: *0.348* | Acc: *90.290%* (9029/10000)
Train epoch: 120 | Loss: *0.080* | Acc: *97.300%* (48650/50000) 
Test epoch: 120 | Loss: *0.361* | Acc: *90.320%* (9032/10000)
Train epoch: 121 | Loss: *0.083* | Acc: *97.152%* (48576/50000) 
Test epoch: 121 | Loss: *0.346* | Acc: *90.550%* (9055/10000)
Train epoch: 122 | Loss: *0.079* | Acc: *97.434%* (48717/50000) 
Test epoch: 122 | Loss: *0.319* | Acc: *91.390%* (9139/10000)
Train epoch: 123 | Loss: *0.076* | Acc: *97.440%* (48720/50000) 
Test epoch: 123 | Loss: *0.341* | Acc: *91.020%* (9102/10000)
Train epoch: 124 | Loss: *0.076* | Acc: *97.524%* (48762/50000) 
Test epoch: 124 | Loss: *0.344* | Acc: *90.740%* (9074/10000)
Train epoch: 125 | Loss: *0.073* | Acc: *97.552%* (48776/50000) 
Test epoch: 125 | Loss: *0.331* | Acc: *91.170%* (9117/10000)
Train epoch: 126 | Loss: *0.069* | Acc: *97.750%* (48875/50000) 
Test epoch: 126 | Loss: *0.344* | Acc: *91.110%* (9111/10000)
Train epoch: 127 | Loss: *0.066* | Acc: *97.850%* (48925/50000) 
Test epoch: 127 | Loss: *0.358* | Acc: *90.510%* (9051/10000)
Train epoch: 128 | Loss: *0.068* | Acc: *97.746%* (48873/50000) 
Test epoch: 128 | Loss: *0.348* | Acc: *90.940%* (9094/10000)
Train epoch: 129 | Loss: *0.061* | Acc: *98.032%* (49016/50000) 
Test epoch: 129 | Loss: *0.340* | Acc: *91.070%* (9107/10000)
Train epoch: 130 | Loss: *0.068* | Acc: *97.726%* (48863/50000) 
Test epoch: 130 | Loss: *0.344* | Acc: *90.850%* (9085/10000)
Train epoch: 131 | Loss: *0.062* | Acc: *97.944%* (48972/50000) 
Test epoch: 131 | Loss: *0.372* | Acc: *90.250%* (9025/10000)
Train epoch: 132 | Loss: *0.060* | Acc: *98.068%* (49034/50000) 
Test epoch: 132 | Loss: *0.356* | Acc: *90.880%* (9088/10000)
Train epoch: 133 | Loss: *0.058* | Acc: *98.168%* (49084/50000) 
Test epoch: 133 | Loss: *0.341* | Acc: *90.940%* (9094/10000)
Train epoch: 134 | Loss: *0.057* | Acc: *98.106%* (49053/50000) 
Test epoch: 134 | Loss: *0.333* | Acc: *91.390%* (9139/10000)
Train epoch: 135 | Loss: *0.055* | Acc: *98.276%* (49138/50000) 
Test epoch: 135 | Loss: *0.344* | Acc: *91.030%* (9103/10000)
Train epoch: 136 | Loss: *0.055* | Acc: *98.252%* (49126/50000) 
Test epoch: 136 | Loss: *0.327* | Acc: *91.450%* (9145/10000)
Train epoch: 137 | Loss: *0.054* | Acc: *98.278%* (49139/50000) 
Test epoch: 137 | Loss: *0.343* | Acc: *90.930%* (9093/10000)
Train epoch: 138 | Loss: *0.049* | Acc: *98.462%* (49231/50000) 
Test epoch: 138 | Loss: *0.341* | Acc: *91.290%* (9129/10000)
Train epoch: 139 | Loss: *0.048* | Acc: *98.482%* (49241/50000) 
Test epoch: 139 | Loss: *0.337* | Acc: *91.580%* (9158/10000)
Train epoch: 140 | Loss: *0.048* | Acc: *98.500%* (49250/50000) 
Test epoch: 140 | Loss: *0.320* | Acc: *91.710%* (9171/10000)
Train epoch: 141 | Loss: *0.044* | Acc: *98.628%* (49314/50000) 
Test epoch: 141 | Loss: *0.342* | Acc: *91.160%* (9116/10000)
Train epoch: 142 | Loss: *0.042* | Acc: *98.764%* (49382/50000) 
Test epoch: 142 | Loss: *0.350* | Acc: *91.170%* (9117/10000)
Train epoch: 143 | Loss: *0.043* | Acc: *98.706%* (49353/50000) 
Test epoch: 143 | Loss: *0.336* | Acc: *91.350%* (9135/10000)
Train epoch: 144 | Loss: *0.040* | Acc: *98.754%* (49377/50000) 
Test epoch: 144 | Loss: *0.333* | Acc: *91.510%* (9151/10000)
Train epoch: 145 | Loss: *0.037* | Acc: *98.876%* (49438/50000) 
Test epoch: 145 | Loss: *0.346* | Acc: *91.180%* (9118/10000)
Train epoch: 146 | Loss: *0.038* | Acc: *98.850%* (49425/50000) 
Test epoch: 146 | Loss: *0.355* | Acc: *90.890%* (9089/10000)
Train epoch: 147 | Loss: *0.036* | Acc: *98.910%* (49455/50000) 
Test epoch: 147 | Loss: *0.335* | Acc: *91.480%* (9148/10000)
Train epoch: 148 | Loss: *0.035* | Acc: *98.974%* (49487/50000) 
Test epoch: 148 | Loss: *0.337* | Acc: *91.460%* (9146/10000)
Train epoch: 149 | Loss: *0.034* | Acc: *99.040%* (49520/50000) 
Test epoch: 149 | Loss: *0.334* | Acc: *91.640%* (9164/10000)
Train epoch: 150 | Loss: *0.031* | Acc: *99.134%* (49567/50000) 
Test epoch: 150 | Loss: *0.327* | Acc: *91.850%* (9185/10000)
Train epoch: 151 | Loss: *0.030* | Acc: *99.156%* (49578/50000) 
Test epoch: 151 | Loss: *0.338* | Acc: *91.640%* (9164/10000)
Train epoch: 152 | Loss: *0.030* | Acc: *99.200%* (49600/50000) 
Test epoch: 152 | Loss: *0.335* | Acc: *91.780%* (9178/10000)
Train epoch: 153 | Loss: *0.027* | Acc: *99.278%* (49639/50000) 
Test epoch: 153 | Loss: *0.328* | Acc: *91.990%* (9199/10000)
Train epoch: 154 | Loss: *0.027* | Acc: *99.250%* (49625/50000) 
Test epoch: 154 | Loss: *0.329* | Acc: *91.760%* (9176/10000)
Train epoch: 155 | Loss: *0.025* | Acc: *99.324%* (49662/50000) 
Test epoch: 155 | Loss: *0.330* | Acc: *91.870%* (9187/10000)
Train epoch: 156 | Loss: *0.024* | Acc: *99.362%* (49681/50000) 
Test epoch: 156 | Loss: *0.338* | Acc: *91.740%* (9174/10000)
Train epoch: 157 | Loss: *0.026* | Acc: *99.296%* (49648/50000) 
Test epoch: 157 | Loss: *0.340* | Acc: *91.730%* (9173/10000)
Train epoch: 158 | Loss: *0.024* | Acc: *99.342%* (49671/50000) 
Test epoch: 158 | Loss: *0.325* | Acc: *91.860%* (9186/10000)
Train epoch: 159 | Loss: *0.022* | Acc: *99.438%* (49719/50000) 
Test epoch: 159 | Loss: *0.338* | Acc: *91.820%* (9182/10000)
Train epoch: 160 | Loss: *0.022* | Acc: *99.428%* (49714/50000) 
Test epoch: 160 | Loss: *0.356* | Acc: *91.490%* (9149/10000)
Train epoch: 161 | Loss: *0.021* | Acc: *99.464%* (49732/50000) 
Test epoch: 161 | Loss: *0.346* | Acc: *91.920%* (9192/10000)
Train epoch: 162 | Loss: *0.020* | Acc: *99.510%* (49755/50000) 
Test epoch: 162 | Loss: *0.339* | Acc: *91.880%* (9188/10000)
Train epoch: 163 | Loss: *0.018* | Acc: *99.582%* (49791/50000) 
Test epoch: 163 | Loss: *0.332* | Acc: *92.030%* (9203/10000)
Train epoch: 164 | Loss: *0.016* | Acc: *99.650%* (49825/50000) 
Test epoch: 164 | Loss: *0.320* | Acc: *92.090%* (9209/10000)
Train epoch: 165 | Loss: *0.018* | Acc: *99.594%* (49797/50000) 
Test epoch: 165 | Loss: *0.317* | Acc: *92.270%* (9227/10000)
Train epoch: 166 | Loss: *0.016* | Acc: *99.642%* (49821/50000) 
Test epoch: 166 | Loss: *0.327* | Acc: *92.100%* (9210/10000)
Train epoch: 167 | Loss: *0.016* | Acc: *99.624%* (49812/50000) 
Test epoch: 167 | Loss: *0.321* | Acc: *92.180%* (9218/10000)
Train epoch: 168 | Loss: *0.015* | Acc: *99.710%* (49855/50000) 
Test epoch: 168 | Loss: *0.320* | Acc: *92.030%* (9203/10000)
Train epoch: 169 | Loss: *0.014* | Acc: *99.730%* (49865/50000) 
Test epoch: 169 | Loss: *0.322* | Acc: *92.130%* (9213/10000)
Train epoch: 170 | Loss: *0.014* | Acc: *99.704%* (49852/50000) 
Test epoch: 170 | Loss: *0.320* | Acc: *92.350%* (9235/10000)
Train epoch: 171 | Loss: *0.015* | Acc: *99.724%* (49862/50000) 
Test epoch: 171 | Loss: *0.323* | Acc: *92.270%* (9227/10000)
Train epoch: 172 | Loss: *0.014* | Acc: *99.730%* (49865/50000) 
Test epoch: 172 | Loss: *0.322* | Acc: *92.220%* (9222/10000)
Train epoch: 173 | Loss: *0.013* | Acc: *99.774%* (49887/50000) 
Test epoch: 173 | Loss: *0.321* | Acc: *92.140%* (9214/10000)
Train epoch: 174 | Loss: *0.012* | Acc: *99.802%* (49901/50000) 
Test epoch: 174 | Loss: *0.315* | Acc: *92.320%* (9232/10000)
Train epoch: 175 | Loss: *0.011* | Acc: *99.824%* (49912/50000) 
Test epoch: 175 | Loss: *0.317* | Acc: *92.380%* (9238/10000)
Train epoch: 176 | Loss: *0.011* | Acc: *99.804%* (49902/50000) 
Test epoch: 176 | Loss: *0.314* | Acc: *92.430%* (9243/10000)
Train epoch: 177 | Loss: *0.011* | Acc: *99.842%* (49921/50000) 
Test epoch: 177 | Loss: *0.326* | Acc: *92.210%* (9221/10000)
Train epoch: 178 | Loss: *0.011* | Acc: *99.796%* (49898/50000) 
Test epoch: 178 | Loss: *0.316* | Acc: *92.530%* (9253/10000)
Train epoch: 179 | Loss: *0.010* | Acc: *99.868%* (49934/50000) 
Test epoch: 179 | Loss: *0.313* | Acc: *92.280%* (9228/10000)
Train epoch: 180 | Loss: *0.010* | Acc: *99.888%* (49944/50000) 
Test epoch: 180 | Loss: *0.317* | Acc: *92.440%* (9244/10000)
Train epoch: 181 | Loss: *0.010* | Acc: *99.844%* (49922/50000) 
Test epoch: 181 | Loss: *0.315* | Acc: *92.310%* (9231/10000)
Train epoch: 182 | Loss: *0.010* | Acc: *99.898%* (49949/50000) 
Test epoch: 182 | Loss: *0.321* | Acc: *92.250%* (9225/10000)
Train epoch: 183 | Loss: *0.009* | Acc: *99.876%* (49938/50000) 
Test epoch: 183 | Loss: *0.321* | Acc: *92.260%* (9226/10000)
Train epoch: 184 | Loss: *0.009* | Acc: *99.916%* (49958/50000) 
Test epoch: 184 | Loss: *0.315* | Acc: *92.360%* (9236/10000)
Train epoch: 185 | Loss: *0.009* | Acc: *99.898%* (49949/50000) 
Test epoch: 185 | Loss: *0.314* | Acc: *92.310%* (9231/10000)
Train epoch: 186 | Loss: *0.009* | Acc: *99.894%* (49947/50000) 
Test epoch: 186 | Loss: *0.317* | Acc: *92.350%* (9235/10000)
Train epoch: 187 | Loss: *0.009* | Acc: *99.904%* (49952/50000) 
Test epoch: 187 | Loss: *0.311* | Acc: *92.360%* (9236/10000)
Train epoch: 188 | Loss: *0.008* | Acc: *99.900%* (49950/50000) 
Test epoch: 188 | Loss: *0.311* | Acc: *92.260%* (9226/10000)
Train epoch: 189 | Loss: *0.008* | Acc: *99.900%* (49950/50000) 
Test epoch: 189 | Loss: *0.309* | Acc: *92.420%* (9242/10000)
Train epoch: 190 | Loss: *0.008* | Acc: *99.912%* (49956/50000) 
Test epoch: 190 | Loss: *0.312* | Acc: *92.380%* (9238/10000)
Train epoch: 191 | Loss: *0.009* | Acc: *99.894%* (49947/50000) 
Test epoch: 191 | Loss: *0.312* | Acc: *92.470%* (9247/10000)
Train epoch: 192 | Loss: *0.008* | Acc: *99.908%* (49954/50000) 
Test epoch: 192 | Loss: *0.312* | Acc: *92.370%* (9237/10000)
Train epoch: 193 | Loss: *0.008* | Acc: *99.928%* (49964/50000) 
Test epoch: 193 | Loss: *0.312* | Acc: *92.420%* (9242/10000)
Train epoch: 194 | Loss: *0.008* | Acc: *99.924%* (49962/50000) 
Test epoch: 194 | Loss: *0.310* | Acc: *92.500%* (9250/10000)
Train epoch: 195 | Loss: *0.008* | Acc: *99.928%* (49964/50000) 
Test epoch: 195 | Loss: *0.313* | Acc: *92.400%* (9240/10000)
Train epoch: 196 | Loss: *0.008* | Acc: *99.932%* (49966/50000) 
Test epoch: 196 | Loss: *0.309* | Acc: *92.370%* (9237/10000)
Train epoch: 197 | Loss: *0.007* | Acc: *99.938%* (49969/50000) 
Test epoch: 197 | Loss: *0.311* | Acc: *92.390%* (9239/10000)
Train epoch: 198 | Loss: *0.007* | Acc: *99.926%* (49963/50000) 
Test epoch: 198 | Loss: *0.311* | Acc: *92.440%* (9244/10000)
Train epoch: 199 | Loss: *0.008* | Acc: *99.938%* (49969/50000) 
Test epoch: 199 | Loss: *0.311* | Acc: *92.420%* (9242/10000)
Train epoch: 200 | Loss: *0.007* | Acc: *99.954%* (49977/50000) 
Test epoch: 200 | Loss: *0.316* | Acc: *92.360%* (9236/10000)
Train epoch: 201 | Loss: *0.008* | Acc: *99.930%* (49965/50000) 
Test epoch: 201 | Loss: *0.311* | Acc: *92.380%* (9238/10000)
Train epoch: 202 | Loss: *0.008* | Acc: *99.918%* (49959/50000) 
Test epoch: 202 | Loss: *0.311* | Acc: *92.400%* (9240/10000)
Train epoch: 203 | Loss: *0.008* | Acc: *99.950%* (49975/50000) 
Test epoch: 203 | Loss: *0.311* | Acc: *92.420%* (9242/10000)
Train epoch: 204 | Loss: *0.008* | Acc: *99.942%* (49971/50000) 
Test epoch: 204 | Loss: *0.313* | Acc: *92.300%* (9230/10000)
Train epoch: 205 | Loss: *0.008* | Acc: *99.934%* (49967/50000) 
Test epoch: 205 | Loss: *0.309* | Acc: *92.400%* (9240/10000)
Train epoch: 206 | Loss: *0.008* | Acc: *99.930%* (49965/50000) 
Test epoch: 206 | Loss: *0.312* | Acc: *92.370%* (9237/10000)
Train epoch: 207 | Loss: *0.008* | Acc: *99.944%* (49972/50000) 
Test epoch: 207 | Loss: *0.311* | Acc: *92.500%* (9250/10000)
Train epoch: 208 | Loss: *0.008* | Acc: *99.940%* (49970/50000) 
Test epoch: 208 | Loss: *0.313* | Acc: *92.370%* (9237/10000)
Train epoch: 209 | Loss: *0.008* | Acc: *99.928%* (49964/50000) 
Test epoch: 209 | Loss: *0.309* | Acc: *92.530%* (9253/10000)
Train epoch: 210 | Loss: *0.008* | Acc: *99.930%* (49965/50000) 
Test epoch: 210 | Loss: *0.309* | Acc: *92.570%* (9257/10000)
Train epoch: 211 | Loss: *0.007* | Acc: *99.930%* (49965/50000) 
Test epoch: 211 | Loss: *0.310* | Acc: *92.470%* (9247/10000)
Train epoch: 212 | Loss: *0.008* | Acc: *99.904%* (49952/50000) 
Test epoch: 212 | Loss: *0.313* | Acc: *92.450%* (9245/10000)
Train epoch: 213 | Loss: *0.008* | Acc: *99.938%* (49969/50000) 
Test epoch: 213 | Loss: *0.311* | Acc: *92.500%* (9250/10000)
Train epoch: 214 | Loss: *0.007* | Acc: *99.936%* (49968/50000) 
Test epoch: 214 | Loss: *0.314* | Acc: *92.480%* (9248/10000)
Train epoch: 215 | Loss: *0.008* | Acc: *99.918%* (49959/50000) 
Test epoch: 215 | Loss: *0.312* | Acc: *92.510%* (9251/10000)
Train epoch: 216 | Loss: *0.008* | Acc: *99.914%* (49957/50000) 
Test epoch: 216 | Loss: *0.313* | Acc: *92.590%* (9259/10000)
Train epoch: 217 | Loss: *0.008* | Acc: *99.928%* (49964/50000) 
Test epoch: 217 | Loss: *0.311* | Acc: *92.500%* (9250/10000)
Train epoch: 218 | Loss: *0.008* | Acc: *99.918%* (49959/50000) 
Test epoch: 218 | Loss: *0.312* | Acc: *92.460%* (9246/10000)
Train epoch: 219 | Loss: *0.009* | Acc: *99.910%* (49955/50000) 
Test epoch: 219 | Loss: *0.319* | Acc: *92.350%* (9235/10000)
Train epoch: 220 | Loss: *0.009* | Acc: *99.910%* (49955/50000) 
Test epoch: 220 | Loss: *0.317* | Acc: *92.270%* (9227/10000)
Train epoch: 221 | Loss: *0.009* | Acc: *99.922%* (49961/50000) 
Test epoch: 221 | Loss: *0.318* | Acc: *92.320%* (9232/10000)
Train epoch: 222 | Loss: *0.009* | Acc: *99.908%* (49954/50000) 
Test epoch: 222 | Loss: *0.316* | Acc: *92.430%* (9243/10000)
Train epoch: 223 | Loss: *0.009* | Acc: *99.916%* (49958/50000) 
Test epoch: 223 | Loss: *0.311* | Acc: *92.360%* (9236/10000)
Train epoch: 224 | Loss: *0.009* | Acc: *99.880%* (49940/50000) 
Test epoch: 224 | Loss: *0.313* | Acc: *92.270%* (9227/10000)
Train epoch: 225 | Loss: *0.010* | Acc: *99.862%* (49931/50000) 
Test epoch: 225 | Loss: *0.314* | Acc: *92.420%* (9242/10000)
Train epoch: 226 | Loss: *0.010* | Acc: *99.896%* (49948/50000) 
Test epoch: 226 | Loss: *0.313* | Acc: *92.240%* (9224/10000)
Train epoch: 227 | Loss: *0.010* | Acc: *99.892%* (49946/50000) 
Test epoch: 227 | Loss: *0.319* | Acc: *92.260%* (9226/10000)
Train epoch: 228 | Loss: *0.010* | Acc: *99.872%* (49936/50000) 
Test epoch: 228 | Loss: *0.315* | Acc: *92.190%* (9219/10000)
Train epoch: 229 | Loss: *0.012* | Acc: *99.818%* (49909/50000) 
Test epoch: 229 | Loss: *0.319* | Acc: *92.180%* (9218/10000)
Train epoch: 230 | Loss: *0.012* | Acc: *99.806%* (49903/50000) 
Test epoch: 230 | Loss: *0.326* | Acc: *92.180%* (9218/10000)
Train epoch: 231 | Loss: *0.013* | Acc: *99.820%* (49910/50000) 
Test epoch: 231 | Loss: *0.325* | Acc: *92.200%* (9220/10000)
Train epoch: 232 | Loss: *0.013* | Acc: *99.814%* (49907/50000) 
Test epoch: 232 | Loss: *0.313* | Acc: *92.320%* (9232/10000)
Train epoch: 233 | Loss: *0.013* | Acc: *99.764%* (49882/50000) 
Test epoch: 233 | Loss: *0.326* | Acc: *92.090%* (9209/10000)
Train epoch: 234 | Loss: *0.014* | Acc: *99.780%* (49890/50000) 
Test epoch: 234 | Loss: *0.333* | Acc: *92.040%* (9204/10000)
Train epoch: 235 | Loss: *0.016* | Acc: *99.708%* (49854/50000) 
Test epoch: 235 | Loss: *0.326* | Acc: *91.980%* (9198/10000)
Train epoch: 236 | Loss: *0.017* | Acc: *99.634%* (49817/50000) 
Test epoch: 236 | Loss: *0.337* | Acc: *92.130%* (9213/10000)
Train epoch: 237 | Loss: *0.017* | Acc: *99.664%* (49832/50000) 
Test epoch: 237 | Loss: *0.337* | Acc: *91.850%* (9185/10000)
Train epoch: 238 | Loss: *0.018* | Acc: *99.612%* (49806/50000) 
Test epoch: 238 | Loss: *0.342* | Acc: *91.700%* (9170/10000)
Train epoch: 239 | Loss: *0.020* | Acc: *99.544%* (49772/50000) 
Test epoch: 239 | Loss: *0.350* | Acc: *91.590%* (9159/10000)
Train epoch: 240 | Loss: *0.020* | Acc: *99.508%* (49754/50000) 
Test epoch: 240 | Loss: *0.347* | Acc: *91.940%* (9194/10000)
Train epoch: 241 | Loss: *0.021* | Acc: *99.438%* (49719/50000) 
Test epoch: 241 | Loss: *0.332* | Acc: *92.090%* (9209/10000)
Train epoch: 242 | Loss: *0.023* | Acc: *99.400%* (49700/50000) 
Test epoch: 242 | Loss: *0.342* | Acc: *91.650%* (9165/10000)
Train epoch: 243 | Loss: *0.022* | Acc: *99.434%* (49717/50000) 
Test epoch: 243 | Loss: *0.353* | Acc: *91.480%* (9148/10000)
Train epoch: 244 | Loss: *0.026* | Acc: *99.310%* (49655/50000) 
Test epoch: 244 | Loss: *0.341* | Acc: *91.870%* (9187/10000)
Train epoch: 245 | Loss: *0.024* | Acc: *99.366%* (49683/50000) 
Test epoch: 245 | Loss: *0.349* | Acc: *91.790%* (9179/10000)
Train epoch: 246 | Loss: *0.028* | Acc: *99.192%* (49596/50000) 
Test epoch: 246 | Loss: *0.369* | Acc: *91.210%* (9121/10000)
Train epoch: 247 | Loss: *0.029* | Acc: *99.196%* (49598/50000) 
Test epoch: 247 | Loss: *0.347* | Acc: *91.690%* (9169/10000)
Train epoch: 248 | Loss: *0.028* | Acc: *99.238%* (49619/50000) 
Test epoch: 248 | Loss: *0.356* | Acc: *91.550%* (9155/10000)
Train epoch: 249 | Loss: *0.034* | Acc: *99.010%* (49505/50000) 
Test epoch: 249 | Loss: *0.347* | Acc: *91.520%* (9152/10000)
Train epoch: 250 | Loss: *0.033* | Acc: *99.044%* (49522/50000) 
Test epoch: 250 | Loss: *0.364* | Acc: *91.170%* (9117/10000)
Train epoch: 251 | Loss: *0.036* | Acc: *98.936%* (49468/50000) 
Test epoch: 251 | Loss: *0.351* | Acc: *91.080%* (9108/10000)
Train epoch: 252 | Loss: *0.040* | Acc: *98.768%* (49384/50000) 
Test epoch: 252 | Loss: *0.362* | Acc: *90.980%* (9098/10000)
Train epoch: 253 | Loss: *0.038* | Acc: *98.822%* (49411/50000) 
Test epoch: 253 | Loss: *0.340* | Acc: *91.310%* (9131/10000)
Train epoch: 254 | Loss: *0.040* | Acc: *98.764%* (49382/50000) 
Test epoch: 254 | Loss: *0.354* | Acc: *91.330%* (9133/10000)
Train epoch: 255 | Loss: *0.042* | Acc: *98.738%* (49369/50000) 
Test epoch: 255 | Loss: *0.366* | Acc: *90.990%* (9099/10000)
Train epoch: 256 | Loss: *0.046* | Acc: *98.536%* (49268/50000) 
Test epoch: 256 | Loss: *0.363* | Acc: *91.080%* (9108/10000)
Train epoch: 257 | Loss: *0.048* | Acc: *98.498%* (49249/50000) 
Test epoch: 257 | Loss: *0.359* | Acc: *90.910%* (9091/10000)
Train epoch: 258 | Loss: *0.046* | Acc: *98.572%* (49286/50000) 
Test epoch: 258 | Loss: *0.366* | Acc: *90.930%* (9093/10000)
Train epoch: 259 | Loss: *0.049* | Acc: *98.398%* (49199/50000) 
Test epoch: 259 | Loss: *0.362* | Acc: *91.240%* (9124/10000)
Train epoch: 260 | Loss: *0.051* | Acc: *98.354%* (49177/50000) 
Test epoch: 260 | Loss: *0.361* | Acc: *91.070%* (9107/10000)
Train epoch: 261 | Loss: *0.054* | Acc: *98.252%* (49126/50000) 
Test epoch: 261 | Loss: *0.384* | Acc: *90.440%* (9044/10000)
Train epoch: 262 | Loss: *0.056* | Acc: *98.220%* (49110/50000) 
Test epoch: 262 | Loss: *0.352* | Acc: *90.800%* (9080/10000)
Train epoch: 263 | Loss: *0.054* | Acc: *98.230%* (49115/50000) 
Test epoch: 263 | Loss: *0.352* | Acc: *91.400%* (9140/10000)
Train epoch: 264 | Loss: *0.055* | Acc: *98.258%* (49129/50000) 
Test epoch: 264 | Loss: *0.362* | Acc: *90.940%* (9094/10000)
Train epoch: 265 | Loss: *0.060* | Acc: *98.056%* (49028/50000) 
Test epoch: 265 | Loss: *0.380* | Acc: *90.550%* (9055/10000)
Train epoch: 266 | Loss: *0.065* | Acc: *97.820%* (48910/50000) 
Test epoch: 266 | Loss: *0.354* | Acc: *90.710%* (9071/10000)
Train epoch: 267 | Loss: *0.060* | Acc: *98.020%* (49010/50000) 
Test epoch: 267 | Loss: *0.358* | Acc: *90.770%* (9077/10000)
Train epoch: 268 | Loss: *0.066* | Acc: *97.854%* (48927/50000) 
Test epoch: 268 | Loss: *0.397* | Acc: *90.020%* (9002/10000)
Train epoch: 269 | Loss: *0.068* | Acc: *97.680%* (48840/50000) 
Test epoch: 269 | Loss: *0.371* | Acc: *90.850%* (9085/10000)
Train epoch: 270 | Loss: *0.072* | Acc: *97.640%* (48820/50000) 
Test epoch: 270 | Loss: *0.375* | Acc: *90.480%* (9048/10000)
Train epoch: 271 | Loss: *0.073* | Acc: *97.602%* (48801/50000) 
Test epoch: 271 | Loss: *0.375* | Acc: *90.490%* (9049/10000)
Train epoch: 272 | Loss: *0.072* | Acc: *97.620%* (48810/50000) 
Test epoch: 272 | Loss: *0.383* | Acc: *90.300%* (9030/10000)
Train epoch: 273 | Loss: *0.074* | Acc: *97.498%* (48749/50000) 
Test epoch: 273 | Loss: *0.397* | Acc: *90.030%* (9003/10000)
Train epoch: 274 | Loss: *0.077* | Acc: *97.400%* (48700/50000) 
Test epoch: 274 | Loss: *0.355* | Acc: *90.680%* (9068/10000)
Train epoch: 275 | Loss: *0.077* | Acc: *97.358%* (48679/50000) 
Test epoch: 275 | Loss: *0.362* | Acc: *90.470%* (9047/10000)
Train epoch: 276 | Loss: *0.080* | Acc: *97.330%* (48665/50000) 
Test epoch: 276 | Loss: *0.361* | Acc: *90.520%* (9052/10000)
Train epoch: 277 | Loss: *0.082* | Acc: *97.184%* (48592/50000) 
Test epoch: 277 | Loss: *0.377* | Acc: *89.700%* (8970/10000)
Train epoch: 278 | Loss: *0.082* | Acc: *97.248%* (48624/50000) 
Test epoch: 278 | Loss: *0.367* | Acc: *90.380%* (9038/10000)
Train epoch: 279 | Loss: *0.084* | Acc: *97.184%* (48592/50000) 
Test epoch: 279 | Loss: *0.372* | Acc: *90.390%* (9039/10000)
Train epoch: 280 | Loss: *0.087* | Acc: *97.070%* (48535/50000) 
Test epoch: 280 | Loss: *0.366* | Acc: *90.150%* (9015/10000)
Train epoch: 281 | Loss: *0.089* | Acc: *97.008%* (48504/50000) 
Test epoch: 281 | Loss: *0.388* | Acc: *89.890%* (8989/10000)
Train epoch: 282 | Loss: *0.089* | Acc: *97.012%* (48506/50000) 
Test epoch: 282 | Loss: *0.367* | Acc: *90.110%* (9011/10000)
Train epoch: 283 | Loss: *0.094* | Acc: *96.716%* (48358/50000) 
Test epoch: 283 | Loss: *0.363* | Acc: *90.070%* (9007/10000)
Train epoch: 284 | Loss: *0.090* | Acc: *96.986%* (48493/50000) 
Test epoch: 284 | Loss: *0.361* | Acc: *89.810%* (8981/10000)
Train epoch: 285 | Loss: *0.096* | Acc: *96.700%* (48350/50000) 
Test epoch: 285 | Loss: *0.359* | Acc: *90.080%* (9008/10000)
Train epoch: 286 | Loss: *0.093* | Acc: *96.888%* (48444/50000) 
Test epoch: 286 | Loss: *0.342* | Acc: *90.330%* (9033/10000)
Train epoch: 287 | Loss: *0.095* | Acc: *96.822%* (48411/50000) 
Test epoch: 287 | Loss: *0.349* | Acc: *90.510%* (9051/10000)
Train epoch: 288 | Loss: *0.099* | Acc: *96.628%* (48314/50000) 
Test epoch: 288 | Loss: *0.378* | Acc: *90.000%* (9000/10000)
Train epoch: 289 | Loss: *0.101* | Acc: *96.574%* (48287/50000) 
Test epoch: 289 | Loss: *0.359* | Acc: *89.950%* (8995/10000)
Train epoch: 290 | Loss: *0.100* | Acc: *96.624%* (48312/50000) 
Test epoch: 290 | Loss: *0.346* | Acc: *90.530%* (9053/10000)
Train epoch: 291 | Loss: *0.102* | Acc: *96.524%* (48262/50000) 
Test epoch: 291 | Loss: *0.392* | Acc: *89.140%* (8914/10000)
Train epoch: 292 | Loss: *0.100* | Acc: *96.598%* (48299/50000) 
Test epoch: 292 | Loss: *0.363* | Acc: *90.130%* (9013/10000)
Train epoch: 293 | Loss: *0.106* | Acc: *96.408%* (48204/50000) 
Test epoch: 293 | Loss: *0.361* | Acc: *89.800%* (8980/10000)
Train epoch: 294 | Loss: *0.107* | Acc: *96.346%* (48173/50000) 
Test epoch: 294 | Loss: *0.368* | Acc: *89.780%* (8978/10000)
Train epoch: 295 | Loss: *0.112* | Acc: *96.170%* (48085/50000) 
Test epoch: 295 | Loss: *0.383* | Acc: *89.340%* (8934/10000)
Train epoch: 296 | Loss: *0.109* | Acc: *96.262%* (48131/50000) 
Test epoch: 296 | Loss: *0.352* | Acc: *90.540%* (9054/10000)
Train epoch: 297 | Loss: *0.110* | Acc: *96.176%* (48088/50000) 
Test epoch: 297 | Loss: *0.350* | Acc: *90.310%* (9031/10000)
Train epoch: 298 | Loss: *0.114* | Acc: *96.102%* (48051/50000) 
Test epoch: 298 | Loss: *0.357* | Acc: *90.020%* (9002/10000)
Train epoch: 299 | Loss: *0.114* | Acc: *96.082%* (48041/50000) 
Test epoch: 299 | Loss: *0.435* | Acc: *88.360%* (8836/10000)
Train epoch: 300 | Loss: *0.106* | Acc: *96.350%* (48175/50000) 
Test epoch: 300 | Loss: *0.364* | Acc: *89.970%* (8997/10000)
Train epoch: 301 | Loss: *0.116* | Acc: *95.964%* (47982/50000) 
Test epoch: 301 | Loss: *0.387* | Acc: *89.500%* (8950/10000)
Train epoch: 302 | Loss: *0.120* | Acc: *95.934%* (47967/50000) 
Test epoch: 302 | Loss: *0.366* | Acc: *89.290%* (8929/10000)
Train epoch: 303 | Loss: *0.119* | Acc: *95.962%* (47981/50000) 
Test epoch: 303 | Loss: *0.368* | Acc: *89.820%* (8982/10000)
Train epoch: 304 | Loss: *0.116* | Acc: *96.070%* (48035/50000) 
Test epoch: 304 | Loss: *0.352* | Acc: *90.010%* (9001/10000)
Train epoch: 305 | Loss: *0.120* | Acc: *95.896%* (47948/50000) 
Test epoch: 305 | Loss: *0.357* | Acc: *90.160%* (9016/10000)
Train epoch: 306 | Loss: *0.120* | Acc: *95.968%* (47984/50000) 
Test epoch: 306 | Loss: *0.393* | Acc: *89.750%* (8975/10000)
Train epoch: 307 | Loss: *0.124* | Acc: *95.788%* (47894/50000) 
Test epoch: 307 | Loss: *0.359* | Acc: *89.950%* (8995/10000)
Train epoch: 308 | Loss: *0.126* | Acc: *95.664%* (47832/50000) 
Test epoch: 308 | Loss: *0.393* | Acc: *89.300%* (8930/10000)
Train epoch: 309 | Loss: *0.132* | Acc: *95.368%* (47684/50000) 
Test epoch: 309 | Loss: *0.374* | Acc: *89.470%* (8947/10000)
Train epoch: 310 | Loss: *0.124* | Acc: *95.802%* (47901/50000) 
Test epoch: 310 | Loss: *0.373* | Acc: *89.470%* (8947/10000)
Train epoch: 311 | Loss: *0.123* | Acc: *95.808%* (47904/50000) 
Test epoch: 311 | Loss: *0.356* | Acc: *90.150%* (9015/10000)
Train epoch: 312 | Loss: *0.131* | Acc: *95.572%* (47786/50000) 
Test epoch: 312 | Loss: *0.375* | Acc: *89.270%* (8927/10000)
Train epoch: 313 | Loss: *0.134* | Acc: *95.362%* (47681/50000) 
Test epoch: 313 | Loss: *0.371* | Acc: *89.220%* (8922/10000)
Train epoch: 314 | Loss: *0.130* | Acc: *95.502%* (47751/50000) 
Test epoch: 314 | Loss: *0.357* | Acc: *89.670%* (8967/10000)
Train epoch: 315 | Loss: *0.130* | Acc: *95.532%* (47766/50000) 
Test epoch: 315 | Loss: *0.373* | Acc: *89.530%* (8953/10000)
Train epoch: 316 | Loss: *0.138* | Acc: *95.228%* (47614/50000) 
Test epoch: 316 | Loss: *0.357* | Acc: *89.610%* (8961/10000)
Train epoch: 317 | Loss: *0.136* | Acc: *95.200%* (47600/50000) 
Test epoch: 317 | Loss: *0.369* | Acc: *89.360%* (8936/10000)
Train epoch: 318 | Loss: *0.135* | Acc: *95.390%* (47695/50000) 
Test epoch: 318 | Loss: *0.362* | Acc: *89.620%* (8962/10000)
Train epoch: 319 | Loss: *0.138* | Acc: *95.244%* (47622/50000) 
Test epoch: 319 | Loss: *0.347* | Acc: *89.420%* (8942/10000)
Train epoch: 320 | Loss: *0.141* | Acc: *95.106%* (47553/50000) 
Test epoch: 320 | Loss: *0.359* | Acc: *89.900%* (8990/10000)
Train epoch: 321 | Loss: *0.141* | Acc: *95.068%* (47534/50000) 
Test epoch: 321 | Loss: *0.343* | Acc: *89.800%* (8980/10000)
Train epoch: 322 | Loss: *0.143* | Acc: *95.124%* (47562/50000) 
Test epoch: 322 | Loss: *0.372* | Acc: *88.920%* (8892/10000)
Train epoch: 323 | Loss: *0.143* | Acc: *94.970%* (47485/50000) 
Test epoch: 323 | Loss: *0.364* | Acc: *89.450%* (8945/10000)
Train epoch: 324 | Loss: *0.139* | Acc: *95.236%* (47618/50000) 
Test epoch: 324 | Loss: *0.344* | Acc: *90.130%* (9013/10000)
Train epoch: 325 | Loss: *0.148* | Acc: *94.888%* (47444/50000) 
Test epoch: 325 | Loss: *0.403* | Acc: *88.640%* (8864/10000)
Train epoch: 326 | Loss: *0.146* | Acc: *95.082%* (47541/50000) 
Test epoch: 326 | Loss: *0.387* | Acc: *89.020%* (8902/10000)
Train epoch: 327 | Loss: *0.148* | Acc: *94.796%* (47398/50000) 
Test epoch: 327 | Loss: *0.387* | Acc: *88.770%* (8877/10000)
Train epoch: 328 | Loss: *0.147* | Acc: *95.004%* (47502/50000) 
Test epoch: 328 | Loss: *0.358* | Acc: *89.560%* (8956/10000)
Train epoch: 329 | Loss: *0.155* | Acc: *94.578%* (47289/50000) 
Test epoch: 329 | Loss: *0.427* | Acc: *87.920%* (8792/10000)
Train epoch: 330 | Loss: *0.153* | Acc: *94.808%* (47404/50000) 
Test epoch: 330 | Loss: *0.358* | Acc: *89.430%* (8943/10000)
Train epoch: 331 | Loss: *0.153* | Acc: *94.784%* (47392/50000) 
Test epoch: 331 | Loss: *0.365* | Acc: *89.500%* (8950/10000)
Train epoch: 332 | Loss: *0.155* | Acc: *94.656%* (47328/50000) 
Test epoch: 332 | Loss: *0.345* | Acc: *89.660%* (8966/10000)
Train epoch: 333 | Loss: *0.155* | Acc: *94.736%* (47368/50000) 
Test epoch: 333 | Loss: *0.386* | Acc: *89.280%* (8928/10000)
Train epoch: 334 | Loss: *0.157* | Acc: *94.476%* (47238/50000) 
Test epoch: 334 | Loss: *0.355* | Acc: *89.500%* (8950/10000)
Train epoch: 335 | Loss: *0.158* | Acc: *94.658%* (47329/50000) 
Test epoch: 335 | Loss: *0.368* | Acc: *89.010%* (8901/10000)
Train epoch: 336 | Loss: *0.159* | Acc: *94.488%* (47244/50000) 
Test epoch: 336 | Loss: *0.398* | Acc: *88.780%* (8878/10000)
Train epoch: 337 | Loss: *0.158* | Acc: *94.446%* (47223/50000) 
Test epoch: 337 | Loss: *0.356* | Acc: *89.210%* (8921/10000)
Train epoch: 338 | Loss: *0.163* | Acc: *94.398%* (47199/50000) 
Test epoch: 338 | Loss: *0.371* | Acc: *89.100%* (8910/10000)
Train epoch: 339 | Loss: *0.162* | Acc: *94.402%* (47201/50000) 
Test epoch: 339 | Loss: *0.352* | Acc: *89.500%* (8950/10000)
Train epoch: 340 | Loss: *0.161* | Acc: *94.474%* (47237/50000) 
Test epoch: 340 | Loss: *0.402* | Acc: *88.700%* (8870/10000)
Train epoch: 341 | Loss: *0.169* | Acc: *94.132%* (47066/50000) 
Test epoch: 341 | Loss: *0.371* | Acc: *89.360%* (8936/10000)
Train epoch: 342 | Loss: *0.168* | Acc: *94.122%* (47061/50000) 
Test epoch: 342 | Loss: *0.385* | Acc: *88.720%* (8872/10000)
Train epoch: 343 | Loss: *0.172* | Acc: *94.018%* (47009/50000) 
Test epoch: 343 | Loss: *0.353* | Acc: *89.380%* (8938/10000)
Train epoch: 344 | Loss: *0.162* | Acc: *94.386%* (47193/50000) 
Test epoch: 344 | Loss: *0.374* | Acc: *89.160%* (8916/10000)
Train epoch: 345 | Loss: *0.171* | Acc: *94.130%* (47065/50000) 
Test epoch: 345 | Loss: *0.341* | Acc: *89.970%* (8997/10000)
Train epoch: 346 | Loss: *0.168* | Acc: *94.320%* (47160/50000) 
Test epoch: 346 | Loss: *0.352* | Acc: *89.530%* (8953/10000)
Train epoch: 347 | Loss: *0.168* | Acc: *94.298%* (47149/50000) 
Test epoch: 347 | Loss: *0.380* | Acc: *88.720%* (8872/10000)
Train epoch: 348 | Loss: *0.171* | Acc: *94.090%* (47045/50000) 
Test epoch: 348 | Loss: *0.364* | Acc: *88.840%* (8884/10000)
Train epoch: 349 | Loss: *0.173* | Acc: *94.028%* (47014/50000) 
Test epoch: 349 | Loss: *0.360* | Acc: *89.210%* (8921/10000)
Train epoch: 350 | Loss: *0.172* | Acc: *94.056%* (47028/50000) 
Test epoch: 350 | Loss: *0.368* | Acc: *88.670%* (8867/10000)
Train epoch: 351 | Loss: *0.171* | Acc: *94.116%* (47058/50000) 
Test epoch: 351 | Loss: *0.427* | Acc: *87.780%* (8778/10000)
Train epoch: 352 | Loss: *0.173* | Acc: *94.026%* (47013/50000) 
Test epoch: 352 | Loss: *0.382* | Acc: *89.100%* (8910/10000)
Train epoch: 353 | Loss: *0.181* | Acc: *93.700%* (46850/50000) 
Test epoch: 353 | Loss: *0.385* | Acc: *88.430%* (8843/10000)
Train epoch: 354 | Loss: *0.176* | Acc: *94.068%* (47034/50000) 
Test epoch: 354 | Loss: *0.364* | Acc: *88.870%* (8887/10000)
Train epoch: 355 | Loss: *0.178* | Acc: *93.900%* (46950/50000) 
Test epoch: 355 | Loss: *0.352* | Acc: *89.870%* (8987/10000)
Train epoch: 356 | Loss: *0.180* | Acc: *93.852%* (46926/50000) 
Test epoch: 356 | Loss: *0.375* | Acc: *88.560%* (8856/10000)
Train epoch: 357 | Loss: *0.180* | Acc: *93.806%* (46903/50000) 
Test epoch: 357 | Loss: *0.384* | Acc: *88.440%* (8844/10000)
Train epoch: 358 | Loss: *0.179* | Acc: *93.828%* (46914/50000) 
Test epoch: 358 | Loss: *0.344* | Acc: *89.980%* (8998/10000)
Train epoch: 359 | Loss: *0.179* | Acc: *93.856%* (46928/50000) 
Test epoch: 359 | Loss: *0.349* | Acc: *89.170%* (8917/10000)
Train epoch: 360 | Loss: *0.180* | Acc: *93.780%* (46890/50000) 
Test epoch: 360 | Loss: *0.397* | Acc: *88.360%* (8836/10000)
Train epoch: 361 | Loss: *0.185* | Acc: *93.618%* (46809/50000) 
Test epoch: 361 | Loss: *0.391* | Acc: *88.090%* (8809/10000)
Train epoch: 362 | Loss: *0.186* | Acc: *93.516%* (46758/50000) 
Test epoch: 362 | Loss: *0.372* | Acc: *88.740%* (8874/10000)
Train epoch: 363 | Loss: *0.180* | Acc: *93.688%* (46844/50000) 
Test epoch: 363 | Loss: *0.355* | Acc: *89.350%* (8935/10000)
Train epoch: 364 | Loss: *0.188* | Acc: *93.560%* (46780/50000) 
Test epoch: 364 | Loss: *0.365* | Acc: *89.000%* (8900/10000)
Train epoch: 365 | Loss: *0.183* | Acc: *93.720%* (46860/50000) 
Test epoch: 365 | Loss: *0.356* | Acc: *89.250%* (8925/10000)
Train epoch: 366 | Loss: *0.192* | Acc: *93.358%* (46679/50000) 
Test epoch: 366 | Loss: *0.382* | Acc: *88.510%* (8851/10000)
Train epoch: 367 | Loss: *0.188* | Acc: *93.528%* (46764/50000) 
Test epoch: 367 | Loss: *0.405* | Acc: *88.070%* (8807/10000)
Train epoch: 368 | Loss: *0.191* | Acc: *93.224%* (46612/50000) 
Test epoch: 368 | Loss: *0.365* | Acc: *88.810%* (8881/10000)
Train epoch: 369 | Loss: *0.185* | Acc: *93.572%* (46786/50000) 
Test epoch: 369 | Loss: *0.360* | Acc: *89.140%* (8914/10000)
Train epoch: 370 | Loss: *0.187* | Acc: *93.650%* (46825/50000) 
Test epoch: 370 | Loss: *0.448* | Acc: *87.070%* (8707/10000)
Train epoch: 371 | Loss: *0.185* | Acc: *93.626%* (46813/50000) 
Test epoch: 371 | Loss: *0.378* | Acc: *88.820%* (8882/10000)
Train epoch: 372 | Loss: *0.191* | Acc: *93.394%* (46697/50000) 
Test epoch: 372 | Loss: *0.390* | Acc: *87.880%* (8788/10000)
Train epoch: 373 | Loss: *0.187* | Acc: *93.594%* (46797/50000) 
Test epoch: 373 | Loss: *0.356* | Acc: *88.800%* (8880/10000)
Train epoch: 374 | Loss: *0.190* | Acc: *93.396%* (46698/50000) 
Test epoch: 374 | Loss: *0.411* | Acc: *87.240%* (8724/10000)
Train epoch: 375 | Loss: *0.192* | Acc: *93.422%* (46711/50000) 
Test epoch: 375 | Loss: *0.431* | Acc: *87.280%* (8728/10000)
Train epoch: 376 | Loss: *0.188* | Acc: *93.404%* (46702/50000) 
Test epoch: 376 | Loss: *0.379* | Acc: *88.270%* (8827/10000)
Train epoch: 377 | Loss: *0.189* | Acc: *93.480%* (46740/50000) 
Test epoch: 377 | Loss: *0.356* | Acc: *89.020%* (8902/10000)
Train epoch: 378 | Loss: *0.195* | Acc: *93.276%* (46638/50000) 
Test epoch: 378 | Loss: *0.381* | Acc: *88.370%* (8837/10000)
Train epoch: 379 | Loss: *0.192* | Acc: *93.312%* (46656/50000) 
Test epoch: 379 | Loss: *0.354* | Acc: *89.360%* (8936/10000)
Train epoch: 380 | Loss: *0.191* | Acc: *93.342%* (46671/50000) 
Test epoch: 380 | Loss: *0.383* | Acc: *88.650%* (8865/10000)
Train epoch: 381 | Loss: *0.194* | Acc: *93.244%* (46622/50000) 
Test epoch: 381 | Loss: *0.356* | Acc: *89.110%* (8911/10000)
Train epoch: 382 | Loss: *0.195* | Acc: *93.306%* (46653/50000) 
Test epoch: 382 | Loss: *0.383* | Acc: *88.160%* (8816/10000)
Train epoch: 383 | Loss: *0.195* | Acc: *93.224%* (46612/50000) 
Test epoch: 383 | Loss: *0.374* | Acc: *88.660%* (8866/10000)
Train epoch: 384 | Loss: *0.197* | Acc: *93.300%* (46650/50000) 
Test epoch: 384 | Loss: *0.394* | Acc: *87.750%* (8775/10000)
Train epoch: 385 | Loss: *0.197* | Acc: *93.230%* (46615/50000) 
Test epoch: 385 | Loss: *0.383* | Acc: *88.320%* (8832/10000)
Train epoch: 386 | Loss: *0.195* | Acc: *93.148%* (46574/50000) 
Test epoch: 386 | Loss: *0.359* | Acc: *89.000%* (8900/10000)
Train epoch: 387 | Loss: *0.199* | Acc: *93.078%* (46539/50000) 
Test epoch: 387 | Loss: *0.348* | Acc: *89.450%* (8945/10000)
Train epoch: 388 | Loss: *0.194* | Acc: *93.346%* (46673/50000) 
Test epoch: 388 | Loss: *0.375* | Acc: *88.900%* (8890/10000)
Train epoch: 389 | Loss: *0.195* | Acc: *93.208%* (46604/50000) 
Test epoch: 389 | Loss: *0.342* | Acc: *89.590%* (8959/10000)
Train epoch: 390 | Loss: *0.196* | Acc: *93.218%* (46609/50000) 
Test epoch: 390 | Loss: *0.416* | Acc: *87.400%* (8740/10000)
Train epoch: 391 | Loss: *0.193* | Acc: *93.414%* (46707/50000) 
Test epoch: 391 | Loss: *0.368* | Acc: *88.760%* (8876/10000)
Train epoch: 392 | Loss: *0.192* | Acc: *93.364%* (46682/50000) 
Test epoch: 392 | Loss: *0.355* | Acc: *89.470%* (8947/10000)
Train epoch: 393 | Loss: *0.201* | Acc: *92.970%* (46485/50000) 
Test epoch: 393 | Loss: *0.356* | Acc: *88.870%* (8887/10000)
Train epoch: 394 | Loss: *0.194* | Acc: *93.360%* (46680/50000) 
Test epoch: 394 | Loss: *0.386* | Acc: *88.010%* (8801/10000)
Train epoch: 395 | Loss: *0.196* | Acc: *93.286%* (46643/50000) 
Test epoch: 395 | Loss: *0.398* | Acc: *87.930%* (8793/10000)
Train epoch: 396 | Loss: *0.195* | Acc: *93.300%* (46650/50000) 
Test epoch: 396 | Loss: *0.380* | Acc: *88.530%* (8853/10000)
Train epoch: 397 | Loss: *0.200* | Acc: *93.090%* (46545/50000) 
Test epoch: 397 | Loss: *0.336* | Acc: *89.470%* (8947/10000)
Train epoch: 398 | Loss: *0.199* | Acc: *93.160%* (46580/50000) 
Test epoch: 398 | Loss: *0.384* | Acc: *88.010%* (8801/10000)
Train epoch: 399 | Loss: *0.193* | Acc: *93.380%* (46690/50000) 
Test epoch: 399 | Loss: *0.390* | Acc: *88.230%* (8823/10000)
Train epoch: 400 | Loss: *0.195* | Acc: *93.232%* (46616/50000) 
Test epoch: 400 | Loss: *0.390* | Acc: *88.350%* (8835/10000)
Train epoch: 401 | Loss: *0.196* | Acc: *93.192%* (46596/50000) 
Test epoch: 401 | Loss: *0.391* | Acc: *88.210%* (8821/10000)
Train epoch: 402 | Loss: *0.197* | Acc: *93.250%* (46625/50000) 
Test epoch: 402 | Loss: *0.326* | Acc: *89.730%* (8973/10000)
Train epoch: 403 | Loss: *0.196* | Acc: *93.242%* (46621/50000) 
Test epoch: 403 | Loss: *0.387* | Acc: *88.930%* (8893/10000)
Train epoch: 404 | Loss: *0.193* | Acc: *93.342%* (46671/50000) 
Test epoch: 404 | Loss: *0.352* | Acc: *89.090%* (8909/10000)
Train epoch: 405 | Loss: *0.198* | Acc: *93.214%* (46607/50000) 
Test epoch: 405 | Loss: *0.400* | Acc: *87.820%* (8782/10000)
Train epoch: 406 | Loss: *0.202* | Acc: *92.994%* (46497/50000) 
Test epoch: 406 | Loss: *0.387* | Acc: *88.570%* (8857/10000)
Train epoch: 407 | Loss: *0.194* | Acc: *93.352%* (46676/50000) 
Test epoch: 407 | Loss: *0.347* | Acc: *89.390%* (8939/10000)
Train epoch: 408 | Loss: *0.195* | Acc: *93.238%* (46619/50000) 
Test epoch: 408 | Loss: *0.363* | Acc: *88.740%* (8874/10000)
Train epoch: 409 | Loss: *0.200* | Acc: *93.120%* (46560/50000) 
Test epoch: 409 | Loss: *0.363* | Acc: *88.760%* (8876/10000)
Train epoch: 410 | Loss: *0.194* | Acc: *93.418%* (46709/50000) 
Test epoch: 410 | Loss: *0.357* | Acc: *89.190%* (8919/10000)
Train epoch: 411 | Loss: *0.193* | Acc: *93.380%* (46690/50000) 
Test epoch: 411 | Loss: *0.341* | Acc: *89.260%* (8926/10000)
Train epoch: 412 | Loss: *0.202* | Acc: *93.014%* (46507/50000) 
Test epoch: 412 | Loss: *0.370* | Acc: *88.780%* (8878/10000)
Train epoch: 413 | Loss: *0.194* | Acc: *93.348%* (46674/50000) 
Test epoch: 413 | Loss: *0.379* | Acc: *88.660%* (8866/10000)
Train epoch: 414 | Loss: *0.197* | Acc: *93.166%* (46583/50000) 
Test epoch: 414 | Loss: *0.331* | Acc: *89.860%* (8986/10000)
Train epoch: 415 | Loss: *0.193* | Acc: *93.342%* (46671/50000) 
Test epoch: 415 | Loss: *0.357* | Acc: *88.980%* (8898/10000)
Train epoch: 416 | Loss: *0.195* | Acc: *93.316%* (46658/50000) 
Test epoch: 416 | Loss: *0.386* | Acc: *88.440%* (8844/10000)
Train epoch: 417 | Loss: *0.197* | Acc: *93.248%* (46624/50000) 
Test epoch: 417 | Loss: *0.313* | Acc: *90.120%* (9012/10000)
Train epoch: 418 | Loss: *0.190* | Acc: *93.412%* (46706/50000) 
Test epoch: 418 | Loss: *0.329* | Acc: *89.450%* (8945/10000)
Train epoch: 419 | Loss: *0.190* | Acc: *93.518%* (46759/50000) 
Test epoch: 419 | Loss: *0.360* | Acc: *88.690%* (8869/10000)
Train epoch: 420 | Loss: *0.191* | Acc: *93.404%* (46702/50000) 
Test epoch: 420 | Loss: *0.314* | Acc: *90.340%* (9034/10000)
Train epoch: 421 | Loss: *0.191* | Acc: *93.458%* (46729/50000) 
Test epoch: 421 | Loss: *0.365* | Acc: *88.740%* (8874/10000)
Train epoch: 422 | Loss: *0.189* | Acc: *93.486%* (46743/50000) 
Test epoch: 422 | Loss: *0.467* | Acc: *86.890%* (8689/10000)
Train epoch: 423 | Loss: *0.186* | Acc: *93.626%* (46813/50000) 
Test epoch: 423 | Loss: *0.348* | Acc: *89.130%* (8913/10000)
Train epoch: 424 | Loss: *0.189* | Acc: *93.504%* (46752/50000) 
Test epoch: 424 | Loss: *0.360* | Acc: *88.870%* (8887/10000)
Train epoch: 425 | Loss: *0.190* | Acc: *93.444%* (46722/50000) 
Test epoch: 425 | Loss: *0.385* | Acc: *88.440%* (8844/10000)
Train epoch: 426 | Loss: *0.188* | Acc: *93.644%* (46822/50000) 
Test epoch: 426 | Loss: *0.441* | Acc: *86.930%* (8693/10000)
Train epoch: 427 | Loss: *0.188* | Acc: *93.508%* (46754/50000) 
Test epoch: 427 | Loss: *0.391* | Acc: *88.020%* (8802/10000)
Train epoch: 428 | Loss: *0.191* | Acc: *93.506%* (46753/50000) 
Test epoch: 428 | Loss: *0.397* | Acc: *87.910%* (8791/10000)
Train epoch: 429 | Loss: *0.184* | Acc: *93.736%* (46868/50000) 
Test epoch: 429 | Loss: *0.378* | Acc: *88.400%* (8840/10000)
Train epoch: 430 | Loss: *0.183* | Acc: *93.694%* (46847/50000) 
Test epoch: 430 | Loss: *0.354* | Acc: *89.370%* (8937/10000)
Train epoch: 431 | Loss: *0.183* | Acc: *93.710%* (46855/50000) 
Test epoch: 431 | Loss: *0.355* | Acc: *88.810%* (8881/10000)
Train epoch: 432 | Loss: *0.187* | Acc: *93.630%* (46815/50000) 
Test epoch: 432 | Loss: *0.363* | Acc: *89.150%* (8915/10000)
Train epoch: 433 | Loss: *0.180* | Acc: *93.894%* (46947/50000) 
Test epoch: 433 | Loss: *0.350* | Acc: *89.310%* (8931/10000)
Train epoch: 434 | Loss: *0.186* | Acc: *93.622%* (46811/50000) 
Test epoch: 434 | Loss: *0.356* | Acc: *89.100%* (8910/10000)
Train epoch: 435 | Loss: *0.183* | Acc: *93.626%* (46813/50000) 
Test epoch: 435 | Loss: *0.376* | Acc: *88.710%* (8871/10000)
Train epoch: 436 | Loss: *0.182* | Acc: *93.804%* (46902/50000) 
Test epoch: 436 | Loss: *0.359* | Acc: *88.770%* (8877/10000)
Train epoch: 437 | Loss: *0.179* | Acc: *93.828%* (46914/50000) 
Test epoch: 437 | Loss: *0.387* | Acc: *88.670%* (8867/10000)
Train epoch: 438 | Loss: *0.181* | Acc: *93.822%* (46911/50000) 
Test epoch: 438 | Loss: *0.336* | Acc: *89.740%* (8974/10000)
Train epoch: 439 | Loss: *0.178* | Acc: *93.924%* (46962/50000) 
Test epoch: 439 | Loss: *0.353* | Acc: *89.330%* (8933/10000)
Train epoch: 440 | Loss: *0.184* | Acc: *93.686%* (46843/50000) 
Test epoch: 440 | Loss: *0.330* | Acc: *89.630%* (8963/10000)
Train epoch: 441 | Loss: *0.173* | Acc: *94.038%* (47019/50000) 
Test epoch: 441 | Loss: *0.320* | Acc: *89.870%* (8987/10000)
Train epoch: 442 | Loss: *0.180* | Acc: *93.758%* (46879/50000) 
Test epoch: 442 | Loss: *0.362* | Acc: *89.080%* (8908/10000)
Train epoch: 443 | Loss: *0.171* | Acc: *94.158%* (47079/50000) 
Test epoch: 443 | Loss: *0.372* | Acc: *88.800%* (8880/10000)
Train epoch: 444 | Loss: *0.178* | Acc: *93.796%* (46898/50000) 
Test epoch: 444 | Loss: *0.426* | Acc: *87.780%* (8778/10000)
Train epoch: 445 | Loss: *0.178* | Acc: *93.836%* (46918/50000) 
Test epoch: 445 | Loss: *0.355* | Acc: *89.150%* (8915/10000)
Train epoch: 446 | Loss: *0.169* | Acc: *94.108%* (47054/50000) 
Test epoch: 446 | Loss: *0.388* | Acc: *88.940%* (8894/10000)
Train epoch: 447 | Loss: *0.170* | Acc: *94.104%* (47052/50000) 
Test epoch: 447 | Loss: *0.337* | Acc: *89.640%* (8964/10000)
Train epoch: 448 | Loss: *0.171* | Acc: *94.188%* (47094/50000) 
Test epoch: 448 | Loss: *0.380* | Acc: *88.680%* (8868/10000)
Train epoch: 449 | Loss: *0.176* | Acc: *94.002%* (47001/50000) 
Test epoch: 449 | Loss: *0.353* | Acc: *89.200%* (8920/10000)
Train epoch: 450 | Loss: *0.167* | Acc: *94.294%* (47147/50000) 
Test epoch: 450 | Loss: *0.324* | Acc: *90.060%* (9006/10000)
Train epoch: 451 | Loss: *0.170* | Acc: *94.200%* (47100/50000) 
Test epoch: 451 | Loss: *0.351* | Acc: *89.510%* (8951/10000)
Train epoch: 452 | Loss: *0.167* | Acc: *94.220%* (47110/50000) 
Test epoch: 452 | Loss: *0.373* | Acc: *88.920%* (8892/10000)
Train epoch: 453 | Loss: *0.166* | Acc: *94.300%* (47150/50000) 
Test epoch: 453 | Loss: *0.368* | Acc: *89.650%* (8965/10000)
Train epoch: 454 | Loss: *0.168* | Acc: *94.190%* (47095/50000) 
Test epoch: 454 | Loss: *0.349* | Acc: *89.760%* (8976/10000)
Train epoch: 455 | Loss: *0.161* | Acc: *94.512%* (47256/50000) 
Test epoch: 455 | Loss: *0.346* | Acc: *89.850%* (8985/10000)
Train epoch: 456 | Loss: *0.165* | Acc: *94.284%* (47142/50000) 
Test epoch: 456 | Loss: *0.354* | Acc: *89.620%* (8962/10000)
Train epoch: 457 | Loss: *0.162* | Acc: *94.224%* (47112/50000) 
Test epoch: 457 | Loss: *0.359* | Acc: *89.640%* (8964/10000)
Train epoch: 458 | Loss: *0.159* | Acc: *94.524%* (47262/50000) 
Test epoch: 458 | Loss: *0.349* | Acc: *89.220%* (8922/10000)
Train epoch: 459 | Loss: *0.156* | Acc: *94.610%* (47305/50000) 
Test epoch: 459 | Loss: *0.364* | Acc: *89.170%* (8917/10000)
Train epoch: 460 | Loss: *0.158* | Acc: *94.554%* (47277/50000) 
Test epoch: 460 | Loss: *0.327* | Acc: *89.890%* (8989/10000)
Train epoch: 461 | Loss: *0.155* | Acc: *94.696%* (47348/50000) 
Test epoch: 461 | Loss: *0.333* | Acc: *90.260%* (9026/10000)
Train epoch: 462 | Loss: *0.157* | Acc: *94.622%* (47311/50000) 
Test epoch: 462 | Loss: *0.327* | Acc: *90.060%* (9006/10000)
Train epoch: 463 | Loss: *0.152* | Acc: *94.628%* (47314/50000) 
Test epoch: 463 | Loss: *0.342* | Acc: *89.790%* (8979/10000)
Train epoch: 464 | Loss: *0.154* | Acc: *94.598%* (47299/50000) 
Test epoch: 464 | Loss: *0.326* | Acc: *90.140%* (9014/10000)
Train epoch: 465 | Loss: *0.153* | Acc: *94.682%* (47341/50000) 
Test epoch: 465 | Loss: *0.367* | Acc: *88.960%* (8896/10000)
Train epoch: 466 | Loss: *0.151* | Acc: *94.814%* (47407/50000) 
Test epoch: 466 | Loss: *0.345* | Acc: *89.790%* (8979/10000)
Train epoch: 467 | Loss: *0.147* | Acc: *94.988%* (47494/50000) 
Test epoch: 467 | Loss: *0.363* | Acc: *89.320%* (8932/10000)
Train epoch: 468 | Loss: *0.149* | Acc: *94.870%* (47435/50000) 
Test epoch: 468 | Loss: *0.337* | Acc: *90.130%* (9013/10000)
Train epoch: 469 | Loss: *0.149* | Acc: *94.798%* (47399/50000) 
Test epoch: 469 | Loss: *0.342* | Acc: *89.910%* (8991/10000)
Train epoch: 470 | Loss: *0.149* | Acc: *94.874%* (47437/50000) 
Test epoch: 470 | Loss: *0.329* | Acc: *90.330%* (9033/10000)
Train epoch: 471 | Loss: *0.138* | Acc: *95.264%* (47632/50000) 
Test epoch: 471 | Loss: *0.329* | Acc: *90.230%* (9023/10000)
Train epoch: 472 | Loss: *0.138* | Acc: *95.396%* (47698/50000) 
Test epoch: 472 | Loss: *0.349* | Acc: *90.090%* (9009/10000)
Train epoch: 473 | Loss: *0.141* | Acc: *95.170%* (47585/50000) 
Test epoch: 473 | Loss: *0.327* | Acc: *90.610%* (9061/10000)
Train epoch: 474 | Loss: *0.142* | Acc: *95.140%* (47570/50000) 
Test epoch: 474 | Loss: *0.368* | Acc: *89.300%* (8930/10000)
Train epoch: 475 | Loss: *0.135* | Acc: *95.342%* (47671/50000) 
Test epoch: 475 | Loss: *0.342* | Acc: *89.930%* (8993/10000)
Train epoch: 476 | Loss: *0.137* | Acc: *95.202%* (47601/50000) 
Test epoch: 476 | Loss: *0.355* | Acc: *89.720%* (8972/10000)
Train epoch: 477 | Loss: *0.136* | Acc: *95.348%* (47674/50000) 
Test epoch: 477 | Loss: *0.326* | Acc: *90.450%* (9045/10000)
Train epoch: 478 | Loss: *0.133* | Acc: *95.418%* (47709/50000) 
Test epoch: 478 | Loss: *0.372* | Acc: *89.580%* (8958/10000)
Train epoch: 479 | Loss: *0.135* | Acc: *95.274%* (47637/50000) 
Test epoch: 479 | Loss: *0.404* | Acc: *88.800%* (8880/10000)
Train epoch: 480 | Loss: *0.132* | Acc: *95.500%* (47750/50000) 
Test epoch: 480 | Loss: *0.333* | Acc: *90.260%* (9026/10000)
Train epoch: 481 | Loss: *0.129* | Acc: *95.568%* (47784/50000) 
Test epoch: 481 | Loss: *0.411* | Acc: *88.310%* (8831/10000)
Train epoch: 482 | Loss: *0.133* | Acc: *95.392%* (47696/50000) 
Test epoch: 482 | Loss: *0.363* | Acc: *89.610%* (8961/10000)
Train epoch: 483 | Loss: *0.124* | Acc: *95.780%* (47890/50000) 
Test epoch: 483 | Loss: *0.350* | Acc: *90.160%* (9016/10000)
Train epoch: 484 | Loss: *0.127* | Acc: *95.652%* (47826/50000) 
Test epoch: 484 | Loss: *0.342* | Acc: *90.200%* (9020/10000)
Train epoch: 485 | Loss: *0.125* | Acc: *95.692%* (47846/50000) 
Test epoch: 485 | Loss: *0.354* | Acc: *89.610%* (8961/10000)
Train epoch: 486 | Loss: *0.124* | Acc: *95.808%* (47904/50000) 
Test epoch: 486 | Loss: *0.372* | Acc: *89.660%* (8966/10000)
Train epoch: 487 | Loss: *0.120* | Acc: *95.808%* (47904/50000) 
Test epoch: 487 | Loss: *0.336* | Acc: *90.390%* (9039/10000)
Train epoch: 488 | Loss: *0.122* | Acc: *95.886%* (47943/50000) 
Test epoch: 488 | Loss: *0.327* | Acc: *90.710%* (9071/10000)
Train epoch: 489 | Loss: *0.121* | Acc: *95.796%* (47898/50000) 
Test epoch: 489 | Loss: *0.356* | Acc: *89.640%* (8964/10000)
Train epoch: 490 | Loss: *0.115* | Acc: *96.078%* (48039/50000) 
Test epoch: 490 | Loss: *0.344* | Acc: *90.190%* (9019/10000)
Train epoch: 491 | Loss: *0.109* | Acc: *96.328%* (48164/50000) 
Test epoch: 491 | Loss: *0.350* | Acc: *90.270%* (9027/10000)
Train epoch: 492 | Loss: *0.115* | Acc: *96.060%* (48030/50000) 
Test epoch: 492 | Loss: *0.338* | Acc: *90.570%* (9057/10000)
Train epoch: 493 | Loss: *0.112* | Acc: *96.200%* (48100/50000) 
Test epoch: 493 | Loss: *0.323* | Acc: *90.700%* (9070/10000)
Train epoch: 494 | Loss: *0.110* | Acc: *96.252%* (48126/50000) 
Test epoch: 494 | Loss: *0.335* | Acc: *90.420%* (9042/10000)
Train epoch: 495 | Loss: *0.106* | Acc: *96.410%* (48205/50000) 
Test epoch: 495 | Loss: *0.357* | Acc: *89.850%* (8985/10000)
Train epoch: 496 | Loss: *0.110* | Acc: *96.284%* (48142/50000) 
Test epoch: 496 | Loss: *0.362* | Acc: *89.860%* (8986/10000)
Train epoch: 497 | Loss: *0.103* | Acc: *96.452%* (48226/50000) 
Test epoch: 497 | Loss: *0.346* | Acc: *90.270%* (9027/10000)
Train epoch: 498 | Loss: *0.106* | Acc: *96.336%* (48168/50000) 
Test epoch: 498 | Loss: *0.326* | Acc: *90.700%* (9070/10000)
Train epoch: 499 | Loss: *0.101* | Acc: *96.520%* (48260/50000) 
Test epoch: 499 | Loss: *0.341* | Acc: *90.420%* (9042/10000)
Train epoch: 500 | Loss: *0.102* | Acc: *96.500%* (48250/50000) 
Test epoch: 500 | Loss: *0.340* | Acc: *90.410%* (9041/10000)
Best test accuracy: *92.590%*, loss: *0.3130219555646181*, at epoch: *216*.
==> Execution time summary of 500 epoch(s).
Train data loading time: sum. *245.9277366688475* secs | avg. *0.491855473337695* secs per epoch.
Train training time: sum. *1372.4858120884746* secs | avg. *2.7449716241769493* secs per epoch.
Train total time: sum. *1618.4135487573221* secs | avg. *3.2368270975146443* secs per epoch.
Test data loading time: sum. *103.33904592040926* secs | avg. *0.20667809184081853* secs per epoch.
Test training time: sum. *79.81780494004488* secs | avg. *0.15963560988008976* secs per epoch.
Test total time: sum. *183.15685086045414* secs | avg. *0.36631370172090827* secs per epoch.
Total data loading time: sum. *349.26678258925676* secs | avg. *0.6985335651785135* secs per epoch.
Total training time: sum. *1452.3036170285195* secs | avg. *2.904607234057039* secs per epoch.
Total running time: sum. *1801.5703996177763* secs | avg. *3.6031407992355526* secs per epoch.
==> Number of GPU device: 1
==> Device #0 Memory Usage
==> Allocated: 0.1 GB
==> Cached:    1.4 GB
==> Maximum: 1.4 GB
