==> Running on : cuda
==> Number of CPU: 48
==> Number of workers: 2
==> #Epochs: 500, #Layers: 4, #Blocks: [2, 1, 1, 1], In channel: 64, Input layer conv kernel: 7x7, Residual layer conv kernel 3x3, Skip kernel: 1x1, Input layer conv padding: 3, Residual layer conv padding: 1
==> Optimizer is Adagrad
==> Learning rate: 0.01
==> Weight decay: 0.0005
==>Trainable Parameters: 4984906
==>Other Parameters: 0
==>Augmentation: None
Files already downloaded and verified
Train epoch: 1 | Loss: *1.586* | Acc: *41.708%* (20854/50000) 
Test epoch: 1 | Loss: *1.494* | Acc: *44.850%* (4485/10000)
Train epoch: 2 | Loss: *1.169* | Acc: *58.158%* (29079/50000) 
Test epoch: 2 | Loss: *2.104* | Acc: *38.810%* (3881/10000)
Train epoch: 3 | Loss: *0.933* | Acc: *66.844%* (33422/50000) 
Test epoch: 3 | Loss: *1.404* | Acc: *55.420%* (5542/10000)
Train epoch: 4 | Loss: *0.772* | Acc: *72.798%* (36399/50000) 
Test epoch: 4 | Loss: *1.293* | Acc: *57.190%* (5719/10000)
Train epoch: 5 | Loss: *0.645* | Acc: *77.650%* (38825/50000) 
Test epoch: 5 | Loss: *0.847* | Acc: *70.120%* (7012/10000)
Train epoch: 6 | Loss: *0.532* | Acc: *81.506%* (40753/50000) 
Test epoch: 6 | Loss: *0.907* | Acc: *69.700%* (6970/10000)
Train epoch: 7 | Loss: *0.423* | Acc: *85.490%* (42745/50000) 
Test epoch: 7 | Loss: *0.806* | Acc: *72.310%* (7231/10000)
Train epoch: 8 | Loss: *0.317* | Acc: *89.302%* (44651/50000) 
Test epoch: 8 | Loss: *1.088* | Acc: *65.830%* (6583/10000)
Train epoch: 9 | Loss: *0.214* | Acc: *93.150%* (46575/50000) 
Test epoch: 9 | Loss: *0.813* | Acc: *74.680%* (7468/10000)
Train epoch: 10 | Loss: *0.130* | Acc: *96.380%* (48190/50000) 
Test epoch: 10 | Loss: *0.825* | Acc: *75.650%* (7565/10000)
Train epoch: 11 | Loss: *0.074* | Acc: *98.280%* (49140/50000) 
Test epoch: 11 | Loss: *1.257* | Acc: *68.140%* (6814/10000)
Train epoch: 12 | Loss: *0.038* | Acc: *99.412%* (49706/50000) 
Test epoch: 12 | Loss: *1.021* | Acc: *72.420%* (7242/10000)
Train epoch: 13 | Loss: *0.017* | Acc: *99.890%* (49945/50000) 
Test epoch: 13 | Loss: *0.747* | Acc: *79.030%* (7903/10000)
Train epoch: 14 | Loss: *0.008* | Acc: *99.988%* (49994/50000) 
Test epoch: 14 | Loss: *0.715* | Acc: *79.930%* (7993/10000)
Train epoch: 15 | Loss: *0.005* | Acc: *99.998%* (49999/50000) 
Test epoch: 15 | Loss: *0.743* | Acc: *79.320%* (7932/10000)
Train epoch: 16 | Loss: *0.004* | Acc: *100.000%* (50000/50000) 
Test epoch: 16 | Loss: *0.746* | Acc: *79.390%* (7939/10000)
Train epoch: 17 | Loss: *0.004* | Acc: *100.000%* (50000/50000) 
Test epoch: 17 | Loss: *0.706* | Acc: *79.950%* (7995/10000)
Train epoch: 18 | Loss: *0.004* | Acc: *100.000%* (50000/50000) 
Test epoch: 18 | Loss: *0.705* | Acc: *79.840%* (7984/10000)
Train epoch: 19 | Loss: *0.004* | Acc: *100.000%* (50000/50000) 
Test epoch: 19 | Loss: *0.869* | Acc: *76.670%* (7667/10000)
Train epoch: 20 | Loss: *0.004* | Acc: *100.000%* (50000/50000) 
Test epoch: 20 | Loss: *0.733* | Acc: *79.020%* (7902/10000)
Train epoch: 21 | Loss: *0.003* | Acc: *100.000%* (50000/50000) 
Test epoch: 21 | Loss: *0.703* | Acc: *79.900%* (7990/10000)
Train epoch: 22 | Loss: *0.082* | Acc: *97.408%* (48704/50000) 
Test epoch: 22 | Loss: *1.509* | Acc: *62.580%* (6258/10000)
Train epoch: 23 | Loss: *0.191* | Acc: *93.724%* (46862/50000) 
Test epoch: 23 | Loss: *0.925* | Acc: *73.150%* (7315/10000)
Train epoch: 24 | Loss: *0.053* | Acc: *98.984%* (49492/50000) 
Test epoch: 24 | Loss: *0.858* | Acc: *76.020%* (7602/10000)
Train epoch: 25 | Loss: *0.014* | Acc: *99.928%* (49964/50000) 
Test epoch: 25 | Loss: *0.727* | Acc: *79.220%* (7922/10000)
Train epoch: 26 | Loss: *0.006* | Acc: *100.000%* (50000/50000) 
Test epoch: 26 | Loss: *0.708* | Acc: *79.400%* (7940/10000)
Train epoch: 27 | Loss: *0.004* | Acc: *100.000%* (50000/50000) 
Test epoch: 27 | Loss: *0.697* | Acc: *79.770%* (7977/10000)
Train epoch: 28 | Loss: *0.003* | Acc: *100.000%* (50000/50000) 
Test epoch: 28 | Loss: *0.717* | Acc: *79.640%* (7964/10000)
Train epoch: 29 | Loss: *0.003* | Acc: *100.000%* (50000/50000) 
Test epoch: 29 | Loss: *0.697* | Acc: *79.910%* (7991/10000)
Train epoch: 30 | Loss: *0.003* | Acc: *100.000%* (50000/50000) 
Test epoch: 30 | Loss: *0.692* | Acc: *79.730%* (7973/10000)
Train epoch: 31 | Loss: *0.003* | Acc: *100.000%* (50000/50000) 
Test epoch: 31 | Loss: *0.693* | Acc: *79.790%* (7979/10000)
Train epoch: 32 | Loss: *0.003* | Acc: *100.000%* (50000/50000) 
Test epoch: 32 | Loss: *0.706* | Acc: *79.380%* (7938/10000)
Train epoch: 33 | Loss: *0.003* | Acc: *100.000%* (50000/50000) 
Test epoch: 33 | Loss: *0.695* | Acc: *79.600%* (7960/10000)
Train epoch: 34 | Loss: *0.003* | Acc: *100.000%* (50000/50000) 
Test epoch: 34 | Loss: *0.683* | Acc: *79.680%* (7968/10000)
Train epoch: 35 | Loss: *0.003* | Acc: *100.000%* (50000/50000) 
Test epoch: 35 | Loss: *0.676* | Acc: *79.750%* (7975/10000)
Train epoch: 36 | Loss: *0.003* | Acc: *100.000%* (50000/50000) 
Test epoch: 36 | Loss: *0.769* | Acc: *77.480%* (7748/10000)
Train epoch: 37 | Loss: *0.003* | Acc: *100.000%* (50000/50000) 
Test epoch: 37 | Loss: *0.683* | Acc: *79.560%* (7956/10000)
Train epoch: 38 | Loss: *0.003* | Acc: *100.000%* (50000/50000) 
Test epoch: 38 | Loss: *0.670* | Acc: *79.860%* (7986/10000)
Train epoch: 39 | Loss: *0.073* | Acc: *97.934%* (48967/50000) 
Test epoch: 39 | Loss: *0.975* | Acc: *70.400%* (7040/10000)
Train epoch: 40 | Loss: *0.125* | Acc: *96.518%* (48259/50000) 
Test epoch: 40 | Loss: *0.992* | Acc: *71.670%* (7167/10000)
Train epoch: 41 | Loss: *0.034* | Acc: *99.564%* (49782/50000) 
Test epoch: 41 | Loss: *0.766* | Acc: *77.230%* (7723/10000)
Train epoch: 42 | Loss: *0.009* | Acc: *99.982%* (49991/50000) 
Test epoch: 42 | Loss: *0.690* | Acc: *79.660%* (7966/10000)
Train epoch: 43 | Loss: *0.004* | Acc: *100.000%* (50000/50000) 
Test epoch: 43 | Loss: *0.679* | Acc: *79.950%* (7995/10000)
Train epoch: 44 | Loss: *0.003* | Acc: *100.000%* (50000/50000) 
Test epoch: 44 | Loss: *0.682* | Acc: *80.020%* (8002/10000)
Train epoch: 45 | Loss: *0.003* | Acc: *100.000%* (50000/50000) 
Test epoch: 45 | Loss: *0.680* | Acc: *79.740%* (7974/10000)
Train epoch: 46 | Loss: *0.003* | Acc: *100.000%* (50000/50000) 
Test epoch: 46 | Loss: *0.682* | Acc: *79.870%* (7987/10000)
Train epoch: 47 | Loss: *0.003* | Acc: *100.000%* (50000/50000) 
Test epoch: 47 | Loss: *0.678* | Acc: *79.920%* (7992/10000)
Train epoch: 48 | Loss: *0.003* | Acc: *100.000%* (50000/50000) 
Test epoch: 48 | Loss: *0.671* | Acc: *79.880%* (7988/10000)
Train epoch: 49 | Loss: *0.003* | Acc: *100.000%* (50000/50000) 
Test epoch: 49 | Loss: *0.671* | Acc: *79.880%* (7988/10000)
Train epoch: 50 | Loss: *0.002* | Acc: *100.000%* (50000/50000) 
Test epoch: 50 | Loss: *0.671* | Acc: *80.010%* (8001/10000)
Train epoch: 51 | Loss: *0.002* | Acc: *100.000%* (50000/50000) 
Test epoch: 51 | Loss: *0.667* | Acc: *80.080%* (8008/10000)
Train epoch: 52 | Loss: *0.002* | Acc: *100.000%* (50000/50000) 
Test epoch: 52 | Loss: *0.664* | Acc: *80.230%* (8023/10000)
Train epoch: 53 | Loss: *0.002* | Acc: *100.000%* (50000/50000) 
Test epoch: 53 | Loss: *0.669* | Acc: *79.760%* (7976/10000)
Train epoch: 54 | Loss: *0.003* | Acc: *100.000%* (50000/50000) 
Test epoch: 54 | Loss: *0.662* | Acc: *79.860%* (7986/10000)
Train epoch: 55 | Loss: *0.002* | Acc: *100.000%* (50000/50000) 
Test epoch: 55 | Loss: *0.660* | Acc: *80.130%* (8013/10000)
Train epoch: 56 | Loss: *0.002* | Acc: *100.000%* (50000/50000) 
Test epoch: 56 | Loss: *0.655* | Acc: *79.960%* (7996/10000)
Train epoch: 57 | Loss: *0.002* | Acc: *100.000%* (50000/50000) 
Test epoch: 57 | Loss: *0.658* | Acc: *80.040%* (8004/10000)
Train epoch: 58 | Loss: *0.002* | Acc: *100.000%* (50000/50000) 
Test epoch: 58 | Loss: *0.661* | Acc: *79.920%* (7992/10000)
Train epoch: 59 | Loss: *0.002* | Acc: *100.000%* (50000/50000) 
Test epoch: 59 | Loss: *0.658* | Acc: *79.960%* (7996/10000)
Train epoch: 60 | Loss: *0.026* | Acc: *99.650%* (49825/50000) 
Test epoch: 60 | Loss: *0.682* | Acc: *78.650%* (7865/10000)
Train epoch: 61 | Loss: *0.005* | Acc: *99.986%* (49993/50000) 
Test epoch: 61 | Loss: *0.674* | Acc: *79.420%* (7942/10000)
Train epoch: 62 | Loss: *0.003* | Acc: *100.000%* (50000/50000) 
Test epoch: 62 | Loss: *0.667* | Acc: *79.580%* (7958/10000)
Train epoch: 63 | Loss: *0.003* | Acc: *100.000%* (50000/50000) 
Test epoch: 63 | Loss: *0.670* | Acc: *79.690%* (7969/10000)
Train epoch: 64 | Loss: *0.003* | Acc: *100.000%* (50000/50000) 
Test epoch: 64 | Loss: *0.672* | Acc: *79.510%* (7951/10000)
Train epoch: 65 | Loss: *0.003* | Acc: *100.000%* (50000/50000) 
Test epoch: 65 | Loss: *0.662* | Acc: *79.690%* (7969/10000)
Train epoch: 66 | Loss: *0.002* | Acc: *100.000%* (50000/50000) 
Test epoch: 66 | Loss: *0.663* | Acc: *79.590%* (7959/10000)
Train epoch: 67 | Loss: *0.002* | Acc: *100.000%* (50000/50000) 
Test epoch: 67 | Loss: *0.665* | Acc: *79.690%* (7969/10000)
Train epoch: 68 | Loss: *0.002* | Acc: *100.000%* (50000/50000) 
Test epoch: 68 | Loss: *0.665* | Acc: *79.860%* (7986/10000)
Train epoch: 69 | Loss: *0.002* | Acc: *100.000%* (50000/50000) 
Test epoch: 69 | Loss: *0.664* | Acc: *79.570%* (7957/10000)
Train epoch: 70 | Loss: *0.002* | Acc: *100.000%* (50000/50000) 
Test epoch: 70 | Loss: *0.659* | Acc: *79.580%* (7958/10000)
Train epoch: 71 | Loss: *0.068* | Acc: *98.176%* (49088/50000) 
Test epoch: 71 | Loss: *1.040* | Acc: *69.360%* (6936/10000)
Train epoch: 72 | Loss: *0.105* | Acc: *97.350%* (48675/50000) 
Test epoch: 72 | Loss: *1.142* | Acc: *69.180%* (6918/10000)
Train epoch: 73 | Loss: *0.023* | Acc: *99.808%* (49904/50000) 
Test epoch: 73 | Loss: *0.713* | Acc: *78.440%* (7844/10000)
Train epoch: 74 | Loss: *0.006* | Acc: *100.000%* (50000/50000) 
Test epoch: 74 | Loss: *0.679* | Acc: *79.310%* (7931/10000)
Train epoch: 75 | Loss: *0.004* | Acc: *100.000%* (50000/50000) 
Test epoch: 75 | Loss: *0.676* | Acc: *79.540%* (7954/10000)
Train epoch: 76 | Loss: *0.003* | Acc: *100.000%* (50000/50000) 
Test epoch: 76 | Loss: *0.677* | Acc: *79.450%* (7945/10000)
Train epoch: 77 | Loss: *0.003* | Acc: *100.000%* (50000/50000) 
Test epoch: 77 | Loss: *0.677* | Acc: *79.330%* (7933/10000)
Train epoch: 78 | Loss: *0.003* | Acc: *100.000%* (50000/50000) 
Test epoch: 78 | Loss: *0.671* | Acc: *79.650%* (7965/10000)
Train epoch: 79 | Loss: *0.002* | Acc: *100.000%* (50000/50000) 
Test epoch: 79 | Loss: *0.674* | Acc: *79.610%* (7961/10000)
Train epoch: 80 | Loss: *0.002* | Acc: *100.000%* (50000/50000) 
Test epoch: 80 | Loss: *0.672* | Acc: *79.510%* (7951/10000)
Train epoch: 81 | Loss: *0.002* | Acc: *100.000%* (50000/50000) 
Test epoch: 81 | Loss: *0.674* | Acc: *79.440%* (7944/10000)
Train epoch: 82 | Loss: *0.002* | Acc: *100.000%* (50000/50000) 
Test epoch: 82 | Loss: *0.670* | Acc: *79.620%* (7962/10000)
Train epoch: 83 | Loss: *0.002* | Acc: *100.000%* (50000/50000) 
Test epoch: 83 | Loss: *0.669* | Acc: *79.510%* (7951/10000)
Train epoch: 84 | Loss: *0.002* | Acc: *100.000%* (50000/50000) 
Test epoch: 84 | Loss: *0.670* | Acc: *79.460%* (7946/10000)
Train epoch: 85 | Loss: *0.002* | Acc: *100.000%* (50000/50000) 
Test epoch: 85 | Loss: *0.669* | Acc: *79.480%* (7948/10000)
Train epoch: 86 | Loss: *0.002* | Acc: *100.000%* (50000/50000) 
Test epoch: 86 | Loss: *0.672* | Acc: *79.390%* (7939/10000)
Train epoch: 87 | Loss: *0.002* | Acc: *100.000%* (50000/50000) 
Test epoch: 87 | Loss: *0.665* | Acc: *79.580%* (7958/10000)
Train epoch: 88 | Loss: *0.002* | Acc: *100.000%* (50000/50000) 
Test epoch: 88 | Loss: *0.667* | Acc: *79.490%* (7949/10000)
Train epoch: 89 | Loss: *0.002* | Acc: *100.000%* (50000/50000) 
Test epoch: 89 | Loss: *0.667* | Acc: *79.500%* (7950/10000)
Train epoch: 90 | Loss: *0.002* | Acc: *100.000%* (50000/50000) 
Test epoch: 90 | Loss: *0.667* | Acc: *79.450%* (7945/10000)
Train epoch: 91 | Loss: *0.002* | Acc: *100.000%* (50000/50000) 
Test epoch: 91 | Loss: *0.667* | Acc: *79.370%* (7937/10000)
Train epoch: 92 | Loss: *0.002* | Acc: *100.000%* (50000/50000) 
Test epoch: 92 | Loss: *0.663* | Acc: *79.470%* (7947/10000)
Train epoch: 93 | Loss: *0.002* | Acc: *100.000%* (50000/50000) 
Test epoch: 93 | Loss: *0.662* | Acc: *79.570%* (7957/10000)
Train epoch: 94 | Loss: *0.002* | Acc: *100.000%* (50000/50000) 
Test epoch: 94 | Loss: *0.661* | Acc: *79.450%* (7945/10000)
Train epoch: 95 | Loss: *0.002* | Acc: *100.000%* (50000/50000) 
Test epoch: 95 | Loss: *0.661* | Acc: *79.370%* (7937/10000)
Train epoch: 96 | Loss: *0.002* | Acc: *100.000%* (50000/50000) 
Test epoch: 96 | Loss: *0.660* | Acc: *79.440%* (7944/10000)
Train epoch: 97 | Loss: *0.002* | Acc: *100.000%* (50000/50000) 
Test epoch: 97 | Loss: *0.663* | Acc: *79.430%* (7943/10000)
Train epoch: 98 | Loss: *0.002* | Acc: *100.000%* (50000/50000) 
Test epoch: 98 | Loss: *0.661* | Acc: *79.320%* (7932/10000)
Train epoch: 99 | Loss: *0.002* | Acc: *100.000%* (50000/50000) 
Test epoch: 99 | Loss: *0.661* | Acc: *79.520%* (7952/10000)
Train epoch: 100 | Loss: *0.002* | Acc: *100.000%* (50000/50000) 
Test epoch: 100 | Loss: *0.661* | Acc: *79.260%* (7926/10000)
Train epoch: 101 | Loss: *0.002* | Acc: *100.000%* (50000/50000) 
Test epoch: 101 | Loss: *0.666* | Acc: *79.410%* (7941/10000)
Train epoch: 102 | Loss: *0.002* | Acc: *100.000%* (50000/50000) 
Test epoch: 102 | Loss: *0.661* | Acc: *79.340%* (7934/10000)
Train epoch: 103 | Loss: *0.002* | Acc: *100.000%* (50000/50000) 
Test epoch: 103 | Loss: *0.664* | Acc: *79.170%* (7917/10000)
Train epoch: 104 | Loss: *0.002* | Acc: *100.000%* (50000/50000) 
Test epoch: 104 | Loss: *0.659* | Acc: *79.400%* (7940/10000)
Train epoch: 105 | Loss: *0.002* | Acc: *100.000%* (50000/50000) 
Test epoch: 105 | Loss: *0.664* | Acc: *79.440%* (7944/10000)
Train epoch: 106 | Loss: *0.002* | Acc: *100.000%* (50000/50000) 
Test epoch: 106 | Loss: *0.660* | Acc: *79.320%* (7932/10000)
Train epoch: 107 | Loss: *0.002* | Acc: *100.000%* (50000/50000) 
Test epoch: 107 | Loss: *0.677* | Acc: *79.120%* (7912/10000)
Train epoch: 108 | Loss: *0.002* | Acc: *100.000%* (50000/50000) 
Test epoch: 108 | Loss: *0.660* | Acc: *79.410%* (7941/10000)
Train epoch: 109 | Loss: *0.002* | Acc: *100.000%* (50000/50000) 
Test epoch: 109 | Loss: *0.665* | Acc: *79.360%* (7936/10000)
Train epoch: 110 | Loss: *0.002* | Acc: *100.000%* (50000/50000) 
Test epoch: 110 | Loss: *0.665* | Acc: *79.280%* (7928/10000)
Train epoch: 111 | Loss: *0.002* | Acc: *100.000%* (50000/50000) 
Test epoch: 111 | Loss: *0.667* | Acc: *79.390%* (7939/10000)
Train epoch: 112 | Loss: *0.002* | Acc: *100.000%* (50000/50000) 
Test epoch: 112 | Loss: *0.662* | Acc: *79.240%* (7924/10000)
Train epoch: 113 | Loss: *0.002* | Acc: *100.000%* (50000/50000) 
Test epoch: 113 | Loss: *0.669* | Acc: *79.020%* (7902/10000)
Train epoch: 114 | Loss: *0.002* | Acc: *100.000%* (50000/50000) 
Test epoch: 114 | Loss: *0.677* | Acc: *79.070%* (7907/10000)
Train epoch: 115 | Loss: *0.002* | Acc: *100.000%* (50000/50000) 
Test epoch: 115 | Loss: *0.669* | Acc: *78.960%* (7896/10000)
Train epoch: 116 | Loss: *0.002* | Acc: *100.000%* (50000/50000) 
Test epoch: 116 | Loss: *0.663* | Acc: *79.160%* (7916/10000)
Train epoch: 117 | Loss: *0.002* | Acc: *100.000%* (50000/50000) 
Test epoch: 117 | Loss: *0.667* | Acc: *79.170%* (7917/10000)
Train epoch: 118 | Loss: *0.002* | Acc: *100.000%* (50000/50000) 
Test epoch: 118 | Loss: *0.665* | Acc: *79.140%* (7914/10000)
Train epoch: 119 | Loss: *0.002* | Acc: *100.000%* (50000/50000) 
Test epoch: 119 | Loss: *0.670* | Acc: *78.950%* (7895/10000)
Train epoch: 120 | Loss: *0.002* | Acc: *100.000%* (50000/50000) 
Test epoch: 120 | Loss: *0.671* | Acc: *78.920%* (7892/10000)
Train epoch: 121 | Loss: *0.002* | Acc: *100.000%* (50000/50000) 
Test epoch: 121 | Loss: *0.664* | Acc: *79.020%* (7902/10000)
Train epoch: 122 | Loss: *0.002* | Acc: *100.000%* (50000/50000) 
Test epoch: 122 | Loss: *0.670* | Acc: *79.020%* (7902/10000)
Train epoch: 123 | Loss: *0.002* | Acc: *100.000%* (50000/50000) 
Test epoch: 123 | Loss: *0.668* | Acc: *78.950%* (7895/10000)
Train epoch: 124 | Loss: *0.002* | Acc: *100.000%* (50000/50000) 
Test epoch: 124 | Loss: *0.667* | Acc: *79.020%* (7902/10000)
Train epoch: 125 | Loss: *0.002* | Acc: *100.000%* (50000/50000) 
Test epoch: 125 | Loss: *0.673* | Acc: *79.070%* (7907/10000)
Train epoch: 126 | Loss: *0.002* | Acc: *100.000%* (50000/50000) 
Test epoch: 126 | Loss: *0.672* | Acc: *78.970%* (7897/10000)
Train epoch: 127 | Loss: *0.002* | Acc: *100.000%* (50000/50000) 
Test epoch: 127 | Loss: *0.670* | Acc: *78.770%* (7877/10000)
Train epoch: 128 | Loss: *0.002* | Acc: *100.000%* (50000/50000) 
Test epoch: 128 | Loss: *0.671* | Acc: *79.010%* (7901/10000)
Train epoch: 129 | Loss: *0.002* | Acc: *100.000%* (50000/50000) 
Test epoch: 129 | Loss: *0.670* | Acc: *78.950%* (7895/10000)
Train epoch: 130 | Loss: *0.002* | Acc: *100.000%* (50000/50000) 
Test epoch: 130 | Loss: *0.670* | Acc: *78.930%* (7893/10000)
Train epoch: 131 | Loss: *0.002* | Acc: *100.000%* (50000/50000) 
Test epoch: 131 | Loss: *0.671* | Acc: *78.860%* (7886/10000)
Train epoch: 132 | Loss: *0.002* | Acc: *100.000%* (50000/50000) 
Test epoch: 132 | Loss: *0.676* | Acc: *78.730%* (7873/10000)
Train epoch: 133 | Loss: *0.002* | Acc: *100.000%* (50000/50000) 
Test epoch: 133 | Loss: *0.671* | Acc: *78.790%* (7879/10000)
Train epoch: 134 | Loss: *0.002* | Acc: *100.000%* (50000/50000) 
Test epoch: 134 | Loss: *0.671* | Acc: *78.860%* (7886/10000)
Train epoch: 135 | Loss: *0.002* | Acc: *100.000%* (50000/50000) 
Test epoch: 135 | Loss: *0.671* | Acc: *78.870%* (7887/10000)
Train epoch: 136 | Loss: *0.002* | Acc: *100.000%* (50000/50000) 
Test epoch: 136 | Loss: *0.669* | Acc: *78.730%* (7873/10000)
Train epoch: 137 | Loss: *0.002* | Acc: *100.000%* (50000/50000) 
Test epoch: 137 | Loss: *0.671* | Acc: *78.770%* (7877/10000)
Train epoch: 138 | Loss: *0.002* | Acc: *100.000%* (50000/50000) 
Test epoch: 138 | Loss: *0.671* | Acc: *78.800%* (7880/10000)
Train epoch: 139 | Loss: *0.002* | Acc: *100.000%* (50000/50000) 
Test epoch: 139 | Loss: *0.677* | Acc: *78.620%* (7862/10000)
Train epoch: 140 | Loss: *0.002* | Acc: *100.000%* (50000/50000) 
Test epoch: 140 | Loss: *0.675* | Acc: *78.780%* (7878/10000)
Train epoch: 141 | Loss: *0.002* | Acc: *100.000%* (50000/50000) 
Test epoch: 141 | Loss: *0.670* | Acc: *78.700%* (7870/10000)
Train epoch: 142 | Loss: *0.002* | Acc: *100.000%* (50000/50000) 
Test epoch: 142 | Loss: *0.674* | Acc: *78.850%* (7885/10000)
Train epoch: 143 | Loss: *0.002* | Acc: *100.000%* (50000/50000) 
Test epoch: 143 | Loss: *0.674* | Acc: *78.650%* (7865/10000)
Train epoch: 144 | Loss: *0.002* | Acc: *100.000%* (50000/50000) 
Test epoch: 144 | Loss: *0.672* | Acc: *78.600%* (7860/10000)
Train epoch: 145 | Loss: *0.002* | Acc: *100.000%* (50000/50000) 
Test epoch: 145 | Loss: *0.672* | Acc: *78.690%* (7869/10000)
Train epoch: 146 | Loss: *0.002* | Acc: *100.000%* (50000/50000) 
Test epoch: 146 | Loss: *0.676* | Acc: *78.810%* (7881/10000)
Train epoch: 147 | Loss: *0.002* | Acc: *100.000%* (50000/50000) 
Test epoch: 147 | Loss: *0.673* | Acc: *78.720%* (7872/10000)
Train epoch: 148 | Loss: *0.002* | Acc: *100.000%* (50000/50000) 
Test epoch: 148 | Loss: *0.673* | Acc: *78.660%* (7866/10000)
Train epoch: 149 | Loss: *0.002* | Acc: *100.000%* (50000/50000) 
Test epoch: 149 | Loss: *0.678* | Acc: *78.680%* (7868/10000)
Train epoch: 150 | Loss: *0.002* | Acc: *100.000%* (50000/50000) 
Test epoch: 150 | Loss: *0.674* | Acc: *78.660%* (7866/10000)
Train epoch: 151 | Loss: *0.002* | Acc: *100.000%* (50000/50000) 
Test epoch: 151 | Loss: *0.674* | Acc: *78.620%* (7862/10000)
Train epoch: 152 | Loss: *0.002* | Acc: *100.000%* (50000/50000) 
Test epoch: 152 | Loss: *0.676* | Acc: *78.720%* (7872/10000)
Train epoch: 153 | Loss: *0.002* | Acc: *100.000%* (50000/50000) 
Test epoch: 153 | Loss: *0.675* | Acc: *78.630%* (7863/10000)
Train epoch: 154 | Loss: *0.002* | Acc: *100.000%* (50000/50000) 
Test epoch: 154 | Loss: *0.674* | Acc: *78.560%* (7856/10000)
Train epoch: 155 | Loss: *0.002* | Acc: *100.000%* (50000/50000) 
Test epoch: 155 | Loss: *0.676* | Acc: *78.860%* (7886/10000)
Train epoch: 156 | Loss: *0.002* | Acc: *100.000%* (50000/50000) 
Test epoch: 156 | Loss: *0.675* | Acc: *78.720%* (7872/10000)
Train epoch: 157 | Loss: *0.002* | Acc: *100.000%* (50000/50000) 
Test epoch: 157 | Loss: *0.677* | Acc: *78.710%* (7871/10000)
Train epoch: 158 | Loss: *0.002* | Acc: *100.000%* (50000/50000) 
Test epoch: 158 | Loss: *0.674* | Acc: *78.720%* (7872/10000)
Train epoch: 159 | Loss: *0.002* | Acc: *100.000%* (50000/50000) 
Test epoch: 159 | Loss: *0.675* | Acc: *78.530%* (7853/10000)
Train epoch: 160 | Loss: *0.002* | Acc: *100.000%* (50000/50000) 
Test epoch: 160 | Loss: *0.678* | Acc: *78.660%* (7866/10000)
Train epoch: 161 | Loss: *0.002* | Acc: *100.000%* (50000/50000) 
Test epoch: 161 | Loss: *0.678* | Acc: *78.640%* (7864/10000)
Train epoch: 162 | Loss: *0.002* | Acc: *100.000%* (50000/50000) 
Test epoch: 162 | Loss: *0.677* | Acc: *78.780%* (7878/10000)
Train epoch: 163 | Loss: *0.002* | Acc: *100.000%* (50000/50000) 
Test epoch: 163 | Loss: *0.676* | Acc: *78.630%* (7863/10000)
Train epoch: 164 | Loss: *0.002* | Acc: *100.000%* (50000/50000) 
Test epoch: 164 | Loss: *0.679* | Acc: *78.590%* (7859/10000)
Train epoch: 165 | Loss: *0.002* | Acc: *100.000%* (50000/50000) 
Test epoch: 165 | Loss: *0.676* | Acc: *78.710%* (7871/10000)
Train epoch: 166 | Loss: *0.002* | Acc: *100.000%* (50000/50000) 
Test epoch: 166 | Loss: *0.675* | Acc: *78.600%* (7860/10000)
Train epoch: 167 | Loss: *0.002* | Acc: *100.000%* (50000/50000) 
Test epoch: 167 | Loss: *0.679* | Acc: *78.690%* (7869/10000)
Train epoch: 168 | Loss: *0.002* | Acc: *100.000%* (50000/50000) 
Test epoch: 168 | Loss: *0.678* | Acc: *78.780%* (7878/10000)
Train epoch: 169 | Loss: *0.002* | Acc: *100.000%* (50000/50000) 
Test epoch: 169 | Loss: *0.676* | Acc: *78.600%* (7860/10000)
Train epoch: 170 | Loss: *0.002* | Acc: *100.000%* (50000/50000) 
Test epoch: 170 | Loss: *0.675* | Acc: *78.710%* (7871/10000)
Train epoch: 171 | Loss: *0.002* | Acc: *100.000%* (50000/50000) 
Test epoch: 171 | Loss: *0.677* | Acc: *78.740%* (7874/10000)
Train epoch: 172 | Loss: *0.002* | Acc: *100.000%* (50000/50000) 
Test epoch: 172 | Loss: *0.679* | Acc: *78.700%* (7870/10000)
Train epoch: 173 | Loss: *0.002* | Acc: *100.000%* (50000/50000) 
Test epoch: 173 | Loss: *0.677* | Acc: *78.650%* (7865/10000)
Train epoch: 174 | Loss: *0.002* | Acc: *100.000%* (50000/50000) 
Test epoch: 174 | Loss: *0.678* | Acc: *78.720%* (7872/10000)
Train epoch: 175 | Loss: *0.002* | Acc: *100.000%* (50000/50000) 
Test epoch: 175 | Loss: *0.678* | Acc: *78.570%* (7857/10000)
Train epoch: 176 | Loss: *0.002* | Acc: *100.000%* (50000/50000) 
Test epoch: 176 | Loss: *0.676* | Acc: *78.550%* (7855/10000)
Train epoch: 177 | Loss: *0.002* | Acc: *100.000%* (50000/50000) 
Test epoch: 177 | Loss: *0.680* | Acc: *78.520%* (7852/10000)
Train epoch: 178 | Loss: *0.002* | Acc: *100.000%* (50000/50000) 
Test epoch: 178 | Loss: *0.677* | Acc: *78.660%* (7866/10000)
Train epoch: 179 | Loss: *0.002* | Acc: *100.000%* (50000/50000) 
Test epoch: 179 | Loss: *0.677* | Acc: *78.640%* (7864/10000)
Train epoch: 180 | Loss: *0.002* | Acc: *100.000%* (50000/50000) 
Test epoch: 180 | Loss: *0.681* | Acc: *78.630%* (7863/10000)
Train epoch: 181 | Loss: *0.002* | Acc: *100.000%* (50000/50000) 
Test epoch: 181 | Loss: *0.682* | Acc: *78.670%* (7867/10000)
Train epoch: 182 | Loss: *0.002* | Acc: *100.000%* (50000/50000) 
Test epoch: 182 | Loss: *0.676* | Acc: *78.640%* (7864/10000)
Train epoch: 183 | Loss: *0.002* | Acc: *100.000%* (50000/50000) 
Test epoch: 183 | Loss: *0.676* | Acc: *78.600%* (7860/10000)
Train epoch: 184 | Loss: *0.002* | Acc: *100.000%* (50000/50000) 
Test epoch: 184 | Loss: *0.677* | Acc: *78.520%* (7852/10000)
Train epoch: 185 | Loss: *0.002* | Acc: *100.000%* (50000/50000) 
Test epoch: 185 | Loss: *0.679* | Acc: *78.560%* (7856/10000)
Train epoch: 186 | Loss: *0.002* | Acc: *100.000%* (50000/50000) 
Test epoch: 186 | Loss: *0.679* | Acc: *78.560%* (7856/10000)
Train epoch: 187 | Loss: *0.002* | Acc: *100.000%* (50000/50000) 
Test epoch: 187 | Loss: *0.680* | Acc: *78.700%* (7870/10000)
Train epoch: 188 | Loss: *0.002* | Acc: *100.000%* (50000/50000) 
Test epoch: 188 | Loss: *0.676* | Acc: *78.560%* (7856/10000)
Train epoch: 189 | Loss: *0.002* | Acc: *100.000%* (50000/50000) 
Test epoch: 189 | Loss: *0.678* | Acc: *78.730%* (7873/10000)
Train epoch: 190 | Loss: *0.002* | Acc: *100.000%* (50000/50000) 
Test epoch: 190 | Loss: *0.681* | Acc: *78.640%* (7864/10000)
Train epoch: 191 | Loss: *0.002* | Acc: *100.000%* (50000/50000) 
Test epoch: 191 | Loss: *0.678* | Acc: *78.540%* (7854/10000)
Train epoch: 192 | Loss: *0.002* | Acc: *100.000%* (50000/50000) 
Test epoch: 192 | Loss: *0.677* | Acc: *78.660%* (7866/10000)
Train epoch: 193 | Loss: *0.002* | Acc: *100.000%* (50000/50000) 
Test epoch: 193 | Loss: *0.677* | Acc: *78.520%* (7852/10000)
Train epoch: 194 | Loss: *0.002* | Acc: *100.000%* (50000/50000) 
Test epoch: 194 | Loss: *0.681* | Acc: *78.560%* (7856/10000)
Train epoch: 195 | Loss: *0.002* | Acc: *100.000%* (50000/50000) 
Test epoch: 195 | Loss: *0.677* | Acc: *78.620%* (7862/10000)
Train epoch: 196 | Loss: *0.002* | Acc: *100.000%* (50000/50000) 
Test epoch: 196 | Loss: *0.677* | Acc: *78.770%* (7877/10000)
Train epoch: 197 | Loss: *0.002* | Acc: *100.000%* (50000/50000) 
Test epoch: 197 | Loss: *0.677* | Acc: *78.620%* (7862/10000)
Train epoch: 198 | Loss: *0.002* | Acc: *100.000%* (50000/50000) 
Test epoch: 198 | Loss: *0.676* | Acc: *78.640%* (7864/10000)
Train epoch: 199 | Loss: *0.002* | Acc: *100.000%* (50000/50000) 
Test epoch: 199 | Loss: *0.677* | Acc: *78.620%* (7862/10000)
Train epoch: 200 | Loss: *0.002* | Acc: *100.000%* (50000/50000) 
Test epoch: 200 | Loss: *0.678* | Acc: *78.600%* (7860/10000)
Train epoch: 201 | Loss: *0.002* | Acc: *100.000%* (50000/50000) 
Test epoch: 201 | Loss: *0.678* | Acc: *78.570%* (7857/10000)
Train epoch: 202 | Loss: *0.002* | Acc: *100.000%* (50000/50000) 
Test epoch: 202 | Loss: *0.679* | Acc: *78.640%* (7864/10000)
Train epoch: 203 | Loss: *0.002* | Acc: *100.000%* (50000/50000) 
Test epoch: 203 | Loss: *0.677* | Acc: *78.560%* (7856/10000)
Train epoch: 204 | Loss: *0.002* | Acc: *100.000%* (50000/50000) 
Test epoch: 204 | Loss: *0.678* | Acc: *78.720%* (7872/10000)
Train epoch: 205 | Loss: *0.002* | Acc: *100.000%* (50000/50000) 
Test epoch: 205 | Loss: *0.679* | Acc: *78.490%* (7849/10000)
Train epoch: 206 | Loss: *0.002* | Acc: *100.000%* (50000/50000) 
Test epoch: 206 | Loss: *0.676* | Acc: *78.720%* (7872/10000)
Train epoch: 207 | Loss: *0.002* | Acc: *100.000%* (50000/50000) 
Test epoch: 207 | Loss: *0.682* | Acc: *78.760%* (7876/10000)
Train epoch: 208 | Loss: *0.002* | Acc: *100.000%* (50000/50000) 
Test epoch: 208 | Loss: *0.678* | Acc: *78.580%* (7858/10000)
Train epoch: 209 | Loss: *0.002* | Acc: *100.000%* (50000/50000) 
Test epoch: 209 | Loss: *0.677* | Acc: *78.580%* (7858/10000)
Train epoch: 210 | Loss: *0.002* | Acc: *100.000%* (50000/50000) 
Test epoch: 210 | Loss: *0.676* | Acc: *78.610%* (7861/10000)
Train epoch: 211 | Loss: *0.002* | Acc: *100.000%* (50000/50000) 
Test epoch: 211 | Loss: *0.677* | Acc: *78.500%* (7850/10000)
Train epoch: 212 | Loss: *0.002* | Acc: *100.000%* (50000/50000) 
Test epoch: 212 | Loss: *0.676* | Acc: *78.710%* (7871/10000)
Train epoch: 213 | Loss: *0.002* | Acc: *100.000%* (50000/50000) 
Test epoch: 213 | Loss: *0.678* | Acc: *78.580%* (7858/10000)
Train epoch: 214 | Loss: *0.002* | Acc: *100.000%* (50000/50000) 
Test epoch: 214 | Loss: *0.679* | Acc: *78.600%* (7860/10000)
Train epoch: 215 | Loss: *0.002* | Acc: *100.000%* (50000/50000) 
Test epoch: 215 | Loss: *0.678* | Acc: *78.640%* (7864/10000)
Train epoch: 216 | Loss: *0.002* | Acc: *100.000%* (50000/50000) 
Test epoch: 216 | Loss: *0.678* | Acc: *78.600%* (7860/10000)
Train epoch: 217 | Loss: *0.002* | Acc: *100.000%* (50000/50000) 
Test epoch: 217 | Loss: *0.680* | Acc: *78.630%* (7863/10000)
Train epoch: 218 | Loss: *0.002* | Acc: *100.000%* (50000/50000) 
Test epoch: 218 | Loss: *0.677* | Acc: *78.690%* (7869/10000)
Train epoch: 219 | Loss: *0.002* | Acc: *100.000%* (50000/50000) 
Test epoch: 219 | Loss: *0.679* | Acc: *78.650%* (7865/10000)
Train epoch: 220 | Loss: *0.002* | Acc: *100.000%* (50000/50000) 
Test epoch: 220 | Loss: *0.679* | Acc: *78.740%* (7874/10000)
Train epoch: 221 | Loss: *0.002* | Acc: *100.000%* (50000/50000) 
Test epoch: 221 | Loss: *0.679* | Acc: *78.690%* (7869/10000)
Train epoch: 222 | Loss: *0.002* | Acc: *100.000%* (50000/50000) 
Test epoch: 222 | Loss: *0.679* | Acc: *78.580%* (7858/10000)
Train epoch: 223 | Loss: *0.002* | Acc: *100.000%* (50000/50000) 
Test epoch: 223 | Loss: *0.677* | Acc: *78.630%* (7863/10000)
Train epoch: 224 | Loss: *0.002* | Acc: *100.000%* (50000/50000) 
Test epoch: 224 | Loss: *0.676* | Acc: *78.620%* (7862/10000)
Train epoch: 225 | Loss: *0.002* | Acc: *100.000%* (50000/50000) 
Test epoch: 225 | Loss: *0.680* | Acc: *78.600%* (7860/10000)
Train epoch: 226 | Loss: *0.002* | Acc: *100.000%* (50000/50000) 
Test epoch: 226 | Loss: *0.678* | Acc: *78.630%* (7863/10000)
Train epoch: 227 | Loss: *0.002* | Acc: *100.000%* (50000/50000) 
Test epoch: 227 | Loss: *0.680* | Acc: *78.540%* (7854/10000)
Train epoch: 228 | Loss: *0.002* | Acc: *100.000%* (50000/50000) 
Test epoch: 228 | Loss: *0.679* | Acc: *78.690%* (7869/10000)
Train epoch: 229 | Loss: *0.002* | Acc: *100.000%* (50000/50000) 
Test epoch: 229 | Loss: *0.678* | Acc: *78.740%* (7874/10000)
Train epoch: 230 | Loss: *0.002* | Acc: *100.000%* (50000/50000) 
Test epoch: 230 | Loss: *0.678* | Acc: *78.570%* (7857/10000)
Train epoch: 231 | Loss: *0.002* | Acc: *100.000%* (50000/50000) 
Test epoch: 231 | Loss: *0.679* | Acc: *78.560%* (7856/10000)
Train epoch: 232 | Loss: *0.002* | Acc: *100.000%* (50000/50000) 
Test epoch: 232 | Loss: *0.681* | Acc: *78.490%* (7849/10000)
Train epoch: 233 | Loss: *0.002* | Acc: *100.000%* (50000/50000) 
Test epoch: 233 | Loss: *0.679* | Acc: *78.730%* (7873/10000)
Train epoch: 234 | Loss: *0.002* | Acc: *100.000%* (50000/50000) 
Test epoch: 234 | Loss: *0.679* | Acc: *78.590%* (7859/10000)
Train epoch: 235 | Loss: *0.002* | Acc: *100.000%* (50000/50000) 
Test epoch: 235 | Loss: *0.678* | Acc: *78.590%* (7859/10000)
Train epoch: 236 | Loss: *0.002* | Acc: *100.000%* (50000/50000) 
Test epoch: 236 | Loss: *0.679* | Acc: *78.510%* (7851/10000)
Train epoch: 237 | Loss: *0.002* | Acc: *100.000%* (50000/50000) 
Test epoch: 237 | Loss: *0.680* | Acc: *78.550%* (7855/10000)
Train epoch: 238 | Loss: *0.002* | Acc: *100.000%* (50000/50000) 
Test epoch: 238 | Loss: *0.680* | Acc: *78.530%* (7853/10000)
Train epoch: 239 | Loss: *0.002* | Acc: *100.000%* (50000/50000) 
Test epoch: 239 | Loss: *0.681* | Acc: *78.770%* (7877/10000)
Train epoch: 240 | Loss: *0.002* | Acc: *100.000%* (50000/50000) 
Test epoch: 240 | Loss: *0.681* | Acc: *78.580%* (7858/10000)
Train epoch: 241 | Loss: *0.002* | Acc: *100.000%* (50000/50000) 
Test epoch: 241 | Loss: *0.682* | Acc: *78.550%* (7855/10000)
Train epoch: 242 | Loss: *0.002* | Acc: *100.000%* (50000/50000) 
Test epoch: 242 | Loss: *0.681* | Acc: *78.720%* (7872/10000)
Train epoch: 243 | Loss: *0.002* | Acc: *100.000%* (50000/50000) 
Test epoch: 243 | Loss: *0.679* | Acc: *78.560%* (7856/10000)
Train epoch: 244 | Loss: *0.002* | Acc: *100.000%* (50000/50000) 
Test epoch: 244 | Loss: *0.681* | Acc: *78.620%* (7862/10000)
Train epoch: 245 | Loss: *0.002* | Acc: *100.000%* (50000/50000) 
Test epoch: 245 | Loss: *0.680* | Acc: *78.620%* (7862/10000)
Train epoch: 246 | Loss: *0.002* | Acc: *100.000%* (50000/50000) 
Test epoch: 246 | Loss: *0.681* | Acc: *78.690%* (7869/10000)
Train epoch: 247 | Loss: *0.002* | Acc: *100.000%* (50000/50000) 
Test epoch: 247 | Loss: *0.680* | Acc: *78.550%* (7855/10000)
Train epoch: 248 | Loss: *0.002* | Acc: *100.000%* (50000/50000) 
Test epoch: 248 | Loss: *0.681* | Acc: *78.620%* (7862/10000)
Train epoch: 249 | Loss: *0.002* | Acc: *100.000%* (50000/50000) 
Test epoch: 249 | Loss: *0.681* | Acc: *78.580%* (7858/10000)
Train epoch: 250 | Loss: *0.002* | Acc: *100.000%* (50000/50000) 
Test epoch: 250 | Loss: *0.685* | Acc: *78.450%* (7845/10000)
Train epoch: 251 | Loss: *0.002* | Acc: *100.000%* (50000/50000) 
Test epoch: 251 | Loss: *0.682* | Acc: *78.600%* (7860/10000)
Train epoch: 252 | Loss: *0.002* | Acc: *100.000%* (50000/50000) 
Test epoch: 252 | Loss: *0.680* | Acc: *78.790%* (7879/10000)
Train epoch: 253 | Loss: *0.002* | Acc: *100.000%* (50000/50000) 
Test epoch: 253 | Loss: *0.680* | Acc: *78.580%* (7858/10000)
Train epoch: 254 | Loss: *0.002* | Acc: *100.000%* (50000/50000) 
Test epoch: 254 | Loss: *0.686* | Acc: *78.670%* (7867/10000)
Train epoch: 255 | Loss: *0.002* | Acc: *100.000%* (50000/50000) 
Test epoch: 255 | Loss: *0.682* | Acc: *78.620%* (7862/10000)
Train epoch: 256 | Loss: *0.002* | Acc: *100.000%* (50000/50000) 
Test epoch: 256 | Loss: *0.683* | Acc: *78.720%* (7872/10000)
Train epoch: 257 | Loss: *0.002* | Acc: *100.000%* (50000/50000) 
Test epoch: 257 | Loss: *0.694* | Acc: *78.410%* (7841/10000)
Train epoch: 258 | Loss: *0.002* | Acc: *100.000%* (50000/50000) 
Test epoch: 258 | Loss: *0.684* | Acc: *78.700%* (7870/10000)
Train epoch: 259 | Loss: *0.002* | Acc: *100.000%* (50000/50000) 
Test epoch: 259 | Loss: *0.687* | Acc: *78.650%* (7865/10000)
Train epoch: 260 | Loss: *0.002* | Acc: *100.000%* (50000/50000) 
Test epoch: 260 | Loss: *0.686* | Acc: *78.580%* (7858/10000)
Train epoch: 261 | Loss: *0.002* | Acc: *100.000%* (50000/50000) 
Test epoch: 261 | Loss: *0.687* | Acc: *78.590%* (7859/10000)
Train epoch: 262 | Loss: *0.002* | Acc: *100.000%* (50000/50000) 
Test epoch: 262 | Loss: *0.689* | Acc: *78.700%* (7870/10000)
Train epoch: 263 | Loss: *0.002* | Acc: *100.000%* (50000/50000) 
Test epoch: 263 | Loss: *0.689* | Acc: *78.540%* (7854/10000)
Train epoch: 264 | Loss: *0.002* | Acc: *100.000%* (50000/50000) 
Test epoch: 264 | Loss: *0.694* | Acc: *78.650%* (7865/10000)
Train epoch: 265 | Loss: *0.002* | Acc: *100.000%* (50000/50000) 
Test epoch: 265 | Loss: *0.689* | Acc: *78.640%* (7864/10000)
Train epoch: 266 | Loss: *0.002* | Acc: *100.000%* (50000/50000) 
Test epoch: 266 | Loss: *0.707* | Acc: *78.010%* (7801/10000)
Train epoch: 267 | Loss: *0.002* | Acc: *100.000%* (50000/50000) 
Test epoch: 267 | Loss: *0.693* | Acc: *78.570%* (7857/10000)
Train epoch: 268 | Loss: *0.002* | Acc: *100.000%* (50000/50000) 
Test epoch: 268 | Loss: *0.692* | Acc: *78.450%* (7845/10000)
Train epoch: 269 | Loss: *0.002* | Acc: *100.000%* (50000/50000) 
Test epoch: 269 | Loss: *0.693* | Acc: *78.400%* (7840/10000)
Train epoch: 270 | Loss: *0.002* | Acc: *100.000%* (50000/50000) 
Test epoch: 270 | Loss: *0.693* | Acc: *78.370%* (7837/10000)
Train epoch: 271 | Loss: *0.002* | Acc: *100.000%* (50000/50000) 
Test epoch: 271 | Loss: *0.692* | Acc: *78.540%* (7854/10000)
Train epoch: 272 | Loss: *0.002* | Acc: *100.000%* (50000/50000) 
Test epoch: 272 | Loss: *0.695* | Acc: *78.360%* (7836/10000)
Train epoch: 273 | Loss: *0.002* | Acc: *100.000%* (50000/50000) 
Test epoch: 273 | Loss: *0.714* | Acc: *77.790%* (7779/10000)
Train epoch: 274 | Loss: *0.002* | Acc: *100.000%* (50000/50000) 
Test epoch: 274 | Loss: *0.694* | Acc: *78.150%* (7815/10000)
Train epoch: 275 | Loss: *0.002* | Acc: *100.000%* (50000/50000) 
Test epoch: 275 | Loss: *0.696* | Acc: *78.170%* (7817/10000)
Train epoch: 276 | Loss: *0.002* | Acc: *100.000%* (50000/50000) 
Test epoch: 276 | Loss: *0.700* | Acc: *78.330%* (7833/10000)
Train epoch: 277 | Loss: *0.002* | Acc: *100.000%* (50000/50000) 
Test epoch: 277 | Loss: *0.696* | Acc: *78.150%* (7815/10000)
Train epoch: 278 | Loss: *0.066* | Acc: *98.652%* (49326/50000) 
Test epoch: 278 | Loss: *0.869* | Acc: *74.230%* (7423/10000)
Train epoch: 279 | Loss: *0.019* | Acc: *99.966%* (49983/50000) 
Test epoch: 279 | Loss: *0.682* | Acc: *78.310%* (7831/10000)
Train epoch: 280 | Loss: *0.006* | Acc: *100.000%* (50000/50000) 
Test epoch: 280 | Loss: *0.671* | Acc: *78.980%* (7898/10000)
Train epoch: 281 | Loss: *0.004* | Acc: *100.000%* (50000/50000) 
Test epoch: 281 | Loss: *0.675* | Acc: *79.000%* (7900/10000)
Train epoch: 282 | Loss: *0.004* | Acc: *100.000%* (50000/50000) 
Test epoch: 282 | Loss: *0.678* | Acc: *79.070%* (7907/10000)
Train epoch: 283 | Loss: *0.003* | Acc: *100.000%* (50000/50000) 
Test epoch: 283 | Loss: *0.680* | Acc: *78.810%* (7881/10000)
Train epoch: 284 | Loss: *0.003* | Acc: *100.000%* (50000/50000) 
Test epoch: 284 | Loss: *0.684* | Acc: *78.700%* (7870/10000)
Train epoch: 285 | Loss: *0.003* | Acc: *100.000%* (50000/50000) 
Test epoch: 285 | Loss: *0.685* | Acc: *78.600%* (7860/10000)
Train epoch: 286 | Loss: *0.002* | Acc: *100.000%* (50000/50000) 
Test epoch: 286 | Loss: *0.686* | Acc: *78.730%* (7873/10000)
Train epoch: 287 | Loss: *0.002* | Acc: *100.000%* (50000/50000) 
Test epoch: 287 | Loss: *0.687* | Acc: *78.910%* (7891/10000)
Train epoch: 288 | Loss: *0.002* | Acc: *100.000%* (50000/50000) 
Test epoch: 288 | Loss: *0.687* | Acc: *78.720%* (7872/10000)
Train epoch: 289 | Loss: *0.002* | Acc: *100.000%* (50000/50000) 
Test epoch: 289 | Loss: *0.689* | Acc: *78.670%* (7867/10000)
Train epoch: 290 | Loss: *0.002* | Acc: *100.000%* (50000/50000) 
Test epoch: 290 | Loss: *0.693* | Acc: *78.440%* (7844/10000)
Train epoch: 291 | Loss: *0.002* | Acc: *100.000%* (50000/50000) 
Test epoch: 291 | Loss: *0.690* | Acc: *78.530%* (7853/10000)
Train epoch: 292 | Loss: *0.002* | Acc: *100.000%* (50000/50000) 
Test epoch: 292 | Loss: *0.693* | Acc: *78.530%* (7853/10000)
Train epoch: 293 | Loss: *0.002* | Acc: *100.000%* (50000/50000) 
Test epoch: 293 | Loss: *0.694* | Acc: *78.480%* (7848/10000)
Train epoch: 294 | Loss: *0.002* | Acc: *100.000%* (50000/50000) 
Test epoch: 294 | Loss: *0.692* | Acc: *78.640%* (7864/10000)
Train epoch: 295 | Loss: *0.002* | Acc: *100.000%* (50000/50000) 
Test epoch: 295 | Loss: *0.692* | Acc: *78.510%* (7851/10000)
Train epoch: 296 | Loss: *0.002* | Acc: *100.000%* (50000/50000) 
Test epoch: 296 | Loss: *0.693* | Acc: *78.680%* (7868/10000)
Train epoch: 297 | Loss: *0.002* | Acc: *100.000%* (50000/50000) 
Test epoch: 297 | Loss: *0.694* | Acc: *78.520%* (7852/10000)
Train epoch: 298 | Loss: *0.002* | Acc: *100.000%* (50000/50000) 
Test epoch: 298 | Loss: *0.696* | Acc: *78.560%* (7856/10000)
Train epoch: 299 | Loss: *0.002* | Acc: *100.000%* (50000/50000) 
Test epoch: 299 | Loss: *0.696* | Acc: *78.460%* (7846/10000)
Train epoch: 300 | Loss: *0.002* | Acc: *100.000%* (50000/50000) 
Test epoch: 300 | Loss: *0.696* | Acc: *78.670%* (7867/10000)
Train epoch: 301 | Loss: *0.002* | Acc: *100.000%* (50000/50000) 
Test epoch: 301 | Loss: *0.701* | Acc: *78.470%* (7847/10000)
Train epoch: 302 | Loss: *0.002* | Acc: *100.000%* (50000/50000) 
Test epoch: 302 | Loss: *0.700* | Acc: *78.500%* (7850/10000)
Train epoch: 303 | Loss: *0.002* | Acc: *100.000%* (50000/50000) 
Test epoch: 303 | Loss: *0.700* | Acc: *78.390%* (7839/10000)
Train epoch: 304 | Loss: *0.002* | Acc: *100.000%* (50000/50000) 
Test epoch: 304 | Loss: *0.719* | Acc: *78.280%* (7828/10000)
Train epoch: 305 | Loss: *0.002* | Acc: *100.000%* (50000/50000) 
Test epoch: 305 | Loss: *0.703* | Acc: *78.360%* (7836/10000)
Train epoch: 306 | Loss: *0.002* | Acc: *100.000%* (50000/50000) 
Test epoch: 306 | Loss: *0.709* | Acc: *78.440%* (7844/10000)
Train epoch: 307 | Loss: *0.002* | Acc: *100.000%* (50000/50000) 
Test epoch: 307 | Loss: *0.714* | Acc: *77.990%* (7799/10000)
Train epoch: 308 | Loss: *0.002* | Acc: *100.000%* (50000/50000) 
Test epoch: 308 | Loss: *0.707* | Acc: *78.250%* (7825/10000)
Train epoch: 309 | Loss: *0.002* | Acc: *100.000%* (50000/50000) 
Test epoch: 309 | Loss: *0.707* | Acc: *78.270%* (7827/10000)
Train epoch: 310 | Loss: *0.002* | Acc: *100.000%* (50000/50000) 
Test epoch: 310 | Loss: *0.707* | Acc: *78.320%* (7832/10000)
Train epoch: 311 | Loss: *0.002* | Acc: *100.000%* (50000/50000) 
Test epoch: 311 | Loss: *0.706* | Acc: *78.080%* (7808/10000)
Train epoch: 312 | Loss: *0.002* | Acc: *100.000%* (50000/50000) 
Test epoch: 312 | Loss: *0.717* | Acc: *78.140%* (7814/10000)
Train epoch: 313 | Loss: *0.002* | Acc: *100.000%* (50000/50000) 
Test epoch: 313 | Loss: *0.707* | Acc: *78.280%* (7828/10000)
Train epoch: 314 | Loss: *0.002* | Acc: *100.000%* (50000/50000) 
Test epoch: 314 | Loss: *0.714* | Acc: *78.080%* (7808/10000)
Train epoch: 315 | Loss: *0.002* | Acc: *100.000%* (50000/50000) 
Test epoch: 315 | Loss: *0.717* | Acc: *77.950%* (7795/10000)
Train epoch: 316 | Loss: *0.002* | Acc: *100.000%* (50000/50000) 
Test epoch: 316 | Loss: *0.720* | Acc: *77.610%* (7761/10000)
Train epoch: 317 | Loss: *0.002* | Acc: *100.000%* (50000/50000) 
Test epoch: 317 | Loss: *0.718* | Acc: *78.160%* (7816/10000)
Train epoch: 318 | Loss: *0.002* | Acc: *100.000%* (50000/50000) 
Test epoch: 318 | Loss: *0.728* | Acc: *77.800%* (7780/10000)
Train epoch: 319 | Loss: *0.002* | Acc: *100.000%* (50000/50000) 
Test epoch: 319 | Loss: *0.717* | Acc: *78.170%* (7817/10000)
Train epoch: 320 | Loss: *0.002* | Acc: *100.000%* (50000/50000) 
Test epoch: 320 | Loss: *0.722* | Acc: *77.960%* (7796/10000)
Train epoch: 321 | Loss: *0.461* | Acc: *84.486%* (42243/50000) 
Test epoch: 321 | Loss: *0.904* | Acc: *70.780%* (7078/10000)
Train epoch: 322 | Loss: *0.188* | Acc: *94.734%* (47367/50000) 
Test epoch: 322 | Loss: *1.098* | Acc: *68.360%* (6836/10000)
Train epoch: 323 | Loss: *0.049* | Acc: *99.384%* (49692/50000) 
Test epoch: 323 | Loss: *0.908* | Acc: *73.720%* (7372/10000)
Train epoch: 324 | Loss: *0.013* | Acc: *99.966%* (49983/50000) 
Test epoch: 324 | Loss: *0.687* | Acc: *79.400%* (7940/10000)
Train epoch: 325 | Loss: *0.006* | Acc: *100.000%* (50000/50000) 
Test epoch: 325 | Loss: *0.674* | Acc: *79.540%* (7954/10000)
Train epoch: 326 | Loss: *0.004* | Acc: *100.000%* (50000/50000) 
Test epoch: 326 | Loss: *0.684* | Acc: *79.300%* (7930/10000)
Train epoch: 327 | Loss: *0.003* | Acc: *100.000%* (50000/50000) 
Test epoch: 327 | Loss: *0.674* | Acc: *79.750%* (7975/10000)
Train epoch: 328 | Loss: *0.003* | Acc: *100.000%* (50000/50000) 
Test epoch: 328 | Loss: *0.683* | Acc: *79.540%* (7954/10000)
Train epoch: 329 | Loss: *0.003* | Acc: *100.000%* (50000/50000) 
Test epoch: 329 | Loss: *0.683* | Acc: *79.690%* (7969/10000)
Train epoch: 330 | Loss: *0.002* | Acc: *100.000%* (50000/50000) 
Test epoch: 330 | Loss: *0.683* | Acc: *79.610%* (7961/10000)
Train epoch: 331 | Loss: *0.002* | Acc: *100.000%* (50000/50000) 
Test epoch: 331 | Loss: *0.684* | Acc: *79.650%* (7965/10000)
Train epoch: 332 | Loss: *0.002* | Acc: *100.000%* (50000/50000) 
Test epoch: 332 | Loss: *0.686* | Acc: *79.460%* (7946/10000)
Train epoch: 333 | Loss: *0.002* | Acc: *100.000%* (50000/50000) 
Test epoch: 333 | Loss: *0.687* | Acc: *79.610%* (7961/10000)
Train epoch: 334 | Loss: *0.002* | Acc: *100.000%* (50000/50000) 
Test epoch: 334 | Loss: *0.689* | Acc: *79.400%* (7940/10000)
Train epoch: 335 | Loss: *0.002* | Acc: *100.000%* (50000/50000) 
Test epoch: 335 | Loss: *0.691* | Acc: *79.290%* (7929/10000)
Train epoch: 336 | Loss: *0.002* | Acc: *100.000%* (50000/50000) 
Test epoch: 336 | Loss: *0.690* | Acc: *79.260%* (7926/10000)
Train epoch: 337 | Loss: *0.002* | Acc: *100.000%* (50000/50000) 
Test epoch: 337 | Loss: *0.692* | Acc: *79.160%* (7916/10000)
Train epoch: 338 | Loss: *0.002* | Acc: *100.000%* (50000/50000) 
Test epoch: 338 | Loss: *0.692* | Acc: *79.360%* (7936/10000)
Train epoch: 339 | Loss: *0.002* | Acc: *100.000%* (50000/50000) 
Test epoch: 339 | Loss: *0.696* | Acc: *79.110%* (7911/10000)
Train epoch: 340 | Loss: *0.002* | Acc: *100.000%* (50000/50000) 
Test epoch: 340 | Loss: *0.697* | Acc: *79.070%* (7907/10000)
Train epoch: 341 | Loss: *0.002* | Acc: *100.000%* (50000/50000) 
Test epoch: 341 | Loss: *0.698* | Acc: *79.040%* (7904/10000)
Train epoch: 342 | Loss: *0.002* | Acc: *100.000%* (50000/50000) 
Test epoch: 342 | Loss: *0.695* | Acc: *78.970%* (7897/10000)
Train epoch: 343 | Loss: *0.002* | Acc: *100.000%* (50000/50000) 
Test epoch: 343 | Loss: *0.696* | Acc: *78.900%* (7890/10000)
Train epoch: 344 | Loss: *0.002* | Acc: *100.000%* (50000/50000) 
Test epoch: 344 | Loss: *0.700* | Acc: *78.960%* (7896/10000)
Train epoch: 345 | Loss: *0.002* | Acc: *100.000%* (50000/50000) 
Test epoch: 345 | Loss: *0.697* | Acc: *78.960%* (7896/10000)
Train epoch: 346 | Loss: *0.002* | Acc: *100.000%* (50000/50000) 
Test epoch: 346 | Loss: *0.699* | Acc: *78.940%* (7894/10000)
Train epoch: 347 | Loss: *0.002* | Acc: *100.000%* (50000/50000) 
Test epoch: 347 | Loss: *0.703* | Acc: *78.900%* (7890/10000)
Train epoch: 348 | Loss: *0.002* | Acc: *100.000%* (50000/50000) 
Test epoch: 348 | Loss: *0.701* | Acc: *78.970%* (7897/10000)
Train epoch: 349 | Loss: *0.002* | Acc: *100.000%* (50000/50000) 
Test epoch: 349 | Loss: *0.704* | Acc: *78.700%* (7870/10000)
Train epoch: 350 | Loss: *0.002* | Acc: *100.000%* (50000/50000) 
Test epoch: 350 | Loss: *0.699* | Acc: *78.940%* (7894/10000)
Train epoch: 351 | Loss: *0.002* | Acc: *100.000%* (50000/50000) 
Test epoch: 351 | Loss: *0.702* | Acc: *78.820%* (7882/10000)
Train epoch: 352 | Loss: *0.002* | Acc: *100.000%* (50000/50000) 
Test epoch: 352 | Loss: *0.702* | Acc: *78.890%* (7889/10000)
Train epoch: 353 | Loss: *0.002* | Acc: *100.000%* (50000/50000) 
Test epoch: 353 | Loss: *0.704* | Acc: *78.770%* (7877/10000)
Train epoch: 354 | Loss: *0.002* | Acc: *100.000%* (50000/50000) 
Test epoch: 354 | Loss: *0.705* | Acc: *78.610%* (7861/10000)
Train epoch: 355 | Loss: *0.002* | Acc: *100.000%* (50000/50000) 
Test epoch: 355 | Loss: *0.703* | Acc: *78.740%* (7874/10000)
Train epoch: 356 | Loss: *0.002* | Acc: *100.000%* (50000/50000) 
Test epoch: 356 | Loss: *0.707* | Acc: *78.620%* (7862/10000)
Train epoch: 357 | Loss: *0.002* | Acc: *100.000%* (50000/50000) 
Test epoch: 357 | Loss: *0.707* | Acc: *78.860%* (7886/10000)
Train epoch: 358 | Loss: *0.002* | Acc: *100.000%* (50000/50000) 
Test epoch: 358 | Loss: *0.711* | Acc: *78.740%* (7874/10000)
Train epoch: 359 | Loss: *0.002* | Acc: *100.000%* (50000/50000) 
Test epoch: 359 | Loss: *0.706* | Acc: *78.760%* (7876/10000)
Train epoch: 360 | Loss: *0.002* | Acc: *100.000%* (50000/50000) 
Test epoch: 360 | Loss: *0.709* | Acc: *78.720%* (7872/10000)
Train epoch: 361 | Loss: *0.002* | Acc: *100.000%* (50000/50000) 
Test epoch: 361 | Loss: *0.715* | Acc: *78.510%* (7851/10000)
Train epoch: 362 | Loss: *0.002* | Acc: *100.000%* (50000/50000) 
Test epoch: 362 | Loss: *0.713* | Acc: *78.480%* (7848/10000)
Train epoch: 363 | Loss: *0.002* | Acc: *100.000%* (50000/50000) 
Test epoch: 363 | Loss: *0.713* | Acc: *78.590%* (7859/10000)
Train epoch: 364 | Loss: *0.002* | Acc: *100.000%* (50000/50000) 
Test epoch: 364 | Loss: *0.712* | Acc: *78.650%* (7865/10000)
Train epoch: 365 | Loss: *0.002* | Acc: *100.000%* (50000/50000) 
Test epoch: 365 | Loss: *0.714* | Acc: *78.660%* (7866/10000)
Train epoch: 366 | Loss: *0.002* | Acc: *100.000%* (50000/50000) 
Test epoch: 366 | Loss: *0.715* | Acc: *78.360%* (7836/10000)
Train epoch: 367 | Loss: *0.002* | Acc: *100.000%* (50000/50000) 
Test epoch: 367 | Loss: *0.712* | Acc: *78.630%* (7863/10000)
Train epoch: 368 | Loss: *0.002* | Acc: *100.000%* (50000/50000) 
Test epoch: 368 | Loss: *0.716* | Acc: *78.520%* (7852/10000)
Train epoch: 369 | Loss: *0.002* | Acc: *100.000%* (50000/50000) 
Test epoch: 369 | Loss: *0.716* | Acc: *78.420%* (7842/10000)
Train epoch: 370 | Loss: *0.002* | Acc: *100.000%* (50000/50000) 
Test epoch: 370 | Loss: *0.718* | Acc: *78.490%* (7849/10000)
Train epoch: 371 | Loss: *0.002* | Acc: *100.000%* (50000/50000) 
Test epoch: 371 | Loss: *0.720* | Acc: *78.460%* (7846/10000)
Train epoch: 372 | Loss: *0.002* | Acc: *100.000%* (50000/50000) 
Test epoch: 372 | Loss: *0.716* | Acc: *78.590%* (7859/10000)
Train epoch: 373 | Loss: *0.002* | Acc: *100.000%* (50000/50000) 
Test epoch: 373 | Loss: *0.717* | Acc: *78.560%* (7856/10000)
Train epoch: 374 | Loss: *0.002* | Acc: *100.000%* (50000/50000) 
Test epoch: 374 | Loss: *0.723* | Acc: *78.330%* (7833/10000)
Train epoch: 375 | Loss: *0.002* | Acc: *100.000%* (50000/50000) 
Test epoch: 375 | Loss: *0.730* | Acc: *78.040%* (7804/10000)
Train epoch: 376 | Loss: *0.002* | Acc: *100.000%* (50000/50000) 
Test epoch: 376 | Loss: *0.740* | Acc: *78.050%* (7805/10000)
Train epoch: 377 | Loss: *0.002* | Acc: *100.000%* (50000/50000) 
Test epoch: 377 | Loss: *0.751* | Acc: *77.480%* (7748/10000)
Train epoch: 378 | Loss: *0.002* | Acc: *100.000%* (50000/50000) 
Test epoch: 378 | Loss: *0.731* | Acc: *78.040%* (7804/10000)
Train epoch: 379 | Loss: *0.002* | Acc: *100.000%* (50000/50000) 
Test epoch: 379 | Loss: *0.737* | Acc: *77.750%* (7775/10000)
Train epoch: 380 | Loss: *0.002* | Acc: *100.000%* (50000/50000) 
Test epoch: 380 | Loss: *0.731* | Acc: *77.890%* (7789/10000)
Train epoch: 381 | Loss: *0.002* | Acc: *100.000%* (50000/50000) 
Test epoch: 381 | Loss: *0.733* | Acc: *77.880%* (7788/10000)
Train epoch: 382 | Loss: *0.002* | Acc: *100.000%* (50000/50000) 
Test epoch: 382 | Loss: *0.769* | Acc: *77.120%* (7712/10000)
Train epoch: 383 | Loss: *0.002* | Acc: *100.000%* (50000/50000) 
Test epoch: 383 | Loss: *0.733* | Acc: *77.980%* (7798/10000)
Train epoch: 384 | Loss: *0.002* | Acc: *100.000%* (50000/50000) 
Test epoch: 384 | Loss: *0.731* | Acc: *77.990%* (7799/10000)
Train epoch: 385 | Loss: *0.002* | Acc: *100.000%* (50000/50000) 
Test epoch: 385 | Loss: *0.732* | Acc: *78.080%* (7808/10000)
Train epoch: 386 | Loss: *0.002* | Acc: *100.000%* (50000/50000) 
Test epoch: 386 | Loss: *0.752* | Acc: *77.900%* (7790/10000)
Train epoch: 387 | Loss: *0.002* | Acc: *100.000%* (50000/50000) 
Test epoch: 387 | Loss: *0.741* | Acc: *77.980%* (7798/10000)
Train epoch: 388 | Loss: *0.002* | Acc: *100.000%* (50000/50000) 
Test epoch: 388 | Loss: *0.735* | Acc: *77.880%* (7788/10000)
Train epoch: 389 | Loss: *0.002* | Acc: *100.000%* (50000/50000) 
Test epoch: 389 | Loss: *0.734* | Acc: *77.990%* (7799/10000)
Train epoch: 390 | Loss: *0.002* | Acc: *100.000%* (50000/50000) 
Test epoch: 390 | Loss: *0.730* | Acc: *78.200%* (7820/10000)
Train epoch: 391 | Loss: *0.492* | Acc: *83.374%* (41687/50000) 
Test epoch: 391 | Loss: *1.018* | Acc: *65.600%* (6560/10000)
Train epoch: 392 | Loss: *0.213* | Acc: *93.432%* (46716/50000) 
Test epoch: 392 | Loss: *0.813* | Acc: *74.970%* (7497/10000)
Train epoch: 393 | Loss: *0.078* | Acc: *98.200%* (49100/50000) 
Test epoch: 393 | Loss: *0.793* | Acc: *76.310%* (7631/10000)
Train epoch: 394 | Loss: *0.024* | Acc: *99.754%* (49877/50000) 
Test epoch: 394 | Loss: *0.817* | Acc: *76.630%* (7663/10000)
Train epoch: 395 | Loss: *0.007* | Acc: *99.982%* (49991/50000) 
Test epoch: 395 | Loss: *0.693* | Acc: *79.870%* (7987/10000)
Train epoch: 396 | Loss: *0.004* | Acc: *100.000%* (50000/50000) 
Test epoch: 396 | Loss: *0.698* | Acc: *79.780%* (7978/10000)
Train epoch: 397 | Loss: *0.003* | Acc: *100.000%* (50000/50000) 
Test epoch: 397 | Loss: *0.695* | Acc: *79.950%* (7995/10000)
Train epoch: 398 | Loss: *0.002* | Acc: *100.000%* (50000/50000) 
Test epoch: 398 | Loss: *0.695* | Acc: *79.630%* (7963/10000)
Train epoch: 399 | Loss: *0.002* | Acc: *100.000%* (50000/50000) 
Test epoch: 399 | Loss: *0.698* | Acc: *79.480%* (7948/10000)
Train epoch: 400 | Loss: *0.002* | Acc: *100.000%* (50000/50000) 
Test epoch: 400 | Loss: *0.698* | Acc: *79.500%* (7950/10000)
Train epoch: 401 | Loss: *0.002* | Acc: *100.000%* (50000/50000) 
Test epoch: 401 | Loss: *0.701* | Acc: *79.460%* (7946/10000)
Train epoch: 402 | Loss: *0.002* | Acc: *100.000%* (50000/50000) 
Test epoch: 402 | Loss: *0.704* | Acc: *79.230%* (7923/10000)
Train epoch: 403 | Loss: *0.002* | Acc: *100.000%* (50000/50000) 
Test epoch: 403 | Loss: *0.701* | Acc: *79.290%* (7929/10000)
Train epoch: 404 | Loss: *0.002* | Acc: *100.000%* (50000/50000) 
Test epoch: 404 | Loss: *0.701* | Acc: *79.140%* (7914/10000)
Train epoch: 405 | Loss: *0.002* | Acc: *100.000%* (50000/50000) 
Test epoch: 405 | Loss: *0.704* | Acc: *79.000%* (7900/10000)
Train epoch: 406 | Loss: *0.002* | Acc: *100.000%* (50000/50000) 
Test epoch: 406 | Loss: *0.704* | Acc: *79.180%* (7918/10000)
Train epoch: 407 | Loss: *0.002* | Acc: *100.000%* (50000/50000) 
Test epoch: 407 | Loss: *0.703* | Acc: *78.920%* (7892/10000)
Train epoch: 408 | Loss: *0.002* | Acc: *100.000%* (50000/50000) 
Test epoch: 408 | Loss: *0.707* | Acc: *79.040%* (7904/10000)
Train epoch: 409 | Loss: *0.002* | Acc: *100.000%* (50000/50000) 
Test epoch: 409 | Loss: *0.706* | Acc: *78.970%* (7897/10000)
Train epoch: 410 | Loss: *0.002* | Acc: *100.000%* (50000/50000) 
Test epoch: 410 | Loss: *0.704* | Acc: *79.040%* (7904/10000)
Train epoch: 411 | Loss: *0.002* | Acc: *100.000%* (50000/50000) 
Test epoch: 411 | Loss: *0.704* | Acc: *78.930%* (7893/10000)
Train epoch: 412 | Loss: *0.002* | Acc: *100.000%* (50000/50000) 
Test epoch: 412 | Loss: *0.705* | Acc: *78.930%* (7893/10000)
Train epoch: 413 | Loss: *0.002* | Acc: *100.000%* (50000/50000) 
Test epoch: 413 | Loss: *0.707* | Acc: *78.950%* (7895/10000)
Train epoch: 414 | Loss: *0.002* | Acc: *100.000%* (50000/50000) 
Test epoch: 414 | Loss: *0.707* | Acc: *78.640%* (7864/10000)
Train epoch: 415 | Loss: *0.002* | Acc: *100.000%* (50000/50000) 
Test epoch: 415 | Loss: *0.708* | Acc: *78.760%* (7876/10000)
Train epoch: 416 | Loss: *0.002* | Acc: *100.000%* (50000/50000) 
Test epoch: 416 | Loss: *0.710* | Acc: *78.660%* (7866/10000)
Train epoch: 417 | Loss: *0.002* | Acc: *100.000%* (50000/50000) 
Test epoch: 417 | Loss: *0.711* | Acc: *78.770%* (7877/10000)
Train epoch: 418 | Loss: *0.002* | Acc: *100.000%* (50000/50000) 
Test epoch: 418 | Loss: *0.711* | Acc: *78.700%* (7870/10000)
Train epoch: 419 | Loss: *0.002* | Acc: *100.000%* (50000/50000) 
Test epoch: 419 | Loss: *0.713* | Acc: *78.560%* (7856/10000)
Train epoch: 420 | Loss: *0.002* | Acc: *100.000%* (50000/50000) 
Test epoch: 420 | Loss: *0.710* | Acc: *78.660%* (7866/10000)
Train epoch: 421 | Loss: *0.002* | Acc: *100.000%* (50000/50000) 
Test epoch: 421 | Loss: *0.712* | Acc: *78.640%* (7864/10000)
Train epoch: 422 | Loss: *0.002* | Acc: *100.000%* (50000/50000) 
Test epoch: 422 | Loss: *0.713* | Acc: *78.560%* (7856/10000)
Train epoch: 423 | Loss: *0.002* | Acc: *100.000%* (50000/50000) 
Test epoch: 423 | Loss: *0.717* | Acc: *78.500%* (7850/10000)
Train epoch: 424 | Loss: *0.002* | Acc: *100.000%* (50000/50000) 
Test epoch: 424 | Loss: *0.722* | Acc: *78.330%* (7833/10000)
Train epoch: 425 | Loss: *0.002* | Acc: *100.000%* (50000/50000) 
Test epoch: 425 | Loss: *0.715* | Acc: *78.550%* (7855/10000)
Train epoch: 426 | Loss: *0.002* | Acc: *100.000%* (50000/50000) 
Test epoch: 426 | Loss: *0.719* | Acc: *78.390%* (7839/10000)
Train epoch: 427 | Loss: *0.002* | Acc: *100.000%* (50000/50000) 
Test epoch: 427 | Loss: *0.719* | Acc: *78.420%* (7842/10000)
Train epoch: 428 | Loss: *0.002* | Acc: *100.000%* (50000/50000) 
Test epoch: 428 | Loss: *0.718* | Acc: *78.490%* (7849/10000)
Train epoch: 429 | Loss: *0.002* | Acc: *100.000%* (50000/50000) 
Test epoch: 429 | Loss: *0.720* | Acc: *78.330%* (7833/10000)
Train epoch: 430 | Loss: *0.002* | Acc: *100.000%* (50000/50000) 
Test epoch: 430 | Loss: *0.718* | Acc: *78.460%* (7846/10000)
Train epoch: 431 | Loss: *0.002* | Acc: *100.000%* (50000/50000) 
Test epoch: 431 | Loss: *0.720* | Acc: *78.440%* (7844/10000)
Train epoch: 432 | Loss: *0.002* | Acc: *100.000%* (50000/50000) 
Test epoch: 432 | Loss: *0.718* | Acc: *78.310%* (7831/10000)
Train epoch: 433 | Loss: *0.002* | Acc: *100.000%* (50000/50000) 
Test epoch: 433 | Loss: *0.720* | Acc: *78.520%* (7852/10000)
Train epoch: 434 | Loss: *0.002* | Acc: *100.000%* (50000/50000) 
Test epoch: 434 | Loss: *0.724* | Acc: *78.380%* (7838/10000)
Train epoch: 435 | Loss: *0.002* | Acc: *100.000%* (50000/50000) 
Test epoch: 435 | Loss: *0.722* | Acc: *78.410%* (7841/10000)
Train epoch: 436 | Loss: *0.002* | Acc: *100.000%* (50000/50000) 
Test epoch: 436 | Loss: *0.722* | Acc: *78.410%* (7841/10000)
Train epoch: 437 | Loss: *0.002* | Acc: *100.000%* (50000/50000) 
Test epoch: 437 | Loss: *0.726* | Acc: *78.360%* (7836/10000)
Train epoch: 438 | Loss: *0.002* | Acc: *100.000%* (50000/50000) 
Test epoch: 438 | Loss: *0.734* | Acc: *78.100%* (7810/10000)
Train epoch: 439 | Loss: *0.002* | Acc: *100.000%* (50000/50000) 
Test epoch: 439 | Loss: *0.728* | Acc: *78.240%* (7824/10000)
Train epoch: 440 | Loss: *0.002* | Acc: *100.000%* (50000/50000) 
Test epoch: 440 | Loss: *0.725* | Acc: *78.130%* (7813/10000)
Train epoch: 441 | Loss: *0.002* | Acc: *100.000%* (50000/50000) 
Test epoch: 441 | Loss: *0.730* | Acc: *78.140%* (7814/10000)
Train epoch: 442 | Loss: *0.002* | Acc: *100.000%* (50000/50000) 
Test epoch: 442 | Loss: *0.729* | Acc: *78.060%* (7806/10000)
Train epoch: 443 | Loss: *0.002* | Acc: *100.000%* (50000/50000) 
Test epoch: 443 | Loss: *0.728* | Acc: *77.970%* (7797/10000)
Train epoch: 444 | Loss: *0.002* | Acc: *100.000%* (50000/50000) 
Test epoch: 444 | Loss: *0.727* | Acc: *78.100%* (7810/10000)
Train epoch: 445 | Loss: *0.002* | Acc: *100.000%* (50000/50000) 
Test epoch: 445 | Loss: *0.727* | Acc: *78.180%* (7818/10000)
Train epoch: 446 | Loss: *0.002* | Acc: *100.000%* (50000/50000) 
Test epoch: 446 | Loss: *0.731* | Acc: *78.150%* (7815/10000)
Train epoch: 447 | Loss: *0.002* | Acc: *100.000%* (50000/50000) 
Test epoch: 447 | Loss: *0.730* | Acc: *78.100%* (7810/10000)
Train epoch: 448 | Loss: *0.002* | Acc: *100.000%* (50000/50000) 
Test epoch: 448 | Loss: *0.730* | Acc: *78.060%* (7806/10000)
Train epoch: 449 | Loss: *0.002* | Acc: *100.000%* (50000/50000) 
Test epoch: 449 | Loss: *0.730* | Acc: *77.850%* (7785/10000)
Train epoch: 450 | Loss: *0.002* | Acc: *100.000%* (50000/50000) 
Test epoch: 450 | Loss: *0.729* | Acc: *78.060%* (7806/10000)
Train epoch: 451 | Loss: *0.002* | Acc: *100.000%* (50000/50000) 
Test epoch: 451 | Loss: *0.733* | Acc: *78.070%* (7807/10000)
Train epoch: 452 | Loss: *0.002* | Acc: *100.000%* (50000/50000) 
Test epoch: 452 | Loss: *0.733* | Acc: *77.970%* (7797/10000)
Train epoch: 453 | Loss: *0.002* | Acc: *100.000%* (50000/50000) 
Test epoch: 453 | Loss: *0.732* | Acc: *77.990%* (7799/10000)
Train epoch: 454 | Loss: *0.002* | Acc: *100.000%* (50000/50000) 
Test epoch: 454 | Loss: *0.734* | Acc: *77.900%* (7790/10000)
Train epoch: 455 | Loss: *0.002* | Acc: *100.000%* (50000/50000) 
Test epoch: 455 | Loss: *0.734* | Acc: *77.860%* (7786/10000)
Train epoch: 456 | Loss: *0.002* | Acc: *100.000%* (50000/50000) 
Test epoch: 456 | Loss: *0.737* | Acc: *77.880%* (7788/10000)
Train epoch: 457 | Loss: *0.002* | Acc: *100.000%* (50000/50000) 
Test epoch: 457 | Loss: *0.749* | Acc: *77.530%* (7753/10000)
Train epoch: 458 | Loss: *0.002* | Acc: *100.000%* (50000/50000) 
Test epoch: 458 | Loss: *0.739* | Acc: *77.840%* (7784/10000)
Train epoch: 459 | Loss: *0.053* | Acc: *98.500%* (49250/50000) 
Test epoch: 459 | Loss: *0.928* | Acc: *72.000%* (7200/10000)
Train epoch: 460 | Loss: *0.136* | Acc: *96.158%* (48079/50000) 
Test epoch: 460 | Loss: *1.461* | Acc: *62.490%* (6249/10000)
Train epoch: 461 | Loss: *0.043* | Acc: *99.284%* (49642/50000) 
Test epoch: 461 | Loss: *0.764* | Acc: *77.310%* (7731/10000)
Train epoch: 462 | Loss: *0.010* | Acc: *99.968%* (49984/50000) 
Test epoch: 462 | Loss: *0.699* | Acc: *79.090%* (7909/10000)
Train epoch: 463 | Loss: *0.004* | Acc: *100.000%* (50000/50000) 
Test epoch: 463 | Loss: *0.697* | Acc: *79.300%* (7930/10000)
Train epoch: 464 | Loss: *0.003* | Acc: *100.000%* (50000/50000) 
Test epoch: 464 | Loss: *0.696* | Acc: *79.210%* (7921/10000)
Train epoch: 465 | Loss: *0.003* | Acc: *100.000%* (50000/50000) 
Test epoch: 465 | Loss: *0.695* | Acc: *79.240%* (7924/10000)
Train epoch: 466 | Loss: *0.002* | Acc: *100.000%* (50000/50000) 
Test epoch: 466 | Loss: *0.701* | Acc: *79.070%* (7907/10000)
Train epoch: 467 | Loss: *0.002* | Acc: *100.000%* (50000/50000) 
Test epoch: 467 | Loss: *0.701* | Acc: *79.010%* (7901/10000)
Train epoch: 468 | Loss: *0.002* | Acc: *100.000%* (50000/50000) 
Test epoch: 468 | Loss: *0.702* | Acc: *78.910%* (7891/10000)
Train epoch: 469 | Loss: *0.002* | Acc: *100.000%* (50000/50000) 
Test epoch: 469 | Loss: *0.700* | Acc: *79.120%* (7912/10000)
Train epoch: 470 | Loss: *0.002* | Acc: *100.000%* (50000/50000) 
Test epoch: 470 | Loss: *0.703* | Acc: *79.140%* (7914/10000)
Train epoch: 471 | Loss: *0.002* | Acc: *100.000%* (50000/50000) 
Test epoch: 471 | Loss: *0.700* | Acc: *78.800%* (7880/10000)
Train epoch: 472 | Loss: *0.002* | Acc: *100.000%* (50000/50000) 
Test epoch: 472 | Loss: *0.705* | Acc: *78.960%* (7896/10000)
Train epoch: 473 | Loss: *0.002* | Acc: *100.000%* (50000/50000) 
Test epoch: 473 | Loss: *0.703* | Acc: *78.850%* (7885/10000)
Train epoch: 474 | Loss: *0.002* | Acc: *100.000%* (50000/50000) 
Test epoch: 474 | Loss: *0.701* | Acc: *78.870%* (7887/10000)
Train epoch: 475 | Loss: *0.002* | Acc: *100.000%* (50000/50000) 
Test epoch: 475 | Loss: *0.704* | Acc: *78.830%* (7883/10000)
Train epoch: 476 | Loss: *0.002* | Acc: *100.000%* (50000/50000) 
Test epoch: 476 | Loss: *0.705* | Acc: *78.790%* (7879/10000)
Train epoch: 477 | Loss: *0.002* | Acc: *100.000%* (50000/50000) 
Test epoch: 477 | Loss: *0.704* | Acc: *78.890%* (7889/10000)
Train epoch: 478 | Loss: *0.002* | Acc: *100.000%* (50000/50000) 
Test epoch: 478 | Loss: *0.704* | Acc: *78.770%* (7877/10000)
Train epoch: 479 | Loss: *0.002* | Acc: *100.000%* (50000/50000) 
Test epoch: 479 | Loss: *0.703* | Acc: *78.790%* (7879/10000)
Train epoch: 480 | Loss: *0.002* | Acc: *100.000%* (50000/50000) 
Test epoch: 480 | Loss: *0.706* | Acc: *78.840%* (7884/10000)
Train epoch: 481 | Loss: *0.002* | Acc: *100.000%* (50000/50000) 
Test epoch: 481 | Loss: *0.706* | Acc: *78.700%* (7870/10000)
Train epoch: 482 | Loss: *0.002* | Acc: *100.000%* (50000/50000) 
Test epoch: 482 | Loss: *0.707* | Acc: *78.790%* (7879/10000)
Train epoch: 483 | Loss: *0.002* | Acc: *100.000%* (50000/50000) 
Test epoch: 483 | Loss: *0.704* | Acc: *78.970%* (7897/10000)
Train epoch: 484 | Loss: *0.002* | Acc: *100.000%* (50000/50000) 
Test epoch: 484 | Loss: *0.705* | Acc: *78.810%* (7881/10000)
Train epoch: 485 | Loss: *0.002* | Acc: *100.000%* (50000/50000) 
Test epoch: 485 | Loss: *0.704* | Acc: *78.780%* (7878/10000)
Train epoch: 486 | Loss: *0.002* | Acc: *100.000%* (50000/50000) 
Test epoch: 486 | Loss: *0.706* | Acc: *78.840%* (7884/10000)
Train epoch: 487 | Loss: *0.002* | Acc: *100.000%* (50000/50000) 
Test epoch: 487 | Loss: *0.707* | Acc: *78.890%* (7889/10000)
Train epoch: 488 | Loss: *0.002* | Acc: *100.000%* (50000/50000) 
Test epoch: 488 | Loss: *0.706* | Acc: *78.610%* (7861/10000)
Train epoch: 489 | Loss: *0.002* | Acc: *100.000%* (50000/50000) 
Test epoch: 489 | Loss: *0.709* | Acc: *78.660%* (7866/10000)
Train epoch: 490 | Loss: *0.002* | Acc: *100.000%* (50000/50000) 
Test epoch: 490 | Loss: *0.708* | Acc: *78.670%* (7867/10000)
Train epoch: 491 | Loss: *0.002* | Acc: *100.000%* (50000/50000) 
Test epoch: 491 | Loss: *0.707* | Acc: *78.790%* (7879/10000)
Train epoch: 492 | Loss: *0.002* | Acc: *100.000%* (50000/50000) 
Test epoch: 492 | Loss: *0.709* | Acc: *78.640%* (7864/10000)
Train epoch: 493 | Loss: *0.002* | Acc: *100.000%* (50000/50000) 
Test epoch: 493 | Loss: *0.710* | Acc: *78.740%* (7874/10000)
Train epoch: 494 | Loss: *0.002* | Acc: *100.000%* (50000/50000) 
Test epoch: 494 | Loss: *0.709* | Acc: *78.730%* (7873/10000)
Train epoch: 495 | Loss: *0.002* | Acc: *100.000%* (50000/50000) 
Test epoch: 495 | Loss: *0.708* | Acc: *78.720%* (7872/10000)
Train epoch: 496 | Loss: *0.002* | Acc: *100.000%* (50000/50000) 
Test epoch: 496 | Loss: *0.708* | Acc: *78.770%* (7877/10000)
Train epoch: 497 | Loss: *0.002* | Acc: *100.000%* (50000/50000) 
Test epoch: 497 | Loss: *0.708* | Acc: *78.820%* (7882/10000)
Train epoch: 498 | Loss: *0.002* | Acc: *100.000%* (50000/50000) 
Test epoch: 498 | Loss: *0.706* | Acc: *78.890%* (7889/10000)
Train epoch: 499 | Loss: *0.002* | Acc: *100.000%* (50000/50000) 
Test epoch: 499 | Loss: *0.709* | Acc: *78.700%* (7870/10000)
Train epoch: 500 | Loss: *0.002* | Acc: *100.000%* (50000/50000) 
Test epoch: 500 | Loss: *0.708* | Acc: *78.660%* (7866/10000)
Best test accuracy: *80.230%*, loss: *0.6639850488305092*, at epoch: *52*.
==> Execution time summary of 500 epoch(s).
Train data loading time: sum. *290.4076632144861* secs | avg. *0.5808153264289722* secs per epoch.
Train training time: sum. *1624.7694209385663* secs | avg. *3.2495388418771327* secs per epoch.
Train total time: sum. *1915.1770841530524* secs | avg. *3.830354168306105* secs per epoch.
Test data loading time: sum. *110.24381165439263* secs | avg. *0.22048762330878527* secs per epoch.
Test training time: sum. *80.36741940537468* secs | avg. *0.16073483881074935* secs per epoch.
Test total time: sum. *190.6112310597673* secs | avg. *0.3812224621195346* secs per epoch.
Total data loading time: sum. *400.6514748688787* secs | avg. *0.8013029497377574* secs per epoch.
Total training time: sum. *1705.136840343941* secs | avg. *3.410273680687882* secs per epoch.
Total running time: sum. *2105.7883152128197* secs | avg. *4.21157663042564* secs per epoch.
==> Number of GPU device: 1
==> Device #0 Memory Usage
==> Allocated: 0.1 GB
==> Cached:    0.8 GB
==> Maximum: 0.8 GB
