==> Running on : cuda
==> Number of CPU: 48
==> Number of workers: 2
==> #Epochs: 500, #Layers: 4, #Blocks: [2, 1, 1, 1], In channel: 64, Input layer conv kernel: 7x7, Residual layer conv kernel 3x3, Skip kernel: 1x1, Input layer conv padding: 3, Residual layer conv padding: 1
==> Optimizer is SGD with Nesterov
==> Momentum: 0.9
==> Learning rate: 0.1
==> Weight decay: 0.0005
==>Trainable Parameters: 4984906
==>Other Parameters: 0
==>Augmentation: None
Files already downloaded and verified
Train epoch: 1 | Loss: *1.578* | Acc: *42.204%* (21102/50000) 
Test epoch: 1 | Loss: *1.441* | Acc: *47.250%* (4725/10000)
Train epoch: 2 | Loss: *1.091* | Acc: *60.840%* (30420/50000) 
Test epoch: 2 | Loss: *1.471* | Acc: *51.340%* (5134/10000)
Train epoch: 3 | Loss: *0.845* | Acc: *70.202%* (35101/50000) 
Test epoch: 3 | Loss: *1.157* | Acc: *60.990%* (6099/10000)
Train epoch: 4 | Loss: *0.678* | Acc: *76.148%* (38074/50000) 
Test epoch: 4 | Loss: *1.176* | Acc: *59.610%* (5961/10000)
Train epoch: 5 | Loss: *0.555* | Acc: *80.490%* (40245/50000) 
Test epoch: 5 | Loss: *0.764* | Acc: *73.650%* (7365/10000)
Train epoch: 6 | Loss: *0.469* | Acc: *83.610%* (41805/50000) 
Test epoch: 6 | Loss: *0.639* | Acc: *78.060%* (7806/10000)
Train epoch: 7 | Loss: *0.404* | Acc: *85.954%* (42977/50000) 
Test epoch: 7 | Loss: *0.761* | Acc: *73.830%* (7383/10000)
Train epoch: 8 | Loss: *0.355* | Acc: *87.636%* (43818/50000) 
Test epoch: 8 | Loss: *0.898* | Acc: *71.150%* (7115/10000)
Train epoch: 9 | Loss: *0.324* | Acc: *88.676%* (44338/50000) 
Test epoch: 9 | Loss: *0.658* | Acc: *78.150%* (7815/10000)
Train epoch: 10 | Loss: *0.287* | Acc: *90.096%* (45048/50000) 
Test epoch: 10 | Loss: *0.630* | Acc: *78.340%* (7834/10000)
Train epoch: 11 | Loss: *0.261* | Acc: *90.858%* (45429/50000) 
Test epoch: 11 | Loss: *0.778* | Acc: *76.100%* (7610/10000)
Train epoch: 12 | Loss: *0.246* | Acc: *91.486%* (45743/50000) 
Test epoch: 12 | Loss: *0.777* | Acc: *74.390%* (7439/10000)
Train epoch: 13 | Loss: *0.229* | Acc: *92.112%* (46056/50000) 
Test epoch: 13 | Loss: *0.662* | Acc: *79.630%* (7963/10000)
Train epoch: 14 | Loss: *0.222* | Acc: *92.254%* (46127/50000) 
Test epoch: 14 | Loss: *0.858* | Acc: *73.080%* (7308/10000)
Train epoch: 15 | Loss: *0.208* | Acc: *92.782%* (46391/50000) 
Test epoch: 15 | Loss: *0.736* | Acc: *76.960%* (7696/10000)
Train epoch: 16 | Loss: *0.210* | Acc: *92.674%* (46337/50000) 
Test epoch: 16 | Loss: *0.769* | Acc: *77.250%* (7725/10000)
Train epoch: 17 | Loss: *0.193* | Acc: *93.226%* (46613/50000) 
Test epoch: 17 | Loss: *0.648* | Acc: *79.360%* (7936/10000)
Train epoch: 18 | Loss: *0.192* | Acc: *93.414%* (46707/50000) 
Test epoch: 18 | Loss: *0.858* | Acc: *76.150%* (7615/10000)
Train epoch: 19 | Loss: *0.185* | Acc: *93.608%* (46804/50000) 
Test epoch: 19 | Loss: *0.828* | Acc: *76.610%* (7661/10000)
Train epoch: 20 | Loss: *0.185* | Acc: *93.664%* (46832/50000) 
Test epoch: 20 | Loss: *0.673* | Acc: *79.450%* (7945/10000)
Train epoch: 21 | Loss: *0.183* | Acc: *93.686%* (46843/50000) 
Test epoch: 21 | Loss: *0.759* | Acc: *77.260%* (7726/10000)
Train epoch: 22 | Loss: *0.179* | Acc: *93.828%* (46914/50000) 
Test epoch: 22 | Loss: *0.961* | Acc: *72.860%* (7286/10000)
Train epoch: 23 | Loss: *0.180* | Acc: *93.730%* (46865/50000) 
Test epoch: 23 | Loss: *0.756* | Acc: *77.980%* (7798/10000)
Train epoch: 24 | Loss: *0.176* | Acc: *93.880%* (46940/50000) 
Test epoch: 24 | Loss: *0.792* | Acc: *77.890%* (7789/10000)
Train epoch: 25 | Loss: *0.180* | Acc: *93.760%* (46880/50000) 
Test epoch: 25 | Loss: *0.651* | Acc: *79.930%* (7993/10000)
Train epoch: 26 | Loss: *0.170* | Acc: *94.208%* (47104/50000) 
Test epoch: 26 | Loss: *0.815* | Acc: *76.240%* (7624/10000)
Train epoch: 27 | Loss: *0.165* | Acc: *94.304%* (47152/50000) 
Test epoch: 27 | Loss: *0.698* | Acc: *78.430%* (7843/10000)
Train epoch: 28 | Loss: *0.173* | Acc: *94.058%* (47029/50000) 
Test epoch: 28 | Loss: *0.777* | Acc: *76.920%* (7692/10000)
Train epoch: 29 | Loss: *0.168* | Acc: *94.280%* (47140/50000) 
Test epoch: 29 | Loss: *0.704* | Acc: *78.370%* (7837/10000)
Train epoch: 30 | Loss: *0.164* | Acc: *94.374%* (47187/50000) 
Test epoch: 30 | Loss: *0.737* | Acc: *78.230%* (7823/10000)
Train epoch: 31 | Loss: *0.166* | Acc: *94.332%* (47166/50000) 
Test epoch: 31 | Loss: *0.715* | Acc: *79.250%* (7925/10000)
Train epoch: 32 | Loss: *0.165* | Acc: *94.390%* (47195/50000) 
Test epoch: 32 | Loss: *0.647* | Acc: *80.010%* (8001/10000)
Train epoch: 33 | Loss: *0.160* | Acc: *94.440%* (47220/50000) 
Test epoch: 33 | Loss: *0.894* | Acc: *75.630%* (7563/10000)
Train epoch: 34 | Loss: *0.162* | Acc: *94.596%* (47298/50000) 
Test epoch: 34 | Loss: *0.740* | Acc: *78.180%* (7818/10000)
Train epoch: 35 | Loss: *0.160* | Acc: *94.544%* (47272/50000) 
Test epoch: 35 | Loss: *0.702* | Acc: *79.290%* (7929/10000)
Train epoch: 36 | Loss: *0.154* | Acc: *94.718%* (47359/50000) 
Test epoch: 36 | Loss: *0.683* | Acc: *79.820%* (7982/10000)
Train epoch: 37 | Loss: *0.164* | Acc: *94.414%* (47207/50000) 
Test epoch: 37 | Loss: *0.811* | Acc: *77.610%* (7761/10000)
Train epoch: 38 | Loss: *0.155* | Acc: *94.702%* (47351/50000) 
Test epoch: 38 | Loss: *1.083* | Acc: *70.510%* (7051/10000)
Train epoch: 39 | Loss: *0.154* | Acc: *94.712%* (47356/50000) 
Test epoch: 39 | Loss: *0.812* | Acc: *77.430%* (7743/10000)
Train epoch: 40 | Loss: *0.154* | Acc: *94.610%* (47305/50000) 
Test epoch: 40 | Loss: *0.839* | Acc: *76.160%* (7616/10000)
Train epoch: 41 | Loss: *0.158* | Acc: *94.480%* (47240/50000) 
Test epoch: 41 | Loss: *0.618* | Acc: *80.260%* (8026/10000)
Train epoch: 42 | Loss: *0.144* | Acc: *95.174%* (47587/50000) 
Test epoch: 42 | Loss: *0.697* | Acc: *79.150%* (7915/10000)
Train epoch: 43 | Loss: *0.151* | Acc: *94.770%* (47385/50000) 
Test epoch: 43 | Loss: *0.686* | Acc: *80.020%* (8002/10000)
Train epoch: 44 | Loss: *0.144* | Acc: *95.032%* (47516/50000) 
Test epoch: 44 | Loss: *0.955* | Acc: *73.360%* (7336/10000)
Train epoch: 45 | Loss: *0.149* | Acc: *94.856%* (47428/50000) 
Test epoch: 45 | Loss: *0.674* | Acc: *79.350%* (7935/10000)
Train epoch: 46 | Loss: *0.146* | Acc: *95.074%* (47537/50000) 
Test epoch: 46 | Loss: *0.672* | Acc: *79.900%* (7990/10000)
Train epoch: 47 | Loss: *0.143* | Acc: *95.128%* (47564/50000) 
Test epoch: 47 | Loss: *0.863* | Acc: *76.040%* (7604/10000)
Train epoch: 48 | Loss: *0.144* | Acc: *95.064%* (47532/50000) 
Test epoch: 48 | Loss: *0.746* | Acc: *78.570%* (7857/10000)
Train epoch: 49 | Loss: *0.136* | Acc: *95.410%* (47705/50000) 
Test epoch: 49 | Loss: *1.172* | Acc: *71.180%* (7118/10000)
Train epoch: 50 | Loss: *0.148* | Acc: *94.862%* (47431/50000) 
Test epoch: 50 | Loss: *0.773* | Acc: *77.160%* (7716/10000)
Train epoch: 51 | Loss: *0.135* | Acc: *95.348%* (47674/50000) 
Test epoch: 51 | Loss: *0.860* | Acc: *76.320%* (7632/10000)
Train epoch: 52 | Loss: *0.140* | Acc: *95.212%* (47606/50000) 
Test epoch: 52 | Loss: *0.688* | Acc: *79.520%* (7952/10000)
Train epoch: 53 | Loss: *0.137* | Acc: *95.284%* (47642/50000) 
Test epoch: 53 | Loss: *0.711* | Acc: *79.210%* (7921/10000)
Train epoch: 54 | Loss: *0.130* | Acc: *95.610%* (47805/50000) 
Test epoch: 54 | Loss: *0.716* | Acc: *79.300%* (7930/10000)
Train epoch: 55 | Loss: *0.136* | Acc: *95.334%* (47667/50000) 
Test epoch: 55 | Loss: *0.779* | Acc: *78.540%* (7854/10000)
Train epoch: 56 | Loss: *0.137* | Acc: *95.250%* (47625/50000) 
Test epoch: 56 | Loss: *0.604* | Acc: *81.860%* (8186/10000)
Train epoch: 57 | Loss: *0.133* | Acc: *95.302%* (47651/50000) 
Test epoch: 57 | Loss: *0.675* | Acc: *80.750%* (8075/10000)
Train epoch: 58 | Loss: *0.123* | Acc: *95.848%* (47924/50000) 
Test epoch: 58 | Loss: *0.701* | Acc: *79.660%* (7966/10000)
Train epoch: 59 | Loss: *0.130* | Acc: *95.572%* (47786/50000) 
Test epoch: 59 | Loss: *0.604* | Acc: *81.840%* (8184/10000)
Train epoch: 60 | Loss: *0.119* | Acc: *95.946%* (47973/50000) 
Test epoch: 60 | Loss: *0.740* | Acc: *78.170%* (7817/10000)
Train epoch: 61 | Loss: *0.137* | Acc: *95.274%* (47637/50000) 
Test epoch: 61 | Loss: *0.684* | Acc: *80.090%* (8009/10000)
Train epoch: 62 | Loss: *0.120* | Acc: *95.940%* (47970/50000) 
Test epoch: 62 | Loss: *0.819* | Acc: *76.540%* (7654/10000)
Train epoch: 63 | Loss: *0.123* | Acc: *95.870%* (47935/50000) 
Test epoch: 63 | Loss: *0.624* | Acc: *81.730%* (8173/10000)
Train epoch: 64 | Loss: *0.125* | Acc: *95.796%* (47898/50000) 
Test epoch: 64 | Loss: *1.391* | Acc: *65.420%* (6542/10000)
Train epoch: 65 | Loss: *0.117* | Acc: *96.050%* (48025/50000) 
Test epoch: 65 | Loss: *0.686* | Acc: *80.310%* (8031/10000)
Train epoch: 66 | Loss: *0.122* | Acc: *95.896%* (47948/50000) 
Test epoch: 66 | Loss: *0.701* | Acc: *79.590%* (7959/10000)
Train epoch: 67 | Loss: *0.112* | Acc: *96.250%* (48125/50000) 
Test epoch: 67 | Loss: *0.888* | Acc: *76.040%* (7604/10000)
Train epoch: 68 | Loss: *0.123* | Acc: *95.830%* (47915/50000) 
Test epoch: 68 | Loss: *0.716* | Acc: *79.740%* (7974/10000)
Train epoch: 69 | Loss: *0.109* | Acc: *96.360%* (48180/50000) 
Test epoch: 69 | Loss: *0.704* | Acc: *80.340%* (8034/10000)
Train epoch: 70 | Loss: *0.119* | Acc: *96.046%* (48023/50000) 
Test epoch: 70 | Loss: *0.844* | Acc: *76.790%* (7679/10000)
Train epoch: 71 | Loss: *0.114* | Acc: *96.162%* (48081/50000) 
Test epoch: 71 | Loss: *0.797* | Acc: *79.470%* (7947/10000)
Train epoch: 72 | Loss: *0.107* | Acc: *96.278%* (48139/50000) 
Test epoch: 72 | Loss: *0.702* | Acc: *80.340%* (8034/10000)
Train epoch: 73 | Loss: *0.111* | Acc: *96.144%* (48072/50000) 
Test epoch: 73 | Loss: *0.745* | Acc: *78.850%* (7885/10000)
Train epoch: 74 | Loss: *0.109* | Acc: *96.412%* (48206/50000) 
Test epoch: 74 | Loss: *0.671* | Acc: *80.750%* (8075/10000)
Train epoch: 75 | Loss: *0.097* | Acc: *96.788%* (48394/50000) 
Test epoch: 75 | Loss: *0.811* | Acc: *77.450%* (7745/10000)
Train epoch: 76 | Loss: *0.107* | Acc: *96.332%* (48166/50000) 
Test epoch: 76 | Loss: *0.732* | Acc: *79.910%* (7991/10000)
Train epoch: 77 | Loss: *0.107* | Acc: *96.348%* (48174/50000) 
Test epoch: 77 | Loss: *0.717* | Acc: *78.670%* (7867/10000)
Train epoch: 78 | Loss: *0.101* | Acc: *96.642%* (48321/50000) 
Test epoch: 78 | Loss: *1.136* | Acc: *72.900%* (7290/10000)
Train epoch: 79 | Loss: *0.094* | Acc: *96.804%* (48402/50000) 
Test epoch: 79 | Loss: *0.670* | Acc: *81.380%* (8138/10000)
Train epoch: 80 | Loss: *0.104* | Acc: *96.466%* (48233/50000) 
Test epoch: 80 | Loss: *0.686* | Acc: *80.530%* (8053/10000)
Train epoch: 81 | Loss: *0.101* | Acc: *96.468%* (48234/50000) 
Test epoch: 81 | Loss: *0.733* | Acc: *79.510%* (7951/10000)
Train epoch: 82 | Loss: *0.093* | Acc: *96.966%* (48483/50000) 
Test epoch: 82 | Loss: *0.758* | Acc: *78.490%* (7849/10000)
Train epoch: 83 | Loss: *0.094* | Acc: *96.930%* (48465/50000) 
Test epoch: 83 | Loss: *0.873* | Acc: *76.490%* (7649/10000)
Train epoch: 84 | Loss: *0.090* | Acc: *97.052%* (48526/50000) 
Test epoch: 84 | Loss: *0.824* | Acc: *77.900%* (7790/10000)
Train epoch: 85 | Loss: *0.097* | Acc: *96.698%* (48349/50000) 
Test epoch: 85 | Loss: *0.763* | Acc: *78.590%* (7859/10000)
Train epoch: 86 | Loss: *0.090* | Acc: *96.996%* (48498/50000) 
Test epoch: 86 | Loss: *0.745* | Acc: *80.020%* (8002/10000)
Train epoch: 87 | Loss: *0.086* | Acc: *97.100%* (48550/50000) 
Test epoch: 87 | Loss: *0.792* | Acc: *79.130%* (7913/10000)
Train epoch: 88 | Loss: *0.084* | Acc: *97.260%* (48630/50000) 
Test epoch: 88 | Loss: *1.155* | Acc: *73.390%* (7339/10000)
Train epoch: 89 | Loss: *0.083* | Acc: *97.276%* (48638/50000) 
Test epoch: 89 | Loss: *0.812* | Acc: *77.620%* (7762/10000)
Train epoch: 90 | Loss: *0.088* | Acc: *97.036%* (48518/50000) 
Test epoch: 90 | Loss: *0.735* | Acc: *79.630%* (7963/10000)
Train epoch: 91 | Loss: *0.067* | Acc: *97.890%* (48945/50000) 
Test epoch: 91 | Loss: *0.738* | Acc: *80.100%* (8010/10000)
Train epoch: 92 | Loss: *0.085* | Acc: *97.216%* (48608/50000) 
Test epoch: 92 | Loss: *0.817* | Acc: *80.010%* (8001/10000)
Train epoch: 93 | Loss: *0.089* | Acc: *97.032%* (48516/50000) 
Test epoch: 93 | Loss: *0.839* | Acc: *77.440%* (7744/10000)
Train epoch: 94 | Loss: *0.074* | Acc: *97.580%* (48790/50000) 
Test epoch: 94 | Loss: *0.785* | Acc: *79.310%* (7931/10000)
Train epoch: 95 | Loss: *0.074* | Acc: *97.520%* (48760/50000) 
Test epoch: 95 | Loss: *0.723* | Acc: *80.230%* (8023/10000)
Train epoch: 96 | Loss: *0.076* | Acc: *97.482%* (48741/50000) 
Test epoch: 96 | Loss: *0.984* | Acc: *73.900%* (7390/10000)
Train epoch: 97 | Loss: *0.071* | Acc: *97.760%* (48880/50000) 
Test epoch: 97 | Loss: *0.633* | Acc: *81.130%* (8113/10000)
Train epoch: 98 | Loss: *0.068* | Acc: *97.742%* (48871/50000) 
Test epoch: 98 | Loss: *0.670* | Acc: *81.870%* (8187/10000)
Train epoch: 99 | Loss: *0.077* | Acc: *97.406%* (48703/50000) 
Test epoch: 99 | Loss: *0.746* | Acc: *79.880%* (7988/10000)
Train epoch: 100 | Loss: *0.063* | Acc: *97.988%* (48994/50000) 
Test epoch: 100 | Loss: *0.704* | Acc: *80.910%* (8091/10000)
Train epoch: 101 | Loss: *0.057* | Acc: *98.240%* (49120/50000) 
Test epoch: 101 | Loss: *0.665* | Acc: *82.450%* (8245/10000)
Train epoch: 102 | Loss: *0.061* | Acc: *98.032%* (49016/50000) 
Test epoch: 102 | Loss: *0.730* | Acc: *80.340%* (8034/10000)
Train epoch: 103 | Loss: *0.069* | Acc: *97.742%* (48871/50000) 
Test epoch: 103 | Loss: *0.728* | Acc: *79.440%* (7944/10000)
Train epoch: 104 | Loss: *0.070* | Acc: *97.748%* (48874/50000) 
Test epoch: 104 | Loss: *0.633* | Acc: *81.410%* (8141/10000)
Train epoch: 105 | Loss: *0.059* | Acc: *98.134%* (49067/50000) 
Test epoch: 105 | Loss: *0.637* | Acc: *82.730%* (8273/10000)
Train epoch: 106 | Loss: *0.048* | Acc: *98.516%* (49258/50000) 
Test epoch: 106 | Loss: *0.697* | Acc: *82.070%* (8207/10000)
Train epoch: 107 | Loss: *0.060* | Acc: *98.038%* (49019/50000) 
Test epoch: 107 | Loss: *0.596* | Acc: *83.580%* (8358/10000)
Train epoch: 108 | Loss: *0.057* | Acc: *98.152%* (49076/50000) 
Test epoch: 108 | Loss: *0.873* | Acc: *78.120%* (7812/10000)
Train epoch: 109 | Loss: *0.058* | Acc: *98.140%* (49070/50000) 
Test epoch: 109 | Loss: *0.827* | Acc: *77.160%* (7716/10000)
Train epoch: 110 | Loss: *0.058* | Acc: *98.146%* (49073/50000) 
Test epoch: 110 | Loss: *0.762* | Acc: *80.510%* (8051/10000)
Train epoch: 111 | Loss: *0.047* | Acc: *98.548%* (49274/50000) 
Test epoch: 111 | Loss: *0.692* | Acc: *81.960%* (8196/10000)
Train epoch: 112 | Loss: *0.032* | Acc: *99.040%* (49520/50000) 
Test epoch: 112 | Loss: *0.656* | Acc: *81.900%* (8190/10000)
Train epoch: 113 | Loss: *0.038* | Acc: *98.882%* (49441/50000) 
Test epoch: 113 | Loss: *0.568* | Acc: *83.820%* (8382/10000)
Train epoch: 114 | Loss: *0.042* | Acc: *98.712%* (49356/50000) 
Test epoch: 114 | Loss: *0.681* | Acc: *81.740%* (8174/10000)
Train epoch: 115 | Loss: *0.071* | Acc: *97.728%* (48864/50000) 
Test epoch: 115 | Loss: *0.659* | Acc: *81.640%* (8164/10000)
Train epoch: 116 | Loss: *0.048* | Acc: *98.554%* (49277/50000) 
Test epoch: 116 | Loss: *0.736* | Acc: *80.540%* (8054/10000)
Train epoch: 117 | Loss: *0.038* | Acc: *98.898%* (49449/50000) 
Test epoch: 117 | Loss: *0.609* | Acc: *83.600%* (8360/10000)
Train epoch: 118 | Loss: *0.021* | Acc: *99.474%* (49737/50000) 
Test epoch: 118 | Loss: *0.543* | Acc: *84.940%* (8494/10000)
Train epoch: 119 | Loss: *0.007* | Acc: *99.906%* (49953/50000) 
Test epoch: 119 | Loss: *0.468* | Acc: *86.560%* (8656/10000)
Train epoch: 120 | Loss: *0.003* | Acc: *99.990%* (49995/50000) 
Test epoch: 120 | Loss: *0.401* | Acc: *88.190%* (8819/10000)
Train epoch: 121 | Loss: *0.002* | Acc: *100.000%* (50000/50000) 
Test epoch: 121 | Loss: *0.385* | Acc: *88.450%* (8845/10000)
Train epoch: 122 | Loss: *0.002* | Acc: *100.000%* (50000/50000) 
Test epoch: 122 | Loss: *0.373* | Acc: *88.550%* (8855/10000)
Train epoch: 123 | Loss: *0.002* | Acc: *100.000%* (50000/50000) 
Test epoch: 123 | Loss: *0.367* | Acc: *88.570%* (8857/10000)
Train epoch: 124 | Loss: *0.002* | Acc: *100.000%* (50000/50000) 
Test epoch: 124 | Loss: *0.364* | Acc: *88.540%* (8854/10000)
Train epoch: 125 | Loss: *0.003* | Acc: *100.000%* (50000/50000) 
Test epoch: 125 | Loss: *0.362* | Acc: *88.800%* (8880/10000)
Train epoch: 126 | Loss: *0.003* | Acc: *100.000%* (50000/50000) 
Test epoch: 126 | Loss: *0.357* | Acc: *88.710%* (8871/10000)
Train epoch: 127 | Loss: *0.003* | Acc: *100.000%* (50000/50000) 
Test epoch: 127 | Loss: *0.357* | Acc: *88.620%* (8862/10000)
Train epoch: 128 | Loss: *0.002* | Acc: *100.000%* (50000/50000) 
Test epoch: 128 | Loss: *0.361* | Acc: *88.540%* (8854/10000)
Train epoch: 129 | Loss: *0.002* | Acc: *100.000%* (50000/50000) 
Test epoch: 129 | Loss: *0.358* | Acc: *88.590%* (8859/10000)
Train epoch: 130 | Loss: *0.002* | Acc: *100.000%* (50000/50000) 
Test epoch: 130 | Loss: *0.355* | Acc: *88.610%* (8861/10000)
Train epoch: 131 | Loss: *0.002* | Acc: *100.000%* (50000/50000) 
Test epoch: 131 | Loss: *0.357* | Acc: *88.560%* (8856/10000)
Train epoch: 132 | Loss: *0.002* | Acc: *100.000%* (50000/50000) 
Test epoch: 132 | Loss: *0.357* | Acc: *88.420%* (8842/10000)
Train epoch: 133 | Loss: *0.002* | Acc: *100.000%* (50000/50000) 
Test epoch: 133 | Loss: *0.359* | Acc: *88.320%* (8832/10000)
Train epoch: 134 | Loss: *0.002* | Acc: *100.000%* (50000/50000) 
Test epoch: 134 | Loss: *0.359* | Acc: *88.350%* (8835/10000)
Train epoch: 135 | Loss: *0.002* | Acc: *100.000%* (50000/50000) 
Test epoch: 135 | Loss: *0.366* | Acc: *87.990%* (8799/10000)
Train epoch: 136 | Loss: *0.002* | Acc: *100.000%* (50000/50000) 
Test epoch: 136 | Loss: *0.363* | Acc: *88.340%* (8834/10000)
Train epoch: 137 | Loss: *0.002* | Acc: *100.000%* (50000/50000) 
Test epoch: 137 | Loss: *0.367* | Acc: *88.210%* (8821/10000)
Train epoch: 138 | Loss: *0.002* | Acc: *100.000%* (50000/50000) 
Test epoch: 138 | Loss: *0.368* | Acc: *88.100%* (8810/10000)
Train epoch: 139 | Loss: *0.002* | Acc: *100.000%* (50000/50000) 
Test epoch: 139 | Loss: *0.366* | Acc: *88.140%* (8814/10000)
Train epoch: 140 | Loss: *0.002* | Acc: *100.000%* (50000/50000) 
Test epoch: 140 | Loss: *0.369* | Acc: *88.050%* (8805/10000)
Train epoch: 141 | Loss: *0.002* | Acc: *100.000%* (50000/50000) 
Test epoch: 141 | Loss: *0.374* | Acc: *88.080%* (8808/10000)
Train epoch: 142 | Loss: *0.002* | Acc: *100.000%* (50000/50000) 
Test epoch: 142 | Loss: *0.375* | Acc: *88.050%* (8805/10000)
Train epoch: 143 | Loss: *0.002* | Acc: *100.000%* (50000/50000) 
Test epoch: 143 | Loss: *0.380* | Acc: *87.760%* (8776/10000)
Train epoch: 144 | Loss: *0.326* | Acc: *88.636%* (44318/50000) 
Test epoch: 144 | Loss: *1.532* | Acc: *44.250%* (4425/10000)
Train epoch: 145 | Loss: *1.118* | Acc: *59.994%* (29997/50000) 
Test epoch: 145 | Loss: *1.338* | Acc: *51.800%* (5180/10000)
Train epoch: 146 | Loss: *0.709* | Acc: *75.254%* (37627/50000) 
Test epoch: 146 | Loss: *0.830* | Acc: *70.840%* (7084/10000)
Train epoch: 147 | Loss: *0.538* | Acc: *81.332%* (40666/50000) 
Test epoch: 147 | Loss: *0.658* | Acc: *77.010%* (7701/10000)
Train epoch: 148 | Loss: *0.411* | Acc: *85.784%* (42892/50000) 
Test epoch: 148 | Loss: *0.739* | Acc: *75.730%* (7573/10000)
Train epoch: 149 | Loss: *0.306* | Acc: *89.502%* (44751/50000) 
Test epoch: 149 | Loss: *0.675* | Acc: *77.910%* (7791/10000)
Train epoch: 150 | Loss: *0.215* | Acc: *92.730%* (46365/50000) 
Test epoch: 150 | Loss: *0.643* | Acc: *79.860%* (7986/10000)
Train epoch: 151 | Loss: *0.138* | Acc: *95.620%* (47810/50000) 
Test epoch: 151 | Loss: *0.702* | Acc: *79.740%* (7974/10000)
Train epoch: 152 | Loss: *0.082* | Acc: *97.486%* (48743/50000) 
Test epoch: 152 | Loss: *0.743* | Acc: *79.530%* (7953/10000)
Train epoch: 153 | Loss: *0.050* | Acc: *98.626%* (49313/50000) 
Test epoch: 153 | Loss: *0.714* | Acc: *80.860%* (8086/10000)
Train epoch: 154 | Loss: *0.022* | Acc: *99.600%* (49800/50000) 
Test epoch: 154 | Loss: *0.650* | Acc: *82.300%* (8230/10000)
Train epoch: 155 | Loss: *0.010* | Acc: *99.914%* (49957/50000) 
Test epoch: 155 | Loss: *0.592* | Acc: *83.080%* (8308/10000)
Train epoch: 156 | Loss: *0.004* | Acc: *99.998%* (49999/50000) 
Test epoch: 156 | Loss: *0.549* | Acc: *84.400%* (8440/10000)
Train epoch: 157 | Loss: *0.002* | Acc: *100.000%* (50000/50000) 
Test epoch: 157 | Loss: *0.543* | Acc: *84.440%* (8444/10000)
Train epoch: 158 | Loss: *0.002* | Acc: *100.000%* (50000/50000) 
Test epoch: 158 | Loss: *0.532* | Acc: *84.690%* (8469/10000)
Train epoch: 159 | Loss: *0.002* | Acc: *100.000%* (50000/50000) 
Test epoch: 159 | Loss: *0.530* | Acc: *84.750%* (8475/10000)
Train epoch: 160 | Loss: *0.002* | Acc: *100.000%* (50000/50000) 
Test epoch: 160 | Loss: *0.526* | Acc: *84.870%* (8487/10000)
Train epoch: 161 | Loss: *0.002* | Acc: *100.000%* (50000/50000) 
Test epoch: 161 | Loss: *0.520* | Acc: *84.750%* (8475/10000)
Train epoch: 162 | Loss: *0.002* | Acc: *100.000%* (50000/50000) 
Test epoch: 162 | Loss: *0.517* | Acc: *84.860%* (8486/10000)
Train epoch: 163 | Loss: *0.002* | Acc: *100.000%* (50000/50000) 
Test epoch: 163 | Loss: *0.514* | Acc: *84.720%* (8472/10000)
Train epoch: 164 | Loss: *0.002* | Acc: *100.000%* (50000/50000) 
Test epoch: 164 | Loss: *0.510* | Acc: *84.820%* (8482/10000)
Train epoch: 165 | Loss: *0.002* | Acc: *100.000%* (50000/50000) 
Test epoch: 165 | Loss: *0.508* | Acc: *84.780%* (8478/10000)
Train epoch: 166 | Loss: *0.002* | Acc: *100.000%* (50000/50000) 
Test epoch: 166 | Loss: *0.507* | Acc: *84.880%* (8488/10000)
Train epoch: 167 | Loss: *0.002* | Acc: *100.000%* (50000/50000) 
Test epoch: 167 | Loss: *0.502* | Acc: *84.890%* (8489/10000)
Train epoch: 168 | Loss: *0.002* | Acc: *100.000%* (50000/50000) 
Test epoch: 168 | Loss: *0.504* | Acc: *84.720%* (8472/10000)
Train epoch: 169 | Loss: *0.002* | Acc: *100.000%* (50000/50000) 
Test epoch: 169 | Loss: *0.503* | Acc: *84.730%* (8473/10000)
Train epoch: 170 | Loss: *0.002* | Acc: *100.000%* (50000/50000) 
Test epoch: 170 | Loss: *0.501* | Acc: *84.760%* (8476/10000)
Train epoch: 171 | Loss: *0.002* | Acc: *100.000%* (50000/50000) 
Test epoch: 171 | Loss: *0.499* | Acc: *84.670%* (8467/10000)
Train epoch: 172 | Loss: *0.002* | Acc: *100.000%* (50000/50000) 
Test epoch: 172 | Loss: *0.498* | Acc: *84.830%* (8483/10000)
Train epoch: 173 | Loss: *0.002* | Acc: *100.000%* (50000/50000) 
Test epoch: 173 | Loss: *0.498* | Acc: *84.730%* (8473/10000)
Train epoch: 174 | Loss: *0.002* | Acc: *100.000%* (50000/50000) 
Test epoch: 174 | Loss: *0.498* | Acc: *84.830%* (8483/10000)
Train epoch: 175 | Loss: *0.002* | Acc: *100.000%* (50000/50000) 
Test epoch: 175 | Loss: *0.496* | Acc: *84.630%* (8463/10000)
Train epoch: 176 | Loss: *0.002* | Acc: *100.000%* (50000/50000) 
Test epoch: 176 | Loss: *0.495* | Acc: *84.720%* (8472/10000)
Train epoch: 177 | Loss: *0.002* | Acc: *100.000%* (50000/50000) 
Test epoch: 177 | Loss: *0.494* | Acc: *84.760%* (8476/10000)
Train epoch: 178 | Loss: *0.002* | Acc: *100.000%* (50000/50000) 
Test epoch: 178 | Loss: *0.495* | Acc: *84.780%* (8478/10000)
Train epoch: 179 | Loss: *0.002* | Acc: *100.000%* (50000/50000) 
Test epoch: 179 | Loss: *0.496* | Acc: *84.820%* (8482/10000)
Train epoch: 180 | Loss: *0.002* | Acc: *100.000%* (50000/50000) 
Test epoch: 180 | Loss: *0.496* | Acc: *84.840%* (8484/10000)
Train epoch: 181 | Loss: *0.002* | Acc: *100.000%* (50000/50000) 
Test epoch: 181 | Loss: *0.495* | Acc: *84.740%* (8474/10000)
Train epoch: 182 | Loss: *0.002* | Acc: *100.000%* (50000/50000) 
Test epoch: 182 | Loss: *0.495* | Acc: *84.730%* (8473/10000)
Train epoch: 183 | Loss: *0.002* | Acc: *100.000%* (50000/50000) 
Test epoch: 183 | Loss: *0.495* | Acc: *84.700%* (8470/10000)
Train epoch: 184 | Loss: *0.002* | Acc: *100.000%* (50000/50000) 
Test epoch: 184 | Loss: *0.495* | Acc: *84.780%* (8478/10000)
Train epoch: 185 | Loss: *0.002* | Acc: *100.000%* (50000/50000) 
Test epoch: 185 | Loss: *0.494* | Acc: *84.690%* (8469/10000)
Train epoch: 186 | Loss: *0.002* | Acc: *100.000%* (50000/50000) 
Test epoch: 186 | Loss: *0.494* | Acc: *84.850%* (8485/10000)
Train epoch: 187 | Loss: *0.002* | Acc: *100.000%* (50000/50000) 
Test epoch: 187 | Loss: *0.494* | Acc: *84.950%* (8495/10000)
Train epoch: 188 | Loss: *0.002* | Acc: *100.000%* (50000/50000) 
Test epoch: 188 | Loss: *0.495* | Acc: *84.800%* (8480/10000)
Train epoch: 189 | Loss: *0.002* | Acc: *100.000%* (50000/50000) 
Test epoch: 189 | Loss: *0.497* | Acc: *84.750%* (8475/10000)
Train epoch: 190 | Loss: *0.002* | Acc: *100.000%* (50000/50000) 
Test epoch: 190 | Loss: *0.495* | Acc: *84.800%* (8480/10000)
Train epoch: 191 | Loss: *0.002* | Acc: *100.000%* (50000/50000) 
Test epoch: 191 | Loss: *0.495* | Acc: *84.850%* (8485/10000)
Train epoch: 192 | Loss: *0.002* | Acc: *100.000%* (50000/50000) 
Test epoch: 192 | Loss: *0.492* | Acc: *84.910%* (8491/10000)
Train epoch: 193 | Loss: *0.002* | Acc: *100.000%* (50000/50000) 
Test epoch: 193 | Loss: *0.493* | Acc: *84.790%* (8479/10000)
Train epoch: 194 | Loss: *0.002* | Acc: *100.000%* (50000/50000) 
Test epoch: 194 | Loss: *0.493* | Acc: *84.860%* (8486/10000)
Train epoch: 195 | Loss: *0.002* | Acc: *100.000%* (50000/50000) 
Test epoch: 195 | Loss: *0.494* | Acc: *84.810%* (8481/10000)
Train epoch: 196 | Loss: *0.002* | Acc: *100.000%* (50000/50000) 
Test epoch: 196 | Loss: *0.495* | Acc: *84.830%* (8483/10000)
Train epoch: 197 | Loss: *0.002* | Acc: *100.000%* (50000/50000) 
Test epoch: 197 | Loss: *0.494* | Acc: *84.710%* (8471/10000)
Train epoch: 198 | Loss: *0.002* | Acc: *100.000%* (50000/50000) 
Test epoch: 198 | Loss: *0.493* | Acc: *84.700%* (8470/10000)
Train epoch: 199 | Loss: *0.002* | Acc: *100.000%* (50000/50000) 
Test epoch: 199 | Loss: *0.493* | Acc: *84.910%* (8491/10000)
Train epoch: 200 | Loss: *0.002* | Acc: *100.000%* (50000/50000) 
Test epoch: 200 | Loss: *0.496* | Acc: *84.700%* (8470/10000)
Train epoch: 201 | Loss: *0.002* | Acc: *100.000%* (50000/50000) 
Test epoch: 201 | Loss: *0.494* | Acc: *84.750%* (8475/10000)
Train epoch: 202 | Loss: *0.002* | Acc: *100.000%* (50000/50000) 
Test epoch: 202 | Loss: *0.493* | Acc: *84.840%* (8484/10000)
Train epoch: 203 | Loss: *0.002* | Acc: *100.000%* (50000/50000) 
Test epoch: 203 | Loss: *0.491* | Acc: *84.770%* (8477/10000)
Train epoch: 204 | Loss: *0.002* | Acc: *100.000%* (50000/50000) 
Test epoch: 204 | Loss: *0.494* | Acc: *84.840%* (8484/10000)
Train epoch: 205 | Loss: *0.002* | Acc: *100.000%* (50000/50000) 
Test epoch: 205 | Loss: *0.492* | Acc: *84.770%* (8477/10000)
Train epoch: 206 | Loss: *0.002* | Acc: *100.000%* (50000/50000) 
Test epoch: 206 | Loss: *0.493* | Acc: *84.690%* (8469/10000)
Train epoch: 207 | Loss: *0.002* | Acc: *100.000%* (50000/50000) 
Test epoch: 207 | Loss: *0.494* | Acc: *84.810%* (8481/10000)
Train epoch: 208 | Loss: *0.002* | Acc: *100.000%* (50000/50000) 
Test epoch: 208 | Loss: *0.495* | Acc: *84.810%* (8481/10000)
Train epoch: 209 | Loss: *0.002* | Acc: *100.000%* (50000/50000) 
Test epoch: 209 | Loss: *0.495* | Acc: *84.660%* (8466/10000)
Train epoch: 210 | Loss: *0.002* | Acc: *100.000%* (50000/50000) 
Test epoch: 210 | Loss: *0.493* | Acc: *84.860%* (8486/10000)
Train epoch: 211 | Loss: *0.002* | Acc: *100.000%* (50000/50000) 
Test epoch: 211 | Loss: *0.495* | Acc: *84.730%* (8473/10000)
Train epoch: 212 | Loss: *0.002* | Acc: *100.000%* (50000/50000) 
Test epoch: 212 | Loss: *0.493* | Acc: *84.730%* (8473/10000)
Train epoch: 213 | Loss: *0.002* | Acc: *100.000%* (50000/50000) 
Test epoch: 213 | Loss: *0.495* | Acc: *84.670%* (8467/10000)
Train epoch: 214 | Loss: *0.002* | Acc: *100.000%* (50000/50000) 
Test epoch: 214 | Loss: *0.494* | Acc: *84.940%* (8494/10000)
Train epoch: 215 | Loss: *0.002* | Acc: *100.000%* (50000/50000) 
Test epoch: 215 | Loss: *0.492* | Acc: *84.720%* (8472/10000)
Train epoch: 216 | Loss: *0.002* | Acc: *100.000%* (50000/50000) 
Test epoch: 216 | Loss: *0.493* | Acc: *84.760%* (8476/10000)
Train epoch: 217 | Loss: *0.002* | Acc: *100.000%* (50000/50000) 
Test epoch: 217 | Loss: *0.493* | Acc: *84.790%* (8479/10000)
Train epoch: 218 | Loss: *0.002* | Acc: *100.000%* (50000/50000) 
Test epoch: 218 | Loss: *0.492* | Acc: *84.780%* (8478/10000)
Train epoch: 219 | Loss: *0.002* | Acc: *100.000%* (50000/50000) 
Test epoch: 219 | Loss: *0.492* | Acc: *84.740%* (8474/10000)
Train epoch: 220 | Loss: *0.003* | Acc: *100.000%* (50000/50000) 
Test epoch: 220 | Loss: *0.492* | Acc: *84.860%* (8486/10000)
Train epoch: 221 | Loss: *0.002* | Acc: *100.000%* (50000/50000) 
Test epoch: 221 | Loss: *0.494* | Acc: *84.760%* (8476/10000)
Train epoch: 222 | Loss: *0.003* | Acc: *100.000%* (50000/50000) 
Test epoch: 222 | Loss: *0.491* | Acc: *84.960%* (8496/10000)
Train epoch: 223 | Loss: *0.002* | Acc: *100.000%* (50000/50000) 
Test epoch: 223 | Loss: *0.494* | Acc: *84.730%* (8473/10000)
Train epoch: 224 | Loss: *0.002* | Acc: *100.000%* (50000/50000) 
Test epoch: 224 | Loss: *0.493* | Acc: *84.610%* (8461/10000)
Train epoch: 225 | Loss: *0.002* | Acc: *100.000%* (50000/50000) 
Test epoch: 225 | Loss: *0.492* | Acc: *84.730%* (8473/10000)
Train epoch: 226 | Loss: *0.002* | Acc: *100.000%* (50000/50000) 
Test epoch: 226 | Loss: *0.491* | Acc: *84.830%* (8483/10000)
Train epoch: 227 | Loss: *0.003* | Acc: *100.000%* (50000/50000) 
Test epoch: 227 | Loss: *0.489* | Acc: *84.820%* (8482/10000)
Train epoch: 228 | Loss: *0.002* | Acc: *100.000%* (50000/50000) 
Test epoch: 228 | Loss: *0.491* | Acc: *84.820%* (8482/10000)
Train epoch: 229 | Loss: *0.003* | Acc: *100.000%* (50000/50000) 
Test epoch: 229 | Loss: *0.492* | Acc: *84.840%* (8484/10000)
Train epoch: 230 | Loss: *0.003* | Acc: *100.000%* (50000/50000) 
Test epoch: 230 | Loss: *0.492* | Acc: *84.750%* (8475/10000)
Train epoch: 231 | Loss: *0.002* | Acc: *100.000%* (50000/50000) 
Test epoch: 231 | Loss: *0.492* | Acc: *84.820%* (8482/10000)
Train epoch: 232 | Loss: *0.003* | Acc: *100.000%* (50000/50000) 
Test epoch: 232 | Loss: *0.495* | Acc: *84.600%* (8460/10000)
Train epoch: 233 | Loss: *0.002* | Acc: *100.000%* (50000/50000) 
Test epoch: 233 | Loss: *0.494* | Acc: *84.770%* (8477/10000)
Train epoch: 234 | Loss: *0.002* | Acc: *100.000%* (50000/50000) 
Test epoch: 234 | Loss: *0.494* | Acc: *84.670%* (8467/10000)
Train epoch: 235 | Loss: *0.002* | Acc: *100.000%* (50000/50000) 
Test epoch: 235 | Loss: *0.495* | Acc: *84.530%* (8453/10000)
Train epoch: 236 | Loss: *0.002* | Acc: *100.000%* (50000/50000) 
Test epoch: 236 | Loss: *0.494* | Acc: *84.640%* (8464/10000)
Train epoch: 237 | Loss: *0.002* | Acc: *100.000%* (50000/50000) 
Test epoch: 237 | Loss: *0.495* | Acc: *84.450%* (8445/10000)
Train epoch: 238 | Loss: *0.002* | Acc: *100.000%* (50000/50000) 
Test epoch: 238 | Loss: *0.497* | Acc: *84.460%* (8446/10000)
Train epoch: 239 | Loss: *0.002* | Acc: *100.000%* (50000/50000) 
Test epoch: 239 | Loss: *0.499* | Acc: *84.570%* (8457/10000)
Train epoch: 240 | Loss: *0.002* | Acc: *100.000%* (50000/50000) 
Test epoch: 240 | Loss: *0.500* | Acc: *84.440%* (8444/10000)
Train epoch: 241 | Loss: *0.002* | Acc: *100.000%* (50000/50000) 
Test epoch: 241 | Loss: *0.499* | Acc: *84.600%* (8460/10000)
Train epoch: 242 | Loss: *0.002* | Acc: *100.000%* (50000/50000) 
Test epoch: 242 | Loss: *0.498* | Acc: *84.560%* (8456/10000)
Train epoch: 243 | Loss: *0.002* | Acc: *100.000%* (50000/50000) 
Test epoch: 243 | Loss: *0.501* | Acc: *84.490%* (8449/10000)
Train epoch: 244 | Loss: *0.002* | Acc: *100.000%* (50000/50000) 
Test epoch: 244 | Loss: *0.505* | Acc: *84.480%* (8448/10000)
Train epoch: 245 | Loss: *0.002* | Acc: *100.000%* (50000/50000) 
Test epoch: 245 | Loss: *0.505* | Acc: *84.250%* (8425/10000)
Train epoch: 246 | Loss: *0.002* | Acc: *100.000%* (50000/50000) 
Test epoch: 246 | Loss: *0.508* | Acc: *84.230%* (8423/10000)
Train epoch: 247 | Loss: *0.002* | Acc: *100.000%* (50000/50000) 
Test epoch: 247 | Loss: *0.511* | Acc: *84.110%* (8411/10000)
Train epoch: 248 | Loss: *0.002* | Acc: *100.000%* (50000/50000) 
Test epoch: 248 | Loss: *0.509* | Acc: *84.080%* (8408/10000)
Train epoch: 249 | Loss: *0.002* | Acc: *100.000%* (50000/50000) 
Test epoch: 249 | Loss: *0.515* | Acc: *83.760%* (8376/10000)
Train epoch: 250 | Loss: *0.002* | Acc: *100.000%* (50000/50000) 
Test epoch: 250 | Loss: *0.521* | Acc: *83.850%* (8385/10000)
Train epoch: 251 | Loss: *0.002* | Acc: *100.000%* (50000/50000) 
Test epoch: 251 | Loss: *0.525* | Acc: *83.450%* (8345/10000)
Train epoch: 252 | Loss: *0.002* | Acc: *100.000%* (50000/50000) 
Test epoch: 252 | Loss: *0.525* | Acc: *83.600%* (8360/10000)
Train epoch: 253 | Loss: *0.003* | Acc: *100.000%* (50000/50000) 
Test epoch: 253 | Loss: *0.536* | Acc: *83.150%* (8315/10000)
Train epoch: 254 | Loss: *0.429* | Acc: *85.270%* (42635/50000) 
Test epoch: 254 | Loss: *0.984* | Acc: *65.430%* (6543/10000)
Train epoch: 255 | Loss: *0.513* | Acc: *82.192%* (41096/50000) 
Test epoch: 255 | Loss: *0.731* | Acc: *75.300%* (7530/10000)
Train epoch: 256 | Loss: *0.363* | Acc: *87.658%* (43829/50000) 
Test epoch: 256 | Loss: *0.765* | Acc: *75.410%* (7541/10000)
Train epoch: 257 | Loss: *0.263* | Acc: *90.908%* (45454/50000) 
Test epoch: 257 | Loss: *0.608* | Acc: *80.710%* (8071/10000)
Train epoch: 258 | Loss: *0.199* | Acc: *93.226%* (46613/50000) 
Test epoch: 258 | Loss: *0.699* | Acc: *78.930%* (7893/10000)
Train epoch: 259 | Loss: *0.139* | Acc: *95.288%* (47644/50000) 
Test epoch: 259 | Loss: *0.811* | Acc: *76.480%* (7648/10000)
Train epoch: 260 | Loss: *0.122* | Acc: *95.894%* (47947/50000) 
Test epoch: 260 | Loss: *0.861* | Acc: *77.120%* (7712/10000)
Train epoch: 261 | Loss: *0.105* | Acc: *96.422%* (48211/50000) 
Test epoch: 261 | Loss: *0.867* | Acc: *77.470%* (7747/10000)
Train epoch: 262 | Loss: *0.086* | Acc: *97.150%* (48575/50000) 
Test epoch: 262 | Loss: *0.788* | Acc: *79.420%* (7942/10000)
Train epoch: 263 | Loss: *0.075* | Acc: *97.610%* (48805/50000) 
Test epoch: 263 | Loss: *0.793* | Acc: *79.750%* (7975/10000)
Train epoch: 264 | Loss: *0.073* | Acc: *97.548%* (48774/50000) 
Test epoch: 264 | Loss: *0.801* | Acc: *79.170%* (7917/10000)
Train epoch: 265 | Loss: *0.079* | Acc: *97.364%* (48682/50000) 
Test epoch: 265 | Loss: *0.811* | Acc: *79.120%* (7912/10000)
Train epoch: 266 | Loss: *0.071* | Acc: *97.676%* (48838/50000) 
Test epoch: 266 | Loss: *0.744* | Acc: *80.340%* (8034/10000)
Train epoch: 267 | Loss: *0.060* | Acc: *98.084%* (49042/50000) 
Test epoch: 267 | Loss: *0.838* | Acc: *79.020%* (7902/10000)
Train epoch: 268 | Loss: *0.065* | Acc: *97.880%* (48940/50000) 
Test epoch: 268 | Loss: *0.848* | Acc: *77.660%* (7766/10000)
Train epoch: 269 | Loss: *0.077* | Acc: *97.454%* (48727/50000) 
Test epoch: 269 | Loss: *0.829* | Acc: *79.470%* (7947/10000)
Train epoch: 270 | Loss: *0.066* | Acc: *97.888%* (48944/50000) 
Test epoch: 270 | Loss: *0.819* | Acc: *78.720%* (7872/10000)
Train epoch: 271 | Loss: *0.071* | Acc: *97.652%* (48826/50000) 
Test epoch: 271 | Loss: *0.844* | Acc: *78.710%* (7871/10000)
Train epoch: 272 | Loss: *0.068* | Acc: *97.798%* (48899/50000) 
Test epoch: 272 | Loss: *0.857* | Acc: *77.130%* (7713/10000)
Train epoch: 273 | Loss: *0.061* | Acc: *97.992%* (48996/50000) 
Test epoch: 273 | Loss: *0.751* | Acc: *81.580%* (8158/10000)
Train epoch: 274 | Loss: *0.061* | Acc: *98.048%* (49024/50000) 
Test epoch: 274 | Loss: *0.835* | Acc: *79.000%* (7900/10000)
Train epoch: 275 | Loss: *0.089* | Acc: *97.030%* (48515/50000) 
Test epoch: 275 | Loss: *0.807* | Acc: *79.470%* (7947/10000)
Train epoch: 276 | Loss: *0.077* | Acc: *97.408%* (48704/50000) 
Test epoch: 276 | Loss: *0.941* | Acc: *76.610%* (7661/10000)
Train epoch: 277 | Loss: *0.071* | Acc: *97.690%* (48845/50000) 
Test epoch: 277 | Loss: *0.813* | Acc: *78.740%* (7874/10000)
Train epoch: 278 | Loss: *0.079* | Acc: *97.334%* (48667/50000) 
Test epoch: 278 | Loss: *0.896* | Acc: *77.670%* (7767/10000)
Train epoch: 279 | Loss: *0.083* | Acc: *97.266%* (48633/50000) 
Test epoch: 279 | Loss: *0.791* | Acc: *79.310%* (7931/10000)
Train epoch: 280 | Loss: *0.069* | Acc: *97.770%* (48885/50000) 
Test epoch: 280 | Loss: *0.871* | Acc: *77.200%* (7720/10000)
Train epoch: 281 | Loss: *0.060* | Acc: *98.058%* (49029/50000) 
Test epoch: 281 | Loss: *1.052* | Acc: *74.900%* (7490/10000)
Train epoch: 282 | Loss: *0.095* | Acc: *96.680%* (48340/50000) 
Test epoch: 282 | Loss: *0.875* | Acc: *77.110%* (7711/10000)
Train epoch: 283 | Loss: *0.088* | Acc: *97.050%* (48525/50000) 
Test epoch: 283 | Loss: *0.850* | Acc: *79.260%* (7926/10000)
Train epoch: 284 | Loss: *0.086* | Acc: *97.082%* (48541/50000) 
Test epoch: 284 | Loss: *0.859* | Acc: *78.090%* (7809/10000)
Train epoch: 285 | Loss: *0.075* | Acc: *97.496%* (48748/50000) 
Test epoch: 285 | Loss: *0.965* | Acc: *76.860%* (7686/10000)
Train epoch: 286 | Loss: *0.078* | Acc: *97.382%* (48691/50000) 
Test epoch: 286 | Loss: *0.879* | Acc: *76.410%* (7641/10000)
Train epoch: 287 | Loss: *0.083* | Acc: *97.240%* (48620/50000) 
Test epoch: 287 | Loss: *0.831* | Acc: *78.700%* (7870/10000)
Train epoch: 288 | Loss: *0.087* | Acc: *97.096%* (48548/50000) 
Test epoch: 288 | Loss: *0.875* | Acc: *78.220%* (7822/10000)
Train epoch: 289 | Loss: *0.087* | Acc: *97.142%* (48571/50000) 
Test epoch: 289 | Loss: *0.809* | Acc: *78.980%* (7898/10000)
Train epoch: 290 | Loss: *0.084* | Acc: *97.220%* (48610/50000) 
Test epoch: 290 | Loss: *0.794* | Acc: *78.090%* (7809/10000)
Train epoch: 291 | Loss: *0.082* | Acc: *97.160%* (48580/50000) 
Test epoch: 291 | Loss: *0.929* | Acc: *76.030%* (7603/10000)
Train epoch: 292 | Loss: *0.097* | Acc: *96.768%* (48384/50000) 
Test epoch: 292 | Loss: *0.993* | Acc: *74.410%* (7441/10000)
Train epoch: 293 | Loss: *0.099* | Acc: *96.700%* (48350/50000) 
Test epoch: 293 | Loss: *0.808* | Acc: *78.850%* (7885/10000)
Train epoch: 294 | Loss: *0.094* | Acc: *96.790%* (48395/50000) 
Test epoch: 294 | Loss: *0.878* | Acc: *78.040%* (7804/10000)
Train epoch: 295 | Loss: *0.085* | Acc: *97.188%* (48594/50000) 
Test epoch: 295 | Loss: *0.918* | Acc: *77.410%* (7741/10000)
Train epoch: 296 | Loss: *0.104* | Acc: *96.422%* (48211/50000) 
Test epoch: 296 | Loss: *0.873* | Acc: *77.760%* (7776/10000)
Train epoch: 297 | Loss: *0.098* | Acc: *96.728%* (48364/50000) 
Test epoch: 297 | Loss: *0.781* | Acc: *79.640%* (7964/10000)
Train epoch: 298 | Loss: *0.096* | Acc: *96.744%* (48372/50000) 
Test epoch: 298 | Loss: *1.016* | Acc: *75.150%* (7515/10000)
Train epoch: 299 | Loss: *0.100* | Acc: *96.626%* (48313/50000) 
Test epoch: 299 | Loss: *0.783* | Acc: *78.450%* (7845/10000)
Train epoch: 300 | Loss: *0.106* | Acc: *96.354%* (48177/50000) 
Test epoch: 300 | Loss: *0.978* | Acc: *74.150%* (7415/10000)
Train epoch: 301 | Loss: *0.111* | Acc: *96.276%* (48138/50000) 
Test epoch: 301 | Loss: *0.927* | Acc: *75.810%* (7581/10000)
Train epoch: 302 | Loss: *0.093* | Acc: *96.922%* (48461/50000) 
Test epoch: 302 | Loss: *1.074* | Acc: *74.010%* (7401/10000)
Train epoch: 303 | Loss: *0.110* | Acc: *96.258%* (48129/50000) 
Test epoch: 303 | Loss: *0.893* | Acc: *77.080%* (7708/10000)
Train epoch: 304 | Loss: *0.106* | Acc: *96.470%* (48235/50000) 
Test epoch: 304 | Loss: *0.852* | Acc: *77.950%* (7795/10000)
Train epoch: 305 | Loss: *0.109* | Acc: *96.318%* (48159/50000) 
Test epoch: 305 | Loss: *0.726* | Acc: *79.880%* (7988/10000)
Train epoch: 306 | Loss: *0.103* | Acc: *96.594%* (48297/50000) 
Test epoch: 306 | Loss: *0.832* | Acc: *77.470%* (7747/10000)
Train epoch: 307 | Loss: *0.117* | Acc: *96.118%* (48059/50000) 
Test epoch: 307 | Loss: *0.837* | Acc: *78.430%* (7843/10000)
Train epoch: 308 | Loss: *0.113* | Acc: *96.134%* (48067/50000) 
Test epoch: 308 | Loss: *0.866* | Acc: *76.380%* (7638/10000)
Train epoch: 309 | Loss: *0.104* | Acc: *96.548%* (48274/50000) 
Test epoch: 309 | Loss: *0.788* | Acc: *79.130%* (7913/10000)
Train epoch: 310 | Loss: *0.113* | Acc: *96.158%* (48079/50000) 
Test epoch: 310 | Loss: *0.713* | Acc: *80.100%* (8010/10000)
Train epoch: 311 | Loss: *0.117* | Acc: *96.036%* (48018/50000) 
Test epoch: 311 | Loss: *0.767* | Acc: *78.580%* (7858/10000)
Train epoch: 312 | Loss: *0.128* | Acc: *95.586%* (47793/50000) 
Test epoch: 312 | Loss: *0.879* | Acc: *76.240%* (7624/10000)
Train epoch: 313 | Loss: *0.109* | Acc: *96.296%* (48148/50000) 
Test epoch: 313 | Loss: *0.815* | Acc: *77.640%* (7764/10000)
Train epoch: 314 | Loss: *0.119* | Acc: *95.914%* (47957/50000) 
Test epoch: 314 | Loss: *0.816* | Acc: *78.110%* (7811/10000)
Train epoch: 315 | Loss: *0.123* | Acc: *95.730%* (47865/50000) 
Test epoch: 315 | Loss: *0.991* | Acc: *74.030%* (7403/10000)
Train epoch: 316 | Loss: *0.115* | Acc: *96.114%* (48057/50000) 
Test epoch: 316 | Loss: *1.493* | Acc: *66.930%* (6693/10000)
Train epoch: 317 | Loss: *0.125* | Acc: *95.746%* (47873/50000) 
Test epoch: 317 | Loss: *0.798* | Acc: *77.910%* (7791/10000)
Train epoch: 318 | Loss: *0.124* | Acc: *95.746%* (47873/50000) 
Test epoch: 318 | Loss: *0.759* | Acc: *78.080%* (7808/10000)
Train epoch: 319 | Loss: *0.124* | Acc: *95.734%* (47867/50000) 
Test epoch: 319 | Loss: *1.065* | Acc: *73.500%* (7350/10000)
Train epoch: 320 | Loss: *0.127* | Acc: *95.620%* (47810/50000) 
Test epoch: 320 | Loss: *1.127* | Acc: *72.040%* (7204/10000)
Train epoch: 321 | Loss: *0.125* | Acc: *95.856%* (47928/50000) 
Test epoch: 321 | Loss: *0.800* | Acc: *78.440%* (7844/10000)
Train epoch: 322 | Loss: *0.132* | Acc: *95.466%* (47733/50000) 
Test epoch: 322 | Loss: *0.801* | Acc: *77.840%* (7784/10000)
Train epoch: 323 | Loss: *0.131* | Acc: *95.542%* (47771/50000) 
Test epoch: 323 | Loss: *0.749* | Acc: *79.270%* (7927/10000)
Train epoch: 324 | Loss: *0.132* | Acc: *95.430%* (47715/50000) 
Test epoch: 324 | Loss: *0.734* | Acc: *79.730%* (7973/10000)
Train epoch: 325 | Loss: *0.137* | Acc: *95.406%* (47703/50000) 
Test epoch: 325 | Loss: *0.786* | Acc: *77.510%* (7751/10000)
Train epoch: 326 | Loss: *0.126* | Acc: *95.614%* (47807/50000) 
Test epoch: 326 | Loss: *0.795* | Acc: *77.430%* (7743/10000)
Train epoch: 327 | Loss: *0.136* | Acc: *95.294%* (47647/50000) 
Test epoch: 327 | Loss: *0.909* | Acc: *74.610%* (7461/10000)
Train epoch: 328 | Loss: *0.135* | Acc: *95.296%* (47648/50000) 
Test epoch: 328 | Loss: *0.726* | Acc: *79.810%* (7981/10000)
Train epoch: 329 | Loss: *0.135* | Acc: *95.404%* (47702/50000) 
Test epoch: 329 | Loss: *0.962* | Acc: *73.220%* (7322/10000)
Train epoch: 330 | Loss: *0.137* | Acc: *95.254%* (47627/50000) 
Test epoch: 330 | Loss: *0.828* | Acc: *77.470%* (7747/10000)
Train epoch: 331 | Loss: *0.139* | Acc: *95.268%* (47634/50000) 
Test epoch: 331 | Loss: *0.865* | Acc: *76.520%* (7652/10000)
Train epoch: 332 | Loss: *0.139* | Acc: *95.212%* (47606/50000) 
Test epoch: 332 | Loss: *0.803* | Acc: *77.430%* (7743/10000)
Train epoch: 333 | Loss: *0.135* | Acc: *95.362%* (47681/50000) 
Test epoch: 333 | Loss: *0.993* | Acc: *75.090%* (7509/10000)
Train epoch: 334 | Loss: *0.148* | Acc: *94.856%* (47428/50000) 
Test epoch: 334 | Loss: *0.842* | Acc: *76.130%* (7613/10000)
Train epoch: 335 | Loss: *0.150* | Acc: *94.888%* (47444/50000) 
Test epoch: 335 | Loss: *0.907* | Acc: *75.990%* (7599/10000)
Train epoch: 336 | Loss: *0.143* | Acc: *95.146%* (47573/50000) 
Test epoch: 336 | Loss: *0.734* | Acc: *79.130%* (7913/10000)
Train epoch: 337 | Loss: *0.140* | Acc: *95.104%* (47552/50000) 
Test epoch: 337 | Loss: *0.922* | Acc: *74.810%* (7481/10000)
Train epoch: 338 | Loss: *0.150* | Acc: *94.890%* (47445/50000) 
Test epoch: 338 | Loss: *0.771* | Acc: *78.480%* (7848/10000)
Train epoch: 339 | Loss: *0.144* | Acc: *95.124%* (47562/50000) 
Test epoch: 339 | Loss: *0.755* | Acc: *77.260%* (7726/10000)
Train epoch: 340 | Loss: *0.159* | Acc: *94.408%* (47204/50000) 
Test epoch: 340 | Loss: *1.065* | Acc: *71.230%* (7123/10000)
Train epoch: 341 | Loss: *0.143* | Acc: *95.092%* (47546/50000) 
Test epoch: 341 | Loss: *0.821* | Acc: *77.160%* (7716/10000)
Train epoch: 342 | Loss: *0.162* | Acc: *94.392%* (47196/50000) 
Test epoch: 342 | Loss: *0.844* | Acc: *76.990%* (7699/10000)
Train epoch: 343 | Loss: *0.148* | Acc: *94.918%* (47459/50000) 
Test epoch: 343 | Loss: *0.898* | Acc: *75.350%* (7535/10000)
Train epoch: 344 | Loss: *0.159* | Acc: *94.546%* (47273/50000) 
Test epoch: 344 | Loss: *0.850* | Acc: *75.450%* (7545/10000)
Train epoch: 345 | Loss: *0.155* | Acc: *94.752%* (47376/50000) 
Test epoch: 345 | Loss: *0.666* | Acc: *80.160%* (8016/10000)
Train epoch: 346 | Loss: *0.153* | Acc: *94.700%* (47350/50000) 
Test epoch: 346 | Loss: *0.806* | Acc: *77.620%* (7762/10000)
Train epoch: 347 | Loss: *0.153* | Acc: *94.716%* (47358/50000) 
Test epoch: 347 | Loss: *0.896* | Acc: *76.580%* (7658/10000)
Train epoch: 348 | Loss: *0.157* | Acc: *94.624%* (47312/50000) 
Test epoch: 348 | Loss: *1.068* | Acc: *72.700%* (7270/10000)
Train epoch: 349 | Loss: *0.152* | Acc: *94.796%* (47398/50000) 
Test epoch: 349 | Loss: *0.771* | Acc: *78.240%* (7824/10000)
Train epoch: 350 | Loss: *0.162* | Acc: *94.426%* (47213/50000) 
Test epoch: 350 | Loss: *0.811* | Acc: *77.430%* (7743/10000)
Train epoch: 351 | Loss: *0.159* | Acc: *94.482%* (47241/50000) 
Test epoch: 351 | Loss: *0.761* | Acc: *78.800%* (7880/10000)
Train epoch: 352 | Loss: *0.162* | Acc: *94.416%* (47208/50000) 
Test epoch: 352 | Loss: *1.170* | Acc: *67.700%* (6770/10000)
Train epoch: 353 | Loss: *0.161* | Acc: *94.498%* (47249/50000) 
Test epoch: 353 | Loss: *0.820* | Acc: *77.430%* (7743/10000)
Train epoch: 354 | Loss: *0.168* | Acc: *94.186%* (47093/50000) 
Test epoch: 354 | Loss: *1.016* | Acc: *72.320%* (7232/10000)
Train epoch: 355 | Loss: *0.159* | Acc: *94.540%* (47270/50000) 
Test epoch: 355 | Loss: *0.751* | Acc: *77.600%* (7760/10000)
Train epoch: 356 | Loss: *0.166* | Acc: *94.338%* (47169/50000) 
Test epoch: 356 | Loss: *0.696* | Acc: *79.190%* (7919/10000)
Train epoch: 357 | Loss: *0.169* | Acc: *94.060%* (47030/50000) 
Test epoch: 357 | Loss: *0.841* | Acc: *77.890%* (7789/10000)
Train epoch: 358 | Loss: *0.164* | Acc: *94.294%* (47147/50000) 
Test epoch: 358 | Loss: *0.972* | Acc: *74.560%* (7456/10000)
Train epoch: 359 | Loss: *0.167* | Acc: *94.212%* (47106/50000) 
Test epoch: 359 | Loss: *1.157* | Acc: *68.190%* (6819/10000)
Train epoch: 360 | Loss: *0.162* | Acc: *94.450%* (47225/50000) 
Test epoch: 360 | Loss: *0.690* | Acc: *79.940%* (7994/10000)
Train epoch: 361 | Loss: *0.173* | Acc: *93.940%* (46970/50000) 
Test epoch: 361 | Loss: *0.904* | Acc: *74.960%* (7496/10000)
Train epoch: 362 | Loss: *0.167* | Acc: *94.268%* (47134/50000) 
Test epoch: 362 | Loss: *0.919* | Acc: *74.720%* (7472/10000)
Train epoch: 363 | Loss: *0.165* | Acc: *94.370%* (47185/50000) 
Test epoch: 363 | Loss: *0.839* | Acc: *75.730%* (7573/10000)
Train epoch: 364 | Loss: *0.174* | Acc: *93.976%* (46988/50000) 
Test epoch: 364 | Loss: *0.820* | Acc: *77.220%* (7722/10000)
Train epoch: 365 | Loss: *0.170* | Acc: *94.210%* (47105/50000) 
Test epoch: 365 | Loss: *0.824* | Acc: *76.040%* (7604/10000)
Train epoch: 366 | Loss: *0.165* | Acc: *94.368%* (47184/50000) 
Test epoch: 366 | Loss: *0.750* | Acc: *77.810%* (7781/10000)
Train epoch: 367 | Loss: *0.172* | Acc: *94.074%* (47037/50000) 
Test epoch: 367 | Loss: *0.776* | Acc: *77.740%* (7774/10000)
Train epoch: 368 | Loss: *0.178* | Acc: *93.810%* (46905/50000) 
Test epoch: 368 | Loss: *0.778* | Acc: *77.980%* (7798/10000)
Train epoch: 369 | Loss: *0.172* | Acc: *94.076%* (47038/50000) 
Test epoch: 369 | Loss: *0.808* | Acc: *77.210%* (7721/10000)
Train epoch: 370 | Loss: *0.172* | Acc: *94.038%* (47019/50000) 
Test epoch: 370 | Loss: *0.660* | Acc: *79.880%* (7988/10000)
Train epoch: 371 | Loss: *0.173* | Acc: *93.970%* (46985/50000) 
Test epoch: 371 | Loss: *0.879* | Acc: *75.130%* (7513/10000)
Train epoch: 372 | Loss: *0.172* | Acc: *94.070%* (47035/50000) 
Test epoch: 372 | Loss: *0.779* | Acc: *76.880%* (7688/10000)
Train epoch: 373 | Loss: *0.171* | Acc: *94.158%* (47079/50000) 
Test epoch: 373 | Loss: *0.786* | Acc: *76.530%* (7653/10000)
Train epoch: 374 | Loss: *0.180* | Acc: *93.756%* (46878/50000) 
Test epoch: 374 | Loss: *0.767* | Acc: *77.920%* (7792/10000)
Train epoch: 375 | Loss: *0.173* | Acc: *94.046%* (47023/50000) 
Test epoch: 375 | Loss: *1.046* | Acc: *69.840%* (6984/10000)
Train epoch: 376 | Loss: *0.173* | Acc: *94.138%* (47069/50000) 
Test epoch: 376 | Loss: *0.711* | Acc: *79.910%* (7991/10000)
Train epoch: 377 | Loss: *0.179* | Acc: *93.912%* (46956/50000) 
Test epoch: 377 | Loss: *0.756* | Acc: *78.530%* (7853/10000)
Train epoch: 378 | Loss: *0.176* | Acc: *93.862%* (46931/50000) 
Test epoch: 378 | Loss: *0.756* | Acc: *77.550%* (7755/10000)
Train epoch: 379 | Loss: *0.178* | Acc: *93.788%* (46894/50000) 
Test epoch: 379 | Loss: *0.734* | Acc: *78.720%* (7872/10000)
Train epoch: 380 | Loss: *0.180* | Acc: *93.778%* (46889/50000) 
Test epoch: 380 | Loss: *0.831* | Acc: *76.260%* (7626/10000)
Train epoch: 381 | Loss: *0.171* | Acc: *94.036%* (47018/50000) 
Test epoch: 381 | Loss: *0.739* | Acc: *77.870%* (7787/10000)
Train epoch: 382 | Loss: *0.178* | Acc: *93.892%* (46946/50000) 
Test epoch: 382 | Loss: *0.709* | Acc: *79.010%* (7901/10000)
Train epoch: 383 | Loss: *0.185* | Acc: *93.746%* (46873/50000) 
Test epoch: 383 | Loss: *0.720* | Acc: *77.830%* (7783/10000)
Train epoch: 384 | Loss: *0.178* | Acc: *93.914%* (46957/50000) 
Test epoch: 384 | Loss: *0.753* | Acc: *77.770%* (7777/10000)
Train epoch: 385 | Loss: *0.170* | Acc: *94.224%* (47112/50000) 
Test epoch: 385 | Loss: *0.912* | Acc: *74.920%* (7492/10000)
Train epoch: 386 | Loss: *0.177* | Acc: *93.918%* (46959/50000) 
Test epoch: 386 | Loss: *0.755* | Acc: *77.630%* (7763/10000)
Train epoch: 387 | Loss: *0.179* | Acc: *93.736%* (46868/50000) 
Test epoch: 387 | Loss: *0.793* | Acc: *77.600%* (7760/10000)
Train epoch: 388 | Loss: *0.183* | Acc: *93.630%* (46815/50000) 
Test epoch: 388 | Loss: *0.901* | Acc: *75.670%* (7567/10000)
Train epoch: 389 | Loss: *0.178* | Acc: *93.892%* (46946/50000) 
Test epoch: 389 | Loss: *1.060* | Acc: *72.790%* (7279/10000)
Train epoch: 390 | Loss: *0.173* | Acc: *94.044%* (47022/50000) 
Test epoch: 390 | Loss: *0.983* | Acc: *72.580%* (7258/10000)
Train epoch: 391 | Loss: *0.176* | Acc: *93.820%* (46910/50000) 
Test epoch: 391 | Loss: *0.688* | Acc: *79.180%* (7918/10000)
Train epoch: 392 | Loss: *0.183* | Acc: *93.750%* (46875/50000) 
Test epoch: 392 | Loss: *0.663* | Acc: *80.020%* (8002/10000)
Train epoch: 393 | Loss: *0.174* | Acc: *93.978%* (46989/50000) 
Test epoch: 393 | Loss: *0.740* | Acc: *78.540%* (7854/10000)
Train epoch: 394 | Loss: *0.179* | Acc: *93.784%* (46892/50000) 
Test epoch: 394 | Loss: *0.947* | Acc: *74.980%* (7498/10000)
Train epoch: 395 | Loss: *0.177* | Acc: *93.920%* (46960/50000) 
Test epoch: 395 | Loss: *0.732* | Acc: *78.630%* (7863/10000)
Train epoch: 396 | Loss: *0.179* | Acc: *93.852%* (46926/50000) 
Test epoch: 396 | Loss: *0.667* | Acc: *79.000%* (7900/10000)
Train epoch: 397 | Loss: *0.182* | Acc: *93.742%* (46871/50000) 
Test epoch: 397 | Loss: *0.615* | Acc: *80.520%* (8052/10000)
Train epoch: 398 | Loss: *0.175* | Acc: *94.026%* (47013/50000) 
Test epoch: 398 | Loss: *1.002* | Acc: *72.390%* (7239/10000)
Train epoch: 399 | Loss: *0.173* | Acc: *93.932%* (46966/50000) 
Test epoch: 399 | Loss: *0.762* | Acc: *77.430%* (7743/10000)
Train epoch: 400 | Loss: *0.184* | Acc: *93.596%* (46798/50000) 
Test epoch: 400 | Loss: *0.794* | Acc: *76.270%* (7627/10000)
Train epoch: 401 | Loss: *0.178* | Acc: *93.830%* (46915/50000) 
Test epoch: 401 | Loss: *0.783* | Acc: *76.780%* (7678/10000)
Train epoch: 402 | Loss: *0.176* | Acc: *93.896%* (46948/50000) 
Test epoch: 402 | Loss: *0.645* | Acc: *80.750%* (8075/10000)
Train epoch: 403 | Loss: *0.180* | Acc: *93.812%* (46906/50000) 
Test epoch: 403 | Loss: *0.781* | Acc: *76.760%* (7676/10000)
Train epoch: 404 | Loss: *0.173* | Acc: *94.028%* (47014/50000) 
Test epoch: 404 | Loss: *0.866* | Acc: *76.400%* (7640/10000)
Train epoch: 405 | Loss: *0.175* | Acc: *93.884%* (46942/50000) 
Test epoch: 405 | Loss: *0.992* | Acc: *71.680%* (7168/10000)
Train epoch: 406 | Loss: *0.180* | Acc: *93.766%* (46883/50000) 
Test epoch: 406 | Loss: *1.067* | Acc: *71.020%* (7102/10000)
Train epoch: 407 | Loss: *0.173* | Acc: *94.028%* (47014/50000) 
Test epoch: 407 | Loss: *0.904* | Acc: *75.280%* (7528/10000)
Train epoch: 408 | Loss: *0.179* | Acc: *93.870%* (46935/50000) 
Test epoch: 408 | Loss: *0.749* | Acc: *78.030%* (7803/10000)
Train epoch: 409 | Loss: *0.183* | Acc: *93.704%* (46852/50000) 
Test epoch: 409 | Loss: *0.693* | Acc: *79.210%* (7921/10000)
Train epoch: 410 | Loss: *0.172* | Acc: *94.046%* (47023/50000) 
Test epoch: 410 | Loss: *0.843* | Acc: *76.060%* (7606/10000)
Train epoch: 411 | Loss: *0.176* | Acc: *93.934%* (46967/50000) 
Test epoch: 411 | Loss: *0.737* | Acc: *79.530%* (7953/10000)
Train epoch: 412 | Loss: *0.183* | Acc: *93.728%* (46864/50000) 
Test epoch: 412 | Loss: *0.849* | Acc: *75.930%* (7593/10000)
Train epoch: 413 | Loss: *0.167* | Acc: *94.180%* (47090/50000) 
Test epoch: 413 | Loss: *0.667* | Acc: *79.890%* (7989/10000)
Train epoch: 414 | Loss: *0.178* | Acc: *93.820%* (46910/50000) 
Test epoch: 414 | Loss: *1.043* | Acc: *71.300%* (7130/10000)
Train epoch: 415 | Loss: *0.175* | Acc: *93.894%* (46947/50000) 
Test epoch: 415 | Loss: *0.694* | Acc: *79.850%* (7985/10000)
Train epoch: 416 | Loss: *0.180* | Acc: *93.776%* (46888/50000) 
Test epoch: 416 | Loss: *0.647* | Acc: *80.700%* (8070/10000)
Train epoch: 417 | Loss: *0.168* | Acc: *94.192%* (47096/50000) 
Test epoch: 417 | Loss: *0.700* | Acc: *78.740%* (7874/10000)
Train epoch: 418 | Loss: *0.172* | Acc: *94.054%* (47027/50000) 
Test epoch: 418 | Loss: *0.737* | Acc: *78.850%* (7885/10000)
Train epoch: 419 | Loss: *0.177* | Acc: *93.878%* (46939/50000) 
Test epoch: 419 | Loss: *0.855* | Acc: *76.160%* (7616/10000)
Train epoch: 420 | Loss: *0.163* | Acc: *94.412%* (47206/50000) 
Test epoch: 420 | Loss: *0.778* | Acc: *76.810%* (7681/10000)
Train epoch: 421 | Loss: *0.179* | Acc: *93.748%* (46874/50000) 
Test epoch: 421 | Loss: *0.692* | Acc: *80.260%* (8026/10000)
Train epoch: 422 | Loss: *0.169* | Acc: *94.222%* (47111/50000) 
Test epoch: 422 | Loss: *0.688* | Acc: *79.890%* (7989/10000)
Train epoch: 423 | Loss: *0.168* | Acc: *94.284%* (47142/50000) 
Test epoch: 423 | Loss: *0.788* | Acc: *76.640%* (7664/10000)
Train epoch: 424 | Loss: *0.166* | Acc: *94.264%* (47132/50000) 
Test epoch: 424 | Loss: *0.969* | Acc: *72.900%* (7290/10000)
Train epoch: 425 | Loss: *0.171* | Acc: *94.100%* (47050/50000) 
Test epoch: 425 | Loss: *0.744* | Acc: *77.490%* (7749/10000)
Train epoch: 426 | Loss: *0.170* | Acc: *94.092%* (47046/50000) 
Test epoch: 426 | Loss: *0.881* | Acc: *73.490%* (7349/10000)
Train epoch: 427 | Loss: *0.167* | Acc: *94.306%* (47153/50000) 
Test epoch: 427 | Loss: *0.754* | Acc: *76.760%* (7676/10000)
Train epoch: 428 | Loss: *0.167* | Acc: *94.276%* (47138/50000) 
Test epoch: 428 | Loss: *0.804* | Acc: *77.550%* (7755/10000)
Train epoch: 429 | Loss: *0.164* | Acc: *94.312%* (47156/50000) 
Test epoch: 429 | Loss: *0.746* | Acc: *78.260%* (7826/10000)
Train epoch: 430 | Loss: *0.166* | Acc: *94.220%* (47110/50000) 
Test epoch: 430 | Loss: *0.740* | Acc: *78.770%* (7877/10000)
Train epoch: 431 | Loss: *0.167* | Acc: *94.258%* (47129/50000) 
Test epoch: 431 | Loss: *0.760* | Acc: *77.700%* (7770/10000)
Train epoch: 432 | Loss: *0.164* | Acc: *94.352%* (47176/50000) 
Test epoch: 432 | Loss: *0.770* | Acc: *78.200%* (7820/10000)
Train epoch: 433 | Loss: *0.165* | Acc: *94.292%* (47146/50000) 
Test epoch: 433 | Loss: *0.745* | Acc: *78.480%* (7848/10000)
Train epoch: 434 | Loss: *0.158* | Acc: *94.650%* (47325/50000) 
Test epoch: 434 | Loss: *0.715* | Acc: *78.600%* (7860/10000)
Train epoch: 435 | Loss: *0.158* | Acc: *94.574%* (47287/50000) 
Test epoch: 435 | Loss: *0.669* | Acc: *81.180%* (8118/10000)
Train epoch: 436 | Loss: *0.164* | Acc: *94.256%* (47128/50000) 
Test epoch: 436 | Loss: *0.752* | Acc: *78.010%* (7801/10000)
Train epoch: 437 | Loss: *0.159* | Acc: *94.544%* (47272/50000) 
Test epoch: 437 | Loss: *0.713* | Acc: *79.420%* (7942/10000)
Train epoch: 438 | Loss: *0.159* | Acc: *94.604%* (47302/50000) 
Test epoch: 438 | Loss: *0.676* | Acc: *80.480%* (8048/10000)
Train epoch: 439 | Loss: *0.151* | Acc: *94.816%* (47408/50000) 
Test epoch: 439 | Loss: *0.772* | Acc: *78.390%* (7839/10000)
Train epoch: 440 | Loss: *0.155* | Acc: *94.576%* (47288/50000) 
Test epoch: 440 | Loss: *0.740* | Acc: *79.370%* (7937/10000)
Train epoch: 441 | Loss: *0.155* | Acc: *94.662%* (47331/50000) 
Test epoch: 441 | Loss: *0.795* | Acc: *76.510%* (7651/10000)
Train epoch: 442 | Loss: *0.153* | Acc: *94.886%* (47443/50000) 
Test epoch: 442 | Loss: *0.732* | Acc: *78.510%* (7851/10000)
Train epoch: 443 | Loss: *0.154* | Acc: *94.700%* (47350/50000) 
Test epoch: 443 | Loss: *0.718* | Acc: *79.220%* (7922/10000)
Train epoch: 444 | Loss: *0.150* | Acc: *94.804%* (47402/50000) 
Test epoch: 444 | Loss: *1.046* | Acc: *71.500%* (7150/10000)
Train epoch: 445 | Loss: *0.155* | Acc: *94.610%* (47305/50000) 
Test epoch: 445 | Loss: *0.713* | Acc: *78.700%* (7870/10000)
Train epoch: 446 | Loss: *0.151* | Acc: *94.752%* (47376/50000) 
Test epoch: 446 | Loss: *0.790* | Acc: *77.380%* (7738/10000)
Train epoch: 447 | Loss: *0.147* | Acc: *94.940%* (47470/50000) 
Test epoch: 447 | Loss: *0.926* | Acc: *74.950%* (7495/10000)
Train epoch: 448 | Loss: *0.146* | Acc: *94.992%* (47496/50000) 
Test epoch: 448 | Loss: *0.791* | Acc: *78.060%* (7806/10000)
Train epoch: 449 | Loss: *0.152* | Acc: *94.816%* (47408/50000) 
Test epoch: 449 | Loss: *0.873* | Acc: *74.850%* (7485/10000)
Train epoch: 450 | Loss: *0.142* | Acc: *95.188%* (47594/50000) 
Test epoch: 450 | Loss: *0.731* | Acc: *78.870%* (7887/10000)
Train epoch: 451 | Loss: *0.145* | Acc: *94.976%* (47488/50000) 
Test epoch: 451 | Loss: *0.889* | Acc: *75.380%* (7538/10000)
Train epoch: 452 | Loss: *0.144* | Acc: *95.046%* (47523/50000) 
Test epoch: 452 | Loss: *0.632* | Acc: *81.190%* (8119/10000)
Train epoch: 453 | Loss: *0.138* | Acc: *95.306%* (47653/50000) 
Test epoch: 453 | Loss: *1.077* | Acc: *72.490%* (7249/10000)
Train epoch: 454 | Loss: *0.142* | Acc: *95.050%* (47525/50000) 
Test epoch: 454 | Loss: *0.691* | Acc: *78.900%* (7890/10000)
Train epoch: 455 | Loss: *0.136* | Acc: *95.336%* (47668/50000) 
Test epoch: 455 | Loss: *0.665* | Acc: *80.440%* (8044/10000)
Train epoch: 456 | Loss: *0.145* | Acc: *95.122%* (47561/50000) 
Test epoch: 456 | Loss: *0.781* | Acc: *78.590%* (7859/10000)
Train epoch: 457 | Loss: *0.136* | Acc: *95.228%* (47614/50000) 
Test epoch: 457 | Loss: *0.677* | Acc: *79.810%* (7981/10000)
Train epoch: 458 | Loss: *0.132* | Acc: *95.506%* (47753/50000) 
Test epoch: 458 | Loss: *0.752* | Acc: *78.840%* (7884/10000)
Train epoch: 459 | Loss: *0.135* | Acc: *95.424%* (47712/50000) 
Test epoch: 459 | Loss: *0.722* | Acc: *80.030%* (8003/10000)
Train epoch: 460 | Loss: *0.134* | Acc: *95.478%* (47739/50000) 
Test epoch: 460 | Loss: *0.883* | Acc: *75.250%* (7525/10000)
Train epoch: 461 | Loss: *0.133* | Acc: *95.404%* (47702/50000) 
Test epoch: 461 | Loss: *0.776* | Acc: *78.780%* (7878/10000)
Train epoch: 462 | Loss: *0.120* | Acc: *95.962%* (47981/50000) 
Test epoch: 462 | Loss: *1.006* | Acc: *73.320%* (7332/10000)
Train epoch: 463 | Loss: *0.135* | Acc: *95.394%* (47697/50000) 
Test epoch: 463 | Loss: *0.819* | Acc: *77.390%* (7739/10000)
Train epoch: 464 | Loss: *0.125* | Acc: *95.676%* (47838/50000) 
Test epoch: 464 | Loss: *0.731* | Acc: *79.470%* (7947/10000)
Train epoch: 465 | Loss: *0.130* | Acc: *95.592%* (47796/50000) 
Test epoch: 465 | Loss: *0.629* | Acc: *81.710%* (8171/10000)
Train epoch: 466 | Loss: *0.122* | Acc: *95.932%* (47966/50000) 
Test epoch: 466 | Loss: *0.676* | Acc: *81.510%* (8151/10000)
Train epoch: 467 | Loss: *0.118* | Acc: *95.976%* (47988/50000) 
Test epoch: 467 | Loss: *0.861* | Acc: *76.240%* (7624/10000)
Train epoch: 468 | Loss: *0.124* | Acc: *95.808%* (47904/50000) 
Test epoch: 468 | Loss: *1.077* | Acc: *71.870%* (7187/10000)
Train epoch: 469 | Loss: *0.124* | Acc: *95.762%* (47881/50000) 
Test epoch: 469 | Loss: *0.926* | Acc: *74.290%* (7429/10000)
Train epoch: 470 | Loss: *0.115* | Acc: *96.038%* (48019/50000) 
Test epoch: 470 | Loss: *0.846* | Acc: *78.040%* (7804/10000)
Train epoch: 471 | Loss: *0.121* | Acc: *95.816%* (47908/50000) 
Test epoch: 471 | Loss: *0.751* | Acc: *79.750%* (7975/10000)
Train epoch: 472 | Loss: *0.116* | Acc: *95.992%* (47996/50000) 
Test epoch: 472 | Loss: *0.714* | Acc: *79.910%* (7991/10000)
Train epoch: 473 | Loss: *0.106* | Acc: *96.480%* (48240/50000) 
Test epoch: 473 | Loss: *0.819* | Acc: *77.860%* (7786/10000)
Train epoch: 474 | Loss: *0.115* | Acc: *96.158%* (48079/50000) 
Test epoch: 474 | Loss: *0.786* | Acc: *77.650%* (7765/10000)
Train epoch: 475 | Loss: *0.117* | Acc: *95.874%* (47937/50000) 
Test epoch: 475 | Loss: *1.283* | Acc: *68.400%* (6840/10000)
Train epoch: 476 | Loss: *0.109* | Acc: *96.296%* (48148/50000) 
Test epoch: 476 | Loss: *0.722* | Acc: *79.740%* (7974/10000)
Train epoch: 477 | Loss: *0.110* | Acc: *96.376%* (48188/50000) 
Test epoch: 477 | Loss: *0.760* | Acc: *79.220%* (7922/10000)
Train epoch: 478 | Loss: *0.103* | Acc: *96.570%* (48285/50000) 
Test epoch: 478 | Loss: *0.851* | Acc: *77.700%* (7770/10000)
Train epoch: 479 | Loss: *0.105* | Acc: *96.488%* (48244/50000) 
Test epoch: 479 | Loss: *0.744* | Acc: *79.850%* (7985/10000)
Train epoch: 480 | Loss: *0.103* | Acc: *96.554%* (48277/50000) 
Test epoch: 480 | Loss: *0.691* | Acc: *80.760%* (8076/10000)
Train epoch: 481 | Loss: *0.109* | Acc: *96.282%* (48141/50000) 
Test epoch: 481 | Loss: *0.848* | Acc: *78.290%* (7829/10000)
Train epoch: 482 | Loss: *0.099* | Acc: *96.712%* (48356/50000) 
Test epoch: 482 | Loss: *0.766* | Acc: *79.410%* (7941/10000)
Train epoch: 483 | Loss: *0.100* | Acc: *96.624%* (48312/50000) 
Test epoch: 483 | Loss: *0.710* | Acc: *80.700%* (8070/10000)
Train epoch: 484 | Loss: *0.099* | Acc: *96.626%* (48313/50000) 
Test epoch: 484 | Loss: *0.708* | Acc: *80.510%* (8051/10000)
Train epoch: 485 | Loss: *0.090* | Acc: *97.044%* (48522/50000) 
Test epoch: 485 | Loss: *0.736* | Acc: *80.320%* (8032/10000)
Train epoch: 486 | Loss: *0.099* | Acc: *96.610%* (48305/50000) 
Test epoch: 486 | Loss: *0.834* | Acc: *77.680%* (7768/10000)
Train epoch: 487 | Loss: *0.090* | Acc: *96.972%* (48486/50000) 
Test epoch: 487 | Loss: *0.753* | Acc: *79.120%* (7912/10000)
Train epoch: 488 | Loss: *0.101* | Acc: *96.584%* (48292/50000) 
Test epoch: 488 | Loss: *0.831* | Acc: *76.790%* (7679/10000)
Train epoch: 489 | Loss: *0.087* | Acc: *97.172%* (48586/50000) 
Test epoch: 489 | Loss: *0.700* | Acc: *80.560%* (8056/10000)
Train epoch: 490 | Loss: *0.085* | Acc: *97.196%* (48598/50000) 
Test epoch: 490 | Loss: *0.723* | Acc: *80.160%* (8016/10000)
Train epoch: 491 | Loss: *0.079* | Acc: *97.364%* (48682/50000) 
Test epoch: 491 | Loss: *0.962* | Acc: *75.970%* (7597/10000)
Train epoch: 492 | Loss: *0.099* | Acc: *96.618%* (48309/50000) 
Test epoch: 492 | Loss: *0.743* | Acc: *80.790%* (8079/10000)
Train epoch: 493 | Loss: *0.082* | Acc: *97.284%* (48642/50000) 
Test epoch: 493 | Loss: *0.800* | Acc: *78.760%* (7876/10000)
Train epoch: 494 | Loss: *0.080* | Acc: *97.394%* (48697/50000) 
Test epoch: 494 | Loss: *0.748* | Acc: *79.250%* (7925/10000)
Train epoch: 495 | Loss: *0.089* | Acc: *96.964%* (48482/50000) 
Test epoch: 495 | Loss: *0.691* | Acc: *80.080%* (8008/10000)
Train epoch: 496 | Loss: *0.070* | Acc: *97.772%* (48886/50000) 
Test epoch: 496 | Loss: *0.804* | Acc: *78.650%* (7865/10000)
Train epoch: 497 | Loss: *0.072* | Acc: *97.658%* (48829/50000) 
Test epoch: 497 | Loss: *0.878* | Acc: *77.640%* (7764/10000)
Train epoch: 498 | Loss: *0.077* | Acc: *97.412%* (48706/50000) 
Test epoch: 498 | Loss: *0.781* | Acc: *80.110%* (8011/10000)
Train epoch: 499 | Loss: *0.084* | Acc: *97.176%* (48588/50000) 
Test epoch: 499 | Loss: *0.637* | Acc: *82.240%* (8224/10000)
Train epoch: 500 | Loss: *0.066* | Acc: *97.890%* (48945/50000) 
Test epoch: 500 | Loss: *0.684* | Acc: *81.790%* (8179/10000)
Best test accuracy: *88.800%*, loss: *0.36238389372825625*, at epoch: *125*.
==> Execution time summary of 500 epoch(s).
Train data loading time: sum. *219.10859176330268* secs | avg. *0.4382171835266054* secs per epoch.
Train training time: sum. *1078.4575530784205* secs | avg. *2.156915106156841* secs per epoch.
Train total time: sum. *1297.5661448417231* secs | avg. *2.595132289683446* secs per epoch.
Test data loading time: sum. *93.9921956025064* secs | avg. *0.18798439120501279* secs per epoch.
Test training time: sum. *77.49911818373948* secs | avg. *0.15499823636747898* secs per epoch.
Test total time: sum. *171.49131378624588* secs | avg. *0.34298262757249176* secs per epoch.
Total data loading time: sum. *313.1007873658091* secs | avg. *0.6262015747316182* secs per epoch.
Total training time: sum. *1155.95667126216* secs | avg. *2.3119133425243197* secs per epoch.
Total running time: sum. *1469.057458627969* secs | avg. *2.938114917255938* secs per epoch.
==> Number of GPU device: 1
==> Device #0 Memory Usage
==> Allocated: 0.1 GB
==> Cached:    1.4 GB
==> Maximum: 1.4 GB
