==> Running on : cuda
==> Number of CPU: 48
==> Number of workers: 2
==> #Epochs: 500, #Layers: 4, #Blocks: [2, 1, 1, 1], In channel: 64, Input layer conv kernel: 7x7, Residual layer conv kernel 3x3, Skip kernel: 1x1, Input layer conv padding: 3, Residual layer conv padding: 1
==> Optimizer is Adagrad
==> Learning rate: 0.01
==> Weight decay: 0.0005
==>Trainable Parameters: 4984906
==>Other Parameters: 0
==>Augmentation: RandomCrop(32, padding=4), RandomHorizontalFlip(), Normalize((0.4914, 0.4822, 0.4465), (0.2023, 0.1994, 0.2010)
Files already downloaded and verified
Train epoch: 1 | Loss: *1.683* | Acc: *37.778%* (18889/50000) 
Test epoch: 1 | Loss: *1.541* | Acc: *42.130%* (4213/10000)
Train epoch: 2 | Loss: *1.272* | Acc: *54.020%* (27010/50000) 
Test epoch: 2 | Loss: *1.450* | Acc: *48.470%* (4847/10000)
Train epoch: 3 | Loss: *1.045* | Acc: *62.962%* (31481/50000) 
Test epoch: 3 | Loss: *0.969* | Acc: *65.230%* (6523/10000)
Train epoch: 4 | Loss: *0.910* | Acc: *67.618%* (33809/50000) 
Test epoch: 4 | Loss: *0.980* | Acc: *65.860%* (6586/10000)
Train epoch: 5 | Loss: *0.810* | Acc: *71.440%* (35720/50000) 
Test epoch: 5 | Loss: *0.959* | Acc: *67.600%* (6760/10000)
Train epoch: 6 | Loss: *0.729* | Acc: *74.730%* (37365/50000) 
Test epoch: 6 | Loss: *0.881* | Acc: *69.380%* (6938/10000)
Train epoch: 7 | Loss: *0.657* | Acc: *77.054%* (38527/50000) 
Test epoch: 7 | Loss: *0.696* | Acc: *75.810%* (7581/10000)
Train epoch: 8 | Loss: *0.605* | Acc: *78.994%* (39497/50000) 
Test epoch: 8 | Loss: *0.766* | Acc: *74.390%* (7439/10000)
Train epoch: 9 | Loss: *0.562* | Acc: *80.480%* (40240/50000) 
Test epoch: 9 | Loss: *0.635* | Acc: *78.400%* (7840/10000)
Train epoch: 10 | Loss: *0.522* | Acc: *82.000%* (41000/50000) 
Test epoch: 10 | Loss: *0.649* | Acc: *78.060%* (7806/10000)
Train epoch: 11 | Loss: *0.489* | Acc: *83.102%* (41551/50000) 
Test epoch: 11 | Loss: *0.668* | Acc: *77.870%* (7787/10000)
Train epoch: 12 | Loss: *0.462* | Acc: *83.956%* (41978/50000) 
Test epoch: 12 | Loss: *0.599* | Acc: *79.910%* (7991/10000)
Train epoch: 13 | Loss: *0.439* | Acc: *84.822%* (42411/50000) 
Test epoch: 13 | Loss: *0.565* | Acc: *81.110%* (8111/10000)
Train epoch: 14 | Loss: *0.415* | Acc: *85.742%* (42871/50000) 
Test epoch: 14 | Loss: *0.521* | Acc: *82.720%* (8272/10000)
Train epoch: 15 | Loss: *0.390* | Acc: *86.336%* (43168/50000) 
Test epoch: 15 | Loss: *0.504* | Acc: *82.730%* (8273/10000)
Train epoch: 16 | Loss: *0.373* | Acc: *87.080%* (43540/50000) 
Test epoch: 16 | Loss: *0.534* | Acc: *82.340%* (8234/10000)
Train epoch: 17 | Loss: *0.351* | Acc: *88.040%* (44020/50000) 
Test epoch: 17 | Loss: *0.544* | Acc: *82.210%* (8221/10000)
Train epoch: 18 | Loss: *0.336* | Acc: *88.404%* (44202/50000) 
Test epoch: 18 | Loss: *0.518* | Acc: *82.740%* (8274/10000)
Train epoch: 19 | Loss: *0.319* | Acc: *88.962%* (44481/50000) 
Test epoch: 19 | Loss: *0.502* | Acc: *83.160%* (8316/10000)
Train epoch: 20 | Loss: *0.304* | Acc: *89.526%* (44763/50000) 
Test epoch: 20 | Loss: *0.531* | Acc: *83.110%* (8311/10000)
Train epoch: 21 | Loss: *0.290* | Acc: *90.162%* (45081/50000) 
Test epoch: 21 | Loss: *0.521* | Acc: *83.400%* (8340/10000)
Train epoch: 22 | Loss: *0.279* | Acc: *90.560%* (45280/50000) 
Test epoch: 22 | Loss: *0.469* | Acc: *84.760%* (8476/10000)
Train epoch: 23 | Loss: *0.261* | Acc: *91.140%* (45570/50000) 
Test epoch: 23 | Loss: *0.469* | Acc: *85.000%* (8500/10000)
Train epoch: 24 | Loss: *0.248* | Acc: *91.590%* (45795/50000) 
Test epoch: 24 | Loss: *0.467* | Acc: *85.240%* (8524/10000)
Train epoch: 25 | Loss: *0.236* | Acc: *92.020%* (46010/50000) 
Test epoch: 25 | Loss: *0.516* | Acc: *84.310%* (8431/10000)
Train epoch: 26 | Loss: *0.231* | Acc: *92.000%* (46000/50000) 
Test epoch: 26 | Loss: *0.490* | Acc: *85.130%* (8513/10000)
Train epoch: 27 | Loss: *0.217* | Acc: *92.540%* (46270/50000) 
Test epoch: 27 | Loss: *0.406* | Acc: *86.800%* (8680/10000)
Train epoch: 28 | Loss: *0.204* | Acc: *93.088%* (46544/50000) 
Test epoch: 28 | Loss: *0.469* | Acc: *85.640%* (8564/10000)
Train epoch: 29 | Loss: *0.197* | Acc: *93.338%* (46669/50000) 
Test epoch: 29 | Loss: *0.437* | Acc: *86.340%* (8634/10000)
Train epoch: 30 | Loss: *0.186* | Acc: *93.700%* (46850/50000) 
Test epoch: 30 | Loss: *0.486* | Acc: *85.720%* (8572/10000)
Train epoch: 31 | Loss: *0.178* | Acc: *94.000%* (47000/50000) 
Test epoch: 31 | Loss: *0.472* | Acc: *85.620%* (8562/10000)
Train epoch: 32 | Loss: *0.168* | Acc: *94.260%* (47130/50000) 
Test epoch: 32 | Loss: *0.453* | Acc: *86.520%* (8652/10000)
Train epoch: 33 | Loss: *0.165* | Acc: *94.398%* (47199/50000) 
Test epoch: 33 | Loss: *0.464* | Acc: *86.070%* (8607/10000)
Train epoch: 34 | Loss: *0.156* | Acc: *94.770%* (47385/50000) 
Test epoch: 34 | Loss: *0.480* | Acc: *85.960%* (8596/10000)
Train epoch: 35 | Loss: *0.140* | Acc: *95.364%* (47682/50000) 
Test epoch: 35 | Loss: *0.444* | Acc: *86.930%* (8693/10000)
Train epoch: 36 | Loss: *0.138* | Acc: *95.416%* (47708/50000) 
Test epoch: 36 | Loss: *0.427* | Acc: *87.240%* (8724/10000)
Train epoch: 37 | Loss: *0.129* | Acc: *95.784%* (47892/50000) 
Test epoch: 37 | Loss: *0.523* | Acc: *85.660%* (8566/10000)
Train epoch: 38 | Loss: *0.127* | Acc: *95.730%* (47865/50000) 
Test epoch: 38 | Loss: *0.448* | Acc: *87.080%* (8708/10000)
Train epoch: 39 | Loss: *0.118* | Acc: *96.110%* (48055/50000) 
Test epoch: 39 | Loss: *0.439* | Acc: *88.030%* (8803/10000)
Train epoch: 40 | Loss: *0.110* | Acc: *96.440%* (48220/50000) 
Test epoch: 40 | Loss: *0.437* | Acc: *87.190%* (8719/10000)
Train epoch: 41 | Loss: *0.105* | Acc: *96.590%* (48295/50000) 
Test epoch: 41 | Loss: *0.450* | Acc: *87.270%* (8727/10000)
Train epoch: 42 | Loss: *0.102* | Acc: *96.722%* (48361/50000) 
Test epoch: 42 | Loss: *0.454* | Acc: *87.410%* (8741/10000)
Train epoch: 43 | Loss: *0.095* | Acc: *96.944%* (48472/50000) 
Test epoch: 43 | Loss: *0.441* | Acc: *87.640%* (8764/10000)
Train epoch: 44 | Loss: *0.090* | Acc: *97.210%* (48605/50000) 
Test epoch: 44 | Loss: *0.482* | Acc: *86.740%* (8674/10000)
Train epoch: 45 | Loss: *0.087* | Acc: *97.264%* (48632/50000) 
Test epoch: 45 | Loss: *0.441* | Acc: *87.490%* (8749/10000)
Train epoch: 46 | Loss: *0.084* | Acc: *97.378%* (48689/50000) 
Test epoch: 46 | Loss: *0.447* | Acc: *87.510%* (8751/10000)
Train epoch: 47 | Loss: *0.079* | Acc: *97.538%* (48769/50000) 
Test epoch: 47 | Loss: *0.465* | Acc: *86.980%* (8698/10000)
Train epoch: 48 | Loss: *0.075* | Acc: *97.690%* (48845/50000) 
Test epoch: 48 | Loss: *0.446* | Acc: *87.730%* (8773/10000)
Train epoch: 49 | Loss: *0.072* | Acc: *97.808%* (48904/50000) 
Test epoch: 49 | Loss: *0.441* | Acc: *88.060%* (8806/10000)
Train epoch: 50 | Loss: *0.069* | Acc: *97.876%* (48938/50000) 
Test epoch: 50 | Loss: *0.469* | Acc: *87.350%* (8735/10000)
Train epoch: 51 | Loss: *0.067* | Acc: *97.926%* (48963/50000) 
Test epoch: 51 | Loss: *0.426* | Acc: *88.730%* (8873/10000)
Train epoch: 52 | Loss: *0.063* | Acc: *98.122%* (49061/50000) 
Test epoch: 52 | Loss: *0.612* | Acc: *85.420%* (8542/10000)
Train epoch: 53 | Loss: *0.062* | Acc: *98.164%* (49082/50000) 
Test epoch: 53 | Loss: *0.433* | Acc: *88.470%* (8847/10000)
Train epoch: 54 | Loss: *0.057* | Acc: *98.346%* (49173/50000) 
Test epoch: 54 | Loss: *0.462* | Acc: *87.570%* (8757/10000)
Train epoch: 55 | Loss: *0.054* | Acc: *98.444%* (49222/50000) 
Test epoch: 55 | Loss: *0.485* | Acc: *87.420%* (8742/10000)
Train epoch: 56 | Loss: *0.052* | Acc: *98.496%* (49248/50000) 
Test epoch: 56 | Loss: *0.434* | Acc: *88.490%* (8849/10000)
Train epoch: 57 | Loss: *0.051* | Acc: *98.590%* (49295/50000) 
Test epoch: 57 | Loss: *0.466* | Acc: *87.760%* (8776/10000)
Train epoch: 58 | Loss: *0.048* | Acc: *98.692%* (49346/50000) 
Test epoch: 58 | Loss: *0.432* | Acc: *88.430%* (8843/10000)
Train epoch: 59 | Loss: *0.044* | Acc: *98.820%* (49410/50000) 
Test epoch: 59 | Loss: *0.518* | Acc: *87.020%* (8702/10000)
Train epoch: 60 | Loss: *0.041* | Acc: *98.874%* (49437/50000) 
Test epoch: 60 | Loss: *0.446* | Acc: *88.620%* (8862/10000)
Train epoch: 61 | Loss: *0.041* | Acc: *98.942%* (49471/50000) 
Test epoch: 61 | Loss: *0.442* | Acc: *88.560%* (8856/10000)
Train epoch: 62 | Loss: *0.039* | Acc: *98.950%* (49475/50000) 
Test epoch: 62 | Loss: *0.445* | Acc: *88.430%* (8843/10000)
Train epoch: 63 | Loss: *0.038* | Acc: *99.022%* (49511/50000) 
Test epoch: 63 | Loss: *0.451* | Acc: *88.160%* (8816/10000)
Train epoch: 64 | Loss: *0.034* | Acc: *99.142%* (49571/50000) 
Test epoch: 64 | Loss: *0.450* | Acc: *88.250%* (8825/10000)
Train epoch: 65 | Loss: *0.033* | Acc: *99.202%* (49601/50000) 
Test epoch: 65 | Loss: *0.455* | Acc: *88.630%* (8863/10000)
Train epoch: 66 | Loss: *0.034* | Acc: *99.128%* (49564/50000) 
Test epoch: 66 | Loss: *0.449* | Acc: *88.450%* (8845/10000)
Train epoch: 67 | Loss: *0.035* | Acc: *99.072%* (49536/50000) 
Test epoch: 67 | Loss: *0.456* | Acc: *88.610%* (8861/10000)
Train epoch: 68 | Loss: *0.032* | Acc: *99.254%* (49627/50000) 
Test epoch: 68 | Loss: *0.447* | Acc: *88.920%* (8892/10000)
Train epoch: 69 | Loss: *0.029* | Acc: *99.362%* (49681/50000) 
Test epoch: 69 | Loss: *0.452* | Acc: *88.340%* (8834/10000)
Train epoch: 70 | Loss: *0.029* | Acc: *99.308%* (49654/50000) 
Test epoch: 70 | Loss: *0.526* | Acc: *87.380%* (8738/10000)
Train epoch: 71 | Loss: *0.027* | Acc: *99.412%* (49706/50000) 
Test epoch: 71 | Loss: *0.437* | Acc: *88.720%* (8872/10000)
Train epoch: 72 | Loss: *0.024* | Acc: *99.488%* (49744/50000) 
Test epoch: 72 | Loss: *0.432* | Acc: *88.770%* (8877/10000)
Train epoch: 73 | Loss: *0.024* | Acc: *99.494%* (49747/50000) 
Test epoch: 73 | Loss: *0.428* | Acc: *89.000%* (8900/10000)
Train epoch: 74 | Loss: *0.024* | Acc: *99.494%* (49747/50000) 
Test epoch: 74 | Loss: *0.432* | Acc: *88.940%* (8894/10000)
Train epoch: 75 | Loss: *0.024* | Acc: *99.496%* (49748/50000) 
Test epoch: 75 | Loss: *0.428* | Acc: *89.020%* (8902/10000)
Train epoch: 76 | Loss: *0.022* | Acc: *99.580%* (49790/50000) 
Test epoch: 76 | Loss: *0.431* | Acc: *88.830%* (8883/10000)
Train epoch: 77 | Loss: *0.022* | Acc: *99.554%* (49777/50000) 
Test epoch: 77 | Loss: *0.452* | Acc: *88.600%* (8860/10000)
Train epoch: 78 | Loss: *0.021* | Acc: *99.618%* (49809/50000) 
Test epoch: 78 | Loss: *0.443* | Acc: *88.530%* (8853/10000)
Train epoch: 79 | Loss: *0.020* | Acc: *99.652%* (49826/50000) 
Test epoch: 79 | Loss: *0.428* | Acc: *89.250%* (8925/10000)
Train epoch: 80 | Loss: *0.018* | Acc: *99.654%* (49827/50000) 
Test epoch: 80 | Loss: *0.441* | Acc: *89.140%* (8914/10000)
Train epoch: 81 | Loss: *0.018* | Acc: *99.700%* (49850/50000) 
Test epoch: 81 | Loss: *0.428* | Acc: *89.340%* (8934/10000)
Train epoch: 82 | Loss: *0.017* | Acc: *99.698%* (49849/50000) 
Test epoch: 82 | Loss: *0.432* | Acc: *89.210%* (8921/10000)
Train epoch: 83 | Loss: *0.018* | Acc: *99.666%* (49833/50000) 
Test epoch: 83 | Loss: *0.434* | Acc: *89.060%* (8906/10000)
Train epoch: 84 | Loss: *0.018* | Acc: *99.676%* (49838/50000) 
Test epoch: 84 | Loss: *0.424* | Acc: *89.310%* (8931/10000)
Train epoch: 85 | Loss: *0.016* | Acc: *99.748%* (49874/50000) 
Test epoch: 85 | Loss: *0.439* | Acc: *89.170%* (8917/10000)
Train epoch: 86 | Loss: *0.014* | Acc: *99.808%* (49904/50000) 
Test epoch: 86 | Loss: *0.417* | Acc: *89.620%* (8962/10000)
Train epoch: 87 | Loss: *0.016* | Acc: *99.758%* (49879/50000) 
Test epoch: 87 | Loss: *0.421* | Acc: *89.780%* (8978/10000)
Train epoch: 88 | Loss: *0.015* | Acc: *99.716%* (49858/50000) 
Test epoch: 88 | Loss: *0.429* | Acc: *89.070%* (8907/10000)
Train epoch: 89 | Loss: *0.015* | Acc: *99.758%* (49879/50000) 
Test epoch: 89 | Loss: *0.418* | Acc: *89.330%* (8933/10000)
Train epoch: 90 | Loss: *0.014* | Acc: *99.794%* (49897/50000) 
Test epoch: 90 | Loss: *0.424* | Acc: *89.430%* (8943/10000)
Train epoch: 91 | Loss: *0.013* | Acc: *99.836%* (49918/50000) 
Test epoch: 91 | Loss: *0.434* | Acc: *89.360%* (8936/10000)
Train epoch: 92 | Loss: *0.012* | Acc: *99.852%* (49926/50000) 
Test epoch: 92 | Loss: *0.413* | Acc: *89.290%* (8929/10000)
Train epoch: 93 | Loss: *0.013* | Acc: *99.826%* (49913/50000) 
Test epoch: 93 | Loss: *0.440* | Acc: *89.050%* (8905/10000)
Train epoch: 94 | Loss: *0.012* | Acc: *99.836%* (49918/50000) 
Test epoch: 94 | Loss: *0.421* | Acc: *89.470%* (8947/10000)
Train epoch: 95 | Loss: *0.012* | Acc: *99.852%* (49926/50000) 
Test epoch: 95 | Loss: *0.423* | Acc: *89.310%* (8931/10000)
Train epoch: 96 | Loss: *0.012* | Acc: *99.842%* (49921/50000) 
Test epoch: 96 | Loss: *0.419* | Acc: *89.410%* (8941/10000)
Train epoch: 97 | Loss: *0.010* | Acc: *99.900%* (49950/50000) 
Test epoch: 97 | Loss: *0.420* | Acc: *89.380%* (8938/10000)
Train epoch: 98 | Loss: *0.011* | Acc: *99.882%* (49941/50000) 
Test epoch: 98 | Loss: *0.422* | Acc: *89.530%* (8953/10000)
Train epoch: 99 | Loss: *0.010* | Acc: *99.894%* (49947/50000) 
Test epoch: 99 | Loss: *0.439* | Acc: *89.070%* (8907/10000)
Train epoch: 100 | Loss: *0.011* | Acc: *99.876%* (49938/50000) 
Test epoch: 100 | Loss: *0.425* | Acc: *89.230%* (8923/10000)
Train epoch: 101 | Loss: *0.010* | Acc: *99.934%* (49967/50000) 
Test epoch: 101 | Loss: *0.402* | Acc: *89.810%* (8981/10000)
Train epoch: 102 | Loss: *0.009* | Acc: *99.926%* (49963/50000) 
Test epoch: 102 | Loss: *0.416* | Acc: *89.750%* (8975/10000)
Train epoch: 103 | Loss: *0.010* | Acc: *99.906%* (49953/50000) 
Test epoch: 103 | Loss: *0.410* | Acc: *89.680%* (8968/10000)
Train epoch: 104 | Loss: *0.010* | Acc: *99.882%* (49941/50000) 
Test epoch: 104 | Loss: *0.416* | Acc: *89.440%* (8944/10000)
Train epoch: 105 | Loss: *0.009* | Acc: *99.944%* (49972/50000) 
Test epoch: 105 | Loss: *0.432* | Acc: *89.310%* (8931/10000)
Train epoch: 106 | Loss: *0.009* | Acc: *99.920%* (49960/50000) 
Test epoch: 106 | Loss: *0.417* | Acc: *89.660%* (8966/10000)
Train epoch: 107 | Loss: *0.008* | Acc: *99.938%* (49969/50000) 
Test epoch: 107 | Loss: *0.416* | Acc: *89.480%* (8948/10000)
Train epoch: 108 | Loss: *0.009* | Acc: *99.916%* (49958/50000) 
Test epoch: 108 | Loss: *0.413* | Acc: *89.560%* (8956/10000)
Train epoch: 109 | Loss: *0.008* | Acc: *99.952%* (49976/50000) 
Test epoch: 109 | Loss: *0.405* | Acc: *89.980%* (8998/10000)
Train epoch: 110 | Loss: *0.008* | Acc: *99.926%* (49963/50000) 
Test epoch: 110 | Loss: *0.411* | Acc: *89.740%* (8974/10000)
Train epoch: 111 | Loss: *0.008* | Acc: *99.926%* (49963/50000) 
Test epoch: 111 | Loss: *0.410* | Acc: *89.910%* (8991/10000)
Train epoch: 112 | Loss: *0.008* | Acc: *99.942%* (49971/50000) 
Test epoch: 112 | Loss: *0.413* | Acc: *89.730%* (8973/10000)
Train epoch: 113 | Loss: *0.008* | Acc: *99.946%* (49973/50000) 
Test epoch: 113 | Loss: *0.415* | Acc: *89.590%* (8959/10000)
Train epoch: 114 | Loss: *0.007* | Acc: *99.962%* (49981/50000) 
Test epoch: 114 | Loss: *0.407* | Acc: *89.750%* (8975/10000)
Train epoch: 115 | Loss: *0.008* | Acc: *99.936%* (49968/50000) 
Test epoch: 115 | Loss: *0.418* | Acc: *89.500%* (8950/10000)
Train epoch: 116 | Loss: *0.007* | Acc: *99.966%* (49983/50000) 
Test epoch: 116 | Loss: *0.415* | Acc: *89.740%* (8974/10000)
Train epoch: 117 | Loss: *0.007* | Acc: *99.954%* (49977/50000) 
Test epoch: 117 | Loss: *0.415* | Acc: *89.640%* (8964/10000)
Train epoch: 118 | Loss: *0.007* | Acc: *99.946%* (49973/50000) 
Test epoch: 118 | Loss: *0.408* | Acc: *89.630%* (8963/10000)
Train epoch: 119 | Loss: *0.007* | Acc: *99.944%* (49972/50000) 
Test epoch: 119 | Loss: *0.409* | Acc: *89.740%* (8974/10000)
Train epoch: 120 | Loss: *0.006* | Acc: *99.976%* (49988/50000) 
Test epoch: 120 | Loss: *0.412* | Acc: *89.410%* (8941/10000)
Train epoch: 121 | Loss: *0.007* | Acc: *99.964%* (49982/50000) 
Test epoch: 121 | Loss: *0.410* | Acc: *89.710%* (8971/10000)
Train epoch: 122 | Loss: *0.006* | Acc: *99.986%* (49993/50000) 
Test epoch: 122 | Loss: *0.405* | Acc: *89.590%* (8959/10000)
Train epoch: 123 | Loss: *0.007* | Acc: *99.962%* (49981/50000) 
Test epoch: 123 | Loss: *0.401* | Acc: *89.720%* (8972/10000)
Train epoch: 124 | Loss: *0.006* | Acc: *99.960%* (49980/50000) 
Test epoch: 124 | Loss: *0.404* | Acc: *89.740%* (8974/10000)
Train epoch: 125 | Loss: *0.006* | Acc: *99.980%* (49990/50000) 
Test epoch: 125 | Loss: *0.408* | Acc: *89.780%* (8978/10000)
Train epoch: 126 | Loss: *0.006* | Acc: *99.964%* (49982/50000) 
Test epoch: 126 | Loss: *0.404* | Acc: *89.700%* (8970/10000)
Train epoch: 127 | Loss: *0.006* | Acc: *99.968%* (49984/50000) 
Test epoch: 127 | Loss: *0.405* | Acc: *89.680%* (8968/10000)
Train epoch: 128 | Loss: *0.006* | Acc: *99.972%* (49986/50000) 
Test epoch: 128 | Loss: *0.405* | Acc: *89.760%* (8976/10000)
Train epoch: 129 | Loss: *0.006* | Acc: *99.958%* (49979/50000) 
Test epoch: 129 | Loss: *0.406* | Acc: *89.700%* (8970/10000)
Train epoch: 130 | Loss: *0.006* | Acc: *99.964%* (49982/50000) 
Test epoch: 130 | Loss: *0.398* | Acc: *89.940%* (8994/10000)
Train epoch: 131 | Loss: *0.006* | Acc: *99.980%* (49990/50000) 
Test epoch: 131 | Loss: *0.404* | Acc: *89.790%* (8979/10000)
Train epoch: 132 | Loss: *0.006* | Acc: *99.968%* (49984/50000) 
Test epoch: 132 | Loss: *0.402* | Acc: *89.690%* (8969/10000)
Train epoch: 133 | Loss: *0.006* | Acc: *99.984%* (49992/50000) 
Test epoch: 133 | Loss: *0.403* | Acc: *89.890%* (8989/10000)
Train epoch: 134 | Loss: *0.005* | Acc: *99.982%* (49991/50000) 
Test epoch: 134 | Loss: *0.404* | Acc: *89.670%* (8967/10000)
Train epoch: 135 | Loss: *0.005* | Acc: *99.982%* (49991/50000) 
Test epoch: 135 | Loss: *0.408* | Acc: *89.680%* (8968/10000)
Train epoch: 136 | Loss: *0.005* | Acc: *99.982%* (49991/50000) 
Test epoch: 136 | Loss: *0.407* | Acc: *89.750%* (8975/10000)
Train epoch: 137 | Loss: *0.005* | Acc: *99.984%* (49992/50000) 
Test epoch: 137 | Loss: *0.401* | Acc: *89.910%* (8991/10000)
Train epoch: 138 | Loss: *0.005* | Acc: *99.976%* (49988/50000) 
Test epoch: 138 | Loss: *0.406* | Acc: *89.730%* (8973/10000)
Train epoch: 139 | Loss: *0.005* | Acc: *99.992%* (49996/50000) 
Test epoch: 139 | Loss: *0.403* | Acc: *89.890%* (8989/10000)
Train epoch: 140 | Loss: *0.006* | Acc: *99.984%* (49992/50000) 
Test epoch: 140 | Loss: *0.400* | Acc: *89.880%* (8988/10000)
Train epoch: 141 | Loss: *0.005* | Acc: *99.990%* (49995/50000) 
Test epoch: 141 | Loss: *0.404* | Acc: *89.800%* (8980/10000)
Train epoch: 142 | Loss: *0.005* | Acc: *99.982%* (49991/50000) 
Test epoch: 142 | Loss: *0.401* | Acc: *89.640%* (8964/10000)
Train epoch: 143 | Loss: *0.005* | Acc: *99.990%* (49995/50000) 
Test epoch: 143 | Loss: *0.402* | Acc: *89.760%* (8976/10000)
Train epoch: 144 | Loss: *0.005* | Acc: *99.980%* (49990/50000) 
Test epoch: 144 | Loss: *0.401* | Acc: *89.950%* (8995/10000)
Train epoch: 145 | Loss: *0.005* | Acc: *99.988%* (49994/50000) 
Test epoch: 145 | Loss: *0.402* | Acc: *89.980%* (8998/10000)
Train epoch: 146 | Loss: *0.005* | Acc: *99.980%* (49990/50000) 
Test epoch: 146 | Loss: *0.402* | Acc: *89.820%* (8982/10000)
Train epoch: 147 | Loss: *0.005* | Acc: *99.980%* (49990/50000) 
Test epoch: 147 | Loss: *0.402* | Acc: *89.920%* (8992/10000)
Train epoch: 148 | Loss: *0.005* | Acc: *99.990%* (49995/50000) 
Test epoch: 148 | Loss: *0.397* | Acc: *90.030%* (9003/10000)
Train epoch: 149 | Loss: *0.005* | Acc: *99.982%* (49991/50000) 
Test epoch: 149 | Loss: *0.400* | Acc: *89.780%* (8978/10000)
Train epoch: 150 | Loss: *0.005* | Acc: *99.988%* (49994/50000) 
Test epoch: 150 | Loss: *0.400* | Acc: *89.780%* (8978/10000)
Train epoch: 151 | Loss: *0.005* | Acc: *99.990%* (49995/50000) 
Test epoch: 151 | Loss: *0.394* | Acc: *89.950%* (8995/10000)
Train epoch: 152 | Loss: *0.005* | Acc: *99.994%* (49997/50000) 
Test epoch: 152 | Loss: *0.399* | Acc: *89.830%* (8983/10000)
Train epoch: 153 | Loss: *0.005* | Acc: *100.000%* (50000/50000) 
Test epoch: 153 | Loss: *0.395* | Acc: *90.050%* (9005/10000)
Train epoch: 154 | Loss: *0.005* | Acc: *99.996%* (49998/50000) 
Test epoch: 154 | Loss: *0.399* | Acc: *89.950%* (8995/10000)
Train epoch: 155 | Loss: *0.005* | Acc: *99.992%* (49996/50000) 
Test epoch: 155 | Loss: *0.399* | Acc: *89.930%* (8993/10000)
Train epoch: 156 | Loss: *0.005* | Acc: *99.994%* (49997/50000) 
Test epoch: 156 | Loss: *0.400* | Acc: *89.960%* (8996/10000)
Train epoch: 157 | Loss: *0.005* | Acc: *99.992%* (49996/50000) 
Test epoch: 157 | Loss: *0.395* | Acc: *90.000%* (9000/10000)
Train epoch: 158 | Loss: *0.005* | Acc: *99.990%* (49995/50000) 
Test epoch: 158 | Loss: *0.397* | Acc: *89.980%* (8998/10000)
Train epoch: 159 | Loss: *0.004* | Acc: *99.992%* (49996/50000) 
Test epoch: 159 | Loss: *0.394* | Acc: *90.000%* (9000/10000)
Train epoch: 160 | Loss: *0.004* | Acc: *99.984%* (49992/50000) 
Test epoch: 160 | Loss: *0.396* | Acc: *89.900%* (8990/10000)
Train epoch: 161 | Loss: *0.005* | Acc: *99.992%* (49996/50000) 
Test epoch: 161 | Loss: *0.396* | Acc: *90.000%* (9000/10000)
Train epoch: 162 | Loss: *0.004* | Acc: *99.996%* (49998/50000) 
Test epoch: 162 | Loss: *0.398* | Acc: *90.030%* (9003/10000)
Train epoch: 163 | Loss: *0.004* | Acc: *99.996%* (49998/50000) 
Test epoch: 163 | Loss: *0.397* | Acc: *89.980%* (8998/10000)
Train epoch: 164 | Loss: *0.004* | Acc: *99.996%* (49998/50000) 
Test epoch: 164 | Loss: *0.395* | Acc: *90.080%* (9008/10000)
Train epoch: 165 | Loss: *0.004* | Acc: *100.000%* (50000/50000) 
Test epoch: 165 | Loss: *0.396* | Acc: *89.990%* (8999/10000)
Train epoch: 166 | Loss: *0.004* | Acc: *99.984%* (49992/50000) 
Test epoch: 166 | Loss: *0.398* | Acc: *90.070%* (9007/10000)
Train epoch: 167 | Loss: *0.004* | Acc: *99.996%* (49998/50000) 
Test epoch: 167 | Loss: *0.396* | Acc: *89.980%* (8998/10000)
Train epoch: 168 | Loss: *0.004* | Acc: *99.994%* (49997/50000) 
Test epoch: 168 | Loss: *0.394* | Acc: *90.080%* (9008/10000)
Train epoch: 169 | Loss: *0.004* | Acc: *99.996%* (49998/50000) 
Test epoch: 169 | Loss: *0.396* | Acc: *89.950%* (8995/10000)
Train epoch: 170 | Loss: *0.004* | Acc: *99.998%* (49999/50000) 
Test epoch: 170 | Loss: *0.397* | Acc: *90.040%* (9004/10000)
Train epoch: 171 | Loss: *0.004* | Acc: *99.984%* (49992/50000) 
Test epoch: 171 | Loss: *0.397* | Acc: *90.120%* (9012/10000)
Train epoch: 172 | Loss: *0.004* | Acc: *99.994%* (49997/50000) 
Test epoch: 172 | Loss: *0.395* | Acc: *90.120%* (9012/10000)
Train epoch: 173 | Loss: *0.004* | Acc: *99.988%* (49994/50000) 
Test epoch: 173 | Loss: *0.398* | Acc: *90.010%* (9001/10000)
Train epoch: 174 | Loss: *0.004* | Acc: *99.990%* (49995/50000) 
Test epoch: 174 | Loss: *0.398* | Acc: *89.980%* (8998/10000)
Train epoch: 175 | Loss: *0.004* | Acc: *100.000%* (50000/50000) 
Test epoch: 175 | Loss: *0.395* | Acc: *90.130%* (9013/10000)
Train epoch: 176 | Loss: *0.004* | Acc: *99.990%* (49995/50000) 
Test epoch: 176 | Loss: *0.397* | Acc: *89.840%* (8984/10000)
Train epoch: 177 | Loss: *0.004* | Acc: *99.992%* (49996/50000) 
Test epoch: 177 | Loss: *0.397* | Acc: *90.090%* (9009/10000)
Train epoch: 178 | Loss: *0.004* | Acc: *99.996%* (49998/50000) 
Test epoch: 178 | Loss: *0.398* | Acc: *90.040%* (9004/10000)
Train epoch: 179 | Loss: *0.004* | Acc: *99.998%* (49999/50000) 
Test epoch: 179 | Loss: *0.395* | Acc: *90.030%* (9003/10000)
Train epoch: 180 | Loss: *0.004* | Acc: *99.998%* (49999/50000) 
Test epoch: 180 | Loss: *0.398* | Acc: *89.980%* (8998/10000)
Train epoch: 181 | Loss: *0.004* | Acc: *99.998%* (49999/50000) 
Test epoch: 181 | Loss: *0.396* | Acc: *90.000%* (9000/10000)
Train epoch: 182 | Loss: *0.004* | Acc: *99.990%* (49995/50000) 
Test epoch: 182 | Loss: *0.394* | Acc: *90.000%* (9000/10000)
Train epoch: 183 | Loss: *0.004* | Acc: *99.996%* (49998/50000) 
Test epoch: 183 | Loss: *0.395* | Acc: *90.040%* (9004/10000)
Train epoch: 184 | Loss: *0.004* | Acc: *99.996%* (49998/50000) 
Test epoch: 184 | Loss: *0.395* | Acc: *90.080%* (9008/10000)
Train epoch: 185 | Loss: *0.004* | Acc: *99.996%* (49998/50000) 
Test epoch: 185 | Loss: *0.398* | Acc: *90.070%* (9007/10000)
Train epoch: 186 | Loss: *0.004* | Acc: *99.996%* (49998/50000) 
Test epoch: 186 | Loss: *0.397* | Acc: *90.070%* (9007/10000)
Train epoch: 187 | Loss: *0.004* | Acc: *99.992%* (49996/50000) 
Test epoch: 187 | Loss: *0.394* | Acc: *90.120%* (9012/10000)
Train epoch: 188 | Loss: *0.004* | Acc: *99.994%* (49997/50000) 
Test epoch: 188 | Loss: *0.396* | Acc: *90.040%* (9004/10000)
Train epoch: 189 | Loss: *0.004* | Acc: *99.996%* (49998/50000) 
Test epoch: 189 | Loss: *0.395* | Acc: *90.170%* (9017/10000)
Train epoch: 190 | Loss: *0.004* | Acc: *99.996%* (49998/50000) 
Test epoch: 190 | Loss: *0.394* | Acc: *90.040%* (9004/10000)
Train epoch: 191 | Loss: *0.004* | Acc: *99.992%* (49996/50000) 
Test epoch: 191 | Loss: *0.395* | Acc: *90.050%* (9005/10000)
Train epoch: 192 | Loss: *0.004* | Acc: *99.994%* (49997/50000) 
Test epoch: 192 | Loss: *0.395* | Acc: *90.040%* (9004/10000)
Train epoch: 193 | Loss: *0.004* | Acc: *99.988%* (49994/50000) 
Test epoch: 193 | Loss: *0.395* | Acc: *90.110%* (9011/10000)
Train epoch: 194 | Loss: *0.004* | Acc: *99.994%* (49997/50000) 
Test epoch: 194 | Loss: *0.396* | Acc: *90.090%* (9009/10000)
Train epoch: 195 | Loss: *0.004* | Acc: *99.998%* (49999/50000) 
Test epoch: 195 | Loss: *0.392* | Acc: *90.170%* (9017/10000)
Train epoch: 196 | Loss: *0.004* | Acc: *100.000%* (50000/50000) 
Test epoch: 196 | Loss: *0.392* | Acc: *90.120%* (9012/10000)
Train epoch: 197 | Loss: *0.004* | Acc: *99.992%* (49996/50000) 
Test epoch: 197 | Loss: *0.395* | Acc: *89.960%* (8996/10000)
Train epoch: 198 | Loss: *0.004* | Acc: *99.996%* (49998/50000) 
Test epoch: 198 | Loss: *0.398* | Acc: *89.950%* (8995/10000)
Train epoch: 199 | Loss: *0.004* | Acc: *100.000%* (50000/50000) 
Test epoch: 199 | Loss: *0.395* | Acc: *90.070%* (9007/10000)
Train epoch: 200 | Loss: *0.004* | Acc: *99.998%* (49999/50000) 
Test epoch: 200 | Loss: *0.396* | Acc: *90.020%* (9002/10000)
Train epoch: 201 | Loss: *0.004* | Acc: *99.998%* (49999/50000) 
Test epoch: 201 | Loss: *0.396* | Acc: *90.100%* (9010/10000)
Train epoch: 202 | Loss: *0.004* | Acc: *99.994%* (49997/50000) 
Test epoch: 202 | Loss: *0.395* | Acc: *90.020%* (9002/10000)
Train epoch: 203 | Loss: *0.004* | Acc: *99.994%* (49997/50000) 
Test epoch: 203 | Loss: *0.395* | Acc: *90.110%* (9011/10000)
Train epoch: 204 | Loss: *0.004* | Acc: *99.996%* (49998/50000) 
Test epoch: 204 | Loss: *0.395* | Acc: *90.120%* (9012/10000)
Train epoch: 205 | Loss: *0.004* | Acc: *99.996%* (49998/50000) 
Test epoch: 205 | Loss: *0.395* | Acc: *89.900%* (8990/10000)
Train epoch: 206 | Loss: *0.004* | Acc: *99.992%* (49996/50000) 
Test epoch: 206 | Loss: *0.395* | Acc: *90.160%* (9016/10000)
Train epoch: 207 | Loss: *0.004* | Acc: *99.998%* (49999/50000) 
Test epoch: 207 | Loss: *0.395* | Acc: *90.070%* (9007/10000)
Train epoch: 208 | Loss: *0.004* | Acc: *99.998%* (49999/50000) 
Test epoch: 208 | Loss: *0.397* | Acc: *90.120%* (9012/10000)
Train epoch: 209 | Loss: *0.004* | Acc: *99.992%* (49996/50000) 
Test epoch: 209 | Loss: *0.394* | Acc: *90.080%* (9008/10000)
Train epoch: 210 | Loss: *0.004* | Acc: *99.992%* (49996/50000) 
Test epoch: 210 | Loss: *0.395* | Acc: *90.180%* (9018/10000)
Train epoch: 211 | Loss: *0.004* | Acc: *99.994%* (49997/50000) 
Test epoch: 211 | Loss: *0.395* | Acc: *90.060%* (9006/10000)
Train epoch: 212 | Loss: *0.004* | Acc: *99.996%* (49998/50000) 
Test epoch: 212 | Loss: *0.394* | Acc: *89.960%* (8996/10000)
Train epoch: 213 | Loss: *0.004* | Acc: *99.998%* (49999/50000) 
Test epoch: 213 | Loss: *0.396* | Acc: *90.030%* (9003/10000)
Train epoch: 214 | Loss: *0.004* | Acc: *99.986%* (49993/50000) 
Test epoch: 214 | Loss: *0.392* | Acc: *90.120%* (9012/10000)
Train epoch: 215 | Loss: *0.004* | Acc: *99.994%* (49997/50000) 
Test epoch: 215 | Loss: *0.394* | Acc: *90.120%* (9012/10000)
Train epoch: 216 | Loss: *0.004* | Acc: *99.994%* (49997/50000) 
Test epoch: 216 | Loss: *0.399* | Acc: *89.940%* (8994/10000)
Train epoch: 217 | Loss: *0.004* | Acc: *99.994%* (49997/50000) 
Test epoch: 217 | Loss: *0.394* | Acc: *90.140%* (9014/10000)
Train epoch: 218 | Loss: *0.004* | Acc: *100.000%* (50000/50000) 
Test epoch: 218 | Loss: *0.398* | Acc: *89.960%* (8996/10000)
Train epoch: 219 | Loss: *0.004* | Acc: *100.000%* (50000/50000) 
Test epoch: 219 | Loss: *0.395* | Acc: *90.070%* (9007/10000)
Train epoch: 220 | Loss: *0.004* | Acc: *100.000%* (50000/50000) 
Test epoch: 220 | Loss: *0.396* | Acc: *89.990%* (8999/10000)
Train epoch: 221 | Loss: *0.004* | Acc: *99.994%* (49997/50000) 
Test epoch: 221 | Loss: *0.393* | Acc: *90.010%* (9001/10000)
Train epoch: 222 | Loss: *0.004* | Acc: *100.000%* (50000/50000) 
Test epoch: 222 | Loss: *0.396* | Acc: *89.990%* (8999/10000)
Train epoch: 223 | Loss: *0.004* | Acc: *99.994%* (49997/50000) 
Test epoch: 223 | Loss: *0.395* | Acc: *90.140%* (9014/10000)
Train epoch: 224 | Loss: *0.004* | Acc: *99.990%* (49995/50000) 
Test epoch: 224 | Loss: *0.394* | Acc: *90.130%* (9013/10000)
Train epoch: 225 | Loss: *0.004* | Acc: *99.994%* (49997/50000) 
Test epoch: 225 | Loss: *0.392* | Acc: *90.120%* (9012/10000)
Train epoch: 226 | Loss: *0.004* | Acc: *99.996%* (49998/50000) 
Test epoch: 226 | Loss: *0.393* | Acc: *89.950%* (8995/10000)
Train epoch: 227 | Loss: *0.004* | Acc: *99.990%* (49995/50000) 
Test epoch: 227 | Loss: *0.394* | Acc: *90.120%* (9012/10000)
Train epoch: 228 | Loss: *0.004* | Acc: *100.000%* (50000/50000) 
Test epoch: 228 | Loss: *0.394* | Acc: *90.080%* (9008/10000)
Train epoch: 229 | Loss: *0.004* | Acc: *99.992%* (49996/50000) 
Test epoch: 229 | Loss: *0.396* | Acc: *89.930%* (8993/10000)
Train epoch: 230 | Loss: *0.004* | Acc: *99.996%* (49998/50000) 
Test epoch: 230 | Loss: *0.396* | Acc: *90.100%* (9010/10000)
Train epoch: 231 | Loss: *0.004* | Acc: *99.994%* (49997/50000) 
Test epoch: 231 | Loss: *0.395* | Acc: *89.980%* (8998/10000)
Train epoch: 232 | Loss: *0.004* | Acc: *99.996%* (49998/50000) 
Test epoch: 232 | Loss: *0.397* | Acc: *89.920%* (8992/10000)
Train epoch: 233 | Loss: *0.004* | Acc: *99.994%* (49997/50000) 
Test epoch: 233 | Loss: *0.395* | Acc: *90.070%* (9007/10000)
Train epoch: 234 | Loss: *0.004* | Acc: *99.998%* (49999/50000) 
Test epoch: 234 | Loss: *0.393* | Acc: *90.100%* (9010/10000)
Train epoch: 235 | Loss: *0.004* | Acc: *99.994%* (49997/50000) 
Test epoch: 235 | Loss: *0.394* | Acc: *90.040%* (9004/10000)
Train epoch: 236 | Loss: *0.004* | Acc: *99.996%* (49998/50000) 
Test epoch: 236 | Loss: *0.395* | Acc: *89.880%* (8988/10000)
Train epoch: 237 | Loss: *0.004* | Acc: *99.990%* (49995/50000) 
Test epoch: 237 | Loss: *0.397* | Acc: *90.150%* (9015/10000)
Train epoch: 238 | Loss: *0.004* | Acc: *99.998%* (49999/50000) 
Test epoch: 238 | Loss: *0.394* | Acc: *90.080%* (9008/10000)
Train epoch: 239 | Loss: *0.004* | Acc: *99.992%* (49996/50000) 
Test epoch: 239 | Loss: *0.396* | Acc: *90.000%* (9000/10000)
Train epoch: 240 | Loss: *0.004* | Acc: *99.994%* (49997/50000) 
Test epoch: 240 | Loss: *0.393* | Acc: *90.030%* (9003/10000)
Train epoch: 241 | Loss: *0.004* | Acc: *99.988%* (49994/50000) 
Test epoch: 241 | Loss: *0.393* | Acc: *90.110%* (9011/10000)
Train epoch: 242 | Loss: *0.004* | Acc: *99.996%* (49998/50000) 
Test epoch: 242 | Loss: *0.395* | Acc: *90.070%* (9007/10000)
Train epoch: 243 | Loss: *0.004* | Acc: *99.996%* (49998/50000) 
Test epoch: 243 | Loss: *0.396* | Acc: *90.100%* (9010/10000)
Train epoch: 244 | Loss: *0.004* | Acc: *100.000%* (50000/50000) 
Test epoch: 244 | Loss: *0.395* | Acc: *90.150%* (9015/10000)
Train epoch: 245 | Loss: *0.004* | Acc: *99.996%* (49998/50000) 
Test epoch: 245 | Loss: *0.396* | Acc: *90.030%* (9003/10000)
Train epoch: 246 | Loss: *0.004* | Acc: *99.994%* (49997/50000) 
Test epoch: 246 | Loss: *0.398* | Acc: *90.000%* (9000/10000)
Train epoch: 247 | Loss: *0.005* | Acc: *99.994%* (49997/50000) 
Test epoch: 247 | Loss: *0.394* | Acc: *90.050%* (9005/10000)
Train epoch: 248 | Loss: *0.004* | Acc: *99.996%* (49998/50000) 
Test epoch: 248 | Loss: *0.396* | Acc: *89.980%* (8998/10000)
Train epoch: 249 | Loss: *0.004* | Acc: *99.996%* (49998/50000) 
Test epoch: 249 | Loss: *0.392* | Acc: *90.060%* (9006/10000)
Train epoch: 250 | Loss: *0.005* | Acc: *99.996%* (49998/50000) 
Test epoch: 250 | Loss: *0.395* | Acc: *89.910%* (8991/10000)
Train epoch: 251 | Loss: *0.004* | Acc: *99.996%* (49998/50000) 
Test epoch: 251 | Loss: *0.395* | Acc: *90.080%* (9008/10000)
Train epoch: 252 | Loss: *0.004* | Acc: *99.996%* (49998/50000) 
Test epoch: 252 | Loss: *0.396* | Acc: *90.060%* (9006/10000)
Train epoch: 253 | Loss: *0.004* | Acc: *99.996%* (49998/50000) 
Test epoch: 253 | Loss: *0.388* | Acc: *90.110%* (9011/10000)
Train epoch: 254 | Loss: *0.004* | Acc: *99.992%* (49996/50000) 
Test epoch: 254 | Loss: *0.391* | Acc: *90.150%* (9015/10000)
Train epoch: 255 | Loss: *0.004* | Acc: *99.998%* (49999/50000) 
Test epoch: 255 | Loss: *0.390* | Acc: *90.110%* (9011/10000)
Train epoch: 256 | Loss: *0.005* | Acc: *99.994%* (49997/50000) 
Test epoch: 256 | Loss: *0.393* | Acc: *90.090%* (9009/10000)
Train epoch: 257 | Loss: *0.005* | Acc: *99.998%* (49999/50000) 
Test epoch: 257 | Loss: *0.394* | Acc: *90.030%* (9003/10000)
Train epoch: 258 | Loss: *0.005* | Acc: *99.988%* (49994/50000) 
Test epoch: 258 | Loss: *0.400* | Acc: *89.960%* (8996/10000)
Train epoch: 259 | Loss: *0.005* | Acc: *99.990%* (49995/50000) 
Test epoch: 259 | Loss: *0.395* | Acc: *89.870%* (8987/10000)
Train epoch: 260 | Loss: *0.005* | Acc: *99.990%* (49995/50000) 
Test epoch: 260 | Loss: *0.396* | Acc: *89.930%* (8993/10000)
Train epoch: 261 | Loss: *0.005* | Acc: *99.994%* (49997/50000) 
Test epoch: 261 | Loss: *0.396* | Acc: *90.140%* (9014/10000)
Train epoch: 262 | Loss: *0.005* | Acc: *99.996%* (49998/50000) 
Test epoch: 262 | Loss: *0.396* | Acc: *89.890%* (8989/10000)
Train epoch: 263 | Loss: *0.005* | Acc: *100.000%* (50000/50000) 
Test epoch: 263 | Loss: *0.394* | Acc: *89.980%* (8998/10000)
Train epoch: 264 | Loss: *0.005* | Acc: *99.988%* (49994/50000) 
Test epoch: 264 | Loss: *0.395* | Acc: *89.870%* (8987/10000)
Train epoch: 265 | Loss: *0.005* | Acc: *99.992%* (49996/50000) 
Test epoch: 265 | Loss: *0.396* | Acc: *89.790%* (8979/10000)
Train epoch: 266 | Loss: *0.005* | Acc: *99.998%* (49999/50000) 
Test epoch: 266 | Loss: *0.394* | Acc: *90.000%* (9000/10000)
Train epoch: 267 | Loss: *0.005* | Acc: *99.986%* (49993/50000) 
Test epoch: 267 | Loss: *0.390* | Acc: *89.920%* (8992/10000)
Train epoch: 268 | Loss: *0.005* | Acc: *99.994%* (49997/50000) 
Test epoch: 268 | Loss: *0.400* | Acc: *89.590%* (8959/10000)
Train epoch: 269 | Loss: *0.005* | Acc: *99.990%* (49995/50000) 
Test epoch: 269 | Loss: *0.389* | Acc: *89.890%* (8989/10000)
Train epoch: 270 | Loss: *0.005* | Acc: *99.990%* (49995/50000) 
Test epoch: 270 | Loss: *0.389* | Acc: *89.780%* (8978/10000)
Train epoch: 271 | Loss: *0.005* | Acc: *99.992%* (49996/50000) 
Test epoch: 271 | Loss: *0.395* | Acc: *90.000%* (9000/10000)
Train epoch: 272 | Loss: *0.005* | Acc: *99.992%* (49996/50000) 
Test epoch: 272 | Loss: *0.399* | Acc: *90.000%* (9000/10000)
Train epoch: 273 | Loss: *0.005* | Acc: *99.988%* (49994/50000) 
Test epoch: 273 | Loss: *0.416* | Acc: *89.460%* (8946/10000)
Train epoch: 274 | Loss: *0.005* | Acc: *99.994%* (49997/50000) 
Test epoch: 274 | Loss: *0.400* | Acc: *89.680%* (8968/10000)
Train epoch: 275 | Loss: *0.005* | Acc: *99.988%* (49994/50000) 
Test epoch: 275 | Loss: *0.412* | Acc: *89.320%* (8932/10000)
Train epoch: 276 | Loss: *0.005* | Acc: *99.990%* (49995/50000) 
Test epoch: 276 | Loss: *0.391* | Acc: *89.780%* (8978/10000)
Train epoch: 277 | Loss: *0.005* | Acc: *99.982%* (49991/50000) 
Test epoch: 277 | Loss: *0.398* | Acc: *89.700%* (8970/10000)
Train epoch: 278 | Loss: *0.005* | Acc: *99.992%* (49996/50000) 
Test epoch: 278 | Loss: *0.389* | Acc: *90.160%* (9016/10000)
Train epoch: 279 | Loss: *0.005* | Acc: *100.000%* (50000/50000) 
Test epoch: 279 | Loss: *0.396* | Acc: *89.780%* (8978/10000)
Train epoch: 280 | Loss: *0.005* | Acc: *99.988%* (49994/50000) 
Test epoch: 280 | Loss: *0.394* | Acc: *89.760%* (8976/10000)
Train epoch: 281 | Loss: *0.005* | Acc: *99.992%* (49996/50000) 
Test epoch: 281 | Loss: *0.403* | Acc: *89.670%* (8967/10000)
Train epoch: 282 | Loss: *0.006* | Acc: *99.986%* (49993/50000) 
Test epoch: 282 | Loss: *0.399* | Acc: *89.640%* (8964/10000)
Train epoch: 283 | Loss: *0.006* | Acc: *99.990%* (49995/50000) 
Test epoch: 283 | Loss: *0.400* | Acc: *89.710%* (8971/10000)
Train epoch: 284 | Loss: *0.006* | Acc: *99.976%* (49988/50000) 
Test epoch: 284 | Loss: *0.402* | Acc: *89.690%* (8969/10000)
Train epoch: 285 | Loss: *0.006* | Acc: *99.980%* (49990/50000) 
Test epoch: 285 | Loss: *0.401* | Acc: *89.800%* (8980/10000)
Train epoch: 286 | Loss: *0.006* | Acc: *99.988%* (49994/50000) 
Test epoch: 286 | Loss: *0.394* | Acc: *89.710%* (8971/10000)
Train epoch: 287 | Loss: *0.006* | Acc: *99.984%* (49992/50000) 
Test epoch: 287 | Loss: *0.401* | Acc: *89.500%* (8950/10000)
Train epoch: 288 | Loss: *0.006* | Acc: *99.982%* (49991/50000) 
Test epoch: 288 | Loss: *0.397* | Acc: *89.580%* (8958/10000)
Train epoch: 289 | Loss: *0.006* | Acc: *99.984%* (49992/50000) 
Test epoch: 289 | Loss: *0.416* | Acc: *89.290%* (8929/10000)
Train epoch: 290 | Loss: *0.007* | Acc: *99.976%* (49988/50000) 
Test epoch: 290 | Loss: *0.402* | Acc: *89.670%* (8967/10000)
Train epoch: 291 | Loss: *0.006* | Acc: *99.974%* (49987/50000) 
Test epoch: 291 | Loss: *0.405* | Acc: *89.620%* (8962/10000)
Train epoch: 292 | Loss: *0.007* | Acc: *99.972%* (49986/50000) 
Test epoch: 292 | Loss: *0.398* | Acc: *89.610%* (8961/10000)
Train epoch: 293 | Loss: *0.007* | Acc: *99.966%* (49983/50000) 
Test epoch: 293 | Loss: *0.484* | Acc: *88.150%* (8815/10000)
Train epoch: 294 | Loss: *0.008* | Acc: *99.942%* (49971/50000) 
Test epoch: 294 | Loss: *0.419* | Acc: *89.310%* (8931/10000)
Train epoch: 295 | Loss: *0.009* | Acc: *99.924%* (49962/50000) 
Test epoch: 295 | Loss: *0.403* | Acc: *89.640%* (8964/10000)
Train epoch: 296 | Loss: *0.009* | Acc: *99.932%* (49966/50000) 
Test epoch: 296 | Loss: *0.421* | Acc: *89.320%* (8932/10000)
Train epoch: 297 | Loss: *0.008* | Acc: *99.934%* (49967/50000) 
Test epoch: 297 | Loss: *0.416* | Acc: *89.640%* (8964/10000)
Train epoch: 298 | Loss: *0.008* | Acc: *99.954%* (49977/50000) 
Test epoch: 298 | Loss: *0.422* | Acc: *89.260%* (8926/10000)
Train epoch: 299 | Loss: *0.008* | Acc: *99.966%* (49983/50000) 
Test epoch: 299 | Loss: *0.410* | Acc: *89.480%* (8948/10000)
Train epoch: 300 | Loss: *0.008* | Acc: *99.940%* (49970/50000) 
Test epoch: 300 | Loss: *0.467* | Acc: *88.650%* (8865/10000)
Train epoch: 301 | Loss: *0.011* | Acc: *99.886%* (49943/50000) 
Test epoch: 301 | Loss: *0.412* | Acc: *89.400%* (8940/10000)
Train epoch: 302 | Loss: *0.010* | Acc: *99.924%* (49962/50000) 
Test epoch: 302 | Loss: *0.414* | Acc: *89.160%* (8916/10000)
Train epoch: 303 | Loss: *0.010* | Acc: *99.890%* (49945/50000) 
Test epoch: 303 | Loss: *0.419* | Acc: *89.360%* (8936/10000)
Train epoch: 304 | Loss: *0.009* | Acc: *99.920%* (49960/50000) 
Test epoch: 304 | Loss: *0.400* | Acc: *89.660%* (8966/10000)
Train epoch: 305 | Loss: *0.010* | Acc: *99.894%* (49947/50000) 
Test epoch: 305 | Loss: *0.424* | Acc: *89.080%* (8908/10000)
Train epoch: 306 | Loss: *0.013* | Acc: *99.814%* (49907/50000) 
Test epoch: 306 | Loss: *0.483* | Acc: *88.080%* (8808/10000)
Train epoch: 307 | Loss: *0.013* | Acc: *99.814%* (49907/50000) 
Test epoch: 307 | Loss: *0.431* | Acc: *89.260%* (8926/10000)
Train epoch: 308 | Loss: *0.012* | Acc: *99.864%* (49932/50000) 
Test epoch: 308 | Loss: *0.402* | Acc: *89.550%* (8955/10000)
Train epoch: 309 | Loss: *0.012* | Acc: *99.864%* (49932/50000) 
Test epoch: 309 | Loss: *0.435* | Acc: *88.760%* (8876/10000)
Train epoch: 310 | Loss: *0.013* | Acc: *99.836%* (49918/50000) 
Test epoch: 310 | Loss: *0.433* | Acc: *88.900%* (8890/10000)
Train epoch: 311 | Loss: *0.014* | Acc: *99.782%* (49891/50000) 
Test epoch: 311 | Loss: *0.481* | Acc: *88.120%* (8812/10000)
Train epoch: 312 | Loss: *0.015* | Acc: *99.754%* (49877/50000) 
Test epoch: 312 | Loss: *0.442* | Acc: *89.130%* (8913/10000)
Train epoch: 313 | Loss: *0.016* | Acc: *99.728%* (49864/50000) 
Test epoch: 313 | Loss: *0.463* | Acc: *88.270%* (8827/10000)
Train epoch: 314 | Loss: *0.016* | Acc: *99.760%* (49880/50000) 
Test epoch: 314 | Loss: *0.576* | Acc: *86.580%* (8658/10000)
Train epoch: 315 | Loss: *0.018* | Acc: *99.726%* (49863/50000) 
Test epoch: 315 | Loss: *0.469* | Acc: *88.490%* (8849/10000)
Train epoch: 316 | Loss: *0.017* | Acc: *99.710%* (49855/50000) 
Test epoch: 316 | Loss: *0.452* | Acc: *88.640%* (8864/10000)
Train epoch: 317 | Loss: *0.018* | Acc: *99.714%* (49857/50000) 
Test epoch: 317 | Loss: *0.441* | Acc: *88.940%* (8894/10000)
Train epoch: 318 | Loss: *0.019* | Acc: *99.686%* (49843/50000) 
Test epoch: 318 | Loss: *0.447* | Acc: *88.960%* (8896/10000)
Train epoch: 319 | Loss: *0.019* | Acc: *99.678%* (49839/50000) 
Test epoch: 319 | Loss: *0.423* | Acc: *89.190%* (8919/10000)
Train epoch: 320 | Loss: *0.022* | Acc: *99.558%* (49779/50000) 
Test epoch: 320 | Loss: *0.445* | Acc: *88.500%* (8850/10000)
Train epoch: 321 | Loss: *0.021* | Acc: *99.590%* (49795/50000) 
Test epoch: 321 | Loss: *0.540* | Acc: *86.640%* (8664/10000)
Train epoch: 322 | Loss: *0.021* | Acc: *99.580%* (49790/50000) 
Test epoch: 322 | Loss: *0.474* | Acc: *88.080%* (8808/10000)
Train epoch: 323 | Loss: *0.020* | Acc: *99.594%* (49797/50000) 
Test epoch: 323 | Loss: *0.468* | Acc: *88.240%* (8824/10000)
Train epoch: 324 | Loss: *0.023* | Acc: *99.478%* (49739/50000) 
Test epoch: 324 | Loss: *0.480* | Acc: *87.920%* (8792/10000)
Train epoch: 325 | Loss: *0.021* | Acc: *99.530%* (49765/50000) 
Test epoch: 325 | Loss: *0.440* | Acc: *88.880%* (8888/10000)
Train epoch: 326 | Loss: *0.025* | Acc: *99.360%* (49680/50000) 
Test epoch: 326 | Loss: *0.492* | Acc: *87.760%* (8776/10000)
Train epoch: 327 | Loss: *0.024* | Acc: *99.432%* (49716/50000) 
Test epoch: 327 | Loss: *0.587* | Acc: *86.580%* (8658/10000)
Train epoch: 328 | Loss: *0.022* | Acc: *99.532%* (49766/50000) 
Test epoch: 328 | Loss: *0.415* | Acc: *89.260%* (8926/10000)
Train epoch: 329 | Loss: *0.024* | Acc: *99.456%* (49728/50000) 
Test epoch: 329 | Loss: *0.451* | Acc: *88.690%* (8869/10000)
Train epoch: 330 | Loss: *0.022* | Acc: *99.506%* (49753/50000) 
Test epoch: 330 | Loss: *0.476* | Acc: *88.170%* (8817/10000)
Train epoch: 331 | Loss: *0.025* | Acc: *99.414%* (49707/50000) 
Test epoch: 331 | Loss: *0.552* | Acc: *86.500%* (8650/10000)
Train epoch: 332 | Loss: *0.027* | Acc: *99.378%* (49689/50000) 
Test epoch: 332 | Loss: *0.475* | Acc: *88.220%* (8822/10000)
Train epoch: 333 | Loss: *0.024* | Acc: *99.486%* (49743/50000) 
Test epoch: 333 | Loss: *0.430* | Acc: *88.850%* (8885/10000)
Train epoch: 334 | Loss: *0.022* | Acc: *99.476%* (49738/50000) 
Test epoch: 334 | Loss: *0.454* | Acc: *88.620%* (8862/10000)
Train epoch: 335 | Loss: *0.019* | Acc: *99.632%* (49816/50000) 
Test epoch: 335 | Loss: *0.443* | Acc: *89.040%* (8904/10000)
Train epoch: 336 | Loss: *0.020* | Acc: *99.554%* (49777/50000) 
Test epoch: 336 | Loss: *0.542* | Acc: *87.280%* (8728/10000)
Train epoch: 337 | Loss: *0.022* | Acc: *99.486%* (49743/50000) 
Test epoch: 337 | Loss: *0.436* | Acc: *88.960%* (8896/10000)
Train epoch: 338 | Loss: *0.026* | Acc: *99.350%* (49675/50000) 
Test epoch: 338 | Loss: *0.459* | Acc: *88.410%* (8841/10000)
Train epoch: 339 | Loss: *0.020* | Acc: *99.596%* (49798/50000) 
Test epoch: 339 | Loss: *0.467* | Acc: *88.690%* (8869/10000)
Train epoch: 340 | Loss: *0.022* | Acc: *99.458%* (49729/50000) 
Test epoch: 340 | Loss: *0.502* | Acc: *88.040%* (8804/10000)
Train epoch: 341 | Loss: *0.019* | Acc: *99.644%* (49822/50000) 
Test epoch: 341 | Loss: *0.614* | Acc: *85.790%* (8579/10000)
Train epoch: 342 | Loss: *0.022* | Acc: *99.506%* (49753/50000) 
Test epoch: 342 | Loss: *0.446* | Acc: *89.130%* (8913/10000)
Train epoch: 343 | Loss: *0.019* | Acc: *99.598%* (49799/50000) 
Test epoch: 343 | Loss: *0.491* | Acc: *88.010%* (8801/10000)
Train epoch: 344 | Loss: *0.023* | Acc: *99.478%* (49739/50000) 
Test epoch: 344 | Loss: *0.452* | Acc: *88.900%* (8890/10000)
Train epoch: 345 | Loss: *0.020* | Acc: *99.522%* (49761/50000) 
Test epoch: 345 | Loss: *0.463* | Acc: *88.610%* (8861/10000)
Train epoch: 346 | Loss: *0.021* | Acc: *99.532%* (49766/50000) 
Test epoch: 346 | Loss: *0.469* | Acc: *88.520%* (8852/10000)
Train epoch: 347 | Loss: *0.025* | Acc: *99.420%* (49710/50000) 
Test epoch: 347 | Loss: *0.473* | Acc: *88.150%* (8815/10000)
Train epoch: 348 | Loss: *0.024* | Acc: *99.422%* (49711/50000) 
Test epoch: 348 | Loss: *0.464* | Acc: *88.490%* (8849/10000)
Train epoch: 349 | Loss: *0.023* | Acc: *99.422%* (49711/50000) 
Test epoch: 349 | Loss: *0.451* | Acc: *89.060%* (8906/10000)
Train epoch: 350 | Loss: *0.022* | Acc: *99.492%* (49746/50000) 
Test epoch: 350 | Loss: *0.499* | Acc: *88.330%* (8833/10000)
Train epoch: 351 | Loss: *0.021* | Acc: *99.528%* (49764/50000) 
Test epoch: 351 | Loss: *0.444* | Acc: *88.950%* (8895/10000)
Train epoch: 352 | Loss: *0.021* | Acc: *99.544%* (49772/50000) 
Test epoch: 352 | Loss: *0.443* | Acc: *88.880%* (8888/10000)
Train epoch: 353 | Loss: *0.022* | Acc: *99.452%* (49726/50000) 
Test epoch: 353 | Loss: *0.514* | Acc: *87.730%* (8773/10000)
Train epoch: 354 | Loss: *0.021* | Acc: *99.542%* (49771/50000) 
Test epoch: 354 | Loss: *0.576* | Acc: *87.110%* (8711/10000)
Train epoch: 355 | Loss: *0.023* | Acc: *99.462%* (49731/50000) 
Test epoch: 355 | Loss: *0.526* | Acc: *87.660%* (8766/10000)
Train epoch: 356 | Loss: *0.021* | Acc: *99.506%* (49753/50000) 
Test epoch: 356 | Loss: *0.476* | Acc: *88.560%* (8856/10000)
Train epoch: 357 | Loss: *0.024* | Acc: *99.404%* (49702/50000) 
Test epoch: 357 | Loss: *0.566* | Acc: *86.590%* (8659/10000)
Train epoch: 358 | Loss: *0.020* | Acc: *99.584%* (49792/50000) 
Test epoch: 358 | Loss: *0.566* | Acc: *86.790%* (8679/10000)
Train epoch: 359 | Loss: *0.022* | Acc: *99.480%* (49740/50000) 
Test epoch: 359 | Loss: *0.510* | Acc: *88.090%* (8809/10000)
Train epoch: 360 | Loss: *0.023* | Acc: *99.456%* (49728/50000) 
Test epoch: 360 | Loss: *0.518* | Acc: *88.080%* (8808/10000)
Train epoch: 361 | Loss: *0.020* | Acc: *99.540%* (49770/50000) 
Test epoch: 361 | Loss: *0.484* | Acc: *88.490%* (8849/10000)
Train epoch: 362 | Loss: *0.019* | Acc: *99.608%* (49804/50000) 
Test epoch: 362 | Loss: *0.460* | Acc: *89.210%* (8921/10000)
Train epoch: 363 | Loss: *0.022* | Acc: *99.500%* (49750/50000) 
Test epoch: 363 | Loss: *0.512* | Acc: *87.740%* (8774/10000)
Train epoch: 364 | Loss: *0.019* | Acc: *99.598%* (49799/50000) 
Test epoch: 364 | Loss: *0.499* | Acc: *88.250%* (8825/10000)
Train epoch: 365 | Loss: *0.019* | Acc: *99.608%* (49804/50000) 
Test epoch: 365 | Loss: *0.451* | Acc: *88.670%* (8867/10000)
Train epoch: 366 | Loss: *0.020* | Acc: *99.558%* (49779/50000) 
Test epoch: 366 | Loss: *0.498* | Acc: *88.180%* (8818/10000)
Train epoch: 367 | Loss: *0.017* | Acc: *99.638%* (49819/50000) 
Test epoch: 367 | Loss: *0.513* | Acc: *88.180%* (8818/10000)
Train epoch: 368 | Loss: *0.016* | Acc: *99.680%* (49840/50000) 
Test epoch: 368 | Loss: *0.486* | Acc: *88.470%* (8847/10000)
Train epoch: 369 | Loss: *0.023* | Acc: *99.428%* (49714/50000) 
Test epoch: 369 | Loss: *0.502* | Acc: *88.070%* (8807/10000)
Train epoch: 370 | Loss: *0.017* | Acc: *99.692%* (49846/50000) 
Test epoch: 370 | Loss: *0.451* | Acc: *88.960%* (8896/10000)
Train epoch: 371 | Loss: *0.018* | Acc: *99.608%* (49804/50000) 
Test epoch: 371 | Loss: *0.487* | Acc: *88.720%* (8872/10000)
Train epoch: 372 | Loss: *0.019* | Acc: *99.592%* (49796/50000) 
Test epoch: 372 | Loss: *0.492* | Acc: *88.570%* (8857/10000)
Train epoch: 373 | Loss: *0.018* | Acc: *99.622%* (49811/50000) 
Test epoch: 373 | Loss: *0.458* | Acc: *88.840%* (8884/10000)
Train epoch: 374 | Loss: *0.017* | Acc: *99.678%* (49839/50000) 
Test epoch: 374 | Loss: *0.450* | Acc: *89.150%* (8915/10000)
Train epoch: 375 | Loss: *0.018* | Acc: *99.584%* (49792/50000) 
Test epoch: 375 | Loss: *0.434* | Acc: *89.210%* (8921/10000)
Train epoch: 376 | Loss: *0.018* | Acc: *99.580%* (49790/50000) 
Test epoch: 376 | Loss: *0.437* | Acc: *89.280%* (8928/10000)
Train epoch: 377 | Loss: *0.021* | Acc: *99.468%* (49734/50000) 
Test epoch: 377 | Loss: *0.611* | Acc: *86.190%* (8619/10000)
Train epoch: 378 | Loss: *0.021* | Acc: *99.518%* (49759/50000) 
Test epoch: 378 | Loss: *0.429* | Acc: *89.300%* (8930/10000)
Train epoch: 379 | Loss: *0.018* | Acc: *99.622%* (49811/50000) 
Test epoch: 379 | Loss: *0.466* | Acc: *88.970%* (8897/10000)
Train epoch: 380 | Loss: *0.016* | Acc: *99.668%* (49834/50000) 
Test epoch: 380 | Loss: *0.439* | Acc: *89.210%* (8921/10000)
Train epoch: 381 | Loss: *0.017* | Acc: *99.636%* (49818/50000) 
Test epoch: 381 | Loss: *0.436* | Acc: *89.680%* (8968/10000)
Train epoch: 382 | Loss: *0.016* | Acc: *99.644%* (49822/50000) 
Test epoch: 382 | Loss: *0.447* | Acc: *89.020%* (8902/10000)
Train epoch: 383 | Loss: *0.016* | Acc: *99.670%* (49835/50000) 
Test epoch: 383 | Loss: *0.440* | Acc: *89.260%* (8926/10000)
Train epoch: 384 | Loss: *0.018* | Acc: *99.586%* (49793/50000) 
Test epoch: 384 | Loss: *0.445* | Acc: *89.180%* (8918/10000)
Train epoch: 385 | Loss: *0.017* | Acc: *99.656%* (49828/50000) 
Test epoch: 385 | Loss: *0.454* | Acc: *88.790%* (8879/10000)
Train epoch: 386 | Loss: *0.019* | Acc: *99.548%* (49774/50000) 
Test epoch: 386 | Loss: *0.466* | Acc: *88.810%* (8881/10000)
Train epoch: 387 | Loss: *0.017* | Acc: *99.624%* (49812/50000) 
Test epoch: 387 | Loss: *0.460* | Acc: *88.910%* (8891/10000)
Train epoch: 388 | Loss: *0.020* | Acc: *99.526%* (49763/50000) 
Test epoch: 388 | Loss: *0.480* | Acc: *88.560%* (8856/10000)
Train epoch: 389 | Loss: *0.016* | Acc: *99.652%* (49826/50000) 
Test epoch: 389 | Loss: *0.443* | Acc: *89.110%* (8911/10000)
Train epoch: 390 | Loss: *0.015* | Acc: *99.708%* (49854/50000) 
Test epoch: 390 | Loss: *0.459* | Acc: *88.880%* (8888/10000)
Train epoch: 391 | Loss: *0.015* | Acc: *99.714%* (49857/50000) 
Test epoch: 391 | Loss: *0.448* | Acc: *89.230%* (8923/10000)
Train epoch: 392 | Loss: *0.015* | Acc: *99.700%* (49850/50000) 
Test epoch: 392 | Loss: *0.463* | Acc: *89.100%* (8910/10000)
Train epoch: 393 | Loss: *0.017* | Acc: *99.598%* (49799/50000) 
Test epoch: 393 | Loss: *0.457* | Acc: *89.260%* (8926/10000)
Train epoch: 394 | Loss: *0.019* | Acc: *99.558%* (49779/50000) 
Test epoch: 394 | Loss: *0.501* | Acc: *88.650%* (8865/10000)
Train epoch: 395 | Loss: *0.017* | Acc: *99.610%* (49805/50000) 
Test epoch: 395 | Loss: *0.473* | Acc: *88.480%* (8848/10000)
Train epoch: 396 | Loss: *0.015* | Acc: *99.718%* (49859/50000) 
Test epoch: 396 | Loss: *0.465* | Acc: *89.110%* (8911/10000)
Train epoch: 397 | Loss: *0.012* | Acc: *99.786%* (49893/50000) 
Test epoch: 397 | Loss: *0.453* | Acc: *89.160%* (8916/10000)
Train epoch: 398 | Loss: *0.012* | Acc: *99.776%* (49888/50000) 
Test epoch: 398 | Loss: *0.433* | Acc: *89.760%* (8976/10000)
Train epoch: 399 | Loss: *0.014* | Acc: *99.736%* (49868/50000) 
Test epoch: 399 | Loss: *0.508* | Acc: *88.420%* (8842/10000)
Train epoch: 400 | Loss: *0.012* | Acc: *99.776%* (49888/50000) 
Test epoch: 400 | Loss: *0.435* | Acc: *89.480%* (8948/10000)
Train epoch: 401 | Loss: *0.011* | Acc: *99.808%* (49904/50000) 
Test epoch: 401 | Loss: *0.436* | Acc: *89.260%* (8926/10000)
Train epoch: 402 | Loss: *0.010* | Acc: *99.822%* (49911/50000) 
Test epoch: 402 | Loss: *0.465* | Acc: *88.720%* (8872/10000)
Train epoch: 403 | Loss: *0.010* | Acc: *99.844%* (49922/50000) 
Test epoch: 403 | Loss: *0.447* | Acc: *89.130%* (8913/10000)
Train epoch: 404 | Loss: *0.014* | Acc: *99.718%* (49859/50000) 
Test epoch: 404 | Loss: *0.456* | Acc: *88.990%* (8899/10000)
Train epoch: 405 | Loss: *0.013* | Acc: *99.744%* (49872/50000) 
Test epoch: 405 | Loss: *0.463* | Acc: *88.940%* (8894/10000)
Train epoch: 406 | Loss: *0.009* | Acc: *99.872%* (49936/50000) 
Test epoch: 406 | Loss: *0.462* | Acc: *88.850%* (8885/10000)
Train epoch: 407 | Loss: *0.008* | Acc: *99.886%* (49943/50000) 
Test epoch: 407 | Loss: *0.421* | Acc: *89.660%* (8966/10000)
Train epoch: 408 | Loss: *0.011* | Acc: *99.804%* (49902/50000) 
Test epoch: 408 | Loss: *0.442* | Acc: *89.200%* (8920/10000)
Train epoch: 409 | Loss: *0.011* | Acc: *99.852%* (49926/50000) 
Test epoch: 409 | Loss: *0.419* | Acc: *89.750%* (8975/10000)
Train epoch: 410 | Loss: *0.010* | Acc: *99.848%* (49924/50000) 
Test epoch: 410 | Loss: *0.465* | Acc: *88.970%* (8897/10000)
Train epoch: 411 | Loss: *0.010* | Acc: *99.850%* (49925/50000) 
Test epoch: 411 | Loss: *0.438* | Acc: *89.620%* (8962/10000)
Train epoch: 412 | Loss: *0.012* | Acc: *99.772%* (49886/50000) 
Test epoch: 412 | Loss: *0.422* | Acc: *89.430%* (8943/10000)
Train epoch: 413 | Loss: *0.012* | Acc: *99.748%* (49874/50000) 
Test epoch: 413 | Loss: *0.439* | Acc: *89.270%* (8927/10000)
Train epoch: 414 | Loss: *0.011* | Acc: *99.804%* (49902/50000) 
Test epoch: 414 | Loss: *0.453* | Acc: *88.910%* (8891/10000)
Train epoch: 415 | Loss: *0.009* | Acc: *99.898%* (49949/50000) 
Test epoch: 415 | Loss: *0.424* | Acc: *89.640%* (8964/10000)
Train epoch: 416 | Loss: *0.009* | Acc: *99.864%* (49932/50000) 
Test epoch: 416 | Loss: *0.426* | Acc: *89.500%* (8950/10000)
Train epoch: 417 | Loss: *0.007* | Acc: *99.930%* (49965/50000) 
Test epoch: 417 | Loss: *0.414* | Acc: *89.500%* (8950/10000)
Train epoch: 418 | Loss: *0.007* | Acc: *99.902%* (49951/50000) 
Test epoch: 418 | Loss: *0.446* | Acc: *89.250%* (8925/10000)
Train epoch: 419 | Loss: *0.008* | Acc: *99.904%* (49952/50000) 
Test epoch: 419 | Loss: *0.444* | Acc: *89.020%* (8902/10000)
Train epoch: 420 | Loss: *0.011* | Acc: *99.816%* (49908/50000) 
Test epoch: 420 | Loss: *0.442* | Acc: *89.190%* (8919/10000)
Train epoch: 421 | Loss: *0.008* | Acc: *99.926%* (49963/50000) 
Test epoch: 421 | Loss: *0.411* | Acc: *89.760%* (8976/10000)
Train epoch: 422 | Loss: *0.008* | Acc: *99.892%* (49946/50000) 
Test epoch: 422 | Loss: *0.420* | Acc: *89.650%* (8965/10000)
Train epoch: 423 | Loss: *0.006* | Acc: *99.952%* (49976/50000) 
Test epoch: 423 | Loss: *0.441* | Acc: *89.530%* (8953/10000)
Train epoch: 424 | Loss: *0.008* | Acc: *99.886%* (49943/50000) 
Test epoch: 424 | Loss: *0.425* | Acc: *89.870%* (8987/10000)
Train epoch: 425 | Loss: *0.007* | Acc: *99.932%* (49966/50000) 
Test epoch: 425 | Loss: *0.422* | Acc: *89.760%* (8976/10000)
Train epoch: 426 | Loss: *0.006* | Acc: *99.948%* (49974/50000) 
Test epoch: 426 | Loss: *0.463* | Acc: *89.310%* (8931/10000)
Train epoch: 427 | Loss: *0.006* | Acc: *99.940%* (49970/50000) 
Test epoch: 427 | Loss: *0.410* | Acc: *89.990%* (8999/10000)
Train epoch: 428 | Loss: *0.004* | Acc: *99.984%* (49992/50000) 
Test epoch: 428 | Loss: *0.420* | Acc: *89.780%* (8978/10000)
Train epoch: 429 | Loss: *0.005* | Acc: *99.978%* (49989/50000) 
Test epoch: 429 | Loss: *0.423* | Acc: *89.720%* (8972/10000)
Train epoch: 430 | Loss: *0.006* | Acc: *99.964%* (49982/50000) 
Test epoch: 430 | Loss: *0.414* | Acc: *89.830%* (8983/10000)
Train epoch: 431 | Loss: *0.005* | Acc: *99.968%* (49984/50000) 
Test epoch: 431 | Loss: *0.410* | Acc: *89.770%* (8977/10000)
Train epoch: 432 | Loss: *0.005* | Acc: *99.958%* (49979/50000) 
Test epoch: 432 | Loss: *0.413* | Acc: *89.790%* (8979/10000)
Train epoch: 433 | Loss: *0.005* | Acc: *99.980%* (49990/50000) 
Test epoch: 433 | Loss: *0.537* | Acc: *87.750%* (8775/10000)
Train epoch: 434 | Loss: *0.005* | Acc: *99.978%* (49989/50000) 
Test epoch: 434 | Loss: *0.414* | Acc: *89.660%* (8966/10000)
Train epoch: 435 | Loss: *0.005* | Acc: *99.958%* (49979/50000) 
Test epoch: 435 | Loss: *0.411* | Acc: *89.580%* (8958/10000)
Train epoch: 436 | Loss: *0.004* | Acc: *99.984%* (49992/50000) 
Test epoch: 436 | Loss: *0.408* | Acc: *90.170%* (9017/10000)
Train epoch: 437 | Loss: *0.004* | Acc: *99.988%* (49994/50000) 
Test epoch: 437 | Loss: *0.399* | Acc: *90.070%* (9007/10000)
Train epoch: 438 | Loss: *0.004* | Acc: *99.988%* (49994/50000) 
Test epoch: 438 | Loss: *0.391* | Acc: *89.990%* (8999/10000)
Train epoch: 439 | Loss: *0.004* | Acc: *99.980%* (49990/50000) 
Test epoch: 439 | Loss: *0.404* | Acc: *90.130%* (9013/10000)
Train epoch: 440 | Loss: *0.004* | Acc: *99.996%* (49998/50000) 
Test epoch: 440 | Loss: *0.397* | Acc: *89.960%* (8996/10000)
Train epoch: 441 | Loss: *0.004* | Acc: *99.990%* (49995/50000) 
Test epoch: 441 | Loss: *0.390* | Acc: *90.370%* (9037/10000)
Train epoch: 442 | Loss: *0.006* | Acc: *99.960%* (49980/50000) 
Test epoch: 442 | Loss: *0.394* | Acc: *90.070%* (9007/10000)
Train epoch: 443 | Loss: *0.004* | Acc: *99.984%* (49992/50000) 
Test epoch: 443 | Loss: *0.396* | Acc: *90.190%* (9019/10000)
Train epoch: 444 | Loss: *0.004* | Acc: *99.986%* (49993/50000) 
Test epoch: 444 | Loss: *0.382* | Acc: *90.160%* (9016/10000)
Train epoch: 445 | Loss: *0.004* | Acc: *99.980%* (49990/50000) 
Test epoch: 445 | Loss: *0.380* | Acc: *90.270%* (9027/10000)
Train epoch: 446 | Loss: *0.004* | Acc: *99.996%* (49998/50000) 
Test epoch: 446 | Loss: *0.393* | Acc: *90.080%* (9008/10000)
Train epoch: 447 | Loss: *0.004* | Acc: *99.986%* (49993/50000) 
Test epoch: 447 | Loss: *0.385* | Acc: *90.140%* (9014/10000)
Train epoch: 448 | Loss: *0.004* | Acc: *99.994%* (49997/50000) 
Test epoch: 448 | Loss: *0.385* | Acc: *90.180%* (9018/10000)
Train epoch: 449 | Loss: *0.004* | Acc: *99.992%* (49996/50000) 
Test epoch: 449 | Loss: *0.385* | Acc: *90.160%* (9016/10000)
Train epoch: 450 | Loss: *0.003* | Acc: *99.996%* (49998/50000) 
Test epoch: 450 | Loss: *0.387* | Acc: *90.130%* (9013/10000)
Train epoch: 451 | Loss: *0.003* | Acc: *100.000%* (50000/50000) 
Test epoch: 451 | Loss: *0.383* | Acc: *90.240%* (9024/10000)
Train epoch: 452 | Loss: *0.003* | Acc: *99.998%* (49999/50000) 
Test epoch: 452 | Loss: *0.386* | Acc: *90.130%* (9013/10000)
Train epoch: 453 | Loss: *0.003* | Acc: *100.000%* (50000/50000) 
Test epoch: 453 | Loss: *0.378* | Acc: *90.330%* (9033/10000)
Train epoch: 454 | Loss: *0.004* | Acc: *99.994%* (49997/50000) 
Test epoch: 454 | Loss: *0.381* | Acc: *90.290%* (9029/10000)
Train epoch: 455 | Loss: *0.003* | Acc: *100.000%* (50000/50000) 
Test epoch: 455 | Loss: *0.385* | Acc: *90.310%* (9031/10000)
Train epoch: 456 | Loss: *0.003* | Acc: *100.000%* (50000/50000) 
Test epoch: 456 | Loss: *0.378* | Acc: *90.500%* (9050/10000)
Train epoch: 457 | Loss: *0.003* | Acc: *99.994%* (49997/50000) 
Test epoch: 457 | Loss: *0.376* | Acc: *90.480%* (9048/10000)
Train epoch: 458 | Loss: *0.003* | Acc: *99.998%* (49999/50000) 
Test epoch: 458 | Loss: *0.374* | Acc: *90.560%* (9056/10000)
Train epoch: 459 | Loss: *0.004* | Acc: *99.994%* (49997/50000) 
Test epoch: 459 | Loss: *0.382* | Acc: *90.400%* (9040/10000)
Train epoch: 460 | Loss: *0.004* | Acc: *99.996%* (49998/50000) 
Test epoch: 460 | Loss: *0.375* | Acc: *90.430%* (9043/10000)
Train epoch: 461 | Loss: *0.003* | Acc: *100.000%* (50000/50000) 
Test epoch: 461 | Loss: *0.375* | Acc: *90.460%* (9046/10000)
Train epoch: 462 | Loss: *0.004* | Acc: *99.976%* (49988/50000) 
Test epoch: 462 | Loss: *0.378* | Acc: *90.500%* (9050/10000)
Train epoch: 463 | Loss: *0.003* | Acc: *99.998%* (49999/50000) 
Test epoch: 463 | Loss: *0.373* | Acc: *90.590%* (9059/10000)
Train epoch: 464 | Loss: *0.003* | Acc: *99.996%* (49998/50000) 
Test epoch: 464 | Loss: *0.374* | Acc: *90.420%* (9042/10000)
Train epoch: 465 | Loss: *0.003* | Acc: *99.998%* (49999/50000) 
Test epoch: 465 | Loss: *0.374* | Acc: *90.340%* (9034/10000)
Train epoch: 466 | Loss: *0.003* | Acc: *99.998%* (49999/50000) 
Test epoch: 466 | Loss: *0.378* | Acc: *90.150%* (9015/10000)
Train epoch: 467 | Loss: *0.003* | Acc: *100.000%* (50000/50000) 
Test epoch: 467 | Loss: *0.372* | Acc: *90.580%* (9058/10000)
Train epoch: 468 | Loss: *0.003* | Acc: *100.000%* (50000/50000) 
Test epoch: 468 | Loss: *0.378* | Acc: *90.300%* (9030/10000)
Train epoch: 469 | Loss: *0.003* | Acc: *100.000%* (50000/50000) 
Test epoch: 469 | Loss: *0.375* | Acc: *90.260%* (9026/10000)
Train epoch: 470 | Loss: *0.003* | Acc: *99.998%* (49999/50000) 
Test epoch: 470 | Loss: *0.373* | Acc: *90.450%* (9045/10000)
Train epoch: 471 | Loss: *0.003* | Acc: *100.000%* (50000/50000) 
Test epoch: 471 | Loss: *0.368* | Acc: *90.500%* (9050/10000)
Train epoch: 472 | Loss: *0.003* | Acc: *100.000%* (50000/50000) 
Test epoch: 472 | Loss: *0.371* | Acc: *90.270%* (9027/10000)
Train epoch: 473 | Loss: *0.003* | Acc: *99.998%* (49999/50000) 
Test epoch: 473 | Loss: *0.372* | Acc: *90.400%* (9040/10000)
Train epoch: 474 | Loss: *0.003* | Acc: *99.998%* (49999/50000) 
Test epoch: 474 | Loss: *0.372* | Acc: *90.320%* (9032/10000)
Train epoch: 475 | Loss: *0.003* | Acc: *99.990%* (49995/50000) 
Test epoch: 475 | Loss: *0.371* | Acc: *90.280%* (9028/10000)
Train epoch: 476 | Loss: *0.003* | Acc: *99.998%* (49999/50000) 
Test epoch: 476 | Loss: *0.366* | Acc: *90.580%* (9058/10000)
Train epoch: 477 | Loss: *0.003* | Acc: *99.992%* (49996/50000) 
Test epoch: 477 | Loss: *0.374* | Acc: *90.480%* (9048/10000)
Train epoch: 478 | Loss: *0.003* | Acc: *100.000%* (50000/50000) 
Test epoch: 478 | Loss: *0.370* | Acc: *90.550%* (9055/10000)
Train epoch: 479 | Loss: *0.003* | Acc: *100.000%* (50000/50000) 
Test epoch: 479 | Loss: *0.368* | Acc: *90.370%* (9037/10000)
Train epoch: 480 | Loss: *0.003* | Acc: *100.000%* (50000/50000) 
Test epoch: 480 | Loss: *0.370* | Acc: *90.450%* (9045/10000)
Train epoch: 481 | Loss: *0.003* | Acc: *99.992%* (49996/50000) 
Test epoch: 481 | Loss: *0.369* | Acc: *90.410%* (9041/10000)
Train epoch: 482 | Loss: *0.003* | Acc: *100.000%* (50000/50000) 
Test epoch: 482 | Loss: *0.372* | Acc: *90.330%* (9033/10000)
Train epoch: 483 | Loss: *0.003* | Acc: *99.998%* (49999/50000) 
Test epoch: 483 | Loss: *0.368* | Acc: *90.460%* (9046/10000)
Train epoch: 484 | Loss: *0.003* | Acc: *100.000%* (50000/50000) 
Test epoch: 484 | Loss: *0.364* | Acc: *90.550%* (9055/10000)
Train epoch: 485 | Loss: *0.003* | Acc: *99.998%* (49999/50000) 
Test epoch: 485 | Loss: *0.363* | Acc: *90.550%* (9055/10000)
Train epoch: 486 | Loss: *0.003* | Acc: *99.998%* (49999/50000) 
Test epoch: 486 | Loss: *0.381* | Acc: *90.300%* (9030/10000)
Train epoch: 487 | Loss: *0.003* | Acc: *100.000%* (50000/50000) 
Test epoch: 487 | Loss: *0.364* | Acc: *90.530%* (9053/10000)
Train epoch: 488 | Loss: *0.003* | Acc: *99.998%* (49999/50000) 
Test epoch: 488 | Loss: *0.366* | Acc: *90.560%* (9056/10000)
Train epoch: 489 | Loss: *0.003* | Acc: *100.000%* (50000/50000) 
Test epoch: 489 | Loss: *0.365* | Acc: *90.500%* (9050/10000)
Train epoch: 490 | Loss: *0.003* | Acc: *100.000%* (50000/50000) 
Test epoch: 490 | Loss: *0.363* | Acc: *90.390%* (9039/10000)
Train epoch: 491 | Loss: *0.003* | Acc: *99.998%* (49999/50000) 
Test epoch: 491 | Loss: *0.364* | Acc: *90.610%* (9061/10000)
Train epoch: 492 | Loss: *0.003* | Acc: *100.000%* (50000/50000) 
Test epoch: 492 | Loss: *0.365* | Acc: *90.780%* (9078/10000)
Train epoch: 493 | Loss: *0.003* | Acc: *100.000%* (50000/50000) 
Test epoch: 493 | Loss: *0.366* | Acc: *90.490%* (9049/10000)
Train epoch: 494 | Loss: *0.003* | Acc: *99.996%* (49998/50000) 
Test epoch: 494 | Loss: *0.366* | Acc: *90.530%* (9053/10000)
Train epoch: 495 | Loss: *0.003* | Acc: *100.000%* (50000/50000) 
Test epoch: 495 | Loss: *0.363* | Acc: *90.590%* (9059/10000)
Train epoch: 496 | Loss: *0.003* | Acc: *99.998%* (49999/50000) 
Test epoch: 496 | Loss: *0.364* | Acc: *90.550%* (9055/10000)
Train epoch: 497 | Loss: *0.003* | Acc: *100.000%* (50000/50000) 
Test epoch: 497 | Loss: *0.360* | Acc: *90.510%* (9051/10000)
Train epoch: 498 | Loss: *0.003* | Acc: *99.998%* (49999/50000) 
Test epoch: 498 | Loss: *0.365* | Acc: *90.550%* (9055/10000)
Train epoch: 499 | Loss: *0.003* | Acc: *99.998%* (49999/50000) 
Test epoch: 499 | Loss: *0.363* | Acc: *90.480%* (9048/10000)
Train epoch: 500 | Loss: *0.003* | Acc: *99.996%* (49998/50000) 
Test epoch: 500 | Loss: *0.368* | Acc: *90.410%* (9041/10000)
Best test accuracy: *90.780%*, loss: *0.3652737730741501*, at epoch: *492*.
==> Execution time summary of 500 epoch(s).
Train data loading time: sum. *232.12640659697354* secs | avg. *0.46425281319394707* secs per epoch.
Train training time: sum. *1094.0322996322066* secs | avg. *2.188064599264413* secs per epoch.
Train total time: sum. *1326.15870622918* secs | avg. *2.6523174124583604* secs per epoch.
Test data loading time: sum. *97.80041568633169* secs | avg. *0.19560083137266338* secs per epoch.
Test training time: sum. *77.9800821300596* secs | avg. *0.1559601642601192* secs per epoch.
Test total time: sum. *175.7804978163913* secs | avg. *0.3515609956327826* secs per epoch.
Total data loading time: sum. *329.9268222833052* secs | avg. *0.6598536445666104* secs per epoch.
Total training time: sum. *1172.0123817622662* secs | avg. *2.344024763524532* secs per epoch.
Total running time: sum. *1501.9392040455714* secs | avg. *3.003878408091143* secs per epoch.
==> Number of GPU device: 1
==> Device #0 Memory Usage
==> Allocated: 0.1 GB
==> Cached:    1.5 GB
==> Maximum: 1.5 GB
