==> Running on : cuda
==> Number of CPU: 48
==> Number of workers: 2
==> #Epochs: 500, #Layers: 4, #Blocks: [2, 1, 1, 1], In channel: 64, Input layer conv kernel: 7x7, Residual layer conv kernel 3x3, Skip kernel: 1x1, Input layer conv padding: 3, Residual layer conv padding: 1
==> Optimizer is Adam
==> Learning rate: 0.001
==> Weight decay: 0.0005
==>Trainable Parameters: 4984906
==>Other Parameters: 0
==>Augmentation: None
Files already downloaded and verified
Train epoch: 1 | Loss: *1.350* | Acc: *50.878%* (25439/50000) 
Test epoch: 1 | Loss: *1.371* | Acc: *51.090%* (5109/10000)
Train epoch: 2 | Loss: *0.920* | Acc: *67.228%* (33614/50000) 
Test epoch: 2 | Loss: *0.975* | Acc: *65.620%* (6562/10000)
Train epoch: 3 | Loss: *0.728* | Acc: *74.698%* (37349/50000) 
Test epoch: 3 | Loss: *0.882* | Acc: *69.590%* (6959/10000)
Train epoch: 4 | Loss: *0.614* | Acc: *78.690%* (39345/50000) 
Test epoch: 4 | Loss: *0.764* | Acc: *73.500%* (7350/10000)
Train epoch: 5 | Loss: *0.534* | Acc: *81.478%* (40739/50000) 
Test epoch: 5 | Loss: *0.649* | Acc: *77.110%* (7711/10000)
Train epoch: 6 | Loss: *0.468* | Acc: *83.774%* (41887/50000) 
Test epoch: 6 | Loss: *0.691* | Acc: *76.850%* (7685/10000)
Train epoch: 7 | Loss: *0.409* | Acc: *85.792%* (42896/50000) 
Test epoch: 7 | Loss: *0.741* | Acc: *74.620%* (7462/10000)
Train epoch: 8 | Loss: *0.354* | Acc: *87.886%* (43943/50000) 
Test epoch: 8 | Loss: *0.767* | Acc: *74.540%* (7454/10000)
Train epoch: 9 | Loss: *0.304* | Acc: *89.550%* (44775/50000) 
Test epoch: 9 | Loss: *0.725* | Acc: *75.720%* (7572/10000)
Train epoch: 10 | Loss: *0.271* | Acc: *90.686%* (45343/50000) 
Test epoch: 10 | Loss: *0.726* | Acc: *75.900%* (7590/10000)
Train epoch: 11 | Loss: *0.234* | Acc: *91.966%* (45983/50000) 
Test epoch: 11 | Loss: *0.544* | Acc: *82.050%* (8205/10000)
Train epoch: 12 | Loss: *0.204* | Acc: *92.890%* (46445/50000) 
Test epoch: 12 | Loss: *0.883* | Acc: *74.150%* (7415/10000)
Train epoch: 13 | Loss: *0.190* | Acc: *93.366%* (46683/50000) 
Test epoch: 13 | Loss: *0.621* | Acc: *80.870%* (8087/10000)
Train epoch: 14 | Loss: *0.164* | Acc: *94.412%* (47206/50000) 
Test epoch: 14 | Loss: *0.755* | Acc: *78.300%* (7830/10000)
Train epoch: 15 | Loss: *0.159* | Acc: *94.532%* (47266/50000) 
Test epoch: 15 | Loss: *0.681* | Acc: *79.870%* (7987/10000)
Train epoch: 16 | Loss: *0.147* | Acc: *94.960%* (47480/50000) 
Test epoch: 16 | Loss: *0.648* | Acc: *80.710%* (8071/10000)
Train epoch: 17 | Loss: *0.141* | Acc: *95.086%* (47543/50000) 
Test epoch: 17 | Loss: *0.705* | Acc: *79.260%* (7926/10000)
Train epoch: 18 | Loss: *0.128* | Acc: *95.678%* (47839/50000) 
Test epoch: 18 | Loss: *0.659* | Acc: *80.830%* (8083/10000)
Train epoch: 19 | Loss: *0.126* | Acc: *95.730%* (47865/50000) 
Test epoch: 19 | Loss: *0.694* | Acc: *80.740%* (8074/10000)
Train epoch: 20 | Loss: *0.121* | Acc: *95.876%* (47938/50000) 
Test epoch: 20 | Loss: *0.729* | Acc: *79.910%* (7991/10000)
Train epoch: 21 | Loss: *0.123* | Acc: *95.842%* (47921/50000) 
Test epoch: 21 | Loss: *0.692* | Acc: *80.490%* (8049/10000)
Train epoch: 22 | Loss: *0.115* | Acc: *96.098%* (48049/50000) 
Test epoch: 22 | Loss: *0.651* | Acc: *81.520%* (8152/10000)
Train epoch: 23 | Loss: *0.107* | Acc: *96.372%* (48186/50000) 
Test epoch: 23 | Loss: *0.664* | Acc: *81.130%* (8113/10000)
Train epoch: 24 | Loss: *0.113* | Acc: *96.206%* (48103/50000) 
Test epoch: 24 | Loss: *0.685* | Acc: *80.580%* (8058/10000)
Train epoch: 25 | Loss: *0.107* | Acc: *96.370%* (48185/50000) 
Test epoch: 25 | Loss: *0.792* | Acc: *79.250%* (7925/10000)
Train epoch: 26 | Loss: *0.105* | Acc: *96.424%* (48212/50000) 
Test epoch: 26 | Loss: *0.805* | Acc: *79.130%* (7913/10000)
Train epoch: 27 | Loss: *0.104* | Acc: *96.412%* (48206/50000) 
Test epoch: 27 | Loss: *0.677* | Acc: *80.880%* (8088/10000)
Train epoch: 28 | Loss: *0.099* | Acc: *96.710%* (48355/50000) 
Test epoch: 28 | Loss: *0.696* | Acc: *80.600%* (8060/10000)
Train epoch: 29 | Loss: *0.105* | Acc: *96.476%* (48238/50000) 
Test epoch: 29 | Loss: *0.831* | Acc: *78.470%* (7847/10000)
Train epoch: 30 | Loss: *0.102* | Acc: *96.658%* (48329/50000) 
Test epoch: 30 | Loss: *0.722* | Acc: *79.710%* (7971/10000)
Train epoch: 31 | Loss: *0.082* | Acc: *97.306%* (48653/50000) 
Test epoch: 31 | Loss: *0.734* | Acc: *80.040%* (8004/10000)
Train epoch: 32 | Loss: *0.097* | Acc: *96.772%* (48386/50000) 
Test epoch: 32 | Loss: *0.706* | Acc: *80.690%* (8069/10000)
Train epoch: 33 | Loss: *0.095* | Acc: *96.808%* (48404/50000) 
Test epoch: 33 | Loss: *0.661* | Acc: *81.010%* (8101/10000)
Train epoch: 34 | Loss: *0.093* | Acc: *96.902%* (48451/50000) 
Test epoch: 34 | Loss: *0.699* | Acc: *81.120%* (8112/10000)
Train epoch: 35 | Loss: *0.094* | Acc: *96.832%* (48416/50000) 
Test epoch: 35 | Loss: *0.722* | Acc: *80.600%* (8060/10000)
Train epoch: 36 | Loss: *0.082* | Acc: *97.300%* (48650/50000) 
Test epoch: 36 | Loss: *0.749* | Acc: *80.270%* (8027/10000)
Train epoch: 37 | Loss: *0.085* | Acc: *97.146%* (48573/50000) 
Test epoch: 37 | Loss: *0.813* | Acc: *78.630%* (7863/10000)
Train epoch: 38 | Loss: *0.090* | Acc: *96.964%* (48482/50000) 
Test epoch: 38 | Loss: *0.684* | Acc: *81.980%* (8198/10000)
Train epoch: 39 | Loss: *0.082* | Acc: *97.250%* (48625/50000) 
Test epoch: 39 | Loss: *0.809* | Acc: *78.970%* (7897/10000)
Train epoch: 40 | Loss: *0.077* | Acc: *97.446%* (48723/50000) 
Test epoch: 40 | Loss: *0.823* | Acc: *77.730%* (7773/10000)
Train epoch: 41 | Loss: *0.084* | Acc: *97.250%* (48625/50000) 
Test epoch: 41 | Loss: *0.695* | Acc: *81.650%* (8165/10000)
Train epoch: 42 | Loss: *0.082* | Acc: *97.316%* (48658/50000) 
Test epoch: 42 | Loss: *0.793* | Acc: *79.490%* (7949/10000)
Train epoch: 43 | Loss: *0.073* | Acc: *97.550%* (48775/50000) 
Test epoch: 43 | Loss: *0.730* | Acc: *80.910%* (8091/10000)
Train epoch: 44 | Loss: *0.078* | Acc: *97.440%* (48720/50000) 
Test epoch: 44 | Loss: *0.685* | Acc: *82.160%* (8216/10000)
Train epoch: 45 | Loss: *0.076* | Acc: *97.522%* (48761/50000) 
Test epoch: 45 | Loss: *0.777* | Acc: *80.470%* (8047/10000)
Train epoch: 46 | Loss: *0.073* | Acc: *97.666%* (48833/50000) 
Test epoch: 46 | Loss: *0.792* | Acc: *79.740%* (7974/10000)
Train epoch: 47 | Loss: *0.081* | Acc: *97.318%* (48659/50000) 
Test epoch: 47 | Loss: *0.676* | Acc: *81.170%* (8117/10000)
Train epoch: 48 | Loss: *0.068* | Acc: *97.754%* (48877/50000) 
Test epoch: 48 | Loss: *0.756* | Acc: *80.530%* (8053/10000)
Train epoch: 49 | Loss: *0.075* | Acc: *97.512%* (48756/50000) 
Test epoch: 49 | Loss: *0.745* | Acc: *80.470%* (8047/10000)
Train epoch: 50 | Loss: *0.072* | Acc: *97.560%* (48780/50000) 
Test epoch: 50 | Loss: *0.745* | Acc: *80.400%* (8040/10000)
Train epoch: 51 | Loss: *0.073* | Acc: *97.560%* (48780/50000) 
Test epoch: 51 | Loss: *0.686* | Acc: *81.200%* (8120/10000)
Train epoch: 52 | Loss: *0.061* | Acc: *98.034%* (49017/50000) 
Test epoch: 52 | Loss: *0.767* | Acc: *79.930%* (7993/10000)
Train epoch: 53 | Loss: *0.069* | Acc: *97.778%* (48889/50000) 
Test epoch: 53 | Loss: *0.729* | Acc: *80.810%* (8081/10000)
Train epoch: 54 | Loss: *0.075* | Acc: *97.532%* (48766/50000) 
Test epoch: 54 | Loss: *0.668* | Acc: *81.460%* (8146/10000)
Train epoch: 55 | Loss: *0.067* | Acc: *97.826%* (48913/50000) 
Test epoch: 55 | Loss: *0.670* | Acc: *82.410%* (8241/10000)
Train epoch: 56 | Loss: *0.064* | Acc: *97.942%* (48971/50000) 
Test epoch: 56 | Loss: *0.678* | Acc: *82.140%* (8214/10000)
Train epoch: 57 | Loss: *0.061* | Acc: *98.104%* (49052/50000) 
Test epoch: 57 | Loss: *0.739* | Acc: *80.830%* (8083/10000)
Train epoch: 58 | Loss: *0.065* | Acc: *97.992%* (48996/50000) 
Test epoch: 58 | Loss: *0.738* | Acc: *81.510%* (8151/10000)
Train epoch: 59 | Loss: *0.067* | Acc: *97.848%* (48924/50000) 
Test epoch: 59 | Loss: *0.757* | Acc: *80.580%* (8058/10000)
Train epoch: 60 | Loss: *0.070* | Acc: *97.720%* (48860/50000) 
Test epoch: 60 | Loss: *0.834* | Acc: *78.860%* (7886/10000)
Train epoch: 61 | Loss: *0.056* | Acc: *98.228%* (49114/50000) 
Test epoch: 61 | Loss: *0.766* | Acc: *80.530%* (8053/10000)
Train epoch: 62 | Loss: *0.052* | Acc: *98.412%* (49206/50000) 
Test epoch: 62 | Loss: *0.746* | Acc: *81.360%* (8136/10000)
Train epoch: 63 | Loss: *0.060* | Acc: *98.122%* (49061/50000) 
Test epoch: 63 | Loss: *0.738* | Acc: *81.090%* (8109/10000)
Train epoch: 64 | Loss: *0.068* | Acc: *97.834%* (48917/50000) 
Test epoch: 64 | Loss: *0.748* | Acc: *80.680%* (8068/10000)
Train epoch: 65 | Loss: *0.060* | Acc: *98.126%* (49063/50000) 
Test epoch: 65 | Loss: *0.700* | Acc: *81.790%* (8179/10000)
Train epoch: 66 | Loss: *0.051* | Acc: *98.384%* (49192/50000) 
Test epoch: 66 | Loss: *0.718* | Acc: *82.010%* (8201/10000)
Train epoch: 67 | Loss: *0.059* | Acc: *98.154%* (49077/50000) 
Test epoch: 67 | Loss: *0.815* | Acc: *80.010%* (8001/10000)
Train epoch: 68 | Loss: *0.058* | Acc: *98.174%* (49087/50000) 
Test epoch: 68 | Loss: *0.766* | Acc: *80.940%* (8094/10000)
Train epoch: 69 | Loss: *0.049* | Acc: *98.524%* (49262/50000) 
Test epoch: 69 | Loss: *0.772* | Acc: *80.600%* (8060/10000)
Train epoch: 70 | Loss: *0.049* | Acc: *98.514%* (49257/50000) 
Test epoch: 70 | Loss: *0.712* | Acc: *81.820%* (8182/10000)
Train epoch: 71 | Loss: *0.054* | Acc: *98.298%* (49149/50000) 
Test epoch: 71 | Loss: *0.739* | Acc: *81.330%* (8133/10000)
Train epoch: 72 | Loss: *0.062* | Acc: *98.010%* (49005/50000) 
Test epoch: 72 | Loss: *0.815* | Acc: *79.700%* (7970/10000)
Train epoch: 73 | Loss: *0.054* | Acc: *98.338%* (49169/50000) 
Test epoch: 73 | Loss: *0.832* | Acc: *80.190%* (8019/10000)
Train epoch: 74 | Loss: *0.045* | Acc: *98.618%* (49309/50000) 
Test epoch: 74 | Loss: *0.764* | Acc: *81.400%* (8140/10000)
Train epoch: 75 | Loss: *0.042* | Acc: *98.688%* (49344/50000) 
Test epoch: 75 | Loss: *0.759* | Acc: *81.000%* (8100/10000)
Train epoch: 76 | Loss: *0.050* | Acc: *98.418%* (49209/50000) 
Test epoch: 76 | Loss: *0.832* | Acc: *79.780%* (7978/10000)
Train epoch: 77 | Loss: *0.055* | Acc: *98.280%* (49140/50000) 
Test epoch: 77 | Loss: *0.722* | Acc: *81.410%* (8141/10000)
Train epoch: 78 | Loss: *0.048* | Acc: *98.490%* (49245/50000) 
Test epoch: 78 | Loss: *0.707* | Acc: *81.460%* (8146/10000)
Train epoch: 79 | Loss: *0.042* | Acc: *98.796%* (49398/50000) 
Test epoch: 79 | Loss: *0.725* | Acc: *82.350%* (8235/10000)
Train epoch: 80 | Loss: *0.039* | Acc: *98.836%* (49418/50000) 
Test epoch: 80 | Loss: *0.712* | Acc: *82.190%* (8219/10000)
Train epoch: 81 | Loss: *0.052* | Acc: *98.372%* (49186/50000) 
Test epoch: 81 | Loss: *0.757* | Acc: *81.440%* (8144/10000)
Train epoch: 82 | Loss: *0.054* | Acc: *98.324%* (49162/50000) 
Test epoch: 82 | Loss: *0.731* | Acc: *81.420%* (8142/10000)
Train epoch: 83 | Loss: *0.035* | Acc: *99.000%* (49500/50000) 
Test epoch: 83 | Loss: *0.784* | Acc: *80.630%* (8063/10000)
Train epoch: 84 | Loss: *0.037* | Acc: *98.906%* (49453/50000) 
Test epoch: 84 | Loss: *0.750* | Acc: *81.410%* (8141/10000)
Train epoch: 85 | Loss: *0.040* | Acc: *98.818%* (49409/50000) 
Test epoch: 85 | Loss: *0.690* | Acc: *82.420%* (8242/10000)
Train epoch: 86 | Loss: *0.039* | Acc: *98.870%* (49435/50000) 
Test epoch: 86 | Loss: *0.696* | Acc: *82.290%* (8229/10000)
Train epoch: 87 | Loss: *0.042* | Acc: *98.710%* (49355/50000) 
Test epoch: 87 | Loss: *0.713* | Acc: *82.060%* (8206/10000)
Train epoch: 88 | Loss: *0.041* | Acc: *98.846%* (49423/50000) 
Test epoch: 88 | Loss: *0.751* | Acc: *81.260%* (8126/10000)
Train epoch: 89 | Loss: *0.035* | Acc: *99.026%* (49513/50000) 
Test epoch: 89 | Loss: *0.771* | Acc: *80.510%* (8051/10000)
Train epoch: 90 | Loss: *0.038* | Acc: *98.852%* (49426/50000) 
Test epoch: 90 | Loss: *0.764* | Acc: *81.350%* (8135/10000)
Train epoch: 91 | Loss: *0.034* | Acc: *99.068%* (49534/50000) 
Test epoch: 91 | Loss: *0.715* | Acc: *82.310%* (8231/10000)
Train epoch: 92 | Loss: *0.039* | Acc: *98.888%* (49444/50000) 
Test epoch: 92 | Loss: *0.689* | Acc: *82.400%* (8240/10000)
Train epoch: 93 | Loss: *0.040* | Acc: *98.808%* (49404/50000) 
Test epoch: 93 | Loss: *0.761* | Acc: *81.670%* (8167/10000)
Train epoch: 94 | Loss: *0.033* | Acc: *99.058%* (49529/50000) 
Test epoch: 94 | Loss: *0.709* | Acc: *82.460%* (8246/10000)
Train epoch: 95 | Loss: *0.029* | Acc: *99.250%* (49625/50000) 
Test epoch: 95 | Loss: *0.679* | Acc: *82.610%* (8261/10000)
Train epoch: 96 | Loss: *0.020* | Acc: *99.556%* (49778/50000) 
Test epoch: 96 | Loss: *0.716* | Acc: *82.480%* (8248/10000)
Train epoch: 97 | Loss: *0.044* | Acc: *98.676%* (49338/50000) 
Test epoch: 97 | Loss: *0.791* | Acc: *80.950%* (8095/10000)
Train epoch: 98 | Loss: *0.041* | Acc: *98.766%* (49383/50000) 
Test epoch: 98 | Loss: *0.719* | Acc: *82.270%* (8227/10000)
Train epoch: 99 | Loss: *0.033* | Acc: *99.072%* (49536/50000) 
Test epoch: 99 | Loss: *0.686* | Acc: *82.650%* (8265/10000)
Train epoch: 100 | Loss: *0.023* | Acc: *99.422%* (49711/50000) 
Test epoch: 100 | Loss: *0.744* | Acc: *81.830%* (8183/10000)
Train epoch: 101 | Loss: *0.020* | Acc: *99.512%* (49756/50000) 
Test epoch: 101 | Loss: *0.731* | Acc: *82.510%* (8251/10000)
Train epoch: 102 | Loss: *0.027* | Acc: *99.228%* (49614/50000) 
Test epoch: 102 | Loss: *0.772* | Acc: *81.190%* (8119/10000)
Train epoch: 103 | Loss: *0.039* | Acc: *98.842%* (49421/50000) 
Test epoch: 103 | Loss: *0.739* | Acc: *81.760%* (8176/10000)
Train epoch: 104 | Loss: *0.032* | Acc: *99.134%* (49567/50000) 
Test epoch: 104 | Loss: *0.712* | Acc: *82.480%* (8248/10000)
Train epoch: 105 | Loss: *0.021* | Acc: *99.486%* (49743/50000) 
Test epoch: 105 | Loss: *0.681* | Acc: *83.160%* (8316/10000)
Train epoch: 106 | Loss: *0.017* | Acc: *99.640%* (49820/50000) 
Test epoch: 106 | Loss: *0.695* | Acc: *82.920%* (8292/10000)
Train epoch: 107 | Loss: *0.026* | Acc: *99.332%* (49666/50000) 
Test epoch: 107 | Loss: *0.708* | Acc: *81.890%* (8189/10000)
Train epoch: 108 | Loss: *0.037* | Acc: *98.908%* (49454/50000) 
Test epoch: 108 | Loss: *0.704* | Acc: *81.620%* (8162/10000)
Train epoch: 109 | Loss: *0.026* | Acc: *99.308%* (49654/50000) 
Test epoch: 109 | Loss: *0.773* | Acc: *80.600%* (8060/10000)
Train epoch: 110 | Loss: *0.019* | Acc: *99.588%* (49794/50000) 
Test epoch: 110 | Loss: *0.712* | Acc: *82.720%* (8272/10000)
Train epoch: 111 | Loss: *0.013* | Acc: *99.782%* (49891/50000) 
Test epoch: 111 | Loss: *0.675* | Acc: *83.140%* (8314/10000)
Train epoch: 112 | Loss: *0.010* | Acc: *99.848%* (49924/50000) 
Test epoch: 112 | Loss: *0.662* | Acc: *82.720%* (8272/10000)
Train epoch: 113 | Loss: *0.029* | Acc: *99.240%* (49620/50000) 
Test epoch: 113 | Loss: *0.799* | Acc: *79.590%* (7959/10000)
Train epoch: 114 | Loss: *0.047* | Acc: *98.572%* (49286/50000) 
Test epoch: 114 | Loss: *0.722* | Acc: *82.470%* (8247/10000)
Train epoch: 115 | Loss: *0.025* | Acc: *99.342%* (49671/50000) 
Test epoch: 115 | Loss: *0.679* | Acc: *82.640%* (8264/10000)
Train epoch: 116 | Loss: *0.013* | Acc: *99.744%* (49872/50000) 
Test epoch: 116 | Loss: *0.649* | Acc: *83.390%* (8339/10000)
Train epoch: 117 | Loss: *0.009* | Acc: *99.898%* (49949/50000) 
Test epoch: 117 | Loss: *0.635* | Acc: *83.590%* (8359/10000)
Train epoch: 118 | Loss: *0.005* | Acc: *99.964%* (49982/50000) 
Test epoch: 118 | Loss: *0.606* | Acc: *84.060%* (8406/10000)
Train epoch: 119 | Loss: *0.004* | Acc: *99.990%* (49995/50000) 
Test epoch: 119 | Loss: *0.601* | Acc: *84.170%* (8417/10000)
Train epoch: 120 | Loss: *0.003* | Acc: *100.000%* (50000/50000) 
Test epoch: 120 | Loss: *0.568* | Acc: *84.440%* (8444/10000)
Train epoch: 121 | Loss: *0.003* | Acc: *100.000%* (50000/50000) 
Test epoch: 121 | Loss: *0.573* | Acc: *84.340%* (8434/10000)
Train epoch: 122 | Loss: *0.072* | Acc: *97.744%* (48872/50000) 
Test epoch: 122 | Loss: *0.737* | Acc: *79.300%* (7930/10000)
Train epoch: 123 | Loss: *0.073* | Acc: *97.804%* (48902/50000) 
Test epoch: 123 | Loss: *0.631* | Acc: *82.910%* (8291/10000)
Train epoch: 124 | Loss: *0.020* | Acc: *99.622%* (49811/50000) 
Test epoch: 124 | Loss: *0.619* | Acc: *83.300%* (8330/10000)
Train epoch: 125 | Loss: *0.008* | Acc: *99.944%* (49972/50000) 
Test epoch: 125 | Loss: *0.598* | Acc: *84.320%* (8432/10000)
Train epoch: 126 | Loss: *0.004* | Acc: *99.996%* (49998/50000) 
Test epoch: 126 | Loss: *0.572* | Acc: *84.560%* (8456/10000)
Train epoch: 127 | Loss: *0.003* | Acc: *99.998%* (49999/50000) 
Test epoch: 127 | Loss: *0.577* | Acc: *84.570%* (8457/10000)
Train epoch: 128 | Loss: *0.003* | Acc: *100.000%* (50000/50000) 
Test epoch: 128 | Loss: *0.557* | Acc: *84.540%* (8454/10000)
Train epoch: 129 | Loss: *0.003* | Acc: *100.000%* (50000/50000) 
Test epoch: 129 | Loss: *0.552* | Acc: *84.540%* (8454/10000)
Train epoch: 130 | Loss: *0.003* | Acc: *99.998%* (49999/50000) 
Test epoch: 130 | Loss: *0.563* | Acc: *84.130%* (8413/10000)
Train epoch: 131 | Loss: *0.003* | Acc: *100.000%* (50000/50000) 
Test epoch: 131 | Loss: *0.596* | Acc: *83.590%* (8359/10000)
Train epoch: 132 | Loss: *0.075* | Acc: *97.590%* (48795/50000) 
Test epoch: 132 | Loss: *0.683* | Acc: *80.000%* (8000/10000)
Train epoch: 133 | Loss: *0.075* | Acc: *97.740%* (48870/50000) 
Test epoch: 133 | Loss: *0.640* | Acc: *82.580%* (8258/10000)
Train epoch: 134 | Loss: *0.017* | Acc: *99.754%* (49877/50000) 
Test epoch: 134 | Loss: *0.595* | Acc: *83.910%* (8391/10000)
Train epoch: 135 | Loss: *0.006* | Acc: *99.972%* (49986/50000) 
Test epoch: 135 | Loss: *0.582* | Acc: *84.170%* (8417/10000)
Train epoch: 136 | Loss: *0.004* | Acc: *99.994%* (49997/50000) 
Test epoch: 136 | Loss: *0.576* | Acc: *84.340%* (8434/10000)
Train epoch: 137 | Loss: *0.003* | Acc: *100.000%* (50000/50000) 
Test epoch: 137 | Loss: *0.577* | Acc: *84.190%* (8419/10000)
Train epoch: 138 | Loss: *0.003* | Acc: *100.000%* (50000/50000) 
Test epoch: 138 | Loss: *0.564* | Acc: *84.160%* (8416/10000)
Train epoch: 139 | Loss: *0.003* | Acc: *100.000%* (50000/50000) 
Test epoch: 139 | Loss: *0.563* | Acc: *84.080%* (8408/10000)
Train epoch: 140 | Loss: *0.003* | Acc: *100.000%* (50000/50000) 
Test epoch: 140 | Loss: *0.560* | Acc: *84.150%* (8415/10000)
Train epoch: 141 | Loss: *0.003* | Acc: *100.000%* (50000/50000) 
Test epoch: 141 | Loss: *0.565* | Acc: *83.710%* (8371/10000)
Train epoch: 142 | Loss: *0.003* | Acc: *100.000%* (50000/50000) 
Test epoch: 142 | Loss: *0.574* | Acc: *83.970%* (8397/10000)
Train epoch: 143 | Loss: *0.072* | Acc: *97.828%* (48914/50000) 
Test epoch: 143 | Loss: *0.636* | Acc: *81.710%* (8171/10000)
Train epoch: 144 | Loss: *0.032* | Acc: *99.284%* (49642/50000) 
Test epoch: 144 | Loss: *0.629* | Acc: *82.750%* (8275/10000)
Train epoch: 145 | Loss: *0.008* | Acc: *99.936%* (49968/50000) 
Test epoch: 145 | Loss: *0.596* | Acc: *83.650%* (8365/10000)
Train epoch: 146 | Loss: *0.004* | Acc: *99.996%* (49998/50000) 
Test epoch: 146 | Loss: *0.589* | Acc: *83.750%* (8375/10000)
Train epoch: 147 | Loss: *0.003* | Acc: *99.998%* (49999/50000) 
Test epoch: 147 | Loss: *0.586* | Acc: *83.820%* (8382/10000)
Train epoch: 148 | Loss: *0.003* | Acc: *100.000%* (50000/50000) 
Test epoch: 148 | Loss: *0.578* | Acc: *83.600%* (8360/10000)
Train epoch: 149 | Loss: *0.003* | Acc: *100.000%* (50000/50000) 
Test epoch: 149 | Loss: *0.569* | Acc: *83.640%* (8364/10000)
Train epoch: 150 | Loss: *0.003* | Acc: *100.000%* (50000/50000) 
Test epoch: 150 | Loss: *0.568* | Acc: *83.720%* (8372/10000)
Train epoch: 151 | Loss: *0.003* | Acc: *100.000%* (50000/50000) 
Test epoch: 151 | Loss: *0.569* | Acc: *83.720%* (8372/10000)
Train epoch: 152 | Loss: *0.003* | Acc: *100.000%* (50000/50000) 
Test epoch: 152 | Loss: *0.567* | Acc: *83.580%* (8358/10000)
Train epoch: 153 | Loss: *0.003* | Acc: *100.000%* (50000/50000) 
Test epoch: 153 | Loss: *0.576* | Acc: *83.250%* (8325/10000)
Train epoch: 154 | Loss: *0.003* | Acc: *100.000%* (50000/50000) 
Test epoch: 154 | Loss: *0.569* | Acc: *83.240%* (8324/10000)
Train epoch: 155 | Loss: *0.010* | Acc: *99.828%* (49914/50000) 
Test epoch: 155 | Loss: *0.785* | Acc: *78.660%* (7866/10000)
Train epoch: 156 | Loss: *0.036* | Acc: *99.180%* (49590/50000) 
Test epoch: 156 | Loss: *0.613* | Acc: *82.900%* (8290/10000)
Train epoch: 157 | Loss: *0.006* | Acc: *99.972%* (49986/50000) 
Test epoch: 157 | Loss: *0.592* | Acc: *83.570%* (8357/10000)
Train epoch: 158 | Loss: *0.003* | Acc: *100.000%* (50000/50000) 
Test epoch: 158 | Loss: *0.582* | Acc: *83.700%* (8370/10000)
Train epoch: 159 | Loss: *0.003* | Acc: *100.000%* (50000/50000) 
Test epoch: 159 | Loss: *0.579* | Acc: *83.870%* (8387/10000)
Train epoch: 160 | Loss: *0.002* | Acc: *100.000%* (50000/50000) 
Test epoch: 160 | Loss: *0.576* | Acc: *83.540%* (8354/10000)
Train epoch: 161 | Loss: *0.002* | Acc: *100.000%* (50000/50000) 
Test epoch: 161 | Loss: *0.570* | Acc: *83.860%* (8386/10000)
Train epoch: 162 | Loss: *0.002* | Acc: *100.000%* (50000/50000) 
Test epoch: 162 | Loss: *0.566* | Acc: *83.790%* (8379/10000)
Train epoch: 163 | Loss: *0.002* | Acc: *100.000%* (50000/50000) 
Test epoch: 163 | Loss: *0.563* | Acc: *83.870%* (8387/10000)
Train epoch: 164 | Loss: *0.002* | Acc: *100.000%* (50000/50000) 
Test epoch: 164 | Loss: *0.559* | Acc: *83.710%* (8371/10000)
Train epoch: 165 | Loss: *0.002* | Acc: *100.000%* (50000/50000) 
Test epoch: 165 | Loss: *0.559* | Acc: *83.630%* (8363/10000)
Train epoch: 166 | Loss: *0.002* | Acc: *100.000%* (50000/50000) 
Test epoch: 166 | Loss: *0.560* | Acc: *83.550%* (8355/10000)
Train epoch: 167 | Loss: *0.003* | Acc: *100.000%* (50000/50000) 
Test epoch: 167 | Loss: *0.561* | Acc: *83.450%* (8345/10000)
Train epoch: 168 | Loss: *0.003* | Acc: *100.000%* (50000/50000) 
Test epoch: 168 | Loss: *0.563* | Acc: *83.610%* (8361/10000)
Train epoch: 169 | Loss: *0.002* | Acc: *100.000%* (50000/50000) 
Test epoch: 169 | Loss: *0.570* | Acc: *83.130%* (8313/10000)
Train epoch: 170 | Loss: *0.002* | Acc: *100.000%* (50000/50000) 
Test epoch: 170 | Loss: *0.562* | Acc: *83.420%* (8342/10000)
Train epoch: 171 | Loss: *0.003* | Acc: *99.996%* (49998/50000) 
Test epoch: 171 | Loss: *0.600* | Acc: *82.570%* (8257/10000)
Train epoch: 172 | Loss: *0.003* | Acc: *99.998%* (49999/50000) 
Test epoch: 172 | Loss: *0.573* | Acc: *83.260%* (8326/10000)
Train epoch: 173 | Loss: *0.002* | Acc: *100.000%* (50000/50000) 
Test epoch: 173 | Loss: *0.568* | Acc: *83.160%* (8316/10000)
Train epoch: 174 | Loss: *0.002* | Acc: *100.000%* (50000/50000) 
Test epoch: 174 | Loss: *0.566* | Acc: *83.320%* (8332/10000)
Train epoch: 175 | Loss: *0.002* | Acc: *100.000%* (50000/50000) 
Test epoch: 175 | Loss: *0.564* | Acc: *83.190%* (8319/10000)
Train epoch: 176 | Loss: *0.002* | Acc: *100.000%* (50000/50000) 
Test epoch: 176 | Loss: *0.568* | Acc: *83.180%* (8318/10000)
Train epoch: 177 | Loss: *0.002* | Acc: *100.000%* (50000/50000) 
Test epoch: 177 | Loss: *0.563* | Acc: *83.180%* (8318/10000)
Train epoch: 178 | Loss: *0.002* | Acc: *100.000%* (50000/50000) 
Test epoch: 178 | Loss: *0.563* | Acc: *83.270%* (8327/10000)
Train epoch: 179 | Loss: *0.002* | Acc: *100.000%* (50000/50000) 
Test epoch: 179 | Loss: *0.565* | Acc: *82.970%* (8297/10000)
Train epoch: 180 | Loss: *0.002* | Acc: *100.000%* (50000/50000) 
Test epoch: 180 | Loss: *0.566* | Acc: *82.800%* (8280/10000)
Train epoch: 181 | Loss: *0.002* | Acc: *100.000%* (50000/50000) 
Test epoch: 181 | Loss: *0.565* | Acc: *82.990%* (8299/10000)
Train epoch: 182 | Loss: *0.002* | Acc: *100.000%* (50000/50000) 
Test epoch: 182 | Loss: *0.564* | Acc: *82.780%* (8278/10000)
Train epoch: 183 | Loss: *0.002* | Acc: *100.000%* (50000/50000) 
Test epoch: 183 | Loss: *0.571* | Acc: *82.740%* (8274/10000)
Train epoch: 184 | Loss: *0.002* | Acc: *100.000%* (50000/50000) 
Test epoch: 184 | Loss: *0.564* | Acc: *82.700%* (8270/10000)
Train epoch: 185 | Loss: *0.002* | Acc: *100.000%* (50000/50000) 
Test epoch: 185 | Loss: *0.566* | Acc: *82.790%* (8279/10000)
Train epoch: 186 | Loss: *0.002* | Acc: *100.000%* (50000/50000) 
Test epoch: 186 | Loss: *0.570* | Acc: *82.520%* (8252/10000)
Train epoch: 187 | Loss: *0.002* | Acc: *100.000%* (50000/50000) 
Test epoch: 187 | Loss: *0.567* | Acc: *82.780%* (8278/10000)
Train epoch: 188 | Loss: *0.002* | Acc: *100.000%* (50000/50000) 
Test epoch: 188 | Loss: *0.568* | Acc: *82.660%* (8266/10000)
Train epoch: 189 | Loss: *0.002* | Acc: *100.000%* (50000/50000) 
Test epoch: 189 | Loss: *0.568* | Acc: *82.410%* (8241/10000)
Train epoch: 190 | Loss: *0.002* | Acc: *100.000%* (50000/50000) 
Test epoch: 190 | Loss: *0.570* | Acc: *82.440%* (8244/10000)
Train epoch: 191 | Loss: *0.002* | Acc: *100.000%* (50000/50000) 
Test epoch: 191 | Loss: *0.567* | Acc: *82.500%* (8250/10000)
Train epoch: 192 | Loss: *0.002* | Acc: *100.000%* (50000/50000) 
Test epoch: 192 | Loss: *0.570* | Acc: *82.480%* (8248/10000)
Train epoch: 193 | Loss: *0.002* | Acc: *100.000%* (50000/50000) 
Test epoch: 193 | Loss: *0.569* | Acc: *82.430%* (8243/10000)
Train epoch: 194 | Loss: *0.002* | Acc: *100.000%* (50000/50000) 
Test epoch: 194 | Loss: *0.569* | Acc: *82.520%* (8252/10000)
Train epoch: 195 | Loss: *0.002* | Acc: *100.000%* (50000/50000) 
Test epoch: 195 | Loss: *0.569* | Acc: *82.460%* (8246/10000)
Train epoch: 196 | Loss: *0.002* | Acc: *100.000%* (50000/50000) 
Test epoch: 196 | Loss: *0.572* | Acc: *82.530%* (8253/10000)
Train epoch: 197 | Loss: *0.002* | Acc: *100.000%* (50000/50000) 
Test epoch: 197 | Loss: *0.572* | Acc: *82.400%* (8240/10000)
Train epoch: 198 | Loss: *0.002* | Acc: *100.000%* (50000/50000) 
Test epoch: 198 | Loss: *0.570* | Acc: *82.460%* (8246/10000)
Train epoch: 199 | Loss: *0.002* | Acc: *100.000%* (50000/50000) 
Test epoch: 199 | Loss: *0.570* | Acc: *82.550%* (8255/10000)
Train epoch: 200 | Loss: *0.002* | Acc: *100.000%* (50000/50000) 
Test epoch: 200 | Loss: *0.572* | Acc: *82.490%* (8249/10000)
Train epoch: 201 | Loss: *0.002* | Acc: *100.000%* (50000/50000) 
Test epoch: 201 | Loss: *0.569* | Acc: *82.550%* (8255/10000)
Train epoch: 202 | Loss: *0.002* | Acc: *100.000%* (50000/50000) 
Test epoch: 202 | Loss: *0.569* | Acc: *82.490%* (8249/10000)
Train epoch: 203 | Loss: *0.002* | Acc: *100.000%* (50000/50000) 
Test epoch: 203 | Loss: *0.570* | Acc: *82.510%* (8251/10000)
Train epoch: 204 | Loss: *0.002* | Acc: *100.000%* (50000/50000) 
Test epoch: 204 | Loss: *0.570* | Acc: *82.410%* (8241/10000)
Train epoch: 205 | Loss: *0.002* | Acc: *100.000%* (50000/50000) 
Test epoch: 205 | Loss: *0.569* | Acc: *82.500%* (8250/10000)
Train epoch: 206 | Loss: *0.002* | Acc: *100.000%* (50000/50000) 
Test epoch: 206 | Loss: *0.571* | Acc: *82.620%* (8262/10000)
Train epoch: 207 | Loss: *0.002* | Acc: *100.000%* (50000/50000) 
Test epoch: 207 | Loss: *0.570* | Acc: *82.510%* (8251/10000)
Train epoch: 208 | Loss: *0.002* | Acc: *100.000%* (50000/50000) 
Test epoch: 208 | Loss: *0.570* | Acc: *82.430%* (8243/10000)
Train epoch: 209 | Loss: *0.002* | Acc: *100.000%* (50000/50000) 
Test epoch: 209 | Loss: *0.572* | Acc: *82.500%* (8250/10000)
Train epoch: 210 | Loss: *0.002* | Acc: *100.000%* (50000/50000) 
Test epoch: 210 | Loss: *0.571* | Acc: *82.500%* (8250/10000)
Train epoch: 211 | Loss: *0.002* | Acc: *100.000%* (50000/50000) 
Test epoch: 211 | Loss: *0.570* | Acc: *82.390%* (8239/10000)
Train epoch: 212 | Loss: *0.002* | Acc: *100.000%* (50000/50000) 
Test epoch: 212 | Loss: *0.572* | Acc: *82.430%* (8243/10000)
Train epoch: 213 | Loss: *0.002* | Acc: *100.000%* (50000/50000) 
Test epoch: 213 | Loss: *0.574* | Acc: *82.370%* (8237/10000)
Train epoch: 214 | Loss: *0.002* | Acc: *100.000%* (50000/50000) 
Test epoch: 214 | Loss: *0.577* | Acc: *82.560%* (8256/10000)
Train epoch: 215 | Loss: *0.002* | Acc: *100.000%* (50000/50000) 
Test epoch: 215 | Loss: *0.578* | Acc: *82.490%* (8249/10000)
Train epoch: 216 | Loss: *0.002* | Acc: *100.000%* (50000/50000) 
Test epoch: 216 | Loss: *0.578* | Acc: *82.310%* (8231/10000)
Train epoch: 217 | Loss: *0.002* | Acc: *100.000%* (50000/50000) 
Test epoch: 217 | Loss: *0.586* | Acc: *82.430%* (8243/10000)
Train epoch: 218 | Loss: *0.002* | Acc: *100.000%* (50000/50000) 
Test epoch: 218 | Loss: *0.582* | Acc: *82.430%* (8243/10000)
Train epoch: 219 | Loss: *0.002* | Acc: *100.000%* (50000/50000) 
Test epoch: 219 | Loss: *0.588* | Acc: *82.300%* (8230/10000)
Train epoch: 220 | Loss: *0.002* | Acc: *100.000%* (50000/50000) 
Test epoch: 220 | Loss: *0.587* | Acc: *82.070%* (8207/10000)
Train epoch: 221 | Loss: *0.002* | Acc: *100.000%* (50000/50000) 
Test epoch: 221 | Loss: *0.590* | Acc: *81.890%* (8189/10000)
Train epoch: 222 | Loss: *0.003* | Acc: *100.000%* (50000/50000) 
Test epoch: 222 | Loss: *0.588* | Acc: *82.320%* (8232/10000)
Train epoch: 223 | Loss: *0.002* | Acc: *100.000%* (50000/50000) 
Test epoch: 223 | Loss: *0.595* | Acc: *82.020%* (8202/10000)
Train epoch: 224 | Loss: *0.002* | Acc: *100.000%* (50000/50000) 
Test epoch: 224 | Loss: *0.616* | Acc: *81.800%* (8180/10000)
Train epoch: 225 | Loss: *0.003* | Acc: *100.000%* (50000/50000) 
Test epoch: 225 | Loss: *0.611* | Acc: *81.820%* (8182/10000)
Train epoch: 226 | Loss: *0.015* | Acc: *99.830%* (49915/50000) 
Test epoch: 226 | Loss: *0.630* | Acc: *81.900%* (8190/10000)
Train epoch: 227 | Loss: *0.005* | Acc: *99.988%* (49994/50000) 
Test epoch: 227 | Loss: *0.606* | Acc: *82.480%* (8248/10000)
Train epoch: 228 | Loss: *0.003* | Acc: *99.998%* (49999/50000) 
Test epoch: 228 | Loss: *0.601* | Acc: *82.560%* (8256/10000)
Train epoch: 229 | Loss: *0.002* | Acc: *100.000%* (50000/50000) 
Test epoch: 229 | Loss: *0.591* | Acc: *82.720%* (8272/10000)
Train epoch: 230 | Loss: *0.002* | Acc: *100.000%* (50000/50000) 
Test epoch: 230 | Loss: *0.586* | Acc: *82.630%* (8263/10000)
Train epoch: 231 | Loss: *0.002* | Acc: *100.000%* (50000/50000) 
Test epoch: 231 | Loss: *0.582* | Acc: *82.760%* (8276/10000)
Train epoch: 232 | Loss: *0.002* | Acc: *100.000%* (50000/50000) 
Test epoch: 232 | Loss: *0.589* | Acc: *82.560%* (8256/10000)
Train epoch: 233 | Loss: *0.002* | Acc: *100.000%* (50000/50000) 
Test epoch: 233 | Loss: *0.582* | Acc: *82.620%* (8262/10000)
Train epoch: 234 | Loss: *0.002* | Acc: *100.000%* (50000/50000) 
Test epoch: 234 | Loss: *0.587* | Acc: *82.350%* (8235/10000)
Train epoch: 235 | Loss: *0.023* | Acc: *99.390%* (49695/50000) 
Test epoch: 235 | Loss: *0.877* | Acc: *75.270%* (7527/10000)
Train epoch: 236 | Loss: *0.069* | Acc: *98.178%* (49089/50000) 
Test epoch: 236 | Loss: *0.596* | Acc: *82.360%* (8236/10000)
Train epoch: 237 | Loss: *0.012* | Acc: *99.920%* (49960/50000) 
Test epoch: 237 | Loss: *0.577* | Acc: *83.080%* (8308/10000)
Train epoch: 238 | Loss: *0.005* | Acc: *99.996%* (49998/50000) 
Test epoch: 238 | Loss: *0.579* | Acc: *83.100%* (8310/10000)
Train epoch: 239 | Loss: *0.003* | Acc: *100.000%* (50000/50000) 
Test epoch: 239 | Loss: *0.579* | Acc: *83.320%* (8332/10000)
Train epoch: 240 | Loss: *0.003* | Acc: *100.000%* (50000/50000) 
Test epoch: 240 | Loss: *0.580* | Acc: *83.310%* (8331/10000)
Train epoch: 241 | Loss: *0.002* | Acc: *100.000%* (50000/50000) 
Test epoch: 241 | Loss: *0.582* | Acc: *83.260%* (8326/10000)
Train epoch: 242 | Loss: *0.002* | Acc: *100.000%* (50000/50000) 
Test epoch: 242 | Loss: *0.579* | Acc: *83.320%* (8332/10000)
Train epoch: 243 | Loss: *0.002* | Acc: *100.000%* (50000/50000) 
Test epoch: 243 | Loss: *0.580* | Acc: *83.210%* (8321/10000)
Train epoch: 244 | Loss: *0.002* | Acc: *100.000%* (50000/50000) 
Test epoch: 244 | Loss: *0.586* | Acc: *82.910%* (8291/10000)
Train epoch: 245 | Loss: *0.002* | Acc: *100.000%* (50000/50000) 
Test epoch: 245 | Loss: *0.586* | Acc: *82.920%* (8292/10000)
Train epoch: 246 | Loss: *0.105* | Acc: *96.560%* (48280/50000) 
Test epoch: 246 | Loss: *0.630* | Acc: *80.270%* (8027/10000)
Train epoch: 247 | Loss: *0.100* | Acc: *96.952%* (48476/50000) 
Test epoch: 247 | Loss: *0.627* | Acc: *81.690%* (8169/10000)
Train epoch: 248 | Loss: *0.026* | Acc: *99.534%* (49767/50000) 
Test epoch: 248 | Loss: *0.599* | Acc: *82.590%* (8259/10000)
Train epoch: 249 | Loss: *0.009* | Acc: *99.948%* (49974/50000) 
Test epoch: 249 | Loss: *0.590* | Acc: *83.240%* (8324/10000)
Train epoch: 250 | Loss: *0.004* | Acc: *99.996%* (49998/50000) 
Test epoch: 250 | Loss: *0.588* | Acc: *83.310%* (8331/10000)
Train epoch: 251 | Loss: *0.003* | Acc: *100.000%* (50000/50000) 
Test epoch: 251 | Loss: *0.593* | Acc: *82.970%* (8297/10000)
Train epoch: 252 | Loss: *0.002* | Acc: *100.000%* (50000/50000) 
Test epoch: 252 | Loss: *0.583* | Acc: *83.370%* (8337/10000)
Train epoch: 253 | Loss: *0.002* | Acc: *100.000%* (50000/50000) 
Test epoch: 253 | Loss: *0.584* | Acc: *83.340%* (8334/10000)
Train epoch: 254 | Loss: *0.002* | Acc: *100.000%* (50000/50000) 
Test epoch: 254 | Loss: *0.584* | Acc: *83.060%* (8306/10000)
Train epoch: 255 | Loss: *0.002* | Acc: *100.000%* (50000/50000) 
Test epoch: 255 | Loss: *0.588* | Acc: *83.330%* (8333/10000)
Train epoch: 256 | Loss: *0.077* | Acc: *97.510%* (48755/50000) 
Test epoch: 256 | Loss: *0.951* | Acc: *72.330%* (7233/10000)
Train epoch: 257 | Loss: *0.186* | Acc: *93.940%* (46970/50000) 
Test epoch: 257 | Loss: *0.567* | Acc: *82.760%* (8276/10000)
Train epoch: 258 | Loss: *0.042* | Acc: *98.984%* (49492/50000) 
Test epoch: 258 | Loss: *0.589* | Acc: *83.090%* (8309/10000)
Train epoch: 259 | Loss: *0.016* | Acc: *99.768%* (49884/50000) 
Test epoch: 259 | Loss: *0.610* | Acc: *83.140%* (8314/10000)
Train epoch: 260 | Loss: *0.008* | Acc: *99.942%* (49971/50000) 
Test epoch: 260 | Loss: *0.589* | Acc: *83.880%* (8388/10000)
Train epoch: 261 | Loss: *0.006* | Acc: *99.970%* (49985/50000) 
Test epoch: 261 | Loss: *0.612* | Acc: *83.320%* (8332/10000)
Train epoch: 262 | Loss: *0.007* | Acc: *99.930%* (49965/50000) 
Test epoch: 262 | Loss: *0.725* | Acc: *81.060%* (8106/10000)
Train epoch: 263 | Loss: *0.125* | Acc: *95.862%* (47931/50000) 
Test epoch: 263 | Loss: *0.677* | Acc: *81.220%* (8122/10000)
Train epoch: 264 | Loss: *0.057* | Acc: *98.278%* (49139/50000) 
Test epoch: 264 | Loss: *0.617* | Acc: *82.870%* (8287/10000)
Train epoch: 265 | Loss: *0.026* | Acc: *99.422%* (49711/50000) 
Test epoch: 265 | Loss: *0.632* | Acc: *83.260%* (8326/10000)
Train epoch: 266 | Loss: *0.016* | Acc: *99.686%* (49843/50000) 
Test epoch: 266 | Loss: *0.650* | Acc: *82.570%* (8257/10000)
Train epoch: 267 | Loss: *0.016* | Acc: *99.698%* (49849/50000) 
Test epoch: 267 | Loss: *0.670* | Acc: *82.760%* (8276/10000)
Train epoch: 268 | Loss: *0.042* | Acc: *98.782%* (49391/50000) 
Test epoch: 268 | Loss: *0.718* | Acc: *81.230%* (8123/10000)
Train epoch: 269 | Loss: *0.060* | Acc: *98.148%* (49074/50000) 
Test epoch: 269 | Loss: *0.865* | Acc: *78.620%* (7862/10000)
Train epoch: 270 | Loss: *0.034* | Acc: *99.054%* (49527/50000) 
Test epoch: 270 | Loss: *0.691* | Acc: *81.780%* (8178/10000)
Train epoch: 271 | Loss: *0.024* | Acc: *99.404%* (49702/50000) 
Test epoch: 271 | Loss: *0.695* | Acc: *82.130%* (8213/10000)
Train epoch: 272 | Loss: *0.024* | Acc: *99.328%* (49664/50000) 
Test epoch: 272 | Loss: *0.707* | Acc: *82.080%* (8208/10000)
Train epoch: 273 | Loss: *0.035* | Acc: *98.978%* (49489/50000) 
Test epoch: 273 | Loss: *0.715* | Acc: *81.680%* (8168/10000)
Train epoch: 274 | Loss: *0.044* | Acc: *98.660%* (49330/50000) 
Test epoch: 274 | Loss: *0.735* | Acc: *80.970%* (8097/10000)
Train epoch: 275 | Loss: *0.041* | Acc: *98.748%* (49374/50000) 
Test epoch: 275 | Loss: *0.715* | Acc: *81.860%* (8186/10000)
Train epoch: 276 | Loss: *0.029* | Acc: *99.206%* (49603/50000) 
Test epoch: 276 | Loss: *0.763* | Acc: *81.200%* (8120/10000)
Train epoch: 277 | Loss: *0.033* | Acc: *99.012%* (49506/50000) 
Test epoch: 277 | Loss: *0.722* | Acc: *81.520%* (8152/10000)
Train epoch: 278 | Loss: *0.028* | Acc: *99.216%* (49608/50000) 
Test epoch: 278 | Loss: *0.665* | Acc: *82.450%* (8245/10000)
Train epoch: 279 | Loss: *0.042* | Acc: *98.706%* (49353/50000) 
Test epoch: 279 | Loss: *0.718* | Acc: *81.320%* (8132/10000)
Train epoch: 280 | Loss: *0.047* | Acc: *98.564%* (49282/50000) 
Test epoch: 280 | Loss: *0.723* | Acc: *81.350%* (8135/10000)
Train epoch: 281 | Loss: *0.033* | Acc: *99.022%* (49511/50000) 
Test epoch: 281 | Loss: *0.686* | Acc: *82.120%* (8212/10000)
Train epoch: 282 | Loss: *0.028* | Acc: *99.200%* (49600/50000) 
Test epoch: 282 | Loss: *0.689* | Acc: *82.640%* (8264/10000)
Train epoch: 283 | Loss: *0.023* | Acc: *99.372%* (49686/50000) 
Test epoch: 283 | Loss: *0.716* | Acc: *82.580%* (8258/10000)
Train epoch: 284 | Loss: *0.043* | Acc: *98.734%* (49367/50000) 
Test epoch: 284 | Loss: *0.763* | Acc: *80.990%* (8099/10000)
Train epoch: 285 | Loss: *0.049* | Acc: *98.510%* (49255/50000) 
Test epoch: 285 | Loss: *0.721* | Acc: *81.030%* (8103/10000)
Train epoch: 286 | Loss: *0.042* | Acc: *98.734%* (49367/50000) 
Test epoch: 286 | Loss: *0.752* | Acc: *81.060%* (8106/10000)
Train epoch: 287 | Loss: *0.036* | Acc: *98.940%* (49470/50000) 
Test epoch: 287 | Loss: *0.748* | Acc: *81.540%* (8154/10000)
Train epoch: 288 | Loss: *0.030* | Acc: *99.116%* (49558/50000) 
Test epoch: 288 | Loss: *0.786* | Acc: *80.920%* (8092/10000)
Train epoch: 289 | Loss: *0.034* | Acc: *99.030%* (49515/50000) 
Test epoch: 289 | Loss: *0.683* | Acc: *82.670%* (8267/10000)
Train epoch: 290 | Loss: *0.038* | Acc: *98.868%* (49434/50000) 
Test epoch: 290 | Loss: *0.747* | Acc: *81.110%* (8111/10000)
Train epoch: 291 | Loss: *0.052* | Acc: *98.338%* (49169/50000) 
Test epoch: 291 | Loss: *0.707* | Acc: *81.140%* (8114/10000)
Train epoch: 292 | Loss: *0.039* | Acc: *98.840%* (49420/50000) 
Test epoch: 292 | Loss: *0.668* | Acc: *82.950%* (8295/10000)
Train epoch: 293 | Loss: *0.034* | Acc: *99.000%* (49500/50000) 
Test epoch: 293 | Loss: *0.732* | Acc: *81.460%* (8146/10000)
Train epoch: 294 | Loss: *0.030* | Acc: *99.156%* (49578/50000) 
Test epoch: 294 | Loss: *0.729* | Acc: *81.800%* (8180/10000)
Train epoch: 295 | Loss: *0.039* | Acc: *98.906%* (49453/50000) 
Test epoch: 295 | Loss: *0.771* | Acc: *81.230%* (8123/10000)
Train epoch: 296 | Loss: *0.049* | Acc: *98.500%* (49250/50000) 
Test epoch: 296 | Loss: *0.747* | Acc: *81.260%* (8126/10000)
Train epoch: 297 | Loss: *0.048* | Acc: *98.476%* (49238/50000) 
Test epoch: 297 | Loss: *0.776* | Acc: *80.650%* (8065/10000)
Train epoch: 298 | Loss: *0.035* | Acc: *98.962%* (49481/50000) 
Test epoch: 298 | Loss: *0.694* | Acc: *81.710%* (8171/10000)
Train epoch: 299 | Loss: *0.035* | Acc: *98.932%* (49466/50000) 
Test epoch: 299 | Loss: *0.711* | Acc: *81.880%* (8188/10000)
Train epoch: 300 | Loss: *0.038* | Acc: *98.868%* (49434/50000) 
Test epoch: 300 | Loss: *0.790* | Acc: *80.290%* (8029/10000)
Train epoch: 301 | Loss: *0.051* | Acc: *98.354%* (49177/50000) 
Test epoch: 301 | Loss: *0.741* | Acc: *81.390%* (8139/10000)
Train epoch: 302 | Loss: *0.043* | Acc: *98.666%* (49333/50000) 
Test epoch: 302 | Loss: *0.752* | Acc: *81.610%* (8161/10000)
Train epoch: 303 | Loss: *0.037* | Acc: *98.860%* (49430/50000) 
Test epoch: 303 | Loss: *0.762* | Acc: *81.580%* (8158/10000)
Train epoch: 304 | Loss: *0.047* | Acc: *98.534%* (49267/50000) 
Test epoch: 304 | Loss: *0.731* | Acc: *81.310%* (8131/10000)
Train epoch: 305 | Loss: *0.045* | Acc: *98.664%* (49332/50000) 
Test epoch: 305 | Loss: *0.717* | Acc: *81.780%* (8178/10000)
Train epoch: 306 | Loss: *0.041* | Acc: *98.718%* (49359/50000) 
Test epoch: 306 | Loss: *0.803* | Acc: *79.740%* (7974/10000)
Train epoch: 307 | Loss: *0.049* | Acc: *98.496%* (49248/50000) 
Test epoch: 307 | Loss: *0.729* | Acc: *81.320%* (8132/10000)
Train epoch: 308 | Loss: *0.048* | Acc: *98.532%* (49266/50000) 
Test epoch: 308 | Loss: *0.701* | Acc: *82.040%* (8204/10000)
Train epoch: 309 | Loss: *0.038* | Acc: *98.852%* (49426/50000) 
Test epoch: 309 | Loss: *0.826* | Acc: *79.900%* (7990/10000)
Train epoch: 310 | Loss: *0.043* | Acc: *98.662%* (49331/50000) 
Test epoch: 310 | Loss: *0.737* | Acc: *81.010%* (8101/10000)
Train epoch: 311 | Loss: *0.051* | Acc: *98.344%* (49172/50000) 
Test epoch: 311 | Loss: *0.730* | Acc: *81.170%* (8117/10000)
Train epoch: 312 | Loss: *0.051* | Acc: *98.362%* (49181/50000) 
Test epoch: 312 | Loss: *0.746* | Acc: *81.690%* (8169/10000)
Train epoch: 313 | Loss: *0.046* | Acc: *98.616%* (49308/50000) 
Test epoch: 313 | Loss: *0.717* | Acc: *81.640%* (8164/10000)
Train epoch: 314 | Loss: *0.043* | Acc: *98.684%* (49342/50000) 
Test epoch: 314 | Loss: *0.742* | Acc: *81.090%* (8109/10000)
Train epoch: 315 | Loss: *0.056* | Acc: *98.150%* (49075/50000) 
Test epoch: 315 | Loss: *0.714* | Acc: *81.290%* (8129/10000)
Train epoch: 316 | Loss: *0.047* | Acc: *98.544%* (49272/50000) 
Test epoch: 316 | Loss: *0.704* | Acc: *81.240%* (8124/10000)
Train epoch: 317 | Loss: *0.046* | Acc: *98.568%* (49284/50000) 
Test epoch: 317 | Loss: *0.747* | Acc: *81.640%* (8164/10000)
Train epoch: 318 | Loss: *0.050* | Acc: *98.386%* (49193/50000) 
Test epoch: 318 | Loss: *0.766* | Acc: *80.560%* (8056/10000)
Train epoch: 319 | Loss: *0.051* | Acc: *98.414%* (49207/50000) 
Test epoch: 319 | Loss: *0.780* | Acc: *81.020%* (8102/10000)
Train epoch: 320 | Loss: *0.051* | Acc: *98.396%* (49198/50000) 
Test epoch: 320 | Loss: *0.676* | Acc: *82.510%* (8251/10000)
Train epoch: 321 | Loss: *0.041* | Acc: *98.740%* (49370/50000) 
Test epoch: 321 | Loss: *0.812* | Acc: *79.030%* (7903/10000)
Train epoch: 322 | Loss: *0.054* | Acc: *98.306%* (49153/50000) 
Test epoch: 322 | Loss: *0.711* | Acc: *82.200%* (8220/10000)
Train epoch: 323 | Loss: *0.056* | Acc: *98.266%* (49133/50000) 
Test epoch: 323 | Loss: *0.751* | Acc: *80.820%* (8082/10000)
Train epoch: 324 | Loss: *0.048* | Acc: *98.500%* (49250/50000) 
Test epoch: 324 | Loss: *0.768* | Acc: *81.050%* (8105/10000)
Train epoch: 325 | Loss: *0.049* | Acc: *98.478%* (49239/50000) 
Test epoch: 325 | Loss: *0.887* | Acc: *79.500%* (7950/10000)
Train epoch: 326 | Loss: *0.062* | Acc: *97.940%* (48970/50000) 
Test epoch: 326 | Loss: *0.765* | Acc: *80.210%* (8021/10000)
Train epoch: 327 | Loss: *0.060* | Acc: *97.994%* (48997/50000) 
Test epoch: 327 | Loss: *0.707* | Acc: *82.050%* (8205/10000)
Train epoch: 328 | Loss: *0.055* | Acc: *98.272%* (49136/50000) 
Test epoch: 328 | Loss: *0.777* | Acc: *80.210%* (8021/10000)
Train epoch: 329 | Loss: *0.052* | Acc: *98.370%* (49185/50000) 
Test epoch: 329 | Loss: *0.727* | Acc: *81.570%* (8157/10000)
Train epoch: 330 | Loss: *0.051* | Acc: *98.362%* (49181/50000) 
Test epoch: 330 | Loss: *0.748* | Acc: *80.690%* (8069/10000)
Train epoch: 331 | Loss: *0.052* | Acc: *98.334%* (49167/50000) 
Test epoch: 331 | Loss: *0.762* | Acc: *80.980%* (8098/10000)
Train epoch: 332 | Loss: *0.061* | Acc: *98.022%* (49011/50000) 
Test epoch: 332 | Loss: *0.752* | Acc: *80.590%* (8059/10000)
Train epoch: 333 | Loss: *0.058* | Acc: *98.154%* (49077/50000) 
Test epoch: 333 | Loss: *0.772* | Acc: *80.660%* (8066/10000)
Train epoch: 334 | Loss: *0.056* | Acc: *98.240%* (49120/50000) 
Test epoch: 334 | Loss: *0.743* | Acc: *81.690%* (8169/10000)
Train epoch: 335 | Loss: *0.054* | Acc: *98.182%* (49091/50000) 
Test epoch: 335 | Loss: *0.716* | Acc: *81.300%* (8130/10000)
Train epoch: 336 | Loss: *0.056* | Acc: *98.212%* (49106/50000) 
Test epoch: 336 | Loss: *0.715* | Acc: *81.570%* (8157/10000)
Train epoch: 337 | Loss: *0.057* | Acc: *98.162%* (49081/50000) 
Test epoch: 337 | Loss: *0.742* | Acc: *81.000%* (8100/10000)
Train epoch: 338 | Loss: *0.057* | Acc: *98.160%* (49080/50000) 
Test epoch: 338 | Loss: *0.702* | Acc: *81.850%* (8185/10000)
Train epoch: 339 | Loss: *0.062* | Acc: *97.976%* (48988/50000) 
Test epoch: 339 | Loss: *0.746* | Acc: *80.970%* (8097/10000)
Train epoch: 340 | Loss: *0.066* | Acc: *97.898%* (48949/50000) 
Test epoch: 340 | Loss: *0.657* | Acc: *82.330%* (8233/10000)
Train epoch: 341 | Loss: *0.051* | Acc: *98.398%* (49199/50000) 
Test epoch: 341 | Loss: *0.780* | Acc: *80.410%* (8041/10000)
Train epoch: 342 | Loss: *0.059* | Acc: *98.138%* (49069/50000) 
Test epoch: 342 | Loss: *0.727* | Acc: *81.310%* (8131/10000)
Train epoch: 343 | Loss: *0.060* | Acc: *98.080%* (49040/50000) 
Test epoch: 343 | Loss: *0.724* | Acc: *81.450%* (8145/10000)
Train epoch: 344 | Loss: *0.061* | Acc: *98.040%* (49020/50000) 
Test epoch: 344 | Loss: *0.742* | Acc: *81.180%* (8118/10000)
Train epoch: 345 | Loss: *0.060* | Acc: *98.086%* (49043/50000) 
Test epoch: 345 | Loss: *0.702* | Acc: *82.010%* (8201/10000)
Train epoch: 346 | Loss: *0.060* | Acc: *98.046%* (49023/50000) 
Test epoch: 346 | Loss: *0.678* | Acc: *81.940%* (8194/10000)
Train epoch: 347 | Loss: *0.061* | Acc: *98.028%* (49014/50000) 
Test epoch: 347 | Loss: *0.700* | Acc: *81.660%* (8166/10000)
Train epoch: 348 | Loss: *0.062* | Acc: *97.958%* (48979/50000) 
Test epoch: 348 | Loss: *0.749* | Acc: *80.410%* (8041/10000)
Train epoch: 349 | Loss: *0.054* | Acc: *98.284%* (49142/50000) 
Test epoch: 349 | Loss: *0.823* | Acc: *80.070%* (8007/10000)
Train epoch: 350 | Loss: *0.071* | Acc: *97.604%* (48802/50000) 
Test epoch: 350 | Loss: *0.796* | Acc: *79.800%* (7980/10000)
Train epoch: 351 | Loss: *0.064* | Acc: *97.930%* (48965/50000) 
Test epoch: 351 | Loss: *0.795* | Acc: *80.170%* (8017/10000)
Train epoch: 352 | Loss: *0.059* | Acc: *98.078%* (49039/50000) 
Test epoch: 352 | Loss: *0.708* | Acc: *81.670%* (8167/10000)
Train epoch: 353 | Loss: *0.058* | Acc: *98.142%* (49071/50000) 
Test epoch: 353 | Loss: *0.829* | Acc: *80.340%* (8034/10000)
Train epoch: 354 | Loss: *0.066* | Acc: *97.866%* (48933/50000) 
Test epoch: 354 | Loss: *0.732* | Acc: *81.250%* (8125/10000)
Train epoch: 355 | Loss: *0.068* | Acc: *97.720%* (48860/50000) 
Test epoch: 355 | Loss: *0.679* | Acc: *81.670%* (8167/10000)
Train epoch: 356 | Loss: *0.063* | Acc: *97.934%* (48967/50000) 
Test epoch: 356 | Loss: *0.718* | Acc: *81.800%* (8180/10000)
Train epoch: 357 | Loss: *0.059* | Acc: *98.088%* (49044/50000) 
Test epoch: 357 | Loss: *0.723* | Acc: *81.260%* (8126/10000)
Train epoch: 358 | Loss: *0.067* | Acc: *97.864%* (48932/50000) 
Test epoch: 358 | Loss: *0.746* | Acc: *81.200%* (8120/10000)
Train epoch: 359 | Loss: *0.063* | Acc: *98.004%* (49002/50000) 
Test epoch: 359 | Loss: *0.723* | Acc: *81.540%* (8154/10000)
Train epoch: 360 | Loss: *0.067* | Acc: *97.766%* (48883/50000) 
Test epoch: 360 | Loss: *0.748* | Acc: *80.260%* (8026/10000)
Train epoch: 361 | Loss: *0.073* | Acc: *97.630%* (48815/50000) 
Test epoch: 361 | Loss: *0.697* | Acc: *81.180%* (8118/10000)
Train epoch: 362 | Loss: *0.067* | Acc: *97.844%* (48922/50000) 
Test epoch: 362 | Loss: *0.713* | Acc: *81.100%* (8110/10000)
Train epoch: 363 | Loss: *0.065* | Acc: *97.938%* (48969/50000) 
Test epoch: 363 | Loss: *0.686* | Acc: *82.160%* (8216/10000)
Train epoch: 364 | Loss: *0.059* | Acc: *98.110%* (49055/50000) 
Test epoch: 364 | Loss: *0.663* | Acc: *82.380%* (8238/10000)
Train epoch: 365 | Loss: *0.068* | Acc: *97.768%* (48884/50000) 
Test epoch: 365 | Loss: *0.765* | Acc: *80.670%* (8067/10000)
Train epoch: 366 | Loss: *0.070* | Acc: *97.700%* (48850/50000) 
Test epoch: 366 | Loss: *0.690* | Acc: *82.230%* (8223/10000)
Train epoch: 367 | Loss: *0.063* | Acc: *97.922%* (48961/50000) 
Test epoch: 367 | Loss: *0.712* | Acc: *81.790%* (8179/10000)
Train epoch: 368 | Loss: *0.068* | Acc: *97.786%* (48893/50000) 
Test epoch: 368 | Loss: *0.738* | Acc: *81.300%* (8130/10000)
Train epoch: 369 | Loss: *0.075* | Acc: *97.524%* (48762/50000) 
Test epoch: 369 | Loss: *0.663* | Acc: *82.290%* (8229/10000)
Train epoch: 370 | Loss: *0.063* | Acc: *98.006%* (49003/50000) 
Test epoch: 370 | Loss: *0.721* | Acc: *81.370%* (8137/10000)
Train epoch: 371 | Loss: *0.070* | Acc: *97.730%* (48865/50000) 
Test epoch: 371 | Loss: *0.733* | Acc: *81.260%* (8126/10000)
Train epoch: 372 | Loss: *0.069* | Acc: *97.728%* (48864/50000) 
Test epoch: 372 | Loss: *0.812* | Acc: *79.800%* (7980/10000)
Train epoch: 373 | Loss: *0.063* | Acc: *98.004%* (49002/50000) 
Test epoch: 373 | Loss: *0.812* | Acc: *79.440%* (7944/10000)
Train epoch: 374 | Loss: *0.070* | Acc: *97.700%* (48850/50000) 
Test epoch: 374 | Loss: *0.816* | Acc: *79.510%* (7951/10000)
Train epoch: 375 | Loss: *0.069* | Acc: *97.796%* (48898/50000) 
Test epoch: 375 | Loss: *0.697* | Acc: *80.860%* (8086/10000)
Train epoch: 376 | Loss: *0.075* | Acc: *97.548%* (48774/50000) 
Test epoch: 376 | Loss: *0.702* | Acc: *81.260%* (8126/10000)
Train epoch: 377 | Loss: *0.057* | Acc: *98.204%* (49102/50000) 
Test epoch: 377 | Loss: *0.736* | Acc: *81.020%* (8102/10000)
Train epoch: 378 | Loss: *0.073* | Acc: *97.678%* (48839/50000) 
Test epoch: 378 | Loss: *0.704* | Acc: *81.200%* (8120/10000)
Train epoch: 379 | Loss: *0.071* | Acc: *97.632%* (48816/50000) 
Test epoch: 379 | Loss: *0.709* | Acc: *81.400%* (8140/10000)
Train epoch: 380 | Loss: *0.071* | Acc: *97.670%* (48835/50000) 
Test epoch: 380 | Loss: *0.762* | Acc: *80.230%* (8023/10000)
Train epoch: 381 | Loss: *0.076* | Acc: *97.536%* (48768/50000) 
Test epoch: 381 | Loss: *0.692* | Acc: *81.670%* (8167/10000)
Train epoch: 382 | Loss: *0.072* | Acc: *97.686%* (48843/50000) 
Test epoch: 382 | Loss: *0.647* | Acc: *82.230%* (8223/10000)
Train epoch: 383 | Loss: *0.066* | Acc: *97.892%* (48946/50000) 
Test epoch: 383 | Loss: *0.661* | Acc: *82.450%* (8245/10000)
Train epoch: 384 | Loss: *0.063* | Acc: *97.946%* (48973/50000) 
Test epoch: 384 | Loss: *0.783* | Acc: *80.520%* (8052/10000)
Train epoch: 385 | Loss: *0.080* | Acc: *97.336%* (48668/50000) 
Test epoch: 385 | Loss: *0.830* | Acc: *79.140%* (7914/10000)
Train epoch: 386 | Loss: *0.065* | Acc: *97.870%* (48935/50000) 
Test epoch: 386 | Loss: *0.755* | Acc: *80.540%* (8054/10000)
Train epoch: 387 | Loss: *0.066* | Acc: *97.844%* (48922/50000) 
Test epoch: 387 | Loss: *0.749* | Acc: *79.950%* (7995/10000)
Train epoch: 388 | Loss: *0.074* | Acc: *97.484%* (48742/50000) 
Test epoch: 388 | Loss: *0.708* | Acc: *81.220%* (8122/10000)
Train epoch: 389 | Loss: *0.068* | Acc: *97.824%* (48912/50000) 
Test epoch: 389 | Loss: *0.758* | Acc: *80.400%* (8040/10000)
Train epoch: 390 | Loss: *0.069* | Acc: *97.684%* (48842/50000) 
Test epoch: 390 | Loss: *0.698* | Acc: *81.340%* (8134/10000)
Train epoch: 391 | Loss: *0.071* | Acc: *97.646%* (48823/50000) 
Test epoch: 391 | Loss: *0.677* | Acc: *82.020%* (8202/10000)
Train epoch: 392 | Loss: *0.073* | Acc: *97.570%* (48785/50000) 
Test epoch: 392 | Loss: *0.681* | Acc: *81.840%* (8184/10000)
Train epoch: 393 | Loss: *0.073* | Acc: *97.580%* (48790/50000) 
Test epoch: 393 | Loss: *0.758* | Acc: *80.690%* (8069/10000)
Train epoch: 394 | Loss: *0.071* | Acc: *97.648%* (48824/50000) 
Test epoch: 394 | Loss: *0.818* | Acc: *79.480%* (7948/10000)
Train epoch: 395 | Loss: *0.072* | Acc: *97.648%* (48824/50000) 
Test epoch: 395 | Loss: *0.732* | Acc: *80.960%* (8096/10000)
Train epoch: 396 | Loss: *0.065* | Acc: *97.878%* (48939/50000) 
Test epoch: 396 | Loss: *0.656* | Acc: *82.780%* (8278/10000)
Train epoch: 397 | Loss: *0.067* | Acc: *97.844%* (48922/50000) 
Test epoch: 397 | Loss: *0.742* | Acc: *80.170%* (8017/10000)
Train epoch: 398 | Loss: *0.072* | Acc: *97.692%* (48846/50000) 
Test epoch: 398 | Loss: *0.711* | Acc: *81.460%* (8146/10000)
Train epoch: 399 | Loss: *0.065* | Acc: *97.920%* (48960/50000) 
Test epoch: 399 | Loss: *0.708* | Acc: *81.410%* (8141/10000)
Train epoch: 400 | Loss: *0.073* | Acc: *97.554%* (48777/50000) 
Test epoch: 400 | Loss: *0.729* | Acc: *81.110%* (8111/10000)
Train epoch: 401 | Loss: *0.068* | Acc: *97.754%* (48877/50000) 
Test epoch: 401 | Loss: *0.805* | Acc: *78.960%* (7896/10000)
Train epoch: 402 | Loss: *0.073* | Acc: *97.592%* (48796/50000) 
Test epoch: 402 | Loss: *0.690* | Acc: *82.080%* (8208/10000)
Train epoch: 403 | Loss: *0.067* | Acc: *97.806%* (48903/50000) 
Test epoch: 403 | Loss: *0.778* | Acc: *80.990%* (8099/10000)
Train epoch: 404 | Loss: *0.071* | Acc: *97.680%* (48840/50000) 
Test epoch: 404 | Loss: *0.673* | Acc: *81.820%* (8182/10000)
Train epoch: 405 | Loss: *0.067* | Acc: *97.856%* (48928/50000) 
Test epoch: 405 | Loss: *0.755* | Acc: *81.080%* (8108/10000)
Train epoch: 406 | Loss: *0.069* | Acc: *97.762%* (48881/50000) 
Test epoch: 406 | Loss: *0.737* | Acc: *80.880%* (8088/10000)
Train epoch: 407 | Loss: *0.065* | Acc: *97.912%* (48956/50000) 
Test epoch: 407 | Loss: *0.667* | Acc: *82.190%* (8219/10000)
Train epoch: 408 | Loss: *0.069* | Acc: *97.758%* (48879/50000) 
Test epoch: 408 | Loss: *0.837* | Acc: *79.400%* (7940/10000)
Train epoch: 409 | Loss: *0.064* | Acc: *97.900%* (48950/50000) 
Test epoch: 409 | Loss: *0.744* | Acc: *80.200%* (8020/10000)
Train epoch: 410 | Loss: *0.073* | Acc: *97.584%* (48792/50000) 
Test epoch: 410 | Loss: *0.726* | Acc: *80.820%* (8082/10000)
Train epoch: 411 | Loss: *0.070* | Acc: *97.698%* (48849/50000) 
Test epoch: 411 | Loss: *0.788* | Acc: *80.680%* (8068/10000)
Train epoch: 412 | Loss: *0.061* | Acc: *98.088%* (49044/50000) 
Test epoch: 412 | Loss: *0.672* | Acc: *82.780%* (8278/10000)
Train epoch: 413 | Loss: *0.060* | Acc: *98.072%* (49036/50000) 
Test epoch: 413 | Loss: *0.726* | Acc: *80.970%* (8097/10000)
Train epoch: 414 | Loss: *0.083* | Acc: *97.258%* (48629/50000) 
Test epoch: 414 | Loss: *0.673* | Acc: *82.050%* (8205/10000)
Train epoch: 415 | Loss: *0.067* | Acc: *97.836%* (48918/50000) 
Test epoch: 415 | Loss: *0.701* | Acc: *81.740%* (8174/10000)
Train epoch: 416 | Loss: *0.062* | Acc: *98.004%* (49002/50000) 
Test epoch: 416 | Loss: *0.753* | Acc: *80.470%* (8047/10000)
Train epoch: 417 | Loss: *0.060* | Acc: *98.110%* (49055/50000) 
Test epoch: 417 | Loss: *0.676* | Acc: *82.100%* (8210/10000)
Train epoch: 418 | Loss: *0.069* | Acc: *97.794%* (48897/50000) 
Test epoch: 418 | Loss: *0.856* | Acc: *79.720%* (7972/10000)
Train epoch: 419 | Loss: *0.063* | Acc: *97.940%* (48970/50000) 
Test epoch: 419 | Loss: *0.761* | Acc: *80.900%* (8090/10000)
Train epoch: 420 | Loss: *0.073* | Acc: *97.568%* (48784/50000) 
Test epoch: 420 | Loss: *0.754* | Acc: *80.870%* (8087/10000)
Train epoch: 421 | Loss: *0.069* | Acc: *97.696%* (48848/50000) 
Test epoch: 421 | Loss: *0.686* | Acc: *81.260%* (8126/10000)
Train epoch: 422 | Loss: *0.054* | Acc: *98.360%* (49180/50000) 
Test epoch: 422 | Loss: *0.807* | Acc: *80.880%* (8088/10000)
Train epoch: 423 | Loss: *0.063* | Acc: *97.968%* (48984/50000) 
Test epoch: 423 | Loss: *0.728* | Acc: *81.340%* (8134/10000)
Train epoch: 424 | Loss: *0.066* | Acc: *97.876%* (48938/50000) 
Test epoch: 424 | Loss: *0.694* | Acc: *82.030%* (8203/10000)
Train epoch: 425 | Loss: *0.064* | Acc: *97.906%* (48953/50000) 
Test epoch: 425 | Loss: *0.834* | Acc: *78.810%* (7881/10000)
Train epoch: 426 | Loss: *0.074* | Acc: *97.556%* (48778/50000) 
Test epoch: 426 | Loss: *0.706* | Acc: *81.700%* (8170/10000)
Train epoch: 427 | Loss: *0.052* | Acc: *98.482%* (49241/50000) 
Test epoch: 427 | Loss: *0.712* | Acc: *81.880%* (8188/10000)
Train epoch: 428 | Loss: *0.065* | Acc: *97.934%* (48967/50000) 
Test epoch: 428 | Loss: *0.777* | Acc: *80.110%* (8011/10000)
Train epoch: 429 | Loss: *0.065* | Acc: *97.932%* (48966/50000) 
Test epoch: 429 | Loss: *0.755* | Acc: *80.280%* (8028/10000)
Train epoch: 430 | Loss: *0.063* | Acc: *97.912%* (48956/50000) 
Test epoch: 430 | Loss: *0.730* | Acc: *82.020%* (8202/10000)
Train epoch: 431 | Loss: *0.063* | Acc: *97.940%* (48970/50000) 
Test epoch: 431 | Loss: *0.754* | Acc: *81.130%* (8113/10000)
Train epoch: 432 | Loss: *0.061* | Acc: *98.046%* (49023/50000) 
Test epoch: 432 | Loss: *0.691* | Acc: *82.060%* (8206/10000)
Train epoch: 433 | Loss: *0.057* | Acc: *98.190%* (49095/50000) 
Test epoch: 433 | Loss: *0.761* | Acc: *80.970%* (8097/10000)
Train epoch: 434 | Loss: *0.066* | Acc: *97.836%* (48918/50000) 
Test epoch: 434 | Loss: *0.701* | Acc: *82.000%* (8200/10000)
Train epoch: 435 | Loss: *0.058* | Acc: *98.062%* (49031/50000) 
Test epoch: 435 | Loss: *0.799* | Acc: *79.470%* (7947/10000)
Train epoch: 436 | Loss: *0.060* | Acc: *98.086%* (49043/50000) 
Test epoch: 436 | Loss: *0.676* | Acc: *82.200%* (8220/10000)
Train epoch: 437 | Loss: *0.055* | Acc: *98.234%* (49117/50000) 
Test epoch: 437 | Loss: *0.692* | Acc: *82.220%* (8222/10000)
Train epoch: 438 | Loss: *0.059* | Acc: *98.122%* (49061/50000) 
Test epoch: 438 | Loss: *0.800* | Acc: *80.620%* (8062/10000)
Train epoch: 439 | Loss: *0.063* | Acc: *97.968%* (48984/50000) 
Test epoch: 439 | Loss: *0.685* | Acc: *82.070%* (8207/10000)
Train epoch: 440 | Loss: *0.058* | Acc: *98.236%* (49118/50000) 
Test epoch: 440 | Loss: *0.718* | Acc: *81.690%* (8169/10000)
Train epoch: 441 | Loss: *0.053* | Acc: *98.360%* (49180/50000) 
Test epoch: 441 | Loss: *0.798* | Acc: *80.510%* (8051/10000)
Train epoch: 442 | Loss: *0.057* | Acc: *98.126%* (49063/50000) 
Test epoch: 442 | Loss: *0.793* | Acc: *80.010%* (8001/10000)
Train epoch: 443 | Loss: *0.060* | Acc: *98.108%* (49054/50000) 
Test epoch: 443 | Loss: *0.711* | Acc: *81.500%* (8150/10000)
Train epoch: 444 | Loss: *0.052* | Acc: *98.416%* (49208/50000) 
Test epoch: 444 | Loss: *0.734* | Acc: *80.950%* (8095/10000)
Train epoch: 445 | Loss: *0.053* | Acc: *98.316%* (49158/50000) 
Test epoch: 445 | Loss: *0.721* | Acc: *81.910%* (8191/10000)
Train epoch: 446 | Loss: *0.053* | Acc: *98.378%* (49189/50000) 
Test epoch: 446 | Loss: *0.697* | Acc: *82.140%* (8214/10000)
Train epoch: 447 | Loss: *0.059* | Acc: *98.066%* (49033/50000) 
Test epoch: 447 | Loss: *0.690* | Acc: *81.970%* (8197/10000)
Train epoch: 448 | Loss: *0.057* | Acc: *98.196%* (49098/50000) 
Test epoch: 448 | Loss: *0.697* | Acc: *81.960%* (8196/10000)
Train epoch: 449 | Loss: *0.051* | Acc: *98.418%* (49209/50000) 
Test epoch: 449 | Loss: *0.730* | Acc: *81.170%* (8117/10000)
Train epoch: 450 | Loss: *0.053* | Acc: *98.322%* (49161/50000) 
Test epoch: 450 | Loss: *0.674* | Acc: *81.940%* (8194/10000)
Train epoch: 451 | Loss: *0.049* | Acc: *98.484%* (49242/50000) 
Test epoch: 451 | Loss: *0.738* | Acc: *82.060%* (8206/10000)
Train epoch: 452 | Loss: *0.059* | Acc: *98.048%* (49024/50000) 
Test epoch: 452 | Loss: *0.744* | Acc: *81.080%* (8108/10000)
Train epoch: 453 | Loss: *0.052* | Acc: *98.388%* (49194/50000) 
Test epoch: 453 | Loss: *0.689* | Acc: *82.410%* (8241/10000)
Train epoch: 454 | Loss: *0.051* | Acc: *98.418%* (49209/50000) 
Test epoch: 454 | Loss: *0.722* | Acc: *81.680%* (8168/10000)
Train epoch: 455 | Loss: *0.045* | Acc: *98.684%* (49342/50000) 
Test epoch: 455 | Loss: *0.755* | Acc: *80.590%* (8059/10000)
Train epoch: 456 | Loss: *0.044* | Acc: *98.712%* (49356/50000) 
Test epoch: 456 | Loss: *0.773* | Acc: *81.190%* (8119/10000)
Train epoch: 457 | Loss: *0.062* | Acc: *97.968%* (48984/50000) 
Test epoch: 457 | Loss: *0.740* | Acc: *81.310%* (8131/10000)
Train epoch: 458 | Loss: *0.049* | Acc: *98.468%* (49234/50000) 
Test epoch: 458 | Loss: *0.778* | Acc: *80.830%* (8083/10000)
Train epoch: 459 | Loss: *0.043* | Acc: *98.664%* (49332/50000) 
Test epoch: 459 | Loss: *0.722* | Acc: *82.180%* (8218/10000)
Train epoch: 460 | Loss: *0.044* | Acc: *98.634%* (49317/50000) 
Test epoch: 460 | Loss: *0.698* | Acc: *82.050%* (8205/10000)
Train epoch: 461 | Loss: *0.049* | Acc: *98.490%* (49245/50000) 
Test epoch: 461 | Loss: *0.826* | Acc: *79.180%* (7918/10000)
Train epoch: 462 | Loss: *0.051* | Acc: *98.370%* (49185/50000) 
Test epoch: 462 | Loss: *0.718* | Acc: *81.840%* (8184/10000)
Train epoch: 463 | Loss: *0.047* | Acc: *98.534%* (49267/50000) 
Test epoch: 463 | Loss: *0.730* | Acc: *82.120%* (8212/10000)
Train epoch: 464 | Loss: *0.043* | Acc: *98.674%* (49337/50000) 
Test epoch: 464 | Loss: *0.744* | Acc: *81.210%* (8121/10000)
Train epoch: 465 | Loss: *0.040* | Acc: *98.804%* (49402/50000) 
Test epoch: 465 | Loss: *0.777* | Acc: *81.410%* (8141/10000)
Train epoch: 466 | Loss: *0.044* | Acc: *98.646%* (49323/50000) 
Test epoch: 466 | Loss: *0.741* | Acc: *81.840%* (8184/10000)
Train epoch: 467 | Loss: *0.041* | Acc: *98.746%* (49373/50000) 
Test epoch: 467 | Loss: *0.827* | Acc: *80.440%* (8044/10000)
Train epoch: 468 | Loss: *0.053* | Acc: *98.308%* (49154/50000) 
Test epoch: 468 | Loss: *0.782* | Acc: *81.090%* (8109/10000)
Train epoch: 469 | Loss: *0.045* | Acc: *98.640%* (49320/50000) 
Test epoch: 469 | Loss: *0.724* | Acc: *81.900%* (8190/10000)
Train epoch: 470 | Loss: *0.033* | Acc: *99.052%* (49526/50000) 
Test epoch: 470 | Loss: *0.714* | Acc: *82.300%* (8230/10000)
Train epoch: 471 | Loss: *0.035* | Acc: *98.976%* (49488/50000) 
Test epoch: 471 | Loss: *0.698* | Acc: *82.380%* (8238/10000)
Train epoch: 472 | Loss: *0.045* | Acc: *98.616%* (49308/50000) 
Test epoch: 472 | Loss: *0.813* | Acc: *79.970%* (7997/10000)
Train epoch: 473 | Loss: *0.047* | Acc: *98.540%* (49270/50000) 
Test epoch: 473 | Loss: *0.694* | Acc: *82.450%* (8245/10000)
Train epoch: 474 | Loss: *0.040* | Acc: *98.786%* (49393/50000) 
Test epoch: 474 | Loss: *0.724* | Acc: *81.840%* (8184/10000)
Train epoch: 475 | Loss: *0.031* | Acc: *99.150%* (49575/50000) 
Test epoch: 475 | Loss: *0.683* | Acc: *82.370%* (8237/10000)
Train epoch: 476 | Loss: *0.039* | Acc: *98.838%* (49419/50000) 
Test epoch: 476 | Loss: *0.725* | Acc: *82.290%* (8229/10000)
Train epoch: 477 | Loss: *0.041* | Acc: *98.780%* (49390/50000) 
Test epoch: 477 | Loss: *0.726* | Acc: *82.420%* (8242/10000)
Train epoch: 478 | Loss: *0.039* | Acc: *98.810%* (49405/50000) 
Test epoch: 478 | Loss: *0.721* | Acc: *81.700%* (8170/10000)
Train epoch: 479 | Loss: *0.032* | Acc: *99.068%* (49534/50000) 
Test epoch: 479 | Loss: *0.732* | Acc: *82.220%* (8222/10000)
Train epoch: 480 | Loss: *0.036* | Acc: *98.924%* (49462/50000) 
Test epoch: 480 | Loss: *0.737* | Acc: *81.920%* (8192/10000)
Train epoch: 481 | Loss: *0.038* | Acc: *98.902%* (49451/50000) 
Test epoch: 481 | Loss: *0.771* | Acc: *81.200%* (8120/10000)
Train epoch: 482 | Loss: *0.035* | Acc: *98.962%* (49481/50000) 
Test epoch: 482 | Loss: *0.704* | Acc: *81.960%* (8196/10000)
Train epoch: 483 | Loss: *0.029* | Acc: *99.278%* (49639/50000) 
Test epoch: 483 | Loss: *0.700* | Acc: *82.620%* (8262/10000)
Train epoch: 484 | Loss: *0.028* | Acc: *99.252%* (49626/50000) 
Test epoch: 484 | Loss: *0.719* | Acc: *81.970%* (8197/10000)
Train epoch: 485 | Loss: *0.034* | Acc: *99.042%* (49521/50000) 
Test epoch: 485 | Loss: *0.780* | Acc: *81.680%* (8168/10000)
Train epoch: 486 | Loss: *0.045* | Acc: *98.600%* (49300/50000) 
Test epoch: 486 | Loss: *0.718* | Acc: *82.600%* (8260/10000)
Train epoch: 487 | Loss: *0.037* | Acc: *98.888%* (49444/50000) 
Test epoch: 487 | Loss: *0.675* | Acc: *82.600%* (8260/10000)
Train epoch: 488 | Loss: *0.028* | Acc: *99.212%* (49606/50000) 
Test epoch: 488 | Loss: *0.689* | Acc: *82.680%* (8268/10000)
Train epoch: 489 | Loss: *0.025* | Acc: *99.348%* (49674/50000) 
Test epoch: 489 | Loss: *0.693* | Acc: *82.630%* (8263/10000)
Train epoch: 490 | Loss: *0.024* | Acc: *99.356%* (49678/50000) 
Test epoch: 490 | Loss: *0.756* | Acc: *81.560%* (8156/10000)
Train epoch: 491 | Loss: *0.035* | Acc: *98.984%* (49492/50000) 
Test epoch: 491 | Loss: *0.752* | Acc: *81.450%* (8145/10000)
Train epoch: 492 | Loss: *0.035* | Acc: *98.950%* (49475/50000) 
Test epoch: 492 | Loss: *0.708* | Acc: *82.330%* (8233/10000)
Train epoch: 493 | Loss: *0.026* | Acc: *99.362%* (49681/50000) 
Test epoch: 493 | Loss: *0.726* | Acc: *82.210%* (8221/10000)
Train epoch: 494 | Loss: *0.020* | Acc: *99.504%* (49752/50000) 
Test epoch: 494 | Loss: *0.686* | Acc: *82.520%* (8252/10000)
Train epoch: 495 | Loss: *0.027* | Acc: *99.264%* (49632/50000) 
Test epoch: 495 | Loss: *0.706* | Acc: *82.180%* (8218/10000)
Train epoch: 496 | Loss: *0.032* | Acc: *99.100%* (49550/50000) 
Test epoch: 496 | Loss: *0.702* | Acc: *82.810%* (8281/10000)
Train epoch: 497 | Loss: *0.033* | Acc: *99.044%* (49522/50000) 
Test epoch: 497 | Loss: *0.703* | Acc: *82.190%* (8219/10000)
Train epoch: 498 | Loss: *0.020* | Acc: *99.502%* (49751/50000) 
Test epoch: 498 | Loss: *0.671* | Acc: *82.660%* (8266/10000)
Train epoch: 499 | Loss: *0.014* | Acc: *99.696%* (49848/50000) 
Test epoch: 499 | Loss: *0.694* | Acc: *82.600%* (8260/10000)
Train epoch: 500 | Loss: *0.017* | Acc: *99.620%* (49810/50000) 
Test epoch: 500 | Loss: *0.720* | Acc: *82.550%* (8255/10000)
Best test accuracy: *84.570%*, loss: *0.5767420968413353*, at epoch: *127*.
==> Execution time summary of 500 epoch(s).
Train data loading time: sum. *227.25923189148307* secs | avg. *0.4545184637829661* secs per epoch.
Train training time: sum. *1351.8868825342506* secs | avg. *2.7037737650685014* secs per epoch.
Train total time: sum. *1579.1461144257337* secs | avg. *3.1582922288514674* secs per epoch.
Test data loading time: sum. *95.70301405061036* secs | avg. *0.19140602810122073* secs per epoch.
Test training time: sum. *78.49689275864512* secs | avg. *0.15699378551729024* secs per epoch.
Test total time: sum. *174.19990680925548* secs | avg. *0.34839981361851097* secs per epoch.
Total data loading time: sum. *322.96224594209343* secs | avg. *0.6459244918841869* secs per epoch.
Total training time: sum. *1430.3837752928957* secs | avg. *2.8607675505857917* secs per epoch.
Total running time: sum. *1753.3460212349892* secs | avg. *3.5066920424699783* secs per epoch.
==> Number of GPU device: 1
==> Device #0 Memory Usage
==> Allocated: 0.1 GB
==> Cached:    1.4 GB
==> Maximum: 1.4 GB
