==> Running on : cuda
==> Number of CPU: 48
==> Number of workers: 2
==> #Epochs: 500, #Layers: 3, #Blocks: [5, 2, 1], In channel: 64, Input layer conv kernel: 5x5, Residual layer conv kernel 5x5, Skip kernel: 1x1, Input layer conv padding: 2, Residual layer conv padding: 2
==> Optimizer is SGD
==> Momentum: 0.9
==> Learning rate: 0.1
==> Weight decay: 0.0005
==>Trainable Parameters: 4967754
==>Other Parameters: 0
==>Augmentation: RandomCrop(32, padding=4), RandomHorizontalFlip(), Normalize((0.4914, 0.4822, 0.4465), (0.2023, 0.1994, 0.2010)
Files already downloaded and verified
Train epoch: 1 | Loss: *1.687* | Acc: *36.588%* (18294/50000) 
Test epoch: 1 | Loss: *1.612* | Acc: *41.760%* (4176/10000)
Train epoch: 2 | Loss: *1.294* | Acc: *52.752%* (26376/50000) 
Test epoch: 2 | Loss: *1.527* | Acc: *48.020%* (4802/10000)
Train epoch: 3 | Loss: *1.012* | Acc: *64.108%* (32054/50000) 
Test epoch: 3 | Loss: *1.138* | Acc: *62.500%* (6250/10000)
Train epoch: 4 | Loss: *0.864* | Acc: *69.532%* (34766/50000) 
Test epoch: 4 | Loss: *0.892* | Acc: *69.160%* (6916/10000)
Train epoch: 5 | Loss: *0.738* | Acc: *74.312%* (37156/50000) 
Test epoch: 5 | Loss: *0.811* | Acc: *72.210%* (7221/10000)
Train epoch: 6 | Loss: *0.656* | Acc: *77.138%* (38569/50000) 
Test epoch: 6 | Loss: *0.778* | Acc: *74.060%* (7406/10000)
Train epoch: 7 | Loss: *0.590* | Acc: *79.694%* (39847/50000) 
Test epoch: 7 | Loss: *0.734* | Acc: *75.580%* (7558/10000)
Train epoch: 8 | Loss: *0.548* | Acc: *81.392%* (40696/50000) 
Test epoch: 8 | Loss: *0.680* | Acc: *77.990%* (7799/10000)
Train epoch: 9 | Loss: *0.514* | Acc: *82.244%* (41122/50000) 
Test epoch: 9 | Loss: *0.654* | Acc: *77.670%* (7767/10000)
Train epoch: 10 | Loss: *0.489* | Acc: *83.270%* (41635/50000) 
Test epoch: 10 | Loss: *0.705* | Acc: *78.310%* (7831/10000)
Train epoch: 11 | Loss: *0.469* | Acc: *83.722%* (41861/50000) 
Test epoch: 11 | Loss: *0.517* | Acc: *82.320%* (8232/10000)
Train epoch: 12 | Loss: *0.447* | Acc: *84.746%* (42373/50000) 
Test epoch: 12 | Loss: *0.645* | Acc: *78.600%* (7860/10000)
Train epoch: 13 | Loss: *0.432* | Acc: *85.172%* (42586/50000) 
Test epoch: 13 | Loss: *0.614* | Acc: *79.360%* (7936/10000)
Train epoch: 14 | Loss: *0.418* | Acc: *85.626%* (42813/50000) 
Test epoch: 14 | Loss: *0.494* | Acc: *83.100%* (8310/10000)
Train epoch: 15 | Loss: *0.407* | Acc: *86.026%* (43013/50000) 
Test epoch: 15 | Loss: *0.611* | Acc: *80.410%* (8041/10000)
Train epoch: 16 | Loss: *0.394* | Acc: *86.460%* (43230/50000) 
Test epoch: 16 | Loss: *0.784* | Acc: *77.780%* (7778/10000)
Train epoch: 17 | Loss: *0.382* | Acc: *86.846%* (43423/50000) 
Test epoch: 17 | Loss: *0.519* | Acc: *82.230%* (8223/10000)
Train epoch: 18 | Loss: *0.381* | Acc: *86.932%* (43466/50000) 
Test epoch: 18 | Loss: *0.550* | Acc: *81.890%* (8189/10000)
Train epoch: 19 | Loss: *0.378* | Acc: *86.918%* (43459/50000) 
Test epoch: 19 | Loss: *0.521* | Acc: *82.340%* (8234/10000)
Train epoch: 20 | Loss: *0.362* | Acc: *87.606%* (43803/50000) 
Test epoch: 20 | Loss: *0.552* | Acc: *81.160%* (8116/10000)
Train epoch: 21 | Loss: *0.362* | Acc: *87.454%* (43727/50000) 
Test epoch: 21 | Loss: *0.629* | Acc: *80.710%* (8071/10000)
Train epoch: 22 | Loss: *0.355* | Acc: *87.786%* (43893/50000) 
Test epoch: 22 | Loss: *0.686* | Acc: *78.290%* (7829/10000)
Train epoch: 23 | Loss: *0.345* | Acc: *88.242%* (44121/50000) 
Test epoch: 23 | Loss: *0.505* | Acc: *82.780%* (8278/10000)
Train epoch: 24 | Loss: *0.351* | Acc: *87.880%* (43940/50000) 
Test epoch: 24 | Loss: *0.610* | Acc: *80.170%* (8017/10000)
Train epoch: 25 | Loss: *0.345* | Acc: *88.050%* (44025/50000) 
Test epoch: 25 | Loss: *0.591* | Acc: *81.660%* (8166/10000)
Train epoch: 26 | Loss: *0.337* | Acc: *88.490%* (44245/50000) 
Test epoch: 26 | Loss: *0.716* | Acc: *78.920%* (7892/10000)
Train epoch: 27 | Loss: *0.334* | Acc: *88.488%* (44244/50000) 
Test epoch: 27 | Loss: *0.686* | Acc: *78.780%* (7878/10000)
Train epoch: 28 | Loss: *0.333* | Acc: *88.616%* (44308/50000) 
Test epoch: 28 | Loss: *1.088* | Acc: *70.380%* (7038/10000)
Train epoch: 29 | Loss: *0.324* | Acc: *88.852%* (44426/50000) 
Test epoch: 29 | Loss: *0.605* | Acc: *80.450%* (8045/10000)
Train epoch: 30 | Loss: *0.327* | Acc: *88.756%* (44378/50000) 
Test epoch: 30 | Loss: *0.691* | Acc: *79.200%* (7920/10000)
Train epoch: 31 | Loss: *0.314* | Acc: *89.220%* (44610/50000) 
Test epoch: 31 | Loss: *0.507* | Acc: *83.430%* (8343/10000)
Train epoch: 32 | Loss: *0.319* | Acc: *88.970%* (44485/50000) 
Test epoch: 32 | Loss: *0.550* | Acc: *82.800%* (8280/10000)
Train epoch: 33 | Loss: *0.315* | Acc: *89.214%* (44607/50000) 
Test epoch: 33 | Loss: *0.716* | Acc: *79.970%* (7997/10000)
Train epoch: 34 | Loss: *0.314* | Acc: *89.230%* (44615/50000) 
Test epoch: 34 | Loss: *0.671* | Acc: *80.280%* (8028/10000)
Train epoch: 35 | Loss: *0.310* | Acc: *89.394%* (44697/50000) 
Test epoch: 35 | Loss: *0.501* | Acc: *83.910%* (8391/10000)
Train epoch: 36 | Loss: *0.310* | Acc: *89.444%* (44722/50000) 
Test epoch: 36 | Loss: *0.668* | Acc: *80.050%* (8005/10000)
Train epoch: 37 | Loss: *0.300* | Acc: *89.658%* (44829/50000) 
Test epoch: 37 | Loss: *0.493* | Acc: *83.600%* (8360/10000)
Train epoch: 38 | Loss: *0.307* | Acc: *89.484%* (44742/50000) 
Test epoch: 38 | Loss: *0.421* | Acc: *86.220%* (8622/10000)
Train epoch: 39 | Loss: *0.296* | Acc: *89.950%* (44975/50000) 
Test epoch: 39 | Loss: *0.470* | Acc: *84.400%* (8440/10000)
Train epoch: 40 | Loss: *0.296* | Acc: *89.766%* (44883/50000) 
Test epoch: 40 | Loss: *0.693* | Acc: *79.150%* (7915/10000)
Train epoch: 41 | Loss: *0.294* | Acc: *89.818%* (44909/50000) 
Test epoch: 41 | Loss: *0.484* | Acc: *84.820%* (8482/10000)
Train epoch: 42 | Loss: *0.295* | Acc: *89.832%* (44916/50000) 
Test epoch: 42 | Loss: *0.539* | Acc: *82.420%* (8242/10000)
Train epoch: 43 | Loss: *0.291* | Acc: *90.078%* (45039/50000) 
Test epoch: 43 | Loss: *0.558* | Acc: *82.310%* (8231/10000)
Train epoch: 44 | Loss: *0.294* | Acc: *89.864%* (44932/50000) 
Test epoch: 44 | Loss: *0.561* | Acc: *82.020%* (8202/10000)
Train epoch: 45 | Loss: *0.286* | Acc: *90.196%* (45098/50000) 
Test epoch: 45 | Loss: *0.450* | Acc: *85.470%* (8547/10000)
Train epoch: 46 | Loss: *0.281* | Acc: *90.346%* (45173/50000) 
Test epoch: 46 | Loss: *0.445* | Acc: *85.380%* (8538/10000)
Train epoch: 47 | Loss: *0.282* | Acc: *90.396%* (45198/50000) 
Test epoch: 47 | Loss: *0.620* | Acc: *81.270%* (8127/10000)
Train epoch: 48 | Loss: *0.275* | Acc: *90.608%* (45304/50000) 
Test epoch: 48 | Loss: *0.528* | Acc: *83.060%* (8306/10000)
Train epoch: 49 | Loss: *0.276* | Acc: *90.670%* (45335/50000) 
Test epoch: 49 | Loss: *0.591* | Acc: *81.560%* (8156/10000)
Train epoch: 50 | Loss: *0.280* | Acc: *90.280%* (45140/50000) 
Test epoch: 50 | Loss: *0.474* | Acc: *84.640%* (8464/10000)
Train epoch: 51 | Loss: *0.280* | Acc: *90.364%* (45182/50000) 
Test epoch: 51 | Loss: *0.403* | Acc: *87.070%* (8707/10000)
Train epoch: 52 | Loss: *0.269* | Acc: *90.684%* (45342/50000) 
Test epoch: 52 | Loss: *0.467* | Acc: *84.770%* (8477/10000)
Train epoch: 53 | Loss: *0.267* | Acc: *90.926%* (45463/50000) 
Test epoch: 53 | Loss: *0.632* | Acc: *81.010%* (8101/10000)
Train epoch: 54 | Loss: *0.270* | Acc: *90.774%* (45387/50000) 
Test epoch: 54 | Loss: *0.432* | Acc: *86.150%* (8615/10000)
Train epoch: 55 | Loss: *0.259* | Acc: *90.988%* (45494/50000) 
Test epoch: 55 | Loss: *0.466* | Acc: *84.740%* (8474/10000)
Train epoch: 56 | Loss: *0.269* | Acc: *90.700%* (45350/50000) 
Test epoch: 56 | Loss: *0.604* | Acc: *81.920%* (8192/10000)
Train epoch: 57 | Loss: *0.265* | Acc: *90.778%* (45389/50000) 
Test epoch: 57 | Loss: *0.628* | Acc: *80.450%* (8045/10000)
Train epoch: 58 | Loss: *0.259* | Acc: *91.150%* (45575/50000) 
Test epoch: 58 | Loss: *0.428* | Acc: *86.490%* (8649/10000)
Train epoch: 59 | Loss: *0.260* | Acc: *91.040%* (45520/50000) 
Test epoch: 59 | Loss: *0.497* | Acc: *84.180%* (8418/10000)
Train epoch: 60 | Loss: *0.257* | Acc: *91.086%* (45543/50000) 
Test epoch: 60 | Loss: *0.613* | Acc: *81.280%* (8128/10000)
Train epoch: 61 | Loss: *0.261* | Acc: *91.052%* (45526/50000) 
Test epoch: 61 | Loss: *0.416* | Acc: *86.600%* (8660/10000)
Train epoch: 62 | Loss: *0.252* | Acc: *91.392%* (45696/50000) 
Test epoch: 62 | Loss: *0.463* | Acc: *84.920%* (8492/10000)
Train epoch: 63 | Loss: *0.252* | Acc: *91.312%* (45656/50000) 
Test epoch: 63 | Loss: *0.466* | Acc: *85.450%* (8545/10000)
Train epoch: 64 | Loss: *0.251* | Acc: *91.432%* (45716/50000) 
Test epoch: 64 | Loss: *0.486* | Acc: *84.570%* (8457/10000)
Train epoch: 65 | Loss: *0.245* | Acc: *91.428%* (45714/50000) 
Test epoch: 65 | Loss: *0.485* | Acc: *85.530%* (8553/10000)
Train epoch: 66 | Loss: *0.236* | Acc: *91.888%* (45944/50000) 
Test epoch: 66 | Loss: *0.432* | Acc: *86.240%* (8624/10000)
Train epoch: 67 | Loss: *0.242* | Acc: *91.744%* (45872/50000) 
Test epoch: 67 | Loss: *0.582* | Acc: *83.020%* (8302/10000)
Train epoch: 68 | Loss: *0.243* | Acc: *91.638%* (45819/50000) 
Test epoch: 68 | Loss: *0.529* | Acc: *83.840%* (8384/10000)
Train epoch: 69 | Loss: *0.236* | Acc: *91.916%* (45958/50000) 
Test epoch: 69 | Loss: *0.477* | Acc: *85.710%* (8571/10000)
Train epoch: 70 | Loss: *0.230* | Acc: *92.072%* (46036/50000) 
Test epoch: 70 | Loss: *0.457* | Acc: *85.260%* (8526/10000)
Train epoch: 71 | Loss: *0.243* | Acc: *91.732%* (45866/50000) 
Test epoch: 71 | Loss: *0.604* | Acc: *81.830%* (8183/10000)
Train epoch: 72 | Loss: *0.226* | Acc: *92.216%* (46108/50000) 
Test epoch: 72 | Loss: *0.466* | Acc: *85.970%* (8597/10000)
Train epoch: 73 | Loss: *0.234* | Acc: *91.888%* (45944/50000) 
Test epoch: 73 | Loss: *0.461* | Acc: *85.110%* (8511/10000)
Train epoch: 74 | Loss: *0.225* | Acc: *92.262%* (46131/50000) 
Test epoch: 74 | Loss: *0.480* | Acc: *84.260%* (8426/10000)
Train epoch: 75 | Loss: *0.223* | Acc: *92.352%* (46176/50000) 
Test epoch: 75 | Loss: *0.406* | Acc: *86.490%* (8649/10000)
Train epoch: 76 | Loss: *0.220* | Acc: *92.492%* (46246/50000) 
Test epoch: 76 | Loss: *0.488* | Acc: *84.710%* (8471/10000)
Train epoch: 77 | Loss: *0.223* | Acc: *92.272%* (46136/50000) 
Test epoch: 77 | Loss: *0.487* | Acc: *84.990%* (8499/10000)
Train epoch: 78 | Loss: *0.219* | Acc: *92.392%* (46196/50000) 
Test epoch: 78 | Loss: *0.389* | Acc: *87.110%* (8711/10000)
Train epoch: 79 | Loss: *0.218* | Acc: *92.436%* (46218/50000) 
Test epoch: 79 | Loss: *0.449* | Acc: *86.070%* (8607/10000)
Train epoch: 80 | Loss: *0.213* | Acc: *92.610%* (46305/50000) 
Test epoch: 80 | Loss: *0.519* | Acc: *84.080%* (8408/10000)
Train epoch: 81 | Loss: *0.208* | Acc: *92.870%* (46435/50000) 
Test epoch: 81 | Loss: *0.360* | Acc: *88.590%* (8859/10000)
Train epoch: 82 | Loss: *0.212* | Acc: *92.824%* (46412/50000) 
Test epoch: 82 | Loss: *0.339* | Acc: *88.580%* (8858/10000)
Train epoch: 83 | Loss: *0.205* | Acc: *92.874%* (46437/50000) 
Test epoch: 83 | Loss: *0.435* | Acc: *87.190%* (8719/10000)
Train epoch: 84 | Loss: *0.203* | Acc: *93.158%* (46579/50000) 
Test epoch: 84 | Loss: *0.639* | Acc: *81.970%* (8197/10000)
Train epoch: 85 | Loss: *0.207* | Acc: *92.784%* (46392/50000) 
Test epoch: 85 | Loss: *0.513* | Acc: *85.020%* (8502/10000)
Train epoch: 86 | Loss: *0.196* | Acc: *93.320%* (46660/50000) 
Test epoch: 86 | Loss: *0.488* | Acc: *85.000%* (8500/10000)
Train epoch: 87 | Loss: *0.204* | Acc: *93.074%* (46537/50000) 
Test epoch: 87 | Loss: *0.375* | Acc: *88.420%* (8842/10000)
Train epoch: 88 | Loss: *0.197* | Acc: *93.204%* (46602/50000) 
Test epoch: 88 | Loss: *0.362* | Acc: *88.380%* (8838/10000)
Train epoch: 89 | Loss: *0.188* | Acc: *93.576%* (46788/50000) 
Test epoch: 89 | Loss: *0.334* | Acc: *89.140%* (8914/10000)
Train epoch: 90 | Loss: *0.184* | Acc: *93.638%* (46819/50000) 
Test epoch: 90 | Loss: *0.469* | Acc: *85.470%* (8547/10000)
Train epoch: 91 | Loss: *0.194* | Acc: *93.266%* (46633/50000) 
Test epoch: 91 | Loss: *0.472* | Acc: *86.350%* (8635/10000)
Train epoch: 92 | Loss: *0.186* | Acc: *93.626%* (46813/50000) 
Test epoch: 92 | Loss: *0.412* | Acc: *87.000%* (8700/10000)
Train epoch: 93 | Loss: *0.181* | Acc: *93.772%* (46886/50000) 
Test epoch: 93 | Loss: *0.505* | Acc: *84.960%* (8496/10000)
Train epoch: 94 | Loss: *0.180* | Acc: *93.870%* (46935/50000) 
Test epoch: 94 | Loss: *0.412* | Acc: *87.550%* (8755/10000)
Train epoch: 95 | Loss: *0.177* | Acc: *93.908%* (46954/50000) 
Test epoch: 95 | Loss: *0.364* | Acc: *88.550%* (8855/10000)
Train epoch: 96 | Loss: *0.179* | Acc: *93.964%* (46982/50000) 
Test epoch: 96 | Loss: *0.415* | Acc: *87.620%* (8762/10000)
Train epoch: 97 | Loss: *0.176* | Acc: *93.990%* (46995/50000) 
Test epoch: 97 | Loss: *0.510* | Acc: *85.050%* (8505/10000)
Train epoch: 98 | Loss: *0.171* | Acc: *94.092%* (47046/50000) 
Test epoch: 98 | Loss: *0.496* | Acc: *85.770%* (8577/10000)
Train epoch: 99 | Loss: *0.169* | Acc: *94.182%* (47091/50000) 
Test epoch: 99 | Loss: *0.377* | Acc: *88.190%* (8819/10000)
Train epoch: 100 | Loss: *0.162* | Acc: *94.442%* (47221/50000) 
Test epoch: 100 | Loss: *0.469* | Acc: *86.460%* (8646/10000)
Train epoch: 101 | Loss: *0.165* | Acc: *94.420%* (47210/50000) 
Test epoch: 101 | Loss: *0.348* | Acc: *88.750%* (8875/10000)
Train epoch: 102 | Loss: *0.162* | Acc: *94.494%* (47247/50000) 
Test epoch: 102 | Loss: *0.412* | Acc: *87.370%* (8737/10000)
Train epoch: 103 | Loss: *0.161* | Acc: *94.446%* (47223/50000) 
Test epoch: 103 | Loss: *0.349* | Acc: *89.280%* (8928/10000)
Train epoch: 104 | Loss: *0.153* | Acc: *94.738%* (47369/50000) 
Test epoch: 104 | Loss: *0.338* | Acc: *88.860%* (8886/10000)
Train epoch: 105 | Loss: *0.152* | Acc: *94.780%* (47390/50000) 
Test epoch: 105 | Loss: *0.505* | Acc: *85.030%* (8503/10000)
Train epoch: 106 | Loss: *0.154* | Acc: *94.706%* (47353/50000) 
Test epoch: 106 | Loss: *0.516* | Acc: *84.900%* (8490/10000)
Train epoch: 107 | Loss: *0.148* | Acc: *94.928%* (47464/50000) 
Test epoch: 107 | Loss: *0.473* | Acc: *86.660%* (8666/10000)
Train epoch: 108 | Loss: *0.147* | Acc: *94.920%* (47460/50000) 
Test epoch: 108 | Loss: *0.359* | Acc: *89.180%* (8918/10000)
Train epoch: 109 | Loss: *0.143* | Acc: *95.102%* (47551/50000) 
Test epoch: 109 | Loss: *0.407* | Acc: *88.140%* (8814/10000)
Train epoch: 110 | Loss: *0.135* | Acc: *95.494%* (47747/50000) 
Test epoch: 110 | Loss: *0.413* | Acc: *87.480%* (8748/10000)
Train epoch: 111 | Loss: *0.136* | Acc: *95.408%* (47704/50000) 
Test epoch: 111 | Loss: *0.492* | Acc: *86.100%* (8610/10000)
Train epoch: 112 | Loss: *0.134* | Acc: *95.448%* (47724/50000) 
Test epoch: 112 | Loss: *0.381* | Acc: *88.390%* (8839/10000)
Train epoch: 113 | Loss: *0.133* | Acc: *95.490%* (47745/50000) 
Test epoch: 113 | Loss: *0.441* | Acc: *87.280%* (8728/10000)
Train epoch: 114 | Loss: *0.131* | Acc: *95.548%* (47774/50000) 
Test epoch: 114 | Loss: *0.363* | Acc: *89.320%* (8932/10000)
Train epoch: 115 | Loss: *0.125* | Acc: *95.784%* (47892/50000) 
Test epoch: 115 | Loss: *0.409* | Acc: *87.650%* (8765/10000)
Train epoch: 116 | Loss: *0.129* | Acc: *95.568%* (47784/50000) 
Test epoch: 116 | Loss: *0.366* | Acc: *89.050%* (8905/10000)
Train epoch: 117 | Loss: *0.121* | Acc: *95.762%* (47881/50000) 
Test epoch: 117 | Loss: *0.386* | Acc: *88.530%* (8853/10000)
Train epoch: 118 | Loss: *0.115* | Acc: *96.092%* (48046/50000) 
Test epoch: 118 | Loss: *0.335* | Acc: *89.760%* (8976/10000)
Train epoch: 119 | Loss: *0.119* | Acc: *95.894%* (47947/50000) 
Test epoch: 119 | Loss: *0.358* | Acc: *88.970%* (8897/10000)
Train epoch: 120 | Loss: *0.109* | Acc: *96.318%* (48159/50000) 
Test epoch: 120 | Loss: *0.373* | Acc: *88.950%* (8895/10000)
Train epoch: 121 | Loss: *0.106* | Acc: *96.400%* (48200/50000) 
Test epoch: 121 | Loss: *0.424* | Acc: *87.880%* (8788/10000)
Train epoch: 122 | Loss: *0.113* | Acc: *96.010%* (48005/50000) 
Test epoch: 122 | Loss: *0.383* | Acc: *88.920%* (8892/10000)
Train epoch: 123 | Loss: *0.103* | Acc: *96.570%* (48285/50000) 
Test epoch: 123 | Loss: *0.331* | Acc: *89.990%* (8999/10000)
Train epoch: 124 | Loss: *0.102* | Acc: *96.530%* (48265/50000) 
Test epoch: 124 | Loss: *0.346* | Acc: *89.940%* (8994/10000)
Train epoch: 125 | Loss: *0.099* | Acc: *96.630%* (48315/50000) 
Test epoch: 125 | Loss: *0.385* | Acc: *89.060%* (8906/10000)
Train epoch: 126 | Loss: *0.095* | Acc: *96.910%* (48455/50000) 
Test epoch: 126 | Loss: *0.425* | Acc: *87.800%* (8780/10000)
Train epoch: 127 | Loss: *0.094* | Acc: *96.898%* (48449/50000) 
Test epoch: 127 | Loss: *0.372* | Acc: *89.180%* (8918/10000)
Train epoch: 128 | Loss: *0.095* | Acc: *96.752%* (48376/50000) 
Test epoch: 128 | Loss: *0.362* | Acc: *89.590%* (8959/10000)
Train epoch: 129 | Loss: *0.083* | Acc: *97.238%* (48619/50000) 
Test epoch: 129 | Loss: *0.318* | Acc: *90.350%* (9035/10000)
Train epoch: 130 | Loss: *0.086* | Acc: *97.144%* (48572/50000) 
Test epoch: 130 | Loss: *0.336* | Acc: *90.170%* (9017/10000)
Train epoch: 131 | Loss: *0.078* | Acc: *97.396%* (48698/50000) 
Test epoch: 131 | Loss: *0.480* | Acc: *87.120%* (8712/10000)
Train epoch: 132 | Loss: *0.083* | Acc: *97.186%* (48593/50000) 
Test epoch: 132 | Loss: *0.329* | Acc: *90.220%* (9022/10000)
Train epoch: 133 | Loss: *0.074* | Acc: *97.490%* (48745/50000) 
Test epoch: 133 | Loss: *0.458* | Acc: *87.360%* (8736/10000)
Train epoch: 134 | Loss: *0.073* | Acc: *97.580%* (48790/50000) 
Test epoch: 134 | Loss: *0.349* | Acc: *90.520%* (9052/10000)
Train epoch: 135 | Loss: *0.075* | Acc: *97.554%* (48777/50000) 
Test epoch: 135 | Loss: *0.315* | Acc: *90.500%* (9050/10000)
Train epoch: 136 | Loss: *0.065* | Acc: *97.840%* (48920/50000) 
Test epoch: 136 | Loss: *0.420* | Acc: *88.970%* (8897/10000)
Train epoch: 137 | Loss: *0.069* | Acc: *97.670%* (48835/50000) 
Test epoch: 137 | Loss: *0.327* | Acc: *90.790%* (9079/10000)
Train epoch: 138 | Loss: *0.055* | Acc: *98.268%* (49134/50000) 
Test epoch: 138 | Loss: *0.307* | Acc: *90.980%* (9098/10000)
Train epoch: 139 | Loss: *0.053* | Acc: *98.330%* (49165/50000) 
Test epoch: 139 | Loss: *0.389* | Acc: *88.730%* (8873/10000)
Train epoch: 140 | Loss: *0.057* | Acc: *98.144%* (49072/50000) 
Test epoch: 140 | Loss: *0.281* | Acc: *91.980%* (9198/10000)
Train epoch: 141 | Loss: *0.050* | Acc: *98.394%* (49197/50000) 
Test epoch: 141 | Loss: *0.360* | Acc: *90.320%* (9032/10000)
Train epoch: 142 | Loss: *0.052* | Acc: *98.260%* (49130/50000) 
Test epoch: 142 | Loss: *0.330* | Acc: *90.860%* (9086/10000)
Train epoch: 143 | Loss: *0.052* | Acc: *98.380%* (49190/50000) 
Test epoch: 143 | Loss: *0.317* | Acc: *90.660%* (9066/10000)
Train epoch: 144 | Loss: *0.047* | Acc: *98.526%* (49263/50000) 
Test epoch: 144 | Loss: *0.297* | Acc: *91.800%* (9180/10000)
Train epoch: 145 | Loss: *0.043* | Acc: *98.666%* (49333/50000) 
Test epoch: 145 | Loss: *0.358* | Acc: *90.220%* (9022/10000)
Train epoch: 146 | Loss: *0.042* | Acc: *98.624%* (49312/50000) 
Test epoch: 146 | Loss: *0.292* | Acc: *91.730%* (9173/10000)
Train epoch: 147 | Loss: *0.037* | Acc: *98.928%* (49464/50000) 
Test epoch: 147 | Loss: *0.272* | Acc: *92.350%* (9235/10000)
Train epoch: 148 | Loss: *0.029* | Acc: *99.202%* (49601/50000) 
Test epoch: 148 | Loss: *0.280* | Acc: *92.250%* (9225/10000)
Train epoch: 149 | Loss: *0.030* | Acc: *99.154%* (49577/50000) 
Test epoch: 149 | Loss: *0.275* | Acc: *92.250%* (9225/10000)
Train epoch: 150 | Loss: *0.029* | Acc: *99.124%* (49562/50000) 
Test epoch: 150 | Loss: *0.265* | Acc: *92.640%* (9264/10000)
Train epoch: 151 | Loss: *0.026* | Acc: *99.316%* (49658/50000) 
Test epoch: 151 | Loss: *0.303* | Acc: *92.040%* (9204/10000)
Train epoch: 152 | Loss: *0.022* | Acc: *99.438%* (49719/50000) 
Test epoch: 152 | Loss: *0.278* | Acc: *92.450%* (9245/10000)
Train epoch: 153 | Loss: *0.019* | Acc: *99.500%* (49750/50000) 
Test epoch: 153 | Loss: *0.265* | Acc: *92.850%* (9285/10000)
Train epoch: 154 | Loss: *0.019* | Acc: *99.554%* (49777/50000) 
Test epoch: 154 | Loss: *0.275* | Acc: *92.600%* (9260/10000)
Train epoch: 155 | Loss: *0.020* | Acc: *99.466%* (49733/50000) 
Test epoch: 155 | Loss: *0.263* | Acc: *92.580%* (9258/10000)
Train epoch: 156 | Loss: *0.013* | Acc: *99.730%* (49865/50000) 
Test epoch: 156 | Loss: *0.243* | Acc: *93.300%* (9330/10000)
Train epoch: 157 | Loss: *0.014* | Acc: *99.674%* (49837/50000) 
Test epoch: 157 | Loss: *0.247* | Acc: *93.200%* (9320/10000)
Train epoch: 158 | Loss: *0.009* | Acc: *99.870%* (49935/50000) 
Test epoch: 158 | Loss: *0.217* | Acc: *94.040%* (9404/10000)
Train epoch: 159 | Loss: *0.009* | Acc: *99.854%* (49927/50000) 
Test epoch: 159 | Loss: *0.219* | Acc: *93.720%* (9372/10000)
Train epoch: 160 | Loss: *0.007* | Acc: *99.878%* (49939/50000) 
Test epoch: 160 | Loss: *0.203* | Acc: *94.310%* (9431/10000)
Train epoch: 161 | Loss: *0.006* | Acc: *99.892%* (49946/50000) 
Test epoch: 161 | Loss: *0.203* | Acc: *94.400%* (9440/10000)
Train epoch: 162 | Loss: *0.004* | Acc: *99.970%* (49985/50000) 
Test epoch: 162 | Loss: *0.199* | Acc: *94.490%* (9449/10000)
Train epoch: 163 | Loss: *0.004* | Acc: *99.968%* (49984/50000) 
Test epoch: 163 | Loss: *0.196* | Acc: *94.700%* (9470/10000)
Train epoch: 164 | Loss: *0.003* | Acc: *99.988%* (49994/50000) 
Test epoch: 164 | Loss: *0.183* | Acc: *94.870%* (9487/10000)
Train epoch: 165 | Loss: *0.003* | Acc: *99.990%* (49995/50000) 
Test epoch: 165 | Loss: *0.180* | Acc: *94.930%* (9493/10000)
Train epoch: 166 | Loss: *0.003* | Acc: *99.988%* (49994/50000) 
Test epoch: 166 | Loss: *0.183* | Acc: *94.940%* (9494/10000)
Train epoch: 167 | Loss: *0.003* | Acc: *99.994%* (49997/50000) 
Test epoch: 167 | Loss: *0.181* | Acc: *95.000%* (9500/10000)
Train epoch: 168 | Loss: *0.003* | Acc: *100.000%* (50000/50000) 
Test epoch: 168 | Loss: *0.178* | Acc: *94.990%* (9499/10000)
Train epoch: 169 | Loss: *0.003* | Acc: *99.998%* (49999/50000) 
Test epoch: 169 | Loss: *0.175* | Acc: *95.110%* (9511/10000)
Train epoch: 170 | Loss: *0.003* | Acc: *99.994%* (49997/50000) 
Test epoch: 170 | Loss: *0.175* | Acc: *95.120%* (9512/10000)
Train epoch: 171 | Loss: *0.003* | Acc: *99.994%* (49997/50000) 
Test epoch: 171 | Loss: *0.176* | Acc: *95.000%* (9500/10000)
Train epoch: 172 | Loss: *0.003* | Acc: *99.994%* (49997/50000) 
Test epoch: 172 | Loss: *0.174* | Acc: *95.020%* (9502/10000)
Train epoch: 173 | Loss: *0.003* | Acc: *99.992%* (49996/50000) 
Test epoch: 173 | Loss: *0.174* | Acc: *95.060%* (9506/10000)
Train epoch: 174 | Loss: *0.003* | Acc: *99.998%* (49999/50000) 
Test epoch: 174 | Loss: *0.173* | Acc: *95.170%* (9517/10000)
Train epoch: 175 | Loss: *0.003* | Acc: *99.998%* (49999/50000) 
Test epoch: 175 | Loss: *0.171* | Acc: *95.090%* (9509/10000)
Train epoch: 176 | Loss: *0.003* | Acc: *99.998%* (49999/50000) 
Test epoch: 176 | Loss: *0.171* | Acc: *95.100%* (9510/10000)
Train epoch: 177 | Loss: *0.002* | Acc: *100.000%* (50000/50000) 
Test epoch: 177 | Loss: *0.169* | Acc: *95.120%* (9512/10000)
Train epoch: 178 | Loss: *0.003* | Acc: *99.994%* (49997/50000) 
Test epoch: 178 | Loss: *0.171* | Acc: *95.030%* (9503/10000)
Train epoch: 179 | Loss: *0.002* | Acc: *99.998%* (49999/50000) 
Test epoch: 179 | Loss: *0.170* | Acc: *95.160%* (9516/10000)
Train epoch: 180 | Loss: *0.002* | Acc: *99.996%* (49998/50000) 
Test epoch: 180 | Loss: *0.168* | Acc: *95.230%* (9523/10000)
Train epoch: 181 | Loss: *0.002* | Acc: *100.000%* (50000/50000) 
Test epoch: 181 | Loss: *0.167* | Acc: *95.250%* (9525/10000)
Train epoch: 182 | Loss: *0.002* | Acc: *100.000%* (50000/50000) 
Test epoch: 182 | Loss: *0.170* | Acc: *95.220%* (9522/10000)
Train epoch: 183 | Loss: *0.002* | Acc: *100.000%* (50000/50000) 
Test epoch: 183 | Loss: *0.167* | Acc: *95.330%* (9533/10000)
Train epoch: 184 | Loss: *0.002* | Acc: *100.000%* (50000/50000) 
Test epoch: 184 | Loss: *0.168* | Acc: *95.260%* (9526/10000)
Train epoch: 185 | Loss: *0.002* | Acc: *99.998%* (49999/50000) 
Test epoch: 185 | Loss: *0.168* | Acc: *95.170%* (9517/10000)
Train epoch: 186 | Loss: *0.002* | Acc: *100.000%* (50000/50000) 
Test epoch: 186 | Loss: *0.167* | Acc: *95.270%* (9527/10000)
Train epoch: 187 | Loss: *0.002* | Acc: *100.000%* (50000/50000) 
Test epoch: 187 | Loss: *0.167* | Acc: *95.170%* (9517/10000)
Train epoch: 188 | Loss: *0.002* | Acc: *99.994%* (49997/50000) 
Test epoch: 188 | Loss: *0.167* | Acc: *95.140%* (9514/10000)
Train epoch: 189 | Loss: *0.002* | Acc: *99.998%* (49999/50000) 
Test epoch: 189 | Loss: *0.168* | Acc: *95.100%* (9510/10000)
Train epoch: 190 | Loss: *0.002* | Acc: *100.000%* (50000/50000) 
Test epoch: 190 | Loss: *0.170* | Acc: *95.200%* (9520/10000)
Train epoch: 191 | Loss: *0.002* | Acc: *99.998%* (49999/50000) 
Test epoch: 191 | Loss: *0.169* | Acc: *95.100%* (9510/10000)
Train epoch: 192 | Loss: *0.002* | Acc: *100.000%* (50000/50000) 
Test epoch: 192 | Loss: *0.168* | Acc: *95.140%* (9514/10000)
Train epoch: 193 | Loss: *0.002* | Acc: *100.000%* (50000/50000) 
Test epoch: 193 | Loss: *0.167* | Acc: *95.180%* (9518/10000)
Train epoch: 194 | Loss: *0.002* | Acc: *100.000%* (50000/50000) 
Test epoch: 194 | Loss: *0.167* | Acc: *95.160%* (9516/10000)
Train epoch: 195 | Loss: *0.002* | Acc: *100.000%* (50000/50000) 
Test epoch: 195 | Loss: *0.168* | Acc: *95.170%* (9517/10000)
Train epoch: 196 | Loss: *0.002* | Acc: *100.000%* (50000/50000) 
Test epoch: 196 | Loss: *0.168* | Acc: *95.180%* (9518/10000)
Train epoch: 197 | Loss: *0.002* | Acc: *100.000%* (50000/50000) 
Test epoch: 197 | Loss: *0.168* | Acc: *95.120%* (9512/10000)
Train epoch: 198 | Loss: *0.002* | Acc: *100.000%* (50000/50000) 
Test epoch: 198 | Loss: *0.168* | Acc: *95.120%* (9512/10000)
Train epoch: 199 | Loss: *0.002* | Acc: *100.000%* (50000/50000) 
Test epoch: 199 | Loss: *0.167* | Acc: *95.140%* (9514/10000)
Train epoch: 200 | Loss: *0.002* | Acc: *100.000%* (50000/50000) 
Test epoch: 200 | Loss: *0.169* | Acc: *95.180%* (9518/10000)
Train epoch: 201 | Loss: *0.002* | Acc: *100.000%* (50000/50000) 
Test epoch: 201 | Loss: *0.169* | Acc: *95.160%* (9516/10000)
Train epoch: 202 | Loss: *0.002* | Acc: *100.000%* (50000/50000) 
Test epoch: 202 | Loss: *0.168* | Acc: *95.170%* (9517/10000)
Train epoch: 203 | Loss: *0.002* | Acc: *100.000%* (50000/50000) 
Test epoch: 203 | Loss: *0.167* | Acc: *95.190%* (9519/10000)
Train epoch: 204 | Loss: *0.002* | Acc: *100.000%* (50000/50000) 
Test epoch: 204 | Loss: *0.168* | Acc: *95.200%* (9520/10000)
Train epoch: 205 | Loss: *0.002* | Acc: *100.000%* (50000/50000) 
Test epoch: 205 | Loss: *0.169* | Acc: *95.160%* (9516/10000)
Train epoch: 206 | Loss: *0.002* | Acc: *100.000%* (50000/50000) 
Test epoch: 206 | Loss: *0.167* | Acc: *95.140%* (9514/10000)
Train epoch: 207 | Loss: *0.002* | Acc: *100.000%* (50000/50000) 
Test epoch: 207 | Loss: *0.167* | Acc: *95.200%* (9520/10000)
Train epoch: 208 | Loss: *0.002* | Acc: *100.000%* (50000/50000) 
Test epoch: 208 | Loss: *0.167* | Acc: *95.180%* (9518/10000)
Train epoch: 209 | Loss: *0.002* | Acc: *100.000%* (50000/50000) 
Test epoch: 209 | Loss: *0.167* | Acc: *95.140%* (9514/10000)
Train epoch: 210 | Loss: *0.002* | Acc: *100.000%* (50000/50000) 
Test epoch: 210 | Loss: *0.168* | Acc: *95.150%* (9515/10000)
Train epoch: 211 | Loss: *0.002* | Acc: *100.000%* (50000/50000) 
Test epoch: 211 | Loss: *0.167* | Acc: *95.200%* (9520/10000)
Train epoch: 212 | Loss: *0.002* | Acc: *99.998%* (49999/50000) 
Test epoch: 212 | Loss: *0.167* | Acc: *95.210%* (9521/10000)
Train epoch: 213 | Loss: *0.002* | Acc: *100.000%* (50000/50000) 
Test epoch: 213 | Loss: *0.168* | Acc: *95.070%* (9507/10000)
Train epoch: 214 | Loss: *0.002* | Acc: *100.000%* (50000/50000) 
Test epoch: 214 | Loss: *0.168* | Acc: *95.100%* (9510/10000)
Train epoch: 215 | Loss: *0.002* | Acc: *99.996%* (49998/50000) 
Test epoch: 215 | Loss: *0.167* | Acc: *95.210%* (9521/10000)
Train epoch: 216 | Loss: *0.002* | Acc: *100.000%* (50000/50000) 
Test epoch: 216 | Loss: *0.166* | Acc: *95.150%* (9515/10000)
Train epoch: 217 | Loss: *0.002* | Acc: *100.000%* (50000/50000) 
Test epoch: 217 | Loss: *0.167* | Acc: *95.170%* (9517/10000)
Train epoch: 218 | Loss: *0.002* | Acc: *100.000%* (50000/50000) 
Test epoch: 218 | Loss: *0.167* | Acc: *95.280%* (9528/10000)
Train epoch: 219 | Loss: *0.002* | Acc: *99.998%* (49999/50000) 
Test epoch: 219 | Loss: *0.168* | Acc: *95.210%* (9521/10000)
Train epoch: 220 | Loss: *0.002* | Acc: *99.998%* (49999/50000) 
Test epoch: 220 | Loss: *0.168* | Acc: *95.150%* (9515/10000)
Train epoch: 221 | Loss: *0.002* | Acc: *99.998%* (49999/50000) 
Test epoch: 221 | Loss: *0.167* | Acc: *95.210%* (9521/10000)
Train epoch: 222 | Loss: *0.002* | Acc: *100.000%* (50000/50000) 
Test epoch: 222 | Loss: *0.169* | Acc: *95.160%* (9516/10000)
Train epoch: 223 | Loss: *0.002* | Acc: *100.000%* (50000/50000) 
Test epoch: 223 | Loss: *0.168* | Acc: *95.110%* (9511/10000)
Train epoch: 224 | Loss: *0.002* | Acc: *100.000%* (50000/50000) 
Test epoch: 224 | Loss: *0.167* | Acc: *95.190%* (9519/10000)
Train epoch: 225 | Loss: *0.002* | Acc: *100.000%* (50000/50000) 
Test epoch: 225 | Loss: *0.168* | Acc: *95.210%* (9521/10000)
Train epoch: 226 | Loss: *0.003* | Acc: *99.996%* (49998/50000) 
Test epoch: 226 | Loss: *0.168* | Acc: *95.090%* (9509/10000)
Train epoch: 227 | Loss: *0.003* | Acc: *100.000%* (50000/50000) 
Test epoch: 227 | Loss: *0.169* | Acc: *95.150%* (9515/10000)
Train epoch: 228 | Loss: *0.003* | Acc: *100.000%* (50000/50000) 
Test epoch: 228 | Loss: *0.170* | Acc: *95.130%* (9513/10000)
Train epoch: 229 | Loss: *0.003* | Acc: *100.000%* (50000/50000) 
Test epoch: 229 | Loss: *0.168* | Acc: *95.200%* (9520/10000)
Train epoch: 230 | Loss: *0.003* | Acc: *100.000%* (50000/50000) 
Test epoch: 230 | Loss: *0.170* | Acc: *95.050%* (9505/10000)
Train epoch: 231 | Loss: *0.003* | Acc: *99.994%* (49997/50000) 
Test epoch: 231 | Loss: *0.169* | Acc: *95.050%* (9505/10000)
Train epoch: 232 | Loss: *0.003* | Acc: *100.000%* (50000/50000) 
Test epoch: 232 | Loss: *0.171* | Acc: *95.060%* (9506/10000)
Train epoch: 233 | Loss: *0.003* | Acc: *99.998%* (49999/50000) 
Test epoch: 233 | Loss: *0.169* | Acc: *95.020%* (9502/10000)
Train epoch: 234 | Loss: *0.003* | Acc: *100.000%* (50000/50000) 
Test epoch: 234 | Loss: *0.172* | Acc: *95.000%* (9500/10000)
Train epoch: 235 | Loss: *0.003* | Acc: *99.996%* (49998/50000) 
Test epoch: 235 | Loss: *0.172* | Acc: *95.090%* (9509/10000)
Train epoch: 236 | Loss: *0.004* | Acc: *99.986%* (49993/50000) 
Test epoch: 236 | Loss: *0.183* | Acc: *94.760%* (9476/10000)
Train epoch: 237 | Loss: *0.028* | Acc: *99.262%* (49631/50000) 
Test epoch: 237 | Loss: *0.462* | Acc: *85.850%* (8585/10000)
Train epoch: 238 | Loss: *0.127* | Acc: *95.970%* (47985/50000) 
Test epoch: 238 | Loss: *0.397* | Acc: *87.480%* (8748/10000)
Train epoch: 239 | Loss: *0.116* | Acc: *96.302%* (48151/50000) 
Test epoch: 239 | Loss: *0.312* | Acc: *90.130%* (9013/10000)
Train epoch: 240 | Loss: *0.091* | Acc: *97.128%* (48564/50000) 
Test epoch: 240 | Loss: *0.361* | Acc: *89.450%* (8945/10000)
Train epoch: 241 | Loss: *0.094* | Acc: *96.974%* (48487/50000) 
Test epoch: 241 | Loss: *0.312* | Acc: *90.710%* (9071/10000)
Train epoch: 242 | Loss: *0.081* | Acc: *97.394%* (48697/50000) 
Test epoch: 242 | Loss: *0.313* | Acc: *90.460%* (9046/10000)
Train epoch: 243 | Loss: *0.085* | Acc: *97.216%* (48608/50000) 
Test epoch: 243 | Loss: *0.349* | Acc: *89.630%* (8963/10000)
Train epoch: 244 | Loss: *0.089* | Acc: *97.080%* (48540/50000) 
Test epoch: 244 | Loss: *0.373* | Acc: *89.360%* (8936/10000)
Train epoch: 245 | Loss: *0.078* | Acc: *97.404%* (48702/50000) 
Test epoch: 245 | Loss: *0.386* | Acc: *89.560%* (8956/10000)
Train epoch: 246 | Loss: *0.083* | Acc: *97.180%* (48590/50000) 
Test epoch: 246 | Loss: *0.336* | Acc: *90.470%* (9047/10000)
Train epoch: 247 | Loss: *0.073* | Acc: *97.624%* (48812/50000) 
Test epoch: 247 | Loss: *0.419* | Acc: *89.230%* (8923/10000)
Train epoch: 248 | Loss: *0.080* | Acc: *97.368%* (48684/50000) 
Test epoch: 248 | Loss: *0.333* | Acc: *90.390%* (9039/10000)
Train epoch: 249 | Loss: *0.076* | Acc: *97.402%* (48701/50000) 
Test epoch: 249 | Loss: *0.345* | Acc: *90.170%* (9017/10000)
Train epoch: 250 | Loss: *0.076* | Acc: *97.512%* (48756/50000) 
Test epoch: 250 | Loss: *0.340* | Acc: *89.790%* (8979/10000)
Train epoch: 251 | Loss: *0.082* | Acc: *97.158%* (48579/50000) 
Test epoch: 251 | Loss: *0.364* | Acc: *89.640%* (8964/10000)
Train epoch: 252 | Loss: *0.076* | Acc: *97.456%* (48728/50000) 
Test epoch: 252 | Loss: *0.420* | Acc: *89.170%* (8917/10000)
Train epoch: 253 | Loss: *0.077* | Acc: *97.444%* (48722/50000) 
Test epoch: 253 | Loss: *0.317* | Acc: *90.930%* (9093/10000)
Train epoch: 254 | Loss: *0.080* | Acc: *97.338%* (48669/50000) 
Test epoch: 254 | Loss: *0.536* | Acc: *85.470%* (8547/10000)
Train epoch: 255 | Loss: *0.069* | Acc: *97.756%* (48878/50000) 
Test epoch: 255 | Loss: *0.376* | Acc: *89.720%* (8972/10000)
Train epoch: 256 | Loss: *0.086* | Acc: *97.186%* (48593/50000) 
Test epoch: 256 | Loss: *0.340* | Acc: *89.830%* (8983/10000)
Train epoch: 257 | Loss: *0.084* | Acc: *97.226%* (48613/50000) 
Test epoch: 257 | Loss: *0.334* | Acc: *89.970%* (8997/10000)
Train epoch: 258 | Loss: *0.083* | Acc: *97.260%* (48630/50000) 
Test epoch: 258 | Loss: *0.411* | Acc: *88.480%* (8848/10000)
Train epoch: 259 | Loss: *0.085* | Acc: *97.162%* (48581/50000) 
Test epoch: 259 | Loss: *0.298* | Acc: *91.300%* (9130/10000)
Train epoch: 260 | Loss: *0.081* | Acc: *97.342%* (48671/50000) 
Test epoch: 260 | Loss: *0.491* | Acc: *86.690%* (8669/10000)
Train epoch: 261 | Loss: *0.086* | Acc: *97.052%* (48526/50000) 
Test epoch: 261 | Loss: *0.352* | Acc: *90.310%* (9031/10000)
Train epoch: 262 | Loss: *0.087* | Acc: *97.090%* (48545/50000) 
Test epoch: 262 | Loss: *0.339* | Acc: *89.720%* (8972/10000)
Train epoch: 263 | Loss: *0.093* | Acc: *96.830%* (48415/50000) 
Test epoch: 263 | Loss: *0.302* | Acc: *91.240%* (9124/10000)
Train epoch: 264 | Loss: *0.090* | Acc: *96.984%* (48492/50000) 
Test epoch: 264 | Loss: *0.350* | Acc: *89.760%* (8976/10000)
Train epoch: 265 | Loss: *0.085* | Acc: *97.154%* (48577/50000) 
Test epoch: 265 | Loss: *0.439* | Acc: *88.350%* (8835/10000)
Train epoch: 266 | Loss: *0.092* | Acc: *96.930%* (48465/50000) 
Test epoch: 266 | Loss: *0.401* | Acc: *88.800%* (8880/10000)
Train epoch: 267 | Loss: *0.095* | Acc: *96.834%* (48417/50000) 
Test epoch: 267 | Loss: *0.401* | Acc: *88.670%* (8867/10000)
Train epoch: 268 | Loss: *0.094* | Acc: *96.852%* (48426/50000) 
Test epoch: 268 | Loss: *0.450* | Acc: *87.790%* (8779/10000)
Train epoch: 269 | Loss: *0.100* | Acc: *96.630%* (48315/50000) 
Test epoch: 269 | Loss: *0.410* | Acc: *88.580%* (8858/10000)
Train epoch: 270 | Loss: *0.098* | Acc: *96.710%* (48355/50000) 
Test epoch: 270 | Loss: *0.430* | Acc: *87.620%* (8762/10000)
Train epoch: 271 | Loss: *0.097* | Acc: *96.750%* (48375/50000) 
Test epoch: 271 | Loss: *0.393* | Acc: *89.210%* (8921/10000)
Train epoch: 272 | Loss: *0.096* | Acc: *96.756%* (48378/50000) 
Test epoch: 272 | Loss: *0.344* | Acc: *90.040%* (9004/10000)
Train epoch: 273 | Loss: *0.111* | Acc: *96.288%* (48144/50000) 
Test epoch: 273 | Loss: *0.458* | Acc: *87.110%* (8711/10000)
Train epoch: 274 | Loss: *0.107* | Acc: *96.372%* (48186/50000) 
Test epoch: 274 | Loss: *0.319* | Acc: *90.390%* (9039/10000)
Train epoch: 275 | Loss: *0.105* | Acc: *96.430%* (48215/50000) 
Test epoch: 275 | Loss: *0.398* | Acc: *89.100%* (8910/10000)
Train epoch: 276 | Loss: *0.110* | Acc: *96.372%* (48186/50000) 
Test epoch: 276 | Loss: *0.373* | Acc: *88.970%* (8897/10000)
Train epoch: 277 | Loss: *0.107* | Acc: *96.344%* (48172/50000) 
Test epoch: 277 | Loss: *0.340* | Acc: *89.850%* (8985/10000)
Train epoch: 278 | Loss: *0.117* | Acc: *95.970%* (47985/50000) 
Test epoch: 278 | Loss: *0.296* | Acc: *90.590%* (9059/10000)
Train epoch: 279 | Loss: *0.108* | Acc: *96.272%* (48136/50000) 
Test epoch: 279 | Loss: *0.398* | Acc: *88.280%* (8828/10000)
Train epoch: 280 | Loss: *0.109* | Acc: *96.270%* (48135/50000) 
Test epoch: 280 | Loss: *0.478* | Acc: *87.140%* (8714/10000)
Train epoch: 281 | Loss: *0.124* | Acc: *95.778%* (47889/50000) 
Test epoch: 281 | Loss: *0.365* | Acc: *89.030%* (8903/10000)
Train epoch: 282 | Loss: *0.123* | Acc: *95.782%* (47891/50000) 
Test epoch: 282 | Loss: *0.554* | Acc: *84.820%* (8482/10000)
Train epoch: 283 | Loss: *0.120* | Acc: *95.928%* (47964/50000) 
Test epoch: 283 | Loss: *0.483* | Acc: *86.940%* (8694/10000)
Train epoch: 284 | Loss: *0.125* | Acc: *95.760%* (47880/50000) 
Test epoch: 284 | Loss: *0.451* | Acc: *87.450%* (8745/10000)
Train epoch: 285 | Loss: *0.126* | Acc: *95.754%* (47877/50000) 
Test epoch: 285 | Loss: *0.378* | Acc: *88.560%* (8856/10000)
Train epoch: 286 | Loss: *0.118* | Acc: *95.908%* (47954/50000) 
Test epoch: 286 | Loss: *0.408* | Acc: *87.830%* (8783/10000)
Train epoch: 287 | Loss: *0.128* | Acc: *95.632%* (47816/50000) 
Test epoch: 287 | Loss: *0.528* | Acc: *85.320%* (8532/10000)
Train epoch: 288 | Loss: *0.134* | Acc: *95.470%* (47735/50000) 
Test epoch: 288 | Loss: *0.348* | Acc: *89.250%* (8925/10000)
Train epoch: 289 | Loss: *0.129* | Acc: *95.572%* (47786/50000) 
Test epoch: 289 | Loss: *0.341* | Acc: *89.790%* (8979/10000)
Train epoch: 290 | Loss: *0.139* | Acc: *95.258%* (47629/50000) 
Test epoch: 290 | Loss: *0.558* | Acc: *84.260%* (8426/10000)
Train epoch: 291 | Loss: *0.137* | Acc: *95.280%* (47640/50000) 
Test epoch: 291 | Loss: *0.519* | Acc: *85.320%* (8532/10000)
Train epoch: 292 | Loss: *0.136* | Acc: *95.410%* (47705/50000) 
Test epoch: 292 | Loss: *0.456* | Acc: *86.890%* (8689/10000)
Train epoch: 293 | Loss: *0.143* | Acc: *95.134%* (47567/50000) 
Test epoch: 293 | Loss: *0.699* | Acc: *81.970%* (8197/10000)
Train epoch: 294 | Loss: *0.140* | Acc: *95.254%* (47627/50000) 
Test epoch: 294 | Loss: *0.439* | Acc: *87.960%* (8796/10000)
Train epoch: 295 | Loss: *0.146* | Acc: *94.840%* (47420/50000) 
Test epoch: 295 | Loss: *0.405* | Acc: *88.220%* (8822/10000)
Train epoch: 296 | Loss: *0.146* | Acc: *95.096%* (47548/50000) 
Test epoch: 296 | Loss: *0.326* | Acc: *90.280%* (9028/10000)
Train epoch: 297 | Loss: *0.149* | Acc: *94.890%* (47445/50000) 
Test epoch: 297 | Loss: *0.439* | Acc: *86.830%* (8683/10000)
Train epoch: 298 | Loss: *0.150* | Acc: *94.750%* (47375/50000) 
Test epoch: 298 | Loss: *0.367* | Acc: *88.930%* (8893/10000)
Train epoch: 299 | Loss: *0.148* | Acc: *94.906%* (47453/50000) 
Test epoch: 299 | Loss: *0.391* | Acc: *87.920%* (8792/10000)
Train epoch: 300 | Loss: *0.156* | Acc: *94.646%* (47323/50000) 
Test epoch: 300 | Loss: *0.409* | Acc: *87.700%* (8770/10000)
Train epoch: 301 | Loss: *0.156* | Acc: *94.686%* (47343/50000) 
Test epoch: 301 | Loss: *0.339* | Acc: *89.600%* (8960/10000)
Train epoch: 302 | Loss: *0.152* | Acc: *94.894%* (47447/50000) 
Test epoch: 302 | Loss: *0.389* | Acc: *87.830%* (8783/10000)
Train epoch: 303 | Loss: *0.166* | Acc: *94.214%* (47107/50000) 
Test epoch: 303 | Loss: *0.445* | Acc: *86.260%* (8626/10000)
Train epoch: 304 | Loss: *0.166* | Acc: *94.296%* (47148/50000) 
Test epoch: 304 | Loss: *0.692* | Acc: *81.310%* (8131/10000)
Train epoch: 305 | Loss: *0.163* | Acc: *94.384%* (47192/50000) 
Test epoch: 305 | Loss: *0.428* | Acc: *87.290%* (8729/10000)
Train epoch: 306 | Loss: *0.170* | Acc: *94.208%* (47104/50000) 
Test epoch: 306 | Loss: *0.428* | Acc: *87.190%* (8719/10000)
Train epoch: 307 | Loss: *0.165* | Acc: *94.274%* (47137/50000) 
Test epoch: 307 | Loss: *0.376* | Acc: *88.620%* (8862/10000)
Train epoch: 308 | Loss: *0.173* | Acc: *94.146%* (47073/50000) 
Test epoch: 308 | Loss: *0.454* | Acc: *86.080%* (8608/10000)
Train epoch: 309 | Loss: *0.173* | Acc: *94.064%* (47032/50000) 
Test epoch: 309 | Loss: *0.453* | Acc: *86.310%* (8631/10000)
Train epoch: 310 | Loss: *0.177* | Acc: *93.850%* (46925/50000) 
Test epoch: 310 | Loss: *0.381* | Acc: *87.950%* (8795/10000)
Train epoch: 311 | Loss: *0.175* | Acc: *94.070%* (47035/50000) 
Test epoch: 311 | Loss: *0.556* | Acc: *83.590%* (8359/10000)
Train epoch: 312 | Loss: *0.182* | Acc: *93.762%* (46881/50000) 
Test epoch: 312 | Loss: *0.467* | Acc: *85.770%* (8577/10000)
Train epoch: 313 | Loss: *0.174* | Acc: *94.054%* (47027/50000) 
Test epoch: 313 | Loss: *0.406* | Acc: *87.490%* (8749/10000)
Train epoch: 314 | Loss: *0.189* | Acc: *93.510%* (46755/50000) 
Test epoch: 314 | Loss: *0.597* | Acc: *83.720%* (8372/10000)
Train epoch: 315 | Loss: *0.184* | Acc: *93.584%* (46792/50000) 
Test epoch: 315 | Loss: *0.381* | Acc: *88.690%* (8869/10000)
Train epoch: 316 | Loss: *0.186* | Acc: *93.676%* (46838/50000) 
Test epoch: 316 | Loss: *0.416* | Acc: *86.930%* (8693/10000)
Train epoch: 317 | Loss: *0.192* | Acc: *93.366%* (46683/50000) 
Test epoch: 317 | Loss: *0.454* | Acc: *86.190%* (8619/10000)
Train epoch: 318 | Loss: *0.191* | Acc: *93.472%* (46736/50000) 
Test epoch: 318 | Loss: *0.559* | Acc: *83.140%* (8314/10000)
Train epoch: 319 | Loss: *0.195* | Acc: *93.234%* (46617/50000) 
Test epoch: 319 | Loss: *0.449* | Acc: *86.140%* (8614/10000)
Train epoch: 320 | Loss: *0.194* | Acc: *93.348%* (46674/50000) 
Test epoch: 320 | Loss: *0.633* | Acc: *80.990%* (8099/10000)
Train epoch: 321 | Loss: *0.199* | Acc: *93.132%* (46566/50000) 
Test epoch: 321 | Loss: *0.441* | Acc: *86.160%* (8616/10000)
Train epoch: 322 | Loss: *0.193* | Acc: *93.262%* (46631/50000) 
Test epoch: 322 | Loss: *0.577* | Acc: *82.910%* (8291/10000)
Train epoch: 323 | Loss: *0.204* | Acc: *92.996%* (46498/50000) 
Test epoch: 323 | Loss: *0.506* | Acc: *85.040%* (8504/10000)
Train epoch: 324 | Loss: *0.194* | Acc: *93.426%* (46713/50000) 
Test epoch: 324 | Loss: *0.432* | Acc: *86.600%* (8660/10000)
Train epoch: 325 | Loss: *0.207* | Acc: *92.880%* (46440/50000) 
Test epoch: 325 | Loss: *0.455* | Acc: *85.710%* (8571/10000)
Train epoch: 326 | Loss: *0.199* | Acc: *93.100%* (46550/50000) 
Test epoch: 326 | Loss: *0.674* | Acc: *80.700%* (8070/10000)
Train epoch: 327 | Loss: *0.204* | Acc: *93.090%* (46545/50000) 
Test epoch: 327 | Loss: *0.492* | Acc: *84.630%* (8463/10000)
Train epoch: 328 | Loss: *0.210* | Acc: *92.904%* (46452/50000) 
Test epoch: 328 | Loss: *0.518* | Acc: *84.990%* (8499/10000)
Train epoch: 329 | Loss: *0.210* | Acc: *92.842%* (46421/50000) 
Test epoch: 329 | Loss: *0.491* | Acc: *84.840%* (8484/10000)
Train epoch: 330 | Loss: *0.216* | Acc: *92.512%* (46256/50000) 
Test epoch: 330 | Loss: *0.539* | Acc: *83.510%* (8351/10000)
Train epoch: 331 | Loss: *0.210* | Acc: *92.696%* (46348/50000) 
Test epoch: 331 | Loss: *0.426* | Acc: *86.040%* (8604/10000)
Train epoch: 332 | Loss: *0.213* | Acc: *92.616%* (46308/50000) 
Test epoch: 332 | Loss: *0.449* | Acc: *85.560%* (8556/10000)
Train epoch: 333 | Loss: *0.219* | Acc: *92.368%* (46184/50000) 
Test epoch: 333 | Loss: *0.492* | Acc: *84.040%* (8404/10000)
Train epoch: 334 | Loss: *0.222* | Acc: *92.428%* (46214/50000) 
Test epoch: 334 | Loss: *0.608* | Acc: *81.580%* (8158/10000)
Train epoch: 335 | Loss: *0.210* | Acc: *92.728%* (46364/50000) 
Test epoch: 335 | Loss: *0.688* | Acc: *80.330%* (8033/10000)
Train epoch: 336 | Loss: *0.224* | Acc: *92.378%* (46189/50000) 
Test epoch: 336 | Loss: *0.460* | Acc: *85.820%* (8582/10000)
Train epoch: 337 | Loss: *0.219* | Acc: *92.474%* (46237/50000) 
Test epoch: 337 | Loss: *0.561* | Acc: *83.500%* (8350/10000)
Train epoch: 338 | Loss: *0.223* | Acc: *92.288%* (46144/50000) 
Test epoch: 338 | Loss: *0.493* | Acc: *85.180%* (8518/10000)
Train epoch: 339 | Loss: *0.227* | Acc: *92.162%* (46081/50000) 
Test epoch: 339 | Loss: *0.420* | Acc: *86.560%* (8656/10000)
Train epoch: 340 | Loss: *0.220* | Acc: *92.426%* (46213/50000) 
Test epoch: 340 | Loss: *0.643* | Acc: *80.180%* (8018/10000)
Train epoch: 341 | Loss: *0.226* | Acc: *92.254%* (46127/50000) 
Test epoch: 341 | Loss: *0.626* | Acc: *81.620%* (8162/10000)
Train epoch: 342 | Loss: *0.234* | Acc: *91.918%* (45959/50000) 
Test epoch: 342 | Loss: *0.468* | Acc: *85.080%* (8508/10000)
Train epoch: 343 | Loss: *0.233* | Acc: *91.992%* (45996/50000) 
Test epoch: 343 | Loss: *0.571* | Acc: *82.610%* (8261/10000)
Train epoch: 344 | Loss: *0.227* | Acc: *92.184%* (46092/50000) 
Test epoch: 344 | Loss: *0.439* | Acc: *86.200%* (8620/10000)
Train epoch: 345 | Loss: *0.235* | Acc: *91.886%* (45943/50000) 
Test epoch: 345 | Loss: *0.356* | Acc: *88.350%* (8835/10000)
Train epoch: 346 | Loss: *0.231* | Acc: *92.136%* (46068/50000) 
Test epoch: 346 | Loss: *0.470* | Acc: *85.830%* (8583/10000)
Train epoch: 347 | Loss: *0.234* | Acc: *91.910%* (45955/50000) 
Test epoch: 347 | Loss: *0.552* | Acc: *83.260%* (8326/10000)
Train epoch: 348 | Loss: *0.237* | Acc: *91.898%* (45949/50000) 
Test epoch: 348 | Loss: *0.706* | Acc: *79.070%* (7907/10000)
Train epoch: 349 | Loss: *0.241* | Acc: *91.698%* (45849/50000) 
Test epoch: 349 | Loss: *0.531* | Acc: *83.300%* (8330/10000)
Train epoch: 350 | Loss: *0.242* | Acc: *91.608%* (45804/50000) 
Test epoch: 350 | Loss: *0.475* | Acc: *84.650%* (8465/10000)
Train epoch: 351 | Loss: *0.235* | Acc: *92.110%* (46055/50000) 
Test epoch: 351 | Loss: *0.492* | Acc: *84.170%* (8417/10000)
Train epoch: 352 | Loss: *0.243* | Acc: *91.644%* (45822/50000) 
Test epoch: 352 | Loss: *0.546* | Acc: *82.830%* (8283/10000)
Train epoch: 353 | Loss: *0.243* | Acc: *91.736%* (45868/50000) 
Test epoch: 353 | Loss: *0.543* | Acc: *83.670%* (8367/10000)
Train epoch: 354 | Loss: *0.247* | Acc: *91.598%* (45799/50000) 
Test epoch: 354 | Loss: *0.564* | Acc: *84.080%* (8408/10000)
Train epoch: 355 | Loss: *0.248* | Acc: *91.498%* (45749/50000) 
Test epoch: 355 | Loss: *0.389* | Acc: *86.800%* (8680/10000)
Train epoch: 356 | Loss: *0.245* | Acc: *91.680%* (45840/50000) 
Test epoch: 356 | Loss: *0.715* | Acc: *78.730%* (7873/10000)
Train epoch: 357 | Loss: *0.251* | Acc: *91.378%* (45689/50000) 
Test epoch: 357 | Loss: *0.394* | Acc: *87.070%* (8707/10000)
Train epoch: 358 | Loss: *0.246* | Acc: *91.536%* (45768/50000) 
Test epoch: 358 | Loss: *0.522* | Acc: *84.120%* (8412/10000)
Train epoch: 359 | Loss: *0.250* | Acc: *91.546%* (45773/50000) 
Test epoch: 359 | Loss: *0.440* | Acc: *85.690%* (8569/10000)
Train epoch: 360 | Loss: *0.249* | Acc: *91.456%* (45728/50000) 
Test epoch: 360 | Loss: *1.193* | Acc: *69.980%* (6998/10000)
Train epoch: 361 | Loss: *0.253* | Acc: *91.398%* (45699/50000) 
Test epoch: 361 | Loss: *0.522* | Acc: *83.140%* (8314/10000)
Train epoch: 362 | Loss: *0.245* | Acc: *91.666%* (45833/50000) 
Test epoch: 362 | Loss: *0.461* | Acc: *85.750%* (8575/10000)
Train epoch: 363 | Loss: *0.252* | Acc: *91.240%* (45620/50000) 
Test epoch: 363 | Loss: *0.448* | Acc: *86.130%* (8613/10000)
Train epoch: 364 | Loss: *0.258* | Acc: *91.108%* (45554/50000) 
Test epoch: 364 | Loss: *0.604* | Acc: *80.830%* (8083/10000)
Train epoch: 365 | Loss: *0.248* | Acc: *91.548%* (45774/50000) 
Test epoch: 365 | Loss: *0.573* | Acc: *82.650%* (8265/10000)
Train epoch: 366 | Loss: *0.252* | Acc: *91.410%* (45705/50000) 
Test epoch: 366 | Loss: *0.574* | Acc: *81.170%* (8117/10000)
Train epoch: 367 | Loss: *0.259* | Acc: *91.022%* (45511/50000) 
Test epoch: 367 | Loss: *0.493* | Acc: *83.440%* (8344/10000)
Train epoch: 368 | Loss: *0.254* | Acc: *91.196%* (45598/50000) 
Test epoch: 368 | Loss: *0.532* | Acc: *83.900%* (8390/10000)
Train epoch: 369 | Loss: *0.257* | Acc: *91.206%* (45603/50000) 
Test epoch: 369 | Loss: *0.678* | Acc: *79.990%* (7999/10000)
Train epoch: 370 | Loss: *0.256* | Acc: *91.216%* (45608/50000) 
Test epoch: 370 | Loss: *0.767* | Acc: *77.530%* (7753/10000)
Train epoch: 371 | Loss: *0.253* | Acc: *91.206%* (45603/50000) 
Test epoch: 371 | Loss: *0.515* | Acc: *84.550%* (8455/10000)
Train epoch: 372 | Loss: *0.255* | Acc: *91.412%* (45706/50000) 
Test epoch: 372 | Loss: *0.366* | Acc: *87.990%* (8799/10000)
Train epoch: 373 | Loss: *0.261* | Acc: *91.046%* (45523/50000) 
Test epoch: 373 | Loss: *0.469* | Acc: *84.060%* (8406/10000)
Train epoch: 374 | Loss: *0.266* | Acc: *90.834%* (45417/50000) 
Test epoch: 374 | Loss: *0.635* | Acc: *81.580%* (8158/10000)
Train epoch: 375 | Loss: *0.262* | Acc: *90.942%* (45471/50000) 
Test epoch: 375 | Loss: *0.776* | Acc: *76.790%* (7679/10000)
Train epoch: 376 | Loss: *0.263* | Acc: *91.018%* (45509/50000) 
Test epoch: 376 | Loss: *0.526* | Acc: *82.920%* (8292/10000)
Train epoch: 377 | Loss: *0.258* | Acc: *91.106%* (45553/50000) 
Test epoch: 377 | Loss: *0.477* | Acc: *84.530%* (8453/10000)
Train epoch: 378 | Loss: *0.267* | Acc: *90.918%* (45459/50000) 
Test epoch: 378 | Loss: *0.524* | Acc: *83.150%* (8315/10000)
Train epoch: 379 | Loss: *0.266* | Acc: *90.816%* (45408/50000) 
Test epoch: 379 | Loss: *0.540* | Acc: *83.110%* (8311/10000)
Train epoch: 380 | Loss: *0.263* | Acc: *90.882%* (45441/50000) 
Test epoch: 380 | Loss: *0.616* | Acc: *81.550%* (8155/10000)
Train epoch: 381 | Loss: *0.258* | Acc: *91.072%* (45536/50000) 
Test epoch: 381 | Loss: *0.647* | Acc: *80.550%* (8055/10000)
Train epoch: 382 | Loss: *0.262* | Acc: *91.152%* (45576/50000) 
Test epoch: 382 | Loss: *0.638* | Acc: *81.610%* (8161/10000)
Train epoch: 383 | Loss: *0.268* | Acc: *90.832%* (45416/50000) 
Test epoch: 383 | Loss: *0.483* | Acc: *85.240%* (8524/10000)
Train epoch: 384 | Loss: *0.267* | Acc: *90.886%* (45443/50000) 
Test epoch: 384 | Loss: *0.573* | Acc: *82.100%* (8210/10000)
Train epoch: 385 | Loss: *0.265* | Acc: *90.826%* (45413/50000) 
Test epoch: 385 | Loss: *0.542* | Acc: *82.900%* (8290/10000)
Train epoch: 386 | Loss: *0.263* | Acc: *91.020%* (45510/50000) 
Test epoch: 386 | Loss: *0.738* | Acc: *78.180%* (7818/10000)
Train epoch: 387 | Loss: *0.275* | Acc: *90.556%* (45278/50000) 
Test epoch: 387 | Loss: *0.418* | Acc: *86.560%* (8656/10000)
Train epoch: 388 | Loss: *0.267* | Acc: *90.876%* (45438/50000) 
Test epoch: 388 | Loss: *0.454* | Acc: *84.750%* (8475/10000)
Train epoch: 389 | Loss: *0.266* | Acc: *90.912%* (45456/50000) 
Test epoch: 389 | Loss: *0.918* | Acc: *75.590%* (7559/10000)
Train epoch: 390 | Loss: *0.272* | Acc: *90.702%* (45351/50000) 
Test epoch: 390 | Loss: *0.637* | Acc: *79.810%* (7981/10000)
Train epoch: 391 | Loss: *0.262* | Acc: *90.944%* (45472/50000) 
Test epoch: 391 | Loss: *0.626* | Acc: *81.070%* (8107/10000)
Train epoch: 392 | Loss: *0.275* | Acc: *90.546%* (45273/50000) 
Test epoch: 392 | Loss: *0.802* | Acc: *79.620%* (7962/10000)
Train epoch: 393 | Loss: *0.264* | Acc: *90.956%* (45478/50000) 
Test epoch: 393 | Loss: *0.391* | Acc: *86.970%* (8697/10000)
Train epoch: 394 | Loss: *0.270* | Acc: *90.716%* (45358/50000) 
Test epoch: 394 | Loss: *0.866* | Acc: *75.880%* (7588/10000)
Train epoch: 395 | Loss: *0.267* | Acc: *90.916%* (45458/50000) 
Test epoch: 395 | Loss: *0.626* | Acc: *82.230%* (8223/10000)
Train epoch: 396 | Loss: *0.267* | Acc: *90.864%* (45432/50000) 
Test epoch: 396 | Loss: *0.392* | Acc: *86.960%* (8696/10000)
Train epoch: 397 | Loss: *0.270* | Acc: *90.644%* (45322/50000) 
Test epoch: 397 | Loss: *0.431* | Acc: *86.000%* (8600/10000)
Train epoch: 398 | Loss: *0.271* | Acc: *90.678%* (45339/50000) 
Test epoch: 398 | Loss: *0.523* | Acc: *83.210%* (8321/10000)
Train epoch: 399 | Loss: *0.269* | Acc: *90.796%* (45398/50000) 
Test epoch: 399 | Loss: *0.800* | Acc: *77.750%* (7775/10000)
Train epoch: 400 | Loss: *0.268* | Acc: *90.824%* (45412/50000) 
Test epoch: 400 | Loss: *0.466* | Acc: *84.680%* (8468/10000)
Train epoch: 401 | Loss: *0.266* | Acc: *90.910%* (45455/50000) 
Test epoch: 401 | Loss: *0.480* | Acc: *84.980%* (8498/10000)
Train epoch: 402 | Loss: *0.272* | Acc: *90.692%* (45346/50000) 
Test epoch: 402 | Loss: *0.380* | Acc: *87.770%* (8777/10000)
Train epoch: 403 | Loss: *0.268* | Acc: *90.834%* (45417/50000) 
Test epoch: 403 | Loss: *0.686* | Acc: *80.660%* (8066/10000)
Train epoch: 404 | Loss: *0.272* | Acc: *90.754%* (45377/50000) 
Test epoch: 404 | Loss: *0.498* | Acc: *84.380%* (8438/10000)
Train epoch: 405 | Loss: *0.272* | Acc: *90.758%* (45379/50000) 
Test epoch: 405 | Loss: *1.204* | Acc: *69.190%* (6919/10000)
Train epoch: 406 | Loss: *0.274* | Acc: *90.556%* (45278/50000) 
Test epoch: 406 | Loss: *0.476* | Acc: *84.640%* (8464/10000)
Train epoch: 407 | Loss: *0.268* | Acc: *90.810%* (45405/50000) 
Test epoch: 407 | Loss: *0.420* | Acc: *86.600%* (8660/10000)
Train epoch: 408 | Loss: *0.264* | Acc: *91.012%* (45506/50000) 
Test epoch: 408 | Loss: *0.452* | Acc: *85.490%* (8549/10000)
Train epoch: 409 | Loss: *0.267* | Acc: *90.796%* (45398/50000) 
Test epoch: 409 | Loss: *0.430* | Acc: *85.160%* (8516/10000)
Train epoch: 410 | Loss: *0.268* | Acc: *90.728%* (45364/50000) 
Test epoch: 410 | Loss: *0.563* | Acc: *82.800%* (8280/10000)
Train epoch: 411 | Loss: *0.269* | Acc: *90.816%* (45408/50000) 
Test epoch: 411 | Loss: *0.508* | Acc: *83.490%* (8349/10000)
Train epoch: 412 | Loss: *0.264* | Acc: *91.032%* (45516/50000) 
Test epoch: 412 | Loss: *0.600* | Acc: *81.780%* (8178/10000)
Train epoch: 413 | Loss: *0.269* | Acc: *90.862%* (45431/50000) 
Test epoch: 413 | Loss: *0.646* | Acc: *81.410%* (8141/10000)
Train epoch: 414 | Loss: *0.275* | Acc: *90.676%* (45338/50000) 
Test epoch: 414 | Loss: *0.634* | Acc: *81.000%* (8100/10000)
Train epoch: 415 | Loss: *0.267* | Acc: *90.808%* (45404/50000) 
Test epoch: 415 | Loss: *0.403* | Acc: *86.690%* (8669/10000)
Train epoch: 416 | Loss: *0.267* | Acc: *90.820%* (45410/50000) 
Test epoch: 416 | Loss: *0.665* | Acc: *80.410%* (8041/10000)
Train epoch: 417 | Loss: *0.269* | Acc: *90.758%* (45379/50000) 
Test epoch: 417 | Loss: *0.389* | Acc: *87.380%* (8738/10000)
Train epoch: 418 | Loss: *0.268* | Acc: *90.810%* (45405/50000) 
Test epoch: 418 | Loss: *0.784* | Acc: *77.040%* (7704/10000)
Train epoch: 419 | Loss: *0.265* | Acc: *90.906%* (45453/50000) 
Test epoch: 419 | Loss: *0.510* | Acc: *83.120%* (8312/10000)
Train epoch: 420 | Loss: *0.265* | Acc: *90.932%* (45466/50000) 
Test epoch: 420 | Loss: *0.451* | Acc: *85.670%* (8567/10000)
Train epoch: 421 | Loss: *0.267* | Acc: *90.802%* (45401/50000) 
Test epoch: 421 | Loss: *0.552* | Acc: *82.950%* (8295/10000)
Train epoch: 422 | Loss: *0.263* | Acc: *90.930%* (45465/50000) 
Test epoch: 422 | Loss: *0.387* | Acc: *86.960%* (8696/10000)
Train epoch: 423 | Loss: *0.257* | Acc: *91.198%* (45599/50000) 
Test epoch: 423 | Loss: *0.565* | Acc: *82.900%* (8290/10000)
Train epoch: 424 | Loss: *0.261* | Acc: *91.154%* (45577/50000) 
Test epoch: 424 | Loss: *0.562* | Acc: *81.990%* (8199/10000)
Train epoch: 425 | Loss: *0.268* | Acc: *90.632%* (45316/50000) 
Test epoch: 425 | Loss: *0.461* | Acc: *84.830%* (8483/10000)
Train epoch: 426 | Loss: *0.261* | Acc: *90.896%* (45448/50000) 
Test epoch: 426 | Loss: *0.638* | Acc: *80.610%* (8061/10000)
Train epoch: 427 | Loss: *0.259* | Acc: *91.070%* (45535/50000) 
Test epoch: 427 | Loss: *0.549* | Acc: *82.680%* (8268/10000)
Train epoch: 428 | Loss: *0.266* | Acc: *90.858%* (45429/50000) 
Test epoch: 428 | Loss: *0.446* | Acc: *84.980%* (8498/10000)
Train epoch: 429 | Loss: *0.252* | Acc: *91.396%* (45698/50000) 
Test epoch: 429 | Loss: *0.599* | Acc: *80.800%* (8080/10000)
Train epoch: 430 | Loss: *0.260* | Acc: *91.082%* (45541/50000) 
Test epoch: 430 | Loss: *0.364* | Acc: *88.070%* (8807/10000)
Train epoch: 431 | Loss: *0.258* | Acc: *91.288%* (45644/50000) 
Test epoch: 431 | Loss: *0.510* | Acc: *83.850%* (8385/10000)
Train epoch: 432 | Loss: *0.258* | Acc: *91.140%* (45570/50000) 
Test epoch: 432 | Loss: *0.505* | Acc: *84.170%* (8417/10000)
Train epoch: 433 | Loss: *0.257* | Acc: *91.184%* (45592/50000) 
Test epoch: 433 | Loss: *0.434* | Acc: *85.220%* (8522/10000)
Train epoch: 434 | Loss: *0.256* | Acc: *91.218%* (45609/50000) 
Test epoch: 434 | Loss: *0.491* | Acc: *84.100%* (8410/10000)
Train epoch: 435 | Loss: *0.257* | Acc: *91.154%* (45577/50000) 
Test epoch: 435 | Loss: *0.468* | Acc: *84.710%* (8471/10000)
Train epoch: 436 | Loss: *0.256* | Acc: *91.248%* (45624/50000) 
Test epoch: 436 | Loss: *0.462* | Acc: *85.190%* (8519/10000)
Train epoch: 437 | Loss: *0.255* | Acc: *91.228%* (45614/50000) 
Test epoch: 437 | Loss: *0.789* | Acc: *77.420%* (7742/10000)
Train epoch: 438 | Loss: *0.256* | Acc: *91.256%* (45628/50000) 
Test epoch: 438 | Loss: *0.594* | Acc: *82.170%* (8217/10000)
Train epoch: 439 | Loss: *0.254* | Acc: *91.338%* (45669/50000) 
Test epoch: 439 | Loss: *0.432* | Acc: *85.880%* (8588/10000)
Train epoch: 440 | Loss: *0.251* | Acc: *91.378%* (45689/50000) 
Test epoch: 440 | Loss: *0.548* | Acc: *83.140%* (8314/10000)
Train epoch: 441 | Loss: *0.246* | Acc: *91.490%* (45745/50000) 
Test epoch: 441 | Loss: *0.399* | Acc: *86.820%* (8682/10000)
Train epoch: 442 | Loss: *0.252* | Acc: *91.370%* (45685/50000) 
Test epoch: 442 | Loss: *0.738* | Acc: *79.900%* (7990/10000)
Train epoch: 443 | Loss: *0.250* | Acc: *91.434%* (45717/50000) 
Test epoch: 443 | Loss: *0.654* | Acc: *80.670%* (8067/10000)
Train epoch: 444 | Loss: *0.245* | Acc: *91.574%* (45787/50000) 
Test epoch: 444 | Loss: *0.486* | Acc: *84.430%* (8443/10000)
Train epoch: 445 | Loss: *0.245* | Acc: *91.602%* (45801/50000) 
Test epoch: 445 | Loss: *0.385* | Acc: *87.430%* (8743/10000)
Train epoch: 446 | Loss: *0.245* | Acc: *91.640%* (45820/50000) 
Test epoch: 446 | Loss: *0.460* | Acc: *85.680%* (8568/10000)
Train epoch: 447 | Loss: *0.243* | Acc: *91.622%* (45811/50000) 
Test epoch: 447 | Loss: *0.534* | Acc: *83.440%* (8344/10000)
Train epoch: 448 | Loss: *0.246* | Acc: *91.510%* (45755/50000) 
Test epoch: 448 | Loss: *0.364* | Acc: *88.700%* (8870/10000)
Train epoch: 449 | Loss: *0.241* | Acc: *91.698%* (45849/50000) 
Test epoch: 449 | Loss: *0.403* | Acc: *87.540%* (8754/10000)
Train epoch: 450 | Loss: *0.241* | Acc: *91.672%* (45836/50000) 
Test epoch: 450 | Loss: *0.679* | Acc: *79.540%* (7954/10000)
Train epoch: 451 | Loss: *0.238* | Acc: *91.842%* (45921/50000) 
Test epoch: 451 | Loss: *0.371* | Acc: *87.500%* (8750/10000)
Train epoch: 452 | Loss: *0.238* | Acc: *91.848%* (45924/50000) 
Test epoch: 452 | Loss: *0.578* | Acc: *82.490%* (8249/10000)
Train epoch: 453 | Loss: *0.237* | Acc: *91.940%* (45970/50000) 
Test epoch: 453 | Loss: *0.411* | Acc: *86.530%* (8653/10000)
Train epoch: 454 | Loss: *0.233* | Acc: *92.010%* (46005/50000) 
Test epoch: 454 | Loss: *0.761* | Acc: *78.820%* (7882/10000)
Train epoch: 455 | Loss: *0.238* | Acc: *91.816%* (45908/50000) 
Test epoch: 455 | Loss: *0.537* | Acc: *83.050%* (8305/10000)
Train epoch: 456 | Loss: *0.224* | Acc: *92.344%* (46172/50000) 
Test epoch: 456 | Loss: *0.520* | Acc: *84.600%* (8460/10000)
Train epoch: 457 | Loss: *0.234* | Acc: *91.914%* (45957/50000) 
Test epoch: 457 | Loss: *0.457* | Acc: *85.410%* (8541/10000)
Train epoch: 458 | Loss: *0.232* | Acc: *92.016%* (46008/50000) 
Test epoch: 458 | Loss: *0.683* | Acc: *80.160%* (8016/10000)
Train epoch: 459 | Loss: *0.231* | Acc: *91.964%* (45982/50000) 
Test epoch: 459 | Loss: *0.589* | Acc: *82.970%* (8297/10000)
Train epoch: 460 | Loss: *0.224* | Acc: *92.242%* (46121/50000) 
Test epoch: 460 | Loss: *0.383* | Acc: *87.720%* (8772/10000)
Train epoch: 461 | Loss: *0.225* | Acc: *92.368%* (46184/50000) 
Test epoch: 461 | Loss: *0.664* | Acc: *79.340%* (7934/10000)
Train epoch: 462 | Loss: *0.225* | Acc: *92.278%* (46139/50000) 
Test epoch: 462 | Loss: *0.669* | Acc: *79.880%* (7988/10000)
Train epoch: 463 | Loss: *0.223* | Acc: *92.450%* (46225/50000) 
Test epoch: 463 | Loss: *0.750* | Acc: *80.240%* (8024/10000)
Train epoch: 464 | Loss: *0.224* | Acc: *92.278%* (46139/50000) 
Test epoch: 464 | Loss: *0.394* | Acc: *86.720%* (8672/10000)
Train epoch: 465 | Loss: *0.215* | Acc: *92.656%* (46328/50000) 
Test epoch: 465 | Loss: *0.502* | Acc: *84.180%* (8418/10000)
Train epoch: 466 | Loss: *0.219* | Acc: *92.384%* (46192/50000) 
Test epoch: 466 | Loss: *0.582* | Acc: *81.840%* (8184/10000)
Train epoch: 467 | Loss: *0.217* | Acc: *92.586%* (46293/50000) 
Test epoch: 467 | Loss: *0.431* | Acc: *86.460%* (8646/10000)
Train epoch: 468 | Loss: *0.216* | Acc: *92.640%* (46320/50000) 
Test epoch: 468 | Loss: *0.439* | Acc: *85.810%* (8581/10000)
Train epoch: 469 | Loss: *0.212* | Acc: *92.736%* (46368/50000) 
Test epoch: 469 | Loss: *0.484* | Acc: *85.070%* (8507/10000)
Train epoch: 470 | Loss: *0.213* | Acc: *92.618%* (46309/50000) 
Test epoch: 470 | Loss: *0.440* | Acc: *85.600%* (8560/10000)
Train epoch: 471 | Loss: *0.205* | Acc: *92.972%* (46486/50000) 
Test epoch: 471 | Loss: *0.424* | Acc: *86.760%* (8676/10000)
Train epoch: 472 | Loss: *0.208* | Acc: *92.814%* (46407/50000) 
Test epoch: 472 | Loss: *0.535* | Acc: *84.140%* (8414/10000)
Train epoch: 473 | Loss: *0.203* | Acc: *93.056%* (46528/50000) 
Test epoch: 473 | Loss: *0.584* | Acc: *83.000%* (8300/10000)
Train epoch: 474 | Loss: *0.212* | Acc: *92.798%* (46399/50000) 
Test epoch: 474 | Loss: *0.419* | Acc: *86.330%* (8633/10000)
Train epoch: 475 | Loss: *0.204* | Acc: *93.060%* (46530/50000) 
Test epoch: 475 | Loss: *0.625* | Acc: *82.230%* (8223/10000)
Train epoch: 476 | Loss: *0.203* | Acc: *93.016%* (46508/50000) 
Test epoch: 476 | Loss: *0.390* | Acc: *88.160%* (8816/10000)
Train epoch: 477 | Loss: *0.203* | Acc: *93.030%* (46515/50000) 
Test epoch: 477 | Loss: *0.506* | Acc: *85.650%* (8565/10000)
Train epoch: 478 | Loss: *0.204* | Acc: *93.088%* (46544/50000) 
Test epoch: 478 | Loss: *0.556* | Acc: *84.200%* (8420/10000)
Train epoch: 479 | Loss: *0.194* | Acc: *93.432%* (46716/50000) 
Test epoch: 479 | Loss: *0.527* | Acc: *84.440%* (8444/10000)
Train epoch: 480 | Loss: *0.190* | Acc: *93.450%* (46725/50000) 
Test epoch: 480 | Loss: *0.433* | Acc: *86.550%* (8655/10000)
Train epoch: 481 | Loss: *0.186* | Acc: *93.532%* (46766/50000) 
Test epoch: 481 | Loss: *0.468* | Acc: *85.220%* (8522/10000)
Train epoch: 482 | Loss: *0.193* | Acc: *93.308%* (46654/50000) 
Test epoch: 482 | Loss: *0.360* | Acc: *89.030%* (8903/10000)
Train epoch: 483 | Loss: *0.190* | Acc: *93.648%* (46824/50000) 
Test epoch: 483 | Loss: *0.436* | Acc: *85.960%* (8596/10000)
Train epoch: 484 | Loss: *0.182* | Acc: *93.602%* (46801/50000) 
Test epoch: 484 | Loss: *0.463* | Acc: *85.710%* (8571/10000)
Train epoch: 485 | Loss: *0.184* | Acc: *93.616%* (46808/50000) 
Test epoch: 485 | Loss: *0.514* | Acc: *85.180%* (8518/10000)
Train epoch: 486 | Loss: *0.180* | Acc: *93.886%* (46943/50000) 
Test epoch: 486 | Loss: *0.509* | Acc: *85.300%* (8530/10000)
Train epoch: 487 | Loss: *0.181* | Acc: *93.720%* (46860/50000) 
Test epoch: 487 | Loss: *0.358* | Acc: *88.510%* (8851/10000)
Train epoch: 488 | Loss: *0.178* | Acc: *93.724%* (46862/50000) 
Test epoch: 488 | Loss: *0.490* | Acc: *85.130%* (8513/10000)
Train epoch: 489 | Loss: *0.180* | Acc: *93.784%* (46892/50000) 
Test epoch: 489 | Loss: *0.562* | Acc: *84.840%* (8484/10000)
Train epoch: 490 | Loss: *0.173* | Acc: *94.030%* (47015/50000) 
Test epoch: 490 | Loss: *0.388* | Acc: *87.960%* (8796/10000)
Train epoch: 491 | Loss: *0.171* | Acc: *94.276%* (47138/50000) 
Test epoch: 491 | Loss: *0.420* | Acc: *87.100%* (8710/10000)
Train epoch: 492 | Loss: *0.174* | Acc: *94.018%* (47009/50000) 
Test epoch: 492 | Loss: *0.343* | Acc: *88.760%* (8876/10000)
Train epoch: 493 | Loss: *0.165* | Acc: *94.498%* (47249/50000) 
Test epoch: 493 | Loss: *0.399* | Acc: *87.970%* (8797/10000)
Train epoch: 494 | Loss: *0.162* | Acc: *94.354%* (47177/50000) 
Test epoch: 494 | Loss: *0.431* | Acc: *87.090%* (8709/10000)
Train epoch: 495 | Loss: *0.155* | Acc: *94.660%* (47330/50000) 
Test epoch: 495 | Loss: *0.606* | Acc: *83.240%* (8324/10000)
Train epoch: 496 | Loss: *0.157* | Acc: *94.546%* (47273/50000) 
Test epoch: 496 | Loss: *0.481* | Acc: *86.210%* (8621/10000)
Train epoch: 497 | Loss: *0.164* | Acc: *94.320%* (47160/50000) 
Test epoch: 497 | Loss: *0.608* | Acc: *81.910%* (8191/10000)
Train epoch: 498 | Loss: *0.152* | Acc: *94.802%* (47401/50000) 
Test epoch: 498 | Loss: *0.422* | Acc: *87.430%* (8743/10000)
Train epoch: 499 | Loss: *0.154* | Acc: *94.718%* (47359/50000) 
Test epoch: 499 | Loss: *0.390* | Acc: *87.680%* (8768/10000)
Train epoch: 500 | Loss: *0.157* | Acc: *94.682%* (47341/50000) 
Test epoch: 500 | Loss: *0.304* | Acc: *90.020%* (9002/10000)
Best test accuracy: *95.330%*, loss: *0.16704148868098856*, at epoch: *183*.
==> Execution time summary of 500 epoch(s).
Train data loading time: sum. *280.2019604360685* secs | avg. *0.560403920872137* secs per epoch.
Train training time: sum. *1450.8724788604304* secs | avg. *2.9017449577208607* secs per epoch.
Train total time: sum. *1731.074439296499* secs | avg. *3.462148878592998* secs per epoch.
Test data loading time: sum. *104.98918092250824* secs | avg. *0.20997836184501648* secs per epoch.
Test training time: sum. *106.70923713501543* secs | avg. *0.21341847427003086* secs per epoch.
Test total time: sum. *211.69841805752367* secs | avg. *0.42339683611504736* secs per epoch.
Total data loading time: sum. *385.1911413585767* secs | avg. *0.7703822827171535* secs per epoch.
Total training time: sum. *1557.5817159954458* secs | avg. *3.115163431990892* secs per epoch.
Total running time: sum. *1942.7728573540226* secs | avg. *3.885545714708045* secs per epoch.
==> Number of GPU device: 1
==> Device #0 Memory Usage
==> Allocated: 0.1 GB
==> Cached:    2.4 GB
==> Maximum: 2.4 GB
