Defaulting to user installation because normal site-packages is not writeable
Requirement already satisfied: Torch in ./.local/lib/python3.8/site-packages (1.10.2)
Requirement already satisfied: typing-extensions in ./.local/lib/python3.8/site-packages (from Torch) (4.1.1)
Defaulting to user installation because normal site-packages is not writeable
Requirement already satisfied: torchvision in ./.local/lib/python3.8/site-packages (0.11.3)
Requirement already satisfied: pillow!=8.3.0,>=5.3.0 in /share/apps/anaconda3/2020.07/lib/python3.8/site-packages (from torchvision) (7.2.0)
Requirement already satisfied: numpy in /share/apps/anaconda3/2020.07/lib/python3.8/site-packages (from torchvision) (1.18.5)
Requirement already satisfied: torch==1.10.2 in ./.local/lib/python3.8/site-packages (from torchvision) (1.10.2)
Requirement already satisfied: typing-extensions in ./.local/lib/python3.8/site-packages (from torch==1.10.2->torchvision) (4.1.1)
==> Running on : cuda
==> Number of CPU: 48
==> Number of workers: 2
==> #Epochs: 500, #Layers: 3, #Blocks: [5, 2, 1], In channel: 64, Input layer conv kernel: 5x5, Residual layer conv kernel 5x5, Skip kernel: 1x1, Input layer conv padding: 2, Residual layer conv padding: 2
==> Optimizer is Adam
==> Learning rate: 0.001
==> Weight decay: 0.0005
==>Trainable Parameters: 4967754
==>Other Parameters: 0
==>Augmentation: RandomCrop(32, padding=4), RandomHorizontalFlip(), Normalize((0.4914, 0.4822, 0.4465), (0.2023, 0.1994, 0.2010)
Files already downloaded and verified
Train epoch: 1 | Loss: *1.586* | Acc: *40.766%* (20383/50000) 
Test epoch: 1 | Loss: *1.683* | Acc: *44.100%* (4410/10000)
Train epoch: 2 | Loss: *1.172* | Acc: *57.468%* (28734/50000) 
Test epoch: 2 | Loss: *1.363* | Acc: *55.060%* (5506/10000)
Train epoch: 3 | Loss: *0.965* | Acc: *65.858%* (32929/50000) 
Test epoch: 3 | Loss: *1.247* | Acc: *59.350%* (5935/10000)
Train epoch: 4 | Loss: *0.838* | Acc: *70.648%* (35324/50000) 
Test epoch: 4 | Loss: *1.016* | Acc: *65.720%* (6572/10000)
Train epoch: 5 | Loss: *0.737* | Acc: *74.180%* (37090/50000) 
Test epoch: 5 | Loss: *1.011* | Acc: *67.720%* (6772/10000)
Train epoch: 6 | Loss: *0.660* | Acc: *77.374%* (38687/50000) 
Test epoch: 6 | Loss: *0.878* | Acc: *71.310%* (7131/10000)
Train epoch: 7 | Loss: *0.600* | Acc: *79.522%* (39761/50000) 
Test epoch: 7 | Loss: *0.643* | Acc: *77.720%* (7772/10000)
Train epoch: 8 | Loss: *0.557* | Acc: *80.776%* (40388/50000) 
Test epoch: 8 | Loss: *0.694* | Acc: *76.560%* (7656/10000)
Train epoch: 9 | Loss: *0.524* | Acc: *81.986%* (40993/50000) 
Test epoch: 9 | Loss: *0.591* | Acc: *79.670%* (7967/10000)
Train epoch: 10 | Loss: *0.494* | Acc: *82.930%* (41465/50000) 
Test epoch: 10 | Loss: *0.563* | Acc: *81.050%* (8105/10000)
Train epoch: 11 | Loss: *0.469* | Acc: *84.180%* (42090/50000) 
Test epoch: 11 | Loss: *0.630* | Acc: *79.520%* (7952/10000)
Train epoch: 12 | Loss: *0.452* | Acc: *84.648%* (42324/50000) 
Test epoch: 12 | Loss: *0.568* | Acc: *81.000%* (8100/10000)
Train epoch: 13 | Loss: *0.434* | Acc: *85.142%* (42571/50000) 
Test epoch: 13 | Loss: *0.502* | Acc: *82.730%* (8273/10000)
Train epoch: 14 | Loss: *0.412* | Acc: *85.976%* (42988/50000) 
Test epoch: 14 | Loss: *0.656* | Acc: *79.870%* (7987/10000)
Train epoch: 15 | Loss: *0.402* | Acc: *86.298%* (43149/50000) 
Test epoch: 15 | Loss: *0.472* | Acc: *84.030%* (8403/10000)
Train epoch: 16 | Loss: *0.386* | Acc: *86.880%* (43440/50000) 
Test epoch: 16 | Loss: *0.484* | Acc: *83.620%* (8362/10000)
Train epoch: 17 | Loss: *0.384* | Acc: *86.832%* (43416/50000) 
Test epoch: 17 | Loss: *0.455* | Acc: *85.210%* (8521/10000)
Train epoch: 18 | Loss: *0.365* | Acc: *87.620%* (43810/50000) 
Test epoch: 18 | Loss: *0.494* | Acc: *83.680%* (8368/10000)
Train epoch: 19 | Loss: *0.360* | Acc: *87.668%* (43834/50000) 
Test epoch: 19 | Loss: *0.573* | Acc: *81.750%* (8175/10000)
Train epoch: 20 | Loss: *0.350* | Acc: *87.930%* (43965/50000) 
Test epoch: 20 | Loss: *0.507* | Acc: *83.660%* (8366/10000)
Train epoch: 21 | Loss: *0.342* | Acc: *88.408%* (44204/50000) 
Test epoch: 21 | Loss: *0.493* | Acc: *83.850%* (8385/10000)
Train epoch: 22 | Loss: *0.337* | Acc: *88.412%* (44206/50000) 
Test epoch: 22 | Loss: *0.412* | Acc: *86.500%* (8650/10000)
Train epoch: 23 | Loss: *0.330* | Acc: *88.752%* (44376/50000) 
Test epoch: 23 | Loss: *0.457* | Acc: *85.540%* (8554/10000)
Train epoch: 24 | Loss: *0.324* | Acc: *88.956%* (44478/50000) 
Test epoch: 24 | Loss: *0.444* | Acc: *85.350%* (8535/10000)
Train epoch: 25 | Loss: *0.316* | Acc: *89.260%* (44630/50000) 
Test epoch: 25 | Loss: *0.437* | Acc: *85.720%* (8572/10000)
Train epoch: 26 | Loss: *0.310* | Acc: *89.436%* (44718/50000) 
Test epoch: 26 | Loss: *0.506* | Acc: *83.920%* (8392/10000)
Train epoch: 27 | Loss: *0.311* | Acc: *89.406%* (44703/50000) 
Test epoch: 27 | Loss: *0.480* | Acc: *84.600%* (8460/10000)
Train epoch: 28 | Loss: *0.300* | Acc: *89.700%* (44850/50000) 
Test epoch: 28 | Loss: *0.439* | Acc: *85.190%* (8519/10000)
Train epoch: 29 | Loss: *0.300* | Acc: *89.660%* (44830/50000) 
Test epoch: 29 | Loss: *0.499* | Acc: *84.160%* (8416/10000)
Train epoch: 30 | Loss: *0.289* | Acc: *89.988%* (44994/50000) 
Test epoch: 30 | Loss: *0.429* | Acc: *85.990%* (8599/10000)
Train epoch: 31 | Loss: *0.291* | Acc: *90.056%* (45028/50000) 
Test epoch: 31 | Loss: *0.415* | Acc: *86.590%* (8659/10000)
Train epoch: 32 | Loss: *0.284* | Acc: *90.268%* (45134/50000) 
Test epoch: 32 | Loss: *0.471* | Acc: *85.000%* (8500/10000)
Train epoch: 33 | Loss: *0.283* | Acc: *90.260%* (45130/50000) 
Test epoch: 33 | Loss: *0.382* | Acc: *87.450%* (8745/10000)
Train epoch: 34 | Loss: *0.274* | Acc: *90.694%* (45347/50000) 
Test epoch: 34 | Loss: *0.477* | Acc: *84.850%* (8485/10000)
Train epoch: 35 | Loss: *0.274* | Acc: *90.606%* (45303/50000) 
Test epoch: 35 | Loss: *0.471* | Acc: *85.350%* (8535/10000)
Train epoch: 36 | Loss: *0.275* | Acc: *90.662%* (45331/50000) 
Test epoch: 36 | Loss: *0.388* | Acc: *87.420%* (8742/10000)
Train epoch: 37 | Loss: *0.267* | Acc: *91.040%* (45520/50000) 
Test epoch: 37 | Loss: *0.383* | Acc: *87.360%* (8736/10000)
Train epoch: 38 | Loss: *0.263* | Acc: *90.908%* (45454/50000) 
Test epoch: 38 | Loss: *0.471* | Acc: *85.310%* (8531/10000)
Train epoch: 39 | Loss: *0.262* | Acc: *91.070%* (45535/50000) 
Test epoch: 39 | Loss: *0.434* | Acc: *86.350%* (8635/10000)
Train epoch: 40 | Loss: *0.258* | Acc: *91.146%* (45573/50000) 
Test epoch: 40 | Loss: *0.451* | Acc: *86.120%* (8612/10000)
Train epoch: 41 | Loss: *0.259* | Acc: *91.146%* (45573/50000) 
Test epoch: 41 | Loss: *0.369* | Acc: *87.800%* (8780/10000)
Train epoch: 42 | Loss: *0.254* | Acc: *91.426%* (45713/50000) 
Test epoch: 42 | Loss: *0.471* | Acc: *85.080%* (8508/10000)
Train epoch: 43 | Loss: *0.250* | Acc: *91.388%* (45694/50000) 
Test epoch: 43 | Loss: *0.415* | Acc: *87.110%* (8711/10000)
Train epoch: 44 | Loss: *0.246* | Acc: *91.594%* (45797/50000) 
Test epoch: 44 | Loss: *0.403* | Acc: *87.080%* (8708/10000)
Train epoch: 45 | Loss: *0.244* | Acc: *91.414%* (45707/50000) 
Test epoch: 45 | Loss: *0.385* | Acc: *87.590%* (8759/10000)
Train epoch: 46 | Loss: *0.241* | Acc: *91.710%* (45855/50000) 
Test epoch: 46 | Loss: *0.547* | Acc: *83.540%* (8354/10000)
Train epoch: 47 | Loss: *0.241* | Acc: *91.664%* (45832/50000) 
Test epoch: 47 | Loss: *0.437* | Acc: *86.150%* (8615/10000)
Train epoch: 48 | Loss: *0.237* | Acc: *91.752%* (45876/50000) 
Test epoch: 48 | Loss: *0.537* | Acc: *84.340%* (8434/10000)
Train epoch: 49 | Loss: *0.235* | Acc: *91.956%* (45978/50000) 
Test epoch: 49 | Loss: *0.385* | Acc: *87.730%* (8773/10000)
Train epoch: 50 | Loss: *0.229* | Acc: *92.034%* (46017/50000) 
Test epoch: 50 | Loss: *0.430* | Acc: *87.020%* (8702/10000)
Train epoch: 51 | Loss: *0.231* | Acc: *92.114%* (46057/50000) 
Test epoch: 51 | Loss: *0.427* | Acc: *86.760%* (8676/10000)
Train epoch: 52 | Loss: *0.226* | Acc: *92.312%* (46156/50000) 
Test epoch: 52 | Loss: *0.431* | Acc: *86.840%* (8684/10000)
Train epoch: 53 | Loss: *0.222* | Acc: *92.388%* (46194/50000) 
Test epoch: 53 | Loss: *0.406* | Acc: *87.870%* (8787/10000)
Train epoch: 54 | Loss: *0.226* | Acc: *92.182%* (46091/50000) 
Test epoch: 54 | Loss: *0.465* | Acc: *85.940%* (8594/10000)
Train epoch: 55 | Loss: *0.219* | Acc: *92.526%* (46263/50000) 
Test epoch: 55 | Loss: *0.380* | Acc: *87.990%* (8799/10000)
Train epoch: 56 | Loss: *0.218* | Acc: *92.516%* (46258/50000) 
Test epoch: 56 | Loss: *0.379* | Acc: *88.330%* (8833/10000)
Train epoch: 57 | Loss: *0.214* | Acc: *92.684%* (46342/50000) 
Test epoch: 57 | Loss: *0.500* | Acc: *85.450%* (8545/10000)
Train epoch: 58 | Loss: *0.211* | Acc: *92.840%* (46420/50000) 
Test epoch: 58 | Loss: *0.408* | Acc: *87.590%* (8759/10000)
Train epoch: 59 | Loss: *0.211* | Acc: *92.834%* (46417/50000) 
Test epoch: 59 | Loss: *0.462* | Acc: *85.760%* (8576/10000)
Train epoch: 60 | Loss: *0.206* | Acc: *92.908%* (46454/50000) 
Test epoch: 60 | Loss: *0.453* | Acc: *86.700%* (8670/10000)
Train epoch: 61 | Loss: *0.203* | Acc: *92.994%* (46497/50000) 
Test epoch: 61 | Loss: *0.390* | Acc: *87.810%* (8781/10000)
Train epoch: 62 | Loss: *0.202* | Acc: *93.004%* (46502/50000) 
Test epoch: 62 | Loss: *0.376* | Acc: *88.560%* (8856/10000)
Train epoch: 63 | Loss: *0.208* | Acc: *92.846%* (46423/50000) 
Test epoch: 63 | Loss: *0.361* | Acc: *88.620%* (8862/10000)
Train epoch: 64 | Loss: *0.201* | Acc: *93.142%* (46571/50000) 
Test epoch: 64 | Loss: *0.393* | Acc: *87.770%* (8777/10000)
Train epoch: 65 | Loss: *0.192* | Acc: *93.440%* (46720/50000) 
Test epoch: 65 | Loss: *0.425* | Acc: *87.180%* (8718/10000)
Train epoch: 66 | Loss: *0.200* | Acc: *93.112%* (46556/50000) 
Test epoch: 66 | Loss: *0.393* | Acc: *87.530%* (8753/10000)
Train epoch: 67 | Loss: *0.195* | Acc: *93.304%* (46652/50000) 
Test epoch: 67 | Loss: *0.382* | Acc: *87.980%* (8798/10000)
Train epoch: 68 | Loss: *0.191* | Acc: *93.386%* (46693/50000) 
Test epoch: 68 | Loss: *0.365* | Acc: *89.140%* (8914/10000)
Train epoch: 69 | Loss: *0.187* | Acc: *93.598%* (46799/50000) 
Test epoch: 69 | Loss: *0.432* | Acc: *87.040%* (8704/10000)
Train epoch: 70 | Loss: *0.186* | Acc: *93.550%* (46775/50000) 
Test epoch: 70 | Loss: *0.348* | Acc: *89.020%* (8902/10000)
Train epoch: 71 | Loss: *0.177* | Acc: *93.996%* (46998/50000) 
Test epoch: 71 | Loss: *0.400* | Acc: *88.060%* (8806/10000)
Train epoch: 72 | Loss: *0.182* | Acc: *93.778%* (46889/50000) 
Test epoch: 72 | Loss: *0.423* | Acc: *87.160%* (8716/10000)
Train epoch: 73 | Loss: *0.180* | Acc: *93.756%* (46878/50000) 
Test epoch: 73 | Loss: *0.400* | Acc: *88.370%* (8837/10000)
Train epoch: 74 | Loss: *0.177* | Acc: *93.904%* (46952/50000) 
Test epoch: 74 | Loss: *0.435* | Acc: *86.990%* (8699/10000)
Train epoch: 75 | Loss: *0.173* | Acc: *94.114%* (47057/50000) 
Test epoch: 75 | Loss: *0.433* | Acc: *87.270%* (8727/10000)
Train epoch: 76 | Loss: *0.178* | Acc: *93.862%* (46931/50000) 
Test epoch: 76 | Loss: *0.444* | Acc: *86.610%* (8661/10000)
Train epoch: 77 | Loss: *0.165* | Acc: *94.274%* (47137/50000) 
Test epoch: 77 | Loss: *0.385* | Acc: *88.380%* (8838/10000)
Train epoch: 78 | Loss: *0.166* | Acc: *94.186%* (47093/50000) 
Test epoch: 78 | Loss: *0.391* | Acc: *88.350%* (8835/10000)
Train epoch: 79 | Loss: *0.165* | Acc: *94.334%* (47167/50000) 
Test epoch: 79 | Loss: *0.382* | Acc: *88.550%* (8855/10000)
Train epoch: 80 | Loss: *0.163* | Acc: *94.412%* (47206/50000) 
Test epoch: 80 | Loss: *0.391* | Acc: *88.460%* (8846/10000)
Train epoch: 81 | Loss: *0.162* | Acc: *94.516%* (47258/50000) 
Test epoch: 81 | Loss: *0.366* | Acc: *88.980%* (8898/10000)
Train epoch: 82 | Loss: *0.154* | Acc: *94.650%* (47325/50000) 
Test epoch: 82 | Loss: *0.367* | Acc: *88.970%* (8897/10000)
Train epoch: 83 | Loss: *0.157* | Acc: *94.542%* (47271/50000) 
Test epoch: 83 | Loss: *0.405* | Acc: *88.150%* (8815/10000)
Train epoch: 84 | Loss: *0.153* | Acc: *94.736%* (47368/50000) 
Test epoch: 84 | Loss: *0.441* | Acc: *87.250%* (8725/10000)
Train epoch: 85 | Loss: *0.149* | Acc: *94.930%* (47465/50000) 
Test epoch: 85 | Loss: *0.406* | Acc: *88.230%* (8823/10000)
Train epoch: 86 | Loss: *0.153* | Acc: *94.734%* (47367/50000) 
Test epoch: 86 | Loss: *0.366* | Acc: *89.400%* (8940/10000)
Train epoch: 87 | Loss: *0.144* | Acc: *94.968%* (47484/50000) 
Test epoch: 87 | Loss: *0.412* | Acc: *87.970%* (8797/10000)
Train epoch: 88 | Loss: *0.146* | Acc: *95.004%* (47502/50000) 
Test epoch: 88 | Loss: *0.511* | Acc: *86.150%* (8615/10000)
Train epoch: 89 | Loss: *0.142* | Acc: *95.232%* (47616/50000) 
Test epoch: 89 | Loss: *0.364* | Acc: *89.210%* (8921/10000)
Train epoch: 90 | Loss: *0.143* | Acc: *95.116%* (47558/50000) 
Test epoch: 90 | Loss: *0.428* | Acc: *87.930%* (8793/10000)
Train epoch: 91 | Loss: *0.136* | Acc: *95.354%* (47677/50000) 
Test epoch: 91 | Loss: *0.399* | Acc: *88.570%* (8857/10000)
Train epoch: 92 | Loss: *0.137* | Acc: *95.368%* (47684/50000) 
Test epoch: 92 | Loss: *0.387* | Acc: *88.730%* (8873/10000)
Train epoch: 93 | Loss: *0.138* | Acc: *95.242%* (47621/50000) 
Test epoch: 93 | Loss: *0.384* | Acc: *88.950%* (8895/10000)
Train epoch: 94 | Loss: *0.129* | Acc: *95.562%* (47781/50000) 
Test epoch: 94 | Loss: *0.362* | Acc: *89.560%* (8956/10000)
Train epoch: 95 | Loss: *0.128* | Acc: *95.742%* (47871/50000) 
Test epoch: 95 | Loss: *0.369* | Acc: *89.550%* (8955/10000)
Train epoch: 96 | Loss: *0.131* | Acc: *95.520%* (47760/50000) 
Test epoch: 96 | Loss: *0.403* | Acc: *88.460%* (8846/10000)
Train epoch: 97 | Loss: *0.130* | Acc: *95.524%* (47762/50000) 
Test epoch: 97 | Loss: *0.413* | Acc: *88.210%* (8821/10000)
Train epoch: 98 | Loss: *0.123* | Acc: *95.846%* (47923/50000) 
Test epoch: 98 | Loss: *0.377* | Acc: *89.040%* (8904/10000)
Train epoch: 99 | Loss: *0.116* | Acc: *96.120%* (48060/50000) 
Test epoch: 99 | Loss: *0.394* | Acc: *88.890%* (8889/10000)
Train epoch: 100 | Loss: *0.119* | Acc: *95.964%* (47982/50000) 
Test epoch: 100 | Loss: *0.422* | Acc: *88.640%* (8864/10000)
Train epoch: 101 | Loss: *0.121* | Acc: *95.880%* (47940/50000) 
Test epoch: 101 | Loss: *0.418* | Acc: *88.500%* (8850/10000)
Train epoch: 102 | Loss: *0.113* | Acc: *96.026%* (48013/50000) 
Test epoch: 102 | Loss: *0.422* | Acc: *88.110%* (8811/10000)
Train epoch: 103 | Loss: *0.109* | Acc: *96.264%* (48132/50000) 
Test epoch: 103 | Loss: *0.401* | Acc: *89.160%* (8916/10000)
Train epoch: 104 | Loss: *0.110* | Acc: *96.220%* (48110/50000) 
Test epoch: 104 | Loss: *0.386* | Acc: *88.940%* (8894/10000)
Train epoch: 105 | Loss: *0.110* | Acc: *96.274%* (48137/50000) 
Test epoch: 105 | Loss: *0.392* | Acc: *89.220%* (8922/10000)
Train epoch: 106 | Loss: *0.104* | Acc: *96.526%* (48263/50000) 
Test epoch: 106 | Loss: *0.457* | Acc: *88.260%* (8826/10000)
Train epoch: 107 | Loss: *0.103* | Acc: *96.578%* (48289/50000) 
Test epoch: 107 | Loss: *0.395* | Acc: *89.060%* (8906/10000)
Train epoch: 108 | Loss: *0.099* | Acc: *96.636%* (48318/50000) 
Test epoch: 108 | Loss: *0.374* | Acc: *89.200%* (8920/10000)
Train epoch: 109 | Loss: *0.101* | Acc: *96.554%* (48277/50000) 
Test epoch: 109 | Loss: *0.410* | Acc: *89.050%* (8905/10000)
Train epoch: 110 | Loss: *0.099* | Acc: *96.716%* (48358/50000) 
Test epoch: 110 | Loss: *0.405* | Acc: *89.420%* (8942/10000)
Train epoch: 111 | Loss: *0.095* | Acc: *96.790%* (48395/50000) 
Test epoch: 111 | Loss: *0.426* | Acc: *88.880%* (8888/10000)
Train epoch: 112 | Loss: *0.095* | Acc: *96.728%* (48364/50000) 
Test epoch: 112 | Loss: *0.417* | Acc: *88.650%* (8865/10000)
Train epoch: 113 | Loss: *0.097* | Acc: *96.786%* (48393/50000) 
Test epoch: 113 | Loss: *0.373* | Acc: *90.100%* (9010/10000)
Train epoch: 114 | Loss: *0.088* | Acc: *97.024%* (48512/50000) 
Test epoch: 114 | Loss: *0.356* | Acc: *90.190%* (9019/10000)
Train epoch: 115 | Loss: *0.084* | Acc: *97.112%* (48556/50000) 
Test epoch: 115 | Loss: *0.384* | Acc: *89.700%* (8970/10000)
Train epoch: 116 | Loss: *0.083* | Acc: *97.310%* (48655/50000) 
Test epoch: 116 | Loss: *0.378* | Acc: *89.630%* (8963/10000)
Train epoch: 117 | Loss: *0.080* | Acc: *97.336%* (48668/50000) 
Test epoch: 117 | Loss: *0.412* | Acc: *89.170%* (8917/10000)
Train epoch: 118 | Loss: *0.087* | Acc: *97.038%* (48519/50000) 
Test epoch: 118 | Loss: *0.396* | Acc: *89.610%* (8961/10000)
Train epoch: 119 | Loss: *0.081* | Acc: *97.302%* (48651/50000) 
Test epoch: 119 | Loss: *0.382* | Acc: *89.730%* (8973/10000)
Train epoch: 120 | Loss: *0.076* | Acc: *97.424%* (48712/50000) 
Test epoch: 120 | Loss: *0.372* | Acc: *90.140%* (9014/10000)
Train epoch: 121 | Loss: *0.076* | Acc: *97.512%* (48756/50000) 
Test epoch: 121 | Loss: *0.374* | Acc: *90.110%* (9011/10000)
Train epoch: 122 | Loss: *0.075* | Acc: *97.490%* (48745/50000) 
Test epoch: 122 | Loss: *0.381* | Acc: *89.790%* (8979/10000)
Train epoch: 123 | Loss: *0.071* | Acc: *97.644%* (48822/50000) 
Test epoch: 123 | Loss: *0.378* | Acc: *89.760%* (8976/10000)
Train epoch: 124 | Loss: *0.070* | Acc: *97.710%* (48855/50000) 
Test epoch: 124 | Loss: *0.370* | Acc: *90.320%* (9032/10000)
Train epoch: 125 | Loss: *0.065* | Acc: *97.810%* (48905/50000) 
Test epoch: 125 | Loss: *0.390* | Acc: *90.090%* (9009/10000)
Train epoch: 126 | Loss: *0.064* | Acc: *97.902%* (48951/50000) 
Test epoch: 126 | Loss: *0.423* | Acc: *89.230%* (8923/10000)
Train epoch: 127 | Loss: *0.062* | Acc: *97.986%* (48993/50000) 
Test epoch: 127 | Loss: *0.367* | Acc: *90.560%* (9056/10000)
Train epoch: 128 | Loss: *0.058* | Acc: *98.094%* (49047/50000) 
Test epoch: 128 | Loss: *0.411* | Acc: *89.870%* (8987/10000)
Train epoch: 129 | Loss: *0.059* | Acc: *97.984%* (48992/50000) 
Test epoch: 129 | Loss: *0.394* | Acc: *90.160%* (9016/10000)
Train epoch: 130 | Loss: *0.057* | Acc: *98.162%* (49081/50000) 
Test epoch: 130 | Loss: *0.373* | Acc: *90.380%* (9038/10000)
Train epoch: 131 | Loss: *0.056* | Acc: *98.204%* (49102/50000) 
Test epoch: 131 | Loss: *0.407* | Acc: *90.000%* (9000/10000)
Train epoch: 132 | Loss: *0.055* | Acc: *98.218%* (49109/50000) 
Test epoch: 132 | Loss: *0.393* | Acc: *90.260%* (9026/10000)
Train epoch: 133 | Loss: *0.052* | Acc: *98.352%* (49176/50000) 
Test epoch: 133 | Loss: *0.373* | Acc: *90.900%* (9090/10000)
Train epoch: 134 | Loss: *0.053* | Acc: *98.314%* (49157/50000) 
Test epoch: 134 | Loss: *0.389* | Acc: *90.150%* (9015/10000)
Train epoch: 135 | Loss: *0.050* | Acc: *98.430%* (49215/50000) 
Test epoch: 135 | Loss: *0.395* | Acc: *90.200%* (9020/10000)
Train epoch: 136 | Loss: *0.046* | Acc: *98.524%* (49262/50000) 
Test epoch: 136 | Loss: *0.388* | Acc: *90.530%* (9053/10000)
Train epoch: 137 | Loss: *0.047* | Acc: *98.530%* (49265/50000) 
Test epoch: 137 | Loss: *0.371* | Acc: *90.720%* (9072/10000)
Train epoch: 138 | Loss: *0.042* | Acc: *98.668%* (49334/50000) 
Test epoch: 138 | Loss: *0.385* | Acc: *90.340%* (9034/10000)
Train epoch: 139 | Loss: *0.041* | Acc: *98.728%* (49364/50000) 
Test epoch: 139 | Loss: *0.371* | Acc: *90.990%* (9099/10000)
Train epoch: 140 | Loss: *0.040* | Acc: *98.768%* (49384/50000) 
Test epoch: 140 | Loss: *0.409* | Acc: *90.140%* (9014/10000)
Train epoch: 141 | Loss: *0.041* | Acc: *98.686%* (49343/50000) 
Test epoch: 141 | Loss: *0.372* | Acc: *90.880%* (9088/10000)
Train epoch: 142 | Loss: *0.038* | Acc: *98.804%* (49402/50000) 
Test epoch: 142 | Loss: *0.383* | Acc: *90.540%* (9054/10000)
Train epoch: 143 | Loss: *0.036* | Acc: *98.926%* (49463/50000) 
Test epoch: 143 | Loss: *0.384* | Acc: *90.630%* (9063/10000)
Train epoch: 144 | Loss: *0.034* | Acc: *98.980%* (49490/50000) 
Test epoch: 144 | Loss: *0.388* | Acc: *90.340%* (9034/10000)
Train epoch: 145 | Loss: *0.032* | Acc: *99.022%* (49511/50000) 
Test epoch: 145 | Loss: *0.398* | Acc: *90.560%* (9056/10000)
Train epoch: 146 | Loss: *0.031* | Acc: *99.084%* (49542/50000) 
Test epoch: 146 | Loss: *0.392* | Acc: *91.300%* (9130/10000)
Train epoch: 147 | Loss: *0.031* | Acc: *99.062%* (49531/50000) 
Test epoch: 147 | Loss: *0.374* | Acc: *91.280%* (9128/10000)
Train epoch: 148 | Loss: *0.031* | Acc: *99.090%* (49545/50000) 
Test epoch: 148 | Loss: *0.388* | Acc: *90.840%* (9084/10000)
Train epoch: 149 | Loss: *0.027* | Acc: *99.238%* (49619/50000) 
Test epoch: 149 | Loss: *0.368* | Acc: *91.380%* (9138/10000)
Train epoch: 150 | Loss: *0.026* | Acc: *99.284%* (49642/50000) 
Test epoch: 150 | Loss: *0.373* | Acc: *91.250%* (9125/10000)
Train epoch: 151 | Loss: *0.025* | Acc: *99.296%* (49648/50000) 
Test epoch: 151 | Loss: *0.379* | Acc: *91.350%* (9135/10000)
Train epoch: 152 | Loss: *0.026* | Acc: *99.240%* (49620/50000) 
Test epoch: 152 | Loss: *0.404* | Acc: *90.790%* (9079/10000)
Train epoch: 153 | Loss: *0.027* | Acc: *99.236%* (49618/50000) 
Test epoch: 153 | Loss: *0.376* | Acc: *91.250%* (9125/10000)
Train epoch: 154 | Loss: *0.025* | Acc: *99.306%* (49653/50000) 
Test epoch: 154 | Loss: *0.373* | Acc: *91.050%* (9105/10000)
Train epoch: 155 | Loss: *0.022* | Acc: *99.436%* (49718/50000) 
Test epoch: 155 | Loss: *0.375* | Acc: *91.510%* (9151/10000)
Train epoch: 156 | Loss: *0.021* | Acc: *99.464%* (49732/50000) 
Test epoch: 156 | Loss: *0.367* | Acc: *91.360%* (9136/10000)
Train epoch: 157 | Loss: *0.019* | Acc: *99.558%* (49779/50000) 
Test epoch: 157 | Loss: *0.370* | Acc: *91.400%* (9140/10000)
Train epoch: 158 | Loss: *0.019* | Acc: *99.540%* (49770/50000) 
Test epoch: 158 | Loss: *0.374* | Acc: *91.280%* (9128/10000)
Train epoch: 159 | Loss: *0.020* | Acc: *99.468%* (49734/50000) 
Test epoch: 159 | Loss: *0.374* | Acc: *91.330%* (9133/10000)
Train epoch: 160 | Loss: *0.017* | Acc: *99.604%* (49802/50000) 
Test epoch: 160 | Loss: *0.375* | Acc: *91.370%* (9137/10000)
Train epoch: 161 | Loss: *0.015* | Acc: *99.678%* (49839/50000) 
Test epoch: 161 | Loss: *0.372* | Acc: *91.240%* (9124/10000)
Train epoch: 162 | Loss: *0.015* | Acc: *99.628%* (49814/50000) 
Test epoch: 162 | Loss: *0.374* | Acc: *91.340%* (9134/10000)
Train epoch: 163 | Loss: *0.016* | Acc: *99.612%* (49806/50000) 
Test epoch: 163 | Loss: *0.378* | Acc: *91.180%* (9118/10000)
Train epoch: 164 | Loss: *0.015* | Acc: *99.666%* (49833/50000) 
Test epoch: 164 | Loss: *0.363* | Acc: *91.600%* (9160/10000)
Train epoch: 165 | Loss: *0.013* | Acc: *99.756%* (49878/50000) 
Test epoch: 165 | Loss: *0.365* | Acc: *91.400%* (9140/10000)
Train epoch: 166 | Loss: *0.013* | Acc: *99.744%* (49872/50000) 
Test epoch: 166 | Loss: *0.369* | Acc: *91.630%* (9163/10000)
Train epoch: 167 | Loss: *0.012* | Acc: *99.768%* (49884/50000) 
Test epoch: 167 | Loss: *0.373* | Acc: *91.160%* (9116/10000)
Train epoch: 168 | Loss: *0.012* | Acc: *99.764%* (49882/50000) 
Test epoch: 168 | Loss: *0.358* | Acc: *91.440%* (9144/10000)
Train epoch: 169 | Loss: *0.011* | Acc: *99.786%* (49893/50000) 
Test epoch: 169 | Loss: *0.361* | Acc: *91.710%* (9171/10000)
Train epoch: 170 | Loss: *0.012* | Acc: *99.776%* (49888/50000) 
Test epoch: 170 | Loss: *0.355* | Acc: *91.780%* (9178/10000)
Train epoch: 171 | Loss: *0.009* | Acc: *99.864%* (49932/50000) 
Test epoch: 171 | Loss: *0.361* | Acc: *91.540%* (9154/10000)
Train epoch: 172 | Loss: *0.010* | Acc: *99.838%* (49919/50000) 
Test epoch: 172 | Loss: *0.356* | Acc: *91.680%* (9168/10000)
Train epoch: 173 | Loss: *0.009* | Acc: *99.846%* (49923/50000) 
Test epoch: 173 | Loss: *0.354* | Acc: *91.890%* (9189/10000)
Train epoch: 174 | Loss: *0.009* | Acc: *99.836%* (49918/50000) 
Test epoch: 174 | Loss: *0.353* | Acc: *91.670%* (9167/10000)
Train epoch: 175 | Loss: *0.009* | Acc: *99.848%* (49924/50000) 
Test epoch: 175 | Loss: *0.360* | Acc: *91.530%* (9153/10000)
Train epoch: 176 | Loss: *0.008* | Acc: *99.904%* (49952/50000) 
Test epoch: 176 | Loss: *0.353* | Acc: *91.880%* (9188/10000)
Train epoch: 177 | Loss: *0.007* | Acc: *99.898%* (49949/50000) 
Test epoch: 177 | Loss: *0.353* | Acc: *91.750%* (9175/10000)
Train epoch: 178 | Loss: *0.007* | Acc: *99.900%* (49950/50000) 
Test epoch: 178 | Loss: *0.361* | Acc: *91.710%* (9171/10000)
Train epoch: 179 | Loss: *0.007* | Acc: *99.912%* (49956/50000) 
Test epoch: 179 | Loss: *0.364* | Acc: *91.710%* (9171/10000)
Train epoch: 180 | Loss: *0.007* | Acc: *99.908%* (49954/50000) 
Test epoch: 180 | Loss: *0.362* | Acc: *91.700%* (9170/10000)
Train epoch: 181 | Loss: *0.006* | Acc: *99.924%* (49962/50000) 
Test epoch: 181 | Loss: *0.359* | Acc: *91.750%* (9175/10000)
Train epoch: 182 | Loss: *0.006* | Acc: *99.944%* (49972/50000) 
Test epoch: 182 | Loss: *0.356* | Acc: *91.790%* (9179/10000)
Train epoch: 183 | Loss: *0.007* | Acc: *99.916%* (49958/50000) 
Test epoch: 183 | Loss: *0.356* | Acc: *91.830%* (9183/10000)
Train epoch: 184 | Loss: *0.007* | Acc: *99.922%* (49961/50000) 
Test epoch: 184 | Loss: *0.363* | Acc: *91.570%* (9157/10000)
Train epoch: 185 | Loss: *0.006* | Acc: *99.928%* (49964/50000) 
Test epoch: 185 | Loss: *0.358* | Acc: *91.720%* (9172/10000)
Train epoch: 186 | Loss: *0.006* | Acc: *99.958%* (49979/50000) 
Test epoch: 186 | Loss: *0.356* | Acc: *91.800%* (9180/10000)
Train epoch: 187 | Loss: *0.006* | Acc: *99.952%* (49976/50000) 
Test epoch: 187 | Loss: *0.354* | Acc: *91.760%* (9176/10000)
Train epoch: 188 | Loss: *0.006* | Acc: *99.964%* (49982/50000) 
Test epoch: 188 | Loss: *0.355* | Acc: *91.830%* (9183/10000)
Train epoch: 189 | Loss: *0.005* | Acc: *99.962%* (49981/50000) 
Test epoch: 189 | Loss: *0.354* | Acc: *91.750%* (9175/10000)
Train epoch: 190 | Loss: *0.005* | Acc: *99.974%* (49987/50000) 
Test epoch: 190 | Loss: *0.351* | Acc: *91.740%* (9174/10000)
Train epoch: 191 | Loss: *0.005* | Acc: *99.960%* (49980/50000) 
Test epoch: 191 | Loss: *0.356* | Acc: *91.780%* (9178/10000)
Train epoch: 192 | Loss: *0.006* | Acc: *99.960%* (49980/50000) 
Test epoch: 192 | Loss: *0.354* | Acc: *91.800%* (9180/10000)
Train epoch: 193 | Loss: *0.005* | Acc: *99.964%* (49982/50000) 
Test epoch: 193 | Loss: *0.349* | Acc: *91.780%* (9178/10000)
Train epoch: 194 | Loss: *0.005* | Acc: *99.978%* (49989/50000) 
Test epoch: 194 | Loss: *0.350* | Acc: *91.740%* (9174/10000)
Train epoch: 195 | Loss: *0.005* | Acc: *99.952%* (49976/50000) 
Test epoch: 195 | Loss: *0.349* | Acc: *91.780%* (9178/10000)
Train epoch: 196 | Loss: *0.005* | Acc: *99.956%* (49978/50000) 
Test epoch: 196 | Loss: *0.352* | Acc: *91.720%* (9172/10000)
Train epoch: 197 | Loss: *0.005* | Acc: *99.970%* (49985/50000) 
Test epoch: 197 | Loss: *0.350* | Acc: *91.910%* (9191/10000)
Train epoch: 198 | Loss: *0.005* | Acc: *99.968%* (49984/50000) 
Test epoch: 198 | Loss: *0.348* | Acc: *91.840%* (9184/10000)
Train epoch: 199 | Loss: *0.005* | Acc: *99.972%* (49986/50000) 
Test epoch: 199 | Loss: *0.351* | Acc: *91.680%* (9168/10000)
Train epoch: 200 | Loss: *0.005* | Acc: *99.970%* (49985/50000) 
Test epoch: 200 | Loss: *0.349* | Acc: *91.800%* (9180/10000)
Train epoch: 201 | Loss: *0.005* | Acc: *99.972%* (49986/50000) 
Test epoch: 201 | Loss: *0.351* | Acc: *91.780%* (9178/10000)
Train epoch: 202 | Loss: *0.005* | Acc: *99.974%* (49987/50000) 
Test epoch: 202 | Loss: *0.348* | Acc: *91.870%* (9187/10000)
Train epoch: 203 | Loss: *0.005* | Acc: *99.972%* (49986/50000) 
Test epoch: 203 | Loss: *0.350* | Acc: *91.850%* (9185/10000)
Train epoch: 204 | Loss: *0.005* | Acc: *99.960%* (49980/50000) 
Test epoch: 204 | Loss: *0.350* | Acc: *91.760%* (9176/10000)
Train epoch: 205 | Loss: *0.005* | Acc: *99.976%* (49988/50000) 
Test epoch: 205 | Loss: *0.352* | Acc: *91.800%* (9180/10000)
Train epoch: 206 | Loss: *0.005* | Acc: *99.972%* (49986/50000) 
Test epoch: 206 | Loss: *0.350* | Acc: *91.870%* (9187/10000)
Train epoch: 207 | Loss: *0.005* | Acc: *99.978%* (49989/50000) 
Test epoch: 207 | Loss: *0.353* | Acc: *91.860%* (9186/10000)
Train epoch: 208 | Loss: *0.005* | Acc: *99.980%* (49990/50000) 
Test epoch: 208 | Loss: *0.348* | Acc: *91.910%* (9191/10000)
Train epoch: 209 | Loss: *0.005* | Acc: *99.958%* (49979/50000) 
Test epoch: 209 | Loss: *0.351* | Acc: *91.810%* (9181/10000)
Train epoch: 210 | Loss: *0.005* | Acc: *99.974%* (49987/50000) 
Test epoch: 210 | Loss: *0.352* | Acc: *91.770%* (9177/10000)
Train epoch: 211 | Loss: *0.005* | Acc: *99.952%* (49976/50000) 
Test epoch: 211 | Loss: *0.350* | Acc: *91.950%* (9195/10000)
Train epoch: 212 | Loss: *0.005* | Acc: *99.968%* (49984/50000) 
Test epoch: 212 | Loss: *0.350* | Acc: *92.000%* (9200/10000)
Train epoch: 213 | Loss: *0.005* | Acc: *99.974%* (49987/50000) 
Test epoch: 213 | Loss: *0.347* | Acc: *91.910%* (9191/10000)
Train epoch: 214 | Loss: *0.005* | Acc: *99.960%* (49980/50000) 
Test epoch: 214 | Loss: *0.352* | Acc: *91.830%* (9183/10000)
Train epoch: 215 | Loss: *0.005* | Acc: *99.944%* (49972/50000) 
Test epoch: 215 | Loss: *0.350* | Acc: *91.860%* (9186/10000)
Train epoch: 216 | Loss: *0.005* | Acc: *99.982%* (49991/50000) 
Test epoch: 216 | Loss: *0.354* | Acc: *91.880%* (9188/10000)
Train epoch: 217 | Loss: *0.006* | Acc: *99.950%* (49975/50000) 
Test epoch: 217 | Loss: *0.350* | Acc: *91.790%* (9179/10000)
Train epoch: 218 | Loss: *0.006* | Acc: *99.954%* (49977/50000) 
Test epoch: 218 | Loss: *0.355* | Acc: *91.740%* (9174/10000)
Train epoch: 219 | Loss: *0.006* | Acc: *99.942%* (49971/50000) 
Test epoch: 219 | Loss: *0.348* | Acc: *91.840%* (9184/10000)
Train epoch: 220 | Loss: *0.007* | Acc: *99.928%* (49964/50000) 
Test epoch: 220 | Loss: *0.353* | Acc: *91.690%* (9169/10000)
Train epoch: 221 | Loss: *0.006* | Acc: *99.938%* (49969/50000) 
Test epoch: 221 | Loss: *0.360* | Acc: *91.650%* (9165/10000)
Train epoch: 222 | Loss: *0.006* | Acc: *99.952%* (49976/50000) 
Test epoch: 222 | Loss: *0.353* | Acc: *91.820%* (9182/10000)
Train epoch: 223 | Loss: *0.006* | Acc: *99.934%* (49967/50000) 
Test epoch: 223 | Loss: *0.358* | Acc: *91.630%* (9163/10000)
Train epoch: 224 | Loss: *0.007* | Acc: *99.940%* (49970/50000) 
Test epoch: 224 | Loss: *0.360* | Acc: *91.500%* (9150/10000)
Train epoch: 225 | Loss: *0.008* | Acc: *99.902%* (49951/50000) 
Test epoch: 225 | Loss: *0.364* | Acc: *91.490%* (9149/10000)
Train epoch: 226 | Loss: *0.008* | Acc: *99.920%* (49960/50000) 
Test epoch: 226 | Loss: *0.365* | Acc: *91.790%* (9179/10000)
Train epoch: 227 | Loss: *0.009* | Acc: *99.862%* (49931/50000) 
Test epoch: 227 | Loss: *0.360* | Acc: *91.730%* (9173/10000)
Train epoch: 228 | Loss: *0.009* | Acc: *99.894%* (49947/50000) 
Test epoch: 228 | Loss: *0.366* | Acc: *91.390%* (9139/10000)
Train epoch: 229 | Loss: *0.009* | Acc: *99.880%* (49940/50000) 
Test epoch: 229 | Loss: *0.366* | Acc: *91.670%* (9167/10000)
Train epoch: 230 | Loss: *0.009* | Acc: *99.870%* (49935/50000) 
Test epoch: 230 | Loss: *0.373* | Acc: *91.580%* (9158/10000)
Train epoch: 231 | Loss: *0.010* | Acc: *99.814%* (49907/50000) 
Test epoch: 231 | Loss: *0.359* | Acc: *91.550%* (9155/10000)
Train epoch: 232 | Loss: *0.012* | Acc: *99.782%* (49891/50000) 
Test epoch: 232 | Loss: *0.370* | Acc: *91.290%* (9129/10000)
Train epoch: 233 | Loss: *0.012* | Acc: *99.764%* (49882/50000) 
Test epoch: 233 | Loss: *0.373* | Acc: *91.440%* (9144/10000)
Train epoch: 234 | Loss: *0.013* | Acc: *99.742%* (49871/50000) 
Test epoch: 234 | Loss: *0.365* | Acc: *91.660%* (9166/10000)
Train epoch: 235 | Loss: *0.012* | Acc: *99.768%* (49884/50000) 
Test epoch: 235 | Loss: *0.392* | Acc: *91.260%* (9126/10000)
Train epoch: 236 | Loss: *0.015* | Acc: *99.664%* (49832/50000) 
Test epoch: 236 | Loss: *0.387* | Acc: *91.160%* (9116/10000)
Train epoch: 237 | Loss: *0.014* | Acc: *99.706%* (49853/50000) 
Test epoch: 237 | Loss: *0.388* | Acc: *90.990%* (9099/10000)
Train epoch: 238 | Loss: *0.018* | Acc: *99.568%* (49784/50000) 
Test epoch: 238 | Loss: *0.391* | Acc: *91.000%* (9100/10000)
Train epoch: 239 | Loss: *0.017* | Acc: *99.588%* (49794/50000) 
Test epoch: 239 | Loss: *0.371* | Acc: *91.080%* (9108/10000)
Train epoch: 240 | Loss: *0.020* | Acc: *99.492%* (49746/50000) 
Test epoch: 240 | Loss: *0.383* | Acc: *90.770%* (9077/10000)
Train epoch: 241 | Loss: *0.021* | Acc: *99.470%* (49735/50000) 
Test epoch: 241 | Loss: *0.408* | Acc: *90.710%* (9071/10000)
Train epoch: 242 | Loss: *0.025* | Acc: *99.290%* (49645/50000) 
Test epoch: 242 | Loss: *0.388* | Acc: *91.250%* (9125/10000)
Train epoch: 243 | Loss: *0.022* | Acc: *99.434%* (49717/50000) 
Test epoch: 243 | Loss: *0.400* | Acc: *90.900%* (9090/10000)
Train epoch: 244 | Loss: *0.025* | Acc: *99.276%* (49638/50000) 
Test epoch: 244 | Loss: *0.412* | Acc: *90.450%* (9045/10000)
Train epoch: 245 | Loss: *0.027* | Acc: *99.230%* (49615/50000) 
Test epoch: 245 | Loss: *0.388* | Acc: *90.680%* (9068/10000)
Train epoch: 246 | Loss: *0.026* | Acc: *99.298%* (49649/50000) 
Test epoch: 246 | Loss: *0.405* | Acc: *90.730%* (9073/10000)
Train epoch: 247 | Loss: *0.030* | Acc: *99.132%* (49566/50000) 
Test epoch: 247 | Loss: *0.407* | Acc: *90.630%* (9063/10000)
Train epoch: 248 | Loss: *0.028* | Acc: *99.190%* (49595/50000) 
Test epoch: 248 | Loss: *0.399* | Acc: *91.020%* (9102/10000)
Train epoch: 249 | Loss: *0.029* | Acc: *99.190%* (49595/50000) 
Test epoch: 249 | Loss: *0.405* | Acc: *90.260%* (9026/10000)
Train epoch: 250 | Loss: *0.034* | Acc: *99.032%* (49516/50000) 
Test epoch: 250 | Loss: *0.480* | Acc: *89.470%* (8947/10000)
Train epoch: 251 | Loss: *0.036* | Acc: *98.892%* (49446/50000) 
Test epoch: 251 | Loss: *0.397* | Acc: *90.510%* (9051/10000)
Train epoch: 252 | Loss: *0.034* | Acc: *98.942%* (49471/50000) 
Test epoch: 252 | Loss: *0.422* | Acc: *89.950%* (8995/10000)
Train epoch: 253 | Loss: *0.039* | Acc: *98.716%* (49358/50000) 
Test epoch: 253 | Loss: *0.410* | Acc: *90.100%* (9010/10000)
Train epoch: 254 | Loss: *0.040* | Acc: *98.772%* (49386/50000) 
Test epoch: 254 | Loss: *0.411* | Acc: *89.990%* (8999/10000)
Train epoch: 255 | Loss: *0.046* | Acc: *98.522%* (49261/50000) 
Test epoch: 255 | Loss: *0.382* | Acc: *90.990%* (9099/10000)
Train epoch: 256 | Loss: *0.044* | Acc: *98.594%* (49297/50000) 
Test epoch: 256 | Loss: *0.431* | Acc: *89.710%* (8971/10000)
Train epoch: 257 | Loss: *0.044* | Acc: *98.602%* (49301/50000) 
Test epoch: 257 | Loss: *0.430* | Acc: *89.790%* (8979/10000)
Train epoch: 258 | Loss: *0.047* | Acc: *98.496%* (49248/50000) 
Test epoch: 258 | Loss: *0.398* | Acc: *90.300%* (9030/10000)
Train epoch: 259 | Loss: *0.049* | Acc: *98.348%* (49174/50000) 
Test epoch: 259 | Loss: *0.420* | Acc: *90.120%* (9012/10000)
Train epoch: 260 | Loss: *0.049* | Acc: *98.418%* (49209/50000) 
Test epoch: 260 | Loss: *0.419* | Acc: *89.740%* (8974/10000)
Train epoch: 261 | Loss: *0.053* | Acc: *98.274%* (49137/50000) 
Test epoch: 261 | Loss: *0.422* | Acc: *89.670%* (8967/10000)
Train epoch: 262 | Loss: *0.053* | Acc: *98.312%* (49156/50000) 
Test epoch: 262 | Loss: *0.429* | Acc: *89.460%* (8946/10000)
Train epoch: 263 | Loss: *0.057* | Acc: *98.118%* (49059/50000) 
Test epoch: 263 | Loss: *0.451* | Acc: *89.130%* (8913/10000)
Train epoch: 264 | Loss: *0.057* | Acc: *98.236%* (49118/50000) 
Test epoch: 264 | Loss: *0.408* | Acc: *89.940%* (8994/10000)
Train epoch: 265 | Loss: *0.056* | Acc: *98.190%* (49095/50000) 
Test epoch: 265 | Loss: *0.434* | Acc: *89.650%* (8965/10000)
Train epoch: 266 | Loss: *0.063* | Acc: *97.930%* (48965/50000) 
Test epoch: 266 | Loss: *0.435* | Acc: *89.330%* (8933/10000)
Train epoch: 267 | Loss: *0.067* | Acc: *97.816%* (48908/50000) 
Test epoch: 267 | Loss: *0.407* | Acc: *90.120%* (9012/10000)
Train epoch: 268 | Loss: *0.065* | Acc: *97.832%* (48916/50000) 
Test epoch: 268 | Loss: *0.393* | Acc: *90.090%* (9009/10000)
Train epoch: 269 | Loss: *0.068* | Acc: *97.786%* (48893/50000) 
Test epoch: 269 | Loss: *0.401* | Acc: *89.710%* (8971/10000)
Train epoch: 270 | Loss: *0.066* | Acc: *97.844%* (48922/50000) 
Test epoch: 270 | Loss: *0.425* | Acc: *89.450%* (8945/10000)
Train epoch: 271 | Loss: *0.069* | Acc: *97.660%* (48830/50000) 
Test epoch: 271 | Loss: *0.396* | Acc: *89.800%* (8980/10000)
Train epoch: 272 | Loss: *0.068* | Acc: *97.726%* (48863/50000) 
Test epoch: 272 | Loss: *0.435* | Acc: *88.800%* (8880/10000)
Train epoch: 273 | Loss: *0.072* | Acc: *97.572%* (48786/50000) 
Test epoch: 273 | Loss: *0.414* | Acc: *89.650%* (8965/10000)
Train epoch: 274 | Loss: *0.073* | Acc: *97.500%* (48750/50000) 
Test epoch: 274 | Loss: *0.386* | Acc: *90.430%* (9043/10000)
Train epoch: 275 | Loss: *0.075* | Acc: *97.552%* (48776/50000) 
Test epoch: 275 | Loss: *0.431* | Acc: *89.130%* (8913/10000)
Train epoch: 276 | Loss: *0.075* | Acc: *97.558%* (48779/50000) 
Test epoch: 276 | Loss: *0.403* | Acc: *89.540%* (8954/10000)
Train epoch: 277 | Loss: *0.073* | Acc: *97.516%* (48758/50000) 
Test epoch: 277 | Loss: *0.419* | Acc: *89.040%* (8904/10000)
Train epoch: 278 | Loss: *0.086* | Acc: *97.128%* (48564/50000) 
Test epoch: 278 | Loss: *0.431* | Acc: *88.990%* (8899/10000)
Train epoch: 279 | Loss: *0.083* | Acc: *97.238%* (48619/50000) 
Test epoch: 279 | Loss: *0.465* | Acc: *88.380%* (8838/10000)
Train epoch: 280 | Loss: *0.081* | Acc: *97.220%* (48610/50000) 
Test epoch: 280 | Loss: *0.424* | Acc: *89.220%* (8922/10000)
Train epoch: 281 | Loss: *0.086* | Acc: *97.146%* (48573/50000) 
Test epoch: 281 | Loss: *0.390* | Acc: *89.250%* (8925/10000)
Train epoch: 282 | Loss: *0.087* | Acc: *97.088%* (48544/50000) 
Test epoch: 282 | Loss: *0.406* | Acc: *89.040%* (8904/10000)
Train epoch: 283 | Loss: *0.087* | Acc: *97.114%* (48557/50000) 
Test epoch: 283 | Loss: *0.391* | Acc: *89.710%* (8971/10000)
Train epoch: 284 | Loss: *0.089* | Acc: *96.930%* (48465/50000) 
Test epoch: 284 | Loss: *0.444* | Acc: *88.790%* (8879/10000)
Train epoch: 285 | Loss: *0.086* | Acc: *97.248%* (48624/50000) 
Test epoch: 285 | Loss: *0.461* | Acc: *88.170%* (8817/10000)
Train epoch: 286 | Loss: *0.092* | Acc: *97.040%* (48520/50000) 
Test epoch: 286 | Loss: *0.441* | Acc: *88.630%* (8863/10000)
Train epoch: 287 | Loss: *0.093* | Acc: *96.880%* (48440/50000) 
Test epoch: 287 | Loss: *0.428* | Acc: *88.990%* (8899/10000)
Train epoch: 288 | Loss: *0.097* | Acc: *96.726%* (48363/50000) 
Test epoch: 288 | Loss: *0.427* | Acc: *88.490%* (8849/10000)
Train epoch: 289 | Loss: *0.097* | Acc: *96.854%* (48427/50000) 
Test epoch: 289 | Loss: *0.424* | Acc: *88.730%* (8873/10000)
Train epoch: 290 | Loss: *0.104* | Acc: *96.508%* (48254/50000) 
Test epoch: 290 | Loss: *0.398* | Acc: *89.460%* (8946/10000)
Train epoch: 291 | Loss: *0.097* | Acc: *96.642%* (48321/50000) 
Test epoch: 291 | Loss: *0.395* | Acc: *89.310%* (8931/10000)
Train epoch: 292 | Loss: *0.097* | Acc: *96.784%* (48392/50000) 
Test epoch: 292 | Loss: *0.398* | Acc: *89.560%* (8956/10000)
Train epoch: 293 | Loss: *0.105* | Acc: *96.340%* (48170/50000) 
Test epoch: 293 | Loss: *0.398* | Acc: *89.160%* (8916/10000)
Train epoch: 294 | Loss: *0.105* | Acc: *96.466%* (48233/50000) 
Test epoch: 294 | Loss: *0.426* | Acc: *88.600%* (8860/10000)
Train epoch: 295 | Loss: *0.102* | Acc: *96.562%* (48281/50000) 
Test epoch: 295 | Loss: *0.439* | Acc: *88.350%* (8835/10000)
Train epoch: 296 | Loss: *0.105* | Acc: *96.470%* (48235/50000) 
Test epoch: 296 | Loss: *0.424* | Acc: *88.960%* (8896/10000)
Train epoch: 297 | Loss: *0.106* | Acc: *96.368%* (48184/50000) 
Test epoch: 297 | Loss: *0.451* | Acc: *88.220%* (8822/10000)
Train epoch: 298 | Loss: *0.108* | Acc: *96.408%* (48204/50000) 
Test epoch: 298 | Loss: *0.476* | Acc: *87.630%* (8763/10000)
Train epoch: 299 | Loss: *0.115* | Acc: *96.170%* (48085/50000) 
Test epoch: 299 | Loss: *0.462* | Acc: *87.330%* (8733/10000)
Train epoch: 300 | Loss: *0.111* | Acc: *96.348%* (48174/50000) 
Test epoch: 300 | Loss: *0.394* | Acc: *89.120%* (8912/10000)
Train epoch: 301 | Loss: *0.107* | Acc: *96.336%* (48168/50000) 
Test epoch: 301 | Loss: *0.429* | Acc: *88.480%* (8848/10000)
Train epoch: 302 | Loss: *0.115* | Acc: *96.138%* (48069/50000) 
Test epoch: 302 | Loss: *0.417* | Acc: *88.690%* (8869/10000)
Train epoch: 303 | Loss: *0.111* | Acc: *96.320%* (48160/50000) 
Test epoch: 303 | Loss: *0.379* | Acc: *89.450%* (8945/10000)
Train epoch: 304 | Loss: *0.118* | Acc: *96.036%* (48018/50000) 
Test epoch: 304 | Loss: *0.422* | Acc: *88.380%* (8838/10000)
Train epoch: 305 | Loss: *0.119* | Acc: *96.036%* (48018/50000) 
Test epoch: 305 | Loss: *0.417* | Acc: *88.610%* (8861/10000)
Train epoch: 306 | Loss: *0.120* | Acc: *95.976%* (47988/50000) 
Test epoch: 306 | Loss: *0.409* | Acc: *88.420%* (8842/10000)
Train epoch: 307 | Loss: *0.118* | Acc: *95.996%* (47998/50000) 
Test epoch: 307 | Loss: *0.568* | Acc: *85.470%* (8547/10000)
Train epoch: 308 | Loss: *0.118* | Acc: *95.932%* (47966/50000) 
Test epoch: 308 | Loss: *0.408* | Acc: *89.240%* (8924/10000)
Train epoch: 309 | Loss: *0.123* | Acc: *95.780%* (47890/50000) 
Test epoch: 309 | Loss: *0.534* | Acc: *85.790%* (8579/10000)
Train epoch: 310 | Loss: *0.124* | Acc: *95.802%* (47901/50000) 
Test epoch: 310 | Loss: *0.420* | Acc: *87.960%* (8796/10000)
Train epoch: 311 | Loss: *0.124* | Acc: *95.864%* (47932/50000) 
Test epoch: 311 | Loss: *0.434* | Acc: *87.800%* (8780/10000)
Train epoch: 312 | Loss: *0.128* | Acc: *95.680%* (47840/50000) 
Test epoch: 312 | Loss: *0.422* | Acc: *88.320%* (8832/10000)
Train epoch: 313 | Loss: *0.131* | Acc: *95.560%* (47780/50000) 
Test epoch: 313 | Loss: *0.456* | Acc: *88.020%* (8802/10000)
Train epoch: 314 | Loss: *0.132* | Acc: *95.470%* (47735/50000) 
Test epoch: 314 | Loss: *0.437* | Acc: *88.040%* (8804/10000)
Train epoch: 315 | Loss: *0.131* | Acc: *95.504%* (47752/50000) 
Test epoch: 315 | Loss: *0.498* | Acc: *86.400%* (8640/10000)
Train epoch: 316 | Loss: *0.131* | Acc: *95.456%* (47728/50000) 
Test epoch: 316 | Loss: *0.428* | Acc: *88.520%* (8852/10000)
Train epoch: 317 | Loss: *0.131* | Acc: *95.470%* (47735/50000) 
Test epoch: 317 | Loss: *0.406* | Acc: *88.480%* (8848/10000)
Train epoch: 318 | Loss: *0.135* | Acc: *95.422%* (47711/50000) 
Test epoch: 318 | Loss: *0.488* | Acc: *87.010%* (8701/10000)
Train epoch: 319 | Loss: *0.133* | Acc: *95.468%* (47734/50000) 
Test epoch: 319 | Loss: *0.456* | Acc: *87.360%* (8736/10000)
Train epoch: 320 | Loss: *0.138* | Acc: *95.208%* (47604/50000) 
Test epoch: 320 | Loss: *0.422* | Acc: *88.240%* (8824/10000)
Train epoch: 321 | Loss: *0.141* | Acc: *95.106%* (47553/50000) 
Test epoch: 321 | Loss: *0.395* | Acc: *88.470%* (8847/10000)
Train epoch: 322 | Loss: *0.140* | Acc: *95.106%* (47553/50000) 
Test epoch: 322 | Loss: *0.380* | Acc: *89.010%* (8901/10000)
Train epoch: 323 | Loss: *0.145* | Acc: *94.956%* (47478/50000) 
Test epoch: 323 | Loss: *0.388* | Acc: *88.690%* (8869/10000)
Train epoch: 324 | Loss: *0.143* | Acc: *95.154%* (47577/50000) 
Test epoch: 324 | Loss: *0.454* | Acc: *86.980%* (8698/10000)
Train epoch: 325 | Loss: *0.144* | Acc: *95.092%* (47546/50000) 
Test epoch: 325 | Loss: *0.412* | Acc: *88.110%* (8811/10000)
Train epoch: 326 | Loss: *0.145* | Acc: *95.078%* (47539/50000) 
Test epoch: 326 | Loss: *0.426* | Acc: *87.930%* (8793/10000)
Train epoch: 327 | Loss: *0.147* | Acc: *94.944%* (47472/50000) 
Test epoch: 327 | Loss: *0.413* | Acc: *87.940%* (8794/10000)
Train epoch: 328 | Loss: *0.146* | Acc: *94.996%* (47498/50000) 
Test epoch: 328 | Loss: *0.427* | Acc: *87.700%* (8770/10000)
Train epoch: 329 | Loss: *0.152* | Acc: *94.824%* (47412/50000) 
Test epoch: 329 | Loss: *0.419* | Acc: *87.990%* (8799/10000)
Train epoch: 330 | Loss: *0.149* | Acc: *94.872%* (47436/50000) 
Test epoch: 330 | Loss: *0.442* | Acc: *87.500%* (8750/10000)
Train epoch: 331 | Loss: *0.154* | Acc: *94.692%* (47346/50000) 
Test epoch: 331 | Loss: *0.450* | Acc: *87.840%* (8784/10000)
Train epoch: 332 | Loss: *0.151* | Acc: *94.914%* (47457/50000) 
Test epoch: 332 | Loss: *0.415* | Acc: *87.910%* (8791/10000)
Train epoch: 333 | Loss: *0.152* | Acc: *94.808%* (47404/50000) 
Test epoch: 333 | Loss: *0.401* | Acc: *88.100%* (8810/10000)
Train epoch: 334 | Loss: *0.155* | Acc: *94.612%* (47306/50000) 
Test epoch: 334 | Loss: *0.416* | Acc: *87.710%* (8771/10000)
Train epoch: 335 | Loss: *0.157* | Acc: *94.646%* (47323/50000) 
Test epoch: 335 | Loss: *0.530* | Acc: *85.260%* (8526/10000)
Train epoch: 336 | Loss: *0.151* | Acc: *94.842%* (47421/50000) 
Test epoch: 336 | Loss: *0.423* | Acc: *87.670%* (8767/10000)
Train epoch: 337 | Loss: *0.160* | Acc: *94.562%* (47281/50000) 
Test epoch: 337 | Loss: *0.465* | Acc: *86.700%* (8670/10000)
Train epoch: 338 | Loss: *0.159* | Acc: *94.534%* (47267/50000) 
Test epoch: 338 | Loss: *0.494* | Acc: *85.750%* (8575/10000)
Train epoch: 339 | Loss: *0.156* | Acc: *94.632%* (47316/50000) 
Test epoch: 339 | Loss: *0.386* | Acc: *88.620%* (8862/10000)
Train epoch: 340 | Loss: *0.163* | Acc: *94.380%* (47190/50000) 
Test epoch: 340 | Loss: *0.389* | Acc: *88.720%* (8872/10000)
Train epoch: 341 | Loss: *0.159* | Acc: *94.560%* (47280/50000) 
Test epoch: 341 | Loss: *0.435* | Acc: *87.510%* (8751/10000)
Train epoch: 342 | Loss: *0.163* | Acc: *94.440%* (47220/50000) 
Test epoch: 342 | Loss: *0.473* | Acc: *86.650%* (8665/10000)
Train epoch: 343 | Loss: *0.169* | Acc: *94.292%* (47146/50000) 
Test epoch: 343 | Loss: *0.390* | Acc: *88.820%* (8882/10000)
Train epoch: 344 | Loss: *0.165* | Acc: *94.380%* (47190/50000) 
Test epoch: 344 | Loss: *0.538* | Acc: *84.480%* (8448/10000)
Train epoch: 345 | Loss: *0.175* | Acc: *93.902%* (46951/50000) 
Test epoch: 345 | Loss: *0.368* | Acc: *88.860%* (8886/10000)
Train epoch: 346 | Loss: *0.166* | Acc: *94.378%* (47189/50000) 
Test epoch: 346 | Loss: *0.426* | Acc: *87.340%* (8734/10000)
Train epoch: 347 | Loss: *0.171* | Acc: *94.180%* (47090/50000) 
Test epoch: 347 | Loss: *0.424* | Acc: *87.440%* (8744/10000)
Train epoch: 348 | Loss: *0.176* | Acc: *93.930%* (46965/50000) 
Test epoch: 348 | Loss: *0.516* | Acc: *85.680%* (8568/10000)
Train epoch: 349 | Loss: *0.174* | Acc: *94.112%* (47056/50000) 
Test epoch: 349 | Loss: *0.477* | Acc: *86.150%* (8615/10000)
Train epoch: 350 | Loss: *0.174* | Acc: *94.144%* (47072/50000) 
Test epoch: 350 | Loss: *0.440* | Acc: *87.300%* (8730/10000)
Train epoch: 351 | Loss: *0.170* | Acc: *94.184%* (47092/50000) 
Test epoch: 351 | Loss: *0.520* | Acc: *84.740%* (8474/10000)
Train epoch: 352 | Loss: *0.180* | Acc: *93.868%* (46934/50000) 
Test epoch: 352 | Loss: *0.552* | Acc: *84.400%* (8440/10000)
Train epoch: 353 | Loss: *0.173* | Acc: *94.066%* (47033/50000) 
Test epoch: 353 | Loss: *0.433* | Acc: *86.850%* (8685/10000)
Train epoch: 354 | Loss: *0.178* | Acc: *93.868%* (46934/50000) 
Test epoch: 354 | Loss: *0.446* | Acc: *86.860%* (8686/10000)
Train epoch: 355 | Loss: *0.177* | Acc: *93.920%* (46960/50000) 
Test epoch: 355 | Loss: *0.433* | Acc: *87.110%* (8711/10000)
Train epoch: 356 | Loss: *0.177* | Acc: *93.932%* (46966/50000) 
Test epoch: 356 | Loss: *0.361* | Acc: *88.840%* (8884/10000)
Train epoch: 357 | Loss: *0.181* | Acc: *93.736%* (46868/50000) 
Test epoch: 357 | Loss: *0.412* | Acc: *87.450%* (8745/10000)
Train epoch: 358 | Loss: *0.182* | Acc: *93.762%* (46881/50000) 
Test epoch: 358 | Loss: *0.464* | Acc: *86.890%* (8689/10000)
Train epoch: 359 | Loss: *0.180* | Acc: *93.964%* (46982/50000) 
Test epoch: 359 | Loss: *0.406* | Acc: *87.920%* (8792/10000)
Train epoch: 360 | Loss: *0.180* | Acc: *93.936%* (46968/50000) 
Test epoch: 360 | Loss: *0.388* | Acc: *88.130%* (8813/10000)
Train epoch: 361 | Loss: *0.184* | Acc: *93.650%* (46825/50000) 
Test epoch: 361 | Loss: *0.424* | Acc: *87.120%* (8712/10000)
Train epoch: 362 | Loss: *0.182* | Acc: *93.782%* (46891/50000) 
Test epoch: 362 | Loss: *0.376* | Acc: *88.440%* (8844/10000)
Train epoch: 363 | Loss: *0.182* | Acc: *93.676%* (46838/50000) 
Test epoch: 363 | Loss: *0.445* | Acc: *87.210%* (8721/10000)
Train epoch: 364 | Loss: *0.190* | Acc: *93.422%* (46711/50000) 
Test epoch: 364 | Loss: *0.493* | Acc: *86.000%* (8600/10000)
Train epoch: 365 | Loss: *0.183* | Acc: *93.846%* (46923/50000) 
Test epoch: 365 | Loss: *0.489* | Acc: *85.600%* (8560/10000)
Train epoch: 366 | Loss: *0.190* | Acc: *93.474%* (46737/50000) 
Test epoch: 366 | Loss: *0.453* | Acc: *86.750%* (8675/10000)
Train epoch: 367 | Loss: *0.190* | Acc: *93.358%* (46679/50000) 
Test epoch: 367 | Loss: *0.413* | Acc: *87.630%* (8763/10000)
Train epoch: 368 | Loss: *0.184* | Acc: *93.808%* (46904/50000) 
Test epoch: 368 | Loss: *0.438* | Acc: *86.840%* (8684/10000)
Train epoch: 369 | Loss: *0.191* | Acc: *93.356%* (46678/50000) 
Test epoch: 369 | Loss: *0.416* | Acc: *88.040%* (8804/10000)
Train epoch: 370 | Loss: *0.191* | Acc: *93.460%* (46730/50000) 
Test epoch: 370 | Loss: *0.431* | Acc: *86.950%* (8695/10000)
Train epoch: 371 | Loss: *0.185* | Acc: *93.588%* (46794/50000) 
Test epoch: 371 | Loss: *0.435* | Acc: *87.700%* (8770/10000)
Train epoch: 372 | Loss: *0.194* | Acc: *93.442%* (46721/50000) 
Test epoch: 372 | Loss: *0.372* | Acc: *88.350%* (8835/10000)
Train epoch: 373 | Loss: *0.194* | Acc: *93.340%* (46670/50000) 
Test epoch: 373 | Loss: *0.458* | Acc: *86.410%* (8641/10000)
Train epoch: 374 | Loss: *0.192* | Acc: *93.378%* (46689/50000) 
Test epoch: 374 | Loss: *0.555* | Acc: *84.280%* (8428/10000)
Train epoch: 375 | Loss: *0.194* | Acc: *93.326%* (46663/50000) 
Test epoch: 375 | Loss: *0.405* | Acc: *87.880%* (8788/10000)
Train epoch: 376 | Loss: *0.192* | Acc: *93.476%* (46738/50000) 
Test epoch: 376 | Loss: *0.420* | Acc: *87.620%* (8762/10000)
Train epoch: 377 | Loss: *0.189* | Acc: *93.476%* (46738/50000) 
Test epoch: 377 | Loss: *0.426* | Acc: *86.860%* (8686/10000)
Train epoch: 378 | Loss: *0.195* | Acc: *93.340%* (46670/50000) 
Test epoch: 378 | Loss: *0.475* | Acc: *86.160%* (8616/10000)
Train epoch: 379 | Loss: *0.196* | Acc: *93.244%* (46622/50000) 
Test epoch: 379 | Loss: *0.508* | Acc: *84.690%* (8469/10000)
Train epoch: 380 | Loss: *0.194* | Acc: *93.268%* (46634/50000) 
Test epoch: 380 | Loss: *0.403* | Acc: *87.320%* (8732/10000)
Train epoch: 381 | Loss: *0.194* | Acc: *93.384%* (46692/50000) 
Test epoch: 381 | Loss: *0.407* | Acc: *88.110%* (8811/10000)
Train epoch: 382 | Loss: *0.195* | Acc: *93.352%* (46676/50000) 
Test epoch: 382 | Loss: *0.422* | Acc: *87.310%* (8731/10000)
Train epoch: 383 | Loss: *0.194* | Acc: *93.360%* (46680/50000) 
Test epoch: 383 | Loss: *0.368* | Acc: *88.650%* (8865/10000)
Train epoch: 384 | Loss: *0.197* | Acc: *93.228%* (46614/50000) 
Test epoch: 384 | Loss: *0.406* | Acc: *87.980%* (8798/10000)
Train epoch: 385 | Loss: *0.200* | Acc: *93.126%* (46563/50000) 
Test epoch: 385 | Loss: *0.482* | Acc: *85.490%* (8549/10000)
Train epoch: 386 | Loss: *0.194* | Acc: *93.416%* (46708/50000) 
Test epoch: 386 | Loss: *0.423* | Acc: *87.390%* (8739/10000)
Train epoch: 387 | Loss: *0.202* | Acc: *93.034%* (46517/50000) 
Test epoch: 387 | Loss: *0.557* | Acc: *84.550%* (8455/10000)
Train epoch: 388 | Loss: *0.197* | Acc: *93.140%* (46570/50000) 
Test epoch: 388 | Loss: *0.442* | Acc: *87.100%* (8710/10000)
Train epoch: 389 | Loss: *0.202* | Acc: *93.012%* (46506/50000) 
Test epoch: 389 | Loss: *0.411* | Acc: *87.440%* (8744/10000)
Train epoch: 390 | Loss: *0.201* | Acc: *93.032%* (46516/50000) 
Test epoch: 390 | Loss: *0.440* | Acc: *87.010%* (8701/10000)
Train epoch: 391 | Loss: *0.194* | Acc: *93.326%* (46663/50000) 
Test epoch: 391 | Loss: *0.489* | Acc: *85.420%* (8542/10000)
Train epoch: 392 | Loss: *0.204* | Acc: *92.936%* (46468/50000) 
Test epoch: 392 | Loss: *0.415* | Acc: *87.380%* (8738/10000)
Train epoch: 393 | Loss: *0.203* | Acc: *93.054%* (46527/50000) 
Test epoch: 393 | Loss: *0.387* | Acc: *88.190%* (8819/10000)
Train epoch: 394 | Loss: *0.200* | Acc: *93.118%* (46559/50000) 
Test epoch: 394 | Loss: *0.427* | Acc: *86.770%* (8677/10000)
Train epoch: 395 | Loss: *0.197* | Acc: *93.306%* (46653/50000) 
Test epoch: 395 | Loss: *0.507* | Acc: *85.310%* (8531/10000)
Train epoch: 396 | Loss: *0.202* | Acc: *93.068%* (46534/50000) 
Test epoch: 396 | Loss: *0.375* | Acc: *88.490%* (8849/10000)
Train epoch: 397 | Loss: *0.198* | Acc: *93.270%* (46635/50000) 
Test epoch: 397 | Loss: *0.420* | Acc: *87.340%* (8734/10000)
Train epoch: 398 | Loss: *0.202* | Acc: *93.026%* (46513/50000) 
Test epoch: 398 | Loss: *0.410* | Acc: *87.810%* (8781/10000)
Train epoch: 399 | Loss: *0.194* | Acc: *93.372%* (46686/50000) 
Test epoch: 399 | Loss: *0.417* | Acc: *87.480%* (8748/10000)
Train epoch: 400 | Loss: *0.205* | Acc: *93.094%* (46547/50000) 
Test epoch: 400 | Loss: *0.422* | Acc: *87.690%* (8769/10000)
Train epoch: 401 | Loss: *0.198* | Acc: *93.316%* (46658/50000) 
Test epoch: 401 | Loss: *0.562* | Acc: *84.180%* (8418/10000)
Train epoch: 402 | Loss: *0.198* | Acc: *93.238%* (46619/50000) 
Test epoch: 402 | Loss: *0.417* | Acc: *86.910%* (8691/10000)
Train epoch: 403 | Loss: *0.200* | Acc: *93.106%* (46553/50000) 
Test epoch: 403 | Loss: *0.512* | Acc: *85.280%* (8528/10000)
Train epoch: 404 | Loss: *0.201* | Acc: *93.034%* (46517/50000) 
Test epoch: 404 | Loss: *0.411* | Acc: *87.490%* (8749/10000)
Train epoch: 405 | Loss: *0.199* | Acc: *93.106%* (46553/50000) 
Test epoch: 405 | Loss: *0.484* | Acc: *85.840%* (8584/10000)
Train epoch: 406 | Loss: *0.201* | Acc: *93.130%* (46565/50000) 
Test epoch: 406 | Loss: *0.387* | Acc: *88.270%* (8827/10000)
Train epoch: 407 | Loss: *0.199* | Acc: *93.146%* (46573/50000) 
Test epoch: 407 | Loss: *0.521* | Acc: *84.620%* (8462/10000)
Train epoch: 408 | Loss: *0.200* | Acc: *93.152%* (46576/50000) 
Test epoch: 408 | Loss: *0.432* | Acc: *87.110%* (8711/10000)
Train epoch: 409 | Loss: *0.198* | Acc: *93.178%* (46589/50000) 
Test epoch: 409 | Loss: *0.432* | Acc: *87.460%* (8746/10000)
Train epoch: 410 | Loss: *0.200* | Acc: *93.136%* (46568/50000) 
Test epoch: 410 | Loss: *0.445* | Acc: *86.890%* (8689/10000)
Train epoch: 411 | Loss: *0.195* | Acc: *93.356%* (46678/50000) 
Test epoch: 411 | Loss: *0.405* | Acc: *87.800%* (8780/10000)
Train epoch: 412 | Loss: *0.197* | Acc: *93.214%* (46607/50000) 
Test epoch: 412 | Loss: *0.582* | Acc: *83.820%* (8382/10000)
Train epoch: 413 | Loss: *0.194* | Acc: *93.360%* (46680/50000) 
Test epoch: 413 | Loss: *0.486* | Acc: *86.090%* (8609/10000)
Train epoch: 414 | Loss: *0.190* | Acc: *93.502%* (46751/50000) 
Test epoch: 414 | Loss: *0.468* | Acc: *86.380%* (8638/10000)
Train epoch: 415 | Loss: *0.196* | Acc: *93.202%* (46601/50000) 
Test epoch: 415 | Loss: *0.466* | Acc: *86.660%* (8666/10000)
Train epoch: 416 | Loss: *0.192* | Acc: *93.522%* (46761/50000) 
Test epoch: 416 | Loss: *0.422* | Acc: *86.990%* (8699/10000)
Train epoch: 417 | Loss: *0.190* | Acc: *93.612%* (46806/50000) 
Test epoch: 417 | Loss: *0.454* | Acc: *86.550%* (8655/10000)
Train epoch: 418 | Loss: *0.194* | Acc: *93.382%* (46691/50000) 
Test epoch: 418 | Loss: *0.407* | Acc: *87.880%* (8788/10000)
Train epoch: 419 | Loss: *0.197* | Acc: *93.242%* (46621/50000) 
Test epoch: 419 | Loss: *0.405* | Acc: *87.740%* (8774/10000)
Train epoch: 420 | Loss: *0.195* | Acc: *93.386%* (46693/50000) 
Test epoch: 420 | Loss: *0.463* | Acc: *85.920%* (8592/10000)
Train epoch: 421 | Loss: *0.191* | Acc: *93.454%* (46727/50000) 
Test epoch: 421 | Loss: *0.429* | Acc: *87.460%* (8746/10000)
Train epoch: 422 | Loss: *0.189* | Acc: *93.502%* (46751/50000) 
Test epoch: 422 | Loss: *0.391* | Acc: *88.630%* (8863/10000)
Train epoch: 423 | Loss: *0.194* | Acc: *93.360%* (46680/50000) 
Test epoch: 423 | Loss: *0.383* | Acc: *88.110%* (8811/10000)
Train epoch: 424 | Loss: *0.189* | Acc: *93.444%* (46722/50000) 
Test epoch: 424 | Loss: *0.377* | Acc: *88.420%* (8842/10000)
Train epoch: 425 | Loss: *0.193* | Acc: *93.438%* (46719/50000) 
Test epoch: 425 | Loss: *0.447* | Acc: *86.750%* (8675/10000)
Train epoch: 426 | Loss: *0.190* | Acc: *93.464%* (46732/50000) 
Test epoch: 426 | Loss: *0.414* | Acc: *87.630%* (8763/10000)
Train epoch: 427 | Loss: *0.190* | Acc: *93.460%* (46730/50000) 
Test epoch: 427 | Loss: *0.411* | Acc: *87.990%* (8799/10000)
Train epoch: 428 | Loss: *0.187* | Acc: *93.600%* (46800/50000) 
Test epoch: 428 | Loss: *0.436* | Acc: *87.210%* (8721/10000)
Train epoch: 429 | Loss: *0.188* | Acc: *93.512%* (46756/50000) 
Test epoch: 429 | Loss: *0.388* | Acc: *88.080%* (8808/10000)
Train epoch: 430 | Loss: *0.186* | Acc: *93.604%* (46802/50000) 
Test epoch: 430 | Loss: *0.426* | Acc: *87.310%* (8731/10000)
Train epoch: 431 | Loss: *0.189* | Acc: *93.610%* (46805/50000) 
Test epoch: 431 | Loss: *0.416* | Acc: *87.200%* (8720/10000)
Train epoch: 432 | Loss: *0.186* | Acc: *93.478%* (46739/50000) 
Test epoch: 432 | Loss: *0.464* | Acc: *86.770%* (8677/10000)
Train epoch: 433 | Loss: *0.183* | Acc: *93.662%* (46831/50000) 
Test epoch: 433 | Loss: *0.439* | Acc: *87.070%* (8707/10000)
Train epoch: 434 | Loss: *0.184* | Acc: *93.738%* (46869/50000) 
Test epoch: 434 | Loss: *0.384* | Acc: *87.940%* (8794/10000)
Train epoch: 435 | Loss: *0.183* | Acc: *93.736%* (46868/50000) 
Test epoch: 435 | Loss: *0.372* | Acc: *88.780%* (8878/10000)
Train epoch: 436 | Loss: *0.184* | Acc: *93.684%* (46842/50000) 
Test epoch: 436 | Loss: *0.417* | Acc: *87.340%* (8734/10000)
Train epoch: 437 | Loss: *0.178* | Acc: *93.940%* (46970/50000) 
Test epoch: 437 | Loss: *0.453* | Acc: *86.610%* (8661/10000)
Train epoch: 438 | Loss: *0.182* | Acc: *93.846%* (46923/50000) 
Test epoch: 438 | Loss: *0.382* | Acc: *88.210%* (8821/10000)
Train epoch: 439 | Loss: *0.177* | Acc: *93.904%* (46952/50000) 
Test epoch: 439 | Loss: *0.442* | Acc: *87.000%* (8700/10000)
Train epoch: 440 | Loss: *0.177* | Acc: *93.898%* (46949/50000) 
Test epoch: 440 | Loss: *0.547* | Acc: *84.420%* (8442/10000)
Train epoch: 441 | Loss: *0.177* | Acc: *94.010%* (47005/50000) 
Test epoch: 441 | Loss: *0.368* | Acc: *88.800%* (8880/10000)
Train epoch: 442 | Loss: *0.176* | Acc: *94.016%* (47008/50000) 
Test epoch: 442 | Loss: *0.391* | Acc: *87.970%* (8797/10000)
Train epoch: 443 | Loss: *0.177* | Acc: *93.940%* (46970/50000) 
Test epoch: 443 | Loss: *0.391* | Acc: *88.220%* (8822/10000)
Train epoch: 444 | Loss: *0.175* | Acc: *94.092%* (47046/50000) 
Test epoch: 444 | Loss: *0.503* | Acc: *85.810%* (8581/10000)
Train epoch: 445 | Loss: *0.177* | Acc: *93.932%* (46966/50000) 
Test epoch: 445 | Loss: *0.395* | Acc: *88.380%* (8838/10000)
Train epoch: 446 | Loss: *0.174* | Acc: *94.078%* (47039/50000) 
Test epoch: 446 | Loss: *0.531* | Acc: *85.430%* (8543/10000)
Train epoch: 447 | Loss: *0.170* | Acc: *94.152%* (47076/50000) 
Test epoch: 447 | Loss: *0.381* | Acc: *88.750%* (8875/10000)
Train epoch: 448 | Loss: *0.174* | Acc: *94.082%* (47041/50000) 
Test epoch: 448 | Loss: *0.401* | Acc: *87.960%* (8796/10000)
Train epoch: 449 | Loss: *0.175* | Acc: *93.968%* (46984/50000) 
Test epoch: 449 | Loss: *0.351* | Acc: *89.340%* (8934/10000)
Train epoch: 450 | Loss: *0.166* | Acc: *94.306%* (47153/50000) 
Test epoch: 450 | Loss: *0.406* | Acc: *87.790%* (8779/10000)
Train epoch: 451 | Loss: *0.167* | Acc: *94.270%* (47135/50000) 
Test epoch: 451 | Loss: *0.390* | Acc: *88.290%* (8829/10000)
Train epoch: 452 | Loss: *0.171* | Acc: *94.126%* (47063/50000) 
Test epoch: 452 | Loss: *0.391* | Acc: *88.340%* (8834/10000)
Train epoch: 453 | Loss: *0.167* | Acc: *94.246%* (47123/50000) 
Test epoch: 453 | Loss: *0.376* | Acc: *88.920%* (8892/10000)
Train epoch: 454 | Loss: *0.167* | Acc: *94.330%* (47165/50000) 
Test epoch: 454 | Loss: *0.527* | Acc: *85.230%* (8523/10000)
Train epoch: 455 | Loss: *0.167* | Acc: *94.262%* (47131/50000) 
Test epoch: 455 | Loss: *0.365* | Acc: *88.860%* (8886/10000)
Train epoch: 456 | Loss: *0.160* | Acc: *94.498%* (47249/50000) 
Test epoch: 456 | Loss: *0.400* | Acc: *88.200%* (8820/10000)
Train epoch: 457 | Loss: *0.162* | Acc: *94.418%* (47209/50000) 
Test epoch: 457 | Loss: *0.366* | Acc: *88.970%* (8897/10000)
Train epoch: 458 | Loss: *0.164* | Acc: *94.312%* (47156/50000) 
Test epoch: 458 | Loss: *0.405* | Acc: *88.390%* (8839/10000)
Train epoch: 459 | Loss: *0.160* | Acc: *94.504%* (47252/50000) 
Test epoch: 459 | Loss: *0.382* | Acc: *88.690%* (8869/10000)
Train epoch: 460 | Loss: *0.157* | Acc: *94.540%* (47270/50000) 
Test epoch: 460 | Loss: *0.366* | Acc: *89.270%* (8927/10000)
Train epoch: 461 | Loss: *0.159* | Acc: *94.634%* (47317/50000) 
Test epoch: 461 | Loss: *0.414* | Acc: *87.930%* (8793/10000)
Train epoch: 462 | Loss: *0.153* | Acc: *94.804%* (47402/50000) 
Test epoch: 462 | Loss: *0.375* | Acc: *88.670%* (8867/10000)
Train epoch: 463 | Loss: *0.156* | Acc: *94.688%* (47344/50000) 
Test epoch: 463 | Loss: *0.600* | Acc: *84.450%* (8445/10000)
Train epoch: 464 | Loss: *0.154* | Acc: *94.728%* (47364/50000) 
Test epoch: 464 | Loss: *0.352* | Acc: *89.470%* (8947/10000)
Train epoch: 465 | Loss: *0.151* | Acc: *94.802%* (47401/50000) 
Test epoch: 465 | Loss: *0.399* | Acc: *88.250%* (8825/10000)
Train epoch: 466 | Loss: *0.149* | Acc: *94.894%* (47447/50000) 
Test epoch: 466 | Loss: *0.471* | Acc: *86.690%* (8669/10000)
Train epoch: 467 | Loss: *0.147* | Acc: *94.924%* (47462/50000) 
Test epoch: 467 | Loss: *0.337* | Acc: *89.590%* (8959/10000)
Train epoch: 468 | Loss: *0.144* | Acc: *95.166%* (47583/50000) 
Test epoch: 468 | Loss: *0.378* | Acc: *88.780%* (8878/10000)
Train epoch: 469 | Loss: *0.147* | Acc: *94.950%* (47475/50000) 
Test epoch: 469 | Loss: *0.341* | Acc: *89.890%* (8989/10000)
Train epoch: 470 | Loss: *0.139* | Acc: *95.326%* (47663/50000) 
Test epoch: 470 | Loss: *0.380* | Acc: *89.000%* (8900/10000)
Train epoch: 471 | Loss: *0.143* | Acc: *95.102%* (47551/50000) 
Test epoch: 471 | Loss: *0.341* | Acc: *89.890%* (8989/10000)
Train epoch: 472 | Loss: *0.145* | Acc: *95.062%* (47531/50000) 
Test epoch: 472 | Loss: *0.425* | Acc: *87.820%* (8782/10000)
Train epoch: 473 | Loss: *0.140* | Acc: *95.208%* (47604/50000) 
Test epoch: 473 | Loss: *0.407* | Acc: *88.630%* (8863/10000)
Train epoch: 474 | Loss: *0.138* | Acc: *95.414%* (47707/50000) 
Test epoch: 474 | Loss: *0.422* | Acc: *88.200%* (8820/10000)
Train epoch: 475 | Loss: *0.138* | Acc: *95.292%* (47646/50000) 
Test epoch: 475 | Loss: *0.400* | Acc: *88.740%* (8874/10000)
Train epoch: 476 | Loss: *0.137* | Acc: *95.304%* (47652/50000) 
Test epoch: 476 | Loss: *0.418* | Acc: *88.140%* (8814/10000)
Train epoch: 477 | Loss: *0.134* | Acc: *95.454%* (47727/50000) 
Test epoch: 477 | Loss: *0.409* | Acc: *88.680%* (8868/10000)
Train epoch: 478 | Loss: *0.130* | Acc: *95.516%* (47758/50000) 
Test epoch: 478 | Loss: *0.404* | Acc: *88.770%* (8877/10000)
Train epoch: 479 | Loss: *0.131* | Acc: *95.546%* (47773/50000) 
Test epoch: 479 | Loss: *0.423* | Acc: *88.380%* (8838/10000)
Train epoch: 480 | Loss: *0.126* | Acc: *95.696%* (47848/50000) 
Test epoch: 480 | Loss: *0.384* | Acc: *89.060%* (8906/10000)
Train epoch: 481 | Loss: *0.127* | Acc: *95.558%* (47779/50000) 
Test epoch: 481 | Loss: *0.361* | Acc: *89.650%* (8965/10000)
Train epoch: 482 | Loss: *0.125* | Acc: *95.730%* (47865/50000) 
Test epoch: 482 | Loss: *0.512* | Acc: *86.690%* (8669/10000)
Train epoch: 483 | Loss: *0.120* | Acc: *95.948%* (47974/50000) 
Test epoch: 483 | Loss: *0.424* | Acc: *88.010%* (8801/10000)
Train epoch: 484 | Loss: *0.124* | Acc: *95.788%* (47894/50000) 
Test epoch: 484 | Loss: *0.355* | Acc: *89.670%* (8967/10000)
Train epoch: 485 | Loss: *0.118* | Acc: *96.008%* (48004/50000) 
Test epoch: 485 | Loss: *0.381* | Acc: *89.010%* (8901/10000)
Train epoch: 486 | Loss: *0.125* | Acc: *95.702%* (47851/50000) 
Test epoch: 486 | Loss: *0.360* | Acc: *89.500%* (8950/10000)
Train epoch: 487 | Loss: *0.115* | Acc: *95.986%* (47993/50000) 
Test epoch: 487 | Loss: *0.428* | Acc: *88.090%* (8809/10000)
Train epoch: 488 | Loss: *0.112* | Acc: *96.214%* (48107/50000) 
Test epoch: 488 | Loss: *0.369* | Acc: *89.590%* (8959/10000)
Train epoch: 489 | Loss: *0.116* | Acc: *96.046%* (48023/50000) 
Test epoch: 489 | Loss: *0.419* | Acc: *88.690%* (8869/10000)
Train epoch: 490 | Loss: *0.114* | Acc: *96.150%* (48075/50000) 
Test epoch: 490 | Loss: *0.389* | Acc: *89.260%* (8926/10000)
Train epoch: 491 | Loss: *0.108* | Acc: *96.332%* (48166/50000) 
Test epoch: 491 | Loss: *0.426* | Acc: *88.290%* (8829/10000)
Train epoch: 492 | Loss: *0.110* | Acc: *96.214%* (48107/50000) 
Test epoch: 492 | Loss: *0.385* | Acc: *89.320%* (8932/10000)
Train epoch: 493 | Loss: *0.111* | Acc: *96.158%* (48079/50000) 
Test epoch: 493 | Loss: *0.408* | Acc: *88.480%* (8848/10000)
Train epoch: 494 | Loss: *0.103* | Acc: *96.478%* (48239/50000) 
Test epoch: 494 | Loss: *0.363* | Acc: *89.790%* (8979/10000)
Train epoch: 495 | Loss: *0.108* | Acc: *96.306%* (48153/50000) 
Test epoch: 495 | Loss: *0.447* | Acc: *88.750%* (8875/10000)
Train epoch: 496 | Loss: *0.101* | Acc: *96.582%* (48291/50000) 
Test epoch: 496 | Loss: *0.368* | Acc: *89.620%* (8962/10000)
Train epoch: 497 | Loss: *0.099* | Acc: *96.592%* (48296/50000) 
Test epoch: 497 | Loss: *0.385* | Acc: *89.650%* (8965/10000)
Train epoch: 498 | Loss: *0.103* | Acc: *96.462%* (48231/50000) 
Test epoch: 498 | Loss: *0.401* | Acc: *89.390%* (8939/10000)
Train epoch: 499 | Loss: *0.095* | Acc: *96.838%* (48419/50000) 
Test epoch: 499 | Loss: *0.367* | Acc: *89.970%* (8997/10000)
Train epoch: 500 | Loss: *0.096* | Acc: *96.726%* (48363/50000) 
Test epoch: 500 | Loss: *0.403* | Acc: *89.310%* (8931/10000)
Best test accuracy: *92.000%*, loss: *0.3500601313263178*, at epoch: *212*.
==> Execution time summary of 500 epoch(s).
Train data loading time: sum. *246.99093326739967* secs | avg. *0.49398186653479936* secs per epoch.
Train training time: sum. *1781.6051133619621* secs | avg. *3.5632102267239243* secs per epoch.
Train total time: sum. *2028.5960466293618* secs | avg. *4.057192093258724* secs per epoch.
Test data loading time: sum. *97.3500895453617* secs | avg. *0.1947001790907234* secs per epoch.
Test training time: sum. *99.08817311096936* secs | avg. *0.19817634622193872* secs per epoch.
Test total time: sum. *196.43826265633106* secs | avg. *0.39287652531266215* secs per epoch.
Total data loading time: sum. *344.34102281276137* secs | avg. *0.6886820456255227* secs per epoch.
Total training time: sum. *1880.6932864729315* secs | avg. *3.761386572945863* secs per epoch.
Total running time: sum. *2225.034309285693* secs | avg. *4.450068618571386* secs per epoch.
==> Number of GPU device: 1
==> Device #0 Memory Usage
==> Allocated: 0.1 GB
==> Cached:    2.4 GB
==> Maximum: 2.4 GB
