Defaulting to user installation because normal site-packages is not writeable
Requirement already satisfied: Torch in ./.local/lib/python3.8/site-packages (1.10.2)
Requirement already satisfied: typing-extensions in ./.local/lib/python3.8/site-packages (from Torch) (4.1.1)
Defaulting to user installation because normal site-packages is not writeable
Requirement already satisfied: torchvision in ./.local/lib/python3.8/site-packages (0.11.3)
Requirement already satisfied: numpy in /share/apps/anaconda3/2020.07/lib/python3.8/site-packages (from torchvision) (1.18.5)
Requirement already satisfied: torch==1.10.2 in ./.local/lib/python3.8/site-packages (from torchvision) (1.10.2)
Requirement already satisfied: pillow!=8.3.0,>=5.3.0 in /share/apps/anaconda3/2020.07/lib/python3.8/site-packages (from torchvision) (7.2.0)
Requirement already satisfied: typing-extensions in ./.local/lib/python3.8/site-packages (from torch==1.10.2->torchvision) (4.1.1)
==> Running on : cuda
==> Number of CPU: 48
==> Number of workers: 2
==> #Epochs: 500, #Layers: 3, #Blocks: [5, 2, 1], In channel: 64, Input layer conv kernel: 5x5, Residual layer conv kernel 5x5, Skip kernel: 1x1, Input layer conv padding: 2, Residual layer conv padding: 2
==> Optimizer is SGD
==> Momentum: 0.9
==> Learning rate: 0.1
==> Weight decay: 0.0005
==>Trainable Parameters: 4967754
==>Other Parameters: 0
==>Augmentation: None
Files already downloaded and verified
Train epoch: 1 | Loss: *1.582* | Acc: *40.788%* (20394/50000) 
Test epoch: 1 | Loss: *1.503* | Acc: *44.710%* (4471/10000)
Train epoch: 2 | Loss: *1.121* | Acc: *59.486%* (29743/50000) 
Test epoch: 2 | Loss: *1.141* | Acc: *59.630%* (5963/10000)
Train epoch: 3 | Loss: *0.872* | Acc: *68.912%* (34456/50000) 
Test epoch: 3 | Loss: *0.986* | Acc: *66.010%* (6601/10000)
Train epoch: 4 | Loss: *0.704* | Acc: *75.312%* (37656/50000) 
Test epoch: 4 | Loss: *0.864* | Acc: *70.160%* (7016/10000)
Train epoch: 5 | Loss: *0.595* | Acc: *79.314%* (39657/50000) 
Test epoch: 5 | Loss: *0.702* | Acc: *76.420%* (7642/10000)
Train epoch: 6 | Loss: *0.526* | Acc: *81.912%* (40956/50000) 
Test epoch: 6 | Loss: *1.397* | Acc: *57.710%* (5771/10000)
Train epoch: 7 | Loss: *0.474* | Acc: *83.610%* (41805/50000) 
Test epoch: 7 | Loss: *0.693* | Acc: *76.630%* (7663/10000)
Train epoch: 8 | Loss: *0.432* | Acc: *85.100%* (42550/50000) 
Test epoch: 8 | Loss: *0.838* | Acc: *73.700%* (7370/10000)
Train epoch: 9 | Loss: *0.400* | Acc: *86.294%* (43147/50000) 
Test epoch: 9 | Loss: *0.624* | Acc: *78.550%* (7855/10000)
Train epoch: 10 | Loss: *0.367* | Acc: *87.308%* (43654/50000) 
Test epoch: 10 | Loss: *0.711* | Acc: *75.640%* (7564/10000)
Train epoch: 11 | Loss: *0.340* | Acc: *88.410%* (44205/50000) 
Test epoch: 11 | Loss: *0.745* | Acc: *75.840%* (7584/10000)
Train epoch: 12 | Loss: *0.318* | Acc: *89.032%* (44516/50000) 
Test epoch: 12 | Loss: *1.033* | Acc: *66.070%* (6607/10000)
Train epoch: 13 | Loss: *0.304* | Acc: *89.410%* (44705/50000) 
Test epoch: 13 | Loss: *0.577* | Acc: *80.890%* (8089/10000)
Train epoch: 14 | Loss: *0.282* | Acc: *90.146%* (45073/50000) 
Test epoch: 14 | Loss: *0.542* | Acc: *82.180%* (8218/10000)
Train epoch: 15 | Loss: *0.276* | Acc: *90.432%* (45216/50000) 
Test epoch: 15 | Loss: *0.946* | Acc: *72.800%* (7280/10000)
Train epoch: 16 | Loss: *0.251* | Acc: *91.220%* (45610/50000) 
Test epoch: 16 | Loss: *0.744* | Acc: *77.460%* (7746/10000)
Train epoch: 17 | Loss: *0.253* | Acc: *91.100%* (45550/50000) 
Test epoch: 17 | Loss: *0.769* | Acc: *75.320%* (7532/10000)
Train epoch: 18 | Loss: *0.232* | Acc: *91.838%* (45919/50000) 
Test epoch: 18 | Loss: *0.783* | Acc: *76.590%* (7659/10000)
Train epoch: 19 | Loss: *0.235* | Acc: *91.802%* (45901/50000) 
Test epoch: 19 | Loss: *0.665* | Acc: *78.500%* (7850/10000)
Train epoch: 20 | Loss: *0.220* | Acc: *92.338%* (46169/50000) 
Test epoch: 20 | Loss: *0.805* | Acc: *76.050%* (7605/10000)
Train epoch: 21 | Loss: *0.211* | Acc: *92.560%* (46280/50000) 
Test epoch: 21 | Loss: *0.558* | Acc: *82.300%* (8230/10000)
Train epoch: 22 | Loss: *0.205* | Acc: *92.924%* (46462/50000) 
Test epoch: 22 | Loss: *0.714* | Acc: *78.180%* (7818/10000)
Train epoch: 23 | Loss: *0.207* | Acc: *92.890%* (46445/50000) 
Test epoch: 23 | Loss: *0.578* | Acc: *82.050%* (8205/10000)
Train epoch: 24 | Loss: *0.201* | Acc: *93.020%* (46510/50000) 
Test epoch: 24 | Loss: *0.789* | Acc: *75.750%* (7575/10000)
Train epoch: 25 | Loss: *0.189* | Acc: *93.546%* (46773/50000) 
Test epoch: 25 | Loss: *0.807* | Acc: *76.150%* (7615/10000)
Train epoch: 26 | Loss: *0.193* | Acc: *93.310%* (46655/50000) 
Test epoch: 26 | Loss: *0.683* | Acc: *79.120%* (7912/10000)
Train epoch: 27 | Loss: *0.187* | Acc: *93.562%* (46781/50000) 
Test epoch: 27 | Loss: *0.612* | Acc: *81.040%* (8104/10000)
Train epoch: 28 | Loss: *0.183* | Acc: *93.698%* (46849/50000) 
Test epoch: 28 | Loss: *0.645* | Acc: *79.470%* (7947/10000)
Train epoch: 29 | Loss: *0.185* | Acc: *93.524%* (46762/50000) 
Test epoch: 29 | Loss: *1.064* | Acc: *71.250%* (7125/10000)
Train epoch: 30 | Loss: *0.177* | Acc: *93.896%* (46948/50000) 
Test epoch: 30 | Loss: *0.939* | Acc: *72.980%* (7298/10000)
Train epoch: 31 | Loss: *0.169* | Acc: *94.266%* (47133/50000) 
Test epoch: 31 | Loss: *0.669* | Acc: *79.490%* (7949/10000)
Train epoch: 32 | Loss: *0.172* | Acc: *94.066%* (47033/50000) 
Test epoch: 32 | Loss: *0.829* | Acc: *77.120%* (7712/10000)
Train epoch: 33 | Loss: *0.177* | Acc: *93.908%* (46954/50000) 
Test epoch: 33 | Loss: *0.690* | Acc: *77.500%* (7750/10000)
Train epoch: 34 | Loss: *0.162* | Acc: *94.492%* (47246/50000) 
Test epoch: 34 | Loss: *0.574* | Acc: *82.830%* (8283/10000)
Train epoch: 35 | Loss: *0.163* | Acc: *94.360%* (47180/50000) 
Test epoch: 35 | Loss: *0.713* | Acc: *78.690%* (7869/10000)
Train epoch: 36 | Loss: *0.164* | Acc: *94.364%* (47182/50000) 
Test epoch: 36 | Loss: *0.954* | Acc: *73.550%* (7355/10000)
Train epoch: 37 | Loss: *0.172* | Acc: *94.036%* (47018/50000) 
Test epoch: 37 | Loss: *0.965* | Acc: *73.800%* (7380/10000)
Train epoch: 38 | Loss: *0.151* | Acc: *94.876%* (47438/50000) 
Test epoch: 38 | Loss: *0.608* | Acc: *80.310%* (8031/10000)
Train epoch: 39 | Loss: *0.162* | Acc: *94.364%* (47182/50000) 
Test epoch: 39 | Loss: *1.004* | Acc: *74.480%* (7448/10000)
Train epoch: 40 | Loss: *0.153* | Acc: *94.740%* (47370/50000) 
Test epoch: 40 | Loss: *0.627* | Acc: *80.020%* (8002/10000)
Train epoch: 41 | Loss: *0.151* | Acc: *94.766%* (47383/50000) 
Test epoch: 41 | Loss: *1.014* | Acc: *73.700%* (7370/10000)
Train epoch: 42 | Loss: *0.150* | Acc: *94.828%* (47414/50000) 
Test epoch: 42 | Loss: *0.857* | Acc: *73.210%* (7321/10000)
Train epoch: 43 | Loss: *0.157* | Acc: *94.582%* (47291/50000) 
Test epoch: 43 | Loss: *0.657* | Acc: *79.790%* (7979/10000)
Train epoch: 44 | Loss: *0.146* | Acc: *95.094%* (47547/50000) 
Test epoch: 44 | Loss: *0.828* | Acc: *77.570%* (7757/10000)
Train epoch: 45 | Loss: *0.149* | Acc: *94.858%* (47429/50000) 
Test epoch: 45 | Loss: *0.654* | Acc: *80.220%* (8022/10000)
Train epoch: 46 | Loss: *0.142* | Acc: *95.178%* (47589/50000) 
Test epoch: 46 | Loss: *0.703* | Acc: *78.340%* (7834/10000)
Train epoch: 47 | Loss: *0.146* | Acc: *94.992%* (47496/50000) 
Test epoch: 47 | Loss: *0.883* | Acc: *76.920%* (7692/10000)
Train epoch: 48 | Loss: *0.138* | Acc: *95.302%* (47651/50000) 
Test epoch: 48 | Loss: *0.620* | Acc: *80.130%* (8013/10000)
Train epoch: 49 | Loss: *0.140* | Acc: *95.208%* (47604/50000) 
Test epoch: 49 | Loss: *1.078* | Acc: *71.070%* (7107/10000)
Train epoch: 50 | Loss: *0.140* | Acc: *95.154%* (47577/50000) 
Test epoch: 50 | Loss: *1.108* | Acc: *72.540%* (7254/10000)
Train epoch: 51 | Loss: *0.136* | Acc: *95.416%* (47708/50000) 
Test epoch: 51 | Loss: *0.847* | Acc: *75.940%* (7594/10000)
Train epoch: 52 | Loss: *0.136* | Acc: *95.414%* (47707/50000) 
Test epoch: 52 | Loss: *1.012* | Acc: *71.420%* (7142/10000)
Train epoch: 53 | Loss: *0.134* | Acc: *95.398%* (47699/50000) 
Test epoch: 53 | Loss: *0.875* | Acc: *72.240%* (7224/10000)
Train epoch: 54 | Loss: *0.130* | Acc: *95.528%* (47764/50000) 
Test epoch: 54 | Loss: *0.931* | Acc: *75.480%* (7548/10000)
Train epoch: 55 | Loss: *0.133* | Acc: *95.486%* (47743/50000) 
Test epoch: 55 | Loss: *1.193* | Acc: *68.870%* (6887/10000)
Train epoch: 56 | Loss: *0.129* | Acc: *95.558%* (47779/50000) 
Test epoch: 56 | Loss: *0.761* | Acc: *78.880%* (7888/10000)
Train epoch: 57 | Loss: *0.133* | Acc: *95.390%* (47695/50000) 
Test epoch: 57 | Loss: *0.801* | Acc: *77.370%* (7737/10000)
Train epoch: 58 | Loss: *0.125* | Acc: *95.798%* (47899/50000) 
Test epoch: 58 | Loss: *0.806* | Acc: *77.700%* (7770/10000)
Train epoch: 59 | Loss: *0.128* | Acc: *95.586%* (47793/50000) 
Test epoch: 59 | Loss: *0.950* | Acc: *75.640%* (7564/10000)
Train epoch: 60 | Loss: *0.127* | Acc: *95.626%* (47813/50000) 
Test epoch: 60 | Loss: *0.876* | Acc: *76.160%* (7616/10000)
Train epoch: 61 | Loss: *0.115* | Acc: *96.008%* (48004/50000) 
Test epoch: 61 | Loss: *0.861* | Acc: *75.220%* (7522/10000)
Train epoch: 62 | Loss: *0.124* | Acc: *95.802%* (47901/50000) 
Test epoch: 62 | Loss: *0.744* | Acc: *77.360%* (7736/10000)
Train epoch: 63 | Loss: *0.123* | Acc: *95.820%* (47910/50000) 
Test epoch: 63 | Loss: *0.853* | Acc: *76.220%* (7622/10000)
Train epoch: 64 | Loss: *0.101* | Acc: *96.660%* (48330/50000) 
Test epoch: 64 | Loss: *0.985* | Acc: *73.340%* (7334/10000)
Train epoch: 65 | Loss: *0.129* | Acc: *95.574%* (47787/50000) 
Test epoch: 65 | Loss: *0.656* | Acc: *80.930%* (8093/10000)
Train epoch: 66 | Loss: *0.107* | Acc: *96.410%* (48205/50000) 
Test epoch: 66 | Loss: *0.644* | Acc: *80.560%* (8056/10000)
Train epoch: 67 | Loss: *0.117* | Acc: *96.042%* (48021/50000) 
Test epoch: 67 | Loss: *0.842* | Acc: *78.090%* (7809/10000)
Train epoch: 68 | Loss: *0.108* | Acc: *96.436%* (48218/50000) 
Test epoch: 68 | Loss: *0.634* | Acc: *82.200%* (8220/10000)
Train epoch: 69 | Loss: *0.107* | Acc: *96.394%* (48197/50000) 
Test epoch: 69 | Loss: *0.892* | Acc: *76.350%* (7635/10000)
Train epoch: 70 | Loss: *0.115* | Acc: *96.200%* (48100/50000) 
Test epoch: 70 | Loss: *0.735* | Acc: *80.010%* (8001/10000)
Train epoch: 71 | Loss: *0.107* | Acc: *96.402%* (48201/50000) 
Test epoch: 71 | Loss: *0.824* | Acc: *76.980%* (7698/10000)
Train epoch: 72 | Loss: *0.104* | Acc: *96.522%* (48261/50000) 
Test epoch: 72 | Loss: *1.181* | Acc: *72.760%* (7276/10000)
Train epoch: 73 | Loss: *0.105* | Acc: *96.522%* (48261/50000) 
Test epoch: 73 | Loss: *0.750* | Acc: *79.650%* (7965/10000)
Train epoch: 74 | Loss: *0.100* | Acc: *96.662%* (48331/50000) 
Test epoch: 74 | Loss: *0.631* | Acc: *80.730%* (8073/10000)
Train epoch: 75 | Loss: *0.100* | Acc: *96.606%* (48303/50000) 
Test epoch: 75 | Loss: *0.749* | Acc: *78.630%* (7863/10000)
Train epoch: 76 | Loss: *0.090* | Acc: *96.900%* (48450/50000) 
Test epoch: 76 | Loss: *0.851* | Acc: *76.810%* (7681/10000)
Train epoch: 77 | Loss: *0.101* | Acc: *96.578%* (48289/50000) 
Test epoch: 77 | Loss: *0.862* | Acc: *75.420%* (7542/10000)
Train epoch: 78 | Loss: *0.099* | Acc: *96.532%* (48266/50000) 
Test epoch: 78 | Loss: *0.573* | Acc: *82.550%* (8255/10000)
Train epoch: 79 | Loss: *0.092* | Acc: *96.894%* (48447/50000) 
Test epoch: 79 | Loss: *0.770* | Acc: *78.280%* (7828/10000)
Train epoch: 80 | Loss: *0.104* | Acc: *96.460%* (48230/50000) 
Test epoch: 80 | Loss: *0.619* | Acc: *81.670%* (8167/10000)
Train epoch: 81 | Loss: *0.082* | Acc: *97.336%* (48668/50000) 
Test epoch: 81 | Loss: *0.929* | Acc: *76.700%* (7670/10000)
Train epoch: 82 | Loss: *0.083* | Acc: *97.246%* (48623/50000) 
Test epoch: 82 | Loss: *0.725* | Acc: *78.170%* (7817/10000)
Train epoch: 83 | Loss: *0.094* | Acc: *96.854%* (48427/50000) 
Test epoch: 83 | Loss: *0.684* | Acc: *80.380%* (8038/10000)
Train epoch: 84 | Loss: *0.081* | Acc: *97.306%* (48653/50000) 
Test epoch: 84 | Loss: *0.897* | Acc: *75.910%* (7591/10000)
Train epoch: 85 | Loss: *0.087* | Acc: *97.172%* (48586/50000) 
Test epoch: 85 | Loss: *0.842* | Acc: *78.190%* (7819/10000)
Train epoch: 86 | Loss: *0.094* | Acc: *96.834%* (48417/50000) 
Test epoch: 86 | Loss: *0.737* | Acc: *80.670%* (8067/10000)
Train epoch: 87 | Loss: *0.075* | Acc: *97.520%* (48760/50000) 
Test epoch: 87 | Loss: *1.089* | Acc: *74.120%* (7412/10000)
Train epoch: 88 | Loss: *0.080* | Acc: *97.322%* (48661/50000) 
Test epoch: 88 | Loss: *0.918* | Acc: *76.780%* (7678/10000)
Train epoch: 89 | Loss: *0.083* | Acc: *97.238%* (48619/50000) 
Test epoch: 89 | Loss: *0.828* | Acc: *78.690%* (7869/10000)
Train epoch: 90 | Loss: *0.072* | Acc: *97.670%* (48835/50000) 
Test epoch: 90 | Loss: *1.036* | Acc: *75.990%* (7599/10000)
Train epoch: 91 | Loss: *0.075* | Acc: *97.544%* (48772/50000) 
Test epoch: 91 | Loss: *0.784* | Acc: *79.600%* (7960/10000)
Train epoch: 92 | Loss: *0.070* | Acc: *97.698%* (48849/50000) 
Test epoch: 92 | Loss: *0.696* | Acc: *81.120%* (8112/10000)
Train epoch: 93 | Loss: *0.083* | Acc: *97.262%* (48631/50000) 
Test epoch: 93 | Loss: *0.624* | Acc: *81.950%* (8195/10000)
Train epoch: 94 | Loss: *0.059* | Acc: *98.194%* (49097/50000) 
Test epoch: 94 | Loss: *0.751* | Acc: *78.860%* (7886/10000)
Train epoch: 95 | Loss: *0.065* | Acc: *97.848%* (48924/50000) 
Test epoch: 95 | Loss: *1.105* | Acc: *73.160%* (7316/10000)
Train epoch: 96 | Loss: *0.091* | Acc: *96.952%* (48476/50000) 
Test epoch: 96 | Loss: *0.797* | Acc: *79.000%* (7900/10000)
Train epoch: 97 | Loss: *0.061* | Acc: *97.998%* (48999/50000) 
Test epoch: 97 | Loss: *0.563* | Acc: *83.990%* (8399/10000)
Train epoch: 98 | Loss: *0.053* | Acc: *98.284%* (49142/50000) 
Test epoch: 98 | Loss: *0.723* | Acc: *80.610%* (8061/10000)
Train epoch: 99 | Loss: *0.063* | Acc: *98.010%* (49005/50000) 
Test epoch: 99 | Loss: *0.684* | Acc: *80.660%* (8066/10000)
Train epoch: 100 | Loss: *0.066* | Acc: *97.830%* (48915/50000) 
Test epoch: 100 | Loss: *0.825* | Acc: *78.040%* (7804/10000)
Train epoch: 101 | Loss: *0.062* | Acc: *97.996%* (48998/50000) 
Test epoch: 101 | Loss: *0.647* | Acc: *81.980%* (8198/10000)
Train epoch: 102 | Loss: *0.065* | Acc: *97.954%* (48977/50000) 
Test epoch: 102 | Loss: *0.864* | Acc: *77.640%* (7764/10000)
Train epoch: 103 | Loss: *0.045* | Acc: *98.624%* (49312/50000) 
Test epoch: 103 | Loss: *0.613* | Acc: *83.300%* (8330/10000)
Train epoch: 104 | Loss: *0.031* | Acc: *99.148%* (49574/50000) 
Test epoch: 104 | Loss: *0.645* | Acc: *83.030%* (8303/10000)
Train epoch: 105 | Loss: *0.045* | Acc: *98.596%* (49298/50000) 
Test epoch: 105 | Loss: *0.965* | Acc: *75.670%* (7567/10000)
Train epoch: 106 | Loss: *0.096* | Acc: *96.754%* (48377/50000) 
Test epoch: 106 | Loss: *1.013* | Acc: *74.070%* (7407/10000)
Train epoch: 107 | Loss: *0.059* | Acc: *98.126%* (49063/50000) 
Test epoch: 107 | Loss: *0.650* | Acc: *82.720%* (8272/10000)
Train epoch: 108 | Loss: *0.033* | Acc: *99.024%* (49512/50000) 
Test epoch: 108 | Loss: *0.593* | Acc: *83.840%* (8384/10000)
Train epoch: 109 | Loss: *0.027* | Acc: *99.282%* (49641/50000) 
Test epoch: 109 | Loss: *0.498* | Acc: *86.140%* (8614/10000)
Train epoch: 110 | Loss: *0.037* | Acc: *98.882%* (49441/50000) 
Test epoch: 110 | Loss: *0.636* | Acc: *82.860%* (8286/10000)
Train epoch: 111 | Loss: *0.079* | Acc: *97.440%* (48720/50000) 
Test epoch: 111 | Loss: *1.169* | Acc: *73.450%* (7345/10000)
Train epoch: 112 | Loss: *0.064* | Acc: *97.896%* (48948/50000) 
Test epoch: 112 | Loss: *0.629* | Acc: *82.440%* (8244/10000)
Train epoch: 113 | Loss: *0.030* | Acc: *99.206%* (49603/50000) 
Test epoch: 113 | Loss: *0.490* | Acc: *85.770%* (8577/10000)
Train epoch: 114 | Loss: *0.008* | Acc: *99.902%* (49951/50000) 
Test epoch: 114 | Loss: *0.379* | Acc: *88.880%* (8888/10000)
Train epoch: 115 | Loss: *0.003* | Acc: *99.990%* (49995/50000) 
Test epoch: 115 | Loss: *0.346* | Acc: *89.660%* (8966/10000)
Train epoch: 116 | Loss: *0.002* | Acc: *100.000%* (50000/50000) 
Test epoch: 116 | Loss: *0.324* | Acc: *90.110%* (9011/10000)
Train epoch: 117 | Loss: *0.002* | Acc: *100.000%* (50000/50000) 
Test epoch: 117 | Loss: *0.315* | Acc: *90.240%* (9024/10000)
Train epoch: 118 | Loss: *0.002* | Acc: *100.000%* (50000/50000) 
Test epoch: 118 | Loss: *0.310* | Acc: *90.210%* (9021/10000)
Train epoch: 119 | Loss: *0.002* | Acc: *100.000%* (50000/50000) 
Test epoch: 119 | Loss: *0.306* | Acc: *90.400%* (9040/10000)
Train epoch: 120 | Loss: *0.002* | Acc: *100.000%* (50000/50000) 
Test epoch: 120 | Loss: *0.306* | Acc: *90.370%* (9037/10000)
Train epoch: 121 | Loss: *0.002* | Acc: *100.000%* (50000/50000) 
Test epoch: 121 | Loss: *0.304* | Acc: *90.530%* (9053/10000)
Train epoch: 122 | Loss: *0.002* | Acc: *100.000%* (50000/50000) 
Test epoch: 122 | Loss: *0.304* | Acc: *90.520%* (9052/10000)
Train epoch: 123 | Loss: *0.002* | Acc: *100.000%* (50000/50000) 
Test epoch: 123 | Loss: *0.300* | Acc: *90.790%* (9079/10000)
Train epoch: 124 | Loss: *0.002* | Acc: *100.000%* (50000/50000) 
Test epoch: 124 | Loss: *0.306* | Acc: *90.620%* (9062/10000)
Train epoch: 125 | Loss: *0.002* | Acc: *100.000%* (50000/50000) 
Test epoch: 125 | Loss: *0.302* | Acc: *90.720%* (9072/10000)
Train epoch: 126 | Loss: *0.002* | Acc: *100.000%* (50000/50000) 
Test epoch: 126 | Loss: *0.303* | Acc: *90.540%* (9054/10000)
Train epoch: 127 | Loss: *0.002* | Acc: *100.000%* (50000/50000) 
Test epoch: 127 | Loss: *0.301* | Acc: *90.850%* (9085/10000)
Train epoch: 128 | Loss: *0.262* | Acc: *91.164%* (45582/50000) 
Test epoch: 128 | Loss: *1.001* | Acc: *69.250%* (6925/10000)
Train epoch: 129 | Loss: *0.361* | Acc: *87.776%* (43888/50000) 
Test epoch: 129 | Loss: *0.608* | Acc: *80.390%* (8039/10000)
Train epoch: 130 | Loss: *0.167* | Acc: *94.538%* (47269/50000) 
Test epoch: 130 | Loss: *0.685* | Acc: *80.250%* (8025/10000)
Train epoch: 131 | Loss: *0.082* | Acc: *97.420%* (48710/50000) 
Test epoch: 131 | Loss: *0.802* | Acc: *78.230%* (7823/10000)
Train epoch: 132 | Loss: *0.043* | Acc: *98.718%* (49359/50000) 
Test epoch: 132 | Loss: *0.525* | Acc: *84.660%* (8466/10000)
Train epoch: 133 | Loss: *0.024* | Acc: *99.444%* (49722/50000) 
Test epoch: 133 | Loss: *0.443* | Acc: *87.050%* (8705/10000)
Train epoch: 134 | Loss: *0.009* | Acc: *99.868%* (49934/50000) 
Test epoch: 134 | Loss: *0.383* | Acc: *88.800%* (8880/10000)
Train epoch: 135 | Loss: *0.003* | Acc: *99.998%* (49999/50000) 
Test epoch: 135 | Loss: *0.344* | Acc: *89.790%* (8979/10000)
Train epoch: 136 | Loss: *0.002* | Acc: *100.000%* (50000/50000) 
Test epoch: 136 | Loss: *0.333* | Acc: *89.910%* (8991/10000)
Train epoch: 137 | Loss: *0.002* | Acc: *100.000%* (50000/50000) 
Test epoch: 137 | Loss: *0.325* | Acc: *90.030%* (9003/10000)
Train epoch: 138 | Loss: *0.002* | Acc: *100.000%* (50000/50000) 
Test epoch: 138 | Loss: *0.320* | Acc: *90.140%* (9014/10000)
Train epoch: 139 | Loss: *0.002* | Acc: *100.000%* (50000/50000) 
Test epoch: 139 | Loss: *0.315* | Acc: *90.250%* (9025/10000)
Train epoch: 140 | Loss: *0.002* | Acc: *100.000%* (50000/50000) 
Test epoch: 140 | Loss: *0.314* | Acc: *90.070%* (9007/10000)
Train epoch: 141 | Loss: *0.002* | Acc: *100.000%* (50000/50000) 
Test epoch: 141 | Loss: *0.314* | Acc: *90.140%* (9014/10000)
Train epoch: 142 | Loss: *0.002* | Acc: *100.000%* (50000/50000) 
Test epoch: 142 | Loss: *0.310* | Acc: *90.220%* (9022/10000)
Train epoch: 143 | Loss: *0.002* | Acc: *100.000%* (50000/50000) 
Test epoch: 143 | Loss: *0.313* | Acc: *90.270%* (9027/10000)
Train epoch: 144 | Loss: *0.002* | Acc: *100.000%* (50000/50000) 
Test epoch: 144 | Loss: *0.313* | Acc: *90.090%* (9009/10000)
Train epoch: 145 | Loss: *0.002* | Acc: *100.000%* (50000/50000) 
Test epoch: 145 | Loss: *0.312* | Acc: *90.200%* (9020/10000)
Train epoch: 146 | Loss: *0.002* | Acc: *100.000%* (50000/50000) 
Test epoch: 146 | Loss: *0.313* | Acc: *90.270%* (9027/10000)
Train epoch: 147 | Loss: *0.002* | Acc: *100.000%* (50000/50000) 
Test epoch: 147 | Loss: *0.313* | Acc: *90.100%* (9010/10000)
Train epoch: 148 | Loss: *0.002* | Acc: *100.000%* (50000/50000) 
Test epoch: 148 | Loss: *0.313* | Acc: *90.000%* (9000/10000)
Train epoch: 149 | Loss: *0.002* | Acc: *100.000%* (50000/50000) 
Test epoch: 149 | Loss: *0.319* | Acc: *89.830%* (8983/10000)
Train epoch: 150 | Loss: *0.002* | Acc: *100.000%* (50000/50000) 
Test epoch: 150 | Loss: *0.322* | Acc: *89.900%* (8990/10000)
Train epoch: 151 | Loss: *0.002* | Acc: *100.000%* (50000/50000) 
Test epoch: 151 | Loss: *0.320* | Acc: *90.100%* (9010/10000)
Train epoch: 152 | Loss: *0.002* | Acc: *100.000%* (50000/50000) 
Test epoch: 152 | Loss: *0.320* | Acc: *89.830%* (8983/10000)
Train epoch: 153 | Loss: *0.002* | Acc: *100.000%* (50000/50000) 
Test epoch: 153 | Loss: *0.325* | Acc: *89.630%* (8963/10000)
Train epoch: 154 | Loss: *0.002* | Acc: *100.000%* (50000/50000) 
Test epoch: 154 | Loss: *0.330* | Acc: *89.610%* (8961/10000)
Train epoch: 155 | Loss: *0.002* | Acc: *100.000%* (50000/50000) 
Test epoch: 155 | Loss: *0.328* | Acc: *89.520%* (8952/10000)
Train epoch: 156 | Loss: *0.002* | Acc: *100.000%* (50000/50000) 
Test epoch: 156 | Loss: *0.330* | Acc: *89.500%* (8950/10000)
Train epoch: 157 | Loss: *0.002* | Acc: *100.000%* (50000/50000) 
Test epoch: 157 | Loss: *0.339* | Acc: *89.370%* (8937/10000)
Train epoch: 158 | Loss: *0.002* | Acc: *100.000%* (50000/50000) 
Test epoch: 158 | Loss: *0.330* | Acc: *89.390%* (8939/10000)
Train epoch: 159 | Loss: *0.002* | Acc: *100.000%* (50000/50000) 
Test epoch: 159 | Loss: *0.336* | Acc: *89.430%* (8943/10000)
Train epoch: 160 | Loss: *0.002* | Acc: *100.000%* (50000/50000) 
Test epoch: 160 | Loss: *0.336* | Acc: *89.260%* (8926/10000)
Train epoch: 161 | Loss: *0.002* | Acc: *100.000%* (50000/50000) 
Test epoch: 161 | Loss: *0.337* | Acc: *89.190%* (8919/10000)
Train epoch: 162 | Loss: *0.002* | Acc: *100.000%* (50000/50000) 
Test epoch: 162 | Loss: *0.345* | Acc: *89.280%* (8928/10000)
Train epoch: 163 | Loss: *0.002* | Acc: *100.000%* (50000/50000) 
Test epoch: 163 | Loss: *0.345* | Acc: *89.310%* (8931/10000)
Train epoch: 164 | Loss: *0.002* | Acc: *100.000%* (50000/50000) 
Test epoch: 164 | Loss: *0.344* | Acc: *89.180%* (8918/10000)
Train epoch: 165 | Loss: *0.002* | Acc: *100.000%* (50000/50000) 
Test epoch: 165 | Loss: *0.345* | Acc: *89.250%* (8925/10000)
Train epoch: 166 | Loss: *0.002* | Acc: *100.000%* (50000/50000) 
Test epoch: 166 | Loss: *0.348* | Acc: *88.960%* (8896/10000)
Train epoch: 167 | Loss: *0.002* | Acc: *100.000%* (50000/50000) 
Test epoch: 167 | Loss: *0.351* | Acc: *89.020%* (8902/10000)
Train epoch: 168 | Loss: *0.002* | Acc: *100.000%* (50000/50000) 
Test epoch: 168 | Loss: *0.347* | Acc: *89.010%* (8901/10000)
Train epoch: 169 | Loss: *0.002* | Acc: *100.000%* (50000/50000) 
Test epoch: 169 | Loss: *0.349* | Acc: *88.930%* (8893/10000)
Train epoch: 170 | Loss: *0.002* | Acc: *100.000%* (50000/50000) 
Test epoch: 170 | Loss: *0.349* | Acc: *89.210%* (8921/10000)
Train epoch: 171 | Loss: *0.002* | Acc: *100.000%* (50000/50000) 
Test epoch: 171 | Loss: *0.350* | Acc: *89.160%* (8916/10000)
Train epoch: 172 | Loss: *0.002* | Acc: *100.000%* (50000/50000) 
Test epoch: 172 | Loss: *0.357* | Acc: *88.820%* (8882/10000)
Train epoch: 173 | Loss: *0.002* | Acc: *100.000%* (50000/50000) 
Test epoch: 173 | Loss: *0.353* | Acc: *88.970%* (8897/10000)
Train epoch: 174 | Loss: *0.002* | Acc: *100.000%* (50000/50000) 
Test epoch: 174 | Loss: *0.355* | Acc: *88.970%* (8897/10000)
Train epoch: 175 | Loss: *0.002* | Acc: *100.000%* (50000/50000) 
Test epoch: 175 | Loss: *0.355* | Acc: *89.130%* (8913/10000)
Train epoch: 176 | Loss: *0.002* | Acc: *100.000%* (50000/50000) 
Test epoch: 176 | Loss: *0.357* | Acc: *89.050%* (8905/10000)
Train epoch: 177 | Loss: *0.002* | Acc: *100.000%* (50000/50000) 
Test epoch: 177 | Loss: *0.355* | Acc: *89.030%* (8903/10000)
Train epoch: 178 | Loss: *0.002* | Acc: *100.000%* (50000/50000) 
Test epoch: 178 | Loss: *0.356* | Acc: *89.060%* (8906/10000)
Train epoch: 179 | Loss: *0.002* | Acc: *100.000%* (50000/50000) 
Test epoch: 179 | Loss: *0.356* | Acc: *89.070%* (8907/10000)
Train epoch: 180 | Loss: *0.002* | Acc: *100.000%* (50000/50000) 
Test epoch: 180 | Loss: *0.357* | Acc: *89.040%* (8904/10000)
Train epoch: 181 | Loss: *0.002* | Acc: *100.000%* (50000/50000) 
Test epoch: 181 | Loss: *0.356* | Acc: *89.180%* (8918/10000)
Train epoch: 182 | Loss: *0.002* | Acc: *100.000%* (50000/50000) 
Test epoch: 182 | Loss: *0.358* | Acc: *89.150%* (8915/10000)
Train epoch: 183 | Loss: *0.002* | Acc: *100.000%* (50000/50000) 
Test epoch: 183 | Loss: *0.356* | Acc: *89.170%* (8917/10000)
Train epoch: 184 | Loss: *0.002* | Acc: *100.000%* (50000/50000) 
Test epoch: 184 | Loss: *0.359* | Acc: *88.990%* (8899/10000)
Train epoch: 185 | Loss: *0.002* | Acc: *100.000%* (50000/50000) 
Test epoch: 185 | Loss: *0.361* | Acc: *88.890%* (8889/10000)
Train epoch: 186 | Loss: *0.002* | Acc: *100.000%* (50000/50000) 
Test epoch: 186 | Loss: *0.358* | Acc: *89.080%* (8908/10000)
Train epoch: 187 | Loss: *0.002* | Acc: *100.000%* (50000/50000) 
Test epoch: 187 | Loss: *0.358* | Acc: *89.180%* (8918/10000)
Train epoch: 188 | Loss: *0.001* | Acc: *100.000%* (50000/50000) 
Test epoch: 188 | Loss: *0.360* | Acc: *89.070%* (8907/10000)
Train epoch: 189 | Loss: *0.002* | Acc: *100.000%* (50000/50000) 
Test epoch: 189 | Loss: *0.362* | Acc: *89.010%* (8901/10000)
Train epoch: 190 | Loss: *0.002* | Acc: *100.000%* (50000/50000) 
Test epoch: 190 | Loss: *0.361* | Acc: *89.110%* (8911/10000)
Train epoch: 191 | Loss: *0.002* | Acc: *100.000%* (50000/50000) 
Test epoch: 191 | Loss: *0.361* | Acc: *89.050%* (8905/10000)
Train epoch: 192 | Loss: *0.002* | Acc: *100.000%* (50000/50000) 
Test epoch: 192 | Loss: *0.361* | Acc: *89.050%* (8905/10000)
Train epoch: 193 | Loss: *0.002* | Acc: *100.000%* (50000/50000) 
Test epoch: 193 | Loss: *0.358* | Acc: *89.100%* (8910/10000)
Train epoch: 194 | Loss: *0.002* | Acc: *100.000%* (50000/50000) 
Test epoch: 194 | Loss: *0.362* | Acc: *88.980%* (8898/10000)
Train epoch: 195 | Loss: *0.001* | Acc: *100.000%* (50000/50000) 
Test epoch: 195 | Loss: *0.360* | Acc: *89.020%* (8902/10000)
Train epoch: 196 | Loss: *0.001* | Acc: *100.000%* (50000/50000) 
Test epoch: 196 | Loss: *0.360* | Acc: *89.120%* (8912/10000)
Train epoch: 197 | Loss: *0.002* | Acc: *100.000%* (50000/50000) 
Test epoch: 197 | Loss: *0.362* | Acc: *89.120%* (8912/10000)
Train epoch: 198 | Loss: *0.001* | Acc: *100.000%* (50000/50000) 
Test epoch: 198 | Loss: *0.360* | Acc: *89.060%* (8906/10000)
Train epoch: 199 | Loss: *0.001* | Acc: *100.000%* (50000/50000) 
Test epoch: 199 | Loss: *0.361* | Acc: *88.970%* (8897/10000)
Train epoch: 200 | Loss: *0.002* | Acc: *100.000%* (50000/50000) 
Test epoch: 200 | Loss: *0.359* | Acc: *89.040%* (8904/10000)
Train epoch: 201 | Loss: *0.001* | Acc: *100.000%* (50000/50000) 
Test epoch: 201 | Loss: *0.361* | Acc: *88.980%* (8898/10000)
Train epoch: 202 | Loss: *0.002* | Acc: *100.000%* (50000/50000) 
Test epoch: 202 | Loss: *0.359* | Acc: *89.110%* (8911/10000)
Train epoch: 203 | Loss: *0.001* | Acc: *100.000%* (50000/50000) 
Test epoch: 203 | Loss: *0.362* | Acc: *89.140%* (8914/10000)
Train epoch: 204 | Loss: *0.002* | Acc: *100.000%* (50000/50000) 
Test epoch: 204 | Loss: *0.361* | Acc: *89.030%* (8903/10000)
Train epoch: 205 | Loss: *0.002* | Acc: *100.000%* (50000/50000) 
Test epoch: 205 | Loss: *0.360* | Acc: *89.080%* (8908/10000)
Train epoch: 206 | Loss: *0.002* | Acc: *100.000%* (50000/50000) 
Test epoch: 206 | Loss: *0.360* | Acc: *89.110%* (8911/10000)
Train epoch: 207 | Loss: *0.002* | Acc: *100.000%* (50000/50000) 
Test epoch: 207 | Loss: *0.364* | Acc: *88.990%* (8899/10000)
Train epoch: 208 | Loss: *0.001* | Acc: *100.000%* (50000/50000) 
Test epoch: 208 | Loss: *0.359* | Acc: *89.130%* (8913/10000)
Train epoch: 209 | Loss: *0.001* | Acc: *100.000%* (50000/50000) 
Test epoch: 209 | Loss: *0.359* | Acc: *89.040%* (8904/10000)
Train epoch: 210 | Loss: *0.002* | Acc: *100.000%* (50000/50000) 
Test epoch: 210 | Loss: *0.363* | Acc: *89.020%* (8902/10000)
Train epoch: 211 | Loss: *0.002* | Acc: *100.000%* (50000/50000) 
Test epoch: 211 | Loss: *0.360* | Acc: *89.140%* (8914/10000)
Train epoch: 212 | Loss: *0.001* | Acc: *100.000%* (50000/50000) 
Test epoch: 212 | Loss: *0.361* | Acc: *89.030%* (8903/10000)
Train epoch: 213 | Loss: *0.002* | Acc: *100.000%* (50000/50000) 
Test epoch: 213 | Loss: *0.362* | Acc: *89.030%* (8903/10000)
Train epoch: 214 | Loss: *0.002* | Acc: *100.000%* (50000/50000) 
Test epoch: 214 | Loss: *0.362* | Acc: *88.960%* (8896/10000)
Train epoch: 215 | Loss: *0.002* | Acc: *100.000%* (50000/50000) 
Test epoch: 215 | Loss: *0.363* | Acc: *88.930%* (8893/10000)
Train epoch: 216 | Loss: *0.002* | Acc: *100.000%* (50000/50000) 
Test epoch: 216 | Loss: *0.361* | Acc: *89.110%* (8911/10000)
Train epoch: 217 | Loss: *0.002* | Acc: *100.000%* (50000/50000) 
Test epoch: 217 | Loss: *0.363* | Acc: *89.000%* (8900/10000)
Train epoch: 218 | Loss: *0.002* | Acc: *100.000%* (50000/50000) 
Test epoch: 218 | Loss: *0.361* | Acc: *89.000%* (8900/10000)
Train epoch: 219 | Loss: *0.002* | Acc: *100.000%* (50000/50000) 
Test epoch: 219 | Loss: *0.364* | Acc: *88.820%* (8882/10000)
Train epoch: 220 | Loss: *0.002* | Acc: *100.000%* (50000/50000) 
Test epoch: 220 | Loss: *0.367* | Acc: *88.830%* (8883/10000)
Train epoch: 221 | Loss: *0.002* | Acc: *100.000%* (50000/50000) 
Test epoch: 221 | Loss: *0.363* | Acc: *89.010%* (8901/10000)
Train epoch: 222 | Loss: *0.002* | Acc: *100.000%* (50000/50000) 
Test epoch: 222 | Loss: *0.364* | Acc: *88.970%* (8897/10000)
Train epoch: 223 | Loss: *0.002* | Acc: *100.000%* (50000/50000) 
Test epoch: 223 | Loss: *0.366* | Acc: *89.010%* (8901/10000)
Train epoch: 224 | Loss: *0.002* | Acc: *100.000%* (50000/50000) 
Test epoch: 224 | Loss: *0.365* | Acc: *88.950%* (8895/10000)
Train epoch: 225 | Loss: *0.002* | Acc: *100.000%* (50000/50000) 
Test epoch: 225 | Loss: *0.364* | Acc: *89.040%* (8904/10000)
Train epoch: 226 | Loss: *0.002* | Acc: *100.000%* (50000/50000) 
Test epoch: 226 | Loss: *0.371* | Acc: *88.900%* (8890/10000)
Train epoch: 227 | Loss: *0.002* | Acc: *100.000%* (50000/50000) 
Test epoch: 227 | Loss: *0.368* | Acc: *88.810%* (8881/10000)
Train epoch: 228 | Loss: *0.002* | Acc: *100.000%* (50000/50000) 
Test epoch: 228 | Loss: *0.368* | Acc: *88.820%* (8882/10000)
Train epoch: 229 | Loss: *0.002* | Acc: *100.000%* (50000/50000) 
Test epoch: 229 | Loss: *0.371* | Acc: *88.860%* (8886/10000)
Train epoch: 230 | Loss: *0.002* | Acc: *100.000%* (50000/50000) 
Test epoch: 230 | Loss: *0.379* | Acc: *88.530%* (8853/10000)
Train epoch: 231 | Loss: *0.002* | Acc: *100.000%* (50000/50000) 
Test epoch: 231 | Loss: *0.382* | Acc: *88.280%* (8828/10000)
Train epoch: 232 | Loss: *0.002* | Acc: *100.000%* (50000/50000) 
Test epoch: 232 | Loss: *0.373* | Acc: *88.960%* (8896/10000)
Train epoch: 233 | Loss: *0.002* | Acc: *100.000%* (50000/50000) 
Test epoch: 233 | Loss: *0.382* | Acc: *88.700%* (8870/10000)
Train epoch: 234 | Loss: *0.226* | Acc: *92.634%* (46317/50000) 
Test epoch: 234 | Loss: *0.683* | Acc: *77.000%* (7700/10000)
Train epoch: 235 | Loss: *0.247* | Acc: *92.356%* (46178/50000) 
Test epoch: 235 | Loss: *0.808* | Acc: *76.960%* (7696/10000)
Train epoch: 236 | Loss: *0.088* | Acc: *97.784%* (48892/50000) 
Test epoch: 236 | Loss: *0.604* | Acc: *81.660%* (8166/10000)
Train epoch: 237 | Loss: *0.039* | Acc: *99.202%* (49601/50000) 
Test epoch: 237 | Loss: *0.419* | Acc: *87.250%* (8725/10000)
Train epoch: 238 | Loss: *0.017* | Acc: *99.710%* (49855/50000) 
Test epoch: 238 | Loss: *0.461* | Acc: *86.470%* (8647/10000)
Train epoch: 239 | Loss: *0.008* | Acc: *99.936%* (49968/50000) 
Test epoch: 239 | Loss: *0.370* | Acc: *89.030%* (8903/10000)
Train epoch: 240 | Loss: *0.003* | Acc: *99.998%* (49999/50000) 
Test epoch: 240 | Loss: *0.336* | Acc: *89.560%* (8956/10000)
Train epoch: 241 | Loss: *0.002* | Acc: *100.000%* (50000/50000) 
Test epoch: 241 | Loss: *0.330* | Acc: *90.100%* (9010/10000)
Train epoch: 242 | Loss: *0.001* | Acc: *100.000%* (50000/50000) 
Test epoch: 242 | Loss: *0.328* | Acc: *90.000%* (9000/10000)
Train epoch: 243 | Loss: *0.001* | Acc: *100.000%* (50000/50000) 
Test epoch: 243 | Loss: *0.327* | Acc: *90.180%* (9018/10000)
Train epoch: 244 | Loss: *0.001* | Acc: *100.000%* (50000/50000) 
Test epoch: 244 | Loss: *0.328* | Acc: *89.990%* (8999/10000)
Train epoch: 245 | Loss: *0.001* | Acc: *100.000%* (50000/50000) 
Test epoch: 245 | Loss: *0.325* | Acc: *90.220%* (9022/10000)
Train epoch: 246 | Loss: *0.001* | Acc: *100.000%* (50000/50000) 
Test epoch: 246 | Loss: *0.324* | Acc: *90.100%* (9010/10000)
Train epoch: 247 | Loss: *0.001* | Acc: *100.000%* (50000/50000) 
Test epoch: 247 | Loss: *0.330* | Acc: *90.140%* (9014/10000)
Train epoch: 248 | Loss: *0.001* | Acc: *100.000%* (50000/50000) 
Test epoch: 248 | Loss: *0.328* | Acc: *90.020%* (9002/10000)
Train epoch: 249 | Loss: *0.001* | Acc: *100.000%* (50000/50000) 
Test epoch: 249 | Loss: *0.333* | Acc: *89.760%* (8976/10000)
Train epoch: 250 | Loss: *0.001* | Acc: *100.000%* (50000/50000) 
Test epoch: 250 | Loss: *0.334* | Acc: *89.830%* (8983/10000)
Train epoch: 251 | Loss: *0.002* | Acc: *100.000%* (50000/50000) 
Test epoch: 251 | Loss: *0.335* | Acc: *90.070%* (9007/10000)
Train epoch: 252 | Loss: *0.002* | Acc: *100.000%* (50000/50000) 
Test epoch: 252 | Loss: *0.341* | Acc: *89.810%* (8981/10000)
Train epoch: 253 | Loss: *0.420* | Acc: *85.684%* (42842/50000) 
Test epoch: 253 | Loss: *0.675* | Acc: *77.850%* (7785/10000)
Train epoch: 254 | Loss: *0.215* | Acc: *92.818%* (46409/50000) 
Test epoch: 254 | Loss: *0.544* | Acc: *83.320%* (8332/10000)
Train epoch: 255 | Loss: *0.106* | Acc: *96.712%* (48356/50000) 
Test epoch: 255 | Loss: *0.539* | Acc: *83.630%* (8363/10000)
Train epoch: 256 | Loss: *0.064* | Acc: *98.036%* (49018/50000) 
Test epoch: 256 | Loss: *0.778* | Acc: *79.370%* (7937/10000)
Train epoch: 257 | Loss: *0.045* | Acc: *98.734%* (49367/50000) 
Test epoch: 257 | Loss: *0.545* | Acc: *84.900%* (8490/10000)
Train epoch: 258 | Loss: *0.052* | Acc: *98.392%* (49196/50000) 
Test epoch: 258 | Loss: *0.555* | Acc: *84.970%* (8497/10000)
Train epoch: 259 | Loss: *0.039* | Acc: *98.880%* (49440/50000) 
Test epoch: 259 | Loss: *0.511* | Acc: *85.780%* (8578/10000)
Train epoch: 260 | Loss: *0.024* | Acc: *99.426%* (49713/50000) 
Test epoch: 260 | Loss: *0.556* | Acc: *85.150%* (8515/10000)
Train epoch: 261 | Loss: *0.021* | Acc: *99.464%* (49732/50000) 
Test epoch: 261 | Loss: *0.512* | Acc: *85.880%* (8588/10000)
Train epoch: 262 | Loss: *0.020* | Acc: *99.510%* (49755/50000) 
Test epoch: 262 | Loss: *0.537* | Acc: *84.540%* (8454/10000)
Train epoch: 263 | Loss: *0.050* | Acc: *98.462%* (49231/50000) 
Test epoch: 263 | Loss: *0.906* | Acc: *77.560%* (7756/10000)
Train epoch: 264 | Loss: *0.104* | Acc: *96.564%* (48282/50000) 
Test epoch: 264 | Loss: *0.638* | Acc: *82.740%* (8274/10000)
Train epoch: 265 | Loss: *0.045* | Acc: *98.684%* (49342/50000) 
Test epoch: 265 | Loss: *0.503* | Acc: *85.380%* (8538/10000)
Train epoch: 266 | Loss: *0.023* | Acc: *99.432%* (49716/50000) 
Test epoch: 266 | Loss: *0.475* | Acc: *86.690%* (8669/10000)
Train epoch: 267 | Loss: *0.005* | Acc: *99.952%* (49976/50000) 
Test epoch: 267 | Loss: *0.390* | Acc: *89.030%* (8903/10000)
Train epoch: 268 | Loss: *0.002* | Acc: *99.998%* (49999/50000) 
Test epoch: 268 | Loss: *0.366* | Acc: *89.190%* (8919/10000)
Train epoch: 269 | Loss: *0.002* | Acc: *100.000%* (50000/50000) 
Test epoch: 269 | Loss: *0.349* | Acc: *89.670%* (8967/10000)
Train epoch: 270 | Loss: *0.002* | Acc: *100.000%* (50000/50000) 
Test epoch: 270 | Loss: *0.338* | Acc: *89.760%* (8976/10000)
Train epoch: 271 | Loss: *0.002* | Acc: *100.000%* (50000/50000) 
Test epoch: 271 | Loss: *0.337* | Acc: *89.940%* (8994/10000)
Train epoch: 272 | Loss: *0.002* | Acc: *100.000%* (50000/50000) 
Test epoch: 272 | Loss: *0.333* | Acc: *89.900%* (8990/10000)
Train epoch: 273 | Loss: *0.002* | Acc: *100.000%* (50000/50000) 
Test epoch: 273 | Loss: *0.330* | Acc: *89.880%* (8988/10000)
Train epoch: 274 | Loss: *0.002* | Acc: *100.000%* (50000/50000) 
Test epoch: 274 | Loss: *0.330* | Acc: *89.810%* (8981/10000)
Train epoch: 275 | Loss: *0.002* | Acc: *100.000%* (50000/50000) 
Test epoch: 275 | Loss: *0.330* | Acc: *89.950%* (8995/10000)
Train epoch: 276 | Loss: *0.004* | Acc: *99.972%* (49986/50000) 
Test epoch: 276 | Loss: *0.791* | Acc: *76.410%* (7641/10000)
Train epoch: 277 | Loss: *0.406* | Acc: *86.160%* (43080/50000) 
Test epoch: 277 | Loss: *0.656* | Acc: *78.250%* (7825/10000)
Train epoch: 278 | Loss: *0.188* | Acc: *93.732%* (46866/50000) 
Test epoch: 278 | Loss: *0.628* | Acc: *80.950%* (8095/10000)
Train epoch: 279 | Loss: *0.110* | Acc: *96.386%* (48193/50000) 
Test epoch: 279 | Loss: *0.606* | Acc: *83.780%* (8378/10000)
Train epoch: 280 | Loss: *0.088* | Acc: *97.114%* (48557/50000) 
Test epoch: 280 | Loss: *0.726* | Acc: *80.640%* (8064/10000)
Train epoch: 281 | Loss: *0.075* | Acc: *97.514%* (48757/50000) 
Test epoch: 281 | Loss: *0.625* | Acc: *82.690%* (8269/10000)
Train epoch: 282 | Loss: *0.064* | Acc: *97.918%* (48959/50000) 
Test epoch: 282 | Loss: *0.817* | Acc: *79.290%* (7929/10000)
Train epoch: 283 | Loss: *0.070* | Acc: *97.690%* (48845/50000) 
Test epoch: 283 | Loss: *0.641* | Acc: *81.100%* (8110/10000)
Train epoch: 284 | Loss: *0.059* | Acc: *98.142%* (49071/50000) 
Test epoch: 284 | Loss: *0.773* | Acc: *79.910%* (7991/10000)
Train epoch: 285 | Loss: *0.060* | Acc: *98.058%* (49029/50000) 
Test epoch: 285 | Loss: *0.735* | Acc: *80.060%* (8006/10000)
Train epoch: 286 | Loss: *0.068* | Acc: *97.792%* (48896/50000) 
Test epoch: 286 | Loss: *0.880* | Acc: *77.190%* (7719/10000)
Train epoch: 287 | Loss: *0.064* | Acc: *97.966%* (48983/50000) 
Test epoch: 287 | Loss: *0.843* | Acc: *78.580%* (7858/10000)
Train epoch: 288 | Loss: *0.047* | Acc: *98.548%* (49274/50000) 
Test epoch: 288 | Loss: *0.678* | Acc: *81.990%* (8199/10000)
Train epoch: 289 | Loss: *0.074* | Acc: *97.548%* (48774/50000) 
Test epoch: 289 | Loss: *0.722* | Acc: *80.050%* (8005/10000)
Train epoch: 290 | Loss: *0.064* | Acc: *97.918%* (48959/50000) 
Test epoch: 290 | Loss: *0.750* | Acc: *81.080%* (8108/10000)
Train epoch: 291 | Loss: *0.059* | Acc: *98.150%* (49075/50000) 
Test epoch: 291 | Loss: *0.727* | Acc: *82.020%* (8202/10000)
Train epoch: 292 | Loss: *0.069* | Acc: *97.762%* (48881/50000) 
Test epoch: 292 | Loss: *0.684* | Acc: *81.020%* (8102/10000)
Train epoch: 293 | Loss: *0.066* | Acc: *97.876%* (48938/50000) 
Test epoch: 293 | Loss: *0.739* | Acc: *80.900%* (8090/10000)
Train epoch: 294 | Loss: *0.073* | Acc: *97.626%* (48813/50000) 
Test epoch: 294 | Loss: *0.654* | Acc: *82.720%* (8272/10000)
Train epoch: 295 | Loss: *0.061* | Acc: *98.044%* (49022/50000) 
Test epoch: 295 | Loss: *0.612* | Acc: *82.680%* (8268/10000)
Train epoch: 296 | Loss: *0.070* | Acc: *97.680%* (48840/50000) 
Test epoch: 296 | Loss: *0.777* | Acc: *78.590%* (7859/10000)
Train epoch: 297 | Loss: *0.084* | Acc: *97.222%* (48611/50000) 
Test epoch: 297 | Loss: *1.059* | Acc: *74.320%* (7432/10000)
Train epoch: 298 | Loss: *0.068* | Acc: *97.776%* (48888/50000) 
Test epoch: 298 | Loss: *0.764* | Acc: *80.870%* (8087/10000)
Train epoch: 299 | Loss: *0.071* | Acc: *97.720%* (48860/50000) 
Test epoch: 299 | Loss: *0.952* | Acc: *76.060%* (7606/10000)
Train epoch: 300 | Loss: *0.072* | Acc: *97.610%* (48805/50000) 
Test epoch: 300 | Loss: *0.660* | Acc: *81.950%* (8195/10000)
Train epoch: 301 | Loss: *0.076* | Acc: *97.526%* (48763/50000) 
Test epoch: 301 | Loss: *1.192* | Acc: *72.310%* (7231/10000)
Train epoch: 302 | Loss: *0.089* | Acc: *97.006%* (48503/50000) 
Test epoch: 302 | Loss: *0.781* | Acc: *79.710%* (7971/10000)
Train epoch: 303 | Loss: *0.077* | Acc: *97.560%* (48780/50000) 
Test epoch: 303 | Loss: *0.766* | Acc: *78.930%* (7893/10000)
Train epoch: 304 | Loss: *0.078* | Acc: *97.366%* (48683/50000) 
Test epoch: 304 | Loss: *0.648* | Acc: *81.460%* (8146/10000)
Train epoch: 305 | Loss: *0.074* | Acc: *97.600%* (48800/50000) 
Test epoch: 305 | Loss: *0.917* | Acc: *76.860%* (7686/10000)
Train epoch: 306 | Loss: *0.088* | Acc: *97.082%* (48541/50000) 
Test epoch: 306 | Loss: *0.719* | Acc: *80.590%* (8059/10000)
Train epoch: 307 | Loss: *0.089* | Acc: *97.030%* (48515/50000) 
Test epoch: 307 | Loss: *0.655* | Acc: *81.060%* (8106/10000)
Train epoch: 308 | Loss: *0.091* | Acc: *96.918%* (48459/50000) 
Test epoch: 308 | Loss: *0.567* | Acc: *83.180%* (8318/10000)
Train epoch: 309 | Loss: *0.081* | Acc: *97.322%* (48661/50000) 
Test epoch: 309 | Loss: *0.781* | Acc: *79.150%* (7915/10000)
Train epoch: 310 | Loss: *0.090* | Acc: *97.036%* (48518/50000) 
Test epoch: 310 | Loss: *0.681* | Acc: *81.330%* (8133/10000)
Train epoch: 311 | Loss: *0.082* | Acc: *97.238%* (48619/50000) 
Test epoch: 311 | Loss: *0.787* | Acc: *78.500%* (7850/10000)
Train epoch: 312 | Loss: *0.090* | Acc: *97.032%* (48516/50000) 
Test epoch: 312 | Loss: *0.769* | Acc: *79.580%* (7958/10000)
Train epoch: 313 | Loss: *0.088* | Acc: *97.088%* (48544/50000) 
Test epoch: 313 | Loss: *0.688* | Acc: *80.570%* (8057/10000)
Train epoch: 314 | Loss: *0.094* | Acc: *96.832%* (48416/50000) 
Test epoch: 314 | Loss: *0.628* | Acc: *82.950%* (8295/10000)
Train epoch: 315 | Loss: *0.093* | Acc: *96.854%* (48427/50000) 
Test epoch: 315 | Loss: *0.814* | Acc: *77.480%* (7748/10000)
Train epoch: 316 | Loss: *0.095* | Acc: *96.842%* (48421/50000) 
Test epoch: 316 | Loss: *0.752* | Acc: *79.280%* (7928/10000)
Train epoch: 317 | Loss: *0.096* | Acc: *96.814%* (48407/50000) 
Test epoch: 317 | Loss: *0.910* | Acc: *74.590%* (7459/10000)
Train epoch: 318 | Loss: *0.100* | Acc: *96.684%* (48342/50000) 
Test epoch: 318 | Loss: *0.913* | Acc: *75.690%* (7569/10000)
Train epoch: 319 | Loss: *0.096* | Acc: *96.732%* (48366/50000) 
Test epoch: 319 | Loss: *0.853* | Acc: *77.360%* (7736/10000)
Train epoch: 320 | Loss: *0.101* | Acc: *96.632%* (48316/50000) 
Test epoch: 320 | Loss: *0.792* | Acc: *77.770%* (7777/10000)
Train epoch: 321 | Loss: *0.096* | Acc: *96.790%* (48395/50000) 
Test epoch: 321 | Loss: *1.069* | Acc: *73.790%* (7379/10000)
Train epoch: 322 | Loss: *0.101* | Acc: *96.680%* (48340/50000) 
Test epoch: 322 | Loss: *1.355* | Acc: *67.220%* (6722/10000)
Train epoch: 323 | Loss: *0.113* | Acc: *96.168%* (48084/50000) 
Test epoch: 323 | Loss: *0.914* | Acc: *74.310%* (7431/10000)
Train epoch: 324 | Loss: *0.107* | Acc: *96.380%* (48190/50000) 
Test epoch: 324 | Loss: *0.617* | Acc: *82.820%* (8282/10000)
Train epoch: 325 | Loss: *0.095* | Acc: *96.874%* (48437/50000) 
Test epoch: 325 | Loss: *0.623* | Acc: *82.010%* (8201/10000)
Train epoch: 326 | Loss: *0.109* | Acc: *96.322%* (48161/50000) 
Test epoch: 326 | Loss: *0.621* | Acc: *81.390%* (8139/10000)
Train epoch: 327 | Loss: *0.113* | Acc: *96.192%* (48096/50000) 
Test epoch: 327 | Loss: *0.762* | Acc: *79.970%* (7997/10000)
Train epoch: 328 | Loss: *0.096* | Acc: *96.808%* (48404/50000) 
Test epoch: 328 | Loss: *0.913* | Acc: *77.060%* (7706/10000)
Train epoch: 329 | Loss: *0.120* | Acc: *95.936%* (47968/50000) 
Test epoch: 329 | Loss: *0.706* | Acc: *80.220%* (8022/10000)
Train epoch: 330 | Loss: *0.115* | Acc: *96.144%* (48072/50000) 
Test epoch: 330 | Loss: *0.697* | Acc: *79.820%* (7982/10000)
Train epoch: 331 | Loss: *0.114* | Acc: *96.070%* (48035/50000) 
Test epoch: 331 | Loss: *1.073* | Acc: *73.030%* (7303/10000)
Train epoch: 332 | Loss: *0.100* | Acc: *96.714%* (48357/50000) 
Test epoch: 332 | Loss: *0.919* | Acc: *77.860%* (7786/10000)
Train epoch: 333 | Loss: *0.122* | Acc: *95.802%* (47901/50000) 
Test epoch: 333 | Loss: *0.848* | Acc: *77.150%* (7715/10000)
Train epoch: 334 | Loss: *0.122* | Acc: *95.816%* (47908/50000) 
Test epoch: 334 | Loss: *0.799* | Acc: *77.720%* (7772/10000)
Train epoch: 335 | Loss: *0.112* | Acc: *96.202%* (48101/50000) 
Test epoch: 335 | Loss: *0.918* | Acc: *74.770%* (7477/10000)
Train epoch: 336 | Loss: *0.121* | Acc: *95.868%* (47934/50000) 
Test epoch: 336 | Loss: *0.805* | Acc: *75.910%* (7591/10000)
Train epoch: 337 | Loss: *0.117* | Acc: *96.062%* (48031/50000) 
Test epoch: 337 | Loss: *0.688* | Acc: *79.610%* (7961/10000)
Train epoch: 338 | Loss: *0.112* | Acc: *96.246%* (48123/50000) 
Test epoch: 338 | Loss: *0.671* | Acc: *80.200%* (8020/10000)
Train epoch: 339 | Loss: *0.136* | Acc: *95.356%* (47678/50000) 
Test epoch: 339 | Loss: *0.719* | Acc: *79.140%* (7914/10000)
Train epoch: 340 | Loss: *0.111* | Acc: *96.318%* (48159/50000) 
Test epoch: 340 | Loss: *0.876* | Acc: *77.060%* (7706/10000)
Train epoch: 341 | Loss: *0.129* | Acc: *95.648%* (47824/50000) 
Test epoch: 341 | Loss: *0.683* | Acc: *79.760%* (7976/10000)
Train epoch: 342 | Loss: *0.112* | Acc: *96.176%* (48088/50000) 
Test epoch: 342 | Loss: *0.768* | Acc: *78.280%* (7828/10000)
Train epoch: 343 | Loss: *0.138* | Acc: *95.322%* (47661/50000) 
Test epoch: 343 | Loss: *0.921* | Acc: *75.010%* (7501/10000)
Train epoch: 344 | Loss: *0.131* | Acc: *95.492%* (47746/50000) 
Test epoch: 344 | Loss: *0.862* | Acc: *75.510%* (7551/10000)
Train epoch: 345 | Loss: *0.122* | Acc: *95.824%* (47912/50000) 
Test epoch: 345 | Loss: *0.843* | Acc: *76.360%* (7636/10000)
Train epoch: 346 | Loss: *0.127* | Acc: *95.672%* (47836/50000) 
Test epoch: 346 | Loss: *0.676* | Acc: *79.800%* (7980/10000)
Train epoch: 347 | Loss: *0.130* | Acc: *95.604%* (47802/50000) 
Test epoch: 347 | Loss: *0.706* | Acc: *80.260%* (8026/10000)
Train epoch: 348 | Loss: *0.131* | Acc: *95.492%* (47746/50000) 
Test epoch: 348 | Loss: *0.655* | Acc: *79.400%* (7940/10000)
Train epoch: 349 | Loss: *0.135* | Acc: *95.448%* (47724/50000) 
Test epoch: 349 | Loss: *0.756* | Acc: *78.460%* (7846/10000)
Train epoch: 350 | Loss: *0.119* | Acc: *96.014%* (48007/50000) 
Test epoch: 350 | Loss: *0.960* | Acc: *72.010%* (7201/10000)
Train epoch: 351 | Loss: *0.144* | Acc: *95.002%* (47501/50000) 
Test epoch: 351 | Loss: *1.167* | Acc: *72.210%* (7221/10000)
Train epoch: 352 | Loss: *0.136* | Acc: *95.374%* (47687/50000) 
Test epoch: 352 | Loss: *0.626* | Acc: *80.950%* (8095/10000)
Train epoch: 353 | Loss: *0.135* | Acc: *95.430%* (47715/50000) 
Test epoch: 353 | Loss: *0.638* | Acc: *81.800%* (8180/10000)
Train epoch: 354 | Loss: *0.132* | Acc: *95.534%* (47767/50000) 
Test epoch: 354 | Loss: *1.336* | Acc: *69.510%* (6951/10000)
Train epoch: 355 | Loss: *0.136* | Acc: *95.272%* (47636/50000) 
Test epoch: 355 | Loss: *0.753* | Acc: *78.330%* (7833/10000)
Train epoch: 356 | Loss: *0.138* | Acc: *95.334%* (47667/50000) 
Test epoch: 356 | Loss: *0.614* | Acc: *81.420%* (8142/10000)
Train epoch: 357 | Loss: *0.129* | Acc: *95.692%* (47846/50000) 
Test epoch: 357 | Loss: *0.692* | Acc: *79.640%* (7964/10000)
Train epoch: 358 | Loss: *0.142* | Acc: *95.104%* (47552/50000) 
Test epoch: 358 | Loss: *0.882* | Acc: *75.980%* (7598/10000)
Train epoch: 359 | Loss: *0.136* | Acc: *95.442%* (47721/50000) 
Test epoch: 359 | Loss: *0.996* | Acc: *71.700%* (7170/10000)
Train epoch: 360 | Loss: *0.150* | Acc: *94.832%* (47416/50000) 
Test epoch: 360 | Loss: *0.689* | Acc: *78.980%* (7898/10000)
Train epoch: 361 | Loss: *0.137* | Acc: *95.320%* (47660/50000) 
Test epoch: 361 | Loss: *0.674* | Acc: *81.820%* (8182/10000)
Train epoch: 362 | Loss: *0.145* | Acc: *95.034%* (47517/50000) 
Test epoch: 362 | Loss: *0.824* | Acc: *76.360%* (7636/10000)
Train epoch: 363 | Loss: *0.141* | Acc: *95.206%* (47603/50000) 
Test epoch: 363 | Loss: *1.184* | Acc: *68.700%* (6870/10000)
Train epoch: 364 | Loss: *0.146* | Acc: *95.034%* (47517/50000) 
Test epoch: 364 | Loss: *0.602* | Acc: *80.910%* (8091/10000)
Train epoch: 365 | Loss: *0.140* | Acc: *95.148%* (47574/50000) 
Test epoch: 365 | Loss: *0.648* | Acc: *80.120%* (8012/10000)
Train epoch: 366 | Loss: *0.148* | Acc: *94.930%* (47465/50000) 
Test epoch: 366 | Loss: *0.680* | Acc: *80.060%* (8006/10000)
Train epoch: 367 | Loss: *0.145* | Acc: *95.012%* (47506/50000) 
Test epoch: 367 | Loss: *0.636* | Acc: *81.220%* (8122/10000)
Train epoch: 368 | Loss: *0.147* | Acc: *94.960%* (47480/50000) 
Test epoch: 368 | Loss: *0.820* | Acc: *78.180%* (7818/10000)
Train epoch: 369 | Loss: *0.154* | Acc: *94.774%* (47387/50000) 
Test epoch: 369 | Loss: *0.783* | Acc: *78.300%* (7830/10000)
Train epoch: 370 | Loss: *0.147* | Acc: *94.892%* (47446/50000) 
Test epoch: 370 | Loss: *0.892* | Acc: *77.330%* (7733/10000)
Train epoch: 371 | Loss: *0.149* | Acc: *94.926%* (47463/50000) 
Test epoch: 371 | Loss: *0.706* | Acc: *79.910%* (7991/10000)
Train epoch: 372 | Loss: *0.151* | Acc: *94.962%* (47481/50000) 
Test epoch: 372 | Loss: *0.738* | Acc: *77.750%* (7775/10000)
Train epoch: 373 | Loss: *0.151* | Acc: *94.784%* (47392/50000) 
Test epoch: 373 | Loss: *0.939* | Acc: *72.190%* (7219/10000)
Train epoch: 374 | Loss: *0.144* | Acc: *95.078%* (47539/50000) 
Test epoch: 374 | Loss: *1.149* | Acc: *71.440%* (7144/10000)
Train epoch: 375 | Loss: *0.155* | Acc: *94.660%* (47330/50000) 
Test epoch: 375 | Loss: *1.390* | Acc: *68.340%* (6834/10000)
Train epoch: 376 | Loss: *0.151* | Acc: *94.944%* (47472/50000) 
Test epoch: 376 | Loss: *0.898* | Acc: *74.290%* (7429/10000)
Train epoch: 377 | Loss: *0.156* | Acc: *94.712%* (47356/50000) 
Test epoch: 377 | Loss: *0.671* | Acc: *80.700%* (8070/10000)
Train epoch: 378 | Loss: *0.143* | Acc: *95.188%* (47594/50000) 
Test epoch: 378 | Loss: *0.833* | Acc: *74.960%* (7496/10000)
Train epoch: 379 | Loss: *0.155* | Acc: *94.722%* (47361/50000) 
Test epoch: 379 | Loss: *1.170* | Acc: *71.980%* (7198/10000)
Train epoch: 380 | Loss: *0.151* | Acc: *94.858%* (47429/50000) 
Test epoch: 380 | Loss: *0.763* | Acc: *78.100%* (7810/10000)
Train epoch: 381 | Loss: *0.162* | Acc: *94.520%* (47260/50000) 
Test epoch: 381 | Loss: *0.679* | Acc: *80.530%* (8053/10000)
Train epoch: 382 | Loss: *0.157* | Acc: *94.682%* (47341/50000) 
Test epoch: 382 | Loss: *0.744* | Acc: *77.690%* (7769/10000)
Train epoch: 383 | Loss: *0.148* | Acc: *94.988%* (47494/50000) 
Test epoch: 383 | Loss: *0.726* | Acc: *77.990%* (7799/10000)
Train epoch: 384 | Loss: *0.152* | Acc: *94.924%* (47462/50000) 
Test epoch: 384 | Loss: *0.914* | Acc: *74.580%* (7458/10000)
Train epoch: 385 | Loss: *0.155* | Acc: *94.652%* (47326/50000) 
Test epoch: 385 | Loss: *0.659* | Acc: *80.890%* (8089/10000)
Train epoch: 386 | Loss: *0.162* | Acc: *94.536%* (47268/50000) 
Test epoch: 386 | Loss: *0.711* | Acc: *79.080%* (7908/10000)
Train epoch: 387 | Loss: *0.153* | Acc: *94.760%* (47380/50000) 
Test epoch: 387 | Loss: *0.663* | Acc: *79.780%* (7978/10000)
Train epoch: 388 | Loss: *0.150* | Acc: *94.938%* (47469/50000) 
Test epoch: 388 | Loss: *0.680* | Acc: *79.630%* (7963/10000)
Train epoch: 389 | Loss: *0.157* | Acc: *94.684%* (47342/50000) 
Test epoch: 389 | Loss: *0.743* | Acc: *78.790%* (7879/10000)
Train epoch: 390 | Loss: *0.162* | Acc: *94.442%* (47221/50000) 
Test epoch: 390 | Loss: *1.080* | Acc: *69.380%* (6938/10000)
Train epoch: 391 | Loss: *0.151* | Acc: *94.896%* (47448/50000) 
Test epoch: 391 | Loss: *0.695* | Acc: *78.670%* (7867/10000)
Train epoch: 392 | Loss: *0.155* | Acc: *94.648%* (47324/50000) 
Test epoch: 392 | Loss: *0.640* | Acc: *80.880%* (8088/10000)
Train epoch: 393 | Loss: *0.153* | Acc: *94.746%* (47373/50000) 
Test epoch: 393 | Loss: *0.810* | Acc: *76.090%* (7609/10000)
Train epoch: 394 | Loss: *0.158* | Acc: *94.578%* (47289/50000) 
Test epoch: 394 | Loss: *1.112* | Acc: *69.200%* (6920/10000)
Train epoch: 395 | Loss: *0.154* | Acc: *94.780%* (47390/50000) 
Test epoch: 395 | Loss: *0.767* | Acc: *78.320%* (7832/10000)
Train epoch: 396 | Loss: *0.156* | Acc: *94.578%* (47289/50000) 
Test epoch: 396 | Loss: *0.860* | Acc: *76.740%* (7674/10000)
Train epoch: 397 | Loss: *0.155* | Acc: *94.826%* (47413/50000) 
Test epoch: 397 | Loss: *1.408* | Acc: *65.170%* (6517/10000)
Train epoch: 398 | Loss: *0.143* | Acc: *95.224%* (47612/50000) 
Test epoch: 398 | Loss: *0.896* | Acc: *75.120%* (7512/10000)
Train epoch: 399 | Loss: *0.160* | Acc: *94.546%* (47273/50000) 
Test epoch: 399 | Loss: *0.703* | Acc: *80.810%* (8081/10000)
Train epoch: 400 | Loss: *0.162* | Acc: *94.452%* (47226/50000) 
Test epoch: 400 | Loss: *1.022* | Acc: *73.570%* (7357/10000)
Train epoch: 401 | Loss: *0.157* | Acc: *94.616%* (47308/50000) 
Test epoch: 401 | Loss: *0.890* | Acc: *75.390%* (7539/10000)
Train epoch: 402 | Loss: *0.156* | Acc: *94.792%* (47396/50000) 
Test epoch: 402 | Loss: *0.775* | Acc: *77.500%* (7750/10000)
Train epoch: 403 | Loss: *0.153* | Acc: *94.858%* (47429/50000) 
Test epoch: 403 | Loss: *1.105* | Acc: *71.540%* (7154/10000)
Train epoch: 404 | Loss: *0.158* | Acc: *94.694%* (47347/50000) 
Test epoch: 404 | Loss: *0.742* | Acc: *77.100%* (7710/10000)
Train epoch: 405 | Loss: *0.154* | Acc: *94.812%* (47406/50000) 
Test epoch: 405 | Loss: *0.854* | Acc: *76.580%* (7658/10000)
Train epoch: 406 | Loss: *0.154* | Acc: *94.792%* (47396/50000) 
Test epoch: 406 | Loss: *0.542* | Acc: *83.080%* (8308/10000)
Train epoch: 407 | Loss: *0.147* | Acc: *95.034%* (47517/50000) 
Test epoch: 407 | Loss: *1.075* | Acc: *73.270%* (7327/10000)
Train epoch: 408 | Loss: *0.165* | Acc: *94.286%* (47143/50000) 
Test epoch: 408 | Loss: *0.717* | Acc: *77.420%* (7742/10000)
Train epoch: 409 | Loss: *0.154* | Acc: *94.674%* (47337/50000) 
Test epoch: 409 | Loss: *0.863* | Acc: *76.230%* (7623/10000)
Train epoch: 410 | Loss: *0.156* | Acc: *94.588%* (47294/50000) 
Test epoch: 410 | Loss: *0.763* | Acc: *78.150%* (7815/10000)
Train epoch: 411 | Loss: *0.160* | Acc: *94.388%* (47194/50000) 
Test epoch: 411 | Loss: *0.942* | Acc: *73.030%* (7303/10000)
Train epoch: 412 | Loss: *0.145* | Acc: *95.014%* (47507/50000) 
Test epoch: 412 | Loss: *0.644* | Acc: *80.620%* (8062/10000)
Train epoch: 413 | Loss: *0.156* | Acc: *94.656%* (47328/50000) 
Test epoch: 413 | Loss: *0.747* | Acc: *79.670%* (7967/10000)
Train epoch: 414 | Loss: *0.151* | Acc: *94.840%* (47420/50000) 
Test epoch: 414 | Loss: *0.860* | Acc: *76.410%* (7641/10000)
Train epoch: 415 | Loss: *0.147* | Acc: *95.108%* (47554/50000) 
Test epoch: 415 | Loss: *0.801* | Acc: *76.960%* (7696/10000)
Train epoch: 416 | Loss: *0.157* | Acc: *94.586%* (47293/50000) 
Test epoch: 416 | Loss: *0.796* | Acc: *77.190%* (7719/10000)
Train epoch: 417 | Loss: *0.158* | Acc: *94.698%* (47349/50000) 
Test epoch: 417 | Loss: *0.604* | Acc: *81.450%* (8145/10000)
Train epoch: 418 | Loss: *0.146* | Acc: *95.056%* (47528/50000) 
Test epoch: 418 | Loss: *0.736* | Acc: *79.570%* (7957/10000)
Train epoch: 419 | Loss: *0.156* | Acc: *94.612%* (47306/50000) 
Test epoch: 419 | Loss: *1.014* | Acc: *73.230%* (7323/10000)
Train epoch: 420 | Loss: *0.150* | Acc: *94.806%* (47403/50000) 
Test epoch: 420 | Loss: *0.714* | Acc: *78.980%* (7898/10000)
Train epoch: 421 | Loss: *0.147* | Acc: *95.056%* (47528/50000) 
Test epoch: 421 | Loss: *0.637* | Acc: *80.710%* (8071/10000)
Train epoch: 422 | Loss: *0.147* | Acc: *95.118%* (47559/50000) 
Test epoch: 422 | Loss: *0.895* | Acc: *76.130%* (7613/10000)
Train epoch: 423 | Loss: *0.157* | Acc: *94.540%* (47270/50000) 
Test epoch: 423 | Loss: *0.568* | Acc: *82.480%* (8248/10000)
Train epoch: 424 | Loss: *0.143* | Acc: *95.166%* (47583/50000) 
Test epoch: 424 | Loss: *1.152* | Acc: *70.590%* (7059/10000)
Train epoch: 425 | Loss: *0.150* | Acc: *94.964%* (47482/50000) 
Test epoch: 425 | Loss: *0.592* | Acc: *81.910%* (8191/10000)
Train epoch: 426 | Loss: *0.143* | Acc: *95.242%* (47621/50000) 
Test epoch: 426 | Loss: *0.682* | Acc: *79.750%* (7975/10000)
Train epoch: 427 | Loss: *0.153* | Acc: *94.768%* (47384/50000) 
Test epoch: 427 | Loss: *0.614* | Acc: *81.490%* (8149/10000)
Train epoch: 428 | Loss: *0.148* | Acc: *95.046%* (47523/50000) 
Test epoch: 428 | Loss: *0.632* | Acc: *80.150%* (8015/10000)
Train epoch: 429 | Loss: *0.145* | Acc: *95.084%* (47542/50000) 
Test epoch: 429 | Loss: *0.754* | Acc: *79.510%* (7951/10000)
Train epoch: 430 | Loss: *0.143* | Acc: *95.090%* (47545/50000) 
Test epoch: 430 | Loss: *0.685* | Acc: *79.660%* (7966/10000)
Train epoch: 431 | Loss: *0.142* | Acc: *95.176%* (47588/50000) 
Test epoch: 431 | Loss: *0.630* | Acc: *81.740%* (8174/10000)
Train epoch: 432 | Loss: *0.144* | Acc: *95.038%* (47519/50000) 
Test epoch: 432 | Loss: *0.940* | Acc: *76.170%* (7617/10000)
Train epoch: 433 | Loss: *0.144* | Acc: *94.952%* (47476/50000) 
Test epoch: 433 | Loss: *0.979* | Acc: *76.260%* (7626/10000)
Train epoch: 434 | Loss: *0.148* | Acc: *95.086%* (47543/50000) 
Test epoch: 434 | Loss: *0.949* | Acc: *74.400%* (7440/10000)
Train epoch: 435 | Loss: *0.131* | Acc: *95.618%* (47809/50000) 
Test epoch: 435 | Loss: *0.695* | Acc: *80.550%* (8055/10000)
Train epoch: 436 | Loss: *0.148* | Acc: *94.824%* (47412/50000) 
Test epoch: 436 | Loss: *0.739* | Acc: *78.810%* (7881/10000)
Train epoch: 437 | Loss: *0.141* | Acc: *95.246%* (47623/50000) 
Test epoch: 437 | Loss: *0.620* | Acc: *81.780%* (8178/10000)
Train epoch: 438 | Loss: *0.131* | Acc: *95.492%* (47746/50000) 
Test epoch: 438 | Loss: *0.891* | Acc: *75.870%* (7587/10000)
Train epoch: 439 | Loss: *0.140* | Acc: *95.236%* (47618/50000) 
Test epoch: 439 | Loss: *0.758* | Acc: *78.600%* (7860/10000)
Train epoch: 440 | Loss: *0.142* | Acc: *95.136%* (47568/50000) 
Test epoch: 440 | Loss: *0.812* | Acc: *76.210%* (7621/10000)
Train epoch: 441 | Loss: *0.125* | Acc: *95.800%* (47900/50000) 
Test epoch: 441 | Loss: *0.884* | Acc: *75.980%* (7598/10000)
Train epoch: 442 | Loss: *0.140* | Acc: *95.226%* (47613/50000) 
Test epoch: 442 | Loss: *1.003* | Acc: *73.180%* (7318/10000)
Train epoch: 443 | Loss: *0.133* | Acc: *95.548%* (47774/50000) 
Test epoch: 443 | Loss: *1.289* | Acc: *67.120%* (6712/10000)
Train epoch: 444 | Loss: *0.138* | Acc: *95.330%* (47665/50000) 
Test epoch: 444 | Loss: *0.795* | Acc: *76.810%* (7681/10000)
Train epoch: 445 | Loss: *0.129* | Acc: *95.534%* (47767/50000) 
Test epoch: 445 | Loss: *0.672* | Acc: *79.300%* (7930/10000)
Train epoch: 446 | Loss: *0.132* | Acc: *95.506%* (47753/50000) 
Test epoch: 446 | Loss: *0.714* | Acc: *79.610%* (7961/10000)
Train epoch: 447 | Loss: *0.128* | Acc: *95.626%* (47813/50000) 
Test epoch: 447 | Loss: *0.832* | Acc: *77.350%* (7735/10000)
Train epoch: 448 | Loss: *0.134* | Acc: *95.476%* (47738/50000) 
Test epoch: 448 | Loss: *0.702* | Acc: *78.430%* (7843/10000)
Train epoch: 449 | Loss: *0.121* | Acc: *95.858%* (47929/50000) 
Test epoch: 449 | Loss: *0.921* | Acc: *74.230%* (7423/10000)
Train epoch: 450 | Loss: *0.128* | Acc: *95.640%* (47820/50000) 
Test epoch: 450 | Loss: *0.701* | Acc: *79.970%* (7997/10000)
Train epoch: 451 | Loss: *0.127* | Acc: *95.678%* (47839/50000) 
Test epoch: 451 | Loss: *0.777* | Acc: *77.220%* (7722/10000)
Train epoch: 452 | Loss: *0.131* | Acc: *95.510%* (47755/50000) 
Test epoch: 452 | Loss: *0.564* | Acc: *82.660%* (8266/10000)
Train epoch: 453 | Loss: *0.116* | Acc: *96.030%* (48015/50000) 
Test epoch: 453 | Loss: *0.732* | Acc: *79.080%* (7908/10000)
Train epoch: 454 | Loss: *0.124* | Acc: *95.792%* (47896/50000) 
Test epoch: 454 | Loss: *1.115* | Acc: *71.220%* (7122/10000)
Train epoch: 455 | Loss: *0.129* | Acc: *95.718%* (47859/50000) 
Test epoch: 455 | Loss: *0.776* | Acc: *78.690%* (7869/10000)
Train epoch: 456 | Loss: *0.119* | Acc: *95.920%* (47960/50000) 
Test epoch: 456 | Loss: *0.974* | Acc: *75.290%* (7529/10000)
Train epoch: 457 | Loss: *0.123* | Acc: *95.822%* (47911/50000) 
Test epoch: 457 | Loss: *0.629* | Acc: *81.640%* (8164/10000)
Train epoch: 458 | Loss: *0.111* | Acc: *96.268%* (48134/50000) 
Test epoch: 458 | Loss: *1.093* | Acc: *73.510%* (7351/10000)
Train epoch: 459 | Loss: *0.116* | Acc: *95.978%* (47989/50000) 
Test epoch: 459 | Loss: *1.075* | Acc: *71.660%* (7166/10000)
Train epoch: 460 | Loss: *0.119* | Acc: *95.950%* (47975/50000) 
Test epoch: 460 | Loss: *0.632* | Acc: *81.300%* (8130/10000)
Train epoch: 461 | Loss: *0.113* | Acc: *96.226%* (48113/50000) 
Test epoch: 461 | Loss: *0.647* | Acc: *80.890%* (8089/10000)
Train epoch: 462 | Loss: *0.119* | Acc: *95.988%* (47994/50000) 
Test epoch: 462 | Loss: *0.792* | Acc: *77.950%* (7795/10000)
Train epoch: 463 | Loss: *0.101* | Acc: *96.726%* (48363/50000) 
Test epoch: 463 | Loss: *0.633* | Acc: *80.820%* (8082/10000)
Train epoch: 464 | Loss: *0.111* | Acc: *96.288%* (48144/50000) 
Test epoch: 464 | Loss: *0.869* | Acc: *75.960%* (7596/10000)
Train epoch: 465 | Loss: *0.109* | Acc: *96.350%* (48175/50000) 
Test epoch: 465 | Loss: *0.741* | Acc: *79.730%* (7973/10000)
Train epoch: 466 | Loss: *0.115* | Acc: *96.018%* (48009/50000) 
Test epoch: 466 | Loss: *0.709* | Acc: *79.830%* (7983/10000)
Train epoch: 467 | Loss: *0.102* | Acc: *96.660%* (48330/50000) 
Test epoch: 467 | Loss: *0.813* | Acc: *78.620%* (7862/10000)
Train epoch: 468 | Loss: *0.108* | Acc: *96.326%* (48163/50000) 
Test epoch: 468 | Loss: *0.778* | Acc: *78.070%* (7807/10000)
Train epoch: 469 | Loss: *0.101* | Acc: *96.470%* (48235/50000) 
Test epoch: 469 | Loss: *0.847* | Acc: *76.020%* (7602/10000)
Train epoch: 470 | Loss: *0.100* | Acc: *96.660%* (48330/50000) 
Test epoch: 470 | Loss: *0.620* | Acc: *82.260%* (8226/10000)
Train epoch: 471 | Loss: *0.100* | Acc: *96.714%* (48357/50000) 
Test epoch: 471 | Loss: *0.758* | Acc: *78.750%* (7875/10000)
Train epoch: 472 | Loss: *0.097* | Acc: *96.798%* (48399/50000) 
Test epoch: 472 | Loss: *0.873* | Acc: *77.570%* (7757/10000)
Train epoch: 473 | Loss: *0.104* | Acc: *96.356%* (48178/50000) 
Test epoch: 473 | Loss: *0.753* | Acc: *79.070%* (7907/10000)
Train epoch: 474 | Loss: *0.094* | Acc: *96.852%* (48426/50000) 
Test epoch: 474 | Loss: *0.895* | Acc: *77.010%* (7701/10000)
Train epoch: 475 | Loss: *0.101* | Acc: *96.570%* (48285/50000) 
Test epoch: 475 | Loss: *0.669* | Acc: *80.520%* (8052/10000)
Train epoch: 476 | Loss: *0.097* | Acc: *96.696%* (48348/50000) 
Test epoch: 476 | Loss: *0.717* | Acc: *79.880%* (7988/10000)
Train epoch: 477 | Loss: *0.085* | Acc: *97.176%* (48588/50000) 
Test epoch: 477 | Loss: *0.641* | Acc: *82.790%* (8279/10000)
Train epoch: 478 | Loss: *0.092* | Acc: *96.908%* (48454/50000) 
Test epoch: 478 | Loss: *1.364* | Acc: *69.690%* (6969/10000)
Train epoch: 479 | Loss: *0.098* | Acc: *96.698%* (48349/50000) 
Test epoch: 479 | Loss: *0.740* | Acc: *78.810%* (7881/10000)
Train epoch: 480 | Loss: *0.093* | Acc: *96.910%* (48455/50000) 
Test epoch: 480 | Loss: *0.592* | Acc: *83.280%* (8328/10000)
Train epoch: 481 | Loss: *0.081* | Acc: *97.340%* (48670/50000) 
Test epoch: 481 | Loss: *0.781* | Acc: *79.220%* (7922/10000)
Train epoch: 482 | Loss: *0.084* | Acc: *97.266%* (48633/50000) 
Test epoch: 482 | Loss: *0.646* | Acc: *81.150%* (8115/10000)
Train epoch: 483 | Loss: *0.085* | Acc: *97.212%* (48606/50000) 
Test epoch: 483 | Loss: *1.209* | Acc: *73.330%* (7333/10000)
Train epoch: 484 | Loss: *0.088* | Acc: *97.028%* (48514/50000) 
Test epoch: 484 | Loss: *0.715* | Acc: *79.710%* (7971/10000)
Train epoch: 485 | Loss: *0.080* | Acc: *97.282%* (48641/50000) 
Test epoch: 485 | Loss: *0.768* | Acc: *79.020%* (7902/10000)
Train epoch: 486 | Loss: *0.084* | Acc: *97.098%* (48549/50000) 
Test epoch: 486 | Loss: *0.885* | Acc: *77.090%* (7709/10000)
Train epoch: 487 | Loss: *0.076* | Acc: *97.492%* (48746/50000) 
Test epoch: 487 | Loss: *1.424* | Acc: *69.240%* (6924/10000)
Train epoch: 488 | Loss: *0.072* | Acc: *97.704%* (48852/50000) 
Test epoch: 488 | Loss: *0.750* | Acc: *80.540%* (8054/10000)
Train epoch: 489 | Loss: *0.085* | Acc: *97.122%* (48561/50000) 
Test epoch: 489 | Loss: *0.705* | Acc: *80.420%* (8042/10000)
Train epoch: 490 | Loss: *0.076* | Acc: *97.562%* (48781/50000) 
Test epoch: 490 | Loss: *0.929* | Acc: *76.630%* (7663/10000)
Train epoch: 491 | Loss: *0.068* | Acc: *97.818%* (48909/50000) 
Test epoch: 491 | Loss: *0.836* | Acc: *79.000%* (7900/10000)
Train epoch: 492 | Loss: *0.069* | Acc: *97.804%* (48902/50000) 
Test epoch: 492 | Loss: *0.939* | Acc: *77.000%* (7700/10000)
Train epoch: 493 | Loss: *0.076* | Acc: *97.484%* (48742/50000) 
Test epoch: 493 | Loss: *0.616* | Acc: *83.120%* (8312/10000)
Train epoch: 494 | Loss: *0.067* | Acc: *97.816%* (48908/50000) 
Test epoch: 494 | Loss: *0.760* | Acc: *80.640%* (8064/10000)
Train epoch: 495 | Loss: *0.064* | Acc: *97.948%* (48974/50000) 
Test epoch: 495 | Loss: *0.563* | Acc: *83.450%* (8345/10000)
Train epoch: 496 | Loss: *0.060* | Acc: *98.096%* (49048/50000) 
Test epoch: 496 | Loss: *0.795* | Acc: *79.130%* (7913/10000)
Train epoch: 497 | Loss: *0.064* | Acc: *97.970%* (48985/50000) 
Test epoch: 497 | Loss: *0.795* | Acc: *79.230%* (7923/10000)
Train epoch: 498 | Loss: *0.065* | Acc: *97.914%* (48957/50000) 
Test epoch: 498 | Loss: *0.725* | Acc: *80.620%* (8062/10000)
Train epoch: 499 | Loss: *0.070* | Acc: *97.728%* (48864/50000) 
Test epoch: 499 | Loss: *0.677* | Acc: *81.580%* (8158/10000)
Train epoch: 500 | Loss: *0.059* | Acc: *98.144%* (49072/50000) 
Test epoch: 500 | Loss: *0.635* | Acc: *82.800%* (8280/10000)
Best test accuracy: *90.850%*, loss: *0.30081805258989336*, at epoch: *127*.
==> Execution time summary of 500 epoch(s).
Train data loading time: sum. *306.53851454425603* secs | avg. *0.613077029088512* secs per epoch.
Train training time: sum. *2077.047462119721* secs | avg. *4.154094924239442* secs per epoch.
Train total time: sum. *2383.585976663977* secs | avg. *4.767171953327954* secs per epoch.
Test data loading time: sum. *115.39794312696904* secs | avg. *0.23079588625393807* secs per epoch.
Test training time: sum. *97.54078598786145* secs | avg. *0.1950815719757229* secs per epoch.
Test total time: sum. *212.9387291148305* secs | avg. *0.425877458229661* secs per epoch.
Total data loading time: sum. *421.93645767122507* secs | avg. *0.8438729153424501* secs per epoch.
Total training time: sum. *2174.5882481075823* secs | avg. *4.349176496215165* secs per epoch.
Total running time: sum. *2596.5247057788074* secs | avg. *5.193049411557615* secs per epoch.
==> Number of GPU device: 1
==> Device #0 Memory Usage
==> Allocated: 0.1 GB
==> Cached:    2.4 GB
==> Maximum: 2.4 GB
