Defaulting to user installation because normal site-packages is not writeable
Requirement already satisfied: Torch in ./.local/lib/python3.8/site-packages (1.10.2)
Requirement already satisfied: typing-extensions in ./.local/lib/python3.8/site-packages (from Torch) (4.1.1)
Defaulting to user installation because normal site-packages is not writeable
Requirement already satisfied: torchvision in ./.local/lib/python3.8/site-packages (0.11.3)
Requirement already satisfied: torch==1.10.2 in ./.local/lib/python3.8/site-packages (from torchvision) (1.10.2)
Requirement already satisfied: numpy in /share/apps/anaconda3/2020.07/lib/python3.8/site-packages (from torchvision) (1.18.5)
Requirement already satisfied: pillow!=8.3.0,>=5.3.0 in /share/apps/anaconda3/2020.07/lib/python3.8/site-packages (from torchvision) (7.2.0)
Requirement already satisfied: typing-extensions in ./.local/lib/python3.8/site-packages (from torch==1.10.2->torchvision) (4.1.1)
==> Running on : cuda
==> Number of CPU: 48
==> Number of workers: 2
==> #Epochs: 500, #Layers: 3, #Blocks: [5, 2, 1], In channel: 64, Input layer conv kernel: 5x5, Residual layer conv kernel 5x5, Skip kernel: 1x1, Input layer conv padding: 2, Residual layer conv padding: 2
==> Optimizer is SGD with Nesterov
==> Momentum: 0.9
==> Learning rate: 0.1
==> Weight decay: 0.0005
==>Trainable Parameters: 4967754
==>Other Parameters: 0
==>Augmentation: RandomCrop(32, padding=4), RandomHorizontalFlip(), Normalize((0.4914, 0.4822, 0.4465), (0.2023, 0.1994, 0.2010)
Files already downloaded and verified
Train epoch: 1 | Loss: *1.584* | Acc: *41.198%* (20599/50000) 
Test epoch: 1 | Loss: *1.447* | Acc: *47.350%* (4735/10000)
Train epoch: 2 | Loss: *1.134* | Acc: *58.964%* (29482/50000) 
Test epoch: 2 | Loss: *1.469* | Acc: *53.380%* (5338/10000)
Train epoch: 3 | Loss: *0.928* | Acc: *67.022%* (33511/50000) 
Test epoch: 3 | Loss: *1.251* | Acc: *60.490%* (6049/10000)
Train epoch: 4 | Loss: *0.776* | Acc: *72.874%* (36437/50000) 
Test epoch: 4 | Loss: *0.807* | Acc: *72.190%* (7219/10000)
Train epoch: 5 | Loss: *0.660* | Acc: *77.108%* (38554/50000) 
Test epoch: 5 | Loss: *0.707* | Acc: *76.140%* (7614/10000)
Train epoch: 6 | Loss: *0.590* | Acc: *79.662%* (39831/50000) 
Test epoch: 6 | Loss: *1.421* | Acc: *62.630%* (6263/10000)
Train epoch: 7 | Loss: *0.530* | Acc: *81.708%* (40854/50000) 
Test epoch: 7 | Loss: *0.788* | Acc: *75.690%* (7569/10000)
Train epoch: 8 | Loss: *0.496* | Acc: *82.930%* (41465/50000) 
Test epoch: 8 | Loss: *0.665* | Acc: *78.250%* (7825/10000)
Train epoch: 9 | Loss: *0.465* | Acc: *84.000%* (42000/50000) 
Test epoch: 9 | Loss: *1.159* | Acc: *67.450%* (6745/10000)
Train epoch: 10 | Loss: *0.438* | Acc: *84.926%* (42463/50000) 
Test epoch: 10 | Loss: *0.663* | Acc: *78.320%* (7832/10000)
Train epoch: 11 | Loss: *0.426* | Acc: *85.432%* (42716/50000) 
Test epoch: 11 | Loss: *0.729* | Acc: *77.060%* (7706/10000)
Train epoch: 12 | Loss: *0.405* | Acc: *86.096%* (43048/50000) 
Test epoch: 12 | Loss: *0.714* | Acc: *77.170%* (7717/10000)
Train epoch: 13 | Loss: *0.394* | Acc: *86.566%* (43283/50000) 
Test epoch: 13 | Loss: *0.558* | Acc: *81.380%* (8138/10000)
Train epoch: 14 | Loss: *0.382* | Acc: *86.874%* (43437/50000) 
Test epoch: 14 | Loss: *0.592* | Acc: *81.020%* (8102/10000)
Train epoch: 15 | Loss: *0.372* | Acc: *87.194%* (43597/50000) 
Test epoch: 15 | Loss: *0.830* | Acc: *74.810%* (7481/10000)
Train epoch: 16 | Loss: *0.363* | Acc: *87.538%* (43769/50000) 
Test epoch: 16 | Loss: *0.584* | Acc: *80.540%* (8054/10000)
Train epoch: 17 | Loss: *0.352* | Acc: *87.932%* (43966/50000) 
Test epoch: 17 | Loss: *0.609* | Acc: *80.460%* (8046/10000)
Train epoch: 18 | Loss: *0.352* | Acc: *88.022%* (44011/50000) 
Test epoch: 18 | Loss: *0.673* | Acc: *78.740%* (7874/10000)
Train epoch: 19 | Loss: *0.342* | Acc: *88.286%* (44143/50000) 
Test epoch: 19 | Loss: *0.461* | Acc: *84.800%* (8480/10000)
Train epoch: 20 | Loss: *0.335* | Acc: *88.620%* (44310/50000) 
Test epoch: 20 | Loss: *0.455* | Acc: *85.270%* (8527/10000)
Train epoch: 21 | Loss: *0.329* | Acc: *88.662%* (44331/50000) 
Test epoch: 21 | Loss: *0.429* | Acc: *85.940%* (8594/10000)
Train epoch: 22 | Loss: *0.329* | Acc: *88.662%* (44331/50000) 
Test epoch: 22 | Loss: *0.690* | Acc: *78.780%* (7878/10000)
Train epoch: 23 | Loss: *0.322* | Acc: *88.906%* (44453/50000) 
Test epoch: 23 | Loss: *0.460* | Acc: *84.640%* (8464/10000)
Train epoch: 24 | Loss: *0.316* | Acc: *89.204%* (44602/50000) 
Test epoch: 24 | Loss: *0.472* | Acc: *83.830%* (8383/10000)
Train epoch: 25 | Loss: *0.317* | Acc: *89.220%* (44610/50000) 
Test epoch: 25 | Loss: *0.538* | Acc: *83.770%* (8377/10000)
Train epoch: 26 | Loss: *0.308* | Acc: *89.472%* (44736/50000) 
Test epoch: 26 | Loss: *0.493* | Acc: *84.030%* (8403/10000)
Train epoch: 27 | Loss: *0.311* | Acc: *89.394%* (44697/50000) 
Test epoch: 27 | Loss: *0.635* | Acc: *79.990%* (7999/10000)
Train epoch: 28 | Loss: *0.308* | Acc: *89.410%* (44705/50000) 
Test epoch: 28 | Loss: *0.712* | Acc: *77.030%* (7703/10000)
Train epoch: 29 | Loss: *0.302* | Acc: *89.554%* (44777/50000) 
Test epoch: 29 | Loss: *0.665* | Acc: *80.220%* (8022/10000)
Train epoch: 30 | Loss: *0.298* | Acc: *89.798%* (44899/50000) 
Test epoch: 30 | Loss: *0.476* | Acc: *83.890%* (8389/10000)
Train epoch: 31 | Loss: *0.299* | Acc: *89.926%* (44963/50000) 
Test epoch: 31 | Loss: *0.636* | Acc: *80.660%* (8066/10000)
Train epoch: 32 | Loss: *0.298* | Acc: *89.872%* (44936/50000) 
Test epoch: 32 | Loss: *0.648* | Acc: *80.740%* (8074/10000)
Train epoch: 33 | Loss: *0.290* | Acc: *90.038%* (45019/50000) 
Test epoch: 33 | Loss: *0.680* | Acc: *78.360%* (7836/10000)
Train epoch: 34 | Loss: *0.289* | Acc: *89.980%* (44990/50000) 
Test epoch: 34 | Loss: *0.495* | Acc: *83.880%* (8388/10000)
Train epoch: 35 | Loss: *0.286* | Acc: *90.242%* (45121/50000) 
Test epoch: 35 | Loss: *0.443* | Acc: *85.410%* (8541/10000)
Train epoch: 36 | Loss: *0.281* | Acc: *90.380%* (45190/50000) 
Test epoch: 36 | Loss: *0.468* | Acc: *85.440%* (8544/10000)
Train epoch: 37 | Loss: *0.285* | Acc: *90.308%* (45154/50000) 
Test epoch: 37 | Loss: *0.662* | Acc: *79.040%* (7904/10000)
Train epoch: 38 | Loss: *0.282* | Acc: *90.384%* (45192/50000) 
Test epoch: 38 | Loss: *0.547* | Acc: *83.330%* (8333/10000)
Train epoch: 39 | Loss: *0.278* | Acc: *90.496%* (45248/50000) 
Test epoch: 39 | Loss: *0.480* | Acc: *84.100%* (8410/10000)
Train epoch: 40 | Loss: *0.278* | Acc: *90.490%* (45245/50000) 
Test epoch: 40 | Loss: *0.471* | Acc: *84.310%* (8431/10000)
Train epoch: 41 | Loss: *0.277* | Acc: *90.412%* (45206/50000) 
Test epoch: 41 | Loss: *0.459* | Acc: *84.710%* (8471/10000)
Train epoch: 42 | Loss: *0.269* | Acc: *90.886%* (45443/50000) 
Test epoch: 42 | Loss: *0.779* | Acc: *78.650%* (7865/10000)
Train epoch: 43 | Loss: *0.267* | Acc: *90.822%* (45411/50000) 
Test epoch: 43 | Loss: *0.429* | Acc: *86.340%* (8634/10000)
Train epoch: 44 | Loss: *0.271* | Acc: *90.648%* (45324/50000) 
Test epoch: 44 | Loss: *0.578* | Acc: *83.040%* (8304/10000)
Train epoch: 45 | Loss: *0.263* | Acc: *91.020%* (45510/50000) 
Test epoch: 45 | Loss: *0.438* | Acc: *86.480%* (8648/10000)
Train epoch: 46 | Loss: *0.266* | Acc: *90.896%* (45448/50000) 
Test epoch: 46 | Loss: *0.527* | Acc: *83.920%* (8392/10000)
Train epoch: 47 | Loss: *0.261* | Acc: *90.970%* (45485/50000) 
Test epoch: 47 | Loss: *0.437* | Acc: *85.760%* (8576/10000)
Train epoch: 48 | Loss: *0.264* | Acc: *90.926%* (45463/50000) 
Test epoch: 48 | Loss: *0.446* | Acc: *85.840%* (8584/10000)
Train epoch: 49 | Loss: *0.257* | Acc: *91.150%* (45575/50000) 
Test epoch: 49 | Loss: *0.448* | Acc: *85.560%* (8556/10000)
Train epoch: 50 | Loss: *0.257* | Acc: *91.186%* (45593/50000) 
Test epoch: 50 | Loss: *0.437* | Acc: *85.180%* (8518/10000)
Train epoch: 51 | Loss: *0.258* | Acc: *91.298%* (45649/50000) 
Test epoch: 51 | Loss: *0.694* | Acc: *80.140%* (8014/10000)
Train epoch: 52 | Loss: *0.253* | Acc: *91.404%* (45702/50000) 
Test epoch: 52 | Loss: *0.482* | Acc: *84.960%* (8496/10000)
Train epoch: 53 | Loss: *0.255* | Acc: *91.352%* (45676/50000) 
Test epoch: 53 | Loss: *0.528* | Acc: *83.760%* (8376/10000)
Train epoch: 54 | Loss: *0.248* | Acc: *91.486%* (45743/50000) 
Test epoch: 54 | Loss: *0.546* | Acc: *82.580%* (8258/10000)
Train epoch: 55 | Loss: *0.246* | Acc: *91.514%* (45757/50000) 
Test epoch: 55 | Loss: *0.483* | Acc: *84.910%* (8491/10000)
Train epoch: 56 | Loss: *0.251* | Acc: *91.370%* (45685/50000) 
Test epoch: 56 | Loss: *0.502* | Acc: *83.140%* (8314/10000)
Train epoch: 57 | Loss: *0.243* | Acc: *91.592%* (45796/50000) 
Test epoch: 57 | Loss: *0.379* | Acc: *87.070%* (8707/10000)
Train epoch: 58 | Loss: *0.242* | Acc: *91.712%* (45856/50000) 
Test epoch: 58 | Loss: *0.448* | Acc: *85.900%* (8590/10000)
Train epoch: 59 | Loss: *0.240* | Acc: *91.732%* (45866/50000) 
Test epoch: 59 | Loss: *0.450* | Acc: *85.990%* (8599/10000)
Train epoch: 60 | Loss: *0.239* | Acc: *91.752%* (45876/50000) 
Test epoch: 60 | Loss: *0.369* | Acc: *87.740%* (8774/10000)
Train epoch: 61 | Loss: *0.236* | Acc: *91.870%* (45935/50000) 
Test epoch: 61 | Loss: *0.471* | Acc: *84.710%* (8471/10000)
Train epoch: 62 | Loss: *0.237* | Acc: *91.794%* (45897/50000) 
Test epoch: 62 | Loss: *0.473* | Acc: *85.140%* (8514/10000)
Train epoch: 63 | Loss: *0.229* | Acc: *92.154%* (46077/50000) 
Test epoch: 63 | Loss: *0.654* | Acc: *81.140%* (8114/10000)
Train epoch: 64 | Loss: *0.233* | Acc: *91.846%* (45923/50000) 
Test epoch: 64 | Loss: *0.392* | Acc: *87.480%* (8748/10000)
Train epoch: 65 | Loss: *0.229* | Acc: *92.130%* (46065/50000) 
Test epoch: 65 | Loss: *0.518* | Acc: *84.410%* (8441/10000)
Train epoch: 66 | Loss: *0.232* | Acc: *91.994%* (45997/50000) 
Test epoch: 66 | Loss: *0.446* | Acc: *86.040%* (8604/10000)
Train epoch: 67 | Loss: *0.226* | Acc: *92.228%* (46114/50000) 
Test epoch: 67 | Loss: *0.634* | Acc: *81.010%* (8101/10000)
Train epoch: 68 | Loss: *0.226* | Acc: *92.108%* (46054/50000) 
Test epoch: 68 | Loss: *0.511* | Acc: *84.500%* (8450/10000)
Train epoch: 69 | Loss: *0.218* | Acc: *92.450%* (46225/50000) 
Test epoch: 69 | Loss: *0.444* | Acc: *86.930%* (8693/10000)
Train epoch: 70 | Loss: *0.222* | Acc: *92.452%* (46226/50000) 
Test epoch: 70 | Loss: *0.404* | Acc: *86.840%* (8684/10000)
Train epoch: 71 | Loss: *0.221* | Acc: *92.518%* (46259/50000) 
Test epoch: 71 | Loss: *0.451* | Acc: *86.220%* (8622/10000)
Train epoch: 72 | Loss: *0.219* | Acc: *92.538%* (46269/50000) 
Test epoch: 72 | Loss: *0.397* | Acc: *86.910%* (8691/10000)
Train epoch: 73 | Loss: *0.212* | Acc: *92.644%* (46322/50000) 
Test epoch: 73 | Loss: *0.501* | Acc: *85.360%* (8536/10000)
Train epoch: 74 | Loss: *0.211* | Acc: *92.690%* (46345/50000) 
Test epoch: 74 | Loss: *0.442* | Acc: *85.880%* (8588/10000)
Train epoch: 75 | Loss: *0.214* | Acc: *92.628%* (46314/50000) 
Test epoch: 75 | Loss: *0.543* | Acc: *83.820%* (8382/10000)
Train epoch: 76 | Loss: *0.209* | Acc: *92.886%* (46443/50000) 
Test epoch: 76 | Loss: *0.431* | Acc: *86.530%* (8653/10000)
Train epoch: 77 | Loss: *0.205* | Acc: *92.966%* (46483/50000) 
Test epoch: 77 | Loss: *0.557* | Acc: *83.060%* (8306/10000)
Train epoch: 78 | Loss: *0.207* | Acc: *92.834%* (46417/50000) 
Test epoch: 78 | Loss: *0.383* | Acc: *87.860%* (8786/10000)
Train epoch: 79 | Loss: *0.204* | Acc: *93.002%* (46501/50000) 
Test epoch: 79 | Loss: *0.496* | Acc: *84.700%* (8470/10000)
Train epoch: 80 | Loss: *0.201* | Acc: *93.108%* (46554/50000) 
Test epoch: 80 | Loss: *0.612* | Acc: *80.980%* (8098/10000)
Train epoch: 81 | Loss: *0.203* | Acc: *92.958%* (46479/50000) 
Test epoch: 81 | Loss: *0.418* | Acc: *86.440%* (8644/10000)
Train epoch: 82 | Loss: *0.200* | Acc: *93.088%* (46544/50000) 
Test epoch: 82 | Loss: *0.427* | Acc: *86.770%* (8677/10000)
Train epoch: 83 | Loss: *0.190* | Acc: *93.496%* (46748/50000) 
Test epoch: 83 | Loss: *0.567* | Acc: *82.950%* (8295/10000)
Train epoch: 84 | Loss: *0.194* | Acc: *93.424%* (46712/50000) 
Test epoch: 84 | Loss: *0.692* | Acc: *78.950%* (7895/10000)
Train epoch: 85 | Loss: *0.192* | Acc: *93.392%* (46696/50000) 
Test epoch: 85 | Loss: *0.450* | Acc: *86.220%* (8622/10000)
Train epoch: 86 | Loss: *0.189* | Acc: *93.428%* (46714/50000) 
Test epoch: 86 | Loss: *0.527* | Acc: *85.400%* (8540/10000)
Train epoch: 87 | Loss: *0.187* | Acc: *93.652%* (46826/50000) 
Test epoch: 87 | Loss: *0.429* | Acc: *86.160%* (8616/10000)
Train epoch: 88 | Loss: *0.185* | Acc: *93.636%* (46818/50000) 
Test epoch: 88 | Loss: *0.474* | Acc: *85.690%* (8569/10000)
Train epoch: 89 | Loss: *0.186* | Acc: *93.560%* (46780/50000) 
Test epoch: 89 | Loss: *0.468* | Acc: *86.440%* (8644/10000)
Train epoch: 90 | Loss: *0.181* | Acc: *93.654%* (46827/50000) 
Test epoch: 90 | Loss: *0.666* | Acc: *80.720%* (8072/10000)
Train epoch: 91 | Loss: *0.176* | Acc: *93.946%* (46973/50000) 
Test epoch: 91 | Loss: *0.544* | Acc: *83.270%* (8327/10000)
Train epoch: 92 | Loss: *0.177* | Acc: *93.940%* (46970/50000) 
Test epoch: 92 | Loss: *0.412* | Acc: *87.120%* (8712/10000)
Train epoch: 93 | Loss: *0.180* | Acc: *93.912%* (46956/50000) 
Test epoch: 93 | Loss: *0.340* | Acc: *89.300%* (8930/10000)
Train epoch: 94 | Loss: *0.173* | Acc: *94.062%* (47031/50000) 
Test epoch: 94 | Loss: *0.423* | Acc: *87.180%* (8718/10000)
Train epoch: 95 | Loss: *0.170* | Acc: *94.130%* (47065/50000) 
Test epoch: 95 | Loss: *0.521* | Acc: *84.520%* (8452/10000)
Train epoch: 96 | Loss: *0.167* | Acc: *94.320%* (47160/50000) 
Test epoch: 96 | Loss: *0.418* | Acc: *87.050%* (8705/10000)
Train epoch: 97 | Loss: *0.172* | Acc: *94.008%* (47004/50000) 
Test epoch: 97 | Loss: *0.340* | Acc: *89.590%* (8959/10000)
Train epoch: 98 | Loss: *0.158* | Acc: *94.616%* (47308/50000) 
Test epoch: 98 | Loss: *0.390* | Acc: *87.510%* (8751/10000)
Train epoch: 99 | Loss: *0.161* | Acc: *94.554%* (47277/50000) 
Test epoch: 99 | Loss: *0.476* | Acc: *86.400%* (8640/10000)
Train epoch: 100 | Loss: *0.156* | Acc: *94.614%* (47307/50000) 
Test epoch: 100 | Loss: *0.345* | Acc: *89.260%* (8926/10000)
Train epoch: 101 | Loss: *0.154* | Acc: *94.664%* (47332/50000) 
Test epoch: 101 | Loss: *0.441* | Acc: *86.710%* (8671/10000)
Train epoch: 102 | Loss: *0.153* | Acc: *94.738%* (47369/50000) 
Test epoch: 102 | Loss: *0.387* | Acc: *88.220%* (8822/10000)
Train epoch: 103 | Loss: *0.150* | Acc: *94.898%* (47449/50000) 
Test epoch: 103 | Loss: *0.535* | Acc: *84.770%* (8477/10000)
Train epoch: 104 | Loss: *0.142* | Acc: *95.164%* (47582/50000) 
Test epoch: 104 | Loss: *0.471* | Acc: *86.100%* (8610/10000)
Train epoch: 105 | Loss: *0.146* | Acc: *95.052%* (47526/50000) 
Test epoch: 105 | Loss: *0.428* | Acc: *86.790%* (8679/10000)
Train epoch: 106 | Loss: *0.146* | Acc: *94.906%* (47453/50000) 
Test epoch: 106 | Loss: *0.388* | Acc: *88.280%* (8828/10000)
Train epoch: 107 | Loss: *0.140* | Acc: *95.258%* (47629/50000) 
Test epoch: 107 | Loss: *0.453* | Acc: *86.510%* (8651/10000)
Train epoch: 108 | Loss: *0.137* | Acc: *95.228%* (47614/50000) 
Test epoch: 108 | Loss: *0.399* | Acc: *88.140%* (8814/10000)
Train epoch: 109 | Loss: *0.131* | Acc: *95.584%* (47792/50000) 
Test epoch: 109 | Loss: *0.370* | Acc: *89.080%* (8908/10000)
Train epoch: 110 | Loss: *0.129* | Acc: *95.620%* (47810/50000) 
Test epoch: 110 | Loss: *0.370* | Acc: *89.090%* (8909/10000)
Train epoch: 111 | Loss: *0.134* | Acc: *95.382%* (47691/50000) 
Test epoch: 111 | Loss: *0.406* | Acc: *88.490%* (8849/10000)
Train epoch: 112 | Loss: *0.129* | Acc: *95.650%* (47825/50000) 
Test epoch: 112 | Loss: *0.468* | Acc: *87.070%* (8707/10000)
Train epoch: 113 | Loss: *0.122* | Acc: *95.856%* (47928/50000) 
Test epoch: 113 | Loss: *0.368* | Acc: *88.950%* (8895/10000)
Train epoch: 114 | Loss: *0.126* | Acc: *95.762%* (47881/50000) 
Test epoch: 114 | Loss: *0.313* | Acc: *90.530%* (9053/10000)
Train epoch: 115 | Loss: *0.124* | Acc: *95.708%* (47854/50000) 
Test epoch: 115 | Loss: *0.398* | Acc: *88.240%* (8824/10000)
Train epoch: 116 | Loss: *0.121* | Acc: *95.836%* (47918/50000) 
Test epoch: 116 | Loss: *0.316* | Acc: *90.180%* (9018/10000)
Train epoch: 117 | Loss: *0.118* | Acc: *96.028%* (48014/50000) 
Test epoch: 117 | Loss: *0.304* | Acc: *90.720%* (9072/10000)
Train epoch: 118 | Loss: *0.107* | Acc: *96.390%* (48195/50000) 
Test epoch: 118 | Loss: *0.357* | Acc: *88.900%* (8890/10000)
Train epoch: 119 | Loss: *0.113* | Acc: *96.060%* (48030/50000) 
Test epoch: 119 | Loss: *0.379* | Acc: *88.970%* (8897/10000)
Train epoch: 120 | Loss: *0.112* | Acc: *96.176%* (48088/50000) 
Test epoch: 120 | Loss: *0.323* | Acc: *89.980%* (8998/10000)
Train epoch: 121 | Loss: *0.102* | Acc: *96.566%* (48283/50000) 
Test epoch: 121 | Loss: *0.343* | Acc: *89.880%* (8988/10000)
Train epoch: 122 | Loss: *0.100* | Acc: *96.644%* (48322/50000) 
Test epoch: 122 | Loss: *0.449* | Acc: *87.760%* (8776/10000)
Train epoch: 123 | Loss: *0.103* | Acc: *96.548%* (48274/50000) 
Test epoch: 123 | Loss: *0.317* | Acc: *90.480%* (9048/10000)
Train epoch: 124 | Loss: *0.097* | Acc: *96.800%* (48400/50000) 
Test epoch: 124 | Loss: *0.427* | Acc: *87.980%* (8798/10000)
Train epoch: 125 | Loss: *0.093* | Acc: *96.780%* (48390/50000) 
Test epoch: 125 | Loss: *0.413* | Acc: *89.120%* (8912/10000)
Train epoch: 126 | Loss: *0.090* | Acc: *96.992%* (48496/50000) 
Test epoch: 126 | Loss: *0.390* | Acc: *89.420%* (8942/10000)
Train epoch: 127 | Loss: *0.086* | Acc: *97.088%* (48544/50000) 
Test epoch: 127 | Loss: *0.328* | Acc: *90.520%* (9052/10000)
Train epoch: 128 | Loss: *0.088* | Acc: *97.072%* (48536/50000) 
Test epoch: 128 | Loss: *0.384* | Acc: *89.300%* (8930/10000)
Train epoch: 129 | Loss: *0.086* | Acc: *97.090%* (48545/50000) 
Test epoch: 129 | Loss: *0.346* | Acc: *89.800%* (8980/10000)
Train epoch: 130 | Loss: *0.078* | Acc: *97.424%* (48712/50000) 
Test epoch: 130 | Loss: *0.372* | Acc: *89.000%* (8900/10000)
Train epoch: 131 | Loss: *0.084* | Acc: *97.142%* (48571/50000) 
Test epoch: 131 | Loss: *0.705* | Acc: *83.630%* (8363/10000)
Train epoch: 132 | Loss: *0.076* | Acc: *97.410%* (48705/50000) 
Test epoch: 132 | Loss: *0.325* | Acc: *90.580%* (9058/10000)
Train epoch: 133 | Loss: *0.071* | Acc: *97.674%* (48837/50000) 
Test epoch: 133 | Loss: *0.404* | Acc: *88.870%* (8887/10000)
Train epoch: 134 | Loss: *0.071* | Acc: *97.662%* (48831/50000) 
Test epoch: 134 | Loss: *0.446* | Acc: *87.740%* (8774/10000)
Train epoch: 135 | Loss: *0.066* | Acc: *97.860%* (48930/50000) 
Test epoch: 135 | Loss: *0.298* | Acc: *91.420%* (9142/10000)
Train epoch: 136 | Loss: *0.068* | Acc: *97.800%* (48900/50000) 
Test epoch: 136 | Loss: *0.299* | Acc: *91.660%* (9166/10000)
Train epoch: 137 | Loss: *0.060* | Acc: *98.144%* (49072/50000) 
Test epoch: 137 | Loss: *0.365* | Acc: *90.080%* (9008/10000)
Train epoch: 138 | Loss: *0.063* | Acc: *97.936%* (48968/50000) 
Test epoch: 138 | Loss: *0.287* | Acc: *91.810%* (9181/10000)
Train epoch: 139 | Loss: *0.058* | Acc: *98.152%* (49076/50000) 
Test epoch: 139 | Loss: *0.359* | Acc: *90.430%* (9043/10000)
Train epoch: 140 | Loss: *0.050* | Acc: *98.396%* (49198/50000) 
Test epoch: 140 | Loss: *0.296* | Acc: *91.600%* (9160/10000)
Train epoch: 141 | Loss: *0.056* | Acc: *98.166%* (49083/50000) 
Test epoch: 141 | Loss: *0.340* | Acc: *90.070%* (9007/10000)
Train epoch: 142 | Loss: *0.049* | Acc: *98.426%* (49213/50000) 
Test epoch: 142 | Loss: *0.293* | Acc: *91.790%* (9179/10000)
Train epoch: 143 | Loss: *0.045* | Acc: *98.570%* (49285/50000) 
Test epoch: 143 | Loss: *0.295* | Acc: *91.890%* (9189/10000)
Train epoch: 144 | Loss: *0.041* | Acc: *98.744%* (49372/50000) 
Test epoch: 144 | Loss: *0.367* | Acc: *90.270%* (9027/10000)
Train epoch: 145 | Loss: *0.042* | Acc: *98.656%* (49328/50000) 
Test epoch: 145 | Loss: *0.290* | Acc: *92.010%* (9201/10000)
Train epoch: 146 | Loss: *0.038* | Acc: *98.830%* (49415/50000) 
Test epoch: 146 | Loss: *0.316* | Acc: *91.240%* (9124/10000)
Train epoch: 147 | Loss: *0.035* | Acc: *98.990%* (49495/50000) 
Test epoch: 147 | Loss: *0.326* | Acc: *91.310%* (9131/10000)
Train epoch: 148 | Loss: *0.034* | Acc: *98.950%* (49475/50000) 
Test epoch: 148 | Loss: *0.399* | Acc: *89.820%* (8982/10000)
Train epoch: 149 | Loss: *0.032* | Acc: *99.102%* (49551/50000) 
Test epoch: 149 | Loss: *0.310* | Acc: *92.030%* (9203/10000)
Train epoch: 150 | Loss: *0.026* | Acc: *99.240%* (49620/50000) 
Test epoch: 150 | Loss: *0.330* | Acc: *91.620%* (9162/10000)
Train epoch: 151 | Loss: *0.025* | Acc: *99.294%* (49647/50000) 
Test epoch: 151 | Loss: *0.283* | Acc: *92.260%* (9226/10000)
Train epoch: 152 | Loss: *0.026* | Acc: *99.282%* (49641/50000) 
Test epoch: 152 | Loss: *0.336* | Acc: *91.020%* (9102/10000)
Train epoch: 153 | Loss: *0.020* | Acc: *99.500%* (49750/50000) 
Test epoch: 153 | Loss: *0.262* | Acc: *93.060%* (9306/10000)
Train epoch: 154 | Loss: *0.018* | Acc: *99.570%* (49785/50000) 
Test epoch: 154 | Loss: *0.265* | Acc: *93.120%* (9312/10000)
Train epoch: 155 | Loss: *0.015* | Acc: *99.648%* (49824/50000) 
Test epoch: 155 | Loss: *0.253* | Acc: *93.320%* (9332/10000)
Train epoch: 156 | Loss: *0.012* | Acc: *99.728%* (49864/50000) 
Test epoch: 156 | Loss: *0.239* | Acc: *93.520%* (9352/10000)
Train epoch: 157 | Loss: *0.009* | Acc: *99.872%* (49936/50000) 
Test epoch: 157 | Loss: *0.248* | Acc: *93.700%* (9370/10000)
Train epoch: 158 | Loss: *0.008* | Acc: *99.868%* (49934/50000) 
Test epoch: 158 | Loss: *0.240* | Acc: *93.660%* (9366/10000)
Train epoch: 159 | Loss: *0.007* | Acc: *99.898%* (49949/50000) 
Test epoch: 159 | Loss: *0.229* | Acc: *93.820%* (9382/10000)
Train epoch: 160 | Loss: *0.006* | Acc: *99.938%* (49969/50000) 
Test epoch: 160 | Loss: *0.215* | Acc: *94.220%* (9422/10000)
Train epoch: 161 | Loss: *0.005* | Acc: *99.930%* (49965/50000) 
Test epoch: 161 | Loss: *0.220* | Acc: *94.110%* (9411/10000)
Train epoch: 162 | Loss: *0.005* | Acc: *99.930%* (49965/50000) 
Test epoch: 162 | Loss: *0.214* | Acc: *94.150%* (9415/10000)
Train epoch: 163 | Loss: *0.003* | Acc: *99.992%* (49996/50000) 
Test epoch: 163 | Loss: *0.204* | Acc: *94.560%* (9456/10000)
Train epoch: 164 | Loss: *0.003* | Acc: *99.994%* (49997/50000) 
Test epoch: 164 | Loss: *0.200* | Acc: *94.470%* (9447/10000)
Train epoch: 165 | Loss: *0.003* | Acc: *99.992%* (49996/50000) 
Test epoch: 165 | Loss: *0.201* | Acc: *94.580%* (9458/10000)
Train epoch: 166 | Loss: *0.003* | Acc: *99.988%* (49994/50000) 
Test epoch: 166 | Loss: *0.194* | Acc: *94.810%* (9481/10000)
Train epoch: 167 | Loss: *0.003* | Acc: *99.992%* (49996/50000) 
Test epoch: 167 | Loss: *0.202* | Acc: *94.550%* (9455/10000)
Train epoch: 168 | Loss: *0.003* | Acc: *99.990%* (49995/50000) 
Test epoch: 168 | Loss: *0.194* | Acc: *94.560%* (9456/10000)
Train epoch: 169 | Loss: *0.003* | Acc: *99.992%* (49996/50000) 
Test epoch: 169 | Loss: *0.193* | Acc: *94.670%* (9467/10000)
Train epoch: 170 | Loss: *0.003* | Acc: *99.994%* (49997/50000) 
Test epoch: 170 | Loss: *0.192* | Acc: *94.810%* (9481/10000)
Train epoch: 171 | Loss: *0.002* | Acc: *99.996%* (49998/50000) 
Test epoch: 171 | Loss: *0.190* | Acc: *94.690%* (9469/10000)
Train epoch: 172 | Loss: *0.002* | Acc: *99.998%* (49999/50000) 
Test epoch: 172 | Loss: *0.192* | Acc: *94.690%* (9469/10000)
Train epoch: 173 | Loss: *0.002* | Acc: *100.000%* (50000/50000) 
Test epoch: 173 | Loss: *0.186* | Acc: *94.850%* (9485/10000)
Train epoch: 174 | Loss: *0.002* | Acc: *99.998%* (49999/50000) 
Test epoch: 174 | Loss: *0.184* | Acc: *94.700%* (9470/10000)
Train epoch: 175 | Loss: *0.002* | Acc: *99.990%* (49995/50000) 
Test epoch: 175 | Loss: *0.188* | Acc: *94.660%* (9466/10000)
Train epoch: 176 | Loss: *0.002* | Acc: *100.000%* (50000/50000) 
Test epoch: 176 | Loss: *0.186* | Acc: *94.800%* (9480/10000)
Train epoch: 177 | Loss: *0.002* | Acc: *99.998%* (49999/50000) 
Test epoch: 177 | Loss: *0.186* | Acc: *94.680%* (9468/10000)
Train epoch: 178 | Loss: *0.002* | Acc: *100.000%* (50000/50000) 
Test epoch: 178 | Loss: *0.187* | Acc: *94.800%* (9480/10000)
Train epoch: 179 | Loss: *0.002* | Acc: *99.998%* (49999/50000) 
Test epoch: 179 | Loss: *0.187* | Acc: *94.750%* (9475/10000)
Train epoch: 180 | Loss: *0.002* | Acc: *99.998%* (49999/50000) 
Test epoch: 180 | Loss: *0.186* | Acc: *94.770%* (9477/10000)
Train epoch: 181 | Loss: *0.002* | Acc: *99.998%* (49999/50000) 
Test epoch: 181 | Loss: *0.186* | Acc: *94.800%* (9480/10000)
Train epoch: 182 | Loss: *0.002* | Acc: *99.998%* (49999/50000) 
Test epoch: 182 | Loss: *0.186* | Acc: *94.890%* (9489/10000)
Train epoch: 183 | Loss: *0.002* | Acc: *100.000%* (50000/50000) 
Test epoch: 183 | Loss: *0.185* | Acc: *94.740%* (9474/10000)
Train epoch: 184 | Loss: *0.002* | Acc: *99.998%* (49999/50000) 
Test epoch: 184 | Loss: *0.185* | Acc: *94.820%* (9482/10000)
Train epoch: 185 | Loss: *0.002* | Acc: *100.000%* (50000/50000) 
Test epoch: 185 | Loss: *0.184* | Acc: *94.760%* (9476/10000)
Train epoch: 186 | Loss: *0.002* | Acc: *100.000%* (50000/50000) 
Test epoch: 186 | Loss: *0.185* | Acc: *94.750%* (9475/10000)
Train epoch: 187 | Loss: *0.002* | Acc: *99.998%* (49999/50000) 
Test epoch: 187 | Loss: *0.186* | Acc: *94.700%* (9470/10000)
Train epoch: 188 | Loss: *0.002* | Acc: *100.000%* (50000/50000) 
Test epoch: 188 | Loss: *0.185* | Acc: *94.790%* (9479/10000)
Train epoch: 189 | Loss: *0.002* | Acc: *99.998%* (49999/50000) 
Test epoch: 189 | Loss: *0.184* | Acc: *94.850%* (9485/10000)
Train epoch: 190 | Loss: *0.002* | Acc: *100.000%* (50000/50000) 
Test epoch: 190 | Loss: *0.182* | Acc: *94.800%* (9480/10000)
Train epoch: 191 | Loss: *0.002* | Acc: *100.000%* (50000/50000) 
Test epoch: 191 | Loss: *0.184* | Acc: *94.690%* (9469/10000)
Train epoch: 192 | Loss: *0.002* | Acc: *99.998%* (49999/50000) 
Test epoch: 192 | Loss: *0.184* | Acc: *94.750%* (9475/10000)
Train epoch: 193 | Loss: *0.002* | Acc: *100.000%* (50000/50000) 
Test epoch: 193 | Loss: *0.182* | Acc: *94.850%* (9485/10000)
Train epoch: 194 | Loss: *0.002* | Acc: *99.998%* (49999/50000) 
Test epoch: 194 | Loss: *0.183* | Acc: *94.800%* (9480/10000)
Train epoch: 195 | Loss: *0.002* | Acc: *99.998%* (49999/50000) 
Test epoch: 195 | Loss: *0.183* | Acc: *94.820%* (9482/10000)
Train epoch: 196 | Loss: *0.002* | Acc: *99.996%* (49998/50000) 
Test epoch: 196 | Loss: *0.185* | Acc: *94.700%* (9470/10000)
Train epoch: 197 | Loss: *0.002* | Acc: *100.000%* (50000/50000) 
Test epoch: 197 | Loss: *0.182* | Acc: *94.790%* (9479/10000)
Train epoch: 198 | Loss: *0.002* | Acc: *100.000%* (50000/50000) 
Test epoch: 198 | Loss: *0.182* | Acc: *94.800%* (9480/10000)
Train epoch: 199 | Loss: *0.002* | Acc: *100.000%* (50000/50000) 
Test epoch: 199 | Loss: *0.183* | Acc: *94.820%* (9482/10000)
Train epoch: 200 | Loss: *0.002* | Acc: *100.000%* (50000/50000) 
Test epoch: 200 | Loss: *0.184* | Acc: *94.690%* (9469/10000)
Train epoch: 201 | Loss: *0.002* | Acc: *99.998%* (49999/50000) 
Test epoch: 201 | Loss: *0.183* | Acc: *94.830%* (9483/10000)
Train epoch: 202 | Loss: *0.002* | Acc: *100.000%* (50000/50000) 
Test epoch: 202 | Loss: *0.182* | Acc: *94.730%* (9473/10000)
Train epoch: 203 | Loss: *0.002* | Acc: *99.998%* (49999/50000) 
Test epoch: 203 | Loss: *0.183* | Acc: *94.810%* (9481/10000)
Train epoch: 204 | Loss: *0.002* | Acc: *100.000%* (50000/50000) 
Test epoch: 204 | Loss: *0.183* | Acc: *94.750%* (9475/10000)
Train epoch: 205 | Loss: *0.002* | Acc: *100.000%* (50000/50000) 
Test epoch: 205 | Loss: *0.182* | Acc: *94.680%* (9468/10000)
Train epoch: 206 | Loss: *0.002* | Acc: *100.000%* (50000/50000) 
Test epoch: 206 | Loss: *0.182* | Acc: *94.850%* (9485/10000)
Train epoch: 207 | Loss: *0.002* | Acc: *100.000%* (50000/50000) 
Test epoch: 207 | Loss: *0.186* | Acc: *94.640%* (9464/10000)
Train epoch: 208 | Loss: *0.002* | Acc: *100.000%* (50000/50000) 
Test epoch: 208 | Loss: *0.184* | Acc: *94.770%* (9477/10000)
Train epoch: 209 | Loss: *0.002* | Acc: *100.000%* (50000/50000) 
Test epoch: 209 | Loss: *0.183* | Acc: *94.700%* (9470/10000)
Train epoch: 210 | Loss: *0.002* | Acc: *100.000%* (50000/50000) 
Test epoch: 210 | Loss: *0.182* | Acc: *94.780%* (9478/10000)
Train epoch: 211 | Loss: *0.002* | Acc: *99.996%* (49998/50000) 
Test epoch: 211 | Loss: *0.184* | Acc: *94.780%* (9478/10000)
Train epoch: 212 | Loss: *0.002* | Acc: *99.998%* (49999/50000) 
Test epoch: 212 | Loss: *0.184* | Acc: *94.710%* (9471/10000)
Train epoch: 213 | Loss: *0.002* | Acc: *100.000%* (50000/50000) 
Test epoch: 213 | Loss: *0.185* | Acc: *94.730%* (9473/10000)
Train epoch: 214 | Loss: *0.002* | Acc: *99.998%* (49999/50000) 
Test epoch: 214 | Loss: *0.185* | Acc: *94.780%* (9478/10000)
Train epoch: 215 | Loss: *0.002* | Acc: *99.998%* (49999/50000) 
Test epoch: 215 | Loss: *0.183* | Acc: *94.790%* (9479/10000)
Train epoch: 216 | Loss: *0.002* | Acc: *100.000%* (50000/50000) 
Test epoch: 216 | Loss: *0.182* | Acc: *94.800%* (9480/10000)
Train epoch: 217 | Loss: *0.002* | Acc: *99.998%* (49999/50000) 
Test epoch: 217 | Loss: *0.184* | Acc: *94.730%* (9473/10000)
Train epoch: 218 | Loss: *0.002* | Acc: *100.000%* (50000/50000) 
Test epoch: 218 | Loss: *0.184* | Acc: *94.700%* (9470/10000)
Train epoch: 219 | Loss: *0.002* | Acc: *100.000%* (50000/50000) 
Test epoch: 219 | Loss: *0.185* | Acc: *94.670%* (9467/10000)
Train epoch: 220 | Loss: *0.002* | Acc: *99.998%* (49999/50000) 
Test epoch: 220 | Loss: *0.184* | Acc: *94.650%* (9465/10000)
Train epoch: 221 | Loss: *0.002* | Acc: *100.000%* (50000/50000) 
Test epoch: 221 | Loss: *0.185* | Acc: *94.680%* (9468/10000)
Train epoch: 222 | Loss: *0.002* | Acc: *100.000%* (50000/50000) 
Test epoch: 222 | Loss: *0.186* | Acc: *94.650%* (9465/10000)
Train epoch: 223 | Loss: *0.002* | Acc: *99.998%* (49999/50000) 
Test epoch: 223 | Loss: *0.186* | Acc: *94.630%* (9463/10000)
Train epoch: 224 | Loss: *0.002* | Acc: *100.000%* (50000/50000) 
Test epoch: 224 | Loss: *0.187* | Acc: *94.600%* (9460/10000)
Train epoch: 225 | Loss: *0.002* | Acc: *100.000%* (50000/50000) 
Test epoch: 225 | Loss: *0.185* | Acc: *94.720%* (9472/10000)
Train epoch: 226 | Loss: *0.002* | Acc: *100.000%* (50000/50000) 
Test epoch: 226 | Loss: *0.186* | Acc: *94.670%* (9467/10000)
Train epoch: 227 | Loss: *0.002* | Acc: *99.998%* (49999/50000) 
Test epoch: 227 | Loss: *0.187* | Acc: *94.620%* (9462/10000)
Train epoch: 228 | Loss: *0.003* | Acc: *100.000%* (50000/50000) 
Test epoch: 228 | Loss: *0.185* | Acc: *94.630%* (9463/10000)
Train epoch: 229 | Loss: *0.002* | Acc: *100.000%* (50000/50000) 
Test epoch: 229 | Loss: *0.185* | Acc: *94.590%* (9459/10000)
Train epoch: 230 | Loss: *0.003* | Acc: *99.996%* (49998/50000) 
Test epoch: 230 | Loss: *0.191* | Acc: *94.520%* (9452/10000)
Train epoch: 231 | Loss: *0.003* | Acc: *100.000%* (50000/50000) 
Test epoch: 231 | Loss: *0.186* | Acc: *94.560%* (9456/10000)
Train epoch: 232 | Loss: *0.003* | Acc: *100.000%* (50000/50000) 
Test epoch: 232 | Loss: *0.185* | Acc: *94.510%* (9451/10000)
Train epoch: 233 | Loss: *0.003* | Acc: *100.000%* (50000/50000) 
Test epoch: 233 | Loss: *0.184* | Acc: *94.540%* (9454/10000)
Train epoch: 234 | Loss: *0.003* | Acc: *100.000%* (50000/50000) 
Test epoch: 234 | Loss: *0.190* | Acc: *94.510%* (9451/10000)
Train epoch: 235 | Loss: *0.003* | Acc: *99.992%* (49996/50000) 
Test epoch: 235 | Loss: *0.192* | Acc: *94.300%* (9430/10000)
Train epoch: 236 | Loss: *0.003* | Acc: *99.994%* (49997/50000) 
Test epoch: 236 | Loss: *0.208* | Acc: *94.200%* (9420/10000)
Train epoch: 237 | Loss: *0.004* | Acc: *99.992%* (49996/50000) 
Test epoch: 237 | Loss: *0.237* | Acc: *93.360%* (9336/10000)
Train epoch: 238 | Loss: *0.065* | Acc: *98.044%* (49022/50000) 
Test epoch: 238 | Loss: *0.429* | Acc: *86.610%* (8661/10000)
Train epoch: 239 | Loss: *0.130* | Acc: *95.802%* (47901/50000) 
Test epoch: 239 | Loss: *0.477* | Acc: *86.450%* (8645/10000)
Train epoch: 240 | Loss: *0.106* | Acc: *96.532%* (48266/50000) 
Test epoch: 240 | Loss: *0.352* | Acc: *89.290%* (8929/10000)
Train epoch: 241 | Loss: *0.097* | Acc: *96.778%* (48389/50000) 
Test epoch: 241 | Loss: *0.333* | Acc: *90.050%* (9005/10000)
Train epoch: 242 | Loss: *0.090* | Acc: *97.122%* (48561/50000) 
Test epoch: 242 | Loss: *0.300* | Acc: *91.080%* (9108/10000)
Train epoch: 243 | Loss: *0.085* | Acc: *97.168%* (48584/50000) 
Test epoch: 243 | Loss: *0.397* | Acc: *88.450%* (8845/10000)
Train epoch: 244 | Loss: *0.079* | Acc: *97.312%* (48656/50000) 
Test epoch: 244 | Loss: *0.395* | Acc: *88.890%* (8889/10000)
Train epoch: 245 | Loss: *0.080* | Acc: *97.394%* (48697/50000) 
Test epoch: 245 | Loss: *0.311* | Acc: *91.200%* (9120/10000)
Train epoch: 246 | Loss: *0.075* | Acc: *97.538%* (48769/50000) 
Test epoch: 246 | Loss: *0.335* | Acc: *90.730%* (9073/10000)
Train epoch: 247 | Loss: *0.076* | Acc: *97.534%* (48767/50000) 
Test epoch: 247 | Loss: *0.375* | Acc: *89.340%* (8934/10000)
Train epoch: 248 | Loss: *0.077* | Acc: *97.454%* (48727/50000) 
Test epoch: 248 | Loss: *0.379* | Acc: *89.590%* (8959/10000)
Train epoch: 249 | Loss: *0.080* | Acc: *97.380%* (48690/50000) 
Test epoch: 249 | Loss: *0.324* | Acc: *90.630%* (9063/10000)
Train epoch: 250 | Loss: *0.078* | Acc: *97.412%* (48706/50000) 
Test epoch: 250 | Loss: *0.314* | Acc: *91.130%* (9113/10000)
Train epoch: 251 | Loss: *0.077* | Acc: *97.420%* (48710/50000) 
Test epoch: 251 | Loss: *0.389* | Acc: *89.520%* (8952/10000)
Train epoch: 252 | Loss: *0.076* | Acc: *97.502%* (48751/50000) 
Test epoch: 252 | Loss: *0.391* | Acc: *89.190%* (8919/10000)
Train epoch: 253 | Loss: *0.079* | Acc: *97.412%* (48706/50000) 
Test epoch: 253 | Loss: *0.359* | Acc: *90.020%* (9002/10000)
Train epoch: 254 | Loss: *0.076* | Acc: *97.510%* (48755/50000) 
Test epoch: 254 | Loss: *0.383* | Acc: *89.830%* (8983/10000)
Train epoch: 255 | Loss: *0.078* | Acc: *97.368%* (48684/50000) 
Test epoch: 255 | Loss: *0.407* | Acc: *88.460%* (8846/10000)
Train epoch: 256 | Loss: *0.074* | Acc: *97.550%* (48775/50000) 
Test epoch: 256 | Loss: *0.472* | Acc: *87.270%* (8727/10000)
Train epoch: 257 | Loss: *0.082* | Acc: *97.242%* (48621/50000) 
Test epoch: 257 | Loss: *0.348* | Acc: *90.210%* (9021/10000)
Train epoch: 258 | Loss: *0.082* | Acc: *97.328%* (48664/50000) 
Test epoch: 258 | Loss: *0.354* | Acc: *89.700%* (8970/10000)
Train epoch: 259 | Loss: *0.074* | Acc: *97.596%* (48798/50000) 
Test epoch: 259 | Loss: *0.343* | Acc: *90.240%* (9024/10000)
Train epoch: 260 | Loss: *0.082* | Acc: *97.306%* (48653/50000) 
Test epoch: 260 | Loss: *0.432* | Acc: *87.710%* (8771/10000)
Train epoch: 261 | Loss: *0.086* | Acc: *97.102%* (48551/50000) 
Test epoch: 261 | Loss: *0.338* | Acc: *90.170%* (9017/10000)
Train epoch: 262 | Loss: *0.084* | Acc: *97.092%* (48546/50000) 
Test epoch: 262 | Loss: *0.388* | Acc: *89.170%* (8917/10000)
Train epoch: 263 | Loss: *0.082* | Acc: *97.312%* (48656/50000) 
Test epoch: 263 | Loss: *0.404* | Acc: *88.590%* (8859/10000)
Train epoch: 264 | Loss: *0.090* | Acc: *96.972%* (48486/50000) 
Test epoch: 264 | Loss: *0.390* | Acc: *89.450%* (8945/10000)
Train epoch: 265 | Loss: *0.081* | Acc: *97.324%* (48662/50000) 
Test epoch: 265 | Loss: *0.367* | Acc: *90.040%* (9004/10000)
Train epoch: 266 | Loss: *0.089* | Acc: *97.056%* (48528/50000) 
Test epoch: 266 | Loss: *0.370* | Acc: *89.740%* (8974/10000)
Train epoch: 267 | Loss: *0.089* | Acc: *97.044%* (48522/50000) 
Test epoch: 267 | Loss: *0.406* | Acc: *88.780%* (8878/10000)
Train epoch: 268 | Loss: *0.099* | Acc: *96.636%* (48318/50000) 
Test epoch: 268 | Loss: *0.433* | Acc: *87.570%* (8757/10000)
Train epoch: 269 | Loss: *0.091* | Acc: *96.988%* (48494/50000) 
Test epoch: 269 | Loss: *0.387* | Acc: *89.390%* (8939/10000)
Train epoch: 270 | Loss: *0.096* | Acc: *96.780%* (48390/50000) 
Test epoch: 270 | Loss: *0.359* | Acc: *89.140%* (8914/10000)
Train epoch: 271 | Loss: *0.096* | Acc: *96.784%* (48392/50000) 
Test epoch: 271 | Loss: *0.309* | Acc: *90.770%* (9077/10000)
Train epoch: 272 | Loss: *0.094* | Acc: *96.826%* (48413/50000) 
Test epoch: 272 | Loss: *0.378* | Acc: *89.090%* (8909/10000)
Train epoch: 273 | Loss: *0.102* | Acc: *96.508%* (48254/50000) 
Test epoch: 273 | Loss: *0.464* | Acc: *86.770%* (8677/10000)
Train epoch: 274 | Loss: *0.105* | Acc: *96.406%* (48203/50000) 
Test epoch: 274 | Loss: *0.324* | Acc: *90.350%* (9035/10000)
Train epoch: 275 | Loss: *0.102* | Acc: *96.594%* (48297/50000) 
Test epoch: 275 | Loss: *0.376* | Acc: *89.850%* (8985/10000)
Train epoch: 276 | Loss: *0.104* | Acc: *96.508%* (48254/50000) 
Test epoch: 276 | Loss: *0.365* | Acc: *89.200%* (8920/10000)
Train epoch: 277 | Loss: *0.102* | Acc: *96.552%* (48276/50000) 
Test epoch: 277 | Loss: *0.449* | Acc: *87.690%* (8769/10000)
Train epoch: 278 | Loss: *0.114* | Acc: *96.112%* (48056/50000) 
Test epoch: 278 | Loss: *0.362* | Acc: *89.000%* (8900/10000)
Train epoch: 279 | Loss: *0.104* | Acc: *96.536%* (48268/50000) 
Test epoch: 279 | Loss: *0.394* | Acc: *89.340%* (8934/10000)
Train epoch: 280 | Loss: *0.115* | Acc: *96.060%* (48030/50000) 
Test epoch: 280 | Loss: *0.409* | Acc: *88.020%* (8802/10000)
Train epoch: 281 | Loss: *0.117* | Acc: *96.010%* (48005/50000) 
Test epoch: 281 | Loss: *0.333* | Acc: *90.020%* (9002/10000)
Train epoch: 282 | Loss: *0.107* | Acc: *96.410%* (48205/50000) 
Test epoch: 282 | Loss: *0.505* | Acc: *85.950%* (8595/10000)
Train epoch: 283 | Loss: *0.115* | Acc: *96.088%* (48044/50000) 
Test epoch: 283 | Loss: *0.475* | Acc: *86.540%* (8654/10000)
Train epoch: 284 | Loss: *0.123* | Acc: *95.804%* (47902/50000) 
Test epoch: 284 | Loss: *0.506* | Acc: *85.440%* (8544/10000)
Train epoch: 285 | Loss: *0.126* | Acc: *95.810%* (47905/50000) 
Test epoch: 285 | Loss: *0.519* | Acc: *85.470%* (8547/10000)
Train epoch: 286 | Loss: *0.123* | Acc: *95.836%* (47918/50000) 
Test epoch: 286 | Loss: *0.350* | Acc: *89.590%* (8959/10000)
Train epoch: 287 | Loss: *0.120* | Acc: *95.924%* (47962/50000) 
Test epoch: 287 | Loss: *0.379* | Acc: *88.810%* (8881/10000)
Train epoch: 288 | Loss: *0.121* | Acc: *95.892%* (47946/50000) 
Test epoch: 288 | Loss: *0.442* | Acc: *86.840%* (8684/10000)
Train epoch: 289 | Loss: *0.129* | Acc: *95.564%* (47782/50000) 
Test epoch: 289 | Loss: *0.310* | Acc: *90.390%* (9039/10000)
Train epoch: 290 | Loss: *0.130* | Acc: *95.680%* (47840/50000) 
Test epoch: 290 | Loss: *0.472* | Acc: *86.270%* (8627/10000)
Train epoch: 291 | Loss: *0.132* | Acc: *95.520%* (47760/50000) 
Test epoch: 291 | Loss: *0.726* | Acc: *81.380%* (8138/10000)
Train epoch: 292 | Loss: *0.131* | Acc: *95.530%* (47765/50000) 
Test epoch: 292 | Loss: *0.453* | Acc: *87.390%* (8739/10000)
Train epoch: 293 | Loss: *0.133* | Acc: *95.374%* (47687/50000) 
Test epoch: 293 | Loss: *0.458* | Acc: *86.210%* (8621/10000)
Train epoch: 294 | Loss: *0.139* | Acc: *95.216%* (47608/50000) 
Test epoch: 294 | Loss: *0.303* | Acc: *90.510%* (9051/10000)
Train epoch: 295 | Loss: *0.140* | Acc: *95.182%* (47591/50000) 
Test epoch: 295 | Loss: *0.388* | Acc: *88.960%* (8896/10000)
Train epoch: 296 | Loss: *0.139* | Acc: *95.268%* (47634/50000) 
Test epoch: 296 | Loss: *0.452* | Acc: *86.690%* (8669/10000)
Train epoch: 297 | Loss: *0.145* | Acc: *95.058%* (47529/50000) 
Test epoch: 297 | Loss: *0.520* | Acc: *85.940%* (8594/10000)
Train epoch: 298 | Loss: *0.143* | Acc: *95.134%* (47567/50000) 
Test epoch: 298 | Loss: *0.394* | Acc: *87.780%* (8778/10000)
Train epoch: 299 | Loss: *0.150* | Acc: *94.888%* (47444/50000) 
Test epoch: 299 | Loss: *0.392* | Acc: *88.040%* (8804/10000)
Train epoch: 300 | Loss: *0.143* | Acc: *95.110%* (47555/50000) 
Test epoch: 300 | Loss: *0.445* | Acc: *87.690%* (8769/10000)
Train epoch: 301 | Loss: *0.154* | Acc: *94.750%* (47375/50000) 
Test epoch: 301 | Loss: *0.577* | Acc: *83.700%* (8370/10000)
Train epoch: 302 | Loss: *0.153* | Acc: *94.738%* (47369/50000) 
Test epoch: 302 | Loss: *0.412* | Acc: *87.660%* (8766/10000)
Train epoch: 303 | Loss: *0.155* | Acc: *94.682%* (47341/50000) 
Test epoch: 303 | Loss: *0.417* | Acc: *87.980%* (8798/10000)
Train epoch: 304 | Loss: *0.154* | Acc: *94.808%* (47404/50000) 
Test epoch: 304 | Loss: *0.451* | Acc: *86.680%* (8668/10000)
Train epoch: 305 | Loss: *0.161* | Acc: *94.414%* (47207/50000) 
Test epoch: 305 | Loss: *0.472* | Acc: *86.310%* (8631/10000)
Train epoch: 306 | Loss: *0.160* | Acc: *94.516%* (47258/50000) 
Test epoch: 306 | Loss: *0.487* | Acc: *85.770%* (8577/10000)
Train epoch: 307 | Loss: *0.161* | Acc: *94.488%* (47244/50000) 
Test epoch: 307 | Loss: *0.397* | Acc: *87.810%* (8781/10000)
Train epoch: 308 | Loss: *0.164* | Acc: *94.388%* (47194/50000) 
Test epoch: 308 | Loss: *0.508* | Acc: *85.100%* (8510/10000)
Train epoch: 309 | Loss: *0.166* | Acc: *94.246%* (47123/50000) 
Test epoch: 309 | Loss: *0.449* | Acc: *86.510%* (8651/10000)
Train epoch: 310 | Loss: *0.167* | Acc: *94.222%* (47111/50000) 
Test epoch: 310 | Loss: *0.420* | Acc: *86.860%* (8686/10000)
Train epoch: 311 | Loss: *0.173* | Acc: *94.016%* (47008/50000) 
Test epoch: 311 | Loss: *0.413* | Acc: *87.510%* (8751/10000)
Train epoch: 312 | Loss: *0.166* | Acc: *94.262%* (47131/50000) 
Test epoch: 312 | Loss: *0.397* | Acc: *87.390%* (8739/10000)
Train epoch: 313 | Loss: *0.175* | Acc: *93.958%* (46979/50000) 
Test epoch: 313 | Loss: *0.355* | Acc: *88.950%* (8895/10000)
Train epoch: 314 | Loss: *0.170* | Acc: *94.150%* (47075/50000) 
Test epoch: 314 | Loss: *0.491* | Acc: *85.430%* (8543/10000)
Train epoch: 315 | Loss: *0.177* | Acc: *93.992%* (46996/50000) 
Test epoch: 315 | Loss: *0.474* | Acc: *86.510%* (8651/10000)
Train epoch: 316 | Loss: *0.176* | Acc: *93.982%* (46991/50000) 
Test epoch: 316 | Loss: *0.419* | Acc: *86.430%* (8643/10000)
Train epoch: 317 | Loss: *0.177* | Acc: *94.006%* (47003/50000) 
Test epoch: 317 | Loss: *0.396* | Acc: *87.660%* (8766/10000)
Train epoch: 318 | Loss: *0.180* | Acc: *93.876%* (46938/50000) 
Test epoch: 318 | Loss: *0.519* | Acc: *83.960%* (8396/10000)
Train epoch: 319 | Loss: *0.183* | Acc: *93.770%* (46885/50000) 
Test epoch: 319 | Loss: *0.418* | Acc: *87.250%* (8725/10000)
Train epoch: 320 | Loss: *0.192* | Acc: *93.374%* (46687/50000) 
Test epoch: 320 | Loss: *0.504* | Acc: *85.220%* (8522/10000)
Train epoch: 321 | Loss: *0.188* | Acc: *93.616%* (46808/50000) 
Test epoch: 321 | Loss: *0.503* | Acc: *84.460%* (8446/10000)
Train epoch: 322 | Loss: *0.186* | Acc: *93.568%* (46784/50000) 
Test epoch: 322 | Loss: *0.394* | Acc: *87.530%* (8753/10000)
Train epoch: 323 | Loss: *0.187* | Acc: *93.564%* (46782/50000) 
Test epoch: 323 | Loss: *0.499* | Acc: *85.540%* (8554/10000)
Train epoch: 324 | Loss: *0.198* | Acc: *93.316%* (46658/50000) 
Test epoch: 324 | Loss: *0.504* | Acc: *84.660%* (8466/10000)
Train epoch: 325 | Loss: *0.192* | Acc: *93.354%* (46677/50000) 
Test epoch: 325 | Loss: *0.460* | Acc: *86.200%* (8620/10000)
Train epoch: 326 | Loss: *0.194* | Acc: *93.322%* (46661/50000) 
Test epoch: 326 | Loss: *0.567* | Acc: *83.700%* (8370/10000)
Train epoch: 327 | Loss: *0.196* | Acc: *93.266%* (46633/50000) 
Test epoch: 327 | Loss: *0.501* | Acc: *84.960%* (8496/10000)
Train epoch: 328 | Loss: *0.198* | Acc: *93.192%* (46596/50000) 
Test epoch: 328 | Loss: *0.439* | Acc: *86.560%* (8656/10000)
Train epoch: 329 | Loss: *0.199* | Acc: *93.214%* (46607/50000) 
Test epoch: 329 | Loss: *0.444* | Acc: *86.160%* (8616/10000)
Train epoch: 330 | Loss: *0.203* | Acc: *93.058%* (46529/50000) 
Test epoch: 330 | Loss: *0.424* | Acc: *86.870%* (8687/10000)
Train epoch: 331 | Loss: *0.203* | Acc: *93.020%* (46510/50000) 
Test epoch: 331 | Loss: *0.406* | Acc: *86.980%* (8698/10000)
Train epoch: 332 | Loss: *0.202* | Acc: *93.098%* (46549/50000) 
Test epoch: 332 | Loss: *0.504* | Acc: *84.040%* (8404/10000)
Train epoch: 333 | Loss: *0.208* | Acc: *92.956%* (46478/50000) 
Test epoch: 333 | Loss: *0.376* | Acc: *87.650%* (8765/10000)
Train epoch: 334 | Loss: *0.206* | Acc: *92.946%* (46473/50000) 
Test epoch: 334 | Loss: *0.392* | Acc: *87.430%* (8743/10000)
Train epoch: 335 | Loss: *0.208* | Acc: *92.950%* (46475/50000) 
Test epoch: 335 | Loss: *0.425* | Acc: *87.200%* (8720/10000)
Train epoch: 336 | Loss: *0.211* | Acc: *92.840%* (46420/50000) 
Test epoch: 336 | Loss: *0.416* | Acc: *86.320%* (8632/10000)
Train epoch: 337 | Loss: *0.209* | Acc: *92.868%* (46434/50000) 
Test epoch: 337 | Loss: *0.455* | Acc: *86.560%* (8656/10000)
Train epoch: 338 | Loss: *0.213* | Acc: *92.748%* (46374/50000) 
Test epoch: 338 | Loss: *0.464* | Acc: *85.140%* (8514/10000)
Train epoch: 339 | Loss: *0.215* | Acc: *92.542%* (46271/50000) 
Test epoch: 339 | Loss: *0.456* | Acc: *85.450%* (8545/10000)
Train epoch: 340 | Loss: *0.210* | Acc: *92.750%* (46375/50000) 
Test epoch: 340 | Loss: *0.363* | Acc: *88.350%* (8835/10000)
Train epoch: 341 | Loss: *0.217* | Acc: *92.538%* (46269/50000) 
Test epoch: 341 | Loss: *0.454* | Acc: *85.560%* (8556/10000)
Train epoch: 342 | Loss: *0.217* | Acc: *92.500%* (46250/50000) 
Test epoch: 342 | Loss: *0.398* | Acc: *87.610%* (8761/10000)
Train epoch: 343 | Loss: *0.220* | Acc: *92.368%* (46184/50000) 
Test epoch: 343 | Loss: *0.391* | Acc: *86.820%* (8682/10000)
Train epoch: 344 | Loss: *0.222* | Acc: *92.284%* (46142/50000) 
Test epoch: 344 | Loss: *0.497* | Acc: *84.600%* (8460/10000)
Train epoch: 345 | Loss: *0.220* | Acc: *92.362%* (46181/50000) 
Test epoch: 345 | Loss: *0.644* | Acc: *79.870%* (7987/10000)
Train epoch: 346 | Loss: *0.220* | Acc: *92.390%* (46195/50000) 
Test epoch: 346 | Loss: *0.538* | Acc: *83.430%* (8343/10000)
Train epoch: 347 | Loss: *0.226* | Acc: *92.320%* (46160/50000) 
Test epoch: 347 | Loss: *0.735* | Acc: *79.120%* (7912/10000)
Train epoch: 348 | Loss: *0.227* | Acc: *92.190%* (46095/50000) 
Test epoch: 348 | Loss: *0.497* | Acc: *84.670%* (8467/10000)
Train epoch: 349 | Loss: *0.225* | Acc: *92.260%* (46130/50000) 
Test epoch: 349 | Loss: *0.387* | Acc: *87.330%* (8733/10000)
Train epoch: 350 | Loss: *0.231* | Acc: *92.012%* (46006/50000) 
Test epoch: 350 | Loss: *0.417* | Acc: *86.970%* (8697/10000)
Train epoch: 351 | Loss: *0.230* | Acc: *92.084%* (46042/50000) 
Test epoch: 351 | Loss: *0.406* | Acc: *87.340%* (8734/10000)
Train epoch: 352 | Loss: *0.229* | Acc: *92.086%* (46043/50000) 
Test epoch: 352 | Loss: *0.788* | Acc: *77.520%* (7752/10000)
Train epoch: 353 | Loss: *0.230* | Acc: *92.184%* (46092/50000) 
Test epoch: 353 | Loss: *0.420* | Acc: *86.540%* (8654/10000)
Train epoch: 354 | Loss: *0.234* | Acc: *91.874%* (45937/50000) 
Test epoch: 354 | Loss: *0.587* | Acc: *81.880%* (8188/10000)
Train epoch: 355 | Loss: *0.231* | Acc: *92.088%* (46044/50000) 
Test epoch: 355 | Loss: *0.585* | Acc: *82.800%* (8280/10000)
Train epoch: 356 | Loss: *0.234* | Acc: *91.936%* (45968/50000) 
Test epoch: 356 | Loss: *0.506* | Acc: *84.900%* (8490/10000)
Train epoch: 357 | Loss: *0.234* | Acc: *91.956%* (45978/50000) 
Test epoch: 357 | Loss: *0.406* | Acc: *87.410%* (8741/10000)
Train epoch: 358 | Loss: *0.240* | Acc: *91.692%* (45846/50000) 
Test epoch: 358 | Loss: *0.549* | Acc: *83.510%* (8351/10000)
Train epoch: 359 | Loss: *0.234* | Acc: *92.088%* (46044/50000) 
Test epoch: 359 | Loss: *0.506* | Acc: *83.930%* (8393/10000)
Train epoch: 360 | Loss: *0.235* | Acc: *91.934%* (45967/50000) 
Test epoch: 360 | Loss: *0.665* | Acc: *81.760%* (8176/10000)
Train epoch: 361 | Loss: *0.240* | Acc: *91.702%* (45851/50000) 
Test epoch: 361 | Loss: *0.470* | Acc: *85.450%* (8545/10000)
Train epoch: 362 | Loss: *0.243* | Acc: *91.810%* (45905/50000) 
Test epoch: 362 | Loss: *0.500* | Acc: *84.610%* (8461/10000)
Train epoch: 363 | Loss: *0.243* | Acc: *91.726%* (45863/50000) 
Test epoch: 363 | Loss: *0.393* | Acc: *87.000%* (8700/10000)
Train epoch: 364 | Loss: *0.238* | Acc: *91.896%* (45948/50000) 
Test epoch: 364 | Loss: *0.456* | Acc: *86.000%* (8600/10000)
Train epoch: 365 | Loss: *0.244* | Acc: *91.830%* (45915/50000) 
Test epoch: 365 | Loss: *0.512* | Acc: *83.750%* (8375/10000)
Train epoch: 366 | Loss: *0.241* | Acc: *91.772%* (45886/50000) 
Test epoch: 366 | Loss: *0.519* | Acc: *83.800%* (8380/10000)
Train epoch: 367 | Loss: *0.238* | Acc: *91.822%* (45911/50000) 
Test epoch: 367 | Loss: *0.537* | Acc: *83.870%* (8387/10000)
Train epoch: 368 | Loss: *0.244* | Acc: *91.538%* (45769/50000) 
Test epoch: 368 | Loss: *0.494* | Acc: *84.860%* (8486/10000)
Train epoch: 369 | Loss: *0.246* | Acc: *91.596%* (45798/50000) 
Test epoch: 369 | Loss: *0.435* | Acc: *86.080%* (8608/10000)
Train epoch: 370 | Loss: *0.244* | Acc: *91.678%* (45839/50000) 
Test epoch: 370 | Loss: *0.438* | Acc: *85.680%* (8568/10000)
Train epoch: 371 | Loss: *0.245* | Acc: *91.586%* (45793/50000) 
Test epoch: 371 | Loss: *0.668* | Acc: *80.960%* (8096/10000)
Train epoch: 372 | Loss: *0.250* | Acc: *91.402%* (45701/50000) 
Test epoch: 372 | Loss: *0.522* | Acc: *83.660%* (8366/10000)
Train epoch: 373 | Loss: *0.248* | Acc: *91.612%* (45806/50000) 
Test epoch: 373 | Loss: *0.346* | Acc: *88.580%* (8858/10000)
Train epoch: 374 | Loss: *0.250* | Acc: *91.456%* (45728/50000) 
Test epoch: 374 | Loss: *0.434* | Acc: *86.120%* (8612/10000)
Train epoch: 375 | Loss: *0.248* | Acc: *91.510%* (45755/50000) 
Test epoch: 375 | Loss: *0.452* | Acc: *85.860%* (8586/10000)
Train epoch: 376 | Loss: *0.248* | Acc: *91.532%* (45766/50000) 
Test epoch: 376 | Loss: *0.438* | Acc: *85.840%* (8584/10000)
Train epoch: 377 | Loss: *0.251* | Acc: *91.476%* (45738/50000) 
Test epoch: 377 | Loss: *0.481* | Acc: *85.410%* (8541/10000)
Train epoch: 378 | Loss: *0.252* | Acc: *91.324%* (45662/50000) 
Test epoch: 378 | Loss: *0.740* | Acc: *78.440%* (7844/10000)
Train epoch: 379 | Loss: *0.248* | Acc: *91.574%* (45787/50000) 
Test epoch: 379 | Loss: *0.361* | Acc: *88.120%* (8812/10000)
Train epoch: 380 | Loss: *0.250* | Acc: *91.480%* (45740/50000) 
Test epoch: 380 | Loss: *0.403* | Acc: *86.860%* (8686/10000)
Train epoch: 381 | Loss: *0.250* | Acc: *91.548%* (45774/50000) 
Test epoch: 381 | Loss: *0.533* | Acc: *82.540%* (8254/10000)
Train epoch: 382 | Loss: *0.252* | Acc: *91.300%* (45650/50000) 
Test epoch: 382 | Loss: *0.718* | Acc: *79.590%* (7959/10000)
Train epoch: 383 | Loss: *0.256* | Acc: *91.250%* (45625/50000) 
Test epoch: 383 | Loss: *0.587* | Acc: *81.530%* (8153/10000)
Train epoch: 384 | Loss: *0.251* | Acc: *91.430%* (45715/50000) 
Test epoch: 384 | Loss: *0.458* | Acc: *85.220%* (8522/10000)
Train epoch: 385 | Loss: *0.250* | Acc: *91.422%* (45711/50000) 
Test epoch: 385 | Loss: *0.428* | Acc: *86.740%* (8674/10000)
Train epoch: 386 | Loss: *0.257* | Acc: *91.118%* (45559/50000) 
Test epoch: 386 | Loss: *0.558* | Acc: *82.920%* (8292/10000)
Train epoch: 387 | Loss: *0.256* | Acc: *91.350%* (45675/50000) 
Test epoch: 387 | Loss: *0.489* | Acc: *84.770%* (8477/10000)
Train epoch: 388 | Loss: *0.257* | Acc: *91.174%* (45587/50000) 
Test epoch: 388 | Loss: *0.557* | Acc: *83.330%* (8333/10000)
Train epoch: 389 | Loss: *0.254* | Acc: *91.306%* (45653/50000) 
Test epoch: 389 | Loss: *0.490* | Acc: *84.360%* (8436/10000)
Train epoch: 390 | Loss: *0.256* | Acc: *91.218%* (45609/50000) 
Test epoch: 390 | Loss: *0.497* | Acc: *84.750%* (8475/10000)
Train epoch: 391 | Loss: *0.259* | Acc: *91.096%* (45548/50000) 
Test epoch: 391 | Loss: *0.621* | Acc: *81.360%* (8136/10000)
Train epoch: 392 | Loss: *0.254* | Acc: *91.390%* (45695/50000) 
Test epoch: 392 | Loss: *0.577* | Acc: *82.160%* (8216/10000)
Train epoch: 393 | Loss: *0.259* | Acc: *91.044%* (45522/50000) 
Test epoch: 393 | Loss: *0.557* | Acc: *81.970%* (8197/10000)
Train epoch: 394 | Loss: *0.253* | Acc: *91.326%* (45663/50000) 
Test epoch: 394 | Loss: *0.594* | Acc: *80.930%* (8093/10000)
Train epoch: 395 | Loss: *0.254* | Acc: *91.250%* (45625/50000) 
Test epoch: 395 | Loss: *0.622* | Acc: *81.090%* (8109/10000)
Train epoch: 396 | Loss: *0.257* | Acc: *91.274%* (45637/50000) 
Test epoch: 396 | Loss: *0.403* | Acc: *86.420%* (8642/10000)
Train epoch: 397 | Loss: *0.259* | Acc: *91.144%* (45572/50000) 
Test epoch: 397 | Loss: *0.422* | Acc: *86.230%* (8623/10000)
Train epoch: 398 | Loss: *0.258* | Acc: *91.114%* (45557/50000) 
Test epoch: 398 | Loss: *0.706* | Acc: *80.020%* (8002/10000)
Train epoch: 399 | Loss: *0.258* | Acc: *91.124%* (45562/50000) 
Test epoch: 399 | Loss: *0.786* | Acc: *78.130%* (7813/10000)
Train epoch: 400 | Loss: *0.258* | Acc: *91.138%* (45569/50000) 
Test epoch: 400 | Loss: *0.539* | Acc: *83.790%* (8379/10000)
Train epoch: 401 | Loss: *0.257* | Acc: *91.174%* (45587/50000) 
Test epoch: 401 | Loss: *0.485* | Acc: *84.750%* (8475/10000)
Train epoch: 402 | Loss: *0.259* | Acc: *91.164%* (45582/50000) 
Test epoch: 402 | Loss: *0.615* | Acc: *82.100%* (8210/10000)
Train epoch: 403 | Loss: *0.257* | Acc: *91.106%* (45553/50000) 
Test epoch: 403 | Loss: *0.448* | Acc: *85.150%* (8515/10000)
Train epoch: 404 | Loss: *0.257* | Acc: *91.270%* (45635/50000) 
Test epoch: 404 | Loss: *0.395* | Acc: *87.000%* (8700/10000)
Train epoch: 405 | Loss: *0.262* | Acc: *90.984%* (45492/50000) 
Test epoch: 405 | Loss: *0.590* | Acc: *81.880%* (8188/10000)
Train epoch: 406 | Loss: *0.257* | Acc: *91.324%* (45662/50000) 
Test epoch: 406 | Loss: *0.521* | Acc: *83.260%* (8326/10000)
Train epoch: 407 | Loss: *0.255* | Acc: *91.190%* (45595/50000) 
Test epoch: 407 | Loss: *0.532* | Acc: *83.850%* (8385/10000)
Train epoch: 408 | Loss: *0.250* | Acc: *91.438%* (45719/50000) 
Test epoch: 408 | Loss: *0.684* | Acc: *80.370%* (8037/10000)
Train epoch: 409 | Loss: *0.260* | Acc: *91.162%* (45581/50000) 
Test epoch: 409 | Loss: *0.545* | Acc: *82.180%* (8218/10000)
Train epoch: 410 | Loss: *0.258* | Acc: *91.154%* (45577/50000) 
Test epoch: 410 | Loss: *0.834* | Acc: *77.260%* (7726/10000)
Train epoch: 411 | Loss: *0.256* | Acc: *91.280%* (45640/50000) 
Test epoch: 411 | Loss: *0.547* | Acc: *83.250%* (8325/10000)
Train epoch: 412 | Loss: *0.254* | Acc: *91.258%* (45629/50000) 
Test epoch: 412 | Loss: *0.502* | Acc: *83.640%* (8364/10000)
Train epoch: 413 | Loss: *0.252* | Acc: *91.426%* (45713/50000) 
Test epoch: 413 | Loss: *0.441* | Acc: *86.270%* (8627/10000)
Train epoch: 414 | Loss: *0.252* | Acc: *91.446%* (45723/50000) 
Test epoch: 414 | Loss: *0.407* | Acc: *87.110%* (8711/10000)
Train epoch: 415 | Loss: *0.256* | Acc: *91.300%* (45650/50000) 
Test epoch: 415 | Loss: *0.414* | Acc: *86.290%* (8629/10000)
Train epoch: 416 | Loss: *0.252* | Acc: *91.370%* (45685/50000) 
Test epoch: 416 | Loss: *0.443* | Acc: *85.680%* (8568/10000)
Train epoch: 417 | Loss: *0.257* | Acc: *91.282%* (45641/50000) 
Test epoch: 417 | Loss: *0.479* | Acc: *84.450%* (8445/10000)
Train epoch: 418 | Loss: *0.249* | Acc: *91.340%* (45670/50000) 
Test epoch: 418 | Loss: *0.466* | Acc: *85.270%* (8527/10000)
Train epoch: 419 | Loss: *0.253* | Acc: *91.278%* (45639/50000) 
Test epoch: 419 | Loss: *0.872* | Acc: *74.780%* (7478/10000)
Train epoch: 420 | Loss: *0.252* | Acc: *91.314%* (45657/50000) 
Test epoch: 420 | Loss: *0.430* | Acc: *85.590%* (8559/10000)
Train epoch: 421 | Loss: *0.256* | Acc: *91.152%* (45576/50000) 
Test epoch: 421 | Loss: *0.517* | Acc: *84.230%* (8423/10000)
Train epoch: 422 | Loss: *0.250* | Acc: *91.458%* (45729/50000) 
Test epoch: 422 | Loss: *0.494* | Acc: *84.070%* (8407/10000)
Train epoch: 423 | Loss: *0.250* | Acc: *91.378%* (45689/50000) 
Test epoch: 423 | Loss: *0.612* | Acc: *82.900%* (8290/10000)
Train epoch: 424 | Loss: *0.250* | Acc: *91.464%* (45732/50000) 
Test epoch: 424 | Loss: *0.634* | Acc: *81.320%* (8132/10000)
Train epoch: 425 | Loss: *0.256* | Acc: *91.178%* (45589/50000) 
Test epoch: 425 | Loss: *0.702* | Acc: *79.090%* (7909/10000)
Train epoch: 426 | Loss: *0.248* | Acc: *91.446%* (45723/50000) 
Test epoch: 426 | Loss: *0.609* | Acc: *82.320%* (8232/10000)
Train epoch: 427 | Loss: *0.249* | Acc: *91.446%* (45723/50000) 
Test epoch: 427 | Loss: *0.559* | Acc: *83.410%* (8341/10000)
Train epoch: 428 | Loss: *0.247* | Acc: *91.648%* (45824/50000) 
Test epoch: 428 | Loss: *0.572* | Acc: *82.990%* (8299/10000)
Train epoch: 429 | Loss: *0.252* | Acc: *91.428%* (45714/50000) 
Test epoch: 429 | Loss: *0.509* | Acc: *83.930%* (8393/10000)
Train epoch: 430 | Loss: *0.245* | Acc: *91.550%* (45775/50000) 
Test epoch: 430 | Loss: *0.703* | Acc: *80.260%* (8026/10000)
Train epoch: 431 | Loss: *0.248* | Acc: *91.628%* (45814/50000) 
Test epoch: 431 | Loss: *0.482* | Acc: *84.340%* (8434/10000)
Train epoch: 432 | Loss: *0.245* | Acc: *91.648%* (45824/50000) 
Test epoch: 432 | Loss: *0.434* | Acc: *85.700%* (8570/10000)
Train epoch: 433 | Loss: *0.243* | Acc: *91.582%* (45791/50000) 
Test epoch: 433 | Loss: *0.483* | Acc: *84.880%* (8488/10000)
Train epoch: 434 | Loss: *0.243* | Acc: *91.806%* (45903/50000) 
Test epoch: 434 | Loss: *0.529* | Acc: *84.370%* (8437/10000)
Train epoch: 435 | Loss: *0.243* | Acc: *91.762%* (45881/50000) 
Test epoch: 435 | Loss: *0.551* | Acc: *83.100%* (8310/10000)
Train epoch: 436 | Loss: *0.249* | Acc: *91.566%* (45783/50000) 
Test epoch: 436 | Loss: *0.468* | Acc: *85.670%* (8567/10000)
Train epoch: 437 | Loss: *0.243* | Acc: *91.704%* (45852/50000) 
Test epoch: 437 | Loss: *0.511* | Acc: *82.950%* (8295/10000)
Train epoch: 438 | Loss: *0.240* | Acc: *91.786%* (45893/50000) 
Test epoch: 438 | Loss: *0.483* | Acc: *84.520%* (8452/10000)
Train epoch: 439 | Loss: *0.238* | Acc: *91.868%* (45934/50000) 
Test epoch: 439 | Loss: *0.577* | Acc: *82.670%* (8267/10000)
Train epoch: 440 | Loss: *0.240* | Acc: *91.876%* (45938/50000) 
Test epoch: 440 | Loss: *0.414* | Acc: *86.080%* (8608/10000)
Train epoch: 441 | Loss: *0.236* | Acc: *91.936%* (45968/50000) 
Test epoch: 441 | Loss: *0.434* | Acc: *86.160%* (8616/10000)
Train epoch: 442 | Loss: *0.244* | Acc: *91.618%* (45809/50000) 
Test epoch: 442 | Loss: *0.460* | Acc: *85.570%* (8557/10000)
Train epoch: 443 | Loss: *0.232* | Acc: *92.098%* (46049/50000) 
Test epoch: 443 | Loss: *0.419* | Acc: *86.340%* (8634/10000)
Train epoch: 444 | Loss: *0.238* | Acc: *91.758%* (45879/50000) 
Test epoch: 444 | Loss: *0.590* | Acc: *83.220%* (8322/10000)
Train epoch: 445 | Loss: *0.236* | Acc: *91.920%* (45960/50000) 
Test epoch: 445 | Loss: *0.652* | Acc: *81.500%* (8150/10000)
Train epoch: 446 | Loss: *0.227* | Acc: *92.272%* (46136/50000) 
Test epoch: 446 | Loss: *0.461* | Acc: *85.630%* (8563/10000)
Train epoch: 447 | Loss: *0.231* | Acc: *92.070%* (46035/50000) 
Test epoch: 447 | Loss: *0.444* | Acc: *85.950%* (8595/10000)
Train epoch: 448 | Loss: *0.235* | Acc: *92.068%* (46034/50000) 
Test epoch: 448 | Loss: *0.429* | Acc: *86.250%* (8625/10000)
Train epoch: 449 | Loss: *0.229* | Acc: *92.214%* (46107/50000) 
Test epoch: 449 | Loss: *0.436* | Acc: *86.370%* (8637/10000)
Train epoch: 450 | Loss: *0.230* | Acc: *92.168%* (46084/50000) 
Test epoch: 450 | Loss: *0.644* | Acc: *80.680%* (8068/10000)
Train epoch: 451 | Loss: *0.230* | Acc: *92.048%* (46024/50000) 
Test epoch: 451 | Loss: *0.513* | Acc: *84.260%* (8426/10000)
Train epoch: 452 | Loss: *0.224* | Acc: *92.366%* (46183/50000) 
Test epoch: 452 | Loss: *0.410* | Acc: *87.170%* (8717/10000)
Train epoch: 453 | Loss: *0.227* | Acc: *92.268%* (46134/50000) 
Test epoch: 453 | Loss: *0.385* | Acc: *87.860%* (8786/10000)
Train epoch: 454 | Loss: *0.225* | Acc: *92.292%* (46146/50000) 
Test epoch: 454 | Loss: *0.423* | Acc: *86.260%* (8626/10000)
Train epoch: 455 | Loss: *0.223* | Acc: *92.426%* (46213/50000) 
Test epoch: 455 | Loss: *0.362* | Acc: *88.180%* (8818/10000)
Train epoch: 456 | Loss: *0.223* | Acc: *92.362%* (46181/50000) 
Test epoch: 456 | Loss: *0.426* | Acc: *86.850%* (8685/10000)
Train epoch: 457 | Loss: *0.217* | Acc: *92.592%* (46296/50000) 
Test epoch: 457 | Loss: *0.447* | Acc: *86.550%* (8655/10000)
Train epoch: 458 | Loss: *0.220* | Acc: *92.480%* (46240/50000) 
Test epoch: 458 | Loss: *0.872* | Acc: *77.500%* (7750/10000)
Train epoch: 459 | Loss: *0.214* | Acc: *92.608%* (46304/50000) 
Test epoch: 459 | Loss: *0.423* | Acc: *86.400%* (8640/10000)
Train epoch: 460 | Loss: *0.221* | Acc: *92.388%* (46194/50000) 
Test epoch: 460 | Loss: *0.403* | Acc: *86.960%* (8696/10000)
Train epoch: 461 | Loss: *0.215* | Acc: *92.552%* (46276/50000) 
Test epoch: 461 | Loss: *0.449* | Acc: *86.460%* (8646/10000)
Train epoch: 462 | Loss: *0.213* | Acc: *92.762%* (46381/50000) 
Test epoch: 462 | Loss: *0.460* | Acc: *85.780%* (8578/10000)
Train epoch: 463 | Loss: *0.212* | Acc: *92.686%* (46343/50000) 
Test epoch: 463 | Loss: *0.423* | Acc: *86.100%* (8610/10000)
Train epoch: 464 | Loss: *0.213* | Acc: *92.646%* (46323/50000) 
Test epoch: 464 | Loss: *0.457* | Acc: *86.150%* (8615/10000)
Train epoch: 465 | Loss: *0.207* | Acc: *92.812%* (46406/50000) 
Test epoch: 465 | Loss: *0.506* | Acc: *84.840%* (8484/10000)
Train epoch: 466 | Loss: *0.207* | Acc: *92.946%* (46473/50000) 
Test epoch: 466 | Loss: *0.434* | Acc: *86.110%* (8611/10000)
Train epoch: 467 | Loss: *0.208* | Acc: *92.836%* (46418/50000) 
Test epoch: 467 | Loss: *0.424* | Acc: *86.490%* (8649/10000)
Train epoch: 468 | Loss: *0.208* | Acc: *92.800%* (46400/50000) 
Test epoch: 468 | Loss: *0.420* | Acc: *86.470%* (8647/10000)
Train epoch: 469 | Loss: *0.206* | Acc: *92.956%* (46478/50000) 
Test epoch: 469 | Loss: *0.421* | Acc: *86.920%* (8692/10000)
Train epoch: 470 | Loss: *0.199* | Acc: *93.214%* (46607/50000) 
Test epoch: 470 | Loss: *0.542* | Acc: *84.430%* (8443/10000)
Train epoch: 471 | Loss: *0.205* | Acc: *93.014%* (46507/50000) 
Test epoch: 471 | Loss: *0.523* | Acc: *83.740%* (8374/10000)
Train epoch: 472 | Loss: *0.193* | Acc: *93.352%* (46676/50000) 
Test epoch: 472 | Loss: *1.104* | Acc: *75.410%* (7541/10000)
Train epoch: 473 | Loss: *0.203* | Acc: *93.156%* (46578/50000) 
Test epoch: 473 | Loss: *0.394* | Acc: *87.420%* (8742/10000)
Train epoch: 474 | Loss: *0.196* | Acc: *93.346%* (46673/50000) 
Test epoch: 474 | Loss: *0.766* | Acc: *79.950%* (7995/10000)
Train epoch: 475 | Loss: *0.195* | Acc: *93.454%* (46727/50000) 
Test epoch: 475 | Loss: *0.437* | Acc: *85.940%* (8594/10000)
Train epoch: 476 | Loss: *0.196* | Acc: *93.238%* (46619/50000) 
Test epoch: 476 | Loss: *0.423* | Acc: *86.710%* (8671/10000)
Train epoch: 477 | Loss: *0.191* | Acc: *93.326%* (46663/50000) 
Test epoch: 477 | Loss: *0.395* | Acc: *86.980%* (8698/10000)
Train epoch: 478 | Loss: *0.193* | Acc: *93.380%* (46690/50000) 
Test epoch: 478 | Loss: *0.347* | Acc: *88.680%* (8868/10000)
Train epoch: 479 | Loss: *0.190* | Acc: *93.510%* (46755/50000) 
Test epoch: 479 | Loss: *0.335* | Acc: *89.410%* (8941/10000)
Train epoch: 480 | Loss: *0.183* | Acc: *93.686%* (46843/50000) 
Test epoch: 480 | Loss: *0.510* | Acc: *84.150%* (8415/10000)
Train epoch: 481 | Loss: *0.185* | Acc: *93.628%* (46814/50000) 
Test epoch: 481 | Loss: *0.508* | Acc: *85.210%* (8521/10000)
Train epoch: 482 | Loss: *0.177* | Acc: *93.900%* (46950/50000) 
Test epoch: 482 | Loss: *0.368* | Acc: *88.570%* (8857/10000)
Train epoch: 483 | Loss: *0.180* | Acc: *93.862%* (46931/50000) 
Test epoch: 483 | Loss: *0.348* | Acc: *89.060%* (8906/10000)
Train epoch: 484 | Loss: *0.177* | Acc: *93.840%* (46920/50000) 
Test epoch: 484 | Loss: *0.370* | Acc: *87.850%* (8785/10000)
Train epoch: 485 | Loss: *0.177* | Acc: *94.018%* (47009/50000) 
Test epoch: 485 | Loss: *0.518* | Acc: *84.250%* (8425/10000)
Train epoch: 486 | Loss: *0.177* | Acc: *93.836%* (46918/50000) 
Test epoch: 486 | Loss: *0.438* | Acc: *86.770%* (8677/10000)
Train epoch: 487 | Loss: *0.173* | Acc: *94.076%* (47038/50000) 
Test epoch: 487 | Loss: *0.377* | Acc: *87.930%* (8793/10000)
Train epoch: 488 | Loss: *0.171* | Acc: *94.100%* (47050/50000) 
Test epoch: 488 | Loss: *0.351* | Acc: *88.860%* (8886/10000)
Train epoch: 489 | Loss: *0.168* | Acc: *94.302%* (47151/50000) 
Test epoch: 489 | Loss: *0.388* | Acc: *88.100%* (8810/10000)
Train epoch: 490 | Loss: *0.169* | Acc: *94.280%* (47140/50000) 
Test epoch: 490 | Loss: *0.409* | Acc: *87.750%* (8775/10000)
Train epoch: 491 | Loss: *0.168* | Acc: *94.254%* (47127/50000) 
Test epoch: 491 | Loss: *0.399* | Acc: *88.280%* (8828/10000)
Train epoch: 492 | Loss: *0.165* | Acc: *94.442%* (47221/50000) 
Test epoch: 492 | Loss: *0.565* | Acc: *85.050%* (8505/10000)
Train epoch: 493 | Loss: *0.163* | Acc: *94.420%* (47210/50000) 
Test epoch: 493 | Loss: *0.491* | Acc: *86.550%* (8655/10000)
Train epoch: 494 | Loss: *0.157* | Acc: *94.654%* (47327/50000) 
Test epoch: 494 | Loss: *0.379* | Acc: *88.510%* (8851/10000)
Train epoch: 495 | Loss: *0.158* | Acc: *94.532%* (47266/50000) 
Test epoch: 495 | Loss: *0.414* | Acc: *87.070%* (8707/10000)
Train epoch: 496 | Loss: *0.154* | Acc: *94.688%* (47344/50000) 
Test epoch: 496 | Loss: *0.447* | Acc: *86.630%* (8663/10000)
Train epoch: 497 | Loss: *0.156* | Acc: *94.688%* (47344/50000) 
Test epoch: 497 | Loss: *0.353* | Acc: *88.730%* (8873/10000)
Train epoch: 498 | Loss: *0.147* | Acc: *95.064%* (47532/50000) 
Test epoch: 498 | Loss: *0.418* | Acc: *87.510%* (8751/10000)
Train epoch: 499 | Loss: *0.150* | Acc: *94.812%* (47406/50000) 
Test epoch: 499 | Loss: *0.387* | Acc: *87.810%* (8781/10000)
Train epoch: 500 | Loss: *0.143* | Acc: *95.130%* (47565/50000) 
Test epoch: 500 | Loss: *0.389* | Acc: *88.040%* (8804/10000)
Best test accuracy: *94.890%*, loss: *0.18629186637699605*, at epoch: *182*.
==> Execution time summary of 500 epoch(s).
Train data loading time: sum. *268.32192130293697* secs | avg. *0.5366438426058739* secs per epoch.
Train training time: sum. *1494.6118264757097* secs | avg. *2.9892236529514196* secs per epoch.
Train total time: sum. *1762.9337477786466* secs | avg. *3.5258674955572933* secs per epoch.
Test data loading time: sum. *96.57363699283451* secs | avg. *0.19314727398566903* secs per epoch.
Test training time: sum. *100.59359340276569* secs | avg. *0.20118718680553138* secs per epoch.
Test total time: sum. *197.1672303956002* secs | avg. *0.3943344607912004* secs per epoch.
Total data loading time: sum. *364.8955582957715* secs | avg. *0.7297911165915429* secs per epoch.
Total training time: sum. *1595.2054198784754* secs | avg. *3.1904108397569506* secs per epoch.
Total running time: sum. *1960.1009781742468* secs | avg. *3.9202019563484938* secs per epoch.
==> Number of GPU device: 1
==> Device #0 Memory Usage
==> Allocated: 0.1 GB
==> Cached:    2.4 GB
==> Maximum: 2.4 GB
