Defaulting to user installation because normal site-packages is not writeable
Requirement already satisfied: Torch in ./.local/lib/python3.8/site-packages (1.10.2)
Requirement already satisfied: typing-extensions in ./.local/lib/python3.8/site-packages (from Torch) (4.1.1)
Defaulting to user installation because normal site-packages is not writeable
Requirement already satisfied: torchvision in ./.local/lib/python3.8/site-packages (0.11.3)
Requirement already satisfied: pillow!=8.3.0,>=5.3.0 in /share/apps/anaconda3/2020.07/lib/python3.8/site-packages (from torchvision) (7.2.0)
Requirement already satisfied: torch==1.10.2 in ./.local/lib/python3.8/site-packages (from torchvision) (1.10.2)
Requirement already satisfied: numpy in /share/apps/anaconda3/2020.07/lib/python3.8/site-packages (from torchvision) (1.18.5)
Requirement already satisfied: typing-extensions in ./.local/lib/python3.8/site-packages (from torch==1.10.2->torchvision) (4.1.1)
==> Running on : cuda
==> Number of CPU: 48
==> Number of workers: 2
==> #Epochs: 500, #Layers: 3, #Blocks: [5, 2, 1], In channel: 64, Input layer conv kernel: 5x5, Residual layer conv kernel 5x5, Skip kernel: 1x1, Input layer conv padding: 2, Residual layer conv padding: 2
==> Optimizer is Adadelta
==> Learning rate: 1.0
==> Weight decay: 0.0005
==>Trainable Parameters: 4967754
==>Other Parameters: 0
==>Augmentation: RandomCrop(32, padding=4), RandomHorizontalFlip(), Normalize((0.4914, 0.4822, 0.4465), (0.2023, 0.1994, 0.2010)
Files already downloaded and verified
Train epoch: 1 | Loss: *1.702* | Acc: *35.986%* (17993/50000) 
Test epoch: 1 | Loss: *1.626* | Acc: *43.150%* (4315/10000)
Train epoch: 2 | Loss: *1.245* | Acc: *54.588%* (27294/50000) 
Test epoch: 2 | Loss: *1.370* | Acc: *53.370%* (5337/10000)
Train epoch: 3 | Loss: *0.990* | Acc: *64.540%* (32270/50000) 
Test epoch: 3 | Loss: *1.344* | Acc: *57.270%* (5727/10000)
Train epoch: 4 | Loss: *0.820* | Acc: *71.266%* (35633/50000) 
Test epoch: 4 | Loss: *2.289* | Acc: *46.900%* (4690/10000)
Train epoch: 5 | Loss: *0.705* | Acc: *75.304%* (37652/50000) 
Test epoch: 5 | Loss: *0.927* | Acc: *69.980%* (6998/10000)
Train epoch: 6 | Loss: *0.622* | Acc: *78.416%* (39208/50000) 
Test epoch: 6 | Loss: *0.901* | Acc: *70.890%* (7089/10000)
Train epoch: 7 | Loss: *0.558* | Acc: *80.794%* (40397/50000) 
Test epoch: 7 | Loss: *1.381* | Acc: *64.300%* (6430/10000)
Train epoch: 8 | Loss: *0.509* | Acc: *82.402%* (41201/50000) 
Test epoch: 8 | Loss: *0.744* | Acc: *76.570%* (7657/10000)
Train epoch: 9 | Loss: *0.472* | Acc: *83.826%* (41913/50000) 
Test epoch: 9 | Loss: *1.020* | Acc: *70.360%* (7036/10000)
Train epoch: 10 | Loss: *0.439* | Acc: *84.960%* (42480/50000) 
Test epoch: 10 | Loss: *0.941* | Acc: *71.120%* (7112/10000)
Train epoch: 11 | Loss: *0.412* | Acc: *85.884%* (42942/50000) 
Test epoch: 11 | Loss: *0.834* | Acc: *74.550%* (7455/10000)
Train epoch: 12 | Loss: *0.393* | Acc: *86.528%* (43264/50000) 
Test epoch: 12 | Loss: *0.807* | Acc: *75.880%* (7588/10000)
Train epoch: 13 | Loss: *0.377* | Acc: *87.048%* (43524/50000) 
Test epoch: 13 | Loss: *0.707* | Acc: *78.860%* (7886/10000)
Train epoch: 14 | Loss: *0.363* | Acc: *87.480%* (43740/50000) 
Test epoch: 14 | Loss: *1.276* | Acc: *67.280%* (6728/10000)
Train epoch: 15 | Loss: *0.350* | Acc: *88.046%* (44023/50000) 
Test epoch: 15 | Loss: *0.822* | Acc: *74.420%* (7442/10000)
Train epoch: 16 | Loss: *0.339* | Acc: *88.424%* (44212/50000) 
Test epoch: 16 | Loss: *0.492* | Acc: *83.710%* (8371/10000)
Train epoch: 17 | Loss: *0.323* | Acc: *88.952%* (44476/50000) 
Test epoch: 17 | Loss: *0.616* | Acc: *79.680%* (7968/10000)
Train epoch: 18 | Loss: *0.319* | Acc: *89.024%* (44512/50000) 
Test epoch: 18 | Loss: *1.020* | Acc: *70.890%* (7089/10000)
Train epoch: 19 | Loss: *0.311* | Acc: *89.428%* (44714/50000) 
Test epoch: 19 | Loss: *0.715* | Acc: *78.440%* (7844/10000)
Train epoch: 20 | Loss: *0.303* | Acc: *89.634%* (44817/50000) 
Test epoch: 20 | Loss: *1.282* | Acc: *67.500%* (6750/10000)
Train epoch: 21 | Loss: *0.297* | Acc: *89.608%* (44804/50000) 
Test epoch: 21 | Loss: *0.425* | Acc: *85.750%* (8575/10000)
Train epoch: 22 | Loss: *0.289* | Acc: *90.108%* (45054/50000) 
Test epoch: 22 | Loss: *0.756* | Acc: *79.050%* (7905/10000)
Train epoch: 23 | Loss: *0.284* | Acc: *90.162%* (45081/50000) 
Test epoch: 23 | Loss: *0.811* | Acc: *76.580%* (7658/10000)
Train epoch: 24 | Loss: *0.281* | Acc: *90.332%* (45166/50000) 
Test epoch: 24 | Loss: *0.655* | Acc: *80.400%* (8040/10000)
Train epoch: 25 | Loss: *0.272* | Acc: *90.702%* (45351/50000) 
Test epoch: 25 | Loss: *0.746* | Acc: *79.110%* (7911/10000)
Train epoch: 26 | Loss: *0.273* | Acc: *90.554%* (45277/50000) 
Test epoch: 26 | Loss: *0.475* | Acc: *84.600%* (8460/10000)
Train epoch: 27 | Loss: *0.266* | Acc: *90.892%* (45446/50000) 
Test epoch: 27 | Loss: *0.701* | Acc: *78.350%* (7835/10000)
Train epoch: 28 | Loss: *0.259* | Acc: *91.144%* (45572/50000) 
Test epoch: 28 | Loss: *0.677* | Acc: *80.220%* (8022/10000)
Train epoch: 29 | Loss: *0.260* | Acc: *91.028%* (45514/50000) 
Test epoch: 29 | Loss: *0.423* | Acc: *86.410%* (8641/10000)
Train epoch: 30 | Loss: *0.256* | Acc: *91.158%* (45579/50000) 
Test epoch: 30 | Loss: *0.474* | Acc: *84.560%* (8456/10000)
Train epoch: 31 | Loss: *0.249* | Acc: *91.500%* (45750/50000) 
Test epoch: 31 | Loss: *0.724* | Acc: *79.250%* (7925/10000)
Train epoch: 32 | Loss: *0.248* | Acc: *91.534%* (45767/50000) 
Test epoch: 32 | Loss: *0.415* | Acc: *86.430%* (8643/10000)
Train epoch: 33 | Loss: *0.244* | Acc: *91.630%* (45815/50000) 
Test epoch: 33 | Loss: *0.847* | Acc: *76.720%* (7672/10000)
Train epoch: 34 | Loss: *0.244* | Acc: *91.522%* (45761/50000) 
Test epoch: 34 | Loss: *0.535* | Acc: *83.220%* (8322/10000)
Train epoch: 35 | Loss: *0.241* | Acc: *91.744%* (45872/50000) 
Test epoch: 35 | Loss: *0.758* | Acc: *78.490%* (7849/10000)
Train epoch: 36 | Loss: *0.236* | Acc: *91.836%* (45918/50000) 
Test epoch: 36 | Loss: *0.532* | Acc: *84.550%* (8455/10000)
Train epoch: 37 | Loss: *0.235* | Acc: *92.004%* (46002/50000) 
Test epoch: 37 | Loss: *0.710* | Acc: *78.260%* (7826/10000)
Train epoch: 38 | Loss: *0.231* | Acc: *92.186%* (46093/50000) 
Test epoch: 38 | Loss: *0.633* | Acc: *81.610%* (8161/10000)
Train epoch: 39 | Loss: *0.233* | Acc: *92.050%* (46025/50000) 
Test epoch: 39 | Loss: *0.378* | Acc: *88.420%* (8842/10000)
Train epoch: 40 | Loss: *0.232* | Acc: *91.920%* (45960/50000) 
Test epoch: 40 | Loss: *0.727* | Acc: *78.860%* (7886/10000)
Train epoch: 41 | Loss: *0.225* | Acc: *92.198%* (46099/50000) 
Test epoch: 41 | Loss: *0.400* | Acc: *87.730%* (8773/10000)
Train epoch: 42 | Loss: *0.228* | Acc: *92.250%* (46125/50000) 
Test epoch: 42 | Loss: *0.482* | Acc: *85.000%* (8500/10000)
Train epoch: 43 | Loss: *0.223* | Acc: *92.294%* (46147/50000) 
Test epoch: 43 | Loss: *0.498* | Acc: *84.860%* (8486/10000)
Train epoch: 44 | Loss: *0.219* | Acc: *92.454%* (46227/50000) 
Test epoch: 44 | Loss: *0.482* | Acc: *84.210%* (8421/10000)
Train epoch: 45 | Loss: *0.216* | Acc: *92.594%* (46297/50000) 
Test epoch: 45 | Loss: *0.473* | Acc: *85.800%* (8580/10000)
Train epoch: 46 | Loss: *0.214* | Acc: *92.686%* (46343/50000) 
Test epoch: 46 | Loss: *0.531* | Acc: *83.870%* (8387/10000)
Train epoch: 47 | Loss: *0.212* | Acc: *92.698%* (46349/50000) 
Test epoch: 47 | Loss: *0.583* | Acc: *83.800%* (8380/10000)
Train epoch: 48 | Loss: *0.214* | Acc: *92.624%* (46312/50000) 
Test epoch: 48 | Loss: *0.513* | Acc: *84.770%* (8477/10000)
Train epoch: 49 | Loss: *0.209* | Acc: *92.750%* (46375/50000) 
Test epoch: 49 | Loss: *0.635* | Acc: *82.620%* (8262/10000)
Train epoch: 50 | Loss: *0.207* | Acc: *92.860%* (46430/50000) 
Test epoch: 50 | Loss: *1.289* | Acc: *68.870%* (6887/10000)
Train epoch: 51 | Loss: *0.210* | Acc: *92.824%* (46412/50000) 
Test epoch: 51 | Loss: *0.544* | Acc: *83.780%* (8378/10000)
Train epoch: 52 | Loss: *0.207* | Acc: *93.002%* (46501/50000) 
Test epoch: 52 | Loss: *0.777* | Acc: *78.400%* (7840/10000)
Train epoch: 53 | Loss: *0.198* | Acc: *93.210%* (46605/50000) 
Test epoch: 53 | Loss: *0.483* | Acc: *84.640%* (8464/10000)
Train epoch: 54 | Loss: *0.198* | Acc: *93.236%* (46618/50000) 
Test epoch: 54 | Loss: *0.621* | Acc: *82.720%* (8272/10000)
Train epoch: 55 | Loss: *0.198* | Acc: *93.230%* (46615/50000) 
Test epoch: 55 | Loss: *0.731* | Acc: *80.460%* (8046/10000)
Train epoch: 56 | Loss: *0.194* | Acc: *93.332%* (46666/50000) 
Test epoch: 56 | Loss: *0.456* | Acc: *85.970%* (8597/10000)
Train epoch: 57 | Loss: *0.191* | Acc: *93.404%* (46702/50000) 
Test epoch: 57 | Loss: *0.587* | Acc: *82.750%* (8275/10000)
Train epoch: 58 | Loss: *0.197* | Acc: *93.350%* (46675/50000) 
Test epoch: 58 | Loss: *0.692* | Acc: *81.430%* (8143/10000)
Train epoch: 59 | Loss: *0.193* | Acc: *93.448%* (46724/50000) 
Test epoch: 59 | Loss: *0.446* | Acc: *85.900%* (8590/10000)
Train epoch: 60 | Loss: *0.187* | Acc: *93.572%* (46786/50000) 
Test epoch: 60 | Loss: *0.433* | Acc: *87.080%* (8708/10000)
Train epoch: 61 | Loss: *0.187* | Acc: *93.606%* (46803/50000) 
Test epoch: 61 | Loss: *0.339* | Acc: *88.850%* (8885/10000)
Train epoch: 62 | Loss: *0.185* | Acc: *93.614%* (46807/50000) 
Test epoch: 62 | Loss: *0.357* | Acc: *89.210%* (8921/10000)
Train epoch: 63 | Loss: *0.182* | Acc: *93.768%* (46884/50000) 
Test epoch: 63 | Loss: *0.442* | Acc: *87.190%* (8719/10000)
Train epoch: 64 | Loss: *0.182* | Acc: *93.790%* (46895/50000) 
Test epoch: 64 | Loss: *0.485* | Acc: *85.610%* (8561/10000)
Train epoch: 65 | Loss: *0.181* | Acc: *93.796%* (46898/50000) 
Test epoch: 65 | Loss: *0.479* | Acc: *85.960%* (8596/10000)
Train epoch: 66 | Loss: *0.179* | Acc: *93.908%* (46954/50000) 
Test epoch: 66 | Loss: *0.570* | Acc: *83.340%* (8334/10000)
Train epoch: 67 | Loss: *0.177* | Acc: *93.924%* (46962/50000) 
Test epoch: 67 | Loss: *0.516* | Acc: *84.850%* (8485/10000)
Train epoch: 68 | Loss: *0.172* | Acc: *94.142%* (47071/50000) 
Test epoch: 68 | Loss: *0.509* | Acc: *84.600%* (8460/10000)
Train epoch: 69 | Loss: *0.173* | Acc: *94.106%* (47053/50000) 
Test epoch: 69 | Loss: *0.576* | Acc: *83.930%* (8393/10000)
Train epoch: 70 | Loss: *0.170* | Acc: *94.252%* (47126/50000) 
Test epoch: 70 | Loss: *0.483* | Acc: *86.070%* (8607/10000)
Train epoch: 71 | Loss: *0.166* | Acc: *94.240%* (47120/50000) 
Test epoch: 71 | Loss: *0.406* | Acc: *87.710%* (8771/10000)
Train epoch: 72 | Loss: *0.165* | Acc: *94.354%* (47177/50000) 
Test epoch: 72 | Loss: *0.744* | Acc: *79.300%* (7930/10000)
Train epoch: 73 | Loss: *0.162* | Acc: *94.362%* (47181/50000) 
Test epoch: 73 | Loss: *0.366* | Acc: *88.440%* (8844/10000)
Train epoch: 74 | Loss: *0.160* | Acc: *94.490%* (47245/50000) 
Test epoch: 74 | Loss: *0.447* | Acc: *86.990%* (8699/10000)
Train epoch: 75 | Loss: *0.162* | Acc: *94.404%* (47202/50000) 
Test epoch: 75 | Loss: *0.545* | Acc: *84.740%* (8474/10000)
Train epoch: 76 | Loss: *0.157* | Acc: *94.684%* (47342/50000) 
Test epoch: 76 | Loss: *0.533* | Acc: *85.650%* (8565/10000)
Train epoch: 77 | Loss: *0.161* | Acc: *94.424%* (47212/50000) 
Test epoch: 77 | Loss: *0.484* | Acc: *85.290%* (8529/10000)
Train epoch: 78 | Loss: *0.154* | Acc: *94.768%* (47384/50000) 
Test epoch: 78 | Loss: *0.358* | Acc: *88.800%* (8880/10000)
Train epoch: 79 | Loss: *0.155* | Acc: *94.700%* (47350/50000) 
Test epoch: 79 | Loss: *0.519* | Acc: *85.080%* (8508/10000)
Train epoch: 80 | Loss: *0.152* | Acc: *94.808%* (47404/50000) 
Test epoch: 80 | Loss: *0.879* | Acc: *78.980%* (7898/10000)
Train epoch: 81 | Loss: *0.146* | Acc: *95.024%* (47512/50000) 
Test epoch: 81 | Loss: *0.723* | Acc: *80.800%* (8080/10000)
Train epoch: 82 | Loss: *0.148* | Acc: *94.922%* (47461/50000) 
Test epoch: 82 | Loss: *0.453* | Acc: *86.980%* (8698/10000)
Train epoch: 83 | Loss: *0.146* | Acc: *94.962%* (47481/50000) 
Test epoch: 83 | Loss: *0.404* | Acc: *87.900%* (8790/10000)
Train epoch: 84 | Loss: *0.141* | Acc: *95.282%* (47641/50000) 
Test epoch: 84 | Loss: *0.621* | Acc: *83.860%* (8386/10000)
Train epoch: 85 | Loss: *0.142* | Acc: *95.224%* (47612/50000) 
Test epoch: 85 | Loss: *0.392* | Acc: *88.720%* (8872/10000)
Train epoch: 86 | Loss: *0.138* | Acc: *95.282%* (47641/50000) 
Test epoch: 86 | Loss: *0.404* | Acc: *88.190%* (8819/10000)
Train epoch: 87 | Loss: *0.137* | Acc: *95.250%* (47625/50000) 
Test epoch: 87 | Loss: *0.434* | Acc: *87.210%* (8721/10000)
Train epoch: 88 | Loss: *0.131* | Acc: *95.514%* (47757/50000) 
Test epoch: 88 | Loss: *0.434* | Acc: *87.490%* (8749/10000)
Train epoch: 89 | Loss: *0.135* | Acc: *95.356%* (47678/50000) 
Test epoch: 89 | Loss: *0.563* | Acc: *84.150%* (8415/10000)
Train epoch: 90 | Loss: *0.132* | Acc: *95.592%* (47796/50000) 
Test epoch: 90 | Loss: *0.376* | Acc: *88.850%* (8885/10000)
Train epoch: 91 | Loss: *0.128* | Acc: *95.614%* (47807/50000) 
Test epoch: 91 | Loss: *0.354* | Acc: *89.600%* (8960/10000)
Train epoch: 92 | Loss: *0.126* | Acc: *95.714%* (47857/50000) 
Test epoch: 92 | Loss: *0.456* | Acc: *87.540%* (8754/10000)
Train epoch: 93 | Loss: *0.124* | Acc: *95.754%* (47877/50000) 
Test epoch: 93 | Loss: *0.375* | Acc: *89.160%* (8916/10000)
Train epoch: 94 | Loss: *0.121* | Acc: *95.852%* (47926/50000) 
Test epoch: 94 | Loss: *0.428* | Acc: *87.610%* (8761/10000)
Train epoch: 95 | Loss: *0.118* | Acc: *96.026%* (48013/50000) 
Test epoch: 95 | Loss: *0.471* | Acc: *86.800%* (8680/10000)
Train epoch: 96 | Loss: *0.122* | Acc: *95.862%* (47931/50000) 
Test epoch: 96 | Loss: *0.470* | Acc: *87.120%* (8712/10000)
Train epoch: 97 | Loss: *0.118* | Acc: *95.980%* (47990/50000) 
Test epoch: 97 | Loss: *0.493* | Acc: *85.740%* (8574/10000)
Train epoch: 98 | Loss: *0.115* | Acc: *96.080%* (48040/50000) 
Test epoch: 98 | Loss: *0.384* | Acc: *89.330%* (8933/10000)
Train epoch: 99 | Loss: *0.112* | Acc: *96.222%* (48111/50000) 
Test epoch: 99 | Loss: *0.655* | Acc: *83.420%* (8342/10000)
Train epoch: 100 | Loss: *0.108* | Acc: *96.348%* (48174/50000) 
Test epoch: 100 | Loss: *0.350* | Acc: *89.750%* (8975/10000)
Train epoch: 101 | Loss: *0.102* | Acc: *96.556%* (48278/50000) 
Test epoch: 101 | Loss: *0.519* | Acc: *86.390%* (8639/10000)
Train epoch: 102 | Loss: *0.104* | Acc: *96.490%* (48245/50000) 
Test epoch: 102 | Loss: *0.343* | Acc: *90.300%* (9030/10000)
Train epoch: 103 | Loss: *0.104* | Acc: *96.526%* (48263/50000) 
Test epoch: 103 | Loss: *0.392* | Acc: *88.680%* (8868/10000)
Train epoch: 104 | Loss: *0.103* | Acc: *96.590%* (48295/50000) 
Test epoch: 104 | Loss: *0.498* | Acc: *87.800%* (8780/10000)
Train epoch: 105 | Loss: *0.099* | Acc: *96.628%* (48314/50000) 
Test epoch: 105 | Loss: *0.509* | Acc: *86.440%* (8644/10000)
Train epoch: 106 | Loss: *0.096* | Acc: *96.780%* (48390/50000) 
Test epoch: 106 | Loss: *0.364* | Acc: *90.040%* (9004/10000)
Train epoch: 107 | Loss: *0.097* | Acc: *96.754%* (48377/50000) 
Test epoch: 107 | Loss: *0.390* | Acc: *89.180%* (8918/10000)
Train epoch: 108 | Loss: *0.093* | Acc: *96.868%* (48434/50000) 
Test epoch: 108 | Loss: *0.347* | Acc: *89.780%* (8978/10000)
Train epoch: 109 | Loss: *0.090* | Acc: *96.960%* (48480/50000) 
Test epoch: 109 | Loss: *0.371* | Acc: *89.540%* (8954/10000)
Train epoch: 110 | Loss: *0.088* | Acc: *97.118%* (48559/50000) 
Test epoch: 110 | Loss: *0.432* | Acc: *88.200%* (8820/10000)
Train epoch: 111 | Loss: *0.086* | Acc: *97.102%* (48551/50000) 
Test epoch: 111 | Loss: *0.470* | Acc: *87.530%* (8753/10000)
Train epoch: 112 | Loss: *0.085* | Acc: *97.140%* (48570/50000) 
Test epoch: 112 | Loss: *0.450* | Acc: *87.650%* (8765/10000)
Train epoch: 113 | Loss: *0.084* | Acc: *97.182%* (48591/50000) 
Test epoch: 113 | Loss: *0.349* | Acc: *90.250%* (9025/10000)
Train epoch: 114 | Loss: *0.080* | Acc: *97.376%* (48688/50000) 
Test epoch: 114 | Loss: *0.402* | Acc: *89.200%* (8920/10000)
Train epoch: 115 | Loss: *0.075* | Acc: *97.550%* (48775/50000) 
Test epoch: 115 | Loss: *0.372* | Acc: *89.740%* (8974/10000)
Train epoch: 116 | Loss: *0.076* | Acc: *97.490%* (48745/50000) 
Test epoch: 116 | Loss: *0.423* | Acc: *88.920%* (8892/10000)
Train epoch: 117 | Loss: *0.076* | Acc: *97.476%* (48738/50000) 
Test epoch: 117 | Loss: *0.343* | Acc: *90.270%* (9027/10000)
Train epoch: 118 | Loss: *0.070* | Acc: *97.688%* (48844/50000) 
Test epoch: 118 | Loss: *0.366* | Acc: *90.180%* (9018/10000)
Train epoch: 119 | Loss: *0.071* | Acc: *97.564%* (48782/50000) 
Test epoch: 119 | Loss: *0.378* | Acc: *89.520%* (8952/10000)
Train epoch: 120 | Loss: *0.068* | Acc: *97.720%* (48860/50000) 
Test epoch: 120 | Loss: *0.352* | Acc: *90.400%* (9040/10000)
Train epoch: 121 | Loss: *0.066* | Acc: *97.802%* (48901/50000) 
Test epoch: 121 | Loss: *0.439* | Acc: *88.410%* (8841/10000)
Train epoch: 122 | Loss: *0.063* | Acc: *97.850%* (48925/50000) 
Test epoch: 122 | Loss: *0.336* | Acc: *90.660%* (9066/10000)
Train epoch: 123 | Loss: *0.061* | Acc: *97.948%* (48974/50000) 
Test epoch: 123 | Loss: *0.366* | Acc: *90.080%* (9008/10000)
Train epoch: 124 | Loss: *0.058* | Acc: *98.080%* (49040/50000) 
Test epoch: 124 | Loss: *0.304* | Acc: *92.060%* (9206/10000)
Train epoch: 125 | Loss: *0.059* | Acc: *98.132%* (49066/50000) 
Test epoch: 125 | Loss: *0.391* | Acc: *89.840%* (8984/10000)
Train epoch: 126 | Loss: *0.058* | Acc: *98.116%* (49058/50000) 
Test epoch: 126 | Loss: *0.385* | Acc: *90.330%* (9033/10000)
Train epoch: 127 | Loss: *0.051* | Acc: *98.400%* (49200/50000) 
Test epoch: 127 | Loss: *0.368* | Acc: *90.030%* (9003/10000)
Train epoch: 128 | Loss: *0.047* | Acc: *98.492%* (49246/50000) 
Test epoch: 128 | Loss: *0.338* | Acc: *90.870%* (9087/10000)
Train epoch: 129 | Loss: *0.048* | Acc: *98.420%* (49210/50000) 
Test epoch: 129 | Loss: *0.424* | Acc: *89.120%* (8912/10000)
Train epoch: 130 | Loss: *0.049* | Acc: *98.448%* (49224/50000) 
Test epoch: 130 | Loss: *0.357* | Acc: *90.650%* (9065/10000)
Train epoch: 131 | Loss: *0.049* | Acc: *98.370%* (49185/50000) 
Test epoch: 131 | Loss: *0.331* | Acc: *91.220%* (9122/10000)
Train epoch: 132 | Loss: *0.042* | Acc: *98.672%* (49336/50000) 
Test epoch: 132 | Loss: *0.380* | Acc: *90.340%* (9034/10000)
Train epoch: 133 | Loss: *0.042* | Acc: *98.700%* (49350/50000) 
Test epoch: 133 | Loss: *0.368* | Acc: *90.540%* (9054/10000)
Train epoch: 134 | Loss: *0.039* | Acc: *98.778%* (49389/50000) 
Test epoch: 134 | Loss: *0.391* | Acc: *90.440%* (9044/10000)
Train epoch: 135 | Loss: *0.040* | Acc: *98.708%* (49354/50000) 
Test epoch: 135 | Loss: *0.325* | Acc: *91.680%* (9168/10000)
Train epoch: 136 | Loss: *0.039* | Acc: *98.810%* (49405/50000) 
Test epoch: 136 | Loss: *0.329* | Acc: *91.750%* (9175/10000)
Train epoch: 137 | Loss: *0.035* | Acc: *98.906%* (49453/50000) 
Test epoch: 137 | Loss: *0.300* | Acc: *92.110%* (9211/10000)
Train epoch: 138 | Loss: *0.033* | Acc: *98.976%* (49488/50000) 
Test epoch: 138 | Loss: *0.314* | Acc: *92.130%* (9213/10000)
Train epoch: 139 | Loss: *0.031* | Acc: *99.058%* (49529/50000) 
Test epoch: 139 | Loss: *0.300* | Acc: *92.050%* (9205/10000)
Train epoch: 140 | Loss: *0.028* | Acc: *99.150%* (49575/50000) 
Test epoch: 140 | Loss: *0.270* | Acc: *92.690%* (9269/10000)
Train epoch: 141 | Loss: *0.028* | Acc: *99.172%* (49586/50000) 
Test epoch: 141 | Loss: *0.318* | Acc: *91.960%* (9196/10000)
Train epoch: 142 | Loss: *0.025* | Acc: *99.248%* (49624/50000) 
Test epoch: 142 | Loss: *0.373* | Acc: *90.740%* (9074/10000)
Train epoch: 143 | Loss: *0.024* | Acc: *99.320%* (49660/50000) 
Test epoch: 143 | Loss: *0.318* | Acc: *91.930%* (9193/10000)
Train epoch: 144 | Loss: *0.019* | Acc: *99.514%* (49757/50000) 
Test epoch: 144 | Loss: *0.303* | Acc: *92.350%* (9235/10000)
Train epoch: 145 | Loss: *0.020* | Acc: *99.422%* (49711/50000) 
Test epoch: 145 | Loss: *0.323* | Acc: *92.090%* (9209/10000)
Train epoch: 146 | Loss: *0.019* | Acc: *99.456%* (49728/50000) 
Test epoch: 146 | Loss: *0.314* | Acc: *92.190%* (9219/10000)
Train epoch: 147 | Loss: *0.018* | Acc: *99.526%* (49763/50000) 
Test epoch: 147 | Loss: *0.300* | Acc: *92.660%* (9266/10000)
Train epoch: 148 | Loss: *0.014* | Acc: *99.658%* (49829/50000) 
Test epoch: 148 | Loss: *0.298* | Acc: *92.820%* (9282/10000)
Train epoch: 149 | Loss: *0.013* | Acc: *99.680%* (49840/50000) 
Test epoch: 149 | Loss: *0.282* | Acc: *93.070%* (9307/10000)
Train epoch: 150 | Loss: *0.013* | Acc: *99.682%* (49841/50000) 
Test epoch: 150 | Loss: *0.293* | Acc: *92.990%* (9299/10000)
Train epoch: 151 | Loss: *0.011* | Acc: *99.766%* (49883/50000) 
Test epoch: 151 | Loss: *0.315* | Acc: *92.440%* (9244/10000)
Train epoch: 152 | Loss: *0.012* | Acc: *99.708%* (49854/50000) 
Test epoch: 152 | Loss: *0.298* | Acc: *92.620%* (9262/10000)
Train epoch: 153 | Loss: *0.010* | Acc: *99.776%* (49888/50000) 
Test epoch: 153 | Loss: *0.269* | Acc: *93.280%* (9328/10000)
Train epoch: 154 | Loss: *0.008* | Acc: *99.846%* (49923/50000) 
Test epoch: 154 | Loss: *0.247* | Acc: *93.770%* (9377/10000)
Train epoch: 155 | Loss: *0.007* | Acc: *99.864%* (49932/50000) 
Test epoch: 155 | Loss: *0.257* | Acc: *93.630%* (9363/10000)
Train epoch: 156 | Loss: *0.007* | Acc: *99.880%* (49940/50000) 
Test epoch: 156 | Loss: *0.253* | Acc: *93.750%* (9375/10000)
Train epoch: 157 | Loss: *0.006* | Acc: *99.926%* (49963/50000) 
Test epoch: 157 | Loss: *0.266* | Acc: *93.540%* (9354/10000)
Train epoch: 158 | Loss: *0.005* | Acc: *99.928%* (49964/50000) 
Test epoch: 158 | Loss: *0.243* | Acc: *93.890%* (9389/10000)
Train epoch: 159 | Loss: *0.005* | Acc: *99.932%* (49966/50000) 
Test epoch: 159 | Loss: *0.245* | Acc: *93.870%* (9387/10000)
Train epoch: 160 | Loss: *0.004* | Acc: *99.972%* (49986/50000) 
Test epoch: 160 | Loss: *0.243* | Acc: *93.990%* (9399/10000)
Train epoch: 161 | Loss: *0.004* | Acc: *99.960%* (49980/50000) 
Test epoch: 161 | Loss: *0.239* | Acc: *94.220%* (9422/10000)
Train epoch: 162 | Loss: *0.003* | Acc: *99.982%* (49991/50000) 
Test epoch: 162 | Loss: *0.227* | Acc: *94.220%* (9422/10000)
Train epoch: 163 | Loss: *0.003* | Acc: *99.972%* (49986/50000) 
Test epoch: 163 | Loss: *0.240* | Acc: *94.040%* (9404/10000)
Train epoch: 164 | Loss: *0.003* | Acc: *99.980%* (49990/50000) 
Test epoch: 164 | Loss: *0.234* | Acc: *94.050%* (9405/10000)
Train epoch: 165 | Loss: *0.003* | Acc: *99.980%* (49990/50000) 
Test epoch: 165 | Loss: *0.237* | Acc: *93.980%* (9398/10000)
Train epoch: 166 | Loss: *0.003* | Acc: *99.992%* (49996/50000) 
Test epoch: 166 | Loss: *0.226* | Acc: *94.180%* (9418/10000)
Train epoch: 167 | Loss: *0.003* | Acc: *99.982%* (49991/50000) 
Test epoch: 167 | Loss: *0.219* | Acc: *94.480%* (9448/10000)
Train epoch: 168 | Loss: *0.002* | Acc: *99.990%* (49995/50000) 
Test epoch: 168 | Loss: *0.216* | Acc: *94.430%* (9443/10000)
Train epoch: 169 | Loss: *0.002* | Acc: *100.000%* (50000/50000) 
Test epoch: 169 | Loss: *0.218* | Acc: *94.300%* (9430/10000)
Train epoch: 170 | Loss: *0.002* | Acc: *99.998%* (49999/50000) 
Test epoch: 170 | Loss: *0.221* | Acc: *94.360%* (9436/10000)
Train epoch: 171 | Loss: *0.002* | Acc: *99.998%* (49999/50000) 
Test epoch: 171 | Loss: *0.217* | Acc: *94.370%* (9437/10000)
Train epoch: 172 | Loss: *0.002* | Acc: *99.996%* (49998/50000) 
Test epoch: 172 | Loss: *0.217* | Acc: *94.380%* (9438/10000)
Train epoch: 173 | Loss: *0.002* | Acc: *99.994%* (49997/50000) 
Test epoch: 173 | Loss: *0.220* | Acc: *94.260%* (9426/10000)
Train epoch: 174 | Loss: *0.002* | Acc: *99.998%* (49999/50000) 
Test epoch: 174 | Loss: *0.213* | Acc: *94.440%* (9444/10000)
Train epoch: 175 | Loss: *0.002* | Acc: *99.996%* (49998/50000) 
Test epoch: 175 | Loss: *0.214* | Acc: *94.520%* (9452/10000)
Train epoch: 176 | Loss: *0.002* | Acc: *99.998%* (49999/50000) 
Test epoch: 176 | Loss: *0.212* | Acc: *94.410%* (9441/10000)
Train epoch: 177 | Loss: *0.002* | Acc: *100.000%* (50000/50000) 
Test epoch: 177 | Loss: *0.215* | Acc: *94.410%* (9441/10000)
Train epoch: 178 | Loss: *0.002* | Acc: *99.998%* (49999/50000) 
Test epoch: 178 | Loss: *0.212* | Acc: *94.470%* (9447/10000)
Train epoch: 179 | Loss: *0.002* | Acc: *99.998%* (49999/50000) 
Test epoch: 179 | Loss: *0.214* | Acc: *94.340%* (9434/10000)
Train epoch: 180 | Loss: *0.002* | Acc: *99.996%* (49998/50000) 
Test epoch: 180 | Loss: *0.211* | Acc: *94.470%* (9447/10000)
Train epoch: 181 | Loss: *0.002* | Acc: *99.998%* (49999/50000) 
Test epoch: 181 | Loss: *0.212* | Acc: *94.480%* (9448/10000)
Train epoch: 182 | Loss: *0.002* | Acc: *99.994%* (49997/50000) 
Test epoch: 182 | Loss: *0.213* | Acc: *94.420%* (9442/10000)
Train epoch: 183 | Loss: *0.002* | Acc: *100.000%* (50000/50000) 
Test epoch: 183 | Loss: *0.212* | Acc: *94.380%* (9438/10000)
Train epoch: 184 | Loss: *0.002* | Acc: *100.000%* (50000/50000) 
Test epoch: 184 | Loss: *0.213* | Acc: *94.550%* (9455/10000)
Train epoch: 185 | Loss: *0.002* | Acc: *99.998%* (49999/50000) 
Test epoch: 185 | Loss: *0.213* | Acc: *94.390%* (9439/10000)
Train epoch: 186 | Loss: *0.002* | Acc: *99.998%* (49999/50000) 
Test epoch: 186 | Loss: *0.213* | Acc: *94.360%* (9436/10000)
Train epoch: 187 | Loss: *0.002* | Acc: *100.000%* (50000/50000) 
Test epoch: 187 | Loss: *0.211* | Acc: *94.460%* (9446/10000)
Train epoch: 188 | Loss: *0.002* | Acc: *100.000%* (50000/50000) 
Test epoch: 188 | Loss: *0.212* | Acc: *94.490%* (9449/10000)
Train epoch: 189 | Loss: *0.002* | Acc: *100.000%* (50000/50000) 
Test epoch: 189 | Loss: *0.213* | Acc: *94.510%* (9451/10000)
Train epoch: 190 | Loss: *0.002* | Acc: *100.000%* (50000/50000) 
Test epoch: 190 | Loss: *0.212* | Acc: *94.480%* (9448/10000)
Train epoch: 191 | Loss: *0.002* | Acc: *100.000%* (50000/50000) 
Test epoch: 191 | Loss: *0.212* | Acc: *94.460%* (9446/10000)
Train epoch: 192 | Loss: *0.002* | Acc: *100.000%* (50000/50000) 
Test epoch: 192 | Loss: *0.212* | Acc: *94.510%* (9451/10000)
Train epoch: 193 | Loss: *0.002* | Acc: *100.000%* (50000/50000) 
Test epoch: 193 | Loss: *0.213* | Acc: *94.460%* (9446/10000)
Train epoch: 194 | Loss: *0.002* | Acc: *100.000%* (50000/50000) 
Test epoch: 194 | Loss: *0.214* | Acc: *94.530%* (9453/10000)
Train epoch: 195 | Loss: *0.002* | Acc: *100.000%* (50000/50000) 
Test epoch: 195 | Loss: *0.211* | Acc: *94.480%* (9448/10000)
Train epoch: 196 | Loss: *0.002* | Acc: *100.000%* (50000/50000) 
Test epoch: 196 | Loss: *0.213* | Acc: *94.490%* (9449/10000)
Train epoch: 197 | Loss: *0.002* | Acc: *100.000%* (50000/50000) 
Test epoch: 197 | Loss: *0.212* | Acc: *94.500%* (9450/10000)
Train epoch: 198 | Loss: *0.002* | Acc: *100.000%* (50000/50000) 
Test epoch: 198 | Loss: *0.211* | Acc: *94.420%* (9442/10000)
Train epoch: 199 | Loss: *0.002* | Acc: *99.998%* (49999/50000) 
Test epoch: 199 | Loss: *0.214* | Acc: *94.380%* (9438/10000)
Train epoch: 200 | Loss: *0.002* | Acc: *100.000%* (50000/50000) 
Test epoch: 200 | Loss: *0.213* | Acc: *94.540%* (9454/10000)
Train epoch: 201 | Loss: *0.002* | Acc: *100.000%* (50000/50000) 
Test epoch: 201 | Loss: *0.212* | Acc: *94.470%* (9447/10000)
Train epoch: 202 | Loss: *0.002* | Acc: *99.998%* (49999/50000) 
Test epoch: 202 | Loss: *0.211* | Acc: *94.460%* (9446/10000)
Train epoch: 203 | Loss: *0.002* | Acc: *100.000%* (50000/50000) 
Test epoch: 203 | Loss: *0.213* | Acc: *94.470%* (9447/10000)
Train epoch: 204 | Loss: *0.002* | Acc: *99.998%* (49999/50000) 
Test epoch: 204 | Loss: *0.213* | Acc: *94.450%* (9445/10000)
Train epoch: 205 | Loss: *0.002* | Acc: *100.000%* (50000/50000) 
Test epoch: 205 | Loss: *0.211* | Acc: *94.490%* (9449/10000)
Train epoch: 206 | Loss: *0.002* | Acc: *99.996%* (49998/50000) 
Test epoch: 206 | Loss: *0.213* | Acc: *94.480%* (9448/10000)
Train epoch: 207 | Loss: *0.002* | Acc: *99.996%* (49998/50000) 
Test epoch: 207 | Loss: *0.212* | Acc: *94.470%* (9447/10000)
Train epoch: 208 | Loss: *0.002* | Acc: *100.000%* (50000/50000) 
Test epoch: 208 | Loss: *0.212* | Acc: *94.470%* (9447/10000)
Train epoch: 209 | Loss: *0.002* | Acc: *100.000%* (50000/50000) 
Test epoch: 209 | Loss: *0.210* | Acc: *94.480%* (9448/10000)
Train epoch: 210 | Loss: *0.002* | Acc: *100.000%* (50000/50000) 
Test epoch: 210 | Loss: *0.213* | Acc: *94.560%* (9456/10000)
Train epoch: 211 | Loss: *0.002* | Acc: *99.998%* (49999/50000) 
Test epoch: 211 | Loss: *0.212* | Acc: *94.550%* (9455/10000)
Train epoch: 212 | Loss: *0.002* | Acc: *100.000%* (50000/50000) 
Test epoch: 212 | Loss: *0.210* | Acc: *94.550%* (9455/10000)
Train epoch: 213 | Loss: *0.002* | Acc: *100.000%* (50000/50000) 
Test epoch: 213 | Loss: *0.214* | Acc: *94.370%* (9437/10000)
Train epoch: 214 | Loss: *0.002* | Acc: *100.000%* (50000/50000) 
Test epoch: 214 | Loss: *0.214* | Acc: *94.380%* (9438/10000)
Train epoch: 215 | Loss: *0.002* | Acc: *100.000%* (50000/50000) 
Test epoch: 215 | Loss: *0.213* | Acc: *94.450%* (9445/10000)
Train epoch: 216 | Loss: *0.002* | Acc: *100.000%* (50000/50000) 
Test epoch: 216 | Loss: *0.212* | Acc: *94.320%* (9432/10000)
Train epoch: 217 | Loss: *0.002* | Acc: *100.000%* (50000/50000) 
Test epoch: 217 | Loss: *0.213* | Acc: *94.470%* (9447/10000)
Train epoch: 218 | Loss: *0.002* | Acc: *99.998%* (49999/50000) 
Test epoch: 218 | Loss: *0.213* | Acc: *94.460%* (9446/10000)
Train epoch: 219 | Loss: *0.002* | Acc: *100.000%* (50000/50000) 
Test epoch: 219 | Loss: *0.212* | Acc: *94.380%* (9438/10000)
Train epoch: 220 | Loss: *0.002* | Acc: *100.000%* (50000/50000) 
Test epoch: 220 | Loss: *0.212* | Acc: *94.580%* (9458/10000)
Train epoch: 221 | Loss: *0.002* | Acc: *100.000%* (50000/50000) 
Test epoch: 221 | Loss: *0.212* | Acc: *94.510%* (9451/10000)
Train epoch: 222 | Loss: *0.002* | Acc: *99.998%* (49999/50000) 
Test epoch: 222 | Loss: *0.211* | Acc: *94.520%* (9452/10000)
Train epoch: 223 | Loss: *0.002* | Acc: *100.000%* (50000/50000) 
Test epoch: 223 | Loss: *0.211* | Acc: *94.480%* (9448/10000)
Train epoch: 224 | Loss: *0.002* | Acc: *100.000%* (50000/50000) 
Test epoch: 224 | Loss: *0.211* | Acc: *94.480%* (9448/10000)
Train epoch: 225 | Loss: *0.002* | Acc: *100.000%* (50000/50000) 
Test epoch: 225 | Loss: *0.212* | Acc: *94.500%* (9450/10000)
Train epoch: 226 | Loss: *0.002* | Acc: *100.000%* (50000/50000) 
Test epoch: 226 | Loss: *0.211* | Acc: *94.500%* (9450/10000)
Train epoch: 227 | Loss: *0.002* | Acc: *100.000%* (50000/50000) 
Test epoch: 227 | Loss: *0.212* | Acc: *94.510%* (9451/10000)
Train epoch: 228 | Loss: *0.002* | Acc: *99.996%* (49998/50000) 
Test epoch: 228 | Loss: *0.216* | Acc: *94.530%* (9453/10000)
Train epoch: 229 | Loss: *0.002* | Acc: *99.998%* (49999/50000) 
Test epoch: 229 | Loss: *0.217* | Acc: *94.440%* (9444/10000)
Train epoch: 230 | Loss: *0.002* | Acc: *99.996%* (49998/50000) 
Test epoch: 230 | Loss: *0.214* | Acc: *94.510%* (9451/10000)
Train epoch: 231 | Loss: *0.002* | Acc: *99.996%* (49998/50000) 
Test epoch: 231 | Loss: *0.219* | Acc: *94.340%* (9434/10000)
Train epoch: 232 | Loss: *0.002* | Acc: *100.000%* (50000/50000) 
Test epoch: 232 | Loss: *0.218* | Acc: *94.440%* (9444/10000)
Train epoch: 233 | Loss: *0.002* | Acc: *100.000%* (50000/50000) 
Test epoch: 233 | Loss: *0.219* | Acc: *94.400%* (9440/10000)
Train epoch: 234 | Loss: *0.003* | Acc: *99.992%* (49996/50000) 
Test epoch: 234 | Loss: *0.231* | Acc: *94.200%* (9420/10000)
Train epoch: 235 | Loss: *0.003* | Acc: *99.998%* (49999/50000) 
Test epoch: 235 | Loss: *0.236* | Acc: *93.880%* (9388/10000)
Train epoch: 236 | Loss: *0.002* | Acc: *99.998%* (49999/50000) 
Test epoch: 236 | Loss: *0.233* | Acc: *94.160%* (9416/10000)
Train epoch: 237 | Loss: *0.004* | Acc: *99.964%* (49982/50000) 
Test epoch: 237 | Loss: *0.237* | Acc: *93.710%* (9371/10000)
Train epoch: 238 | Loss: *0.017* | Acc: *99.574%* (49787/50000) 
Test epoch: 238 | Loss: *0.272* | Acc: *92.630%* (9263/10000)
Train epoch: 239 | Loss: *0.038* | Acc: *98.946%* (49473/50000) 
Test epoch: 239 | Loss: *0.297* | Acc: *91.950%* (9195/10000)
Train epoch: 240 | Loss: *0.047* | Acc: *98.650%* (49325/50000) 
Test epoch: 240 | Loss: *0.394* | Acc: *89.350%* (8935/10000)
Train epoch: 241 | Loss: *0.049* | Acc: *98.560%* (49280/50000) 
Test epoch: 241 | Loss: *0.311* | Acc: *91.750%* (9175/10000)
Train epoch: 242 | Loss: *0.052* | Acc: *98.374%* (49187/50000) 
Test epoch: 242 | Loss: *0.393* | Acc: *89.830%* (8983/10000)
Train epoch: 243 | Loss: *0.057* | Acc: *98.210%* (49105/50000) 
Test epoch: 243 | Loss: *0.360* | Acc: *90.210%* (9021/10000)
Train epoch: 244 | Loss: *0.052* | Acc: *98.314%* (49157/50000) 
Test epoch: 244 | Loss: *0.325* | Acc: *91.290%* (9129/10000)
Train epoch: 245 | Loss: *0.056* | Acc: *98.290%* (49145/50000) 
Test epoch: 245 | Loss: *0.451* | Acc: *89.300%* (8930/10000)
Train epoch: 246 | Loss: *0.060* | Acc: *98.124%* (49062/50000) 
Test epoch: 246 | Loss: *0.418* | Acc: *89.400%* (8940/10000)
Train epoch: 247 | Loss: *0.057* | Acc: *98.232%* (49116/50000) 
Test epoch: 247 | Loss: *0.355* | Acc: *90.730%* (9073/10000)
Train epoch: 248 | Loss: *0.055* | Acc: *98.256%* (49128/50000) 
Test epoch: 248 | Loss: *0.336* | Acc: *91.150%* (9115/10000)
Train epoch: 249 | Loss: *0.057* | Acc: *98.160%* (49080/50000) 
Test epoch: 249 | Loss: *0.296* | Acc: *91.930%* (9193/10000)
Train epoch: 250 | Loss: *0.058* | Acc: *98.154%* (49077/50000) 
Test epoch: 250 | Loss: *0.338* | Acc: *91.080%* (9108/10000)
Train epoch: 251 | Loss: *0.054* | Acc: *98.236%* (49118/50000) 
Test epoch: 251 | Loss: *0.479* | Acc: *88.020%* (8802/10000)
Train epoch: 252 | Loss: *0.057* | Acc: *98.150%* (49075/50000) 
Test epoch: 252 | Loss: *0.366* | Acc: *90.680%* (9068/10000)
Train epoch: 253 | Loss: *0.060* | Acc: *98.018%* (49009/50000) 
Test epoch: 253 | Loss: *0.365* | Acc: *90.440%* (9044/10000)
Train epoch: 254 | Loss: *0.059* | Acc: *98.084%* (49042/50000) 
Test epoch: 254 | Loss: *0.389* | Acc: *90.000%* (9000/10000)
Train epoch: 255 | Loss: *0.058* | Acc: *98.180%* (49090/50000) 
Test epoch: 255 | Loss: *0.348* | Acc: *90.710%* (9071/10000)
Train epoch: 256 | Loss: *0.059* | Acc: *98.070%* (49035/50000) 
Test epoch: 256 | Loss: *0.340* | Acc: *91.160%* (9116/10000)
Train epoch: 257 | Loss: *0.063* | Acc: *97.906%* (48953/50000) 
Test epoch: 257 | Loss: *0.363* | Acc: *90.550%* (9055/10000)
Train epoch: 258 | Loss: *0.061* | Acc: *97.956%* (48978/50000) 
Test epoch: 258 | Loss: *0.320* | Acc: *91.210%* (9121/10000)
Train epoch: 259 | Loss: *0.061* | Acc: *97.958%* (48979/50000) 
Test epoch: 259 | Loss: *0.517* | Acc: *87.550%* (8755/10000)
Train epoch: 260 | Loss: *0.059* | Acc: *98.086%* (49043/50000) 
Test epoch: 260 | Loss: *0.368* | Acc: *90.280%* (9028/10000)
Train epoch: 261 | Loss: *0.062* | Acc: *98.022%* (49011/50000) 
Test epoch: 261 | Loss: *0.361* | Acc: *90.540%* (9054/10000)
Train epoch: 262 | Loss: *0.065* | Acc: *97.874%* (48937/50000) 
Test epoch: 262 | Loss: *0.420* | Acc: *88.850%* (8885/10000)
Train epoch: 263 | Loss: *0.065* | Acc: *97.896%* (48948/50000) 
Test epoch: 263 | Loss: *0.413* | Acc: *89.830%* (8983/10000)
Train epoch: 264 | Loss: *0.068* | Acc: *97.740%* (48870/50000) 
Test epoch: 264 | Loss: *0.445* | Acc: *88.910%* (8891/10000)
Train epoch: 265 | Loss: *0.061* | Acc: *98.002%* (49001/50000) 
Test epoch: 265 | Loss: *0.387* | Acc: *89.950%* (8995/10000)
Train epoch: 266 | Loss: *0.067* | Acc: *97.812%* (48906/50000) 
Test epoch: 266 | Loss: *0.481* | Acc: *88.440%* (8844/10000)
Train epoch: 267 | Loss: *0.068* | Acc: *97.754%* (48877/50000) 
Test epoch: 267 | Loss: *0.421* | Acc: *89.150%* (8915/10000)
Train epoch: 268 | Loss: *0.070* | Acc: *97.670%* (48835/50000) 
Test epoch: 268 | Loss: *0.331* | Acc: *91.250%* (9125/10000)
Train epoch: 269 | Loss: *0.069* | Acc: *97.698%* (48849/50000) 
Test epoch: 269 | Loss: *0.363* | Acc: *90.710%* (9071/10000)
Train epoch: 270 | Loss: *0.069* | Acc: *97.704%* (48852/50000) 
Test epoch: 270 | Loss: *0.462* | Acc: *88.590%* (8859/10000)
Train epoch: 271 | Loss: *0.071* | Acc: *97.638%* (48819/50000) 
Test epoch: 271 | Loss: *0.373* | Acc: *90.580%* (9058/10000)
Train epoch: 272 | Loss: *0.071* | Acc: *97.584%* (48792/50000) 
Test epoch: 272 | Loss: *0.372* | Acc: *89.950%* (8995/10000)
Train epoch: 273 | Loss: *0.076* | Acc: *97.458%* (48729/50000) 
Test epoch: 273 | Loss: *0.501* | Acc: *87.130%* (8713/10000)
Train epoch: 274 | Loss: *0.076* | Acc: *97.432%* (48716/50000) 
Test epoch: 274 | Loss: *0.321* | Acc: *91.030%* (9103/10000)
Train epoch: 275 | Loss: *0.075* | Acc: *97.584%* (48792/50000) 
Test epoch: 275 | Loss: *0.314* | Acc: *91.010%* (9101/10000)
Train epoch: 276 | Loss: *0.078* | Acc: *97.356%* (48678/50000) 
Test epoch: 276 | Loss: *0.373* | Acc: *89.820%* (8982/10000)
Train epoch: 277 | Loss: *0.079* | Acc: *97.392%* (48696/50000) 
Test epoch: 277 | Loss: *0.416* | Acc: *88.990%* (8899/10000)
Train epoch: 278 | Loss: *0.082* | Acc: *97.238%* (48619/50000) 
Test epoch: 278 | Loss: *0.491* | Acc: *87.420%* (8742/10000)
Train epoch: 279 | Loss: *0.083* | Acc: *97.268%* (48634/50000) 
Test epoch: 279 | Loss: *0.339* | Acc: *90.830%* (9083/10000)
Train epoch: 280 | Loss: *0.083* | Acc: *97.234%* (48617/50000) 
Test epoch: 280 | Loss: *0.345* | Acc: *90.560%* (9056/10000)
Train epoch: 281 | Loss: *0.086* | Acc: *97.078%* (48539/50000) 
Test epoch: 281 | Loss: *0.538* | Acc: *85.090%* (8509/10000)
Train epoch: 282 | Loss: *0.090* | Acc: *96.946%* (48473/50000) 
Test epoch: 282 | Loss: *0.372* | Acc: *89.840%* (8984/10000)
Train epoch: 283 | Loss: *0.084* | Acc: *97.242%* (48621/50000) 
Test epoch: 283 | Loss: *0.420* | Acc: *88.510%* (8851/10000)
Train epoch: 284 | Loss: *0.086* | Acc: *97.116%* (48558/50000) 
Test epoch: 284 | Loss: *0.507* | Acc: *87.260%* (8726/10000)
Train epoch: 285 | Loss: *0.094* | Acc: *96.916%* (48458/50000) 
Test epoch: 285 | Loss: *0.481* | Acc: *87.820%* (8782/10000)
Train epoch: 286 | Loss: *0.088* | Acc: *97.086%* (48543/50000) 
Test epoch: 286 | Loss: *0.433* | Acc: *88.360%* (8836/10000)
Train epoch: 287 | Loss: *0.092* | Acc: *96.872%* (48436/50000) 
Test epoch: 287 | Loss: *0.423* | Acc: *88.310%* (8831/10000)
Train epoch: 288 | Loss: *0.098* | Acc: *96.688%* (48344/50000) 
Test epoch: 288 | Loss: *0.361* | Acc: *89.860%* (8986/10000)
Train epoch: 289 | Loss: *0.094* | Acc: *96.872%* (48436/50000) 
Test epoch: 289 | Loss: *0.400* | Acc: *89.160%* (8916/10000)
Train epoch: 290 | Loss: *0.097* | Acc: *96.754%* (48377/50000) 
Test epoch: 290 | Loss: *0.403* | Acc: *89.170%* (8917/10000)
Train epoch: 291 | Loss: *0.097* | Acc: *96.718%* (48359/50000) 
Test epoch: 291 | Loss: *0.793* | Acc: *82.470%* (8247/10000)
Train epoch: 292 | Loss: *0.103* | Acc: *96.478%* (48239/50000) 
Test epoch: 292 | Loss: *0.384* | Acc: *89.180%* (8918/10000)
Train epoch: 293 | Loss: *0.102* | Acc: *96.484%* (48242/50000) 
Test epoch: 293 | Loss: *0.516* | Acc: *86.350%* (8635/10000)
Train epoch: 294 | Loss: *0.107* | Acc: *96.344%* (48172/50000) 
Test epoch: 294 | Loss: *0.380* | Acc: *89.570%* (8957/10000)
Train epoch: 295 | Loss: *0.103* | Acc: *96.564%* (48282/50000) 
Test epoch: 295 | Loss: *0.447* | Acc: *87.680%* (8768/10000)
Train epoch: 296 | Loss: *0.105* | Acc: *96.440%* (48220/50000) 
Test epoch: 296 | Loss: *0.351* | Acc: *90.300%* (9030/10000)
Train epoch: 297 | Loss: *0.107* | Acc: *96.386%* (48193/50000) 
Test epoch: 297 | Loss: *0.713* | Acc: *82.480%* (8248/10000)
Train epoch: 298 | Loss: *0.109* | Acc: *96.372%* (48186/50000) 
Test epoch: 298 | Loss: *0.376* | Acc: *89.440%* (8944/10000)
Train epoch: 299 | Loss: *0.110* | Acc: *96.236%* (48118/50000) 
Test epoch: 299 | Loss: *0.365* | Acc: *89.700%* (8970/10000)
Train epoch: 300 | Loss: *0.114* | Acc: *96.138%* (48069/50000) 
Test epoch: 300 | Loss: *0.344* | Acc: *89.790%* (8979/10000)
Train epoch: 301 | Loss: *0.111* | Acc: *96.224%* (48112/50000) 
Test epoch: 301 | Loss: *0.579* | Acc: *85.490%* (8549/10000)
Train epoch: 302 | Loss: *0.116* | Acc: *96.018%* (48009/50000) 
Test epoch: 302 | Loss: *0.456* | Acc: *87.540%* (8754/10000)
Train epoch: 303 | Loss: *0.117* | Acc: *95.984%* (47992/50000) 
Test epoch: 303 | Loss: *0.644* | Acc: *83.560%* (8356/10000)
Train epoch: 304 | Loss: *0.111* | Acc: *96.242%* (48121/50000) 
Test epoch: 304 | Loss: *0.397* | Acc: *88.600%* (8860/10000)
Train epoch: 305 | Loss: *0.119* | Acc: *95.988%* (47994/50000) 
Test epoch: 305 | Loss: *0.353* | Acc: *89.980%* (8998/10000)
Train epoch: 306 | Loss: *0.121* | Acc: *95.940%* (47970/50000) 
Test epoch: 306 | Loss: *0.547* | Acc: *85.670%* (8567/10000)
Train epoch: 307 | Loss: *0.124* | Acc: *95.906%* (47953/50000) 
Test epoch: 307 | Loss: *0.526* | Acc: *86.540%* (8654/10000)
Train epoch: 308 | Loss: *0.123* | Acc: *95.860%* (47930/50000) 
Test epoch: 308 | Loss: *0.423* | Acc: *88.660%* (8866/10000)
Train epoch: 309 | Loss: *0.125* | Acc: *95.816%* (47908/50000) 
Test epoch: 309 | Loss: *0.482* | Acc: *87.370%* (8737/10000)
Train epoch: 310 | Loss: *0.129* | Acc: *95.604%* (47802/50000) 
Test epoch: 310 | Loss: *0.488* | Acc: *86.600%* (8660/10000)
Train epoch: 311 | Loss: *0.129* | Acc: *95.596%* (47798/50000) 
Test epoch: 311 | Loss: *0.379* | Acc: *88.870%* (8887/10000)
Train epoch: 312 | Loss: *0.128* | Acc: *95.680%* (47840/50000) 
Test epoch: 312 | Loss: *0.409* | Acc: *88.320%* (8832/10000)
Train epoch: 313 | Loss: *0.135* | Acc: *95.438%* (47719/50000) 
Test epoch: 313 | Loss: *0.467* | Acc: *87.650%* (8765/10000)
Train epoch: 314 | Loss: *0.130* | Acc: *95.652%* (47826/50000) 
Test epoch: 314 | Loss: *0.500* | Acc: *85.580%* (8558/10000)
Train epoch: 315 | Loss: *0.135* | Acc: *95.430%* (47715/50000) 
Test epoch: 315 | Loss: *0.386* | Acc: *88.690%* (8869/10000)
Train epoch: 316 | Loss: *0.137* | Acc: *95.438%* (47719/50000) 
Test epoch: 316 | Loss: *0.744* | Acc: *81.760%* (8176/10000)
Train epoch: 317 | Loss: *0.142* | Acc: *95.188%* (47594/50000) 
Test epoch: 317 | Loss: *0.506* | Acc: *86.500%* (8650/10000)
Train epoch: 318 | Loss: *0.138* | Acc: *95.246%* (47623/50000) 
Test epoch: 318 | Loss: *0.533* | Acc: *84.740%* (8474/10000)
Train epoch: 319 | Loss: *0.144* | Acc: *95.190%* (47595/50000) 
Test epoch: 319 | Loss: *0.445* | Acc: *87.410%* (8741/10000)
Train epoch: 320 | Loss: *0.141* | Acc: *95.138%* (47569/50000) 
Test epoch: 320 | Loss: *0.584* | Acc: *83.950%* (8395/10000)
Train epoch: 321 | Loss: *0.140* | Acc: *95.192%* (47596/50000) 
Test epoch: 321 | Loss: *0.384* | Acc: *88.680%* (8868/10000)
Train epoch: 322 | Loss: *0.143* | Acc: *95.122%* (47561/50000) 
Test epoch: 322 | Loss: *0.531* | Acc: *85.820%* (8582/10000)
Train epoch: 323 | Loss: *0.147* | Acc: *95.026%* (47513/50000) 
Test epoch: 323 | Loss: *0.623* | Acc: *83.400%* (8340/10000)
Train epoch: 324 | Loss: *0.147* | Acc: *94.988%* (47494/50000) 
Test epoch: 324 | Loss: *0.451* | Acc: *86.250%* (8625/10000)
Train epoch: 325 | Loss: *0.147* | Acc: *94.908%* (47454/50000) 
Test epoch: 325 | Loss: *0.615* | Acc: *85.030%* (8503/10000)
Train epoch: 326 | Loss: *0.148* | Acc: *94.886%* (47443/50000) 
Test epoch: 326 | Loss: *0.643* | Acc: *82.080%* (8208/10000)
Train epoch: 327 | Loss: *0.154* | Acc: *94.778%* (47389/50000) 
Test epoch: 327 | Loss: *0.397* | Acc: *88.240%* (8824/10000)
Train epoch: 328 | Loss: *0.152* | Acc: *94.756%* (47378/50000) 
Test epoch: 328 | Loss: *0.524* | Acc: *86.060%* (8606/10000)
Train epoch: 329 | Loss: *0.154* | Acc: *94.626%* (47313/50000) 
Test epoch: 329 | Loss: *0.358* | Acc: *89.170%* (8917/10000)
Train epoch: 330 | Loss: *0.150* | Acc: *94.894%* (47447/50000) 
Test epoch: 330 | Loss: *0.380* | Acc: *88.920%* (8892/10000)
Train epoch: 331 | Loss: *0.158* | Acc: *94.650%* (47325/50000) 
Test epoch: 331 | Loss: *0.500* | Acc: *86.480%* (8648/10000)
Train epoch: 332 | Loss: *0.157* | Acc: *94.600%* (47300/50000) 
Test epoch: 332 | Loss: *0.449* | Acc: *87.210%* (8721/10000)
Train epoch: 333 | Loss: *0.152* | Acc: *94.706%* (47353/50000) 
Test epoch: 333 | Loss: *0.521* | Acc: *85.340%* (8534/10000)
Train epoch: 334 | Loss: *0.161* | Acc: *94.540%* (47270/50000) 
Test epoch: 334 | Loss: *0.626* | Acc: *83.830%* (8383/10000)
Train epoch: 335 | Loss: *0.159* | Acc: *94.538%* (47269/50000) 
Test epoch: 335 | Loss: *1.025* | Acc: *76.350%* (7635/10000)
Train epoch: 336 | Loss: *0.161* | Acc: *94.484%* (47242/50000) 
Test epoch: 336 | Loss: *0.573* | Acc: *83.540%* (8354/10000)
Train epoch: 337 | Loss: *0.165* | Acc: *94.338%* (47169/50000) 
Test epoch: 337 | Loss: *0.553* | Acc: *85.440%* (8544/10000)
Train epoch: 338 | Loss: *0.162* | Acc: *94.466%* (47233/50000) 
Test epoch: 338 | Loss: *0.445* | Acc: *86.870%* (8687/10000)
Train epoch: 339 | Loss: *0.166* | Acc: *94.338%* (47169/50000) 
Test epoch: 339 | Loss: *0.593* | Acc: *83.400%* (8340/10000)
Train epoch: 340 | Loss: *0.167* | Acc: *94.286%* (47143/50000) 
Test epoch: 340 | Loss: *0.724* | Acc: *81.880%* (8188/10000)
Train epoch: 341 | Loss: *0.165* | Acc: *94.430%* (47215/50000) 
Test epoch: 341 | Loss: *0.426* | Acc: *87.070%* (8707/10000)
Train epoch: 342 | Loss: *0.168* | Acc: *94.180%* (47090/50000) 
Test epoch: 342 | Loss: *0.511* | Acc: *84.990%* (8499/10000)
Train epoch: 343 | Loss: *0.171* | Acc: *94.190%* (47095/50000) 
Test epoch: 343 | Loss: *0.642* | Acc: *83.940%* (8394/10000)
Train epoch: 344 | Loss: *0.173* | Acc: *93.978%* (46989/50000) 
Test epoch: 344 | Loss: *1.226* | Acc: *72.180%* (7218/10000)
Train epoch: 345 | Loss: *0.173* | Acc: *94.106%* (47053/50000) 
Test epoch: 345 | Loss: *0.396* | Acc: *87.510%* (8751/10000)
Train epoch: 346 | Loss: *0.173* | Acc: *94.160%* (47080/50000) 
Test epoch: 346 | Loss: *0.685* | Acc: *81.410%* (8141/10000)
Train epoch: 347 | Loss: *0.178* | Acc: *94.088%* (47044/50000) 
Test epoch: 347 | Loss: *0.453* | Acc: *86.980%* (8698/10000)
Train epoch: 348 | Loss: *0.175* | Acc: *93.964%* (46982/50000) 
Test epoch: 348 | Loss: *0.574* | Acc: *83.750%* (8375/10000)
Train epoch: 349 | Loss: *0.177* | Acc: *93.882%* (46941/50000) 
Test epoch: 349 | Loss: *0.476* | Acc: *85.640%* (8564/10000)
Train epoch: 350 | Loss: *0.181* | Acc: *93.916%* (46958/50000) 
Test epoch: 350 | Loss: *0.448* | Acc: *87.120%* (8712/10000)
Train epoch: 351 | Loss: *0.175* | Acc: *94.120%* (47060/50000) 
Test epoch: 351 | Loss: *0.678* | Acc: *82.110%* (8211/10000)
Train epoch: 352 | Loss: *0.181* | Acc: *93.840%* (46920/50000) 
Test epoch: 352 | Loss: *0.560* | Acc: *83.800%* (8380/10000)
Train epoch: 353 | Loss: *0.178* | Acc: *93.840%* (46920/50000) 
Test epoch: 353 | Loss: *0.427* | Acc: *86.690%* (8669/10000)
Train epoch: 354 | Loss: *0.182* | Acc: *93.756%* (46878/50000) 
Test epoch: 354 | Loss: *0.442* | Acc: *87.170%* (8717/10000)
Train epoch: 355 | Loss: *0.182* | Acc: *93.770%* (46885/50000) 
Test epoch: 355 | Loss: *0.578* | Acc: *82.850%* (8285/10000)
Train epoch: 356 | Loss: *0.182* | Acc: *93.784%* (46892/50000) 
Test epoch: 356 | Loss: *0.539* | Acc: *84.740%* (8474/10000)
Train epoch: 357 | Loss: *0.187* | Acc: *93.796%* (46898/50000) 
Test epoch: 357 | Loss: *0.465* | Acc: *86.760%* (8676/10000)
Train epoch: 358 | Loss: *0.184* | Acc: *93.684%* (46842/50000) 
Test epoch: 358 | Loss: *0.545* | Acc: *84.570%* (8457/10000)
Train epoch: 359 | Loss: *0.185* | Acc: *93.708%* (46854/50000) 
Test epoch: 359 | Loss: *0.495* | Acc: *84.860%* (8486/10000)
Train epoch: 360 | Loss: *0.183* | Acc: *93.894%* (46947/50000) 
Test epoch: 360 | Loss: *0.512* | Acc: *85.040%* (8504/10000)
Train epoch: 361 | Loss: *0.184* | Acc: *93.824%* (46912/50000) 
Test epoch: 361 | Loss: *1.003* | Acc: *74.450%* (7445/10000)
Train epoch: 362 | Loss: *0.192* | Acc: *93.460%* (46730/50000) 
Test epoch: 362 | Loss: *0.397* | Acc: *87.910%* (8791/10000)
Train epoch: 363 | Loss: *0.189* | Acc: *93.542%* (46771/50000) 
Test epoch: 363 | Loss: *0.536* | Acc: *84.450%* (8445/10000)
Train epoch: 364 | Loss: *0.191* | Acc: *93.486%* (46743/50000) 
Test epoch: 364 | Loss: *0.440* | Acc: *86.000%* (8600/10000)
Train epoch: 365 | Loss: *0.187* | Acc: *93.658%* (46829/50000) 
Test epoch: 365 | Loss: *0.519* | Acc: *85.050%* (8505/10000)
Train epoch: 366 | Loss: *0.192* | Acc: *93.420%* (46710/50000) 
Test epoch: 366 | Loss: *0.475* | Acc: *86.460%* (8646/10000)
Train epoch: 367 | Loss: *0.190* | Acc: *93.548%* (46774/50000) 
Test epoch: 367 | Loss: *0.695* | Acc: *79.120%* (7912/10000)
Train epoch: 368 | Loss: *0.195* | Acc: *93.366%* (46683/50000) 
Test epoch: 368 | Loss: *0.613* | Acc: *82.510%* (8251/10000)
Train epoch: 369 | Loss: *0.190* | Acc: *93.574%* (46787/50000) 
Test epoch: 369 | Loss: *0.776* | Acc: *80.090%* (8009/10000)
Train epoch: 370 | Loss: *0.191* | Acc: *93.424%* (46712/50000) 
Test epoch: 370 | Loss: *0.591* | Acc: *83.120%* (8312/10000)
Train epoch: 371 | Loss: *0.193* | Acc: *93.252%* (46626/50000) 
Test epoch: 371 | Loss: *0.455* | Acc: *85.640%* (8564/10000)
Train epoch: 372 | Loss: *0.194* | Acc: *93.340%* (46670/50000) 
Test epoch: 372 | Loss: *0.390* | Acc: *87.920%* (8792/10000)
Train epoch: 373 | Loss: *0.193* | Acc: *93.506%* (46753/50000) 
Test epoch: 373 | Loss: *0.492* | Acc: *84.980%* (8498/10000)
Train epoch: 374 | Loss: *0.197* | Acc: *93.278%* (46639/50000) 
Test epoch: 374 | Loss: *0.449* | Acc: *86.060%* (8606/10000)
Train epoch: 375 | Loss: *0.191* | Acc: *93.608%* (46804/50000) 
Test epoch: 375 | Loss: *0.632* | Acc: *81.370%* (8137/10000)
Train epoch: 376 | Loss: *0.194* | Acc: *93.400%* (46700/50000) 
Test epoch: 376 | Loss: *0.698* | Acc: *81.780%* (8178/10000)
Train epoch: 377 | Loss: *0.196* | Acc: *93.186%* (46593/50000) 
Test epoch: 377 | Loss: *0.425* | Acc: *86.650%* (8665/10000)
Train epoch: 378 | Loss: *0.196* | Acc: *93.278%* (46639/50000) 
Test epoch: 378 | Loss: *0.360* | Acc: *88.450%* (8845/10000)
Train epoch: 379 | Loss: *0.198* | Acc: *93.300%* (46650/50000) 
Test epoch: 379 | Loss: *0.689* | Acc: *81.150%* (8115/10000)
Train epoch: 380 | Loss: *0.199* | Acc: *93.288%* (46644/50000) 
Test epoch: 380 | Loss: *0.601* | Acc: *83.190%* (8319/10000)
Train epoch: 381 | Loss: *0.198* | Acc: *93.156%* (46578/50000) 
Test epoch: 381 | Loss: *0.637* | Acc: *82.160%* (8216/10000)
Train epoch: 382 | Loss: *0.199* | Acc: *93.160%* (46580/50000) 
Test epoch: 382 | Loss: *0.509* | Acc: *86.290%* (8629/10000)
Train epoch: 383 | Loss: *0.194* | Acc: *93.386%* (46693/50000) 
Test epoch: 383 | Loss: *0.489* | Acc: *85.820%* (8582/10000)
Train epoch: 384 | Loss: *0.201* | Acc: *93.082%* (46541/50000) 
Test epoch: 384 | Loss: *0.483* | Acc: *84.950%* (8495/10000)
Train epoch: 385 | Loss: *0.196* | Acc: *93.384%* (46692/50000) 
Test epoch: 385 | Loss: *0.500* | Acc: *84.990%* (8499/10000)
Train epoch: 386 | Loss: *0.201* | Acc: *93.206%* (46603/50000) 
Test epoch: 386 | Loss: *0.482* | Acc: *85.520%* (8552/10000)
Train epoch: 387 | Loss: *0.201* | Acc: *93.196%* (46598/50000) 
Test epoch: 387 | Loss: *0.507* | Acc: *85.670%* (8567/10000)
Train epoch: 388 | Loss: *0.198* | Acc: *93.290%* (46645/50000) 
Test epoch: 388 | Loss: *0.433* | Acc: *86.590%* (8659/10000)
Train epoch: 389 | Loss: *0.201* | Acc: *93.128%* (46564/50000) 
Test epoch: 389 | Loss: *0.554* | Acc: *83.670%* (8367/10000)
Train epoch: 390 | Loss: *0.200* | Acc: *93.128%* (46564/50000) 
Test epoch: 390 | Loss: *0.447* | Acc: *87.130%* (8713/10000)
Train epoch: 391 | Loss: *0.200* | Acc: *93.138%* (46569/50000) 
Test epoch: 391 | Loss: *0.443* | Acc: *86.310%* (8631/10000)
Train epoch: 392 | Loss: *0.201* | Acc: *93.224%* (46612/50000) 
Test epoch: 392 | Loss: *0.582* | Acc: *83.600%* (8360/10000)
Train epoch: 393 | Loss: *0.198* | Acc: *93.280%* (46640/50000) 
Test epoch: 393 | Loss: *0.499* | Acc: *85.070%* (8507/10000)
Train epoch: 394 | Loss: *0.202* | Acc: *93.038%* (46519/50000) 
Test epoch: 394 | Loss: *0.432* | Acc: *86.740%* (8674/10000)
Train epoch: 395 | Loss: *0.198* | Acc: *93.260%* (46630/50000) 
Test epoch: 395 | Loss: *0.469* | Acc: *86.280%* (8628/10000)
Train epoch: 396 | Loss: *0.200* | Acc: *93.262%* (46631/50000) 
Test epoch: 396 | Loss: *0.540* | Acc: *84.400%* (8440/10000)
Train epoch: 397 | Loss: *0.204* | Acc: *93.008%* (46504/50000) 
Test epoch: 397 | Loss: *0.609* | Acc: *81.960%* (8196/10000)
Train epoch: 398 | Loss: *0.202* | Acc: *93.124%* (46562/50000) 
Test epoch: 398 | Loss: *0.889* | Acc: *77.190%* (7719/10000)
Train epoch: 399 | Loss: *0.200* | Acc: *93.216%* (46608/50000) 
Test epoch: 399 | Loss: *0.564* | Acc: *83.600%* (8360/10000)
Train epoch: 400 | Loss: *0.200* | Acc: *93.276%* (46638/50000) 
Test epoch: 400 | Loss: *0.821* | Acc: *79.080%* (7908/10000)
Train epoch: 401 | Loss: *0.202* | Acc: *93.114%* (46557/50000) 
Test epoch: 401 | Loss: *0.555* | Acc: *83.570%* (8357/10000)
Train epoch: 402 | Loss: *0.199* | Acc: *93.128%* (46564/50000) 
Test epoch: 402 | Loss: *0.499* | Acc: *84.160%* (8416/10000)
Train epoch: 403 | Loss: *0.202* | Acc: *93.060%* (46530/50000) 
Test epoch: 403 | Loss: *0.430* | Acc: *86.590%* (8659/10000)
Train epoch: 404 | Loss: *0.202* | Acc: *93.198%* (46599/50000) 
Test epoch: 404 | Loss: *0.674* | Acc: *80.550%* (8055/10000)
Train epoch: 405 | Loss: *0.195* | Acc: *93.554%* (46777/50000) 
Test epoch: 405 | Loss: *0.659* | Acc: *81.670%* (8167/10000)
Train epoch: 406 | Loss: *0.204* | Acc: *93.140%* (46570/50000) 
Test epoch: 406 | Loss: *0.614* | Acc: *82.390%* (8239/10000)
Train epoch: 407 | Loss: *0.202* | Acc: *93.126%* (46563/50000) 
Test epoch: 407 | Loss: *0.763* | Acc: *80.000%* (8000/10000)
Train epoch: 408 | Loss: *0.199* | Acc: *93.328%* (46664/50000) 
Test epoch: 408 | Loss: *0.523* | Acc: *84.550%* (8455/10000)
Train epoch: 409 | Loss: *0.197* | Acc: *93.316%* (46658/50000) 
Test epoch: 409 | Loss: *0.405* | Acc: *87.440%* (8744/10000)
Train epoch: 410 | Loss: *0.198* | Acc: *93.172%* (46586/50000) 
Test epoch: 410 | Loss: *0.679* | Acc: *81.750%* (8175/10000)
Train epoch: 411 | Loss: *0.201* | Acc: *93.086%* (46543/50000) 
Test epoch: 411 | Loss: *0.911* | Acc: *77.420%* (7742/10000)
Train epoch: 412 | Loss: *0.197* | Acc: *93.348%* (46674/50000) 
Test epoch: 412 | Loss: *0.567* | Acc: *82.750%* (8275/10000)
Train epoch: 413 | Loss: *0.197* | Acc: *93.334%* (46667/50000) 
Test epoch: 413 | Loss: *0.448* | Acc: *86.550%* (8655/10000)
Train epoch: 414 | Loss: *0.198* | Acc: *93.120%* (46560/50000) 
Test epoch: 414 | Loss: *0.658* | Acc: *81.200%* (8120/10000)
Train epoch: 415 | Loss: *0.198* | Acc: *93.198%* (46599/50000) 
Test epoch: 415 | Loss: *0.386* | Acc: *87.340%* (8734/10000)
Train epoch: 416 | Loss: *0.191* | Acc: *93.494%* (46747/50000) 
Test epoch: 416 | Loss: *0.983* | Acc: *74.160%* (7416/10000)
Train epoch: 417 | Loss: *0.201* | Acc: *93.168%* (46584/50000) 
Test epoch: 417 | Loss: *0.693* | Acc: *80.150%* (8015/10000)
Train epoch: 418 | Loss: *0.196* | Acc: *93.242%* (46621/50000) 
Test epoch: 418 | Loss: *0.809* | Acc: *78.620%* (7862/10000)
Train epoch: 419 | Loss: *0.195* | Acc: *93.272%* (46636/50000) 
Test epoch: 419 | Loss: *0.563* | Acc: *82.730%* (8273/10000)
Train epoch: 420 | Loss: *0.197* | Acc: *93.276%* (46638/50000) 
Test epoch: 420 | Loss: *0.640* | Acc: *81.480%* (8148/10000)
Train epoch: 421 | Loss: *0.194* | Acc: *93.448%* (46724/50000) 
Test epoch: 421 | Loss: *0.384* | Acc: *88.130%* (8813/10000)
Train epoch: 422 | Loss: *0.192* | Acc: *93.478%* (46739/50000) 
Test epoch: 422 | Loss: *0.486* | Acc: *85.260%* (8526/10000)
Train epoch: 423 | Loss: *0.197* | Acc: *93.280%* (46640/50000) 
Test epoch: 423 | Loss: *0.491* | Acc: *85.550%* (8555/10000)
Train epoch: 424 | Loss: *0.196* | Acc: *93.214%* (46607/50000) 
Test epoch: 424 | Loss: *0.559* | Acc: *83.260%* (8326/10000)
Train epoch: 425 | Loss: *0.191* | Acc: *93.538%* (46769/50000) 
Test epoch: 425 | Loss: *0.496* | Acc: *85.410%* (8541/10000)
Train epoch: 426 | Loss: *0.192* | Acc: *93.438%* (46719/50000) 
Test epoch: 426 | Loss: *0.553* | Acc: *83.940%* (8394/10000)
Train epoch: 427 | Loss: *0.189* | Acc: *93.574%* (46787/50000) 
Test epoch: 427 | Loss: *0.390* | Acc: *88.210%* (8821/10000)
Train epoch: 428 | Loss: *0.192* | Acc: *93.546%* (46773/50000) 
Test epoch: 428 | Loss: *0.628* | Acc: *81.900%* (8190/10000)
Train epoch: 429 | Loss: *0.191* | Acc: *93.368%* (46684/50000) 
Test epoch: 429 | Loss: *0.378* | Acc: *88.350%* (8835/10000)
Train epoch: 430 | Loss: *0.189* | Acc: *93.500%* (46750/50000) 
Test epoch: 430 | Loss: *0.512* | Acc: *85.480%* (8548/10000)
Train epoch: 431 | Loss: *0.190* | Acc: *93.468%* (46734/50000) 
Test epoch: 431 | Loss: *0.497* | Acc: *84.060%* (8406/10000)
Train epoch: 432 | Loss: *0.190* | Acc: *93.488%* (46744/50000) 
Test epoch: 432 | Loss: *0.386* | Acc: *87.840%* (8784/10000)
Train epoch: 433 | Loss: *0.186* | Acc: *93.722%* (46861/50000) 
Test epoch: 433 | Loss: *0.659* | Acc: *81.480%* (8148/10000)
Train epoch: 434 | Loss: *0.187* | Acc: *93.674%* (46837/50000) 
Test epoch: 434 | Loss: *0.380* | Acc: *88.020%* (8802/10000)
Train epoch: 435 | Loss: *0.183* | Acc: *93.776%* (46888/50000) 
Test epoch: 435 | Loss: *0.474* | Acc: *85.620%* (8562/10000)
Train epoch: 436 | Loss: *0.190* | Acc: *93.506%* (46753/50000) 
Test epoch: 436 | Loss: *0.517* | Acc: *84.110%* (8411/10000)
Train epoch: 437 | Loss: *0.180* | Acc: *93.856%* (46928/50000) 
Test epoch: 437 | Loss: *0.468* | Acc: *85.920%* (8592/10000)
Train epoch: 438 | Loss: *0.186* | Acc: *93.428%* (46714/50000) 
Test epoch: 438 | Loss: *0.511* | Acc: *84.620%* (8462/10000)
Train epoch: 439 | Loss: *0.181* | Acc: *93.812%* (46906/50000) 
Test epoch: 439 | Loss: *0.438* | Acc: *86.510%* (8651/10000)
Train epoch: 440 | Loss: *0.181* | Acc: *93.794%* (46897/50000) 
Test epoch: 440 | Loss: *0.616* | Acc: *83.440%* (8344/10000)
Train epoch: 441 | Loss: *0.182* | Acc: *93.730%* (46865/50000) 
Test epoch: 441 | Loss: *0.848* | Acc: *77.680%* (7768/10000)
Train epoch: 442 | Loss: *0.182* | Acc: *93.836%* (46918/50000) 
Test epoch: 442 | Loss: *0.385* | Acc: *88.480%* (8848/10000)
Train epoch: 443 | Loss: *0.175* | Acc: *94.014%* (47007/50000) 
Test epoch: 443 | Loss: *0.411* | Acc: *87.580%* (8758/10000)
Train epoch: 444 | Loss: *0.181* | Acc: *93.744%* (46872/50000) 
Test epoch: 444 | Loss: *0.668* | Acc: *82.510%* (8251/10000)
Train epoch: 445 | Loss: *0.178* | Acc: *93.942%* (46971/50000) 
Test epoch: 445 | Loss: *0.369* | Acc: *88.470%* (8847/10000)
Train epoch: 446 | Loss: *0.176* | Acc: *93.968%* (46984/50000) 
Test epoch: 446 | Loss: *0.421* | Acc: *87.310%* (8731/10000)
Train epoch: 447 | Loss: *0.176* | Acc: *94.052%* (47026/50000) 
Test epoch: 447 | Loss: *0.544* | Acc: *84.470%* (8447/10000)
Train epoch: 448 | Loss: *0.177* | Acc: *94.028%* (47014/50000) 
Test epoch: 448 | Loss: *0.487* | Acc: *85.070%* (8507/10000)
Train epoch: 449 | Loss: *0.172* | Acc: *94.106%* (47053/50000) 
Test epoch: 449 | Loss: *0.464* | Acc: *86.370%* (8637/10000)
Train epoch: 450 | Loss: *0.168* | Acc: *94.262%* (47131/50000) 
Test epoch: 450 | Loss: *0.412* | Acc: *88.390%* (8839/10000)
Train epoch: 451 | Loss: *0.171* | Acc: *94.122%* (47061/50000) 
Test epoch: 451 | Loss: *0.710* | Acc: *80.880%* (8088/10000)
Train epoch: 452 | Loss: *0.167* | Acc: *94.324%* (47162/50000) 
Test epoch: 452 | Loss: *0.489* | Acc: *85.440%* (8544/10000)
Train epoch: 453 | Loss: *0.173* | Acc: *94.056%* (47028/50000) 
Test epoch: 453 | Loss: *0.389* | Acc: *88.310%* (8831/10000)
Train epoch: 454 | Loss: *0.167* | Acc: *94.276%* (47138/50000) 
Test epoch: 454 | Loss: *0.437* | Acc: *85.980%* (8598/10000)
Train epoch: 455 | Loss: *0.166* | Acc: *94.446%* (47223/50000) 
Test epoch: 455 | Loss: *0.644* | Acc: *82.590%* (8259/10000)
Train epoch: 456 | Loss: *0.165* | Acc: *94.380%* (47190/50000) 
Test epoch: 456 | Loss: *0.643* | Acc: *82.520%* (8252/10000)
Train epoch: 457 | Loss: *0.162* | Acc: *94.298%* (47149/50000) 
Test epoch: 457 | Loss: *0.438* | Acc: *87.260%* (8726/10000)
Train epoch: 458 | Loss: *0.162* | Acc: *94.516%* (47258/50000) 
Test epoch: 458 | Loss: *0.567* | Acc: *84.840%* (8484/10000)
Train epoch: 459 | Loss: *0.161* | Acc: *94.504%* (47252/50000) 
Test epoch: 459 | Loss: *0.390* | Acc: *88.510%* (8851/10000)
Train epoch: 460 | Loss: *0.161* | Acc: *94.444%* (47222/50000) 
Test epoch: 460 | Loss: *0.353* | Acc: *89.230%* (8923/10000)
Train epoch: 461 | Loss: *0.159* | Acc: *94.630%* (47315/50000) 
Test epoch: 461 | Loss: *0.456* | Acc: *86.590%* (8659/10000)
Train epoch: 462 | Loss: *0.161* | Acc: *94.498%* (47249/50000) 
Test epoch: 462 | Loss: *0.533* | Acc: *85.010%* (8501/10000)
Train epoch: 463 | Loss: *0.156* | Acc: *94.632%* (47316/50000) 
Test epoch: 463 | Loss: *0.380* | Acc: *88.180%* (8818/10000)
Train epoch: 464 | Loss: *0.155* | Acc: *94.718%* (47359/50000) 
Test epoch: 464 | Loss: *0.379* | Acc: *88.390%* (8839/10000)
Train epoch: 465 | Loss: *0.155* | Acc: *94.720%* (47360/50000) 
Test epoch: 465 | Loss: *0.390* | Acc: *88.390%* (8839/10000)
Train epoch: 466 | Loss: *0.151* | Acc: *94.808%* (47404/50000) 
Test epoch: 466 | Loss: *0.350* | Acc: *89.330%* (8933/10000)
Train epoch: 467 | Loss: *0.151* | Acc: *94.920%* (47460/50000) 
Test epoch: 467 | Loss: *0.299* | Acc: *90.580%* (9058/10000)
Train epoch: 468 | Loss: *0.148* | Acc: *94.944%* (47472/50000) 
Test epoch: 468 | Loss: *0.517* | Acc: *85.280%* (8528/10000)
Train epoch: 469 | Loss: *0.146* | Acc: *94.940%* (47470/50000) 
Test epoch: 469 | Loss: *0.366* | Acc: *88.460%* (8846/10000)
Train epoch: 470 | Loss: *0.149* | Acc: *94.828%* (47414/50000) 
Test epoch: 470 | Loss: *0.611* | Acc: *82.430%* (8243/10000)
Train epoch: 471 | Loss: *0.146* | Acc: *94.982%* (47491/50000) 
Test epoch: 471 | Loss: *0.474* | Acc: *86.590%* (8659/10000)
Train epoch: 472 | Loss: *0.148* | Acc: *95.006%* (47503/50000) 
Test epoch: 472 | Loss: *0.486* | Acc: *85.830%* (8583/10000)
Train epoch: 473 | Loss: *0.142* | Acc: *95.206%* (47603/50000) 
Test epoch: 473 | Loss: *0.424* | Acc: *87.080%* (8708/10000)
Train epoch: 474 | Loss: *0.145* | Acc: *95.054%* (47527/50000) 
Test epoch: 474 | Loss: *0.402* | Acc: *88.220%* (8822/10000)
Train epoch: 475 | Loss: *0.136* | Acc: *95.450%* (47725/50000) 
Test epoch: 475 | Loss: *0.571* | Acc: *84.100%* (8410/10000)
Train epoch: 476 | Loss: *0.136* | Acc: *95.400%* (47700/50000) 
Test epoch: 476 | Loss: *0.346* | Acc: *89.440%* (8944/10000)
Train epoch: 477 | Loss: *0.140* | Acc: *95.324%* (47662/50000) 
Test epoch: 477 | Loss: *0.332* | Acc: *90.110%* (9011/10000)
Train epoch: 478 | Loss: *0.134* | Acc: *95.480%* (47740/50000) 
Test epoch: 478 | Loss: *0.503* | Acc: *86.640%* (8664/10000)
Train epoch: 479 | Loss: *0.133* | Acc: *95.432%* (47716/50000) 
Test epoch: 479 | Loss: *0.445* | Acc: *87.720%* (8772/10000)
Train epoch: 480 | Loss: *0.127* | Acc: *95.678%* (47839/50000) 
Test epoch: 480 | Loss: *0.588* | Acc: *85.040%* (8504/10000)
Train epoch: 481 | Loss: *0.133* | Acc: *95.522%* (47761/50000) 
Test epoch: 481 | Loss: *0.454* | Acc: *87.490%* (8749/10000)
Train epoch: 482 | Loss: *0.127* | Acc: *95.690%* (47845/50000) 
Test epoch: 482 | Loss: *0.414* | Acc: *87.870%* (8787/10000)
Train epoch: 483 | Loss: *0.129* | Acc: *95.506%* (47753/50000) 
Test epoch: 483 | Loss: *0.923* | Acc: *78.780%* (7878/10000)
Train epoch: 484 | Loss: *0.123* | Acc: *95.806%* (47903/50000) 
Test epoch: 484 | Loss: *0.379* | Acc: *88.390%* (8839/10000)
Train epoch: 485 | Loss: *0.122* | Acc: *95.866%* (47933/50000) 
Test epoch: 485 | Loss: *0.362* | Acc: *89.080%* (8908/10000)
Train epoch: 486 | Loss: *0.120* | Acc: *95.928%* (47964/50000) 
Test epoch: 486 | Loss: *0.494* | Acc: *86.880%* (8688/10000)
Train epoch: 487 | Loss: *0.120* | Acc: *95.982%* (47991/50000) 
Test epoch: 487 | Loss: *0.324* | Acc: *90.190%* (9019/10000)
Train epoch: 488 | Loss: *0.116* | Acc: *96.062%* (48031/50000) 
Test epoch: 488 | Loss: *0.406* | Acc: *88.120%* (8812/10000)
Train epoch: 489 | Loss: *0.119* | Acc: *96.010%* (48005/50000) 
Test epoch: 489 | Loss: *0.571* | Acc: *84.030%* (8403/10000)
Train epoch: 490 | Loss: *0.114* | Acc: *96.168%* (48084/50000) 
Test epoch: 490 | Loss: *0.422* | Acc: *88.590%* (8859/10000)
Train epoch: 491 | Loss: *0.112* | Acc: *96.216%* (48108/50000) 
Test epoch: 491 | Loss: *0.469* | Acc: *87.230%* (8723/10000)
Train epoch: 492 | Loss: *0.114* | Acc: *96.140%* (48070/50000) 
Test epoch: 492 | Loss: *0.406* | Acc: *88.750%* (8875/10000)
Train epoch: 493 | Loss: *0.107* | Acc: *96.362%* (48181/50000) 
Test epoch: 493 | Loss: *0.333* | Acc: *90.240%* (9024/10000)
Train epoch: 494 | Loss: *0.112* | Acc: *96.144%* (48072/50000) 
Test epoch: 494 | Loss: *0.360* | Acc: *89.590%* (8959/10000)
Train epoch: 495 | Loss: *0.103* | Acc: *96.564%* (48282/50000) 
Test epoch: 495 | Loss: *0.450* | Acc: *88.300%* (8830/10000)
Train epoch: 496 | Loss: *0.105* | Acc: *96.444%* (48222/50000) 
Test epoch: 496 | Loss: *0.377* | Acc: *89.320%* (8932/10000)
Train epoch: 497 | Loss: *0.107* | Acc: *96.378%* (48189/50000) 
Test epoch: 497 | Loss: *0.681* | Acc: *83.960%* (8396/10000)
Train epoch: 498 | Loss: *0.098* | Acc: *96.622%* (48311/50000) 
Test epoch: 498 | Loss: *0.380* | Acc: *89.440%* (8944/10000)
Train epoch: 499 | Loss: *0.102* | Acc: *96.588%* (48294/50000) 
Test epoch: 499 | Loss: *0.405* | Acc: *89.210%* (8921/10000)
Train epoch: 500 | Loss: *0.095* | Acc: *96.756%* (48378/50000) 
Test epoch: 500 | Loss: *0.343* | Acc: *90.900%* (9090/10000)
Best test accuracy: *94.580%*, loss: *0.21188411198556423*, at epoch: *220*.
==> Execution time summary of 500 epoch(s).
Train data loading time: sum. *239.06361705157906* secs | avg. *0.4781272341031581* secs per epoch.
Train training time: sum. *5365.247715246864* secs | avg. *10.730495430493727* secs per epoch.
Train total time: sum. *5604.311332298443* secs | avg. *11.208622664596886* secs per epoch.
Test data loading time: sum. *95.93171512614936* secs | avg. *0.1918634302522987* secs per epoch.
Test training time: sum. *98.05397555138916* secs | avg. *0.19610795110277832* secs per epoch.
Test total time: sum. *193.9856906775385* secs | avg. *0.387971381355077* secs per epoch.
Total data loading time: sum. *334.9953321777284* secs | avg. *0.6699906643554568* secs per epoch.
Total training time: sum. *5463.301690798253* secs | avg. *10.926603381596506* secs per epoch.
Total running time: sum. *5798.297022975981* secs | avg. *11.596594045951962* secs per epoch.
==> Number of GPU device: 1
==> Device #0 Memory Usage
==> Allocated: 0.1 GB
==> Cached:    2.4 GB
==> Maximum: 2.4 GB
