==> Running on : cuda
==> Number of CPU: 48
==> Number of workers: 2
==> #Epochs: 500, #Layers: 3, #Blocks: [5, 2, 1], In channel: 64, Input layer conv kernel: 5x5, Residual layer conv kernel 5x5, Skip kernel: 1x1, Input layer conv padding: 2, Residual layer conv padding: 2
==> Optimizer is Adam
==> Learning rate: 0.001
==> Weight decay: 0.0005
==>Trainable Parameters: 4967754
==>Other Parameters: 0
==>Augmentation: None
Files already downloaded and verified
Train epoch: 1 | Loss: *1.518* | Acc: *43.524%* (21762/50000) 
Test epoch: 1 | Loss: *1.861* | Acc: *43.830%* (4383/10000)
Train epoch: 2 | Loss: *1.107* | Acc: *60.082%* (30041/50000) 
Test epoch: 2 | Loss: *1.880* | Acc: *42.930%* (4293/10000)
Train epoch: 3 | Loss: *0.928* | Acc: *66.844%* (33422/50000) 
Test epoch: 3 | Loss: *1.260* | Acc: *55.610%* (5561/10000)
Train epoch: 4 | Loss: *0.800* | Acc: *71.606%* (35803/50000) 
Test epoch: 4 | Loss: *1.629* | Acc: *52.350%* (5235/10000)
Train epoch: 5 | Loss: *0.699* | Acc: *75.514%* (37757/50000) 
Test epoch: 5 | Loss: *0.886* | Acc: *69.120%* (6912/10000)
Train epoch: 6 | Loss: *0.615* | Acc: *78.688%* (39344/50000) 
Test epoch: 6 | Loss: *1.102* | Acc: *64.270%* (6427/10000)
Train epoch: 7 | Loss: *0.555* | Acc: *80.962%* (40481/50000) 
Test epoch: 7 | Loss: *0.700* | Acc: *75.920%* (7592/10000)
Train epoch: 8 | Loss: *0.511* | Acc: *82.430%* (41215/50000) 
Test epoch: 8 | Loss: *0.765* | Acc: *73.670%* (7367/10000)
Train epoch: 9 | Loss: *0.467* | Acc: *84.000%* (42000/50000) 
Test epoch: 9 | Loss: *0.823* | Acc: *71.810%* (7181/10000)
Train epoch: 10 | Loss: *0.427* | Acc: *85.194%* (42597/50000) 
Test epoch: 10 | Loss: *0.700* | Acc: *74.800%* (7480/10000)
Train epoch: 11 | Loss: *0.399* | Acc: *86.306%* (43153/50000) 
Test epoch: 11 | Loss: *0.626* | Acc: *78.680%* (7868/10000)
Train epoch: 12 | Loss: *0.372* | Acc: *87.118%* (43559/50000) 
Test epoch: 12 | Loss: *0.722* | Acc: *76.340%* (7634/10000)
Train epoch: 13 | Loss: *0.347* | Acc: *88.038%* (44019/50000) 
Test epoch: 13 | Loss: *0.626* | Acc: *79.180%* (7918/10000)
Train epoch: 14 | Loss: *0.321* | Acc: *88.972%* (44486/50000) 
Test epoch: 14 | Loss: *0.582* | Acc: *80.650%* (8065/10000)
Train epoch: 15 | Loss: *0.304* | Acc: *89.450%* (44725/50000) 
Test epoch: 15 | Loss: *0.680* | Acc: *78.110%* (7811/10000)
Train epoch: 16 | Loss: *0.287* | Acc: *90.202%* (45101/50000) 
Test epoch: 16 | Loss: *0.653* | Acc: *80.220%* (8022/10000)
Train epoch: 17 | Loss: *0.268* | Acc: *90.704%* (45352/50000) 
Test epoch: 17 | Loss: *0.673* | Acc: *79.100%* (7910/10000)
Train epoch: 18 | Loss: *0.253* | Acc: *91.300%* (45650/50000) 
Test epoch: 18 | Loss: *0.730* | Acc: *76.540%* (7654/10000)
Train epoch: 19 | Loss: *0.234* | Acc: *91.922%* (45961/50000) 
Test epoch: 19 | Loss: *0.536* | Acc: *82.640%* (8264/10000)
Train epoch: 20 | Loss: *0.224* | Acc: *92.300%* (46150/50000) 
Test epoch: 20 | Loss: *0.616* | Acc: *80.720%* (8072/10000)
Train epoch: 21 | Loss: *0.211* | Acc: *92.708%* (46354/50000) 
Test epoch: 21 | Loss: *0.564* | Acc: *82.060%* (8206/10000)
Train epoch: 22 | Loss: *0.199* | Acc: *93.046%* (46523/50000) 
Test epoch: 22 | Loss: *0.647* | Acc: *80.250%* (8025/10000)
Train epoch: 23 | Loss: *0.187* | Acc: *93.434%* (46717/50000) 
Test epoch: 23 | Loss: *0.527* | Acc: *83.320%* (8332/10000)
Train epoch: 24 | Loss: *0.176* | Acc: *93.868%* (46934/50000) 
Test epoch: 24 | Loss: *0.598* | Acc: *81.390%* (8139/10000)
Train epoch: 25 | Loss: *0.171* | Acc: *94.230%* (47115/50000) 
Test epoch: 25 | Loss: *0.699* | Acc: *79.700%* (7970/10000)
Train epoch: 26 | Loss: *0.166* | Acc: *94.264%* (47132/50000) 
Test epoch: 26 | Loss: *0.489* | Acc: *85.060%* (8506/10000)
Train epoch: 27 | Loss: *0.154* | Acc: *94.680%* (47340/50000) 
Test epoch: 27 | Loss: *0.590* | Acc: *82.210%* (8221/10000)
Train epoch: 28 | Loss: *0.151* | Acc: *94.848%* (47424/50000) 
Test epoch: 28 | Loss: *0.575* | Acc: *83.130%* (8313/10000)
Train epoch: 29 | Loss: *0.142* | Acc: *95.028%* (47514/50000) 
Test epoch: 29 | Loss: *0.704* | Acc: *79.870%* (7987/10000)
Train epoch: 30 | Loss: *0.143* | Acc: *95.088%* (47544/50000) 
Test epoch: 30 | Loss: *0.639* | Acc: *81.760%* (8176/10000)
Train epoch: 31 | Loss: *0.133* | Acc: *95.394%* (47697/50000) 
Test epoch: 31 | Loss: *0.666* | Acc: *80.720%* (8072/10000)
Train epoch: 32 | Loss: *0.134* | Acc: *95.324%* (47662/50000) 
Test epoch: 32 | Loss: *1.068* | Acc: *72.990%* (7299/10000)
Train epoch: 33 | Loss: *0.129* | Acc: *95.534%* (47767/50000) 
Test epoch: 33 | Loss: *0.676* | Acc: *80.760%* (8076/10000)
Train epoch: 34 | Loss: *0.117* | Acc: *95.956%* (47978/50000) 
Test epoch: 34 | Loss: *0.662* | Acc: *81.650%* (8165/10000)
Train epoch: 35 | Loss: *0.132* | Acc: *95.378%* (47689/50000) 
Test epoch: 35 | Loss: *0.592* | Acc: *82.090%* (8209/10000)
Train epoch: 36 | Loss: *0.112* | Acc: *96.210%* (48105/50000) 
Test epoch: 36 | Loss: *0.592* | Acc: *83.120%* (8312/10000)
Train epoch: 37 | Loss: *0.124* | Acc: *95.730%* (47865/50000) 
Test epoch: 37 | Loss: *0.771* | Acc: *79.090%* (7909/10000)
Train epoch: 38 | Loss: *0.110* | Acc: *96.304%* (48152/50000) 
Test epoch: 38 | Loss: *0.797* | Acc: *80.360%* (8036/10000)
Train epoch: 39 | Loss: *0.104* | Acc: *96.472%* (48236/50000) 
Test epoch: 39 | Loss: *0.576* | Acc: *83.520%* (8352/10000)
Train epoch: 40 | Loss: *0.107* | Acc: *96.288%* (48144/50000) 
Test epoch: 40 | Loss: *0.719* | Acc: *80.270%* (8027/10000)
Train epoch: 41 | Loss: *0.106* | Acc: *96.386%* (48193/50000) 
Test epoch: 41 | Loss: *0.668* | Acc: *81.780%* (8178/10000)
Train epoch: 42 | Loss: *0.107* | Acc: *96.374%* (48187/50000) 
Test epoch: 42 | Loss: *0.615* | Acc: *83.060%* (8306/10000)
Train epoch: 43 | Loss: *0.098* | Acc: *96.650%* (48325/50000) 
Test epoch: 43 | Loss: *0.670* | Acc: *80.950%* (8095/10000)
Train epoch: 44 | Loss: *0.103* | Acc: *96.564%* (48282/50000) 
Test epoch: 44 | Loss: *0.694* | Acc: *81.260%* (8126/10000)
Train epoch: 45 | Loss: *0.098* | Acc: *96.668%* (48334/50000) 
Test epoch: 45 | Loss: *0.658* | Acc: *82.220%* (8222/10000)
Train epoch: 46 | Loss: *0.091* | Acc: *96.924%* (48462/50000) 
Test epoch: 46 | Loss: *0.623* | Acc: *82.760%* (8276/10000)
Train epoch: 47 | Loss: *0.095* | Acc: *96.842%* (48421/50000) 
Test epoch: 47 | Loss: *0.901* | Acc: *77.440%* (7744/10000)
Train epoch: 48 | Loss: *0.094* | Acc: *96.776%* (48388/50000) 
Test epoch: 48 | Loss: *0.774* | Acc: *79.610%* (7961/10000)
Train epoch: 49 | Loss: *0.092* | Acc: *96.932%* (48466/50000) 
Test epoch: 49 | Loss: *0.743* | Acc: *79.990%* (7999/10000)
Train epoch: 50 | Loss: *0.089* | Acc: *97.018%* (48509/50000) 
Test epoch: 50 | Loss: *0.722* | Acc: *80.500%* (8050/10000)
Train epoch: 51 | Loss: *0.087* | Acc: *97.134%* (48567/50000) 
Test epoch: 51 | Loss: *0.647* | Acc: *82.510%* (8251/10000)
Train epoch: 52 | Loss: *0.086* | Acc: *97.104%* (48552/50000) 
Test epoch: 52 | Loss: *0.641* | Acc: *82.930%* (8293/10000)
Train epoch: 53 | Loss: *0.085* | Acc: *97.154%* (48577/50000) 
Test epoch: 53 | Loss: *0.719* | Acc: *82.450%* (8245/10000)
Train epoch: 54 | Loss: *0.084* | Acc: *97.172%* (48586/50000) 
Test epoch: 54 | Loss: *0.656* | Acc: *82.740%* (8274/10000)
Train epoch: 55 | Loss: *0.081* | Acc: *97.242%* (48621/50000) 
Test epoch: 55 | Loss: *0.635* | Acc: *83.130%* (8313/10000)
Train epoch: 56 | Loss: *0.081* | Acc: *97.398%* (48699/50000) 
Test epoch: 56 | Loss: *0.771* | Acc: *80.470%* (8047/10000)
Train epoch: 57 | Loss: *0.080* | Acc: *97.360%* (48680/50000) 
Test epoch: 57 | Loss: *0.680* | Acc: *81.170%* (8117/10000)
Train epoch: 58 | Loss: *0.075* | Acc: *97.534%* (48767/50000) 
Test epoch: 58 | Loss: *0.815* | Acc: *78.870%* (7887/10000)
Train epoch: 59 | Loss: *0.077* | Acc: *97.470%* (48735/50000) 
Test epoch: 59 | Loss: *0.662* | Acc: *82.060%* (8206/10000)
Train epoch: 60 | Loss: *0.076* | Acc: *97.474%* (48737/50000) 
Test epoch: 60 | Loss: *0.712* | Acc: *80.730%* (8073/10000)
Train epoch: 61 | Loss: *0.075* | Acc: *97.516%* (48758/50000) 
Test epoch: 61 | Loss: *0.638* | Acc: *83.440%* (8344/10000)
Train epoch: 62 | Loss: *0.073* | Acc: *97.582%* (48791/50000) 
Test epoch: 62 | Loss: *0.659* | Acc: *82.640%* (8264/10000)
Train epoch: 63 | Loss: *0.074* | Acc: *97.584%* (48792/50000) 
Test epoch: 63 | Loss: *0.716* | Acc: *81.930%* (8193/10000)
Train epoch: 64 | Loss: *0.073* | Acc: *97.586%* (48793/50000) 
Test epoch: 64 | Loss: *0.689* | Acc: *81.910%* (8191/10000)
Train epoch: 65 | Loss: *0.070* | Acc: *97.698%* (48849/50000) 
Test epoch: 65 | Loss: *0.653* | Acc: *82.670%* (8267/10000)
Train epoch: 66 | Loss: *0.066* | Acc: *97.834%* (48917/50000) 
Test epoch: 66 | Loss: *0.708* | Acc: *81.700%* (8170/10000)
Train epoch: 67 | Loss: *0.069* | Acc: *97.762%* (48881/50000) 
Test epoch: 67 | Loss: *0.679* | Acc: *82.940%* (8294/10000)
Train epoch: 68 | Loss: *0.061* | Acc: *98.044%* (49022/50000) 
Test epoch: 68 | Loss: *0.665* | Acc: *82.960%* (8296/10000)
Train epoch: 69 | Loss: *0.066* | Acc: *97.838%* (48919/50000) 
Test epoch: 69 | Loss: *0.689* | Acc: *82.550%* (8255/10000)
Train epoch: 70 | Loss: *0.071* | Acc: *97.586%* (48793/50000) 
Test epoch: 70 | Loss: *0.689* | Acc: *82.960%* (8296/10000)
Train epoch: 71 | Loss: *0.062* | Acc: *97.984%* (48992/50000) 
Test epoch: 71 | Loss: *0.837* | Acc: *80.140%* (8014/10000)
Train epoch: 72 | Loss: *0.061* | Acc: *98.030%* (49015/50000) 
Test epoch: 72 | Loss: *0.708* | Acc: *82.340%* (8234/10000)
Train epoch: 73 | Loss: *0.061* | Acc: *98.054%* (49027/50000) 
Test epoch: 73 | Loss: *0.636* | Acc: *82.980%* (8298/10000)
Train epoch: 74 | Loss: *0.052* | Acc: *98.308%* (49154/50000) 
Test epoch: 74 | Loss: *0.781* | Acc: *80.460%* (8046/10000)
Train epoch: 75 | Loss: *0.063* | Acc: *97.948%* (48974/50000) 
Test epoch: 75 | Loss: *0.699* | Acc: *82.520%* (8252/10000)
Train epoch: 76 | Loss: *0.061* | Acc: *98.044%* (49022/50000) 
Test epoch: 76 | Loss: *0.911* | Acc: *77.980%* (7798/10000)
Train epoch: 77 | Loss: *0.055* | Acc: *98.242%* (49121/50000) 
Test epoch: 77 | Loss: *0.647* | Acc: *83.470%* (8347/10000)
Train epoch: 78 | Loss: *0.058* | Acc: *98.164%* (49082/50000) 
Test epoch: 78 | Loss: *0.668* | Acc: *82.830%* (8283/10000)
Train epoch: 79 | Loss: *0.055* | Acc: *98.274%* (49137/50000) 
Test epoch: 79 | Loss: *0.618* | Acc: *83.260%* (8326/10000)
Train epoch: 80 | Loss: *0.057* | Acc: *98.178%* (49089/50000) 
Test epoch: 80 | Loss: *0.653* | Acc: *83.000%* (8300/10000)
Train epoch: 81 | Loss: *0.053* | Acc: *98.294%* (49147/50000) 
Test epoch: 81 | Loss: *0.678* | Acc: *82.180%* (8218/10000)
Train epoch: 82 | Loss: *0.050* | Acc: *98.446%* (49223/50000) 
Test epoch: 82 | Loss: *0.670* | Acc: *82.860%* (8286/10000)
Train epoch: 83 | Loss: *0.052* | Acc: *98.306%* (49153/50000) 
Test epoch: 83 | Loss: *0.651* | Acc: *82.870%* (8287/10000)
Train epoch: 84 | Loss: *0.050* | Acc: *98.420%* (49210/50000) 
Test epoch: 84 | Loss: *0.631* | Acc: *84.110%* (8411/10000)
Train epoch: 85 | Loss: *0.053* | Acc: *98.340%* (49170/50000) 
Test epoch: 85 | Loss: *0.603* | Acc: *84.660%* (8466/10000)
Train epoch: 86 | Loss: *0.043* | Acc: *98.768%* (49384/50000) 
Test epoch: 86 | Loss: *0.712* | Acc: *82.170%* (8217/10000)
Train epoch: 87 | Loss: *0.044* | Acc: *98.660%* (49330/50000) 
Test epoch: 87 | Loss: *0.701* | Acc: *81.800%* (8180/10000)
Train epoch: 88 | Loss: *0.049* | Acc: *98.450%* (49225/50000) 
Test epoch: 88 | Loss: *0.668* | Acc: *83.210%* (8321/10000)
Train epoch: 89 | Loss: *0.048* | Acc: *98.534%* (49267/50000) 
Test epoch: 89 | Loss: *0.710* | Acc: *81.840%* (8184/10000)
Train epoch: 90 | Loss: *0.049* | Acc: *98.438%* (49219/50000) 
Test epoch: 90 | Loss: *0.716* | Acc: *81.930%* (8193/10000)
Train epoch: 91 | Loss: *0.044* | Acc: *98.662%* (49331/50000) 
Test epoch: 91 | Loss: *0.652* | Acc: *83.720%* (8372/10000)
Train epoch: 92 | Loss: *0.040* | Acc: *98.786%* (49393/50000) 
Test epoch: 92 | Loss: *0.670* | Acc: *83.300%* (8330/10000)
Train epoch: 93 | Loss: *0.035* | Acc: *99.004%* (49502/50000) 
Test epoch: 93 | Loss: *0.973* | Acc: *79.200%* (7920/10000)
Train epoch: 94 | Loss: *0.054* | Acc: *98.238%* (49119/50000) 
Test epoch: 94 | Loss: *0.745* | Acc: *81.640%* (8164/10000)
Train epoch: 95 | Loss: *0.039* | Acc: *98.810%* (49405/50000) 
Test epoch: 95 | Loss: *0.638* | Acc: *84.180%* (8418/10000)
Train epoch: 96 | Loss: *0.036* | Acc: *98.964%* (49482/50000) 
Test epoch: 96 | Loss: *0.638* | Acc: *83.830%* (8383/10000)
Train epoch: 97 | Loss: *0.034* | Acc: *98.956%* (49478/50000) 
Test epoch: 97 | Loss: *0.663* | Acc: *83.900%* (8390/10000)
Train epoch: 98 | Loss: *0.040* | Acc: *98.762%* (49381/50000) 
Test epoch: 98 | Loss: *0.696* | Acc: *82.980%* (8298/10000)
Train epoch: 99 | Loss: *0.035* | Acc: *98.942%* (49471/50000) 
Test epoch: 99 | Loss: *0.677* | Acc: *82.980%* (8298/10000)
Train epoch: 100 | Loss: *0.037* | Acc: *98.838%* (49419/50000) 
Test epoch: 100 | Loss: *0.747* | Acc: *81.820%* (8182/10000)
Train epoch: 101 | Loss: *0.030* | Acc: *99.162%* (49581/50000) 
Test epoch: 101 | Loss: *0.709* | Acc: *83.040%* (8304/10000)
Train epoch: 102 | Loss: *0.039* | Acc: *98.856%* (49428/50000) 
Test epoch: 102 | Loss: *0.699* | Acc: *83.100%* (8310/10000)
Train epoch: 103 | Loss: *0.036* | Acc: *98.906%* (49453/50000) 
Test epoch: 103 | Loss: *0.636* | Acc: *84.180%* (8418/10000)
Train epoch: 104 | Loss: *0.031* | Acc: *99.104%* (49552/50000) 
Test epoch: 104 | Loss: *0.678* | Acc: *83.170%* (8317/10000)
Train epoch: 105 | Loss: *0.027* | Acc: *99.238%* (49619/50000) 
Test epoch: 105 | Loss: *0.752* | Acc: *81.990%* (8199/10000)
Train epoch: 106 | Loss: *0.039* | Acc: *98.844%* (49422/50000) 
Test epoch: 106 | Loss: *0.727* | Acc: *82.390%* (8239/10000)
Train epoch: 107 | Loss: *0.037* | Acc: *98.852%* (49426/50000) 
Test epoch: 107 | Loss: *0.627* | Acc: *84.310%* (8431/10000)
Train epoch: 108 | Loss: *0.017* | Acc: *99.606%* (49803/50000) 
Test epoch: 108 | Loss: *0.612* | Acc: *85.030%* (8503/10000)
Train epoch: 109 | Loss: *0.017* | Acc: *99.590%* (49795/50000) 
Test epoch: 109 | Loss: *0.767* | Acc: *81.430%* (8143/10000)
Train epoch: 110 | Loss: *0.040* | Acc: *98.754%* (49377/50000) 
Test epoch: 110 | Loss: *0.766* | Acc: *81.750%* (8175/10000)
Train epoch: 111 | Loss: *0.038* | Acc: *98.836%* (49418/50000) 
Test epoch: 111 | Loss: *0.661* | Acc: *83.860%* (8386/10000)
Train epoch: 112 | Loss: *0.024* | Acc: *99.326%* (49663/50000) 
Test epoch: 112 | Loss: *0.652* | Acc: *84.260%* (8426/10000)
Train epoch: 113 | Loss: *0.020* | Acc: *99.486%* (49743/50000) 
Test epoch: 113 | Loss: *0.709* | Acc: *82.570%* (8257/10000)
Train epoch: 114 | Loss: *0.019* | Acc: *99.482%* (49741/50000) 
Test epoch: 114 | Loss: *0.624* | Acc: *84.340%* (8434/10000)
Train epoch: 115 | Loss: *0.022* | Acc: *99.450%* (49725/50000) 
Test epoch: 115 | Loss: *0.676* | Acc: *82.750%* (8275/10000)
Train epoch: 116 | Loss: *0.034* | Acc: *98.996%* (49498/50000) 
Test epoch: 116 | Loss: *0.638* | Acc: *84.500%* (8450/10000)
Train epoch: 117 | Loss: *0.023* | Acc: *99.428%* (49714/50000) 
Test epoch: 117 | Loss: *0.656* | Acc: *83.450%* (8345/10000)
Train epoch: 118 | Loss: *0.022* | Acc: *99.468%* (49734/50000) 
Test epoch: 118 | Loss: *0.603* | Acc: *84.750%* (8475/10000)
Train epoch: 119 | Loss: *0.017* | Acc: *99.582%* (49791/50000) 
Test epoch: 119 | Loss: *0.646* | Acc: *83.800%* (8380/10000)
Train epoch: 120 | Loss: *0.015* | Acc: *99.650%* (49825/50000) 
Test epoch: 120 | Loss: *0.651* | Acc: *84.570%* (8457/10000)
Train epoch: 121 | Loss: *0.028* | Acc: *99.190%* (49595/50000) 
Test epoch: 121 | Loss: *0.669* | Acc: *83.090%* (8309/10000)
Train epoch: 122 | Loss: *0.028* | Acc: *99.194%* (49597/50000) 
Test epoch: 122 | Loss: *0.655* | Acc: *84.120%* (8412/10000)
Train epoch: 123 | Loss: *0.014* | Acc: *99.674%* (49837/50000) 
Test epoch: 123 | Loss: *0.684* | Acc: *83.810%* (8381/10000)
Train epoch: 124 | Loss: *0.013* | Acc: *99.764%* (49882/50000) 
Test epoch: 124 | Loss: *0.683* | Acc: *83.790%* (8379/10000)
Train epoch: 125 | Loss: *0.011* | Acc: *99.804%* (49902/50000) 
Test epoch: 125 | Loss: *0.585* | Acc: *85.130%* (8513/10000)
Train epoch: 126 | Loss: *0.014* | Acc: *99.698%* (49849/50000) 
Test epoch: 126 | Loss: *0.648* | Acc: *84.290%* (8429/10000)
Train epoch: 127 | Loss: *0.029* | Acc: *99.222%* (49611/50000) 
Test epoch: 127 | Loss: *0.724* | Acc: *82.240%* (8224/10000)
Train epoch: 128 | Loss: *0.025* | Acc: *99.342%* (49671/50000) 
Test epoch: 128 | Loss: *0.650* | Acc: *83.700%* (8370/10000)
Train epoch: 129 | Loss: *0.012* | Acc: *99.766%* (49883/50000) 
Test epoch: 129 | Loss: *0.602* | Acc: *84.980%* (8498/10000)
Train epoch: 130 | Loss: *0.009* | Acc: *99.854%* (49927/50000) 
Test epoch: 130 | Loss: *0.590* | Acc: *85.290%* (8529/10000)
Train epoch: 131 | Loss: *0.006* | Acc: *99.944%* (49972/50000) 
Test epoch: 131 | Loss: *0.582* | Acc: *85.360%* (8536/10000)
Train epoch: 132 | Loss: *0.015* | Acc: *99.678%* (49839/50000) 
Test epoch: 132 | Loss: *0.663* | Acc: *83.830%* (8383/10000)
Train epoch: 133 | Loss: *0.023* | Acc: *99.400%* (49700/50000) 
Test epoch: 133 | Loss: *0.697* | Acc: *83.190%* (8319/10000)
Train epoch: 134 | Loss: *0.020* | Acc: *99.444%* (49722/50000) 
Test epoch: 134 | Loss: *0.604* | Acc: *84.590%* (8459/10000)
Train epoch: 135 | Loss: *0.009* | Acc: *99.854%* (49927/50000) 
Test epoch: 135 | Loss: *0.608* | Acc: *85.030%* (8503/10000)
Train epoch: 136 | Loss: *0.005* | Acc: *99.956%* (49978/50000) 
Test epoch: 136 | Loss: *0.565* | Acc: *85.810%* (8581/10000)
Train epoch: 137 | Loss: *0.004* | Acc: *99.976%* (49988/50000) 
Test epoch: 137 | Loss: *0.546* | Acc: *86.220%* (8622/10000)
Train epoch: 138 | Loss: *0.003* | Acc: *99.996%* (49998/50000) 
Test epoch: 138 | Loss: *0.529* | Acc: *86.060%* (8606/10000)
Train epoch: 139 | Loss: *0.003* | Acc: *100.000%* (50000/50000) 
Test epoch: 139 | Loss: *0.515* | Acc: *86.140%* (8614/10000)
Train epoch: 140 | Loss: *0.003* | Acc: *100.000%* (50000/50000) 
Test epoch: 140 | Loss: *0.508* | Acc: *86.540%* (8654/10000)
Train epoch: 141 | Loss: *0.049* | Acc: *98.560%* (49280/50000) 
Test epoch: 141 | Loss: *0.677* | Acc: *82.420%* (8242/10000)
Train epoch: 142 | Loss: *0.024* | Acc: *99.454%* (49727/50000) 
Test epoch: 142 | Loss: *0.563* | Acc: *85.180%* (8518/10000)
Train epoch: 143 | Loss: *0.008* | Acc: *99.912%* (49956/50000) 
Test epoch: 143 | Loss: *0.604* | Acc: *84.120%* (8412/10000)
Train epoch: 144 | Loss: *0.005* | Acc: *99.970%* (49985/50000) 
Test epoch: 144 | Loss: *0.538* | Acc: *86.080%* (8608/10000)
Train epoch: 145 | Loss: *0.003* | Acc: *100.000%* (50000/50000) 
Test epoch: 145 | Loss: *0.521* | Acc: *86.170%* (8617/10000)
Train epoch: 146 | Loss: *0.003* | Acc: *99.994%* (49997/50000) 
Test epoch: 146 | Loss: *0.526* | Acc: *85.830%* (8583/10000)
Train epoch: 147 | Loss: *0.003* | Acc: *99.994%* (49997/50000) 
Test epoch: 147 | Loss: *0.512* | Acc: *86.050%* (8605/10000)
Train epoch: 148 | Loss: *0.002* | Acc: *100.000%* (50000/50000) 
Test epoch: 148 | Loss: *0.510* | Acc: *85.890%* (8589/10000)
Train epoch: 149 | Loss: *0.003* | Acc: *99.994%* (49997/50000) 
Test epoch: 149 | Loss: *0.528* | Acc: *85.550%* (8555/10000)
Train epoch: 150 | Loss: *0.004* | Acc: *99.998%* (49999/50000) 
Test epoch: 150 | Loss: *0.539* | Acc: *85.640%* (8564/10000)
Train epoch: 151 | Loss: *0.040* | Acc: *98.918%* (49459/50000) 
Test epoch: 151 | Loss: *0.598* | Acc: *84.420%* (8442/10000)
Train epoch: 152 | Loss: *0.015* | Acc: *99.738%* (49869/50000) 
Test epoch: 152 | Loss: *0.585* | Acc: *85.270%* (8527/10000)
Train epoch: 153 | Loss: *0.006* | Acc: *99.950%* (49975/50000) 
Test epoch: 153 | Loss: *0.566* | Acc: *85.460%* (8546/10000)
Train epoch: 154 | Loss: *0.003* | Acc: *99.990%* (49995/50000) 
Test epoch: 154 | Loss: *0.550* | Acc: *85.830%* (8583/10000)
Train epoch: 155 | Loss: *0.002* | Acc: *100.000%* (50000/50000) 
Test epoch: 155 | Loss: *0.538* | Acc: *85.970%* (8597/10000)
Train epoch: 156 | Loss: *0.002* | Acc: *100.000%* (50000/50000) 
Test epoch: 156 | Loss: *0.529* | Acc: *86.110%* (8611/10000)
Train epoch: 157 | Loss: *0.002* | Acc: *100.000%* (50000/50000) 
Test epoch: 157 | Loss: *0.524* | Acc: *86.210%* (8621/10000)
Train epoch: 158 | Loss: *0.002* | Acc: *100.000%* (50000/50000) 
Test epoch: 158 | Loss: *0.521* | Acc: *86.210%* (8621/10000)
Train epoch: 159 | Loss: *0.002* | Acc: *99.998%* (49999/50000) 
Test epoch: 159 | Loss: *0.516* | Acc: *86.090%* (8609/10000)
Train epoch: 160 | Loss: *0.003* | Acc: *99.998%* (49999/50000) 
Test epoch: 160 | Loss: *0.519* | Acc: *86.250%* (8625/10000)
Train epoch: 161 | Loss: *0.003* | Acc: *99.998%* (49999/50000) 
Test epoch: 161 | Loss: *0.607* | Acc: *84.080%* (8408/10000)
Train epoch: 162 | Loss: *0.016* | Acc: *99.704%* (49852/50000) 
Test epoch: 162 | Loss: *0.594* | Acc: *84.420%* (8442/10000)
Train epoch: 163 | Loss: *0.009* | Acc: *99.886%* (49943/50000) 
Test epoch: 163 | Loss: *0.551* | Acc: *85.680%* (8568/10000)
Train epoch: 164 | Loss: *0.003* | Acc: *99.992%* (49996/50000) 
Test epoch: 164 | Loss: *0.551* | Acc: *85.800%* (8580/10000)
Train epoch: 165 | Loss: *0.002* | Acc: *100.000%* (50000/50000) 
Test epoch: 165 | Loss: *0.529* | Acc: *86.180%* (8618/10000)
Train epoch: 166 | Loss: *0.002* | Acc: *100.000%* (50000/50000) 
Test epoch: 166 | Loss: *0.525* | Acc: *86.250%* (8625/10000)
Train epoch: 167 | Loss: *0.002* | Acc: *100.000%* (50000/50000) 
Test epoch: 167 | Loss: *0.518* | Acc: *86.270%* (8627/10000)
Train epoch: 168 | Loss: *0.002* | Acc: *100.000%* (50000/50000) 
Test epoch: 168 | Loss: *0.514* | Acc: *86.200%* (8620/10000)
Train epoch: 169 | Loss: *0.002* | Acc: *100.000%* (50000/50000) 
Test epoch: 169 | Loss: *0.521* | Acc: *85.850%* (8585/10000)
Train epoch: 170 | Loss: *0.002* | Acc: *100.000%* (50000/50000) 
Test epoch: 170 | Loss: *0.508* | Acc: *86.230%* (8623/10000)
Train epoch: 171 | Loss: *0.003* | Acc: *99.996%* (49998/50000) 
Test epoch: 171 | Loss: *0.522* | Acc: *85.730%* (8573/10000)
Train epoch: 172 | Loss: *0.002* | Acc: *100.000%* (50000/50000) 
Test epoch: 172 | Loss: *0.516* | Acc: *85.980%* (8598/10000)
Train epoch: 173 | Loss: *0.002* | Acc: *100.000%* (50000/50000) 
Test epoch: 173 | Loss: *0.516* | Acc: *85.840%* (8584/10000)
Train epoch: 174 | Loss: *0.002* | Acc: *99.998%* (49999/50000) 
Test epoch: 174 | Loss: *0.513* | Acc: *85.960%* (8596/10000)
Train epoch: 175 | Loss: *0.002* | Acc: *99.998%* (49999/50000) 
Test epoch: 175 | Loss: *0.515* | Acc: *86.020%* (8602/10000)
Train epoch: 176 | Loss: *0.002* | Acc: *100.000%* (50000/50000) 
Test epoch: 176 | Loss: *0.515* | Acc: *85.880%* (8588/10000)
Train epoch: 177 | Loss: *0.002* | Acc: *100.000%* (50000/50000) 
Test epoch: 177 | Loss: *0.509* | Acc: *85.860%* (8586/10000)
Train epoch: 178 | Loss: *0.002* | Acc: *100.000%* (50000/50000) 
Test epoch: 178 | Loss: *0.509* | Acc: *86.010%* (8601/10000)
Train epoch: 179 | Loss: *0.002* | Acc: *100.000%* (50000/50000) 
Test epoch: 179 | Loss: *0.520* | Acc: *85.910%* (8591/10000)
Train epoch: 180 | Loss: *0.002* | Acc: *100.000%* (50000/50000) 
Test epoch: 180 | Loss: *0.510* | Acc: *86.020%* (8602/10000)
Train epoch: 181 | Loss: *0.002* | Acc: *100.000%* (50000/50000) 
Test epoch: 181 | Loss: *0.513* | Acc: *86.060%* (8606/10000)
Train epoch: 182 | Loss: *0.002* | Acc: *100.000%* (50000/50000) 
Test epoch: 182 | Loss: *0.508* | Acc: *85.740%* (8574/10000)
Train epoch: 183 | Loss: *0.002* | Acc: *100.000%* (50000/50000) 
Test epoch: 183 | Loss: *0.511* | Acc: *85.950%* (8595/10000)
Train epoch: 184 | Loss: *0.002* | Acc: *100.000%* (50000/50000) 
Test epoch: 184 | Loss: *0.515* | Acc: *85.680%* (8568/10000)
Train epoch: 185 | Loss: *0.002* | Acc: *100.000%* (50000/50000) 
Test epoch: 185 | Loss: *0.513* | Acc: *85.980%* (8598/10000)
Train epoch: 186 | Loss: *0.002* | Acc: *100.000%* (50000/50000) 
Test epoch: 186 | Loss: *0.516* | Acc: *85.920%* (8592/10000)
Train epoch: 187 | Loss: *0.002* | Acc: *100.000%* (50000/50000) 
Test epoch: 187 | Loss: *0.515* | Acc: *85.650%* (8565/10000)
Train epoch: 188 | Loss: *0.002* | Acc: *100.000%* (50000/50000) 
Test epoch: 188 | Loss: *0.514* | Acc: *85.790%* (8579/10000)
Train epoch: 189 | Loss: *0.002* | Acc: *100.000%* (50000/50000) 
Test epoch: 189 | Loss: *0.516* | Acc: *85.820%* (8582/10000)
Train epoch: 190 | Loss: *0.002* | Acc: *100.000%* (50000/50000) 
Test epoch: 190 | Loss: *0.519* | Acc: *85.660%* (8566/10000)
Train epoch: 191 | Loss: *0.002* | Acc: *100.000%* (50000/50000) 
Test epoch: 191 | Loss: *0.516* | Acc: *85.690%* (8569/10000)
Train epoch: 192 | Loss: *0.002* | Acc: *100.000%* (50000/50000) 
Test epoch: 192 | Loss: *0.517* | Acc: *85.980%* (8598/10000)
Train epoch: 193 | Loss: *0.002* | Acc: *100.000%* (50000/50000) 
Test epoch: 193 | Loss: *0.512* | Acc: *85.940%* (8594/10000)
Train epoch: 194 | Loss: *0.002* | Acc: *100.000%* (50000/50000) 
Test epoch: 194 | Loss: *0.515* | Acc: *85.760%* (8576/10000)
Train epoch: 195 | Loss: *0.002* | Acc: *100.000%* (50000/50000) 
Test epoch: 195 | Loss: *0.516* | Acc: *85.870%* (8587/10000)
Train epoch: 196 | Loss: *0.002* | Acc: *100.000%* (50000/50000) 
Test epoch: 196 | Loss: *0.514* | Acc: *85.780%* (8578/10000)
Train epoch: 197 | Loss: *0.002* | Acc: *100.000%* (50000/50000) 
Test epoch: 197 | Loss: *0.513* | Acc: *85.870%* (8587/10000)
Train epoch: 198 | Loss: *0.002* | Acc: *100.000%* (50000/50000) 
Test epoch: 198 | Loss: *0.514* | Acc: *85.700%* (8570/10000)
Train epoch: 199 | Loss: *0.002* | Acc: *100.000%* (50000/50000) 
Test epoch: 199 | Loss: *0.518* | Acc: *85.630%* (8563/10000)
Train epoch: 200 | Loss: *0.002* | Acc: *100.000%* (50000/50000) 
Test epoch: 200 | Loss: *0.513* | Acc: *85.870%* (8587/10000)
Train epoch: 201 | Loss: *0.002* | Acc: *100.000%* (50000/50000) 
Test epoch: 201 | Loss: *0.514* | Acc: *85.750%* (8575/10000)
Train epoch: 202 | Loss: *0.002* | Acc: *100.000%* (50000/50000) 
Test epoch: 202 | Loss: *0.515* | Acc: *85.800%* (8580/10000)
Train epoch: 203 | Loss: *0.002* | Acc: *100.000%* (50000/50000) 
Test epoch: 203 | Loss: *0.518* | Acc: *85.560%* (8556/10000)
Train epoch: 204 | Loss: *0.002* | Acc: *100.000%* (50000/50000) 
Test epoch: 204 | Loss: *0.515* | Acc: *85.770%* (8577/10000)
Train epoch: 205 | Loss: *0.002* | Acc: *100.000%* (50000/50000) 
Test epoch: 205 | Loss: *0.518* | Acc: *85.620%* (8562/10000)
Train epoch: 206 | Loss: *0.002* | Acc: *100.000%* (50000/50000) 
Test epoch: 206 | Loss: *0.519* | Acc: *85.740%* (8574/10000)
Train epoch: 207 | Loss: *0.002* | Acc: *100.000%* (50000/50000) 
Test epoch: 207 | Loss: *0.517* | Acc: *85.820%* (8582/10000)
Train epoch: 208 | Loss: *0.002* | Acc: *100.000%* (50000/50000) 
Test epoch: 208 | Loss: *0.513* | Acc: *85.850%* (8585/10000)
Train epoch: 209 | Loss: *0.002* | Acc: *100.000%* (50000/50000) 
Test epoch: 209 | Loss: *0.515* | Acc: *85.820%* (8582/10000)
Train epoch: 210 | Loss: *0.002* | Acc: *100.000%* (50000/50000) 
Test epoch: 210 | Loss: *0.512* | Acc: *86.010%* (8601/10000)
Train epoch: 211 | Loss: *0.002* | Acc: *100.000%* (50000/50000) 
Test epoch: 211 | Loss: *0.517* | Acc: *85.580%* (8558/10000)
Train epoch: 212 | Loss: *0.002* | Acc: *100.000%* (50000/50000) 
Test epoch: 212 | Loss: *0.520* | Acc: *85.550%* (8555/10000)
Train epoch: 213 | Loss: *0.002* | Acc: *100.000%* (50000/50000) 
Test epoch: 213 | Loss: *0.522* | Acc: *85.560%* (8556/10000)
Train epoch: 214 | Loss: *0.002* | Acc: *100.000%* (50000/50000) 
Test epoch: 214 | Loss: *0.523* | Acc: *85.610%* (8561/10000)
Train epoch: 215 | Loss: *0.002* | Acc: *100.000%* (50000/50000) 
Test epoch: 215 | Loss: *0.525* | Acc: *85.570%* (8557/10000)
Train epoch: 216 | Loss: *0.002* | Acc: *100.000%* (50000/50000) 
Test epoch: 216 | Loss: *0.526* | Acc: *85.740%* (8574/10000)
Train epoch: 217 | Loss: *0.002* | Acc: *100.000%* (50000/50000) 
Test epoch: 217 | Loss: *0.523* | Acc: *85.710%* (8571/10000)
Train epoch: 218 | Loss: *0.002* | Acc: *100.000%* (50000/50000) 
Test epoch: 218 | Loss: *0.528* | Acc: *85.620%* (8562/10000)
Train epoch: 219 | Loss: *0.002* | Acc: *100.000%* (50000/50000) 
Test epoch: 219 | Loss: *0.532* | Acc: *85.630%* (8563/10000)
Train epoch: 220 | Loss: *0.002* | Acc: *100.000%* (50000/50000) 
Test epoch: 220 | Loss: *0.538* | Acc: *85.460%* (8546/10000)
Train epoch: 221 | Loss: *0.002* | Acc: *100.000%* (50000/50000) 
Test epoch: 221 | Loss: *0.542* | Acc: *85.400%* (8540/10000)
Train epoch: 222 | Loss: *0.003* | Acc: *99.994%* (49997/50000) 
Test epoch: 222 | Loss: *0.575* | Acc: *84.770%* (8477/10000)
Train epoch: 223 | Loss: *0.006* | Acc: *99.974%* (49987/50000) 
Test epoch: 223 | Loss: *0.577* | Acc: *84.940%* (8494/10000)
Train epoch: 224 | Loss: *0.003* | Acc: *99.996%* (49998/50000) 
Test epoch: 224 | Loss: *0.559* | Acc: *85.420%* (8542/10000)
Train epoch: 225 | Loss: *0.002* | Acc: *100.000%* (50000/50000) 
Test epoch: 225 | Loss: *0.547* | Acc: *85.210%* (8521/10000)
Train epoch: 226 | Loss: *0.002* | Acc: *100.000%* (50000/50000) 
Test epoch: 226 | Loss: *0.554* | Acc: *85.380%* (8538/10000)
Train epoch: 227 | Loss: *0.005* | Acc: *99.954%* (49977/50000) 
Test epoch: 227 | Loss: *0.646* | Acc: *83.160%* (8316/10000)
Train epoch: 228 | Loss: *0.012* | Acc: *99.822%* (49911/50000) 
Test epoch: 228 | Loss: *0.585* | Acc: *84.460%* (8446/10000)
Train epoch: 229 | Loss: *0.004* | Acc: *99.986%* (49993/50000) 
Test epoch: 229 | Loss: *0.568* | Acc: *85.270%* (8527/10000)
Train epoch: 230 | Loss: *0.002* | Acc: *100.000%* (50000/50000) 
Test epoch: 230 | Loss: *0.555* | Acc: *85.400%* (8540/10000)
Train epoch: 231 | Loss: *0.002* | Acc: *100.000%* (50000/50000) 
Test epoch: 231 | Loss: *0.546* | Acc: *85.480%* (8548/10000)
Train epoch: 232 | Loss: *0.002* | Acc: *100.000%* (50000/50000) 
Test epoch: 232 | Loss: *0.539* | Acc: *85.520%* (8552/10000)
Train epoch: 233 | Loss: *0.017* | Acc: *99.586%* (49793/50000) 
Test epoch: 233 | Loss: *0.642* | Acc: *82.840%* (8284/10000)
Train epoch: 234 | Loss: *0.023* | Acc: *99.486%* (49743/50000) 
Test epoch: 234 | Loss: *0.598* | Acc: *84.410%* (8441/10000)
Train epoch: 235 | Loss: *0.006* | Acc: *99.956%* (49978/50000) 
Test epoch: 235 | Loss: *0.578* | Acc: *85.180%* (8518/10000)
Train epoch: 236 | Loss: *0.003* | Acc: *99.998%* (49999/50000) 
Test epoch: 236 | Loss: *0.557* | Acc: *85.550%* (8555/10000)
Train epoch: 237 | Loss: *0.002* | Acc: *99.994%* (49997/50000) 
Test epoch: 237 | Loss: *0.562* | Acc: *85.570%* (8557/10000)
Train epoch: 238 | Loss: *0.002* | Acc: *100.000%* (50000/50000) 
Test epoch: 238 | Loss: *0.550* | Acc: *85.780%* (8578/10000)
Train epoch: 239 | Loss: *0.002* | Acc: *100.000%* (50000/50000) 
Test epoch: 239 | Loss: *0.549* | Acc: *85.560%* (8556/10000)
Train epoch: 240 | Loss: *0.002* | Acc: *100.000%* (50000/50000) 
Test epoch: 240 | Loss: *0.551* | Acc: *85.530%* (8553/10000)
Train epoch: 241 | Loss: *0.002* | Acc: *100.000%* (50000/50000) 
Test epoch: 241 | Loss: *0.544* | Acc: *85.510%* (8551/10000)
Train epoch: 242 | Loss: *0.002* | Acc: *100.000%* (50000/50000) 
Test epoch: 242 | Loss: *0.596* | Acc: *84.370%* (8437/10000)
Train epoch: 243 | Loss: *0.110* | Acc: *96.592%* (48296/50000) 
Test epoch: 243 | Loss: *0.603* | Acc: *83.260%* (8326/10000)
Train epoch: 244 | Loss: *0.026* | Acc: *99.442%* (49721/50000) 
Test epoch: 244 | Loss: *0.569* | Acc: *84.720%* (8472/10000)
Train epoch: 245 | Loss: *0.009* | Acc: *99.874%* (49937/50000) 
Test epoch: 245 | Loss: *0.571* | Acc: *85.280%* (8528/10000)
Train epoch: 246 | Loss: *0.005* | Acc: *99.944%* (49972/50000) 
Test epoch: 246 | Loss: *0.593* | Acc: *84.800%* (8480/10000)
Train epoch: 247 | Loss: *0.006* | Acc: *99.944%* (49972/50000) 
Test epoch: 247 | Loss: *0.600* | Acc: *84.330%* (8433/10000)
Train epoch: 248 | Loss: *0.040* | Acc: *98.816%* (49408/50000) 
Test epoch: 248 | Loss: *0.635* | Acc: *82.860%* (8286/10000)
Train epoch: 249 | Loss: *0.041* | Acc: *98.826%* (49413/50000) 
Test epoch: 249 | Loss: *0.676* | Acc: *83.120%* (8312/10000)
Train epoch: 250 | Loss: *0.020* | Acc: *99.528%* (49764/50000) 
Test epoch: 250 | Loss: *0.622* | Acc: *84.100%* (8410/10000)
Train epoch: 251 | Loss: *0.014* | Acc: *99.730%* (49865/50000) 
Test epoch: 251 | Loss: *0.636* | Acc: *83.870%* (8387/10000)
Train epoch: 252 | Loss: *0.017* | Acc: *99.598%* (49799/50000) 
Test epoch: 252 | Loss: *0.717* | Acc: *82.750%* (8275/10000)
Train epoch: 253 | Loss: *0.036* | Acc: *98.898%* (49449/50000) 
Test epoch: 253 | Loss: *0.657* | Acc: *83.720%* (8372/10000)
Train epoch: 254 | Loss: *0.028* | Acc: *99.172%* (49586/50000) 
Test epoch: 254 | Loss: *0.678* | Acc: *82.750%* (8275/10000)
Train epoch: 255 | Loss: *0.023* | Acc: *99.384%* (49692/50000) 
Test epoch: 255 | Loss: *0.659* | Acc: *83.510%* (8351/10000)
Train epoch: 256 | Loss: *0.022* | Acc: *99.378%* (49689/50000) 
Test epoch: 256 | Loss: *0.653* | Acc: *83.690%* (8369/10000)
Train epoch: 257 | Loss: *0.029* | Acc: *99.160%* (49580/50000) 
Test epoch: 257 | Loss: *0.666* | Acc: *83.390%* (8339/10000)
Train epoch: 258 | Loss: *0.027* | Acc: *99.212%* (49606/50000) 
Test epoch: 258 | Loss: *0.625* | Acc: *83.750%* (8375/10000)
Train epoch: 259 | Loss: *0.026* | Acc: *99.234%* (49617/50000) 
Test epoch: 259 | Loss: *0.725* | Acc: *82.350%* (8235/10000)
Train epoch: 260 | Loss: *0.031* | Acc: *99.122%* (49561/50000) 
Test epoch: 260 | Loss: *0.687* | Acc: *83.140%* (8314/10000)
Train epoch: 261 | Loss: *0.031* | Acc: *99.096%* (49548/50000) 
Test epoch: 261 | Loss: *0.659* | Acc: *83.610%* (8361/10000)
Train epoch: 262 | Loss: *0.020* | Acc: *99.486%* (49743/50000) 
Test epoch: 262 | Loss: *0.650* | Acc: *84.600%* (8460/10000)
Train epoch: 263 | Loss: *0.020* | Acc: *99.446%* (49723/50000) 
Test epoch: 263 | Loss: *0.699* | Acc: *82.870%* (8287/10000)
Train epoch: 264 | Loss: *0.036* | Acc: *98.936%* (49468/50000) 
Test epoch: 264 | Loss: *0.763* | Acc: *82.210%* (8221/10000)
Train epoch: 265 | Loss: *0.039* | Acc: *98.746%* (49373/50000) 
Test epoch: 265 | Loss: *0.682* | Acc: *82.990%* (8299/10000)
Train epoch: 266 | Loss: *0.033* | Acc: *99.022%* (49511/50000) 
Test epoch: 266 | Loss: *0.668* | Acc: *82.980%* (8298/10000)
Train epoch: 267 | Loss: *0.029* | Acc: *99.134%* (49567/50000) 
Test epoch: 267 | Loss: *0.740* | Acc: *82.430%* (8243/10000)
Train epoch: 268 | Loss: *0.027* | Acc: *99.214%* (49607/50000) 
Test epoch: 268 | Loss: *0.643* | Acc: *84.070%* (8407/10000)
Train epoch: 269 | Loss: *0.033* | Acc: *99.004%* (49502/50000) 
Test epoch: 269 | Loss: *0.800* | Acc: *80.680%* (8068/10000)
Train epoch: 270 | Loss: *0.035* | Acc: *98.922%* (49461/50000) 
Test epoch: 270 | Loss: *0.690* | Acc: *83.140%* (8314/10000)
Train epoch: 271 | Loss: *0.036* | Acc: *98.896%* (49448/50000) 
Test epoch: 271 | Loss: *0.653* | Acc: *83.600%* (8360/10000)
Train epoch: 272 | Loss: *0.036* | Acc: *98.902%* (49451/50000) 
Test epoch: 272 | Loss: *0.664* | Acc: *83.030%* (8303/10000)
Train epoch: 273 | Loss: *0.033* | Acc: *99.016%* (49508/50000) 
Test epoch: 273 | Loss: *0.706* | Acc: *83.250%* (8325/10000)
Train epoch: 274 | Loss: *0.027* | Acc: *99.202%* (49601/50000) 
Test epoch: 274 | Loss: *0.669* | Acc: *83.250%* (8325/10000)
Train epoch: 275 | Loss: *0.039* | Acc: *98.780%* (49390/50000) 
Test epoch: 275 | Loss: *0.768* | Acc: *81.780%* (8178/10000)
Train epoch: 276 | Loss: *0.032* | Acc: *99.028%* (49514/50000) 
Test epoch: 276 | Loss: *0.807* | Acc: *81.060%* (8106/10000)
Train epoch: 277 | Loss: *0.042* | Acc: *98.680%* (49340/50000) 
Test epoch: 277 | Loss: *0.752* | Acc: *81.930%* (8193/10000)
Train epoch: 278 | Loss: *0.042* | Acc: *98.656%* (49328/50000) 
Test epoch: 278 | Loss: *0.738* | Acc: *81.710%* (8171/10000)
Train epoch: 279 | Loss: *0.033* | Acc: *98.996%* (49498/50000) 
Test epoch: 279 | Loss: *0.671* | Acc: *83.270%* (8327/10000)
Train epoch: 280 | Loss: *0.031* | Acc: *99.060%* (49530/50000) 
Test epoch: 280 | Loss: *0.749* | Acc: *82.050%* (8205/10000)
Train epoch: 281 | Loss: *0.036* | Acc: *98.900%* (49450/50000) 
Test epoch: 281 | Loss: *0.801* | Acc: *80.910%* (8091/10000)
Train epoch: 282 | Loss: *0.040* | Acc: *98.718%* (49359/50000) 
Test epoch: 282 | Loss: *0.668* | Acc: *84.000%* (8400/10000)
Train epoch: 283 | Loss: *0.040* | Acc: *98.824%* (49412/50000) 
Test epoch: 283 | Loss: *0.706* | Acc: *82.840%* (8284/10000)
Train epoch: 284 | Loss: *0.040* | Acc: *98.754%* (49377/50000) 
Test epoch: 284 | Loss: *0.727* | Acc: *82.510%* (8251/10000)
Train epoch: 285 | Loss: *0.038* | Acc: *98.850%* (49425/50000) 
Test epoch: 285 | Loss: *0.690* | Acc: *82.490%* (8249/10000)
Train epoch: 286 | Loss: *0.035* | Acc: *98.956%* (49478/50000) 
Test epoch: 286 | Loss: *0.790* | Acc: *81.050%* (8105/10000)
Train epoch: 287 | Loss: *0.042* | Acc: *98.654%* (49327/50000) 
Test epoch: 287 | Loss: *0.674* | Acc: *83.690%* (8369/10000)
Train epoch: 288 | Loss: *0.049* | Acc: *98.412%* (49206/50000) 
Test epoch: 288 | Loss: *0.747* | Acc: *81.950%* (8195/10000)
Train epoch: 289 | Loss: *0.039* | Acc: *98.804%* (49402/50000) 
Test epoch: 289 | Loss: *0.687* | Acc: *83.240%* (8324/10000)
Train epoch: 290 | Loss: *0.037* | Acc: *98.866%* (49433/50000) 
Test epoch: 290 | Loss: *0.824* | Acc: *81.160%* (8116/10000)
Train epoch: 291 | Loss: *0.045* | Acc: *98.518%* (49259/50000) 
Test epoch: 291 | Loss: *0.671* | Acc: *83.650%* (8365/10000)
Train epoch: 292 | Loss: *0.041* | Acc: *98.712%* (49356/50000) 
Test epoch: 292 | Loss: *0.666* | Acc: *83.250%* (8325/10000)
Train epoch: 293 | Loss: *0.048* | Acc: *98.450%* (49225/50000) 
Test epoch: 293 | Loss: *0.641* | Acc: *83.540%* (8354/10000)
Train epoch: 294 | Loss: *0.041* | Acc: *98.744%* (49372/50000) 
Test epoch: 294 | Loss: *0.720* | Acc: *82.840%* (8284/10000)
Train epoch: 295 | Loss: *0.041* | Acc: *98.748%* (49374/50000) 
Test epoch: 295 | Loss: *0.660* | Acc: *83.390%* (8339/10000)
Train epoch: 296 | Loss: *0.045* | Acc: *98.554%* (49277/50000) 
Test epoch: 296 | Loss: *0.667* | Acc: *83.230%* (8323/10000)
Train epoch: 297 | Loss: *0.045* | Acc: *98.654%* (49327/50000) 
Test epoch: 297 | Loss: *0.884* | Acc: *79.520%* (7952/10000)
Train epoch: 298 | Loss: *0.049* | Acc: *98.474%* (49237/50000) 
Test epoch: 298 | Loss: *0.746* | Acc: *82.090%* (8209/10000)
Train epoch: 299 | Loss: *0.042* | Acc: *98.644%* (49322/50000) 
Test epoch: 299 | Loss: *0.654* | Acc: *83.470%* (8347/10000)
Train epoch: 300 | Loss: *0.038* | Acc: *98.832%* (49416/50000) 
Test epoch: 300 | Loss: *0.867* | Acc: *79.240%* (7924/10000)
Train epoch: 301 | Loss: *0.052* | Acc: *98.348%* (49174/50000) 
Test epoch: 301 | Loss: *0.730* | Acc: *81.960%* (8196/10000)
Train epoch: 302 | Loss: *0.046* | Acc: *98.524%* (49262/50000) 
Test epoch: 302 | Loss: *0.661* | Acc: *83.780%* (8378/10000)
Train epoch: 303 | Loss: *0.054* | Acc: *98.174%* (49087/50000) 
Test epoch: 303 | Loss: *0.659* | Acc: *83.600%* (8360/10000)
Train epoch: 304 | Loss: *0.048* | Acc: *98.464%* (49232/50000) 
Test epoch: 304 | Loss: *0.749* | Acc: *82.110%* (8211/10000)
Train epoch: 305 | Loss: *0.039* | Acc: *98.782%* (49391/50000) 
Test epoch: 305 | Loss: *0.698* | Acc: *82.320%* (8232/10000)
Train epoch: 306 | Loss: *0.050* | Acc: *98.398%* (49199/50000) 
Test epoch: 306 | Loss: *0.690* | Acc: *82.130%* (8213/10000)
Train epoch: 307 | Loss: *0.049* | Acc: *98.462%* (49231/50000) 
Test epoch: 307 | Loss: *0.700* | Acc: *82.280%* (8228/10000)
Train epoch: 308 | Loss: *0.059* | Acc: *98.100%* (49050/50000) 
Test epoch: 308 | Loss: *0.784* | Acc: *81.290%* (8129/10000)
Train epoch: 309 | Loss: *0.044* | Acc: *98.654%* (49327/50000) 
Test epoch: 309 | Loss: *0.713* | Acc: *82.030%* (8203/10000)
Train epoch: 310 | Loss: *0.054* | Acc: *98.272%* (49136/50000) 
Test epoch: 310 | Loss: *0.733* | Acc: *81.550%* (8155/10000)
Train epoch: 311 | Loss: *0.059* | Acc: *98.120%* (49060/50000) 
Test epoch: 311 | Loss: *0.713* | Acc: *82.800%* (8280/10000)
Train epoch: 312 | Loss: *0.048* | Acc: *98.500%* (49250/50000) 
Test epoch: 312 | Loss: *0.702* | Acc: *82.720%* (8272/10000)
Train epoch: 313 | Loss: *0.047* | Acc: *98.478%* (49239/50000) 
Test epoch: 313 | Loss: *0.723* | Acc: *81.180%* (8118/10000)
Train epoch: 314 | Loss: *0.063* | Acc: *97.860%* (48930/50000) 
Test epoch: 314 | Loss: *0.773* | Acc: *81.150%* (8115/10000)
Train epoch: 315 | Loss: *0.053* | Acc: *98.244%* (49122/50000) 
Test epoch: 315 | Loss: *0.653* | Acc: *83.090%* (8309/10000)
Train epoch: 316 | Loss: *0.055* | Acc: *98.202%* (49101/50000) 
Test epoch: 316 | Loss: *0.665* | Acc: *83.570%* (8357/10000)
Train epoch: 317 | Loss: *0.048* | Acc: *98.464%* (49232/50000) 
Test epoch: 317 | Loss: *0.777* | Acc: *80.470%* (8047/10000)
Train epoch: 318 | Loss: *0.054* | Acc: *98.282%* (49141/50000) 
Test epoch: 318 | Loss: *0.747* | Acc: *81.780%* (8178/10000)
Train epoch: 319 | Loss: *0.058* | Acc: *98.130%* (49065/50000) 
Test epoch: 319 | Loss: *0.673* | Acc: *83.030%* (8303/10000)
Train epoch: 320 | Loss: *0.055* | Acc: *98.256%* (49128/50000) 
Test epoch: 320 | Loss: *0.687* | Acc: *82.210%* (8221/10000)
Train epoch: 321 | Loss: *0.059* | Acc: *98.090%* (49045/50000) 
Test epoch: 321 | Loss: *0.619* | Acc: *84.130%* (8413/10000)
Train epoch: 322 | Loss: *0.064* | Acc: *97.976%* (48988/50000) 
Test epoch: 322 | Loss: *0.729* | Acc: *81.770%* (8177/10000)
Train epoch: 323 | Loss: *0.058* | Acc: *98.088%* (49044/50000) 
Test epoch: 323 | Loss: *0.666* | Acc: *82.800%* (8280/10000)
Train epoch: 324 | Loss: *0.052* | Acc: *98.368%* (49184/50000) 
Test epoch: 324 | Loss: *0.709* | Acc: *82.520%* (8252/10000)
Train epoch: 325 | Loss: *0.063* | Acc: *98.002%* (49001/50000) 
Test epoch: 325 | Loss: *0.835* | Acc: *79.680%* (7968/10000)
Train epoch: 326 | Loss: *0.056* | Acc: *98.186%* (49093/50000) 
Test epoch: 326 | Loss: *0.987* | Acc: *78.020%* (7802/10000)
Train epoch: 327 | Loss: *0.069* | Acc: *97.734%* (48867/50000) 
Test epoch: 327 | Loss: *0.892* | Acc: *78.420%* (7842/10000)
Train epoch: 328 | Loss: *0.056* | Acc: *98.192%* (49096/50000) 
Test epoch: 328 | Loss: *0.668* | Acc: *83.150%* (8315/10000)
Train epoch: 329 | Loss: *0.057* | Acc: *98.224%* (49112/50000) 
Test epoch: 329 | Loss: *0.720* | Acc: *82.040%* (8204/10000)
Train epoch: 330 | Loss: *0.058* | Acc: *98.134%* (49067/50000) 
Test epoch: 330 | Loss: *0.679* | Acc: *82.880%* (8288/10000)
Train epoch: 331 | Loss: *0.072* | Acc: *97.624%* (48812/50000) 
Test epoch: 331 | Loss: *0.726* | Acc: *81.400%* (8140/10000)
Train epoch: 332 | Loss: *0.059* | Acc: *98.110%* (49055/50000) 
Test epoch: 332 | Loss: *0.752* | Acc: *81.400%* (8140/10000)
Train epoch: 333 | Loss: *0.061* | Acc: *98.040%* (49020/50000) 
Test epoch: 333 | Loss: *0.938* | Acc: *77.600%* (7760/10000)
Train epoch: 334 | Loss: *0.064* | Acc: *97.976%* (48988/50000) 
Test epoch: 334 | Loss: *0.786* | Acc: *80.460%* (8046/10000)
Train epoch: 335 | Loss: *0.071* | Acc: *97.652%* (48826/50000) 
Test epoch: 335 | Loss: *0.750* | Acc: *80.100%* (8010/10000)
Train epoch: 336 | Loss: *0.061* | Acc: *98.056%* (49028/50000) 
Test epoch: 336 | Loss: *0.853* | Acc: *79.990%* (7999/10000)
Train epoch: 337 | Loss: *0.062* | Acc: *97.936%* (48968/50000) 
Test epoch: 337 | Loss: *4.849* | Acc: *45.460%* (4546/10000)
Train epoch: 338 | Loss: *0.070* | Acc: *97.730%* (48865/50000) 
Test epoch: 338 | Loss: *0.707* | Acc: *82.510%* (8251/10000)
Train epoch: 339 | Loss: *0.067* | Acc: *97.870%* (48935/50000) 
Test epoch: 339 | Loss: *0.849* | Acc: *78.990%* (7899/10000)
Train epoch: 340 | Loss: *0.058* | Acc: *98.072%* (49036/50000) 
Test epoch: 340 | Loss: *0.700* | Acc: *82.770%* (8277/10000)
Train epoch: 341 | Loss: *0.074* | Acc: *97.536%* (48768/50000) 
Test epoch: 341 | Loss: *0.678* | Acc: *82.070%* (8207/10000)
Train epoch: 342 | Loss: *0.065* | Acc: *97.898%* (48949/50000) 
Test epoch: 342 | Loss: *0.701* | Acc: *82.050%* (8205/10000)
Train epoch: 343 | Loss: *0.069* | Acc: *97.720%* (48860/50000) 
Test epoch: 343 | Loss: *0.791* | Acc: *79.580%* (7958/10000)
Train epoch: 344 | Loss: *0.077* | Acc: *97.548%* (48774/50000) 
Test epoch: 344 | Loss: *0.816* | Acc: *79.230%* (7923/10000)
Train epoch: 345 | Loss: *0.068* | Acc: *97.752%* (48876/50000) 
Test epoch: 345 | Loss: *0.876* | Acc: *79.520%* (7952/10000)
Train epoch: 346 | Loss: *0.073* | Acc: *97.564%* (48782/50000) 
Test epoch: 346 | Loss: *0.731* | Acc: *81.370%* (8137/10000)
Train epoch: 347 | Loss: *0.062* | Acc: *98.044%* (49022/50000) 
Test epoch: 347 | Loss: *0.728* | Acc: *81.300%* (8130/10000)
Train epoch: 348 | Loss: *0.068* | Acc: *97.776%* (48888/50000) 
Test epoch: 348 | Loss: *0.747* | Acc: *80.440%* (8044/10000)
Train epoch: 349 | Loss: *0.080* | Acc: *97.366%* (48683/50000) 
Test epoch: 349 | Loss: *1.028* | Acc: *75.860%* (7586/10000)
Train epoch: 350 | Loss: *0.070* | Acc: *97.724%* (48862/50000) 
Test epoch: 350 | Loss: *0.665* | Acc: *81.880%* (8188/10000)
Train epoch: 351 | Loss: *0.073* | Acc: *97.558%* (48779/50000) 
Test epoch: 351 | Loss: *0.636* | Acc: *83.490%* (8349/10000)
Train epoch: 352 | Loss: *0.070* | Acc: *97.646%* (48823/50000) 
Test epoch: 352 | Loss: *0.773* | Acc: *80.570%* (8057/10000)
Train epoch: 353 | Loss: *0.075* | Acc: *97.508%* (48754/50000) 
Test epoch: 353 | Loss: *0.850* | Acc: *79.790%* (7979/10000)
Train epoch: 354 | Loss: *0.073* | Acc: *97.652%* (48826/50000) 
Test epoch: 354 | Loss: *0.682* | Acc: *82.410%* (8241/10000)
Train epoch: 355 | Loss: *0.071* | Acc: *97.668%* (48834/50000) 
Test epoch: 355 | Loss: *0.760* | Acc: *80.300%* (8030/10000)
Train epoch: 356 | Loss: *0.072* | Acc: *97.638%* (48819/50000) 
Test epoch: 356 | Loss: *0.673* | Acc: *82.370%* (8237/10000)
Train epoch: 357 | Loss: *0.079* | Acc: *97.444%* (48722/50000) 
Test epoch: 357 | Loss: *0.749* | Acc: *80.950%* (8095/10000)
Train epoch: 358 | Loss: *0.072* | Acc: *97.620%* (48810/50000) 
Test epoch: 358 | Loss: *0.948* | Acc: *76.510%* (7651/10000)
Train epoch: 359 | Loss: *0.076* | Acc: *97.480%* (48740/50000) 
Test epoch: 359 | Loss: *0.715* | Acc: *81.540%* (8154/10000)
Train epoch: 360 | Loss: *0.075* | Acc: *97.468%* (48734/50000) 
Test epoch: 360 | Loss: *0.709* | Acc: *82.460%* (8246/10000)
Train epoch: 361 | Loss: *0.073* | Acc: *97.592%* (48796/50000) 
Test epoch: 361 | Loss: *0.857* | Acc: *79.490%* (7949/10000)
Train epoch: 362 | Loss: *0.074* | Acc: *97.546%* (48773/50000) 
Test epoch: 362 | Loss: *0.751* | Acc: *81.210%* (8121/10000)
Train epoch: 363 | Loss: *0.080* | Acc: *97.360%* (48680/50000) 
Test epoch: 363 | Loss: *0.734* | Acc: *81.600%* (8160/10000)
Train epoch: 364 | Loss: *0.073* | Acc: *97.664%* (48832/50000) 
Test epoch: 364 | Loss: *0.729* | Acc: *81.360%* (8136/10000)
Train epoch: 365 | Loss: *0.078* | Acc: *97.450%* (48725/50000) 
Test epoch: 365 | Loss: *0.691* | Acc: *81.760%* (8176/10000)
Train epoch: 366 | Loss: *0.075* | Acc: *97.534%* (48767/50000) 
Test epoch: 366 | Loss: *0.760* | Acc: *80.910%* (8091/10000)
Train epoch: 367 | Loss: *0.076* | Acc: *97.478%* (48739/50000) 
Test epoch: 367 | Loss: *0.634* | Acc: *82.990%* (8299/10000)
Train epoch: 368 | Loss: *0.082* | Acc: *97.288%* (48644/50000) 
Test epoch: 368 | Loss: *0.726* | Acc: *81.320%* (8132/10000)
Train epoch: 369 | Loss: *0.077* | Acc: *97.386%* (48693/50000) 
Test epoch: 369 | Loss: *0.668* | Acc: *81.230%* (8123/10000)
Train epoch: 370 | Loss: *0.074* | Acc: *97.614%* (48807/50000) 
Test epoch: 370 | Loss: *0.670* | Acc: *83.040%* (8304/10000)
Train epoch: 371 | Loss: *0.080* | Acc: *97.382%* (48691/50000) 
Test epoch: 371 | Loss: *0.817* | Acc: *79.950%* (7995/10000)
Train epoch: 372 | Loss: *0.084* | Acc: *97.188%* (48594/50000) 
Test epoch: 372 | Loss: *0.884* | Acc: *77.620%* (7762/10000)
Train epoch: 373 | Loss: *0.068* | Acc: *97.800%* (48900/50000) 
Test epoch: 373 | Loss: *0.776* | Acc: *79.770%* (7977/10000)
Train epoch: 374 | Loss: *0.089* | Acc: *97.048%* (48524/50000) 
Test epoch: 374 | Loss: *0.811* | Acc: *79.310%* (7931/10000)
Train epoch: 375 | Loss: *0.082* | Acc: *97.312%* (48656/50000) 
Test epoch: 375 | Loss: *0.948* | Acc: *77.370%* (7737/10000)
Train epoch: 376 | Loss: *0.074* | Acc: *97.540%* (48770/50000) 
Test epoch: 376 | Loss: *0.738* | Acc: *81.400%* (8140/10000)
Train epoch: 377 | Loss: *0.073* | Acc: *97.634%* (48817/50000) 
Test epoch: 377 | Loss: *0.749* | Acc: *79.850%* (7985/10000)
Train epoch: 378 | Loss: *0.086* | Acc: *97.134%* (48567/50000) 
Test epoch: 378 | Loss: *0.746* | Acc: *80.940%* (8094/10000)
Train epoch: 379 | Loss: *0.076* | Acc: *97.502%* (48751/50000) 
Test epoch: 379 | Loss: *0.667* | Acc: *81.950%* (8195/10000)
Train epoch: 380 | Loss: *0.077* | Acc: *97.438%* (48719/50000) 
Test epoch: 380 | Loss: *1.205* | Acc: *73.960%* (7396/10000)
Train epoch: 381 | Loss: *0.087* | Acc: *97.092%* (48546/50000) 
Test epoch: 381 | Loss: *0.724* | Acc: *81.440%* (8144/10000)
Train epoch: 382 | Loss: *0.079* | Acc: *97.462%* (48731/50000) 
Test epoch: 382 | Loss: *0.663* | Acc: *82.430%* (8243/10000)
Train epoch: 383 | Loss: *0.080* | Acc: *97.352%* (48676/50000) 
Test epoch: 383 | Loss: *0.948* | Acc: *76.090%* (7609/10000)
Train epoch: 384 | Loss: *0.078* | Acc: *97.512%* (48756/50000) 
Test epoch: 384 | Loss: *0.924* | Acc: *77.110%* (7711/10000)
Train epoch: 385 | Loss: *0.080* | Acc: *97.390%* (48695/50000) 
Test epoch: 385 | Loss: *0.852* | Acc: *79.090%* (7909/10000)
Train epoch: 386 | Loss: *0.085* | Acc: *97.182%* (48591/50000) 
Test epoch: 386 | Loss: *0.627* | Acc: *82.820%* (8282/10000)
Train epoch: 387 | Loss: *0.081* | Acc: *97.332%* (48666/50000) 
Test epoch: 387 | Loss: *0.906* | Acc: *78.190%* (7819/10000)
Train epoch: 388 | Loss: *0.075* | Acc: *97.470%* (48735/50000) 
Test epoch: 388 | Loss: *0.736* | Acc: *81.010%* (8101/10000)
Train epoch: 389 | Loss: *0.081* | Acc: *97.318%* (48659/50000) 
Test epoch: 389 | Loss: *0.731* | Acc: *81.110%* (8111/10000)
Train epoch: 390 | Loss: *0.076* | Acc: *97.512%* (48756/50000) 
Test epoch: 390 | Loss: *0.775* | Acc: *80.370%* (8037/10000)
Train epoch: 391 | Loss: *0.079* | Acc: *97.346%* (48673/50000) 
Test epoch: 391 | Loss: *0.761* | Acc: *80.840%* (8084/10000)
Train epoch: 392 | Loss: *0.085* | Acc: *97.204%* (48602/50000) 
Test epoch: 392 | Loss: *0.683* | Acc: *81.940%* (8194/10000)
Train epoch: 393 | Loss: *0.078* | Acc: *97.420%* (48710/50000) 
Test epoch: 393 | Loss: *0.688* | Acc: *81.730%* (8173/10000)
Train epoch: 394 | Loss: *0.074* | Acc: *97.542%* (48771/50000) 
Test epoch: 394 | Loss: *0.766* | Acc: *80.010%* (8001/10000)
Train epoch: 395 | Loss: *0.079* | Acc: *97.372%* (48686/50000) 
Test epoch: 395 | Loss: *0.745* | Acc: *81.550%* (8155/10000)
Train epoch: 396 | Loss: *0.081* | Acc: *97.356%* (48678/50000) 
Test epoch: 396 | Loss: *0.661* | Acc: *82.190%* (8219/10000)
Train epoch: 397 | Loss: *0.082* | Acc: *97.336%* (48668/50000) 
Test epoch: 397 | Loss: *0.820* | Acc: *79.020%* (7902/10000)
Train epoch: 398 | Loss: *0.076* | Acc: *97.462%* (48731/50000) 
Test epoch: 398 | Loss: *0.898* | Acc: *78.200%* (7820/10000)
Train epoch: 399 | Loss: *0.080* | Acc: *97.386%* (48693/50000) 
Test epoch: 399 | Loss: *0.708* | Acc: *81.320%* (8132/10000)
Train epoch: 400 | Loss: *0.082* | Acc: *97.242%* (48621/50000) 
Test epoch: 400 | Loss: *0.685* | Acc: *81.440%* (8144/10000)
Train epoch: 401 | Loss: *0.077* | Acc: *97.462%* (48731/50000) 
Test epoch: 401 | Loss: *0.739* | Acc: *80.950%* (8095/10000)
Train epoch: 402 | Loss: *0.079* | Acc: *97.424%* (48712/50000) 
Test epoch: 402 | Loss: *0.903* | Acc: *77.330%* (7733/10000)
Train epoch: 403 | Loss: *0.074* | Acc: *97.540%* (48770/50000) 
Test epoch: 403 | Loss: *0.790* | Acc: *79.450%* (7945/10000)
Train epoch: 404 | Loss: *0.080* | Acc: *97.352%* (48676/50000) 
Test epoch: 404 | Loss: *0.742* | Acc: *81.950%* (8195/10000)
Train epoch: 405 | Loss: *0.086* | Acc: *97.104%* (48552/50000) 
Test epoch: 405 | Loss: *0.728* | Acc: *81.690%* (8169/10000)
Train epoch: 406 | Loss: *0.072* | Acc: *97.676%* (48838/50000) 
Test epoch: 406 | Loss: *0.676* | Acc: *82.620%* (8262/10000)
Train epoch: 407 | Loss: *0.074* | Acc: *97.608%* (48804/50000) 
Test epoch: 407 | Loss: *0.702* | Acc: *81.720%* (8172/10000)
Train epoch: 408 | Loss: *0.084* | Acc: *97.192%* (48596/50000) 
Test epoch: 408 | Loss: *0.698* | Acc: *80.580%* (8058/10000)
Train epoch: 409 | Loss: *0.077* | Acc: *97.432%* (48716/50000) 
Test epoch: 409 | Loss: *0.778* | Acc: *80.580%* (8058/10000)
Train epoch: 410 | Loss: *0.076* | Acc: *97.472%* (48736/50000) 
Test epoch: 410 | Loss: *0.759* | Acc: *80.910%* (8091/10000)
Train epoch: 411 | Loss: *0.072* | Acc: *97.662%* (48831/50000) 
Test epoch: 411 | Loss: *0.738* | Acc: *81.740%* (8174/10000)
Train epoch: 412 | Loss: *0.088* | Acc: *96.998%* (48499/50000) 
Test epoch: 412 | Loss: *0.688* | Acc: *81.890%* (8189/10000)
Train epoch: 413 | Loss: *0.076* | Acc: *97.490%* (48745/50000) 
Test epoch: 413 | Loss: *0.841* | Acc: *78.970%* (7897/10000)
Train epoch: 414 | Loss: *0.076* | Acc: *97.522%* (48761/50000) 
Test epoch: 414 | Loss: *0.678* | Acc: *81.870%* (8187/10000)
Train epoch: 415 | Loss: *0.068* | Acc: *97.884%* (48942/50000) 
Test epoch: 415 | Loss: *0.984* | Acc: *77.700%* (7770/10000)
Train epoch: 416 | Loss: *0.081* | Acc: *97.344%* (48672/50000) 
Test epoch: 416 | Loss: *0.747* | Acc: *81.920%* (8192/10000)
Train epoch: 417 | Loss: *0.080* | Acc: *97.226%* (48613/50000) 
Test epoch: 417 | Loss: *0.756* | Acc: *80.350%* (8035/10000)
Train epoch: 418 | Loss: *0.080* | Acc: *97.330%* (48665/50000) 
Test epoch: 418 | Loss: *0.671* | Acc: *82.230%* (8223/10000)
Train epoch: 419 | Loss: *0.071* | Acc: *97.670%* (48835/50000) 
Test epoch: 419 | Loss: *0.725* | Acc: *81.210%* (8121/10000)
Train epoch: 420 | Loss: *0.072* | Acc: *97.634%* (48817/50000) 
Test epoch: 420 | Loss: *0.649* | Acc: *82.870%* (8287/10000)
Train epoch: 421 | Loss: *0.070* | Acc: *97.672%* (48836/50000) 
Test epoch: 421 | Loss: *0.717* | Acc: *81.540%* (8154/10000)
Train epoch: 422 | Loss: *0.079* | Acc: *97.412%* (48706/50000) 
Test epoch: 422 | Loss: *0.717* | Acc: *82.170%* (8217/10000)
Train epoch: 423 | Loss: *0.073* | Acc: *97.566%* (48783/50000) 
Test epoch: 423 | Loss: *0.965* | Acc: *77.170%* (7717/10000)
Train epoch: 424 | Loss: *0.074* | Acc: *97.554%* (48777/50000) 
Test epoch: 424 | Loss: *0.708* | Acc: *81.610%* (8161/10000)
Train epoch: 425 | Loss: *0.070* | Acc: *97.734%* (48867/50000) 
Test epoch: 425 | Loss: *0.689* | Acc: *82.390%* (8239/10000)
Train epoch: 426 | Loss: *0.074* | Acc: *97.564%* (48782/50000) 
Test epoch: 426 | Loss: *0.821* | Acc: *79.050%* (7905/10000)
Train epoch: 427 | Loss: *0.075* | Acc: *97.514%* (48757/50000) 
Test epoch: 427 | Loss: *0.723* | Acc: *82.300%* (8230/10000)
Train epoch: 428 | Loss: *0.064* | Acc: *97.924%* (48962/50000) 
Test epoch: 428 | Loss: *0.717* | Acc: *80.840%* (8084/10000)
Train epoch: 429 | Loss: *0.071* | Acc: *97.740%* (48870/50000) 
Test epoch: 429 | Loss: *0.736* | Acc: *80.870%* (8087/10000)
Train epoch: 430 | Loss: *0.079* | Acc: *97.338%* (48669/50000) 
Test epoch: 430 | Loss: *0.704* | Acc: *82.400%* (8240/10000)
Train epoch: 431 | Loss: *0.072* | Acc: *97.614%* (48807/50000) 
Test epoch: 431 | Loss: *0.789* | Acc: *79.520%* (7952/10000)
Train epoch: 432 | Loss: *0.061* | Acc: *98.038%* (49019/50000) 
Test epoch: 432 | Loss: *0.832* | Acc: *80.370%* (8037/10000)
Train epoch: 433 | Loss: *0.073* | Acc: *97.578%* (48789/50000) 
Test epoch: 433 | Loss: *0.696* | Acc: *82.290%* (8229/10000)
Train epoch: 434 | Loss: *0.073* | Acc: *97.582%* (48791/50000) 
Test epoch: 434 | Loss: *0.765* | Acc: *80.840%* (8084/10000)
Train epoch: 435 | Loss: *0.073* | Acc: *97.588%* (48794/50000) 
Test epoch: 435 | Loss: *0.673* | Acc: *82.440%* (8244/10000)
Train epoch: 436 | Loss: *0.054* | Acc: *98.260%* (49130/50000) 
Test epoch: 436 | Loss: *0.712* | Acc: *82.440%* (8244/10000)
Train epoch: 437 | Loss: *0.072* | Acc: *97.636%* (48818/50000) 
Test epoch: 437 | Loss: *0.735* | Acc: *81.610%* (8161/10000)
Train epoch: 438 | Loss: *0.071* | Acc: *97.670%* (48835/50000) 
Test epoch: 438 | Loss: *0.955* | Acc: *78.340%* (7834/10000)
Train epoch: 439 | Loss: *0.069* | Acc: *97.824%* (48912/50000) 
Test epoch: 439 | Loss: *0.861* | Acc: *79.050%* (7905/10000)
Train epoch: 440 | Loss: *0.061* | Acc: *98.022%* (49011/50000) 
Test epoch: 440 | Loss: *0.720* | Acc: *81.570%* (8157/10000)
Train epoch: 441 | Loss: *0.070* | Acc: *97.718%* (48859/50000) 
Test epoch: 441 | Loss: *0.740* | Acc: *81.920%* (8192/10000)
Train epoch: 442 | Loss: *0.062* | Acc: *98.074%* (49037/50000) 
Test epoch: 442 | Loss: *0.696* | Acc: *82.170%* (8217/10000)
Train epoch: 443 | Loss: *0.064* | Acc: *97.860%* (48930/50000) 
Test epoch: 443 | Loss: *0.694* | Acc: *82.450%* (8245/10000)
Train epoch: 444 | Loss: *0.066* | Acc: *97.858%* (48929/50000) 
Test epoch: 444 | Loss: *0.681* | Acc: *82.460%* (8246/10000)
Train epoch: 445 | Loss: *0.065* | Acc: *97.966%* (48983/50000) 
Test epoch: 445 | Loss: *0.704* | Acc: *82.550%* (8255/10000)
Train epoch: 446 | Loss: *0.061* | Acc: *98.128%* (49064/50000) 
Test epoch: 446 | Loss: *0.787* | Acc: *80.320%* (8032/10000)
Train epoch: 447 | Loss: *0.063* | Acc: *98.026%* (49013/50000) 
Test epoch: 447 | Loss: *0.754* | Acc: *82.560%* (8256/10000)
Train epoch: 448 | Loss: *0.059* | Acc: *98.062%* (49031/50000) 
Test epoch: 448 | Loss: *0.704* | Acc: *82.230%* (8223/10000)
Train epoch: 449 | Loss: *0.072* | Acc: *97.666%* (48833/50000) 
Test epoch: 449 | Loss: *0.717* | Acc: *81.790%* (8179/10000)
Train epoch: 450 | Loss: *0.062* | Acc: *98.016%* (49008/50000) 
Test epoch: 450 | Loss: *0.741* | Acc: *81.200%* (8120/10000)
Train epoch: 451 | Loss: *0.051* | Acc: *98.418%* (49209/50000) 
Test epoch: 451 | Loss: *0.739* | Acc: *82.190%* (8219/10000)
Train epoch: 452 | Loss: *0.065* | Acc: *97.930%* (48965/50000) 
Test epoch: 452 | Loss: *0.867* | Acc: *79.050%* (7905/10000)
Train epoch: 453 | Loss: *0.061* | Acc: *98.022%* (49011/50000) 
Test epoch: 453 | Loss: *0.807* | Acc: *80.730%* (8073/10000)
Train epoch: 454 | Loss: *0.063* | Acc: *97.970%* (48985/50000) 
Test epoch: 454 | Loss: *0.751* | Acc: *81.990%* (8199/10000)
Train epoch: 455 | Loss: *0.051* | Acc: *98.362%* (49181/50000) 
Test epoch: 455 | Loss: *0.881* | Acc: *79.650%* (7965/10000)
Train epoch: 456 | Loss: *0.056* | Acc: *98.214%* (49107/50000) 
Test epoch: 456 | Loss: *0.697* | Acc: *82.670%* (8267/10000)
Train epoch: 457 | Loss: *0.061* | Acc: *97.990%* (48995/50000) 
Test epoch: 457 | Loss: *0.792* | Acc: *81.000%* (8100/10000)
Train epoch: 458 | Loss: *0.065* | Acc: *97.866%* (48933/50000) 
Test epoch: 458 | Loss: *0.658* | Acc: *83.110%* (8311/10000)
Train epoch: 459 | Loss: *0.052* | Acc: *98.348%* (49174/50000) 
Test epoch: 459 | Loss: *0.723* | Acc: *81.920%* (8192/10000)
Train epoch: 460 | Loss: *0.047* | Acc: *98.470%* (49235/50000) 
Test epoch: 460 | Loss: *0.731* | Acc: *81.470%* (8147/10000)
Train epoch: 461 | Loss: *0.055* | Acc: *98.224%* (49112/50000) 
Test epoch: 461 | Loss: *0.837* | Acc: *79.230%* (7923/10000)
Train epoch: 462 | Loss: *0.057* | Acc: *98.198%* (49099/50000) 
Test epoch: 462 | Loss: *0.777* | Acc: *81.810%* (8181/10000)
Train epoch: 463 | Loss: *0.045* | Acc: *98.576%* (49288/50000) 
Test epoch: 463 | Loss: *0.957* | Acc: *78.090%* (7809/10000)
Train epoch: 464 | Loss: *0.052* | Acc: *98.334%* (49167/50000) 
Test epoch: 464 | Loss: *0.779* | Acc: *81.560%* (8156/10000)
Train epoch: 465 | Loss: *0.056* | Acc: *98.256%* (49128/50000) 
Test epoch: 465 | Loss: *0.722* | Acc: *82.330%* (8233/10000)
Train epoch: 466 | Loss: *0.057* | Acc: *98.168%* (49084/50000) 
Test epoch: 466 | Loss: *0.850* | Acc: *80.170%* (8017/10000)
Train epoch: 467 | Loss: *0.045* | Acc: *98.632%* (49316/50000) 
Test epoch: 467 | Loss: *0.868* | Acc: *80.390%* (8039/10000)
Train epoch: 468 | Loss: *0.047* | Acc: *98.552%* (49276/50000) 
Test epoch: 468 | Loss: *0.747* | Acc: *81.570%* (8157/10000)
Train epoch: 469 | Loss: *0.048* | Acc: *98.532%* (49266/50000) 
Test epoch: 469 | Loss: *0.824* | Acc: *79.790%* (7979/10000)
Train epoch: 470 | Loss: *0.055* | Acc: *98.238%* (49119/50000) 
Test epoch: 470 | Loss: *0.768* | Acc: *81.160%* (8116/10000)
Train epoch: 471 | Loss: *0.052* | Acc: *98.312%* (49156/50000) 
Test epoch: 471 | Loss: *0.669* | Acc: *83.170%* (8317/10000)
Train epoch: 472 | Loss: *0.048* | Acc: *98.490%* (49245/50000) 
Test epoch: 472 | Loss: *0.819* | Acc: *80.570%* (8057/10000)
Train epoch: 473 | Loss: *0.049* | Acc: *98.374%* (49187/50000) 
Test epoch: 473 | Loss: *0.700* | Acc: *82.280%* (8228/10000)
Train epoch: 474 | Loss: *0.043* | Acc: *98.676%* (49338/50000) 
Test epoch: 474 | Loss: *0.859* | Acc: *80.040%* (8004/10000)
Train epoch: 475 | Loss: *0.045* | Acc: *98.604%* (49302/50000) 
Test epoch: 475 | Loss: *0.758* | Acc: *81.820%* (8182/10000)
Train epoch: 476 | Loss: *0.039* | Acc: *98.818%* (49409/50000) 
Test epoch: 476 | Loss: *0.713* | Acc: *82.820%* (8282/10000)
Train epoch: 477 | Loss: *0.049* | Acc: *98.396%* (49198/50000) 
Test epoch: 477 | Loss: *0.867* | Acc: *79.220%* (7922/10000)
Train epoch: 478 | Loss: *0.046* | Acc: *98.540%* (49270/50000) 
Test epoch: 478 | Loss: *0.817* | Acc: *80.090%* (8009/10000)
Train epoch: 479 | Loss: *0.042* | Acc: *98.706%* (49353/50000) 
Test epoch: 479 | Loss: *0.747* | Acc: *81.770%* (8177/10000)
Train epoch: 480 | Loss: *0.039* | Acc: *98.806%* (49403/50000) 
Test epoch: 480 | Loss: *0.748* | Acc: *81.750%* (8175/10000)
Train epoch: 481 | Loss: *0.042* | Acc: *98.752%* (49376/50000) 
Test epoch: 481 | Loss: *0.775* | Acc: *81.280%* (8128/10000)
Train epoch: 482 | Loss: *0.039* | Acc: *98.796%* (49398/50000) 
Test epoch: 482 | Loss: *0.684* | Acc: *82.860%* (8286/10000)
Train epoch: 483 | Loss: *0.037* | Acc: *98.824%* (49412/50000) 
Test epoch: 483 | Loss: *0.655* | Acc: *83.320%* (8332/10000)
Train epoch: 484 | Loss: *0.037* | Acc: *98.944%* (49472/50000) 
Test epoch: 484 | Loss: *0.651* | Acc: *83.470%* (8347/10000)
Train epoch: 485 | Loss: *0.040* | Acc: *98.702%* (49351/50000) 
Test epoch: 485 | Loss: *0.960* | Acc: *77.940%* (7794/10000)
Train epoch: 486 | Loss: *0.043* | Acc: *98.688%* (49344/50000) 
Test epoch: 486 | Loss: *0.854* | Acc: *80.730%* (8073/10000)
Train epoch: 487 | Loss: *0.039* | Acc: *98.804%* (49402/50000) 
Test epoch: 487 | Loss: *0.687* | Acc: *83.200%* (8320/10000)
Train epoch: 488 | Loss: *0.035* | Acc: *98.910%* (49455/50000) 
Test epoch: 488 | Loss: *0.792* | Acc: *81.470%* (8147/10000)
Train epoch: 489 | Loss: *0.031* | Acc: *99.102%* (49551/50000) 
Test epoch: 489 | Loss: *0.698* | Acc: *82.400%* (8240/10000)
Train epoch: 490 | Loss: *0.036* | Acc: *98.864%* (49432/50000) 
Test epoch: 490 | Loss: *0.783* | Acc: *81.070%* (8107/10000)
Train epoch: 491 | Loss: *0.034* | Acc: *98.966%* (49483/50000) 
Test epoch: 491 | Loss: *0.799* | Acc: *81.290%* (8129/10000)
Train epoch: 492 | Loss: *0.035* | Acc: *99.004%* (49502/50000) 
Test epoch: 492 | Loss: *0.777* | Acc: *82.050%* (8205/10000)
Train epoch: 493 | Loss: *0.034* | Acc: *98.994%* (49497/50000) 
Test epoch: 493 | Loss: *0.724* | Acc: *82.310%* (8231/10000)
Train epoch: 494 | Loss: *0.035* | Acc: *98.978%* (49489/50000) 
Test epoch: 494 | Loss: *0.702* | Acc: *83.000%* (8300/10000)
Train epoch: 495 | Loss: *0.027* | Acc: *99.246%* (49623/50000) 
Test epoch: 495 | Loss: *0.799* | Acc: *81.630%* (8163/10000)
Train epoch: 496 | Loss: *0.030* | Acc: *99.108%* (49554/50000) 
Test epoch: 496 | Loss: *0.734* | Acc: *82.160%* (8216/10000)
Train epoch: 497 | Loss: *0.035* | Acc: *98.960%* (49480/50000) 
Test epoch: 497 | Loss: *0.703* | Acc: *83.140%* (8314/10000)
Train epoch: 498 | Loss: *0.030* | Acc: *99.124%* (49562/50000) 
Test epoch: 498 | Loss: *0.725* | Acc: *82.640%* (8264/10000)
Train epoch: 499 | Loss: *0.033* | Acc: *99.034%* (49517/50000) 
Test epoch: 499 | Loss: *0.741* | Acc: *82.150%* (8215/10000)
Train epoch: 500 | Loss: *0.024* | Acc: *99.324%* (49662/50000) 
Test epoch: 500 | Loss: *0.693* | Acc: *83.440%* (8344/10000)
Best test accuracy: *86.540%*, loss: *0.5075662198662758*, at epoch: *140*.
==> Execution time summary of 500 epoch(s).
Train data loading time: sum. *306.34775824006647* secs | avg. *0.612695516480133* secs per epoch.
Train training time: sum. *2529.047750870697* secs | avg. *5.058095501741394* secs per epoch.
Train total time: sum. *2835.3955091107637* secs | avg. *5.670791018221528* secs per epoch.
Test data loading time: sum. *115.80229660309851* secs | avg. *0.23160459320619703* secs per epoch.
Test training time: sum. *99.84013647027314* secs | avg. *0.19968027294054627* secs per epoch.
Test total time: sum. *215.64243307337165* secs | avg. *0.4312848661467433* secs per epoch.
Total data loading time: sum. *422.150054843165* secs | avg. *0.84430010968633* secs per epoch.
Total training time: sum. *2628.8878873409703* secs | avg. *5.2577757746819405* secs per epoch.
Total running time: sum. *3051.0379421841353* secs | avg. *6.10207588436827* secs per epoch.
==> Number of GPU device: 1
==> Device #0 Memory Usage
==> Allocated: 0.1 GB
==> Cached:    2.1 GB
==> Maximum: 2.1 GB
