==> Running on : cuda
==> Number of CPU: 48
==> Number of workers: 2
==> #Epochs: 500, #Layers: 3, #Blocks: [5, 2, 1], In channel: 64, Input layer conv kernel: 5x5, Residual layer conv kernel 5x5, Skip kernel: 1x1, Input layer conv padding: 2, Residual layer conv padding: 2
==> Optimizer is SGD with Nesterov
==> Momentum: 0.9
==> Learning rate: 0.1
==> Weight decay: 0.0005
==>Trainable Parameters: 4967754
==>Other Parameters: 0
==>Augmentation: None
Files already downloaded and verified
Train epoch: 1 | Loss: *1.527* | Acc: *43.502%* (21751/50000) 
Test epoch: 1 | Loss: *2.394* | Acc: *34.370%* (3437/10000)
Train epoch: 2 | Loss: *1.048* | Acc: *62.636%* (31318/50000) 
Test epoch: 2 | Loss: *1.434* | Acc: *51.320%* (5132/10000)
Train epoch: 3 | Loss: *0.816* | Acc: *71.432%* (35716/50000) 
Test epoch: 3 | Loss: *1.146* | Acc: *59.950%* (5995/10000)
Train epoch: 4 | Loss: *0.673* | Acc: *76.412%* (38206/50000) 
Test epoch: 4 | Loss: *1.020* | Acc: *65.690%* (6569/10000)
Train epoch: 5 | Loss: *0.577* | Acc: *80.036%* (40018/50000) 
Test epoch: 5 | Loss: *0.913* | Acc: *68.220%* (6822/10000)
Train epoch: 6 | Loss: *0.506* | Acc: *82.664%* (41332/50000) 
Test epoch: 6 | Loss: *1.501* | Acc: *50.400%* (5040/10000)
Train epoch: 7 | Loss: *0.456* | Acc: *84.130%* (42065/50000) 
Test epoch: 7 | Loss: *0.726* | Acc: *75.390%* (7539/10000)
Train epoch: 8 | Loss: *0.414* | Acc: *85.744%* (42872/50000) 
Test epoch: 8 | Loss: *0.611* | Acc: *78.900%* (7890/10000)
Train epoch: 9 | Loss: *0.382* | Acc: *86.946%* (43473/50000) 
Test epoch: 9 | Loss: *0.727* | Acc: *76.220%* (7622/10000)
Train epoch: 10 | Loss: *0.356* | Acc: *87.728%* (43864/50000) 
Test epoch: 10 | Loss: *0.691* | Acc: *76.700%* (7670/10000)
Train epoch: 11 | Loss: *0.332* | Acc: *88.580%* (44290/50000) 
Test epoch: 11 | Loss: *1.097* | Acc: *68.490%* (6849/10000)
Train epoch: 12 | Loss: *0.311* | Acc: *89.338%* (44669/50000) 
Test epoch: 12 | Loss: *0.664* | Acc: *77.880%* (7788/10000)
Train epoch: 13 | Loss: *0.287* | Acc: *90.046%* (45023/50000) 
Test epoch: 13 | Loss: *0.705* | Acc: *76.590%* (7659/10000)
Train epoch: 14 | Loss: *0.275* | Acc: *90.390%* (45195/50000) 
Test epoch: 14 | Loss: *0.850* | Acc: *72.300%* (7230/10000)
Train epoch: 15 | Loss: *0.263* | Acc: *90.836%* (45418/50000) 
Test epoch: 15 | Loss: *0.697* | Acc: *77.760%* (7776/10000)
Train epoch: 16 | Loss: *0.252* | Acc: *91.210%* (45605/50000) 
Test epoch: 16 | Loss: *0.991* | Acc: *72.530%* (7253/10000)
Train epoch: 17 | Loss: *0.237* | Acc: *91.632%* (45816/50000) 
Test epoch: 17 | Loss: *0.780* | Acc: *76.040%* (7604/10000)
Train epoch: 18 | Loss: *0.228* | Acc: *92.090%* (46045/50000) 
Test epoch: 18 | Loss: *0.818* | Acc: *73.680%* (7368/10000)
Train epoch: 19 | Loss: *0.217* | Acc: *92.442%* (46221/50000) 
Test epoch: 19 | Loss: *0.847* | Acc: *72.640%* (7264/10000)
Train epoch: 20 | Loss: *0.213* | Acc: *92.732%* (46366/50000) 
Test epoch: 20 | Loss: *1.488* | Acc: *61.500%* (6150/10000)
Train epoch: 21 | Loss: *0.205* | Acc: *92.866%* (46433/50000) 
Test epoch: 21 | Loss: *1.244* | Acc: *69.710%* (6971/10000)
Train epoch: 22 | Loss: *0.203* | Acc: *93.046%* (46523/50000) 
Test epoch: 22 | Loss: *0.651* | Acc: *79.850%* (7985/10000)
Train epoch: 23 | Loss: *0.191* | Acc: *93.454%* (46727/50000) 
Test epoch: 23 | Loss: *0.685* | Acc: *80.090%* (8009/10000)
Train epoch: 24 | Loss: *0.192* | Acc: *93.300%* (46650/50000) 
Test epoch: 24 | Loss: *0.641* | Acc: *79.540%* (7954/10000)
Train epoch: 25 | Loss: *0.187* | Acc: *93.562%* (46781/50000) 
Test epoch: 25 | Loss: *0.706* | Acc: *78.920%* (7892/10000)
Train epoch: 26 | Loss: *0.182* | Acc: *93.794%* (46897/50000) 
Test epoch: 26 | Loss: *0.953* | Acc: *72.860%* (7286/10000)
Train epoch: 27 | Loss: *0.178* | Acc: *93.848%* (46924/50000) 
Test epoch: 27 | Loss: *0.925* | Acc: *71.140%* (7114/10000)
Train epoch: 28 | Loss: *0.173* | Acc: *93.960%* (46980/50000) 
Test epoch: 28 | Loss: *0.877* | Acc: *75.550%* (7555/10000)
Train epoch: 29 | Loss: *0.177* | Acc: *93.820%* (46910/50000) 
Test epoch: 29 | Loss: *0.720* | Acc: *77.670%* (7767/10000)
Train epoch: 30 | Loss: *0.168* | Acc: *94.140%* (47070/50000) 
Test epoch: 30 | Loss: *0.715* | Acc: *77.450%* (7745/10000)
Train epoch: 31 | Loss: *0.173* | Acc: *94.164%* (47082/50000) 
Test epoch: 31 | Loss: *0.746* | Acc: *76.520%* (7652/10000)
Train epoch: 32 | Loss: *0.166* | Acc: *94.288%* (47144/50000) 
Test epoch: 32 | Loss: *0.736* | Acc: *77.100%* (7710/10000)
Train epoch: 33 | Loss: *0.160* | Acc: *94.454%* (47227/50000) 
Test epoch: 33 | Loss: *0.634* | Acc: *80.860%* (8086/10000)
Train epoch: 34 | Loss: *0.160* | Acc: *94.466%* (47233/50000) 
Test epoch: 34 | Loss: *0.932* | Acc: *74.670%* (7467/10000)
Train epoch: 35 | Loss: *0.161* | Acc: *94.444%* (47222/50000) 
Test epoch: 35 | Loss: *0.779* | Acc: *76.350%* (7635/10000)
Train epoch: 36 | Loss: *0.155* | Acc: *94.636%* (47318/50000) 
Test epoch: 36 | Loss: *0.621* | Acc: *80.270%* (8027/10000)
Train epoch: 37 | Loss: *0.154* | Acc: *94.642%* (47321/50000) 
Test epoch: 37 | Loss: *0.604* | Acc: *81.910%* (8191/10000)
Train epoch: 38 | Loss: *0.163* | Acc: *94.356%* (47178/50000) 
Test epoch: 38 | Loss: *1.080* | Acc: *69.480%* (6948/10000)
Train epoch: 39 | Loss: *0.151* | Acc: *94.846%* (47423/50000) 
Test epoch: 39 | Loss: *0.587* | Acc: *81.480%* (8148/10000)
Train epoch: 40 | Loss: *0.154* | Acc: *94.790%* (47395/50000) 
Test epoch: 40 | Loss: *0.615* | Acc: *79.990%* (7999/10000)
Train epoch: 41 | Loss: *0.149* | Acc: *94.944%* (47472/50000) 
Test epoch: 41 | Loss: *0.893* | Acc: *73.830%* (7383/10000)
Train epoch: 42 | Loss: *0.148* | Acc: *94.870%* (47435/50000) 
Test epoch: 42 | Loss: *0.709* | Acc: *78.120%* (7812/10000)
Train epoch: 43 | Loss: *0.152* | Acc: *94.732%* (47366/50000) 
Test epoch: 43 | Loss: *0.615* | Acc: *81.190%* (8119/10000)
Train epoch: 44 | Loss: *0.148* | Acc: *94.882%* (47441/50000) 
Test epoch: 44 | Loss: *0.867* | Acc: *75.140%* (7514/10000)
Train epoch: 45 | Loss: *0.139* | Acc: *95.274%* (47637/50000) 
Test epoch: 45 | Loss: *0.651* | Acc: *79.820%* (7982/10000)
Train epoch: 46 | Loss: *0.146* | Acc: *94.912%* (47456/50000) 
Test epoch: 46 | Loss: *0.701* | Acc: *79.000%* (7900/10000)
Train epoch: 47 | Loss: *0.141* | Acc: *95.222%* (47611/50000) 
Test epoch: 47 | Loss: *0.824* | Acc: *75.510%* (7551/10000)
Train epoch: 48 | Loss: *0.138* | Acc: *95.246%* (47623/50000) 
Test epoch: 48 | Loss: *0.935* | Acc: *75.620%* (7562/10000)
Train epoch: 49 | Loss: *0.137* | Acc: *95.222%* (47611/50000) 
Test epoch: 49 | Loss: *0.810* | Acc: *76.590%* (7659/10000)
Train epoch: 50 | Loss: *0.136* | Acc: *95.408%* (47704/50000) 
Test epoch: 50 | Loss: *1.108* | Acc: *70.590%* (7059/10000)
Train epoch: 51 | Loss: *0.135* | Acc: *95.388%* (47694/50000) 
Test epoch: 51 | Loss: *0.732* | Acc: *78.990%* (7899/10000)
Train epoch: 52 | Loss: *0.136* | Acc: *95.410%* (47705/50000) 
Test epoch: 52 | Loss: *0.731* | Acc: *79.690%* (7969/10000)
Train epoch: 53 | Loss: *0.129* | Acc: *95.570%* (47785/50000) 
Test epoch: 53 | Loss: *0.820* | Acc: *76.820%* (7682/10000)
Train epoch: 54 | Loss: *0.131* | Acc: *95.418%* (47709/50000) 
Test epoch: 54 | Loss: *0.653* | Acc: *80.380%* (8038/10000)
Train epoch: 55 | Loss: *0.125* | Acc: *95.734%* (47867/50000) 
Test epoch: 55 | Loss: *1.067* | Acc: *72.500%* (7250/10000)
Train epoch: 56 | Loss: *0.132* | Acc: *95.444%* (47722/50000) 
Test epoch: 56 | Loss: *0.796* | Acc: *77.400%* (7740/10000)
Train epoch: 57 | Loss: *0.124* | Acc: *95.760%* (47880/50000) 
Test epoch: 57 | Loss: *1.236* | Acc: *68.180%* (6818/10000)
Train epoch: 58 | Loss: *0.125* | Acc: *95.696%* (47848/50000) 
Test epoch: 58 | Loss: *0.643* | Acc: *81.510%* (8151/10000)
Train epoch: 59 | Loss: *0.122* | Acc: *95.818%* (47909/50000) 
Test epoch: 59 | Loss: *0.768* | Acc: *78.170%* (7817/10000)
Train epoch: 60 | Loss: *0.121* | Acc: *95.904%* (47952/50000) 
Test epoch: 60 | Loss: *0.856* | Acc: *76.920%* (7692/10000)
Train epoch: 61 | Loss: *0.123* | Acc: *95.780%* (47890/50000) 
Test epoch: 61 | Loss: *0.741* | Acc: *79.980%* (7998/10000)
Train epoch: 62 | Loss: *0.114* | Acc: *96.126%* (48063/50000) 
Test epoch: 62 | Loss: *0.840* | Acc: *76.760%* (7676/10000)
Train epoch: 63 | Loss: *0.123* | Acc: *95.704%* (47852/50000) 
Test epoch: 63 | Loss: *0.815* | Acc: *77.140%* (7714/10000)
Train epoch: 64 | Loss: *0.113* | Acc: *96.238%* (48119/50000) 
Test epoch: 64 | Loss: *0.753* | Acc: *79.020%* (7902/10000)
Train epoch: 65 | Loss: *0.101* | Acc: *96.652%* (48326/50000) 
Test epoch: 65 | Loss: *1.031* | Acc: *73.280%* (7328/10000)
Train epoch: 66 | Loss: *0.126* | Acc: *95.674%* (47837/50000) 
Test epoch: 66 | Loss: *0.913* | Acc: *75.500%* (7550/10000)
Train epoch: 67 | Loss: *0.113* | Acc: *96.180%* (48090/50000) 
Test epoch: 67 | Loss: *0.840* | Acc: *76.470%* (7647/10000)
Train epoch: 68 | Loss: *0.107* | Acc: *96.410%* (48205/50000) 
Test epoch: 68 | Loss: *1.092* | Acc: *72.220%* (7222/10000)
Train epoch: 69 | Loss: *0.106* | Acc: *96.464%* (48232/50000) 
Test epoch: 69 | Loss: *0.848* | Acc: *77.540%* (7754/10000)
Train epoch: 70 | Loss: *0.115* | Acc: *96.074%* (48037/50000) 
Test epoch: 70 | Loss: *0.963* | Acc: *75.760%* (7576/10000)
Train epoch: 71 | Loss: *0.103* | Acc: *96.460%* (48230/50000) 
Test epoch: 71 | Loss: *0.701* | Acc: *80.360%* (8036/10000)
Train epoch: 72 | Loss: *0.101* | Acc: *96.642%* (48321/50000) 
Test epoch: 72 | Loss: *0.528* | Acc: *83.380%* (8338/10000)
Train epoch: 73 | Loss: *0.110* | Acc: *96.332%* (48166/50000) 
Test epoch: 73 | Loss: *0.794* | Acc: *77.190%* (7719/10000)
Train epoch: 74 | Loss: *0.101* | Acc: *96.600%* (48300/50000) 
Test epoch: 74 | Loss: *0.611* | Acc: *81.320%* (8132/10000)
Train epoch: 75 | Loss: *0.093* | Acc: *96.848%* (48424/50000) 
Test epoch: 75 | Loss: *0.827* | Acc: *78.830%* (7883/10000)
Train epoch: 76 | Loss: *0.099* | Acc: *96.710%* (48355/50000) 
Test epoch: 76 | Loss: *1.042* | Acc: *73.550%* (7355/10000)
Train epoch: 77 | Loss: *0.098* | Acc: *96.792%* (48396/50000) 
Test epoch: 77 | Loss: *0.834* | Acc: *76.890%* (7689/10000)
Train epoch: 78 | Loss: *0.097* | Acc: *96.794%* (48397/50000) 
Test epoch: 78 | Loss: *1.379* | Acc: *68.890%* (6889/10000)
Train epoch: 79 | Loss: *0.090* | Acc: *96.990%* (48495/50000) 
Test epoch: 79 | Loss: *0.883* | Acc: *77.020%* (7702/10000)
Train epoch: 80 | Loss: *0.098* | Acc: *96.750%* (48375/50000) 
Test epoch: 80 | Loss: *0.577* | Acc: *83.020%* (8302/10000)
Train epoch: 81 | Loss: *0.084* | Acc: *97.294%* (48647/50000) 
Test epoch: 81 | Loss: *0.730* | Acc: *79.800%* (7980/10000)
Train epoch: 82 | Loss: *0.100* | Acc: *96.700%* (48350/50000) 
Test epoch: 82 | Loss: *0.735* | Acc: *78.760%* (7876/10000)
Train epoch: 83 | Loss: *0.089* | Acc: *97.046%* (48523/50000) 
Test epoch: 83 | Loss: *0.687* | Acc: *81.030%* (8103/10000)
Train epoch: 84 | Loss: *0.078* | Acc: *97.468%* (48734/50000) 
Test epoch: 84 | Loss: *0.929* | Acc: *75.380%* (7538/10000)
Train epoch: 85 | Loss: *0.086* | Acc: *97.228%* (48614/50000) 
Test epoch: 85 | Loss: *0.673* | Acc: *82.080%* (8208/10000)
Train epoch: 86 | Loss: *0.088* | Acc: *97.056%* (48528/50000) 
Test epoch: 86 | Loss: *0.697* | Acc: *81.040%* (8104/10000)
Train epoch: 87 | Loss: *0.081* | Acc: *97.340%* (48670/50000) 
Test epoch: 87 | Loss: *0.718* | Acc: *81.240%* (8124/10000)
Train epoch: 88 | Loss: *0.075* | Acc: *97.562%* (48781/50000) 
Test epoch: 88 | Loss: *0.682* | Acc: *80.830%* (8083/10000)
Train epoch: 89 | Loss: *0.075* | Acc: *97.538%* (48769/50000) 
Test epoch: 89 | Loss: *0.907* | Acc: *77.200%* (7720/10000)
Train epoch: 90 | Loss: *0.082* | Acc: *97.270%* (48635/50000) 
Test epoch: 90 | Loss: *0.743* | Acc: *79.100%* (7910/10000)
Train epoch: 91 | Loss: *0.077* | Acc: *97.460%* (48730/50000) 
Test epoch: 91 | Loss: *0.699* | Acc: *80.360%* (8036/10000)
Train epoch: 92 | Loss: *0.081* | Acc: *97.352%* (48676/50000) 
Test epoch: 92 | Loss: *0.707* | Acc: *81.850%* (8185/10000)
Train epoch: 93 | Loss: *0.059* | Acc: *98.160%* (49080/50000) 
Test epoch: 93 | Loss: *0.895* | Acc: *78.240%* (7824/10000)
Train epoch: 94 | Loss: *0.075* | Acc: *97.536%* (48768/50000) 
Test epoch: 94 | Loss: *0.922* | Acc: *76.620%* (7662/10000)
Train epoch: 95 | Loss: *0.075* | Acc: *97.566%* (48783/50000) 
Test epoch: 95 | Loss: *0.576* | Acc: *83.200%* (8320/10000)
Train epoch: 96 | Loss: *0.064* | Acc: *97.906%* (48953/50000) 
Test epoch: 96 | Loss: *0.647* | Acc: *82.440%* (8244/10000)
Train epoch: 97 | Loss: *0.071* | Acc: *97.644%* (48822/50000) 
Test epoch: 97 | Loss: *0.698* | Acc: *80.350%* (8035/10000)
Train epoch: 98 | Loss: *0.057* | Acc: *98.176%* (49088/50000) 
Test epoch: 98 | Loss: *0.753* | Acc: *79.680%* (7968/10000)
Train epoch: 99 | Loss: *0.053* | Acc: *98.324%* (49162/50000) 
Test epoch: 99 | Loss: *1.350* | Acc: *69.870%* (6987/10000)
Train epoch: 100 | Loss: *0.070* | Acc: *97.752%* (48876/50000) 
Test epoch: 100 | Loss: *0.624* | Acc: *82.670%* (8267/10000)
Train epoch: 101 | Loss: *0.062* | Acc: *98.030%* (49015/50000) 
Test epoch: 101 | Loss: *0.830* | Acc: *78.030%* (7803/10000)
Train epoch: 102 | Loss: *0.056* | Acc: *98.194%* (49097/50000) 
Test epoch: 102 | Loss: *1.108* | Acc: *73.110%* (7311/10000)
Train epoch: 103 | Loss: *0.068* | Acc: *97.780%* (48890/50000) 
Test epoch: 103 | Loss: *0.767* | Acc: *79.760%* (7976/10000)
Train epoch: 104 | Loss: *0.055* | Acc: *98.286%* (49143/50000) 
Test epoch: 104 | Loss: *0.675* | Acc: *81.970%* (8197/10000)
Train epoch: 105 | Loss: *0.048* | Acc: *98.466%* (49233/50000) 
Test epoch: 105 | Loss: *0.815* | Acc: *78.910%* (7891/10000)
Train epoch: 106 | Loss: *0.055* | Acc: *98.276%* (49138/50000) 
Test epoch: 106 | Loss: *0.671* | Acc: *81.470%* (8147/10000)
Train epoch: 107 | Loss: *0.055* | Acc: *98.260%* (49130/50000) 
Test epoch: 107 | Loss: *0.762* | Acc: *79.360%* (7936/10000)
Train epoch: 108 | Loss: *0.039* | Acc: *98.822%* (49411/50000) 
Test epoch: 108 | Loss: *0.664* | Acc: *82.590%* (8259/10000)
Train epoch: 109 | Loss: *0.034* | Acc: *99.078%* (49539/50000) 
Test epoch: 109 | Loss: *0.612* | Acc: *83.100%* (8310/10000)
Train epoch: 110 | Loss: *0.028* | Acc: *99.246%* (49623/50000) 
Test epoch: 110 | Loss: *0.849* | Acc: *79.260%* (7926/10000)
Train epoch: 111 | Loss: *0.048* | Acc: *98.536%* (49268/50000) 
Test epoch: 111 | Loss: *0.830* | Acc: *76.750%* (7675/10000)
Train epoch: 112 | Loss: *0.091* | Acc: *97.022%* (48511/50000) 
Test epoch: 112 | Loss: *0.949* | Acc: *75.140%* (7514/10000)
Train epoch: 113 | Loss: *0.051* | Acc: *98.458%* (49229/50000) 
Test epoch: 113 | Loss: *0.621* | Acc: *83.230%* (8323/10000)
Train epoch: 114 | Loss: *0.022* | Acc: *99.464%* (49732/50000) 
Test epoch: 114 | Loss: *0.532* | Acc: *85.340%* (8534/10000)
Train epoch: 115 | Loss: *0.013* | Acc: *99.720%* (49860/50000) 
Test epoch: 115 | Loss: *0.499* | Acc: *86.480%* (8648/10000)
Train epoch: 116 | Loss: *0.003* | Acc: *99.994%* (49997/50000) 
Test epoch: 116 | Loss: *0.363* | Acc: *89.400%* (8940/10000)
Train epoch: 117 | Loss: *0.002* | Acc: *100.000%* (50000/50000) 
Test epoch: 117 | Loss: *0.336* | Acc: *89.870%* (8987/10000)
Train epoch: 118 | Loss: *0.002* | Acc: *100.000%* (50000/50000) 
Test epoch: 118 | Loss: *0.325* | Acc: *89.850%* (8985/10000)
Train epoch: 119 | Loss: *0.002* | Acc: *100.000%* (50000/50000) 
Test epoch: 119 | Loss: *0.320* | Acc: *89.960%* (8996/10000)
Train epoch: 120 | Loss: *0.002* | Acc: *100.000%* (50000/50000) 
Test epoch: 120 | Loss: *0.315* | Acc: *90.170%* (9017/10000)
Train epoch: 121 | Loss: *0.002* | Acc: *100.000%* (50000/50000) 
Test epoch: 121 | Loss: *0.313* | Acc: *90.040%* (9004/10000)
Train epoch: 122 | Loss: *0.002* | Acc: *100.000%* (50000/50000) 
Test epoch: 122 | Loss: *0.310* | Acc: *90.220%* (9022/10000)
Train epoch: 123 | Loss: *0.002* | Acc: *100.000%* (50000/50000) 
Test epoch: 123 | Loss: *0.310* | Acc: *90.170%* (9017/10000)
Train epoch: 124 | Loss: *0.002* | Acc: *100.000%* (50000/50000) 
Test epoch: 124 | Loss: *0.310* | Acc: *90.270%* (9027/10000)
Train epoch: 125 | Loss: *0.002* | Acc: *100.000%* (50000/50000) 
Test epoch: 125 | Loss: *0.314* | Acc: *90.120%* (9012/10000)
Train epoch: 126 | Loss: *0.002* | Acc: *100.000%* (50000/50000) 
Test epoch: 126 | Loss: *0.316* | Acc: *90.240%* (9024/10000)
Train epoch: 127 | Loss: *0.002* | Acc: *100.000%* (50000/50000) 
Test epoch: 127 | Loss: *0.315* | Acc: *90.270%* (9027/10000)
Train epoch: 128 | Loss: *0.002* | Acc: *100.000%* (50000/50000) 
Test epoch: 128 | Loss: *0.325* | Acc: *89.870%* (8987/10000)
Train epoch: 129 | Loss: *0.002* | Acc: *100.000%* (50000/50000) 
Test epoch: 129 | Loss: *0.319* | Acc: *90.290%* (9029/10000)
Train epoch: 130 | Loss: *0.002* | Acc: *100.000%* (50000/50000) 
Test epoch: 130 | Loss: *0.336* | Acc: *89.770%* (8977/10000)
Train epoch: 131 | Loss: *0.002* | Acc: *100.000%* (50000/50000) 
Test epoch: 131 | Loss: *0.341* | Acc: *89.430%* (8943/10000)
Train epoch: 132 | Loss: *0.362* | Acc: *87.470%* (43735/50000) 
Test epoch: 132 | Loss: *1.220* | Acc: *57.350%* (5735/10000)
Train epoch: 133 | Loss: *0.652* | Acc: *77.672%* (38836/50000) 
Test epoch: 133 | Loss: *0.953* | Acc: *67.700%* (6770/10000)
Train epoch: 134 | Loss: *0.386* | Acc: *86.864%* (43432/50000) 
Test epoch: 134 | Loss: *0.534* | Acc: *81.810%* (8181/10000)
Train epoch: 135 | Loss: *0.237* | Acc: *91.952%* (45976/50000) 
Test epoch: 135 | Loss: *0.747* | Acc: *76.800%* (7680/10000)
Train epoch: 136 | Loss: *0.139* | Acc: *95.500%* (47750/50000) 
Test epoch: 136 | Loss: *0.658* | Acc: *81.040%* (8104/10000)
Train epoch: 137 | Loss: *0.080* | Acc: *97.508%* (48754/50000) 
Test epoch: 137 | Loss: *0.609* | Acc: *82.580%* (8258/10000)
Train epoch: 138 | Loss: *0.055* | Acc: *98.302%* (49151/50000) 
Test epoch: 138 | Loss: *0.562* | Acc: *84.210%* (8421/10000)
Train epoch: 139 | Loss: *0.032* | Acc: *99.162%* (49581/50000) 
Test epoch: 139 | Loss: *0.570* | Acc: *84.580%* (8458/10000)
Train epoch: 140 | Loss: *0.013* | Acc: *99.770%* (49885/50000) 
Test epoch: 140 | Loss: *0.436* | Acc: *87.440%* (8744/10000)
Train epoch: 141 | Loss: *0.005* | Acc: *99.962%* (49981/50000) 
Test epoch: 141 | Loss: *0.377* | Acc: *88.920%* (8892/10000)
Train epoch: 142 | Loss: *0.002* | Acc: *100.000%* (50000/50000) 
Test epoch: 142 | Loss: *0.356* | Acc: *89.270%* (8927/10000)
Train epoch: 143 | Loss: *0.002* | Acc: *99.998%* (49999/50000) 
Test epoch: 143 | Loss: *0.346* | Acc: *89.350%* (8935/10000)
Train epoch: 144 | Loss: *0.002* | Acc: *100.000%* (50000/50000) 
Test epoch: 144 | Loss: *0.341* | Acc: *89.570%* (8957/10000)
Train epoch: 145 | Loss: *0.002* | Acc: *100.000%* (50000/50000) 
Test epoch: 145 | Loss: *0.336* | Acc: *89.570%* (8957/10000)
Train epoch: 146 | Loss: *0.002* | Acc: *100.000%* (50000/50000) 
Test epoch: 146 | Loss: *0.333* | Acc: *89.550%* (8955/10000)
Train epoch: 147 | Loss: *0.002* | Acc: *100.000%* (50000/50000) 
Test epoch: 147 | Loss: *0.329* | Acc: *89.470%* (8947/10000)
Train epoch: 148 | Loss: *0.002* | Acc: *100.000%* (50000/50000) 
Test epoch: 148 | Loss: *0.327* | Acc: *89.570%* (8957/10000)
Train epoch: 149 | Loss: *0.002* | Acc: *100.000%* (50000/50000) 
Test epoch: 149 | Loss: *0.330* | Acc: *89.540%* (8954/10000)
Train epoch: 150 | Loss: *0.002* | Acc: *100.000%* (50000/50000) 
Test epoch: 150 | Loss: *0.326* | Acc: *89.660%* (8966/10000)
Train epoch: 151 | Loss: *0.002* | Acc: *100.000%* (50000/50000) 
Test epoch: 151 | Loss: *0.327* | Acc: *89.640%* (8964/10000)
Train epoch: 152 | Loss: *0.002* | Acc: *100.000%* (50000/50000) 
Test epoch: 152 | Loss: *0.324* | Acc: *89.700%* (8970/10000)
Train epoch: 153 | Loss: *0.002* | Acc: *100.000%* (50000/50000) 
Test epoch: 153 | Loss: *0.324* | Acc: *89.760%* (8976/10000)
Train epoch: 154 | Loss: *0.002* | Acc: *100.000%* (50000/50000) 
Test epoch: 154 | Loss: *0.326* | Acc: *89.600%* (8960/10000)
Train epoch: 155 | Loss: *0.002* | Acc: *100.000%* (50000/50000) 
Test epoch: 155 | Loss: *0.325* | Acc: *89.600%* (8960/10000)
Train epoch: 156 | Loss: *0.002* | Acc: *100.000%* (50000/50000) 
Test epoch: 156 | Loss: *0.328* | Acc: *89.360%* (8936/10000)
Train epoch: 157 | Loss: *0.002* | Acc: *100.000%* (50000/50000) 
Test epoch: 157 | Loss: *0.326* | Acc: *89.480%* (8948/10000)
Train epoch: 158 | Loss: *0.002* | Acc: *100.000%* (50000/50000) 
Test epoch: 158 | Loss: *0.329* | Acc: *89.510%* (8951/10000)
Train epoch: 159 | Loss: *0.002* | Acc: *100.000%* (50000/50000) 
Test epoch: 159 | Loss: *0.328* | Acc: *89.580%* (8958/10000)
Train epoch: 160 | Loss: *0.002* | Acc: *100.000%* (50000/50000) 
Test epoch: 160 | Loss: *0.331* | Acc: *89.510%* (8951/10000)
Train epoch: 161 | Loss: *0.002* | Acc: *100.000%* (50000/50000) 
Test epoch: 161 | Loss: *0.335* | Acc: *89.480%* (8948/10000)
Train epoch: 162 | Loss: *0.002* | Acc: *100.000%* (50000/50000) 
Test epoch: 162 | Loss: *0.331* | Acc: *89.570%* (8957/10000)
Train epoch: 163 | Loss: *0.002* | Acc: *100.000%* (50000/50000) 
Test epoch: 163 | Loss: *0.330* | Acc: *89.580%* (8958/10000)
Train epoch: 164 | Loss: *0.002* | Acc: *100.000%* (50000/50000) 
Test epoch: 164 | Loss: *0.332* | Acc: *89.580%* (8958/10000)
Train epoch: 165 | Loss: *0.002* | Acc: *100.000%* (50000/50000) 
Test epoch: 165 | Loss: *0.338* | Acc: *89.340%* (8934/10000)
Train epoch: 166 | Loss: *0.002* | Acc: *100.000%* (50000/50000) 
Test epoch: 166 | Loss: *0.337* | Acc: *89.400%* (8940/10000)
Train epoch: 167 | Loss: *0.002* | Acc: *100.000%* (50000/50000) 
Test epoch: 167 | Loss: *0.338* | Acc: *89.470%* (8947/10000)
Train epoch: 168 | Loss: *0.002* | Acc: *100.000%* (50000/50000) 
Test epoch: 168 | Loss: *0.336* | Acc: *89.280%* (8928/10000)
Train epoch: 169 | Loss: *0.002* | Acc: *100.000%* (50000/50000) 
Test epoch: 169 | Loss: *0.337* | Acc: *89.400%* (8940/10000)
Train epoch: 170 | Loss: *0.002* | Acc: *100.000%* (50000/50000) 
Test epoch: 170 | Loss: *0.343* | Acc: *89.250%* (8925/10000)
Train epoch: 171 | Loss: *0.002* | Acc: *100.000%* (50000/50000) 
Test epoch: 171 | Loss: *0.346* | Acc: *89.170%* (8917/10000)
Train epoch: 172 | Loss: *0.002* | Acc: *100.000%* (50000/50000) 
Test epoch: 172 | Loss: *0.341* | Acc: *89.160%* (8916/10000)
Train epoch: 173 | Loss: *0.002* | Acc: *100.000%* (50000/50000) 
Test epoch: 173 | Loss: *0.342* | Acc: *89.310%* (8931/10000)
Train epoch: 174 | Loss: *0.002* | Acc: *100.000%* (50000/50000) 
Test epoch: 174 | Loss: *0.346* | Acc: *89.280%* (8928/10000)
Train epoch: 175 | Loss: *0.002* | Acc: *100.000%* (50000/50000) 
Test epoch: 175 | Loss: *0.345* | Acc: *89.320%* (8932/10000)
Train epoch: 176 | Loss: *0.002* | Acc: *100.000%* (50000/50000) 
Test epoch: 176 | Loss: *0.346* | Acc: *89.180%* (8918/10000)
Train epoch: 177 | Loss: *0.002* | Acc: *100.000%* (50000/50000) 
Test epoch: 177 | Loss: *0.347* | Acc: *89.300%* (8930/10000)
Train epoch: 178 | Loss: *0.002* | Acc: *100.000%* (50000/50000) 
Test epoch: 178 | Loss: *0.348* | Acc: *89.260%* (8926/10000)
Train epoch: 179 | Loss: *0.002* | Acc: *100.000%* (50000/50000) 
Test epoch: 179 | Loss: *0.349* | Acc: *89.320%* (8932/10000)
Train epoch: 180 | Loss: *0.002* | Acc: *100.000%* (50000/50000) 
Test epoch: 180 | Loss: *0.351* | Acc: *89.240%* (8924/10000)
Train epoch: 181 | Loss: *0.002* | Acc: *100.000%* (50000/50000) 
Test epoch: 181 | Loss: *0.351* | Acc: *89.160%* (8916/10000)
Train epoch: 182 | Loss: *0.002* | Acc: *100.000%* (50000/50000) 
Test epoch: 182 | Loss: *0.349* | Acc: *89.200%* (8920/10000)
Train epoch: 183 | Loss: *0.002* | Acc: *100.000%* (50000/50000) 
Test epoch: 183 | Loss: *0.350* | Acc: *89.300%* (8930/10000)
Train epoch: 184 | Loss: *0.002* | Acc: *100.000%* (50000/50000) 
Test epoch: 184 | Loss: *0.352* | Acc: *89.140%* (8914/10000)
Train epoch: 185 | Loss: *0.002* | Acc: *100.000%* (50000/50000) 
Test epoch: 185 | Loss: *0.351* | Acc: *89.220%* (8922/10000)
Train epoch: 186 | Loss: *0.002* | Acc: *100.000%* (50000/50000) 
Test epoch: 186 | Loss: *0.353* | Acc: *89.240%* (8924/10000)
Train epoch: 187 | Loss: *0.002* | Acc: *100.000%* (50000/50000) 
Test epoch: 187 | Loss: *0.354* | Acc: *89.240%* (8924/10000)
Train epoch: 188 | Loss: *0.002* | Acc: *100.000%* (50000/50000) 
Test epoch: 188 | Loss: *0.354* | Acc: *89.170%* (8917/10000)
Train epoch: 189 | Loss: *0.002* | Acc: *100.000%* (50000/50000) 
Test epoch: 189 | Loss: *0.353* | Acc: *89.270%* (8927/10000)
Train epoch: 190 | Loss: *0.002* | Acc: *100.000%* (50000/50000) 
Test epoch: 190 | Loss: *0.354* | Acc: *89.110%* (8911/10000)
Train epoch: 191 | Loss: *0.002* | Acc: *100.000%* (50000/50000) 
Test epoch: 191 | Loss: *0.355* | Acc: *89.230%* (8923/10000)
Train epoch: 192 | Loss: *0.002* | Acc: *100.000%* (50000/50000) 
Test epoch: 192 | Loss: *0.357* | Acc: *88.990%* (8899/10000)
Train epoch: 193 | Loss: *0.002* | Acc: *100.000%* (50000/50000) 
Test epoch: 193 | Loss: *0.357* | Acc: *88.940%* (8894/10000)
Train epoch: 194 | Loss: *0.002* | Acc: *100.000%* (50000/50000) 
Test epoch: 194 | Loss: *0.355* | Acc: *89.140%* (8914/10000)
Train epoch: 195 | Loss: *0.002* | Acc: *100.000%* (50000/50000) 
Test epoch: 195 | Loss: *0.355* | Acc: *89.110%* (8911/10000)
Train epoch: 196 | Loss: *0.002* | Acc: *100.000%* (50000/50000) 
Test epoch: 196 | Loss: *0.355* | Acc: *89.140%* (8914/10000)
Train epoch: 197 | Loss: *0.002* | Acc: *100.000%* (50000/50000) 
Test epoch: 197 | Loss: *0.354* | Acc: *89.140%* (8914/10000)
Train epoch: 198 | Loss: *0.002* | Acc: *100.000%* (50000/50000) 
Test epoch: 198 | Loss: *0.353* | Acc: *89.200%* (8920/10000)
Train epoch: 199 | Loss: *0.002* | Acc: *100.000%* (50000/50000) 
Test epoch: 199 | Loss: *0.354* | Acc: *89.130%* (8913/10000)
Train epoch: 200 | Loss: *0.002* | Acc: *100.000%* (50000/50000) 
Test epoch: 200 | Loss: *0.355* | Acc: *89.110%* (8911/10000)
Train epoch: 201 | Loss: *0.002* | Acc: *100.000%* (50000/50000) 
Test epoch: 201 | Loss: *0.355* | Acc: *89.130%* (8913/10000)
Train epoch: 202 | Loss: *0.002* | Acc: *100.000%* (50000/50000) 
Test epoch: 202 | Loss: *0.356* | Acc: *89.050%* (8905/10000)
Train epoch: 203 | Loss: *0.002* | Acc: *100.000%* (50000/50000) 
Test epoch: 203 | Loss: *0.356* | Acc: *89.200%* (8920/10000)
Train epoch: 204 | Loss: *0.002* | Acc: *100.000%* (50000/50000) 
Test epoch: 204 | Loss: *0.355* | Acc: *89.130%* (8913/10000)
Train epoch: 205 | Loss: *0.002* | Acc: *100.000%* (50000/50000) 
Test epoch: 205 | Loss: *0.356* | Acc: *89.050%* (8905/10000)
Train epoch: 206 | Loss: *0.002* | Acc: *100.000%* (50000/50000) 
Test epoch: 206 | Loss: *0.355* | Acc: *89.180%* (8918/10000)
Train epoch: 207 | Loss: *0.002* | Acc: *100.000%* (50000/50000) 
Test epoch: 207 | Loss: *0.355* | Acc: *89.230%* (8923/10000)
Train epoch: 208 | Loss: *0.002* | Acc: *100.000%* (50000/50000) 
Test epoch: 208 | Loss: *0.355* | Acc: *89.100%* (8910/10000)
Train epoch: 209 | Loss: *0.002* | Acc: *100.000%* (50000/50000) 
Test epoch: 209 | Loss: *0.357* | Acc: *89.190%* (8919/10000)
Train epoch: 210 | Loss: *0.002* | Acc: *100.000%* (50000/50000) 
Test epoch: 210 | Loss: *0.355* | Acc: *89.230%* (8923/10000)
Train epoch: 211 | Loss: *0.002* | Acc: *100.000%* (50000/50000) 
Test epoch: 211 | Loss: *0.355* | Acc: *89.150%* (8915/10000)
Train epoch: 212 | Loss: *0.002* | Acc: *100.000%* (50000/50000) 
Test epoch: 212 | Loss: *0.357* | Acc: *89.080%* (8908/10000)
Train epoch: 213 | Loss: *0.002* | Acc: *100.000%* (50000/50000) 
Test epoch: 213 | Loss: *0.355* | Acc: *89.120%* (8912/10000)
Train epoch: 214 | Loss: *0.002* | Acc: *100.000%* (50000/50000) 
Test epoch: 214 | Loss: *0.357* | Acc: *89.090%* (8909/10000)
Train epoch: 215 | Loss: *0.002* | Acc: *100.000%* (50000/50000) 
Test epoch: 215 | Loss: *0.358* | Acc: *89.150%* (8915/10000)
Train epoch: 216 | Loss: *0.002* | Acc: *100.000%* (50000/50000) 
Test epoch: 216 | Loss: *0.357* | Acc: *89.110%* (8911/10000)
Train epoch: 217 | Loss: *0.002* | Acc: *100.000%* (50000/50000) 
Test epoch: 217 | Loss: *0.358* | Acc: *89.110%* (8911/10000)
Train epoch: 218 | Loss: *0.002* | Acc: *100.000%* (50000/50000) 
Test epoch: 218 | Loss: *0.358* | Acc: *89.140%* (8914/10000)
Train epoch: 219 | Loss: *0.002* | Acc: *100.000%* (50000/50000) 
Test epoch: 219 | Loss: *0.358* | Acc: *89.140%* (8914/10000)
Train epoch: 220 | Loss: *0.002* | Acc: *100.000%* (50000/50000) 
Test epoch: 220 | Loss: *0.361* | Acc: *88.970%* (8897/10000)
Train epoch: 221 | Loss: *0.002* | Acc: *100.000%* (50000/50000) 
Test epoch: 221 | Loss: *0.361* | Acc: *88.930%* (8893/10000)
Train epoch: 222 | Loss: *0.002* | Acc: *100.000%* (50000/50000) 
Test epoch: 222 | Loss: *0.361* | Acc: *88.980%* (8898/10000)
Train epoch: 223 | Loss: *0.002* | Acc: *100.000%* (50000/50000) 
Test epoch: 223 | Loss: *0.362* | Acc: *88.980%* (8898/10000)
Train epoch: 224 | Loss: *0.002* | Acc: *100.000%* (50000/50000) 
Test epoch: 224 | Loss: *0.365* | Acc: *88.920%* (8892/10000)
Train epoch: 225 | Loss: *0.002* | Acc: *100.000%* (50000/50000) 
Test epoch: 225 | Loss: *0.368* | Acc: *88.930%* (8893/10000)
Train epoch: 226 | Loss: *0.002* | Acc: *100.000%* (50000/50000) 
Test epoch: 226 | Loss: *0.371* | Acc: *88.940%* (8894/10000)
Train epoch: 227 | Loss: *0.002* | Acc: *100.000%* (50000/50000) 
Test epoch: 227 | Loss: *0.370* | Acc: *88.990%* (8899/10000)
Train epoch: 228 | Loss: *0.002* | Acc: *100.000%* (50000/50000) 
Test epoch: 228 | Loss: *0.369* | Acc: *88.920%* (8892/10000)
Train epoch: 229 | Loss: *0.002* | Acc: *100.000%* (50000/50000) 
Test epoch: 229 | Loss: *0.375* | Acc: *88.850%* (8885/10000)
Train epoch: 230 | Loss: *0.002* | Acc: *100.000%* (50000/50000) 
Test epoch: 230 | Loss: *0.376* | Acc: *88.740%* (8874/10000)
Train epoch: 231 | Loss: *0.002* | Acc: *100.000%* (50000/50000) 
Test epoch: 231 | Loss: *0.379* | Acc: *88.680%* (8868/10000)
Train epoch: 232 | Loss: *0.002* | Acc: *100.000%* (50000/50000) 
Test epoch: 232 | Loss: *0.381* | Acc: *88.630%* (8863/10000)
Train epoch: 233 | Loss: *0.002* | Acc: *100.000%* (50000/50000) 
Test epoch: 233 | Loss: *0.385* | Acc: *88.510%* (8851/10000)
Train epoch: 234 | Loss: *0.075* | Acc: *98.088%* (49044/50000) 
Test epoch: 234 | Loss: *0.895* | Acc: *71.080%* (7108/10000)
Train epoch: 235 | Loss: *0.135* | Acc: *96.210%* (48105/50000) 
Test epoch: 235 | Loss: *0.571* | Acc: *81.750%* (8175/10000)
Train epoch: 236 | Loss: *0.063* | Acc: *98.448%* (49224/50000) 
Test epoch: 236 | Loss: *0.565* | Acc: *82.620%* (8262/10000)
Train epoch: 237 | Loss: *0.033* | Acc: *99.346%* (49673/50000) 
Test epoch: 237 | Loss: *0.474* | Acc: *86.140%* (8614/10000)
Train epoch: 238 | Loss: *0.019* | Acc: *99.684%* (49842/50000) 
Test epoch: 238 | Loss: *0.444* | Acc: *86.680%* (8668/10000)
Train epoch: 239 | Loss: *0.009* | Acc: *99.918%* (49959/50000) 
Test epoch: 239 | Loss: *0.402* | Acc: *88.150%* (8815/10000)
Train epoch: 240 | Loss: *0.003* | Acc: *100.000%* (50000/50000) 
Test epoch: 240 | Loss: *0.352* | Acc: *89.230%* (8923/10000)
Train epoch: 241 | Loss: *0.001* | Acc: *100.000%* (50000/50000) 
Test epoch: 241 | Loss: *0.344* | Acc: *89.310%* (8931/10000)
Train epoch: 242 | Loss: *0.001* | Acc: *100.000%* (50000/50000) 
Test epoch: 242 | Loss: *0.340* | Acc: *89.710%* (8971/10000)
Train epoch: 243 | Loss: *0.001* | Acc: *100.000%* (50000/50000) 
Test epoch: 243 | Loss: *0.339* | Acc: *89.610%* (8961/10000)
Train epoch: 244 | Loss: *0.001* | Acc: *100.000%* (50000/50000) 
Test epoch: 244 | Loss: *0.333* | Acc: *89.810%* (8981/10000)
Train epoch: 245 | Loss: *0.001* | Acc: *100.000%* (50000/50000) 
Test epoch: 245 | Loss: *0.330* | Acc: *89.770%* (8977/10000)
Train epoch: 246 | Loss: *0.001* | Acc: *100.000%* (50000/50000) 
Test epoch: 246 | Loss: *0.331* | Acc: *89.760%* (8976/10000)
Train epoch: 247 | Loss: *0.001* | Acc: *100.000%* (50000/50000) 
Test epoch: 247 | Loss: *0.329* | Acc: *89.810%* (8981/10000)
Train epoch: 248 | Loss: *0.001* | Acc: *100.000%* (50000/50000) 
Test epoch: 248 | Loss: *0.332* | Acc: *89.720%* (8972/10000)
Train epoch: 249 | Loss: *0.001* | Acc: *100.000%* (50000/50000) 
Test epoch: 249 | Loss: *0.330* | Acc: *89.830%* (8983/10000)
Train epoch: 250 | Loss: *0.002* | Acc: *100.000%* (50000/50000) 
Test epoch: 250 | Loss: *0.337* | Acc: *89.690%* (8969/10000)
Train epoch: 251 | Loss: *0.001* | Acc: *100.000%* (50000/50000) 
Test epoch: 251 | Loss: *0.334* | Acc: *89.550%* (8955/10000)
Train epoch: 252 | Loss: *0.136* | Acc: *95.502%* (47751/50000) 
Test epoch: 252 | Loss: *0.888* | Acc: *70.360%* (7036/10000)
Train epoch: 253 | Loss: *0.307* | Acc: *89.686%* (44843/50000) 
Test epoch: 253 | Loss: *0.887* | Acc: *72.510%* (7251/10000)
Train epoch: 254 | Loss: *0.140* | Acc: *95.434%* (47717/50000) 
Test epoch: 254 | Loss: *0.800* | Acc: *76.870%* (7687/10000)
Train epoch: 255 | Loss: *0.080* | Acc: *97.540%* (48770/50000) 
Test epoch: 255 | Loss: *0.505* | Acc: *84.620%* (8462/10000)
Train epoch: 256 | Loss: *0.048* | Acc: *98.588%* (49294/50000) 
Test epoch: 256 | Loss: *0.565* | Acc: *83.660%* (8366/10000)
Train epoch: 257 | Loss: *0.042* | Acc: *98.778%* (49389/50000) 
Test epoch: 257 | Loss: *0.573* | Acc: *83.550%* (8355/10000)
Train epoch: 258 | Loss: *0.037* | Acc: *98.894%* (49447/50000) 
Test epoch: 258 | Loss: *0.658* | Acc: *82.350%* (8235/10000)
Train epoch: 259 | Loss: *0.033* | Acc: *99.022%* (49511/50000) 
Test epoch: 259 | Loss: *0.539* | Acc: *84.890%* (8489/10000)
Train epoch: 260 | Loss: *0.044* | Acc: *98.664%* (49332/50000) 
Test epoch: 260 | Loss: *0.545* | Acc: *84.790%* (8479/10000)
Train epoch: 261 | Loss: *0.042* | Acc: *98.766%* (49383/50000) 
Test epoch: 261 | Loss: *0.598* | Acc: *84.080%* (8408/10000)
Train epoch: 262 | Loss: *0.053* | Acc: *98.336%* (49168/50000) 
Test epoch: 262 | Loss: *0.985* | Acc: *76.230%* (7623/10000)
Train epoch: 263 | Loss: *0.051* | Acc: *98.440%* (49220/50000) 
Test epoch: 263 | Loss: *0.628* | Acc: *82.310%* (8231/10000)
Train epoch: 264 | Loss: *0.032* | Acc: *99.112%* (49556/50000) 
Test epoch: 264 | Loss: *0.495* | Acc: *86.530%* (8653/10000)
Train epoch: 265 | Loss: *0.021* | Acc: *99.450%* (49725/50000) 
Test epoch: 265 | Loss: *0.723* | Acc: *81.040%* (8104/10000)
Train epoch: 266 | Loss: *0.028* | Acc: *99.210%* (49605/50000) 
Test epoch: 266 | Loss: *0.594* | Acc: *84.010%* (8401/10000)
Train epoch: 267 | Loss: *0.037* | Acc: *98.966%* (49483/50000) 
Test epoch: 267 | Loss: *0.737* | Acc: *79.450%* (7945/10000)
Train epoch: 268 | Loss: *0.069* | Acc: *97.784%* (48892/50000) 
Test epoch: 268 | Loss: *0.742* | Acc: *80.380%* (8038/10000)
Train epoch: 269 | Loss: *0.057* | Acc: *98.232%* (49116/50000) 
Test epoch: 269 | Loss: *0.643* | Acc: *83.340%* (8334/10000)
Train epoch: 270 | Loss: *0.041* | Acc: *98.774%* (49387/50000) 
Test epoch: 270 | Loss: *0.570* | Acc: *84.530%* (8453/10000)
Train epoch: 271 | Loss: *0.034* | Acc: *99.026%* (49513/50000) 
Test epoch: 271 | Loss: *0.612* | Acc: *83.440%* (8344/10000)
Train epoch: 272 | Loss: *0.034* | Acc: *99.048%* (49524/50000) 
Test epoch: 272 | Loss: *0.580* | Acc: *84.280%* (8428/10000)
Train epoch: 273 | Loss: *0.034* | Acc: *99.032%* (49516/50000) 
Test epoch: 273 | Loss: *0.715* | Acc: *81.620%* (8162/10000)
Train epoch: 274 | Loss: *0.053* | Acc: *98.356%* (49178/50000) 
Test epoch: 274 | Loss: *0.867* | Acc: *78.470%* (7847/10000)
Train epoch: 275 | Loss: *0.073* | Acc: *97.572%* (48786/50000) 
Test epoch: 275 | Loss: *0.618* | Acc: *82.260%* (8226/10000)
Train epoch: 276 | Loss: *0.050* | Acc: *98.448%* (49224/50000) 
Test epoch: 276 | Loss: *0.515* | Acc: *84.760%* (8476/10000)
Train epoch: 277 | Loss: *0.041* | Acc: *98.770%* (49385/50000) 
Test epoch: 277 | Loss: *0.644* | Acc: *83.720%* (8372/10000)
Train epoch: 278 | Loss: *0.046* | Acc: *98.550%* (49275/50000) 
Test epoch: 278 | Loss: *0.744* | Acc: *80.870%* (8087/10000)
Train epoch: 279 | Loss: *0.049* | Acc: *98.536%* (49268/50000) 
Test epoch: 279 | Loss: *0.647* | Acc: *82.330%* (8233/10000)
Train epoch: 280 | Loss: *0.048* | Acc: *98.496%* (49248/50000) 
Test epoch: 280 | Loss: *0.762* | Acc: *80.690%* (8069/10000)
Train epoch: 281 | Loss: *0.055* | Acc: *98.312%* (49156/50000) 
Test epoch: 281 | Loss: *0.635* | Acc: *83.610%* (8361/10000)
Train epoch: 282 | Loss: *0.053* | Acc: *98.344%* (49172/50000) 
Test epoch: 282 | Loss: *0.730* | Acc: *80.490%* (8049/10000)
Train epoch: 283 | Loss: *0.055* | Acc: *98.276%* (49138/50000) 
Test epoch: 283 | Loss: *0.634* | Acc: *82.380%* (8238/10000)
Train epoch: 284 | Loss: *0.058* | Acc: *98.156%* (49078/50000) 
Test epoch: 284 | Loss: *0.835* | Acc: *78.310%* (7831/10000)
Train epoch: 285 | Loss: *0.070* | Acc: *97.698%* (48849/50000) 
Test epoch: 285 | Loss: *1.195* | Acc: *71.560%* (7156/10000)
Train epoch: 286 | Loss: *0.060* | Acc: *98.086%* (49043/50000) 
Test epoch: 286 | Loss: *0.645* | Acc: *82.160%* (8216/10000)
Train epoch: 287 | Loss: *0.055* | Acc: *98.240%* (49120/50000) 
Test epoch: 287 | Loss: *0.619* | Acc: *81.910%* (8191/10000)
Train epoch: 288 | Loss: *0.054* | Acc: *98.316%* (49158/50000) 
Test epoch: 288 | Loss: *0.738* | Acc: *80.580%* (8058/10000)
Train epoch: 289 | Loss: *0.055* | Acc: *98.212%* (49106/50000) 
Test epoch: 289 | Loss: *0.647* | Acc: *82.030%* (8203/10000)
Train epoch: 290 | Loss: *0.068* | Acc: *97.770%* (48885/50000) 
Test epoch: 290 | Loss: *0.776* | Acc: *80.410%* (8041/10000)
Train epoch: 291 | Loss: *0.058* | Acc: *98.140%* (49070/50000) 
Test epoch: 291 | Loss: *0.663* | Acc: *82.020%* (8202/10000)
Train epoch: 292 | Loss: *0.062* | Acc: *97.932%* (48966/50000) 
Test epoch: 292 | Loss: *0.994* | Acc: *75.320%* (7532/10000)
Train epoch: 293 | Loss: *0.075* | Acc: *97.548%* (48774/50000) 
Test epoch: 293 | Loss: *0.932* | Acc: *76.930%* (7693/10000)
Train epoch: 294 | Loss: *0.062* | Acc: *98.002%* (49001/50000) 
Test epoch: 294 | Loss: *0.845* | Acc: *78.830%* (7883/10000)
Train epoch: 295 | Loss: *0.066* | Acc: *97.838%* (48919/50000) 
Test epoch: 295 | Loss: *0.732* | Acc: *80.690%* (8069/10000)
Train epoch: 296 | Loss: *0.071* | Acc: *97.700%* (48850/50000) 
Test epoch: 296 | Loss: *0.592* | Acc: *83.230%* (8323/10000)
Train epoch: 297 | Loss: *0.065* | Acc: *97.878%* (48939/50000) 
Test epoch: 297 | Loss: *0.759* | Acc: *79.220%* (7922/10000)
Train epoch: 298 | Loss: *0.070* | Acc: *97.730%* (48865/50000) 
Test epoch: 298 | Loss: *0.596* | Acc: *82.500%* (8250/10000)
Train epoch: 299 | Loss: *0.067* | Acc: *97.832%* (48916/50000) 
Test epoch: 299 | Loss: *0.656* | Acc: *81.870%* (8187/10000)
Train epoch: 300 | Loss: *0.075* | Acc: *97.520%* (48760/50000) 
Test epoch: 300 | Loss: *0.848* | Acc: *78.460%* (7846/10000)
Train epoch: 301 | Loss: *0.073* | Acc: *97.614%* (48807/50000) 
Test epoch: 301 | Loss: *1.391* | Acc: *68.920%* (6892/10000)
Train epoch: 302 | Loss: *0.079* | Acc: *97.440%* (48720/50000) 
Test epoch: 302 | Loss: *0.620* | Acc: *82.530%* (8253/10000)
Train epoch: 303 | Loss: *0.072* | Acc: *97.678%* (48839/50000) 
Test epoch: 303 | Loss: *0.672* | Acc: *81.930%* (8193/10000)
Train epoch: 304 | Loss: *0.068* | Acc: *97.844%* (48922/50000) 
Test epoch: 304 | Loss: *1.087* | Acc: *73.840%* (7384/10000)
Train epoch: 305 | Loss: *0.083* | Acc: *97.268%* (48634/50000) 
Test epoch: 305 | Loss: *0.638* | Acc: *81.940%* (8194/10000)
Train epoch: 306 | Loss: *0.075* | Acc: *97.574%* (48787/50000) 
Test epoch: 306 | Loss: *0.593* | Acc: *82.850%* (8285/10000)
Train epoch: 307 | Loss: *0.084* | Acc: *97.156%* (48578/50000) 
Test epoch: 307 | Loss: *0.843* | Acc: *77.310%* (7731/10000)
Train epoch: 308 | Loss: *0.081* | Acc: *97.290%* (48645/50000) 
Test epoch: 308 | Loss: *0.825* | Acc: *78.190%* (7819/10000)
Train epoch: 309 | Loss: *0.085* | Acc: *97.192%* (48596/50000) 
Test epoch: 309 | Loss: *0.622* | Acc: *81.840%* (8184/10000)
Train epoch: 310 | Loss: *0.067* | Acc: *97.782%* (48891/50000) 
Test epoch: 310 | Loss: *0.823* | Acc: *79.090%* (7909/10000)
Train epoch: 311 | Loss: *0.100* | Acc: *96.640%* (48320/50000) 
Test epoch: 311 | Loss: *0.843* | Acc: *76.520%* (7652/10000)
Train epoch: 312 | Loss: *0.086* | Acc: *97.224%* (48612/50000) 
Test epoch: 312 | Loss: *0.588* | Acc: *83.300%* (8330/10000)
Train epoch: 313 | Loss: *0.078* | Acc: *97.446%* (48723/50000) 
Test epoch: 313 | Loss: *0.705* | Acc: *80.910%* (8091/10000)
Train epoch: 314 | Loss: *0.092* | Acc: *96.898%* (48449/50000) 
Test epoch: 314 | Loss: *0.731* | Acc: *80.650%* (8065/10000)
Train epoch: 315 | Loss: *0.089* | Acc: *96.926%* (48463/50000) 
Test epoch: 315 | Loss: *0.847* | Acc: *77.940%* (7794/10000)
Train epoch: 316 | Loss: *0.091* | Acc: *96.922%* (48461/50000) 
Test epoch: 316 | Loss: *0.587* | Acc: *82.080%* (8208/10000)
Train epoch: 317 | Loss: *0.086* | Acc: *97.224%* (48612/50000) 
Test epoch: 317 | Loss: *0.672* | Acc: *81.880%* (8188/10000)
Train epoch: 318 | Loss: *0.087* | Acc: *97.192%* (48596/50000) 
Test epoch: 318 | Loss: *0.729* | Acc: *80.500%* (8050/10000)
Train epoch: 319 | Loss: *0.096* | Acc: *96.750%* (48375/50000) 
Test epoch: 319 | Loss: *0.872* | Acc: *77.640%* (7764/10000)
Train epoch: 320 | Loss: *0.100* | Acc: *96.554%* (48277/50000) 
Test epoch: 320 | Loss: *0.790* | Acc: *78.700%* (7870/10000)
Train epoch: 321 | Loss: *0.097* | Acc: *96.714%* (48357/50000) 
Test epoch: 321 | Loss: *0.843* | Acc: *77.540%* (7754/10000)
Train epoch: 322 | Loss: *0.089* | Acc: *96.972%* (48486/50000) 
Test epoch: 322 | Loss: *0.765* | Acc: *79.340%* (7934/10000)
Train epoch: 323 | Loss: *0.100* | Acc: *96.594%* (48297/50000) 
Test epoch: 323 | Loss: *0.762* | Acc: *78.520%* (7852/10000)
Train epoch: 324 | Loss: *0.104* | Acc: *96.440%* (48220/50000) 
Test epoch: 324 | Loss: *0.814* | Acc: *77.720%* (7772/10000)
Train epoch: 325 | Loss: *0.097* | Acc: *96.746%* (48373/50000) 
Test epoch: 325 | Loss: *0.708* | Acc: *78.750%* (7875/10000)
Train epoch: 326 | Loss: *0.099* | Acc: *96.744%* (48372/50000) 
Test epoch: 326 | Loss: *0.722* | Acc: *79.790%* (7979/10000)
Train epoch: 327 | Loss: *0.103* | Acc: *96.524%* (48262/50000) 
Test epoch: 327 | Loss: *0.608* | Acc: *81.750%* (8175/10000)
Train epoch: 328 | Loss: *0.106* | Acc: *96.380%* (48190/50000) 
Test epoch: 328 | Loss: *0.951* | Acc: *76.070%* (7607/10000)
Train epoch: 329 | Loss: *0.102* | Acc: *96.538%* (48269/50000) 
Test epoch: 329 | Loss: *0.703* | Acc: *80.910%* (8091/10000)
Train epoch: 330 | Loss: *0.102* | Acc: *96.646%* (48323/50000) 
Test epoch: 330 | Loss: *0.804* | Acc: *77.950%* (7795/10000)
Train epoch: 331 | Loss: *0.108* | Acc: *96.358%* (48179/50000) 
Test epoch: 331 | Loss: *0.778* | Acc: *79.130%* (7913/10000)
Train epoch: 332 | Loss: *0.115* | Acc: *96.170%* (48085/50000) 
Test epoch: 332 | Loss: *0.636* | Acc: *81.740%* (8174/10000)
Train epoch: 333 | Loss: *0.103* | Acc: *96.566%* (48283/50000) 
Test epoch: 333 | Loss: *0.787* | Acc: *78.850%* (7885/10000)
Train epoch: 334 | Loss: *0.112* | Acc: *96.162%* (48081/50000) 
Test epoch: 334 | Loss: *0.694* | Acc: *79.800%* (7980/10000)
Train epoch: 335 | Loss: *0.112* | Acc: *96.276%* (48138/50000) 
Test epoch: 335 | Loss: *0.678* | Acc: *80.020%* (8002/10000)
Train epoch: 336 | Loss: *0.107* | Acc: *96.432%* (48216/50000) 
Test epoch: 336 | Loss: *0.714* | Acc: *79.350%* (7935/10000)
Train epoch: 337 | Loss: *0.112* | Acc: *96.310%* (48155/50000) 
Test epoch: 337 | Loss: *0.645* | Acc: *81.330%* (8133/10000)
Train epoch: 338 | Loss: *0.114* | Acc: *96.110%* (48055/50000) 
Test epoch: 338 | Loss: *0.688* | Acc: *79.900%* (7990/10000)
Train epoch: 339 | Loss: *0.111* | Acc: *96.218%* (48109/50000) 
Test epoch: 339 | Loss: *0.657* | Acc: *80.180%* (8018/10000)
Train epoch: 340 | Loss: *0.114* | Acc: *96.120%* (48060/50000) 
Test epoch: 340 | Loss: *0.941* | Acc: *74.570%* (7457/10000)
Train epoch: 341 | Loss: *0.123* | Acc: *95.816%* (47908/50000) 
Test epoch: 341 | Loss: *0.726* | Acc: *79.160%* (7916/10000)
Train epoch: 342 | Loss: *0.123* | Acc: *95.670%* (47835/50000) 
Test epoch: 342 | Loss: *0.651* | Acc: *80.640%* (8064/10000)
Train epoch: 343 | Loss: *0.112* | Acc: *96.188%* (48094/50000) 
Test epoch: 343 | Loss: *0.774* | Acc: *78.420%* (7842/10000)
Train epoch: 344 | Loss: *0.117* | Acc: *96.082%* (48041/50000) 
Test epoch: 344 | Loss: *0.825* | Acc: *76.920%* (7692/10000)
Train epoch: 345 | Loss: *0.117* | Acc: *95.986%* (47993/50000) 
Test epoch: 345 | Loss: *0.778* | Acc: *79.660%* (7966/10000)
Train epoch: 346 | Loss: *0.124* | Acc: *95.874%* (47937/50000) 
Test epoch: 346 | Loss: *0.848* | Acc: *76.920%* (7692/10000)
Train epoch: 347 | Loss: *0.119* | Acc: *95.986%* (47993/50000) 
Test epoch: 347 | Loss: *0.661* | Acc: *79.860%* (7986/10000)
Train epoch: 348 | Loss: *0.132* | Acc: *95.518%* (47759/50000) 
Test epoch: 348 | Loss: *0.588* | Acc: *82.400%* (8240/10000)
Train epoch: 349 | Loss: *0.117* | Acc: *96.086%* (48043/50000) 
Test epoch: 349 | Loss: *0.783* | Acc: *77.920%* (7792/10000)
Train epoch: 350 | Loss: *0.127* | Acc: *95.686%* (47843/50000) 
Test epoch: 350 | Loss: *0.610* | Acc: *80.090%* (8009/10000)
Train epoch: 351 | Loss: *0.121* | Acc: *95.928%* (47964/50000) 
Test epoch: 351 | Loss: *1.499* | Acc: *68.980%* (6898/10000)
Train epoch: 352 | Loss: *0.128* | Acc: *95.604%* (47802/50000) 
Test epoch: 352 | Loss: *0.721* | Acc: *79.600%* (7960/10000)
Train epoch: 353 | Loss: *0.127* | Acc: *95.682%* (47841/50000) 
Test epoch: 353 | Loss: *0.794* | Acc: *77.660%* (7766/10000)
Train epoch: 354 | Loss: *0.121* | Acc: *95.984%* (47992/50000) 
Test epoch: 354 | Loss: *0.888* | Acc: *76.390%* (7639/10000)
Train epoch: 355 | Loss: *0.131* | Acc: *95.546%* (47773/50000) 
Test epoch: 355 | Loss: *0.571* | Acc: *81.940%* (8194/10000)
Train epoch: 356 | Loss: *0.129* | Acc: *95.550%* (47775/50000) 
Test epoch: 356 | Loss: *0.988* | Acc: *73.250%* (7325/10000)
Train epoch: 357 | Loss: *0.124* | Acc: *95.778%* (47889/50000) 
Test epoch: 357 | Loss: *0.552* | Acc: *83.300%* (8330/10000)
Train epoch: 358 | Loss: *0.135* | Acc: *95.388%* (47694/50000) 
Test epoch: 358 | Loss: *0.688* | Acc: *79.490%* (7949/10000)
Train epoch: 359 | Loss: *0.133* | Acc: *95.508%* (47754/50000) 
Test epoch: 359 | Loss: *0.612* | Acc: *81.370%* (8137/10000)
Train epoch: 360 | Loss: *0.132* | Acc: *95.600%* (47800/50000) 
Test epoch: 360 | Loss: *0.780* | Acc: *76.040%* (7604/10000)
Train epoch: 361 | Loss: *0.122* | Acc: *95.866%* (47933/50000) 
Test epoch: 361 | Loss: *0.847* | Acc: *77.850%* (7785/10000)
Train epoch: 362 | Loss: *0.142* | Acc: *95.094%* (47547/50000) 
Test epoch: 362 | Loss: *0.773* | Acc: *79.550%* (7955/10000)
Train epoch: 363 | Loss: *0.129* | Acc: *95.598%* (47799/50000) 
Test epoch: 363 | Loss: *1.125* | Acc: *71.540%* (7154/10000)
Train epoch: 364 | Loss: *0.141* | Acc: *95.162%* (47581/50000) 
Test epoch: 364 | Loss: *0.946* | Acc: *73.230%* (7323/10000)
Train epoch: 365 | Loss: *0.125* | Acc: *95.712%* (47856/50000) 
Test epoch: 365 | Loss: *0.934* | Acc: *75.550%* (7555/10000)
Train epoch: 366 | Loss: *0.142* | Acc: *95.244%* (47622/50000) 
Test epoch: 366 | Loss: *0.954* | Acc: *75.030%* (7503/10000)
Train epoch: 367 | Loss: *0.138* | Acc: *95.236%* (47618/50000) 
Test epoch: 367 | Loss: *0.732* | Acc: *79.410%* (7941/10000)
Train epoch: 368 | Loss: *0.139* | Acc: *95.282%* (47641/50000) 
Test epoch: 368 | Loss: *0.665* | Acc: *78.920%* (7892/10000)
Train epoch: 369 | Loss: *0.141* | Acc: *95.204%* (47602/50000) 
Test epoch: 369 | Loss: *0.613* | Acc: *80.730%* (8073/10000)
Train epoch: 370 | Loss: *0.137* | Acc: *95.322%* (47661/50000) 
Test epoch: 370 | Loss: *0.779* | Acc: *78.090%* (7809/10000)
Train epoch: 371 | Loss: *0.140* | Acc: *95.272%* (47636/50000) 
Test epoch: 371 | Loss: *0.858* | Acc: *77.670%* (7767/10000)
Train epoch: 372 | Loss: *0.139* | Acc: *95.244%* (47622/50000) 
Test epoch: 372 | Loss: *0.642* | Acc: *80.960%* (8096/10000)
Train epoch: 373 | Loss: *0.137* | Acc: *95.316%* (47658/50000) 
Test epoch: 373 | Loss: *0.836* | Acc: *76.480%* (7648/10000)
Train epoch: 374 | Loss: *0.141* | Acc: *95.170%* (47585/50000) 
Test epoch: 374 | Loss: *0.641* | Acc: *80.530%* (8053/10000)
Train epoch: 375 | Loss: *0.141* | Acc: *95.182%* (47591/50000) 
Test epoch: 375 | Loss: *0.703* | Acc: *79.290%* (7929/10000)
Train epoch: 376 | Loss: *0.146* | Acc: *95.068%* (47534/50000) 
Test epoch: 376 | Loss: *0.781* | Acc: *77.890%* (7789/10000)
Train epoch: 377 | Loss: *0.136* | Acc: *95.286%* (47643/50000) 
Test epoch: 377 | Loss: *0.706* | Acc: *78.770%* (7877/10000)
Train epoch: 378 | Loss: *0.146* | Acc: *95.048%* (47524/50000) 
Test epoch: 378 | Loss: *0.790* | Acc: *78.400%* (7840/10000)
Train epoch: 379 | Loss: *0.142* | Acc: *95.246%* (47623/50000) 
Test epoch: 379 | Loss: *0.891* | Acc: *76.350%* (7635/10000)
Train epoch: 380 | Loss: *0.141* | Acc: *95.258%* (47629/50000) 
Test epoch: 380 | Loss: *0.706* | Acc: *80.220%* (8022/10000)
Train epoch: 381 | Loss: *0.148* | Acc: *94.982%* (47491/50000) 
Test epoch: 381 | Loss: *0.871* | Acc: *76.370%* (7637/10000)
Train epoch: 382 | Loss: *0.146* | Acc: *95.050%* (47525/50000) 
Test epoch: 382 | Loss: *0.640* | Acc: *81.070%* (8107/10000)
Train epoch: 383 | Loss: *0.140* | Acc: *95.262%* (47631/50000) 
Test epoch: 383 | Loss: *0.859* | Acc: *75.480%* (7548/10000)
Train epoch: 384 | Loss: *0.145* | Acc: *95.068%* (47534/50000) 
Test epoch: 384 | Loss: *0.859* | Acc: *77.030%* (7703/10000)
Train epoch: 385 | Loss: *0.149* | Acc: *94.966%* (47483/50000) 
Test epoch: 385 | Loss: *0.723* | Acc: *79.800%* (7980/10000)
Train epoch: 386 | Loss: *0.138* | Acc: *95.212%* (47606/50000) 
Test epoch: 386 | Loss: *0.611* | Acc: *82.100%* (8210/10000)
Train epoch: 387 | Loss: *0.142* | Acc: *95.202%* (47601/50000) 
Test epoch: 387 | Loss: *0.817* | Acc: *77.950%* (7795/10000)
Train epoch: 388 | Loss: *0.141* | Acc: *95.246%* (47623/50000) 
Test epoch: 388 | Loss: *0.829* | Acc: *77.270%* (7727/10000)
Train epoch: 389 | Loss: *0.144* | Acc: *94.990%* (47495/50000) 
Test epoch: 389 | Loss: *0.765* | Acc: *78.050%* (7805/10000)
Train epoch: 390 | Loss: *0.144* | Acc: *95.138%* (47569/50000) 
Test epoch: 390 | Loss: *1.233* | Acc: *70.190%* (7019/10000)
Train epoch: 391 | Loss: *0.143* | Acc: *95.126%* (47563/50000) 
Test epoch: 391 | Loss: *0.683* | Acc: *78.700%* (7870/10000)
Train epoch: 392 | Loss: *0.150* | Acc: *94.914%* (47457/50000) 
Test epoch: 392 | Loss: *0.646* | Acc: *80.500%* (8050/10000)
Train epoch: 393 | Loss: *0.143* | Acc: *95.146%* (47573/50000) 
Test epoch: 393 | Loss: *0.609* | Acc: *81.660%* (8166/10000)
Train epoch: 394 | Loss: *0.147* | Acc: *95.044%* (47522/50000) 
Test epoch: 394 | Loss: *0.772* | Acc: *77.980%* (7798/10000)
Train epoch: 395 | Loss: *0.144* | Acc: *95.034%* (47517/50000) 
Test epoch: 395 | Loss: *1.179* | Acc: *68.980%* (6898/10000)
Train epoch: 396 | Loss: *0.154* | Acc: *94.636%* (47318/50000) 
Test epoch: 396 | Loss: *0.782* | Acc: *78.350%* (7835/10000)
Train epoch: 397 | Loss: *0.148* | Acc: *94.960%* (47480/50000) 
Test epoch: 397 | Loss: *0.602* | Acc: *80.250%* (8025/10000)
Train epoch: 398 | Loss: *0.145* | Acc: *95.070%* (47535/50000) 
Test epoch: 398 | Loss: *0.717* | Acc: *78.120%* (7812/10000)
Train epoch: 399 | Loss: *0.137* | Acc: *95.256%* (47628/50000) 
Test epoch: 399 | Loss: *0.751* | Acc: *77.830%* (7783/10000)
Train epoch: 400 | Loss: *0.153* | Acc: *94.706%* (47353/50000) 
Test epoch: 400 | Loss: *1.408* | Acc: *65.980%* (6598/10000)
Train epoch: 401 | Loss: *0.145* | Acc: *95.060%* (47530/50000) 
Test epoch: 401 | Loss: *0.968* | Acc: *73.500%* (7350/10000)
Train epoch: 402 | Loss: *0.143* | Acc: *95.140%* (47570/50000) 
Test epoch: 402 | Loss: *0.822* | Acc: *76.510%* (7651/10000)
Train epoch: 403 | Loss: *0.146* | Acc: *94.980%* (47490/50000) 
Test epoch: 403 | Loss: *0.640* | Acc: *81.480%* (8148/10000)
Train epoch: 404 | Loss: *0.147* | Acc: *95.032%* (47516/50000) 
Test epoch: 404 | Loss: *1.025* | Acc: *72.460%* (7246/10000)
Train epoch: 405 | Loss: *0.146* | Acc: *95.026%* (47513/50000) 
Test epoch: 405 | Loss: *0.803* | Acc: *77.920%* (7792/10000)
Train epoch: 406 | Loss: *0.146* | Acc: *95.092%* (47546/50000) 
Test epoch: 406 | Loss: *0.776* | Acc: *76.550%* (7655/10000)
Train epoch: 407 | Loss: *0.142* | Acc: *95.236%* (47618/50000) 
Test epoch: 407 | Loss: *0.761* | Acc: *78.730%* (7873/10000)
Train epoch: 408 | Loss: *0.147* | Acc: *95.016%* (47508/50000) 
Test epoch: 408 | Loss: *0.642* | Acc: *80.510%* (8051/10000)
Train epoch: 409 | Loss: *0.147* | Acc: *95.030%* (47515/50000) 
Test epoch: 409 | Loss: *0.652* | Acc: *81.160%* (8116/10000)
Train epoch: 410 | Loss: *0.139* | Acc: *95.234%* (47617/50000) 
Test epoch: 410 | Loss: *0.992* | Acc: *73.400%* (7340/10000)
Train epoch: 411 | Loss: *0.142* | Acc: *95.206%* (47603/50000) 
Test epoch: 411 | Loss: *0.809* | Acc: *77.500%* (7750/10000)
Train epoch: 412 | Loss: *0.143* | Acc: *95.180%* (47590/50000) 
Test epoch: 412 | Loss: *0.886* | Acc: *76.090%* (7609/10000)
Train epoch: 413 | Loss: *0.146* | Acc: *95.058%* (47529/50000) 
Test epoch: 413 | Loss: *0.721* | Acc: *78.930%* (7893/10000)
Train epoch: 414 | Loss: *0.144* | Acc: *95.144%* (47572/50000) 
Test epoch: 414 | Loss: *0.863* | Acc: *76.780%* (7678/10000)
Train epoch: 415 | Loss: *0.142* | Acc: *95.252%* (47626/50000) 
Test epoch: 415 | Loss: *0.739* | Acc: *78.000%* (7800/10000)
Train epoch: 416 | Loss: *0.140* | Acc: *95.192%* (47596/50000) 
Test epoch: 416 | Loss: *0.710* | Acc: *78.890%* (7889/10000)
Train epoch: 417 | Loss: *0.145* | Acc: *95.048%* (47524/50000) 
Test epoch: 417 | Loss: *0.705* | Acc: *79.360%* (7936/10000)
Train epoch: 418 | Loss: *0.142* | Acc: *95.090%* (47545/50000) 
Test epoch: 418 | Loss: *1.005* | Acc: *73.670%* (7367/10000)
Train epoch: 419 | Loss: *0.145* | Acc: *94.942%* (47471/50000) 
Test epoch: 419 | Loss: *0.709* | Acc: *78.490%* (7849/10000)
Train epoch: 420 | Loss: *0.130* | Acc: *95.578%* (47789/50000) 
Test epoch: 420 | Loss: *0.757* | Acc: *77.250%* (7725/10000)
Train epoch: 421 | Loss: *0.145* | Acc: *95.120%* (47560/50000) 
Test epoch: 421 | Loss: *0.757* | Acc: *78.730%* (7873/10000)
Train epoch: 422 | Loss: *0.136* | Acc: *95.382%* (47691/50000) 
Test epoch: 422 | Loss: *0.736* | Acc: *79.070%* (7907/10000)
Train epoch: 423 | Loss: *0.145* | Acc: *94.996%* (47498/50000) 
Test epoch: 423 | Loss: *0.990* | Acc: *74.820%* (7482/10000)
Train epoch: 424 | Loss: *0.138* | Acc: *95.258%* (47629/50000) 
Test epoch: 424 | Loss: *0.855* | Acc: *77.030%* (7703/10000)
Train epoch: 425 | Loss: *0.141* | Acc: *95.142%* (47571/50000) 
Test epoch: 425 | Loss: *0.720* | Acc: *79.530%* (7953/10000)
Train epoch: 426 | Loss: *0.136* | Acc: *95.428%* (47714/50000) 
Test epoch: 426 | Loss: *0.761* | Acc: *77.960%* (7796/10000)
Train epoch: 427 | Loss: *0.139* | Acc: *95.242%* (47621/50000) 
Test epoch: 427 | Loss: *0.712* | Acc: *78.980%* (7898/10000)
Train epoch: 428 | Loss: *0.132* | Acc: *95.498%* (47749/50000) 
Test epoch: 428 | Loss: *0.830* | Acc: *78.210%* (7821/10000)
Train epoch: 429 | Loss: *0.143* | Acc: *95.122%* (47561/50000) 
Test epoch: 429 | Loss: *0.840* | Acc: *75.800%* (7580/10000)
Train epoch: 430 | Loss: *0.127* | Acc: *95.764%* (47882/50000) 
Test epoch: 430 | Loss: *0.776* | Acc: *78.630%* (7863/10000)
Train epoch: 431 | Loss: *0.141* | Acc: *95.192%* (47596/50000) 
Test epoch: 431 | Loss: *0.760* | Acc: *77.500%* (7750/10000)
Train epoch: 432 | Loss: *0.127* | Acc: *95.696%* (47848/50000) 
Test epoch: 432 | Loss: *0.786* | Acc: *77.910%* (7791/10000)
Train epoch: 433 | Loss: *0.132* | Acc: *95.450%* (47725/50000) 
Test epoch: 433 | Loss: *1.018* | Acc: *73.520%* (7352/10000)
Train epoch: 434 | Loss: *0.131* | Acc: *95.532%* (47766/50000) 
Test epoch: 434 | Loss: *0.804* | Acc: *76.840%* (7684/10000)
Train epoch: 435 | Loss: *0.132* | Acc: *95.440%* (47720/50000) 
Test epoch: 435 | Loss: *0.644* | Acc: *81.280%* (8128/10000)
Train epoch: 436 | Loss: *0.134* | Acc: *95.402%* (47701/50000) 
Test epoch: 436 | Loss: *0.686* | Acc: *78.940%* (7894/10000)
Train epoch: 437 | Loss: *0.128* | Acc: *95.654%* (47827/50000) 
Test epoch: 437 | Loss: *0.746* | Acc: *80.510%* (8051/10000)
Train epoch: 438 | Loss: *0.132* | Acc: *95.420%* (47710/50000) 
Test epoch: 438 | Loss: *0.639* | Acc: *80.610%* (8061/10000)
Train epoch: 439 | Loss: *0.123* | Acc: *95.860%* (47930/50000) 
Test epoch: 439 | Loss: *0.657* | Acc: *80.250%* (8025/10000)
Train epoch: 440 | Loss: *0.133* | Acc: *95.414%* (47707/50000) 
Test epoch: 440 | Loss: *0.771* | Acc: *77.930%* (7793/10000)
Train epoch: 441 | Loss: *0.119* | Acc: *95.932%* (47966/50000) 
Test epoch: 441 | Loss: *1.272* | Acc: *71.120%* (7112/10000)
Train epoch: 442 | Loss: *0.130* | Acc: *95.542%* (47771/50000) 
Test epoch: 442 | Loss: *0.909* | Acc: *74.700%* (7470/10000)
Train epoch: 443 | Loss: *0.124* | Acc: *95.748%* (47874/50000) 
Test epoch: 443 | Loss: *0.963* | Acc: *76.400%* (7640/10000)
Train epoch: 444 | Loss: *0.128* | Acc: *95.582%* (47791/50000) 
Test epoch: 444 | Loss: *0.881* | Acc: *76.010%* (7601/10000)
Train epoch: 445 | Loss: *0.128* | Acc: *95.624%* (47812/50000) 
Test epoch: 445 | Loss: *0.906* | Acc: *75.900%* (7590/10000)
Train epoch: 446 | Loss: *0.121* | Acc: *95.904%* (47952/50000) 
Test epoch: 446 | Loss: *0.738* | Acc: *77.670%* (7767/10000)
Train epoch: 447 | Loss: *0.118* | Acc: *96.100%* (48050/50000) 
Test epoch: 447 | Loss: *0.737* | Acc: *78.700%* (7870/10000)
Train epoch: 448 | Loss: *0.125* | Acc: *95.686%* (47843/50000) 
Test epoch: 448 | Loss: *0.839* | Acc: *76.970%* (7697/10000)
Train epoch: 449 | Loss: *0.128* | Acc: *95.582%* (47791/50000) 
Test epoch: 449 | Loss: *0.912* | Acc: *74.830%* (7483/10000)
Train epoch: 450 | Loss: *0.110* | Acc: *96.286%* (48143/50000) 
Test epoch: 450 | Loss: *0.656* | Acc: *81.420%* (8142/10000)
Train epoch: 451 | Loss: *0.112* | Acc: *96.246%* (48123/50000) 
Test epoch: 451 | Loss: *0.673* | Acc: *80.790%* (8079/10000)
Train epoch: 452 | Loss: *0.123* | Acc: *95.836%* (47918/50000) 
Test epoch: 452 | Loss: *0.826* | Acc: *78.440%* (7844/10000)
Train epoch: 453 | Loss: *0.119* | Acc: *95.888%* (47944/50000) 
Test epoch: 453 | Loss: *0.724* | Acc: *80.290%* (8029/10000)
Train epoch: 454 | Loss: *0.113* | Acc: *96.194%* (48097/50000) 
Test epoch: 454 | Loss: *0.844* | Acc: *75.960%* (7596/10000)
Train epoch: 455 | Loss: *0.109* | Acc: *96.328%* (48164/50000) 
Test epoch: 455 | Loss: *0.863* | Acc: *76.600%* (7660/10000)
Train epoch: 456 | Loss: *0.120* | Acc: *95.914%* (47957/50000) 
Test epoch: 456 | Loss: *0.744* | Acc: *80.090%* (8009/10000)
Train epoch: 457 | Loss: *0.105* | Acc: *96.384%* (48192/50000) 
Test epoch: 457 | Loss: *0.590* | Acc: *82.150%* (8215/10000)
Train epoch: 458 | Loss: *0.115* | Acc: *96.200%* (48100/50000) 
Test epoch: 458 | Loss: *0.839* | Acc: *77.380%* (7738/10000)
Train epoch: 459 | Loss: *0.115* | Acc: *96.072%* (48036/50000) 
Test epoch: 459 | Loss: *1.033* | Acc: *73.010%* (7301/10000)
Train epoch: 460 | Loss: *0.104* | Acc: *96.524%* (48262/50000) 
Test epoch: 460 | Loss: *0.917* | Acc: *76.720%* (7672/10000)
Train epoch: 461 | Loss: *0.107* | Acc: *96.412%* (48206/50000) 
Test epoch: 461 | Loss: *0.725* | Acc: *79.860%* (7986/10000)
Train epoch: 462 | Loss: *0.109* | Acc: *96.396%* (48198/50000) 
Test epoch: 462 | Loss: *0.786* | Acc: *77.160%* (7716/10000)
Train epoch: 463 | Loss: *0.116* | Acc: *96.084%* (48042/50000) 
Test epoch: 463 | Loss: *0.845* | Acc: *76.990%* (7699/10000)
Train epoch: 464 | Loss: *0.090* | Acc: *97.050%* (48525/50000) 
Test epoch: 464 | Loss: *0.664* | Acc: *80.740%* (8074/10000)
Train epoch: 465 | Loss: *0.110* | Acc: *96.304%* (48152/50000) 
Test epoch: 465 | Loss: *0.633* | Acc: *82.280%* (8228/10000)
Train epoch: 466 | Loss: *0.100* | Acc: *96.606%* (48303/50000) 
Test epoch: 466 | Loss: *0.752* | Acc: *79.210%* (7921/10000)
Train epoch: 467 | Loss: *0.089* | Acc: *97.060%* (48530/50000) 
Test epoch: 467 | Loss: *1.097* | Acc: *73.820%* (7382/10000)
Train epoch: 468 | Loss: *0.102* | Acc: *96.554%* (48277/50000) 
Test epoch: 468 | Loss: *0.744* | Acc: *77.720%* (7772/10000)
Train epoch: 469 | Loss: *0.100* | Acc: *96.620%* (48310/50000) 
Test epoch: 469 | Loss: *0.738* | Acc: *79.950%* (7995/10000)
Train epoch: 470 | Loss: *0.101* | Acc: *96.638%* (48319/50000) 
Test epoch: 470 | Loss: *0.805* | Acc: *77.950%* (7795/10000)
Train epoch: 471 | Loss: *0.095* | Acc: *96.752%* (48376/50000) 
Test epoch: 471 | Loss: *0.574* | Acc: *82.710%* (8271/10000)
Train epoch: 472 | Loss: *0.094* | Acc: *96.860%* (48430/50000) 
Test epoch: 472 | Loss: *1.002* | Acc: *76.030%* (7603/10000)
Train epoch: 473 | Loss: *0.098* | Acc: *96.752%* (48376/50000) 
Test epoch: 473 | Loss: *0.766* | Acc: *78.700%* (7870/10000)
Train epoch: 474 | Loss: *0.085* | Acc: *97.174%* (48587/50000) 
Test epoch: 474 | Loss: *1.113* | Acc: *72.170%* (7217/10000)
Train epoch: 475 | Loss: *0.100* | Acc: *96.578%* (48289/50000) 
Test epoch: 475 | Loss: *0.876* | Acc: *78.270%* (7827/10000)
Train epoch: 476 | Loss: *0.087* | Acc: *97.128%* (48564/50000) 
Test epoch: 476 | Loss: *0.833* | Acc: *76.820%* (7682/10000)
Train epoch: 477 | Loss: *0.091* | Acc: *96.966%* (48483/50000) 
Test epoch: 477 | Loss: *0.768* | Acc: *78.260%* (7826/10000)
Train epoch: 478 | Loss: *0.074* | Acc: *97.548%* (48774/50000) 
Test epoch: 478 | Loss: *0.844* | Acc: *77.620%* (7762/10000)
Train epoch: 479 | Loss: *0.099* | Acc: *96.630%* (48315/50000) 
Test epoch: 479 | Loss: *0.990* | Acc: *75.800%* (7580/10000)
Train epoch: 480 | Loss: *0.081* | Acc: *97.320%* (48660/50000) 
Test epoch: 480 | Loss: *0.771* | Acc: *79.530%* (7953/10000)
Train epoch: 481 | Loss: *0.083* | Acc: *97.188%* (48594/50000) 
Test epoch: 481 | Loss: *0.854* | Acc: *78.100%* (7810/10000)
Train epoch: 482 | Loss: *0.086* | Acc: *97.220%* (48610/50000) 
Test epoch: 482 | Loss: *0.630* | Acc: *82.380%* (8238/10000)
Train epoch: 483 | Loss: *0.075* | Acc: *97.580%* (48790/50000) 
Test epoch: 483 | Loss: *0.679* | Acc: *82.090%* (8209/10000)
Train epoch: 484 | Loss: *0.081* | Acc: *97.280%* (48640/50000) 
Test epoch: 484 | Loss: *0.741* | Acc: *80.110%* (8011/10000)
Train epoch: 485 | Loss: *0.082* | Acc: *97.246%* (48623/50000) 
Test epoch: 485 | Loss: *0.657* | Acc: *81.480%* (8148/10000)
Train epoch: 486 | Loss: *0.069* | Acc: *97.694%* (48847/50000) 
Test epoch: 486 | Loss: *0.727* | Acc: *79.430%* (7943/10000)
Train epoch: 487 | Loss: *0.083* | Acc: *97.266%* (48633/50000) 
Test epoch: 487 | Loss: *0.938* | Acc: *76.720%* (7672/10000)
Train epoch: 488 | Loss: *0.070* | Acc: *97.658%* (48829/50000) 
Test epoch: 488 | Loss: *0.693* | Acc: *80.170%* (8017/10000)
Train epoch: 489 | Loss: *0.066* | Acc: *97.878%* (48939/50000) 
Test epoch: 489 | Loss: *0.669* | Acc: *80.870%* (8087/10000)
Train epoch: 490 | Loss: *0.078* | Acc: *97.416%* (48708/50000) 
Test epoch: 490 | Loss: *0.717* | Acc: *81.260%* (8126/10000)
Train epoch: 491 | Loss: *0.071* | Acc: *97.690%* (48845/50000) 
Test epoch: 491 | Loss: *0.602* | Acc: *82.600%* (8260/10000)
Train epoch: 492 | Loss: *0.063* | Acc: *97.918%* (48959/50000) 
Test epoch: 492 | Loss: *1.299* | Acc: *73.890%* (7389/10000)
Train epoch: 493 | Loss: *0.062* | Acc: *97.996%* (48998/50000) 
Test epoch: 493 | Loss: *0.635* | Acc: *82.100%* (8210/10000)
Train epoch: 494 | Loss: *0.071* | Acc: *97.662%* (48831/50000) 
Test epoch: 494 | Loss: *0.911* | Acc: *77.860%* (7786/10000)
Train epoch: 495 | Loss: *0.068* | Acc: *97.800%* (48900/50000) 
Test epoch: 495 | Loss: *0.930* | Acc: *78.630%* (7863/10000)
Train epoch: 496 | Loss: *0.063* | Acc: *97.926%* (48963/50000) 
Test epoch: 496 | Loss: *0.928* | Acc: *76.960%* (7696/10000)
Train epoch: 497 | Loss: *0.050* | Acc: *98.406%* (49203/50000) 
Test epoch: 497 | Loss: *0.564* | Acc: *83.840%* (8384/10000)
Train epoch: 498 | Loss: *0.070* | Acc: *97.716%* (48858/50000) 
Test epoch: 498 | Loss: *0.644* | Acc: *82.590%* (8259/10000)
Train epoch: 499 | Loss: *0.055* | Acc: *98.320%* (49160/50000) 
Test epoch: 499 | Loss: *0.637* | Acc: *81.690%* (8169/10000)
Train epoch: 500 | Loss: *0.051* | Acc: *98.432%* (49216/50000) 
Test epoch: 500 | Loss: *0.639* | Acc: *82.200%* (8220/10000)
Best test accuracy: *90.290%*, loss: *0.3193740744888782*, at epoch: *129*.
==> Execution time summary of 500 epoch(s).
Train data loading time: sum. *234.0773978321813* secs | avg. *0.46815479566436263* secs per epoch.
Train training time: sum. *1430.36143851839* secs | avg. *2.86072287703678* secs per epoch.
Train total time: sum. *1664.4388363505714* secs | avg. *3.3288776727011427* secs per epoch.
Test data loading time: sum. *91.99395746318623* secs | avg. *0.18398791492637248* secs per epoch.
Test training time: sum. *98.58840519981459* secs | avg. *0.19717681039962917* secs per epoch.
Test total time: sum. *190.58236266300082* secs | avg. *0.38116472532600165* secs per epoch.
Total data loading time: sum. *326.07135529536754* secs | avg. *0.652142710590735* secs per epoch.
Total training time: sum. *1528.9498437182046* secs | avg. *3.0578996874364095* secs per epoch.
Total running time: sum. *1855.0211990135722* secs | avg. *3.710042398027144* secs per epoch.
==> Number of GPU device: 1
==> Device #0 Memory Usage
==> Allocated: 0.1 GB
==> Cached:    2.4 GB
==> Maximum: 2.4 GB
