==> Running on : cuda
==> Number of CPU: 48
==> Number of workers: 2
==> #Epochs: 500, #Layers: 3, #Blocks: [1, 1, 1], In channel: 128, Input layer conv kernel: 3x3, Residual layer conv kernel 3x3, Skip kernel: 1x1, Input layer conv padding: 1, Residual layer conv padding: 1
==> Optimizer is Adagrad
==> Learning rate: 0.01
==> Weight decay: 0.0005
==>Trainable Parameters: 4896394
==>Other Parameters: 0
==>Augmentation: RandomCrop(32, padding=4), RandomHorizontalFlip(), Normalize((0.4914, 0.4822, 0.4465), (0.2023, 0.1994, 0.2010)
Files already downloaded and verified
Train epoch: 1 | Loss: *1.574* | Acc: *41.838%* (20919/50000) 
Test epoch: 1 | Loss: *1.288* | Acc: *52.670%* (5267/10000)
Train epoch: 2 | Loss: *1.121* | Acc: *59.956%* (29978/50000) 
Test epoch: 2 | Loss: *1.147* | Acc: *58.220%* (5822/10000)
Train epoch: 3 | Loss: *0.933* | Acc: *67.064%* (33532/50000) 
Test epoch: 3 | Loss: *1.046* | Acc: *63.900%* (6390/10000)
Train epoch: 4 | Loss: *0.819* | Acc: *71.202%* (35601/50000) 
Test epoch: 4 | Loss: *1.594* | Acc: *53.850%* (5385/10000)
Train epoch: 5 | Loss: *0.730* | Acc: *74.356%* (37178/50000) 
Test epoch: 5 | Loss: *1.161* | Acc: *63.040%* (6304/10000)
Train epoch: 6 | Loss: *0.644* | Acc: *77.968%* (38984/50000) 
Test epoch: 6 | Loss: *0.773* | Acc: *73.000%* (7300/10000)
Train epoch: 7 | Loss: *0.580* | Acc: *79.882%* (39941/50000) 
Test epoch: 7 | Loss: *0.724* | Acc: *75.880%* (7588/10000)
Train epoch: 8 | Loss: *0.525* | Acc: *82.098%* (41049/50000) 
Test epoch: 8 | Loss: *0.656* | Acc: *77.760%* (7776/10000)
Train epoch: 9 | Loss: *0.480* | Acc: *83.610%* (41805/50000) 
Test epoch: 9 | Loss: *0.691* | Acc: *76.600%* (7660/10000)
Train epoch: 10 | Loss: *0.443* | Acc: *84.898%* (42449/50000) 
Test epoch: 10 | Loss: *0.579* | Acc: *80.630%* (8063/10000)
Train epoch: 11 | Loss: *0.416* | Acc: *85.882%* (42941/50000) 
Test epoch: 11 | Loss: *0.727* | Acc: *75.800%* (7580/10000)
Train epoch: 12 | Loss: *0.384* | Acc: *86.942%* (43471/50000) 
Test epoch: 12 | Loss: *0.622* | Acc: *79.430%* (7943/10000)
Train epoch: 13 | Loss: *0.363* | Acc: *87.816%* (43908/50000) 
Test epoch: 13 | Loss: *0.559* | Acc: *81.490%* (8149/10000)
Train epoch: 14 | Loss: *0.342* | Acc: *88.374%* (44187/50000) 
Test epoch: 14 | Loss: *0.434* | Acc: *85.470%* (8547/10000)
Train epoch: 15 | Loss: *0.318* | Acc: *89.172%* (44586/50000) 
Test epoch: 15 | Loss: *0.512* | Acc: *83.460%* (8346/10000)
Train epoch: 16 | Loss: *0.305* | Acc: *89.658%* (44829/50000) 
Test epoch: 16 | Loss: *0.486* | Acc: *83.830%* (8383/10000)
Train epoch: 17 | Loss: *0.287* | Acc: *90.318%* (45159/50000) 
Test epoch: 17 | Loss: *0.454* | Acc: *85.140%* (8514/10000)
Train epoch: 18 | Loss: *0.270* | Acc: *91.030%* (45515/50000) 
Test epoch: 18 | Loss: *0.500* | Acc: *82.930%* (8293/10000)
Train epoch: 19 | Loss: *0.254* | Acc: *91.516%* (45758/50000) 
Test epoch: 19 | Loss: *0.801* | Acc: *76.090%* (7609/10000)
Train epoch: 20 | Loss: *0.244* | Acc: *91.850%* (45925/50000) 
Test epoch: 20 | Loss: *0.448* | Acc: *85.570%* (8557/10000)
Train epoch: 21 | Loss: *0.225* | Acc: *92.612%* (46306/50000) 
Test epoch: 21 | Loss: *0.412* | Acc: *86.360%* (8636/10000)
Train epoch: 22 | Loss: *0.213* | Acc: *92.936%* (46468/50000) 
Test epoch: 22 | Loss: *0.700* | Acc: *78.200%* (7820/10000)
Train epoch: 23 | Loss: *0.202* | Acc: *93.328%* (46664/50000) 
Test epoch: 23 | Loss: *0.450* | Acc: *85.560%* (8556/10000)
Train epoch: 24 | Loss: *0.195* | Acc: *93.494%* (46747/50000) 
Test epoch: 24 | Loss: *0.540* | Acc: *83.560%* (8356/10000)
Train epoch: 25 | Loss: *0.180* | Acc: *94.180%* (47090/50000) 
Test epoch: 25 | Loss: *0.424* | Acc: *86.050%* (8605/10000)
Train epoch: 26 | Loss: *0.172* | Acc: *94.482%* (47241/50000) 
Test epoch: 26 | Loss: *0.504* | Acc: *84.250%* (8425/10000)
Train epoch: 27 | Loss: *0.164* | Acc: *94.730%* (47365/50000) 
Test epoch: 27 | Loss: *0.463* | Acc: *85.780%* (8578/10000)
Train epoch: 28 | Loss: *0.157* | Acc: *94.968%* (47484/50000) 
Test epoch: 28 | Loss: *0.406* | Acc: *86.770%* (8677/10000)
Train epoch: 29 | Loss: *0.144* | Acc: *95.404%* (47702/50000) 
Test epoch: 29 | Loss: *0.592* | Acc: *82.780%* (8278/10000)
Train epoch: 30 | Loss: *0.136* | Acc: *95.684%* (47842/50000) 
Test epoch: 30 | Loss: *0.734* | Acc: *79.420%* (7942/10000)
Train epoch: 31 | Loss: *0.130* | Acc: *95.930%* (47965/50000) 
Test epoch: 31 | Loss: *0.368* | Acc: *88.260%* (8826/10000)
Train epoch: 32 | Loss: *0.124* | Acc: *96.134%* (48067/50000) 
Test epoch: 32 | Loss: *0.537* | Acc: *83.970%* (8397/10000)
Train epoch: 33 | Loss: *0.114* | Acc: *96.588%* (48294/50000) 
Test epoch: 33 | Loss: *0.410* | Acc: *87.340%* (8734/10000)
Train epoch: 34 | Loss: *0.109* | Acc: *96.676%* (48338/50000) 
Test epoch: 34 | Loss: *0.470* | Acc: *85.920%* (8592/10000)
Train epoch: 35 | Loss: *0.100* | Acc: *97.124%* (48562/50000) 
Test epoch: 35 | Loss: *0.359* | Acc: *88.730%* (8873/10000)
Train epoch: 36 | Loss: *0.093* | Acc: *97.348%* (48674/50000) 
Test epoch: 36 | Loss: *0.434* | Acc: *87.230%* (8723/10000)
Train epoch: 37 | Loss: *0.089* | Acc: *97.472%* (48736/50000) 
Test epoch: 37 | Loss: *0.366* | Acc: *88.250%* (8825/10000)
Train epoch: 38 | Loss: *0.084* | Acc: *97.670%* (48835/50000) 
Test epoch: 38 | Loss: *0.425* | Acc: *87.270%* (8727/10000)
Train epoch: 39 | Loss: *0.079* | Acc: *97.844%* (48922/50000) 
Test epoch: 39 | Loss: *0.350* | Acc: *89.060%* (8906/10000)
Train epoch: 40 | Loss: *0.075* | Acc: *97.936%* (48968/50000) 
Test epoch: 40 | Loss: *0.357* | Acc: *89.070%* (8907/10000)
Train epoch: 41 | Loss: *0.071* | Acc: *98.054%* (49027/50000) 
Test epoch: 41 | Loss: *0.363* | Acc: *89.060%* (8906/10000)
Train epoch: 42 | Loss: *0.068* | Acc: *98.232%* (49116/50000) 
Test epoch: 42 | Loss: *0.474* | Acc: *86.420%* (8642/10000)
Train epoch: 43 | Loss: *0.065* | Acc: *98.362%* (49181/50000) 
Test epoch: 43 | Loss: *0.410* | Acc: *87.790%* (8779/10000)
Train epoch: 44 | Loss: *0.060* | Acc: *98.564%* (49282/50000) 
Test epoch: 44 | Loss: *0.360* | Acc: *89.100%* (8910/10000)
Train epoch: 45 | Loss: *0.056* | Acc: *98.714%* (49357/50000) 
Test epoch: 45 | Loss: *0.573* | Acc: *84.350%* (8435/10000)
Train epoch: 46 | Loss: *0.056* | Acc: *98.698%* (49349/50000) 
Test epoch: 46 | Loss: *0.337* | Acc: *89.650%* (8965/10000)
Train epoch: 47 | Loss: *0.049* | Acc: *98.908%* (49454/50000) 
Test epoch: 47 | Loss: *0.371* | Acc: *88.830%* (8883/10000)
Train epoch: 48 | Loss: *0.050* | Acc: *98.820%* (49410/50000) 
Test epoch: 48 | Loss: *0.414* | Acc: *87.690%* (8769/10000)
Train epoch: 49 | Loss: *0.046* | Acc: *99.004%* (49502/50000) 
Test epoch: 49 | Loss: *0.369* | Acc: *89.180%* (8918/10000)
Train epoch: 50 | Loss: *0.044* | Acc: *99.044%* (49522/50000) 
Test epoch: 50 | Loss: *0.338* | Acc: *90.020%* (9002/10000)
Train epoch: 51 | Loss: *0.042* | Acc: *99.096%* (49548/50000) 
Test epoch: 51 | Loss: *0.386* | Acc: *88.830%* (8883/10000)
Train epoch: 52 | Loss: *0.039* | Acc: *99.222%* (49611/50000) 
Test epoch: 52 | Loss: *0.388* | Acc: *88.270%* (8827/10000)
Train epoch: 53 | Loss: *0.037* | Acc: *99.304%* (49652/50000) 
Test epoch: 53 | Loss: *0.373* | Acc: *89.060%* (8906/10000)
Train epoch: 54 | Loss: *0.035* | Acc: *99.394%* (49697/50000) 
Test epoch: 54 | Loss: *0.412* | Acc: *88.340%* (8834/10000)
Train epoch: 55 | Loss: *0.036* | Acc: *99.328%* (49664/50000) 
Test epoch: 55 | Loss: *0.434* | Acc: *87.910%* (8791/10000)
Train epoch: 56 | Loss: *0.032* | Acc: *99.442%* (49721/50000) 
Test epoch: 56 | Loss: *0.391* | Acc: *88.890%* (8889/10000)
Train epoch: 57 | Loss: *0.032* | Acc: *99.464%* (49732/50000) 
Test epoch: 57 | Loss: *0.343* | Acc: *89.920%* (8992/10000)
Train epoch: 58 | Loss: *0.030* | Acc: *99.520%* (49760/50000) 
Test epoch: 58 | Loss: *0.389* | Acc: *88.640%* (8864/10000)
Train epoch: 59 | Loss: *0.027* | Acc: *99.586%* (49793/50000) 
Test epoch: 59 | Loss: *0.344* | Acc: *89.900%* (8990/10000)
Train epoch: 60 | Loss: *0.026* | Acc: *99.600%* (49800/50000) 
Test epoch: 60 | Loss: *0.374* | Acc: *89.250%* (8925/10000)
Train epoch: 61 | Loss: *0.025* | Acc: *99.684%* (49842/50000) 
Test epoch: 61 | Loss: *0.352* | Acc: *89.310%* (8931/10000)
Train epoch: 62 | Loss: *0.024* | Acc: *99.660%* (49830/50000) 
Test epoch: 62 | Loss: *0.352* | Acc: *89.910%* (8991/10000)
Train epoch: 63 | Loss: *0.025* | Acc: *99.620%* (49810/50000) 
Test epoch: 63 | Loss: *0.337* | Acc: *90.010%* (9001/10000)
Train epoch: 64 | Loss: *0.023* | Acc: *99.728%* (49864/50000) 
Test epoch: 64 | Loss: *0.410* | Acc: *88.600%* (8860/10000)
Train epoch: 65 | Loss: *0.025* | Acc: *99.652%* (49826/50000) 
Test epoch: 65 | Loss: *0.352* | Acc: *89.510%* (8951/10000)
Train epoch: 66 | Loss: *0.022* | Acc: *99.758%* (49879/50000) 
Test epoch: 66 | Loss: *0.326* | Acc: *90.270%* (9027/10000)
Train epoch: 67 | Loss: *0.019* | Acc: *99.828%* (49914/50000) 
Test epoch: 67 | Loss: *0.383* | Acc: *89.130%* (8913/10000)
Train epoch: 68 | Loss: *0.021* | Acc: *99.744%* (49872/50000) 
Test epoch: 68 | Loss: *0.468* | Acc: *87.610%* (8761/10000)
Train epoch: 69 | Loss: *0.020* | Acc: *99.796%* (49898/50000) 
Test epoch: 69 | Loss: *0.313* | Acc: *90.540%* (9054/10000)
Train epoch: 70 | Loss: *0.018* | Acc: *99.838%* (49919/50000) 
Test epoch: 70 | Loss: *0.328* | Acc: *90.120%* (9012/10000)
Train epoch: 71 | Loss: *0.017* | Acc: *99.850%* (49925/50000) 
Test epoch: 71 | Loss: *0.345* | Acc: *89.950%* (8995/10000)
Train epoch: 72 | Loss: *0.016* | Acc: *99.868%* (49934/50000) 
Test epoch: 72 | Loss: *0.327* | Acc: *90.540%* (9054/10000)
Train epoch: 73 | Loss: *0.018* | Acc: *99.812%* (49906/50000) 
Test epoch: 73 | Loss: *0.357* | Acc: *89.720%* (8972/10000)
Train epoch: 74 | Loss: *0.015* | Acc: *99.922%* (49961/50000) 
Test epoch: 74 | Loss: *0.332* | Acc: *90.400%* (9040/10000)
Train epoch: 75 | Loss: *0.016* | Acc: *99.840%* (49920/50000) 
Test epoch: 75 | Loss: *0.380* | Acc: *89.560%* (8956/10000)
Train epoch: 76 | Loss: *0.016* | Acc: *99.886%* (49943/50000) 
Test epoch: 76 | Loss: *0.378* | Acc: *89.680%* (8968/10000)
Train epoch: 77 | Loss: *0.013* | Acc: *99.922%* (49961/50000) 
Test epoch: 77 | Loss: *0.408* | Acc: *88.710%* (8871/10000)
Train epoch: 78 | Loss: *0.013* | Acc: *99.926%* (49963/50000) 
Test epoch: 78 | Loss: *0.333* | Acc: *90.320%* (9032/10000)
Train epoch: 79 | Loss: *0.014* | Acc: *99.930%* (49965/50000) 
Test epoch: 79 | Loss: *0.320* | Acc: *90.470%* (9047/10000)
Train epoch: 80 | Loss: *0.014* | Acc: *99.902%* (49951/50000) 
Test epoch: 80 | Loss: *0.330* | Acc: *90.040%* (9004/10000)
Train epoch: 81 | Loss: *0.012* | Acc: *99.944%* (49972/50000) 
Test epoch: 81 | Loss: *0.319* | Acc: *90.910%* (9091/10000)
Train epoch: 82 | Loss: *0.013* | Acc: *99.916%* (49958/50000) 
Test epoch: 82 | Loss: *0.332* | Acc: *90.340%* (9034/10000)
Train epoch: 83 | Loss: *0.012* | Acc: *99.954%* (49977/50000) 
Test epoch: 83 | Loss: *0.304* | Acc: *91.080%* (9108/10000)
Train epoch: 84 | Loss: *0.011* | Acc: *99.960%* (49980/50000) 
Test epoch: 84 | Loss: *0.317* | Acc: *90.520%* (9052/10000)
Train epoch: 85 | Loss: *0.011* | Acc: *99.972%* (49986/50000) 
Test epoch: 85 | Loss: *0.303* | Acc: *90.980%* (9098/10000)
Train epoch: 86 | Loss: *0.011* | Acc: *99.966%* (49983/50000) 
Test epoch: 86 | Loss: *0.308* | Acc: *90.690%* (9069/10000)
Train epoch: 87 | Loss: *0.011* | Acc: *99.952%* (49976/50000) 
Test epoch: 87 | Loss: *0.312* | Acc: *90.500%* (9050/10000)
Train epoch: 88 | Loss: *0.012* | Acc: *99.936%* (49968/50000) 
Test epoch: 88 | Loss: *0.325* | Acc: *90.950%* (9095/10000)
Train epoch: 89 | Loss: *0.011* | Acc: *99.962%* (49981/50000) 
Test epoch: 89 | Loss: *0.341* | Acc: *90.040%* (9004/10000)
Train epoch: 90 | Loss: *0.012* | Acc: *99.914%* (49957/50000) 
Test epoch: 90 | Loss: *0.328* | Acc: *90.280%* (9028/10000)
Train epoch: 91 | Loss: *0.011* | Acc: *99.980%* (49990/50000) 
Test epoch: 91 | Loss: *0.299* | Acc: *91.000%* (9100/10000)
Train epoch: 92 | Loss: *0.010* | Acc: *99.960%* (49980/50000) 
Test epoch: 92 | Loss: *0.350* | Acc: *89.780%* (8978/10000)
Train epoch: 93 | Loss: *0.010* | Acc: *99.972%* (49986/50000) 
Test epoch: 93 | Loss: *0.313* | Acc: *90.820%* (9082/10000)
Train epoch: 94 | Loss: *0.009* | Acc: *99.990%* (49995/50000) 
Test epoch: 94 | Loss: *0.315* | Acc: *90.690%* (9069/10000)
Train epoch: 95 | Loss: *0.010* | Acc: *99.970%* (49985/50000) 
Test epoch: 95 | Loss: *0.323* | Acc: *90.510%* (9051/10000)
Train epoch: 96 | Loss: *0.010* | Acc: *99.968%* (49984/50000) 
Test epoch: 96 | Loss: *0.299* | Acc: *91.300%* (9130/10000)
Train epoch: 97 | Loss: *0.009* | Acc: *99.978%* (49989/50000) 
Test epoch: 97 | Loss: *0.302* | Acc: *90.980%* (9098/10000)
Train epoch: 98 | Loss: *0.009* | Acc: *99.988%* (49994/50000) 
Test epoch: 98 | Loss: *0.300* | Acc: *91.210%* (9121/10000)
Train epoch: 99 | Loss: *0.009* | Acc: *99.972%* (49986/50000) 
Test epoch: 99 | Loss: *0.311* | Acc: *90.640%* (9064/10000)
Train epoch: 100 | Loss: *0.009* | Acc: *99.978%* (49989/50000) 
Test epoch: 100 | Loss: *0.301* | Acc: *90.880%* (9088/10000)
Train epoch: 101 | Loss: *0.009* | Acc: *99.984%* (49992/50000) 
Test epoch: 101 | Loss: *0.310* | Acc: *90.580%* (9058/10000)
Train epoch: 102 | Loss: *0.008* | Acc: *99.990%* (49995/50000) 
Test epoch: 102 | Loss: *0.369* | Acc: *89.250%* (8925/10000)
Train epoch: 103 | Loss: *0.009* | Acc: *99.990%* (49995/50000) 
Test epoch: 103 | Loss: *0.315* | Acc: *90.590%* (9059/10000)
Train epoch: 104 | Loss: *0.008* | Acc: *99.988%* (49994/50000) 
Test epoch: 104 | Loss: *0.299* | Acc: *90.970%* (9097/10000)
Train epoch: 105 | Loss: *0.008* | Acc: *99.996%* (49998/50000) 
Test epoch: 105 | Loss: *0.296* | Acc: *91.050%* (9105/10000)
Train epoch: 106 | Loss: *0.008* | Acc: *99.996%* (49998/50000) 
Test epoch: 106 | Loss: *0.314* | Acc: *90.640%* (9064/10000)
Train epoch: 107 | Loss: *0.008* | Acc: *99.980%* (49990/50000) 
Test epoch: 107 | Loss: *0.300* | Acc: *91.020%* (9102/10000)
Train epoch: 108 | Loss: *0.008* | Acc: *99.984%* (49992/50000) 
Test epoch: 108 | Loss: *0.318* | Acc: *90.380%* (9038/10000)
Train epoch: 109 | Loss: *0.007* | Acc: *99.998%* (49999/50000) 
Test epoch: 109 | Loss: *0.293* | Acc: *91.180%* (9118/10000)
Train epoch: 110 | Loss: *0.007* | Acc: *99.994%* (49997/50000) 
Test epoch: 110 | Loss: *0.310* | Acc: *90.870%* (9087/10000)
Train epoch: 111 | Loss: *0.007* | Acc: *99.992%* (49996/50000) 
Test epoch: 111 | Loss: *0.295* | Acc: *91.030%* (9103/10000)
Train epoch: 112 | Loss: *0.007* | Acc: *99.998%* (49999/50000) 
Test epoch: 112 | Loss: *0.292* | Acc: *90.990%* (9099/10000)
Train epoch: 113 | Loss: *0.007* | Acc: *99.998%* (49999/50000) 
Test epoch: 113 | Loss: *0.296* | Acc: *90.880%* (9088/10000)
Train epoch: 114 | Loss: *0.007* | Acc: *99.994%* (49997/50000) 
Test epoch: 114 | Loss: *0.293* | Acc: *91.150%* (9115/10000)
Train epoch: 115 | Loss: *0.007* | Acc: *100.000%* (50000/50000) 
Test epoch: 115 | Loss: *0.303* | Acc: *90.800%* (9080/10000)
Train epoch: 116 | Loss: *0.007* | Acc: *99.994%* (49997/50000) 
Test epoch: 116 | Loss: *0.299* | Acc: *90.950%* (9095/10000)
Train epoch: 117 | Loss: *0.007* | Acc: *99.998%* (49999/50000) 
Test epoch: 117 | Loss: *0.309* | Acc: *90.750%* (9075/10000)
Train epoch: 118 | Loss: *0.007* | Acc: *99.994%* (49997/50000) 
Test epoch: 118 | Loss: *0.310* | Acc: *90.750%* (9075/10000)
Train epoch: 119 | Loss: *0.007* | Acc: *99.994%* (49997/50000) 
Test epoch: 119 | Loss: *0.296* | Acc: *91.140%* (9114/10000)
Train epoch: 120 | Loss: *0.007* | Acc: *99.988%* (49994/50000) 
Test epoch: 120 | Loss: *0.298* | Acc: *91.040%* (9104/10000)
Train epoch: 121 | Loss: *0.007* | Acc: *99.996%* (49998/50000) 
Test epoch: 121 | Loss: *0.293* | Acc: *91.070%* (9107/10000)
Train epoch: 122 | Loss: *0.007* | Acc: *100.000%* (50000/50000) 
Test epoch: 122 | Loss: *0.324* | Acc: *90.170%* (9017/10000)
Train epoch: 123 | Loss: *0.007* | Acc: *99.996%* (49998/50000) 
Test epoch: 123 | Loss: *0.292* | Acc: *91.230%* (9123/10000)
Train epoch: 124 | Loss: *0.006* | Acc: *99.994%* (49997/50000) 
Test epoch: 124 | Loss: *0.302* | Acc: *91.040%* (9104/10000)
Train epoch: 125 | Loss: *0.006* | Acc: *99.998%* (49999/50000) 
Test epoch: 125 | Loss: *0.286* | Acc: *91.250%* (9125/10000)
Train epoch: 126 | Loss: *0.006* | Acc: *99.996%* (49998/50000) 
Test epoch: 126 | Loss: *0.292* | Acc: *91.140%* (9114/10000)
Train epoch: 127 | Loss: *0.006* | Acc: *99.998%* (49999/50000) 
Test epoch: 127 | Loss: *0.295* | Acc: *91.320%* (9132/10000)
Train epoch: 128 | Loss: *0.007* | Acc: *99.996%* (49998/50000) 
Test epoch: 128 | Loss: *0.286* | Acc: *91.290%* (9129/10000)
Train epoch: 129 | Loss: *0.006* | Acc: *99.996%* (49998/50000) 
Test epoch: 129 | Loss: *0.289* | Acc: *91.320%* (9132/10000)
Train epoch: 130 | Loss: *0.006* | Acc: *100.000%* (50000/50000) 
Test epoch: 130 | Loss: *0.291* | Acc: *91.180%* (9118/10000)
Train epoch: 131 | Loss: *0.006* | Acc: *100.000%* (50000/50000) 
Test epoch: 131 | Loss: *0.282* | Acc: *91.440%* (9144/10000)
Train epoch: 132 | Loss: *0.006* | Acc: *99.998%* (49999/50000) 
Test epoch: 132 | Loss: *0.288* | Acc: *91.210%* (9121/10000)
Train epoch: 133 | Loss: *0.006* | Acc: *100.000%* (50000/50000) 
Test epoch: 133 | Loss: *0.285* | Acc: *91.370%* (9137/10000)
Train epoch: 134 | Loss: *0.006* | Acc: *99.998%* (49999/50000) 
Test epoch: 134 | Loss: *0.285* | Acc: *91.440%* (9144/10000)
Train epoch: 135 | Loss: *0.006* | Acc: *99.998%* (49999/50000) 
Test epoch: 135 | Loss: *0.290* | Acc: *91.360%* (9136/10000)
Train epoch: 136 | Loss: *0.006* | Acc: *100.000%* (50000/50000) 
Test epoch: 136 | Loss: *0.287* | Acc: *91.400%* (9140/10000)
Train epoch: 137 | Loss: *0.006* | Acc: *100.000%* (50000/50000) 
Test epoch: 137 | Loss: *0.285* | Acc: *91.550%* (9155/10000)
Train epoch: 138 | Loss: *0.006* | Acc: *99.998%* (49999/50000) 
Test epoch: 138 | Loss: *0.287* | Acc: *91.240%* (9124/10000)
Train epoch: 139 | Loss: *0.006* | Acc: *100.000%* (50000/50000) 
Test epoch: 139 | Loss: *0.280* | Acc: *91.560%* (9156/10000)
Train epoch: 140 | Loss: *0.006* | Acc: *100.000%* (50000/50000) 
Test epoch: 140 | Loss: *0.283* | Acc: *91.400%* (9140/10000)
Train epoch: 141 | Loss: *0.006* | Acc: *99.998%* (49999/50000) 
Test epoch: 141 | Loss: *0.284* | Acc: *91.350%* (9135/10000)
Train epoch: 142 | Loss: *0.006* | Acc: *99.996%* (49998/50000) 
Test epoch: 142 | Loss: *0.284* | Acc: *91.480%* (9148/10000)
Train epoch: 143 | Loss: *0.006* | Acc: *100.000%* (50000/50000) 
Test epoch: 143 | Loss: *0.284* | Acc: *91.380%* (9138/10000)
Train epoch: 144 | Loss: *0.006* | Acc: *99.998%* (49999/50000) 
Test epoch: 144 | Loss: *0.283* | Acc: *91.360%* (9136/10000)
Train epoch: 145 | Loss: *0.006* | Acc: *100.000%* (50000/50000) 
Test epoch: 145 | Loss: *0.281* | Acc: *91.490%* (9149/10000)
Train epoch: 146 | Loss: *0.006* | Acc: *99.998%* (49999/50000) 
Test epoch: 146 | Loss: *0.281* | Acc: *91.650%* (9165/10000)
Train epoch: 147 | Loss: *0.005* | Acc: *99.998%* (49999/50000) 
Test epoch: 147 | Loss: *0.283* | Acc: *91.540%* (9154/10000)
Train epoch: 148 | Loss: *0.005* | Acc: *100.000%* (50000/50000) 
Test epoch: 148 | Loss: *0.283* | Acc: *91.400%* (9140/10000)
Train epoch: 149 | Loss: *0.006* | Acc: *100.000%* (50000/50000) 
Test epoch: 149 | Loss: *0.283* | Acc: *91.580%* (9158/10000)
Train epoch: 150 | Loss: *0.005* | Acc: *100.000%* (50000/50000) 
Test epoch: 150 | Loss: *0.283* | Acc: *91.470%* (9147/10000)
Train epoch: 151 | Loss: *0.005* | Acc: *99.998%* (49999/50000) 
Test epoch: 151 | Loss: *0.284* | Acc: *91.500%* (9150/10000)
Train epoch: 152 | Loss: *0.005* | Acc: *100.000%* (50000/50000) 
Test epoch: 152 | Loss: *0.281* | Acc: *91.460%* (9146/10000)
Train epoch: 153 | Loss: *0.005* | Acc: *100.000%* (50000/50000) 
Test epoch: 153 | Loss: *0.282* | Acc: *91.590%* (9159/10000)
Train epoch: 154 | Loss: *0.005* | Acc: *100.000%* (50000/50000) 
Test epoch: 154 | Loss: *0.283* | Acc: *91.440%* (9144/10000)
Train epoch: 155 | Loss: *0.005* | Acc: *100.000%* (50000/50000) 
Test epoch: 155 | Loss: *0.282* | Acc: *91.400%* (9140/10000)
Train epoch: 156 | Loss: *0.005* | Acc: *100.000%* (50000/50000) 
Test epoch: 156 | Loss: *0.278* | Acc: *91.510%* (9151/10000)
Train epoch: 157 | Loss: *0.005* | Acc: *99.998%* (49999/50000) 
Test epoch: 157 | Loss: *0.282* | Acc: *91.550%* (9155/10000)
Train epoch: 158 | Loss: *0.005* | Acc: *99.998%* (49999/50000) 
Test epoch: 158 | Loss: *0.279* | Acc: *91.410%* (9141/10000)
Train epoch: 159 | Loss: *0.005* | Acc: *100.000%* (50000/50000) 
Test epoch: 159 | Loss: *0.279* | Acc: *91.560%* (9156/10000)
Train epoch: 160 | Loss: *0.005* | Acc: *100.000%* (50000/50000) 
Test epoch: 160 | Loss: *0.281* | Acc: *91.450%* (9145/10000)
Train epoch: 161 | Loss: *0.005* | Acc: *100.000%* (50000/50000) 
Test epoch: 161 | Loss: *0.281* | Acc: *91.410%* (9141/10000)
Train epoch: 162 | Loss: *0.005* | Acc: *100.000%* (50000/50000) 
Test epoch: 162 | Loss: *0.281* | Acc: *91.380%* (9138/10000)
Train epoch: 163 | Loss: *0.005* | Acc: *100.000%* (50000/50000) 
Test epoch: 163 | Loss: *0.280* | Acc: *91.470%* (9147/10000)
Train epoch: 164 | Loss: *0.005* | Acc: *100.000%* (50000/50000) 
Test epoch: 164 | Loss: *0.279* | Acc: *91.590%* (9159/10000)
Train epoch: 165 | Loss: *0.005* | Acc: *99.998%* (49999/50000) 
Test epoch: 165 | Loss: *0.279* | Acc: *91.520%* (9152/10000)
Train epoch: 166 | Loss: *0.005* | Acc: *100.000%* (50000/50000) 
Test epoch: 166 | Loss: *0.278* | Acc: *91.670%* (9167/10000)
Train epoch: 167 | Loss: *0.005* | Acc: *100.000%* (50000/50000) 
Test epoch: 167 | Loss: *0.278* | Acc: *91.610%* (9161/10000)
Train epoch: 168 | Loss: *0.005* | Acc: *100.000%* (50000/50000) 
Test epoch: 168 | Loss: *0.277* | Acc: *91.590%* (9159/10000)
Train epoch: 169 | Loss: *0.005* | Acc: *100.000%* (50000/50000) 
Test epoch: 169 | Loss: *0.278* | Acc: *91.710%* (9171/10000)
Train epoch: 170 | Loss: *0.005* | Acc: *100.000%* (50000/50000) 
Test epoch: 170 | Loss: *0.281* | Acc: *91.470%* (9147/10000)
Train epoch: 171 | Loss: *0.005* | Acc: *100.000%* (50000/50000) 
Test epoch: 171 | Loss: *0.279* | Acc: *91.560%* (9156/10000)
Train epoch: 172 | Loss: *0.005* | Acc: *100.000%* (50000/50000) 
Test epoch: 172 | Loss: *0.278* | Acc: *91.390%* (9139/10000)
Train epoch: 173 | Loss: *0.005* | Acc: *100.000%* (50000/50000) 
Test epoch: 173 | Loss: *0.278* | Acc: *91.630%* (9163/10000)
Train epoch: 174 | Loss: *0.005* | Acc: *100.000%* (50000/50000) 
Test epoch: 174 | Loss: *0.277* | Acc: *91.680%* (9168/10000)
Train epoch: 175 | Loss: *0.005* | Acc: *100.000%* (50000/50000) 
Test epoch: 175 | Loss: *0.276* | Acc: *91.550%* (9155/10000)
Train epoch: 176 | Loss: *0.005* | Acc: *100.000%* (50000/50000) 
Test epoch: 176 | Loss: *0.277* | Acc: *91.590%* (9159/10000)
Train epoch: 177 | Loss: *0.005* | Acc: *100.000%* (50000/50000) 
Test epoch: 177 | Loss: *0.278* | Acc: *91.460%* (9146/10000)
Train epoch: 178 | Loss: *0.005* | Acc: *100.000%* (50000/50000) 
Test epoch: 178 | Loss: *0.277* | Acc: *91.480%* (9148/10000)
Train epoch: 179 | Loss: *0.005* | Acc: *100.000%* (50000/50000) 
Test epoch: 179 | Loss: *0.277* | Acc: *91.400%* (9140/10000)
Train epoch: 180 | Loss: *0.005* | Acc: *99.998%* (49999/50000) 
Test epoch: 180 | Loss: *0.277* | Acc: *91.490%* (9149/10000)
Train epoch: 181 | Loss: *0.005* | Acc: *100.000%* (50000/50000) 
Test epoch: 181 | Loss: *0.278* | Acc: *91.520%* (9152/10000)
Train epoch: 182 | Loss: *0.005* | Acc: *100.000%* (50000/50000) 
Test epoch: 182 | Loss: *0.278* | Acc: *91.550%* (9155/10000)
Train epoch: 183 | Loss: *0.005* | Acc: *100.000%* (50000/50000) 
Test epoch: 183 | Loss: *0.278* | Acc: *91.500%* (9150/10000)
Train epoch: 184 | Loss: *0.005* | Acc: *100.000%* (50000/50000) 
Test epoch: 184 | Loss: *0.279* | Acc: *91.450%* (9145/10000)
Train epoch: 185 | Loss: *0.005* | Acc: *100.000%* (50000/50000) 
Test epoch: 185 | Loss: *0.278* | Acc: *91.510%* (9151/10000)
Train epoch: 186 | Loss: *0.005* | Acc: *100.000%* (50000/50000) 
Test epoch: 186 | Loss: *0.277* | Acc: *91.370%* (9137/10000)
Train epoch: 187 | Loss: *0.005* | Acc: *100.000%* (50000/50000) 
Test epoch: 187 | Loss: *0.277* | Acc: *91.580%* (9158/10000)
Train epoch: 188 | Loss: *0.005* | Acc: *99.998%* (49999/50000) 
Test epoch: 188 | Loss: *0.279* | Acc: *91.480%* (9148/10000)
Train epoch: 189 | Loss: *0.005* | Acc: *100.000%* (50000/50000) 
Test epoch: 189 | Loss: *0.278* | Acc: *91.520%* (9152/10000)
Train epoch: 190 | Loss: *0.005* | Acc: *100.000%* (50000/50000) 
Test epoch: 190 | Loss: *0.277* | Acc: *91.640%* (9164/10000)
Train epoch: 191 | Loss: *0.005* | Acc: *100.000%* (50000/50000) 
Test epoch: 191 | Loss: *0.277* | Acc: *91.450%* (9145/10000)
Train epoch: 192 | Loss: *0.005* | Acc: *100.000%* (50000/50000) 
Test epoch: 192 | Loss: *0.278* | Acc: *91.400%* (9140/10000)
Train epoch: 193 | Loss: *0.005* | Acc: *100.000%* (50000/50000) 
Test epoch: 193 | Loss: *0.277* | Acc: *91.490%* (9149/10000)
Train epoch: 194 | Loss: *0.005* | Acc: *100.000%* (50000/50000) 
Test epoch: 194 | Loss: *0.277* | Acc: *91.570%* (9157/10000)
Train epoch: 195 | Loss: *0.005* | Acc: *100.000%* (50000/50000) 
Test epoch: 195 | Loss: *0.277* | Acc: *91.510%* (9151/10000)
Train epoch: 196 | Loss: *0.005* | Acc: *100.000%* (50000/50000) 
Test epoch: 196 | Loss: *0.277* | Acc: *91.540%* (9154/10000)
Train epoch: 197 | Loss: *0.005* | Acc: *100.000%* (50000/50000) 
Test epoch: 197 | Loss: *0.279* | Acc: *91.510%* (9151/10000)
Train epoch: 198 | Loss: *0.005* | Acc: *100.000%* (50000/50000) 
Test epoch: 198 | Loss: *0.278* | Acc: *91.510%* (9151/10000)
Train epoch: 199 | Loss: *0.005* | Acc: *99.998%* (49999/50000) 
Test epoch: 199 | Loss: *0.278* | Acc: *91.410%* (9141/10000)
Train epoch: 200 | Loss: *0.005* | Acc: *100.000%* (50000/50000) 
Test epoch: 200 | Loss: *0.278* | Acc: *91.510%* (9151/10000)
Train epoch: 201 | Loss: *0.005* | Acc: *100.000%* (50000/50000) 
Test epoch: 201 | Loss: *0.278* | Acc: *91.480%* (9148/10000)
Train epoch: 202 | Loss: *0.005* | Acc: *100.000%* (50000/50000) 
Test epoch: 202 | Loss: *0.278* | Acc: *91.440%* (9144/10000)
Train epoch: 203 | Loss: *0.005* | Acc: *100.000%* (50000/50000) 
Test epoch: 203 | Loss: *0.279* | Acc: *91.500%* (9150/10000)
Train epoch: 204 | Loss: *0.005* | Acc: *100.000%* (50000/50000) 
Test epoch: 204 | Loss: *0.276* | Acc: *91.700%* (9170/10000)
Train epoch: 205 | Loss: *0.005* | Acc: *100.000%* (50000/50000) 
Test epoch: 205 | Loss: *0.277* | Acc: *91.640%* (9164/10000)
Train epoch: 206 | Loss: *0.005* | Acc: *100.000%* (50000/50000) 
Test epoch: 206 | Loss: *0.277* | Acc: *91.440%* (9144/10000)
Train epoch: 207 | Loss: *0.005* | Acc: *99.998%* (49999/50000) 
Test epoch: 207 | Loss: *0.276* | Acc: *91.490%* (9149/10000)
Train epoch: 208 | Loss: *0.005* | Acc: *100.000%* (50000/50000) 
Test epoch: 208 | Loss: *0.278* | Acc: *91.550%* (9155/10000)
Train epoch: 209 | Loss: *0.005* | Acc: *100.000%* (50000/50000) 
Test epoch: 209 | Loss: *0.277* | Acc: *91.520%* (9152/10000)
Train epoch: 210 | Loss: *0.005* | Acc: *100.000%* (50000/50000) 
Test epoch: 210 | Loss: *0.277* | Acc: *91.550%* (9155/10000)
Train epoch: 211 | Loss: *0.005* | Acc: *100.000%* (50000/50000) 
Test epoch: 211 | Loss: *0.278* | Acc: *91.480%* (9148/10000)
Train epoch: 212 | Loss: *0.005* | Acc: *100.000%* (50000/50000) 
Test epoch: 212 | Loss: *0.277* | Acc: *91.630%* (9163/10000)
Train epoch: 213 | Loss: *0.005* | Acc: *100.000%* (50000/50000) 
Test epoch: 213 | Loss: *0.278* | Acc: *91.450%* (9145/10000)
Train epoch: 214 | Loss: *0.005* | Acc: *100.000%* (50000/50000) 
Test epoch: 214 | Loss: *0.278* | Acc: *91.470%* (9147/10000)
Train epoch: 215 | Loss: *0.005* | Acc: *100.000%* (50000/50000) 
Test epoch: 215 | Loss: *0.278* | Acc: *91.490%* (9149/10000)
Train epoch: 216 | Loss: *0.005* | Acc: *100.000%* (50000/50000) 
Test epoch: 216 | Loss: *0.278* | Acc: *91.520%* (9152/10000)
Train epoch: 217 | Loss: *0.005* | Acc: *100.000%* (50000/50000) 
Test epoch: 217 | Loss: *0.278* | Acc: *91.580%* (9158/10000)
Train epoch: 218 | Loss: *0.005* | Acc: *100.000%* (50000/50000) 
Test epoch: 218 | Loss: *0.277* | Acc: *91.520%* (9152/10000)
Train epoch: 219 | Loss: *0.005* | Acc: *100.000%* (50000/50000) 
Test epoch: 219 | Loss: *0.277* | Acc: *91.550%* (9155/10000)
Train epoch: 220 | Loss: *0.005* | Acc: *100.000%* (50000/50000) 
Test epoch: 220 | Loss: *0.277* | Acc: *91.520%* (9152/10000)
Train epoch: 221 | Loss: *0.005* | Acc: *100.000%* (50000/50000) 
Test epoch: 221 | Loss: *0.278* | Acc: *91.460%* (9146/10000)
Train epoch: 222 | Loss: *0.005* | Acc: *100.000%* (50000/50000) 
Test epoch: 222 | Loss: *0.278* | Acc: *91.530%* (9153/10000)
Train epoch: 223 | Loss: *0.005* | Acc: *100.000%* (50000/50000) 
Test epoch: 223 | Loss: *0.276* | Acc: *91.580%* (9158/10000)
Train epoch: 224 | Loss: *0.005* | Acc: *100.000%* (50000/50000) 
Test epoch: 224 | Loss: *0.277* | Acc: *91.500%* (9150/10000)
Train epoch: 225 | Loss: *0.005* | Acc: *100.000%* (50000/50000) 
Test epoch: 225 | Loss: *0.281* | Acc: *91.560%* (9156/10000)
Train epoch: 226 | Loss: *0.005* | Acc: *100.000%* (50000/50000) 
Test epoch: 226 | Loss: *0.278* | Acc: *91.530%* (9153/10000)
Train epoch: 227 | Loss: *0.005* | Acc: *99.998%* (49999/50000) 
Test epoch: 227 | Loss: *0.278* | Acc: *91.460%* (9146/10000)
Train epoch: 228 | Loss: *0.005* | Acc: *100.000%* (50000/50000) 
Test epoch: 228 | Loss: *0.279* | Acc: *91.510%* (9151/10000)
Train epoch: 229 | Loss: *0.005* | Acc: *100.000%* (50000/50000) 
Test epoch: 229 | Loss: *0.280* | Acc: *91.560%* (9156/10000)
Train epoch: 230 | Loss: *0.005* | Acc: *100.000%* (50000/50000) 
Test epoch: 230 | Loss: *0.278* | Acc: *91.630%* (9163/10000)
Train epoch: 231 | Loss: *0.005* | Acc: *100.000%* (50000/50000) 
Test epoch: 231 | Loss: *0.279* | Acc: *91.520%* (9152/10000)
Train epoch: 232 | Loss: *0.005* | Acc: *100.000%* (50000/50000) 
Test epoch: 232 | Loss: *0.278* | Acc: *91.500%* (9150/10000)
Train epoch: 233 | Loss: *0.005* | Acc: *100.000%* (50000/50000) 
Test epoch: 233 | Loss: *0.278* | Acc: *91.620%* (9162/10000)
Train epoch: 234 | Loss: *0.005* | Acc: *100.000%* (50000/50000) 
Test epoch: 234 | Loss: *0.278* | Acc: *91.600%* (9160/10000)
Train epoch: 235 | Loss: *0.005* | Acc: *100.000%* (50000/50000) 
Test epoch: 235 | Loss: *0.277* | Acc: *91.510%* (9151/10000)
Train epoch: 236 | Loss: *0.005* | Acc: *100.000%* (50000/50000) 
Test epoch: 236 | Loss: *0.279* | Acc: *91.500%* (9150/10000)
Train epoch: 237 | Loss: *0.005* | Acc: *100.000%* (50000/50000) 
Test epoch: 237 | Loss: *0.277* | Acc: *91.590%* (9159/10000)
Train epoch: 238 | Loss: *0.005* | Acc: *100.000%* (50000/50000) 
Test epoch: 238 | Loss: *0.277* | Acc: *91.620%* (9162/10000)
Train epoch: 239 | Loss: *0.005* | Acc: *100.000%* (50000/50000) 
Test epoch: 239 | Loss: *0.277* | Acc: *91.650%* (9165/10000)
Train epoch: 240 | Loss: *0.005* | Acc: *100.000%* (50000/50000) 
Test epoch: 240 | Loss: *0.280* | Acc: *91.520%* (9152/10000)
Train epoch: 241 | Loss: *0.005* | Acc: *99.998%* (49999/50000) 
Test epoch: 241 | Loss: *0.280* | Acc: *91.550%* (9155/10000)
Train epoch: 242 | Loss: *0.005* | Acc: *100.000%* (50000/50000) 
Test epoch: 242 | Loss: *0.279* | Acc: *91.540%* (9154/10000)
Train epoch: 243 | Loss: *0.005* | Acc: *100.000%* (50000/50000) 
Test epoch: 243 | Loss: *0.278* | Acc: *91.760%* (9176/10000)
Train epoch: 244 | Loss: *0.005* | Acc: *100.000%* (50000/50000) 
Test epoch: 244 | Loss: *0.279* | Acc: *91.540%* (9154/10000)
Train epoch: 245 | Loss: *0.005* | Acc: *100.000%* (50000/50000) 
Test epoch: 245 | Loss: *0.277* | Acc: *91.430%* (9143/10000)
Train epoch: 246 | Loss: *0.005* | Acc: *99.998%* (49999/50000) 
Test epoch: 246 | Loss: *0.278* | Acc: *91.490%* (9149/10000)
Train epoch: 247 | Loss: *0.005* | Acc: *100.000%* (50000/50000) 
Test epoch: 247 | Loss: *0.279* | Acc: *91.570%* (9157/10000)
Train epoch: 248 | Loss: *0.005* | Acc: *100.000%* (50000/50000) 
Test epoch: 248 | Loss: *0.279* | Acc: *91.520%* (9152/10000)
Train epoch: 249 | Loss: *0.005* | Acc: *99.998%* (49999/50000) 
Test epoch: 249 | Loss: *0.277* | Acc: *91.630%* (9163/10000)
Train epoch: 250 | Loss: *0.005* | Acc: *100.000%* (50000/50000) 
Test epoch: 250 | Loss: *0.278* | Acc: *91.520%* (9152/10000)
Train epoch: 251 | Loss: *0.005* | Acc: *100.000%* (50000/50000) 
Test epoch: 251 | Loss: *0.278* | Acc: *91.500%* (9150/10000)
Train epoch: 252 | Loss: *0.005* | Acc: *100.000%* (50000/50000) 
Test epoch: 252 | Loss: *0.277* | Acc: *91.500%* (9150/10000)
Train epoch: 253 | Loss: *0.005* | Acc: *100.000%* (50000/50000) 
Test epoch: 253 | Loss: *0.277* | Acc: *91.340%* (9134/10000)
Train epoch: 254 | Loss: *0.005* | Acc: *99.998%* (49999/50000) 
Test epoch: 254 | Loss: *0.281* | Acc: *91.570%* (9157/10000)
Train epoch: 255 | Loss: *0.005* | Acc: *100.000%* (50000/50000) 
Test epoch: 255 | Loss: *0.279* | Acc: *91.530%* (9153/10000)
Train epoch: 256 | Loss: *0.005* | Acc: *100.000%* (50000/50000) 
Test epoch: 256 | Loss: *0.281* | Acc: *91.300%* (9130/10000)
Train epoch: 257 | Loss: *0.006* | Acc: *100.000%* (50000/50000) 
Test epoch: 257 | Loss: *0.281* | Acc: *91.460%* (9146/10000)
Train epoch: 258 | Loss: *0.006* | Acc: *100.000%* (50000/50000) 
Test epoch: 258 | Loss: *0.280* | Acc: *91.610%* (9161/10000)
Train epoch: 259 | Loss: *0.006* | Acc: *99.998%* (49999/50000) 
Test epoch: 259 | Loss: *0.279* | Acc: *91.520%* (9152/10000)
Train epoch: 260 | Loss: *0.006* | Acc: *100.000%* (50000/50000) 
Test epoch: 260 | Loss: *0.279* | Acc: *91.530%* (9153/10000)
Train epoch: 261 | Loss: *0.006* | Acc: *100.000%* (50000/50000) 
Test epoch: 261 | Loss: *0.282* | Acc: *91.410%* (9141/10000)
Train epoch: 262 | Loss: *0.006* | Acc: *100.000%* (50000/50000) 
Test epoch: 262 | Loss: *0.283* | Acc: *91.330%* (9133/10000)
Train epoch: 263 | Loss: *0.006* | Acc: *100.000%* (50000/50000) 
Test epoch: 263 | Loss: *0.279* | Acc: *91.490%* (9149/10000)
Train epoch: 264 | Loss: *0.006* | Acc: *100.000%* (50000/50000) 
Test epoch: 264 | Loss: *0.275* | Acc: *91.440%* (9144/10000)
Train epoch: 265 | Loss: *0.006* | Acc: *100.000%* (50000/50000) 
Test epoch: 265 | Loss: *0.297* | Acc: *90.920%* (9092/10000)
Train epoch: 266 | Loss: *0.006* | Acc: *99.998%* (49999/50000) 
Test epoch: 266 | Loss: *0.294* | Acc: *90.980%* (9098/10000)
Train epoch: 267 | Loss: *0.006* | Acc: *100.000%* (50000/50000) 
Test epoch: 267 | Loss: *0.281* | Acc: *91.330%* (9133/10000)
Train epoch: 268 | Loss: *0.006* | Acc: *100.000%* (50000/50000) 
Test epoch: 268 | Loss: *0.281* | Acc: *91.490%* (9149/10000)
Train epoch: 269 | Loss: *0.006* | Acc: *100.000%* (50000/50000) 
Test epoch: 269 | Loss: *0.285* | Acc: *91.390%* (9139/10000)
Train epoch: 270 | Loss: *0.007* | Acc: *100.000%* (50000/50000) 
Test epoch: 270 | Loss: *0.288* | Acc: *91.160%* (9116/10000)
Train epoch: 271 | Loss: *0.006* | Acc: *100.000%* (50000/50000) 
Test epoch: 271 | Loss: *0.290* | Acc: *91.120%* (9112/10000)
Train epoch: 272 | Loss: *0.006* | Acc: *100.000%* (50000/50000) 
Test epoch: 272 | Loss: *0.290* | Acc: *91.170%* (9117/10000)
Train epoch: 273 | Loss: *0.006* | Acc: *100.000%* (50000/50000) 
Test epoch: 273 | Loss: *0.285* | Acc: *91.350%* (9135/10000)
Train epoch: 274 | Loss: *0.006* | Acc: *100.000%* (50000/50000) 
Test epoch: 274 | Loss: *0.291* | Acc: *91.350%* (9135/10000)
Train epoch: 275 | Loss: *0.007* | Acc: *99.996%* (49998/50000) 
Test epoch: 275 | Loss: *0.286* | Acc: *91.200%* (9120/10000)
Train epoch: 276 | Loss: *0.006* | Acc: *100.000%* (50000/50000) 
Test epoch: 276 | Loss: *0.283* | Acc: *91.300%* (9130/10000)
Train epoch: 277 | Loss: *0.006* | Acc: *100.000%* (50000/50000) 
Test epoch: 277 | Loss: *0.293* | Acc: *91.060%* (9106/10000)
Train epoch: 278 | Loss: *0.008* | Acc: *99.982%* (49991/50000) 
Test epoch: 278 | Loss: *0.301* | Acc: *90.910%* (9091/10000)
Train epoch: 279 | Loss: *0.007* | Acc: *99.994%* (49997/50000) 
Test epoch: 279 | Loss: *0.296* | Acc: *90.930%* (9093/10000)
Train epoch: 280 | Loss: *0.007* | Acc: *100.000%* (50000/50000) 
Test epoch: 280 | Loss: *0.311* | Acc: *90.310%* (9031/10000)
Train epoch: 281 | Loss: *0.007* | Acc: *100.000%* (50000/50000) 
Test epoch: 281 | Loss: *0.283* | Acc: *91.300%* (9130/10000)
Train epoch: 282 | Loss: *0.008* | Acc: *99.986%* (49993/50000) 
Test epoch: 282 | Loss: *0.359* | Acc: *89.400%* (8940/10000)
Train epoch: 283 | Loss: *0.013* | Acc: *99.906%* (49953/50000) 
Test epoch: 283 | Loss: *0.307* | Acc: *90.390%* (9039/10000)
Train epoch: 284 | Loss: *0.009* | Acc: *99.998%* (49999/50000) 
Test epoch: 284 | Loss: *0.300* | Acc: *90.830%* (9083/10000)
Train epoch: 285 | Loss: *0.008* | Acc: *99.994%* (49997/50000) 
Test epoch: 285 | Loss: *0.283* | Acc: *91.150%* (9115/10000)
Train epoch: 286 | Loss: *0.008* | Acc: *99.990%* (49995/50000) 
Test epoch: 286 | Loss: *0.302* | Acc: *90.590%* (9059/10000)
Train epoch: 287 | Loss: *0.009* | Acc: *99.982%* (49991/50000) 
Test epoch: 287 | Loss: *0.302* | Acc: *90.480%* (9048/10000)
Train epoch: 288 | Loss: *0.015* | Acc: *99.854%* (49927/50000) 
Test epoch: 288 | Loss: *0.456* | Acc: *87.240%* (8724/10000)
Train epoch: 289 | Loss: *0.017* | Acc: *99.892%* (49946/50000) 
Test epoch: 289 | Loss: *0.371* | Acc: *88.740%* (8874/10000)
Train epoch: 290 | Loss: *0.011* | Acc: *99.978%* (49989/50000) 
Test epoch: 290 | Loss: *0.299* | Acc: *90.880%* (9088/10000)
Train epoch: 291 | Loss: *0.010* | Acc: *99.978%* (49989/50000) 
Test epoch: 291 | Loss: *0.296* | Acc: *91.160%* (9116/10000)
Train epoch: 292 | Loss: *0.011* | Acc: *99.940%* (49970/50000) 
Test epoch: 292 | Loss: *0.297* | Acc: *90.680%* (9068/10000)
Train epoch: 293 | Loss: *0.011* | Acc: *99.954%* (49977/50000) 
Test epoch: 293 | Loss: *0.337* | Acc: *90.110%* (9011/10000)
Train epoch: 294 | Loss: *0.010* | Acc: *99.988%* (49994/50000) 
Test epoch: 294 | Loss: *0.304* | Acc: *91.000%* (9100/10000)
Train epoch: 295 | Loss: *0.014* | Acc: *99.864%* (49932/50000) 
Test epoch: 295 | Loss: *0.420* | Acc: *87.860%* (8786/10000)
Train epoch: 296 | Loss: *0.021* | Acc: *99.818%* (49909/50000) 
Test epoch: 296 | Loss: *0.372* | Acc: *88.700%* (8870/10000)
Train epoch: 297 | Loss: *0.017* | Acc: *99.862%* (49931/50000) 
Test epoch: 297 | Loss: *0.357* | Acc: *89.500%* (8950/10000)
Train epoch: 298 | Loss: *0.014* | Acc: *99.942%* (49971/50000) 
Test epoch: 298 | Loss: *0.340* | Acc: *89.970%* (8997/10000)
Train epoch: 299 | Loss: *0.021* | Acc: *99.802%* (49901/50000) 
Test epoch: 299 | Loss: *0.771* | Acc: *80.600%* (8060/10000)
Train epoch: 300 | Loss: *0.019* | Acc: *99.858%* (49929/50000) 
Test epoch: 300 | Loss: *0.341* | Acc: *89.460%* (8946/10000)
Train epoch: 301 | Loss: *0.017* | Acc: *99.844%* (49922/50000) 
Test epoch: 301 | Loss: *1.406* | Acc: *78.380%* (7838/10000)
Train epoch: 302 | Loss: *0.019* | Acc: *99.822%* (49911/50000) 
Test epoch: 302 | Loss: *0.300* | Acc: *91.020%* (9102/10000)
Train epoch: 303 | Loss: *0.015* | Acc: *99.912%* (49956/50000) 
Test epoch: 303 | Loss: *0.336* | Acc: *90.210%* (9021/10000)
Train epoch: 304 | Loss: *0.010* | Acc: *99.978%* (49989/50000) 
Test epoch: 304 | Loss: *0.297* | Acc: *90.990%* (9099/10000)
Train epoch: 305 | Loss: *0.009* | Acc: *99.980%* (49990/50000) 
Test epoch: 305 | Loss: *0.313* | Acc: *90.460%* (9046/10000)
Train epoch: 306 | Loss: *0.008* | Acc: *99.996%* (49998/50000) 
Test epoch: 306 | Loss: *0.307* | Acc: *90.730%* (9073/10000)
Train epoch: 307 | Loss: *0.013* | Acc: *99.884%* (49942/50000) 
Test epoch: 307 | Loss: *0.647* | Acc: *84.390%* (8439/10000)
Train epoch: 308 | Loss: *0.028* | Acc: *99.594%* (49797/50000) 
Test epoch: 308 | Loss: *0.390* | Acc: *88.500%* (8850/10000)
Train epoch: 309 | Loss: *0.020* | Acc: *99.828%* (49914/50000) 
Test epoch: 309 | Loss: *0.325* | Acc: *90.140%* (9014/10000)
Train epoch: 310 | Loss: *0.020* | Acc: *99.790%* (49895/50000) 
Test epoch: 310 | Loss: *0.885* | Acc: *77.660%* (7766/10000)
Train epoch: 311 | Loss: *0.035* | Acc: *99.426%* (49713/50000) 
Test epoch: 311 | Loss: *0.502* | Acc: *85.900%* (8590/10000)
Train epoch: 312 | Loss: *0.023* | Acc: *99.730%* (49865/50000) 
Test epoch: 312 | Loss: *0.364* | Acc: *89.310%* (8931/10000)
Train epoch: 313 | Loss: *0.023* | Acc: *99.694%* (49847/50000) 
Test epoch: 313 | Loss: *0.377* | Acc: *89.150%* (8915/10000)
Train epoch: 314 | Loss: *0.017* | Acc: *99.874%* (49937/50000) 
Test epoch: 314 | Loss: *0.363* | Acc: *89.350%* (8935/10000)
Train epoch: 315 | Loss: *0.017* | Acc: *99.816%* (49908/50000) 
Test epoch: 315 | Loss: *0.455* | Acc: *87.420%* (8742/10000)
Train epoch: 316 | Loss: *0.021* | Acc: *99.732%* (49866/50000) 
Test epoch: 316 | Loss: *0.498* | Acc: *86.020%* (8602/10000)
Train epoch: 317 | Loss: *0.017* | Acc: *99.820%* (49910/50000) 
Test epoch: 317 | Loss: *0.334* | Acc: *89.750%* (8975/10000)
Train epoch: 318 | Loss: *0.021* | Acc: *99.712%* (49856/50000) 
Test epoch: 318 | Loss: *1.010* | Acc: *77.190%* (7719/10000)
Train epoch: 319 | Loss: *0.021* | Acc: *99.744%* (49872/50000) 
Test epoch: 319 | Loss: *0.411* | Acc: *87.680%* (8768/10000)
Train epoch: 320 | Loss: *0.014* | Acc: *99.894%* (49947/50000) 
Test epoch: 320 | Loss: *0.338* | Acc: *90.410%* (9041/10000)
Train epoch: 321 | Loss: *0.015* | Acc: *99.864%* (49932/50000) 
Test epoch: 321 | Loss: *0.382* | Acc: *88.690%* (8869/10000)
Train epoch: 322 | Loss: *0.021* | Acc: *99.686%* (49843/50000) 
Test epoch: 322 | Loss: *0.534* | Acc: *85.670%* (8567/10000)
Train epoch: 323 | Loss: *0.031* | Acc: *99.414%* (49707/50000) 
Test epoch: 323 | Loss: *0.484* | Acc: *86.970%* (8697/10000)
Train epoch: 324 | Loss: *0.031* | Acc: *99.486%* (49743/50000) 
Test epoch: 324 | Loss: *0.366* | Acc: *88.940%* (8894/10000)
Train epoch: 325 | Loss: *0.023* | Acc: *99.704%* (49852/50000) 
Test epoch: 325 | Loss: *0.335* | Acc: *89.970%* (8997/10000)
Train epoch: 326 | Loss: *0.015* | Acc: *99.892%* (49946/50000) 
Test epoch: 326 | Loss: *0.443* | Acc: *87.330%* (8733/10000)
Train epoch: 327 | Loss: *0.014* | Acc: *99.878%* (49939/50000) 
Test epoch: 327 | Loss: *0.411* | Acc: *88.280%* (8828/10000)
Train epoch: 328 | Loss: *0.018* | Acc: *99.772%* (49886/50000) 
Test epoch: 328 | Loss: *0.448* | Acc: *88.200%* (8820/10000)
Train epoch: 329 | Loss: *0.015* | Acc: *99.880%* (49940/50000) 
Test epoch: 329 | Loss: *0.319* | Acc: *90.500%* (9050/10000)
Train epoch: 330 | Loss: *0.011* | Acc: *99.936%* (49968/50000) 
Test epoch: 330 | Loss: *0.308* | Acc: *90.840%* (9084/10000)
Train epoch: 331 | Loss: *0.010* | Acc: *99.946%* (49973/50000) 
Test epoch: 331 | Loss: *0.411* | Acc: *88.470%* (8847/10000)
Train epoch: 332 | Loss: *0.017* | Acc: *99.760%* (49880/50000) 
Test epoch: 332 | Loss: *0.405* | Acc: *88.890%* (8889/10000)
Train epoch: 333 | Loss: *0.018* | Acc: *99.792%* (49896/50000) 
Test epoch: 333 | Loss: *0.357* | Acc: *89.490%* (8949/10000)
Train epoch: 334 | Loss: *0.024* | Acc: *99.616%* (49808/50000) 
Test epoch: 334 | Loss: *0.582* | Acc: *84.960%* (8496/10000)
Train epoch: 335 | Loss: *0.028* | Acc: *99.556%* (49778/50000) 
Test epoch: 335 | Loss: *0.399* | Acc: *88.610%* (8861/10000)
Train epoch: 336 | Loss: *0.024* | Acc: *99.624%* (49812/50000) 
Test epoch: 336 | Loss: *0.355* | Acc: *89.560%* (8956/10000)
Train epoch: 337 | Loss: *0.028* | Acc: *99.514%* (49757/50000) 
Test epoch: 337 | Loss: *0.462* | Acc: *87.250%* (8725/10000)
Train epoch: 338 | Loss: *0.020* | Acc: *99.762%* (49881/50000) 
Test epoch: 338 | Loss: *0.568* | Acc: *85.230%* (8523/10000)
Train epoch: 339 | Loss: *0.022* | Acc: *99.688%* (49844/50000) 
Test epoch: 339 | Loss: *0.395* | Acc: *88.670%* (8867/10000)
Train epoch: 340 | Loss: *0.016* | Acc: *99.850%* (49925/50000) 
Test epoch: 340 | Loss: *0.342* | Acc: *90.070%* (9007/10000)
Train epoch: 341 | Loss: *0.016* | Acc: *99.828%* (49914/50000) 
Test epoch: 341 | Loss: *0.431* | Acc: *87.900%* (8790/10000)
Train epoch: 342 | Loss: *0.016* | Acc: *99.814%* (49907/50000) 
Test epoch: 342 | Loss: *0.403* | Acc: *89.170%* (8917/10000)
Train epoch: 343 | Loss: *0.018* | Acc: *99.768%* (49884/50000) 
Test epoch: 343 | Loss: *0.382* | Acc: *88.730%* (8873/10000)
Train epoch: 344 | Loss: *0.019* | Acc: *99.746%* (49873/50000) 
Test epoch: 344 | Loss: *0.332* | Acc: *90.390%* (9039/10000)
Train epoch: 345 | Loss: *0.021* | Acc: *99.690%* (49845/50000) 
Test epoch: 345 | Loss: *0.512* | Acc: *86.410%* (8641/10000)
Train epoch: 346 | Loss: *0.020* | Acc: *99.770%* (49885/50000) 
Test epoch: 346 | Loss: *0.304* | Acc: *90.850%* (9085/10000)
Train epoch: 347 | Loss: *0.013* | Acc: *99.912%* (49956/50000) 
Test epoch: 347 | Loss: *0.293* | Acc: *91.080%* (9108/10000)
Train epoch: 348 | Loss: *0.010* | Acc: *99.938%* (49969/50000) 
Test epoch: 348 | Loss: *0.341* | Acc: *89.750%* (8975/10000)
Train epoch: 349 | Loss: *0.009* | Acc: *99.966%* (49983/50000) 
Test epoch: 349 | Loss: *0.286* | Acc: *91.270%* (9127/10000)
Train epoch: 350 | Loss: *0.008* | Acc: *99.972%* (49986/50000) 
Test epoch: 350 | Loss: *0.350* | Acc: *89.900%* (8990/10000)
Train epoch: 351 | Loss: *0.007* | Acc: *99.976%* (49988/50000) 
Test epoch: 351 | Loss: *0.311* | Acc: *90.690%* (9069/10000)
Train epoch: 352 | Loss: *0.007* | Acc: *99.986%* (49993/50000) 
Test epoch: 352 | Loss: *0.287* | Acc: *91.310%* (9131/10000)
Train epoch: 353 | Loss: *0.008* | Acc: *99.944%* (49972/50000) 
Test epoch: 353 | Loss: *0.316* | Acc: *90.680%* (9068/10000)
Train epoch: 354 | Loss: *0.010* | Acc: *99.946%* (49973/50000) 
Test epoch: 354 | Loss: *0.316* | Acc: *90.500%* (9050/10000)
Train epoch: 355 | Loss: *0.012* | Acc: *99.914%* (49957/50000) 
Test epoch: 355 | Loss: *0.330* | Acc: *90.110%* (9011/10000)
Train epoch: 356 | Loss: *0.039* | Acc: *99.144%* (49572/50000) 
Test epoch: 356 | Loss: *1.077* | Acc: *77.890%* (7789/10000)
Train epoch: 357 | Loss: *0.052* | Acc: *98.720%* (49360/50000) 
Test epoch: 357 | Loss: *0.398* | Acc: *88.390%* (8839/10000)
Train epoch: 358 | Loss: *0.034* | Acc: *99.340%* (49670/50000) 
Test epoch: 358 | Loss: *0.479* | Acc: *86.790%* (8679/10000)
Train epoch: 359 | Loss: *0.026* | Acc: *99.580%* (49790/50000) 
Test epoch: 359 | Loss: *0.392* | Acc: *89.300%* (8930/10000)
Train epoch: 360 | Loss: *0.017* | Acc: *99.828%* (49914/50000) 
Test epoch: 360 | Loss: *0.341* | Acc: *90.010%* (9001/10000)
Train epoch: 361 | Loss: *0.013* | Acc: *99.896%* (49948/50000) 
Test epoch: 361 | Loss: *0.332* | Acc: *90.220%* (9022/10000)
Train epoch: 362 | Loss: *0.020* | Acc: *99.678%* (49839/50000) 
Test epoch: 362 | Loss: *0.327* | Acc: *90.440%* (9044/10000)
Train epoch: 363 | Loss: *0.017* | Acc: *99.814%* (49907/50000) 
Test epoch: 363 | Loss: *0.388* | Acc: *88.890%* (8889/10000)
Train epoch: 364 | Loss: *0.018* | Acc: *99.754%* (49877/50000) 
Test epoch: 364 | Loss: *0.383* | Acc: *89.180%* (8918/10000)
Train epoch: 365 | Loss: *0.027* | Acc: *99.448%* (49724/50000) 
Test epoch: 365 | Loss: *0.479* | Acc: *86.260%* (8626/10000)
Train epoch: 366 | Loss: *0.028* | Acc: *99.468%* (49734/50000) 
Test epoch: 366 | Loss: *0.401* | Acc: *88.310%* (8831/10000)
Train epoch: 367 | Loss: *0.018* | Acc: *99.748%* (49874/50000) 
Test epoch: 367 | Loss: *0.447* | Acc: *88.330%* (8833/10000)
Train epoch: 368 | Loss: *0.017* | Acc: *99.810%* (49905/50000) 
Test epoch: 368 | Loss: *0.372* | Acc: *89.420%* (8942/10000)
Train epoch: 369 | Loss: *0.013* | Acc: *99.886%* (49943/50000) 
Test epoch: 369 | Loss: *0.329* | Acc: *90.340%* (9034/10000)
Train epoch: 370 | Loss: *0.012* | Acc: *99.894%* (49947/50000) 
Test epoch: 370 | Loss: *0.367* | Acc: *89.570%* (8957/10000)
Train epoch: 371 | Loss: *0.008* | Acc: *99.960%* (49980/50000) 
Test epoch: 371 | Loss: *0.332* | Acc: *90.380%* (9038/10000)
Train epoch: 372 | Loss: *0.008* | Acc: *99.962%* (49981/50000) 
Test epoch: 372 | Loss: *0.372* | Acc: *89.440%* (8944/10000)
Train epoch: 373 | Loss: *0.006* | Acc: *99.994%* (49997/50000) 
Test epoch: 373 | Loss: *0.301* | Acc: *90.890%* (9089/10000)
Train epoch: 374 | Loss: *0.006* | Acc: *99.984%* (49992/50000) 
Test epoch: 374 | Loss: *0.302* | Acc: *90.880%* (9088/10000)
Train epoch: 375 | Loss: *0.006* | Acc: *99.982%* (49991/50000) 
Test epoch: 375 | Loss: *0.289* | Acc: *91.220%* (9122/10000)
Train epoch: 376 | Loss: *0.005* | Acc: *99.994%* (49997/50000) 
Test epoch: 376 | Loss: *0.290* | Acc: *91.350%* (9135/10000)
Train epoch: 377 | Loss: *0.005* | Acc: *99.996%* (49998/50000) 
Test epoch: 377 | Loss: *0.284* | Acc: *91.470%* (9147/10000)
Train epoch: 378 | Loss: *0.005* | Acc: *99.988%* (49994/50000) 
Test epoch: 378 | Loss: *0.299* | Acc: *91.140%* (9114/10000)
Train epoch: 379 | Loss: *0.005* | Acc: *99.994%* (49997/50000) 
Test epoch: 379 | Loss: *0.286* | Acc: *91.570%* (9157/10000)
Train epoch: 380 | Loss: *0.007* | Acc: *99.958%* (49979/50000) 
Test epoch: 380 | Loss: *0.310* | Acc: *90.400%* (9040/10000)
Train epoch: 381 | Loss: *0.005* | Acc: *99.996%* (49998/50000) 
Test epoch: 381 | Loss: *0.313* | Acc: *90.480%* (9048/10000)
Train epoch: 382 | Loss: *0.006* | Acc: *99.986%* (49993/50000) 
Test epoch: 382 | Loss: *0.296* | Acc: *91.060%* (9106/10000)
Train epoch: 383 | Loss: *0.008* | Acc: *99.932%* (49966/50000) 
Test epoch: 383 | Loss: *0.501* | Acc: *86.470%* (8647/10000)
Train epoch: 384 | Loss: *0.042* | Acc: *99.058%* (49529/50000) 
Test epoch: 384 | Loss: *0.554* | Acc: *85.010%* (8501/10000)
Train epoch: 385 | Loss: *0.040* | Acc: *99.178%* (49589/50000) 
Test epoch: 385 | Loss: *0.632* | Acc: *83.690%* (8369/10000)
Train epoch: 386 | Loss: *0.043* | Acc: *99.088%* (49544/50000) 
Test epoch: 386 | Loss: *0.338* | Acc: *89.500%* (8950/10000)
Train epoch: 387 | Loss: *0.020* | Acc: *99.754%* (49877/50000) 
Test epoch: 387 | Loss: *0.327* | Acc: *90.430%* (9043/10000)
Train epoch: 388 | Loss: *0.024* | Acc: *99.588%* (49794/50000) 
Test epoch: 388 | Loss: *0.409* | Acc: *88.270%* (8827/10000)
Train epoch: 389 | Loss: *0.021* | Acc: *99.700%* (49850/50000) 
Test epoch: 389 | Loss: *0.389* | Acc: *89.210%* (8921/10000)
Train epoch: 390 | Loss: *0.018* | Acc: *99.778%* (49889/50000) 
Test epoch: 390 | Loss: *0.312* | Acc: *90.540%* (9054/10000)
Train epoch: 391 | Loss: *0.011* | Acc: *99.936%* (49968/50000) 
Test epoch: 391 | Loss: *0.308* | Acc: *90.390%* (9039/10000)
Train epoch: 392 | Loss: *0.009* | Acc: *99.942%* (49971/50000) 
Test epoch: 392 | Loss: *0.352* | Acc: *89.660%* (8966/10000)
Train epoch: 393 | Loss: *0.009* | Acc: *99.956%* (49978/50000) 
Test epoch: 393 | Loss: *0.306* | Acc: *90.800%* (9080/10000)
Train epoch: 394 | Loss: *0.011* | Acc: *99.876%* (49938/50000) 
Test epoch: 394 | Loss: *0.302* | Acc: *90.850%* (9085/10000)
Train epoch: 395 | Loss: *0.009* | Acc: *99.948%* (49974/50000) 
Test epoch: 395 | Loss: *0.300* | Acc: *91.050%* (9105/10000)
Train epoch: 396 | Loss: *0.006* | Acc: *99.988%* (49994/50000) 
Test epoch: 396 | Loss: *0.315* | Acc: *90.570%* (9057/10000)
Train epoch: 397 | Loss: *0.006* | Acc: *99.988%* (49994/50000) 
Test epoch: 397 | Loss: *0.291* | Acc: *91.190%* (9119/10000)
Train epoch: 398 | Loss: *0.006* | Acc: *99.992%* (49996/50000) 
Test epoch: 398 | Loss: *0.297* | Acc: *91.060%* (9106/10000)
Train epoch: 399 | Loss: *0.006* | Acc: *99.986%* (49993/50000) 
Test epoch: 399 | Loss: *0.281* | Acc: *91.430%* (9143/10000)
Train epoch: 400 | Loss: *0.005* | Acc: *99.994%* (49997/50000) 
Test epoch: 400 | Loss: *0.286* | Acc: *91.420%* (9142/10000)
Train epoch: 401 | Loss: *0.006* | Acc: *99.976%* (49988/50000) 
Test epoch: 401 | Loss: *0.287* | Acc: *91.310%* (9131/10000)
Train epoch: 402 | Loss: *0.005* | Acc: *99.994%* (49997/50000) 
Test epoch: 402 | Loss: *0.282* | Acc: *91.420%* (9142/10000)
Train epoch: 403 | Loss: *0.005* | Acc: *99.994%* (49997/50000) 
Test epoch: 403 | Loss: *0.276* | Acc: *91.720%* (9172/10000)
Train epoch: 404 | Loss: *0.005* | Acc: *99.998%* (49999/50000) 
Test epoch: 404 | Loss: *0.278* | Acc: *91.370%* (9137/10000)
Train epoch: 405 | Loss: *0.005* | Acc: *99.986%* (49993/50000) 
Test epoch: 405 | Loss: *0.288* | Acc: *91.360%* (9136/10000)
Train epoch: 406 | Loss: *0.005* | Acc: *100.000%* (50000/50000) 
Test epoch: 406 | Loss: *0.287* | Acc: *91.420%* (9142/10000)
Train epoch: 407 | Loss: *0.006* | Acc: *99.990%* (49995/50000) 
Test epoch: 407 | Loss: *0.276* | Acc: *91.500%* (9150/10000)
Train epoch: 408 | Loss: *0.005* | Acc: *99.992%* (49996/50000) 
Test epoch: 408 | Loss: *0.284* | Acc: *91.160%* (9116/10000)
Train epoch: 409 | Loss: *0.005* | Acc: *100.000%* (50000/50000) 
Test epoch: 409 | Loss: *0.272* | Acc: *91.600%* (9160/10000)
Train epoch: 410 | Loss: *0.004* | Acc: *100.000%* (50000/50000) 
Test epoch: 410 | Loss: *0.281* | Acc: *91.410%* (9141/10000)
Train epoch: 411 | Loss: *0.004* | Acc: *100.000%* (50000/50000) 
Test epoch: 411 | Loss: *0.282* | Acc: *91.280%* (9128/10000)
Train epoch: 412 | Loss: *0.005* | Acc: *99.998%* (49999/50000) 
Test epoch: 412 | Loss: *0.284* | Acc: *91.410%* (9141/10000)
Train epoch: 413 | Loss: *0.004* | Acc: *100.000%* (50000/50000) 
Test epoch: 413 | Loss: *0.275* | Acc: *91.460%* (9146/10000)
Train epoch: 414 | Loss: *0.039* | Acc: *99.032%* (49516/50000) 
Test epoch: 414 | Loss: *1.436* | Acc: *68.520%* (6852/10000)
Train epoch: 415 | Loss: *0.063* | Acc: *98.454%* (49227/50000) 
Test epoch: 415 | Loss: *0.634* | Acc: *83.010%* (8301/10000)
Train epoch: 416 | Loss: *0.040* | Acc: *99.242%* (49621/50000) 
Test epoch: 416 | Loss: *0.472* | Acc: *87.240%* (8724/10000)
Train epoch: 417 | Loss: *0.025* | Acc: *99.648%* (49824/50000) 
Test epoch: 417 | Loss: *0.309* | Acc: *90.910%* (9091/10000)
Train epoch: 418 | Loss: *0.019* | Acc: *99.754%* (49877/50000) 
Test epoch: 418 | Loss: *0.298* | Acc: *90.750%* (9075/10000)
Train epoch: 419 | Loss: *0.017* | Acc: *99.808%* (49904/50000) 
Test epoch: 419 | Loss: *0.534* | Acc: *85.380%* (8538/10000)
Train epoch: 420 | Loss: *0.011* | Acc: *99.932%* (49966/50000) 
Test epoch: 420 | Loss: *0.310* | Acc: *90.580%* (9058/10000)
Train epoch: 421 | Loss: *0.008* | Acc: *99.968%* (49984/50000) 
Test epoch: 421 | Loss: *0.293* | Acc: *91.030%* (9103/10000)
Train epoch: 422 | Loss: *0.007* | Acc: *99.992%* (49996/50000) 
Test epoch: 422 | Loss: *0.291* | Acc: *91.090%* (9109/10000)
Train epoch: 423 | Loss: *0.006* | Acc: *99.988%* (49994/50000) 
Test epoch: 423 | Loss: *0.279* | Acc: *91.240%* (9124/10000)
Train epoch: 424 | Loss: *0.005* | Acc: *99.998%* (49999/50000) 
Test epoch: 424 | Loss: *0.274* | Acc: *91.610%* (9161/10000)
Train epoch: 425 | Loss: *0.005* | Acc: *99.998%* (49999/50000) 
Test epoch: 425 | Loss: *0.276* | Acc: *91.470%* (9147/10000)
Train epoch: 426 | Loss: *0.004* | Acc: *100.000%* (50000/50000) 
Test epoch: 426 | Loss: *0.269* | Acc: *91.630%* (9163/10000)
Train epoch: 427 | Loss: *0.005* | Acc: *99.994%* (49997/50000) 
Test epoch: 427 | Loss: *0.286* | Acc: *91.250%* (9125/10000)
Train epoch: 428 | Loss: *0.005* | Acc: *100.000%* (50000/50000) 
Test epoch: 428 | Loss: *0.273* | Acc: *91.340%* (9134/10000)
Train epoch: 429 | Loss: *0.005* | Acc: *99.998%* (49999/50000) 
Test epoch: 429 | Loss: *0.274* | Acc: *91.650%* (9165/10000)
Train epoch: 430 | Loss: *0.004* | Acc: *99.998%* (49999/50000) 
Test epoch: 430 | Loss: *0.297* | Acc: *91.020%* (9102/10000)
Train epoch: 431 | Loss: *0.004* | Acc: *100.000%* (50000/50000) 
Test epoch: 431 | Loss: *0.270* | Acc: *91.750%* (9175/10000)
Train epoch: 432 | Loss: *0.004* | Acc: *99.996%* (49998/50000) 
Test epoch: 432 | Loss: *0.265* | Acc: *91.830%* (9183/10000)
Train epoch: 433 | Loss: *0.005* | Acc: *99.998%* (49999/50000) 
Test epoch: 433 | Loss: *0.266* | Acc: *91.830%* (9183/10000)
Train epoch: 434 | Loss: *0.004* | Acc: *100.000%* (50000/50000) 
Test epoch: 434 | Loss: *0.276* | Acc: *91.800%* (9180/10000)
Train epoch: 435 | Loss: *0.010* | Acc: *99.870%* (49935/50000) 
Test epoch: 435 | Loss: *0.364* | Acc: *89.090%* (8909/10000)
Train epoch: 436 | Loss: *0.018* | Acc: *99.786%* (49893/50000) 
Test epoch: 436 | Loss: *0.313* | Acc: *90.190%* (9019/10000)
Train epoch: 437 | Loss: *0.010* | Acc: *99.964%* (49982/50000) 
Test epoch: 437 | Loss: *0.326* | Acc: *90.140%* (9014/10000)
Train epoch: 438 | Loss: *0.008* | Acc: *99.970%* (49985/50000) 
Test epoch: 438 | Loss: *0.368* | Acc: *89.340%* (8934/10000)
Train epoch: 439 | Loss: *0.007* | Acc: *99.986%* (49993/50000) 
Test epoch: 439 | Loss: *0.321* | Acc: *90.630%* (9063/10000)
Train epoch: 440 | Loss: *0.008* | Acc: *99.956%* (49978/50000) 
Test epoch: 440 | Loss: *0.285* | Acc: *91.370%* (9137/10000)
Train epoch: 441 | Loss: *0.005* | Acc: *99.998%* (49999/50000) 
Test epoch: 441 | Loss: *0.275* | Acc: *91.430%* (9143/10000)
Train epoch: 442 | Loss: *0.005* | Acc: *100.000%* (50000/50000) 
Test epoch: 442 | Loss: *0.275* | Acc: *91.510%* (9151/10000)
Train epoch: 443 | Loss: *0.004* | Acc: *100.000%* (50000/50000) 
Test epoch: 443 | Loss: *0.271* | Acc: *91.720%* (9172/10000)
Train epoch: 444 | Loss: *0.005* | Acc: *99.998%* (49999/50000) 
Test epoch: 444 | Loss: *0.270* | Acc: *91.730%* (9173/10000)
Train epoch: 445 | Loss: *0.004* | Acc: *99.996%* (49998/50000) 
Test epoch: 445 | Loss: *0.269* | Acc: *91.680%* (9168/10000)
Train epoch: 446 | Loss: *0.005* | Acc: *99.998%* (49999/50000) 
Test epoch: 446 | Loss: *0.267* | Acc: *91.850%* (9185/10000)
Train epoch: 447 | Loss: *0.004* | Acc: *100.000%* (50000/50000) 
Test epoch: 447 | Loss: *0.269* | Acc: *91.800%* (9180/10000)
Train epoch: 448 | Loss: *0.004* | Acc: *100.000%* (50000/50000) 
Test epoch: 448 | Loss: *0.268* | Acc: *91.580%* (9158/10000)
Train epoch: 449 | Loss: *0.004* | Acc: *100.000%* (50000/50000) 
Test epoch: 449 | Loss: *0.268* | Acc: *91.680%* (9168/10000)
Train epoch: 450 | Loss: *0.016* | Acc: *99.808%* (49904/50000) 
Test epoch: 450 | Loss: *0.285* | Acc: *91.070%* (9107/10000)
Train epoch: 451 | Loss: *0.007* | Acc: *99.998%* (49999/50000) 
Test epoch: 451 | Loss: *0.285* | Acc: *91.180%* (9118/10000)
Train epoch: 452 | Loss: *0.006* | Acc: *99.990%* (49995/50000) 
Test epoch: 452 | Loss: *0.284* | Acc: *91.470%* (9147/10000)
Train epoch: 453 | Loss: *0.005* | Acc: *100.000%* (50000/50000) 
Test epoch: 453 | Loss: *0.269* | Acc: *91.730%* (9173/10000)
Train epoch: 454 | Loss: *0.004* | Acc: *100.000%* (50000/50000) 
Test epoch: 454 | Loss: *0.269* | Acc: *91.810%* (9181/10000)
Train epoch: 455 | Loss: *0.004* | Acc: *100.000%* (50000/50000) 
Test epoch: 455 | Loss: *0.270* | Acc: *91.750%* (9175/10000)
Train epoch: 456 | Loss: *0.004* | Acc: *100.000%* (50000/50000) 
Test epoch: 456 | Loss: *0.286* | Acc: *91.200%* (9120/10000)
Train epoch: 457 | Loss: *0.004* | Acc: *100.000%* (50000/50000) 
Test epoch: 457 | Loss: *0.271* | Acc: *91.820%* (9182/10000)
Train epoch: 458 | Loss: *0.004* | Acc: *100.000%* (50000/50000) 
Test epoch: 458 | Loss: *0.269* | Acc: *91.570%* (9157/10000)
Train epoch: 459 | Loss: *0.005* | Acc: *99.998%* (49999/50000) 
Test epoch: 459 | Loss: *0.273* | Acc: *91.710%* (9171/10000)
Train epoch: 460 | Loss: *0.004* | Acc: *100.000%* (50000/50000) 
Test epoch: 460 | Loss: *0.263* | Acc: *91.760%* (9176/10000)
Train epoch: 461 | Loss: *0.004* | Acc: *99.996%* (49998/50000) 
Test epoch: 461 | Loss: *0.275* | Acc: *91.530%* (9153/10000)
Train epoch: 462 | Loss: *0.004* | Acc: *99.998%* (49999/50000) 
Test epoch: 462 | Loss: *0.262* | Acc: *92.120%* (9212/10000)
Train epoch: 463 | Loss: *0.004* | Acc: *100.000%* (50000/50000) 
Test epoch: 463 | Loss: *0.268* | Acc: *91.720%* (9172/10000)
Train epoch: 464 | Loss: *0.004* | Acc: *99.998%* (49999/50000) 
Test epoch: 464 | Loss: *0.296* | Acc: *90.780%* (9078/10000)
Train epoch: 465 | Loss: *0.005* | Acc: *99.994%* (49997/50000) 
Test epoch: 465 | Loss: *0.270* | Acc: *91.830%* (9183/10000)
Train epoch: 466 | Loss: *0.005* | Acc: *99.998%* (49999/50000) 
Test epoch: 466 | Loss: *0.266* | Acc: *91.830%* (9183/10000)
Train epoch: 467 | Loss: *0.005* | Acc: *99.998%* (49999/50000) 
Test epoch: 467 | Loss: *0.265* | Acc: *91.680%* (9168/10000)
Train epoch: 468 | Loss: *0.009* | Acc: *99.922%* (49961/50000) 
Test epoch: 468 | Loss: *0.309* | Acc: *90.670%* (9067/10000)
Train epoch: 469 | Loss: *0.006* | Acc: *99.996%* (49998/50000) 
Test epoch: 469 | Loss: *0.292* | Acc: *91.100%* (9110/10000)
Train epoch: 470 | Loss: *0.005* | Acc: *100.000%* (50000/50000) 
Test epoch: 470 | Loss: *0.276* | Acc: *91.520%* (9152/10000)
Train epoch: 471 | Loss: *0.005* | Acc: *100.000%* (50000/50000) 
Test epoch: 471 | Loss: *0.277* | Acc: *91.490%* (9149/10000)
Train epoch: 472 | Loss: *0.004* | Acc: *100.000%* (50000/50000) 
Test epoch: 472 | Loss: *0.273* | Acc: *91.410%* (9141/10000)
Train epoch: 473 | Loss: *0.004* | Acc: *100.000%* (50000/50000) 
Test epoch: 473 | Loss: *0.260* | Acc: *91.930%* (9193/10000)
Train epoch: 474 | Loss: *0.004* | Acc: *100.000%* (50000/50000) 
Test epoch: 474 | Loss: *0.269* | Acc: *91.710%* (9171/10000)
Train epoch: 475 | Loss: *0.004* | Acc: *100.000%* (50000/50000) 
Test epoch: 475 | Loss: *0.266* | Acc: *91.720%* (9172/10000)
Train epoch: 476 | Loss: *0.004* | Acc: *100.000%* (50000/50000) 
Test epoch: 476 | Loss: *0.264* | Acc: *91.700%* (9170/10000)
Train epoch: 477 | Loss: *0.004* | Acc: *100.000%* (50000/50000) 
Test epoch: 477 | Loss: *0.263* | Acc: *91.830%* (9183/10000)
Train epoch: 478 | Loss: *0.004* | Acc: *100.000%* (50000/50000) 
Test epoch: 478 | Loss: *0.274* | Acc: *91.590%* (9159/10000)
Train epoch: 479 | Loss: *0.004* | Acc: *100.000%* (50000/50000) 
Test epoch: 479 | Loss: *0.264* | Acc: *91.830%* (9183/10000)
Train epoch: 480 | Loss: *0.004* | Acc: *100.000%* (50000/50000) 
Test epoch: 480 | Loss: *0.269* | Acc: *91.670%* (9167/10000)
Train epoch: 481 | Loss: *0.004* | Acc: *100.000%* (50000/50000) 
Test epoch: 481 | Loss: *0.265* | Acc: *91.710%* (9171/10000)
Train epoch: 482 | Loss: *0.004* | Acc: *100.000%* (50000/50000) 
Test epoch: 482 | Loss: *0.265* | Acc: *91.860%* (9186/10000)
Train epoch: 483 | Loss: *0.004* | Acc: *100.000%* (50000/50000) 
Test epoch: 483 | Loss: *0.263* | Acc: *91.690%* (9169/10000)
Train epoch: 484 | Loss: *0.004* | Acc: *100.000%* (50000/50000) 
Test epoch: 484 | Loss: *0.264* | Acc: *91.760%* (9176/10000)
Train epoch: 485 | Loss: *0.004* | Acc: *99.998%* (49999/50000) 
Test epoch: 485 | Loss: *0.271* | Acc: *91.420%* (9142/10000)
Train epoch: 486 | Loss: *0.004* | Acc: *100.000%* (50000/50000) 
Test epoch: 486 | Loss: *0.262* | Acc: *91.920%* (9192/10000)
Train epoch: 487 | Loss: *0.004* | Acc: *100.000%* (50000/50000) 
Test epoch: 487 | Loss: *0.263* | Acc: *91.640%* (9164/10000)
Train epoch: 488 | Loss: *0.004* | Acc: *100.000%* (50000/50000) 
Test epoch: 488 | Loss: *0.265* | Acc: *91.700%* (9170/10000)
Train epoch: 489 | Loss: *0.004* | Acc: *100.000%* (50000/50000) 
Test epoch: 489 | Loss: *0.265* | Acc: *91.930%* (9193/10000)
Train epoch: 490 | Loss: *0.004* | Acc: *100.000%* (50000/50000) 
Test epoch: 490 | Loss: *0.259* | Acc: *91.860%* (9186/10000)
Train epoch: 491 | Loss: *0.004* | Acc: *100.000%* (50000/50000) 
Test epoch: 491 | Loss: *0.260* | Acc: *91.840%* (9184/10000)
Train epoch: 492 | Loss: *0.004* | Acc: *100.000%* (50000/50000) 
Test epoch: 492 | Loss: *0.262* | Acc: *91.960%* (9196/10000)
Train epoch: 493 | Loss: *0.004* | Acc: *100.000%* (50000/50000) 
Test epoch: 493 | Loss: *0.268* | Acc: *91.880%* (9188/10000)
Train epoch: 494 | Loss: *0.004* | Acc: *100.000%* (50000/50000) 
Test epoch: 494 | Loss: *0.263* | Acc: *91.830%* (9183/10000)
Train epoch: 495 | Loss: *0.006* | Acc: *99.970%* (49985/50000) 
Test epoch: 495 | Loss: *0.263* | Acc: *91.690%* (9169/10000)
Train epoch: 496 | Loss: *0.005* | Acc: *100.000%* (50000/50000) 
Test epoch: 496 | Loss: *0.260* | Acc: *92.000%* (9200/10000)
Train epoch: 497 | Loss: *0.004* | Acc: *100.000%* (50000/50000) 
Test epoch: 497 | Loss: *0.265* | Acc: *91.770%* (9177/10000)
Train epoch: 498 | Loss: *0.004* | Acc: *100.000%* (50000/50000) 
Test epoch: 498 | Loss: *0.267* | Acc: *91.750%* (9175/10000)
Train epoch: 499 | Loss: *0.004* | Acc: *100.000%* (50000/50000) 
Test epoch: 499 | Loss: *0.262* | Acc: *91.790%* (9179/10000)
Train epoch: 500 | Loss: *0.004* | Acc: *100.000%* (50000/50000) 
Test epoch: 500 | Loss: *0.261* | Acc: *91.900%* (9190/10000)
Best test accuracy: *92.120%*, loss: *0.26209125712513925*, at epoch: *462*.
==> Execution time summary of 500 epoch(s).
Train data loading time: sum. *241.2722300933674* secs | avg. *0.4825444601867348* secs per epoch.
Train training time: sum. *1005.3090807506815* secs | avg. *2.010618161501363* secs per epoch.
Train total time: sum. *1246.5813108440489* secs | avg. *2.4931626216880978* secs per epoch.
Test data loading time: sum. *108.18281728867441* secs | avg. *0.21636563457734884* secs per epoch.
Test training time: sum. *89.90578737016767* secs | avg. *0.17981157474033535* secs per epoch.
Test total time: sum. *198.0886046588421* secs | avg. *0.3961772093176842* secs per epoch.
Total data loading time: sum. *349.4550473820418* secs | avg. *0.6989100947640836* secs per epoch.
Total training time: sum. *1095.2148681208491* secs | avg. *2.1904297362416982* secs per epoch.
Total running time: sum. *1444.669915502891* secs | avg. *2.889339831005782* secs per epoch.
==> Number of GPU device: 1
==> Device 0 Memory Usage
==> Allocated: 0.1 GB
==> Cached:    1.2 GB
==> Maximum: 1.2 GB
