==> Running on : cuda
==> Number of CPU: 48
==> Number of workers: 2
==> #Epochs: 500, #Layers: 4, #Blocks: [2, 1, 1, 1], In channel: 64, Input layer conv kernel: 7x7, Residual layer conv kernel 3x3, Skip kernel: 1x1, Input layer conv padding: 2, Residual layer conv padding: 1
==> Optimizer is Adam
==> Learning rate: 0.001
==> Weight decay: 0.0005
==>Trainable Parameters: 4984906
==>Other Parameters: 0
==>Augmentation: None
Files already downloaded and verified
Train epoch: 1 | Loss: *1.360* | Acc: *50.626%* (25313/50000) 
Test epoch: 1 | Loss: *1.315* | Acc: *53.450%* (5345/10000)
Train epoch: 2 | Loss: *0.947* | Acc: *66.478%* (33239/50000) 
Test epoch: 2 | Loss: *0.952* | Acc: *66.100%* (6610/10000)
Train epoch: 3 | Loss: *0.745* | Acc: *73.800%* (36900/50000) 
Test epoch: 3 | Loss: *0.915* | Acc: *68.650%* (6865/10000)
Train epoch: 4 | Loss: *0.625* | Acc: *78.044%* (39022/50000) 
Test epoch: 4 | Loss: *0.855* | Acc: *70.970%* (7097/10000)
Train epoch: 5 | Loss: *0.546* | Acc: *81.188%* (40594/50000) 
Test epoch: 5 | Loss: *0.742* | Acc: *74.550%* (7455/10000)
Train epoch: 6 | Loss: *0.476* | Acc: *83.738%* (41869/50000) 
Test epoch: 6 | Loss: *0.642* | Acc: *77.940%* (7794/10000)
Train epoch: 7 | Loss: *0.414* | Acc: *85.614%* (42807/50000) 
Test epoch: 7 | Loss: *0.708* | Acc: *75.660%* (7566/10000)
Train epoch: 8 | Loss: *0.365* | Acc: *87.400%* (43700/50000) 
Test epoch: 8 | Loss: *0.576* | Acc: *79.900%* (7990/10000)
Train epoch: 9 | Loss: *0.321* | Acc: *88.992%* (44496/50000) 
Test epoch: 9 | Loss: *0.620* | Acc: *78.980%* (7898/10000)
Train epoch: 10 | Loss: *0.281* | Acc: *90.368%* (45184/50000) 
Test epoch: 10 | Loss: *0.588* | Acc: *80.650%* (8065/10000)
Train epoch: 11 | Loss: *0.238* | Acc: *91.824%* (45912/50000) 
Test epoch: 11 | Loss: *0.643* | Acc: *79.530%* (7953/10000)
Train epoch: 12 | Loss: *0.214* | Acc: *92.526%* (46263/50000) 
Test epoch: 12 | Loss: *0.718* | Acc: *77.430%* (7743/10000)
Train epoch: 13 | Loss: *0.191* | Acc: *93.432%* (46716/50000) 
Test epoch: 13 | Loss: *0.771* | Acc: *77.000%* (7700/10000)
Train epoch: 14 | Loss: *0.170* | Acc: *94.112%* (47056/50000) 
Test epoch: 14 | Loss: *0.645* | Acc: *79.780%* (7978/10000)
Train epoch: 15 | Loss: *0.160* | Acc: *94.462%* (47231/50000) 
Test epoch: 15 | Loss: *0.668* | Acc: *79.820%* (7982/10000)
Train epoch: 16 | Loss: *0.154* | Acc: *94.694%* (47347/50000) 
Test epoch: 16 | Loss: *0.685* | Acc: *79.960%* (7996/10000)
Train epoch: 17 | Loss: *0.140* | Acc: *95.232%* (47616/50000) 
Test epoch: 17 | Loss: *0.732* | Acc: *78.770%* (7877/10000)
Train epoch: 18 | Loss: *0.132* | Acc: *95.528%* (47764/50000) 
Test epoch: 18 | Loss: *0.698* | Acc: *80.010%* (8001/10000)
Train epoch: 19 | Loss: *0.136* | Acc: *95.260%* (47630/50000) 
Test epoch: 19 | Loss: *0.771* | Acc: *78.120%* (7812/10000)
Train epoch: 20 | Loss: *0.122* | Acc: *95.864%* (47932/50000) 
Test epoch: 20 | Loss: *0.741* | Acc: *79.250%* (7925/10000)
Train epoch: 21 | Loss: *0.120* | Acc: *95.860%* (47930/50000) 
Test epoch: 21 | Loss: *0.718* | Acc: *79.790%* (7979/10000)
Train epoch: 22 | Loss: *0.113* | Acc: *96.196%* (48098/50000) 
Test epoch: 22 | Loss: *0.692* | Acc: *80.450%* (8045/10000)
Train epoch: 23 | Loss: *0.114* | Acc: *96.118%* (48059/50000) 
Test epoch: 23 | Loss: *0.728* | Acc: *80.930%* (8093/10000)
Train epoch: 24 | Loss: *0.113* | Acc: *96.100%* (48050/50000) 
Test epoch: 24 | Loss: *0.628* | Acc: *81.740%* (8174/10000)
Train epoch: 25 | Loss: *0.107* | Acc: *96.388%* (48194/50000) 
Test epoch: 25 | Loss: *0.719* | Acc: *79.710%* (7971/10000)
Train epoch: 26 | Loss: *0.107* | Acc: *96.356%* (48178/50000) 
Test epoch: 26 | Loss: *0.686* | Acc: *81.030%* (8103/10000)
Train epoch: 27 | Loss: *0.107* | Acc: *96.404%* (48202/50000) 
Test epoch: 27 | Loss: *0.710* | Acc: *80.910%* (8091/10000)
Train epoch: 28 | Loss: *0.096* | Acc: *96.806%* (48403/50000) 
Test epoch: 28 | Loss: *0.727* | Acc: *80.140%* (8014/10000)
Train epoch: 29 | Loss: *0.104* | Acc: *96.520%* (48260/50000) 
Test epoch: 29 | Loss: *0.741* | Acc: *79.680%* (7968/10000)
Train epoch: 30 | Loss: *0.098* | Acc: *96.746%* (48373/50000) 
Test epoch: 30 | Loss: *0.720* | Acc: *80.900%* (8090/10000)
Train epoch: 31 | Loss: *0.098* | Acc: *96.608%* (48304/50000) 
Test epoch: 31 | Loss: *0.719* | Acc: *81.130%* (8113/10000)
Train epoch: 32 | Loss: *0.102* | Acc: *96.514%* (48257/50000) 
Test epoch: 32 | Loss: *0.699* | Acc: *81.020%* (8102/10000)
Train epoch: 33 | Loss: *0.088* | Acc: *97.004%* (48502/50000) 
Test epoch: 33 | Loss: *0.770* | Acc: *80.360%* (8036/10000)
Train epoch: 34 | Loss: *0.087* | Acc: *97.088%* (48544/50000) 
Test epoch: 34 | Loss: *0.739* | Acc: *80.480%* (8048/10000)
Train epoch: 35 | Loss: *0.096* | Acc: *96.686%* (48343/50000) 
Test epoch: 35 | Loss: *0.740* | Acc: *80.200%* (8020/10000)
Train epoch: 36 | Loss: *0.087* | Acc: *97.078%* (48539/50000) 
Test epoch: 36 | Loss: *0.699* | Acc: *81.040%* (8104/10000)
Train epoch: 37 | Loss: *0.088* | Acc: *97.184%* (48592/50000) 
Test epoch: 37 | Loss: *0.726* | Acc: *81.340%* (8134/10000)
Train epoch: 38 | Loss: *0.079* | Acc: *97.370%* (48685/50000) 
Test epoch: 38 | Loss: *0.750* | Acc: *79.860%* (7986/10000)
Train epoch: 39 | Loss: *0.092* | Acc: *96.868%* (48434/50000) 
Test epoch: 39 | Loss: *0.700* | Acc: *81.160%* (8116/10000)
Train epoch: 40 | Loss: *0.086* | Acc: *97.160%* (48580/50000) 
Test epoch: 40 | Loss: *0.653* | Acc: *81.220%* (8122/10000)
Train epoch: 41 | Loss: *0.084* | Acc: *97.202%* (48601/50000) 
Test epoch: 41 | Loss: *0.745* | Acc: *80.780%* (8078/10000)
Train epoch: 42 | Loss: *0.080* | Acc: *97.370%* (48685/50000) 
Test epoch: 42 | Loss: *0.686* | Acc: *81.390%* (8139/10000)
Train epoch: 43 | Loss: *0.081* | Acc: *97.326%* (48663/50000) 
Test epoch: 43 | Loss: *0.745* | Acc: *80.080%* (8008/10000)
Train epoch: 44 | Loss: *0.079* | Acc: *97.390%* (48695/50000) 
Test epoch: 44 | Loss: *0.835* | Acc: *78.860%* (7886/10000)
Train epoch: 45 | Loss: *0.078* | Acc: *97.386%* (48693/50000) 
Test epoch: 45 | Loss: *0.720* | Acc: *80.970%* (8097/10000)
Train epoch: 46 | Loss: *0.073* | Acc: *97.618%* (48809/50000) 
Test epoch: 46 | Loss: *0.760* | Acc: *80.280%* (8028/10000)
Train epoch: 47 | Loss: *0.077* | Acc: *97.482%* (48741/50000) 
Test epoch: 47 | Loss: *0.728* | Acc: *80.520%* (8052/10000)
Train epoch: 48 | Loss: *0.078* | Acc: *97.460%* (48730/50000) 
Test epoch: 48 | Loss: *0.701* | Acc: *81.380%* (8138/10000)
Train epoch: 49 | Loss: *0.074* | Acc: *97.526%* (48763/50000) 
Test epoch: 49 | Loss: *0.782* | Acc: *80.130%* (8013/10000)
Train epoch: 50 | Loss: *0.074* | Acc: *97.506%* (48753/50000) 
Test epoch: 50 | Loss: *0.708* | Acc: *80.530%* (8053/10000)
Train epoch: 51 | Loss: *0.069* | Acc: *97.790%* (48895/50000) 
Test epoch: 51 | Loss: *0.751* | Acc: *80.080%* (8008/10000)
Train epoch: 52 | Loss: *0.073* | Acc: *97.702%* (48851/50000) 
Test epoch: 52 | Loss: *0.803* | Acc: *79.470%* (7947/10000)
Train epoch: 53 | Loss: *0.069* | Acc: *97.746%* (48873/50000) 
Test epoch: 53 | Loss: *0.735* | Acc: *81.230%* (8123/10000)
Train epoch: 54 | Loss: *0.065* | Acc: *97.858%* (48929/50000) 
Test epoch: 54 | Loss: *0.764* | Acc: *80.600%* (8060/10000)
Train epoch: 55 | Loss: *0.073* | Acc: *97.576%* (48788/50000) 
Test epoch: 55 | Loss: *0.748* | Acc: *80.590%* (8059/10000)
Train epoch: 56 | Loss: *0.076* | Acc: *97.510%* (48755/50000) 
Test epoch: 56 | Loss: *0.668* | Acc: *81.810%* (8181/10000)
Train epoch: 57 | Loss: *0.050* | Acc: *98.444%* (49222/50000) 
Test epoch: 57 | Loss: *0.717* | Acc: *82.010%* (8201/10000)
Train epoch: 58 | Loss: *0.062* | Acc: *98.004%* (49002/50000) 
Test epoch: 58 | Loss: *0.766* | Acc: *80.240%* (8024/10000)
Train epoch: 59 | Loss: *0.071* | Acc: *97.684%* (48842/50000) 
Test epoch: 59 | Loss: *0.814* | Acc: *79.190%* (7919/10000)
Train epoch: 60 | Loss: *0.067* | Acc: *97.814%* (48907/50000) 
Test epoch: 60 | Loss: *0.688* | Acc: *81.820%* (8182/10000)
Train epoch: 61 | Loss: *0.051* | Acc: *98.406%* (49203/50000) 
Test epoch: 61 | Loss: *0.694* | Acc: *81.910%* (8191/10000)
Train epoch: 62 | Loss: *0.061* | Acc: *97.992%* (48996/50000) 
Test epoch: 62 | Loss: *0.736* | Acc: *81.220%* (8122/10000)
Train epoch: 63 | Loss: *0.062* | Acc: *98.030%* (49015/50000) 
Test epoch: 63 | Loss: *0.726* | Acc: *81.190%* (8119/10000)
Train epoch: 64 | Loss: *0.065* | Acc: *97.904%* (48952/50000) 
Test epoch: 64 | Loss: *0.742* | Acc: *81.170%* (8117/10000)
Train epoch: 65 | Loss: *0.060* | Acc: *98.154%* (49077/50000) 
Test epoch: 65 | Loss: *0.763* | Acc: *81.130%* (8113/10000)
Train epoch: 66 | Loss: *0.049* | Acc: *98.424%* (49212/50000) 
Test epoch: 66 | Loss: *0.720* | Acc: *81.760%* (8176/10000)
Train epoch: 67 | Loss: *0.062* | Acc: *97.984%* (48992/50000) 
Test epoch: 67 | Loss: *0.698* | Acc: *81.100%* (8110/10000)
Train epoch: 68 | Loss: *0.057* | Acc: *98.160%* (49080/50000) 
Test epoch: 68 | Loss: *0.753* | Acc: *80.950%* (8095/10000)
Train epoch: 69 | Loss: *0.054* | Acc: *98.216%* (49108/50000) 
Test epoch: 69 | Loss: *0.710* | Acc: *81.500%* (8150/10000)
Train epoch: 70 | Loss: *0.054* | Acc: *98.310%* (49155/50000) 
Test epoch: 70 | Loss: *0.753* | Acc: *80.510%* (8051/10000)
Train epoch: 71 | Loss: *0.059* | Acc: *98.078%* (49039/50000) 
Test epoch: 71 | Loss: *0.699* | Acc: *81.590%* (8159/10000)
Train epoch: 72 | Loss: *0.042* | Acc: *98.730%* (49365/50000) 
Test epoch: 72 | Loss: *0.739* | Acc: *81.360%* (8136/10000)
Train epoch: 73 | Loss: *0.051* | Acc: *98.398%* (49199/50000) 
Test epoch: 73 | Loss: *0.736* | Acc: *81.320%* (8132/10000)
Train epoch: 74 | Loss: *0.051* | Acc: *98.486%* (49243/50000) 
Test epoch: 74 | Loss: *0.741* | Acc: *81.200%* (8120/10000)
Train epoch: 75 | Loss: *0.056* | Acc: *98.284%* (49142/50000) 
Test epoch: 75 | Loss: *0.799* | Acc: *79.250%* (7925/10000)
Train epoch: 76 | Loss: *0.050* | Acc: *98.356%* (49178/50000) 
Test epoch: 76 | Loss: *0.710* | Acc: *81.530%* (8153/10000)
Train epoch: 77 | Loss: *0.048* | Acc: *98.552%* (49276/50000) 
Test epoch: 77 | Loss: *0.776* | Acc: *80.710%* (8071/10000)
Train epoch: 78 | Loss: *0.039* | Acc: *98.894%* (49447/50000) 
Test epoch: 78 | Loss: *0.789* | Acc: *80.430%* (8043/10000)
Train epoch: 79 | Loss: *0.043* | Acc: *98.680%* (49340/50000) 
Test epoch: 79 | Loss: *0.829* | Acc: *79.030%* (7903/10000)
Train epoch: 80 | Loss: *0.047* | Acc: *98.540%* (49270/50000) 
Test epoch: 80 | Loss: *0.766* | Acc: *80.360%* (8036/10000)
Train epoch: 81 | Loss: *0.058* | Acc: *98.148%* (49074/50000) 
Test epoch: 81 | Loss: *0.710* | Acc: *81.770%* (8177/10000)
Train epoch: 82 | Loss: *0.044* | Acc: *98.588%* (49294/50000) 
Test epoch: 82 | Loss: *0.777* | Acc: *80.830%* (8083/10000)
Train epoch: 83 | Loss: *0.029* | Acc: *99.200%* (49600/50000) 
Test epoch: 83 | Loss: *0.766* | Acc: *81.130%* (8113/10000)
Train epoch: 84 | Loss: *0.039* | Acc: *98.798%* (49399/50000) 
Test epoch: 84 | Loss: *0.735* | Acc: *81.730%* (8173/10000)
Train epoch: 85 | Loss: *0.055* | Acc: *98.232%* (49116/50000) 
Test epoch: 85 | Loss: *0.748* | Acc: *81.720%* (8172/10000)
Train epoch: 86 | Loss: *0.042* | Acc: *98.760%* (49380/50000) 
Test epoch: 86 | Loss: *0.669* | Acc: *82.630%* (8263/10000)
Train epoch: 87 | Loss: *0.037* | Acc: *98.904%* (49452/50000) 
Test epoch: 87 | Loss: *0.748* | Acc: *81.400%* (8140/10000)
Train epoch: 88 | Loss: *0.035* | Acc: *98.994%* (49497/50000) 
Test epoch: 88 | Loss: *0.674* | Acc: *82.580%* (8258/10000)
Train epoch: 89 | Loss: *0.033* | Acc: *99.018%* (49509/50000) 
Test epoch: 89 | Loss: *0.735* | Acc: *81.510%* (8151/10000)
Train epoch: 90 | Loss: *0.043* | Acc: *98.652%* (49326/50000) 
Test epoch: 90 | Loss: *0.775* | Acc: *81.140%* (8114/10000)
Train epoch: 91 | Loss: *0.043* | Acc: *98.722%* (49361/50000) 
Test epoch: 91 | Loss: *0.735* | Acc: *82.030%* (8203/10000)
Train epoch: 92 | Loss: *0.034* | Acc: *98.974%* (49487/50000) 
Test epoch: 92 | Loss: *0.695* | Acc: *82.590%* (8259/10000)
Train epoch: 93 | Loss: *0.028* | Acc: *99.276%* (49638/50000) 
Test epoch: 93 | Loss: *0.712* | Acc: *82.200%* (8220/10000)
Train epoch: 94 | Loss: *0.032* | Acc: *99.106%* (49553/50000) 
Test epoch: 94 | Loss: *0.704* | Acc: *82.420%* (8242/10000)
Train epoch: 95 | Loss: *0.039* | Acc: *98.830%* (49415/50000) 
Test epoch: 95 | Loss: *0.694* | Acc: *82.190%* (8219/10000)
Train epoch: 96 | Loss: *0.032* | Acc: *99.096%* (49548/50000) 
Test epoch: 96 | Loss: *0.732* | Acc: *81.880%* (8188/10000)
Train epoch: 97 | Loss: *0.028* | Acc: *99.244%* (49622/50000) 
Test epoch: 97 | Loss: *0.759* | Acc: *80.990%* (8099/10000)
Train epoch: 98 | Loss: *0.038* | Acc: *98.842%* (49421/50000) 
Test epoch: 98 | Loss: *0.706* | Acc: *82.300%* (8230/10000)
Train epoch: 99 | Loss: *0.032* | Acc: *99.108%* (49554/50000) 
Test epoch: 99 | Loss: *0.705* | Acc: *82.310%* (8231/10000)
Train epoch: 100 | Loss: *0.025* | Acc: *99.322%* (49661/50000) 
Test epoch: 100 | Loss: *0.732* | Acc: *81.520%* (8152/10000)
Train epoch: 101 | Loss: *0.027* | Acc: *99.268%* (49634/50000) 
Test epoch: 101 | Loss: *0.722* | Acc: *81.910%* (8191/10000)
Train epoch: 102 | Loss: *0.032* | Acc: *99.048%* (49524/50000) 
Test epoch: 102 | Loss: *0.732* | Acc: *82.090%* (8209/10000)
Train epoch: 103 | Loss: *0.034* | Acc: *98.988%* (49494/50000) 
Test epoch: 103 | Loss: *0.704* | Acc: *82.500%* (8250/10000)
Train epoch: 104 | Loss: *0.024* | Acc: *99.398%* (49699/50000) 
Test epoch: 104 | Loss: *0.691* | Acc: *82.440%* (8244/10000)
Train epoch: 105 | Loss: *0.018* | Acc: *99.594%* (49797/50000) 
Test epoch: 105 | Loss: *0.714* | Acc: *81.920%* (8192/10000)
Train epoch: 106 | Loss: *0.019* | Acc: *99.546%* (49773/50000) 
Test epoch: 106 | Loss: *0.718* | Acc: *81.720%* (8172/10000)
Train epoch: 107 | Loss: *0.030* | Acc: *99.150%* (49575/50000) 
Test epoch: 107 | Loss: *0.729* | Acc: *81.550%* (8155/10000)
Train epoch: 108 | Loss: *0.035* | Acc: *98.964%* (49482/50000) 
Test epoch: 108 | Loss: *0.735* | Acc: *81.210%* (8121/10000)
Train epoch: 109 | Loss: *0.027* | Acc: *99.282%* (49641/50000) 
Test epoch: 109 | Loss: *0.682* | Acc: *82.340%* (8234/10000)
Train epoch: 110 | Loss: *0.018* | Acc: *99.598%* (49799/50000) 
Test epoch: 110 | Loss: *0.691* | Acc: *82.530%* (8253/10000)
Train epoch: 111 | Loss: *0.013* | Acc: *99.766%* (49883/50000) 
Test epoch: 111 | Loss: *0.640* | Acc: *83.810%* (8381/10000)
Train epoch: 112 | Loss: *0.007* | Acc: *99.928%* (49964/50000) 
Test epoch: 112 | Loss: *0.602* | Acc: *84.420%* (8442/10000)
Train epoch: 113 | Loss: *0.006* | Acc: *99.958%* (49979/50000) 
Test epoch: 113 | Loss: *0.683* | Acc: *82.440%* (8244/10000)
Train epoch: 114 | Loss: *0.029* | Acc: *99.210%* (49605/50000) 
Test epoch: 114 | Loss: *0.753* | Acc: *79.440%* (7944/10000)
Train epoch: 115 | Loss: *0.078* | Acc: *97.616%* (48808/50000) 
Test epoch: 115 | Loss: *0.693* | Acc: *82.010%* (8201/10000)
Train epoch: 116 | Loss: *0.022* | Acc: *99.472%* (49736/50000) 
Test epoch: 116 | Loss: *0.642* | Acc: *83.250%* (8325/10000)
Train epoch: 117 | Loss: *0.011* | Acc: *99.814%* (49907/50000) 
Test epoch: 117 | Loss: *0.625* | Acc: *83.460%* (8346/10000)
Train epoch: 118 | Loss: *0.006* | Acc: *99.954%* (49977/50000) 
Test epoch: 118 | Loss: *0.586* | Acc: *84.500%* (8450/10000)
Train epoch: 119 | Loss: *0.003* | Acc: *99.996%* (49998/50000) 
Test epoch: 119 | Loss: *0.574* | Acc: *84.700%* (8470/10000)
Train epoch: 120 | Loss: *0.003* | Acc: *99.996%* (49998/50000) 
Test epoch: 120 | Loss: *0.559* | Acc: *84.720%* (8472/10000)
Train epoch: 121 | Loss: *0.003* | Acc: *99.998%* (49999/50000) 
Test epoch: 121 | Loss: *0.548* | Acc: *84.480%* (8448/10000)
Train epoch: 122 | Loss: *0.003* | Acc: *99.998%* (49999/50000) 
Test epoch: 122 | Loss: *0.556* | Acc: *84.160%* (8416/10000)
Train epoch: 123 | Loss: *0.006* | Acc: *99.952%* (49976/50000) 
Test epoch: 123 | Loss: *0.834* | Acc: *78.470%* (7847/10000)
Train epoch: 124 | Loss: *0.154* | Acc: *94.828%* (47414/50000) 
Test epoch: 124 | Loss: *0.640* | Acc: *82.060%* (8206/10000)
Train epoch: 125 | Loss: *0.030* | Acc: *99.278%* (49639/50000) 
Test epoch: 125 | Loss: *0.610* | Acc: *83.600%* (8360/10000)
Train epoch: 126 | Loss: *0.010* | Acc: *99.904%* (49952/50000) 
Test epoch: 126 | Loss: *0.591* | Acc: *83.920%* (8392/10000)
Train epoch: 127 | Loss: *0.004* | Acc: *99.994%* (49997/50000) 
Test epoch: 127 | Loss: *0.581* | Acc: *84.510%* (8451/10000)
Train epoch: 128 | Loss: *0.003* | Acc: *99.998%* (49999/50000) 
Test epoch: 128 | Loss: *0.568* | Acc: *84.380%* (8438/10000)
Train epoch: 129 | Loss: *0.003* | Acc: *99.998%* (49999/50000) 
Test epoch: 129 | Loss: *0.557* | Acc: *84.500%* (8450/10000)
Train epoch: 130 | Loss: *0.003* | Acc: *99.998%* (49999/50000) 
Test epoch: 130 | Loss: *0.558* | Acc: *84.560%* (8456/10000)
Train epoch: 131 | Loss: *0.003* | Acc: *100.000%* (50000/50000) 
Test epoch: 131 | Loss: *0.548* | Acc: *84.370%* (8437/10000)
Train epoch: 132 | Loss: *0.003* | Acc: *100.000%* (50000/50000) 
Test epoch: 132 | Loss: *0.563* | Acc: *84.010%* (8401/10000)
Train epoch: 133 | Loss: *0.013* | Acc: *99.742%* (49871/50000) 
Test epoch: 133 | Loss: *1.416* | Acc: *69.740%* (6974/10000)
Train epoch: 134 | Loss: *0.121* | Acc: *96.092%* (48046/50000) 
Test epoch: 134 | Loss: *0.639* | Acc: *82.240%* (8224/10000)
Train epoch: 135 | Loss: *0.021* | Acc: *99.602%* (49801/50000) 
Test epoch: 135 | Loss: *0.575* | Acc: *84.270%* (8427/10000)
Train epoch: 136 | Loss: *0.007* | Acc: *99.962%* (49981/50000) 
Test epoch: 136 | Loss: *0.566* | Acc: *84.530%* (8453/10000)
Train epoch: 137 | Loss: *0.004* | Acc: *99.994%* (49997/50000) 
Test epoch: 137 | Loss: *0.569* | Acc: *84.350%* (8435/10000)
Train epoch: 138 | Loss: *0.003* | Acc: *99.998%* (49999/50000) 
Test epoch: 138 | Loss: *0.563* | Acc: *84.430%* (8443/10000)
Train epoch: 139 | Loss: *0.003* | Acc: *100.000%* (50000/50000) 
Test epoch: 139 | Loss: *0.555* | Acc: *84.390%* (8439/10000)
Train epoch: 140 | Loss: *0.003* | Acc: *100.000%* (50000/50000) 
Test epoch: 140 | Loss: *0.554* | Acc: *84.310%* (8431/10000)
Train epoch: 141 | Loss: *0.003* | Acc: *100.000%* (50000/50000) 
Test epoch: 141 | Loss: *0.550* | Acc: *84.290%* (8429/10000)
Train epoch: 142 | Loss: *0.003* | Acc: *100.000%* (50000/50000) 
Test epoch: 142 | Loss: *0.551* | Acc: *84.390%* (8439/10000)
Train epoch: 143 | Loss: *0.003* | Acc: *100.000%* (50000/50000) 
Test epoch: 143 | Loss: *0.550* | Acc: *84.130%* (8413/10000)
Train epoch: 144 | Loss: *0.059* | Acc: *98.224%* (49112/50000) 
Test epoch: 144 | Loss: *0.654* | Acc: *81.560%* (8156/10000)
Train epoch: 145 | Loss: *0.037* | Acc: *99.094%* (49547/50000) 
Test epoch: 145 | Loss: *0.594* | Acc: *83.330%* (8333/10000)
Train epoch: 146 | Loss: *0.009* | Acc: *99.924%* (49962/50000) 
Test epoch: 146 | Loss: *0.583* | Acc: *84.350%* (8435/10000)
Train epoch: 147 | Loss: *0.004* | Acc: *99.992%* (49996/50000) 
Test epoch: 147 | Loss: *0.588* | Acc: *84.110%* (8411/10000)
Train epoch: 148 | Loss: *0.003* | Acc: *99.998%* (49999/50000) 
Test epoch: 148 | Loss: *0.578* | Acc: *84.310%* (8431/10000)
Train epoch: 149 | Loss: *0.003* | Acc: *100.000%* (50000/50000) 
Test epoch: 149 | Loss: *0.572* | Acc: *84.360%* (8436/10000)
Train epoch: 150 | Loss: *0.002* | Acc: *100.000%* (50000/50000) 
Test epoch: 150 | Loss: *0.562* | Acc: *84.500%* (8450/10000)
Train epoch: 151 | Loss: *0.002* | Acc: *100.000%* (50000/50000) 
Test epoch: 151 | Loss: *0.556* | Acc: *84.610%* (8461/10000)
Train epoch: 152 | Loss: *0.003* | Acc: *100.000%* (50000/50000) 
Test epoch: 152 | Loss: *0.550* | Acc: *84.610%* (8461/10000)
Train epoch: 153 | Loss: *0.003* | Acc: *100.000%* (50000/50000) 
Test epoch: 153 | Loss: *0.553* | Acc: *84.450%* (8445/10000)
Train epoch: 154 | Loss: *0.003* | Acc: *100.000%* (50000/50000) 
Test epoch: 154 | Loss: *0.555* | Acc: *84.340%* (8434/10000)
Train epoch: 155 | Loss: *0.003* | Acc: *100.000%* (50000/50000) 
Test epoch: 155 | Loss: *0.550* | Acc: *84.350%* (8435/10000)
Train epoch: 156 | Loss: *0.025* | Acc: *99.472%* (49736/50000) 
Test epoch: 156 | Loss: *0.625* | Acc: *82.550%* (8255/10000)
Train epoch: 157 | Loss: *0.016* | Acc: *99.738%* (49869/50000) 
Test epoch: 157 | Loss: *0.604* | Acc: *83.220%* (8322/10000)
Train epoch: 158 | Loss: *0.004* | Acc: *99.990%* (49995/50000) 
Test epoch: 158 | Loss: *0.585* | Acc: *84.010%* (8401/10000)
Train epoch: 159 | Loss: *0.003* | Acc: *99.998%* (49999/50000) 
Test epoch: 159 | Loss: *0.576* | Acc: *84.160%* (8416/10000)
Train epoch: 160 | Loss: *0.002* | Acc: *100.000%* (50000/50000) 
Test epoch: 160 | Loss: *0.565* | Acc: *84.130%* (8413/10000)
Train epoch: 161 | Loss: *0.002* | Acc: *100.000%* (50000/50000) 
Test epoch: 161 | Loss: *0.563* | Acc: *84.240%* (8424/10000)
Train epoch: 162 | Loss: *0.002* | Acc: *100.000%* (50000/50000) 
Test epoch: 162 | Loss: *0.557* | Acc: *84.280%* (8428/10000)
Train epoch: 163 | Loss: *0.002* | Acc: *100.000%* (50000/50000) 
Test epoch: 163 | Loss: *0.559* | Acc: *84.190%* (8419/10000)
Train epoch: 164 | Loss: *0.002* | Acc: *100.000%* (50000/50000) 
Test epoch: 164 | Loss: *0.560* | Acc: *84.060%* (8406/10000)
Train epoch: 165 | Loss: *0.002* | Acc: *100.000%* (50000/50000) 
Test epoch: 165 | Loss: *0.556* | Acc: *84.080%* (8408/10000)
Train epoch: 166 | Loss: *0.002* | Acc: *100.000%* (50000/50000) 
Test epoch: 166 | Loss: *0.556* | Acc: *83.790%* (8379/10000)
Train epoch: 167 | Loss: *0.002* | Acc: *100.000%* (50000/50000) 
Test epoch: 167 | Loss: *0.549* | Acc: *84.060%* (8406/10000)
Train epoch: 168 | Loss: *0.002* | Acc: *100.000%* (50000/50000) 
Test epoch: 168 | Loss: *0.554* | Acc: *84.040%* (8404/10000)
Train epoch: 169 | Loss: *0.003* | Acc: *100.000%* (50000/50000) 
Test epoch: 169 | Loss: *0.561* | Acc: *83.820%* (8382/10000)
Train epoch: 170 | Loss: *0.002* | Acc: *100.000%* (50000/50000) 
Test epoch: 170 | Loss: *0.551* | Acc: *83.970%* (8397/10000)
Train epoch: 171 | Loss: *0.002* | Acc: *100.000%* (50000/50000) 
Test epoch: 171 | Loss: *0.553* | Acc: *83.960%* (8396/10000)
Train epoch: 172 | Loss: *0.003* | Acc: *100.000%* (50000/50000) 
Test epoch: 172 | Loss: *0.566* | Acc: *83.740%* (8374/10000)
Train epoch: 173 | Loss: *0.002* | Acc: *100.000%* (50000/50000) 
Test epoch: 173 | Loss: *0.560* | Acc: *83.850%* (8385/10000)
Train epoch: 174 | Loss: *0.002* | Acc: *100.000%* (50000/50000) 
Test epoch: 174 | Loss: *0.560* | Acc: *83.590%* (8359/10000)
Train epoch: 175 | Loss: *0.002* | Acc: *100.000%* (50000/50000) 
Test epoch: 175 | Loss: *0.550* | Acc: *84.000%* (8400/10000)
Train epoch: 176 | Loss: *0.002* | Acc: *100.000%* (50000/50000) 
Test epoch: 176 | Loss: *0.551* | Acc: *83.780%* (8378/10000)
Train epoch: 177 | Loss: *0.002* | Acc: *100.000%* (50000/50000) 
Test epoch: 177 | Loss: *0.561* | Acc: *83.550%* (8355/10000)
Train epoch: 178 | Loss: *0.002* | Acc: *100.000%* (50000/50000) 
Test epoch: 178 | Loss: *0.552* | Acc: *83.660%* (8366/10000)
Train epoch: 179 | Loss: *0.002* | Acc: *100.000%* (50000/50000) 
Test epoch: 179 | Loss: *0.556* | Acc: *83.800%* (8380/10000)
Train epoch: 180 | Loss: *0.002* | Acc: *100.000%* (50000/50000) 
Test epoch: 180 | Loss: *0.552* | Acc: *83.810%* (8381/10000)
Train epoch: 181 | Loss: *0.002* | Acc: *100.000%* (50000/50000) 
Test epoch: 181 | Loss: *0.553* | Acc: *83.610%* (8361/10000)
Train epoch: 182 | Loss: *0.002* | Acc: *100.000%* (50000/50000) 
Test epoch: 182 | Loss: *0.559* | Acc: *83.420%* (8342/10000)
Train epoch: 183 | Loss: *0.002* | Acc: *100.000%* (50000/50000) 
Test epoch: 183 | Loss: *0.564* | Acc: *83.480%* (8348/10000)
Train epoch: 184 | Loss: *0.002* | Acc: *100.000%* (50000/50000) 
Test epoch: 184 | Loss: *0.556* | Acc: *83.550%* (8355/10000)
Train epoch: 185 | Loss: *0.002* | Acc: *100.000%* (50000/50000) 
Test epoch: 185 | Loss: *0.557* | Acc: *83.640%* (8364/10000)
Train epoch: 186 | Loss: *0.002* | Acc: *100.000%* (50000/50000) 
Test epoch: 186 | Loss: *0.558* | Acc: *83.540%* (8354/10000)
Train epoch: 187 | Loss: *0.002* | Acc: *100.000%* (50000/50000) 
Test epoch: 187 | Loss: *0.560* | Acc: *83.380%* (8338/10000)
Train epoch: 188 | Loss: *0.002* | Acc: *100.000%* (50000/50000) 
Test epoch: 188 | Loss: *0.561* | Acc: *83.430%* (8343/10000)
Train epoch: 189 | Loss: *0.002* | Acc: *100.000%* (50000/50000) 
Test epoch: 189 | Loss: *0.562* | Acc: *83.330%* (8333/10000)
Train epoch: 190 | Loss: *0.002* | Acc: *100.000%* (50000/50000) 
Test epoch: 190 | Loss: *0.560* | Acc: *83.260%* (8326/10000)
Train epoch: 191 | Loss: *0.002* | Acc: *100.000%* (50000/50000) 
Test epoch: 191 | Loss: *0.561* | Acc: *83.380%* (8338/10000)
Train epoch: 192 | Loss: *0.002* | Acc: *100.000%* (50000/50000) 
Test epoch: 192 | Loss: *0.561* | Acc: *83.390%* (8339/10000)
Train epoch: 193 | Loss: *0.002* | Acc: *100.000%* (50000/50000) 
Test epoch: 193 | Loss: *0.561* | Acc: *83.420%* (8342/10000)
Train epoch: 194 | Loss: *0.002* | Acc: *100.000%* (50000/50000) 
Test epoch: 194 | Loss: *0.562* | Acc: *83.380%* (8338/10000)
Train epoch: 195 | Loss: *0.002* | Acc: *100.000%* (50000/50000) 
Test epoch: 195 | Loss: *0.561* | Acc: *83.330%* (8333/10000)
Train epoch: 196 | Loss: *0.002* | Acc: *100.000%* (50000/50000) 
Test epoch: 196 | Loss: *0.561* | Acc: *83.260%* (8326/10000)
Train epoch: 197 | Loss: *0.002* | Acc: *100.000%* (50000/50000) 
Test epoch: 197 | Loss: *0.561* | Acc: *83.420%* (8342/10000)
Train epoch: 198 | Loss: *0.002* | Acc: *100.000%* (50000/50000) 
Test epoch: 198 | Loss: *0.563* | Acc: *83.180%* (8318/10000)
Train epoch: 199 | Loss: *0.002* | Acc: *100.000%* (50000/50000) 
Test epoch: 199 | Loss: *0.561* | Acc: *83.480%* (8348/10000)
Train epoch: 200 | Loss: *0.002* | Acc: *100.000%* (50000/50000) 
Test epoch: 200 | Loss: *0.563* | Acc: *83.310%* (8331/10000)
Train epoch: 201 | Loss: *0.002* | Acc: *100.000%* (50000/50000) 
Test epoch: 201 | Loss: *0.560* | Acc: *83.370%* (8337/10000)
Train epoch: 202 | Loss: *0.002* | Acc: *100.000%* (50000/50000) 
Test epoch: 202 | Loss: *0.563* | Acc: *83.340%* (8334/10000)
Train epoch: 203 | Loss: *0.002* | Acc: *100.000%* (50000/50000) 
Test epoch: 203 | Loss: *0.565* | Acc: *83.230%* (8323/10000)
Train epoch: 204 | Loss: *0.002* | Acc: *100.000%* (50000/50000) 
Test epoch: 204 | Loss: *0.561* | Acc: *83.330%* (8333/10000)
Train epoch: 205 | Loss: *0.002* | Acc: *100.000%* (50000/50000) 
Test epoch: 205 | Loss: *0.562* | Acc: *83.420%* (8342/10000)
Train epoch: 206 | Loss: *0.002* | Acc: *100.000%* (50000/50000) 
Test epoch: 206 | Loss: *0.560* | Acc: *83.420%* (8342/10000)
Train epoch: 207 | Loss: *0.002* | Acc: *100.000%* (50000/50000) 
Test epoch: 207 | Loss: *0.561* | Acc: *83.410%* (8341/10000)
Train epoch: 208 | Loss: *0.002* | Acc: *100.000%* (50000/50000) 
Test epoch: 208 | Loss: *0.563* | Acc: *83.160%* (8316/10000)
Train epoch: 209 | Loss: *0.002* | Acc: *100.000%* (50000/50000) 
Test epoch: 209 | Loss: *0.561* | Acc: *83.350%* (8335/10000)
Train epoch: 210 | Loss: *0.002* | Acc: *100.000%* (50000/50000) 
Test epoch: 210 | Loss: *0.565* | Acc: *83.270%* (8327/10000)
Train epoch: 211 | Loss: *0.002* | Acc: *100.000%* (50000/50000) 
Test epoch: 211 | Loss: *0.564* | Acc: *83.230%* (8323/10000)
Train epoch: 212 | Loss: *0.002* | Acc: *100.000%* (50000/50000) 
Test epoch: 212 | Loss: *0.569* | Acc: *83.280%* (8328/10000)
Train epoch: 213 | Loss: *0.002* | Acc: *100.000%* (50000/50000) 
Test epoch: 213 | Loss: *0.568* | Acc: *83.310%* (8331/10000)
Train epoch: 214 | Loss: *0.002* | Acc: *100.000%* (50000/50000) 
Test epoch: 214 | Loss: *0.569* | Acc: *83.220%* (8322/10000)
Train epoch: 215 | Loss: *0.002* | Acc: *100.000%* (50000/50000) 
Test epoch: 215 | Loss: *0.570* | Acc: *82.940%* (8294/10000)
Train epoch: 216 | Loss: *0.002* | Acc: *100.000%* (50000/50000) 
Test epoch: 216 | Loss: *0.574* | Acc: *82.960%* (8296/10000)
Train epoch: 217 | Loss: *0.002* | Acc: *100.000%* (50000/50000) 
Test epoch: 217 | Loss: *0.575* | Acc: *82.800%* (8280/10000)
Train epoch: 218 | Loss: *0.002* | Acc: *100.000%* (50000/50000) 
Test epoch: 218 | Loss: *0.573* | Acc: *83.110%* (8311/10000)
Train epoch: 219 | Loss: *0.002* | Acc: *100.000%* (50000/50000) 
Test epoch: 219 | Loss: *0.580* | Acc: *82.750%* (8275/10000)
Train epoch: 220 | Loss: *0.002* | Acc: *100.000%* (50000/50000) 
Test epoch: 220 | Loss: *0.579* | Acc: *82.980%* (8298/10000)
Train epoch: 221 | Loss: *0.002* | Acc: *100.000%* (50000/50000) 
Test epoch: 221 | Loss: *0.588* | Acc: *82.810%* (8281/10000)
Train epoch: 222 | Loss: *0.002* | Acc: *100.000%* (50000/50000) 
Test epoch: 222 | Loss: *0.595* | Acc: *82.630%* (8263/10000)
Train epoch: 223 | Loss: *0.003* | Acc: *99.996%* (49998/50000) 
Test epoch: 223 | Loss: *0.623* | Acc: *82.080%* (8208/10000)
Train epoch: 224 | Loss: *0.004* | Acc: *100.000%* (50000/50000) 
Test epoch: 224 | Loss: *0.589* | Acc: *82.850%* (8285/10000)
Train epoch: 225 | Loss: *0.002* | Acc: *100.000%* (50000/50000) 
Test epoch: 225 | Loss: *0.586* | Acc: *82.910%* (8291/10000)
Train epoch: 226 | Loss: *0.002* | Acc: *100.000%* (50000/50000) 
Test epoch: 226 | Loss: *0.582* | Acc: *82.910%* (8291/10000)
Train epoch: 227 | Loss: *0.002* | Acc: *100.000%* (50000/50000) 
Test epoch: 227 | Loss: *0.588* | Acc: *83.010%* (8301/10000)
Train epoch: 228 | Loss: *0.002* | Acc: *100.000%* (50000/50000) 
Test epoch: 228 | Loss: *0.590* | Acc: *82.600%* (8260/10000)
Train epoch: 229 | Loss: *0.002* | Acc: *99.998%* (49999/50000) 
Test epoch: 229 | Loss: *0.661* | Acc: *80.510%* (8051/10000)
Train epoch: 230 | Loss: *0.045* | Acc: *98.976%* (49488/50000) 
Test epoch: 230 | Loss: *0.616* | Acc: *82.150%* (8215/10000)
Train epoch: 231 | Loss: *0.008* | Acc: *99.950%* (49975/50000) 
Test epoch: 231 | Loss: *0.589* | Acc: *83.070%* (8307/10000)
Train epoch: 232 | Loss: *0.004* | Acc: *99.996%* (49998/50000) 
Test epoch: 232 | Loss: *0.584* | Acc: *82.980%* (8298/10000)
Train epoch: 233 | Loss: *0.003* | Acc: *100.000%* (50000/50000) 
Test epoch: 233 | Loss: *0.577* | Acc: *83.530%* (8353/10000)
Train epoch: 234 | Loss: *0.002* | Acc: *100.000%* (50000/50000) 
Test epoch: 234 | Loss: *0.572* | Acc: *83.330%* (8333/10000)
Train epoch: 235 | Loss: *0.002* | Acc: *100.000%* (50000/50000) 
Test epoch: 235 | Loss: *0.575* | Acc: *83.340%* (8334/10000)
Train epoch: 236 | Loss: *0.002* | Acc: *100.000%* (50000/50000) 
Test epoch: 236 | Loss: *0.575* | Acc: *83.310%* (8331/10000)
Train epoch: 237 | Loss: *0.002* | Acc: *100.000%* (50000/50000) 
Test epoch: 237 | Loss: *0.574* | Acc: *83.200%* (8320/10000)
Train epoch: 238 | Loss: *0.004* | Acc: *99.968%* (49984/50000) 
Test epoch: 238 | Loss: *0.741* | Acc: *79.130%* (7913/10000)
Train epoch: 239 | Loss: *0.101* | Acc: *96.930%* (48465/50000) 
Test epoch: 239 | Loss: *0.616* | Acc: *82.380%* (8238/10000)
Train epoch: 240 | Loss: *0.016* | Acc: *99.832%* (49916/50000) 
Test epoch: 240 | Loss: *0.597* | Acc: *83.030%* (8303/10000)
Train epoch: 241 | Loss: *0.006* | Acc: *99.986%* (49993/50000) 
Test epoch: 241 | Loss: *0.575* | Acc: *83.840%* (8384/10000)
Train epoch: 242 | Loss: *0.003* | Acc: *100.000%* (50000/50000) 
Test epoch: 242 | Loss: *0.574* | Acc: *83.690%* (8369/10000)
Train epoch: 243 | Loss: *0.003* | Acc: *100.000%* (50000/50000) 
Test epoch: 243 | Loss: *0.573* | Acc: *83.780%* (8378/10000)
Train epoch: 244 | Loss: *0.002* | Acc: *100.000%* (50000/50000) 
Test epoch: 244 | Loss: *0.574* | Acc: *83.790%* (8379/10000)
Train epoch: 245 | Loss: *0.002* | Acc: *100.000%* (50000/50000) 
Test epoch: 245 | Loss: *0.579* | Acc: *83.450%* (8345/10000)
Train epoch: 246 | Loss: *0.002* | Acc: *100.000%* (50000/50000) 
Test epoch: 246 | Loss: *0.579* | Acc: *83.430%* (8343/10000)
Train epoch: 247 | Loss: *0.105* | Acc: *96.596%* (48298/50000) 
Test epoch: 247 | Loss: *0.643* | Acc: *80.950%* (8095/10000)
Train epoch: 248 | Loss: *0.065* | Acc: *98.232%* (49116/50000) 
Test epoch: 248 | Loss: *0.604* | Acc: *82.650%* (8265/10000)
Train epoch: 249 | Loss: *0.016* | Acc: *99.762%* (49881/50000) 
Test epoch: 249 | Loss: *0.609* | Acc: *82.840%* (8284/10000)
Train epoch: 250 | Loss: *0.007* | Acc: *99.976%* (49988/50000) 
Test epoch: 250 | Loss: *0.596* | Acc: *83.970%* (8397/10000)
Train epoch: 251 | Loss: *0.004* | Acc: *99.992%* (49996/50000) 
Test epoch: 251 | Loss: *0.582* | Acc: *83.990%* (8399/10000)
Train epoch: 252 | Loss: *0.003* | Acc: *99.992%* (49996/50000) 
Test epoch: 252 | Loss: *0.584* | Acc: *84.020%* (8402/10000)
Train epoch: 253 | Loss: *0.002* | Acc: *100.000%* (50000/50000) 
Test epoch: 253 | Loss: *0.568* | Acc: *84.260%* (8426/10000)
Train epoch: 254 | Loss: *0.002* | Acc: *100.000%* (50000/50000) 
Test epoch: 254 | Loss: *0.559* | Acc: *84.080%* (8408/10000)
Train epoch: 255 | Loss: *0.002* | Acc: *100.000%* (50000/50000) 
Test epoch: 255 | Loss: *0.558* | Acc: *84.050%* (8405/10000)
Train epoch: 256 | Loss: *0.002* | Acc: *100.000%* (50000/50000) 
Test epoch: 256 | Loss: *0.551* | Acc: *84.060%* (8406/10000)
Train epoch: 257 | Loss: *0.051* | Acc: *98.436%* (49218/50000) 
Test epoch: 257 | Loss: *0.981* | Acc: *70.730%* (7073/10000)
Train epoch: 258 | Loss: *0.213* | Acc: *92.788%* (46394/50000) 
Test epoch: 258 | Loss: *0.585* | Acc: *81.950%* (8195/10000)
Train epoch: 259 | Loss: *0.045* | Acc: *98.928%* (49464/50000) 
Test epoch: 259 | Loss: *0.598* | Acc: *83.220%* (8322/10000)
Train epoch: 260 | Loss: *0.019* | Acc: *99.708%* (49854/50000) 
Test epoch: 260 | Loss: *0.603* | Acc: *83.260%* (8326/10000)
Train epoch: 261 | Loss: *0.011* | Acc: *99.892%* (49946/50000) 
Test epoch: 261 | Loss: *0.599* | Acc: *83.590%* (8359/10000)
Train epoch: 262 | Loss: *0.009* | Acc: *99.930%* (49965/50000) 
Test epoch: 262 | Loss: *0.634* | Acc: *83.150%* (8315/10000)
Train epoch: 263 | Loss: *0.068* | Acc: *97.836%* (48918/50000) 
Test epoch: 263 | Loss: *0.712* | Acc: *80.210%* (8021/10000)
Train epoch: 264 | Loss: *0.072* | Acc: *97.808%* (48904/50000) 
Test epoch: 264 | Loss: *0.680* | Acc: *81.110%* (8111/10000)
Train epoch: 265 | Loss: *0.031* | Acc: *99.188%* (49594/50000) 
Test epoch: 265 | Loss: *0.647* | Acc: *82.850%* (8285/10000)
Train epoch: 266 | Loss: *0.013* | Acc: *99.786%* (49893/50000) 
Test epoch: 266 | Loss: *0.651* | Acc: *82.730%* (8273/10000)
Train epoch: 267 | Loss: *0.013* | Acc: *99.802%* (49901/50000) 
Test epoch: 267 | Loss: *0.657* | Acc: *82.960%* (8296/10000)
Train epoch: 268 | Loss: *0.024* | Acc: *99.388%* (49694/50000) 
Test epoch: 268 | Loss: *0.734* | Acc: *81.010%* (8101/10000)
Train epoch: 269 | Loss: *0.080* | Acc: *97.438%* (48719/50000) 
Test epoch: 269 | Loss: *0.770* | Acc: *79.590%* (7959/10000)
Train epoch: 270 | Loss: *0.047* | Acc: *98.572%* (49286/50000) 
Test epoch: 270 | Loss: *0.717* | Acc: *81.180%* (8118/10000)
Train epoch: 271 | Loss: *0.028* | Acc: *99.264%* (49632/50000) 
Test epoch: 271 | Loss: *0.684* | Acc: *82.830%* (8283/10000)
Train epoch: 272 | Loss: *0.019* | Acc: *99.564%* (49782/50000) 
Test epoch: 272 | Loss: *0.662* | Acc: *82.930%* (8293/10000)
Train epoch: 273 | Loss: *0.021* | Acc: *99.492%* (49746/50000) 
Test epoch: 273 | Loss: *0.707* | Acc: *82.390%* (8239/10000)
Train epoch: 274 | Loss: *0.044* | Acc: *98.666%* (49333/50000) 
Test epoch: 274 | Loss: *0.728* | Acc: *81.300%* (8130/10000)
Train epoch: 275 | Loss: *0.052* | Acc: *98.428%* (49214/50000) 
Test epoch: 275 | Loss: *0.700* | Acc: *81.970%* (8197/10000)
Train epoch: 276 | Loss: *0.037* | Acc: *98.952%* (49476/50000) 
Test epoch: 276 | Loss: *0.691* | Acc: *81.980%* (8198/10000)
Train epoch: 277 | Loss: *0.024* | Acc: *99.380%* (49690/50000) 
Test epoch: 277 | Loss: *0.721* | Acc: *82.290%* (8229/10000)
Train epoch: 278 | Loss: *0.028* | Acc: *99.242%* (49621/50000) 
Test epoch: 278 | Loss: *0.709* | Acc: *81.600%* (8160/10000)
Train epoch: 279 | Loss: *0.042* | Acc: *98.708%* (49354/50000) 
Test epoch: 279 | Loss: *0.740* | Acc: *80.830%* (8083/10000)
Train epoch: 280 | Loss: *0.044* | Acc: *98.596%* (49298/50000) 
Test epoch: 280 | Loss: *0.711* | Acc: *82.210%* (8221/10000)
Train epoch: 281 | Loss: *0.036* | Acc: *98.932%* (49466/50000) 
Test epoch: 281 | Loss: *0.711* | Acc: *81.740%* (8174/10000)
Train epoch: 282 | Loss: *0.033* | Acc: *99.064%* (49532/50000) 
Test epoch: 282 | Loss: *0.739* | Acc: *82.190%* (8219/10000)
Train epoch: 283 | Loss: *0.029* | Acc: *99.190%* (49595/50000) 
Test epoch: 283 | Loss: *0.717* | Acc: *82.160%* (8216/10000)
Train epoch: 284 | Loss: *0.039* | Acc: *98.838%* (49419/50000) 
Test epoch: 284 | Loss: *0.704* | Acc: *81.850%* (8185/10000)
Train epoch: 285 | Loss: *0.049* | Acc: *98.470%* (49235/50000) 
Test epoch: 285 | Loss: *0.723* | Acc: *81.540%* (8154/10000)
Train epoch: 286 | Loss: *0.037* | Acc: *98.926%* (49463/50000) 
Test epoch: 286 | Loss: *0.672* | Acc: *83.260%* (8326/10000)
Train epoch: 287 | Loss: *0.024* | Acc: *99.366%* (49683/50000) 
Test epoch: 287 | Loss: *0.740* | Acc: *81.240%* (8124/10000)
Train epoch: 288 | Loss: *0.032* | Acc: *99.022%* (49511/50000) 
Test epoch: 288 | Loss: *0.762* | Acc: *80.780%* (8078/10000)
Train epoch: 289 | Loss: *0.054* | Acc: *98.286%* (49143/50000) 
Test epoch: 289 | Loss: *0.710* | Acc: *82.030%* (8203/10000)
Train epoch: 290 | Loss: *0.043* | Acc: *98.602%* (49301/50000) 
Test epoch: 290 | Loss: *0.744* | Acc: *81.750%* (8175/10000)
Train epoch: 291 | Loss: *0.032* | Acc: *99.110%* (49555/50000) 
Test epoch: 291 | Loss: *0.780* | Acc: *81.030%* (8103/10000)
Train epoch: 292 | Loss: *0.037* | Acc: *98.914%* (49457/50000) 
Test epoch: 292 | Loss: *0.749* | Acc: *81.550%* (8155/10000)
Train epoch: 293 | Loss: *0.037* | Acc: *98.886%* (49443/50000) 
Test epoch: 293 | Loss: *0.769* | Acc: *80.570%* (8057/10000)
Train epoch: 294 | Loss: *0.040* | Acc: *98.800%* (49400/50000) 
Test epoch: 294 | Loss: *0.780* | Acc: *80.120%* (8012/10000)
Train epoch: 295 | Loss: *0.051* | Acc: *98.392%* (49196/50000) 
Test epoch: 295 | Loss: *0.714* | Acc: *81.750%* (8175/10000)
Train epoch: 296 | Loss: *0.047* | Acc: *98.500%* (49250/50000) 
Test epoch: 296 | Loss: *0.745* | Acc: *82.060%* (8206/10000)
Train epoch: 297 | Loss: *0.033* | Acc: *99.054%* (49527/50000) 
Test epoch: 297 | Loss: *0.729* | Acc: *81.980%* (8198/10000)
Train epoch: 298 | Loss: *0.030* | Acc: *99.160%* (49580/50000) 
Test epoch: 298 | Loss: *0.706* | Acc: *81.810%* (8181/10000)
Train epoch: 299 | Loss: *0.048* | Acc: *98.484%* (49242/50000) 
Test epoch: 299 | Loss: *0.779* | Acc: *81.180%* (8118/10000)
Train epoch: 300 | Loss: *0.053* | Acc: *98.300%* (49150/50000) 
Test epoch: 300 | Loss: *0.705* | Acc: *82.240%* (8224/10000)
Train epoch: 301 | Loss: *0.032* | Acc: *99.082%* (49541/50000) 
Test epoch: 301 | Loss: *0.687* | Acc: *82.640%* (8264/10000)
Train epoch: 302 | Loss: *0.034* | Acc: *98.974%* (49487/50000) 
Test epoch: 302 | Loss: *0.792* | Acc: *80.660%* (8066/10000)
Train epoch: 303 | Loss: *0.054* | Acc: *98.246%* (49123/50000) 
Test epoch: 303 | Loss: *0.799* | Acc: *79.900%* (7990/10000)
Train epoch: 304 | Loss: *0.051* | Acc: *98.358%* (49179/50000) 
Test epoch: 304 | Loss: *0.764* | Acc: *80.630%* (8063/10000)
Train epoch: 305 | Loss: *0.041* | Acc: *98.742%* (49371/50000) 
Test epoch: 305 | Loss: *0.795* | Acc: *80.770%* (8077/10000)
Train epoch: 306 | Loss: *0.041* | Acc: *98.766%* (49383/50000) 
Test epoch: 306 | Loss: *0.675* | Acc: *82.950%* (8295/10000)
Train epoch: 307 | Loss: *0.040* | Acc: *98.764%* (49382/50000) 
Test epoch: 307 | Loss: *0.819* | Acc: *80.370%* (8037/10000)
Train epoch: 308 | Loss: *0.050* | Acc: *98.366%* (49183/50000) 
Test epoch: 308 | Loss: *0.844* | Acc: *79.340%* (7934/10000)
Train epoch: 309 | Loss: *0.045* | Acc: *98.580%* (49290/50000) 
Test epoch: 309 | Loss: *0.706* | Acc: *82.320%* (8232/10000)
Train epoch: 310 | Loss: *0.049* | Acc: *98.468%* (49234/50000) 
Test epoch: 310 | Loss: *0.750* | Acc: *80.760%* (8076/10000)
Train epoch: 311 | Loss: *0.045* | Acc: *98.624%* (49312/50000) 
Test epoch: 311 | Loss: *0.728* | Acc: *81.670%* (8167/10000)
Train epoch: 312 | Loss: *0.044* | Acc: *98.714%* (49357/50000) 
Test epoch: 312 | Loss: *0.745* | Acc: *81.670%* (8167/10000)
Train epoch: 313 | Loss: *0.046* | Acc: *98.582%* (49291/50000) 
Test epoch: 313 | Loss: *0.777* | Acc: *80.620%* (8062/10000)
Train epoch: 314 | Loss: *0.062* | Acc: *98.024%* (49012/50000) 
Test epoch: 314 | Loss: *0.726* | Acc: *81.810%* (8181/10000)
Train epoch: 315 | Loss: *0.046* | Acc: *98.596%* (49298/50000) 
Test epoch: 315 | Loss: *0.707* | Acc: *81.970%* (8197/10000)
Train epoch: 316 | Loss: *0.037* | Acc: *98.944%* (49472/50000) 
Test epoch: 316 | Loss: *0.740* | Acc: *81.990%* (8199/10000)
Train epoch: 317 | Loss: *0.042* | Acc: *98.714%* (49357/50000) 
Test epoch: 317 | Loss: *0.729* | Acc: *81.480%* (8148/10000)
Train epoch: 318 | Loss: *0.056* | Acc: *98.186%* (49093/50000) 
Test epoch: 318 | Loss: *0.757* | Acc: *81.490%* (8149/10000)
Train epoch: 319 | Loss: *0.063* | Acc: *97.944%* (48972/50000) 
Test epoch: 319 | Loss: *0.730* | Acc: *81.080%* (8108/10000)
Train epoch: 320 | Loss: *0.045* | Acc: *98.614%* (49307/50000) 
Test epoch: 320 | Loss: *0.749* | Acc: *80.670%* (8067/10000)
Train epoch: 321 | Loss: *0.044* | Acc: *98.694%* (49347/50000) 
Test epoch: 321 | Loss: *0.723* | Acc: *81.810%* (8181/10000)
Train epoch: 322 | Loss: *0.053* | Acc: *98.302%* (49151/50000) 
Test epoch: 322 | Loss: *0.805* | Acc: *80.080%* (8008/10000)
Train epoch: 323 | Loss: *0.061* | Acc: *98.042%* (49021/50000) 
Test epoch: 323 | Loss: *0.768* | Acc: *80.450%* (8045/10000)
Train epoch: 324 | Loss: *0.056* | Acc: *98.186%* (49093/50000) 
Test epoch: 324 | Loss: *0.743* | Acc: *81.280%* (8128/10000)
Train epoch: 325 | Loss: *0.049* | Acc: *98.494%* (49247/50000) 
Test epoch: 325 | Loss: *0.699* | Acc: *81.680%* (8168/10000)
Train epoch: 326 | Loss: *0.043* | Acc: *98.714%* (49357/50000) 
Test epoch: 326 | Loss: *0.699* | Acc: *82.470%* (8247/10000)
Train epoch: 327 | Loss: *0.050* | Acc: *98.410%* (49205/50000) 
Test epoch: 327 | Loss: *0.746* | Acc: *81.330%* (8133/10000)
Train epoch: 328 | Loss: *0.060* | Acc: *98.054%* (49027/50000) 
Test epoch: 328 | Loss: *0.830* | Acc: *79.470%* (7947/10000)
Train epoch: 329 | Loss: *0.056* | Acc: *98.218%* (49109/50000) 
Test epoch: 329 | Loss: *0.730* | Acc: *81.120%* (8112/10000)
Train epoch: 330 | Loss: *0.056* | Acc: *98.198%* (49099/50000) 
Test epoch: 330 | Loss: *0.737* | Acc: *82.030%* (8203/10000)
Train epoch: 331 | Loss: *0.059* | Acc: *98.108%* (49054/50000) 
Test epoch: 331 | Loss: *0.710* | Acc: *81.160%* (8116/10000)
Train epoch: 332 | Loss: *0.055* | Acc: *98.262%* (49131/50000) 
Test epoch: 332 | Loss: *0.688* | Acc: *82.180%* (8218/10000)
Train epoch: 333 | Loss: *0.053* | Acc: *98.324%* (49162/50000) 
Test epoch: 333 | Loss: *0.718* | Acc: *81.540%* (8154/10000)
Train epoch: 334 | Loss: *0.056* | Acc: *98.264%* (49132/50000) 
Test epoch: 334 | Loss: *0.753* | Acc: *80.890%* (8089/10000)
Train epoch: 335 | Loss: *0.057* | Acc: *98.126%* (49063/50000) 
Test epoch: 335 | Loss: *0.767* | Acc: *80.020%* (8002/10000)
Train epoch: 336 | Loss: *0.062* | Acc: *97.972%* (48986/50000) 
Test epoch: 336 | Loss: *0.738* | Acc: *80.990%* (8099/10000)
Train epoch: 337 | Loss: *0.052* | Acc: *98.394%* (49197/50000) 
Test epoch: 337 | Loss: *0.782* | Acc: *80.040%* (8004/10000)
Train epoch: 338 | Loss: *0.059* | Acc: *98.070%* (49035/50000) 
Test epoch: 338 | Loss: *0.737* | Acc: *81.430%* (8143/10000)
Train epoch: 339 | Loss: *0.063* | Acc: *97.946%* (48973/50000) 
Test epoch: 339 | Loss: *0.806* | Acc: *80.210%* (8021/10000)
Train epoch: 340 | Loss: *0.059* | Acc: *98.086%* (49043/50000) 
Test epoch: 340 | Loss: *0.779* | Acc: *81.000%* (8100/10000)
Train epoch: 341 | Loss: *0.056* | Acc: *98.222%* (49111/50000) 
Test epoch: 341 | Loss: *0.733* | Acc: *81.510%* (8151/10000)
Train epoch: 342 | Loss: *0.054* | Acc: *98.294%* (49147/50000) 
Test epoch: 342 | Loss: *0.706* | Acc: *82.240%* (8224/10000)
Train epoch: 343 | Loss: *0.064* | Acc: *97.894%* (48947/50000) 
Test epoch: 343 | Loss: *0.815* | Acc: *79.110%* (7911/10000)
Train epoch: 344 | Loss: *0.064* | Acc: *97.914%* (48957/50000) 
Test epoch: 344 | Loss: *0.710* | Acc: *81.920%* (8192/10000)
Train epoch: 345 | Loss: *0.062* | Acc: *97.930%* (48965/50000) 
Test epoch: 345 | Loss: *0.781* | Acc: *80.760%* (8076/10000)
Train epoch: 346 | Loss: *0.055* | Acc: *98.290%* (49145/50000) 
Test epoch: 346 | Loss: *0.735* | Acc: *81.420%* (8142/10000)
Train epoch: 347 | Loss: *0.056* | Acc: *98.148%* (49074/50000) 
Test epoch: 347 | Loss: *0.774* | Acc: *80.500%* (8050/10000)
Train epoch: 348 | Loss: *0.070* | Acc: *97.652%* (48826/50000) 
Test epoch: 348 | Loss: *0.776* | Acc: *80.200%* (8020/10000)
Train epoch: 349 | Loss: *0.069* | Acc: *97.758%* (48879/50000) 
Test epoch: 349 | Loss: *0.729* | Acc: *80.850%* (8085/10000)
Train epoch: 350 | Loss: *0.048* | Acc: *98.530%* (49265/50000) 
Test epoch: 350 | Loss: *0.814* | Acc: *79.620%* (7962/10000)
Train epoch: 351 | Loss: *0.071* | Acc: *97.618%* (48809/50000) 
Test epoch: 351 | Loss: *0.700* | Acc: *81.750%* (8175/10000)
Train epoch: 352 | Loss: *0.065* | Acc: *97.886%* (48943/50000) 
Test epoch: 352 | Loss: *0.701* | Acc: *81.660%* (8166/10000)
Train epoch: 353 | Loss: *0.054* | Acc: *98.266%* (49133/50000) 
Test epoch: 353 | Loss: *0.698* | Acc: *81.830%* (8183/10000)
Train epoch: 354 | Loss: *0.066* | Acc: *97.832%* (48916/50000) 
Test epoch: 354 | Loss: *0.760* | Acc: *80.680%* (8068/10000)
Train epoch: 355 | Loss: *0.067* | Acc: *97.838%* (48919/50000) 
Test epoch: 355 | Loss: *0.767* | Acc: *81.420%* (8142/10000)
Train epoch: 356 | Loss: *0.062* | Acc: *98.034%* (49017/50000) 
Test epoch: 356 | Loss: *0.731* | Acc: *81.090%* (8109/10000)
Train epoch: 357 | Loss: *0.074* | Acc: *97.528%* (48764/50000) 
Test epoch: 357 | Loss: *0.764* | Acc: *80.210%* (8021/10000)
Train epoch: 358 | Loss: *0.066* | Acc: *97.832%* (48916/50000) 
Test epoch: 358 | Loss: *0.747* | Acc: *80.690%* (8069/10000)
Train epoch: 359 | Loss: *0.056* | Acc: *98.224%* (49112/50000) 
Test epoch: 359 | Loss: *0.748* | Acc: *81.310%* (8131/10000)
Train epoch: 360 | Loss: *0.071* | Acc: *97.722%* (48861/50000) 
Test epoch: 360 | Loss: *0.763* | Acc: *80.750%* (8075/10000)
Train epoch: 361 | Loss: *0.068* | Acc: *97.764%* (48882/50000) 
Test epoch: 361 | Loss: *0.743* | Acc: *80.680%* (8068/10000)
Train epoch: 362 | Loss: *0.067* | Acc: *97.850%* (48925/50000) 
Test epoch: 362 | Loss: *0.708* | Acc: *81.450%* (8145/10000)
Train epoch: 363 | Loss: *0.065* | Acc: *97.978%* (48989/50000) 
Test epoch: 363 | Loss: *0.773* | Acc: *80.750%* (8075/10000)
Train epoch: 364 | Loss: *0.066* | Acc: *97.854%* (48927/50000) 
Test epoch: 364 | Loss: *0.720* | Acc: *81.450%* (8145/10000)
Train epoch: 365 | Loss: *0.066* | Acc: *97.788%* (48894/50000) 
Test epoch: 365 | Loss: *0.847* | Acc: *78.250%* (7825/10000)
Train epoch: 366 | Loss: *0.070* | Acc: *97.744%* (48872/50000) 
Test epoch: 366 | Loss: *0.733* | Acc: *81.150%* (8115/10000)
Train epoch: 367 | Loss: *0.064* | Acc: *97.960%* (48980/50000) 
Test epoch: 367 | Loss: *0.712* | Acc: *81.340%* (8134/10000)
Train epoch: 368 | Loss: *0.072* | Acc: *97.700%* (48850/50000) 
Test epoch: 368 | Loss: *0.690* | Acc: *81.670%* (8167/10000)
Train epoch: 369 | Loss: *0.064* | Acc: *97.886%* (48943/50000) 
Test epoch: 369 | Loss: *0.818* | Acc: *79.360%* (7936/10000)
Train epoch: 370 | Loss: *0.058* | Acc: *98.146%* (49073/50000) 
Test epoch: 370 | Loss: *0.749* | Acc: *81.100%* (8110/10000)
Train epoch: 371 | Loss: *0.078* | Acc: *97.454%* (48727/50000) 
Test epoch: 371 | Loss: *0.646* | Acc: *82.670%* (8267/10000)
Train epoch: 372 | Loss: *0.066* | Acc: *97.862%* (48931/50000) 
Test epoch: 372 | Loss: *0.725* | Acc: *81.550%* (8155/10000)
Train epoch: 373 | Loss: *0.068* | Acc: *97.810%* (48905/50000) 
Test epoch: 373 | Loss: *0.711* | Acc: *81.850%* (8185/10000)
Train epoch: 374 | Loss: *0.075* | Acc: *97.556%* (48778/50000) 
Test epoch: 374 | Loss: *0.722* | Acc: *81.230%* (8123/10000)
Train epoch: 375 | Loss: *0.067* | Acc: *97.826%* (48913/50000) 
Test epoch: 375 | Loss: *0.741* | Acc: *80.820%* (8082/10000)
Train epoch: 376 | Loss: *0.065* | Acc: *97.862%* (48931/50000) 
Test epoch: 376 | Loss: *0.859* | Acc: *79.200%* (7920/10000)
Train epoch: 377 | Loss: *0.071* | Acc: *97.704%* (48852/50000) 
Test epoch: 377 | Loss: *0.699* | Acc: *81.510%* (8151/10000)
Train epoch: 378 | Loss: *0.068* | Acc: *97.694%* (48847/50000) 
Test epoch: 378 | Loss: *0.705* | Acc: *81.900%* (8190/10000)
Train epoch: 379 | Loss: *0.072* | Acc: *97.640%* (48820/50000) 
Test epoch: 379 | Loss: *0.691* | Acc: *82.310%* (8231/10000)
Train epoch: 380 | Loss: *0.067* | Acc: *97.778%* (48889/50000) 
Test epoch: 380 | Loss: *0.784* | Acc: *79.950%* (7995/10000)
Train epoch: 381 | Loss: *0.081* | Acc: *97.322%* (48661/50000) 
Test epoch: 381 | Loss: *0.684* | Acc: *81.530%* (8153/10000)
Train epoch: 382 | Loss: *0.058* | Acc: *98.170%* (49085/50000) 
Test epoch: 382 | Loss: *0.787* | Acc: *79.710%* (7971/10000)
Train epoch: 383 | Loss: *0.073* | Acc: *97.594%* (48797/50000) 
Test epoch: 383 | Loss: *0.833* | Acc: *79.290%* (7929/10000)
Train epoch: 384 | Loss: *0.068* | Acc: *97.786%* (48893/50000) 
Test epoch: 384 | Loss: *0.715* | Acc: *81.200%* (8120/10000)
Train epoch: 385 | Loss: *0.071* | Acc: *97.740%* (48870/50000) 
Test epoch: 385 | Loss: *0.669* | Acc: *82.570%* (8257/10000)
Train epoch: 386 | Loss: *0.067* | Acc: *97.846%* (48923/50000) 
Test epoch: 386 | Loss: *0.806* | Acc: *79.570%* (7957/10000)
Train epoch: 387 | Loss: *0.070* | Acc: *97.676%* (48838/50000) 
Test epoch: 387 | Loss: *0.714* | Acc: *81.480%* (8148/10000)
Train epoch: 388 | Loss: *0.070* | Acc: *97.714%* (48857/50000) 
Test epoch: 388 | Loss: *0.759* | Acc: *80.200%* (8020/10000)
Train epoch: 389 | Loss: *0.064* | Acc: *97.960%* (48980/50000) 
Test epoch: 389 | Loss: *0.745* | Acc: *81.730%* (8173/10000)
Train epoch: 390 | Loss: *0.076* | Acc: *97.490%* (48745/50000) 
Test epoch: 390 | Loss: *0.739* | Acc: *81.170%* (8117/10000)
Train epoch: 391 | Loss: *0.071* | Acc: *97.608%* (48804/50000) 
Test epoch: 391 | Loss: *0.729* | Acc: *81.040%* (8104/10000)
Train epoch: 392 | Loss: *0.073* | Acc: *97.634%* (48817/50000) 
Test epoch: 392 | Loss: *0.763* | Acc: *80.270%* (8027/10000)
Train epoch: 393 | Loss: *0.068* | Acc: *97.808%* (48904/50000) 
Test epoch: 393 | Loss: *0.769* | Acc: *80.470%* (8047/10000)
Train epoch: 394 | Loss: *0.064* | Acc: *98.002%* (49001/50000) 
Test epoch: 394 | Loss: *0.779* | Acc: *79.920%* (7992/10000)
Train epoch: 395 | Loss: *0.072* | Acc: *97.646%* (48823/50000) 
Test epoch: 395 | Loss: *0.769* | Acc: *80.460%* (8046/10000)
Train epoch: 396 | Loss: *0.074* | Acc: *97.570%* (48785/50000) 
Test epoch: 396 | Loss: *0.725* | Acc: *81.270%* (8127/10000)
Train epoch: 397 | Loss: *0.072* | Acc: *97.558%* (48779/50000) 
Test epoch: 397 | Loss: *0.762* | Acc: *80.590%* (8059/10000)
Train epoch: 398 | Loss: *0.073* | Acc: *97.538%* (48769/50000) 
Test epoch: 398 | Loss: *0.721* | Acc: *80.910%* (8091/10000)
Train epoch: 399 | Loss: *0.055* | Acc: *98.188%* (49094/50000) 
Test epoch: 399 | Loss: *0.804* | Acc: *79.840%* (7984/10000)
Train epoch: 400 | Loss: *0.070* | Acc: *97.746%* (48873/50000) 
Test epoch: 400 | Loss: *0.783* | Acc: *80.650%* (8065/10000)
Train epoch: 401 | Loss: *0.077* | Acc: *97.450%* (48725/50000) 
Test epoch: 401 | Loss: *0.686* | Acc: *82.480%* (8248/10000)
Train epoch: 402 | Loss: *0.064* | Acc: *97.982%* (48991/50000) 
Test epoch: 402 | Loss: *0.780* | Acc: *80.240%* (8024/10000)
Train epoch: 403 | Loss: *0.071* | Acc: *97.684%* (48842/50000) 
Test epoch: 403 | Loss: *0.734* | Acc: *81.090%* (8109/10000)
Train epoch: 404 | Loss: *0.077* | Acc: *97.418%* (48709/50000) 
Test epoch: 404 | Loss: *0.763* | Acc: *79.930%* (7993/10000)
Train epoch: 405 | Loss: *0.062* | Acc: *97.946%* (48973/50000) 
Test epoch: 405 | Loss: *0.715* | Acc: *81.410%* (8141/10000)
Train epoch: 406 | Loss: *0.069* | Acc: *97.744%* (48872/50000) 
Test epoch: 406 | Loss: *0.715* | Acc: *81.400%* (8140/10000)
Train epoch: 407 | Loss: *0.068* | Acc: *97.742%* (48871/50000) 
Test epoch: 407 | Loss: *0.707* | Acc: *81.070%* (8107/10000)
Train epoch: 408 | Loss: *0.072* | Acc: *97.680%* (48840/50000) 
Test epoch: 408 | Loss: *0.772* | Acc: *80.390%* (8039/10000)
Train epoch: 409 | Loss: *0.071* | Acc: *97.652%* (48826/50000) 
Test epoch: 409 | Loss: *0.719* | Acc: *81.650%* (8165/10000)
Train epoch: 410 | Loss: *0.071* | Acc: *97.698%* (48849/50000) 
Test epoch: 410 | Loss: *0.780* | Acc: *80.930%* (8093/10000)
Train epoch: 411 | Loss: *0.064* | Acc: *97.974%* (48987/50000) 
Test epoch: 411 | Loss: *0.714* | Acc: *81.580%* (8158/10000)
Train epoch: 412 | Loss: *0.062* | Acc: *97.996%* (48998/50000) 
Test epoch: 412 | Loss: *0.745* | Acc: *80.590%* (8059/10000)
Train epoch: 413 | Loss: *0.071* | Acc: *97.698%* (48849/50000) 
Test epoch: 413 | Loss: *0.735* | Acc: *81.440%* (8144/10000)
Train epoch: 414 | Loss: *0.068* | Acc: *97.802%* (48901/50000) 
Test epoch: 414 | Loss: *0.747* | Acc: *81.120%* (8112/10000)
Train epoch: 415 | Loss: *0.068* | Acc: *97.786%* (48893/50000) 
Test epoch: 415 | Loss: *0.800* | Acc: *79.730%* (7973/10000)
Train epoch: 416 | Loss: *0.067* | Acc: *97.872%* (48936/50000) 
Test epoch: 416 | Loss: *0.777* | Acc: *80.250%* (8025/10000)
Train epoch: 417 | Loss: *0.056* | Acc: *98.186%* (49093/50000) 
Test epoch: 417 | Loss: *0.727* | Acc: *81.660%* (8166/10000)
Train epoch: 418 | Loss: *0.063* | Acc: *97.952%* (48976/50000) 
Test epoch: 418 | Loss: *0.721* | Acc: *81.610%* (8161/10000)
Train epoch: 419 | Loss: *0.077* | Acc: *97.368%* (48684/50000) 
Test epoch: 419 | Loss: *0.696* | Acc: *81.740%* (8174/10000)
Train epoch: 420 | Loss: *0.060* | Acc: *98.094%* (49047/50000) 
Test epoch: 420 | Loss: *0.725* | Acc: *81.900%* (8190/10000)
Train epoch: 421 | Loss: *0.063* | Acc: *97.962%* (48981/50000) 
Test epoch: 421 | Loss: *0.736* | Acc: *81.400%* (8140/10000)
Train epoch: 422 | Loss: *0.074* | Acc: *97.602%* (48801/50000) 
Test epoch: 422 | Loss: *0.768* | Acc: *80.600%* (8060/10000)
Train epoch: 423 | Loss: *0.065* | Acc: *97.888%* (48944/50000) 
Test epoch: 423 | Loss: *0.688* | Acc: *82.250%* (8225/10000)
Train epoch: 424 | Loss: *0.064* | Acc: *97.886%* (48943/50000) 
Test epoch: 424 | Loss: *0.696* | Acc: *82.110%* (8211/10000)
Train epoch: 425 | Loss: *0.063* | Acc: *97.950%* (48975/50000) 
Test epoch: 425 | Loss: *0.717* | Acc: *81.430%* (8143/10000)
Train epoch: 426 | Loss: *0.056* | Acc: *98.292%* (49146/50000) 
Test epoch: 426 | Loss: *0.768* | Acc: *80.770%* (8077/10000)
Train epoch: 427 | Loss: *0.059* | Acc: *98.088%* (49044/50000) 
Test epoch: 427 | Loss: *0.734* | Acc: *81.500%* (8150/10000)
Train epoch: 428 | Loss: *0.072* | Acc: *97.558%* (48779/50000) 
Test epoch: 428 | Loss: *0.709* | Acc: *81.980%* (8198/10000)
Train epoch: 429 | Loss: *0.061* | Acc: *98.026%* (49013/50000) 
Test epoch: 429 | Loss: *0.794* | Acc: *80.550%* (8055/10000)
Train epoch: 430 | Loss: *0.064* | Acc: *97.908%* (48954/50000) 
Test epoch: 430 | Loss: *0.716* | Acc: *82.000%* (8200/10000)
Train epoch: 431 | Loss: *0.062* | Acc: *98.022%* (49011/50000) 
Test epoch: 431 | Loss: *0.667* | Acc: *82.940%* (8294/10000)
Train epoch: 432 | Loss: *0.060* | Acc: *97.984%* (48992/50000) 
Test epoch: 432 | Loss: *0.745* | Acc: *81.280%* (8128/10000)
Train epoch: 433 | Loss: *0.059* | Acc: *98.078%* (49039/50000) 
Test epoch: 433 | Loss: *0.891* | Acc: *79.250%* (7925/10000)
Train epoch: 434 | Loss: *0.060* | Acc: *98.094%* (49047/50000) 
Test epoch: 434 | Loss: *0.707* | Acc: *81.190%* (8119/10000)
Train epoch: 435 | Loss: *0.069* | Acc: *97.764%* (48882/50000) 
Test epoch: 435 | Loss: *0.701* | Acc: *81.600%* (8160/10000)
Train epoch: 436 | Loss: *0.057* | Acc: *98.128%* (49064/50000) 
Test epoch: 436 | Loss: *0.711* | Acc: *82.390%* (8239/10000)
Train epoch: 437 | Loss: *0.058* | Acc: *98.088%* (49044/50000) 
Test epoch: 437 | Loss: *0.748* | Acc: *81.570%* (8157/10000)
Train epoch: 438 | Loss: *0.054* | Acc: *98.360%* (49180/50000) 
Test epoch: 438 | Loss: *0.676* | Acc: *82.180%* (8218/10000)
Train epoch: 439 | Loss: *0.064* | Acc: *97.924%* (48962/50000) 
Test epoch: 439 | Loss: *0.720* | Acc: *81.190%* (8119/10000)
Train epoch: 440 | Loss: *0.062* | Acc: *97.974%* (48987/50000) 
Test epoch: 440 | Loss: *0.729* | Acc: *81.550%* (8155/10000)
Train epoch: 441 | Loss: *0.055* | Acc: *98.168%* (49084/50000) 
Test epoch: 441 | Loss: *0.699* | Acc: *82.320%* (8232/10000)
Train epoch: 442 | Loss: *0.058* | Acc: *98.066%* (49033/50000) 
Test epoch: 442 | Loss: *0.738* | Acc: *81.550%* (8155/10000)
Train epoch: 443 | Loss: *0.056* | Acc: *98.208%* (49104/50000) 
Test epoch: 443 | Loss: *0.725* | Acc: *81.680%* (8168/10000)
Train epoch: 444 | Loss: *0.057* | Acc: *98.176%* (49088/50000) 
Test epoch: 444 | Loss: *0.792* | Acc: *80.670%* (8067/10000)
Train epoch: 445 | Loss: *0.058* | Acc: *98.102%* (49051/50000) 
Test epoch: 445 | Loss: *0.696* | Acc: *82.190%* (8219/10000)
Train epoch: 446 | Loss: *0.055* | Acc: *98.304%* (49152/50000) 
Test epoch: 446 | Loss: *0.666* | Acc: *82.630%* (8263/10000)
Train epoch: 447 | Loss: *0.052* | Acc: *98.340%* (49170/50000) 
Test epoch: 447 | Loss: *0.754* | Acc: *80.890%* (8089/10000)
Train epoch: 448 | Loss: *0.061* | Acc: *98.034%* (49017/50000) 
Test epoch: 448 | Loss: *0.757* | Acc: *80.770%* (8077/10000)
Train epoch: 449 | Loss: *0.054* | Acc: *98.278%* (49139/50000) 
Test epoch: 449 | Loss: *0.672* | Acc: *82.410%* (8241/10000)
Train epoch: 450 | Loss: *0.045* | Acc: *98.616%* (49308/50000) 
Test epoch: 450 | Loss: *0.713* | Acc: *82.120%* (8212/10000)
Train epoch: 451 | Loss: *0.057* | Acc: *98.186%* (49093/50000) 
Test epoch: 451 | Loss: *0.752* | Acc: *80.720%* (8072/10000)
Train epoch: 452 | Loss: *0.051* | Acc: *98.444%* (49222/50000) 
Test epoch: 452 | Loss: *0.744* | Acc: *81.620%* (8162/10000)
Train epoch: 453 | Loss: *0.052* | Acc: *98.336%* (49168/50000) 
Test epoch: 453 | Loss: *0.727* | Acc: *81.580%* (8158/10000)
Train epoch: 454 | Loss: *0.054* | Acc: *98.310%* (49155/50000) 
Test epoch: 454 | Loss: *0.730* | Acc: *81.590%* (8159/10000)
Train epoch: 455 | Loss: *0.056* | Acc: *98.184%* (49092/50000) 
Test epoch: 455 | Loss: *0.750* | Acc: *81.020%* (8102/10000)
Train epoch: 456 | Loss: *0.045* | Acc: *98.560%* (49280/50000) 
Test epoch: 456 | Loss: *0.698* | Acc: *83.000%* (8300/10000)
Train epoch: 457 | Loss: *0.046* | Acc: *98.556%* (49278/50000) 
Test epoch: 457 | Loss: *0.701* | Acc: *82.020%* (8202/10000)
Train epoch: 458 | Loss: *0.053* | Acc: *98.308%* (49154/50000) 
Test epoch: 458 | Loss: *0.699* | Acc: *82.260%* (8226/10000)
Train epoch: 459 | Loss: *0.045* | Acc: *98.676%* (49338/50000) 
Test epoch: 459 | Loss: *0.706* | Acc: *82.560%* (8256/10000)
Train epoch: 460 | Loss: *0.040* | Acc: *98.808%* (49404/50000) 
Test epoch: 460 | Loss: *0.688* | Acc: *83.170%* (8317/10000)
Train epoch: 461 | Loss: *0.055* | Acc: *98.202%* (49101/50000) 
Test epoch: 461 | Loss: *0.737* | Acc: *81.450%* (8145/10000)
Train epoch: 462 | Loss: *0.055* | Acc: *98.252%* (49126/50000) 
Test epoch: 462 | Loss: *0.709* | Acc: *81.990%* (8199/10000)
Train epoch: 463 | Loss: *0.042* | Acc: *98.728%* (49364/50000) 
Test epoch: 463 | Loss: *0.705* | Acc: *82.080%* (8208/10000)
Train epoch: 464 | Loss: *0.046* | Acc: *98.604%* (49302/50000) 
Test epoch: 464 | Loss: *0.744* | Acc: *81.640%* (8164/10000)
Train epoch: 465 | Loss: *0.050* | Acc: *98.428%* (49214/50000) 
Test epoch: 465 | Loss: *0.755* | Acc: *81.160%* (8116/10000)
Train epoch: 466 | Loss: *0.043* | Acc: *98.682%* (49341/50000) 
Test epoch: 466 | Loss: *0.733* | Acc: *81.500%* (8150/10000)
Train epoch: 467 | Loss: *0.039* | Acc: *98.788%* (49394/50000) 
Test epoch: 467 | Loss: *0.704* | Acc: *82.120%* (8212/10000)
Train epoch: 468 | Loss: *0.040* | Acc: *98.776%* (49388/50000) 
Test epoch: 468 | Loss: *0.770* | Acc: *81.060%* (8106/10000)
Train epoch: 469 | Loss: *0.050* | Acc: *98.454%* (49227/50000) 
Test epoch: 469 | Loss: *0.722* | Acc: *82.160%* (8216/10000)
Train epoch: 470 | Loss: *0.042* | Acc: *98.722%* (49361/50000) 
Test epoch: 470 | Loss: *0.691* | Acc: *82.250%* (8225/10000)
Train epoch: 471 | Loss: *0.043* | Acc: *98.698%* (49349/50000) 
Test epoch: 471 | Loss: *0.706* | Acc: *82.450%* (8245/10000)
Train epoch: 472 | Loss: *0.032* | Acc: *99.116%* (49558/50000) 
Test epoch: 472 | Loss: *0.709* | Acc: *82.530%* (8253/10000)
Train epoch: 473 | Loss: *0.038* | Acc: *98.840%* (49420/50000) 
Test epoch: 473 | Loss: *0.777* | Acc: *80.690%* (8069/10000)
Train epoch: 474 | Loss: *0.056* | Acc: *98.174%* (49087/50000) 
Test epoch: 474 | Loss: *0.793* | Acc: *80.760%* (8076/10000)
Train epoch: 475 | Loss: *0.035* | Acc: *99.010%* (49505/50000) 
Test epoch: 475 | Loss: *0.676* | Acc: *82.600%* (8260/10000)
Train epoch: 476 | Loss: *0.031* | Acc: *99.066%* (49533/50000) 
Test epoch: 476 | Loss: *0.704* | Acc: *81.990%* (8199/10000)
Train epoch: 477 | Loss: *0.035* | Acc: *98.990%* (49495/50000) 
Test epoch: 477 | Loss: *0.746* | Acc: *81.310%* (8131/10000)
Train epoch: 478 | Loss: *0.045* | Acc: *98.586%* (49293/50000) 
Test epoch: 478 | Loss: *0.723* | Acc: *81.860%* (8186/10000)
Train epoch: 479 | Loss: *0.043* | Acc: *98.684%* (49342/50000) 
Test epoch: 479 | Loss: *0.724* | Acc: *81.890%* (8189/10000)
Train epoch: 480 | Loss: *0.029* | Acc: *99.178%* (49589/50000) 
Test epoch: 480 | Loss: *0.673* | Acc: *82.950%* (8295/10000)
Train epoch: 481 | Loss: *0.028* | Acc: *99.246%* (49623/50000) 
Test epoch: 481 | Loss: *0.700* | Acc: *82.410%* (8241/10000)
Train epoch: 482 | Loss: *0.044* | Acc: *98.666%* (49333/50000) 
Test epoch: 482 | Loss: *0.690* | Acc: *82.590%* (8259/10000)
Train epoch: 483 | Loss: *0.033* | Acc: *99.052%* (49526/50000) 
Test epoch: 483 | Loss: *0.709* | Acc: *82.630%* (8263/10000)
Train epoch: 484 | Loss: *0.032* | Acc: *99.080%* (49540/50000) 
Test epoch: 484 | Loss: *0.802* | Acc: *80.410%* (8041/10000)
Train epoch: 485 | Loss: *0.040* | Acc: *98.784%* (49392/50000) 
Test epoch: 485 | Loss: *0.709* | Acc: *82.590%* (8259/10000)
Train epoch: 486 | Loss: *0.034* | Acc: *99.046%* (49523/50000) 
Test epoch: 486 | Loss: *0.707* | Acc: *82.290%* (8229/10000)
Train epoch: 487 | Loss: *0.030* | Acc: *99.130%* (49565/50000) 
Test epoch: 487 | Loss: *0.684* | Acc: *82.830%* (8283/10000)
Train epoch: 488 | Loss: *0.028* | Acc: *99.214%* (49607/50000) 
Test epoch: 488 | Loss: *0.705* | Acc: *82.110%* (8211/10000)
Train epoch: 489 | Loss: *0.029* | Acc: *99.188%* (49594/50000) 
Test epoch: 489 | Loss: *0.700* | Acc: *82.130%* (8213/10000)
Train epoch: 490 | Loss: *0.032* | Acc: *99.072%* (49536/50000) 
Test epoch: 490 | Loss: *0.734* | Acc: *81.760%* (8176/10000)
Train epoch: 491 | Loss: *0.037* | Acc: *98.944%* (49472/50000) 
Test epoch: 491 | Loss: *0.709* | Acc: *82.730%* (8273/10000)
Train epoch: 492 | Loss: *0.034* | Acc: *99.040%* (49520/50000) 
Test epoch: 492 | Loss: *0.679* | Acc: *82.630%* (8263/10000)
Train epoch: 493 | Loss: *0.022* | Acc: *99.416%* (49708/50000) 
Test epoch: 493 | Loss: *0.697* | Acc: *82.950%* (8295/10000)
Train epoch: 494 | Loss: *0.017* | Acc: *99.550%* (49775/50000) 
Test epoch: 494 | Loss: *0.671* | Acc: *82.970%* (8297/10000)
Train epoch: 495 | Loss: *0.032* | Acc: *99.074%* (49537/50000) 
Test epoch: 495 | Loss: *0.728* | Acc: *82.160%* (8216/10000)
Train epoch: 496 | Loss: *0.037* | Acc: *98.872%* (49436/50000) 
Test epoch: 496 | Loss: *0.720* | Acc: *82.060%* (8206/10000)
Train epoch: 497 | Loss: *0.030* | Acc: *99.142%* (49571/50000) 
Test epoch: 497 | Loss: *0.687* | Acc: *82.720%* (8272/10000)
Train epoch: 498 | Loss: *0.022* | Acc: *99.440%* (49720/50000) 
Test epoch: 498 | Loss: *0.691* | Acc: *82.930%* (8293/10000)
Train epoch: 499 | Loss: *0.016* | Acc: *99.658%* (49829/50000) 
Test epoch: 499 | Loss: *0.669* | Acc: *83.080%* (8308/10000)
Train epoch: 500 | Loss: *0.022* | Acc: *99.428%* (49714/50000) 
Test epoch: 500 | Loss: *0.734* | Acc: *81.660%* (8166/10000)
Best test accuracy: *84.720%*, loss: *0.5587872168421746*, at epoch: *120*.
==> Execution time summary of 500 epoch(s).
Train data loading time: sum. *297.5805950788781* secs | avg. *0.5951611901577563* secs per epoch.
Train training time: sum. *1885.0855757882819* secs | avg. *3.7701711515765637* secs per epoch.
Train total time: sum. *2182.66617086716* secs | avg. *4.3653323417343195* secs per epoch.
Test data loading time: sum. *115.78592661954463* secs | avg. *0.23157185323908924* secs per epoch.
Test training time: sum. *80.53538883291185* secs | avg. *0.1610707776658237* secs per epoch.
Test total time: sum. *196.32131545245647* secs | avg. *0.39264263090491297* secs per epoch.
Total data loading time: sum. *413.36652169842273* secs | avg. *0.8267330433968455* secs per epoch.
Total training time: sum. *1965.6209646211937* secs | avg. *3.9312419292423875* secs per epoch.
Total running time: sum. *2378.9874863196164* secs | avg. *4.757974972639233* secs per epoch.
==> Number of GPU device: 1
==> Device #0 Memory Usage
==> Allocated: 0.1 GB
==> Cached:    0.8 GB
==> Maximum: 0.8 GB
