==> Running on : cuda
==> Number of CPU: 48
==> Number of workers: 2
==> #Epochs: 500, #Layers: 4, #Blocks: [2, 1, 1, 1], In channel: 64, Input layer conv kernel: 7x7, Residual layer conv kernel 3x3, Skip kernel: 1x1, Input layer conv padding: 2, Residual layer conv padding: 1
==> Optimizer is SGD with Nesterov
==> Momentum: 0.9
==> Learning rate: 0.1
==> Weight decay: 0.0005
==>Trainable Parameters: 4984906
==>Other Parameters: 0
==>Augmentation: None
Files already downloaded and verified
Train epoch: 1 | Loss: *1.585* | Acc: *42.212%* (21106/50000) 
Test epoch: 1 | Loss: *1.991* | Acc: *39.130%* (3913/10000)
Train epoch: 2 | Loss: *1.107* | Acc: *60.458%* (30229/50000) 
Test epoch: 2 | Loss: *1.585* | Acc: *47.390%* (4739/10000)
Train epoch: 3 | Loss: *0.880* | Acc: *68.722%* (34361/50000) 
Test epoch: 3 | Loss: *1.397* | Acc: *56.210%* (5621/10000)
Train epoch: 4 | Loss: *0.713* | Acc: *74.818%* (37409/50000) 
Test epoch: 4 | Loss: *0.820* | Acc: *70.740%* (7074/10000)
Train epoch: 5 | Loss: *0.573* | Acc: *79.920%* (39960/50000) 
Test epoch: 5 | Loss: *1.072* | Acc: *64.100%* (6410/10000)
Train epoch: 6 | Loss: *0.479* | Acc: *83.324%* (41662/50000) 
Test epoch: 6 | Loss: *0.857* | Acc: *71.690%* (7169/10000)
Train epoch: 7 | Loss: *0.418* | Acc: *85.518%* (42759/50000) 
Test epoch: 7 | Loss: *0.869* | Acc: *71.630%* (7163/10000)
Train epoch: 8 | Loss: *0.363* | Acc: *87.376%* (43688/50000) 
Test epoch: 8 | Loss: *0.702* | Acc: *77.870%* (7787/10000)
Train epoch: 9 | Loss: *0.326* | Acc: *88.526%* (44263/50000) 
Test epoch: 9 | Loss: *0.892* | Acc: *71.660%* (7166/10000)
Train epoch: 10 | Loss: *0.290* | Acc: *89.928%* (44964/50000) 
Test epoch: 10 | Loss: *0.622* | Acc: *79.420%* (7942/10000)
Train epoch: 11 | Loss: *0.264* | Acc: *90.906%* (45453/50000) 
Test epoch: 11 | Loss: *0.752* | Acc: *75.960%* (7596/10000)
Train epoch: 12 | Loss: *0.244* | Acc: *91.574%* (45787/50000) 
Test epoch: 12 | Loss: *0.675* | Acc: *77.220%* (7722/10000)
Train epoch: 13 | Loss: *0.236* | Acc: *91.884%* (45942/50000) 
Test epoch: 13 | Loss: *0.770* | Acc: *76.810%* (7681/10000)
Train epoch: 14 | Loss: *0.218* | Acc: *92.434%* (46217/50000) 
Test epoch: 14 | Loss: *0.823* | Acc: *75.550%* (7555/10000)
Train epoch: 15 | Loss: *0.214* | Acc: *92.540%* (46270/50000) 
Test epoch: 15 | Loss: *0.702* | Acc: *77.590%* (7759/10000)
Train epoch: 16 | Loss: *0.202* | Acc: *92.968%* (46484/50000) 
Test epoch: 16 | Loss: *0.794* | Acc: *77.070%* (7707/10000)
Train epoch: 17 | Loss: *0.205* | Acc: *92.768%* (46384/50000) 
Test epoch: 17 | Loss: *0.783* | Acc: *75.590%* (7559/10000)
Train epoch: 18 | Loss: *0.195* | Acc: *93.410%* (46705/50000) 
Test epoch: 18 | Loss: *0.945* | Acc: *73.140%* (7314/10000)
Train epoch: 19 | Loss: *0.192* | Acc: *93.356%* (46678/50000) 
Test epoch: 19 | Loss: *0.963* | Acc: *73.320%* (7332/10000)
Train epoch: 20 | Loss: *0.188* | Acc: *93.584%* (46792/50000) 
Test epoch: 20 | Loss: *0.757* | Acc: *77.450%* (7745/10000)
Train epoch: 21 | Loss: *0.189* | Acc: *93.580%* (46790/50000) 
Test epoch: 21 | Loss: *0.733* | Acc: *78.130%* (7813/10000)
Train epoch: 22 | Loss: *0.174* | Acc: *94.084%* (47042/50000) 
Test epoch: 22 | Loss: *0.931* | Acc: *75.510%* (7551/10000)
Train epoch: 23 | Loss: *0.186* | Acc: *93.542%* (46771/50000) 
Test epoch: 23 | Loss: *0.820* | Acc: *76.650%* (7665/10000)
Train epoch: 24 | Loss: *0.175* | Acc: *93.976%* (46988/50000) 
Test epoch: 24 | Loss: *0.777* | Acc: *76.460%* (7646/10000)
Train epoch: 25 | Loss: *0.171* | Acc: *94.204%* (47102/50000) 
Test epoch: 25 | Loss: *0.815* | Acc: *75.300%* (7530/10000)
Train epoch: 26 | Loss: *0.179* | Acc: *93.810%* (46905/50000) 
Test epoch: 26 | Loss: *0.710* | Acc: *78.180%* (7818/10000)
Train epoch: 27 | Loss: *0.176* | Acc: *93.878%* (46939/50000) 
Test epoch: 27 | Loss: *0.703* | Acc: *78.930%* (7893/10000)
Train epoch: 28 | Loss: *0.167* | Acc: *94.224%* (47112/50000) 
Test epoch: 28 | Loss: *0.752* | Acc: *77.860%* (7786/10000)
Train epoch: 29 | Loss: *0.166* | Acc: *94.272%* (47136/50000) 
Test epoch: 29 | Loss: *0.770* | Acc: *76.300%* (7630/10000)
Train epoch: 30 | Loss: *0.172* | Acc: *94.142%* (47071/50000) 
Test epoch: 30 | Loss: *0.748* | Acc: *77.740%* (7774/10000)
Train epoch: 31 | Loss: *0.172* | Acc: *94.098%* (47049/50000) 
Test epoch: 31 | Loss: *0.669* | Acc: *79.480%* (7948/10000)
Train epoch: 32 | Loss: *0.167* | Acc: *94.242%* (47121/50000) 
Test epoch: 32 | Loss: *0.720* | Acc: *79.090%* (7909/10000)
Train epoch: 33 | Loss: *0.163* | Acc: *94.352%* (47176/50000) 
Test epoch: 33 | Loss: *0.706* | Acc: *77.980%* (7798/10000)
Train epoch: 34 | Loss: *0.157* | Acc: *94.554%* (47277/50000) 
Test epoch: 34 | Loss: *0.748* | Acc: *78.500%* (7850/10000)
Train epoch: 35 | Loss: *0.173* | Acc: *93.968%* (46984/50000) 
Test epoch: 35 | Loss: *0.706* | Acc: *78.960%* (7896/10000)
Train epoch: 36 | Loss: *0.153* | Acc: *94.814%* (47407/50000) 
Test epoch: 36 | Loss: *0.733* | Acc: *78.010%* (7801/10000)
Train epoch: 37 | Loss: *0.153* | Acc: *94.842%* (47421/50000) 
Test epoch: 37 | Loss: *0.784* | Acc: *76.250%* (7625/10000)
Train epoch: 38 | Loss: *0.160* | Acc: *94.484%* (47242/50000) 
Test epoch: 38 | Loss: *0.695* | Acc: *79.150%* (7915/10000)
Train epoch: 39 | Loss: *0.157* | Acc: *94.606%* (47303/50000) 
Test epoch: 39 | Loss: *1.052* | Acc: *73.490%* (7349/10000)
Train epoch: 40 | Loss: *0.159* | Acc: *94.462%* (47231/50000) 
Test epoch: 40 | Loss: *0.643* | Acc: *81.310%* (8131/10000)
Train epoch: 41 | Loss: *0.153* | Acc: *94.752%* (47376/50000) 
Test epoch: 41 | Loss: *0.812* | Acc: *75.920%* (7592/10000)
Train epoch: 42 | Loss: *0.149* | Acc: *94.826%* (47413/50000) 
Test epoch: 42 | Loss: *0.706* | Acc: *78.970%* (7897/10000)
Train epoch: 43 | Loss: *0.149* | Acc: *94.848%* (47424/50000) 
Test epoch: 43 | Loss: *0.815* | Acc: *77.770%* (7777/10000)
Train epoch: 44 | Loss: *0.150* | Acc: *94.894%* (47447/50000) 
Test epoch: 44 | Loss: *0.727* | Acc: *78.530%* (7853/10000)
Train epoch: 45 | Loss: *0.151* | Acc: *94.778%* (47389/50000) 
Test epoch: 45 | Loss: *0.785* | Acc: *78.070%* (7807/10000)
Train epoch: 46 | Loss: *0.146* | Acc: *95.000%* (47500/50000) 
Test epoch: 46 | Loss: *0.817* | Acc: *76.180%* (7618/10000)
Train epoch: 47 | Loss: *0.151* | Acc: *94.844%* (47422/50000) 
Test epoch: 47 | Loss: *0.958* | Acc: *71.340%* (7134/10000)
Train epoch: 48 | Loss: *0.144* | Acc: *94.970%* (47485/50000) 
Test epoch: 48 | Loss: *0.925* | Acc: *74.040%* (7404/10000)
Train epoch: 49 | Loss: *0.143* | Acc: *95.116%* (47558/50000) 
Test epoch: 49 | Loss: *0.703* | Acc: *80.280%* (8028/10000)
Train epoch: 50 | Loss: *0.144* | Acc: *95.144%* (47572/50000) 
Test epoch: 50 | Loss: *0.641* | Acc: *80.650%* (8065/10000)
Train epoch: 51 | Loss: *0.142* | Acc: *95.120%* (47560/50000) 
Test epoch: 51 | Loss: *0.786* | Acc: *77.310%* (7731/10000)
Train epoch: 52 | Loss: *0.140* | Acc: *95.240%* (47620/50000) 
Test epoch: 52 | Loss: *0.672* | Acc: *79.580%* (7958/10000)
Train epoch: 53 | Loss: *0.136* | Acc: *95.370%* (47685/50000) 
Test epoch: 53 | Loss: *0.717* | Acc: *79.050%* (7905/10000)
Train epoch: 54 | Loss: *0.140* | Acc: *95.312%* (47656/50000) 
Test epoch: 54 | Loss: *0.832* | Acc: *76.930%* (7693/10000)
Train epoch: 55 | Loss: *0.136* | Acc: *95.456%* (47728/50000) 
Test epoch: 55 | Loss: *0.790* | Acc: *78.200%* (7820/10000)
Train epoch: 56 | Loss: *0.135* | Acc: *95.458%* (47729/50000) 
Test epoch: 56 | Loss: *0.683* | Acc: *79.390%* (7939/10000)
Train epoch: 57 | Loss: *0.129* | Acc: *95.528%* (47764/50000) 
Test epoch: 57 | Loss: *1.149* | Acc: *71.480%* (7148/10000)
Train epoch: 58 | Loss: *0.136* | Acc: *95.336%* (47668/50000) 
Test epoch: 58 | Loss: *0.832* | Acc: *76.830%* (7683/10000)
Train epoch: 59 | Loss: *0.127* | Acc: *95.780%* (47890/50000) 
Test epoch: 59 | Loss: *0.785* | Acc: *78.560%* (7856/10000)
Train epoch: 60 | Loss: *0.133* | Acc: *95.560%* (47780/50000) 
Test epoch: 60 | Loss: *0.665* | Acc: *80.150%* (8015/10000)
Train epoch: 61 | Loss: *0.130* | Acc: *95.580%* (47790/50000) 
Test epoch: 61 | Loss: *0.877* | Acc: *77.070%* (7707/10000)
Train epoch: 62 | Loss: *0.124* | Acc: *95.798%* (47899/50000) 
Test epoch: 62 | Loss: *0.670* | Acc: *81.180%* (8118/10000)
Train epoch: 63 | Loss: *0.125* | Acc: *95.806%* (47903/50000) 
Test epoch: 63 | Loss: *0.802* | Acc: *77.660%* (7766/10000)
Train epoch: 64 | Loss: *0.125* | Acc: *95.678%* (47839/50000) 
Test epoch: 64 | Loss: *0.828* | Acc: *77.500%* (7750/10000)
Train epoch: 65 | Loss: *0.118* | Acc: *95.984%* (47992/50000) 
Test epoch: 65 | Loss: *1.036* | Acc: *74.670%* (7467/10000)
Train epoch: 66 | Loss: *0.120* | Acc: *95.916%* (47958/50000) 
Test epoch: 66 | Loss: *0.700* | Acc: *79.800%* (7980/10000)
Train epoch: 67 | Loss: *0.123* | Acc: *95.814%* (47907/50000) 
Test epoch: 67 | Loss: *0.711* | Acc: *79.840%* (7984/10000)
Train epoch: 68 | Loss: *0.118* | Acc: *95.940%* (47970/50000) 
Test epoch: 68 | Loss: *0.703* | Acc: *79.930%* (7993/10000)
Train epoch: 69 | Loss: *0.115* | Acc: *96.168%* (48084/50000) 
Test epoch: 69 | Loss: *1.066* | Acc: *71.780%* (7178/10000)
Train epoch: 70 | Loss: *0.115* | Acc: *96.138%* (48069/50000) 
Test epoch: 70 | Loss: *0.753* | Acc: *79.170%* (7917/10000)
Train epoch: 71 | Loss: *0.123* | Acc: *95.800%* (47900/50000) 
Test epoch: 71 | Loss: *0.724* | Acc: *80.140%* (8014/10000)
Train epoch: 72 | Loss: *0.109* | Acc: *96.336%* (48168/50000) 
Test epoch: 72 | Loss: *0.857* | Acc: *77.610%* (7761/10000)
Train epoch: 73 | Loss: *0.111* | Acc: *96.198%* (48099/50000) 
Test epoch: 73 | Loss: *0.687* | Acc: *80.240%* (8024/10000)
Train epoch: 74 | Loss: *0.109* | Acc: *96.346%* (48173/50000) 
Test epoch: 74 | Loss: *0.804* | Acc: *77.250%* (7725/10000)
Train epoch: 75 | Loss: *0.105* | Acc: *96.472%* (48236/50000) 
Test epoch: 75 | Loss: *0.817* | Acc: *78.690%* (7869/10000)
Train epoch: 76 | Loss: *0.110* | Acc: *96.312%* (48156/50000) 
Test epoch: 76 | Loss: *0.878* | Acc: *76.010%* (7601/10000)
Train epoch: 77 | Loss: *0.103* | Acc: *96.532%* (48266/50000) 
Test epoch: 77 | Loss: *0.710* | Acc: *79.650%* (7965/10000)
Train epoch: 78 | Loss: *0.103* | Acc: *96.506%* (48253/50000) 
Test epoch: 78 | Loss: *1.141* | Acc: *71.290%* (7129/10000)
Train epoch: 79 | Loss: *0.107* | Acc: *96.434%* (48217/50000) 
Test epoch: 79 | Loss: *0.904* | Acc: *75.800%* (7580/10000)
Train epoch: 80 | Loss: *0.096* | Acc: *96.724%* (48362/50000) 
Test epoch: 80 | Loss: *0.726* | Acc: *80.110%* (8011/10000)
Train epoch: 81 | Loss: *0.095* | Acc: *96.784%* (48392/50000) 
Test epoch: 81 | Loss: *0.707* | Acc: *80.410%* (8041/10000)
Train epoch: 82 | Loss: *0.101* | Acc: *96.556%* (48278/50000) 
Test epoch: 82 | Loss: *0.853* | Acc: *76.710%* (7671/10000)
Train epoch: 83 | Loss: *0.099* | Acc: *96.710%* (48355/50000) 
Test epoch: 83 | Loss: *0.770* | Acc: *78.800%* (7880/10000)
Train epoch: 84 | Loss: *0.093* | Acc: *96.862%* (48431/50000) 
Test epoch: 84 | Loss: *0.875* | Acc: *77.250%* (7725/10000)
Train epoch: 85 | Loss: *0.090* | Acc: *97.080%* (48540/50000) 
Test epoch: 85 | Loss: *0.688* | Acc: *81.450%* (8145/10000)
Train epoch: 86 | Loss: *0.092* | Acc: *96.908%* (48454/50000) 
Test epoch: 86 | Loss: *0.929* | Acc: *76.430%* (7643/10000)
Train epoch: 87 | Loss: *0.092* | Acc: *96.906%* (48453/50000) 
Test epoch: 87 | Loss: *0.732* | Acc: *79.640%* (7964/10000)
Train epoch: 88 | Loss: *0.081* | Acc: *97.346%* (48673/50000) 
Test epoch: 88 | Loss: *0.827* | Acc: *77.800%* (7780/10000)
Train epoch: 89 | Loss: *0.097* | Acc: *96.736%* (48368/50000) 
Test epoch: 89 | Loss: *0.812* | Acc: *77.550%* (7755/10000)
Train epoch: 90 | Loss: *0.078* | Acc: *97.400%* (48700/50000) 
Test epoch: 90 | Loss: *0.693* | Acc: *81.540%* (8154/10000)
Train epoch: 91 | Loss: *0.082* | Acc: *97.264%* (48632/50000) 
Test epoch: 91 | Loss: *0.929* | Acc: *77.430%* (7743/10000)
Train epoch: 92 | Loss: *0.089* | Acc: *97.074%* (48537/50000) 
Test epoch: 92 | Loss: *0.812* | Acc: *79.580%* (7958/10000)
Train epoch: 93 | Loss: *0.084* | Acc: *97.182%* (48591/50000) 
Test epoch: 93 | Loss: *0.656* | Acc: *81.740%* (8174/10000)
Train epoch: 94 | Loss: *0.064* | Acc: *97.970%* (48985/50000) 
Test epoch: 94 | Loss: *1.029* | Acc: *75.080%* (7508/10000)
Train epoch: 95 | Loss: *0.076* | Acc: *97.496%* (48748/50000) 
Test epoch: 95 | Loss: *0.740* | Acc: *79.780%* (7978/10000)
Train epoch: 96 | Loss: *0.091* | Acc: *96.892%* (48446/50000) 
Test epoch: 96 | Loss: *0.916* | Acc: *75.400%* (7540/10000)
Train epoch: 97 | Loss: *0.071* | Acc: *97.648%* (48824/50000) 
Test epoch: 97 | Loss: *0.665* | Acc: *80.810%* (8081/10000)
Train epoch: 98 | Loss: *0.069* | Acc: *97.718%* (48859/50000) 
Test epoch: 98 | Loss: *0.883* | Acc: *76.900%* (7690/10000)
Train epoch: 99 | Loss: *0.066* | Acc: *97.826%* (48913/50000) 
Test epoch: 99 | Loss: *0.698* | Acc: *81.220%* (8122/10000)
Train epoch: 100 | Loss: *0.069* | Acc: *97.724%* (48862/50000) 
Test epoch: 100 | Loss: *0.688* | Acc: *81.970%* (8197/10000)
Train epoch: 101 | Loss: *0.082* | Acc: *97.300%* (48650/50000) 
Test epoch: 101 | Loss: *0.720* | Acc: *80.290%* (8029/10000)
Train epoch: 102 | Loss: *0.065* | Acc: *97.872%* (48936/50000) 
Test epoch: 102 | Loss: *0.734* | Acc: *80.910%* (8091/10000)
Train epoch: 103 | Loss: *0.059* | Acc: *98.136%* (49068/50000) 
Test epoch: 103 | Loss: *0.680* | Acc: *81.820%* (8182/10000)
Train epoch: 104 | Loss: *0.062* | Acc: *98.048%* (49024/50000) 
Test epoch: 104 | Loss: *0.700* | Acc: *81.210%* (8121/10000)
Train epoch: 105 | Loss: *0.067* | Acc: *97.846%* (48923/50000) 
Test epoch: 105 | Loss: *0.694* | Acc: *80.650%* (8065/10000)
Train epoch: 106 | Loss: *0.055* | Acc: *98.308%* (49154/50000) 
Test epoch: 106 | Loss: *0.723* | Acc: *80.790%* (8079/10000)
Train epoch: 107 | Loss: *0.059* | Acc: *98.046%* (49023/50000) 
Test epoch: 107 | Loss: *1.048* | Acc: *75.170%* (7517/10000)
Train epoch: 108 | Loss: *0.055* | Acc: *98.248%* (49124/50000) 
Test epoch: 108 | Loss: *0.741* | Acc: *80.330%* (8033/10000)
Train epoch: 109 | Loss: *0.052* | Acc: *98.370%* (49185/50000) 
Test epoch: 109 | Loss: *0.686* | Acc: *81.710%* (8171/10000)
Train epoch: 110 | Loss: *0.038* | Acc: *98.852%* (49426/50000) 
Test epoch: 110 | Loss: *0.797* | Acc: *79.740%* (7974/10000)
Train epoch: 111 | Loss: *0.055* | Acc: *98.226%* (49113/50000) 
Test epoch: 111 | Loss: *0.969* | Acc: *76.720%* (7672/10000)
Train epoch: 112 | Loss: *0.073* | Acc: *97.552%* (48776/50000) 
Test epoch: 112 | Loss: *0.664* | Acc: *81.720%* (8172/10000)
Train epoch: 113 | Loss: *0.054* | Acc: *98.282%* (49141/50000) 
Test epoch: 113 | Loss: *0.697* | Acc: *82.660%* (8266/10000)
Train epoch: 114 | Loss: *0.038* | Acc: *98.870%* (49435/50000) 
Test epoch: 114 | Loss: *0.680* | Acc: *82.560%* (8256/10000)
Train epoch: 115 | Loss: *0.020* | Acc: *99.514%* (49757/50000) 
Test epoch: 115 | Loss: *0.573* | Acc: *84.210%* (8421/10000)
Train epoch: 116 | Loss: *0.011* | Acc: *99.832%* (49916/50000) 
Test epoch: 116 | Loss: *0.483* | Acc: *86.180%* (8618/10000)
Train epoch: 117 | Loss: *0.003* | Acc: *99.988%* (49994/50000) 
Test epoch: 117 | Loss: *0.431* | Acc: *87.400%* (8740/10000)
Train epoch: 118 | Loss: *0.002* | Acc: *100.000%* (50000/50000) 
Test epoch: 118 | Loss: *0.400* | Acc: *87.980%* (8798/10000)
Train epoch: 119 | Loss: *0.002* | Acc: *100.000%* (50000/50000) 
Test epoch: 119 | Loss: *0.388* | Acc: *88.070%* (8807/10000)
Train epoch: 120 | Loss: *0.002* | Acc: *100.000%* (50000/50000) 
Test epoch: 120 | Loss: *0.381* | Acc: *88.220%* (8822/10000)
Train epoch: 121 | Loss: *0.002* | Acc: *100.000%* (50000/50000) 
Test epoch: 121 | Loss: *0.378* | Acc: *88.040%* (8804/10000)
Train epoch: 122 | Loss: *0.003* | Acc: *100.000%* (50000/50000) 
Test epoch: 122 | Loss: *0.373* | Acc: *88.170%* (8817/10000)
Train epoch: 123 | Loss: *0.003* | Acc: *100.000%* (50000/50000) 
Test epoch: 123 | Loss: *0.373* | Acc: *88.060%* (8806/10000)
Train epoch: 124 | Loss: *0.003* | Acc: *100.000%* (50000/50000) 
Test epoch: 124 | Loss: *0.371* | Acc: *88.250%* (8825/10000)
Train epoch: 125 | Loss: *0.003* | Acc: *100.000%* (50000/50000) 
Test epoch: 125 | Loss: *0.368* | Acc: *88.400%* (8840/10000)
Train epoch: 126 | Loss: *0.002* | Acc: *100.000%* (50000/50000) 
Test epoch: 126 | Loss: *0.369* | Acc: *88.370%* (8837/10000)
Train epoch: 127 | Loss: *0.002* | Acc: *100.000%* (50000/50000) 
Test epoch: 127 | Loss: *0.370* | Acc: *88.460%* (8846/10000)
Train epoch: 128 | Loss: *0.002* | Acc: *100.000%* (50000/50000) 
Test epoch: 128 | Loss: *0.372* | Acc: *88.340%* (8834/10000)
Train epoch: 129 | Loss: *0.002* | Acc: *100.000%* (50000/50000) 
Test epoch: 129 | Loss: *0.370* | Acc: *88.290%* (8829/10000)
Train epoch: 130 | Loss: *0.002* | Acc: *100.000%* (50000/50000) 
Test epoch: 130 | Loss: *0.370* | Acc: *88.480%* (8848/10000)
Train epoch: 131 | Loss: *0.002* | Acc: *100.000%* (50000/50000) 
Test epoch: 131 | Loss: *0.372* | Acc: *88.250%* (8825/10000)
Train epoch: 132 | Loss: *0.002* | Acc: *100.000%* (50000/50000) 
Test epoch: 132 | Loss: *0.373* | Acc: *88.290%* (8829/10000)
Train epoch: 133 | Loss: *0.002* | Acc: *100.000%* (50000/50000) 
Test epoch: 133 | Loss: *0.373* | Acc: *88.370%* (8837/10000)
Train epoch: 134 | Loss: *0.002* | Acc: *100.000%* (50000/50000) 
Test epoch: 134 | Loss: *0.379* | Acc: *87.910%* (8791/10000)
Train epoch: 135 | Loss: *0.002* | Acc: *100.000%* (50000/50000) 
Test epoch: 135 | Loss: *0.380* | Acc: *88.270%* (8827/10000)
Train epoch: 136 | Loss: *0.002* | Acc: *100.000%* (50000/50000) 
Test epoch: 136 | Loss: *0.381* | Acc: *88.220%* (8822/10000)
Train epoch: 137 | Loss: *0.002* | Acc: *100.000%* (50000/50000) 
Test epoch: 137 | Loss: *0.387* | Acc: *87.900%* (8790/10000)
Train epoch: 138 | Loss: *0.002* | Acc: *100.000%* (50000/50000) 
Test epoch: 138 | Loss: *0.389* | Acc: *87.660%* (8766/10000)
Train epoch: 139 | Loss: *0.002* | Acc: *100.000%* (50000/50000) 
Test epoch: 139 | Loss: *0.400* | Acc: *87.560%* (8756/10000)
Train epoch: 140 | Loss: *0.002* | Acc: *100.000%* (50000/50000) 
Test epoch: 140 | Loss: *0.394* | Acc: *87.740%* (8774/10000)
Train epoch: 141 | Loss: *0.011* | Acc: *99.822%* (49911/50000) 
Test epoch: 141 | Loss: *382.814* | Acc: *10.400%* (1040/10000)
Train epoch: 142 | Loss: *1.657* | Acc: *38.776%* (19388/50000) 
Test epoch: 142 | Loss: *1.802* | Acc: *40.040%* (4004/10000)
Train epoch: 143 | Loss: *1.193* | Acc: *57.258%* (28629/50000) 
Test epoch: 143 | Loss: *1.226* | Acc: *56.530%* (5653/10000)
Train epoch: 144 | Loss: *0.938* | Acc: *66.794%* (33397/50000) 
Test epoch: 144 | Loss: *0.970* | Acc: *65.110%* (6511/10000)
Train epoch: 145 | Loss: *0.747* | Acc: *73.968%* (36984/50000) 
Test epoch: 145 | Loss: *0.888* | Acc: *69.120%* (6912/10000)
Train epoch: 146 | Loss: *0.615* | Acc: *78.478%* (39239/50000) 
Test epoch: 146 | Loss: *0.807* | Acc: *71.920%* (7192/10000)
Train epoch: 147 | Loss: *0.505* | Acc: *82.486%* (41243/50000) 
Test epoch: 147 | Loss: *0.857* | Acc: *71.530%* (7153/10000)
Train epoch: 148 | Loss: *0.415* | Acc: *85.588%* (42794/50000) 
Test epoch: 148 | Loss: *0.686* | Acc: *76.930%* (7693/10000)
Train epoch: 149 | Loss: *0.333* | Acc: *88.512%* (44256/50000) 
Test epoch: 149 | Loss: *0.871* | Acc: *71.430%* (7143/10000)
Train epoch: 150 | Loss: *0.244* | Acc: *91.652%* (45826/50000) 
Test epoch: 150 | Loss: *0.773* | Acc: *75.290%* (7529/10000)
Train epoch: 151 | Loss: *0.185* | Acc: *93.810%* (46905/50000) 
Test epoch: 151 | Loss: *0.818* | Acc: *76.000%* (7600/10000)
Train epoch: 152 | Loss: *0.131* | Acc: *95.690%* (47845/50000) 
Test epoch: 152 | Loss: *0.860* | Acc: *76.930%* (7693/10000)
Train epoch: 153 | Loss: *0.086* | Acc: *97.328%* (48664/50000) 
Test epoch: 153 | Loss: *0.887* | Acc: *76.390%* (7639/10000)
Train epoch: 154 | Loss: *0.060* | Acc: *98.288%* (49144/50000) 
Test epoch: 154 | Loss: *0.803* | Acc: *78.570%* (7857/10000)
Train epoch: 155 | Loss: *0.032* | Acc: *99.254%* (49627/50000) 
Test epoch: 155 | Loss: *0.779* | Acc: *80.120%* (8012/10000)
Train epoch: 156 | Loss: *0.013* | Acc: *99.874%* (49937/50000) 
Test epoch: 156 | Loss: *0.748* | Acc: *80.860%* (8086/10000)
Train epoch: 157 | Loss: *0.005* | Acc: *99.982%* (49991/50000) 
Test epoch: 157 | Loss: *0.714* | Acc: *81.680%* (8168/10000)
Train epoch: 158 | Loss: *0.003* | Acc: *100.000%* (50000/50000) 
Test epoch: 158 | Loss: *0.697* | Acc: *81.860%* (8186/10000)
Train epoch: 159 | Loss: *0.003* | Acc: *100.000%* (50000/50000) 
Test epoch: 159 | Loss: *0.694* | Acc: *81.840%* (8184/10000)
Train epoch: 160 | Loss: *0.002* | Acc: *100.000%* (50000/50000) 
Test epoch: 160 | Loss: *0.683* | Acc: *81.880%* (8188/10000)
Train epoch: 161 | Loss: *0.002* | Acc: *100.000%* (50000/50000) 
Test epoch: 161 | Loss: *0.676* | Acc: *81.990%* (8199/10000)
Train epoch: 162 | Loss: *0.002* | Acc: *100.000%* (50000/50000) 
Test epoch: 162 | Loss: *0.672* | Acc: *81.850%* (8185/10000)
Train epoch: 163 | Loss: *0.002* | Acc: *100.000%* (50000/50000) 
Test epoch: 163 | Loss: *0.662* | Acc: *81.840%* (8184/10000)
Train epoch: 164 | Loss: *0.002* | Acc: *100.000%* (50000/50000) 
Test epoch: 164 | Loss: *0.659* | Acc: *82.010%* (8201/10000)
Train epoch: 165 | Loss: *0.002* | Acc: *100.000%* (50000/50000) 
Test epoch: 165 | Loss: *0.656* | Acc: *81.990%* (8199/10000)
Train epoch: 166 | Loss: *0.002* | Acc: *100.000%* (50000/50000) 
Test epoch: 166 | Loss: *0.651* | Acc: *81.900%* (8190/10000)
Train epoch: 167 | Loss: *0.003* | Acc: *100.000%* (50000/50000) 
Test epoch: 167 | Loss: *0.648* | Acc: *81.950%* (8195/10000)
Train epoch: 168 | Loss: *0.003* | Acc: *100.000%* (50000/50000) 
Test epoch: 168 | Loss: *0.648* | Acc: *81.850%* (8185/10000)
Train epoch: 169 | Loss: *0.003* | Acc: *99.998%* (49999/50000) 
Test epoch: 169 | Loss: *0.645* | Acc: *81.890%* (8189/10000)
Train epoch: 170 | Loss: *0.003* | Acc: *100.000%* (50000/50000) 
Test epoch: 170 | Loss: *0.640* | Acc: *81.880%* (8188/10000)
Train epoch: 171 | Loss: *0.003* | Acc: *100.000%* (50000/50000) 
Test epoch: 171 | Loss: *0.639* | Acc: *81.940%* (8194/10000)
Train epoch: 172 | Loss: *0.003* | Acc: *100.000%* (50000/50000) 
Test epoch: 172 | Loss: *0.640* | Acc: *81.940%* (8194/10000)
Train epoch: 173 | Loss: *0.003* | Acc: *100.000%* (50000/50000) 
Test epoch: 173 | Loss: *0.638* | Acc: *81.850%* (8185/10000)
Train epoch: 174 | Loss: *0.003* | Acc: *100.000%* (50000/50000) 
Test epoch: 174 | Loss: *0.633* | Acc: *81.890%* (8189/10000)
Train epoch: 175 | Loss: *0.003* | Acc: *100.000%* (50000/50000) 
Test epoch: 175 | Loss: *0.634* | Acc: *81.890%* (8189/10000)
Train epoch: 176 | Loss: *0.003* | Acc: *100.000%* (50000/50000) 
Test epoch: 176 | Loss: *0.631* | Acc: *81.870%* (8187/10000)
Train epoch: 177 | Loss: *0.003* | Acc: *100.000%* (50000/50000) 
Test epoch: 177 | Loss: *0.631* | Acc: *81.850%* (8185/10000)
Train epoch: 178 | Loss: *0.003* | Acc: *100.000%* (50000/50000) 
Test epoch: 178 | Loss: *0.631* | Acc: *82.020%* (8202/10000)
Train epoch: 179 | Loss: *0.003* | Acc: *100.000%* (50000/50000) 
Test epoch: 179 | Loss: *0.630* | Acc: *81.750%* (8175/10000)
Train epoch: 180 | Loss: *0.003* | Acc: *100.000%* (50000/50000) 
Test epoch: 180 | Loss: *0.628* | Acc: *81.930%* (8193/10000)
Train epoch: 181 | Loss: *0.003* | Acc: *100.000%* (50000/50000) 
Test epoch: 181 | Loss: *0.630* | Acc: *81.900%* (8190/10000)
Train epoch: 182 | Loss: *0.003* | Acc: *100.000%* (50000/50000) 
Test epoch: 182 | Loss: *0.631* | Acc: *81.890%* (8189/10000)
Train epoch: 183 | Loss: *0.003* | Acc: *100.000%* (50000/50000) 
Test epoch: 183 | Loss: *0.628* | Acc: *82.030%* (8203/10000)
Train epoch: 184 | Loss: *0.003* | Acc: *100.000%* (50000/50000) 
Test epoch: 184 | Loss: *0.626* | Acc: *81.900%* (8190/10000)
Train epoch: 185 | Loss: *0.003* | Acc: *100.000%* (50000/50000) 
Test epoch: 185 | Loss: *0.627* | Acc: *81.810%* (8181/10000)
Train epoch: 186 | Loss: *0.003* | Acc: *100.000%* (50000/50000) 
Test epoch: 186 | Loss: *0.630* | Acc: *81.860%* (8186/10000)
Train epoch: 187 | Loss: *0.003* | Acc: *100.000%* (50000/50000) 
Test epoch: 187 | Loss: *0.629* | Acc: *81.970%* (8197/10000)
Train epoch: 188 | Loss: *0.003* | Acc: *100.000%* (50000/50000) 
Test epoch: 188 | Loss: *0.628* | Acc: *81.980%* (8198/10000)
Train epoch: 189 | Loss: *0.003* | Acc: *100.000%* (50000/50000) 
Test epoch: 189 | Loss: *0.627* | Acc: *81.980%* (8198/10000)
Train epoch: 190 | Loss: *0.003* | Acc: *100.000%* (50000/50000) 
Test epoch: 190 | Loss: *0.626* | Acc: *81.870%* (8187/10000)
Train epoch: 191 | Loss: *0.003* | Acc: *100.000%* (50000/50000) 
Test epoch: 191 | Loss: *0.628* | Acc: *81.890%* (8189/10000)
Train epoch: 192 | Loss: *0.003* | Acc: *100.000%* (50000/50000) 
Test epoch: 192 | Loss: *0.629* | Acc: *81.960%* (8196/10000)
Train epoch: 193 | Loss: *0.003* | Acc: *100.000%* (50000/50000) 
Test epoch: 193 | Loss: *0.628* | Acc: *81.860%* (8186/10000)
Train epoch: 194 | Loss: *0.003* | Acc: *100.000%* (50000/50000) 
Test epoch: 194 | Loss: *0.626* | Acc: *81.900%* (8190/10000)
Train epoch: 195 | Loss: *0.003* | Acc: *100.000%* (50000/50000) 
Test epoch: 195 | Loss: *0.627* | Acc: *81.850%* (8185/10000)
Train epoch: 196 | Loss: *0.003* | Acc: *100.000%* (50000/50000) 
Test epoch: 196 | Loss: *0.626* | Acc: *81.940%* (8194/10000)
Train epoch: 197 | Loss: *0.003* | Acc: *100.000%* (50000/50000) 
Test epoch: 197 | Loss: *0.625* | Acc: *81.980%* (8198/10000)
Train epoch: 198 | Loss: *0.003* | Acc: *100.000%* (50000/50000) 
Test epoch: 198 | Loss: *0.626* | Acc: *81.860%* (8186/10000)
Train epoch: 199 | Loss: *0.003* | Acc: *100.000%* (50000/50000) 
Test epoch: 199 | Loss: *0.628* | Acc: *81.840%* (8184/10000)
Train epoch: 200 | Loss: *0.003* | Acc: *100.000%* (50000/50000) 
Test epoch: 200 | Loss: *0.623* | Acc: *81.940%* (8194/10000)
Train epoch: 201 | Loss: *0.003* | Acc: *100.000%* (50000/50000) 
Test epoch: 201 | Loss: *0.626* | Acc: *81.900%* (8190/10000)
Train epoch: 202 | Loss: *0.003* | Acc: *100.000%* (50000/50000) 
Test epoch: 202 | Loss: *0.627* | Acc: *82.000%* (8200/10000)
Train epoch: 203 | Loss: *0.003* | Acc: *100.000%* (50000/50000) 
Test epoch: 203 | Loss: *0.626* | Acc: *81.910%* (8191/10000)
Train epoch: 204 | Loss: *0.003* | Acc: *100.000%* (50000/50000) 
Test epoch: 204 | Loss: *0.628* | Acc: *81.840%* (8184/10000)
Train epoch: 205 | Loss: *0.003* | Acc: *100.000%* (50000/50000) 
Test epoch: 205 | Loss: *0.625* | Acc: *81.960%* (8196/10000)
Train epoch: 206 | Loss: *0.003* | Acc: *100.000%* (50000/50000) 
Test epoch: 206 | Loss: *0.626* | Acc: *81.850%* (8185/10000)
Train epoch: 207 | Loss: *0.003* | Acc: *100.000%* (50000/50000) 
Test epoch: 207 | Loss: *0.624* | Acc: *81.740%* (8174/10000)
Train epoch: 208 | Loss: *0.003* | Acc: *100.000%* (50000/50000) 
Test epoch: 208 | Loss: *0.628* | Acc: *81.860%* (8186/10000)
Train epoch: 209 | Loss: *0.003* | Acc: *100.000%* (50000/50000) 
Test epoch: 209 | Loss: *0.627* | Acc: *81.900%* (8190/10000)
Train epoch: 210 | Loss: *0.003* | Acc: *100.000%* (50000/50000) 
Test epoch: 210 | Loss: *0.628* | Acc: *81.910%* (8191/10000)
Train epoch: 211 | Loss: *0.003* | Acc: *100.000%* (50000/50000) 
Test epoch: 211 | Loss: *0.623* | Acc: *81.940%* (8194/10000)
Train epoch: 212 | Loss: *0.003* | Acc: *100.000%* (50000/50000) 
Test epoch: 212 | Loss: *0.625* | Acc: *81.950%* (8195/10000)
Train epoch: 213 | Loss: *0.003* | Acc: *100.000%* (50000/50000) 
Test epoch: 213 | Loss: *0.624* | Acc: *81.850%* (8185/10000)
Train epoch: 214 | Loss: *0.003* | Acc: *100.000%* (50000/50000) 
Test epoch: 214 | Loss: *0.624* | Acc: *81.970%* (8197/10000)
Train epoch: 215 | Loss: *0.003* | Acc: *100.000%* (50000/50000) 
Test epoch: 215 | Loss: *0.626* | Acc: *81.870%* (8187/10000)
Train epoch: 216 | Loss: *0.003* | Acc: *100.000%* (50000/50000) 
Test epoch: 216 | Loss: *0.622* | Acc: *81.900%* (8190/10000)
Train epoch: 217 | Loss: *0.003* | Acc: *100.000%* (50000/50000) 
Test epoch: 217 | Loss: *0.622* | Acc: *81.920%* (8192/10000)
Train epoch: 218 | Loss: *0.003* | Acc: *100.000%* (50000/50000) 
Test epoch: 218 | Loss: *0.623* | Acc: *81.950%* (8195/10000)
Train epoch: 219 | Loss: *0.003* | Acc: *100.000%* (50000/50000) 
Test epoch: 219 | Loss: *0.621* | Acc: *81.980%* (8198/10000)
Train epoch: 220 | Loss: *0.003* | Acc: *100.000%* (50000/50000) 
Test epoch: 220 | Loss: *0.622* | Acc: *81.920%* (8192/10000)
Train epoch: 221 | Loss: *0.003* | Acc: *100.000%* (50000/50000) 
Test epoch: 221 | Loss: *0.623* | Acc: *82.010%* (8201/10000)
Train epoch: 222 | Loss: *0.003* | Acc: *100.000%* (50000/50000) 
Test epoch: 222 | Loss: *0.622* | Acc: *81.970%* (8197/10000)
Train epoch: 223 | Loss: *0.003* | Acc: *100.000%* (50000/50000) 
Test epoch: 223 | Loss: *0.623* | Acc: *81.930%* (8193/10000)
Train epoch: 224 | Loss: *0.003* | Acc: *100.000%* (50000/50000) 
Test epoch: 224 | Loss: *0.620* | Acc: *81.990%* (8199/10000)
Train epoch: 225 | Loss: *0.003* | Acc: *100.000%* (50000/50000) 
Test epoch: 225 | Loss: *0.618* | Acc: *81.690%* (8169/10000)
Train epoch: 226 | Loss: *0.003* | Acc: *100.000%* (50000/50000) 
Test epoch: 226 | Loss: *0.619* | Acc: *81.730%* (8173/10000)
Train epoch: 227 | Loss: *0.003* | Acc: *100.000%* (50000/50000) 
Test epoch: 227 | Loss: *0.620* | Acc: *81.800%* (8180/10000)
Train epoch: 228 | Loss: *0.003* | Acc: *100.000%* (50000/50000) 
Test epoch: 228 | Loss: *0.620* | Acc: *81.820%* (8182/10000)
Train epoch: 229 | Loss: *0.003* | Acc: *100.000%* (50000/50000) 
Test epoch: 229 | Loss: *0.621* | Acc: *81.840%* (8184/10000)
Train epoch: 230 | Loss: *0.003* | Acc: *100.000%* (50000/50000) 
Test epoch: 230 | Loss: *0.617* | Acc: *81.880%* (8188/10000)
Train epoch: 231 | Loss: *0.003* | Acc: *100.000%* (50000/50000) 
Test epoch: 231 | Loss: *0.617* | Acc: *81.860%* (8186/10000)
Train epoch: 232 | Loss: *0.003* | Acc: *100.000%* (50000/50000) 
Test epoch: 232 | Loss: *0.619* | Acc: *81.750%* (8175/10000)
Train epoch: 233 | Loss: *0.003* | Acc: *100.000%* (50000/50000) 
Test epoch: 233 | Loss: *0.618* | Acc: *81.810%* (8181/10000)
Train epoch: 234 | Loss: *0.003* | Acc: *100.000%* (50000/50000) 
Test epoch: 234 | Loss: *0.617* | Acc: *81.840%* (8184/10000)
Train epoch: 235 | Loss: *0.003* | Acc: *100.000%* (50000/50000) 
Test epoch: 235 | Loss: *0.615* | Acc: *81.900%* (8190/10000)
Train epoch: 236 | Loss: *0.003* | Acc: *100.000%* (50000/50000) 
Test epoch: 236 | Loss: *0.615* | Acc: *81.720%* (8172/10000)
Train epoch: 237 | Loss: *0.003* | Acc: *100.000%* (50000/50000) 
Test epoch: 237 | Loss: *0.615* | Acc: *81.550%* (8155/10000)
Train epoch: 238 | Loss: *0.003* | Acc: *100.000%* (50000/50000) 
Test epoch: 238 | Loss: *0.615* | Acc: *81.780%* (8178/10000)
Train epoch: 239 | Loss: *0.003* | Acc: *100.000%* (50000/50000) 
Test epoch: 239 | Loss: *0.614* | Acc: *81.810%* (8181/10000)
Train epoch: 240 | Loss: *0.003* | Acc: *100.000%* (50000/50000) 
Test epoch: 240 | Loss: *0.619* | Acc: *81.640%* (8164/10000)
Train epoch: 241 | Loss: *0.003* | Acc: *100.000%* (50000/50000) 
Test epoch: 241 | Loss: *0.614* | Acc: *81.780%* (8178/10000)
Train epoch: 242 | Loss: *0.003* | Acc: *100.000%* (50000/50000) 
Test epoch: 242 | Loss: *0.619* | Acc: *81.560%* (8156/10000)
Train epoch: 243 | Loss: *0.003* | Acc: *100.000%* (50000/50000) 
Test epoch: 243 | Loss: *0.617* | Acc: *81.460%* (8146/10000)
Train epoch: 244 | Loss: *0.003* | Acc: *100.000%* (50000/50000) 
Test epoch: 244 | Loss: *0.615* | Acc: *81.650%* (8165/10000)
Train epoch: 245 | Loss: *0.003* | Acc: *100.000%* (50000/50000) 
Test epoch: 245 | Loss: *0.617* | Acc: *81.480%* (8148/10000)
Train epoch: 246 | Loss: *0.003* | Acc: *100.000%* (50000/50000) 
Test epoch: 246 | Loss: *0.619* | Acc: *81.340%* (8134/10000)
Train epoch: 247 | Loss: *0.003* | Acc: *100.000%* (50000/50000) 
Test epoch: 247 | Loss: *0.624* | Acc: *81.250%* (8125/10000)
Train epoch: 248 | Loss: *0.003* | Acc: *100.000%* (50000/50000) 
Test epoch: 248 | Loss: *0.624* | Acc: *81.310%* (8131/10000)
Train epoch: 249 | Loss: *0.003* | Acc: *100.000%* (50000/50000) 
Test epoch: 249 | Loss: *0.639* | Acc: *80.960%* (8096/10000)
Train epoch: 250 | Loss: *0.003* | Acc: *100.000%* (50000/50000) 
Test epoch: 250 | Loss: *0.621* | Acc: *81.110%* (8111/10000)
Train epoch: 251 | Loss: *0.241* | Acc: *91.690%* (45845/50000) 
Test epoch: 251 | Loss: *1.047* | Acc: *64.250%* (6425/10000)
Train epoch: 252 | Loss: *0.550* | Acc: *80.856%* (40428/50000) 
Test epoch: 252 | Loss: *0.783* | Acc: *72.750%* (7275/10000)
Train epoch: 253 | Loss: *0.382* | Acc: *86.796%* (43398/50000) 
Test epoch: 253 | Loss: *0.639* | Acc: *78.070%* (7807/10000)
Train epoch: 254 | Loss: *0.280* | Acc: *90.350%* (45175/50000) 
Test epoch: 254 | Loss: *0.799* | Acc: *75.240%* (7524/10000)
Train epoch: 255 | Loss: *0.209* | Acc: *92.916%* (46458/50000) 
Test epoch: 255 | Loss: *0.890* | Acc: *73.840%* (7384/10000)
Train epoch: 256 | Loss: *0.170* | Acc: *94.222%* (47111/50000) 
Test epoch: 256 | Loss: *1.039* | Acc: *71.760%* (7176/10000)
Train epoch: 257 | Loss: *0.138* | Acc: *95.354%* (47677/50000) 
Test epoch: 257 | Loss: *0.881* | Acc: *76.000%* (7600/10000)
Train epoch: 258 | Loss: *0.114* | Acc: *96.104%* (48052/50000) 
Test epoch: 258 | Loss: *0.861* | Acc: *76.890%* (7689/10000)
Train epoch: 259 | Loss: *0.105* | Acc: *96.506%* (48253/50000) 
Test epoch: 259 | Loss: *1.005* | Acc: *74.340%* (7434/10000)
Train epoch: 260 | Loss: *0.090* | Acc: *97.014%* (48507/50000) 
Test epoch: 260 | Loss: *0.792* | Acc: *78.730%* (7873/10000)
Train epoch: 261 | Loss: *0.092* | Acc: *96.898%* (48449/50000) 
Test epoch: 261 | Loss: *0.872* | Acc: *76.800%* (7680/10000)
Train epoch: 262 | Loss: *0.086* | Acc: *97.218%* (48609/50000) 
Test epoch: 262 | Loss: *0.820* | Acc: *78.360%* (7836/10000)
Train epoch: 263 | Loss: *0.078* | Acc: *97.376%* (48688/50000) 
Test epoch: 263 | Loss: *0.953* | Acc: *75.660%* (7566/10000)
Train epoch: 264 | Loss: *0.087* | Acc: *97.060%* (48530/50000) 
Test epoch: 264 | Loss: *0.919* | Acc: *76.520%* (7652/10000)
Train epoch: 265 | Loss: *0.080* | Acc: *97.410%* (48705/50000) 
Test epoch: 265 | Loss: *0.847* | Acc: *78.560%* (7856/10000)
Train epoch: 266 | Loss: *0.066* | Acc: *97.842%* (48921/50000) 
Test epoch: 266 | Loss: *1.079* | Acc: *75.520%* (7552/10000)
Train epoch: 267 | Loss: *0.075* | Acc: *97.502%* (48751/50000) 
Test epoch: 267 | Loss: *0.954* | Acc: *76.670%* (7667/10000)
Train epoch: 268 | Loss: *0.092* | Acc: *96.988%* (48494/50000) 
Test epoch: 268 | Loss: *1.129* | Acc: *72.600%* (7260/10000)
Train epoch: 269 | Loss: *0.094* | Acc: *96.862%* (48431/50000) 
Test epoch: 269 | Loss: *0.976* | Acc: *75.940%* (7594/10000)
Train epoch: 270 | Loss: *0.076* | Acc: *97.536%* (48768/50000) 
Test epoch: 270 | Loss: *0.841* | Acc: *78.820%* (7882/10000)
Train epoch: 271 | Loss: *0.068* | Acc: *97.812%* (48906/50000) 
Test epoch: 271 | Loss: *0.863* | Acc: *77.950%* (7795/10000)
Train epoch: 272 | Loss: *0.093* | Acc: *96.802%* (48401/50000) 
Test epoch: 272 | Loss: *0.888* | Acc: *76.890%* (7689/10000)
Train epoch: 273 | Loss: *0.079* | Acc: *97.456%* (48728/50000) 
Test epoch: 273 | Loss: *0.976* | Acc: *75.190%* (7519/10000)
Train epoch: 274 | Loss: *0.064* | Acc: *97.938%* (48969/50000) 
Test epoch: 274 | Loss: *1.096* | Acc: *72.130%* (7213/10000)
Train epoch: 275 | Loss: *0.109* | Acc: *96.284%* (48142/50000) 
Test epoch: 275 | Loss: *0.892* | Acc: *75.920%* (7592/10000)
Train epoch: 276 | Loss: *0.091* | Acc: *96.920%* (48460/50000) 
Test epoch: 276 | Loss: *0.872* | Acc: *77.120%* (7712/10000)
Train epoch: 277 | Loss: *0.088* | Acc: *97.062%* (48531/50000) 
Test epoch: 277 | Loss: *0.856* | Acc: *76.870%* (7687/10000)
Train epoch: 278 | Loss: *0.093* | Acc: *96.818%* (48409/50000) 
Test epoch: 278 | Loss: *0.984* | Acc: *75.720%* (7572/10000)
Train epoch: 279 | Loss: *0.086* | Acc: *97.148%* (48574/50000) 
Test epoch: 279 | Loss: *0.885* | Acc: *77.090%* (7709/10000)
Train epoch: 280 | Loss: *0.074* | Acc: *97.600%* (48800/50000) 
Test epoch: 280 | Loss: *0.896* | Acc: *77.040%* (7704/10000)
Train epoch: 281 | Loss: *0.105* | Acc: *96.386%* (48193/50000) 
Test epoch: 281 | Loss: *0.831* | Acc: *77.510%* (7751/10000)
Train epoch: 282 | Loss: *0.097* | Acc: *96.592%* (48296/50000) 
Test epoch: 282 | Loss: *1.026* | Acc: *74.490%* (7449/10000)
Train epoch: 283 | Loss: *0.087* | Acc: *97.086%* (48543/50000) 
Test epoch: 283 | Loss: *0.977* | Acc: *75.700%* (7570/10000)
Train epoch: 284 | Loss: *0.091* | Acc: *96.948%* (48474/50000) 
Test epoch: 284 | Loss: *0.917* | Acc: *75.790%* (7579/10000)
Train epoch: 285 | Loss: *0.105* | Acc: *96.396%* (48198/50000) 
Test epoch: 285 | Loss: *0.866* | Acc: *77.660%* (7766/10000)
Train epoch: 286 | Loss: *0.096* | Acc: *96.772%* (48386/50000) 
Test epoch: 286 | Loss: *0.873* | Acc: *77.060%* (7706/10000)
Train epoch: 287 | Loss: *0.094* | Acc: *96.818%* (48409/50000) 
Test epoch: 287 | Loss: *0.880* | Acc: *76.830%* (7683/10000)
Train epoch: 288 | Loss: *0.106* | Acc: *96.308%* (48154/50000) 
Test epoch: 288 | Loss: *1.029* | Acc: *73.820%* (7382/10000)
Train epoch: 289 | Loss: *0.102* | Acc: *96.520%* (48260/50000) 
Test epoch: 289 | Loss: *0.930* | Acc: *76.000%* (7600/10000)
Train epoch: 290 | Loss: *0.103* | Acc: *96.558%* (48279/50000) 
Test epoch: 290 | Loss: *0.951* | Acc: *75.540%* (7554/10000)
Train epoch: 291 | Loss: *0.096* | Acc: *96.752%* (48376/50000) 
Test epoch: 291 | Loss: *0.906* | Acc: *75.790%* (7579/10000)
Train epoch: 292 | Loss: *0.108* | Acc: *96.284%* (48142/50000) 
Test epoch: 292 | Loss: *0.967* | Acc: *74.790%* (7479/10000)
Train epoch: 293 | Loss: *0.114* | Acc: *96.198%* (48099/50000) 
Test epoch: 293 | Loss: *0.951* | Acc: *74.770%* (7477/10000)
Train epoch: 294 | Loss: *0.103* | Acc: *96.564%* (48282/50000) 
Test epoch: 294 | Loss: *0.844* | Acc: *77.600%* (7760/10000)
Train epoch: 295 | Loss: *0.112* | Acc: *96.126%* (48063/50000) 
Test epoch: 295 | Loss: *0.907* | Acc: *76.560%* (7656/10000)
Train epoch: 296 | Loss: *0.107* | Acc: *96.426%* (48213/50000) 
Test epoch: 296 | Loss: *1.163* | Acc: *72.990%* (7299/10000)
Train epoch: 297 | Loss: *0.107* | Acc: *96.304%* (48152/50000) 
Test epoch: 297 | Loss: *0.777* | Acc: *78.960%* (7896/10000)
Train epoch: 298 | Loss: *0.116* | Acc: *96.060%* (48030/50000) 
Test epoch: 298 | Loss: *0.927* | Acc: *74.640%* (7464/10000)
Train epoch: 299 | Loss: *0.110* | Acc: *96.308%* (48154/50000) 
Test epoch: 299 | Loss: *1.051* | Acc: *71.820%* (7182/10000)
Train epoch: 300 | Loss: *0.118* | Acc: *95.884%* (47942/50000) 
Test epoch: 300 | Loss: *0.911* | Acc: *75.540%* (7554/10000)
Train epoch: 301 | Loss: *0.124* | Acc: *95.744%* (47872/50000) 
Test epoch: 301 | Loss: *0.983* | Acc: *74.190%* (7419/10000)
Train epoch: 302 | Loss: *0.115* | Acc: *95.970%* (47985/50000) 
Test epoch: 302 | Loss: *0.851* | Acc: *77.190%* (7719/10000)
Train epoch: 303 | Loss: *0.114* | Acc: *96.134%* (48067/50000) 
Test epoch: 303 | Loss: *0.801* | Acc: *78.700%* (7870/10000)
Train epoch: 304 | Loss: *0.122* | Acc: *95.830%* (47915/50000) 
Test epoch: 304 | Loss: *0.947* | Acc: *74.210%* (7421/10000)
Train epoch: 305 | Loss: *0.126* | Acc: *95.656%* (47828/50000) 
Test epoch: 305 | Loss: *0.882* | Acc: *76.420%* (7642/10000)
Train epoch: 306 | Loss: *0.123* | Acc: *95.770%* (47885/50000) 
Test epoch: 306 | Loss: *0.901* | Acc: *75.660%* (7566/10000)
Train epoch: 307 | Loss: *0.126* | Acc: *95.620%* (47810/50000) 
Test epoch: 307 | Loss: *0.881* | Acc: *75.370%* (7537/10000)
Train epoch: 308 | Loss: *0.125* | Acc: *95.686%* (47843/50000) 
Test epoch: 308 | Loss: *1.127* | Acc: *73.100%* (7310/10000)
Train epoch: 309 | Loss: *0.130* | Acc: *95.572%* (47786/50000) 
Test epoch: 309 | Loss: *0.885* | Acc: *74.270%* (7427/10000)
Train epoch: 310 | Loss: *0.131* | Acc: *95.450%* (47725/50000) 
Test epoch: 310 | Loss: *0.817* | Acc: *77.280%* (7728/10000)
Train epoch: 311 | Loss: *0.124* | Acc: *95.846%* (47923/50000) 
Test epoch: 311 | Loss: *0.958* | Acc: *73.100%* (7310/10000)
Train epoch: 312 | Loss: *0.136* | Acc: *95.350%* (47675/50000) 
Test epoch: 312 | Loss: *0.831* | Acc: *77.020%* (7702/10000)
Train epoch: 313 | Loss: *0.124* | Acc: *95.694%* (47847/50000) 
Test epoch: 313 | Loss: *0.914* | Acc: *75.190%* (7519/10000)
Train epoch: 314 | Loss: *0.135* | Acc: *95.340%* (47670/50000) 
Test epoch: 314 | Loss: *0.926* | Acc: *74.670%* (7467/10000)
Train epoch: 315 | Loss: *0.135* | Acc: *95.398%* (47699/50000) 
Test epoch: 315 | Loss: *0.870* | Acc: *76.690%* (7669/10000)
Train epoch: 316 | Loss: *0.129* | Acc: *95.644%* (47822/50000) 
Test epoch: 316 | Loss: *0.989* | Acc: *73.400%* (7340/10000)
Train epoch: 317 | Loss: *0.137* | Acc: *95.274%* (47637/50000) 
Test epoch: 317 | Loss: *1.103* | Acc: *72.780%* (7278/10000)
Train epoch: 318 | Loss: *0.151* | Acc: *94.674%* (47337/50000) 
Test epoch: 318 | Loss: *0.934* | Acc: *75.510%* (7551/10000)
Train epoch: 319 | Loss: *0.145* | Acc: *94.962%* (47481/50000) 
Test epoch: 319 | Loss: *0.793* | Acc: *77.130%* (7713/10000)
Train epoch: 320 | Loss: *0.127* | Acc: *95.674%* (47837/50000) 
Test epoch: 320 | Loss: *0.892* | Acc: *76.770%* (7677/10000)
Train epoch: 321 | Loss: *0.145* | Acc: *94.954%* (47477/50000) 
Test epoch: 321 | Loss: *0.825* | Acc: *76.780%* (7678/10000)
Train epoch: 322 | Loss: *0.145* | Acc: *94.966%* (47483/50000) 
Test epoch: 322 | Loss: *0.797* | Acc: *77.730%* (7773/10000)
Train epoch: 323 | Loss: *0.142* | Acc: *95.126%* (47563/50000) 
Test epoch: 323 | Loss: *0.981* | Acc: *74.120%* (7412/10000)
Train epoch: 324 | Loss: *0.146* | Acc: *94.952%* (47476/50000) 
Test epoch: 324 | Loss: *0.918* | Acc: *74.190%* (7419/10000)
Train epoch: 325 | Loss: *0.146* | Acc: *94.992%* (47496/50000) 
Test epoch: 325 | Loss: *1.099* | Acc: *71.650%* (7165/10000)
Train epoch: 326 | Loss: *0.157* | Acc: *94.542%* (47271/50000) 
Test epoch: 326 | Loss: *0.818* | Acc: *76.240%* (7624/10000)
Train epoch: 327 | Loss: *0.148* | Acc: *94.840%* (47420/50000) 
Test epoch: 327 | Loss: *0.739* | Acc: *78.890%* (7889/10000)
Train epoch: 328 | Loss: *0.145* | Acc: *95.040%* (47520/50000) 
Test epoch: 328 | Loss: *0.812* | Acc: *77.420%* (7742/10000)
Train epoch: 329 | Loss: *0.156* | Acc: *94.638%* (47319/50000) 
Test epoch: 329 | Loss: *0.896* | Acc: *75.640%* (7564/10000)
Train epoch: 330 | Loss: *0.146* | Acc: *94.974%* (47487/50000) 
Test epoch: 330 | Loss: *0.912* | Acc: *74.580%* (7458/10000)
Train epoch: 331 | Loss: *0.157* | Acc: *94.396%* (47198/50000) 
Test epoch: 331 | Loss: *0.949* | Acc: *73.480%* (7348/10000)
Train epoch: 332 | Loss: *0.154* | Acc: *94.790%* (47395/50000) 
Test epoch: 332 | Loss: *0.896* | Acc: *75.810%* (7581/10000)
Train epoch: 333 | Loss: *0.150* | Acc: *94.828%* (47414/50000) 
Test epoch: 333 | Loss: *0.888* | Acc: *76.070%* (7607/10000)
Train epoch: 334 | Loss: *0.159* | Acc: *94.520%* (47260/50000) 
Test epoch: 334 | Loss: *0.851* | Acc: *75.500%* (7550/10000)
Train epoch: 335 | Loss: *0.160* | Acc: *94.408%* (47204/50000) 
Test epoch: 335 | Loss: *1.064* | Acc: *72.710%* (7271/10000)
Train epoch: 336 | Loss: *0.158* | Acc: *94.532%* (47266/50000) 
Test epoch: 336 | Loss: *1.103* | Acc: *71.830%* (7183/10000)
Train epoch: 337 | Loss: *0.163* | Acc: *94.368%* (47184/50000) 
Test epoch: 337 | Loss: *0.787* | Acc: *76.300%* (7630/10000)
Train epoch: 338 | Loss: *0.165* | Acc: *94.248%* (47124/50000) 
Test epoch: 338 | Loss: *0.787* | Acc: *77.070%* (7707/10000)
Train epoch: 339 | Loss: *0.160* | Acc: *94.488%* (47244/50000) 
Test epoch: 339 | Loss: *0.917* | Acc: *73.200%* (7320/10000)
Train epoch: 340 | Loss: *0.157* | Acc: *94.744%* (47372/50000) 
Test epoch: 340 | Loss: *0.859* | Acc: *75.550%* (7555/10000)
Train epoch: 341 | Loss: *0.165* | Acc: *94.282%* (47141/50000) 
Test epoch: 341 | Loss: *0.899* | Acc: *73.650%* (7365/10000)
Train epoch: 342 | Loss: *0.168* | Acc: *94.202%* (47101/50000) 
Test epoch: 342 | Loss: *0.733* | Acc: *78.040%* (7804/10000)
Train epoch: 343 | Loss: *0.166* | Acc: *94.290%* (47145/50000) 
Test epoch: 343 | Loss: *0.857* | Acc: *75.830%* (7583/10000)
Train epoch: 344 | Loss: *0.170* | Acc: *94.164%* (47082/50000) 
Test epoch: 344 | Loss: *0.767* | Acc: *77.680%* (7768/10000)
Train epoch: 345 | Loss: *0.160* | Acc: *94.620%* (47310/50000) 
Test epoch: 345 | Loss: *0.730* | Acc: *78.030%* (7803/10000)
Train epoch: 346 | Loss: *0.168* | Acc: *94.206%* (47103/50000) 
Test epoch: 346 | Loss: *0.691* | Acc: *79.550%* (7955/10000)
Train epoch: 347 | Loss: *0.174* | Acc: *93.814%* (46907/50000) 
Test epoch: 347 | Loss: *0.783* | Acc: *76.510%* (7651/10000)
Train epoch: 348 | Loss: *0.166* | Acc: *94.262%* (47131/50000) 
Test epoch: 348 | Loss: *0.875* | Acc: *77.230%* (7723/10000)
Train epoch: 349 | Loss: *0.178* | Acc: *93.896%* (46948/50000) 
Test epoch: 349 | Loss: *0.885* | Acc: *74.930%* (7493/10000)
Train epoch: 350 | Loss: *0.171* | Acc: *93.996%* (46998/50000) 
Test epoch: 350 | Loss: *1.051* | Acc: *72.710%* (7271/10000)
Train epoch: 351 | Loss: *0.169* | Acc: *94.206%* (47103/50000) 
Test epoch: 351 | Loss: *1.099* | Acc: *69.420%* (6942/10000)
Train epoch: 352 | Loss: *0.169* | Acc: *94.290%* (47145/50000) 
Test epoch: 352 | Loss: *0.845* | Acc: *76.400%* (7640/10000)
Train epoch: 353 | Loss: *0.172* | Acc: *94.092%* (47046/50000) 
Test epoch: 353 | Loss: *0.828* | Acc: *76.540%* (7654/10000)
Train epoch: 354 | Loss: *0.178* | Acc: *93.758%* (46879/50000) 
Test epoch: 354 | Loss: *0.762* | Acc: *77.270%* (7727/10000)
Train epoch: 355 | Loss: *0.178* | Acc: *93.768%* (46884/50000) 
Test epoch: 355 | Loss: *0.820* | Acc: *75.180%* (7518/10000)
Train epoch: 356 | Loss: *0.175* | Acc: *93.966%* (46983/50000) 
Test epoch: 356 | Loss: *0.912* | Acc: *75.140%* (7514/10000)
Train epoch: 357 | Loss: *0.171* | Acc: *94.030%* (47015/50000) 
Test epoch: 357 | Loss: *0.767* | Acc: *77.970%* (7797/10000)
Train epoch: 358 | Loss: *0.182* | Acc: *93.700%* (46850/50000) 
Test epoch: 358 | Loss: *0.725* | Acc: *77.630%* (7763/10000)
Train epoch: 359 | Loss: *0.170* | Acc: *94.134%* (47067/50000) 
Test epoch: 359 | Loss: *0.797* | Acc: *75.940%* (7594/10000)
Train epoch: 360 | Loss: *0.185* | Acc: *93.556%* (46778/50000) 
Test epoch: 360 | Loss: *0.755* | Acc: *77.920%* (7792/10000)
Train epoch: 361 | Loss: *0.171* | Acc: *94.214%* (47107/50000) 
Test epoch: 361 | Loss: *0.992* | Acc: *73.300%* (7330/10000)
Train epoch: 362 | Loss: *0.184* | Acc: *93.640%* (46820/50000) 
Test epoch: 362 | Loss: *0.759* | Acc: *78.060%* (7806/10000)
Train epoch: 363 | Loss: *0.179* | Acc: *93.770%* (46885/50000) 
Test epoch: 363 | Loss: *0.868* | Acc: *75.470%* (7547/10000)
Train epoch: 364 | Loss: *0.177* | Acc: *93.994%* (46997/50000) 
Test epoch: 364 | Loss: *0.821* | Acc: *76.870%* (7687/10000)
Train epoch: 365 | Loss: *0.188* | Acc: *93.466%* (46733/50000) 
Test epoch: 365 | Loss: *0.819* | Acc: *74.960%* (7496/10000)
Train epoch: 366 | Loss: *0.182* | Acc: *93.680%* (46840/50000) 
Test epoch: 366 | Loss: *0.708* | Acc: *79.220%* (7922/10000)
Train epoch: 367 | Loss: *0.186* | Acc: *93.624%* (46812/50000) 
Test epoch: 367 | Loss: *0.751* | Acc: *77.830%* (7783/10000)
Train epoch: 368 | Loss: *0.184* | Acc: *93.620%* (46810/50000) 
Test epoch: 368 | Loss: *0.792* | Acc: *76.970%* (7697/10000)
Train epoch: 369 | Loss: *0.179* | Acc: *93.764%* (46882/50000) 
Test epoch: 369 | Loss: *0.839* | Acc: *76.100%* (7610/10000)
Train epoch: 370 | Loss: *0.181* | Acc: *93.620%* (46810/50000) 
Test epoch: 370 | Loss: *0.906* | Acc: *73.470%* (7347/10000)
Train epoch: 371 | Loss: *0.184* | Acc: *93.688%* (46844/50000) 
Test epoch: 371 | Loss: *0.926* | Acc: *74.150%* (7415/10000)
Train epoch: 372 | Loss: *0.183* | Acc: *93.644%* (46822/50000) 
Test epoch: 372 | Loss: *0.694* | Acc: *80.120%* (8012/10000)
Train epoch: 373 | Loss: *0.188* | Acc: *93.332%* (46666/50000) 
Test epoch: 373 | Loss: *0.712* | Acc: *79.340%* (7934/10000)
Train epoch: 374 | Loss: *0.180* | Acc: *93.868%* (46934/50000) 
Test epoch: 374 | Loss: *0.755* | Acc: *77.670%* (7767/10000)
Train epoch: 375 | Loss: *0.188* | Acc: *93.476%* (46738/50000) 
Test epoch: 375 | Loss: *0.747* | Acc: *78.220%* (7822/10000)
Train epoch: 376 | Loss: *0.189* | Acc: *93.540%* (46770/50000) 
Test epoch: 376 | Loss: *0.705* | Acc: *78.740%* (7874/10000)
Train epoch: 377 | Loss: *0.188* | Acc: *93.492%* (46746/50000) 
Test epoch: 377 | Loss: *0.799* | Acc: *76.420%* (7642/10000)
Train epoch: 378 | Loss: *0.185* | Acc: *93.546%* (46773/50000) 
Test epoch: 378 | Loss: *0.855* | Acc: *76.030%* (7603/10000)
Train epoch: 379 | Loss: *0.183* | Acc: *93.584%* (46792/50000) 
Test epoch: 379 | Loss: *0.707* | Acc: *78.360%* (7836/10000)
Train epoch: 380 | Loss: *0.195* | Acc: *93.184%* (46592/50000) 
Test epoch: 380 | Loss: *0.934* | Acc: *72.450%* (7245/10000)
Train epoch: 381 | Loss: *0.184* | Acc: *93.618%* (46809/50000) 
Test epoch: 381 | Loss: *0.920* | Acc: *74.180%* (7418/10000)
Train epoch: 382 | Loss: *0.193* | Acc: *93.340%* (46670/50000) 
Test epoch: 382 | Loss: *0.712* | Acc: *78.180%* (7818/10000)
Train epoch: 383 | Loss: *0.186* | Acc: *93.488%* (46744/50000) 
Test epoch: 383 | Loss: *0.809* | Acc: *77.110%* (7711/10000)
Train epoch: 384 | Loss: *0.189* | Acc: *93.486%* (46743/50000) 
Test epoch: 384 | Loss: *0.704* | Acc: *78.660%* (7866/10000)
Train epoch: 385 | Loss: *0.186* | Acc: *93.594%* (46797/50000) 
Test epoch: 385 | Loss: *0.752* | Acc: *76.960%* (7696/10000)
Train epoch: 386 | Loss: *0.190* | Acc: *93.480%* (46740/50000) 
Test epoch: 386 | Loss: *0.849* | Acc: *72.930%* (7293/10000)
Train epoch: 387 | Loss: *0.190* | Acc: *93.446%* (46723/50000) 
Test epoch: 387 | Loss: *0.826* | Acc: *76.040%* (7604/10000)
Train epoch: 388 | Loss: *0.191* | Acc: *93.432%* (46716/50000) 
Test epoch: 388 | Loss: *0.797* | Acc: *75.630%* (7563/10000)
Train epoch: 389 | Loss: *0.191* | Acc: *93.394%* (46697/50000) 
Test epoch: 389 | Loss: *0.870* | Acc: *73.920%* (7392/10000)
Train epoch: 390 | Loss: *0.194* | Acc: *93.208%* (46604/50000) 
Test epoch: 390 | Loss: *0.998* | Acc: *72.250%* (7225/10000)
Train epoch: 391 | Loss: *0.192* | Acc: *93.310%* (46655/50000) 
Test epoch: 391 | Loss: *0.689* | Acc: *79.000%* (7900/10000)
Train epoch: 392 | Loss: *0.184* | Acc: *93.658%* (46829/50000) 
Test epoch: 392 | Loss: *0.959* | Acc: *73.410%* (7341/10000)
Train epoch: 393 | Loss: *0.198* | Acc: *93.152%* (46576/50000) 
Test epoch: 393 | Loss: *0.825* | Acc: *76.160%* (7616/10000)
Train epoch: 394 | Loss: *0.188* | Acc: *93.582%* (46791/50000) 
Test epoch: 394 | Loss: *0.826* | Acc: *76.440%* (7644/10000)
Train epoch: 395 | Loss: *0.185* | Acc: *93.624%* (46812/50000) 
Test epoch: 395 | Loss: *0.691* | Acc: *79.650%* (7965/10000)
Train epoch: 396 | Loss: *0.193* | Acc: *93.346%* (46673/50000) 
Test epoch: 396 | Loss: *0.643* | Acc: *79.620%* (7962/10000)
Train epoch: 397 | Loss: *0.179* | Acc: *93.834%* (46917/50000) 
Test epoch: 397 | Loss: *0.720* | Acc: *78.360%* (7836/10000)
Train epoch: 398 | Loss: *0.194* | Acc: *93.210%* (46605/50000) 
Test epoch: 398 | Loss: *0.907* | Acc: *73.940%* (7394/10000)
Train epoch: 399 | Loss: *0.190* | Acc: *93.408%* (46704/50000) 
Test epoch: 399 | Loss: *0.822* | Acc: *75.380%* (7538/10000)
Train epoch: 400 | Loss: *0.185* | Acc: *93.584%* (46792/50000) 
Test epoch: 400 | Loss: *0.793* | Acc: *76.270%* (7627/10000)
Train epoch: 401 | Loss: *0.190* | Acc: *93.358%* (46679/50000) 
Test epoch: 401 | Loss: *1.051* | Acc: *70.220%* (7022/10000)
Train epoch: 402 | Loss: *0.187* | Acc: *93.528%* (46764/50000) 
Test epoch: 402 | Loss: *0.657* | Acc: *80.700%* (8070/10000)
Train epoch: 403 | Loss: *0.188* | Acc: *93.404%* (46702/50000) 
Test epoch: 403 | Loss: *0.862* | Acc: *74.920%* (7492/10000)
Train epoch: 404 | Loss: *0.194* | Acc: *93.300%* (46650/50000) 
Test epoch: 404 | Loss: *0.827* | Acc: *75.860%* (7586/10000)
Train epoch: 405 | Loss: *0.183* | Acc: *93.658%* (46829/50000) 
Test epoch: 405 | Loss: *0.927* | Acc: *72.740%* (7274/10000)
Train epoch: 406 | Loss: *0.189* | Acc: *93.396%* (46698/50000) 
Test epoch: 406 | Loss: *0.733* | Acc: *77.360%* (7736/10000)
Train epoch: 407 | Loss: *0.191* | Acc: *93.440%* (46720/50000) 
Test epoch: 407 | Loss: *0.752* | Acc: *77.620%* (7762/10000)
Train epoch: 408 | Loss: *0.181* | Acc: *93.710%* (46855/50000) 
Test epoch: 408 | Loss: *0.859* | Acc: *76.290%* (7629/10000)
Train epoch: 409 | Loss: *0.187* | Acc: *93.370%* (46685/50000) 
Test epoch: 409 | Loss: *0.695* | Acc: *79.030%* (7903/10000)
Train epoch: 410 | Loss: *0.183* | Acc: *93.688%* (46844/50000) 
Test epoch: 410 | Loss: *0.656* | Acc: *80.720%* (8072/10000)
Train epoch: 411 | Loss: *0.184* | Acc: *93.626%* (46813/50000) 
Test epoch: 411 | Loss: *0.780* | Acc: *77.840%* (7784/10000)
Train epoch: 412 | Loss: *0.186* | Acc: *93.554%* (46777/50000) 
Test epoch: 412 | Loss: *0.808* | Acc: *75.680%* (7568/10000)
Train epoch: 413 | Loss: *0.181* | Acc: *93.770%* (46885/50000) 
Test epoch: 413 | Loss: *0.675* | Acc: *79.920%* (7992/10000)
Train epoch: 414 | Loss: *0.182* | Acc: *93.618%* (46809/50000) 
Test epoch: 414 | Loss: *0.895* | Acc: *74.940%* (7494/10000)
Train epoch: 415 | Loss: *0.187* | Acc: *93.568%* (46784/50000) 
Test epoch: 415 | Loss: *0.664* | Acc: *79.040%* (7904/10000)
Train epoch: 416 | Loss: *0.181* | Acc: *93.782%* (46891/50000) 
Test epoch: 416 | Loss: *0.858* | Acc: *74.950%* (7495/10000)
Train epoch: 417 | Loss: *0.182* | Acc: *93.680%* (46840/50000) 
Test epoch: 417 | Loss: *1.227* | Acc: *69.740%* (6974/10000)
Train epoch: 418 | Loss: *0.189* | Acc: *93.434%* (46717/50000) 
Test epoch: 418 | Loss: *0.634* | Acc: *80.580%* (8058/10000)
Train epoch: 419 | Loss: *0.181* | Acc: *93.666%* (46833/50000) 
Test epoch: 419 | Loss: *0.686* | Acc: *79.700%* (7970/10000)
Train epoch: 420 | Loss: *0.178* | Acc: *93.872%* (46936/50000) 
Test epoch: 420 | Loss: *0.663* | Acc: *79.020%* (7902/10000)
Train epoch: 421 | Loss: *0.179* | Acc: *93.798%* (46899/50000) 
Test epoch: 421 | Loss: *1.036* | Acc: *71.950%* (7195/10000)
Train epoch: 422 | Loss: *0.177* | Acc: *93.934%* (46967/50000) 
Test epoch: 422 | Loss: *0.871* | Acc: *75.490%* (7549/10000)
Train epoch: 423 | Loss: *0.176* | Acc: *93.852%* (46926/50000) 
Test epoch: 423 | Loss: *0.777* | Acc: *77.370%* (7737/10000)
Train epoch: 424 | Loss: *0.181* | Acc: *93.798%* (46899/50000) 
Test epoch: 424 | Loss: *1.024* | Acc: *72.260%* (7226/10000)
Train epoch: 425 | Loss: *0.177* | Acc: *93.798%* (46899/50000) 
Test epoch: 425 | Loss: *0.718* | Acc: *78.180%* (7818/10000)
Train epoch: 426 | Loss: *0.182* | Acc: *93.760%* (46880/50000) 
Test epoch: 426 | Loss: *0.732* | Acc: *78.290%* (7829/10000)
Train epoch: 427 | Loss: *0.171* | Acc: *94.054%* (47027/50000) 
Test epoch: 427 | Loss: *0.687* | Acc: *79.180%* (7918/10000)
Train epoch: 428 | Loss: *0.176* | Acc: *94.008%* (47004/50000) 
Test epoch: 428 | Loss: *0.721* | Acc: *78.360%* (7836/10000)
Train epoch: 429 | Loss: *0.174* | Acc: *93.982%* (46991/50000) 
Test epoch: 429 | Loss: *0.771* | Acc: *76.970%* (7697/10000)
Train epoch: 430 | Loss: *0.179* | Acc: *93.792%* (46896/50000) 
Test epoch: 430 | Loss: *0.633* | Acc: *79.910%* (7991/10000)
Train epoch: 431 | Loss: *0.166* | Acc: *94.222%* (47111/50000) 
Test epoch: 431 | Loss: *0.829* | Acc: *76.380%* (7638/10000)
Train epoch: 432 | Loss: *0.176* | Acc: *93.960%* (46980/50000) 
Test epoch: 432 | Loss: *0.764* | Acc: *77.860%* (7786/10000)
Train epoch: 433 | Loss: *0.166* | Acc: *94.240%* (47120/50000) 
Test epoch: 433 | Loss: *0.769* | Acc: *77.870%* (7787/10000)
Train epoch: 434 | Loss: *0.178* | Acc: *93.786%* (46893/50000) 
Test epoch: 434 | Loss: *0.650* | Acc: *80.150%* (8015/10000)
Train epoch: 435 | Loss: *0.163* | Acc: *94.416%* (47208/50000) 
Test epoch: 435 | Loss: *0.686* | Acc: *79.750%* (7975/10000)
Train epoch: 436 | Loss: *0.170* | Acc: *94.130%* (47065/50000) 
Test epoch: 436 | Loss: *0.986* | Acc: *73.480%* (7348/10000)
Train epoch: 437 | Loss: *0.166* | Acc: *94.284%* (47142/50000) 
Test epoch: 437 | Loss: *0.659* | Acc: *80.500%* (8050/10000)
Train epoch: 438 | Loss: *0.163* | Acc: *94.336%* (47168/50000) 
Test epoch: 438 | Loss: *0.721* | Acc: *79.570%* (7957/10000)
Train epoch: 439 | Loss: *0.169* | Acc: *94.226%* (47113/50000) 
Test epoch: 439 | Loss: *0.693* | Acc: *79.640%* (7964/10000)
Train epoch: 440 | Loss: *0.157* | Acc: *94.550%* (47275/50000) 
Test epoch: 440 | Loss: *0.698* | Acc: *79.710%* (7971/10000)
Train epoch: 441 | Loss: *0.160* | Acc: *94.426%* (47213/50000) 
Test epoch: 441 | Loss: *0.857* | Acc: *75.650%* (7565/10000)
Train epoch: 442 | Loss: *0.162* | Acc: *94.362%* (47181/50000) 
Test epoch: 442 | Loss: *0.896* | Acc: *76.820%* (7682/10000)
Train epoch: 443 | Loss: *0.158* | Acc: *94.486%* (47243/50000) 
Test epoch: 443 | Loss: *0.779* | Acc: *78.120%* (7812/10000)
Train epoch: 444 | Loss: *0.161* | Acc: *94.478%* (47239/50000) 
Test epoch: 444 | Loss: *0.770* | Acc: *77.650%* (7765/10000)
Train epoch: 445 | Loss: *0.154* | Acc: *94.758%* (47379/50000) 
Test epoch: 445 | Loss: *0.715* | Acc: *78.330%* (7833/10000)
Train epoch: 446 | Loss: *0.152* | Acc: *94.836%* (47418/50000) 
Test epoch: 446 | Loss: *0.679* | Acc: *80.630%* (8063/10000)
Train epoch: 447 | Loss: *0.156* | Acc: *94.660%* (47330/50000) 
Test epoch: 447 | Loss: *0.872* | Acc: *76.390%* (7639/10000)
Train epoch: 448 | Loss: *0.154* | Acc: *94.706%* (47353/50000) 
Test epoch: 448 | Loss: *0.790* | Acc: *77.210%* (7721/10000)
Train epoch: 449 | Loss: *0.158* | Acc: *94.650%* (47325/50000) 
Test epoch: 449 | Loss: *0.715* | Acc: *78.150%* (7815/10000)
Train epoch: 450 | Loss: *0.153* | Acc: *94.714%* (47357/50000) 
Test epoch: 450 | Loss: *0.666* | Acc: *80.350%* (8035/10000)
Train epoch: 451 | Loss: *0.149* | Acc: *94.938%* (47469/50000) 
Test epoch: 451 | Loss: *0.642* | Acc: *81.060%* (8106/10000)
Train epoch: 452 | Loss: *0.140* | Acc: *95.314%* (47657/50000) 
Test epoch: 452 | Loss: *0.690* | Acc: *80.470%* (8047/10000)
Train epoch: 453 | Loss: *0.158* | Acc: *94.594%* (47297/50000) 
Test epoch: 453 | Loss: *0.877* | Acc: *75.720%* (7572/10000)
Train epoch: 454 | Loss: *0.144* | Acc: *95.094%* (47547/50000) 
Test epoch: 454 | Loss: *1.087* | Acc: *71.600%* (7160/10000)
Train epoch: 455 | Loss: *0.148* | Acc: *94.846%* (47423/50000) 
Test epoch: 455 | Loss: *0.764* | Acc: *78.790%* (7879/10000)
Train epoch: 456 | Loss: *0.150* | Acc: *94.912%* (47456/50000) 
Test epoch: 456 | Loss: *0.853* | Acc: *77.290%* (7729/10000)
Train epoch: 457 | Loss: *0.148* | Acc: *94.862%* (47431/50000) 
Test epoch: 457 | Loss: *0.693* | Acc: *80.220%* (8022/10000)
Train epoch: 458 | Loss: *0.137* | Acc: *95.368%* (47684/50000) 
Test epoch: 458 | Loss: *0.823* | Acc: *75.830%* (7583/10000)
Train epoch: 459 | Loss: *0.143* | Acc: *95.060%* (47530/50000) 
Test epoch: 459 | Loss: *0.711* | Acc: *80.130%* (8013/10000)
Train epoch: 460 | Loss: *0.139* | Acc: *95.222%* (47611/50000) 
Test epoch: 460 | Loss: *0.696* | Acc: *81.090%* (8109/10000)
Train epoch: 461 | Loss: *0.139* | Acc: *95.138%* (47569/50000) 
Test epoch: 461 | Loss: *0.778* | Acc: *79.110%* (7911/10000)
Train epoch: 462 | Loss: *0.129* | Acc: *95.572%* (47786/50000) 
Test epoch: 462 | Loss: *0.958* | Acc: *75.240%* (7524/10000)
Train epoch: 463 | Loss: *0.132* | Acc: *95.436%* (47718/50000) 
Test epoch: 463 | Loss: *0.746* | Acc: *77.860%* (7786/10000)
Train epoch: 464 | Loss: *0.136* | Acc: *95.286%* (47643/50000) 
Test epoch: 464 | Loss: *0.812* | Acc: *78.360%* (7836/10000)
Train epoch: 465 | Loss: *0.131* | Acc: *95.576%* (47788/50000) 
Test epoch: 465 | Loss: *0.934* | Acc: *76.170%* (7617/10000)
Train epoch: 466 | Loss: *0.130* | Acc: *95.568%* (47784/50000) 
Test epoch: 466 | Loss: *0.755* | Acc: *78.160%* (7816/10000)
Train epoch: 467 | Loss: *0.132* | Acc: *95.476%* (47738/50000) 
Test epoch: 467 | Loss: *0.798* | Acc: *77.760%* (7776/10000)
Train epoch: 468 | Loss: *0.129* | Acc: *95.638%* (47819/50000) 
Test epoch: 468 | Loss: *0.840* | Acc: *75.670%* (7567/10000)
Train epoch: 469 | Loss: *0.124* | Acc: *95.732%* (47866/50000) 
Test epoch: 469 | Loss: *0.693* | Acc: *80.190%* (8019/10000)
Train epoch: 470 | Loss: *0.127* | Acc: *95.622%* (47811/50000) 
Test epoch: 470 | Loss: *0.952* | Acc: *74.990%* (7499/10000)
Train epoch: 471 | Loss: *0.127* | Acc: *95.740%* (47870/50000) 
Test epoch: 471 | Loss: *0.752* | Acc: *78.070%* (7807/10000)
Train epoch: 472 | Loss: *0.113* | Acc: *96.088%* (48044/50000) 
Test epoch: 472 | Loss: *0.701* | Acc: *80.680%* (8068/10000)
Train epoch: 473 | Loss: *0.120* | Acc: *95.870%* (47935/50000) 
Test epoch: 473 | Loss: *0.761* | Acc: *79.270%* (7927/10000)
Train epoch: 474 | Loss: *0.123* | Acc: *95.814%* (47907/50000) 
Test epoch: 474 | Loss: *0.767* | Acc: *78.960%* (7896/10000)
Train epoch: 475 | Loss: *0.115* | Acc: *96.072%* (48036/50000) 
Test epoch: 475 | Loss: *0.685* | Acc: *80.020%* (8002/10000)
Train epoch: 476 | Loss: *0.118* | Acc: *95.986%* (47993/50000) 
Test epoch: 476 | Loss: *0.825* | Acc: *77.390%* (7739/10000)
Train epoch: 477 | Loss: *0.118* | Acc: *95.996%* (47998/50000) 
Test epoch: 477 | Loss: *0.706* | Acc: *80.720%* (8072/10000)
Train epoch: 478 | Loss: *0.108* | Acc: *96.282%* (48141/50000) 
Test epoch: 478 | Loss: *0.866* | Acc: *77.490%* (7749/10000)
Train epoch: 479 | Loss: *0.110* | Acc: *96.204%* (48102/50000) 
Test epoch: 479 | Loss: *0.676* | Acc: *80.730%* (8073/10000)
Train epoch: 480 | Loss: *0.109* | Acc: *96.376%* (48188/50000) 
Test epoch: 480 | Loss: *0.728* | Acc: *80.770%* (8077/10000)
Train epoch: 481 | Loss: *0.107* | Acc: *96.428%* (48214/50000) 
Test epoch: 481 | Loss: *0.766* | Acc: *78.710%* (7871/10000)
Train epoch: 482 | Loss: *0.107* | Acc: *96.492%* (48246/50000) 
Test epoch: 482 | Loss: *0.941* | Acc: *76.140%* (7614/10000)
Train epoch: 483 | Loss: *0.099* | Acc: *96.618%* (48309/50000) 
Test epoch: 483 | Loss: *0.672* | Acc: *80.470%* (8047/10000)
Train epoch: 484 | Loss: *0.115* | Acc: *96.038%* (48019/50000) 
Test epoch: 484 | Loss: *0.671* | Acc: *81.430%* (8143/10000)
Train epoch: 485 | Loss: *0.098* | Acc: *96.616%* (48308/50000) 
Test epoch: 485 | Loss: *0.907* | Acc: *77.780%* (7778/10000)
Train epoch: 486 | Loss: *0.097* | Acc: *96.726%* (48363/50000) 
Test epoch: 486 | Loss: *0.845* | Acc: *78.680%* (7868/10000)
Train epoch: 487 | Loss: *0.094* | Acc: *96.934%* (48467/50000) 
Test epoch: 487 | Loss: *1.021* | Acc: *76.160%* (7616/10000)
Train epoch: 488 | Loss: *0.095* | Acc: *96.718%* (48359/50000) 
Test epoch: 488 | Loss: *0.758* | Acc: *78.450%* (7845/10000)
Train epoch: 489 | Loss: *0.101* | Acc: *96.596%* (48298/50000) 
Test epoch: 489 | Loss: *0.660* | Acc: *81.080%* (8108/10000)
Train epoch: 490 | Loss: *0.093* | Acc: *96.928%* (48464/50000) 
Test epoch: 490 | Loss: *0.753* | Acc: *79.960%* (7996/10000)
Train epoch: 491 | Loss: *0.090* | Acc: *97.012%* (48506/50000) 
Test epoch: 491 | Loss: *0.995* | Acc: *76.130%* (7613/10000)
Train epoch: 492 | Loss: *0.083* | Acc: *97.300%* (48650/50000) 
Test epoch: 492 | Loss: *0.816* | Acc: *77.890%* (7789/10000)
Train epoch: 493 | Loss: *0.101* | Acc: *96.484%* (48242/50000) 
Test epoch: 493 | Loss: *0.733* | Acc: *80.290%* (8029/10000)
Train epoch: 494 | Loss: *0.077* | Acc: *97.484%* (48742/50000) 
Test epoch: 494 | Loss: *1.111* | Acc: *73.960%* (7396/10000)
Train epoch: 495 | Loss: *0.082* | Acc: *97.286%* (48643/50000) 
Test epoch: 495 | Loss: *0.839* | Acc: *76.620%* (7662/10000)
Train epoch: 496 | Loss: *0.087* | Acc: *97.204%* (48602/50000) 
Test epoch: 496 | Loss: *0.737* | Acc: *79.670%* (7967/10000)
Train epoch: 497 | Loss: *0.075* | Acc: *97.520%* (48760/50000) 
Test epoch: 497 | Loss: *0.853* | Acc: *77.950%* (7795/10000)
Train epoch: 498 | Loss: *0.083* | Acc: *97.238%* (48619/50000) 
Test epoch: 498 | Loss: *0.811* | Acc: *78.900%* (7890/10000)
Train epoch: 499 | Loss: *0.079* | Acc: *97.396%* (48698/50000) 
Test epoch: 499 | Loss: *0.865* | Acc: *76.270%* (7627/10000)
Train epoch: 500 | Loss: *0.072* | Acc: *97.620%* (48810/50000) 
Test epoch: 500 | Loss: *0.780* | Acc: *79.250%* (7925/10000)
Best test accuracy: *88.480%*, loss: *0.3698247982561588*, at epoch: *130*.
==> Execution time summary of 500 epoch(s).
Train data loading time: sum. *226.17930145189166* secs | avg. *0.4523586029037833* secs per epoch.
Train training time: sum. *1093.1612104903907* secs | avg. *2.1863224209807814* secs per epoch.
Train total time: sum. *1319.3405119422823* secs | avg. *2.6386810238845646* secs per epoch.
Test data loading time: sum. *98.45162511430681* secs | avg. *0.1969032502286136* secs per epoch.
Test training time: sum. *80.83395447768271* secs | avg. *0.16166790895536542* secs per epoch.
Test total time: sum. *179.28557959198952* secs | avg. *0.358571159183979* secs per epoch.
Total data loading time: sum. *324.63092656619847* secs | avg. *0.6492618531323969* secs per epoch.
Total training time: sum. *1173.9951649680734* secs | avg. *2.3479903299361466* secs per epoch.
Total running time: sum. *1498.6260915342718* secs | avg. *2.9972521830685435* secs per epoch.
==> Number of GPU device: 1
==> Device #0 Memory Usage
==> Allocated: 0.1 GB
==> Cached:    0.8 GB
==> Maximum: 0.8 GB
