==> Running on : cuda
==> Number of CPU: 48
==> Number of workers: 2
==> #Epochs: 500, #Layers: 4, #Blocks: [2, 1, 1, 1], In channel: 64, Input layer conv kernel: 7x7, Residual layer conv kernel 3x3, Skip kernel: 1x1, Input layer conv padding: 2, Residual layer conv padding: 1
==> Optimizer is Adagrad
==> Learning rate: 0.01
==> Weight decay: 0.0005
==>Trainable Parameters: 4984906
==>Other Parameters: 0
==>Augmentation: RandomCrop(32, padding=4), RandomHorizontalFlip(), Normalize((0.4914, 0.4822, 0.4465), (0.2023, 0.1994, 0.2010)
Files already downloaded and verified
Train epoch: 1 | Loss: *1.692* | Acc: *37.026%* (18513/50000) 
Test epoch: 1 | Loss: *1.516* | Acc: *44.870%* (4487/10000)
Train epoch: 2 | Loss: *1.310* | Acc: *52.124%* (26062/50000) 
Test epoch: 2 | Loss: *1.538* | Acc: *47.200%* (4720/10000)
Train epoch: 3 | Loss: *1.080* | Acc: *61.184%* (30592/50000) 
Test epoch: 3 | Loss: *1.126* | Acc: *60.700%* (6070/10000)
Train epoch: 4 | Loss: *0.937* | Acc: *66.512%* (33256/50000) 
Test epoch: 4 | Loss: *1.080* | Acc: *62.680%* (6268/10000)
Train epoch: 5 | Loss: *0.832* | Acc: *70.526%* (35263/50000) 
Test epoch: 5 | Loss: *0.910* | Acc: *68.170%* (6817/10000)
Train epoch: 6 | Loss: *0.757* | Acc: *73.424%* (36712/50000) 
Test epoch: 6 | Loss: *0.956* | Acc: *68.190%* (6819/10000)
Train epoch: 7 | Loss: *0.684* | Acc: *76.010%* (38005/50000) 
Test epoch: 7 | Loss: *0.705* | Acc: *75.480%* (7548/10000)
Train epoch: 8 | Loss: *0.629* | Acc: *77.974%* (38987/50000) 
Test epoch: 8 | Loss: *0.788* | Acc: *73.370%* (7337/10000)
Train epoch: 9 | Loss: *0.579* | Acc: *79.796%* (39898/50000) 
Test epoch: 9 | Loss: *0.647* | Acc: *78.330%* (7833/10000)
Train epoch: 10 | Loss: *0.540* | Acc: *81.182%* (40591/50000) 
Test epoch: 10 | Loss: *0.703* | Acc: *76.530%* (7653/10000)
Train epoch: 11 | Loss: *0.508* | Acc: *82.402%* (41201/50000) 
Test epoch: 11 | Loss: *0.648* | Acc: *78.120%* (7812/10000)
Train epoch: 12 | Loss: *0.478* | Acc: *83.492%* (41746/50000) 
Test epoch: 12 | Loss: *0.688* | Acc: *77.570%* (7757/10000)
Train epoch: 13 | Loss: *0.452* | Acc: *84.304%* (42152/50000) 
Test epoch: 13 | Loss: *0.639* | Acc: *78.820%* (7882/10000)
Train epoch: 14 | Loss: *0.429* | Acc: *85.142%* (42571/50000) 
Test epoch: 14 | Loss: *0.616* | Acc: *79.590%* (7959/10000)
Train epoch: 15 | Loss: *0.403* | Acc: *86.026%* (43013/50000) 
Test epoch: 15 | Loss: *0.583* | Acc: *80.890%* (8089/10000)
Train epoch: 16 | Loss: *0.385* | Acc: *86.700%* (43350/50000) 
Test epoch: 16 | Loss: *0.497* | Acc: *83.750%* (8375/10000)
Train epoch: 17 | Loss: *0.367* | Acc: *87.316%* (43658/50000) 
Test epoch: 17 | Loss: *0.541* | Acc: *82.570%* (8257/10000)
Train epoch: 18 | Loss: *0.348* | Acc: *88.048%* (44024/50000) 
Test epoch: 18 | Loss: *0.526* | Acc: *83.210%* (8321/10000)
Train epoch: 19 | Loss: *0.331* | Acc: *88.558%* (44279/50000) 
Test epoch: 19 | Loss: *0.575* | Acc: *81.660%* (8166/10000)
Train epoch: 20 | Loss: *0.314* | Acc: *89.248%* (44624/50000) 
Test epoch: 20 | Loss: *0.486* | Acc: *84.040%* (8404/10000)
Train epoch: 21 | Loss: *0.301* | Acc: *89.758%* (44879/50000) 
Test epoch: 21 | Loss: *0.525* | Acc: *83.340%* (8334/10000)
Train epoch: 22 | Loss: *0.287* | Acc: *90.126%* (45063/50000) 
Test epoch: 22 | Loss: *0.482* | Acc: *84.780%* (8478/10000)
Train epoch: 23 | Loss: *0.271* | Acc: *90.650%* (45325/50000) 
Test epoch: 23 | Loss: *0.466* | Acc: *85.210%* (8521/10000)
Train epoch: 24 | Loss: *0.260* | Acc: *91.118%* (45559/50000) 
Test epoch: 24 | Loss: *0.467* | Acc: *84.800%* (8480/10000)
Train epoch: 25 | Loss: *0.250* | Acc: *91.358%* (45679/50000) 
Test epoch: 25 | Loss: *0.507* | Acc: *84.180%* (8418/10000)
Train epoch: 26 | Loss: *0.237* | Acc: *91.846%* (45923/50000) 
Test epoch: 26 | Loss: *0.466* | Acc: *85.430%* (8543/10000)
Train epoch: 27 | Loss: *0.225* | Acc: *92.240%* (46120/50000) 
Test epoch: 27 | Loss: *0.532* | Acc: *83.590%* (8359/10000)
Train epoch: 28 | Loss: *0.215* | Acc: *92.670%* (46335/50000) 
Test epoch: 28 | Loss: *0.525* | Acc: *83.940%* (8394/10000)
Train epoch: 29 | Loss: *0.205* | Acc: *92.904%* (46452/50000) 
Test epoch: 29 | Loss: *0.424* | Acc: *86.800%* (8680/10000)
Train epoch: 30 | Loss: *0.197* | Acc: *93.238%* (46619/50000) 
Test epoch: 30 | Loss: *0.425* | Acc: *86.870%* (8687/10000)
Train epoch: 31 | Loss: *0.187* | Acc: *93.586%* (46793/50000) 
Test epoch: 31 | Loss: *0.554* | Acc: *84.020%* (8402/10000)
Train epoch: 32 | Loss: *0.181* | Acc: *93.770%* (46885/50000) 
Test epoch: 32 | Loss: *0.531* | Acc: *84.500%* (8450/10000)
Train epoch: 33 | Loss: *0.174* | Acc: *94.114%* (47057/50000) 
Test epoch: 33 | Loss: *0.550* | Acc: *84.160%* (8416/10000)
Train epoch: 34 | Loss: *0.159* | Acc: *94.688%* (47344/50000) 
Test epoch: 34 | Loss: *0.482* | Acc: *85.420%* (8542/10000)
Train epoch: 35 | Loss: *0.154* | Acc: *94.778%* (47389/50000) 
Test epoch: 35 | Loss: *0.464* | Acc: *86.060%* (8606/10000)
Train epoch: 36 | Loss: *0.147* | Acc: *95.066%* (47533/50000) 
Test epoch: 36 | Loss: *0.449* | Acc: *86.770%* (8677/10000)
Train epoch: 37 | Loss: *0.137* | Acc: *95.454%* (47727/50000) 
Test epoch: 37 | Loss: *0.482* | Acc: *85.600%* (8560/10000)
Train epoch: 38 | Loss: *0.131* | Acc: *95.644%* (47822/50000) 
Test epoch: 38 | Loss: *0.451* | Acc: *86.700%* (8670/10000)
Train epoch: 39 | Loss: *0.125* | Acc: *95.856%* (47928/50000) 
Test epoch: 39 | Loss: *0.466* | Acc: *86.630%* (8663/10000)
Train epoch: 40 | Loss: *0.121* | Acc: *95.950%* (47975/50000) 
Test epoch: 40 | Loss: *0.448* | Acc: *86.660%* (8666/10000)
Train epoch: 41 | Loss: *0.113* | Acc: *96.326%* (48163/50000) 
Test epoch: 41 | Loss: *0.458* | Acc: *86.800%* (8680/10000)
Train epoch: 42 | Loss: *0.106* | Acc: *96.540%* (48270/50000) 
Test epoch: 42 | Loss: *0.488* | Acc: *86.260%* (8626/10000)
Train epoch: 43 | Loss: *0.104* | Acc: *96.634%* (48317/50000) 
Test epoch: 43 | Loss: *0.458* | Acc: *86.850%* (8685/10000)
Train epoch: 44 | Loss: *0.097* | Acc: *96.886%* (48443/50000) 
Test epoch: 44 | Loss: *0.460* | Acc: *87.060%* (8706/10000)
Train epoch: 45 | Loss: *0.091* | Acc: *97.042%* (48521/50000) 
Test epoch: 45 | Loss: *0.476* | Acc: *87.270%* (8727/10000)
Train epoch: 46 | Loss: *0.087* | Acc: *97.264%* (48632/50000) 
Test epoch: 46 | Loss: *0.464* | Acc: *87.210%* (8721/10000)
Train epoch: 47 | Loss: *0.084* | Acc: *97.342%* (48671/50000) 
Test epoch: 47 | Loss: *0.477* | Acc: *87.010%* (8701/10000)
Train epoch: 48 | Loss: *0.080* | Acc: *97.574%* (48787/50000) 
Test epoch: 48 | Loss: *0.448* | Acc: *87.440%* (8744/10000)
Train epoch: 49 | Loss: *0.077* | Acc: *97.616%* (48808/50000) 
Test epoch: 49 | Loss: *0.455* | Acc: *87.630%* (8763/10000)
Train epoch: 50 | Loss: *0.074* | Acc: *97.716%* (48858/50000) 
Test epoch: 50 | Loss: *0.482* | Acc: *87.210%* (8721/10000)
Train epoch: 51 | Loss: *0.072* | Acc: *97.792%* (48896/50000) 
Test epoch: 51 | Loss: *0.486* | Acc: *86.620%* (8662/10000)
Train epoch: 52 | Loss: *0.067* | Acc: *97.930%* (48965/50000) 
Test epoch: 52 | Loss: *0.475* | Acc: *87.600%* (8760/10000)
Train epoch: 53 | Loss: *0.063* | Acc: *98.112%* (49056/50000) 
Test epoch: 53 | Loss: *0.487* | Acc: *87.040%* (8704/10000)
Train epoch: 54 | Loss: *0.060* | Acc: *98.258%* (49129/50000) 
Test epoch: 54 | Loss: *0.459* | Acc: *87.530%* (8753/10000)
Train epoch: 55 | Loss: *0.057* | Acc: *98.324%* (49162/50000) 
Test epoch: 55 | Loss: *0.446* | Acc: *88.230%* (8823/10000)
Train epoch: 56 | Loss: *0.055* | Acc: *98.378%* (49189/50000) 
Test epoch: 56 | Loss: *0.477* | Acc: *87.610%* (8761/10000)
Train epoch: 57 | Loss: *0.054* | Acc: *98.438%* (49219/50000) 
Test epoch: 57 | Loss: *0.438* | Acc: *88.420%* (8842/10000)
Train epoch: 58 | Loss: *0.050* | Acc: *98.576%* (49288/50000) 
Test epoch: 58 | Loss: *0.442* | Acc: *88.120%* (8812/10000)
Train epoch: 59 | Loss: *0.050* | Acc: *98.578%* (49289/50000) 
Test epoch: 59 | Loss: *0.483* | Acc: *87.440%* (8744/10000)
Train epoch: 60 | Loss: *0.047* | Acc: *98.764%* (49382/50000) 
Test epoch: 60 | Loss: *0.533* | Acc: *86.790%* (8679/10000)
Train epoch: 61 | Loss: *0.046* | Acc: *98.766%* (49383/50000) 
Test epoch: 61 | Loss: *0.452* | Acc: *88.080%* (8808/10000)
Train epoch: 62 | Loss: *0.042* | Acc: *98.862%* (49431/50000) 
Test epoch: 62 | Loss: *0.549* | Acc: *86.390%* (8639/10000)
Train epoch: 63 | Loss: *0.040* | Acc: *98.964%* (49482/50000) 
Test epoch: 63 | Loss: *0.456* | Acc: *88.350%* (8835/10000)
Train epoch: 64 | Loss: *0.039* | Acc: *98.956%* (49478/50000) 
Test epoch: 64 | Loss: *0.478* | Acc: *87.870%* (8787/10000)
Train epoch: 65 | Loss: *0.037* | Acc: *99.050%* (49525/50000) 
Test epoch: 65 | Loss: *0.550* | Acc: *86.740%* (8674/10000)
Train epoch: 66 | Loss: *0.036* | Acc: *99.078%* (49539/50000) 
Test epoch: 66 | Loss: *0.453* | Acc: *88.460%* (8846/10000)
Train epoch: 67 | Loss: *0.033* | Acc: *99.240%* (49620/50000) 
Test epoch: 67 | Loss: *0.474* | Acc: *87.920%* (8792/10000)
Train epoch: 68 | Loss: *0.032* | Acc: *99.174%* (49587/50000) 
Test epoch: 68 | Loss: *0.470* | Acc: *88.290%* (8829/10000)
Train epoch: 69 | Loss: *0.032* | Acc: *99.206%* (49603/50000) 
Test epoch: 69 | Loss: *0.500* | Acc: *87.650%* (8765/10000)
Train epoch: 70 | Loss: *0.030* | Acc: *99.288%* (49644/50000) 
Test epoch: 70 | Loss: *0.445* | Acc: *88.530%* (8853/10000)
Train epoch: 71 | Loss: *0.030* | Acc: *99.288%* (49644/50000) 
Test epoch: 71 | Loss: *0.445* | Acc: *88.270%* (8827/10000)
Train epoch: 72 | Loss: *0.027* | Acc: *99.410%* (49705/50000) 
Test epoch: 72 | Loss: *0.457* | Acc: *88.530%* (8853/10000)
Train epoch: 73 | Loss: *0.027* | Acc: *99.386%* (49693/50000) 
Test epoch: 73 | Loss: *0.473* | Acc: *87.810%* (8781/10000)
Train epoch: 74 | Loss: *0.027* | Acc: *99.394%* (49697/50000) 
Test epoch: 74 | Loss: *0.474* | Acc: *88.500%* (8850/10000)
Train epoch: 75 | Loss: *0.025* | Acc: *99.474%* (49737/50000) 
Test epoch: 75 | Loss: *0.476* | Acc: *88.260%* (8826/10000)
Train epoch: 76 | Loss: *0.024* | Acc: *99.486%* (49743/50000) 
Test epoch: 76 | Loss: *0.447* | Acc: *88.580%* (8858/10000)
Train epoch: 77 | Loss: *0.024* | Acc: *99.482%* (49741/50000) 
Test epoch: 77 | Loss: *0.504* | Acc: *87.610%* (8761/10000)
Train epoch: 78 | Loss: *0.023* | Acc: *99.484%* (49742/50000) 
Test epoch: 78 | Loss: *0.459* | Acc: *88.620%* (8862/10000)
Train epoch: 79 | Loss: *0.022* | Acc: *99.566%* (49783/50000) 
Test epoch: 79 | Loss: *0.455* | Acc: *88.700%* (8870/10000)
Train epoch: 80 | Loss: *0.021* | Acc: *99.586%* (49793/50000) 
Test epoch: 80 | Loss: *0.469* | Acc: *88.180%* (8818/10000)
Train epoch: 81 | Loss: *0.020* | Acc: *99.632%* (49816/50000) 
Test epoch: 81 | Loss: *0.450* | Acc: *88.970%* (8897/10000)
Train epoch: 82 | Loss: *0.018* | Acc: *99.698%* (49849/50000) 
Test epoch: 82 | Loss: *0.451* | Acc: *88.940%* (8894/10000)
Train epoch: 83 | Loss: *0.018* | Acc: *99.674%* (49837/50000) 
Test epoch: 83 | Loss: *0.440* | Acc: *89.060%* (8906/10000)
Train epoch: 84 | Loss: *0.018* | Acc: *99.686%* (49843/50000) 
Test epoch: 84 | Loss: *0.463* | Acc: *88.610%* (8861/10000)
Train epoch: 85 | Loss: *0.019* | Acc: *99.648%* (49824/50000) 
Test epoch: 85 | Loss: *0.461* | Acc: *88.300%* (8830/10000)
Train epoch: 86 | Loss: *0.018* | Acc: *99.696%* (49848/50000) 
Test epoch: 86 | Loss: *0.472* | Acc: *88.460%* (8846/10000)
Train epoch: 87 | Loss: *0.018* | Acc: *99.708%* (49854/50000) 
Test epoch: 87 | Loss: *0.458* | Acc: *88.770%* (8877/10000)
Train epoch: 88 | Loss: *0.017* | Acc: *99.718%* (49859/50000) 
Test epoch: 88 | Loss: *0.471* | Acc: *88.190%* (8819/10000)
Train epoch: 89 | Loss: *0.015* | Acc: *99.744%* (49872/50000) 
Test epoch: 89 | Loss: *0.451* | Acc: *88.760%* (8876/10000)
Train epoch: 90 | Loss: *0.015* | Acc: *99.754%* (49877/50000) 
Test epoch: 90 | Loss: *0.448* | Acc: *88.850%* (8885/10000)
Train epoch: 91 | Loss: *0.015* | Acc: *99.764%* (49882/50000) 
Test epoch: 91 | Loss: *0.454* | Acc: *88.870%* (8887/10000)
Train epoch: 92 | Loss: *0.014* | Acc: *99.824%* (49912/50000) 
Test epoch: 92 | Loss: *0.447* | Acc: *88.990%* (8899/10000)
Train epoch: 93 | Loss: *0.014* | Acc: *99.788%* (49894/50000) 
Test epoch: 93 | Loss: *0.441* | Acc: *89.080%* (8908/10000)
Train epoch: 94 | Loss: *0.013* | Acc: *99.810%* (49905/50000) 
Test epoch: 94 | Loss: *0.444* | Acc: *88.640%* (8864/10000)
Train epoch: 95 | Loss: *0.013* | Acc: *99.844%* (49922/50000) 
Test epoch: 95 | Loss: *0.445* | Acc: *89.000%* (8900/10000)
Train epoch: 96 | Loss: *0.013* | Acc: *99.800%* (49900/50000) 
Test epoch: 96 | Loss: *0.459* | Acc: *89.000%* (8900/10000)
Train epoch: 97 | Loss: *0.013* | Acc: *99.790%* (49895/50000) 
Test epoch: 97 | Loss: *0.441* | Acc: *89.100%* (8910/10000)
Train epoch: 98 | Loss: *0.012* | Acc: *99.830%* (49915/50000) 
Test epoch: 98 | Loss: *0.454* | Acc: *88.900%* (8890/10000)
Train epoch: 99 | Loss: *0.011* | Acc: *99.896%* (49948/50000) 
Test epoch: 99 | Loss: *0.436* | Acc: *89.140%* (8914/10000)
Train epoch: 100 | Loss: *0.010* | Acc: *99.884%* (49942/50000) 
Test epoch: 100 | Loss: *0.433* | Acc: *89.380%* (8938/10000)
Train epoch: 101 | Loss: *0.010* | Acc: *99.886%* (49943/50000) 
Test epoch: 101 | Loss: *0.443* | Acc: *89.120%* (8912/10000)
Train epoch: 102 | Loss: *0.011* | Acc: *99.840%* (49920/50000) 
Test epoch: 102 | Loss: *0.463* | Acc: *88.570%* (8857/10000)
Train epoch: 103 | Loss: *0.011* | Acc: *99.904%* (49952/50000) 
Test epoch: 103 | Loss: *0.434* | Acc: *89.170%* (8917/10000)
Train epoch: 104 | Loss: *0.010* | Acc: *99.904%* (49952/50000) 
Test epoch: 104 | Loss: *0.442* | Acc: *89.010%* (8901/10000)
Train epoch: 105 | Loss: *0.011* | Acc: *99.880%* (49940/50000) 
Test epoch: 105 | Loss: *0.438* | Acc: *89.100%* (8910/10000)
Train epoch: 106 | Loss: *0.010* | Acc: *99.908%* (49954/50000) 
Test epoch: 106 | Loss: *0.445* | Acc: *88.940%* (8894/10000)
Train epoch: 107 | Loss: *0.010* | Acc: *99.894%* (49947/50000) 
Test epoch: 107 | Loss: *0.429* | Acc: *89.220%* (8922/10000)
Train epoch: 108 | Loss: *0.010* | Acc: *99.896%* (49948/50000) 
Test epoch: 108 | Loss: *0.434* | Acc: *88.940%* (8894/10000)
Train epoch: 109 | Loss: *0.010* | Acc: *99.890%* (49945/50000) 
Test epoch: 109 | Loss: *0.431* | Acc: *89.040%* (8904/10000)
Train epoch: 110 | Loss: *0.008* | Acc: *99.952%* (49976/50000) 
Test epoch: 110 | Loss: *0.449* | Acc: *88.830%* (8883/10000)
Train epoch: 111 | Loss: *0.009* | Acc: *99.924%* (49962/50000) 
Test epoch: 111 | Loss: *0.437* | Acc: *89.120%* (8912/10000)
Train epoch: 112 | Loss: *0.009* | Acc: *99.900%* (49950/50000) 
Test epoch: 112 | Loss: *0.433* | Acc: *89.020%* (8902/10000)
Train epoch: 113 | Loss: *0.009* | Acc: *99.926%* (49963/50000) 
Test epoch: 113 | Loss: *0.437* | Acc: *89.170%* (8917/10000)
Train epoch: 114 | Loss: *0.008* | Acc: *99.950%* (49975/50000) 
Test epoch: 114 | Loss: *0.433* | Acc: *89.170%* (8917/10000)
Train epoch: 115 | Loss: *0.009* | Acc: *99.924%* (49962/50000) 
Test epoch: 115 | Loss: *0.437* | Acc: *89.150%* (8915/10000)
Train epoch: 116 | Loss: *0.008* | Acc: *99.938%* (49969/50000) 
Test epoch: 116 | Loss: *0.423* | Acc: *89.490%* (8949/10000)
Train epoch: 117 | Loss: *0.008* | Acc: *99.936%* (49968/50000) 
Test epoch: 117 | Loss: *0.425* | Acc: *89.170%* (8917/10000)
Train epoch: 118 | Loss: *0.007* | Acc: *99.962%* (49981/50000) 
Test epoch: 118 | Loss: *0.424* | Acc: *89.310%* (8931/10000)
Train epoch: 119 | Loss: *0.008* | Acc: *99.946%* (49973/50000) 
Test epoch: 119 | Loss: *0.425* | Acc: *89.370%* (8937/10000)
Train epoch: 120 | Loss: *0.007* | Acc: *99.972%* (49986/50000) 
Test epoch: 120 | Loss: *0.423* | Acc: *89.340%* (8934/10000)
Train epoch: 121 | Loss: *0.007* | Acc: *99.958%* (49979/50000) 
Test epoch: 121 | Loss: *0.422* | Acc: *89.240%* (8924/10000)
Train epoch: 122 | Loss: *0.007* | Acc: *99.956%* (49978/50000) 
Test epoch: 122 | Loss: *0.427* | Acc: *89.390%* (8939/10000)
Train epoch: 123 | Loss: *0.007* | Acc: *99.962%* (49981/50000) 
Test epoch: 123 | Loss: *0.429* | Acc: *89.320%* (8932/10000)
Train epoch: 124 | Loss: *0.007* | Acc: *99.968%* (49984/50000) 
Test epoch: 124 | Loss: *0.421* | Acc: *89.350%* (8935/10000)
Train epoch: 125 | Loss: *0.007* | Acc: *99.962%* (49981/50000) 
Test epoch: 125 | Loss: *0.415* | Acc: *89.340%* (8934/10000)
Train epoch: 126 | Loss: *0.007* | Acc: *99.974%* (49987/50000) 
Test epoch: 126 | Loss: *0.416* | Acc: *89.590%* (8959/10000)
Train epoch: 127 | Loss: *0.007* | Acc: *99.976%* (49988/50000) 
Test epoch: 127 | Loss: *0.429* | Acc: *89.350%* (8935/10000)
Train epoch: 128 | Loss: *0.006* | Acc: *99.976%* (49988/50000) 
Test epoch: 128 | Loss: *0.419* | Acc: *89.270%* (8927/10000)
Train epoch: 129 | Loss: *0.006* | Acc: *99.968%* (49984/50000) 
Test epoch: 129 | Loss: *0.419* | Acc: *89.310%* (8931/10000)
Train epoch: 130 | Loss: *0.007* | Acc: *99.970%* (49985/50000) 
Test epoch: 130 | Loss: *0.418* | Acc: *89.590%* (8959/10000)
Train epoch: 131 | Loss: *0.006* | Acc: *99.980%* (49990/50000) 
Test epoch: 131 | Loss: *0.418* | Acc: *89.500%* (8950/10000)
Train epoch: 132 | Loss: *0.006* | Acc: *99.980%* (49990/50000) 
Test epoch: 132 | Loss: *0.419* | Acc: *89.600%* (8960/10000)
Train epoch: 133 | Loss: *0.006* | Acc: *99.972%* (49986/50000) 
Test epoch: 133 | Loss: *0.415* | Acc: *89.410%* (8941/10000)
Train epoch: 134 | Loss: *0.006* | Acc: *99.960%* (49980/50000) 
Test epoch: 134 | Loss: *0.411* | Acc: *89.580%* (8958/10000)
Train epoch: 135 | Loss: *0.006* | Acc: *99.980%* (49990/50000) 
Test epoch: 135 | Loss: *0.415* | Acc: *89.500%* (8950/10000)
Train epoch: 136 | Loss: *0.006* | Acc: *99.974%* (49987/50000) 
Test epoch: 136 | Loss: *0.416* | Acc: *89.420%* (8942/10000)
Train epoch: 137 | Loss: *0.006* | Acc: *99.980%* (49990/50000) 
Test epoch: 137 | Loss: *0.416* | Acc: *89.490%* (8949/10000)
Train epoch: 138 | Loss: *0.006* | Acc: *99.980%* (49990/50000) 
Test epoch: 138 | Loss: *0.409* | Acc: *89.450%* (8945/10000)
Train epoch: 139 | Loss: *0.006* | Acc: *99.974%* (49987/50000) 
Test epoch: 139 | Loss: *0.408* | Acc: *89.570%* (8957/10000)
Train epoch: 140 | Loss: *0.006* | Acc: *99.982%* (49991/50000) 
Test epoch: 140 | Loss: *0.414* | Acc: *89.610%* (8961/10000)
Train epoch: 141 | Loss: *0.006* | Acc: *99.974%* (49987/50000) 
Test epoch: 141 | Loss: *0.411* | Acc: *89.460%* (8946/10000)
Train epoch: 142 | Loss: *0.005* | Acc: *99.990%* (49995/50000) 
Test epoch: 142 | Loss: *0.418* | Acc: *89.510%* (8951/10000)
Train epoch: 143 | Loss: *0.005* | Acc: *99.986%* (49993/50000) 
Test epoch: 143 | Loss: *0.420* | Acc: *89.450%* (8945/10000)
Train epoch: 144 | Loss: *0.006* | Acc: *99.980%* (49990/50000) 
Test epoch: 144 | Loss: *0.420* | Acc: *89.230%* (8923/10000)
Train epoch: 145 | Loss: *0.006* | Acc: *99.982%* (49991/50000) 
Test epoch: 145 | Loss: *0.416* | Acc: *89.550%* (8955/10000)
Train epoch: 146 | Loss: *0.005* | Acc: *99.992%* (49996/50000) 
Test epoch: 146 | Loss: *0.415* | Acc: *89.500%* (8950/10000)
Train epoch: 147 | Loss: *0.005* | Acc: *99.990%* (49995/50000) 
Test epoch: 147 | Loss: *0.417* | Acc: *89.540%* (8954/10000)
Train epoch: 148 | Loss: *0.006* | Acc: *99.978%* (49989/50000) 
Test epoch: 148 | Loss: *0.414* | Acc: *89.390%* (8939/10000)
Train epoch: 149 | Loss: *0.005* | Acc: *99.990%* (49995/50000) 
Test epoch: 149 | Loss: *0.408* | Acc: *89.570%* (8957/10000)
Train epoch: 150 | Loss: *0.005* | Acc: *99.988%* (49994/50000) 
Test epoch: 150 | Loss: *0.416* | Acc: *89.580%* (8958/10000)
Train epoch: 151 | Loss: *0.005* | Acc: *99.990%* (49995/50000) 
Test epoch: 151 | Loss: *0.414* | Acc: *89.470%* (8947/10000)
Train epoch: 152 | Loss: *0.005* | Acc: *99.982%* (49991/50000) 
Test epoch: 152 | Loss: *0.415* | Acc: *89.490%* (8949/10000)
Train epoch: 153 | Loss: *0.005* | Acc: *99.990%* (49995/50000) 
Test epoch: 153 | Loss: *0.415* | Acc: *89.570%* (8957/10000)
Train epoch: 154 | Loss: *0.005* | Acc: *99.992%* (49996/50000) 
Test epoch: 154 | Loss: *0.413* | Acc: *89.460%* (8946/10000)
Train epoch: 155 | Loss: *0.005* | Acc: *99.992%* (49996/50000) 
Test epoch: 155 | Loss: *0.412* | Acc: *89.480%* (8948/10000)
Train epoch: 156 | Loss: *0.005* | Acc: *99.982%* (49991/50000) 
Test epoch: 156 | Loss: *0.411* | Acc: *89.410%* (8941/10000)
Train epoch: 157 | Loss: *0.005* | Acc: *99.994%* (49997/50000) 
Test epoch: 157 | Loss: *0.412* | Acc: *89.570%* (8957/10000)
Train epoch: 158 | Loss: *0.005* | Acc: *99.990%* (49995/50000) 
Test epoch: 158 | Loss: *0.414* | Acc: *89.430%* (8943/10000)
Train epoch: 159 | Loss: *0.005* | Acc: *99.992%* (49996/50000) 
Test epoch: 159 | Loss: *0.414* | Acc: *89.430%* (8943/10000)
Train epoch: 160 | Loss: *0.005* | Acc: *99.980%* (49990/50000) 
Test epoch: 160 | Loss: *0.410* | Acc: *89.660%* (8966/10000)
Train epoch: 161 | Loss: *0.005* | Acc: *99.996%* (49998/50000) 
Test epoch: 161 | Loss: *0.412* | Acc: *89.650%* (8965/10000)
Train epoch: 162 | Loss: *0.005* | Acc: *99.996%* (49998/50000) 
Test epoch: 162 | Loss: *0.411* | Acc: *89.650%* (8965/10000)
Train epoch: 163 | Loss: *0.005* | Acc: *99.998%* (49999/50000) 
Test epoch: 163 | Loss: *0.413* | Acc: *89.560%* (8956/10000)
Train epoch: 164 | Loss: *0.005* | Acc: *99.990%* (49995/50000) 
Test epoch: 164 | Loss: *0.414* | Acc: *89.480%* (8948/10000)
Train epoch: 165 | Loss: *0.005* | Acc: *99.988%* (49994/50000) 
Test epoch: 165 | Loss: *0.414* | Acc: *89.560%* (8956/10000)
Train epoch: 166 | Loss: *0.005* | Acc: *99.990%* (49995/50000) 
Test epoch: 166 | Loss: *0.412* | Acc: *89.540%* (8954/10000)
Train epoch: 167 | Loss: *0.005* | Acc: *100.000%* (50000/50000) 
Test epoch: 167 | Loss: *0.412* | Acc: *89.510%* (8951/10000)
Train epoch: 168 | Loss: *0.005* | Acc: *99.994%* (49997/50000) 
Test epoch: 168 | Loss: *0.413* | Acc: *89.480%* (8948/10000)
Train epoch: 169 | Loss: *0.005* | Acc: *99.992%* (49996/50000) 
Test epoch: 169 | Loss: *0.408* | Acc: *89.640%* (8964/10000)
Train epoch: 170 | Loss: *0.005* | Acc: *99.996%* (49998/50000) 
Test epoch: 170 | Loss: *0.414* | Acc: *89.560%* (8956/10000)
Train epoch: 171 | Loss: *0.005* | Acc: *99.990%* (49995/50000) 
Test epoch: 171 | Loss: *0.412* | Acc: *89.510%* (8951/10000)
Train epoch: 172 | Loss: *0.005* | Acc: *99.992%* (49996/50000) 
Test epoch: 172 | Loss: *0.409* | Acc: *89.510%* (8951/10000)
Train epoch: 173 | Loss: *0.005* | Acc: *99.988%* (49994/50000) 
Test epoch: 173 | Loss: *0.410* | Acc: *89.650%* (8965/10000)
Train epoch: 174 | Loss: *0.005* | Acc: *99.996%* (49998/50000) 
Test epoch: 174 | Loss: *0.410* | Acc: *89.440%* (8944/10000)
Train epoch: 175 | Loss: *0.005* | Acc: *99.998%* (49999/50000) 
Test epoch: 175 | Loss: *0.410* | Acc: *89.550%* (8955/10000)
Train epoch: 176 | Loss: *0.005* | Acc: *99.992%* (49996/50000) 
Test epoch: 176 | Loss: *0.411* | Acc: *89.560%* (8956/10000)
Train epoch: 177 | Loss: *0.005* | Acc: *99.994%* (49997/50000) 
Test epoch: 177 | Loss: *0.413* | Acc: *89.480%* (8948/10000)
Train epoch: 178 | Loss: *0.004* | Acc: *99.994%* (49997/50000) 
Test epoch: 178 | Loss: *0.411* | Acc: *89.550%* (8955/10000)
Train epoch: 179 | Loss: *0.004* | Acc: *100.000%* (50000/50000) 
Test epoch: 179 | Loss: *0.415* | Acc: *89.450%* (8945/10000)
Train epoch: 180 | Loss: *0.005* | Acc: *99.984%* (49992/50000) 
Test epoch: 180 | Loss: *0.409* | Acc: *89.400%* (8940/10000)
Train epoch: 181 | Loss: *0.005* | Acc: *99.992%* (49996/50000) 
Test epoch: 181 | Loss: *0.415* | Acc: *89.410%* (8941/10000)
Train epoch: 182 | Loss: *0.004* | Acc: *99.992%* (49996/50000) 
Test epoch: 182 | Loss: *0.411* | Acc: *89.390%* (8939/10000)
Train epoch: 183 | Loss: *0.005* | Acc: *99.990%* (49995/50000) 
Test epoch: 183 | Loss: *0.409* | Acc: *89.600%* (8960/10000)
Train epoch: 184 | Loss: *0.004* | Acc: *99.998%* (49999/50000) 
Test epoch: 184 | Loss: *0.408* | Acc: *89.550%* (8955/10000)
Train epoch: 185 | Loss: *0.005* | Acc: *99.994%* (49997/50000) 
Test epoch: 185 | Loss: *0.411* | Acc: *89.520%* (8952/10000)
Train epoch: 186 | Loss: *0.005* | Acc: *99.988%* (49994/50000) 
Test epoch: 186 | Loss: *0.410* | Acc: *89.560%* (8956/10000)
Train epoch: 187 | Loss: *0.005* | Acc: *99.986%* (49993/50000) 
Test epoch: 187 | Loss: *0.413* | Acc: *89.490%* (8949/10000)
Train epoch: 188 | Loss: *0.005* | Acc: *99.996%* (49998/50000) 
Test epoch: 188 | Loss: *0.411* | Acc: *89.580%* (8958/10000)
Train epoch: 189 | Loss: *0.005* | Acc: *99.992%* (49996/50000) 
Test epoch: 189 | Loss: *0.411* | Acc: *89.550%* (8955/10000)
Train epoch: 190 | Loss: *0.005* | Acc: *99.992%* (49996/50000) 
Test epoch: 190 | Loss: *0.410* | Acc: *89.520%* (8952/10000)
Train epoch: 191 | Loss: *0.005* | Acc: *99.994%* (49997/50000) 
Test epoch: 191 | Loss: *0.408* | Acc: *89.600%* (8960/10000)
Train epoch: 192 | Loss: *0.005* | Acc: *99.986%* (49993/50000) 
Test epoch: 192 | Loss: *0.409* | Acc: *89.600%* (8960/10000)
Train epoch: 193 | Loss: *0.005* | Acc: *99.988%* (49994/50000) 
Test epoch: 193 | Loss: *0.412* | Acc: *89.520%* (8952/10000)
Train epoch: 194 | Loss: *0.004* | Acc: *99.996%* (49998/50000) 
Test epoch: 194 | Loss: *0.410* | Acc: *89.550%* (8955/10000)
Train epoch: 195 | Loss: *0.004* | Acc: *99.996%* (49998/50000) 
Test epoch: 195 | Loss: *0.410* | Acc: *89.540%* (8954/10000)
Train epoch: 196 | Loss: *0.005* | Acc: *99.994%* (49997/50000) 
Test epoch: 196 | Loss: *0.414* | Acc: *89.550%* (8955/10000)
Train epoch: 197 | Loss: *0.005* | Acc: *99.994%* (49997/50000) 
Test epoch: 197 | Loss: *0.414* | Acc: *89.440%* (8944/10000)
Train epoch: 198 | Loss: *0.004* | Acc: *99.992%* (49996/50000) 
Test epoch: 198 | Loss: *0.411* | Acc: *89.540%* (8954/10000)
Train epoch: 199 | Loss: *0.004* | Acc: *99.988%* (49994/50000) 
Test epoch: 199 | Loss: *0.412* | Acc: *89.510%* (8951/10000)
Train epoch: 200 | Loss: *0.005* | Acc: *99.988%* (49994/50000) 
Test epoch: 200 | Loss: *0.409* | Acc: *89.490%* (8949/10000)
Train epoch: 201 | Loss: *0.005* | Acc: *99.992%* (49996/50000) 
Test epoch: 201 | Loss: *0.412* | Acc: *89.500%* (8950/10000)
Train epoch: 202 | Loss: *0.004* | Acc: *99.998%* (49999/50000) 
Test epoch: 202 | Loss: *0.411* | Acc: *89.470%* (8947/10000)
Train epoch: 203 | Loss: *0.005* | Acc: *99.990%* (49995/50000) 
Test epoch: 203 | Loss: *0.413* | Acc: *89.450%* (8945/10000)
Train epoch: 204 | Loss: *0.004* | Acc: *99.994%* (49997/50000) 
Test epoch: 204 | Loss: *0.414* | Acc: *89.450%* (8945/10000)
Train epoch: 205 | Loss: *0.005* | Acc: *99.996%* (49998/50000) 
Test epoch: 205 | Loss: *0.409* | Acc: *89.550%* (8955/10000)
Train epoch: 206 | Loss: *0.004* | Acc: *99.998%* (49999/50000) 
Test epoch: 206 | Loss: *0.411* | Acc: *89.440%* (8944/10000)
Train epoch: 207 | Loss: *0.005* | Acc: *99.990%* (49995/50000) 
Test epoch: 207 | Loss: *0.410* | Acc: *89.550%* (8955/10000)
Train epoch: 208 | Loss: *0.005* | Acc: *99.992%* (49996/50000) 
Test epoch: 208 | Loss: *0.410* | Acc: *89.600%* (8960/10000)
Train epoch: 209 | Loss: *0.004* | Acc: *99.998%* (49999/50000) 
Test epoch: 209 | Loss: *0.411* | Acc: *89.570%* (8957/10000)
Train epoch: 210 | Loss: *0.005* | Acc: *99.988%* (49994/50000) 
Test epoch: 210 | Loss: *0.411* | Acc: *89.600%* (8960/10000)
Train epoch: 211 | Loss: *0.004* | Acc: *99.992%* (49996/50000) 
Test epoch: 211 | Loss: *0.410* | Acc: *89.540%* (8954/10000)
Train epoch: 212 | Loss: *0.005* | Acc: *99.988%* (49994/50000) 
Test epoch: 212 | Loss: *0.408* | Acc: *89.540%* (8954/10000)
Train epoch: 213 | Loss: *0.005* | Acc: *100.000%* (50000/50000) 
Test epoch: 213 | Loss: *0.409* | Acc: *89.400%* (8940/10000)
Train epoch: 214 | Loss: *0.005* | Acc: *99.994%* (49997/50000) 
Test epoch: 214 | Loss: *0.411* | Acc: *89.510%* (8951/10000)
Train epoch: 215 | Loss: *0.004* | Acc: *99.996%* (49998/50000) 
Test epoch: 215 | Loss: *0.409* | Acc: *89.460%* (8946/10000)
Train epoch: 216 | Loss: *0.005* | Acc: *99.998%* (49999/50000) 
Test epoch: 216 | Loss: *0.412* | Acc: *89.520%* (8952/10000)
Train epoch: 217 | Loss: *0.004* | Acc: *99.996%* (49998/50000) 
Test epoch: 217 | Loss: *0.409* | Acc: *89.420%* (8942/10000)
Train epoch: 218 | Loss: *0.005* | Acc: *99.990%* (49995/50000) 
Test epoch: 218 | Loss: *0.413* | Acc: *89.480%* (8948/10000)
Train epoch: 219 | Loss: *0.004* | Acc: *99.998%* (49999/50000) 
Test epoch: 219 | Loss: *0.411* | Acc: *89.420%* (8942/10000)
Train epoch: 220 | Loss: *0.005* | Acc: *99.988%* (49994/50000) 
Test epoch: 220 | Loss: *0.411* | Acc: *89.330%* (8933/10000)
Train epoch: 221 | Loss: *0.005* | Acc: *99.994%* (49997/50000) 
Test epoch: 221 | Loss: *0.408* | Acc: *89.420%* (8942/10000)
Train epoch: 222 | Loss: *0.004* | Acc: *99.996%* (49998/50000) 
Test epoch: 222 | Loss: *0.412* | Acc: *89.550%* (8955/10000)
Train epoch: 223 | Loss: *0.005* | Acc: *99.992%* (49996/50000) 
Test epoch: 223 | Loss: *0.409* | Acc: *89.550%* (8955/10000)
Train epoch: 224 | Loss: *0.005* | Acc: *99.998%* (49999/50000) 
Test epoch: 224 | Loss: *0.410* | Acc: *89.440%* (8944/10000)
Train epoch: 225 | Loss: *0.005* | Acc: *99.994%* (49997/50000) 
Test epoch: 225 | Loss: *0.406* | Acc: *89.560%* (8956/10000)
Train epoch: 226 | Loss: *0.005* | Acc: *99.992%* (49996/50000) 
Test epoch: 226 | Loss: *0.412* | Acc: *89.560%* (8956/10000)
Train epoch: 227 | Loss: *0.005* | Acc: *99.994%* (49997/50000) 
Test epoch: 227 | Loss: *0.411* | Acc: *89.480%* (8948/10000)
Train epoch: 228 | Loss: *0.004* | Acc: *99.996%* (49998/50000) 
Test epoch: 228 | Loss: *0.409* | Acc: *89.370%* (8937/10000)
Train epoch: 229 | Loss: *0.005* | Acc: *99.986%* (49993/50000) 
Test epoch: 229 | Loss: *0.411* | Acc: *89.390%* (8939/10000)
Train epoch: 230 | Loss: *0.005* | Acc: *99.996%* (49998/50000) 
Test epoch: 230 | Loss: *0.415* | Acc: *89.410%* (8941/10000)
Train epoch: 231 | Loss: *0.005* | Acc: *99.996%* (49998/50000) 
Test epoch: 231 | Loss: *0.414* | Acc: *89.330%* (8933/10000)
Train epoch: 232 | Loss: *0.005* | Acc: *99.990%* (49995/50000) 
Test epoch: 232 | Loss: *0.411* | Acc: *89.540%* (8954/10000)
Train epoch: 233 | Loss: *0.005* | Acc: *99.988%* (49994/50000) 
Test epoch: 233 | Loss: *0.414* | Acc: *89.520%* (8952/10000)
Train epoch: 234 | Loss: *0.005* | Acc: *99.996%* (49998/50000) 
Test epoch: 234 | Loss: *0.411* | Acc: *89.500%* (8950/10000)
Train epoch: 235 | Loss: *0.005* | Acc: *99.998%* (49999/50000) 
Test epoch: 235 | Loss: *0.411* | Acc: *89.410%* (8941/10000)
Train epoch: 236 | Loss: *0.005* | Acc: *99.994%* (49997/50000) 
Test epoch: 236 | Loss: *0.411* | Acc: *89.420%* (8942/10000)
Train epoch: 237 | Loss: *0.005* | Acc: *99.998%* (49999/50000) 
Test epoch: 237 | Loss: *0.409* | Acc: *89.530%* (8953/10000)
Train epoch: 238 | Loss: *0.005* | Acc: *99.982%* (49991/50000) 
Test epoch: 238 | Loss: *0.413* | Acc: *89.470%* (8947/10000)
Train epoch: 239 | Loss: *0.005* | Acc: *99.994%* (49997/50000) 
Test epoch: 239 | Loss: *0.411* | Acc: *89.420%* (8942/10000)
Train epoch: 240 | Loss: *0.005* | Acc: *99.998%* (49999/50000) 
Test epoch: 240 | Loss: *0.414* | Acc: *89.440%* (8944/10000)
Train epoch: 241 | Loss: *0.005* | Acc: *99.996%* (49998/50000) 
Test epoch: 241 | Loss: *0.410* | Acc: *89.570%* (8957/10000)
Train epoch: 242 | Loss: *0.004* | Acc: *99.996%* (49998/50000) 
Test epoch: 242 | Loss: *0.413* | Acc: *89.520%* (8952/10000)
Train epoch: 243 | Loss: *0.005* | Acc: *99.988%* (49994/50000) 
Test epoch: 243 | Loss: *0.409* | Acc: *89.370%* (8937/10000)
Train epoch: 244 | Loss: *0.005* | Acc: *99.990%* (49995/50000) 
Test epoch: 244 | Loss: *0.413* | Acc: *89.380%* (8938/10000)
Train epoch: 245 | Loss: *0.005* | Acc: *99.990%* (49995/50000) 
Test epoch: 245 | Loss: *0.407* | Acc: *89.500%* (8950/10000)
Train epoch: 246 | Loss: *0.005* | Acc: *99.992%* (49996/50000) 
Test epoch: 246 | Loss: *0.405* | Acc: *89.620%* (8962/10000)
Train epoch: 247 | Loss: *0.005* | Acc: *99.996%* (49998/50000) 
Test epoch: 247 | Loss: *0.410* | Acc: *89.490%* (8949/10000)
Train epoch: 248 | Loss: *0.005* | Acc: *99.992%* (49996/50000) 
Test epoch: 248 | Loss: *0.412* | Acc: *89.450%* (8945/10000)
Train epoch: 249 | Loss: *0.005* | Acc: *100.000%* (50000/50000) 
Test epoch: 249 | Loss: *0.412* | Acc: *89.450%* (8945/10000)
Train epoch: 250 | Loss: *0.005* | Acc: *100.000%* (50000/50000) 
Test epoch: 250 | Loss: *0.411* | Acc: *89.450%* (8945/10000)
Train epoch: 251 | Loss: *0.005* | Acc: *99.992%* (49996/50000) 
Test epoch: 251 | Loss: *0.409* | Acc: *89.580%* (8958/10000)
Train epoch: 252 | Loss: *0.005* | Acc: *99.990%* (49995/50000) 
Test epoch: 252 | Loss: *0.411* | Acc: *89.610%* (8961/10000)
Train epoch: 253 | Loss: *0.005* | Acc: *99.994%* (49997/50000) 
Test epoch: 253 | Loss: *0.413* | Acc: *89.420%* (8942/10000)
Train epoch: 254 | Loss: *0.005* | Acc: *99.992%* (49996/50000) 
Test epoch: 254 | Loss: *0.409* | Acc: *89.480%* (8948/10000)
Train epoch: 255 | Loss: *0.005* | Acc: *99.992%* (49996/50000) 
Test epoch: 255 | Loss: *0.410* | Acc: *89.440%* (8944/10000)
Train epoch: 256 | Loss: *0.005* | Acc: *99.996%* (49998/50000) 
Test epoch: 256 | Loss: *0.407* | Acc: *89.390%* (8939/10000)
Train epoch: 257 | Loss: *0.005* | Acc: *99.992%* (49996/50000) 
Test epoch: 257 | Loss: *0.409* | Acc: *89.480%* (8948/10000)
Train epoch: 258 | Loss: *0.005* | Acc: *99.986%* (49993/50000) 
Test epoch: 258 | Loss: *0.413* | Acc: *89.360%* (8936/10000)
Train epoch: 259 | Loss: *0.005* | Acc: *99.980%* (49990/50000) 
Test epoch: 259 | Loss: *0.408* | Acc: *89.420%* (8942/10000)
Train epoch: 260 | Loss: *0.005* | Acc: *99.994%* (49997/50000) 
Test epoch: 260 | Loss: *0.412* | Acc: *89.320%* (8932/10000)
Train epoch: 261 | Loss: *0.005* | Acc: *99.992%* (49996/50000) 
Test epoch: 261 | Loss: *0.407* | Acc: *89.430%* (8943/10000)
Train epoch: 262 | Loss: *0.005* | Acc: *99.992%* (49996/50000) 
Test epoch: 262 | Loss: *0.408* | Acc: *89.340%* (8934/10000)
Train epoch: 263 | Loss: *0.005* | Acc: *99.990%* (49995/50000) 
Test epoch: 263 | Loss: *0.411* | Acc: *89.180%* (8918/10000)
Train epoch: 264 | Loss: *0.005* | Acc: *99.994%* (49997/50000) 
Test epoch: 264 | Loss: *0.415* | Acc: *89.300%* (8930/10000)
Train epoch: 265 | Loss: *0.005* | Acc: *99.996%* (49998/50000) 
Test epoch: 265 | Loss: *0.410* | Acc: *89.320%* (8932/10000)
Train epoch: 266 | Loss: *0.005* | Acc: *99.982%* (49991/50000) 
Test epoch: 266 | Loss: *0.410* | Acc: *89.310%* (8931/10000)
Train epoch: 267 | Loss: *0.005* | Acc: *99.994%* (49997/50000) 
Test epoch: 267 | Loss: *0.408* | Acc: *89.380%* (8938/10000)
Train epoch: 268 | Loss: *0.005* | Acc: *99.988%* (49994/50000) 
Test epoch: 268 | Loss: *0.427* | Acc: *89.180%* (8918/10000)
Train epoch: 269 | Loss: *0.005* | Acc: *99.986%* (49993/50000) 
Test epoch: 269 | Loss: *0.415* | Acc: *89.420%* (8942/10000)
Train epoch: 270 | Loss: *0.006* | Acc: *99.980%* (49990/50000) 
Test epoch: 270 | Loss: *0.416* | Acc: *89.390%* (8939/10000)
Train epoch: 271 | Loss: *0.006* | Acc: *99.990%* (49995/50000) 
Test epoch: 271 | Loss: *0.408* | Acc: *89.500%* (8950/10000)
Train epoch: 272 | Loss: *0.005* | Acc: *99.992%* (49996/50000) 
Test epoch: 272 | Loss: *0.418* | Acc: *89.150%* (8915/10000)
Train epoch: 273 | Loss: *0.006* | Acc: *99.976%* (49988/50000) 
Test epoch: 273 | Loss: *0.416* | Acc: *89.350%* (8935/10000)
Train epoch: 274 | Loss: *0.006* | Acc: *99.988%* (49994/50000) 
Test epoch: 274 | Loss: *0.418* | Acc: *89.490%* (8949/10000)
Train epoch: 275 | Loss: *0.006* | Acc: *99.978%* (49989/50000) 
Test epoch: 275 | Loss: *0.416* | Acc: *89.370%* (8937/10000)
Train epoch: 276 | Loss: *0.006* | Acc: *99.984%* (49992/50000) 
Test epoch: 276 | Loss: *0.413* | Acc: *89.540%* (8954/10000)
Train epoch: 277 | Loss: *0.006* | Acc: *99.982%* (49991/50000) 
Test epoch: 277 | Loss: *0.417* | Acc: *89.510%* (8951/10000)
Train epoch: 278 | Loss: *0.006* | Acc: *99.984%* (49992/50000) 
Test epoch: 278 | Loss: *0.413* | Acc: *89.480%* (8948/10000)
Train epoch: 279 | Loss: *0.006* | Acc: *99.968%* (49984/50000) 
Test epoch: 279 | Loss: *0.405* | Acc: *89.510%* (8951/10000)
Train epoch: 280 | Loss: *0.006* | Acc: *99.984%* (49992/50000) 
Test epoch: 280 | Loss: *0.415* | Acc: *89.250%* (8925/10000)
Train epoch: 281 | Loss: *0.006* | Acc: *99.984%* (49992/50000) 
Test epoch: 281 | Loss: *0.425* | Acc: *89.380%* (8938/10000)
Train epoch: 282 | Loss: *0.006* | Acc: *99.986%* (49993/50000) 
Test epoch: 282 | Loss: *0.414* | Acc: *89.390%* (8939/10000)
Train epoch: 283 | Loss: *0.006* | Acc: *99.978%* (49989/50000) 
Test epoch: 283 | Loss: *0.413* | Acc: *89.360%* (8936/10000)
Train epoch: 284 | Loss: *0.007* | Acc: *99.976%* (49988/50000) 
Test epoch: 284 | Loss: *0.415* | Acc: *89.470%* (8947/10000)
Train epoch: 285 | Loss: *0.007* | Acc: *99.976%* (49988/50000) 
Test epoch: 285 | Loss: *0.419* | Acc: *89.360%* (8936/10000)
Train epoch: 286 | Loss: *0.006* | Acc: *99.992%* (49996/50000) 
Test epoch: 286 | Loss: *0.412* | Acc: *89.380%* (8938/10000)
Train epoch: 287 | Loss: *0.007* | Acc: *99.970%* (49985/50000) 
Test epoch: 287 | Loss: *0.422* | Acc: *89.070%* (8907/10000)
Train epoch: 288 | Loss: *0.006* | Acc: *99.994%* (49997/50000) 
Test epoch: 288 | Loss: *0.420* | Acc: *89.220%* (8922/10000)
Train epoch: 289 | Loss: *0.007* | Acc: *99.972%* (49986/50000) 
Test epoch: 289 | Loss: *0.459* | Acc: *88.220%* (8822/10000)
Train epoch: 290 | Loss: *0.007* | Acc: *99.974%* (49987/50000) 
Test epoch: 290 | Loss: *0.419* | Acc: *89.300%* (8930/10000)
Train epoch: 291 | Loss: *0.008* | Acc: *99.946%* (49973/50000) 
Test epoch: 291 | Loss: *0.434* | Acc: *88.930%* (8893/10000)
Train epoch: 292 | Loss: *0.007* | Acc: *99.964%* (49982/50000) 
Test epoch: 292 | Loss: *0.425* | Acc: *89.260%* (8926/10000)
Train epoch: 293 | Loss: *0.007* | Acc: *99.968%* (49984/50000) 
Test epoch: 293 | Loss: *0.416* | Acc: *89.150%* (8915/10000)
Train epoch: 294 | Loss: *0.007* | Acc: *99.976%* (49988/50000) 
Test epoch: 294 | Loss: *0.425* | Acc: *89.170%* (8917/10000)
Train epoch: 295 | Loss: *0.008* | Acc: *99.938%* (49969/50000) 
Test epoch: 295 | Loss: *0.429* | Acc: *89.060%* (8906/10000)
Train epoch: 296 | Loss: *0.008* | Acc: *99.962%* (49981/50000) 
Test epoch: 296 | Loss: *0.423* | Acc: *89.080%* (8908/10000)
Train epoch: 297 | Loss: *0.008* | Acc: *99.950%* (49975/50000) 
Test epoch: 297 | Loss: *0.426* | Acc: *89.200%* (8920/10000)
Train epoch: 298 | Loss: *0.008* | Acc: *99.942%* (49971/50000) 
Test epoch: 298 | Loss: *0.427* | Acc: *88.940%* (8894/10000)
Train epoch: 299 | Loss: *0.009* | Acc: *99.946%* (49973/50000) 
Test epoch: 299 | Loss: *0.431* | Acc: *88.930%* (8893/10000)
Train epoch: 300 | Loss: *0.009* | Acc: *99.906%* (49953/50000) 
Test epoch: 300 | Loss: *0.435* | Acc: *89.040%* (8904/10000)
Train epoch: 301 | Loss: *0.009* | Acc: *99.926%* (49963/50000) 
Test epoch: 301 | Loss: *0.434* | Acc: *89.020%* (8902/10000)
Train epoch: 302 | Loss: *0.009* | Acc: *99.930%* (49965/50000) 
Test epoch: 302 | Loss: *0.439* | Acc: *88.710%* (8871/10000)
Train epoch: 303 | Loss: *0.011* | Acc: *99.894%* (49947/50000) 
Test epoch: 303 | Loss: *0.421* | Acc: *89.030%* (8903/10000)
Train epoch: 304 | Loss: *0.009* | Acc: *99.920%* (49960/50000) 
Test epoch: 304 | Loss: *0.445* | Acc: *88.670%* (8867/10000)
Train epoch: 305 | Loss: *0.011* | Acc: *99.910%* (49955/50000) 
Test epoch: 305 | Loss: *0.425* | Acc: *88.920%* (8892/10000)
Train epoch: 306 | Loss: *0.009* | Acc: *99.934%* (49967/50000) 
Test epoch: 306 | Loss: *0.425* | Acc: *88.980%* (8898/10000)
Train epoch: 307 | Loss: *0.010* | Acc: *99.906%* (49953/50000) 
Test epoch: 307 | Loss: *0.439* | Acc: *88.920%* (8892/10000)
Train epoch: 308 | Loss: *0.012* | Acc: *99.826%* (49913/50000) 
Test epoch: 308 | Loss: *0.503* | Acc: *87.920%* (8792/10000)
Train epoch: 309 | Loss: *0.013* | Acc: *99.846%* (49923/50000) 
Test epoch: 309 | Loss: *0.443* | Acc: *88.680%* (8868/10000)
Train epoch: 310 | Loss: *0.011* | Acc: *99.878%* (49939/50000) 
Test epoch: 310 | Loss: *0.445* | Acc: *88.920%* (8892/10000)
Train epoch: 311 | Loss: *0.014* | Acc: *99.798%* (49899/50000) 
Test epoch: 311 | Loss: *0.476* | Acc: *88.090%* (8809/10000)
Train epoch: 312 | Loss: *0.013* | Acc: *99.864%* (49932/50000) 
Test epoch: 312 | Loss: *0.439* | Acc: *88.840%* (8884/10000)
Train epoch: 313 | Loss: *0.013* | Acc: *99.842%* (49921/50000) 
Test epoch: 313 | Loss: *0.438* | Acc: *88.710%* (8871/10000)
Train epoch: 314 | Loss: *0.016* | Acc: *99.746%* (49873/50000) 
Test epoch: 314 | Loss: *0.444* | Acc: *88.840%* (8884/10000)
Train epoch: 315 | Loss: *0.017* | Acc: *99.724%* (49862/50000) 
Test epoch: 315 | Loss: *0.459* | Acc: *88.810%* (8881/10000)
Train epoch: 316 | Loss: *0.017* | Acc: *99.710%* (49855/50000) 
Test epoch: 316 | Loss: *0.462* | Acc: *88.540%* (8854/10000)
Train epoch: 317 | Loss: *0.019* | Acc: *99.662%* (49831/50000) 
Test epoch: 317 | Loss: *0.448* | Acc: *88.440%* (8844/10000)
Train epoch: 318 | Loss: *0.017* | Acc: *99.718%* (49859/50000) 
Test epoch: 318 | Loss: *0.454* | Acc: *88.410%* (8841/10000)
Train epoch: 319 | Loss: *0.020* | Acc: *99.610%* (49805/50000) 
Test epoch: 319 | Loss: *0.486* | Acc: *87.890%* (8789/10000)
Train epoch: 320 | Loss: *0.019* | Acc: *99.674%* (49837/50000) 
Test epoch: 320 | Loss: *0.498* | Acc: *87.380%* (8738/10000)
Train epoch: 321 | Loss: *0.020* | Acc: *99.628%* (49814/50000) 
Test epoch: 321 | Loss: *0.508* | Acc: *87.540%* (8754/10000)
Train epoch: 322 | Loss: *0.024* | Acc: *99.450%* (49725/50000) 
Test epoch: 322 | Loss: *0.445* | Acc: *88.400%* (8840/10000)
Train epoch: 323 | Loss: *0.020* | Acc: *99.642%* (49821/50000) 
Test epoch: 323 | Loss: *0.467* | Acc: *88.220%* (8822/10000)
Train epoch: 324 | Loss: *0.019* | Acc: *99.634%* (49817/50000) 
Test epoch: 324 | Loss: *0.463* | Acc: *88.170%* (8817/10000)
Train epoch: 325 | Loss: *0.021* | Acc: *99.540%* (49770/50000) 
Test epoch: 325 | Loss: *0.469* | Acc: *88.060%* (8806/10000)
Train epoch: 326 | Loss: *0.023* | Acc: *99.534%* (49767/50000) 
Test epoch: 326 | Loss: *0.530* | Acc: *87.040%* (8704/10000)
Train epoch: 327 | Loss: *0.026* | Acc: *99.388%* (49694/50000) 
Test epoch: 327 | Loss: *0.532* | Acc: *86.680%* (8668/10000)
Train epoch: 328 | Loss: *0.025* | Acc: *99.386%* (49693/50000) 
Test epoch: 328 | Loss: *0.530* | Acc: *86.800%* (8680/10000)
Train epoch: 329 | Loss: *0.022* | Acc: *99.564%* (49782/50000) 
Test epoch: 329 | Loss: *0.472* | Acc: *88.350%* (8835/10000)
Train epoch: 330 | Loss: *0.021* | Acc: *99.602%* (49801/50000) 
Test epoch: 330 | Loss: *0.464* | Acc: *88.360%* (8836/10000)
Train epoch: 331 | Loss: *0.025* | Acc: *99.408%* (49704/50000) 
Test epoch: 331 | Loss: *0.523* | Acc: *87.110%* (8711/10000)
Train epoch: 332 | Loss: *0.026* | Acc: *99.382%* (49691/50000) 
Test epoch: 332 | Loss: *0.546* | Acc: *86.620%* (8662/10000)
Train epoch: 333 | Loss: *0.026* | Acc: *99.386%* (49693/50000) 
Test epoch: 333 | Loss: *0.542* | Acc: *86.750%* (8675/10000)
Train epoch: 334 | Loss: *0.023* | Acc: *99.476%* (49738/50000) 
Test epoch: 334 | Loss: *0.474* | Acc: *88.090%* (8809/10000)
Train epoch: 335 | Loss: *0.024* | Acc: *99.464%* (49732/50000) 
Test epoch: 335 | Loss: *0.474* | Acc: *87.920%* (8792/10000)
Train epoch: 336 | Loss: *0.029* | Acc: *99.238%* (49619/50000) 
Test epoch: 336 | Loss: *0.484* | Acc: *87.980%* (8798/10000)
Train epoch: 337 | Loss: *0.023* | Acc: *99.492%* (49746/50000) 
Test epoch: 337 | Loss: *0.495* | Acc: *87.750%* (8775/10000)
Train epoch: 338 | Loss: *0.022* | Acc: *99.492%* (49746/50000) 
Test epoch: 338 | Loss: *0.482* | Acc: *87.980%* (8798/10000)
Train epoch: 339 | Loss: *0.025* | Acc: *99.398%* (49699/50000) 
Test epoch: 339 | Loss: *0.507* | Acc: *87.860%* (8786/10000)
Train epoch: 340 | Loss: *0.024* | Acc: *99.428%* (49714/50000) 
Test epoch: 340 | Loss: *0.477* | Acc: *88.350%* (8835/10000)
Train epoch: 341 | Loss: *0.023* | Acc: *99.492%* (49746/50000) 
Test epoch: 341 | Loss: *0.603* | Acc: *85.660%* (8566/10000)
Train epoch: 342 | Loss: *0.023* | Acc: *99.462%* (49731/50000) 
Test epoch: 342 | Loss: *0.468* | Acc: *88.700%* (8870/10000)
Train epoch: 343 | Loss: *0.021* | Acc: *99.526%* (49763/50000) 
Test epoch: 343 | Loss: *0.486* | Acc: *87.960%* (8796/10000)
Train epoch: 344 | Loss: *0.024* | Acc: *99.428%* (49714/50000) 
Test epoch: 344 | Loss: *0.681* | Acc: *84.310%* (8431/10000)
Train epoch: 345 | Loss: *0.027* | Acc: *99.376%* (49688/50000) 
Test epoch: 345 | Loss: *0.459* | Acc: *88.290%* (8829/10000)
Train epoch: 346 | Loss: *0.019* | Acc: *99.604%* (49802/50000) 
Test epoch: 346 | Loss: *0.448* | Acc: *88.750%* (8875/10000)
Train epoch: 347 | Loss: *0.022* | Acc: *99.504%* (49752/50000) 
Test epoch: 347 | Loss: *0.535* | Acc: *87.520%* (8752/10000)
Train epoch: 348 | Loss: *0.025* | Acc: *99.366%* (49683/50000) 
Test epoch: 348 | Loss: *0.466* | Acc: *88.290%* (8829/10000)
Train epoch: 349 | Loss: *0.025* | Acc: *99.426%* (49713/50000) 
Test epoch: 349 | Loss: *0.554* | Acc: *87.310%* (8731/10000)
Train epoch: 350 | Loss: *0.027* | Acc: *99.318%* (49659/50000) 
Test epoch: 350 | Loss: *0.450* | Acc: *88.900%* (8890/10000)
Train epoch: 351 | Loss: *0.026* | Acc: *99.354%* (49677/50000) 
Test epoch: 351 | Loss: *0.512* | Acc: *87.200%* (8720/10000)
Train epoch: 352 | Loss: *0.023* | Acc: *99.468%* (49734/50000) 
Test epoch: 352 | Loss: *0.493* | Acc: *88.060%* (8806/10000)
Train epoch: 353 | Loss: *0.024* | Acc: *99.380%* (49690/50000) 
Test epoch: 353 | Loss: *0.586* | Acc: *86.250%* (8625/10000)
Train epoch: 354 | Loss: *0.022* | Acc: *99.490%* (49745/50000) 
Test epoch: 354 | Loss: *0.552* | Acc: *86.870%* (8687/10000)
Train epoch: 355 | Loss: *0.022* | Acc: *99.486%* (49743/50000) 
Test epoch: 355 | Loss: *0.456* | Acc: *88.480%* (8848/10000)
Train epoch: 356 | Loss: *0.019* | Acc: *99.578%* (49789/50000) 
Test epoch: 356 | Loss: *0.587* | Acc: *87.160%* (8716/10000)
Train epoch: 357 | Loss: *0.022* | Acc: *99.454%* (49727/50000) 
Test epoch: 357 | Loss: *0.472* | Acc: *88.230%* (8823/10000)
Train epoch: 358 | Loss: *0.023* | Acc: *99.480%* (49740/50000) 
Test epoch: 358 | Loss: *0.534* | Acc: *87.230%* (8723/10000)
Train epoch: 359 | Loss: *0.021* | Acc: *99.556%* (49778/50000) 
Test epoch: 359 | Loss: *0.526* | Acc: *87.790%* (8779/10000)
Train epoch: 360 | Loss: *0.021* | Acc: *99.522%* (49761/50000) 
Test epoch: 360 | Loss: *0.469* | Acc: *88.510%* (8851/10000)
Train epoch: 361 | Loss: *0.018* | Acc: *99.630%* (49815/50000) 
Test epoch: 361 | Loss: *0.486* | Acc: *88.350%* (8835/10000)
Train epoch: 362 | Loss: *0.022* | Acc: *99.484%* (49742/50000) 
Test epoch: 362 | Loss: *0.529* | Acc: *87.400%* (8740/10000)
Train epoch: 363 | Loss: *0.022* | Acc: *99.464%* (49732/50000) 
Test epoch: 363 | Loss: *0.469* | Acc: *88.690%* (8869/10000)
Train epoch: 364 | Loss: *0.023* | Acc: *99.448%* (49724/50000) 
Test epoch: 364 | Loss: *0.699* | Acc: *85.820%* (8582/10000)
Train epoch: 365 | Loss: *0.024* | Acc: *99.384%* (49692/50000) 
Test epoch: 365 | Loss: *0.520* | Acc: *87.840%* (8784/10000)
Train epoch: 366 | Loss: *0.020* | Acc: *99.562%* (49781/50000) 
Test epoch: 366 | Loss: *0.484* | Acc: *88.320%* (8832/10000)
Train epoch: 367 | Loss: *0.022* | Acc: *99.512%* (49756/50000) 
Test epoch: 367 | Loss: *0.524* | Acc: *87.000%* (8700/10000)
Train epoch: 368 | Loss: *0.022* | Acc: *99.498%* (49749/50000) 
Test epoch: 368 | Loss: *0.463* | Acc: *88.760%* (8876/10000)
Train epoch: 369 | Loss: *0.019* | Acc: *99.562%* (49781/50000) 
Test epoch: 369 | Loss: *0.537* | Acc: *87.570%* (8757/10000)
Train epoch: 370 | Loss: *0.025* | Acc: *99.352%* (49676/50000) 
Test epoch: 370 | Loss: *0.532* | Acc: *87.130%* (8713/10000)
Train epoch: 371 | Loss: *0.021* | Acc: *99.480%* (49740/50000) 
Test epoch: 371 | Loss: *0.494* | Acc: *88.220%* (8822/10000)
Train epoch: 372 | Loss: *0.022* | Acc: *99.426%* (49713/50000) 
Test epoch: 372 | Loss: *0.476* | Acc: *88.020%* (8802/10000)
Train epoch: 373 | Loss: *0.023* | Acc: *99.416%* (49708/50000) 
Test epoch: 373 | Loss: *0.519* | Acc: *87.820%* (8782/10000)
Train epoch: 374 | Loss: *0.021* | Acc: *99.490%* (49745/50000) 
Test epoch: 374 | Loss: *0.472* | Acc: *88.310%* (8831/10000)
Train epoch: 375 | Loss: *0.019* | Acc: *99.538%* (49769/50000) 
Test epoch: 375 | Loss: *0.541* | Acc: *87.070%* (8707/10000)
Train epoch: 376 | Loss: *0.018* | Acc: *99.594%* (49797/50000) 
Test epoch: 376 | Loss: *0.481* | Acc: *87.970%* (8797/10000)
Train epoch: 377 | Loss: *0.017* | Acc: *99.632%* (49816/50000) 
Test epoch: 377 | Loss: *0.513* | Acc: *87.380%* (8738/10000)
Train epoch: 378 | Loss: *0.020* | Acc: *99.496%* (49748/50000) 
Test epoch: 378 | Loss: *0.519* | Acc: *87.910%* (8791/10000)
Train epoch: 379 | Loss: *0.015* | Acc: *99.722%* (49861/50000) 
Test epoch: 379 | Loss: *0.462* | Acc: *88.600%* (8860/10000)
Train epoch: 380 | Loss: *0.015* | Acc: *99.706%* (49853/50000) 
Test epoch: 380 | Loss: *0.477* | Acc: *88.850%* (8885/10000)
Train epoch: 381 | Loss: *0.015* | Acc: *99.698%* (49849/50000) 
Test epoch: 381 | Loss: *0.484* | Acc: *88.150%* (8815/10000)
Train epoch: 382 | Loss: *0.017* | Acc: *99.640%* (49820/50000) 
Test epoch: 382 | Loss: *0.470* | Acc: *88.740%* (8874/10000)
Train epoch: 383 | Loss: *0.017* | Acc: *99.592%* (49796/50000) 
Test epoch: 383 | Loss: *0.472* | Acc: *88.370%* (8837/10000)
Train epoch: 384 | Loss: *0.019* | Acc: *99.556%* (49778/50000) 
Test epoch: 384 | Loss: *0.465* | Acc: *88.400%* (8840/10000)
Train epoch: 385 | Loss: *0.015* | Acc: *99.714%* (49857/50000) 
Test epoch: 385 | Loss: *0.530* | Acc: *87.610%* (8761/10000)
Train epoch: 386 | Loss: *0.016* | Acc: *99.678%* (49839/50000) 
Test epoch: 386 | Loss: *0.474* | Acc: *88.680%* (8868/10000)
Train epoch: 387 | Loss: *0.014* | Acc: *99.698%* (49849/50000) 
Test epoch: 387 | Loss: *0.481* | Acc: *88.490%* (8849/10000)
Train epoch: 388 | Loss: *0.012* | Acc: *99.800%* (49900/50000) 
Test epoch: 388 | Loss: *0.580* | Acc: *86.530%* (8653/10000)
Train epoch: 389 | Loss: *0.014* | Acc: *99.690%* (49845/50000) 
Test epoch: 389 | Loss: *0.512* | Acc: *87.750%* (8775/10000)
Train epoch: 390 | Loss: *0.015* | Acc: *99.710%* (49855/50000) 
Test epoch: 390 | Loss: *0.523* | Acc: *87.390%* (8739/10000)
Train epoch: 391 | Loss: *0.014* | Acc: *99.734%* (49867/50000) 
Test epoch: 391 | Loss: *0.482* | Acc: *88.480%* (8848/10000)
Train epoch: 392 | Loss: *0.015* | Acc: *99.698%* (49849/50000) 
Test epoch: 392 | Loss: *0.482* | Acc: *88.060%* (8806/10000)
Train epoch: 393 | Loss: *0.015* | Acc: *99.666%* (49833/50000) 
Test epoch: 393 | Loss: *0.492* | Acc: *88.010%* (8801/10000)
Train epoch: 394 | Loss: *0.013* | Acc: *99.752%* (49876/50000) 
Test epoch: 394 | Loss: *0.487* | Acc: *88.210%* (8821/10000)
Train epoch: 395 | Loss: *0.014* | Acc: *99.738%* (49869/50000) 
Test epoch: 395 | Loss: *0.492* | Acc: *87.960%* (8796/10000)
Train epoch: 396 | Loss: *0.014* | Acc: *99.716%* (49858/50000) 
Test epoch: 396 | Loss: *0.460* | Acc: *88.490%* (8849/10000)
Train epoch: 397 | Loss: *0.014* | Acc: *99.730%* (49865/50000) 
Test epoch: 397 | Loss: *0.503* | Acc: *88.070%* (8807/10000)
Train epoch: 398 | Loss: *0.013* | Acc: *99.746%* (49873/50000) 
Test epoch: 398 | Loss: *0.473* | Acc: *88.320%* (8832/10000)
Train epoch: 399 | Loss: *0.013* | Acc: *99.776%* (49888/50000) 
Test epoch: 399 | Loss: *0.515* | Acc: *87.650%* (8765/10000)
Train epoch: 400 | Loss: *0.013* | Acc: *99.760%* (49880/50000) 
Test epoch: 400 | Loss: *0.538* | Acc: *87.070%* (8707/10000)
Train epoch: 401 | Loss: *0.012* | Acc: *99.794%* (49897/50000) 
Test epoch: 401 | Loss: *0.466* | Acc: *88.630%* (8863/10000)
Train epoch: 402 | Loss: *0.014* | Acc: *99.746%* (49873/50000) 
Test epoch: 402 | Loss: *0.501* | Acc: *87.740%* (8774/10000)
Train epoch: 403 | Loss: *0.010* | Acc: *99.864%* (49932/50000) 
Test epoch: 403 | Loss: *0.480* | Acc: *88.520%* (8852/10000)
Train epoch: 404 | Loss: *0.013* | Acc: *99.738%* (49869/50000) 
Test epoch: 404 | Loss: *0.471* | Acc: *88.480%* (8848/10000)
Train epoch: 405 | Loss: *0.012* | Acc: *99.810%* (49905/50000) 
Test epoch: 405 | Loss: *0.521* | Acc: *87.520%* (8752/10000)
Train epoch: 406 | Loss: *0.013* | Acc: *99.750%* (49875/50000) 
Test epoch: 406 | Loss: *0.475* | Acc: *88.190%* (8819/10000)
Train epoch: 407 | Loss: *0.011* | Acc: *99.836%* (49918/50000) 
Test epoch: 407 | Loss: *0.482* | Acc: *88.400%* (8840/10000)
Train epoch: 408 | Loss: *0.011* | Acc: *99.834%* (49917/50000) 
Test epoch: 408 | Loss: *0.466* | Acc: *88.950%* (8895/10000)
Train epoch: 409 | Loss: *0.011* | Acc: *99.802%* (49901/50000) 
Test epoch: 409 | Loss: *0.481* | Acc: *88.340%* (8834/10000)
Train epoch: 410 | Loss: *0.010* | Acc: *99.848%* (49924/50000) 
Test epoch: 410 | Loss: *0.494* | Acc: *88.120%* (8812/10000)
Train epoch: 411 | Loss: *0.012* | Acc: *99.786%* (49893/50000) 
Test epoch: 411 | Loss: *0.477* | Acc: *88.600%* (8860/10000)
Train epoch: 412 | Loss: *0.010* | Acc: *99.836%* (49918/50000) 
Test epoch: 412 | Loss: *0.531* | Acc: *87.700%* (8770/10000)
Train epoch: 413 | Loss: *0.011* | Acc: *99.800%* (49900/50000) 
Test epoch: 413 | Loss: *0.455* | Acc: *88.580%* (8858/10000)
Train epoch: 414 | Loss: *0.009* | Acc: *99.874%* (49937/50000) 
Test epoch: 414 | Loss: *0.455* | Acc: *88.970%* (8897/10000)
Train epoch: 415 | Loss: *0.010* | Acc: *99.842%* (49921/50000) 
Test epoch: 415 | Loss: *0.537* | Acc: *87.290%* (8729/10000)
Train epoch: 416 | Loss: *0.011* | Acc: *99.842%* (49921/50000) 
Test epoch: 416 | Loss: *0.454* | Acc: *88.770%* (8877/10000)
Train epoch: 417 | Loss: *0.008* | Acc: *99.908%* (49954/50000) 
Test epoch: 417 | Loss: *0.440* | Acc: *89.080%* (8908/10000)
Train epoch: 418 | Loss: *0.009* | Acc: *99.892%* (49946/50000) 
Test epoch: 418 | Loss: *0.482* | Acc: *88.460%* (8846/10000)
Train epoch: 419 | Loss: *0.010* | Acc: *99.858%* (49929/50000) 
Test epoch: 419 | Loss: *0.573* | Acc: *87.230%* (8723/10000)
Train epoch: 420 | Loss: *0.009* | Acc: *99.890%* (49945/50000) 
Test epoch: 420 | Loss: *0.445* | Acc: *89.190%* (8919/10000)
Train epoch: 421 | Loss: *0.008* | Acc: *99.890%* (49945/50000) 
Test epoch: 421 | Loss: *0.439* | Acc: *89.210%* (8921/10000)
Train epoch: 422 | Loss: *0.008* | Acc: *99.890%* (49945/50000) 
Test epoch: 422 | Loss: *0.436* | Acc: *89.230%* (8923/10000)
Train epoch: 423 | Loss: *0.008* | Acc: *99.918%* (49959/50000) 
Test epoch: 423 | Loss: *0.494* | Acc: *88.320%* (8832/10000)
Train epoch: 424 | Loss: *0.007* | Acc: *99.944%* (49972/50000) 
Test epoch: 424 | Loss: *0.429* | Acc: *89.310%* (8931/10000)
Train epoch: 425 | Loss: *0.006* | Acc: *99.948%* (49974/50000) 
Test epoch: 425 | Loss: *0.437* | Acc: *89.100%* (8910/10000)
Train epoch: 426 | Loss: *0.006* | Acc: *99.942%* (49971/50000) 
Test epoch: 426 | Loss: *0.423* | Acc: *89.640%* (8964/10000)
Train epoch: 427 | Loss: *0.006* | Acc: *99.972%* (49986/50000) 
Test epoch: 427 | Loss: *0.474* | Acc: *88.590%* (8859/10000)
Train epoch: 428 | Loss: *0.006* | Acc: *99.938%* (49969/50000) 
Test epoch: 428 | Loss: *0.444* | Acc: *88.900%* (8890/10000)
Train epoch: 429 | Loss: *0.006* | Acc: *99.956%* (49978/50000) 
Test epoch: 429 | Loss: *0.464* | Acc: *88.600%* (8860/10000)
Train epoch: 430 | Loss: *0.007* | Acc: *99.936%* (49968/50000) 
Test epoch: 430 | Loss: *0.448* | Acc: *88.950%* (8895/10000)
Train epoch: 431 | Loss: *0.006* | Acc: *99.962%* (49981/50000) 
Test epoch: 431 | Loss: *0.455* | Acc: *89.110%* (8911/10000)
Train epoch: 432 | Loss: *0.007* | Acc: *99.924%* (49962/50000) 
Test epoch: 432 | Loss: *0.427* | Acc: *89.450%* (8945/10000)
Train epoch: 433 | Loss: *0.005* | Acc: *99.974%* (49987/50000) 
Test epoch: 433 | Loss: *0.417* | Acc: *89.620%* (8962/10000)
Train epoch: 434 | Loss: *0.005* | Acc: *99.964%* (49982/50000) 
Test epoch: 434 | Loss: *0.422* | Acc: *89.640%* (8964/10000)
Train epoch: 435 | Loss: *0.005* | Acc: *99.980%* (49990/50000) 
Test epoch: 435 | Loss: *0.415* | Acc: *89.820%* (8982/10000)
Train epoch: 436 | Loss: *0.004* | Acc: *99.990%* (49995/50000) 
Test epoch: 436 | Loss: *0.419* | Acc: *89.510%* (8951/10000)
Train epoch: 437 | Loss: *0.005* | Acc: *99.972%* (49986/50000) 
Test epoch: 437 | Loss: *0.421* | Acc: *89.580%* (8958/10000)
Train epoch: 438 | Loss: *0.005* | Acc: *99.956%* (49978/50000) 
Test epoch: 438 | Loss: *0.441* | Acc: *89.240%* (8924/10000)
Train epoch: 439 | Loss: *0.005* | Acc: *99.978%* (49989/50000) 
Test epoch: 439 | Loss: *0.436* | Acc: *89.360%* (8936/10000)
Train epoch: 440 | Loss: *0.004* | Acc: *99.984%* (49992/50000) 
Test epoch: 440 | Loss: *0.418* | Acc: *89.790%* (8979/10000)
Train epoch: 441 | Loss: *0.004* | Acc: *99.978%* (49989/50000) 
Test epoch: 441 | Loss: *0.507* | Acc: *87.680%* (8768/10000)
Train epoch: 442 | Loss: *0.006* | Acc: *99.952%* (49976/50000) 
Test epoch: 442 | Loss: *0.419* | Acc: *89.500%* (8950/10000)
Train epoch: 443 | Loss: *0.005* | Acc: *99.984%* (49992/50000) 
Test epoch: 443 | Loss: *0.411* | Acc: *89.880%* (8988/10000)
Train epoch: 444 | Loss: *0.005* | Acc: *99.974%* (49987/50000) 
Test epoch: 444 | Loss: *0.451* | Acc: *89.210%* (8921/10000)
Train epoch: 445 | Loss: *0.005* | Acc: *99.984%* (49992/50000) 
Test epoch: 445 | Loss: *0.414* | Acc: *89.560%* (8956/10000)
Train epoch: 446 | Loss: *0.004* | Acc: *99.986%* (49993/50000) 
Test epoch: 446 | Loss: *0.416* | Acc: *89.690%* (8969/10000)
Train epoch: 447 | Loss: *0.004* | Acc: *99.988%* (49994/50000) 
Test epoch: 447 | Loss: *0.415* | Acc: *89.740%* (8974/10000)
Train epoch: 448 | Loss: *0.004* | Acc: *99.980%* (49990/50000) 
Test epoch: 448 | Loss: *0.417* | Acc: *89.730%* (8973/10000)
Train epoch: 449 | Loss: *0.004* | Acc: *99.996%* (49998/50000) 
Test epoch: 449 | Loss: *0.408* | Acc: *89.720%* (8972/10000)
Train epoch: 450 | Loss: *0.004* | Acc: *99.986%* (49993/50000) 
Test epoch: 450 | Loss: *0.406* | Acc: *89.740%* (8974/10000)
Train epoch: 451 | Loss: *0.004* | Acc: *99.984%* (49992/50000) 
Test epoch: 451 | Loss: *0.410* | Acc: *89.560%* (8956/10000)
Train epoch: 452 | Loss: *0.004* | Acc: *99.982%* (49991/50000) 
Test epoch: 452 | Loss: *0.408* | Acc: *89.600%* (8960/10000)
Train epoch: 453 | Loss: *0.004* | Acc: *99.988%* (49994/50000) 
Test epoch: 453 | Loss: *0.421* | Acc: *89.550%* (8955/10000)
Train epoch: 454 | Loss: *0.004* | Acc: *99.988%* (49994/50000) 
Test epoch: 454 | Loss: *0.418* | Acc: *89.560%* (8956/10000)
Train epoch: 455 | Loss: *0.004* | Acc: *99.992%* (49996/50000) 
Test epoch: 455 | Loss: *0.456* | Acc: *88.590%* (8859/10000)
Train epoch: 456 | Loss: *0.004* | Acc: *100.000%* (50000/50000) 
Test epoch: 456 | Loss: *0.399* | Acc: *89.790%* (8979/10000)
Train epoch: 457 | Loss: *0.004* | Acc: *99.996%* (49998/50000) 
Test epoch: 457 | Loss: *0.403* | Acc: *89.700%* (8970/10000)
Train epoch: 458 | Loss: *0.004* | Acc: *99.996%* (49998/50000) 
Test epoch: 458 | Loss: *0.403* | Acc: *89.760%* (8976/10000)
Train epoch: 459 | Loss: *0.004* | Acc: *99.996%* (49998/50000) 
Test epoch: 459 | Loss: *0.405* | Acc: *89.530%* (8953/10000)
Train epoch: 460 | Loss: *0.004* | Acc: *99.994%* (49997/50000) 
Test epoch: 460 | Loss: *0.404* | Acc: *89.940%* (8994/10000)
Train epoch: 461 | Loss: *0.004* | Acc: *99.988%* (49994/50000) 
Test epoch: 461 | Loss: *0.405* | Acc: *89.730%* (8973/10000)
Train epoch: 462 | Loss: *0.004* | Acc: *99.998%* (49999/50000) 
Test epoch: 462 | Loss: *0.401* | Acc: *89.960%* (8996/10000)
Train epoch: 463 | Loss: *0.004* | Acc: *99.998%* (49999/50000) 
Test epoch: 463 | Loss: *0.400* | Acc: *89.750%* (8975/10000)
Train epoch: 464 | Loss: *0.004* | Acc: *99.994%* (49997/50000) 
Test epoch: 464 | Loss: *0.396* | Acc: *89.790%* (8979/10000)
Train epoch: 465 | Loss: *0.004* | Acc: *99.994%* (49997/50000) 
Test epoch: 465 | Loss: *0.394* | Acc: *89.950%* (8995/10000)
Train epoch: 466 | Loss: *0.004* | Acc: *99.998%* (49999/50000) 
Test epoch: 466 | Loss: *0.398* | Acc: *89.780%* (8978/10000)
Train epoch: 467 | Loss: *0.003* | Acc: *100.000%* (50000/50000) 
Test epoch: 467 | Loss: *0.395* | Acc: *89.680%* (8968/10000)
Train epoch: 468 | Loss: *0.003* | Acc: *99.996%* (49998/50000) 
Test epoch: 468 | Loss: *0.398* | Acc: *89.890%* (8989/10000)
Train epoch: 469 | Loss: *0.003* | Acc: *99.996%* (49998/50000) 
Test epoch: 469 | Loss: *0.404* | Acc: *89.670%* (8967/10000)
Train epoch: 470 | Loss: *0.004* | Acc: *99.996%* (49998/50000) 
Test epoch: 470 | Loss: *0.402* | Acc: *89.650%* (8965/10000)
Train epoch: 471 | Loss: *0.003* | Acc: *99.996%* (49998/50000) 
Test epoch: 471 | Loss: *0.397* | Acc: *89.700%* (8970/10000)
Train epoch: 472 | Loss: *0.004* | Acc: *99.990%* (49995/50000) 
Test epoch: 472 | Loss: *0.397* | Acc: *89.790%* (8979/10000)
Train epoch: 473 | Loss: *0.003* | Acc: *99.992%* (49996/50000) 
Test epoch: 473 | Loss: *0.397* | Acc: *89.870%* (8987/10000)
Train epoch: 474 | Loss: *0.003* | Acc: *99.996%* (49998/50000) 
Test epoch: 474 | Loss: *0.398* | Acc: *89.830%* (8983/10000)
Train epoch: 475 | Loss: *0.003* | Acc: *99.994%* (49997/50000) 
Test epoch: 475 | Loss: *0.402* | Acc: *89.640%* (8964/10000)
Train epoch: 476 | Loss: *0.003* | Acc: *100.000%* (50000/50000) 
Test epoch: 476 | Loss: *0.396* | Acc: *89.680%* (8968/10000)
Train epoch: 477 | Loss: *0.003* | Acc: *99.996%* (49998/50000) 
Test epoch: 477 | Loss: *0.397* | Acc: *89.920%* (8992/10000)
Train epoch: 478 | Loss: *0.003* | Acc: *100.000%* (50000/50000) 
Test epoch: 478 | Loss: *0.396* | Acc: *89.720%* (8972/10000)
Train epoch: 479 | Loss: *0.003* | Acc: *99.996%* (49998/50000) 
Test epoch: 479 | Loss: *0.395* | Acc: *89.680%* (8968/10000)
Train epoch: 480 | Loss: *0.003* | Acc: *99.998%* (49999/50000) 
Test epoch: 480 | Loss: *0.392* | Acc: *89.870%* (8987/10000)
Train epoch: 481 | Loss: *0.003* | Acc: *100.000%* (50000/50000) 
Test epoch: 481 | Loss: *0.390* | Acc: *89.820%* (8982/10000)
Train epoch: 482 | Loss: *0.003* | Acc: *100.000%* (50000/50000) 
Test epoch: 482 | Loss: *0.397* | Acc: *89.940%* (8994/10000)
Train epoch: 483 | Loss: *0.003* | Acc: *99.998%* (49999/50000) 
Test epoch: 483 | Loss: *0.392* | Acc: *89.910%* (8991/10000)
Train epoch: 484 | Loss: *0.003* | Acc: *99.998%* (49999/50000) 
Test epoch: 484 | Loss: *0.392* | Acc: *89.710%* (8971/10000)
Train epoch: 485 | Loss: *0.003* | Acc: *99.998%* (49999/50000) 
Test epoch: 485 | Loss: *0.400* | Acc: *89.890%* (8989/10000)
Train epoch: 486 | Loss: *0.003* | Acc: *100.000%* (50000/50000) 
Test epoch: 486 | Loss: *0.391* | Acc: *90.110%* (9011/10000)
Train epoch: 487 | Loss: *0.003* | Acc: *99.998%* (49999/50000) 
Test epoch: 487 | Loss: *0.387* | Acc: *89.950%* (8995/10000)
Train epoch: 488 | Loss: *0.003* | Acc: *99.996%* (49998/50000) 
Test epoch: 488 | Loss: *0.392* | Acc: *89.940%* (8994/10000)
Train epoch: 489 | Loss: *0.003* | Acc: *100.000%* (50000/50000) 
Test epoch: 489 | Loss: *0.390* | Acc: *89.880%* (8988/10000)
Train epoch: 490 | Loss: *0.003* | Acc: *100.000%* (50000/50000) 
Test epoch: 490 | Loss: *0.392* | Acc: *89.810%* (8981/10000)
Train epoch: 491 | Loss: *0.003* | Acc: *100.000%* (50000/50000) 
Test epoch: 491 | Loss: *0.389* | Acc: *89.950%* (8995/10000)
Train epoch: 492 | Loss: *0.003* | Acc: *100.000%* (50000/50000) 
Test epoch: 492 | Loss: *0.387* | Acc: *89.850%* (8985/10000)
Train epoch: 493 | Loss: *0.003* | Acc: *100.000%* (50000/50000) 
Test epoch: 493 | Loss: *0.619* | Acc: *84.140%* (8414/10000)
Train epoch: 494 | Loss: *0.004* | Acc: *99.992%* (49996/50000) 
Test epoch: 494 | Loss: *0.387* | Acc: *89.980%* (8998/10000)
Train epoch: 495 | Loss: *0.003* | Acc: *99.996%* (49998/50000) 
Test epoch: 495 | Loss: *0.392* | Acc: *90.020%* (9002/10000)
Train epoch: 496 | Loss: *0.003* | Acc: *100.000%* (50000/50000) 
Test epoch: 496 | Loss: *0.389* | Acc: *90.000%* (9000/10000)
Train epoch: 497 | Loss: *0.003* | Acc: *99.998%* (49999/50000) 
Test epoch: 497 | Loss: *0.389* | Acc: *90.090%* (9009/10000)
Train epoch: 498 | Loss: *0.003* | Acc: *100.000%* (50000/50000) 
Test epoch: 498 | Loss: *0.389* | Acc: *89.760%* (8976/10000)
Train epoch: 499 | Loss: *0.003* | Acc: *100.000%* (50000/50000) 
Test epoch: 499 | Loss: *0.387* | Acc: *89.770%* (8977/10000)
Train epoch: 500 | Loss: *0.003* | Acc: *99.998%* (49999/50000) 
Test epoch: 500 | Loss: *0.395* | Acc: *89.680%* (8968/10000)
Best test accuracy: *90.110%*, loss: *0.39141547814011574*, at epoch: *486*.
==> Execution time summary of 500 epoch(s).
Train data loading time: sum. *230.31325417757034* secs | avg. *0.4606265083551407* secs per epoch.
Train training time: sum. *1101.6514009796083* secs | avg. *2.2033028019592167* secs per epoch.
Train total time: sum. *1331.9646551571786* secs | avg. *2.6639293103143573* secs per epoch.
Test data loading time: sum. *98.13192603364587* secs | avg. *0.19626385206729174* secs per epoch.
Test training time: sum. *81.25024890806526* secs | avg. *0.16250049781613052* secs per epoch.
Test total time: sum. *179.38217494171113* secs | avg. *0.35876434988342226* secs per epoch.
Total data loading time: sum. *328.4451802112162* secs | avg. *0.6568903604224324* secs per epoch.
Total training time: sum. *1182.9016498876736* secs | avg. *2.3658032997753473* secs per epoch.
Total running time: sum. *1511.3468300988898* secs | avg. *3.0226936601977794* secs per epoch.
==> Number of GPU device: 1
==> Device #0 Memory Usage
==> Allocated: 0.1 GB
==> Cached:    0.9 GB
==> Maximum: 0.9 GB
