==> Running on : cuda
==> Number of CPU: 48
==> Number of workers: 2
==> #Epochs: 500, #Layers: 4, #Blocks: [2, 1, 1, 1], In channel: 64, Input layer conv kernel: 7x7, Residual layer conv kernel 3x3, Skip kernel: 1x1, Input layer conv padding: 2, Residual layer conv padding: 1
==> Optimizer is SGD
==> Momentum: 0.9
==> Learning rate: 0.1
==> Weight decay: 0.0005
==>Trainable Parameters: 4984906
==>Other Parameters: 0
==>Augmentation: None
Files already downloaded and verified
Train epoch: 1 | Loss: *1.564* | Acc: *42.500%* (21250/50000) 
Test epoch: 1 | Loss: *1.615* | Acc: *43.250%* (4325/10000)
Train epoch: 2 | Loss: *1.129* | Acc: *59.596%* (29798/50000) 
Test epoch: 2 | Loss: *1.404* | Acc: *54.240%* (5424/10000)
Train epoch: 3 | Loss: *0.849* | Acc: *69.838%* (34919/50000) 
Test epoch: 3 | Loss: *0.969* | Acc: *66.340%* (6634/10000)
Train epoch: 4 | Loss: *0.657* | Acc: *76.810%* (38405/50000) 
Test epoch: 4 | Loss: *0.752* | Acc: *74.190%* (7419/10000)
Train epoch: 5 | Loss: *0.546* | Acc: *80.970%* (40485/50000) 
Test epoch: 5 | Loss: *1.018* | Acc: *67.240%* (6724/10000)
Train epoch: 6 | Loss: *0.463* | Acc: *84.082%* (42041/50000) 
Test epoch: 6 | Loss: *0.718* | Acc: *75.750%* (7575/10000)
Train epoch: 7 | Loss: *0.407* | Acc: *85.770%* (42885/50000) 
Test epoch: 7 | Loss: *0.699* | Acc: *76.640%* (7664/10000)
Train epoch: 8 | Loss: *0.355* | Acc: *87.742%* (43871/50000) 
Test epoch: 8 | Loss: *0.751* | Acc: *74.630%* (7463/10000)
Train epoch: 9 | Loss: *0.323* | Acc: *88.638%* (44319/50000) 
Test epoch: 9 | Loss: *0.607* | Acc: *79.240%* (7924/10000)
Train epoch: 10 | Loss: *0.289* | Acc: *90.006%* (45003/50000) 
Test epoch: 10 | Loss: *0.682* | Acc: *77.880%* (7788/10000)
Train epoch: 11 | Loss: *0.269* | Acc: *90.468%* (45234/50000) 
Test epoch: 11 | Loss: *0.744* | Acc: *76.600%* (7660/10000)
Train epoch: 12 | Loss: *0.253* | Acc: *91.134%* (45567/50000) 
Test epoch: 12 | Loss: *0.810* | Acc: *74.810%* (7481/10000)
Train epoch: 13 | Loss: *0.239* | Acc: *91.560%* (45780/50000) 
Test epoch: 13 | Loss: *0.685* | Acc: *78.850%* (7885/10000)
Train epoch: 14 | Loss: *0.220* | Acc: *92.298%* (46149/50000) 
Test epoch: 14 | Loss: *0.821* | Acc: *75.680%* (7568/10000)
Train epoch: 15 | Loss: *0.215* | Acc: *92.580%* (46290/50000) 
Test epoch: 15 | Loss: *0.778* | Acc: *76.720%* (7672/10000)
Train epoch: 16 | Loss: *0.212* | Acc: *92.698%* (46349/50000) 
Test epoch: 16 | Loss: *1.027* | Acc: *71.650%* (7165/10000)
Train epoch: 17 | Loss: *0.209* | Acc: *92.752%* (46376/50000) 
Test epoch: 17 | Loss: *0.784* | Acc: *76.250%* (7625/10000)
Train epoch: 18 | Loss: *0.203* | Acc: *92.954%* (46477/50000) 
Test epoch: 18 | Loss: *0.798* | Acc: *76.130%* (7613/10000)
Train epoch: 19 | Loss: *0.203* | Acc: *92.934%* (46467/50000) 
Test epoch: 19 | Loss: *0.738* | Acc: *77.330%* (7733/10000)
Train epoch: 20 | Loss: *0.196* | Acc: *93.138%* (46569/50000) 
Test epoch: 20 | Loss: *0.993* | Acc: *72.520%* (7252/10000)
Train epoch: 21 | Loss: *0.190* | Acc: *93.410%* (46705/50000) 
Test epoch: 21 | Loss: *0.803* | Acc: *76.240%* (7624/10000)
Train epoch: 22 | Loss: *0.185* | Acc: *93.638%* (46819/50000) 
Test epoch: 22 | Loss: *0.788* | Acc: *75.470%* (7547/10000)
Train epoch: 23 | Loss: *0.189* | Acc: *93.532%* (46766/50000) 
Test epoch: 23 | Loss: *0.821* | Acc: *76.040%* (7604/10000)
Train epoch: 24 | Loss: *0.186* | Acc: *93.598%* (46799/50000) 
Test epoch: 24 | Loss: *0.809* | Acc: *76.700%* (7670/10000)
Train epoch: 25 | Loss: *0.181* | Acc: *93.708%* (46854/50000) 
Test epoch: 25 | Loss: *0.749* | Acc: *77.540%* (7754/10000)
Train epoch: 26 | Loss: *0.185* | Acc: *93.682%* (46841/50000) 
Test epoch: 26 | Loss: *0.729* | Acc: *78.630%* (7863/10000)
Train epoch: 27 | Loss: *0.184* | Acc: *93.678%* (46839/50000) 
Test epoch: 27 | Loss: *0.737* | Acc: *78.800%* (7880/10000)
Train epoch: 28 | Loss: *0.183* | Acc: *93.732%* (46866/50000) 
Test epoch: 28 | Loss: *0.705* | Acc: *77.950%* (7795/10000)
Train epoch: 29 | Loss: *0.181* | Acc: *93.704%* (46852/50000) 
Test epoch: 29 | Loss: *0.831* | Acc: *75.000%* (7500/10000)
Train epoch: 30 | Loss: *0.175* | Acc: *94.000%* (47000/50000) 
Test epoch: 30 | Loss: *0.890* | Acc: *74.550%* (7455/10000)
Train epoch: 31 | Loss: *0.177* | Acc: *93.834%* (46917/50000) 
Test epoch: 31 | Loss: *0.761* | Acc: *77.420%* (7742/10000)
Train epoch: 32 | Loss: *0.172* | Acc: *94.082%* (47041/50000) 
Test epoch: 32 | Loss: *0.855* | Acc: *75.320%* (7532/10000)
Train epoch: 33 | Loss: *0.170* | Acc: *94.146%* (47073/50000) 
Test epoch: 33 | Loss: *0.775* | Acc: *77.360%* (7736/10000)
Train epoch: 34 | Loss: *0.169* | Acc: *94.188%* (47094/50000) 
Test epoch: 34 | Loss: *0.727* | Acc: *78.080%* (7808/10000)
Train epoch: 35 | Loss: *0.176* | Acc: *93.882%* (46941/50000) 
Test epoch: 35 | Loss: *0.678* | Acc: *79.690%* (7969/10000)
Train epoch: 36 | Loss: *0.168* | Acc: *94.156%* (47078/50000) 
Test epoch: 36 | Loss: *0.632* | Acc: *80.280%* (8028/10000)
Train epoch: 37 | Loss: *0.159* | Acc: *94.688%* (47344/50000) 
Test epoch: 37 | Loss: *0.789* | Acc: *78.110%* (7811/10000)
Train epoch: 38 | Loss: *0.172* | Acc: *94.118%* (47059/50000) 
Test epoch: 38 | Loss: *0.864* | Acc: *74.420%* (7442/10000)
Train epoch: 39 | Loss: *0.158* | Acc: *94.624%* (47312/50000) 
Test epoch: 39 | Loss: *0.767* | Acc: *77.900%* (7790/10000)
Train epoch: 40 | Loss: *0.171* | Acc: *93.986%* (46993/50000) 
Test epoch: 40 | Loss: *0.799* | Acc: *76.030%* (7603/10000)
Train epoch: 41 | Loss: *0.160* | Acc: *94.496%* (47248/50000) 
Test epoch: 41 | Loss: *1.167* | Acc: *71.100%* (7110/10000)
Train epoch: 42 | Loss: *0.166* | Acc: *94.248%* (47124/50000) 
Test epoch: 42 | Loss: *1.101* | Acc: *71.440%* (7144/10000)
Train epoch: 43 | Loss: *0.152* | Acc: *94.784%* (47392/50000) 
Test epoch: 43 | Loss: *0.925* | Acc: *76.560%* (7656/10000)
Train epoch: 44 | Loss: *0.158* | Acc: *94.490%* (47245/50000) 
Test epoch: 44 | Loss: *0.974* | Acc: *74.360%* (7436/10000)
Train epoch: 45 | Loss: *0.159* | Acc: *94.446%* (47223/50000) 
Test epoch: 45 | Loss: *0.856* | Acc: *74.480%* (7448/10000)
Train epoch: 46 | Loss: *0.148* | Acc: *94.994%* (47497/50000) 
Test epoch: 46 | Loss: *0.688* | Acc: *79.670%* (7967/10000)
Train epoch: 47 | Loss: *0.162* | Acc: *94.332%* (47166/50000) 
Test epoch: 47 | Loss: *0.807* | Acc: *75.920%* (7592/10000)
Train epoch: 48 | Loss: *0.152* | Acc: *94.744%* (47372/50000) 
Test epoch: 48 | Loss: *0.741* | Acc: *78.050%* (7805/10000)
Train epoch: 49 | Loss: *0.148* | Acc: *94.892%* (47446/50000) 
Test epoch: 49 | Loss: *0.847* | Acc: *76.300%* (7630/10000)
Train epoch: 50 | Loss: *0.157* | Acc: *94.476%* (47238/50000) 
Test epoch: 50 | Loss: *1.512* | Acc: *63.080%* (6308/10000)
Train epoch: 51 | Loss: *0.143* | Acc: *95.068%* (47534/50000) 
Test epoch: 51 | Loss: *0.694* | Acc: *79.110%* (7911/10000)
Train epoch: 52 | Loss: *0.144* | Acc: *95.072%* (47536/50000) 
Test epoch: 52 | Loss: *1.002* | Acc: *73.790%* (7379/10000)
Train epoch: 53 | Loss: *0.141* | Acc: *95.214%* (47607/50000) 
Test epoch: 53 | Loss: *0.895* | Acc: *75.160%* (7516/10000)
Train epoch: 54 | Loss: *0.149* | Acc: *94.856%* (47428/50000) 
Test epoch: 54 | Loss: *0.786* | Acc: *78.080%* (7808/10000)
Train epoch: 55 | Loss: *0.140* | Acc: *95.148%* (47574/50000) 
Test epoch: 55 | Loss: *0.823* | Acc: *77.190%* (7719/10000)
Train epoch: 56 | Loss: *0.145* | Acc: *94.986%* (47493/50000) 
Test epoch: 56 | Loss: *0.834* | Acc: *77.100%* (7710/10000)
Train epoch: 57 | Loss: *0.133* | Acc: *95.516%* (47758/50000) 
Test epoch: 57 | Loss: *0.814* | Acc: *76.370%* (7637/10000)
Train epoch: 58 | Loss: *0.141* | Acc: *95.192%* (47596/50000) 
Test epoch: 58 | Loss: *0.735* | Acc: *77.490%* (7749/10000)
Train epoch: 59 | Loss: *0.136* | Acc: *95.328%* (47664/50000) 
Test epoch: 59 | Loss: *0.855* | Acc: *75.660%* (7566/10000)
Train epoch: 60 | Loss: *0.136* | Acc: *95.422%* (47711/50000) 
Test epoch: 60 | Loss: *0.792* | Acc: *77.060%* (7706/10000)
Train epoch: 61 | Loss: *0.128* | Acc: *95.620%* (47810/50000) 
Test epoch: 61 | Loss: *0.928* | Acc: *75.500%* (7550/10000)
Train epoch: 62 | Loss: *0.143* | Acc: *95.080%* (47540/50000) 
Test epoch: 62 | Loss: *0.639* | Acc: *80.490%* (8049/10000)
Train epoch: 63 | Loss: *0.127* | Acc: *95.694%* (47847/50000) 
Test epoch: 63 | Loss: *0.763* | Acc: *77.260%* (7726/10000)
Train epoch: 64 | Loss: *0.127* | Acc: *95.644%* (47822/50000) 
Test epoch: 64 | Loss: *1.150* | Acc: *69.250%* (6925/10000)
Train epoch: 65 | Loss: *0.126* | Acc: *95.794%* (47897/50000) 
Test epoch: 65 | Loss: *0.814* | Acc: *76.830%* (7683/10000)
Train epoch: 66 | Loss: *0.132* | Acc: *95.480%* (47740/50000) 
Test epoch: 66 | Loss: *0.789* | Acc: *77.480%* (7748/10000)
Train epoch: 67 | Loss: *0.122* | Acc: *95.812%* (47906/50000) 
Test epoch: 67 | Loss: *0.686* | Acc: *79.860%* (7986/10000)
Train epoch: 68 | Loss: *0.127* | Acc: *95.624%* (47812/50000) 
Test epoch: 68 | Loss: *1.037* | Acc: *73.880%* (7388/10000)
Train epoch: 69 | Loss: *0.128* | Acc: *95.650%* (47825/50000) 
Test epoch: 69 | Loss: *0.806* | Acc: *77.630%* (7763/10000)
Train epoch: 70 | Loss: *0.120* | Acc: *95.988%* (47994/50000) 
Test epoch: 70 | Loss: *1.017* | Acc: *72.510%* (7251/10000)
Train epoch: 71 | Loss: *0.126* | Acc: *95.690%* (47845/50000) 
Test epoch: 71 | Loss: *0.761* | Acc: *79.560%* (7956/10000)
Train epoch: 72 | Loss: *0.107* | Acc: *96.522%* (48261/50000) 
Test epoch: 72 | Loss: *0.703* | Acc: *79.420%* (7942/10000)
Train epoch: 73 | Loss: *0.120* | Acc: *95.894%* (47947/50000) 
Test epoch: 73 | Loss: *1.037* | Acc: *74.040%* (7404/10000)
Train epoch: 74 | Loss: *0.117* | Acc: *95.972%* (47986/50000) 
Test epoch: 74 | Loss: *0.829* | Acc: *77.590%* (7759/10000)
Train epoch: 75 | Loss: *0.113* | Acc: *96.172%* (48086/50000) 
Test epoch: 75 | Loss: *0.871* | Acc: *77.210%* (7721/10000)
Train epoch: 76 | Loss: *0.104* | Acc: *96.556%* (48278/50000) 
Test epoch: 76 | Loss: *0.788* | Acc: *77.980%* (7798/10000)
Train epoch: 77 | Loss: *0.120* | Acc: *95.990%* (47995/50000) 
Test epoch: 77 | Loss: *0.794* | Acc: *77.280%* (7728/10000)
Train epoch: 78 | Loss: *0.102* | Acc: *96.542%* (48271/50000) 
Test epoch: 78 | Loss: *0.801* | Acc: *78.430%* (7843/10000)
Train epoch: 79 | Loss: *0.114* | Acc: *96.076%* (48038/50000) 
Test epoch: 79 | Loss: *0.660* | Acc: *80.750%* (8075/10000)
Train epoch: 80 | Loss: *0.102* | Acc: *96.566%* (48283/50000) 
Test epoch: 80 | Loss: *0.933* | Acc: *75.210%* (7521/10000)
Train epoch: 81 | Loss: *0.098* | Acc: *96.766%* (48383/50000) 
Test epoch: 81 | Loss: *0.788* | Acc: *78.310%* (7831/10000)
Train epoch: 82 | Loss: *0.102* | Acc: *96.602%* (48301/50000) 
Test epoch: 82 | Loss: *0.819* | Acc: *78.090%* (7809/10000)
Train epoch: 83 | Loss: *0.106* | Acc: *96.426%* (48213/50000) 
Test epoch: 83 | Loss: *0.733* | Acc: *78.970%* (7897/10000)
Train epoch: 84 | Loss: *0.104* | Acc: *96.512%* (48256/50000) 
Test epoch: 84 | Loss: *0.880* | Acc: *77.260%* (7726/10000)
Train epoch: 85 | Loss: *0.085* | Acc: *97.194%* (48597/50000) 
Test epoch: 85 | Loss: *0.705* | Acc: *80.390%* (8039/10000)
Train epoch: 86 | Loss: *0.101* | Acc: *96.606%* (48303/50000) 
Test epoch: 86 | Loss: *0.715* | Acc: *80.270%* (8027/10000)
Train epoch: 87 | Loss: *0.098* | Acc: *96.680%* (48340/50000) 
Test epoch: 87 | Loss: *0.839* | Acc: *78.260%* (7826/10000)
Train epoch: 88 | Loss: *0.093* | Acc: *96.976%* (48488/50000) 
Test epoch: 88 | Loss: *0.901* | Acc: *76.950%* (7695/10000)
Train epoch: 89 | Loss: *0.096* | Acc: *96.820%* (48410/50000) 
Test epoch: 89 | Loss: *0.758* | Acc: *77.960%* (7796/10000)
Train epoch: 90 | Loss: *0.079* | Acc: *97.390%* (48695/50000) 
Test epoch: 90 | Loss: *0.828* | Acc: *77.780%* (7778/10000)
Train epoch: 91 | Loss: *0.094* | Acc: *96.944%* (48472/50000) 
Test epoch: 91 | Loss: *0.809* | Acc: *79.650%* (7965/10000)
Train epoch: 92 | Loss: *0.084* | Acc: *97.200%* (48600/50000) 
Test epoch: 92 | Loss: *0.722* | Acc: *79.650%* (7965/10000)
Train epoch: 93 | Loss: *0.082* | Acc: *97.298%* (48649/50000) 
Test epoch: 93 | Loss: *0.840* | Acc: *77.750%* (7775/10000)
Train epoch: 94 | Loss: *0.082* | Acc: *97.310%* (48655/50000) 
Test epoch: 94 | Loss: *0.958* | Acc: *76.170%* (7617/10000)
Train epoch: 95 | Loss: *0.071* | Acc: *97.628%* (48814/50000) 
Test epoch: 95 | Loss: *0.704* | Acc: *80.060%* (8006/10000)
Train epoch: 96 | Loss: *0.086* | Acc: *97.118%* (48559/50000) 
Test epoch: 96 | Loss: *0.903* | Acc: *77.410%* (7741/10000)
Train epoch: 97 | Loss: *0.083* | Acc: *97.212%* (48606/50000) 
Test epoch: 97 | Loss: *0.735* | Acc: *80.460%* (8046/10000)
Train epoch: 98 | Loss: *0.074* | Acc: *97.614%* (48807/50000) 
Test epoch: 98 | Loss: *0.763* | Acc: *78.950%* (7895/10000)
Train epoch: 99 | Loss: *0.070* | Acc: *97.802%* (48901/50000) 
Test epoch: 99 | Loss: *0.796* | Acc: *77.550%* (7755/10000)
Train epoch: 100 | Loss: *0.073* | Acc: *97.638%* (48819/50000) 
Test epoch: 100 | Loss: *0.832* | Acc: *78.370%* (7837/10000)
Train epoch: 101 | Loss: *0.080* | Acc: *97.234%* (48617/50000) 
Test epoch: 101 | Loss: *0.876* | Acc: *77.550%* (7755/10000)
Train epoch: 102 | Loss: *0.055* | Acc: *98.294%* (49147/50000) 
Test epoch: 102 | Loss: *0.710* | Acc: *81.260%* (8126/10000)
Train epoch: 103 | Loss: *0.056* | Acc: *98.236%* (49118/50000) 
Test epoch: 103 | Loss: *1.035* | Acc: *73.250%* (7325/10000)
Train epoch: 104 | Loss: *0.086* | Acc: *97.088%* (48544/50000) 
Test epoch: 104 | Loss: *1.005* | Acc: *74.590%* (7459/10000)
Train epoch: 105 | Loss: *0.064* | Acc: *97.984%* (48992/50000) 
Test epoch: 105 | Loss: *0.653* | Acc: *81.940%* (8194/10000)
Train epoch: 106 | Loss: *0.039* | Acc: *98.886%* (49443/50000) 
Test epoch: 106 | Loss: *0.778* | Acc: *80.070%* (8007/10000)
Train epoch: 107 | Loss: *0.059* | Acc: *98.120%* (49060/50000) 
Test epoch: 107 | Loss: *0.839* | Acc: *78.350%* (7835/10000)
Train epoch: 108 | Loss: *0.092* | Acc: *96.942%* (48471/50000) 
Test epoch: 108 | Loss: *0.846* | Acc: *77.700%* (7770/10000)
Train epoch: 109 | Loss: *0.058* | Acc: *98.184%* (49092/50000) 
Test epoch: 109 | Loss: *0.690* | Acc: *80.970%* (8097/10000)
Train epoch: 110 | Loss: *0.036* | Acc: *98.960%* (49480/50000) 
Test epoch: 110 | Loss: *0.731* | Acc: *80.780%* (8078/10000)
Train epoch: 111 | Loss: *0.037* | Acc: *98.946%* (49473/50000) 
Test epoch: 111 | Loss: *0.680* | Acc: *81.870%* (8187/10000)
Train epoch: 112 | Loss: *0.055* | Acc: *98.242%* (49121/50000) 
Test epoch: 112 | Loss: *0.759* | Acc: *79.570%* (7957/10000)
Train epoch: 113 | Loss: *0.077* | Acc: *97.460%* (48730/50000) 
Test epoch: 113 | Loss: *0.759* | Acc: *79.610%* (7961/10000)
Train epoch: 114 | Loss: *0.061* | Acc: *98.110%* (49055/50000) 
Test epoch: 114 | Loss: *0.808* | Acc: *79.390%* (7939/10000)
Train epoch: 115 | Loss: *0.040* | Acc: *98.832%* (49416/50000) 
Test epoch: 115 | Loss: *0.791* | Acc: *80.010%* (8001/10000)
Train epoch: 116 | Loss: *0.024* | Acc: *99.382%* (49691/50000) 
Test epoch: 116 | Loss: *0.557* | Acc: *84.460%* (8446/10000)
Train epoch: 117 | Loss: *0.008* | Acc: *99.880%* (49940/50000) 
Test epoch: 117 | Loss: *0.490* | Acc: *86.160%* (8616/10000)
Train epoch: 118 | Loss: *0.003* | Acc: *99.994%* (49997/50000) 
Test epoch: 118 | Loss: *0.439* | Acc: *87.150%* (8715/10000)
Train epoch: 119 | Loss: *0.002* | Acc: *100.000%* (50000/50000) 
Test epoch: 119 | Loss: *0.413* | Acc: *87.610%* (8761/10000)
Train epoch: 120 | Loss: *0.002* | Acc: *100.000%* (50000/50000) 
Test epoch: 120 | Loss: *0.398* | Acc: *87.790%* (8779/10000)
Train epoch: 121 | Loss: *0.002* | Acc: *100.000%* (50000/50000) 
Test epoch: 121 | Loss: *0.393* | Acc: *87.700%* (8770/10000)
Train epoch: 122 | Loss: *0.002* | Acc: *100.000%* (50000/50000) 
Test epoch: 122 | Loss: *0.386* | Acc: *87.760%* (8776/10000)
Train epoch: 123 | Loss: *0.002* | Acc: *100.000%* (50000/50000) 
Test epoch: 123 | Loss: *0.382* | Acc: *87.890%* (8789/10000)
Train epoch: 124 | Loss: *0.003* | Acc: *100.000%* (50000/50000) 
Test epoch: 124 | Loss: *0.380* | Acc: *88.040%* (8804/10000)
Train epoch: 125 | Loss: *0.003* | Acc: *100.000%* (50000/50000) 
Test epoch: 125 | Loss: *0.377* | Acc: *88.100%* (8810/10000)
Train epoch: 126 | Loss: *0.003* | Acc: *100.000%* (50000/50000) 
Test epoch: 126 | Loss: *0.379* | Acc: *88.120%* (8812/10000)
Train epoch: 127 | Loss: *0.002* | Acc: *100.000%* (50000/50000) 
Test epoch: 127 | Loss: *0.377* | Acc: *88.160%* (8816/10000)
Train epoch: 128 | Loss: *0.002* | Acc: *100.000%* (50000/50000) 
Test epoch: 128 | Loss: *0.377* | Acc: *87.920%* (8792/10000)
Train epoch: 129 | Loss: *0.002* | Acc: *100.000%* (50000/50000) 
Test epoch: 129 | Loss: *0.378* | Acc: *88.080%* (8808/10000)
Train epoch: 130 | Loss: *0.002* | Acc: *100.000%* (50000/50000) 
Test epoch: 130 | Loss: *0.377* | Acc: *88.070%* (8807/10000)
Train epoch: 131 | Loss: *0.002* | Acc: *100.000%* (50000/50000) 
Test epoch: 131 | Loss: *0.376* | Acc: *87.820%* (8782/10000)
Train epoch: 132 | Loss: *0.002* | Acc: *100.000%* (50000/50000) 
Test epoch: 132 | Loss: *0.381* | Acc: *87.840%* (8784/10000)
Train epoch: 133 | Loss: *0.002* | Acc: *100.000%* (50000/50000) 
Test epoch: 133 | Loss: *0.379* | Acc: *87.880%* (8788/10000)
Train epoch: 134 | Loss: *0.002* | Acc: *100.000%* (50000/50000) 
Test epoch: 134 | Loss: *0.384* | Acc: *87.670%* (8767/10000)
Train epoch: 135 | Loss: *0.002* | Acc: *100.000%* (50000/50000) 
Test epoch: 135 | Loss: *0.379* | Acc: *87.760%* (8776/10000)
Train epoch: 136 | Loss: *0.002* | Acc: *100.000%* (50000/50000) 
Test epoch: 136 | Loss: *0.384* | Acc: *87.630%* (8763/10000)
Train epoch: 137 | Loss: *0.002* | Acc: *100.000%* (50000/50000) 
Test epoch: 137 | Loss: *0.389* | Acc: *87.560%* (8756/10000)
Train epoch: 138 | Loss: *0.002* | Acc: *100.000%* (50000/50000) 
Test epoch: 138 | Loss: *0.392* | Acc: *87.540%* (8754/10000)
Train epoch: 139 | Loss: *0.002* | Acc: *100.000%* (50000/50000) 
Test epoch: 139 | Loss: *0.390* | Acc: *87.440%* (8744/10000)
Train epoch: 140 | Loss: *0.002* | Acc: *100.000%* (50000/50000) 
Test epoch: 140 | Loss: *0.393* | Acc: *87.370%* (8737/10000)
Train epoch: 141 | Loss: *0.002* | Acc: *100.000%* (50000/50000) 
Test epoch: 141 | Loss: *0.403* | Acc: *87.020%* (8702/10000)
Train epoch: 142 | Loss: *0.002* | Acc: *100.000%* (50000/50000) 
Test epoch: 142 | Loss: *0.402* | Acc: *87.350%* (8735/10000)
Train epoch: 143 | Loss: *0.002* | Acc: *100.000%* (50000/50000) 
Test epoch: 143 | Loss: *0.415* | Acc: *86.780%* (8678/10000)
Train epoch: 144 | Loss: *0.002* | Acc: *100.000%* (50000/50000) 
Test epoch: 144 | Loss: *0.408* | Acc: *87.070%* (8707/10000)
Train epoch: 145 | Loss: *0.002* | Acc: *100.000%* (50000/50000) 
Test epoch: 145 | Loss: *0.421* | Acc: *86.560%* (8656/10000)
Train epoch: 146 | Loss: *0.002* | Acc: *100.000%* (50000/50000) 
Test epoch: 146 | Loss: *0.412* | Acc: *86.760%* (8676/10000)
Train epoch: 147 | Loss: *0.002* | Acc: *100.000%* (50000/50000) 
Test epoch: 147 | Loss: *0.419* | Acc: *87.120%* (8712/10000)
Train epoch: 148 | Loss: *0.128* | Acc: *96.068%* (48034/50000) 
Test epoch: 148 | Loss: *18.428* | Acc: *15.140%* (1514/10000)
Train epoch: 149 | Loss: *1.297* | Acc: *53.494%* (26747/50000) 
Test epoch: 149 | Loss: *1.052* | Acc: *62.810%* (6281/10000)
Train epoch: 150 | Loss: *0.818* | Acc: *71.586%* (35793/50000) 
Test epoch: 150 | Loss: *0.929* | Acc: *68.280%* (6828/10000)
Train epoch: 151 | Loss: *0.612* | Acc: *78.858%* (39429/50000) 
Test epoch: 151 | Loss: *0.742* | Acc: *74.370%* (7437/10000)
Train epoch: 152 | Loss: *0.482* | Acc: *83.372%* (41686/50000) 
Test epoch: 152 | Loss: *0.773* | Acc: *74.920%* (7492/10000)
Train epoch: 153 | Loss: *0.367* | Acc: *87.332%* (43666/50000) 
Test epoch: 153 | Loss: *0.712* | Acc: *76.840%* (7684/10000)
Train epoch: 154 | Loss: *0.270* | Acc: *90.788%* (45394/50000) 
Test epoch: 154 | Loss: *0.640* | Acc: *79.460%* (7946/10000)
Train epoch: 155 | Loss: *0.180* | Acc: *94.134%* (47067/50000) 
Test epoch: 155 | Loss: *0.688* | Acc: *79.430%* (7943/10000)
Train epoch: 156 | Loss: *0.115* | Acc: *96.380%* (48190/50000) 
Test epoch: 156 | Loss: *0.848* | Acc: *75.900%* (7590/10000)
Train epoch: 157 | Loss: *0.066* | Acc: *98.140%* (49070/50000) 
Test epoch: 157 | Loss: *0.755* | Acc: *80.040%* (8004/10000)
Train epoch: 158 | Loss: *0.026* | Acc: *99.518%* (49759/50000) 
Test epoch: 158 | Loss: *0.669* | Acc: *81.740%* (8174/10000)
Train epoch: 159 | Loss: *0.009* | Acc: *99.934%* (49967/50000) 
Test epoch: 159 | Loss: *0.623* | Acc: *83.050%* (8305/10000)
Train epoch: 160 | Loss: *0.004* | Acc: *99.990%* (49995/50000) 
Test epoch: 160 | Loss: *0.608* | Acc: *83.300%* (8330/10000)
Train epoch: 161 | Loss: *0.003* | Acc: *100.000%* (50000/50000) 
Test epoch: 161 | Loss: *0.608* | Acc: *83.160%* (8316/10000)
Train epoch: 162 | Loss: *0.002* | Acc: *100.000%* (50000/50000) 
Test epoch: 162 | Loss: *0.601* | Acc: *83.400%* (8340/10000)
Train epoch: 163 | Loss: *0.002* | Acc: *100.000%* (50000/50000) 
Test epoch: 163 | Loss: *0.595* | Acc: *83.560%* (8356/10000)
Train epoch: 164 | Loss: *0.002* | Acc: *100.000%* (50000/50000) 
Test epoch: 164 | Loss: *0.590* | Acc: *83.510%* (8351/10000)
Train epoch: 165 | Loss: *0.002* | Acc: *100.000%* (50000/50000) 
Test epoch: 165 | Loss: *0.587* | Acc: *83.390%* (8339/10000)
Train epoch: 166 | Loss: *0.002* | Acc: *100.000%* (50000/50000) 
Test epoch: 166 | Loss: *0.586* | Acc: *83.390%* (8339/10000)
Train epoch: 167 | Loss: *0.002* | Acc: *100.000%* (50000/50000) 
Test epoch: 167 | Loss: *0.583* | Acc: *83.410%* (8341/10000)
Train epoch: 168 | Loss: *0.002* | Acc: *100.000%* (50000/50000) 
Test epoch: 168 | Loss: *0.579* | Acc: *83.380%* (8338/10000)
Train epoch: 169 | Loss: *0.002* | Acc: *100.000%* (50000/50000) 
Test epoch: 169 | Loss: *0.578* | Acc: *83.600%* (8360/10000)
Train epoch: 170 | Loss: *0.002* | Acc: *100.000%* (50000/50000) 
Test epoch: 170 | Loss: *0.575* | Acc: *83.290%* (8329/10000)
Train epoch: 171 | Loss: *0.002* | Acc: *100.000%* (50000/50000) 
Test epoch: 171 | Loss: *0.573* | Acc: *83.380%* (8338/10000)
Train epoch: 172 | Loss: *0.002* | Acc: *100.000%* (50000/50000) 
Test epoch: 172 | Loss: *0.571* | Acc: *83.550%* (8355/10000)
Train epoch: 173 | Loss: *0.002* | Acc: *100.000%* (50000/50000) 
Test epoch: 173 | Loss: *0.569* | Acc: *83.410%* (8341/10000)
Train epoch: 174 | Loss: *0.002* | Acc: *100.000%* (50000/50000) 
Test epoch: 174 | Loss: *0.568* | Acc: *83.490%* (8349/10000)
Train epoch: 175 | Loss: *0.002* | Acc: *100.000%* (50000/50000) 
Test epoch: 175 | Loss: *0.566* | Acc: *83.390%* (8339/10000)
Train epoch: 176 | Loss: *0.002* | Acc: *100.000%* (50000/50000) 
Test epoch: 176 | Loss: *0.567* | Acc: *83.480%* (8348/10000)
Train epoch: 177 | Loss: *0.002* | Acc: *100.000%* (50000/50000) 
Test epoch: 177 | Loss: *0.566* | Acc: *83.370%* (8337/10000)
Train epoch: 178 | Loss: *0.002* | Acc: *100.000%* (50000/50000) 
Test epoch: 178 | Loss: *0.565* | Acc: *83.530%* (8353/10000)
Train epoch: 179 | Loss: *0.002* | Acc: *100.000%* (50000/50000) 
Test epoch: 179 | Loss: *0.564* | Acc: *83.320%* (8332/10000)
Train epoch: 180 | Loss: *0.002* | Acc: *100.000%* (50000/50000) 
Test epoch: 180 | Loss: *0.562* | Acc: *83.390%* (8339/10000)
Train epoch: 181 | Loss: *0.002* | Acc: *100.000%* (50000/50000) 
Test epoch: 181 | Loss: *0.562* | Acc: *83.420%* (8342/10000)
Train epoch: 182 | Loss: *0.002* | Acc: *100.000%* (50000/50000) 
Test epoch: 182 | Loss: *0.563* | Acc: *83.380%* (8338/10000)
Train epoch: 183 | Loss: *0.002* | Acc: *100.000%* (50000/50000) 
Test epoch: 183 | Loss: *0.562* | Acc: *83.260%* (8326/10000)
Train epoch: 184 | Loss: *0.002* | Acc: *100.000%* (50000/50000) 
Test epoch: 184 | Loss: *0.563* | Acc: *83.330%* (8333/10000)
Train epoch: 185 | Loss: *0.002* | Acc: *100.000%* (50000/50000) 
Test epoch: 185 | Loss: *0.562* | Acc: *83.380%* (8338/10000)
Train epoch: 186 | Loss: *0.002* | Acc: *100.000%* (50000/50000) 
Test epoch: 186 | Loss: *0.560* | Acc: *83.300%* (8330/10000)
Train epoch: 187 | Loss: *0.002* | Acc: *100.000%* (50000/50000) 
Test epoch: 187 | Loss: *0.562* | Acc: *83.270%* (8327/10000)
Train epoch: 188 | Loss: *0.002* | Acc: *100.000%* (50000/50000) 
Test epoch: 188 | Loss: *0.562* | Acc: *83.240%* (8324/10000)
Train epoch: 189 | Loss: *0.002* | Acc: *100.000%* (50000/50000) 
Test epoch: 189 | Loss: *0.559* | Acc: *83.320%* (8332/10000)
Train epoch: 190 | Loss: *0.002* | Acc: *100.000%* (50000/50000) 
Test epoch: 190 | Loss: *0.561* | Acc: *83.250%* (8325/10000)
Train epoch: 191 | Loss: *0.002* | Acc: *100.000%* (50000/50000) 
Test epoch: 191 | Loss: *0.559* | Acc: *83.310%* (8331/10000)
Train epoch: 192 | Loss: *0.002* | Acc: *100.000%* (50000/50000) 
Test epoch: 192 | Loss: *0.561* | Acc: *83.340%* (8334/10000)
Train epoch: 193 | Loss: *0.002* | Acc: *100.000%* (50000/50000) 
Test epoch: 193 | Loss: *0.558* | Acc: *83.280%* (8328/10000)
Train epoch: 194 | Loss: *0.002* | Acc: *100.000%* (50000/50000) 
Test epoch: 194 | Loss: *0.561* | Acc: *83.160%* (8316/10000)
Train epoch: 195 | Loss: *0.002* | Acc: *100.000%* (50000/50000) 
Test epoch: 195 | Loss: *0.558* | Acc: *83.370%* (8337/10000)
Train epoch: 196 | Loss: *0.002* | Acc: *100.000%* (50000/50000) 
Test epoch: 196 | Loss: *0.559* | Acc: *83.290%* (8329/10000)
Train epoch: 197 | Loss: *0.002* | Acc: *100.000%* (50000/50000) 
Test epoch: 197 | Loss: *0.559* | Acc: *83.280%* (8328/10000)
Train epoch: 198 | Loss: *0.002* | Acc: *100.000%* (50000/50000) 
Test epoch: 198 | Loss: *0.561* | Acc: *83.490%* (8349/10000)
Train epoch: 199 | Loss: *0.002* | Acc: *100.000%* (50000/50000) 
Test epoch: 199 | Loss: *0.560* | Acc: *83.410%* (8341/10000)
Train epoch: 200 | Loss: *0.002* | Acc: *100.000%* (50000/50000) 
Test epoch: 200 | Loss: *0.560* | Acc: *83.270%* (8327/10000)
Train epoch: 201 | Loss: *0.002* | Acc: *100.000%* (50000/50000) 
Test epoch: 201 | Loss: *0.562* | Acc: *83.290%* (8329/10000)
Train epoch: 202 | Loss: *0.002* | Acc: *100.000%* (50000/50000) 
Test epoch: 202 | Loss: *0.560* | Acc: *83.230%* (8323/10000)
Train epoch: 203 | Loss: *0.002* | Acc: *100.000%* (50000/50000) 
Test epoch: 203 | Loss: *0.560* | Acc: *83.280%* (8328/10000)
Train epoch: 204 | Loss: *0.002* | Acc: *100.000%* (50000/50000) 
Test epoch: 204 | Loss: *0.560* | Acc: *83.380%* (8338/10000)
Train epoch: 205 | Loss: *0.002* | Acc: *100.000%* (50000/50000) 
Test epoch: 205 | Loss: *0.560* | Acc: *83.290%* (8329/10000)
Train epoch: 206 | Loss: *0.002* | Acc: *100.000%* (50000/50000) 
Test epoch: 206 | Loss: *0.560* | Acc: *83.340%* (8334/10000)
Train epoch: 207 | Loss: *0.002* | Acc: *100.000%* (50000/50000) 
Test epoch: 207 | Loss: *0.561* | Acc: *83.290%* (8329/10000)
Train epoch: 208 | Loss: *0.002* | Acc: *100.000%* (50000/50000) 
Test epoch: 208 | Loss: *0.559* | Acc: *83.290%* (8329/10000)
Train epoch: 209 | Loss: *0.002* | Acc: *100.000%* (50000/50000) 
Test epoch: 209 | Loss: *0.558* | Acc: *83.270%* (8327/10000)
Train epoch: 210 | Loss: *0.002* | Acc: *100.000%* (50000/50000) 
Test epoch: 210 | Loss: *0.558* | Acc: *83.430%* (8343/10000)
Train epoch: 211 | Loss: *0.002* | Acc: *100.000%* (50000/50000) 
Test epoch: 211 | Loss: *0.559* | Acc: *83.390%* (8339/10000)
Train epoch: 212 | Loss: *0.002* | Acc: *100.000%* (50000/50000) 
Test epoch: 212 | Loss: *0.558* | Acc: *83.310%* (8331/10000)
Train epoch: 213 | Loss: *0.002* | Acc: *100.000%* (50000/50000) 
Test epoch: 213 | Loss: *0.559* | Acc: *83.270%* (8327/10000)
Train epoch: 214 | Loss: *0.002* | Acc: *100.000%* (50000/50000) 
Test epoch: 214 | Loss: *0.560* | Acc: *83.440%* (8344/10000)
Train epoch: 215 | Loss: *0.002* | Acc: *100.000%* (50000/50000) 
Test epoch: 215 | Loss: *0.559* | Acc: *83.350%* (8335/10000)
Train epoch: 216 | Loss: *0.003* | Acc: *100.000%* (50000/50000) 
Test epoch: 216 | Loss: *0.561* | Acc: *83.280%* (8328/10000)
Train epoch: 217 | Loss: *0.002* | Acc: *100.000%* (50000/50000) 
Test epoch: 217 | Loss: *0.557* | Acc: *83.310%* (8331/10000)
Train epoch: 218 | Loss: *0.002* | Acc: *100.000%* (50000/50000) 
Test epoch: 218 | Loss: *0.556* | Acc: *83.290%* (8329/10000)
Train epoch: 219 | Loss: *0.002* | Acc: *100.000%* (50000/50000) 
Test epoch: 219 | Loss: *0.559* | Acc: *83.350%* (8335/10000)
Train epoch: 220 | Loss: *0.002* | Acc: *100.000%* (50000/50000) 
Test epoch: 220 | Loss: *0.558* | Acc: *83.320%* (8332/10000)
Train epoch: 221 | Loss: *0.003* | Acc: *100.000%* (50000/50000) 
Test epoch: 221 | Loss: *0.557* | Acc: *83.380%* (8338/10000)
Train epoch: 222 | Loss: *0.002* | Acc: *100.000%* (50000/50000) 
Test epoch: 222 | Loss: *0.555* | Acc: *83.340%* (8334/10000)
Train epoch: 223 | Loss: *0.003* | Acc: *100.000%* (50000/50000) 
Test epoch: 223 | Loss: *0.558* | Acc: *83.240%* (8324/10000)
Train epoch: 224 | Loss: *0.003* | Acc: *100.000%* (50000/50000) 
Test epoch: 224 | Loss: *0.555* | Acc: *83.300%* (8330/10000)
Train epoch: 225 | Loss: *0.003* | Acc: *100.000%* (50000/50000) 
Test epoch: 225 | Loss: *0.553* | Acc: *83.200%* (8320/10000)
Train epoch: 226 | Loss: *0.003* | Acc: *100.000%* (50000/50000) 
Test epoch: 226 | Loss: *0.556* | Acc: *83.230%* (8323/10000)
Train epoch: 227 | Loss: *0.003* | Acc: *100.000%* (50000/50000) 
Test epoch: 227 | Loss: *0.555* | Acc: *83.210%* (8321/10000)
Train epoch: 228 | Loss: *0.003* | Acc: *100.000%* (50000/50000) 
Test epoch: 228 | Loss: *0.554* | Acc: *83.170%* (8317/10000)
Train epoch: 229 | Loss: *0.003* | Acc: *100.000%* (50000/50000) 
Test epoch: 229 | Loss: *0.552* | Acc: *83.280%* (8328/10000)
Train epoch: 230 | Loss: *0.003* | Acc: *100.000%* (50000/50000) 
Test epoch: 230 | Loss: *0.552* | Acc: *83.180%* (8318/10000)
Train epoch: 231 | Loss: *0.003* | Acc: *100.000%* (50000/50000) 
Test epoch: 231 | Loss: *0.554* | Acc: *83.120%* (8312/10000)
Train epoch: 232 | Loss: *0.003* | Acc: *100.000%* (50000/50000) 
Test epoch: 232 | Loss: *0.553* | Acc: *83.140%* (8314/10000)
Train epoch: 233 | Loss: *0.003* | Acc: *100.000%* (50000/50000) 
Test epoch: 233 | Loss: *0.552* | Acc: *83.250%* (8325/10000)
Train epoch: 234 | Loss: *0.003* | Acc: *100.000%* (50000/50000) 
Test epoch: 234 | Loss: *0.554* | Acc: *83.190%* (8319/10000)
Train epoch: 235 | Loss: *0.003* | Acc: *100.000%* (50000/50000) 
Test epoch: 235 | Loss: *0.552* | Acc: *83.330%* (8333/10000)
Train epoch: 236 | Loss: *0.003* | Acc: *100.000%* (50000/50000) 
Test epoch: 236 | Loss: *0.550* | Acc: *83.340%* (8334/10000)
Train epoch: 237 | Loss: *0.003* | Acc: *100.000%* (50000/50000) 
Test epoch: 237 | Loss: *0.551* | Acc: *83.160%* (8316/10000)
Train epoch: 238 | Loss: *0.003* | Acc: *100.000%* (50000/50000) 
Test epoch: 238 | Loss: *0.550* | Acc: *83.100%* (8310/10000)
Train epoch: 239 | Loss: *0.003* | Acc: *100.000%* (50000/50000) 
Test epoch: 239 | Loss: *0.550* | Acc: *83.110%* (8311/10000)
Train epoch: 240 | Loss: *0.002* | Acc: *100.000%* (50000/50000) 
Test epoch: 240 | Loss: *0.551* | Acc: *83.090%* (8309/10000)
Train epoch: 241 | Loss: *0.003* | Acc: *100.000%* (50000/50000) 
Test epoch: 241 | Loss: *0.550* | Acc: *83.060%* (8306/10000)
Train epoch: 242 | Loss: *0.002* | Acc: *100.000%* (50000/50000) 
Test epoch: 242 | Loss: *0.550* | Acc: *83.120%* (8312/10000)
Train epoch: 243 | Loss: *0.002* | Acc: *100.000%* (50000/50000) 
Test epoch: 243 | Loss: *0.551* | Acc: *83.020%* (8302/10000)
Train epoch: 244 | Loss: *0.002* | Acc: *100.000%* (50000/50000) 
Test epoch: 244 | Loss: *0.553* | Acc: *83.010%* (8301/10000)
Train epoch: 245 | Loss: *0.002* | Acc: *100.000%* (50000/50000) 
Test epoch: 245 | Loss: *0.556* | Acc: *82.930%* (8293/10000)
Train epoch: 246 | Loss: *0.002* | Acc: *100.000%* (50000/50000) 
Test epoch: 246 | Loss: *0.555* | Acc: *83.240%* (8324/10000)
Train epoch: 247 | Loss: *0.002* | Acc: *100.000%* (50000/50000) 
Test epoch: 247 | Loss: *0.557* | Acc: *82.820%* (8282/10000)
Train epoch: 248 | Loss: *0.002* | Acc: *100.000%* (50000/50000) 
Test epoch: 248 | Loss: *0.558* | Acc: *82.760%* (8276/10000)
Train epoch: 249 | Loss: *0.003* | Acc: *100.000%* (50000/50000) 
Test epoch: 249 | Loss: *0.559* | Acc: *82.860%* (8286/10000)
Train epoch: 250 | Loss: *0.453* | Acc: *84.300%* (42150/50000) 
Test epoch: 250 | Loss: *1.030* | Acc: *67.380%* (6738/10000)
Train epoch: 251 | Loss: *0.433* | Acc: *85.086%* (42543/50000) 
Test epoch: 251 | Loss: *1.171* | Acc: *64.640%* (6464/10000)
Train epoch: 252 | Loss: *0.290* | Acc: *90.026%* (45013/50000) 
Test epoch: 252 | Loss: *0.695* | Acc: *78.390%* (7839/10000)
Train epoch: 253 | Loss: *0.204* | Acc: *93.088%* (46544/50000) 
Test epoch: 253 | Loss: *0.651* | Acc: *79.970%* (7997/10000)
Train epoch: 254 | Loss: *0.146* | Acc: *95.206%* (47603/50000) 
Test epoch: 254 | Loss: *0.786* | Acc: *77.720%* (7772/10000)
Train epoch: 255 | Loss: *0.119* | Acc: *96.022%* (48011/50000) 
Test epoch: 255 | Loss: *0.743* | Acc: *78.990%* (7899/10000)
Train epoch: 256 | Loss: *0.094* | Acc: *96.892%* (48446/50000) 
Test epoch: 256 | Loss: *0.860* | Acc: *77.420%* (7742/10000)
Train epoch: 257 | Loss: *0.070* | Acc: *97.866%* (48933/50000) 
Test epoch: 257 | Loss: *0.846* | Acc: *77.720%* (7772/10000)
Train epoch: 258 | Loss: *0.075* | Acc: *97.476%* (48738/50000) 
Test epoch: 258 | Loss: *0.803* | Acc: *78.700%* (7870/10000)
Train epoch: 259 | Loss: *0.074* | Acc: *97.578%* (48789/50000) 
Test epoch: 259 | Loss: *0.946* | Acc: *77.050%* (7705/10000)
Train epoch: 260 | Loss: *0.076* | Acc: *97.568%* (48784/50000) 
Test epoch: 260 | Loss: *0.975* | Acc: *76.670%* (7667/10000)
Train epoch: 261 | Loss: *0.068* | Acc: *97.812%* (48906/50000) 
Test epoch: 261 | Loss: *0.946* | Acc: *76.620%* (7662/10000)
Train epoch: 262 | Loss: *0.069* | Acc: *97.776%* (48888/50000) 
Test epoch: 262 | Loss: *0.813* | Acc: *79.260%* (7926/10000)
Train epoch: 263 | Loss: *0.067* | Acc: *97.742%* (48871/50000) 
Test epoch: 263 | Loss: *0.843* | Acc: *77.060%* (7706/10000)
Train epoch: 264 | Loss: *0.073* | Acc: *97.634%* (48817/50000) 
Test epoch: 264 | Loss: *0.840* | Acc: *78.250%* (7825/10000)
Train epoch: 265 | Loss: *0.066* | Acc: *97.844%* (48922/50000) 
Test epoch: 265 | Loss: *0.834* | Acc: *79.170%* (7917/10000)
Train epoch: 266 | Loss: *0.053* | Acc: *98.328%* (49164/50000) 
Test epoch: 266 | Loss: *0.885* | Acc: *77.680%* (7768/10000)
Train epoch: 267 | Loss: *0.053* | Acc: *98.320%* (49160/50000) 
Test epoch: 267 | Loss: *0.825* | Acc: *79.120%* (7912/10000)
Train epoch: 268 | Loss: *0.063* | Acc: *98.002%* (49001/50000) 
Test epoch: 268 | Loss: *1.035* | Acc: *74.860%* (7486/10000)
Train epoch: 269 | Loss: *0.101* | Acc: *96.562%* (48281/50000) 
Test epoch: 269 | Loss: *1.015* | Acc: *75.100%* (7510/10000)
Train epoch: 270 | Loss: *0.073* | Acc: *97.588%* (48794/50000) 
Test epoch: 270 | Loss: *0.960* | Acc: *76.640%* (7664/10000)
Train epoch: 271 | Loss: *0.057* | Acc: *98.158%* (49079/50000) 
Test epoch: 271 | Loss: *0.922* | Acc: *77.040%* (7704/10000)
Train epoch: 272 | Loss: *0.054* | Acc: *98.332%* (49166/50000) 
Test epoch: 272 | Loss: *0.956* | Acc: *76.810%* (7681/10000)
Train epoch: 273 | Loss: *0.084* | Acc: *97.178%* (48589/50000) 
Test epoch: 273 | Loss: *0.854* | Acc: *77.550%* (7755/10000)
Train epoch: 274 | Loss: *0.098* | Acc: *96.542%* (48271/50000) 
Test epoch: 274 | Loss: *0.813* | Acc: *78.420%* (7842/10000)
Train epoch: 275 | Loss: *0.061* | Acc: *97.994%* (48997/50000) 
Test epoch: 275 | Loss: *0.850* | Acc: *78.560%* (7856/10000)
Train epoch: 276 | Loss: *0.043* | Acc: *98.706%* (49353/50000) 
Test epoch: 276 | Loss: *0.831* | Acc: *78.920%* (7892/10000)
Train epoch: 277 | Loss: *0.074* | Acc: *97.538%* (48769/50000) 
Test epoch: 277 | Loss: *1.007* | Acc: *76.130%* (7613/10000)
Train epoch: 278 | Loss: *0.120* | Acc: *95.808%* (47904/50000) 
Test epoch: 278 | Loss: *0.811* | Acc: *78.470%* (7847/10000)
Train epoch: 279 | Loss: *0.083* | Acc: *97.338%* (48669/50000) 
Test epoch: 279 | Loss: *0.897* | Acc: *77.050%* (7705/10000)
Train epoch: 280 | Loss: *0.072* | Acc: *97.662%* (48831/50000) 
Test epoch: 280 | Loss: *0.946* | Acc: *76.130%* (7613/10000)
Train epoch: 281 | Loss: *0.075* | Acc: *97.534%* (48767/50000) 
Test epoch: 281 | Loss: *0.760* | Acc: *79.930%* (7993/10000)
Train epoch: 282 | Loss: *0.080* | Acc: *97.238%* (48619/50000) 
Test epoch: 282 | Loss: *1.128* | Acc: *73.150%* (7315/10000)
Train epoch: 283 | Loss: *0.093* | Acc: *96.816%* (48408/50000) 
Test epoch: 283 | Loss: *1.294* | Acc: *71.140%* (7114/10000)
Train epoch: 284 | Loss: *0.094* | Acc: *96.778%* (48389/50000) 
Test epoch: 284 | Loss: *0.929* | Acc: *75.110%* (7511/10000)
Train epoch: 285 | Loss: *0.074* | Acc: *97.618%* (48809/50000) 
Test epoch: 285 | Loss: *0.813* | Acc: *78.680%* (7868/10000)
Train epoch: 286 | Loss: *0.088* | Acc: *97.050%* (48525/50000) 
Test epoch: 286 | Loss: *0.933* | Acc: *77.030%* (7703/10000)
Train epoch: 287 | Loss: *0.097* | Acc: *96.802%* (48401/50000) 
Test epoch: 287 | Loss: *0.763* | Acc: *79.560%* (7956/10000)
Train epoch: 288 | Loss: *0.090* | Acc: *96.950%* (48475/50000) 
Test epoch: 288 | Loss: *0.863* | Acc: *77.300%* (7730/10000)
Train epoch: 289 | Loss: *0.101* | Acc: *96.646%* (48323/50000) 
Test epoch: 289 | Loss: *0.775* | Acc: *78.930%* (7893/10000)
Train epoch: 290 | Loss: *0.078* | Acc: *97.368%* (48684/50000) 
Test epoch: 290 | Loss: *0.832* | Acc: *78.780%* (7878/10000)
Train epoch: 291 | Loss: *0.101* | Acc: *96.538%* (48269/50000) 
Test epoch: 291 | Loss: *1.095* | Acc: *72.810%* (7281/10000)
Train epoch: 292 | Loss: *0.093* | Acc: *96.834%* (48417/50000) 
Test epoch: 292 | Loss: *0.825* | Acc: *77.590%* (7759/10000)
Train epoch: 293 | Loss: *0.104* | Acc: *96.392%* (48196/50000) 
Test epoch: 293 | Loss: *0.949* | Acc: *76.730%* (7673/10000)
Train epoch: 294 | Loss: *0.091* | Acc: *96.936%* (48468/50000) 
Test epoch: 294 | Loss: *1.246* | Acc: *71.420%* (7142/10000)
Train epoch: 295 | Loss: *0.099* | Acc: *96.706%* (48353/50000) 
Test epoch: 295 | Loss: *0.972* | Acc: *76.620%* (7662/10000)
Train epoch: 296 | Loss: *0.108* | Acc: *96.308%* (48154/50000) 
Test epoch: 296 | Loss: *0.800* | Acc: *79.040%* (7904/10000)
Train epoch: 297 | Loss: *0.089* | Acc: *97.024%* (48512/50000) 
Test epoch: 297 | Loss: *0.803* | Acc: *79.110%* (7911/10000)
Train epoch: 298 | Loss: *0.119* | Acc: *95.934%* (47967/50000) 
Test epoch: 298 | Loss: *0.763* | Acc: *78.110%* (7811/10000)
Train epoch: 299 | Loss: *0.109* | Acc: *96.326%* (48163/50000) 
Test epoch: 299 | Loss: *0.880* | Acc: *77.680%* (7768/10000)
Train epoch: 300 | Loss: *0.105* | Acc: *96.482%* (48241/50000) 
Test epoch: 300 | Loss: *0.962* | Acc: *75.570%* (7557/10000)
Train epoch: 301 | Loss: *0.115* | Acc: *96.144%* (48072/50000) 
Test epoch: 301 | Loss: *0.852* | Acc: *77.160%* (7716/10000)
Train epoch: 302 | Loss: *0.110* | Acc: *96.222%* (48111/50000) 
Test epoch: 302 | Loss: *0.777* | Acc: *78.610%* (7861/10000)
Train epoch: 303 | Loss: *0.118* | Acc: *95.984%* (47992/50000) 
Test epoch: 303 | Loss: *0.789* | Acc: *78.840%* (7884/10000)
Train epoch: 304 | Loss: *0.101* | Acc: *96.650%* (48325/50000) 
Test epoch: 304 | Loss: *0.839* | Acc: *77.990%* (7799/10000)
Train epoch: 305 | Loss: *0.118* | Acc: *95.918%* (47959/50000) 
Test epoch: 305 | Loss: *1.163* | Acc: *72.890%* (7289/10000)
Train epoch: 306 | Loss: *0.120* | Acc: *95.884%* (47942/50000) 
Test epoch: 306 | Loss: *0.848* | Acc: *78.230%* (7823/10000)
Train epoch: 307 | Loss: *0.114* | Acc: *96.244%* (48122/50000) 
Test epoch: 307 | Loss: *0.766* | Acc: *78.980%* (7898/10000)
Train epoch: 308 | Loss: *0.116* | Acc: *96.170%* (48085/50000) 
Test epoch: 308 | Loss: *0.800* | Acc: *76.820%* (7682/10000)
Train epoch: 309 | Loss: *0.133* | Acc: *95.444%* (47722/50000) 
Test epoch: 309 | Loss: *0.807* | Acc: *76.690%* (7669/10000)
Train epoch: 310 | Loss: *0.122* | Acc: *95.792%* (47896/50000) 
Test epoch: 310 | Loss: *0.759* | Acc: *78.660%* (7866/10000)
Train epoch: 311 | Loss: *0.115* | Acc: *96.004%* (48002/50000) 
Test epoch: 311 | Loss: *0.874* | Acc: *75.430%* (7543/10000)
Train epoch: 312 | Loss: *0.133* | Acc: *95.462%* (47731/50000) 
Test epoch: 312 | Loss: *0.846* | Acc: *76.920%* (7692/10000)
Train epoch: 313 | Loss: *0.127* | Acc: *95.652%* (47826/50000) 
Test epoch: 313 | Loss: *0.795* | Acc: *78.300%* (7830/10000)
Train epoch: 314 | Loss: *0.119* | Acc: *95.902%* (47951/50000) 
Test epoch: 314 | Loss: *0.909* | Acc: *74.800%* (7480/10000)
Train epoch: 315 | Loss: *0.137* | Acc: *95.254%* (47627/50000) 
Test epoch: 315 | Loss: *0.898* | Acc: *75.960%* (7596/10000)
Train epoch: 316 | Loss: *0.120* | Acc: *95.976%* (47988/50000) 
Test epoch: 316 | Loss: *0.964* | Acc: *75.430%* (7543/10000)
Train epoch: 317 | Loss: *0.136* | Acc: *95.354%* (47677/50000) 
Test epoch: 317 | Loss: *0.785* | Acc: *77.820%* (7782/10000)
Train epoch: 318 | Loss: *0.130* | Acc: *95.590%* (47795/50000) 
Test epoch: 318 | Loss: *0.994* | Acc: *74.880%* (7488/10000)
Train epoch: 319 | Loss: *0.140* | Acc: *95.194%* (47597/50000) 
Test epoch: 319 | Loss: *0.918* | Acc: *74.860%* (7486/10000)
Train epoch: 320 | Loss: *0.128* | Acc: *95.776%* (47888/50000) 
Test epoch: 320 | Loss: *0.904* | Acc: *75.470%* (7547/10000)
Train epoch: 321 | Loss: *0.140* | Acc: *95.164%* (47582/50000) 
Test epoch: 321 | Loss: *1.048* | Acc: *72.180%* (7218/10000)
Train epoch: 322 | Loss: *0.139* | Acc: *95.214%* (47607/50000) 
Test epoch: 322 | Loss: *0.919* | Acc: *75.600%* (7560/10000)
Train epoch: 323 | Loss: *0.144* | Acc: *95.100%* (47550/50000) 
Test epoch: 323 | Loss: *0.715* | Acc: *78.680%* (7868/10000)
Train epoch: 324 | Loss: *0.146* | Acc: *94.970%* (47485/50000) 
Test epoch: 324 | Loss: *0.864* | Acc: *75.520%* (7552/10000)
Train epoch: 325 | Loss: *0.142* | Acc: *95.034%* (47517/50000) 
Test epoch: 325 | Loss: *0.795* | Acc: *78.460%* (7846/10000)
Train epoch: 326 | Loss: *0.141* | Acc: *95.240%* (47620/50000) 
Test epoch: 326 | Loss: *0.981* | Acc: *74.930%* (7493/10000)
Train epoch: 327 | Loss: *0.147* | Acc: *94.980%* (47490/50000) 
Test epoch: 327 | Loss: *1.043* | Acc: *72.320%* (7232/10000)
Train epoch: 328 | Loss: *0.154* | Acc: *94.724%* (47362/50000) 
Test epoch: 328 | Loss: *0.886* | Acc: *74.590%* (7459/10000)
Train epoch: 329 | Loss: *0.137* | Acc: *95.302%* (47651/50000) 
Test epoch: 329 | Loss: *1.164* | Acc: *70.660%* (7066/10000)
Train epoch: 330 | Loss: *0.148* | Acc: *94.846%* (47423/50000) 
Test epoch: 330 | Loss: *0.797* | Acc: *77.610%* (7761/10000)
Train epoch: 331 | Loss: *0.150* | Acc: *94.908%* (47454/50000) 
Test epoch: 331 | Loss: *0.874* | Acc: *74.900%* (7490/10000)
Train epoch: 332 | Loss: *0.154* | Acc: *94.744%* (47372/50000) 
Test epoch: 332 | Loss: *0.904* | Acc: *75.320%* (7532/10000)
Train epoch: 333 | Loss: *0.159* | Acc: *94.466%* (47233/50000) 
Test epoch: 333 | Loss: *1.073* | Acc: *71.980%* (7198/10000)
Train epoch: 334 | Loss: *0.150* | Acc: *94.850%* (47425/50000) 
Test epoch: 334 | Loss: *0.882* | Acc: *74.880%* (7488/10000)
Train epoch: 335 | Loss: *0.153* | Acc: *94.736%* (47368/50000) 
Test epoch: 335 | Loss: *1.081* | Acc: *71.740%* (7174/10000)
Train epoch: 336 | Loss: *0.155* | Acc: *94.566%* (47283/50000) 
Test epoch: 336 | Loss: *0.933* | Acc: *75.360%* (7536/10000)
Train epoch: 337 | Loss: *0.169* | Acc: *94.098%* (47049/50000) 
Test epoch: 337 | Loss: *0.985* | Acc: *74.120%* (7412/10000)
Train epoch: 338 | Loss: *0.159* | Acc: *94.428%* (47214/50000) 
Test epoch: 338 | Loss: *0.945* | Acc: *73.250%* (7325/10000)
Train epoch: 339 | Loss: *0.154* | Acc: *94.660%* (47330/50000) 
Test epoch: 339 | Loss: *0.857* | Acc: *75.780%* (7578/10000)
Train epoch: 340 | Loss: *0.157* | Acc: *94.622%* (47311/50000) 
Test epoch: 340 | Loss: *0.885* | Acc: *75.400%* (7540/10000)
Train epoch: 341 | Loss: *0.168* | Acc: *94.140%* (47070/50000) 
Test epoch: 341 | Loss: *0.831* | Acc: *77.910%* (7791/10000)
Train epoch: 342 | Loss: *0.159* | Acc: *94.478%* (47239/50000) 
Test epoch: 342 | Loss: *0.773* | Acc: *77.640%* (7764/10000)
Train epoch: 343 | Loss: *0.164* | Acc: *94.394%* (47197/50000) 
Test epoch: 343 | Loss: *0.878* | Acc: *75.080%* (7508/10000)
Train epoch: 344 | Loss: *0.165* | Acc: *94.336%* (47168/50000) 
Test epoch: 344 | Loss: *0.794* | Acc: *77.340%* (7734/10000)
Train epoch: 345 | Loss: *0.169* | Acc: *94.192%* (47096/50000) 
Test epoch: 345 | Loss: *0.795* | Acc: *77.200%* (7720/10000)
Train epoch: 346 | Loss: *0.165* | Acc: *94.370%* (47185/50000) 
Test epoch: 346 | Loss: *0.856* | Acc: *76.430%* (7643/10000)
Train epoch: 347 | Loss: *0.171* | Acc: *94.182%* (47091/50000) 
Test epoch: 347 | Loss: *0.808* | Acc: *77.280%* (7728/10000)
Train epoch: 348 | Loss: *0.177* | Acc: *93.832%* (46916/50000) 
Test epoch: 348 | Loss: *0.790* | Acc: *77.020%* (7702/10000)
Train epoch: 349 | Loss: *0.164* | Acc: *94.384%* (47192/50000) 
Test epoch: 349 | Loss: *0.863* | Acc: *76.550%* (7655/10000)
Train epoch: 350 | Loss: *0.172* | Acc: *94.026%* (47013/50000) 
Test epoch: 350 | Loss: *1.093* | Acc: *69.970%* (6997/10000)
Train epoch: 351 | Loss: *0.170* | Acc: *94.274%* (47137/50000) 
Test epoch: 351 | Loss: *0.796* | Acc: *76.370%* (7637/10000)
Train epoch: 352 | Loss: *0.175* | Acc: *93.974%* (46987/50000) 
Test epoch: 352 | Loss: *0.878* | Acc: *76.230%* (7623/10000)
Train epoch: 353 | Loss: *0.171* | Acc: *94.088%* (47044/50000) 
Test epoch: 353 | Loss: *0.713* | Acc: *78.550%* (7855/10000)
Train epoch: 354 | Loss: *0.177* | Acc: *93.910%* (46955/50000) 
Test epoch: 354 | Loss: *0.908* | Acc: *75.290%* (7529/10000)
Train epoch: 355 | Loss: *0.173* | Acc: *94.020%* (47010/50000) 
Test epoch: 355 | Loss: *0.963* | Acc: *73.430%* (7343/10000)
Train epoch: 356 | Loss: *0.183* | Acc: *93.668%* (46834/50000) 
Test epoch: 356 | Loss: *1.257* | Acc: *70.360%* (7036/10000)
Train epoch: 357 | Loss: *0.172* | Acc: *94.074%* (47037/50000) 
Test epoch: 357 | Loss: *0.831* | Acc: *77.210%* (7721/10000)
Train epoch: 358 | Loss: *0.185* | Acc: *93.562%* (46781/50000) 
Test epoch: 358 | Loss: *0.725* | Acc: *78.320%* (7832/10000)
Train epoch: 359 | Loss: *0.172* | Acc: *94.112%* (47056/50000) 
Test epoch: 359 | Loss: *1.215* | Acc: *69.160%* (6916/10000)
Train epoch: 360 | Loss: *0.180* | Acc: *93.828%* (46914/50000) 
Test epoch: 360 | Loss: *0.836* | Acc: *74.620%* (7462/10000)
Train epoch: 361 | Loss: *0.185* | Acc: *93.636%* (46818/50000) 
Test epoch: 361 | Loss: *1.014* | Acc: *73.210%* (7321/10000)
Train epoch: 362 | Loss: *0.184* | Acc: *93.672%* (46836/50000) 
Test epoch: 362 | Loss: *0.808* | Acc: *76.680%* (7668/10000)
Train epoch: 363 | Loss: *0.179* | Acc: *93.758%* (46879/50000) 
Test epoch: 363 | Loss: *0.781* | Acc: *77.670%* (7767/10000)
Train epoch: 364 | Loss: *0.177* | Acc: *93.870%* (46935/50000) 
Test epoch: 364 | Loss: *0.901* | Acc: *73.820%* (7382/10000)
Train epoch: 365 | Loss: *0.190* | Acc: *93.520%* (46760/50000) 
Test epoch: 365 | Loss: *0.783* | Acc: *77.280%* (7728/10000)
Train epoch: 366 | Loss: *0.188* | Acc: *93.542%* (46771/50000) 
Test epoch: 366 | Loss: *0.707* | Acc: *78.940%* (7894/10000)
Train epoch: 367 | Loss: *0.186* | Acc: *93.580%* (46790/50000) 
Test epoch: 367 | Loss: *0.914* | Acc: *73.670%* (7367/10000)
Train epoch: 368 | Loss: *0.180* | Acc: *93.710%* (46855/50000) 
Test epoch: 368 | Loss: *0.985* | Acc: *72.790%* (7279/10000)
Train epoch: 369 | Loss: *0.180* | Acc: *93.826%* (46913/50000) 
Test epoch: 369 | Loss: *0.863* | Acc: *75.340%* (7534/10000)
Train epoch: 370 | Loss: *0.193* | Acc: *93.364%* (46682/50000) 
Test epoch: 370 | Loss: *0.713* | Acc: *78.970%* (7897/10000)
Train epoch: 371 | Loss: *0.188* | Acc: *93.542%* (46771/50000) 
Test epoch: 371 | Loss: *0.873* | Acc: *75.010%* (7501/10000)
Train epoch: 372 | Loss: *0.187* | Acc: *93.606%* (46803/50000) 
Test epoch: 372 | Loss: *0.851* | Acc: *74.730%* (7473/10000)
Train epoch: 373 | Loss: *0.186* | Acc: *93.614%* (46807/50000) 
Test epoch: 373 | Loss: *0.976* | Acc: *71.440%* (7144/10000)
Train epoch: 374 | Loss: *0.196* | Acc: *93.160%* (46580/50000) 
Test epoch: 374 | Loss: *0.889* | Acc: *76.590%* (7659/10000)
Train epoch: 375 | Loss: *0.188* | Acc: *93.584%* (46792/50000) 
Test epoch: 375 | Loss: *1.019* | Acc: *71.070%* (7107/10000)
Train epoch: 376 | Loss: *0.195* | Acc: *93.280%* (46640/50000) 
Test epoch: 376 | Loss: *1.026* | Acc: *71.500%* (7150/10000)
Train epoch: 377 | Loss: *0.194* | Acc: *93.340%* (46670/50000) 
Test epoch: 377 | Loss: *0.748* | Acc: *77.870%* (7787/10000)
Train epoch: 378 | Loss: *0.183* | Acc: *93.784%* (46892/50000) 
Test epoch: 378 | Loss: *0.781* | Acc: *76.490%* (7649/10000)
Train epoch: 379 | Loss: *0.194* | Acc: *93.168%* (46584/50000) 
Test epoch: 379 | Loss: *0.790* | Acc: *76.740%* (7674/10000)
Train epoch: 380 | Loss: *0.192* | Acc: *93.322%* (46661/50000) 
Test epoch: 380 | Loss: *1.008* | Acc: *72.900%* (7290/10000)
Train epoch: 381 | Loss: *0.188* | Acc: *93.566%* (46783/50000) 
Test epoch: 381 | Loss: *1.227* | Acc: *67.540%* (6754/10000)
Train epoch: 382 | Loss: *0.184* | Acc: *93.480%* (46740/50000) 
Test epoch: 382 | Loss: *1.474* | Acc: *63.650%* (6365/10000)
Train epoch: 383 | Loss: *0.198* | Acc: *93.020%* (46510/50000) 
Test epoch: 383 | Loss: *0.886* | Acc: *74.560%* (7456/10000)
Train epoch: 384 | Loss: *0.193* | Acc: *93.296%* (46648/50000) 
Test epoch: 384 | Loss: *0.807* | Acc: *76.210%* (7621/10000)
Train epoch: 385 | Loss: *0.190* | Acc: *93.380%* (46690/50000) 
Test epoch: 385 | Loss: *1.076* | Acc: *71.820%* (7182/10000)
Train epoch: 386 | Loss: *0.192* | Acc: *93.430%* (46715/50000) 
Test epoch: 386 | Loss: *0.705* | Acc: *77.850%* (7785/10000)
Train epoch: 387 | Loss: *0.190* | Acc: *93.372%* (46686/50000) 
Test epoch: 387 | Loss: *1.261* | Acc: *68.300%* (6830/10000)
Train epoch: 388 | Loss: *0.196* | Acc: *93.308%* (46654/50000) 
Test epoch: 388 | Loss: *0.779* | Acc: *76.760%* (7676/10000)
Train epoch: 389 | Loss: *0.199* | Acc: *93.098%* (46549/50000) 
Test epoch: 389 | Loss: *0.895* | Acc: *75.670%* (7567/10000)
Train epoch: 390 | Loss: *0.192* | Acc: *93.426%* (46713/50000) 
Test epoch: 390 | Loss: *0.848* | Acc: *74.970%* (7497/10000)
Train epoch: 391 | Loss: *0.198* | Acc: *93.152%* (46576/50000) 
Test epoch: 391 | Loss: *0.784* | Acc: *77.710%* (7771/10000)
Train epoch: 392 | Loss: *0.187* | Acc: *93.540%* (46770/50000) 
Test epoch: 392 | Loss: *0.672* | Acc: *79.890%* (7989/10000)
Train epoch: 393 | Loss: *0.193* | Acc: *93.266%* (46633/50000) 
Test epoch: 393 | Loss: *0.767* | Acc: *78.410%* (7841/10000)
Train epoch: 394 | Loss: *0.192* | Acc: *93.400%* (46700/50000) 
Test epoch: 394 | Loss: *0.732* | Acc: *76.520%* (7652/10000)
Train epoch: 395 | Loss: *0.203* | Acc: *92.914%* (46457/50000) 
Test epoch: 395 | Loss: *0.996* | Acc: *73.320%* (7332/10000)
Train epoch: 396 | Loss: *0.187* | Acc: *93.578%* (46789/50000) 
Test epoch: 396 | Loss: *0.817* | Acc: *74.480%* (7448/10000)
Train epoch: 397 | Loss: *0.196* | Acc: *93.252%* (46626/50000) 
Test epoch: 397 | Loss: *0.751* | Acc: *77.480%* (7748/10000)
Train epoch: 398 | Loss: *0.196* | Acc: *93.186%* (46593/50000) 
Test epoch: 398 | Loss: *0.868* | Acc: *75.310%* (7531/10000)
Train epoch: 399 | Loss: *0.190* | Acc: *93.510%* (46755/50000) 
Test epoch: 399 | Loss: *1.023* | Acc: *71.920%* (7192/10000)
Train epoch: 400 | Loss: *0.198* | Acc: *93.176%* (46588/50000) 
Test epoch: 400 | Loss: *0.824* | Acc: *75.490%* (7549/10000)
Train epoch: 401 | Loss: *0.191* | Acc: *93.450%* (46725/50000) 
Test epoch: 401 | Loss: *0.762* | Acc: *76.990%* (7699/10000)
Train epoch: 402 | Loss: *0.190* | Acc: *93.478%* (46739/50000) 
Test epoch: 402 | Loss: *0.817* | Acc: *76.980%* (7698/10000)
Train epoch: 403 | Loss: *0.194* | Acc: *93.236%* (46618/50000) 
Test epoch: 403 | Loss: *0.853* | Acc: *74.570%* (7457/10000)
Train epoch: 404 | Loss: *0.199* | Acc: *92.864%* (46432/50000) 
Test epoch: 404 | Loss: *0.700* | Acc: *78.020%* (7802/10000)
Train epoch: 405 | Loss: *0.191* | Acc: *93.430%* (46715/50000) 
Test epoch: 405 | Loss: *0.774* | Acc: *75.990%* (7599/10000)
Train epoch: 406 | Loss: *0.187* | Acc: *93.578%* (46789/50000) 
Test epoch: 406 | Loss: *0.888* | Acc: *75.430%* (7543/10000)
Train epoch: 407 | Loss: *0.190* | Acc: *93.468%* (46734/50000) 
Test epoch: 407 | Loss: *0.905* | Acc: *74.190%* (7419/10000)
Train epoch: 408 | Loss: *0.186* | Acc: *93.654%* (46827/50000) 
Test epoch: 408 | Loss: *0.813* | Acc: *76.100%* (7610/10000)
Train epoch: 409 | Loss: *0.198* | Acc: *93.136%* (46568/50000) 
Test epoch: 409 | Loss: *1.177* | Acc: *66.790%* (6679/10000)
Train epoch: 410 | Loss: *0.193* | Acc: *93.286%* (46643/50000) 
Test epoch: 410 | Loss: *0.941* | Acc: *74.780%* (7478/10000)
Train epoch: 411 | Loss: *0.191* | Acc: *93.434%* (46717/50000) 
Test epoch: 411 | Loss: *0.767* | Acc: *76.840%* (7684/10000)
Train epoch: 412 | Loss: *0.193* | Acc: *93.384%* (46692/50000) 
Test epoch: 412 | Loss: *1.007* | Acc: *73.400%* (7340/10000)
Train epoch: 413 | Loss: *0.191* | Acc: *93.344%* (46672/50000) 
Test epoch: 413 | Loss: *0.821* | Acc: *76.390%* (7639/10000)
Train epoch: 414 | Loss: *0.190* | Acc: *93.346%* (46673/50000) 
Test epoch: 414 | Loss: *0.820* | Acc: *75.440%* (7544/10000)
Train epoch: 415 | Loss: *0.189* | Acc: *93.414%* (46707/50000) 
Test epoch: 415 | Loss: *0.941* | Acc: *75.750%* (7575/10000)
Train epoch: 416 | Loss: *0.180* | Acc: *93.804%* (46902/50000) 
Test epoch: 416 | Loss: *1.129* | Acc: *73.240%* (7324/10000)
Train epoch: 417 | Loss: *0.185* | Acc: *93.620%* (46810/50000) 
Test epoch: 417 | Loss: *0.814* | Acc: *77.130%* (7713/10000)
Train epoch: 418 | Loss: *0.193* | Acc: *93.304%* (46652/50000) 
Test epoch: 418 | Loss: *0.704* | Acc: *78.650%* (7865/10000)
Train epoch: 419 | Loss: *0.183* | Acc: *93.580%* (46790/50000) 
Test epoch: 419 | Loss: *0.763* | Acc: *77.650%* (7765/10000)
Train epoch: 420 | Loss: *0.193* | Acc: *93.292%* (46646/50000) 
Test epoch: 420 | Loss: *0.724* | Acc: *77.600%* (7760/10000)
Train epoch: 421 | Loss: *0.185* | Acc: *93.534%* (46767/50000) 
Test epoch: 421 | Loss: *0.650* | Acc: *80.030%* (8003/10000)
Train epoch: 422 | Loss: *0.186* | Acc: *93.642%* (46821/50000) 
Test epoch: 422 | Loss: *1.103* | Acc: *69.920%* (6992/10000)
Train epoch: 423 | Loss: *0.181* | Acc: *93.724%* (46862/50000) 
Test epoch: 423 | Loss: *0.764* | Acc: *77.330%* (7733/10000)
Train epoch: 424 | Loss: *0.183* | Acc: *93.760%* (46880/50000) 
Test epoch: 424 | Loss: *0.753* | Acc: *76.180%* (7618/10000)
Train epoch: 425 | Loss: *0.183* | Acc: *93.646%* (46823/50000) 
Test epoch: 425 | Loss: *1.013* | Acc: *71.770%* (7177/10000)
Train epoch: 426 | Loss: *0.175* | Acc: *93.938%* (46969/50000) 
Test epoch: 426 | Loss: *0.670* | Acc: *79.140%* (7914/10000)
Train epoch: 427 | Loss: *0.179* | Acc: *93.864%* (46932/50000) 
Test epoch: 427 | Loss: *1.077* | Acc: *73.310%* (7331/10000)
Train epoch: 428 | Loss: *0.183* | Acc: *93.600%* (46800/50000) 
Test epoch: 428 | Loss: *0.816* | Acc: *76.470%* (7647/10000)
Train epoch: 429 | Loss: *0.173* | Acc: *94.136%* (47068/50000) 
Test epoch: 429 | Loss: *0.780* | Acc: *78.230%* (7823/10000)
Train epoch: 430 | Loss: *0.184* | Acc: *93.530%* (46765/50000) 
Test epoch: 430 | Loss: *0.764* | Acc: *78.390%* (7839/10000)
Train epoch: 431 | Loss: *0.175* | Acc: *94.050%* (47025/50000) 
Test epoch: 431 | Loss: *0.609* | Acc: *81.390%* (8139/10000)
Train epoch: 432 | Loss: *0.179* | Acc: *93.746%* (46873/50000) 
Test epoch: 432 | Loss: *0.793* | Acc: *76.910%* (7691/10000)
Train epoch: 433 | Loss: *0.180* | Acc: *93.736%* (46868/50000) 
Test epoch: 433 | Loss: *1.323* | Acc: *65.190%* (6519/10000)
Train epoch: 434 | Loss: *0.169* | Acc: *94.116%* (47058/50000) 
Test epoch: 434 | Loss: *0.871* | Acc: *75.130%* (7513/10000)
Train epoch: 435 | Loss: *0.171* | Acc: *94.082%* (47041/50000) 
Test epoch: 435 | Loss: *1.452* | Acc: *68.610%* (6861/10000)
Train epoch: 436 | Loss: *0.174* | Acc: *93.950%* (46975/50000) 
Test epoch: 436 | Loss: *0.869* | Acc: *76.130%* (7613/10000)
Train epoch: 437 | Loss: *0.170* | Acc: *94.148%* (47074/50000) 
Test epoch: 437 | Loss: *0.936* | Acc: *74.680%* (7468/10000)
Train epoch: 438 | Loss: *0.178* | Acc: *93.784%* (46892/50000) 
Test epoch: 438 | Loss: *0.738* | Acc: *78.990%* (7899/10000)
Train epoch: 439 | Loss: *0.160* | Acc: *94.430%* (47215/50000) 
Test epoch: 439 | Loss: *0.703* | Acc: *79.650%* (7965/10000)
Train epoch: 440 | Loss: *0.170* | Acc: *94.002%* (47001/50000) 
Test epoch: 440 | Loss: *1.075* | Acc: *71.410%* (7141/10000)
Train epoch: 441 | Loss: *0.165* | Acc: *94.378%* (47189/50000) 
Test epoch: 441 | Loss: *0.779* | Acc: *77.990%* (7799/10000)
Train epoch: 442 | Loss: *0.157* | Acc: *94.638%* (47319/50000) 
Test epoch: 442 | Loss: *1.055* | Acc: *74.400%* (7440/10000)
Train epoch: 443 | Loss: *0.169* | Acc: *94.116%* (47058/50000) 
Test epoch: 443 | Loss: *0.821* | Acc: *77.280%* (7728/10000)
Train epoch: 444 | Loss: *0.164* | Acc: *94.370%* (47185/50000) 
Test epoch: 444 | Loss: *1.698* | Acc: *63.330%* (6333/10000)
Train epoch: 445 | Loss: *0.162* | Acc: *94.482%* (47241/50000) 
Test epoch: 445 | Loss: *0.951* | Acc: *74.780%* (7478/10000)
Train epoch: 446 | Loss: *0.162* | Acc: *94.402%* (47201/50000) 
Test epoch: 446 | Loss: *0.835* | Acc: *75.600%* (7560/10000)
Train epoch: 447 | Loss: *0.165* | Acc: *94.304%* (47152/50000) 
Test epoch: 447 | Loss: *0.707* | Acc: *79.310%* (7931/10000)
Train epoch: 448 | Loss: *0.158* | Acc: *94.524%* (47262/50000) 
Test epoch: 448 | Loss: *0.702* | Acc: *79.360%* (7936/10000)
Train epoch: 449 | Loss: *0.151* | Acc: *94.796%* (47398/50000) 
Test epoch: 449 | Loss: *0.682* | Acc: *79.060%* (7906/10000)
Train epoch: 450 | Loss: *0.160* | Acc: *94.434%* (47217/50000) 
Test epoch: 450 | Loss: *0.742* | Acc: *78.520%* (7852/10000)
Train epoch: 451 | Loss: *0.149* | Acc: *94.864%* (47432/50000) 
Test epoch: 451 | Loss: *0.795* | Acc: *77.200%* (7720/10000)
Train epoch: 452 | Loss: *0.159* | Acc: *94.484%* (47242/50000) 
Test epoch: 452 | Loss: *0.720* | Acc: *78.650%* (7865/10000)
Train epoch: 453 | Loss: *0.157* | Acc: *94.532%* (47266/50000) 
Test epoch: 453 | Loss: *0.713* | Acc: *79.550%* (7955/10000)
Train epoch: 454 | Loss: *0.153* | Acc: *94.808%* (47404/50000) 
Test epoch: 454 | Loss: *0.756* | Acc: *78.480%* (7848/10000)
Train epoch: 455 | Loss: *0.145* | Acc: *95.040%* (47520/50000) 
Test epoch: 455 | Loss: *0.653* | Acc: *80.260%* (8026/10000)
Train epoch: 456 | Loss: *0.146* | Acc: *94.976%* (47488/50000) 
Test epoch: 456 | Loss: *0.915* | Acc: *75.390%* (7539/10000)
Train epoch: 457 | Loss: *0.151* | Acc: *94.744%* (47372/50000) 
Test epoch: 457 | Loss: *0.728* | Acc: *78.350%* (7835/10000)
Train epoch: 458 | Loss: *0.142* | Acc: *95.090%* (47545/50000) 
Test epoch: 458 | Loss: *0.697* | Acc: *79.630%* (7963/10000)
Train epoch: 459 | Loss: *0.140* | Acc: *95.210%* (47605/50000) 
Test epoch: 459 | Loss: *0.719* | Acc: *78.890%* (7889/10000)
Train epoch: 460 | Loss: *0.144* | Acc: *95.018%* (47509/50000) 
Test epoch: 460 | Loss: *0.998* | Acc: *72.320%* (7232/10000)
Train epoch: 461 | Loss: *0.142* | Acc: *95.154%* (47577/50000) 
Test epoch: 461 | Loss: *0.723* | Acc: *79.500%* (7950/10000)
Train epoch: 462 | Loss: *0.139* | Acc: *95.128%* (47564/50000) 
Test epoch: 462 | Loss: *0.769* | Acc: *77.930%* (7793/10000)
Train epoch: 463 | Loss: *0.139* | Acc: *95.266%* (47633/50000) 
Test epoch: 463 | Loss: *0.750* | Acc: *79.220%* (7922/10000)
Train epoch: 464 | Loss: *0.138* | Acc: *95.262%* (47631/50000) 
Test epoch: 464 | Loss: *0.929* | Acc: *75.050%* (7505/10000)
Train epoch: 465 | Loss: *0.135* | Acc: *95.366%* (47683/50000) 
Test epoch: 465 | Loss: *0.675* | Acc: *81.160%* (8116/10000)
Train epoch: 466 | Loss: *0.134* | Acc: *95.440%* (47720/50000) 
Test epoch: 466 | Loss: *0.803* | Acc: *77.110%* (7711/10000)
Train epoch: 467 | Loss: *0.133* | Acc: *95.490%* (47745/50000) 
Test epoch: 467 | Loss: *0.910* | Acc: *75.430%* (7543/10000)
Train epoch: 468 | Loss: *0.126* | Acc: *95.710%* (47855/50000) 
Test epoch: 468 | Loss: *1.059* | Acc: *72.580%* (7258/10000)
Train epoch: 469 | Loss: *0.132* | Acc: *95.498%* (47749/50000) 
Test epoch: 469 | Loss: *0.961* | Acc: *75.480%* (7548/10000)
Train epoch: 470 | Loss: *0.127* | Acc: *95.670%* (47835/50000) 
Test epoch: 470 | Loss: *0.802* | Acc: *76.660%* (7666/10000)
Train epoch: 471 | Loss: *0.128* | Acc: *95.756%* (47878/50000) 
Test epoch: 471 | Loss: *1.019* | Acc: *73.170%* (7317/10000)
Train epoch: 472 | Loss: *0.126* | Acc: *95.784%* (47892/50000) 
Test epoch: 472 | Loss: *0.884* | Acc: *76.340%* (7634/10000)
Train epoch: 473 | Loss: *0.121* | Acc: *95.864%* (47932/50000) 
Test epoch: 473 | Loss: *0.775* | Acc: *79.200%* (7920/10000)
Train epoch: 474 | Loss: *0.116* | Acc: *96.120%* (48060/50000) 
Test epoch: 474 | Loss: *0.819* | Acc: *77.940%* (7794/10000)
Train epoch: 475 | Loss: *0.131* | Acc: *95.532%* (47766/50000) 
Test epoch: 475 | Loss: *0.745* | Acc: *78.800%* (7880/10000)
Train epoch: 476 | Loss: *0.118* | Acc: *96.008%* (48004/50000) 
Test epoch: 476 | Loss: *0.838* | Acc: *77.490%* (7749/10000)
Train epoch: 477 | Loss: *0.107* | Acc: *96.442%* (48221/50000) 
Test epoch: 477 | Loss: *0.989* | Acc: *75.030%* (7503/10000)
Train epoch: 478 | Loss: *0.121* | Acc: *95.816%* (47908/50000) 
Test epoch: 478 | Loss: *0.701* | Acc: *80.150%* (8015/10000)
Train epoch: 479 | Loss: *0.119* | Acc: *96.002%* (48001/50000) 
Test epoch: 479 | Loss: *0.735* | Acc: *79.850%* (7985/10000)
Train epoch: 480 | Loss: *0.102* | Acc: *96.576%* (48288/50000) 
Test epoch: 480 | Loss: *0.709* | Acc: *79.860%* (7986/10000)
Train epoch: 481 | Loss: *0.105* | Acc: *96.318%* (48159/50000) 
Test epoch: 481 | Loss: *0.835* | Acc: *77.310%* (7731/10000)
Train epoch: 482 | Loss: *0.117* | Acc: *95.992%* (47996/50000) 
Test epoch: 482 | Loss: *0.973* | Acc: *75.640%* (7564/10000)
Train epoch: 483 | Loss: *0.104* | Acc: *96.492%* (48246/50000) 
Test epoch: 483 | Loss: *0.805* | Acc: *78.720%* (7872/10000)
Train epoch: 484 | Loss: *0.096* | Acc: *96.780%* (48390/50000) 
Test epoch: 484 | Loss: *0.771* | Acc: *79.400%* (7940/10000)
Train epoch: 485 | Loss: *0.103* | Acc: *96.580%* (48290/50000) 
Test epoch: 485 | Loss: *0.945* | Acc: *75.260%* (7526/10000)
Train epoch: 486 | Loss: *0.110* | Acc: *96.242%* (48121/50000) 
Test epoch: 486 | Loss: *0.979* | Acc: *75.510%* (7551/10000)
Train epoch: 487 | Loss: *0.105* | Acc: *96.460%* (48230/50000) 
Test epoch: 487 | Loss: *0.875* | Acc: *76.480%* (7648/10000)
Train epoch: 488 | Loss: *0.091* | Acc: *96.958%* (48479/50000) 
Test epoch: 488 | Loss: *0.723* | Acc: *80.390%* (8039/10000)
Train epoch: 489 | Loss: *0.087* | Acc: *97.106%* (48553/50000) 
Test epoch: 489 | Loss: *0.688* | Acc: *80.960%* (8096/10000)
Train epoch: 490 | Loss: *0.098* | Acc: *96.698%* (48349/50000) 
Test epoch: 490 | Loss: *0.768* | Acc: *79.410%* (7941/10000)
Train epoch: 491 | Loss: *0.096* | Acc: *96.740%* (48370/50000) 
Test epoch: 491 | Loss: *0.799* | Acc: *78.870%* (7887/10000)
Train epoch: 492 | Loss: *0.080* | Acc: *97.432%* (48716/50000) 
Test epoch: 492 | Loss: *0.830* | Acc: *78.630%* (7863/10000)
Train epoch: 493 | Loss: *0.099* | Acc: *96.544%* (48272/50000) 
Test epoch: 493 | Loss: *0.819* | Acc: *77.970%* (7797/10000)
Train epoch: 494 | Loss: *0.092* | Acc: *96.876%* (48438/50000) 
Test epoch: 494 | Loss: *0.736* | Acc: *80.040%* (8004/10000)
Train epoch: 495 | Loss: *0.072* | Acc: *97.678%* (48839/50000) 
Test epoch: 495 | Loss: *0.753* | Acc: *80.230%* (8023/10000)
Train epoch: 496 | Loss: *0.075* | Acc: *97.524%* (48762/50000) 
Test epoch: 496 | Loss: *0.727* | Acc: *80.270%* (8027/10000)
Train epoch: 497 | Loss: *0.107* | Acc: *96.344%* (48172/50000) 
Test epoch: 497 | Loss: *0.912* | Acc: *75.090%* (7509/10000)
Train epoch: 498 | Loss: *0.075* | Acc: *97.528%* (48764/50000) 
Test epoch: 498 | Loss: *0.874* | Acc: *77.030%* (7703/10000)
Train epoch: 499 | Loss: *0.063* | Acc: *97.976%* (48988/50000) 
Test epoch: 499 | Loss: *0.748* | Acc: *80.070%* (8007/10000)
Train epoch: 500 | Loss: *0.082* | Acc: *97.374%* (48687/50000) 
Test epoch: 500 | Loss: *0.853* | Acc: *78.340%* (7834/10000)
Best test accuracy: *88.160%*, loss: *0.37729313135147097*, at epoch: *127*.
==> Execution time summary of 500 epoch(s).
Train data loading time: sum. *231.99615102820098* secs | avg. *0.46399230205640196* secs per epoch.
Train training time: sum. *1061.0704762372188* secs | avg. *2.1221409524744375* secs per epoch.
Train total time: sum. *1293.0666272654198* secs | avg. *2.5861332545308398* secs per epoch.
Test data loading time: sum. *97.53496516449377* secs | avg. *0.19506993032898753* secs per epoch.
Test training time: sum. *83.02388704568148* secs | avg. *0.16604777409136295* secs per epoch.
Test total time: sum. *180.55885221017525* secs | avg. *0.3611177044203505* secs per epoch.
Total data loading time: sum. *329.53111619269475* secs | avg. *0.6590622323853895* secs per epoch.
Total training time: sum. *1144.0943632829003* secs | avg. *2.2881887265658007* secs per epoch.
Total running time: sum. *1473.625479475595* secs | avg. *2.94725095895119* secs per epoch.
==> Number of GPU device: 1
==> Device #0 Memory Usage
==> Allocated: 0.1 GB
==> Cached:    0.8 GB
==> Maximum: 0.8 GB
