==> Running on : cuda
==> Number of CPU: 48
==> Number of workers: 2
==> #Epochs: 500, #Layers: 4, #Blocks: [2, 1, 1, 1], In channel: 64, Input layer conv kernel: 7x7, Residual layer conv kernel 3x3, Skip kernel: 1x1, Input layer conv padding: 2, Residual layer conv padding: 1
==> Optimizer is Adadelta
==> Learning rate: 1.0
==> Weight decay: 0.0005
==>Trainable Parameters: 4984906
==>Other Parameters: 0
==>Augmentation: RandomCrop(32, padding=4), RandomHorizontalFlip(), Normalize((0.4914, 0.4822, 0.4465), (0.2023, 0.1994, 0.2010)
Files already downloaded and verified
Train epoch: 1 | Loss: *1.703* | Acc: *36.704%* (18352/50000) 
Test epoch: 1 | Loss: *1.513* | Acc: *45.850%* (4585/10000)
Train epoch: 2 | Loss: *1.262* | Acc: *54.346%* (27173/50000) 
Test epoch: 2 | Loss: *1.341* | Acc: *51.880%* (5188/10000)
Train epoch: 3 | Loss: *0.996* | Acc: *64.348%* (32174/50000) 
Test epoch: 3 | Loss: *1.295* | Acc: *56.240%* (5624/10000)
Train epoch: 4 | Loss: *0.818* | Acc: *71.012%* (35506/50000) 
Test epoch: 4 | Loss: *0.915* | Acc: *68.500%* (6850/10000)
Train epoch: 5 | Loss: *0.701* | Acc: *75.476%* (37738/50000) 
Test epoch: 5 | Loss: *0.894* | Acc: *70.950%* (7095/10000)
Train epoch: 6 | Loss: *0.614* | Acc: *78.600%* (39300/50000) 
Test epoch: 6 | Loss: *0.950* | Acc: *70.510%* (7051/10000)
Train epoch: 7 | Loss: *0.561* | Acc: *80.640%* (40320/50000) 
Test epoch: 7 | Loss: *0.684* | Acc: *77.760%* (7776/10000)
Train epoch: 8 | Loss: *0.521* | Acc: *81.880%* (40940/50000) 
Test epoch: 8 | Loss: *0.827* | Acc: *73.220%* (7322/10000)
Train epoch: 9 | Loss: *0.482* | Acc: *83.180%* (41590/50000) 
Test epoch: 9 | Loss: *0.682* | Acc: *77.260%* (7726/10000)
Train epoch: 10 | Loss: *0.459* | Acc: *84.184%* (42092/50000) 
Test epoch: 10 | Loss: *0.554* | Acc: *80.980%* (8098/10000)
Train epoch: 11 | Loss: *0.440* | Acc: *84.710%* (42355/50000) 
Test epoch: 11 | Loss: *0.983* | Acc: *70.350%* (7035/10000)
Train epoch: 12 | Loss: *0.420* | Acc: *85.524%* (42762/50000) 
Test epoch: 12 | Loss: *1.078* | Acc: *69.670%* (6967/10000)
Train epoch: 13 | Loss: *0.405* | Acc: *86.036%* (43018/50000) 
Test epoch: 13 | Loss: *0.724* | Acc: *76.450%* (7645/10000)
Train epoch: 14 | Loss: *0.392* | Acc: *86.530%* (43265/50000) 
Test epoch: 14 | Loss: *0.542* | Acc: *81.640%* (8164/10000)
Train epoch: 15 | Loss: *0.380* | Acc: *86.896%* (43448/50000) 
Test epoch: 15 | Loss: *0.529* | Acc: *82.360%* (8236/10000)
Train epoch: 16 | Loss: *0.374* | Acc: *87.296%* (43648/50000) 
Test epoch: 16 | Loss: *0.518* | Acc: *82.360%* (8236/10000)
Train epoch: 17 | Loss: *0.369* | Acc: *87.186%* (43593/50000) 
Test epoch: 17 | Loss: *0.540* | Acc: *82.220%* (8222/10000)
Train epoch: 18 | Loss: *0.357* | Acc: *87.626%* (43813/50000) 
Test epoch: 18 | Loss: *0.517* | Acc: *83.330%* (8333/10000)
Train epoch: 19 | Loss: *0.350* | Acc: *87.952%* (43976/50000) 
Test epoch: 19 | Loss: *0.571* | Acc: *81.310%* (8131/10000)
Train epoch: 20 | Loss: *0.349* | Acc: *87.802%* (43901/50000) 
Test epoch: 20 | Loss: *0.744* | Acc: *78.180%* (7818/10000)
Train epoch: 21 | Loss: *0.340* | Acc: *88.224%* (44112/50000) 
Test epoch: 21 | Loss: *0.606* | Acc: *81.390%* (8139/10000)
Train epoch: 22 | Loss: *0.337* | Acc: *88.424%* (44212/50000) 
Test epoch: 22 | Loss: *0.555* | Acc: *82.240%* (8224/10000)
Train epoch: 23 | Loss: *0.329* | Acc: *88.790%* (44395/50000) 
Test epoch: 23 | Loss: *0.591* | Acc: *81.630%* (8163/10000)
Train epoch: 24 | Loss: *0.323* | Acc: *88.884%* (44442/50000) 
Test epoch: 24 | Loss: *0.749* | Acc: *75.600%* (7560/10000)
Train epoch: 25 | Loss: *0.325* | Acc: *88.718%* (44359/50000) 
Test epoch: 25 | Loss: *0.605* | Acc: *80.510%* (8051/10000)
Train epoch: 26 | Loss: *0.320* | Acc: *88.990%* (44495/50000) 
Test epoch: 26 | Loss: *0.524* | Acc: *83.600%* (8360/10000)
Train epoch: 27 | Loss: *0.317* | Acc: *89.164%* (44582/50000) 
Test epoch: 27 | Loss: *0.550* | Acc: *82.310%* (8231/10000)
Train epoch: 28 | Loss: *0.312* | Acc: *89.300%* (44650/50000) 
Test epoch: 28 | Loss: *0.478* | Acc: *84.790%* (8479/10000)
Train epoch: 29 | Loss: *0.309* | Acc: *89.344%* (44672/50000) 
Test epoch: 29 | Loss: *0.541* | Acc: *83.150%* (8315/10000)
Train epoch: 30 | Loss: *0.304* | Acc: *89.544%* (44772/50000) 
Test epoch: 30 | Loss: *0.484* | Acc: *84.290%* (8429/10000)
Train epoch: 31 | Loss: *0.300* | Acc: *89.670%* (44835/50000) 
Test epoch: 31 | Loss: *0.484* | Acc: *84.500%* (8450/10000)
Train epoch: 32 | Loss: *0.303* | Acc: *89.460%* (44730/50000) 
Test epoch: 32 | Loss: *0.407* | Acc: *86.730%* (8673/10000)
Train epoch: 33 | Loss: *0.299* | Acc: *89.652%* (44826/50000) 
Test epoch: 33 | Loss: *0.624* | Acc: *80.980%* (8098/10000)
Train epoch: 34 | Loss: *0.294* | Acc: *89.872%* (44936/50000) 
Test epoch: 34 | Loss: *0.394* | Acc: *86.460%* (8646/10000)
Train epoch: 35 | Loss: *0.293* | Acc: *89.844%* (44922/50000) 
Test epoch: 35 | Loss: *0.565* | Acc: *81.910%* (8191/10000)
Train epoch: 36 | Loss: *0.293* | Acc: *89.934%* (44967/50000) 
Test epoch: 36 | Loss: *0.680* | Acc: *79.030%* (7903/10000)
Train epoch: 37 | Loss: *0.290* | Acc: *90.016%* (45008/50000) 
Test epoch: 37 | Loss: *0.423* | Acc: *85.960%* (8596/10000)
Train epoch: 38 | Loss: *0.286* | Acc: *90.158%* (45079/50000) 
Test epoch: 38 | Loss: *0.450* | Acc: *85.230%* (8523/10000)
Train epoch: 39 | Loss: *0.286* | Acc: *90.186%* (45093/50000) 
Test epoch: 39 | Loss: *0.762* | Acc: *77.400%* (7740/10000)
Train epoch: 40 | Loss: *0.283* | Acc: *90.264%* (45132/50000) 
Test epoch: 40 | Loss: *0.661* | Acc: *79.990%* (7999/10000)
Train epoch: 41 | Loss: *0.278* | Acc: *90.432%* (45216/50000) 
Test epoch: 41 | Loss: *0.498* | Acc: *83.650%* (8365/10000)
Train epoch: 42 | Loss: *0.276* | Acc: *90.488%* (45244/50000) 
Test epoch: 42 | Loss: *0.483* | Acc: *85.040%* (8504/10000)
Train epoch: 43 | Loss: *0.275* | Acc: *90.500%* (45250/50000) 
Test epoch: 43 | Loss: *0.423* | Acc: *86.680%* (8668/10000)
Train epoch: 44 | Loss: *0.274* | Acc: *90.438%* (45219/50000) 
Test epoch: 44 | Loss: *0.423* | Acc: *86.180%* (8618/10000)
Train epoch: 45 | Loss: *0.269* | Acc: *90.656%* (45328/50000) 
Test epoch: 45 | Loss: *0.441* | Acc: *86.170%* (8617/10000)
Train epoch: 46 | Loss: *0.267* | Acc: *90.734%* (45367/50000) 
Test epoch: 46 | Loss: *0.471* | Acc: *85.440%* (8544/10000)
Train epoch: 47 | Loss: *0.269* | Acc: *90.682%* (45341/50000) 
Test epoch: 47 | Loss: *0.387* | Acc: *87.250%* (8725/10000)
Train epoch: 48 | Loss: *0.261* | Acc: *90.980%* (45490/50000) 
Test epoch: 48 | Loss: *0.536* | Acc: *84.050%* (8405/10000)
Train epoch: 49 | Loss: *0.261* | Acc: *91.064%* (45532/50000) 
Test epoch: 49 | Loss: *0.436* | Acc: *86.310%* (8631/10000)
Train epoch: 50 | Loss: *0.261* | Acc: *90.928%* (45464/50000) 
Test epoch: 50 | Loss: *0.555* | Acc: *82.740%* (8274/10000)
Train epoch: 51 | Loss: *0.263* | Acc: *90.920%* (45460/50000) 
Test epoch: 51 | Loss: *0.650* | Acc: *80.840%* (8084/10000)
Train epoch: 52 | Loss: *0.251* | Acc: *91.222%* (45611/50000) 
Test epoch: 52 | Loss: *0.759* | Acc: *79.850%* (7985/10000)
Train epoch: 53 | Loss: *0.255* | Acc: *91.070%* (45535/50000) 
Test epoch: 53 | Loss: *0.507* | Acc: *83.430%* (8343/10000)
Train epoch: 54 | Loss: *0.251* | Acc: *91.332%* (45666/50000) 
Test epoch: 54 | Loss: *0.426* | Acc: *86.450%* (8645/10000)
Train epoch: 55 | Loss: *0.249* | Acc: *91.452%* (45726/50000) 
Test epoch: 55 | Loss: *0.499* | Acc: *84.030%* (8403/10000)
Train epoch: 56 | Loss: *0.251* | Acc: *91.402%* (45701/50000) 
Test epoch: 56 | Loss: *0.556* | Acc: *83.420%* (8342/10000)
Train epoch: 57 | Loss: *0.248* | Acc: *91.476%* (45738/50000) 
Test epoch: 57 | Loss: *0.534* | Acc: *83.580%* (8358/10000)
Train epoch: 58 | Loss: *0.242* | Acc: *91.594%* (45797/50000) 
Test epoch: 58 | Loss: *0.651* | Acc: *80.570%* (8057/10000)
Train epoch: 59 | Loss: *0.245* | Acc: *91.494%* (45747/50000) 
Test epoch: 59 | Loss: *0.380* | Acc: *87.890%* (8789/10000)
Train epoch: 60 | Loss: *0.240* | Acc: *91.712%* (45856/50000) 
Test epoch: 60 | Loss: *0.421* | Acc: *86.140%* (8614/10000)
Train epoch: 61 | Loss: *0.239* | Acc: *91.680%* (45840/50000) 
Test epoch: 61 | Loss: *0.509* | Acc: *83.660%* (8366/10000)
Train epoch: 62 | Loss: *0.236* | Acc: *91.738%* (45869/50000) 
Test epoch: 62 | Loss: *0.457* | Acc: *85.730%* (8573/10000)
Train epoch: 63 | Loss: *0.234* | Acc: *92.042%* (46021/50000) 
Test epoch: 63 | Loss: *0.438* | Acc: *85.710%* (8571/10000)
Train epoch: 64 | Loss: *0.233* | Acc: *92.108%* (46054/50000) 
Test epoch: 64 | Loss: *0.449* | Acc: *85.420%* (8542/10000)
Train epoch: 65 | Loss: *0.231* | Acc: *91.990%* (45995/50000) 
Test epoch: 65 | Loss: *0.457* | Acc: *86.250%* (8625/10000)
Train epoch: 66 | Loss: *0.231* | Acc: *91.980%* (45990/50000) 
Test epoch: 66 | Loss: *0.461* | Acc: *85.740%* (8574/10000)
Train epoch: 67 | Loss: *0.228* | Acc: *92.164%* (46082/50000) 
Test epoch: 67 | Loss: *0.512* | Acc: *84.870%* (8487/10000)
Train epoch: 68 | Loss: *0.223* | Acc: *92.288%* (46144/50000) 
Test epoch: 68 | Loss: *0.373* | Acc: *87.820%* (8782/10000)
Train epoch: 69 | Loss: *0.224* | Acc: *92.170%* (46085/50000) 
Test epoch: 69 | Loss: *0.388* | Acc: *87.570%* (8757/10000)
Train epoch: 70 | Loss: *0.221* | Acc: *92.388%* (46194/50000) 
Test epoch: 70 | Loss: *0.414* | Acc: *87.060%* (8706/10000)
Train epoch: 71 | Loss: *0.222* | Acc: *92.394%* (46197/50000) 
Test epoch: 71 | Loss: *0.575* | Acc: *81.470%* (8147/10000)
Train epoch: 72 | Loss: *0.215* | Acc: *92.686%* (46343/50000) 
Test epoch: 72 | Loss: *0.632* | Acc: *82.050%* (8205/10000)
Train epoch: 73 | Loss: *0.215* | Acc: *92.620%* (46310/50000) 
Test epoch: 73 | Loss: *0.392* | Acc: *87.760%* (8776/10000)
Train epoch: 74 | Loss: *0.212* | Acc: *92.762%* (46381/50000) 
Test epoch: 74 | Loss: *0.416* | Acc: *86.790%* (8679/10000)
Train epoch: 75 | Loss: *0.207* | Acc: *92.898%* (46449/50000) 
Test epoch: 75 | Loss: *0.356* | Acc: *88.790%* (8879/10000)
Train epoch: 76 | Loss: *0.210* | Acc: *92.786%* (46393/50000) 
Test epoch: 76 | Loss: *0.376* | Acc: *87.710%* (8771/10000)
Train epoch: 77 | Loss: *0.210* | Acc: *92.712%* (46356/50000) 
Test epoch: 77 | Loss: *0.405* | Acc: *87.510%* (8751/10000)
Train epoch: 78 | Loss: *0.202* | Acc: *93.070%* (46535/50000) 
Test epoch: 78 | Loss: *0.485* | Acc: *84.670%* (8467/10000)
Train epoch: 79 | Loss: *0.202* | Acc: *93.010%* (46505/50000) 
Test epoch: 79 | Loss: *0.405* | Acc: *87.280%* (8728/10000)
Train epoch: 80 | Loss: *0.198* | Acc: *93.094%* (46547/50000) 
Test epoch: 80 | Loss: *0.559* | Acc: *83.810%* (8381/10000)
Train epoch: 81 | Loss: *0.195* | Acc: *93.234%* (46617/50000) 
Test epoch: 81 | Loss: *0.365* | Acc: *88.820%* (8882/10000)
Train epoch: 82 | Loss: *0.198* | Acc: *93.206%* (46603/50000) 
Test epoch: 82 | Loss: *0.606* | Acc: *82.720%* (8272/10000)
Train epoch: 83 | Loss: *0.194* | Acc: *93.218%* (46609/50000) 
Test epoch: 83 | Loss: *0.668* | Acc: *81.280%* (8128/10000)
Train epoch: 84 | Loss: *0.190* | Acc: *93.308%* (46654/50000) 
Test epoch: 84 | Loss: *0.400* | Acc: *87.070%* (8707/10000)
Train epoch: 85 | Loss: *0.189* | Acc: *93.484%* (46742/50000) 
Test epoch: 85 | Loss: *0.387* | Acc: *87.760%* (8776/10000)
Train epoch: 86 | Loss: *0.188* | Acc: *93.412%* (46706/50000) 
Test epoch: 86 | Loss: *0.429* | Acc: *87.240%* (8724/10000)
Train epoch: 87 | Loss: *0.190* | Acc: *93.424%* (46712/50000) 
Test epoch: 87 | Loss: *0.345* | Acc: *89.460%* (8946/10000)
Train epoch: 88 | Loss: *0.180* | Acc: *93.892%* (46946/50000) 
Test epoch: 88 | Loss: *0.470* | Acc: *85.960%* (8596/10000)
Train epoch: 89 | Loss: *0.177* | Acc: *94.022%* (47011/50000) 
Test epoch: 89 | Loss: *0.357* | Acc: *88.890%* (8889/10000)
Train epoch: 90 | Loss: *0.174* | Acc: *93.974%* (46987/50000) 
Test epoch: 90 | Loss: *0.429* | Acc: *87.110%* (8711/10000)
Train epoch: 91 | Loss: *0.174* | Acc: *93.964%* (46982/50000) 
Test epoch: 91 | Loss: *0.365* | Acc: *88.810%* (8881/10000)
Train epoch: 92 | Loss: *0.172* | Acc: *94.076%* (47038/50000) 
Test epoch: 92 | Loss: *0.487* | Acc: *85.290%* (8529/10000)
Train epoch: 93 | Loss: *0.171* | Acc: *94.112%* (47056/50000) 
Test epoch: 93 | Loss: *0.405* | Acc: *87.530%* (8753/10000)
Train epoch: 94 | Loss: *0.169* | Acc: *94.130%* (47065/50000) 
Test epoch: 94 | Loss: *0.337* | Acc: *89.610%* (8961/10000)
Train epoch: 95 | Loss: *0.166* | Acc: *94.300%* (47150/50000) 
Test epoch: 95 | Loss: *0.860* | Acc: *80.000%* (8000/10000)
Train epoch: 96 | Loss: *0.163* | Acc: *94.408%* (47204/50000) 
Test epoch: 96 | Loss: *0.382* | Acc: *88.500%* (8850/10000)
Train epoch: 97 | Loss: *0.158* | Acc: *94.584%* (47292/50000) 
Test epoch: 97 | Loss: *0.379* | Acc: *89.250%* (8925/10000)
Train epoch: 98 | Loss: *0.162* | Acc: *94.460%* (47230/50000) 
Test epoch: 98 | Loss: *0.311* | Acc: *89.850%* (8985/10000)
Train epoch: 99 | Loss: *0.154* | Acc: *94.652%* (47326/50000) 
Test epoch: 99 | Loss: *0.440* | Acc: *86.910%* (8691/10000)
Train epoch: 100 | Loss: *0.152* | Acc: *94.812%* (47406/50000) 
Test epoch: 100 | Loss: *0.341* | Acc: *89.440%* (8944/10000)
Train epoch: 101 | Loss: *0.149* | Acc: *94.896%* (47448/50000) 
Test epoch: 101 | Loss: *0.381* | Acc: *88.810%* (8881/10000)
Train epoch: 102 | Loss: *0.144* | Acc: *95.018%* (47509/50000) 
Test epoch: 102 | Loss: *0.463* | Acc: *87.000%* (8700/10000)
Train epoch: 103 | Loss: *0.145* | Acc: *94.934%* (47467/50000) 
Test epoch: 103 | Loss: *0.444* | Acc: *87.580%* (8758/10000)
Train epoch: 104 | Loss: *0.147* | Acc: *95.018%* (47509/50000) 
Test epoch: 104 | Loss: *0.390* | Acc: *88.600%* (8860/10000)
Train epoch: 105 | Loss: *0.143* | Acc: *95.050%* (47525/50000) 
Test epoch: 105 | Loss: *0.386* | Acc: *88.980%* (8898/10000)
Train epoch: 106 | Loss: *0.139* | Acc: *95.200%* (47600/50000) 
Test epoch: 106 | Loss: *0.346* | Acc: *89.570%* (8957/10000)
Train epoch: 107 | Loss: *0.133* | Acc: *95.454%* (47727/50000) 
Test epoch: 107 | Loss: *0.306* | Acc: *90.430%* (9043/10000)
Train epoch: 108 | Loss: *0.132* | Acc: *95.456%* (47728/50000) 
Test epoch: 108 | Loss: *0.357* | Acc: *89.440%* (8944/10000)
Train epoch: 109 | Loss: *0.128* | Acc: *95.686%* (47843/50000) 
Test epoch: 109 | Loss: *0.360* | Acc: *89.460%* (8946/10000)
Train epoch: 110 | Loss: *0.129* | Acc: *95.574%* (47787/50000) 
Test epoch: 110 | Loss: *0.399* | Acc: *88.360%* (8836/10000)
Train epoch: 111 | Loss: *0.127* | Acc: *95.646%* (47823/50000) 
Test epoch: 111 | Loss: *0.371* | Acc: *89.310%* (8931/10000)
Train epoch: 112 | Loss: *0.124* | Acc: *95.796%* (47898/50000) 
Test epoch: 112 | Loss: *0.349* | Acc: *89.200%* (8920/10000)
Train epoch: 113 | Loss: *0.122* | Acc: *95.858%* (47929/50000) 
Test epoch: 113 | Loss: *0.343* | Acc: *89.940%* (8994/10000)
Train epoch: 114 | Loss: *0.117* | Acc: *95.986%* (47993/50000) 
Test epoch: 114 | Loss: *0.396* | Acc: *88.980%* (8898/10000)
Train epoch: 115 | Loss: *0.111* | Acc: *96.252%* (48126/50000) 
Test epoch: 115 | Loss: *0.394* | Acc: *88.590%* (8859/10000)
Train epoch: 116 | Loss: *0.111* | Acc: *96.138%* (48069/50000) 
Test epoch: 116 | Loss: *0.311* | Acc: *90.700%* (9070/10000)
Train epoch: 117 | Loss: *0.109* | Acc: *96.310%* (48155/50000) 
Test epoch: 117 | Loss: *0.369* | Acc: *89.500%* (8950/10000)
Train epoch: 118 | Loss: *0.102* | Acc: *96.588%* (48294/50000) 
Test epoch: 118 | Loss: *0.332* | Acc: *90.240%* (9024/10000)
Train epoch: 119 | Loss: *0.104* | Acc: *96.498%* (48249/50000) 
Test epoch: 119 | Loss: *0.366* | Acc: *89.500%* (8950/10000)
Train epoch: 120 | Loss: *0.100* | Acc: *96.634%* (48317/50000) 
Test epoch: 120 | Loss: *0.360* | Acc: *89.860%* (8986/10000)
Train epoch: 121 | Loss: *0.098* | Acc: *96.578%* (48289/50000) 
Test epoch: 121 | Loss: *0.387* | Acc: *89.080%* (8908/10000)
Train epoch: 122 | Loss: *0.096* | Acc: *96.762%* (48381/50000) 
Test epoch: 122 | Loss: *0.329* | Acc: *90.220%* (9022/10000)
Train epoch: 123 | Loss: *0.095* | Acc: *96.716%* (48358/50000) 
Test epoch: 123 | Loss: *0.388* | Acc: *89.090%* (8909/10000)
Train epoch: 124 | Loss: *0.090* | Acc: *97.052%* (48526/50000) 
Test epoch: 124 | Loss: *0.357* | Acc: *89.800%* (8980/10000)
Train epoch: 125 | Loss: *0.087* | Acc: *97.068%* (48534/50000) 
Test epoch: 125 | Loss: *0.380* | Acc: *89.710%* (8971/10000)
Train epoch: 126 | Loss: *0.085* | Acc: *97.058%* (48529/50000) 
Test epoch: 126 | Loss: *0.325* | Acc: *90.940%* (9094/10000)
Train epoch: 127 | Loss: *0.081* | Acc: *97.330%* (48665/50000) 
Test epoch: 127 | Loss: *0.315* | Acc: *91.210%* (9121/10000)
Train epoch: 128 | Loss: *0.085* | Acc: *97.108%* (48554/50000) 
Test epoch: 128 | Loss: *0.343* | Acc: *90.260%* (9026/10000)
Train epoch: 129 | Loss: *0.077* | Acc: *97.334%* (48667/50000) 
Test epoch: 129 | Loss: *0.350* | Acc: *90.700%* (9070/10000)
Train epoch: 130 | Loss: *0.073* | Acc: *97.552%* (48776/50000) 
Test epoch: 130 | Loss: *0.327* | Acc: *91.130%* (9113/10000)
Train epoch: 131 | Loss: *0.074* | Acc: *97.470%* (48735/50000) 
Test epoch: 131 | Loss: *0.331* | Acc: *91.040%* (9104/10000)
Train epoch: 132 | Loss: *0.067* | Acc: *97.792%* (48896/50000) 
Test epoch: 132 | Loss: *0.310* | Acc: *91.420%* (9142/10000)
Train epoch: 133 | Loss: *0.065* | Acc: *97.900%* (48950/50000) 
Test epoch: 133 | Loss: *0.350* | Acc: *90.620%* (9062/10000)
Train epoch: 134 | Loss: *0.062* | Acc: *97.938%* (48969/50000) 
Test epoch: 134 | Loss: *0.339* | Acc: *91.100%* (9110/10000)
Train epoch: 135 | Loss: *0.061* | Acc: *97.978%* (48989/50000) 
Test epoch: 135 | Loss: *0.313* | Acc: *91.090%* (9109/10000)
Train epoch: 136 | Loss: *0.059* | Acc: *98.056%* (49028/50000) 
Test epoch: 136 | Loss: *0.348* | Acc: *91.090%* (9109/10000)
Train epoch: 137 | Loss: *0.057* | Acc: *98.140%* (49070/50000) 
Test epoch: 137 | Loss: *0.288* | Acc: *92.020%* (9202/10000)
Train epoch: 138 | Loss: *0.057* | Acc: *98.134%* (49067/50000) 
Test epoch: 138 | Loss: *0.312* | Acc: *91.610%* (9161/10000)
Train epoch: 139 | Loss: *0.047* | Acc: *98.584%* (49292/50000) 
Test epoch: 139 | Loss: *0.281* | Acc: *92.300%* (9230/10000)
Train epoch: 140 | Loss: *0.048* | Acc: *98.500%* (49250/50000) 
Test epoch: 140 | Loss: *0.314* | Acc: *91.930%* (9193/10000)
Train epoch: 141 | Loss: *0.047* | Acc: *98.524%* (49262/50000) 
Test epoch: 141 | Loss: *0.293* | Acc: *91.970%* (9197/10000)
Train epoch: 142 | Loss: *0.043* | Acc: *98.602%* (49301/50000) 
Test epoch: 142 | Loss: *0.286* | Acc: *92.050%* (9205/10000)
Train epoch: 143 | Loss: *0.038* | Acc: *98.892%* (49446/50000) 
Test epoch: 143 | Loss: *0.280* | Acc: *92.510%* (9251/10000)
Train epoch: 144 | Loss: *0.039* | Acc: *98.754%* (49377/50000) 
Test epoch: 144 | Loss: *0.306* | Acc: *91.970%* (9197/10000)
Train epoch: 145 | Loss: *0.034* | Acc: *98.974%* (49487/50000) 
Test epoch: 145 | Loss: *0.283* | Acc: *92.560%* (9256/10000)
Train epoch: 146 | Loss: *0.033* | Acc: *99.042%* (49521/50000) 
Test epoch: 146 | Loss: *0.306* | Acc: *91.810%* (9181/10000)
Train epoch: 147 | Loss: *0.031* | Acc: *99.114%* (49557/50000) 
Test epoch: 147 | Loss: *0.272* | Acc: *92.470%* (9247/10000)
Train epoch: 148 | Loss: *0.029* | Acc: *99.178%* (49589/50000) 
Test epoch: 148 | Loss: *0.285* | Acc: *92.400%* (9240/10000)
Train epoch: 149 | Loss: *0.027* | Acc: *99.248%* (49624/50000) 
Test epoch: 149 | Loss: *0.269* | Acc: *92.790%* (9279/10000)
Train epoch: 150 | Loss: *0.026* | Acc: *99.276%* (49638/50000) 
Test epoch: 150 | Loss: *0.279* | Acc: *92.670%* (9267/10000)
Train epoch: 151 | Loss: *0.023* | Acc: *99.386%* (49693/50000) 
Test epoch: 151 | Loss: *0.278* | Acc: *92.630%* (9263/10000)
Train epoch: 152 | Loss: *0.021* | Acc: *99.444%* (49722/50000) 
Test epoch: 152 | Loss: *0.271* | Acc: *92.940%* (9294/10000)
Train epoch: 153 | Loss: *0.020* | Acc: *99.488%* (49744/50000) 
Test epoch: 153 | Loss: *0.287* | Acc: *92.650%* (9265/10000)
Train epoch: 154 | Loss: *0.020* | Acc: *99.496%* (49748/50000) 
Test epoch: 154 | Loss: *0.256* | Acc: *93.070%* (9307/10000)
Train epoch: 155 | Loss: *0.016* | Acc: *99.590%* (49795/50000) 
Test epoch: 155 | Loss: *0.266* | Acc: *93.220%* (9322/10000)
Train epoch: 156 | Loss: *0.015* | Acc: *99.664%* (49832/50000) 
Test epoch: 156 | Loss: *0.250* | Acc: *93.280%* (9328/10000)
Train epoch: 157 | Loss: *0.014* | Acc: *99.698%* (49849/50000) 
Test epoch: 157 | Loss: *0.245* | Acc: *93.390%* (9339/10000)
Train epoch: 158 | Loss: *0.011* | Acc: *99.792%* (49896/50000) 
Test epoch: 158 | Loss: *0.242* | Acc: *93.430%* (9343/10000)
Train epoch: 159 | Loss: *0.011* | Acc: *99.812%* (49906/50000) 
Test epoch: 159 | Loss: *0.251* | Acc: *93.270%* (9327/10000)
Train epoch: 160 | Loss: *0.011* | Acc: *99.802%* (49901/50000) 
Test epoch: 160 | Loss: *0.247* | Acc: *93.250%* (9325/10000)
Train epoch: 161 | Loss: *0.010* | Acc: *99.812%* (49906/50000) 
Test epoch: 161 | Loss: *0.254* | Acc: *93.110%* (9311/10000)
Train epoch: 162 | Loss: *0.009* | Acc: *99.848%* (49924/50000) 
Test epoch: 162 | Loss: *0.241* | Acc: *93.580%* (9358/10000)
Train epoch: 163 | Loss: *0.008* | Acc: *99.880%* (49940/50000) 
Test epoch: 163 | Loss: *0.247* | Acc: *93.270%* (9327/10000)
Train epoch: 164 | Loss: *0.007* | Acc: *99.896%* (49948/50000) 
Test epoch: 164 | Loss: *0.238* | Acc: *93.550%* (9355/10000)
Train epoch: 165 | Loss: *0.007* | Acc: *99.900%* (49950/50000) 
Test epoch: 165 | Loss: *0.237* | Acc: *93.700%* (9370/10000)
Train epoch: 166 | Loss: *0.006* | Acc: *99.946%* (49973/50000) 
Test epoch: 166 | Loss: *0.228* | Acc: *93.820%* (9382/10000)
Train epoch: 167 | Loss: *0.006* | Acc: *99.942%* (49971/50000) 
Test epoch: 167 | Loss: *0.227* | Acc: *93.870%* (9387/10000)
Train epoch: 168 | Loss: *0.006* | Acc: *99.928%* (49964/50000) 
Test epoch: 168 | Loss: *0.222* | Acc: *93.930%* (9393/10000)
Train epoch: 169 | Loss: *0.005* | Acc: *99.958%* (49979/50000) 
Test epoch: 169 | Loss: *0.219* | Acc: *94.000%* (9400/10000)
Train epoch: 170 | Loss: *0.005* | Acc: *99.952%* (49976/50000) 
Test epoch: 170 | Loss: *0.232* | Acc: *93.850%* (9385/10000)
Train epoch: 171 | Loss: *0.005* | Acc: *99.960%* (49980/50000) 
Test epoch: 171 | Loss: *0.219* | Acc: *93.840%* (9384/10000)
Train epoch: 172 | Loss: *0.004* | Acc: *99.984%* (49992/50000) 
Test epoch: 172 | Loss: *0.221* | Acc: *93.960%* (9396/10000)
Train epoch: 173 | Loss: *0.004* | Acc: *99.986%* (49993/50000) 
Test epoch: 173 | Loss: *0.222* | Acc: *93.900%* (9390/10000)
Train epoch: 174 | Loss: *0.004* | Acc: *99.988%* (49994/50000) 
Test epoch: 174 | Loss: *0.215* | Acc: *93.820%* (9382/10000)
Train epoch: 175 | Loss: *0.004* | Acc: *99.990%* (49995/50000) 
Test epoch: 175 | Loss: *0.214* | Acc: *93.920%* (9392/10000)
Train epoch: 176 | Loss: *0.004* | Acc: *99.988%* (49994/50000) 
Test epoch: 176 | Loss: *0.211* | Acc: *93.980%* (9398/10000)
Train epoch: 177 | Loss: *0.004* | Acc: *99.990%* (49995/50000) 
Test epoch: 177 | Loss: *0.211* | Acc: *94.040%* (9404/10000)
Train epoch: 178 | Loss: *0.003* | Acc: *99.980%* (49990/50000) 
Test epoch: 178 | Loss: *0.211* | Acc: *94.140%* (9414/10000)
Train epoch: 179 | Loss: *0.003* | Acc: *99.998%* (49999/50000) 
Test epoch: 179 | Loss: *0.212* | Acc: *94.010%* (9401/10000)
Train epoch: 180 | Loss: *0.003* | Acc: *99.990%* (49995/50000) 
Test epoch: 180 | Loss: *0.210* | Acc: *94.130%* (9413/10000)
Train epoch: 181 | Loss: *0.003* | Acc: *99.988%* (49994/50000) 
Test epoch: 181 | Loss: *0.209* | Acc: *94.170%* (9417/10000)
Train epoch: 182 | Loss: *0.003* | Acc: *99.994%* (49997/50000) 
Test epoch: 182 | Loss: *0.209* | Acc: *94.040%* (9404/10000)
Train epoch: 183 | Loss: *0.003* | Acc: *99.996%* (49998/50000) 
Test epoch: 183 | Loss: *0.208* | Acc: *94.090%* (9409/10000)
Train epoch: 184 | Loss: *0.003* | Acc: *99.998%* (49999/50000) 
Test epoch: 184 | Loss: *0.208* | Acc: *94.170%* (9417/10000)
Train epoch: 185 | Loss: *0.003* | Acc: *99.998%* (49999/50000) 
Test epoch: 185 | Loss: *0.208* | Acc: *94.190%* (9419/10000)
Train epoch: 186 | Loss: *0.003* | Acc: *99.988%* (49994/50000) 
Test epoch: 186 | Loss: *0.207* | Acc: *94.140%* (9414/10000)
Train epoch: 187 | Loss: *0.003* | Acc: *99.996%* (49998/50000) 
Test epoch: 187 | Loss: *0.208* | Acc: *94.020%* (9402/10000)
Train epoch: 188 | Loss: *0.003* | Acc: *99.990%* (49995/50000) 
Test epoch: 188 | Loss: *0.208* | Acc: *94.120%* (9412/10000)
Train epoch: 189 | Loss: *0.003* | Acc: *99.998%* (49999/50000) 
Test epoch: 189 | Loss: *0.207* | Acc: *94.150%* (9415/10000)
Train epoch: 190 | Loss: *0.003* | Acc: *99.996%* (49998/50000) 
Test epoch: 190 | Loss: *0.206* | Acc: *94.150%* (9415/10000)
Train epoch: 191 | Loss: *0.003* | Acc: *99.994%* (49997/50000) 
Test epoch: 191 | Loss: *0.206* | Acc: *94.120%* (9412/10000)
Train epoch: 192 | Loss: *0.003* | Acc: *99.992%* (49996/50000) 
Test epoch: 192 | Loss: *0.204* | Acc: *94.110%* (9411/10000)
Train epoch: 193 | Loss: *0.003* | Acc: *99.998%* (49999/50000) 
Test epoch: 193 | Loss: *0.206* | Acc: *94.180%* (9418/10000)
Train epoch: 194 | Loss: *0.003* | Acc: *99.998%* (49999/50000) 
Test epoch: 194 | Loss: *0.207* | Acc: *94.060%* (9406/10000)
Train epoch: 195 | Loss: *0.003* | Acc: *99.998%* (49999/50000) 
Test epoch: 195 | Loss: *0.205* | Acc: *94.140%* (9414/10000)
Train epoch: 196 | Loss: *0.003* | Acc: *99.996%* (49998/50000) 
Test epoch: 196 | Loss: *0.205* | Acc: *94.180%* (9418/10000)
Train epoch: 197 | Loss: *0.003* | Acc: *99.998%* (49999/50000) 
Test epoch: 197 | Loss: *0.207* | Acc: *94.140%* (9414/10000)
Train epoch: 198 | Loss: *0.003* | Acc: *99.996%* (49998/50000) 
Test epoch: 198 | Loss: *0.206* | Acc: *94.140%* (9414/10000)
Train epoch: 199 | Loss: *0.003* | Acc: *100.000%* (50000/50000) 
Test epoch: 199 | Loss: *0.206* | Acc: *94.190%* (9419/10000)
Train epoch: 200 | Loss: *0.003* | Acc: *99.998%* (49999/50000) 
Test epoch: 200 | Loss: *0.204* | Acc: *94.190%* (9419/10000)
Train epoch: 201 | Loss: *0.003* | Acc: *99.994%* (49997/50000) 
Test epoch: 201 | Loss: *0.206* | Acc: *94.200%* (9420/10000)
Train epoch: 202 | Loss: *0.003* | Acc: *99.998%* (49999/50000) 
Test epoch: 202 | Loss: *0.207* | Acc: *94.120%* (9412/10000)
Train epoch: 203 | Loss: *0.003* | Acc: *99.998%* (49999/50000) 
Test epoch: 203 | Loss: *0.209* | Acc: *94.210%* (9421/10000)
Train epoch: 204 | Loss: *0.003* | Acc: *99.998%* (49999/50000) 
Test epoch: 204 | Loss: *0.209* | Acc: *94.120%* (9412/10000)
Train epoch: 205 | Loss: *0.003* | Acc: *99.992%* (49996/50000) 
Test epoch: 205 | Loss: *0.205* | Acc: *94.100%* (9410/10000)
Train epoch: 206 | Loss: *0.003* | Acc: *99.998%* (49999/50000) 
Test epoch: 206 | Loss: *0.206* | Acc: *94.150%* (9415/10000)
Train epoch: 207 | Loss: *0.003* | Acc: *99.998%* (49999/50000) 
Test epoch: 207 | Loss: *0.204* | Acc: *94.070%* (9407/10000)
Train epoch: 208 | Loss: *0.003* | Acc: *99.998%* (49999/50000) 
Test epoch: 208 | Loss: *0.206* | Acc: *94.160%* (9416/10000)
Train epoch: 209 | Loss: *0.003* | Acc: *99.994%* (49997/50000) 
Test epoch: 209 | Loss: *0.206* | Acc: *94.190%* (9419/10000)
Train epoch: 210 | Loss: *0.003* | Acc: *99.998%* (49999/50000) 
Test epoch: 210 | Loss: *0.206* | Acc: *94.120%* (9412/10000)
Train epoch: 211 | Loss: *0.003* | Acc: *99.998%* (49999/50000) 
Test epoch: 211 | Loss: *0.205* | Acc: *94.150%* (9415/10000)
Train epoch: 212 | Loss: *0.003* | Acc: *99.994%* (49997/50000) 
Test epoch: 212 | Loss: *0.206* | Acc: *94.110%* (9411/10000)
Train epoch: 213 | Loss: *0.003* | Acc: *99.998%* (49999/50000) 
Test epoch: 213 | Loss: *0.204* | Acc: *94.080%* (9408/10000)
Train epoch: 214 | Loss: *0.003* | Acc: *99.992%* (49996/50000) 
Test epoch: 214 | Loss: *0.205* | Acc: *94.200%* (9420/10000)
Train epoch: 215 | Loss: *0.003* | Acc: *99.998%* (49999/50000) 
Test epoch: 215 | Loss: *0.205* | Acc: *94.130%* (9413/10000)
Train epoch: 216 | Loss: *0.003* | Acc: *99.998%* (49999/50000) 
Test epoch: 216 | Loss: *0.205* | Acc: *94.160%* (9416/10000)
Train epoch: 217 | Loss: *0.003* | Acc: *99.998%* (49999/50000) 
Test epoch: 217 | Loss: *0.205* | Acc: *94.140%* (9414/10000)
Train epoch: 218 | Loss: *0.003* | Acc: *99.996%* (49998/50000) 
Test epoch: 218 | Loss: *0.207* | Acc: *94.110%* (9411/10000)
Train epoch: 219 | Loss: *0.003* | Acc: *99.996%* (49998/50000) 
Test epoch: 219 | Loss: *0.206* | Acc: *94.130%* (9413/10000)
Train epoch: 220 | Loss: *0.003* | Acc: *99.998%* (49999/50000) 
Test epoch: 220 | Loss: *0.205* | Acc: *94.160%* (9416/10000)
Train epoch: 221 | Loss: *0.003* | Acc: *99.990%* (49995/50000) 
Test epoch: 221 | Loss: *0.204* | Acc: *94.050%* (9405/10000)
Train epoch: 222 | Loss: *0.003* | Acc: *99.994%* (49997/50000) 
Test epoch: 222 | Loss: *0.203* | Acc: *94.100%* (9410/10000)
Train epoch: 223 | Loss: *0.003* | Acc: *99.992%* (49996/50000) 
Test epoch: 223 | Loss: *0.206* | Acc: *94.050%* (9405/10000)
Train epoch: 224 | Loss: *0.003* | Acc: *99.994%* (49997/50000) 
Test epoch: 224 | Loss: *0.204* | Acc: *94.070%* (9407/10000)
Train epoch: 225 | Loss: *0.003* | Acc: *99.998%* (49999/50000) 
Test epoch: 225 | Loss: *0.206* | Acc: *94.110%* (9411/10000)
Train epoch: 226 | Loss: *0.003* | Acc: *99.994%* (49997/50000) 
Test epoch: 226 | Loss: *0.204* | Acc: *94.240%* (9424/10000)
Train epoch: 227 | Loss: *0.004* | Acc: *99.994%* (49997/50000) 
Test epoch: 227 | Loss: *0.208* | Acc: *94.210%* (9421/10000)
Train epoch: 228 | Loss: *0.003* | Acc: *99.994%* (49997/50000) 
Test epoch: 228 | Loss: *0.205* | Acc: *94.050%* (9405/10000)
Train epoch: 229 | Loss: *0.004* | Acc: *99.990%* (49995/50000) 
Test epoch: 229 | Loss: *0.213* | Acc: *93.970%* (9397/10000)
Train epoch: 230 | Loss: *0.004* | Acc: *99.996%* (49998/50000) 
Test epoch: 230 | Loss: *0.212* | Acc: *94.040%* (9404/10000)
Train epoch: 231 | Loss: *0.004* | Acc: *99.992%* (49996/50000) 
Test epoch: 231 | Loss: *0.207* | Acc: *93.990%* (9399/10000)
Train epoch: 232 | Loss: *0.004* | Acc: *99.992%* (49996/50000) 
Test epoch: 232 | Loss: *0.209* | Acc: *94.110%* (9411/10000)
Train epoch: 233 | Loss: *0.004* | Acc: *99.988%* (49994/50000) 
Test epoch: 233 | Loss: *0.209* | Acc: *93.880%* (9388/10000)
Train epoch: 234 | Loss: *0.004* | Acc: *99.996%* (49998/50000) 
Test epoch: 234 | Loss: *0.219* | Acc: *93.710%* (9371/10000)
Train epoch: 235 | Loss: *0.005* | Acc: *99.958%* (49979/50000) 
Test epoch: 235 | Loss: *0.238* | Acc: *93.350%* (9335/10000)
Train epoch: 236 | Loss: *0.005* | Acc: *99.972%* (49986/50000) 
Test epoch: 236 | Loss: *0.228* | Acc: *93.570%* (9357/10000)
Train epoch: 237 | Loss: *0.008* | Acc: *99.900%* (49950/50000) 
Test epoch: 237 | Loss: *0.257* | Acc: *92.860%* (9286/10000)
Train epoch: 238 | Loss: *0.011* | Acc: *99.816%* (49908/50000) 
Test epoch: 238 | Loss: *0.270* | Acc: *92.890%* (9289/10000)
Train epoch: 239 | Loss: *0.019* | Acc: *99.566%* (49783/50000) 
Test epoch: 239 | Loss: *0.271* | Acc: *92.440%* (9244/10000)
Train epoch: 240 | Loss: *0.025* | Acc: *99.402%* (49701/50000) 
Test epoch: 240 | Loss: *0.310* | Acc: *91.790%* (9179/10000)
Train epoch: 241 | Loss: *0.035* | Acc: *99.030%* (49515/50000) 
Test epoch: 241 | Loss: *0.297* | Acc: *91.850%* (9185/10000)
Train epoch: 242 | Loss: *0.040* | Acc: *98.916%* (49458/50000) 
Test epoch: 242 | Loss: *0.318* | Acc: *91.520%* (9152/10000)
Train epoch: 243 | Loss: *0.049* | Acc: *98.526%* (49263/50000) 
Test epoch: 243 | Loss: *0.325* | Acc: *91.440%* (9144/10000)
Train epoch: 244 | Loss: *0.053* | Acc: *98.334%* (49167/50000) 
Test epoch: 244 | Loss: *0.372* | Acc: *89.940%* (8994/10000)
Train epoch: 245 | Loss: *0.057* | Acc: *98.200%* (49100/50000) 
Test epoch: 245 | Loss: *0.341* | Acc: *90.880%* (9088/10000)
Train epoch: 246 | Loss: *0.065* | Acc: *97.904%* (48952/50000) 
Test epoch: 246 | Loss: *0.345* | Acc: *90.890%* (9089/10000)
Train epoch: 247 | Loss: *0.066* | Acc: *97.894%* (48947/50000) 
Test epoch: 247 | Loss: *0.343* | Acc: *90.890%* (9089/10000)
Train epoch: 248 | Loss: *0.064* | Acc: *97.968%* (48984/50000) 
Test epoch: 248 | Loss: *0.349* | Acc: *90.830%* (9083/10000)
Train epoch: 249 | Loss: *0.073* | Acc: *97.630%* (48815/50000) 
Test epoch: 249 | Loss: *0.314* | Acc: *91.250%* (9125/10000)
Train epoch: 250 | Loss: *0.074* | Acc: *97.574%* (48787/50000) 
Test epoch: 250 | Loss: *0.400* | Acc: *89.340%* (8934/10000)
Train epoch: 251 | Loss: *0.073* | Acc: *97.622%* (48811/50000) 
Test epoch: 251 | Loss: *0.386* | Acc: *89.540%* (8954/10000)
Train epoch: 252 | Loss: *0.074* | Acc: *97.548%* (48774/50000) 
Test epoch: 252 | Loss: *0.333* | Acc: *90.700%* (9070/10000)
Train epoch: 253 | Loss: *0.071* | Acc: *97.712%* (48856/50000) 
Test epoch: 253 | Loss: *0.399* | Acc: *89.390%* (8939/10000)
Train epoch: 254 | Loss: *0.076* | Acc: *97.448%* (48724/50000) 
Test epoch: 254 | Loss: *0.325* | Acc: *91.060%* (9106/10000)
Train epoch: 255 | Loss: *0.080* | Acc: *97.272%* (48636/50000) 
Test epoch: 255 | Loss: *0.335* | Acc: *90.600%* (9060/10000)
Train epoch: 256 | Loss: *0.081* | Acc: *97.290%* (48645/50000) 
Test epoch: 256 | Loss: *0.404* | Acc: *89.220%* (8922/10000)
Train epoch: 257 | Loss: *0.079* | Acc: *97.426%* (48713/50000) 
Test epoch: 257 | Loss: *0.329* | Acc: *90.800%* (9080/10000)
Train epoch: 258 | Loss: *0.081* | Acc: *97.260%* (48630/50000) 
Test epoch: 258 | Loss: *0.310* | Acc: *91.240%* (9124/10000)
Train epoch: 259 | Loss: *0.085* | Acc: *97.122%* (48561/50000) 
Test epoch: 259 | Loss: *0.341* | Acc: *90.650%* (9065/10000)
Train epoch: 260 | Loss: *0.084* | Acc: *97.150%* (48575/50000) 
Test epoch: 260 | Loss: *0.316* | Acc: *90.700%* (9070/10000)
Train epoch: 261 | Loss: *0.087* | Acc: *97.136%* (48568/50000) 
Test epoch: 261 | Loss: *0.407* | Acc: *89.120%* (8912/10000)
Train epoch: 262 | Loss: *0.086* | Acc: *97.086%* (48543/50000) 
Test epoch: 262 | Loss: *0.334* | Acc: *91.040%* (9104/10000)
Train epoch: 263 | Loss: *0.088* | Acc: *97.026%* (48513/50000) 
Test epoch: 263 | Loss: *0.389* | Acc: *89.540%* (8954/10000)
Train epoch: 264 | Loss: *0.087* | Acc: *97.068%* (48534/50000) 
Test epoch: 264 | Loss: *0.378* | Acc: *89.880%* (8988/10000)
Train epoch: 265 | Loss: *0.090* | Acc: *96.984%* (48492/50000) 
Test epoch: 265 | Loss: *0.364* | Acc: *89.540%* (8954/10000)
Train epoch: 266 | Loss: *0.090* | Acc: *96.958%* (48479/50000) 
Test epoch: 266 | Loss: *0.355* | Acc: *89.810%* (8981/10000)
Train epoch: 267 | Loss: *0.091* | Acc: *96.896%* (48448/50000) 
Test epoch: 267 | Loss: *0.367* | Acc: *89.970%* (8997/10000)
Train epoch: 268 | Loss: *0.093* | Acc: *96.956%* (48478/50000) 
Test epoch: 268 | Loss: *0.290* | Acc: *91.620%* (9162/10000)
Train epoch: 269 | Loss: *0.092* | Acc: *96.916%* (48458/50000) 
Test epoch: 269 | Loss: *0.317* | Acc: *90.470%* (9047/10000)
Train epoch: 270 | Loss: *0.095* | Acc: *96.836%* (48418/50000) 
Test epoch: 270 | Loss: *0.336* | Acc: *90.070%* (9007/10000)
Train epoch: 271 | Loss: *0.095* | Acc: *96.802%* (48401/50000) 
Test epoch: 271 | Loss: *0.460* | Acc: *87.630%* (8763/10000)
Train epoch: 272 | Loss: *0.104* | Acc: *96.404%* (48202/50000) 
Test epoch: 272 | Loss: *0.429* | Acc: *88.790%* (8879/10000)
Train epoch: 273 | Loss: *0.103* | Acc: *96.528%* (48264/50000) 
Test epoch: 273 | Loss: *0.347* | Acc: *90.270%* (9027/10000)
Train epoch: 274 | Loss: *0.102* | Acc: *96.494%* (48247/50000) 
Test epoch: 274 | Loss: *0.330* | Acc: *90.190%* (9019/10000)
Train epoch: 275 | Loss: *0.102* | Acc: *96.496%* (48248/50000) 
Test epoch: 275 | Loss: *0.357* | Acc: *90.060%* (9006/10000)
Train epoch: 276 | Loss: *0.099* | Acc: *96.648%* (48324/50000) 
Test epoch: 276 | Loss: *0.400* | Acc: *89.430%* (8943/10000)
Train epoch: 277 | Loss: *0.106* | Acc: *96.442%* (48221/50000) 
Test epoch: 277 | Loss: *0.387* | Acc: *89.260%* (8926/10000)
Train epoch: 278 | Loss: *0.114* | Acc: *96.180%* (48090/50000) 
Test epoch: 278 | Loss: *0.379* | Acc: *89.740%* (8974/10000)
Train epoch: 279 | Loss: *0.108* | Acc: *96.372%* (48186/50000) 
Test epoch: 279 | Loss: *0.412* | Acc: *88.840%* (8884/10000)
Train epoch: 280 | Loss: *0.108* | Acc: *96.282%* (48141/50000) 
Test epoch: 280 | Loss: *0.395* | Acc: *88.670%* (8867/10000)
Train epoch: 281 | Loss: *0.116* | Acc: *96.160%* (48080/50000) 
Test epoch: 281 | Loss: *0.389* | Acc: *88.850%* (8885/10000)
Train epoch: 282 | Loss: *0.113* | Acc: *96.158%* (48079/50000) 
Test epoch: 282 | Loss: *0.361* | Acc: *89.470%* (8947/10000)
Train epoch: 283 | Loss: *0.112* | Acc: *96.236%* (48118/50000) 
Test epoch: 283 | Loss: *0.389* | Acc: *89.280%* (8928/10000)
Train epoch: 284 | Loss: *0.117* | Acc: *95.922%* (47961/50000) 
Test epoch: 284 | Loss: *0.395* | Acc: *88.820%* (8882/10000)
Train epoch: 285 | Loss: *0.123* | Acc: *95.706%* (47853/50000) 
Test epoch: 285 | Loss: *0.385* | Acc: *88.350%* (8835/10000)
Train epoch: 286 | Loss: *0.122* | Acc: *95.766%* (47883/50000) 
Test epoch: 286 | Loss: *0.339* | Acc: *90.010%* (9001/10000)
Train epoch: 287 | Loss: *0.122* | Acc: *95.800%* (47900/50000) 
Test epoch: 287 | Loss: *0.440* | Acc: *87.720%* (8772/10000)
Train epoch: 288 | Loss: *0.124* | Acc: *95.842%* (47921/50000) 
Test epoch: 288 | Loss: *0.381* | Acc: *88.980%* (8898/10000)
Train epoch: 289 | Loss: *0.123* | Acc: *95.926%* (47963/50000) 
Test epoch: 289 | Loss: *0.570* | Acc: *84.790%* (8479/10000)
Train epoch: 290 | Loss: *0.129* | Acc: *95.594%* (47797/50000) 
Test epoch: 290 | Loss: *0.363* | Acc: *89.550%* (8955/10000)
Train epoch: 291 | Loss: *0.132* | Acc: *95.478%* (47739/50000) 
Test epoch: 291 | Loss: *0.328* | Acc: *90.220%* (9022/10000)
Train epoch: 292 | Loss: *0.132* | Acc: *95.396%* (47698/50000) 
Test epoch: 292 | Loss: *0.432* | Acc: *87.770%* (8777/10000)
Train epoch: 293 | Loss: *0.132* | Acc: *95.514%* (47757/50000) 
Test epoch: 293 | Loss: *0.467* | Acc: *86.410%* (8641/10000)
Train epoch: 294 | Loss: *0.137* | Acc: *95.316%* (47658/50000) 
Test epoch: 294 | Loss: *0.422* | Acc: *88.150%* (8815/10000)
Train epoch: 295 | Loss: *0.134* | Acc: *95.358%* (47679/50000) 
Test epoch: 295 | Loss: *0.401* | Acc: *88.160%* (8816/10000)
Train epoch: 296 | Loss: *0.143* | Acc: *95.064%* (47532/50000) 
Test epoch: 296 | Loss: *0.562* | Acc: *84.050%* (8405/10000)
Train epoch: 297 | Loss: *0.140* | Acc: *95.166%* (47583/50000) 
Test epoch: 297 | Loss: *0.471* | Acc: *87.010%* (8701/10000)
Train epoch: 298 | Loss: *0.144* | Acc: *94.984%* (47492/50000) 
Test epoch: 298 | Loss: *0.421* | Acc: *88.030%* (8803/10000)
Train epoch: 299 | Loss: *0.143* | Acc: *95.148%* (47574/50000) 
Test epoch: 299 | Loss: *0.314* | Acc: *90.480%* (9048/10000)
Train epoch: 300 | Loss: *0.145* | Acc: *95.046%* (47523/50000) 
Test epoch: 300 | Loss: *0.402* | Acc: *88.360%* (8836/10000)
Train epoch: 301 | Loss: *0.148* | Acc: *94.854%* (47427/50000) 
Test epoch: 301 | Loss: *0.427* | Acc: *87.430%* (8743/10000)
Train epoch: 302 | Loss: *0.149* | Acc: *94.886%* (47443/50000) 
Test epoch: 302 | Loss: *0.429* | Acc: *87.590%* (8759/10000)
Train epoch: 303 | Loss: *0.151* | Acc: *94.822%* (47411/50000) 
Test epoch: 303 | Loss: *0.453* | Acc: *87.060%* (8706/10000)
Train epoch: 304 | Loss: *0.150* | Acc: *94.926%* (47463/50000) 
Test epoch: 304 | Loss: *0.440* | Acc: *87.340%* (8734/10000)
Train epoch: 305 | Loss: *0.156* | Acc: *94.748%* (47374/50000) 
Test epoch: 305 | Loss: *0.397* | Acc: *88.150%* (8815/10000)
Train epoch: 306 | Loss: *0.154* | Acc: *94.666%* (47333/50000) 
Test epoch: 306 | Loss: *0.461* | Acc: *86.900%* (8690/10000)
Train epoch: 307 | Loss: *0.162* | Acc: *94.362%* (47181/50000) 
Test epoch: 307 | Loss: *0.448* | Acc: *86.840%* (8684/10000)
Train epoch: 308 | Loss: *0.157* | Acc: *94.704%* (47352/50000) 
Test epoch: 308 | Loss: *0.390* | Acc: *88.330%* (8833/10000)
Train epoch: 309 | Loss: *0.160* | Acc: *94.450%* (47225/50000) 
Test epoch: 309 | Loss: *0.427* | Acc: *86.870%* (8687/10000)
Train epoch: 310 | Loss: *0.161* | Acc: *94.414%* (47207/50000) 
Test epoch: 310 | Loss: *0.396* | Acc: *88.310%* (8831/10000)
Train epoch: 311 | Loss: *0.164* | Acc: *94.338%* (47169/50000) 
Test epoch: 311 | Loss: *0.461* | Acc: *86.380%* (8638/10000)
Train epoch: 312 | Loss: *0.171* | Acc: *94.138%* (47069/50000) 
Test epoch: 312 | Loss: *0.369* | Acc: *88.930%* (8893/10000)
Train epoch: 313 | Loss: *0.169* | Acc: *94.204%* (47102/50000) 
Test epoch: 313 | Loss: *0.401* | Acc: *88.020%* (8802/10000)
Train epoch: 314 | Loss: *0.167* | Acc: *94.212%* (47106/50000) 
Test epoch: 314 | Loss: *0.367* | Acc: *88.940%* (8894/10000)
Train epoch: 315 | Loss: *0.171* | Acc: *94.164%* (47082/50000) 
Test epoch: 315 | Loss: *0.413* | Acc: *87.790%* (8779/10000)
Train epoch: 316 | Loss: *0.175* | Acc: *94.030%* (47015/50000) 
Test epoch: 316 | Loss: *0.458* | Acc: *85.960%* (8596/10000)
Train epoch: 317 | Loss: *0.174* | Acc: *94.068%* (47034/50000) 
Test epoch: 317 | Loss: *0.484* | Acc: *85.810%* (8581/10000)
Train epoch: 318 | Loss: *0.176* | Acc: *93.956%* (46978/50000) 
Test epoch: 318 | Loss: *0.417* | Acc: *87.370%* (8737/10000)
Train epoch: 319 | Loss: *0.180* | Acc: *93.758%* (46879/50000) 
Test epoch: 319 | Loss: *0.513* | Acc: *84.730%* (8473/10000)
Train epoch: 320 | Loss: *0.180* | Acc: *93.786%* (46893/50000) 
Test epoch: 320 | Loss: *0.459* | Acc: *86.140%* (8614/10000)
Train epoch: 321 | Loss: *0.184* | Acc: *93.634%* (46817/50000) 
Test epoch: 321 | Loss: *0.430* | Acc: *87.240%* (8724/10000)
Train epoch: 322 | Loss: *0.184* | Acc: *93.654%* (46827/50000) 
Test epoch: 322 | Loss: *0.478* | Acc: *86.450%* (8645/10000)
Train epoch: 323 | Loss: *0.184* | Acc: *93.694%* (46847/50000) 
Test epoch: 323 | Loss: *0.482* | Acc: *85.990%* (8599/10000)
Train epoch: 324 | Loss: *0.188* | Acc: *93.382%* (46691/50000) 
Test epoch: 324 | Loss: *0.476* | Acc: *86.070%* (8607/10000)
Train epoch: 325 | Loss: *0.189* | Acc: *93.514%* (46757/50000) 
Test epoch: 325 | Loss: *0.396* | Acc: *87.870%* (8787/10000)
Train epoch: 326 | Loss: *0.190* | Acc: *93.544%* (46772/50000) 
Test epoch: 326 | Loss: *0.469* | Acc: *86.680%* (8668/10000)
Train epoch: 327 | Loss: *0.190* | Acc: *93.376%* (46688/50000) 
Test epoch: 327 | Loss: *0.412* | Acc: *87.640%* (8764/10000)
Train epoch: 328 | Loss: *0.191* | Acc: *93.490%* (46745/50000) 
Test epoch: 328 | Loss: *0.512* | Acc: *85.250%* (8525/10000)
Train epoch: 329 | Loss: *0.193* | Acc: *93.362%* (46681/50000) 
Test epoch: 329 | Loss: *0.511* | Acc: *86.010%* (8601/10000)
Train epoch: 330 | Loss: *0.197* | Acc: *93.146%* (46573/50000) 
Test epoch: 330 | Loss: *0.422* | Acc: *87.180%* (8718/10000)
Train epoch: 331 | Loss: *0.197* | Acc: *93.254%* (46627/50000) 
Test epoch: 331 | Loss: *0.523* | Acc: *85.080%* (8508/10000)
Train epoch: 332 | Loss: *0.197* | Acc: *93.256%* (46628/50000) 
Test epoch: 332 | Loss: *0.518* | Acc: *84.650%* (8465/10000)
Train epoch: 333 | Loss: *0.202* | Acc: *92.962%* (46481/50000) 
Test epoch: 333 | Loss: *0.465* | Acc: *86.140%* (8614/10000)
Train epoch: 334 | Loss: *0.200* | Acc: *93.120%* (46560/50000) 
Test epoch: 334 | Loss: *0.482* | Acc: *84.960%* (8496/10000)
Train epoch: 335 | Loss: *0.202* | Acc: *93.006%* (46503/50000) 
Test epoch: 335 | Loss: *0.464* | Acc: *86.310%* (8631/10000)
Train epoch: 336 | Loss: *0.200* | Acc: *93.180%* (46590/50000) 
Test epoch: 336 | Loss: *0.432* | Acc: *86.850%* (8685/10000)
Train epoch: 337 | Loss: *0.206* | Acc: *92.972%* (46486/50000) 
Test epoch: 337 | Loss: *0.507* | Acc: *85.720%* (8572/10000)
Train epoch: 338 | Loss: *0.208* | Acc: *92.900%* (46450/50000) 
Test epoch: 338 | Loss: *0.421* | Acc: *87.280%* (8728/10000)
Train epoch: 339 | Loss: *0.206* | Acc: *92.922%* (46461/50000) 
Test epoch: 339 | Loss: *0.394* | Acc: *87.750%* (8775/10000)
Train epoch: 340 | Loss: *0.214* | Acc: *92.696%* (46348/50000) 
Test epoch: 340 | Loss: *0.537* | Acc: *83.890%* (8389/10000)
Train epoch: 341 | Loss: *0.211* | Acc: *92.706%* (46353/50000) 
Test epoch: 341 | Loss: *0.596* | Acc: *83.110%* (8311/10000)
Train epoch: 342 | Loss: *0.214* | Acc: *92.576%* (46288/50000) 
Test epoch: 342 | Loss: *0.548* | Acc: *84.190%* (8419/10000)
Train epoch: 343 | Loss: *0.211* | Acc: *92.834%* (46417/50000) 
Test epoch: 343 | Loss: *0.437* | Acc: *86.780%* (8678/10000)
Train epoch: 344 | Loss: *0.218* | Acc: *92.642%* (46321/50000) 
Test epoch: 344 | Loss: *0.409* | Acc: *86.630%* (8663/10000)
Train epoch: 345 | Loss: *0.218* | Acc: *92.460%* (46230/50000) 
Test epoch: 345 | Loss: *0.606* | Acc: *81.440%* (8144/10000)
Train epoch: 346 | Loss: *0.217* | Acc: *92.604%* (46302/50000) 
Test epoch: 346 | Loss: *0.472* | Acc: *85.440%* (8544/10000)
Train epoch: 347 | Loss: *0.220* | Acc: *92.370%* (46185/50000) 
Test epoch: 347 | Loss: *0.547* | Acc: *83.370%* (8337/10000)
Train epoch: 348 | Loss: *0.221* | Acc: *92.426%* (46213/50000) 
Test epoch: 348 | Loss: *0.695* | Acc: *80.570%* (8057/10000)
Train epoch: 349 | Loss: *0.224* | Acc: *92.312%* (46156/50000) 
Test epoch: 349 | Loss: *0.420* | Acc: *87.100%* (8710/10000)
Train epoch: 350 | Loss: *0.226* | Acc: *92.188%* (46094/50000) 
Test epoch: 350 | Loss: *0.418* | Acc: *87.570%* (8757/10000)
Train epoch: 351 | Loss: *0.225* | Acc: *92.342%* (46171/50000) 
Test epoch: 351 | Loss: *0.492* | Acc: *85.360%* (8536/10000)
Train epoch: 352 | Loss: *0.229* | Acc: *92.078%* (46039/50000) 
Test epoch: 352 | Loss: *0.599* | Acc: *82.720%* (8272/10000)
Train epoch: 353 | Loss: *0.223* | Acc: *92.342%* (46171/50000) 
Test epoch: 353 | Loss: *0.484* | Acc: *85.350%* (8535/10000)
Train epoch: 354 | Loss: *0.229* | Acc: *92.186%* (46093/50000) 
Test epoch: 354 | Loss: *0.480* | Acc: *85.320%* (8532/10000)
Train epoch: 355 | Loss: *0.230* | Acc: *92.124%* (46062/50000) 
Test epoch: 355 | Loss: *0.494* | Acc: *85.840%* (8584/10000)
Train epoch: 356 | Loss: *0.226* | Acc: *92.304%* (46152/50000) 
Test epoch: 356 | Loss: *0.453* | Acc: *85.820%* (8582/10000)
Train epoch: 357 | Loss: *0.233* | Acc: *91.902%* (45951/50000) 
Test epoch: 357 | Loss: *0.459* | Acc: *86.180%* (8618/10000)
Train epoch: 358 | Loss: *0.228* | Acc: *92.150%* (46075/50000) 
Test epoch: 358 | Loss: *0.503* | Acc: *84.510%* (8451/10000)
Train epoch: 359 | Loss: *0.230* | Acc: *92.186%* (46093/50000) 
Test epoch: 359 | Loss: *0.601* | Acc: *84.340%* (8434/10000)
Train epoch: 360 | Loss: *0.231* | Acc: *92.158%* (46079/50000) 
Test epoch: 360 | Loss: *0.452* | Acc: *85.950%* (8595/10000)
Train epoch: 361 | Loss: *0.231* | Acc: *92.080%* (46040/50000) 
Test epoch: 361 | Loss: *0.422* | Acc: *87.320%* (8732/10000)
Train epoch: 362 | Loss: *0.234* | Acc: *91.872%* (45936/50000) 
Test epoch: 362 | Loss: *0.514* | Acc: *83.890%* (8389/10000)
Train epoch: 363 | Loss: *0.237* | Acc: *91.888%* (45944/50000) 
Test epoch: 363 | Loss: *0.450* | Acc: *86.040%* (8604/10000)
Train epoch: 364 | Loss: *0.237* | Acc: *91.882%* (45941/50000) 
Test epoch: 364 | Loss: *0.432* | Acc: *86.340%* (8634/10000)
Train epoch: 365 | Loss: *0.237* | Acc: *91.870%* (45935/50000) 
Test epoch: 365 | Loss: *0.503* | Acc: *84.000%* (8400/10000)
Train epoch: 366 | Loss: *0.237* | Acc: *91.866%* (45933/50000) 
Test epoch: 366 | Loss: *0.494* | Acc: *84.720%* (8472/10000)
Train epoch: 367 | Loss: *0.235* | Acc: *91.848%* (45924/50000) 
Test epoch: 367 | Loss: *0.433* | Acc: *86.030%* (8603/10000)
Train epoch: 368 | Loss: *0.242* | Acc: *91.646%* (45823/50000) 
Test epoch: 368 | Loss: *0.584* | Acc: *82.890%* (8289/10000)
Train epoch: 369 | Loss: *0.239* | Acc: *91.776%* (45888/50000) 
Test epoch: 369 | Loss: *0.653* | Acc: *80.570%* (8057/10000)
Train epoch: 370 | Loss: *0.240* | Acc: *91.776%* (45888/50000) 
Test epoch: 370 | Loss: *0.489* | Acc: *85.180%* (8518/10000)
Train epoch: 371 | Loss: *0.241* | Acc: *91.732%* (45866/50000) 
Test epoch: 371 | Loss: *0.449* | Acc: *86.110%* (8611/10000)
Train epoch: 372 | Loss: *0.242* | Acc: *91.652%* (45826/50000) 
Test epoch: 372 | Loss: *0.488* | Acc: *84.770%* (8477/10000)
Train epoch: 373 | Loss: *0.240* | Acc: *91.760%* (45880/50000) 
Test epoch: 373 | Loss: *0.451* | Acc: *85.890%* (8589/10000)
Train epoch: 374 | Loss: *0.243* | Acc: *91.618%* (45809/50000) 
Test epoch: 374 | Loss: *0.452* | Acc: *85.470%* (8547/10000)
Train epoch: 375 | Loss: *0.246* | Acc: *91.636%* (45818/50000) 
Test epoch: 375 | Loss: *0.408* | Acc: *86.900%* (8690/10000)
Train epoch: 376 | Loss: *0.247* | Acc: *91.496%* (45748/50000) 
Test epoch: 376 | Loss: *0.474* | Acc: *84.840%* (8484/10000)
Train epoch: 377 | Loss: *0.243* | Acc: *91.740%* (45870/50000) 
Test epoch: 377 | Loss: *0.476* | Acc: *85.550%* (8555/10000)
Train epoch: 378 | Loss: *0.245* | Acc: *91.632%* (45816/50000) 
Test epoch: 378 | Loss: *0.424* | Acc: *87.320%* (8732/10000)
Train epoch: 379 | Loss: *0.243* | Acc: *91.580%* (45790/50000) 
Test epoch: 379 | Loss: *0.678* | Acc: *79.540%* (7954/10000)
Train epoch: 380 | Loss: *0.244* | Acc: *91.516%* (45758/50000) 
Test epoch: 380 | Loss: *0.443* | Acc: *85.550%* (8555/10000)
Train epoch: 381 | Loss: *0.243* | Acc: *91.664%* (45832/50000) 
Test epoch: 381 | Loss: *0.550* | Acc: *84.790%* (8479/10000)
Train epoch: 382 | Loss: *0.246* | Acc: *91.546%* (45773/50000) 
Test epoch: 382 | Loss: *0.541* | Acc: *83.470%* (8347/10000)
Train epoch: 383 | Loss: *0.247* | Acc: *91.532%* (45766/50000) 
Test epoch: 383 | Loss: *0.478* | Acc: *85.070%* (8507/10000)
Train epoch: 384 | Loss: *0.247* | Acc: *91.494%* (45747/50000) 
Test epoch: 384 | Loss: *0.614* | Acc: *82.140%* (8214/10000)
Train epoch: 385 | Loss: *0.245* | Acc: *91.628%* (45814/50000) 
Test epoch: 385 | Loss: *0.649* | Acc: *80.760%* (8076/10000)
Train epoch: 386 | Loss: *0.247* | Acc: *91.508%* (45754/50000) 
Test epoch: 386 | Loss: *0.398* | Acc: *87.170%* (8717/10000)
Train epoch: 387 | Loss: *0.253* | Acc: *91.334%* (45667/50000) 
Test epoch: 387 | Loss: *0.509* | Acc: *84.140%* (8414/10000)
Train epoch: 388 | Loss: *0.248* | Acc: *91.400%* (45700/50000) 
Test epoch: 388 | Loss: *0.405* | Acc: *86.800%* (8680/10000)
Train epoch: 389 | Loss: *0.249* | Acc: *91.558%* (45779/50000) 
Test epoch: 389 | Loss: *0.431* | Acc: *86.020%* (8602/10000)
Train epoch: 390 | Loss: *0.246* | Acc: *91.624%* (45812/50000) 
Test epoch: 390 | Loss: *0.468* | Acc: *85.580%* (8558/10000)
Train epoch: 391 | Loss: *0.252* | Acc: *91.326%* (45663/50000) 
Test epoch: 391 | Loss: *0.506* | Acc: *85.360%* (8536/10000)
Train epoch: 392 | Loss: *0.247* | Acc: *91.480%* (45740/50000) 
Test epoch: 392 | Loss: *0.576* | Acc: *82.900%* (8290/10000)
Train epoch: 393 | Loss: *0.248* | Acc: *91.468%* (45734/50000) 
Test epoch: 393 | Loss: *0.485* | Acc: *84.790%* (8479/10000)
Train epoch: 394 | Loss: *0.246* | Acc: *91.614%* (45807/50000) 
Test epoch: 394 | Loss: *0.450* | Acc: *85.680%* (8568/10000)
Train epoch: 395 | Loss: *0.245* | Acc: *91.474%* (45737/50000) 
Test epoch: 395 | Loss: *0.463* | Acc: *85.260%* (8526/10000)
Train epoch: 396 | Loss: *0.247* | Acc: *91.512%* (45756/50000) 
Test epoch: 396 | Loss: *0.466* | Acc: *85.750%* (8575/10000)
Train epoch: 397 | Loss: *0.251* | Acc: *91.264%* (45632/50000) 
Test epoch: 397 | Loss: *0.671* | Acc: *80.900%* (8090/10000)
Train epoch: 398 | Loss: *0.250* | Acc: *91.394%* (45697/50000) 
Test epoch: 398 | Loss: *0.567* | Acc: *82.970%* (8297/10000)
Train epoch: 399 | Loss: *0.251* | Acc: *91.418%* (45709/50000) 
Test epoch: 399 | Loss: *0.515* | Acc: *84.440%* (8444/10000)
Train epoch: 400 | Loss: *0.245* | Acc: *91.520%* (45760/50000) 
Test epoch: 400 | Loss: *0.701* | Acc: *79.250%* (7925/10000)
Train epoch: 401 | Loss: *0.252* | Acc: *91.288%* (45644/50000) 
Test epoch: 401 | Loss: *0.387* | Acc: *87.750%* (8775/10000)
Train epoch: 402 | Loss: *0.248* | Acc: *91.436%* (45718/50000) 
Test epoch: 402 | Loss: *0.532* | Acc: *84.370%* (8437/10000)
Train epoch: 403 | Loss: *0.249* | Acc: *91.450%* (45725/50000) 
Test epoch: 403 | Loss: *0.729* | Acc: *79.200%* (7920/10000)
Train epoch: 404 | Loss: *0.250* | Acc: *91.414%* (45707/50000) 
Test epoch: 404 | Loss: *0.571* | Acc: *81.930%* (8193/10000)
Train epoch: 405 | Loss: *0.246* | Acc: *91.594%* (45797/50000) 
Test epoch: 405 | Loss: *0.420* | Acc: *86.410%* (8641/10000)
Train epoch: 406 | Loss: *0.247* | Acc: *91.492%* (45746/50000) 
Test epoch: 406 | Loss: *0.439* | Acc: *85.730%* (8573/10000)
Train epoch: 407 | Loss: *0.251* | Acc: *91.388%* (45694/50000) 
Test epoch: 407 | Loss: *0.604* | Acc: *81.330%* (8133/10000)
Train epoch: 408 | Loss: *0.248* | Acc: *91.568%* (45784/50000) 
Test epoch: 408 | Loss: *0.513* | Acc: *83.610%* (8361/10000)
Train epoch: 409 | Loss: *0.247* | Acc: *91.592%* (45796/50000) 
Test epoch: 409 | Loss: *0.366* | Acc: *88.300%* (8830/10000)
Train epoch: 410 | Loss: *0.251* | Acc: *91.346%* (45673/50000) 
Test epoch: 410 | Loss: *0.463* | Acc: *85.200%* (8520/10000)
Train epoch: 411 | Loss: *0.251* | Acc: *91.420%* (45710/50000) 
Test epoch: 411 | Loss: *0.472* | Acc: *85.300%* (8530/10000)
Train epoch: 412 | Loss: *0.247* | Acc: *91.474%* (45737/50000) 
Test epoch: 412 | Loss: *0.441* | Acc: *86.090%* (8609/10000)
Train epoch: 413 | Loss: *0.249* | Acc: *91.442%* (45721/50000) 
Test epoch: 413 | Loss: *0.405* | Acc: *87.030%* (8703/10000)
Train epoch: 414 | Loss: *0.243* | Acc: *91.772%* (45886/50000) 
Test epoch: 414 | Loss: *0.500* | Acc: *85.400%* (8540/10000)
Train epoch: 415 | Loss: *0.248* | Acc: *91.438%* (45719/50000) 
Test epoch: 415 | Loss: *0.715* | Acc: *79.370%* (7937/10000)
Train epoch: 416 | Loss: *0.248* | Acc: *91.470%* (45735/50000) 
Test epoch: 416 | Loss: *0.410* | Acc: *86.920%* (8692/10000)
Train epoch: 417 | Loss: *0.246* | Acc: *91.498%* (45749/50000) 
Test epoch: 417 | Loss: *0.521* | Acc: *84.060%* (8406/10000)
Train epoch: 418 | Loss: *0.244* | Acc: *91.726%* (45863/50000) 
Test epoch: 418 | Loss: *0.403* | Acc: *87.130%* (8713/10000)
Train epoch: 419 | Loss: *0.247* | Acc: *91.560%* (45780/50000) 
Test epoch: 419 | Loss: *0.538* | Acc: *83.820%* (8382/10000)
Train epoch: 420 | Loss: *0.243* | Acc: *91.748%* (45874/50000) 
Test epoch: 420 | Loss: *0.460* | Acc: *85.720%* (8572/10000)
Train epoch: 421 | Loss: *0.245* | Acc: *91.590%* (45795/50000) 
Test epoch: 421 | Loss: *0.429* | Acc: *86.600%* (8660/10000)
Train epoch: 422 | Loss: *0.242* | Acc: *91.668%* (45834/50000) 
Test epoch: 422 | Loss: *0.505* | Acc: *84.400%* (8440/10000)
Train epoch: 423 | Loss: *0.244* | Acc: *91.742%* (45871/50000) 
Test epoch: 423 | Loss: *0.445* | Acc: *85.850%* (8585/10000)
Train epoch: 424 | Loss: *0.245* | Acc: *91.652%* (45826/50000) 
Test epoch: 424 | Loss: *0.535* | Acc: *83.390%* (8339/10000)
Train epoch: 425 | Loss: *0.241* | Acc: *91.740%* (45870/50000) 
Test epoch: 425 | Loss: *0.370* | Acc: *88.250%* (8825/10000)
Train epoch: 426 | Loss: *0.243* | Acc: *91.640%* (45820/50000) 
Test epoch: 426 | Loss: *0.479* | Acc: *85.610%* (8561/10000)
Train epoch: 427 | Loss: *0.242* | Acc: *91.582%* (45791/50000) 
Test epoch: 427 | Loss: *0.544* | Acc: *83.410%* (8341/10000)
Train epoch: 428 | Loss: *0.238* | Acc: *91.756%* (45878/50000) 
Test epoch: 428 | Loss: *0.423* | Acc: *86.720%* (8672/10000)
Train epoch: 429 | Loss: *0.237* | Acc: *91.844%* (45922/50000) 
Test epoch: 429 | Loss: *0.386* | Acc: *87.480%* (8748/10000)
Train epoch: 430 | Loss: *0.240* | Acc: *91.678%* (45839/50000) 
Test epoch: 430 | Loss: *0.561* | Acc: *82.230%* (8223/10000)
Train epoch: 431 | Loss: *0.239* | Acc: *91.806%* (45903/50000) 
Test epoch: 431 | Loss: *0.447* | Acc: *86.460%* (8646/10000)
Train epoch: 432 | Loss: *0.235* | Acc: *91.982%* (45991/50000) 
Test epoch: 432 | Loss: *0.562* | Acc: *83.320%* (8332/10000)
Train epoch: 433 | Loss: *0.239* | Acc: *91.820%* (45910/50000) 
Test epoch: 433 | Loss: *0.535* | Acc: *84.180%* (8418/10000)
Train epoch: 434 | Loss: *0.234* | Acc: *91.960%* (45980/50000) 
Test epoch: 434 | Loss: *0.499* | Acc: *85.230%* (8523/10000)
Train epoch: 435 | Loss: *0.232* | Acc: *92.016%* (46008/50000) 
Test epoch: 435 | Loss: *0.489* | Acc: *85.120%* (8512/10000)
Train epoch: 436 | Loss: *0.232* | Acc: *91.932%* (45966/50000) 
Test epoch: 436 | Loss: *0.380* | Acc: *87.840%* (8784/10000)
Train epoch: 437 | Loss: *0.230* | Acc: *92.128%* (46064/50000) 
Test epoch: 437 | Loss: *0.558* | Acc: *83.510%* (8351/10000)
Train epoch: 438 | Loss: *0.236* | Acc: *91.906%* (45953/50000) 
Test epoch: 438 | Loss: *0.472* | Acc: *85.820%* (8582/10000)
Train epoch: 439 | Loss: *0.232* | Acc: *92.000%* (46000/50000) 
Test epoch: 439 | Loss: *0.531* | Acc: *84.800%* (8480/10000)
Train epoch: 440 | Loss: *0.226* | Acc: *92.116%* (46058/50000) 
Test epoch: 440 | Loss: *0.391* | Acc: *87.730%* (8773/10000)
Train epoch: 441 | Loss: *0.231* | Acc: *92.058%* (46029/50000) 
Test epoch: 441 | Loss: *0.504* | Acc: *85.150%* (8515/10000)
Train epoch: 442 | Loss: *0.226* | Acc: *92.334%* (46167/50000) 
Test epoch: 442 | Loss: *0.436* | Acc: *86.300%* (8630/10000)
Train epoch: 443 | Loss: *0.229* | Acc: *92.130%* (46065/50000) 
Test epoch: 443 | Loss: *0.398* | Acc: *87.540%* (8754/10000)
Train epoch: 444 | Loss: *0.227* | Acc: *92.254%* (46127/50000) 
Test epoch: 444 | Loss: *0.444* | Acc: *86.290%* (8629/10000)
Train epoch: 445 | Loss: *0.228* | Acc: *92.116%* (46058/50000) 
Test epoch: 445 | Loss: *0.412* | Acc: *87.460%* (8746/10000)
Train epoch: 446 | Loss: *0.222* | Acc: *92.402%* (46201/50000) 
Test epoch: 446 | Loss: *0.815* | Acc: *77.480%* (7748/10000)
Train epoch: 447 | Loss: *0.225* | Acc: *92.278%* (46139/50000) 
Test epoch: 447 | Loss: *0.395* | Acc: *87.630%* (8763/10000)
Train epoch: 448 | Loss: *0.223* | Acc: *92.404%* (46202/50000) 
Test epoch: 448 | Loss: *0.391* | Acc: *87.360%* (8736/10000)
Train epoch: 449 | Loss: *0.221* | Acc: *92.426%* (46213/50000) 
Test epoch: 449 | Loss: *0.454* | Acc: *86.310%* (8631/10000)
Train epoch: 450 | Loss: *0.222* | Acc: *92.376%* (46188/50000) 
Test epoch: 450 | Loss: *0.553* | Acc: *83.480%* (8348/10000)
Train epoch: 451 | Loss: *0.218* | Acc: *92.534%* (46267/50000) 
Test epoch: 451 | Loss: *0.449* | Acc: *85.720%* (8572/10000)
Train epoch: 452 | Loss: *0.217* | Acc: *92.386%* (46193/50000) 
Test epoch: 452 | Loss: *0.451* | Acc: *85.560%* (8556/10000)
Train epoch: 453 | Loss: *0.218* | Acc: *92.494%* (46247/50000) 
Test epoch: 453 | Loss: *0.402* | Acc: *87.290%* (8729/10000)
Train epoch: 454 | Loss: *0.217* | Acc: *92.666%* (46333/50000) 
Test epoch: 454 | Loss: *0.496* | Acc: *84.630%* (8463/10000)
Train epoch: 455 | Loss: *0.214* | Acc: *92.650%* (46325/50000) 
Test epoch: 455 | Loss: *0.503* | Acc: *84.960%* (8496/10000)
Train epoch: 456 | Loss: *0.214* | Acc: *92.648%* (46324/50000) 
Test epoch: 456 | Loss: *0.470* | Acc: *85.110%* (8511/10000)
Train epoch: 457 | Loss: *0.208* | Acc: *92.714%* (46357/50000) 
Test epoch: 457 | Loss: *0.438* | Acc: *86.870%* (8687/10000)
Train epoch: 458 | Loss: *0.209* | Acc: *92.728%* (46364/50000) 
Test epoch: 458 | Loss: *0.465* | Acc: *86.720%* (8672/10000)
Train epoch: 459 | Loss: *0.210* | Acc: *92.786%* (46393/50000) 
Test epoch: 459 | Loss: *0.343* | Acc: *89.110%* (8911/10000)
Train epoch: 460 | Loss: *0.210* | Acc: *92.862%* (46431/50000) 
Test epoch: 460 | Loss: *0.389* | Acc: *87.640%* (8764/10000)
Train epoch: 461 | Loss: *0.205* | Acc: *93.020%* (46510/50000) 
Test epoch: 461 | Loss: *0.536* | Acc: *83.780%* (8378/10000)
Train epoch: 462 | Loss: *0.206* | Acc: *92.946%* (46473/50000) 
Test epoch: 462 | Loss: *0.515* | Acc: *84.910%* (8491/10000)
Train epoch: 463 | Loss: *0.206* | Acc: *92.980%* (46490/50000) 
Test epoch: 463 | Loss: *0.559* | Acc: *84.300%* (8430/10000)
Train epoch: 464 | Loss: *0.201* | Acc: *93.150%* (46575/50000) 
Test epoch: 464 | Loss: *0.394* | Acc: *88.420%* (8842/10000)
Train epoch: 465 | Loss: *0.201* | Acc: *93.098%* (46549/50000) 
Test epoch: 465 | Loss: *0.414* | Acc: *87.250%* (8725/10000)
Train epoch: 466 | Loss: *0.199* | Acc: *93.152%* (46576/50000) 
Test epoch: 466 | Loss: *0.358* | Acc: *88.840%* (8884/10000)
Train epoch: 467 | Loss: *0.198* | Acc: *93.208%* (46604/50000) 
Test epoch: 467 | Loss: *0.478* | Acc: *86.250%* (8625/10000)
Train epoch: 468 | Loss: *0.195* | Acc: *93.258%* (46629/50000) 
Test epoch: 468 | Loss: *0.345* | Acc: *89.090%* (8909/10000)
Train epoch: 469 | Loss: *0.194* | Acc: *93.308%* (46654/50000) 
Test epoch: 469 | Loss: *0.405* | Acc: *87.540%* (8754/10000)
Train epoch: 470 | Loss: *0.190* | Acc: *93.622%* (46811/50000) 
Test epoch: 470 | Loss: *0.452* | Acc: *86.910%* (8691/10000)
Train epoch: 471 | Loss: *0.191* | Acc: *93.546%* (46773/50000) 
Test epoch: 471 | Loss: *0.447* | Acc: *86.700%* (8670/10000)
Train epoch: 472 | Loss: *0.187* | Acc: *93.628%* (46814/50000) 
Test epoch: 472 | Loss: *0.453* | Acc: *87.000%* (8700/10000)
Train epoch: 473 | Loss: *0.190* | Acc: *93.394%* (46697/50000) 
Test epoch: 473 | Loss: *0.430* | Acc: *87.400%* (8740/10000)
Train epoch: 474 | Loss: *0.189* | Acc: *93.424%* (46712/50000) 
Test epoch: 474 | Loss: *0.430* | Acc: *87.060%* (8706/10000)
Train epoch: 475 | Loss: *0.185* | Acc: *93.550%* (46775/50000) 
Test epoch: 475 | Loss: *0.567* | Acc: *84.150%* (8415/10000)
Train epoch: 476 | Loss: *0.178* | Acc: *93.836%* (46918/50000) 
Test epoch: 476 | Loss: *0.450* | Acc: *87.270%* (8727/10000)
Train epoch: 477 | Loss: *0.184* | Acc: *93.698%* (46849/50000) 
Test epoch: 477 | Loss: *0.465* | Acc: *86.420%* (8642/10000)
Train epoch: 478 | Loss: *0.176* | Acc: *93.942%* (46971/50000) 
Test epoch: 478 | Loss: *0.397* | Acc: *87.920%* (8792/10000)
Train epoch: 479 | Loss: *0.179* | Acc: *93.860%* (46930/50000) 
Test epoch: 479 | Loss: *0.354* | Acc: *88.920%* (8892/10000)
Train epoch: 480 | Loss: *0.175* | Acc: *94.004%* (47002/50000) 
Test epoch: 480 | Loss: *0.422* | Acc: *87.510%* (8751/10000)
Train epoch: 481 | Loss: *0.172* | Acc: *94.112%* (47056/50000) 
Test epoch: 481 | Loss: *0.528* | Acc: *85.150%* (8515/10000)
Train epoch: 482 | Loss: *0.174* | Acc: *94.038%* (47019/50000) 
Test epoch: 482 | Loss: *0.388* | Acc: *88.110%* (8811/10000)
Train epoch: 483 | Loss: *0.170* | Acc: *94.102%* (47051/50000) 
Test epoch: 483 | Loss: *0.459* | Acc: *85.810%* (8581/10000)
Train epoch: 484 | Loss: *0.169* | Acc: *94.126%* (47063/50000) 
Test epoch: 484 | Loss: *0.598* | Acc: *83.720%* (8372/10000)
Train epoch: 485 | Loss: *0.165* | Acc: *94.492%* (47246/50000) 
Test epoch: 485 | Loss: *0.433* | Acc: *86.730%* (8673/10000)
Train epoch: 486 | Loss: *0.165* | Acc: *94.272%* (47136/50000) 
Test epoch: 486 | Loss: *0.387* | Acc: *88.110%* (8811/10000)
Train epoch: 487 | Loss: *0.160* | Acc: *94.516%* (47258/50000) 
Test epoch: 487 | Loss: *0.445* | Acc: *86.610%* (8661/10000)
Train epoch: 488 | Loss: *0.160* | Acc: *94.534%* (47267/50000) 
Test epoch: 488 | Loss: *0.468* | Acc: *87.190%* (8719/10000)
Train epoch: 489 | Loss: *0.152* | Acc: *94.662%* (47331/50000) 
Test epoch: 489 | Loss: *0.344* | Acc: *89.560%* (8956/10000)
Train epoch: 490 | Loss: *0.155* | Acc: *94.598%* (47299/50000) 
Test epoch: 490 | Loss: *0.405* | Acc: *88.190%* (8819/10000)
Train epoch: 491 | Loss: *0.155* | Acc: *94.588%* (47294/50000) 
Test epoch: 491 | Loss: *0.380* | Acc: *89.030%* (8903/10000)
Train epoch: 492 | Loss: *0.154* | Acc: *94.792%* (47396/50000) 
Test epoch: 492 | Loss: *0.448* | Acc: *86.950%* (8695/10000)
Train epoch: 493 | Loss: *0.146* | Acc: *94.982%* (47491/50000) 
Test epoch: 493 | Loss: *0.331* | Acc: *89.930%* (8993/10000)
Train epoch: 494 | Loss: *0.149* | Acc: *94.948%* (47474/50000) 
Test epoch: 494 | Loss: *0.364* | Acc: *89.130%* (8913/10000)
Train epoch: 495 | Loss: *0.146* | Acc: *95.060%* (47530/50000) 
Test epoch: 495 | Loss: *0.332* | Acc: *90.120%* (9012/10000)
Train epoch: 496 | Loss: *0.141* | Acc: *95.130%* (47565/50000) 
Test epoch: 496 | Loss: *0.357* | Acc: *89.280%* (8928/10000)
Train epoch: 497 | Loss: *0.140* | Acc: *95.236%* (47618/50000) 
Test epoch: 497 | Loss: *0.360* | Acc: *89.070%* (8907/10000)
Train epoch: 498 | Loss: *0.139* | Acc: *95.222%* (47611/50000) 
Test epoch: 498 | Loss: *0.352* | Acc: *89.680%* (8968/10000)
Train epoch: 499 | Loss: *0.136* | Acc: *95.428%* (47714/50000) 
Test epoch: 499 | Loss: *0.356* | Acc: *89.700%* (8970/10000)
Train epoch: 500 | Loss: *0.139* | Acc: *95.224%* (47612/50000) 
Test epoch: 500 | Loss: *0.444* | Acc: *87.540%* (8754/10000)
Best test accuracy: *94.240%*, loss: *0.20387380197644234*, at epoch: *226*.
==> Execution time summary of 500 epoch(s).
Train data loading time: sum. *230.3105947514996* secs | avg. *0.4606211895029992* secs per epoch.
Train training time: sum. *1442.870879338123* secs | avg. *2.8857417586762457* secs per epoch.
Train total time: sum. *1673.1814740896225* secs | avg. *3.346362948179245* secs per epoch.
Test data loading time: sum. *101.88375422824174* secs | avg. *0.20376750845648348* secs per epoch.
Test training time: sum. *81.56687160488218* secs | avg. *0.16313374320976437* secs per epoch.
Test total time: sum. *183.45062583312392* secs | avg. *0.3669012516662478* secs per epoch.
Total data loading time: sum. *332.19434897974133* secs | avg. *0.6643886979594826* secs per epoch.
Total training time: sum. *1524.437750943005* secs | avg. *3.0488755018860103* secs per epoch.
Total running time: sum. *1856.6320999227464* secs | avg. *3.7132641998454927* secs per epoch.
==> Number of GPU device: 1
==> Device #0 Memory Usage
==> Allocated: 0.1 GB
==> Cached:    0.8 GB
==> Maximum: 0.8 GB
