==> Running on : cuda
==> Number of CPU: 48
==> Number of workers: 2
==> #Epochs: 500, #Layers: 4, #Blocks: [2, 1, 1, 1], In channel: 64, Input layer conv kernel: 7x7, Residual layer conv kernel 3x3, Skip kernel: 1x1, Input layer conv padding: 2, Residual layer conv padding: 1
==> Optimizer is Adam
==> Learning rate: 0.001
==> Weight decay: 0.0005
==>Trainable Parameters: 4984906
==>Other Parameters: 0
==>Augmentation: RandomCrop(32, padding=4), RandomHorizontalFlip(), Normalize((0.4914, 0.4822, 0.4465), (0.2023, 0.1994, 0.2010)
Files already downloaded and verified
Train epoch: 1 | Loss: *1.523* | Acc: *44.002%* (22001/50000) 
Test epoch: 1 | Loss: *1.673* | Acc: *46.790%* (4679/10000)
Train epoch: 2 | Loss: *1.132* | Acc: *59.362%* (29681/50000) 
Test epoch: 2 | Loss: *1.217* | Acc: *58.460%* (5846/10000)
Train epoch: 3 | Loss: *0.962* | Acc: *65.920%* (32960/50000) 
Test epoch: 3 | Loss: *1.095* | Acc: *63.060%* (6306/10000)
Train epoch: 4 | Loss: *0.825* | Acc: *71.108%* (35554/50000) 
Test epoch: 4 | Loss: *0.900* | Acc: *69.810%* (6981/10000)
Train epoch: 5 | Loss: *0.714* | Acc: *75.268%* (37634/50000) 
Test epoch: 5 | Loss: *0.809* | Acc: *72.210%* (7221/10000)
Train epoch: 6 | Loss: *0.648* | Acc: *77.600%* (38800/50000) 
Test epoch: 6 | Loss: *0.857* | Acc: *72.090%* (7209/10000)
Train epoch: 7 | Loss: *0.591* | Acc: *79.674%* (39837/50000) 
Test epoch: 7 | Loss: *0.637* | Acc: *78.610%* (7861/10000)
Train epoch: 8 | Loss: *0.546* | Acc: *81.278%* (40639/50000) 
Test epoch: 8 | Loss: *0.627* | Acc: *78.200%* (7820/10000)
Train epoch: 9 | Loss: *0.515* | Acc: *82.366%* (41183/50000) 
Test epoch: 9 | Loss: *0.592* | Acc: *80.400%* (8040/10000)
Train epoch: 10 | Loss: *0.488* | Acc: *83.300%* (41650/50000) 
Test epoch: 10 | Loss: *0.579* | Acc: *80.610%* (8061/10000)
Train epoch: 11 | Loss: *0.462* | Acc: *84.166%* (42083/50000) 
Test epoch: 11 | Loss: *0.538* | Acc: *81.610%* (8161/10000)
Train epoch: 12 | Loss: *0.448* | Acc: *84.690%* (42345/50000) 
Test epoch: 12 | Loss: *0.514* | Acc: *82.910%* (8291/10000)
Train epoch: 13 | Loss: *0.427* | Acc: *85.322%* (42661/50000) 
Test epoch: 13 | Loss: *0.538* | Acc: *82.500%* (8250/10000)
Train epoch: 14 | Loss: *0.415* | Acc: *85.866%* (42933/50000) 
Test epoch: 14 | Loss: *0.510* | Acc: *82.660%* (8266/10000)
Train epoch: 15 | Loss: *0.403* | Acc: *86.224%* (43112/50000) 
Test epoch: 15 | Loss: *0.509* | Acc: *82.850%* (8285/10000)
Train epoch: 16 | Loss: *0.392* | Acc: *86.674%* (43337/50000) 
Test epoch: 16 | Loss: *0.475* | Acc: *84.340%* (8434/10000)
Train epoch: 17 | Loss: *0.379* | Acc: *86.954%* (43477/50000) 
Test epoch: 17 | Loss: *0.492* | Acc: *83.840%* (8384/10000)
Train epoch: 18 | Loss: *0.368* | Acc: *87.300%* (43650/50000) 
Test epoch: 18 | Loss: *0.527* | Acc: *82.610%* (8261/10000)
Train epoch: 19 | Loss: *0.362* | Acc: *87.722%* (43861/50000) 
Test epoch: 19 | Loss: *0.465* | Acc: *84.490%* (8449/10000)
Train epoch: 20 | Loss: *0.355* | Acc: *87.850%* (43925/50000) 
Test epoch: 20 | Loss: *0.486* | Acc: *83.780%* (8378/10000)
Train epoch: 21 | Loss: *0.344* | Acc: *88.274%* (44137/50000) 
Test epoch: 21 | Loss: *0.493* | Acc: *83.690%* (8369/10000)
Train epoch: 22 | Loss: *0.338* | Acc: *88.444%* (44222/50000) 
Test epoch: 22 | Loss: *0.447* | Acc: *85.190%* (8519/10000)
Train epoch: 23 | Loss: *0.336* | Acc: *88.460%* (44230/50000) 
Test epoch: 23 | Loss: *0.425* | Acc: *85.880%* (8588/10000)
Train epoch: 24 | Loss: *0.327* | Acc: *88.690%* (44345/50000) 
Test epoch: 24 | Loss: *0.415* | Acc: *86.250%* (8625/10000)
Train epoch: 25 | Loss: *0.321* | Acc: *88.952%* (44476/50000) 
Test epoch: 25 | Loss: *0.454* | Acc: *85.280%* (8528/10000)
Train epoch: 26 | Loss: *0.322* | Acc: *89.134%* (44567/50000) 
Test epoch: 26 | Loss: *0.426* | Acc: *85.990%* (8599/10000)
Train epoch: 27 | Loss: *0.311* | Acc: *89.248%* (44624/50000) 
Test epoch: 27 | Loss: *0.423* | Acc: *86.070%* (8607/10000)
Train epoch: 28 | Loss: *0.309* | Acc: *89.306%* (44653/50000) 
Test epoch: 28 | Loss: *0.367* | Acc: *88.030%* (8803/10000)
Train epoch: 29 | Loss: *0.299* | Acc: *89.850%* (44925/50000) 
Test epoch: 29 | Loss: *0.415* | Acc: *86.020%* (8602/10000)
Train epoch: 30 | Loss: *0.299* | Acc: *89.670%* (44835/50000) 
Test epoch: 30 | Loss: *0.456* | Acc: *85.270%* (8527/10000)
Train epoch: 31 | Loss: *0.292* | Acc: *90.004%* (45002/50000) 
Test epoch: 31 | Loss: *0.414* | Acc: *86.390%* (8639/10000)
Train epoch: 32 | Loss: *0.291* | Acc: *90.082%* (45041/50000) 
Test epoch: 32 | Loss: *0.411* | Acc: *86.480%* (8648/10000)
Train epoch: 33 | Loss: *0.286* | Acc: *90.244%* (45122/50000) 
Test epoch: 33 | Loss: *0.375* | Acc: *87.620%* (8762/10000)
Train epoch: 34 | Loss: *0.284* | Acc: *90.256%* (45128/50000) 
Test epoch: 34 | Loss: *0.398* | Acc: *87.060%* (8706/10000)
Train epoch: 35 | Loss: *0.279* | Acc: *90.320%* (45160/50000) 
Test epoch: 35 | Loss: *0.405* | Acc: *86.700%* (8670/10000)
Train epoch: 36 | Loss: *0.277* | Acc: *90.470%* (45235/50000) 
Test epoch: 36 | Loss: *0.378* | Acc: *87.770%* (8777/10000)
Train epoch: 37 | Loss: *0.275* | Acc: *90.618%* (45309/50000) 
Test epoch: 37 | Loss: *0.384* | Acc: *87.750%* (8775/10000)
Train epoch: 38 | Loss: *0.270* | Acc: *90.704%* (45352/50000) 
Test epoch: 38 | Loss: *0.394* | Acc: *87.140%* (8714/10000)
Train epoch: 39 | Loss: *0.266* | Acc: *90.884%* (45442/50000) 
Test epoch: 39 | Loss: *0.397* | Acc: *87.320%* (8732/10000)
Train epoch: 40 | Loss: *0.266* | Acc: *90.800%* (45400/50000) 
Test epoch: 40 | Loss: *0.432* | Acc: *86.320%* (8632/10000)
Train epoch: 41 | Loss: *0.262* | Acc: *91.016%* (45508/50000) 
Test epoch: 41 | Loss: *0.374* | Acc: *88.130%* (8813/10000)
Train epoch: 42 | Loss: *0.256* | Acc: *91.042%* (45521/50000) 
Test epoch: 42 | Loss: *0.401* | Acc: *86.960%* (8696/10000)
Train epoch: 43 | Loss: *0.256* | Acc: *91.102%* (45551/50000) 
Test epoch: 43 | Loss: *0.373* | Acc: *88.270%* (8827/10000)
Train epoch: 44 | Loss: *0.249* | Acc: *91.532%* (45766/50000) 
Test epoch: 44 | Loss: *0.414* | Acc: *87.120%* (8712/10000)
Train epoch: 45 | Loss: *0.245* | Acc: *91.642%* (45821/50000) 
Test epoch: 45 | Loss: *0.377* | Acc: *87.700%* (8770/10000)
Train epoch: 46 | Loss: *0.250* | Acc: *91.480%* (45740/50000) 
Test epoch: 46 | Loss: *0.380* | Acc: *88.170%* (8817/10000)
Train epoch: 47 | Loss: *0.246* | Acc: *91.578%* (45789/50000) 
Test epoch: 47 | Loss: *0.390* | Acc: *87.760%* (8776/10000)
Train epoch: 48 | Loss: *0.245* | Acc: *91.588%* (45794/50000) 
Test epoch: 48 | Loss: *0.386* | Acc: *87.860%* (8786/10000)
Train epoch: 49 | Loss: *0.239* | Acc: *91.724%* (45862/50000) 
Test epoch: 49 | Loss: *0.374* | Acc: *88.140%* (8814/10000)
Train epoch: 50 | Loss: *0.241* | Acc: *91.772%* (45886/50000) 
Test epoch: 50 | Loss: *0.371* | Acc: *88.170%* (8817/10000)
Train epoch: 51 | Loss: *0.236* | Acc: *91.904%* (45952/50000) 
Test epoch: 51 | Loss: *0.357* | Acc: *88.930%* (8893/10000)
Train epoch: 52 | Loss: *0.233* | Acc: *91.886%* (45943/50000) 
Test epoch: 52 | Loss: *0.393* | Acc: *87.850%* (8785/10000)
Train epoch: 53 | Loss: *0.228* | Acc: *92.114%* (46057/50000) 
Test epoch: 53 | Loss: *0.371* | Acc: *88.550%* (8855/10000)
Train epoch: 54 | Loss: *0.231* | Acc: *92.048%* (46024/50000) 
Test epoch: 54 | Loss: *0.345* | Acc: *88.840%* (8884/10000)
Train epoch: 55 | Loss: *0.224* | Acc: *92.058%* (46029/50000) 
Test epoch: 55 | Loss: *0.362* | Acc: *88.380%* (8838/10000)
Train epoch: 56 | Loss: *0.222* | Acc: *92.376%* (46188/50000) 
Test epoch: 56 | Loss: *0.393* | Acc: *87.680%* (8768/10000)
Train epoch: 57 | Loss: *0.221* | Acc: *92.372%* (46186/50000) 
Test epoch: 57 | Loss: *0.367* | Acc: *88.080%* (8808/10000)
Train epoch: 58 | Loss: *0.219* | Acc: *92.502%* (46251/50000) 
Test epoch: 58 | Loss: *0.358* | Acc: *88.430%* (8843/10000)
Train epoch: 59 | Loss: *0.217* | Acc: *92.478%* (46239/50000) 
Test epoch: 59 | Loss: *0.345* | Acc: *89.440%* (8944/10000)
Train epoch: 60 | Loss: *0.221* | Acc: *92.350%* (46175/50000) 
Test epoch: 60 | Loss: *0.363* | Acc: *88.510%* (8851/10000)
Train epoch: 61 | Loss: *0.217* | Acc: *92.634%* (46317/50000) 
Test epoch: 61 | Loss: *0.350* | Acc: *88.860%* (8886/10000)
Train epoch: 62 | Loss: *0.214* | Acc: *92.680%* (46340/50000) 
Test epoch: 62 | Loss: *0.429* | Acc: *86.410%* (8641/10000)
Train epoch: 63 | Loss: *0.214* | Acc: *92.690%* (46345/50000) 
Test epoch: 63 | Loss: *0.357* | Acc: *88.480%* (8848/10000)
Train epoch: 64 | Loss: *0.207* | Acc: *92.874%* (46437/50000) 
Test epoch: 64 | Loss: *0.364* | Acc: *88.490%* (8849/10000)
Train epoch: 65 | Loss: *0.207* | Acc: *92.948%* (46474/50000) 
Test epoch: 65 | Loss: *0.378* | Acc: *88.250%* (8825/10000)
Train epoch: 66 | Loss: *0.203* | Acc: *92.950%* (46475/50000) 
Test epoch: 66 | Loss: *0.380* | Acc: *88.360%* (8836/10000)
Train epoch: 67 | Loss: *0.199* | Acc: *93.170%* (46585/50000) 
Test epoch: 67 | Loss: *0.393* | Acc: *88.060%* (8806/10000)
Train epoch: 68 | Loss: *0.201* | Acc: *93.020%* (46510/50000) 
Test epoch: 68 | Loss: *0.361* | Acc: *88.810%* (8881/10000)
Train epoch: 69 | Loss: *0.198* | Acc: *93.110%* (46555/50000) 
Test epoch: 69 | Loss: *0.359* | Acc: *88.660%* (8866/10000)
Train epoch: 70 | Loss: *0.194* | Acc: *93.356%* (46678/50000) 
Test epoch: 70 | Loss: *0.351* | Acc: *89.140%* (8914/10000)
Train epoch: 71 | Loss: *0.192* | Acc: *93.502%* (46751/50000) 
Test epoch: 71 | Loss: *0.349* | Acc: *89.330%* (8933/10000)
Train epoch: 72 | Loss: *0.190* | Acc: *93.504%* (46752/50000) 
Test epoch: 72 | Loss: *0.360* | Acc: *88.760%* (8876/10000)
Train epoch: 73 | Loss: *0.188* | Acc: *93.342%* (46671/50000) 
Test epoch: 73 | Loss: *0.369* | Acc: *88.660%* (8866/10000)
Train epoch: 74 | Loss: *0.182* | Acc: *93.774%* (46887/50000) 
Test epoch: 74 | Loss: *0.391* | Acc: *88.150%* (8815/10000)
Train epoch: 75 | Loss: *0.185* | Acc: *93.554%* (46777/50000) 
Test epoch: 75 | Loss: *0.373* | Acc: *88.590%* (8859/10000)
Train epoch: 76 | Loss: *0.181* | Acc: *93.792%* (46896/50000) 
Test epoch: 76 | Loss: *0.323* | Acc: *90.140%* (9014/10000)
Train epoch: 77 | Loss: *0.179* | Acc: *93.834%* (46917/50000) 
Test epoch: 77 | Loss: *0.338* | Acc: *89.800%* (8980/10000)
Train epoch: 78 | Loss: *0.171* | Acc: *94.106%* (47053/50000) 
Test epoch: 78 | Loss: *0.376* | Acc: *88.310%* (8831/10000)
Train epoch: 79 | Loss: *0.176* | Acc: *93.996%* (46998/50000) 
Test epoch: 79 | Loss: *0.337* | Acc: *89.820%* (8982/10000)
Train epoch: 80 | Loss: *0.174* | Acc: *94.038%* (47019/50000) 
Test epoch: 80 | Loss: *0.378* | Acc: *88.590%* (8859/10000)
Train epoch: 81 | Loss: *0.170* | Acc: *94.146%* (47073/50000) 
Test epoch: 81 | Loss: *0.355* | Acc: *89.210%* (8921/10000)
Train epoch: 82 | Loss: *0.172* | Acc: *93.976%* (46988/50000) 
Test epoch: 82 | Loss: *0.391* | Acc: *88.330%* (8833/10000)
Train epoch: 83 | Loss: *0.164* | Acc: *94.438%* (47219/50000) 
Test epoch: 83 | Loss: *0.357* | Acc: *89.720%* (8972/10000)
Train epoch: 84 | Loss: *0.166* | Acc: *94.316%* (47158/50000) 
Test epoch: 84 | Loss: *0.343* | Acc: *89.690%* (8969/10000)
Train epoch: 85 | Loss: *0.164* | Acc: *94.258%* (47129/50000) 
Test epoch: 85 | Loss: *0.370* | Acc: *89.230%* (8923/10000)
Train epoch: 86 | Loss: *0.159* | Acc: *94.540%* (47270/50000) 
Test epoch: 86 | Loss: *0.342* | Acc: *89.740%* (8974/10000)
Train epoch: 87 | Loss: *0.156* | Acc: *94.554%* (47277/50000) 
Test epoch: 87 | Loss: *0.351* | Acc: *89.380%* (8938/10000)
Train epoch: 88 | Loss: *0.161* | Acc: *94.468%* (47234/50000) 
Test epoch: 88 | Loss: *0.364* | Acc: *89.220%* (8922/10000)
Train epoch: 89 | Loss: *0.155* | Acc: *94.662%* (47331/50000) 
Test epoch: 89 | Loss: *0.373* | Acc: *89.210%* (8921/10000)
Train epoch: 90 | Loss: *0.154* | Acc: *94.720%* (47360/50000) 
Test epoch: 90 | Loss: *0.346* | Acc: *89.590%* (8959/10000)
Train epoch: 91 | Loss: *0.149* | Acc: *94.846%* (47423/50000) 
Test epoch: 91 | Loss: *0.339* | Acc: *89.700%* (8970/10000)
Train epoch: 92 | Loss: *0.149* | Acc: *94.878%* (47439/50000) 
Test epoch: 92 | Loss: *0.368* | Acc: *89.320%* (8932/10000)
Train epoch: 93 | Loss: *0.146* | Acc: *94.972%* (47486/50000) 
Test epoch: 93 | Loss: *0.341* | Acc: *90.280%* (9028/10000)
Train epoch: 94 | Loss: *0.145* | Acc: *94.982%* (47491/50000) 
Test epoch: 94 | Loss: *0.362* | Acc: *89.430%* (8943/10000)
Train epoch: 95 | Loss: *0.144* | Acc: *95.022%* (47511/50000) 
Test epoch: 95 | Loss: *0.327* | Acc: *89.880%* (8988/10000)
Train epoch: 96 | Loss: *0.134* | Acc: *95.396%* (47698/50000) 
Test epoch: 96 | Loss: *0.334* | Acc: *90.240%* (9024/10000)
Train epoch: 97 | Loss: *0.136* | Acc: *95.386%* (47693/50000) 
Test epoch: 97 | Loss: *0.346* | Acc: *90.170%* (9017/10000)
Train epoch: 98 | Loss: *0.136* | Acc: *95.282%* (47641/50000) 
Test epoch: 98 | Loss: *0.338* | Acc: *90.030%* (9003/10000)
Train epoch: 99 | Loss: *0.136* | Acc: *95.348%* (47674/50000) 
Test epoch: 99 | Loss: *0.317* | Acc: *90.570%* (9057/10000)
Train epoch: 100 | Loss: *0.129* | Acc: *95.598%* (47799/50000) 
Test epoch: 100 | Loss: *0.346* | Acc: *90.190%* (9019/10000)
Train epoch: 101 | Loss: *0.132* | Acc: *95.420%* (47710/50000) 
Test epoch: 101 | Loss: *0.340* | Acc: *90.030%* (9003/10000)
Train epoch: 102 | Loss: *0.126* | Acc: *95.648%* (47824/50000) 
Test epoch: 102 | Loss: *0.379* | Acc: *89.260%* (8926/10000)
Train epoch: 103 | Loss: *0.127* | Acc: *95.522%* (47761/50000) 
Test epoch: 103 | Loss: *0.331* | Acc: *90.430%* (9043/10000)
Train epoch: 104 | Loss: *0.121* | Acc: *95.844%* (47922/50000) 
Test epoch: 104 | Loss: *0.333* | Acc: *90.610%* (9061/10000)
Train epoch: 105 | Loss: *0.118* | Acc: *95.950%* (47975/50000) 
Test epoch: 105 | Loss: *0.350* | Acc: *89.990%* (8999/10000)
Train epoch: 106 | Loss: *0.121* | Acc: *95.844%* (47922/50000) 
Test epoch: 106 | Loss: *0.374* | Acc: *89.720%* (8972/10000)
Train epoch: 107 | Loss: *0.115* | Acc: *96.066%* (48033/50000) 
Test epoch: 107 | Loss: *0.359* | Acc: *89.950%* (8995/10000)
Train epoch: 108 | Loss: *0.116* | Acc: *96.068%* (48034/50000) 
Test epoch: 108 | Loss: *0.322* | Acc: *90.910%* (9091/10000)
Train epoch: 109 | Loss: *0.108* | Acc: *96.288%* (48144/50000) 
Test epoch: 109 | Loss: *0.349* | Acc: *90.130%* (9013/10000)
Train epoch: 110 | Loss: *0.109* | Acc: *96.356%* (48178/50000) 
Test epoch: 110 | Loss: *0.383* | Acc: *89.540%* (8954/10000)
Train epoch: 111 | Loss: *0.108* | Acc: *96.338%* (48169/50000) 
Test epoch: 111 | Loss: *0.317* | Acc: *90.610%* (9061/10000)
Train epoch: 112 | Loss: *0.102* | Acc: *96.462%* (48231/50000) 
Test epoch: 112 | Loss: *0.334* | Acc: *90.670%* (9067/10000)
Train epoch: 113 | Loss: *0.103* | Acc: *96.418%* (48209/50000) 
Test epoch: 113 | Loss: *0.360* | Acc: *89.890%* (8989/10000)
Train epoch: 114 | Loss: *0.101* | Acc: *96.544%* (48272/50000) 
Test epoch: 114 | Loss: *0.352* | Acc: *90.140%* (9014/10000)
Train epoch: 115 | Loss: *0.096* | Acc: *96.718%* (48359/50000) 
Test epoch: 115 | Loss: *0.330* | Acc: *90.720%* (9072/10000)
Train epoch: 116 | Loss: *0.098* | Acc: *96.628%* (48314/50000) 
Test epoch: 116 | Loss: *0.336* | Acc: *90.910%* (9091/10000)
Train epoch: 117 | Loss: *0.098* | Acc: *96.672%* (48336/50000) 
Test epoch: 117 | Loss: *0.353* | Acc: *90.600%* (9060/10000)
Train epoch: 118 | Loss: *0.090* | Acc: *96.996%* (48498/50000) 
Test epoch: 118 | Loss: *0.339* | Acc: *90.480%* (9048/10000)
Train epoch: 119 | Loss: *0.091* | Acc: *96.978%* (48489/50000) 
Test epoch: 119 | Loss: *0.330* | Acc: *91.100%* (9110/10000)
Train epoch: 120 | Loss: *0.089* | Acc: *96.946%* (48473/50000) 
Test epoch: 120 | Loss: *0.315* | Acc: *91.400%* (9140/10000)
Train epoch: 121 | Loss: *0.086* | Acc: *97.128%* (48564/50000) 
Test epoch: 121 | Loss: *0.345* | Acc: *90.750%* (9075/10000)
Train epoch: 122 | Loss: *0.082* | Acc: *97.304%* (48652/50000) 
Test epoch: 122 | Loss: *0.340* | Acc: *90.610%* (9061/10000)
Train epoch: 123 | Loss: *0.086* | Acc: *97.148%* (48574/50000) 
Test epoch: 123 | Loss: *0.322* | Acc: *91.420%* (9142/10000)
Train epoch: 124 | Loss: *0.079* | Acc: *97.230%* (48615/50000) 
Test epoch: 124 | Loss: *0.371* | Acc: *90.590%* (9059/10000)
Train epoch: 125 | Loss: *0.074* | Acc: *97.510%* (48755/50000) 
Test epoch: 125 | Loss: *0.365* | Acc: *90.420%* (9042/10000)
Train epoch: 126 | Loss: *0.074* | Acc: *97.508%* (48754/50000) 
Test epoch: 126 | Loss: *0.350* | Acc: *91.080%* (9108/10000)
Train epoch: 127 | Loss: *0.073* | Acc: *97.568%* (48784/50000) 
Test epoch: 127 | Loss: *0.359* | Acc: *90.590%* (9059/10000)
Train epoch: 128 | Loss: *0.075* | Acc: *97.448%* (48724/50000) 
Test epoch: 128 | Loss: *0.351* | Acc: *90.860%* (9086/10000)
Train epoch: 129 | Loss: *0.072* | Acc: *97.692%* (48846/50000) 
Test epoch: 129 | Loss: *0.372* | Acc: *90.450%* (9045/10000)
Train epoch: 130 | Loss: *0.069* | Acc: *97.756%* (48878/50000) 
Test epoch: 130 | Loss: *0.333* | Acc: *91.180%* (9118/10000)
Train epoch: 131 | Loss: *0.069* | Acc: *97.760%* (48880/50000) 
Test epoch: 131 | Loss: *0.348* | Acc: *90.650%* (9065/10000)
Train epoch: 132 | Loss: *0.064* | Acc: *97.894%* (48947/50000) 
Test epoch: 132 | Loss: *0.327* | Acc: *91.300%* (9130/10000)
Train epoch: 133 | Loss: *0.060* | Acc: *98.082%* (49041/50000) 
Test epoch: 133 | Loss: *0.353* | Acc: *90.920%* (9092/10000)
Train epoch: 134 | Loss: *0.062* | Acc: *97.888%* (48944/50000) 
Test epoch: 134 | Loss: *0.349* | Acc: *91.140%* (9114/10000)
Train epoch: 135 | Loss: *0.061* | Acc: *98.006%* (49003/50000) 
Test epoch: 135 | Loss: *0.340* | Acc: *90.990%* (9099/10000)
Train epoch: 136 | Loss: *0.058* | Acc: *98.108%* (49054/50000) 
Test epoch: 136 | Loss: *0.347* | Acc: *91.280%* (9128/10000)
Train epoch: 137 | Loss: *0.052* | Acc: *98.326%* (49163/50000) 
Test epoch: 137 | Loss: *0.347* | Acc: *91.250%* (9125/10000)
Train epoch: 138 | Loss: *0.052* | Acc: *98.350%* (49175/50000) 
Test epoch: 138 | Loss: *0.347* | Acc: *91.360%* (9136/10000)
Train epoch: 139 | Loss: *0.051* | Acc: *98.442%* (49221/50000) 
Test epoch: 139 | Loss: *0.330* | Acc: *91.600%* (9160/10000)
Train epoch: 140 | Loss: *0.051* | Acc: *98.366%* (49183/50000) 
Test epoch: 140 | Loss: *0.344* | Acc: *91.080%* (9108/10000)
Train epoch: 141 | Loss: *0.050* | Acc: *98.412%* (49206/50000) 
Test epoch: 141 | Loss: *0.353* | Acc: *91.100%* (9110/10000)
Train epoch: 142 | Loss: *0.047* | Acc: *98.538%* (49269/50000) 
Test epoch: 142 | Loss: *0.341* | Acc: *91.390%* (9139/10000)
Train epoch: 143 | Loss: *0.046* | Acc: *98.544%* (49272/50000) 
Test epoch: 143 | Loss: *0.347* | Acc: *91.300%* (9130/10000)
Train epoch: 144 | Loss: *0.046* | Acc: *98.564%* (49282/50000) 
Test epoch: 144 | Loss: *0.336* | Acc: *91.600%* (9160/10000)
Train epoch: 145 | Loss: *0.043* | Acc: *98.660%* (49330/50000) 
Test epoch: 145 | Loss: *0.342* | Acc: *91.410%* (9141/10000)
Train epoch: 146 | Loss: *0.043* | Acc: *98.688%* (49344/50000) 
Test epoch: 146 | Loss: *0.339* | Acc: *91.720%* (9172/10000)
Train epoch: 147 | Loss: *0.040* | Acc: *98.774%* (49387/50000) 
Test epoch: 147 | Loss: *0.365* | Acc: *91.450%* (9145/10000)
Train epoch: 148 | Loss: *0.037* | Acc: *98.890%* (49445/50000) 
Test epoch: 148 | Loss: *0.332* | Acc: *91.540%* (9154/10000)
Train epoch: 149 | Loss: *0.039* | Acc: *98.816%* (49408/50000) 
Test epoch: 149 | Loss: *0.335* | Acc: *91.820%* (9182/10000)
Train epoch: 150 | Loss: *0.037* | Acc: *98.848%* (49424/50000) 
Test epoch: 150 | Loss: *0.353* | Acc: *91.420%* (9142/10000)
Train epoch: 151 | Loss: *0.034* | Acc: *99.038%* (49519/50000) 
Test epoch: 151 | Loss: *0.334* | Acc: *91.820%* (9182/10000)
Train epoch: 152 | Loss: *0.031* | Acc: *99.114%* (49557/50000) 
Test epoch: 152 | Loss: *0.339* | Acc: *91.620%* (9162/10000)
Train epoch: 153 | Loss: *0.031* | Acc: *99.098%* (49549/50000) 
Test epoch: 153 | Loss: *0.328* | Acc: *91.860%* (9186/10000)
Train epoch: 154 | Loss: *0.030* | Acc: *99.088%* (49544/50000) 
Test epoch: 154 | Loss: *0.327* | Acc: *91.790%* (9179/10000)
Train epoch: 155 | Loss: *0.029* | Acc: *99.152%* (49576/50000) 
Test epoch: 155 | Loss: *0.338* | Acc: *91.630%* (9163/10000)
Train epoch: 156 | Loss: *0.027* | Acc: *99.262%* (49631/50000) 
Test epoch: 156 | Loss: *0.337* | Acc: *91.840%* (9184/10000)
Train epoch: 157 | Loss: *0.027* | Acc: *99.300%* (49650/50000) 
Test epoch: 157 | Loss: *0.329* | Acc: *91.780%* (9178/10000)
Train epoch: 158 | Loss: *0.026* | Acc: *99.334%* (49667/50000) 
Test epoch: 158 | Loss: *0.328* | Acc: *92.090%* (9209/10000)
Train epoch: 159 | Loss: *0.025* | Acc: *99.282%* (49641/50000) 
Test epoch: 159 | Loss: *0.322* | Acc: *91.950%* (9195/10000)
Train epoch: 160 | Loss: *0.024* | Acc: *99.388%* (49694/50000) 
Test epoch: 160 | Loss: *0.337* | Acc: *91.740%* (9174/10000)
Train epoch: 161 | Loss: *0.023* | Acc: *99.390%* (49695/50000) 
Test epoch: 161 | Loss: *0.325* | Acc: *92.340%* (9234/10000)
Train epoch: 162 | Loss: *0.021* | Acc: *99.516%* (49758/50000) 
Test epoch: 162 | Loss: *0.323* | Acc: *92.050%* (9205/10000)
Train epoch: 163 | Loss: *0.021* | Acc: *99.464%* (49732/50000) 
Test epoch: 163 | Loss: *0.329* | Acc: *91.980%* (9198/10000)
Train epoch: 164 | Loss: *0.020* | Acc: *99.522%* (49761/50000) 
Test epoch: 164 | Loss: *0.333* | Acc: *92.070%* (9207/10000)
Train epoch: 165 | Loss: *0.019* | Acc: *99.556%* (49778/50000) 
Test epoch: 165 | Loss: *0.326* | Acc: *91.920%* (9192/10000)
Train epoch: 166 | Loss: *0.018* | Acc: *99.568%* (49784/50000) 
Test epoch: 166 | Loss: *0.325* | Acc: *91.990%* (9199/10000)
Train epoch: 167 | Loss: *0.018* | Acc: *99.590%* (49795/50000) 
Test epoch: 167 | Loss: *0.329* | Acc: *92.170%* (9217/10000)
Train epoch: 168 | Loss: *0.017* | Acc: *99.654%* (49827/50000) 
Test epoch: 168 | Loss: *0.327* | Acc: *91.750%* (9175/10000)
Train epoch: 169 | Loss: *0.017* | Acc: *99.634%* (49817/50000) 
Test epoch: 169 | Loss: *0.327* | Acc: *91.910%* (9191/10000)
Train epoch: 170 | Loss: *0.016* | Acc: *99.684%* (49842/50000) 
Test epoch: 170 | Loss: *0.330* | Acc: *92.000%* (9200/10000)
Train epoch: 171 | Loss: *0.016* | Acc: *99.660%* (49830/50000) 
Test epoch: 171 | Loss: *0.326* | Acc: *91.730%* (9173/10000)
Train epoch: 172 | Loss: *0.015* | Acc: *99.694%* (49847/50000) 
Test epoch: 172 | Loss: *0.320* | Acc: *92.260%* (9226/10000)
Train epoch: 173 | Loss: *0.014* | Acc: *99.700%* (49850/50000) 
Test epoch: 173 | Loss: *0.318* | Acc: *92.450%* (9245/10000)
Train epoch: 174 | Loss: *0.013* | Acc: *99.764%* (49882/50000) 
Test epoch: 174 | Loss: *0.319* | Acc: *92.350%* (9235/10000)
Train epoch: 175 | Loss: *0.014* | Acc: *99.736%* (49868/50000) 
Test epoch: 175 | Loss: *0.320* | Acc: *92.380%* (9238/10000)
Train epoch: 176 | Loss: *0.013* | Acc: *99.732%* (49866/50000) 
Test epoch: 176 | Loss: *0.321* | Acc: *92.170%* (9217/10000)
Train epoch: 177 | Loss: *0.013* | Acc: *99.770%* (49885/50000) 
Test epoch: 177 | Loss: *0.319* | Acc: *92.260%* (9226/10000)
Train epoch: 178 | Loss: *0.011* | Acc: *99.822%* (49911/50000) 
Test epoch: 178 | Loss: *0.313* | Acc: *92.300%* (9230/10000)
Train epoch: 179 | Loss: *0.011* | Acc: *99.824%* (49912/50000) 
Test epoch: 179 | Loss: *0.312* | Acc: *92.420%* (9242/10000)
Train epoch: 180 | Loss: *0.011* | Acc: *99.840%* (49920/50000) 
Test epoch: 180 | Loss: *0.319* | Acc: *92.290%* (9229/10000)
Train epoch: 181 | Loss: *0.011* | Acc: *99.864%* (49932/50000) 
Test epoch: 181 | Loss: *0.318* | Acc: *92.180%* (9218/10000)
Train epoch: 182 | Loss: *0.011* | Acc: *99.832%* (49916/50000) 
Test epoch: 182 | Loss: *0.318* | Acc: *92.280%* (9228/10000)
Train epoch: 183 | Loss: *0.011* | Acc: *99.846%* (49923/50000) 
Test epoch: 183 | Loss: *0.316* | Acc: *92.330%* (9233/10000)
Train epoch: 184 | Loss: *0.010* | Acc: *99.844%* (49922/50000) 
Test epoch: 184 | Loss: *0.317* | Acc: *92.350%* (9235/10000)
Train epoch: 185 | Loss: *0.010* | Acc: *99.870%* (49935/50000) 
Test epoch: 185 | Loss: *0.312* | Acc: *92.420%* (9242/10000)
Train epoch: 186 | Loss: *0.010* | Acc: *99.870%* (49935/50000) 
Test epoch: 186 | Loss: *0.316* | Acc: *92.340%* (9234/10000)
Train epoch: 187 | Loss: *0.009* | Acc: *99.890%* (49945/50000) 
Test epoch: 187 | Loss: *0.314* | Acc: *92.410%* (9241/10000)
Train epoch: 188 | Loss: *0.010* | Acc: *99.878%* (49939/50000) 
Test epoch: 188 | Loss: *0.315* | Acc: *92.370%* (9237/10000)
Train epoch: 189 | Loss: *0.009* | Acc: *99.886%* (49943/50000) 
Test epoch: 189 | Loss: *0.312* | Acc: *92.390%* (9239/10000)
Train epoch: 190 | Loss: *0.009* | Acc: *99.892%* (49946/50000) 
Test epoch: 190 | Loss: *0.317* | Acc: *92.380%* (9238/10000)
Train epoch: 191 | Loss: *0.009* | Acc: *99.902%* (49951/50000) 
Test epoch: 191 | Loss: *0.315* | Acc: *92.400%* (9240/10000)
Train epoch: 192 | Loss: *0.010* | Acc: *99.886%* (49943/50000) 
Test epoch: 192 | Loss: *0.315* | Acc: *92.340%* (9234/10000)
Train epoch: 193 | Loss: *0.009* | Acc: *99.886%* (49943/50000) 
Test epoch: 193 | Loss: *0.315* | Acc: *92.400%* (9240/10000)
Train epoch: 194 | Loss: *0.009* | Acc: *99.914%* (49957/50000) 
Test epoch: 194 | Loss: *0.314* | Acc: *92.350%* (9235/10000)
Train epoch: 195 | Loss: *0.009* | Acc: *99.890%* (49945/50000) 
Test epoch: 195 | Loss: *0.314* | Acc: *92.440%* (9244/10000)
Train epoch: 196 | Loss: *0.008* | Acc: *99.908%* (49954/50000) 
Test epoch: 196 | Loss: *0.315* | Acc: *92.420%* (9242/10000)
Train epoch: 197 | Loss: *0.009* | Acc: *99.914%* (49957/50000) 
Test epoch: 197 | Loss: *0.315* | Acc: *92.400%* (9240/10000)
Train epoch: 198 | Loss: *0.009* | Acc: *99.898%* (49949/50000) 
Test epoch: 198 | Loss: *0.314* | Acc: *92.470%* (9247/10000)
Train epoch: 199 | Loss: *0.009* | Acc: *99.926%* (49963/50000) 
Test epoch: 199 | Loss: *0.314* | Acc: *92.480%* (9248/10000)
Train epoch: 200 | Loss: *0.009* | Acc: *99.922%* (49961/50000) 
Test epoch: 200 | Loss: *0.313* | Acc: *92.500%* (9250/10000)
Train epoch: 201 | Loss: *0.008* | Acc: *99.912%* (49956/50000) 
Test epoch: 201 | Loss: *0.314* | Acc: *92.450%* (9245/10000)
Train epoch: 202 | Loss: *0.009* | Acc: *99.894%* (49947/50000) 
Test epoch: 202 | Loss: *0.314* | Acc: *92.520%* (9252/10000)
Train epoch: 203 | Loss: *0.009* | Acc: *99.906%* (49953/50000) 
Test epoch: 203 | Loss: *0.310* | Acc: *92.550%* (9255/10000)
Train epoch: 204 | Loss: *0.009* | Acc: *99.880%* (49940/50000) 
Test epoch: 204 | Loss: *0.312* | Acc: *92.480%* (9248/10000)
Train epoch: 205 | Loss: *0.009* | Acc: *99.894%* (49947/50000) 
Test epoch: 205 | Loss: *0.313* | Acc: *92.470%* (9247/10000)
Train epoch: 206 | Loss: *0.009* | Acc: *99.888%* (49944/50000) 
Test epoch: 206 | Loss: *0.313* | Acc: *92.460%* (9246/10000)
Train epoch: 207 | Loss: *0.009* | Acc: *99.910%* (49955/50000) 
Test epoch: 207 | Loss: *0.314* | Acc: *92.460%* (9246/10000)
Train epoch: 208 | Loss: *0.009* | Acc: *99.888%* (49944/50000) 
Test epoch: 208 | Loss: *0.313* | Acc: *92.340%* (9234/10000)
Train epoch: 209 | Loss: *0.008* | Acc: *99.924%* (49962/50000) 
Test epoch: 209 | Loss: *0.314* | Acc: *92.470%* (9247/10000)
Train epoch: 210 | Loss: *0.008* | Acc: *99.906%* (49953/50000) 
Test epoch: 210 | Loss: *0.312* | Acc: *92.400%* (9240/10000)
Train epoch: 211 | Loss: *0.009* | Acc: *99.924%* (49962/50000) 
Test epoch: 211 | Loss: *0.315* | Acc: *92.400%* (9240/10000)
Train epoch: 212 | Loss: *0.009* | Acc: *99.912%* (49956/50000) 
Test epoch: 212 | Loss: *0.316* | Acc: *92.350%* (9235/10000)
Train epoch: 213 | Loss: *0.009* | Acc: *99.908%* (49954/50000) 
Test epoch: 213 | Loss: *0.310* | Acc: *92.410%* (9241/10000)
Train epoch: 214 | Loss: *0.009* | Acc: *99.878%* (49939/50000) 
Test epoch: 214 | Loss: *0.311* | Acc: *92.380%* (9238/10000)
Train epoch: 215 | Loss: *0.009* | Acc: *99.924%* (49962/50000) 
Test epoch: 215 | Loss: *0.311* | Acc: *92.330%* (9233/10000)
Train epoch: 216 | Loss: *0.009* | Acc: *99.896%* (49948/50000) 
Test epoch: 216 | Loss: *0.310* | Acc: *92.420%* (9242/10000)
Train epoch: 217 | Loss: *0.009* | Acc: *99.916%* (49958/50000) 
Test epoch: 217 | Loss: *0.318* | Acc: *92.380%* (9238/10000)
Train epoch: 218 | Loss: *0.009* | Acc: *99.886%* (49943/50000) 
Test epoch: 218 | Loss: *0.317* | Acc: *92.400%* (9240/10000)
Train epoch: 219 | Loss: *0.009* | Acc: *99.880%* (49940/50000) 
Test epoch: 219 | Loss: *0.318* | Acc: *92.300%* (9230/10000)
Train epoch: 220 | Loss: *0.010* | Acc: *99.888%* (49944/50000) 
Test epoch: 220 | Loss: *0.318* | Acc: *92.190%* (9219/10000)
Train epoch: 221 | Loss: *0.010* | Acc: *99.884%* (49942/50000) 
Test epoch: 221 | Loss: *0.317* | Acc: *92.390%* (9239/10000)
Train epoch: 222 | Loss: *0.010* | Acc: *99.882%* (49941/50000) 
Test epoch: 222 | Loss: *0.318* | Acc: *92.390%* (9239/10000)
Train epoch: 223 | Loss: *0.010* | Acc: *99.866%* (49933/50000) 
Test epoch: 223 | Loss: *0.316* | Acc: *92.340%* (9234/10000)
Train epoch: 224 | Loss: *0.010* | Acc: *99.882%* (49941/50000) 
Test epoch: 224 | Loss: *0.324* | Acc: *92.160%* (9216/10000)
Train epoch: 225 | Loss: *0.011* | Acc: *99.854%* (49927/50000) 
Test epoch: 225 | Loss: *0.320* | Acc: *92.270%* (9227/10000)
Train epoch: 226 | Loss: *0.011* | Acc: *99.816%* (49908/50000) 
Test epoch: 226 | Loss: *0.318* | Acc: *92.180%* (9218/10000)
Train epoch: 227 | Loss: *0.012* | Acc: *99.826%* (49913/50000) 
Test epoch: 227 | Loss: *0.326* | Acc: *91.910%* (9191/10000)
Train epoch: 228 | Loss: *0.012* | Acc: *99.812%* (49906/50000) 
Test epoch: 228 | Loss: *0.329* | Acc: *92.100%* (9210/10000)
Train epoch: 229 | Loss: *0.013* | Acc: *99.782%* (49891/50000) 
Test epoch: 229 | Loss: *0.322* | Acc: *92.090%* (9209/10000)
Train epoch: 230 | Loss: *0.012* | Acc: *99.834%* (49917/50000) 
Test epoch: 230 | Loss: *0.326* | Acc: *91.860%* (9186/10000)
Train epoch: 231 | Loss: *0.013* | Acc: *99.752%* (49876/50000) 
Test epoch: 231 | Loss: *0.330* | Acc: *91.860%* (9186/10000)
Train epoch: 232 | Loss: *0.014* | Acc: *99.756%* (49878/50000) 
Test epoch: 232 | Loss: *0.329* | Acc: *91.990%* (9199/10000)
Train epoch: 233 | Loss: *0.015* | Acc: *99.728%* (49864/50000) 
Test epoch: 233 | Loss: *0.332* | Acc: *91.900%* (9190/10000)
Train epoch: 234 | Loss: *0.016* | Acc: *99.652%* (49826/50000) 
Test epoch: 234 | Loss: *0.336* | Acc: *91.970%* (9197/10000)
Train epoch: 235 | Loss: *0.017* | Acc: *99.650%* (49825/50000) 
Test epoch: 235 | Loss: *0.339* | Acc: *91.670%* (9167/10000)
Train epoch: 236 | Loss: *0.017* | Acc: *99.646%* (49823/50000) 
Test epoch: 236 | Loss: *0.335* | Acc: *91.610%* (9161/10000)
Train epoch: 237 | Loss: *0.017* | Acc: *99.688%* (49844/50000) 
Test epoch: 237 | Loss: *0.341* | Acc: *91.550%* (9155/10000)
Train epoch: 238 | Loss: *0.019* | Acc: *99.582%* (49791/50000) 
Test epoch: 238 | Loss: *0.354* | Acc: *91.350%* (9135/10000)
Train epoch: 239 | Loss: *0.022* | Acc: *99.438%* (49719/50000) 
Test epoch: 239 | Loss: *0.340* | Acc: *91.710%* (9171/10000)
Train epoch: 240 | Loss: *0.021* | Acc: *99.456%* (49728/50000) 
Test epoch: 240 | Loss: *0.344* | Acc: *91.580%* (9158/10000)
Train epoch: 241 | Loss: *0.023* | Acc: *99.454%* (49727/50000) 
Test epoch: 241 | Loss: *0.344* | Acc: *91.770%* (9177/10000)
Train epoch: 242 | Loss: *0.024* | Acc: *99.378%* (49689/50000) 
Test epoch: 242 | Loss: *0.356* | Acc: *91.320%* (9132/10000)
Train epoch: 243 | Loss: *0.024* | Acc: *99.378%* (49689/50000) 
Test epoch: 243 | Loss: *0.350* | Acc: *91.610%* (9161/10000)
Train epoch: 244 | Loss: *0.026* | Acc: *99.292%* (49646/50000) 
Test epoch: 244 | Loss: *0.350* | Acc: *91.600%* (9160/10000)
Train epoch: 245 | Loss: *0.027* | Acc: *99.264%* (49632/50000) 
Test epoch: 245 | Loss: *0.365* | Acc: *91.440%* (9144/10000)
Train epoch: 246 | Loss: *0.027* | Acc: *99.262%* (49631/50000) 
Test epoch: 246 | Loss: *0.384* | Acc: *90.910%* (9091/10000)
Train epoch: 247 | Loss: *0.032* | Acc: *99.102%* (49551/50000) 
Test epoch: 247 | Loss: *0.366* | Acc: *91.140%* (9114/10000)
Train epoch: 248 | Loss: *0.032* | Acc: *99.046%* (49523/50000) 
Test epoch: 248 | Loss: *0.378* | Acc: *90.690%* (9069/10000)
Train epoch: 249 | Loss: *0.036* | Acc: *98.932%* (49466/50000) 
Test epoch: 249 | Loss: *0.358* | Acc: *91.220%* (9122/10000)
Train epoch: 250 | Loss: *0.035* | Acc: *99.014%* (49507/50000) 
Test epoch: 250 | Loss: *0.364* | Acc: *91.010%* (9101/10000)
Train epoch: 251 | Loss: *0.035* | Acc: *98.970%* (49485/50000) 
Test epoch: 251 | Loss: *0.363* | Acc: *91.270%* (9127/10000)
Train epoch: 252 | Loss: *0.038* | Acc: *98.834%* (49417/50000) 
Test epoch: 252 | Loss: *0.360* | Acc: *91.160%* (9116/10000)
Train epoch: 253 | Loss: *0.044* | Acc: *98.604%* (49302/50000) 
Test epoch: 253 | Loss: *0.369* | Acc: *91.120%* (9112/10000)
Train epoch: 254 | Loss: *0.042* | Acc: *98.704%* (49352/50000) 
Test epoch: 254 | Loss: *0.370* | Acc: *91.160%* (9116/10000)
Train epoch: 255 | Loss: *0.043* | Acc: *98.684%* (49342/50000) 
Test epoch: 255 | Loss: *0.355* | Acc: *91.070%* (9107/10000)
Train epoch: 256 | Loss: *0.044* | Acc: *98.656%* (49328/50000) 
Test epoch: 256 | Loss: *0.376* | Acc: *90.950%* (9095/10000)
Train epoch: 257 | Loss: *0.049* | Acc: *98.492%* (49246/50000) 
Test epoch: 257 | Loss: *0.371* | Acc: *90.670%* (9067/10000)
Train epoch: 258 | Loss: *0.049* | Acc: *98.534%* (49267/50000) 
Test epoch: 258 | Loss: *0.348* | Acc: *91.120%* (9112/10000)
Train epoch: 259 | Loss: *0.055* | Acc: *98.226%* (49113/50000) 
Test epoch: 259 | Loss: *0.391* | Acc: *90.420%* (9042/10000)
Train epoch: 260 | Loss: *0.056* | Acc: *98.258%* (49129/50000) 
Test epoch: 260 | Loss: *0.369* | Acc: *90.770%* (9077/10000)
Train epoch: 261 | Loss: *0.057* | Acc: *98.130%* (49065/50000) 
Test epoch: 261 | Loss: *0.364* | Acc: *90.940%* (9094/10000)
Train epoch: 262 | Loss: *0.056* | Acc: *98.136%* (49068/50000) 
Test epoch: 262 | Loss: *0.376* | Acc: *90.590%* (9059/10000)
Train epoch: 263 | Loss: *0.058* | Acc: *98.082%* (49041/50000) 
Test epoch: 263 | Loss: *0.372* | Acc: *90.440%* (9044/10000)
Train epoch: 264 | Loss: *0.063* | Acc: *97.990%* (48995/50000) 
Test epoch: 264 | Loss: *0.351* | Acc: *90.670%* (9067/10000)
Train epoch: 265 | Loss: *0.063* | Acc: *97.852%* (48926/50000) 
Test epoch: 265 | Loss: *0.377* | Acc: *90.360%* (9036/10000)
Train epoch: 266 | Loss: *0.064* | Acc: *97.882%* (48941/50000) 
Test epoch: 266 | Loss: *0.361* | Acc: *90.690%* (9069/10000)
Train epoch: 267 | Loss: *0.067* | Acc: *97.784%* (48892/50000) 
Test epoch: 267 | Loss: *0.374* | Acc: *90.910%* (9091/10000)
Train epoch: 268 | Loss: *0.065* | Acc: *97.894%* (48947/50000) 
Test epoch: 268 | Loss: *0.366* | Acc: *90.790%* (9079/10000)
Train epoch: 269 | Loss: *0.075* | Acc: *97.482%* (48741/50000) 
Test epoch: 269 | Loss: *0.386* | Acc: *90.350%* (9035/10000)
Train epoch: 270 | Loss: *0.073* | Acc: *97.606%* (48803/50000) 
Test epoch: 270 | Loss: *0.409* | Acc: *89.760%* (8976/10000)
Train epoch: 271 | Loss: *0.078* | Acc: *97.378%* (48689/50000) 
Test epoch: 271 | Loss: *0.412* | Acc: *89.670%* (8967/10000)
Train epoch: 272 | Loss: *0.076* | Acc: *97.494%* (48747/50000) 
Test epoch: 272 | Loss: *0.374* | Acc: *90.310%* (9031/10000)
Train epoch: 273 | Loss: *0.079* | Acc: *97.388%* (48694/50000) 
Test epoch: 273 | Loss: *0.356* | Acc: *90.820%* (9082/10000)
Train epoch: 274 | Loss: *0.078* | Acc: *97.382%* (48691/50000) 
Test epoch: 274 | Loss: *0.373* | Acc: *90.090%* (9009/10000)
Train epoch: 275 | Loss: *0.082* | Acc: *97.202%* (48601/50000) 
Test epoch: 275 | Loss: *0.368* | Acc: *90.040%* (9004/10000)
Train epoch: 276 | Loss: *0.083* | Acc: *97.184%* (48592/50000) 
Test epoch: 276 | Loss: *0.367* | Acc: *90.410%* (9041/10000)
Train epoch: 277 | Loss: *0.088* | Acc: *96.924%* (48462/50000) 
Test epoch: 277 | Loss: *0.375* | Acc: *90.480%* (9048/10000)
Train epoch: 278 | Loss: *0.087* | Acc: *97.020%* (48510/50000) 
Test epoch: 278 | Loss: *0.393* | Acc: *89.790%* (8979/10000)
Train epoch: 279 | Loss: *0.087* | Acc: *97.004%* (48502/50000) 
Test epoch: 279 | Loss: *0.354* | Acc: *90.180%* (9018/10000)
Train epoch: 280 | Loss: *0.088* | Acc: *97.050%* (48525/50000) 
Test epoch: 280 | Loss: *0.379* | Acc: *90.090%* (9009/10000)
Train epoch: 281 | Loss: *0.090* | Acc: *96.942%* (48471/50000) 
Test epoch: 281 | Loss: *0.376* | Acc: *90.100%* (9010/10000)
Train epoch: 282 | Loss: *0.090* | Acc: *96.950%* (48475/50000) 
Test epoch: 282 | Loss: *0.389* | Acc: *89.730%* (8973/10000)
Train epoch: 283 | Loss: *0.095* | Acc: *96.662%* (48331/50000) 
Test epoch: 283 | Loss: *0.356* | Acc: *90.240%* (9024/10000)
Train epoch: 284 | Loss: *0.098* | Acc: *96.654%* (48327/50000) 
Test epoch: 284 | Loss: *0.380* | Acc: *90.200%* (9020/10000)
Train epoch: 285 | Loss: *0.095* | Acc: *96.826%* (48413/50000) 
Test epoch: 285 | Loss: *0.383* | Acc: *89.720%* (8972/10000)
Train epoch: 286 | Loss: *0.100* | Acc: *96.528%* (48264/50000) 
Test epoch: 286 | Loss: *0.375* | Acc: *90.060%* (9006/10000)
Train epoch: 287 | Loss: *0.103* | Acc: *96.372%* (48186/50000) 
Test epoch: 287 | Loss: *0.364* | Acc: *89.960%* (8996/10000)
Train epoch: 288 | Loss: *0.105* | Acc: *96.404%* (48202/50000) 
Test epoch: 288 | Loss: *0.368* | Acc: *89.990%* (8999/10000)
Train epoch: 289 | Loss: *0.102* | Acc: *96.442%* (48221/50000) 
Test epoch: 289 | Loss: *0.399* | Acc: *89.310%* (8931/10000)
Train epoch: 290 | Loss: *0.104* | Acc: *96.524%* (48262/50000) 
Test epoch: 290 | Loss: *0.354* | Acc: *90.090%* (9009/10000)
Train epoch: 291 | Loss: *0.109* | Acc: *96.232%* (48116/50000) 
Test epoch: 291 | Loss: *0.372* | Acc: *89.640%* (8964/10000)
Train epoch: 292 | Loss: *0.109* | Acc: *96.268%* (48134/50000) 
Test epoch: 292 | Loss: *0.356* | Acc: *90.230%* (9023/10000)
Train epoch: 293 | Loss: *0.108* | Acc: *96.352%* (48176/50000) 
Test epoch: 293 | Loss: *0.375* | Acc: *89.580%* (8958/10000)
Train epoch: 294 | Loss: *0.114* | Acc: *96.088%* (48044/50000) 
Test epoch: 294 | Loss: *0.372* | Acc: *89.950%* (8995/10000)
Train epoch: 295 | Loss: *0.116* | Acc: *96.050%* (48025/50000) 
Test epoch: 295 | Loss: *0.388* | Acc: *89.630%* (8963/10000)
Train epoch: 296 | Loss: *0.115* | Acc: *95.996%* (47998/50000) 
Test epoch: 296 | Loss: *0.367* | Acc: *90.040%* (9004/10000)
Train epoch: 297 | Loss: *0.117* | Acc: *96.030%* (48015/50000) 
Test epoch: 297 | Loss: *0.372* | Acc: *89.540%* (8954/10000)
Train epoch: 298 | Loss: *0.110* | Acc: *96.298%* (48149/50000) 
Test epoch: 298 | Loss: *0.367* | Acc: *89.820%* (8982/10000)
Train epoch: 299 | Loss: *0.117* | Acc: *96.004%* (48002/50000) 
Test epoch: 299 | Loss: *0.364* | Acc: *89.650%* (8965/10000)
Train epoch: 300 | Loss: *0.118* | Acc: *95.926%* (47963/50000) 
Test epoch: 300 | Loss: *0.380* | Acc: *89.610%* (8961/10000)
Train epoch: 301 | Loss: *0.124* | Acc: *95.662%* (47831/50000) 
Test epoch: 301 | Loss: *0.366* | Acc: *89.810%* (8981/10000)
Train epoch: 302 | Loss: *0.125* | Acc: *95.710%* (47855/50000) 
Test epoch: 302 | Loss: *0.373* | Acc: *89.400%* (8940/10000)
Train epoch: 303 | Loss: *0.125* | Acc: *95.690%* (47845/50000) 
Test epoch: 303 | Loss: *0.358* | Acc: *90.150%* (9015/10000)
Train epoch: 304 | Loss: *0.122* | Acc: *95.784%* (47892/50000) 
Test epoch: 304 | Loss: *0.357* | Acc: *89.860%* (8986/10000)
Train epoch: 305 | Loss: *0.127* | Acc: *95.626%* (47813/50000) 
Test epoch: 305 | Loss: *0.375* | Acc: *89.550%* (8955/10000)
Train epoch: 306 | Loss: *0.132* | Acc: *95.522%* (47761/50000) 
Test epoch: 306 | Loss: *0.390* | Acc: *89.270%* (8927/10000)
Train epoch: 307 | Loss: *0.132* | Acc: *95.460%* (47730/50000) 
Test epoch: 307 | Loss: *0.379* | Acc: *89.510%* (8951/10000)
Train epoch: 308 | Loss: *0.132* | Acc: *95.476%* (47738/50000) 
Test epoch: 308 | Loss: *0.362* | Acc: *89.660%* (8966/10000)
Train epoch: 309 | Loss: *0.133* | Acc: *95.392%* (47696/50000) 
Test epoch: 309 | Loss: *0.371* | Acc: *89.770%* (8977/10000)
Train epoch: 310 | Loss: *0.131* | Acc: *95.534%* (47767/50000) 
Test epoch: 310 | Loss: *0.390* | Acc: *88.940%* (8894/10000)
Train epoch: 311 | Loss: *0.137* | Acc: *95.350%* (47675/50000) 
Test epoch: 311 | Loss: *0.385* | Acc: *89.330%* (8933/10000)
Train epoch: 312 | Loss: *0.138* | Acc: *95.170%* (47585/50000) 
Test epoch: 312 | Loss: *0.428* | Acc: *88.510%* (8851/10000)
Train epoch: 313 | Loss: *0.135* | Acc: *95.470%* (47735/50000) 
Test epoch: 313 | Loss: *0.354* | Acc: *89.670%* (8967/10000)
Train epoch: 314 | Loss: *0.139* | Acc: *95.246%* (47623/50000) 
Test epoch: 314 | Loss: *0.394* | Acc: *88.630%* (8863/10000)
Train epoch: 315 | Loss: *0.141* | Acc: *95.138%* (47569/50000) 
Test epoch: 315 | Loss: *0.438* | Acc: *88.220%* (8822/10000)
Train epoch: 316 | Loss: *0.147* | Acc: *94.916%* (47458/50000) 
Test epoch: 316 | Loss: *0.368* | Acc: *89.470%* (8947/10000)
Train epoch: 317 | Loss: *0.144* | Acc: *95.016%* (47508/50000) 
Test epoch: 317 | Loss: *0.363* | Acc: *89.620%* (8962/10000)
Train epoch: 318 | Loss: *0.141* | Acc: *95.226%* (47613/50000) 
Test epoch: 318 | Loss: *0.390* | Acc: *88.770%* (8877/10000)
Train epoch: 319 | Loss: *0.146* | Acc: *94.954%* (47477/50000) 
Test epoch: 319 | Loss: *0.385* | Acc: *88.710%* (8871/10000)
Train epoch: 320 | Loss: *0.148* | Acc: *94.912%* (47456/50000) 
Test epoch: 320 | Loss: *0.375* | Acc: *88.670%* (8867/10000)
Train epoch: 321 | Loss: *0.147* | Acc: *94.874%* (47437/50000) 
Test epoch: 321 | Loss: *0.387* | Acc: *89.020%* (8902/10000)
Train epoch: 322 | Loss: *0.155* | Acc: *94.754%* (47377/50000) 
Test epoch: 322 | Loss: *0.372* | Acc: *89.050%* (8905/10000)
Train epoch: 323 | Loss: *0.150* | Acc: *94.846%* (47423/50000) 
Test epoch: 323 | Loss: *0.336* | Acc: *89.670%* (8967/10000)
Train epoch: 324 | Loss: *0.151* | Acc: *94.786%* (47393/50000) 
Test epoch: 324 | Loss: *0.386* | Acc: *88.800%* (8880/10000)
Train epoch: 325 | Loss: *0.158* | Acc: *94.530%* (47265/50000) 
Test epoch: 325 | Loss: *0.419* | Acc: *88.270%* (8827/10000)
Train epoch: 326 | Loss: *0.151* | Acc: *94.798%* (47399/50000) 
Test epoch: 326 | Loss: *0.361* | Acc: *89.420%* (8942/10000)
Train epoch: 327 | Loss: *0.156* | Acc: *94.636%* (47318/50000) 
Test epoch: 327 | Loss: *0.370* | Acc: *89.590%* (8959/10000)
Train epoch: 328 | Loss: *0.161* | Acc: *94.434%* (47217/50000) 
Test epoch: 328 | Loss: *0.386* | Acc: *88.800%* (8880/10000)
Train epoch: 329 | Loss: *0.158* | Acc: *94.564%* (47282/50000) 
Test epoch: 329 | Loss: *0.382* | Acc: *88.690%* (8869/10000)
Train epoch: 330 | Loss: *0.159* | Acc: *94.448%* (47224/50000) 
Test epoch: 330 | Loss: *0.399* | Acc: *88.530%* (8853/10000)
Train epoch: 331 | Loss: *0.159* | Acc: *94.598%* (47299/50000) 
Test epoch: 331 | Loss: *0.430* | Acc: *87.450%* (8745/10000)
Train epoch: 332 | Loss: *0.160* | Acc: *94.516%* (47258/50000) 
Test epoch: 332 | Loss: *0.408* | Acc: *88.370%* (8837/10000)
Train epoch: 333 | Loss: *0.160* | Acc: *94.450%* (47225/50000) 
Test epoch: 333 | Loss: *0.376* | Acc: *89.140%* (8914/10000)
Train epoch: 334 | Loss: *0.162* | Acc: *94.464%* (47232/50000) 
Test epoch: 334 | Loss: *0.403* | Acc: *88.490%* (8849/10000)
Train epoch: 335 | Loss: *0.161* | Acc: *94.408%* (47204/50000) 
Test epoch: 335 | Loss: *0.340* | Acc: *89.760%* (8976/10000)
Train epoch: 336 | Loss: *0.163* | Acc: *94.460%* (47230/50000) 
Test epoch: 336 | Loss: *0.387* | Acc: *88.410%* (8841/10000)
Train epoch: 337 | Loss: *0.168* | Acc: *94.130%* (47065/50000) 
Test epoch: 337 | Loss: *0.390* | Acc: *88.850%* (8885/10000)
Train epoch: 338 | Loss: *0.170* | Acc: *94.084%* (47042/50000) 
Test epoch: 338 | Loss: *0.400* | Acc: *88.420%* (8842/10000)
Train epoch: 339 | Loss: *0.169* | Acc: *94.196%* (47098/50000) 
Test epoch: 339 | Loss: *0.380* | Acc: *88.860%* (8886/10000)
Train epoch: 340 | Loss: *0.173* | Acc: *94.014%* (47007/50000) 
Test epoch: 340 | Loss: *0.362* | Acc: *89.430%* (8943/10000)
Train epoch: 341 | Loss: *0.170* | Acc: *94.090%* (47045/50000) 
Test epoch: 341 | Loss: *0.376* | Acc: *88.910%* (8891/10000)
Train epoch: 342 | Loss: *0.176* | Acc: *93.966%* (46983/50000) 
Test epoch: 342 | Loss: *0.345* | Acc: *89.520%* (8952/10000)
Train epoch: 343 | Loss: *0.171* | Acc: *94.092%* (47046/50000) 
Test epoch: 343 | Loss: *0.370* | Acc: *89.000%* (8900/10000)
Train epoch: 344 | Loss: *0.173* | Acc: *94.042%* (47021/50000) 
Test epoch: 344 | Loss: *0.371* | Acc: *88.800%* (8880/10000)
Train epoch: 345 | Loss: *0.173* | Acc: *94.018%* (47009/50000) 
Test epoch: 345 | Loss: *0.356* | Acc: *89.210%* (8921/10000)
Train epoch: 346 | Loss: *0.178* | Acc: *93.946%* (46973/50000) 
Test epoch: 346 | Loss: *0.384* | Acc: *89.070%* (8907/10000)
Train epoch: 347 | Loss: *0.175* | Acc: *93.942%* (46971/50000) 
Test epoch: 347 | Loss: *0.373* | Acc: *88.700%* (8870/10000)
Train epoch: 348 | Loss: *0.176* | Acc: *93.962%* (46981/50000) 
Test epoch: 348 | Loss: *0.344* | Acc: *89.650%* (8965/10000)
Train epoch: 349 | Loss: *0.182* | Acc: *93.782%* (46891/50000) 
Test epoch: 349 | Loss: *0.388* | Acc: *88.400%* (8840/10000)
Train epoch: 350 | Loss: *0.181* | Acc: *93.740%* (46870/50000) 
Test epoch: 350 | Loss: *0.383* | Acc: *88.710%* (8871/10000)
Train epoch: 351 | Loss: *0.179* | Acc: *93.958%* (46979/50000) 
Test epoch: 351 | Loss: *0.341* | Acc: *89.680%* (8968/10000)
Train epoch: 352 | Loss: *0.183* | Acc: *93.670%* (46835/50000) 
Test epoch: 352 | Loss: *0.420* | Acc: *87.760%* (8776/10000)
Train epoch: 353 | Loss: *0.186* | Acc: *93.564%* (46782/50000) 
Test epoch: 353 | Loss: *0.362* | Acc: *89.310%* (8931/10000)
Train epoch: 354 | Loss: *0.182* | Acc: *93.830%* (46915/50000) 
Test epoch: 354 | Loss: *0.366* | Acc: *88.950%* (8895/10000)
Train epoch: 355 | Loss: *0.187* | Acc: *93.684%* (46842/50000) 
Test epoch: 355 | Loss: *0.384* | Acc: *88.440%* (8844/10000)
Train epoch: 356 | Loss: *0.188* | Acc: *93.504%* (46752/50000) 
Test epoch: 356 | Loss: *0.365* | Acc: *89.360%* (8936/10000)
Train epoch: 357 | Loss: *0.182* | Acc: *93.764%* (46882/50000) 
Test epoch: 357 | Loss: *0.418* | Acc: *87.420%* (8742/10000)
Train epoch: 358 | Loss: *0.188* | Acc: *93.584%* (46792/50000) 
Test epoch: 358 | Loss: *0.376* | Acc: *88.840%* (8884/10000)
Train epoch: 359 | Loss: *0.187* | Acc: *93.514%* (46757/50000) 
Test epoch: 359 | Loss: *0.390* | Acc: *88.150%* (8815/10000)
Train epoch: 360 | Loss: *0.186* | Acc: *93.694%* (46847/50000) 
Test epoch: 360 | Loss: *0.394* | Acc: *88.250%* (8825/10000)
Train epoch: 361 | Loss: *0.188* | Acc: *93.488%* (46744/50000) 
Test epoch: 361 | Loss: *0.380* | Acc: *88.310%* (8831/10000)
Train epoch: 362 | Loss: *0.193* | Acc: *93.224%* (46612/50000) 
Test epoch: 362 | Loss: *0.365* | Acc: *88.960%* (8896/10000)
Train epoch: 363 | Loss: *0.190* | Acc: *93.410%* (46705/50000) 
Test epoch: 363 | Loss: *0.337* | Acc: *89.760%* (8976/10000)
Train epoch: 364 | Loss: *0.192* | Acc: *93.434%* (46717/50000) 
Test epoch: 364 | Loss: *0.383* | Acc: *88.150%* (8815/10000)
Train epoch: 365 | Loss: *0.190* | Acc: *93.456%* (46728/50000) 
Test epoch: 365 | Loss: *0.351* | Acc: *89.100%* (8910/10000)
Train epoch: 366 | Loss: *0.193* | Acc: *93.366%* (46683/50000) 
Test epoch: 366 | Loss: *0.365* | Acc: *88.400%* (8840/10000)
Train epoch: 367 | Loss: *0.189* | Acc: *93.396%* (46698/50000) 
Test epoch: 367 | Loss: *0.394* | Acc: *87.830%* (8783/10000)
Train epoch: 368 | Loss: *0.193* | Acc: *93.352%* (46676/50000) 
Test epoch: 368 | Loss: *0.366* | Acc: *88.940%* (8894/10000)
Train epoch: 369 | Loss: *0.196* | Acc: *93.278%* (46639/50000) 
Test epoch: 369 | Loss: *0.366* | Acc: *88.710%* (8871/10000)
Train epoch: 370 | Loss: *0.195* | Acc: *93.276%* (46638/50000) 
Test epoch: 370 | Loss: *0.353* | Acc: *89.540%* (8954/10000)
Train epoch: 371 | Loss: *0.194* | Acc: *93.206%* (46603/50000) 
Test epoch: 371 | Loss: *0.381* | Acc: *88.330%* (8833/10000)
Train epoch: 372 | Loss: *0.200* | Acc: *93.016%* (46508/50000) 
Test epoch: 372 | Loss: *0.353* | Acc: *89.010%* (8901/10000)
Train epoch: 373 | Loss: *0.193* | Acc: *93.246%* (46623/50000) 
Test epoch: 373 | Loss: *0.366* | Acc: *88.750%* (8875/10000)
Train epoch: 374 | Loss: *0.190* | Acc: *93.338%* (46669/50000) 
Test epoch: 374 | Loss: *0.418* | Acc: *87.900%* (8790/10000)
Train epoch: 375 | Loss: *0.198* | Acc: *93.300%* (46650/50000) 
Test epoch: 375 | Loss: *0.380* | Acc: *88.280%* (8828/10000)
Train epoch: 376 | Loss: *0.202* | Acc: *93.106%* (46553/50000) 
Test epoch: 376 | Loss: *0.388* | Acc: *88.550%* (8855/10000)
Train epoch: 377 | Loss: *0.195* | Acc: *93.264%* (46632/50000) 
Test epoch: 377 | Loss: *0.372* | Acc: *88.700%* (8870/10000)
Train epoch: 378 | Loss: *0.205* | Acc: *92.944%* (46472/50000) 
Test epoch: 378 | Loss: *0.357* | Acc: *88.960%* (8896/10000)
Train epoch: 379 | Loss: *0.196* | Acc: *93.136%* (46568/50000) 
Test epoch: 379 | Loss: *0.344* | Acc: *89.080%* (8908/10000)
Train epoch: 380 | Loss: *0.197* | Acc: *93.208%* (46604/50000) 
Test epoch: 380 | Loss: *0.359* | Acc: *89.220%* (8922/10000)
Train epoch: 381 | Loss: *0.200* | Acc: *93.176%* (46588/50000) 
Test epoch: 381 | Loss: *0.418* | Acc: *87.810%* (8781/10000)
Train epoch: 382 | Loss: *0.201* | Acc: *92.996%* (46498/50000) 
Test epoch: 382 | Loss: *0.377* | Acc: *88.540%* (8854/10000)
Train epoch: 383 | Loss: *0.202* | Acc: *92.998%* (46499/50000) 
Test epoch: 383 | Loss: *0.384* | Acc: *88.310%* (8831/10000)
Train epoch: 384 | Loss: *0.201* | Acc: *93.072%* (46536/50000) 
Test epoch: 384 | Loss: *0.387* | Acc: *88.260%* (8826/10000)
Train epoch: 385 | Loss: *0.205* | Acc: *92.878%* (46439/50000) 
Test epoch: 385 | Loss: *0.425* | Acc: *87.110%* (8711/10000)
Train epoch: 386 | Loss: *0.199* | Acc: *93.186%* (46593/50000) 
Test epoch: 386 | Loss: *0.354* | Acc: *88.820%* (8882/10000)
Train epoch: 387 | Loss: *0.206* | Acc: *92.958%* (46479/50000) 
Test epoch: 387 | Loss: *0.339* | Acc: *89.230%* (8923/10000)
Train epoch: 388 | Loss: *0.200* | Acc: *93.046%* (46523/50000) 
Test epoch: 388 | Loss: *0.346* | Acc: *89.140%* (8914/10000)
Train epoch: 389 | Loss: *0.202* | Acc: *93.112%* (46556/50000) 
Test epoch: 389 | Loss: *0.387* | Acc: *88.180%* (8818/10000)
Train epoch: 390 | Loss: *0.198* | Acc: *93.230%* (46615/50000) 
Test epoch: 390 | Loss: *0.413* | Acc: *87.980%* (8798/10000)
Train epoch: 391 | Loss: *0.206* | Acc: *92.972%* (46486/50000) 
Test epoch: 391 | Loss: *0.362* | Acc: *88.860%* (8886/10000)
Train epoch: 392 | Loss: *0.204* | Acc: *92.942%* (46471/50000) 
Test epoch: 392 | Loss: *0.361* | Acc: *89.320%* (8932/10000)
Train epoch: 393 | Loss: *0.203* | Acc: *93.094%* (46547/50000) 
Test epoch: 393 | Loss: *0.346* | Acc: *89.100%* (8910/10000)
Train epoch: 394 | Loss: *0.207* | Acc: *92.794%* (46397/50000) 
Test epoch: 394 | Loss: *0.347* | Acc: *89.190%* (8919/10000)
Train epoch: 395 | Loss: *0.202* | Acc: *93.076%* (46538/50000) 
Test epoch: 395 | Loss: *0.376* | Acc: *87.940%* (8794/10000)
Train epoch: 396 | Loss: *0.201* | Acc: *92.978%* (46489/50000) 
Test epoch: 396 | Loss: *0.368* | Acc: *88.950%* (8895/10000)
Train epoch: 397 | Loss: *0.206* | Acc: *92.996%* (46498/50000) 
Test epoch: 397 | Loss: *0.412* | Acc: *87.820%* (8782/10000)
Train epoch: 398 | Loss: *0.203* | Acc: *92.998%* (46499/50000) 
Test epoch: 398 | Loss: *0.351* | Acc: *89.110%* (8911/10000)
Train epoch: 399 | Loss: *0.199* | Acc: *93.140%* (46570/50000) 
Test epoch: 399 | Loss: *0.397* | Acc: *88.200%* (8820/10000)
Train epoch: 400 | Loss: *0.205* | Acc: *92.912%* (46456/50000) 
Test epoch: 400 | Loss: *0.380* | Acc: *88.040%* (8804/10000)
Train epoch: 401 | Loss: *0.203* | Acc: *93.026%* (46513/50000) 
Test epoch: 401 | Loss: *0.382* | Acc: *88.320%* (8832/10000)
Train epoch: 402 | Loss: *0.203* | Acc: *93.150%* (46575/50000) 
Test epoch: 402 | Loss: *0.374* | Acc: *88.640%* (8864/10000)
Train epoch: 403 | Loss: *0.205* | Acc: *92.892%* (46446/50000) 
Test epoch: 403 | Loss: *0.353* | Acc: *89.180%* (8918/10000)
Train epoch: 404 | Loss: *0.203* | Acc: *92.980%* (46490/50000) 
Test epoch: 404 | Loss: *0.365* | Acc: *88.780%* (8878/10000)
Train epoch: 405 | Loss: *0.200* | Acc: *93.140%* (46570/50000) 
Test epoch: 405 | Loss: *0.337* | Acc: *89.420%* (8942/10000)
Train epoch: 406 | Loss: *0.211* | Acc: *92.724%* (46362/50000) 
Test epoch: 406 | Loss: *0.377* | Acc: *88.170%* (8817/10000)
Train epoch: 407 | Loss: *0.199* | Acc: *93.078%* (46539/50000) 
Test epoch: 407 | Loss: *0.350* | Acc: *89.260%* (8926/10000)
Train epoch: 408 | Loss: *0.205* | Acc: *92.962%* (46481/50000) 
Test epoch: 408 | Loss: *0.357* | Acc: *89.200%* (8920/10000)
Train epoch: 409 | Loss: *0.204* | Acc: *92.948%* (46474/50000) 
Test epoch: 409 | Loss: *0.343* | Acc: *89.410%* (8941/10000)
Train epoch: 410 | Loss: *0.198* | Acc: *93.158%* (46579/50000) 
Test epoch: 410 | Loss: *0.352* | Acc: *89.380%* (8938/10000)
Train epoch: 411 | Loss: *0.201* | Acc: *93.050%* (46525/50000) 
Test epoch: 411 | Loss: *0.357* | Acc: *89.130%* (8913/10000)
Train epoch: 412 | Loss: *0.200* | Acc: *93.046%* (46523/50000) 
Test epoch: 412 | Loss: *0.429* | Acc: *87.030%* (8703/10000)
Train epoch: 413 | Loss: *0.200* | Acc: *93.154%* (46577/50000) 
Test epoch: 413 | Loss: *0.357* | Acc: *88.810%* (8881/10000)
Train epoch: 414 | Loss: *0.198* | Acc: *93.096%* (46548/50000) 
Test epoch: 414 | Loss: *0.342* | Acc: *89.120%* (8912/10000)
Train epoch: 415 | Loss: *0.201* | Acc: *93.062%* (46531/50000) 
Test epoch: 415 | Loss: *0.405* | Acc: *87.750%* (8775/10000)
Train epoch: 416 | Loss: *0.202* | Acc: *93.056%* (46528/50000) 
Test epoch: 416 | Loss: *0.386* | Acc: *88.270%* (8827/10000)
Train epoch: 417 | Loss: *0.198* | Acc: *93.242%* (46621/50000) 
Test epoch: 417 | Loss: *0.368* | Acc: *88.870%* (8887/10000)
Train epoch: 418 | Loss: *0.197* | Acc: *93.232%* (46616/50000) 
Test epoch: 418 | Loss: *0.344* | Acc: *89.370%* (8937/10000)
Train epoch: 419 | Loss: *0.198* | Acc: *93.164%* (46582/50000) 
Test epoch: 419 | Loss: *0.329* | Acc: *89.520%* (8952/10000)
Train epoch: 420 | Loss: *0.198* | Acc: *93.162%* (46581/50000) 
Test epoch: 420 | Loss: *0.341* | Acc: *89.230%* (8923/10000)
Train epoch: 421 | Loss: *0.199* | Acc: *93.204%* (46602/50000) 
Test epoch: 421 | Loss: *0.388* | Acc: *88.180%* (8818/10000)
Train epoch: 422 | Loss: *0.194* | Acc: *93.362%* (46681/50000) 
Test epoch: 422 | Loss: *0.357* | Acc: *88.790%* (8879/10000)
Train epoch: 423 | Loss: *0.201* | Acc: *93.066%* (46533/50000) 
Test epoch: 423 | Loss: *0.373* | Acc: *88.580%* (8858/10000)
Train epoch: 424 | Loss: *0.193* | Acc: *93.298%* (46649/50000) 
Test epoch: 424 | Loss: *0.356* | Acc: *88.810%* (8881/10000)
Train epoch: 425 | Loss: *0.190* | Acc: *93.396%* (46698/50000) 
Test epoch: 425 | Loss: *0.373* | Acc: *88.690%* (8869/10000)
Train epoch: 426 | Loss: *0.200* | Acc: *93.038%* (46519/50000) 
Test epoch: 426 | Loss: *0.362* | Acc: *88.590%* (8859/10000)
Train epoch: 427 | Loss: *0.196* | Acc: *93.222%* (46611/50000) 
Test epoch: 427 | Loss: *0.338* | Acc: *89.410%* (8941/10000)
Train epoch: 428 | Loss: *0.196* | Acc: *93.176%* (46588/50000) 
Test epoch: 428 | Loss: *0.371* | Acc: *88.550%* (8855/10000)
Train epoch: 429 | Loss: *0.192* | Acc: *93.436%* (46718/50000) 
Test epoch: 429 | Loss: *0.337* | Acc: *89.260%* (8926/10000)
Train epoch: 430 | Loss: *0.192* | Acc: *93.310%* (46655/50000) 
Test epoch: 430 | Loss: *0.379* | Acc: *88.500%* (8850/10000)
Train epoch: 431 | Loss: *0.193* | Acc: *93.420%* (46710/50000) 
Test epoch: 431 | Loss: *0.362* | Acc: *88.500%* (8850/10000)
Train epoch: 432 | Loss: *0.195* | Acc: *93.350%* (46675/50000) 
Test epoch: 432 | Loss: *0.334* | Acc: *89.810%* (8981/10000)
Train epoch: 433 | Loss: *0.194* | Acc: *93.306%* (46653/50000) 
Test epoch: 433 | Loss: *0.350* | Acc: *88.940%* (8894/10000)
Train epoch: 434 | Loss: *0.189* | Acc: *93.468%* (46734/50000) 
Test epoch: 434 | Loss: *0.363* | Acc: *89.420%* (8942/10000)
Train epoch: 435 | Loss: *0.187* | Acc: *93.634%* (46817/50000) 
Test epoch: 435 | Loss: *0.337* | Acc: *89.650%* (8965/10000)
Train epoch: 436 | Loss: *0.189* | Acc: *93.472%* (46736/50000) 
Test epoch: 436 | Loss: *0.410* | Acc: *87.590%* (8759/10000)
Train epoch: 437 | Loss: *0.183* | Acc: *93.744%* (46872/50000) 
Test epoch: 437 | Loss: *0.412* | Acc: *87.430%* (8743/10000)
Train epoch: 438 | Loss: *0.189* | Acc: *93.554%* (46777/50000) 
Test epoch: 438 | Loss: *0.391* | Acc: *87.790%* (8779/10000)
Train epoch: 439 | Loss: *0.188* | Acc: *93.454%* (46727/50000) 
Test epoch: 439 | Loss: *0.370* | Acc: *88.440%* (8844/10000)
Train epoch: 440 | Loss: *0.188* | Acc: *93.522%* (46761/50000) 
Test epoch: 440 | Loss: *0.368* | Acc: *88.840%* (8884/10000)
Train epoch: 441 | Loss: *0.187* | Acc: *93.586%* (46793/50000) 
Test epoch: 441 | Loss: *0.374* | Acc: *88.660%* (8866/10000)
Train epoch: 442 | Loss: *0.184* | Acc: *93.632%* (46816/50000) 
Test epoch: 442 | Loss: *0.372* | Acc: *88.630%* (8863/10000)
Train epoch: 443 | Loss: *0.180* | Acc: *93.760%* (46880/50000) 
Test epoch: 443 | Loss: *0.372* | Acc: *88.750%* (8875/10000)
Train epoch: 444 | Loss: *0.184* | Acc: *93.816%* (46908/50000) 
Test epoch: 444 | Loss: *0.348* | Acc: *88.760%* (8876/10000)
Train epoch: 445 | Loss: *0.177* | Acc: *93.898%* (46949/50000) 
Test epoch: 445 | Loss: *0.384* | Acc: *88.100%* (8810/10000)
Train epoch: 446 | Loss: *0.183* | Acc: *93.628%* (46814/50000) 
Test epoch: 446 | Loss: *0.347* | Acc: *89.380%* (8938/10000)
Train epoch: 447 | Loss: *0.177* | Acc: *93.854%* (46927/50000) 
Test epoch: 447 | Loss: *0.369* | Acc: *88.950%* (8895/10000)
Train epoch: 448 | Loss: *0.179* | Acc: *93.742%* (46871/50000) 
Test epoch: 448 | Loss: *0.409* | Acc: *87.900%* (8790/10000)
Train epoch: 449 | Loss: *0.179* | Acc: *93.792%* (46896/50000) 
Test epoch: 449 | Loss: *0.349* | Acc: *89.650%* (8965/10000)
Train epoch: 450 | Loss: *0.176* | Acc: *93.920%* (46960/50000) 
Test epoch: 450 | Loss: *0.353* | Acc: *89.580%* (8958/10000)
Train epoch: 451 | Loss: *0.170* | Acc: *94.190%* (47095/50000) 
Test epoch: 451 | Loss: *0.386* | Acc: *88.470%* (8847/10000)
Train epoch: 452 | Loss: *0.169* | Acc: *94.218%* (47109/50000) 
Test epoch: 452 | Loss: *0.354* | Acc: *89.540%* (8954/10000)
Train epoch: 453 | Loss: *0.174* | Acc: *94.026%* (47013/50000) 
Test epoch: 453 | Loss: *0.351* | Acc: *89.530%* (8953/10000)
Train epoch: 454 | Loss: *0.175* | Acc: *93.956%* (46978/50000) 
Test epoch: 454 | Loss: *0.373* | Acc: *88.470%* (8847/10000)
Train epoch: 455 | Loss: *0.172* | Acc: *94.066%* (47033/50000) 
Test epoch: 455 | Loss: *0.383* | Acc: *88.600%* (8860/10000)
Train epoch: 456 | Loss: *0.170* | Acc: *94.136%* (47068/50000) 
Test epoch: 456 | Loss: *0.345* | Acc: *89.460%* (8946/10000)
Train epoch: 457 | Loss: *0.165* | Acc: *94.446%* (47223/50000) 
Test epoch: 457 | Loss: *0.377* | Acc: *88.830%* (8883/10000)
Train epoch: 458 | Loss: *0.170* | Acc: *94.170%* (47085/50000) 
Test epoch: 458 | Loss: *0.389* | Acc: *88.460%* (8846/10000)
Train epoch: 459 | Loss: *0.163* | Acc: *94.382%* (47191/50000) 
Test epoch: 459 | Loss: *0.337* | Acc: *89.780%* (8978/10000)
Train epoch: 460 | Loss: *0.167* | Acc: *94.192%* (47096/50000) 
Test epoch: 460 | Loss: *0.322* | Acc: *90.100%* (9010/10000)
Train epoch: 461 | Loss: *0.160* | Acc: *94.500%* (47250/50000) 
Test epoch: 461 | Loss: *0.327* | Acc: *89.650%* (8965/10000)
Train epoch: 462 | Loss: *0.166* | Acc: *94.344%* (47172/50000) 
Test epoch: 462 | Loss: *0.364* | Acc: *89.450%* (8945/10000)
Train epoch: 463 | Loss: *0.157* | Acc: *94.540%* (47270/50000) 
Test epoch: 463 | Loss: *0.324* | Acc: *90.190%* (9019/10000)
Train epoch: 464 | Loss: *0.160* | Acc: *94.478%* (47239/50000) 
Test epoch: 464 | Loss: *0.327* | Acc: *89.850%* (8985/10000)
Train epoch: 465 | Loss: *0.157* | Acc: *94.390%* (47195/50000) 
Test epoch: 465 | Loss: *0.325* | Acc: *90.070%* (9007/10000)
Train epoch: 466 | Loss: *0.154* | Acc: *94.736%* (47368/50000) 
Test epoch: 466 | Loss: *0.353* | Acc: *89.870%* (8987/10000)
Train epoch: 467 | Loss: *0.155* | Acc: *94.748%* (47374/50000) 
Test epoch: 467 | Loss: *0.352* | Acc: *89.300%* (8930/10000)
Train epoch: 468 | Loss: *0.152* | Acc: *94.788%* (47394/50000) 
Test epoch: 468 | Loss: *0.355* | Acc: *89.600%* (8960/10000)
Train epoch: 469 | Loss: *0.153* | Acc: *94.742%* (47371/50000) 
Test epoch: 469 | Loss: *0.360* | Acc: *89.280%* (8928/10000)
Train epoch: 470 | Loss: *0.156* | Acc: *94.616%* (47308/50000) 
Test epoch: 470 | Loss: *0.311* | Acc: *90.500%* (9050/10000)
Train epoch: 471 | Loss: *0.150* | Acc: *94.866%* (47433/50000) 
Test epoch: 471 | Loss: *0.333* | Acc: *89.900%* (8990/10000)
Train epoch: 472 | Loss: *0.146* | Acc: *94.972%* (47486/50000) 
Test epoch: 472 | Loss: *0.379* | Acc: *88.760%* (8876/10000)
Train epoch: 473 | Loss: *0.147* | Acc: *94.882%* (47441/50000) 
Test epoch: 473 | Loss: *0.346* | Acc: *89.700%* (8970/10000)
Train epoch: 474 | Loss: *0.149* | Acc: *94.830%* (47415/50000) 
Test epoch: 474 | Loss: *0.347* | Acc: *89.840%* (8984/10000)
Train epoch: 475 | Loss: *0.142* | Acc: *95.084%* (47542/50000) 
Test epoch: 475 | Loss: *0.381* | Acc: *89.020%* (8902/10000)
Train epoch: 476 | Loss: *0.141* | Acc: *95.170%* (47585/50000) 
Test epoch: 476 | Loss: *0.325* | Acc: *90.340%* (9034/10000)
Train epoch: 477 | Loss: *0.140* | Acc: *95.328%* (47664/50000) 
Test epoch: 477 | Loss: *0.339* | Acc: *90.090%* (9009/10000)
Train epoch: 478 | Loss: *0.140* | Acc: *95.168%* (47584/50000) 
Test epoch: 478 | Loss: *0.328* | Acc: *90.160%* (9016/10000)
Train epoch: 479 | Loss: *0.138* | Acc: *95.220%* (47610/50000) 
Test epoch: 479 | Loss: *0.381* | Acc: *89.120%* (8912/10000)
Train epoch: 480 | Loss: *0.135* | Acc: *95.382%* (47691/50000) 
Test epoch: 480 | Loss: *0.358* | Acc: *89.970%* (8997/10000)
Train epoch: 481 | Loss: *0.138* | Acc: *95.176%* (47588/50000) 
Test epoch: 481 | Loss: *0.324* | Acc: *90.520%* (9052/10000)
Train epoch: 482 | Loss: *0.132* | Acc: *95.482%* (47741/50000) 
Test epoch: 482 | Loss: *0.343* | Acc: *90.400%* (9040/10000)
Train epoch: 483 | Loss: *0.133* | Acc: *95.380%* (47690/50000) 
Test epoch: 483 | Loss: *0.325* | Acc: *90.300%* (9030/10000)
Train epoch: 484 | Loss: *0.127* | Acc: *95.634%* (47817/50000) 
Test epoch: 484 | Loss: *0.328* | Acc: *90.280%* (9028/10000)
Train epoch: 485 | Loss: *0.124* | Acc: *95.794%* (47897/50000) 
Test epoch: 485 | Loss: *0.330* | Acc: *90.220%* (9022/10000)
Train epoch: 486 | Loss: *0.127* | Acc: *95.800%* (47900/50000) 
Test epoch: 486 | Loss: *0.359* | Acc: *89.610%* (8961/10000)
Train epoch: 487 | Loss: *0.126* | Acc: *95.604%* (47802/50000) 
Test epoch: 487 | Loss: *0.327* | Acc: *90.610%* (9061/10000)
Train epoch: 488 | Loss: *0.125* | Acc: *95.650%* (47825/50000) 
Test epoch: 488 | Loss: *0.332* | Acc: *90.170%* (9017/10000)
Train epoch: 489 | Loss: *0.121* | Acc: *95.784%* (47892/50000) 
Test epoch: 489 | Loss: *0.343* | Acc: *90.240%* (9024/10000)
Train epoch: 490 | Loss: *0.126* | Acc: *95.616%* (47808/50000) 
Test epoch: 490 | Loss: *0.353* | Acc: *89.830%* (8983/10000)
Train epoch: 491 | Loss: *0.121* | Acc: *95.962%* (47981/50000) 
Test epoch: 491 | Loss: *0.317* | Acc: *90.720%* (9072/10000)
Train epoch: 492 | Loss: *0.118* | Acc: *95.940%* (47970/50000) 
Test epoch: 492 | Loss: *0.341* | Acc: *90.350%* (9035/10000)
Train epoch: 493 | Loss: *0.112* | Acc: *96.204%* (48102/50000) 
Test epoch: 493 | Loss: *0.340* | Acc: *90.030%* (9003/10000)
Train epoch: 494 | Loss: *0.115* | Acc: *96.014%* (48007/50000) 
Test epoch: 494 | Loss: *0.346* | Acc: *90.180%* (9018/10000)
Train epoch: 495 | Loss: *0.113* | Acc: *96.090%* (48045/50000) 
Test epoch: 495 | Loss: *0.319* | Acc: *90.690%* (9069/10000)
Train epoch: 496 | Loss: *0.112* | Acc: *96.270%* (48135/50000) 
Test epoch: 496 | Loss: *0.328* | Acc: *90.360%* (9036/10000)
Train epoch: 497 | Loss: *0.108* | Acc: *96.342%* (48171/50000) 
Test epoch: 497 | Loss: *0.326* | Acc: *90.370%* (9037/10000)
Train epoch: 498 | Loss: *0.110* | Acc: *96.274%* (48137/50000) 
Test epoch: 498 | Loss: *0.347* | Acc: *90.250%* (9025/10000)
Train epoch: 499 | Loss: *0.103* | Acc: *96.450%* (48225/50000) 
Test epoch: 499 | Loss: *0.354* | Acc: *89.850%* (8985/10000)
Train epoch: 500 | Loss: *0.105* | Acc: *96.412%* (48206/50000) 
Test epoch: 500 | Loss: *0.344* | Acc: *90.570%* (9057/10000)
Best test accuracy: *92.550%*, loss: *0.3098222145438194*, at epoch: *203*.
==> Execution time summary of 500 epoch(s).
Train data loading time: sum. *241.0910434536636* secs | avg. *0.48218208690732717* secs per epoch.
Train training time: sum. *1360.7917220401578* secs | avg. *2.7215834440803155* secs per epoch.
Train total time: sum. *1601.8827654938214* secs | avg. *3.2037655309876425* secs per epoch.
Test data loading time: sum. *102.15874051488936* secs | avg. *0.20431748102977873* secs per epoch.
Test training time: sum. *81.76081136520952* secs | avg. *0.16352162273041904* secs per epoch.
Test total time: sum. *183.91955188009888* secs | avg. *0.36783910376019774* secs per epoch.
Total data loading time: sum. *343.24978396855295* secs | avg. *0.6864995679371059* secs per epoch.
Total training time: sum. *1442.5525334053673* secs | avg. *2.8851050668107345* secs per epoch.
Total running time: sum. *1785.8023173739202* secs | avg. *3.5716046347478403* secs per epoch.
==> Number of GPU device: 1
==> Device #0 Memory Usage
==> Allocated: 0.1 GB
==> Cached:    0.8 GB
==> Maximum: 0.8 GB
