==> Running on : cuda
==> Number of CPU: 48
==> Number of workers: 2
==> #Epochs: 500, #Layers: 4, #Blocks: [2, 1, 1, 1], In channel: 64, Input layer conv kernel: 7x7, Residual layer conv kernel 3x3, Skip kernel: 1x1, Input layer conv padding: 2, Residual layer conv padding: 1
==> Optimizer is Adagrad
==> Learning rate: 0.01
==> Weight decay: 0.0005
==>Trainable Parameters: 4984906
==>Other Parameters: 0
==>Augmentation: None
Files already downloaded and verified
Train epoch: 1 | Loss: *1.584* | Acc: *41.814%* (20907/50000) 
Test epoch: 1 | Loss: *1.415* | Acc: *47.300%* (4730/10000)
Train epoch: 2 | Loss: *1.137* | Acc: *59.274%* (29637/50000) 
Test epoch: 2 | Loss: *1.426* | Acc: *51.300%* (5130/10000)
Train epoch: 3 | Loss: *0.878* | Acc: *68.858%* (34429/50000) 
Test epoch: 3 | Loss: *0.939* | Acc: *66.150%* (6615/10000)
Train epoch: 4 | Loss: *0.691* | Acc: *75.704%* (37852/50000) 
Test epoch: 4 | Loss: *0.877* | Acc: *69.220%* (6922/10000)
Train epoch: 5 | Loss: *0.555* | Acc: *80.592%* (40296/50000) 
Test epoch: 5 | Loss: *0.819* | Acc: *72.190%* (7219/10000)
Train epoch: 6 | Loss: *0.440* | Acc: *84.940%* (42470/50000) 
Test epoch: 6 | Loss: *0.871* | Acc: *72.050%* (7205/10000)
Train epoch: 7 | Loss: *0.332* | Acc: *88.894%* (44447/50000) 
Test epoch: 7 | Loss: *0.830* | Acc: *73.000%* (7300/10000)
Train epoch: 8 | Loss: *0.226* | Acc: *92.752%* (46376/50000) 
Test epoch: 8 | Loss: *0.852* | Acc: *73.770%* (7377/10000)
Train epoch: 9 | Loss: *0.138* | Acc: *95.888%* (47944/50000) 
Test epoch: 9 | Loss: *0.698* | Acc: *77.600%* (7760/10000)
Train epoch: 10 | Loss: *0.077* | Acc: *98.176%* (49088/50000) 
Test epoch: 10 | Loss: *1.091* | Acc: *73.020%* (7302/10000)
Train epoch: 11 | Loss: *0.037* | Acc: *99.420%* (49710/50000) 
Test epoch: 11 | Loss: *0.793* | Acc: *77.880%* (7788/10000)
Train epoch: 12 | Loss: *0.017* | Acc: *99.864%* (49932/50000) 
Test epoch: 12 | Loss: *0.754* | Acc: *79.120%* (7912/10000)
Train epoch: 13 | Loss: *0.008* | Acc: *99.978%* (49989/50000) 
Test epoch: 13 | Loss: *0.697* | Acc: *80.110%* (8011/10000)
Train epoch: 14 | Loss: *0.005* | Acc: *100.000%* (50000/50000) 
Test epoch: 14 | Loss: *0.657* | Acc: *81.290%* (8129/10000)
Train epoch: 15 | Loss: *0.004* | Acc: *100.000%* (50000/50000) 
Test epoch: 15 | Loss: *0.646* | Acc: *81.530%* (8153/10000)
Train epoch: 16 | Loss: *0.003* | Acc: *100.000%* (50000/50000) 
Test epoch: 16 | Loss: *0.744* | Acc: *79.370%* (7937/10000)
Train epoch: 17 | Loss: *0.111* | Acc: *96.702%* (48351/50000) 
Test epoch: 17 | Loss: *0.913* | Acc: *73.480%* (7348/10000)
Train epoch: 18 | Loss: *0.061* | Acc: *98.478%* (49239/50000) 
Test epoch: 18 | Loss: *0.814* | Acc: *77.320%* (7732/10000)
Train epoch: 19 | Loss: *0.019* | Acc: *99.822%* (49911/50000) 
Test epoch: 19 | Loss: *0.805* | Acc: *77.690%* (7769/10000)
Train epoch: 20 | Loss: *0.006* | Acc: *99.998%* (49999/50000) 
Test epoch: 20 | Loss: *0.663* | Acc: *81.560%* (8156/10000)
Train epoch: 21 | Loss: *0.004* | Acc: *100.000%* (50000/50000) 
Test epoch: 21 | Loss: *0.652* | Acc: *81.860%* (8186/10000)
Train epoch: 22 | Loss: *0.003* | Acc: *100.000%* (50000/50000) 
Test epoch: 22 | Loss: *0.645* | Acc: *81.830%* (8183/10000)
Train epoch: 23 | Loss: *0.003* | Acc: *100.000%* (50000/50000) 
Test epoch: 23 | Loss: *0.652* | Acc: *81.430%* (8143/10000)
Train epoch: 24 | Loss: *0.003* | Acc: *100.000%* (50000/50000) 
Test epoch: 24 | Loss: *0.652* | Acc: *81.680%* (8168/10000)
Train epoch: 25 | Loss: *0.003* | Acc: *100.000%* (50000/50000) 
Test epoch: 25 | Loss: *0.639* | Acc: *81.710%* (8171/10000)
Train epoch: 26 | Loss: *0.003* | Acc: *100.000%* (50000/50000) 
Test epoch: 26 | Loss: *0.633* | Acc: *81.420%* (8142/10000)
Train epoch: 27 | Loss: *0.003* | Acc: *99.996%* (49998/50000) 
Test epoch: 27 | Loss: *0.631* | Acc: *81.620%* (8162/10000)
Train epoch: 28 | Loss: *0.003* | Acc: *100.000%* (50000/50000) 
Test epoch: 28 | Loss: *0.691* | Acc: *79.970%* (7997/10000)
Train epoch: 29 | Loss: *0.003* | Acc: *100.000%* (50000/50000) 
Test epoch: 29 | Loss: *0.626* | Acc: *81.770%* (8177/10000)
Train epoch: 30 | Loss: *0.081* | Acc: *97.668%* (48834/50000) 
Test epoch: 30 | Loss: *1.325* | Acc: *67.220%* (6722/10000)
Train epoch: 31 | Loss: *0.101* | Acc: *97.250%* (48625/50000) 
Test epoch: 31 | Loss: *0.849* | Acc: *75.900%* (7590/10000)
Train epoch: 32 | Loss: *0.029* | Acc: *99.592%* (49796/50000) 
Test epoch: 32 | Loss: *0.733* | Acc: *79.020%* (7902/10000)
Train epoch: 33 | Loss: *0.007* | Acc: *99.990%* (49995/50000) 
Test epoch: 33 | Loss: *0.642* | Acc: *81.390%* (8139/10000)
Train epoch: 34 | Loss: *0.004* | Acc: *100.000%* (50000/50000) 
Test epoch: 34 | Loss: *0.637* | Acc: *81.490%* (8149/10000)
Train epoch: 35 | Loss: *0.003* | Acc: *100.000%* (50000/50000) 
Test epoch: 35 | Loss: *0.637* | Acc: *81.510%* (8151/10000)
Train epoch: 36 | Loss: *0.003* | Acc: *100.000%* (50000/50000) 
Test epoch: 36 | Loss: *0.632* | Acc: *81.690%* (8169/10000)
Train epoch: 37 | Loss: *0.003* | Acc: *100.000%* (50000/50000) 
Test epoch: 37 | Loss: *0.624* | Acc: *81.630%* (8163/10000)
Train epoch: 38 | Loss: *0.002* | Acc: *100.000%* (50000/50000) 
Test epoch: 38 | Loss: *0.625* | Acc: *81.620%* (8162/10000)
Train epoch: 39 | Loss: *0.002* | Acc: *100.000%* (50000/50000) 
Test epoch: 39 | Loss: *0.621* | Acc: *81.590%* (8159/10000)
Train epoch: 40 | Loss: *0.002* | Acc: *100.000%* (50000/50000) 
Test epoch: 40 | Loss: *0.622* | Acc: *81.500%* (8150/10000)
Train epoch: 41 | Loss: *0.002* | Acc: *100.000%* (50000/50000) 
Test epoch: 41 | Loss: *0.619* | Acc: *81.690%* (8169/10000)
Train epoch: 42 | Loss: *0.002* | Acc: *100.000%* (50000/50000) 
Test epoch: 42 | Loss: *0.623* | Acc: *81.390%* (8139/10000)
Train epoch: 43 | Loss: *0.002* | Acc: *100.000%* (50000/50000) 
Test epoch: 43 | Loss: *0.627* | Acc: *81.460%* (8146/10000)
Train epoch: 44 | Loss: *0.002* | Acc: *100.000%* (50000/50000) 
Test epoch: 44 | Loss: *0.712* | Acc: *80.300%* (8030/10000)
Train epoch: 45 | Loss: *0.002* | Acc: *100.000%* (50000/50000) 
Test epoch: 45 | Loss: *0.612* | Acc: *81.740%* (8174/10000)
Train epoch: 46 | Loss: *0.018* | Acc: *99.756%* (49878/50000) 
Test epoch: 46 | Loss: *0.738* | Acc: *78.330%* (7833/10000)
Train epoch: 47 | Loss: *0.005* | Acc: *99.990%* (49995/50000) 
Test epoch: 47 | Loss: *0.627* | Acc: *80.960%* (8096/10000)
Train epoch: 48 | Loss: *0.003* | Acc: *100.000%* (50000/50000) 
Test epoch: 48 | Loss: *0.623* | Acc: *80.980%* (8098/10000)
Train epoch: 49 | Loss: *0.003* | Acc: *100.000%* (50000/50000) 
Test epoch: 49 | Loss: *0.627* | Acc: *81.390%* (8139/10000)
Train epoch: 50 | Loss: *0.002* | Acc: *100.000%* (50000/50000) 
Test epoch: 50 | Loss: *0.619* | Acc: *81.350%* (8135/10000)
Train epoch: 51 | Loss: *0.002* | Acc: *100.000%* (50000/50000) 
Test epoch: 51 | Loss: *0.614* | Acc: *81.410%* (8141/10000)
Train epoch: 52 | Loss: *0.093* | Acc: *97.372%* (48686/50000) 
Test epoch: 52 | Loss: *2.254* | Acc: *50.950%* (5095/10000)
Train epoch: 53 | Loss: *0.078* | Acc: *98.118%* (49059/50000) 
Test epoch: 53 | Loss: *0.874* | Acc: *75.170%* (7517/10000)
Train epoch: 54 | Loss: *0.017* | Acc: *99.890%* (49945/50000) 
Test epoch: 54 | Loss: *0.640* | Acc: *81.410%* (8141/10000)
Train epoch: 55 | Loss: *0.005* | Acc: *100.000%* (50000/50000) 
Test epoch: 55 | Loss: *0.630* | Acc: *81.600%* (8160/10000)
Train epoch: 56 | Loss: *0.003* | Acc: *100.000%* (50000/50000) 
Test epoch: 56 | Loss: *0.626* | Acc: *81.610%* (8161/10000)
Train epoch: 57 | Loss: *0.003* | Acc: *100.000%* (50000/50000) 
Test epoch: 57 | Loss: *0.624* | Acc: *81.740%* (8174/10000)
Train epoch: 58 | Loss: *0.002* | Acc: *100.000%* (50000/50000) 
Test epoch: 58 | Loss: *0.628* | Acc: *81.580%* (8158/10000)
Train epoch: 59 | Loss: *0.002* | Acc: *100.000%* (50000/50000) 
Test epoch: 59 | Loss: *0.627* | Acc: *81.480%* (8148/10000)
Train epoch: 60 | Loss: *0.002* | Acc: *100.000%* (50000/50000) 
Test epoch: 60 | Loss: *0.627* | Acc: *81.510%* (8151/10000)
Train epoch: 61 | Loss: *0.002* | Acc: *100.000%* (50000/50000) 
Test epoch: 61 | Loss: *0.625* | Acc: *81.720%* (8172/10000)
Train epoch: 62 | Loss: *0.002* | Acc: *100.000%* (50000/50000) 
Test epoch: 62 | Loss: *0.621* | Acc: *81.670%* (8167/10000)
Train epoch: 63 | Loss: *0.002* | Acc: *100.000%* (50000/50000) 
Test epoch: 63 | Loss: *0.629* | Acc: *81.240%* (8124/10000)
Train epoch: 64 | Loss: *0.002* | Acc: *100.000%* (50000/50000) 
Test epoch: 64 | Loss: *0.624* | Acc: *81.560%* (8156/10000)
Train epoch: 65 | Loss: *0.002* | Acc: *100.000%* (50000/50000) 
Test epoch: 65 | Loss: *0.621* | Acc: *81.640%* (8164/10000)
Train epoch: 66 | Loss: *0.002* | Acc: *100.000%* (50000/50000) 
Test epoch: 66 | Loss: *0.620* | Acc: *81.480%* (8148/10000)
Train epoch: 67 | Loss: *0.002* | Acc: *100.000%* (50000/50000) 
Test epoch: 67 | Loss: *0.618* | Acc: *81.490%* (8149/10000)
Train epoch: 68 | Loss: *0.002* | Acc: *100.000%* (50000/50000) 
Test epoch: 68 | Loss: *0.617* | Acc: *81.450%* (8145/10000)
Train epoch: 69 | Loss: *0.002* | Acc: *100.000%* (50000/50000) 
Test epoch: 69 | Loss: *0.621* | Acc: *81.410%* (8141/10000)
Train epoch: 70 | Loss: *0.002* | Acc: *100.000%* (50000/50000) 
Test epoch: 70 | Loss: *0.614* | Acc: *81.330%* (8133/10000)
Train epoch: 71 | Loss: *0.002* | Acc: *100.000%* (50000/50000) 
Test epoch: 71 | Loss: *0.619* | Acc: *81.240%* (8124/10000)
Train epoch: 72 | Loss: *0.002* | Acc: *100.000%* (50000/50000) 
Test epoch: 72 | Loss: *0.619* | Acc: *81.210%* (8121/10000)
Train epoch: 73 | Loss: *0.002* | Acc: *100.000%* (50000/50000) 
Test epoch: 73 | Loss: *0.612* | Acc: *81.530%* (8153/10000)
Train epoch: 74 | Loss: *0.002* | Acc: *100.000%* (50000/50000) 
Test epoch: 74 | Loss: *0.618* | Acc: *81.340%* (8134/10000)
Train epoch: 75 | Loss: *0.002* | Acc: *100.000%* (50000/50000) 
Test epoch: 75 | Loss: *0.613* | Acc: *81.470%* (8147/10000)
Train epoch: 76 | Loss: *0.002* | Acc: *100.000%* (50000/50000) 
Test epoch: 76 | Loss: *0.613* | Acc: *81.430%* (8143/10000)
Train epoch: 77 | Loss: *0.002* | Acc: *100.000%* (50000/50000) 
Test epoch: 77 | Loss: *0.618* | Acc: *81.380%* (8138/10000)
Train epoch: 78 | Loss: *0.002* | Acc: *100.000%* (50000/50000) 
Test epoch: 78 | Loss: *0.616* | Acc: *81.170%* (8117/10000)
Train epoch: 79 | Loss: *0.002* | Acc: *100.000%* (50000/50000) 
Test epoch: 79 | Loss: *0.626* | Acc: *81.020%* (8102/10000)
Train epoch: 80 | Loss: *0.002* | Acc: *100.000%* (50000/50000) 
Test epoch: 80 | Loss: *0.613* | Acc: *81.090%* (8109/10000)
Train epoch: 81 | Loss: *0.002* | Acc: *100.000%* (50000/50000) 
Test epoch: 81 | Loss: *0.619* | Acc: *80.990%* (8099/10000)
Train epoch: 82 | Loss: *0.002* | Acc: *100.000%* (50000/50000) 
Test epoch: 82 | Loss: *0.616* | Acc: *81.160%* (8116/10000)
Train epoch: 83 | Loss: *0.002* | Acc: *100.000%* (50000/50000) 
Test epoch: 83 | Loss: *0.620* | Acc: *80.930%* (8093/10000)
Train epoch: 84 | Loss: *0.002* | Acc: *100.000%* (50000/50000) 
Test epoch: 84 | Loss: *0.618* | Acc: *81.280%* (8128/10000)
Train epoch: 85 | Loss: *0.002* | Acc: *100.000%* (50000/50000) 
Test epoch: 85 | Loss: *0.620* | Acc: *81.140%* (8114/10000)
Train epoch: 86 | Loss: *0.002* | Acc: *100.000%* (50000/50000) 
Test epoch: 86 | Loss: *0.617* | Acc: *81.270%* (8127/10000)
Train epoch: 87 | Loss: *0.002* | Acc: *100.000%* (50000/50000) 
Test epoch: 87 | Loss: *0.622* | Acc: *81.110%* (8111/10000)
Train epoch: 88 | Loss: *0.002* | Acc: *100.000%* (50000/50000) 
Test epoch: 88 | Loss: *0.621* | Acc: *81.010%* (8101/10000)
Train epoch: 89 | Loss: *0.002* | Acc: *100.000%* (50000/50000) 
Test epoch: 89 | Loss: *0.618* | Acc: *81.290%* (8129/10000)
Train epoch: 90 | Loss: *0.002* | Acc: *100.000%* (50000/50000) 
Test epoch: 90 | Loss: *0.618* | Acc: *80.990%* (8099/10000)
Train epoch: 91 | Loss: *0.002* | Acc: *100.000%* (50000/50000) 
Test epoch: 91 | Loss: *0.621* | Acc: *80.990%* (8099/10000)
Train epoch: 92 | Loss: *0.002* | Acc: *100.000%* (50000/50000) 
Test epoch: 92 | Loss: *0.623* | Acc: *80.860%* (8086/10000)
Train epoch: 93 | Loss: *0.002* | Acc: *100.000%* (50000/50000) 
Test epoch: 93 | Loss: *0.619* | Acc: *81.240%* (8124/10000)
Train epoch: 94 | Loss: *0.002* | Acc: *100.000%* (50000/50000) 
Test epoch: 94 | Loss: *0.630* | Acc: *80.970%* (8097/10000)
Train epoch: 95 | Loss: *0.002* | Acc: *100.000%* (50000/50000) 
Test epoch: 95 | Loss: *0.621* | Acc: *80.920%* (8092/10000)
Train epoch: 96 | Loss: *0.002* | Acc: *100.000%* (50000/50000) 
Test epoch: 96 | Loss: *0.626* | Acc: *81.050%* (8105/10000)
Train epoch: 97 | Loss: *0.002* | Acc: *100.000%* (50000/50000) 
Test epoch: 97 | Loss: *0.625* | Acc: *80.710%* (8071/10000)
Train epoch: 98 | Loss: *0.002* | Acc: *100.000%* (50000/50000) 
Test epoch: 98 | Loss: *0.639* | Acc: *80.550%* (8055/10000)
Train epoch: 99 | Loss: *0.002* | Acc: *100.000%* (50000/50000) 
Test epoch: 99 | Loss: *0.629* | Acc: *80.870%* (8087/10000)
Train epoch: 100 | Loss: *0.002* | Acc: *100.000%* (50000/50000) 
Test epoch: 100 | Loss: *0.629* | Acc: *80.850%* (8085/10000)
Train epoch: 101 | Loss: *0.002* | Acc: *100.000%* (50000/50000) 
Test epoch: 101 | Loss: *0.632* | Acc: *80.620%* (8062/10000)
Train epoch: 102 | Loss: *0.002* | Acc: *100.000%* (50000/50000) 
Test epoch: 102 | Loss: *0.637* | Acc: *80.370%* (8037/10000)
Train epoch: 103 | Loss: *0.002* | Acc: *100.000%* (50000/50000) 
Test epoch: 103 | Loss: *0.628* | Acc: *80.680%* (8068/10000)
Train epoch: 104 | Loss: *0.002* | Acc: *100.000%* (50000/50000) 
Test epoch: 104 | Loss: *0.625* | Acc: *80.780%* (8078/10000)
Train epoch: 105 | Loss: *0.002* | Acc: *100.000%* (50000/50000) 
Test epoch: 105 | Loss: *0.628* | Acc: *80.610%* (8061/10000)
Train epoch: 106 | Loss: *0.002* | Acc: *100.000%* (50000/50000) 
Test epoch: 106 | Loss: *0.634* | Acc: *80.660%* (8066/10000)
Train epoch: 107 | Loss: *0.002* | Acc: *100.000%* (50000/50000) 
Test epoch: 107 | Loss: *0.627* | Acc: *80.700%* (8070/10000)
Train epoch: 108 | Loss: *0.002* | Acc: *100.000%* (50000/50000) 
Test epoch: 108 | Loss: *0.657* | Acc: *80.300%* (8030/10000)
Train epoch: 109 | Loss: *0.002* | Acc: *100.000%* (50000/50000) 
Test epoch: 109 | Loss: *0.636* | Acc: *80.590%* (8059/10000)
Train epoch: 110 | Loss: *0.002* | Acc: *100.000%* (50000/50000) 
Test epoch: 110 | Loss: *0.635* | Acc: *80.430%* (8043/10000)
Train epoch: 111 | Loss: *0.002* | Acc: *100.000%* (50000/50000) 
Test epoch: 111 | Loss: *0.635* | Acc: *80.600%* (8060/10000)
Train epoch: 112 | Loss: *0.002* | Acc: *100.000%* (50000/50000) 
Test epoch: 112 | Loss: *0.632* | Acc: *80.610%* (8061/10000)
Train epoch: 113 | Loss: *0.002* | Acc: *100.000%* (50000/50000) 
Test epoch: 113 | Loss: *0.634* | Acc: *80.670%* (8067/10000)
Train epoch: 114 | Loss: *0.002* | Acc: *100.000%* (50000/50000) 
Test epoch: 114 | Loss: *0.645* | Acc: *79.980%* (7998/10000)
Train epoch: 115 | Loss: *0.002* | Acc: *100.000%* (50000/50000) 
Test epoch: 115 | Loss: *0.633* | Acc: *80.590%* (8059/10000)
Train epoch: 116 | Loss: *0.002* | Acc: *100.000%* (50000/50000) 
Test epoch: 116 | Loss: *0.637* | Acc: *80.360%* (8036/10000)
Train epoch: 117 | Loss: *0.002* | Acc: *100.000%* (50000/50000) 
Test epoch: 117 | Loss: *0.675* | Acc: *79.530%* (7953/10000)
Train epoch: 118 | Loss: *0.019* | Acc: *99.608%* (49804/50000) 
Test epoch: 118 | Loss: *0.857* | Acc: *74.430%* (7443/10000)
Train epoch: 119 | Loss: *0.017* | Acc: *99.938%* (49969/50000) 
Test epoch: 119 | Loss: *0.633* | Acc: *80.460%* (8046/10000)
Train epoch: 120 | Loss: *0.005* | Acc: *100.000%* (50000/50000) 
Test epoch: 120 | Loss: *0.635* | Acc: *80.480%* (8048/10000)
Train epoch: 121 | Loss: *0.003* | Acc: *100.000%* (50000/50000) 
Test epoch: 121 | Loss: *0.627* | Acc: *80.970%* (8097/10000)
Train epoch: 122 | Loss: *0.003* | Acc: *100.000%* (50000/50000) 
Test epoch: 122 | Loss: *0.628* | Acc: *80.870%* (8087/10000)
Train epoch: 123 | Loss: *0.003* | Acc: *100.000%* (50000/50000) 
Test epoch: 123 | Loss: *0.633* | Acc: *80.760%* (8076/10000)
Train epoch: 124 | Loss: *0.002* | Acc: *100.000%* (50000/50000) 
Test epoch: 124 | Loss: *0.631* | Acc: *80.680%* (8068/10000)
Train epoch: 125 | Loss: *0.002* | Acc: *100.000%* (50000/50000) 
Test epoch: 125 | Loss: *0.633* | Acc: *80.560%* (8056/10000)
Train epoch: 126 | Loss: *0.002* | Acc: *100.000%* (50000/50000) 
Test epoch: 126 | Loss: *0.631* | Acc: *80.790%* (8079/10000)
Train epoch: 127 | Loss: *0.002* | Acc: *100.000%* (50000/50000) 
Test epoch: 127 | Loss: *0.635* | Acc: *80.720%* (8072/10000)
Train epoch: 128 | Loss: *0.002* | Acc: *100.000%* (50000/50000) 
Test epoch: 128 | Loss: *0.633* | Acc: *80.750%* (8075/10000)
Train epoch: 129 | Loss: *0.002* | Acc: *100.000%* (50000/50000) 
Test epoch: 129 | Loss: *0.638* | Acc: *80.770%* (8077/10000)
Train epoch: 130 | Loss: *0.002* | Acc: *100.000%* (50000/50000) 
Test epoch: 130 | Loss: *0.635* | Acc: *80.640%* (8064/10000)
Train epoch: 131 | Loss: *0.002* | Acc: *100.000%* (50000/50000) 
Test epoch: 131 | Loss: *0.636* | Acc: *80.560%* (8056/10000)
Train epoch: 132 | Loss: *0.002* | Acc: *100.000%* (50000/50000) 
Test epoch: 132 | Loss: *0.635* | Acc: *80.610%* (8061/10000)
Train epoch: 133 | Loss: *0.002* | Acc: *100.000%* (50000/50000) 
Test epoch: 133 | Loss: *0.639* | Acc: *80.320%* (8032/10000)
Train epoch: 134 | Loss: *0.002* | Acc: *100.000%* (50000/50000) 
Test epoch: 134 | Loss: *0.635* | Acc: *80.570%* (8057/10000)
Train epoch: 135 | Loss: *0.002* | Acc: *100.000%* (50000/50000) 
Test epoch: 135 | Loss: *0.638* | Acc: *80.490%* (8049/10000)
Train epoch: 136 | Loss: *0.002* | Acc: *100.000%* (50000/50000) 
Test epoch: 136 | Loss: *0.637* | Acc: *80.600%* (8060/10000)
Train epoch: 137 | Loss: *0.002* | Acc: *100.000%* (50000/50000) 
Test epoch: 137 | Loss: *0.642* | Acc: *80.500%* (8050/10000)
Train epoch: 138 | Loss: *0.002* | Acc: *100.000%* (50000/50000) 
Test epoch: 138 | Loss: *0.638* | Acc: *80.560%* (8056/10000)
Train epoch: 139 | Loss: *0.002* | Acc: *100.000%* (50000/50000) 
Test epoch: 139 | Loss: *0.639* | Acc: *80.400%* (8040/10000)
Train epoch: 140 | Loss: *0.002* | Acc: *100.000%* (50000/50000) 
Test epoch: 140 | Loss: *0.638* | Acc: *80.400%* (8040/10000)
Train epoch: 141 | Loss: *0.002* | Acc: *100.000%* (50000/50000) 
Test epoch: 141 | Loss: *0.638* | Acc: *80.400%* (8040/10000)
Train epoch: 142 | Loss: *0.002* | Acc: *100.000%* (50000/50000) 
Test epoch: 142 | Loss: *0.638* | Acc: *80.600%* (8060/10000)
Train epoch: 143 | Loss: *0.002* | Acc: *100.000%* (50000/50000) 
Test epoch: 143 | Loss: *0.640* | Acc: *80.360%* (8036/10000)
Train epoch: 144 | Loss: *0.002* | Acc: *100.000%* (50000/50000) 
Test epoch: 144 | Loss: *0.639* | Acc: *80.360%* (8036/10000)
Train epoch: 145 | Loss: *0.002* | Acc: *100.000%* (50000/50000) 
Test epoch: 145 | Loss: *0.641* | Acc: *80.280%* (8028/10000)
Train epoch: 146 | Loss: *0.002* | Acc: *100.000%* (50000/50000) 
Test epoch: 146 | Loss: *0.640* | Acc: *80.470%* (8047/10000)
Train epoch: 147 | Loss: *0.002* | Acc: *100.000%* (50000/50000) 
Test epoch: 147 | Loss: *0.641* | Acc: *80.450%* (8045/10000)
Train epoch: 148 | Loss: *0.002* | Acc: *100.000%* (50000/50000) 
Test epoch: 148 | Loss: *0.640* | Acc: *80.350%* (8035/10000)
Train epoch: 149 | Loss: *0.002* | Acc: *100.000%* (50000/50000) 
Test epoch: 149 | Loss: *0.641* | Acc: *80.370%* (8037/10000)
Train epoch: 150 | Loss: *0.002* | Acc: *100.000%* (50000/50000) 
Test epoch: 150 | Loss: *0.641* | Acc: *80.310%* (8031/10000)
Train epoch: 151 | Loss: *0.002* | Acc: *100.000%* (50000/50000) 
Test epoch: 151 | Loss: *0.641* | Acc: *80.410%* (8041/10000)
Train epoch: 152 | Loss: *0.002* | Acc: *100.000%* (50000/50000) 
Test epoch: 152 | Loss: *0.641* | Acc: *80.370%* (8037/10000)
Train epoch: 153 | Loss: *0.002* | Acc: *100.000%* (50000/50000) 
Test epoch: 153 | Loss: *0.643* | Acc: *80.170%* (8017/10000)
Train epoch: 154 | Loss: *0.002* | Acc: *100.000%* (50000/50000) 
Test epoch: 154 | Loss: *0.644* | Acc: *80.370%* (8037/10000)
Train epoch: 155 | Loss: *0.002* | Acc: *100.000%* (50000/50000) 
Test epoch: 155 | Loss: *0.641* | Acc: *80.330%* (8033/10000)
Train epoch: 156 | Loss: *0.002* | Acc: *100.000%* (50000/50000) 
Test epoch: 156 | Loss: *0.643* | Acc: *80.240%* (8024/10000)
Train epoch: 157 | Loss: *0.002* | Acc: *100.000%* (50000/50000) 
Test epoch: 157 | Loss: *0.643* | Acc: *80.210%* (8021/10000)
Train epoch: 158 | Loss: *0.002* | Acc: *100.000%* (50000/50000) 
Test epoch: 158 | Loss: *0.644* | Acc: *80.400%* (8040/10000)
Train epoch: 159 | Loss: *0.002* | Acc: *100.000%* (50000/50000) 
Test epoch: 159 | Loss: *0.640* | Acc: *80.260%* (8026/10000)
Train epoch: 160 | Loss: *0.002* | Acc: *100.000%* (50000/50000) 
Test epoch: 160 | Loss: *0.643* | Acc: *80.300%* (8030/10000)
Train epoch: 161 | Loss: *0.002* | Acc: *100.000%* (50000/50000) 
Test epoch: 161 | Loss: *0.643* | Acc: *80.180%* (8018/10000)
Train epoch: 162 | Loss: *0.002* | Acc: *100.000%* (50000/50000) 
Test epoch: 162 | Loss: *0.642* | Acc: *80.330%* (8033/10000)
Train epoch: 163 | Loss: *0.002* | Acc: *100.000%* (50000/50000) 
Test epoch: 163 | Loss: *0.644* | Acc: *80.200%* (8020/10000)
Train epoch: 164 | Loss: *0.002* | Acc: *100.000%* (50000/50000) 
Test epoch: 164 | Loss: *0.642* | Acc: *80.250%* (8025/10000)
Train epoch: 165 | Loss: *0.002* | Acc: *100.000%* (50000/50000) 
Test epoch: 165 | Loss: *0.643* | Acc: *80.230%* (8023/10000)
Train epoch: 166 | Loss: *0.002* | Acc: *100.000%* (50000/50000) 
Test epoch: 166 | Loss: *0.641* | Acc: *80.190%* (8019/10000)
Train epoch: 167 | Loss: *0.002* | Acc: *100.000%* (50000/50000) 
Test epoch: 167 | Loss: *0.644* | Acc: *80.320%* (8032/10000)
Train epoch: 168 | Loss: *0.002* | Acc: *100.000%* (50000/50000) 
Test epoch: 168 | Loss: *0.644* | Acc: *80.130%* (8013/10000)
Train epoch: 169 | Loss: *0.002* | Acc: *100.000%* (50000/50000) 
Test epoch: 169 | Loss: *0.645* | Acc: *80.140%* (8014/10000)
Train epoch: 170 | Loss: *0.002* | Acc: *100.000%* (50000/50000) 
Test epoch: 170 | Loss: *0.643* | Acc: *80.170%* (8017/10000)
Train epoch: 171 | Loss: *0.002* | Acc: *100.000%* (50000/50000) 
Test epoch: 171 | Loss: *0.645* | Acc: *80.090%* (8009/10000)
Train epoch: 172 | Loss: *0.002* | Acc: *100.000%* (50000/50000) 
Test epoch: 172 | Loss: *0.644* | Acc: *80.190%* (8019/10000)
Train epoch: 173 | Loss: *0.002* | Acc: *100.000%* (50000/50000) 
Test epoch: 173 | Loss: *0.643* | Acc: *80.090%* (8009/10000)
Train epoch: 174 | Loss: *0.002* | Acc: *100.000%* (50000/50000) 
Test epoch: 174 | Loss: *0.643* | Acc: *80.220%* (8022/10000)
Train epoch: 175 | Loss: *0.002* | Acc: *100.000%* (50000/50000) 
Test epoch: 175 | Loss: *0.646* | Acc: *80.250%* (8025/10000)
Train epoch: 176 | Loss: *0.002* | Acc: *100.000%* (50000/50000) 
Test epoch: 176 | Loss: *0.643* | Acc: *80.200%* (8020/10000)
Train epoch: 177 | Loss: *0.002* | Acc: *100.000%* (50000/50000) 
Test epoch: 177 | Loss: *0.642* | Acc: *80.100%* (8010/10000)
Train epoch: 178 | Loss: *0.002* | Acc: *100.000%* (50000/50000) 
Test epoch: 178 | Loss: *0.645* | Acc: *80.160%* (8016/10000)
Train epoch: 179 | Loss: *0.002* | Acc: *100.000%* (50000/50000) 
Test epoch: 179 | Loss: *0.642* | Acc: *80.200%* (8020/10000)
Train epoch: 180 | Loss: *0.002* | Acc: *100.000%* (50000/50000) 
Test epoch: 180 | Loss: *0.642* | Acc: *80.120%* (8012/10000)
Train epoch: 181 | Loss: *0.002* | Acc: *100.000%* (50000/50000) 
Test epoch: 181 | Loss: *0.644* | Acc: *80.040%* (8004/10000)
Train epoch: 182 | Loss: *0.002* | Acc: *100.000%* (50000/50000) 
Test epoch: 182 | Loss: *0.645* | Acc: *80.150%* (8015/10000)
Train epoch: 183 | Loss: *0.002* | Acc: *100.000%* (50000/50000) 
Test epoch: 183 | Loss: *0.646* | Acc: *80.080%* (8008/10000)
Train epoch: 184 | Loss: *0.002* | Acc: *100.000%* (50000/50000) 
Test epoch: 184 | Loss: *0.646* | Acc: *80.120%* (8012/10000)
Train epoch: 185 | Loss: *0.002* | Acc: *100.000%* (50000/50000) 
Test epoch: 185 | Loss: *0.645* | Acc: *80.180%* (8018/10000)
Train epoch: 186 | Loss: *0.002* | Acc: *100.000%* (50000/50000) 
Test epoch: 186 | Loss: *0.645* | Acc: *80.090%* (8009/10000)
Train epoch: 187 | Loss: *0.002* | Acc: *100.000%* (50000/50000) 
Test epoch: 187 | Loss: *0.647* | Acc: *80.030%* (8003/10000)
Train epoch: 188 | Loss: *0.002* | Acc: *100.000%* (50000/50000) 
Test epoch: 188 | Loss: *0.646* | Acc: *79.920%* (7992/10000)
Train epoch: 189 | Loss: *0.002* | Acc: *100.000%* (50000/50000) 
Test epoch: 189 | Loss: *0.644* | Acc: *80.140%* (8014/10000)
Train epoch: 190 | Loss: *0.002* | Acc: *100.000%* (50000/50000) 
Test epoch: 190 | Loss: *0.644* | Acc: *80.060%* (8006/10000)
Train epoch: 191 | Loss: *0.002* | Acc: *100.000%* (50000/50000) 
Test epoch: 191 | Loss: *0.646* | Acc: *80.150%* (8015/10000)
Train epoch: 192 | Loss: *0.002* | Acc: *100.000%* (50000/50000) 
Test epoch: 192 | Loss: *0.647* | Acc: *80.100%* (8010/10000)
Train epoch: 193 | Loss: *0.002* | Acc: *100.000%* (50000/50000) 
Test epoch: 193 | Loss: *0.644* | Acc: *80.130%* (8013/10000)
Train epoch: 194 | Loss: *0.002* | Acc: *100.000%* (50000/50000) 
Test epoch: 194 | Loss: *0.644* | Acc: *80.250%* (8025/10000)
Train epoch: 195 | Loss: *0.002* | Acc: *100.000%* (50000/50000) 
Test epoch: 195 | Loss: *0.644* | Acc: *80.260%* (8026/10000)
Train epoch: 196 | Loss: *0.002* | Acc: *100.000%* (50000/50000) 
Test epoch: 196 | Loss: *0.645* | Acc: *80.180%* (8018/10000)
Train epoch: 197 | Loss: *0.002* | Acc: *100.000%* (50000/50000) 
Test epoch: 197 | Loss: *0.644* | Acc: *80.090%* (8009/10000)
Train epoch: 198 | Loss: *0.002* | Acc: *100.000%* (50000/50000) 
Test epoch: 198 | Loss: *0.644* | Acc: *80.170%* (8017/10000)
Train epoch: 199 | Loss: *0.002* | Acc: *100.000%* (50000/50000) 
Test epoch: 199 | Loss: *0.645* | Acc: *80.110%* (8011/10000)
Train epoch: 200 | Loss: *0.002* | Acc: *100.000%* (50000/50000) 
Test epoch: 200 | Loss: *0.645* | Acc: *80.080%* (8008/10000)
Train epoch: 201 | Loss: *0.002* | Acc: *100.000%* (50000/50000) 
Test epoch: 201 | Loss: *0.648* | Acc: *80.100%* (8010/10000)
Train epoch: 202 | Loss: *0.002* | Acc: *100.000%* (50000/50000) 
Test epoch: 202 | Loss: *0.644* | Acc: *80.200%* (8020/10000)
Train epoch: 203 | Loss: *0.002* | Acc: *100.000%* (50000/50000) 
Test epoch: 203 | Loss: *0.644* | Acc: *80.220%* (8022/10000)
Train epoch: 204 | Loss: *0.002* | Acc: *100.000%* (50000/50000) 
Test epoch: 204 | Loss: *0.644* | Acc: *80.090%* (8009/10000)
Train epoch: 205 | Loss: *0.002* | Acc: *100.000%* (50000/50000) 
Test epoch: 205 | Loss: *0.644* | Acc: *80.220%* (8022/10000)
Train epoch: 206 | Loss: *0.002* | Acc: *100.000%* (50000/50000) 
Test epoch: 206 | Loss: *0.646* | Acc: *80.070%* (8007/10000)
Train epoch: 207 | Loss: *0.002* | Acc: *100.000%* (50000/50000) 
Test epoch: 207 | Loss: *0.644* | Acc: *80.040%* (8004/10000)
Train epoch: 208 | Loss: *0.002* | Acc: *100.000%* (50000/50000) 
Test epoch: 208 | Loss: *0.644* | Acc: *80.200%* (8020/10000)
Train epoch: 209 | Loss: *0.002* | Acc: *100.000%* (50000/50000) 
Test epoch: 209 | Loss: *0.644* | Acc: *80.210%* (8021/10000)
Train epoch: 210 | Loss: *0.002* | Acc: *100.000%* (50000/50000) 
Test epoch: 210 | Loss: *0.644* | Acc: *80.120%* (8012/10000)
Train epoch: 211 | Loss: *0.002* | Acc: *100.000%* (50000/50000) 
Test epoch: 211 | Loss: *0.645* | Acc: *80.190%* (8019/10000)
Train epoch: 212 | Loss: *0.002* | Acc: *100.000%* (50000/50000) 
Test epoch: 212 | Loss: *0.645* | Acc: *80.330%* (8033/10000)
Train epoch: 213 | Loss: *0.002* | Acc: *100.000%* (50000/50000) 
Test epoch: 213 | Loss: *0.645* | Acc: *80.000%* (8000/10000)
Train epoch: 214 | Loss: *0.002* | Acc: *100.000%* (50000/50000) 
Test epoch: 214 | Loss: *0.645* | Acc: *80.130%* (8013/10000)
Train epoch: 215 | Loss: *0.002* | Acc: *100.000%* (50000/50000) 
Test epoch: 215 | Loss: *0.643* | Acc: *80.150%* (8015/10000)
Train epoch: 216 | Loss: *0.002* | Acc: *100.000%* (50000/50000) 
Test epoch: 216 | Loss: *0.646* | Acc: *80.070%* (8007/10000)
Train epoch: 217 | Loss: *0.002* | Acc: *100.000%* (50000/50000) 
Test epoch: 217 | Loss: *0.644* | Acc: *80.250%* (8025/10000)
Train epoch: 218 | Loss: *0.002* | Acc: *100.000%* (50000/50000) 
Test epoch: 218 | Loss: *0.644* | Acc: *80.060%* (8006/10000)
Train epoch: 219 | Loss: *0.002* | Acc: *100.000%* (50000/50000) 
Test epoch: 219 | Loss: *0.644* | Acc: *80.150%* (8015/10000)
Train epoch: 220 | Loss: *0.002* | Acc: *100.000%* (50000/50000) 
Test epoch: 220 | Loss: *0.645* | Acc: *80.130%* (8013/10000)
Train epoch: 221 | Loss: *0.002* | Acc: *100.000%* (50000/50000) 
Test epoch: 221 | Loss: *0.644* | Acc: *80.130%* (8013/10000)
Train epoch: 222 | Loss: *0.002* | Acc: *100.000%* (50000/50000) 
Test epoch: 222 | Loss: *0.645* | Acc: *80.120%* (8012/10000)
Train epoch: 223 | Loss: *0.002* | Acc: *100.000%* (50000/50000) 
Test epoch: 223 | Loss: *0.644* | Acc: *80.220%* (8022/10000)
Train epoch: 224 | Loss: *0.002* | Acc: *100.000%* (50000/50000) 
Test epoch: 224 | Loss: *0.645* | Acc: *80.100%* (8010/10000)
Train epoch: 225 | Loss: *0.002* | Acc: *100.000%* (50000/50000) 
Test epoch: 225 | Loss: *0.645* | Acc: *80.220%* (8022/10000)
Train epoch: 226 | Loss: *0.002* | Acc: *100.000%* (50000/50000) 
Test epoch: 226 | Loss: *0.645* | Acc: *80.130%* (8013/10000)
Train epoch: 227 | Loss: *0.002* | Acc: *100.000%* (50000/50000) 
Test epoch: 227 | Loss: *0.646* | Acc: *80.110%* (8011/10000)
Train epoch: 228 | Loss: *0.002* | Acc: *100.000%* (50000/50000) 
Test epoch: 228 | Loss: *0.647* | Acc: *80.010%* (8001/10000)
Train epoch: 229 | Loss: *0.002* | Acc: *100.000%* (50000/50000) 
Test epoch: 229 | Loss: *0.646* | Acc: *80.150%* (8015/10000)
Train epoch: 230 | Loss: *0.002* | Acc: *100.000%* (50000/50000) 
Test epoch: 230 | Loss: *0.644* | Acc: *80.200%* (8020/10000)
Train epoch: 231 | Loss: *0.002* | Acc: *100.000%* (50000/50000) 
Test epoch: 231 | Loss: *0.645* | Acc: *80.130%* (8013/10000)
Train epoch: 232 | Loss: *0.002* | Acc: *100.000%* (50000/50000) 
Test epoch: 232 | Loss: *0.647* | Acc: *80.100%* (8010/10000)
Train epoch: 233 | Loss: *0.002* | Acc: *100.000%* (50000/50000) 
Test epoch: 233 | Loss: *0.647* | Acc: *80.050%* (8005/10000)
Train epoch: 234 | Loss: *0.002* | Acc: *100.000%* (50000/50000) 
Test epoch: 234 | Loss: *0.647* | Acc: *80.160%* (8016/10000)
Train epoch: 235 | Loss: *0.002* | Acc: *100.000%* (50000/50000) 
Test epoch: 235 | Loss: *0.646* | Acc: *80.100%* (8010/10000)
Train epoch: 236 | Loss: *0.002* | Acc: *100.000%* (50000/50000) 
Test epoch: 236 | Loss: *0.646* | Acc: *80.070%* (8007/10000)
Train epoch: 237 | Loss: *0.002* | Acc: *100.000%* (50000/50000) 
Test epoch: 237 | Loss: *0.645* | Acc: *80.120%* (8012/10000)
Train epoch: 238 | Loss: *0.002* | Acc: *100.000%* (50000/50000) 
Test epoch: 238 | Loss: *0.646* | Acc: *80.110%* (8011/10000)
Train epoch: 239 | Loss: *0.002* | Acc: *100.000%* (50000/50000) 
Test epoch: 239 | Loss: *0.645* | Acc: *80.060%* (8006/10000)
Train epoch: 240 | Loss: *0.002* | Acc: *100.000%* (50000/50000) 
Test epoch: 240 | Loss: *0.645* | Acc: *80.040%* (8004/10000)
Train epoch: 241 | Loss: *0.002* | Acc: *100.000%* (50000/50000) 
Test epoch: 241 | Loss: *0.648* | Acc: *80.010%* (8001/10000)
Train epoch: 242 | Loss: *0.002* | Acc: *100.000%* (50000/50000) 
Test epoch: 242 | Loss: *0.652* | Acc: *79.940%* (7994/10000)
Train epoch: 243 | Loss: *0.002* | Acc: *100.000%* (50000/50000) 
Test epoch: 243 | Loss: *0.648* | Acc: *80.010%* (8001/10000)
Train epoch: 244 | Loss: *0.002* | Acc: *100.000%* (50000/50000) 
Test epoch: 244 | Loss: *0.650* | Acc: *79.930%* (7993/10000)
Train epoch: 245 | Loss: *0.002* | Acc: *100.000%* (50000/50000) 
Test epoch: 245 | Loss: *0.648* | Acc: *80.050%* (8005/10000)
Train epoch: 246 | Loss: *0.002* | Acc: *100.000%* (50000/50000) 
Test epoch: 246 | Loss: *0.647* | Acc: *79.960%* (7996/10000)
Train epoch: 247 | Loss: *0.002* | Acc: *100.000%* (50000/50000) 
Test epoch: 247 | Loss: *0.647* | Acc: *79.970%* (7997/10000)
Train epoch: 248 | Loss: *0.002* | Acc: *100.000%* (50000/50000) 
Test epoch: 248 | Loss: *0.650* | Acc: *79.920%* (7992/10000)
Train epoch: 249 | Loss: *0.002* | Acc: *100.000%* (50000/50000) 
Test epoch: 249 | Loss: *0.648* | Acc: *79.870%* (7987/10000)
Train epoch: 250 | Loss: *0.002* | Acc: *100.000%* (50000/50000) 
Test epoch: 250 | Loss: *0.649* | Acc: *79.900%* (7990/10000)
Train epoch: 251 | Loss: *0.002* | Acc: *100.000%* (50000/50000) 
Test epoch: 251 | Loss: *0.651* | Acc: *79.940%* (7994/10000)
Train epoch: 252 | Loss: *0.002* | Acc: *100.000%* (50000/50000) 
Test epoch: 252 | Loss: *0.649* | Acc: *80.000%* (8000/10000)
Train epoch: 253 | Loss: *0.002* | Acc: *100.000%* (50000/50000) 
Test epoch: 253 | Loss: *0.648* | Acc: *79.980%* (7998/10000)
Train epoch: 254 | Loss: *0.002* | Acc: *100.000%* (50000/50000) 
Test epoch: 254 | Loss: *0.651* | Acc: *79.850%* (7985/10000)
Train epoch: 255 | Loss: *0.002* | Acc: *100.000%* (50000/50000) 
Test epoch: 255 | Loss: *0.651* | Acc: *79.950%* (7995/10000)
Train epoch: 256 | Loss: *0.002* | Acc: *100.000%* (50000/50000) 
Test epoch: 256 | Loss: *0.652* | Acc: *79.900%* (7990/10000)
Train epoch: 257 | Loss: *0.002* | Acc: *100.000%* (50000/50000) 
Test epoch: 257 | Loss: *0.652* | Acc: *79.760%* (7976/10000)
Train epoch: 258 | Loss: *0.002* | Acc: *100.000%* (50000/50000) 
Test epoch: 258 | Loss: *0.651* | Acc: *79.890%* (7989/10000)
Train epoch: 259 | Loss: *0.002* | Acc: *100.000%* (50000/50000) 
Test epoch: 259 | Loss: *0.654* | Acc: *79.820%* (7982/10000)
Train epoch: 260 | Loss: *0.002* | Acc: *100.000%* (50000/50000) 
Test epoch: 260 | Loss: *0.653* | Acc: *79.810%* (7981/10000)
Train epoch: 261 | Loss: *0.002* | Acc: *100.000%* (50000/50000) 
Test epoch: 261 | Loss: *0.653* | Acc: *79.680%* (7968/10000)
Train epoch: 262 | Loss: *0.002* | Acc: *100.000%* (50000/50000) 
Test epoch: 262 | Loss: *0.656* | Acc: *79.860%* (7986/10000)
Train epoch: 263 | Loss: *0.002* | Acc: *100.000%* (50000/50000) 
Test epoch: 263 | Loss: *0.655* | Acc: *79.720%* (7972/10000)
Train epoch: 264 | Loss: *0.002* | Acc: *100.000%* (50000/50000) 
Test epoch: 264 | Loss: *0.653* | Acc: *79.790%* (7979/10000)
Train epoch: 265 | Loss: *0.002* | Acc: *100.000%* (50000/50000) 
Test epoch: 265 | Loss: *0.652* | Acc: *79.930%* (7993/10000)
Train epoch: 266 | Loss: *0.002* | Acc: *100.000%* (50000/50000) 
Test epoch: 266 | Loss: *0.653* | Acc: *79.720%* (7972/10000)
Train epoch: 267 | Loss: *0.002* | Acc: *100.000%* (50000/50000) 
Test epoch: 267 | Loss: *0.657* | Acc: *79.730%* (7973/10000)
Train epoch: 268 | Loss: *0.002* | Acc: *100.000%* (50000/50000) 
Test epoch: 268 | Loss: *0.657* | Acc: *79.670%* (7967/10000)
Train epoch: 269 | Loss: *0.002* | Acc: *100.000%* (50000/50000) 
Test epoch: 269 | Loss: *0.667* | Acc: *79.560%* (7956/10000)
Train epoch: 270 | Loss: *0.002* | Acc: *100.000%* (50000/50000) 
Test epoch: 270 | Loss: *0.659* | Acc: *79.780%* (7978/10000)
Train epoch: 271 | Loss: *0.002* | Acc: *100.000%* (50000/50000) 
Test epoch: 271 | Loss: *0.660* | Acc: *79.620%* (7962/10000)
Train epoch: 272 | Loss: *0.002* | Acc: *100.000%* (50000/50000) 
Test epoch: 272 | Loss: *0.654* | Acc: *79.620%* (7962/10000)
Train epoch: 273 | Loss: *0.002* | Acc: *100.000%* (50000/50000) 
Test epoch: 273 | Loss: *0.664* | Acc: *79.490%* (7949/10000)
Train epoch: 274 | Loss: *0.002* | Acc: *100.000%* (50000/50000) 
Test epoch: 274 | Loss: *0.658* | Acc: *79.410%* (7941/10000)
Train epoch: 275 | Loss: *0.002* | Acc: *100.000%* (50000/50000) 
Test epoch: 275 | Loss: *0.694* | Acc: *78.780%* (7878/10000)
Train epoch: 276 | Loss: *0.002* | Acc: *100.000%* (50000/50000) 
Test epoch: 276 | Loss: *0.667* | Acc: *79.350%* (7935/10000)
Train epoch: 277 | Loss: *0.002* | Acc: *100.000%* (50000/50000) 
Test epoch: 277 | Loss: *0.656* | Acc: *79.640%* (7964/10000)
Train epoch: 278 | Loss: *0.002* | Acc: *100.000%* (50000/50000) 
Test epoch: 278 | Loss: *0.664* | Acc: *79.580%* (7958/10000)
Train epoch: 279 | Loss: *0.002* | Acc: *100.000%* (50000/50000) 
Test epoch: 279 | Loss: *0.678* | Acc: *79.150%* (7915/10000)
Train epoch: 280 | Loss: *0.002* | Acc: *100.000%* (50000/50000) 
Test epoch: 280 | Loss: *0.661* | Acc: *79.370%* (7937/10000)
Train epoch: 281 | Loss: *0.002* | Acc: *100.000%* (50000/50000) 
Test epoch: 281 | Loss: *0.679* | Acc: *79.150%* (7915/10000)
Train epoch: 282 | Loss: *0.002* | Acc: *100.000%* (50000/50000) 
Test epoch: 282 | Loss: *0.669* | Acc: *79.360%* (7936/10000)
Train epoch: 283 | Loss: *0.002* | Acc: *100.000%* (50000/50000) 
Test epoch: 283 | Loss: *0.671* | Acc: *79.470%* (7947/10000)
Train epoch: 284 | Loss: *0.002* | Acc: *100.000%* (50000/50000) 
Test epoch: 284 | Loss: *0.666* | Acc: *79.710%* (7971/10000)
Train epoch: 285 | Loss: *0.042* | Acc: *98.788%* (49394/50000) 
Test epoch: 285 | Loss: *1.178* | Acc: *65.680%* (6568/10000)
Train epoch: 286 | Loss: *0.248* | Acc: *92.404%* (46202/50000) 
Test epoch: 286 | Loss: *0.741* | Acc: *76.520%* (7652/10000)
Train epoch: 287 | Loss: *0.041* | Acc: *99.590%* (49795/50000) 
Test epoch: 287 | Loss: *0.641* | Acc: *80.030%* (8003/10000)
Train epoch: 288 | Loss: *0.010* | Acc: *99.990%* (49995/50000) 
Test epoch: 288 | Loss: *0.625* | Acc: *80.660%* (8066/10000)
Train epoch: 289 | Loss: *0.005* | Acc: *100.000%* (50000/50000) 
Test epoch: 289 | Loss: *0.617* | Acc: *81.020%* (8102/10000)
Train epoch: 290 | Loss: *0.004* | Acc: *100.000%* (50000/50000) 
Test epoch: 290 | Loss: *0.622* | Acc: *81.090%* (8109/10000)
Train epoch: 291 | Loss: *0.003* | Acc: *100.000%* (50000/50000) 
Test epoch: 291 | Loss: *0.623* | Acc: *80.790%* (8079/10000)
Train epoch: 292 | Loss: *0.003* | Acc: *100.000%* (50000/50000) 
Test epoch: 292 | Loss: *0.654* | Acc: *80.170%* (8017/10000)
Train epoch: 293 | Loss: *0.003* | Acc: *100.000%* (50000/50000) 
Test epoch: 293 | Loss: *0.628* | Acc: *80.800%* (8080/10000)
Train epoch: 294 | Loss: *0.003* | Acc: *100.000%* (50000/50000) 
Test epoch: 294 | Loss: *0.631* | Acc: *80.590%* (8059/10000)
Train epoch: 295 | Loss: *0.002* | Acc: *100.000%* (50000/50000) 
Test epoch: 295 | Loss: *0.633* | Acc: *80.570%* (8057/10000)
Train epoch: 296 | Loss: *0.002* | Acc: *100.000%* (50000/50000) 
Test epoch: 296 | Loss: *0.632* | Acc: *80.650%* (8065/10000)
Train epoch: 297 | Loss: *0.002* | Acc: *100.000%* (50000/50000) 
Test epoch: 297 | Loss: *0.636* | Acc: *80.530%* (8053/10000)
Train epoch: 298 | Loss: *0.002* | Acc: *100.000%* (50000/50000) 
Test epoch: 298 | Loss: *0.636* | Acc: *80.540%* (8054/10000)
Train epoch: 299 | Loss: *0.002* | Acc: *100.000%* (50000/50000) 
Test epoch: 299 | Loss: *0.639* | Acc: *80.450%* (8045/10000)
Train epoch: 300 | Loss: *0.002* | Acc: *100.000%* (50000/50000) 
Test epoch: 300 | Loss: *0.639* | Acc: *80.320%* (8032/10000)
Train epoch: 301 | Loss: *0.002* | Acc: *100.000%* (50000/50000) 
Test epoch: 301 | Loss: *0.647* | Acc: *80.180%* (8018/10000)
Train epoch: 302 | Loss: *0.002* | Acc: *100.000%* (50000/50000) 
Test epoch: 302 | Loss: *0.640* | Acc: *80.440%* (8044/10000)
Train epoch: 303 | Loss: *0.002* | Acc: *100.000%* (50000/50000) 
Test epoch: 303 | Loss: *0.641* | Acc: *80.370%* (8037/10000)
Train epoch: 304 | Loss: *0.002* | Acc: *100.000%* (50000/50000) 
Test epoch: 304 | Loss: *0.642* | Acc: *80.390%* (8039/10000)
Train epoch: 305 | Loss: *0.002* | Acc: *100.000%* (50000/50000) 
Test epoch: 305 | Loss: *0.645* | Acc: *80.440%* (8044/10000)
Train epoch: 306 | Loss: *0.002* | Acc: *100.000%* (50000/50000) 
Test epoch: 306 | Loss: *0.644* | Acc: *80.450%* (8045/10000)
Train epoch: 307 | Loss: *0.002* | Acc: *100.000%* (50000/50000) 
Test epoch: 307 | Loss: *0.644* | Acc: *80.230%* (8023/10000)
Train epoch: 308 | Loss: *0.002* | Acc: *100.000%* (50000/50000) 
Test epoch: 308 | Loss: *0.644* | Acc: *80.440%* (8044/10000)
Train epoch: 309 | Loss: *0.002* | Acc: *100.000%* (50000/50000) 
Test epoch: 309 | Loss: *0.647* | Acc: *80.310%* (8031/10000)
Train epoch: 310 | Loss: *0.002* | Acc: *100.000%* (50000/50000) 
Test epoch: 310 | Loss: *0.646* | Acc: *80.390%* (8039/10000)
Train epoch: 311 | Loss: *0.002* | Acc: *100.000%* (50000/50000) 
Test epoch: 311 | Loss: *0.647* | Acc: *80.220%* (8022/10000)
Train epoch: 312 | Loss: *0.002* | Acc: *100.000%* (50000/50000) 
Test epoch: 312 | Loss: *0.649* | Acc: *80.320%* (8032/10000)
Train epoch: 313 | Loss: *0.002* | Acc: *100.000%* (50000/50000) 
Test epoch: 313 | Loss: *0.646* | Acc: *80.220%* (8022/10000)
Train epoch: 314 | Loss: *0.002* | Acc: *100.000%* (50000/50000) 
Test epoch: 314 | Loss: *0.647* | Acc: *80.390%* (8039/10000)
Train epoch: 315 | Loss: *0.002* | Acc: *100.000%* (50000/50000) 
Test epoch: 315 | Loss: *0.653* | Acc: *80.250%* (8025/10000)
Train epoch: 316 | Loss: *0.002* | Acc: *100.000%* (50000/50000) 
Test epoch: 316 | Loss: *0.651* | Acc: *80.080%* (8008/10000)
Train epoch: 317 | Loss: *0.002* | Acc: *100.000%* (50000/50000) 
Test epoch: 317 | Loss: *0.654* | Acc: *80.050%* (8005/10000)
Train epoch: 318 | Loss: *0.002* | Acc: *100.000%* (50000/50000) 
Test epoch: 318 | Loss: *0.663* | Acc: *80.090%* (8009/10000)
Train epoch: 319 | Loss: *0.002* | Acc: *100.000%* (50000/50000) 
Test epoch: 319 | Loss: *0.653* | Acc: *80.070%* (8007/10000)
Train epoch: 320 | Loss: *0.002* | Acc: *100.000%* (50000/50000) 
Test epoch: 320 | Loss: *0.659* | Acc: *79.990%* (7999/10000)
Train epoch: 321 | Loss: *0.002* | Acc: *100.000%* (50000/50000) 
Test epoch: 321 | Loss: *0.660* | Acc: *80.210%* (8021/10000)
Train epoch: 322 | Loss: *0.002* | Acc: *100.000%* (50000/50000) 
Test epoch: 322 | Loss: *0.659* | Acc: *79.900%* (7990/10000)
Train epoch: 323 | Loss: *0.002* | Acc: *100.000%* (50000/50000) 
Test epoch: 323 | Loss: *0.659* | Acc: *80.170%* (8017/10000)
Train epoch: 324 | Loss: *0.002* | Acc: *100.000%* (50000/50000) 
Test epoch: 324 | Loss: *0.668* | Acc: *79.610%* (7961/10000)
Train epoch: 325 | Loss: *0.002* | Acc: *100.000%* (50000/50000) 
Test epoch: 325 | Loss: *0.663* | Acc: *80.190%* (8019/10000)
Train epoch: 326 | Loss: *0.002* | Acc: *100.000%* (50000/50000) 
Test epoch: 326 | Loss: *0.663* | Acc: *79.920%* (7992/10000)
Train epoch: 327 | Loss: *0.002* | Acc: *100.000%* (50000/50000) 
Test epoch: 327 | Loss: *0.660* | Acc: *79.970%* (7997/10000)
Train epoch: 328 | Loss: *0.002* | Acc: *100.000%* (50000/50000) 
Test epoch: 328 | Loss: *0.670* | Acc: *79.780%* (7978/10000)
Train epoch: 329 | Loss: *0.002* | Acc: *100.000%* (50000/50000) 
Test epoch: 329 | Loss: *0.662* | Acc: *80.180%* (8018/10000)
Train epoch: 330 | Loss: *0.002* | Acc: *100.000%* (50000/50000) 
Test epoch: 330 | Loss: *0.665* | Acc: *79.980%* (7998/10000)
Train epoch: 331 | Loss: *0.295* | Acc: *90.296%* (45148/50000) 
Test epoch: 331 | Loss: *0.818* | Acc: *74.140%* (7414/10000)
Train epoch: 332 | Loss: *0.147* | Acc: *95.816%* (47908/50000) 
Test epoch: 332 | Loss: *0.873* | Acc: *73.760%* (7376/10000)
Train epoch: 333 | Loss: *0.044* | Acc: *99.212%* (49606/50000) 
Test epoch: 333 | Loss: *0.712* | Acc: *78.670%* (7867/10000)
Train epoch: 334 | Loss: *0.011* | Acc: *99.944%* (49972/50000) 
Test epoch: 334 | Loss: *0.648* | Acc: *80.890%* (8089/10000)
Train epoch: 335 | Loss: *0.004* | Acc: *100.000%* (50000/50000) 
Test epoch: 335 | Loss: *0.628* | Acc: *81.330%* (8133/10000)
Train epoch: 336 | Loss: *0.003* | Acc: *100.000%* (50000/50000) 
Test epoch: 336 | Loss: *0.633* | Acc: *81.210%* (8121/10000)
Train epoch: 337 | Loss: *0.003* | Acc: *100.000%* (50000/50000) 
Test epoch: 337 | Loss: *0.631* | Acc: *81.400%* (8140/10000)
Train epoch: 338 | Loss: *0.002* | Acc: *100.000%* (50000/50000) 
Test epoch: 338 | Loss: *0.637* | Acc: *81.170%* (8117/10000)
Train epoch: 339 | Loss: *0.002* | Acc: *100.000%* (50000/50000) 
Test epoch: 339 | Loss: *0.640* | Acc: *81.050%* (8105/10000)
Train epoch: 340 | Loss: *0.002* | Acc: *100.000%* (50000/50000) 
Test epoch: 340 | Loss: *0.636* | Acc: *81.260%* (8126/10000)
Train epoch: 341 | Loss: *0.002* | Acc: *100.000%* (50000/50000) 
Test epoch: 341 | Loss: *0.636* | Acc: *81.230%* (8123/10000)
Train epoch: 342 | Loss: *0.002* | Acc: *100.000%* (50000/50000) 
Test epoch: 342 | Loss: *0.640* | Acc: *80.890%* (8089/10000)
Train epoch: 343 | Loss: *0.002* | Acc: *100.000%* (50000/50000) 
Test epoch: 343 | Loss: *0.639* | Acc: *80.880%* (8088/10000)
Train epoch: 344 | Loss: *0.002* | Acc: *100.000%* (50000/50000) 
Test epoch: 344 | Loss: *0.640* | Acc: *81.060%* (8106/10000)
Train epoch: 345 | Loss: *0.002* | Acc: *100.000%* (50000/50000) 
Test epoch: 345 | Loss: *0.643* | Acc: *80.890%* (8089/10000)
Train epoch: 346 | Loss: *0.002* | Acc: *100.000%* (50000/50000) 
Test epoch: 346 | Loss: *0.641* | Acc: *80.890%* (8089/10000)
Train epoch: 347 | Loss: *0.002* | Acc: *100.000%* (50000/50000) 
Test epoch: 347 | Loss: *0.642* | Acc: *80.810%* (8081/10000)
Train epoch: 348 | Loss: *0.002* | Acc: *100.000%* (50000/50000) 
Test epoch: 348 | Loss: *0.643* | Acc: *80.850%* (8085/10000)
Train epoch: 349 | Loss: *0.002* | Acc: *100.000%* (50000/50000) 
Test epoch: 349 | Loss: *0.642* | Acc: *80.920%* (8092/10000)
Train epoch: 350 | Loss: *0.002* | Acc: *100.000%* (50000/50000) 
Test epoch: 350 | Loss: *0.642* | Acc: *80.830%* (8083/10000)
Train epoch: 351 | Loss: *0.002* | Acc: *100.000%* (50000/50000) 
Test epoch: 351 | Loss: *0.642* | Acc: *80.890%* (8089/10000)
Train epoch: 352 | Loss: *0.002* | Acc: *100.000%* (50000/50000) 
Test epoch: 352 | Loss: *0.643* | Acc: *80.850%* (8085/10000)
Train epoch: 353 | Loss: *0.002* | Acc: *100.000%* (50000/50000) 
Test epoch: 353 | Loss: *0.644* | Acc: *80.720%* (8072/10000)
Train epoch: 354 | Loss: *0.002* | Acc: *100.000%* (50000/50000) 
Test epoch: 354 | Loss: *0.644* | Acc: *80.830%* (8083/10000)
Train epoch: 355 | Loss: *0.002* | Acc: *100.000%* (50000/50000) 
Test epoch: 355 | Loss: *0.647* | Acc: *80.780%* (8078/10000)
Train epoch: 356 | Loss: *0.002* | Acc: *100.000%* (50000/50000) 
Test epoch: 356 | Loss: *0.641* | Acc: *80.610%* (8061/10000)
Train epoch: 357 | Loss: *0.002* | Acc: *100.000%* (50000/50000) 
Test epoch: 357 | Loss: *0.644* | Acc: *80.780%* (8078/10000)
Train epoch: 358 | Loss: *0.002* | Acc: *100.000%* (50000/50000) 
Test epoch: 358 | Loss: *0.644* | Acc: *80.550%* (8055/10000)
Train epoch: 359 | Loss: *0.002* | Acc: *100.000%* (50000/50000) 
Test epoch: 359 | Loss: *0.647* | Acc: *80.550%* (8055/10000)
Train epoch: 360 | Loss: *0.002* | Acc: *100.000%* (50000/50000) 
Test epoch: 360 | Loss: *0.650* | Acc: *80.490%* (8049/10000)
Train epoch: 361 | Loss: *0.002* | Acc: *100.000%* (50000/50000) 
Test epoch: 361 | Loss: *0.645* | Acc: *80.560%* (8056/10000)
Train epoch: 362 | Loss: *0.002* | Acc: *100.000%* (50000/50000) 
Test epoch: 362 | Loss: *0.650* | Acc: *80.560%* (8056/10000)
Train epoch: 363 | Loss: *0.002* | Acc: *100.000%* (50000/50000) 
Test epoch: 363 | Loss: *0.650* | Acc: *80.430%* (8043/10000)
Train epoch: 364 | Loss: *0.002* | Acc: *100.000%* (50000/50000) 
Test epoch: 364 | Loss: *0.649* | Acc: *80.580%* (8058/10000)
Train epoch: 365 | Loss: *0.002* | Acc: *100.000%* (50000/50000) 
Test epoch: 365 | Loss: *0.651* | Acc: *80.340%* (8034/10000)
Train epoch: 366 | Loss: *0.002* | Acc: *100.000%* (50000/50000) 
Test epoch: 366 | Loss: *0.659* | Acc: *80.330%* (8033/10000)
Train epoch: 367 | Loss: *0.002* | Acc: *100.000%* (50000/50000) 
Test epoch: 367 | Loss: *0.652* | Acc: *80.360%* (8036/10000)
Train epoch: 368 | Loss: *0.002* | Acc: *100.000%* (50000/50000) 
Test epoch: 368 | Loss: *0.654* | Acc: *80.330%* (8033/10000)
Train epoch: 369 | Loss: *0.002* | Acc: *100.000%* (50000/50000) 
Test epoch: 369 | Loss: *0.653* | Acc: *80.310%* (8031/10000)
Train epoch: 370 | Loss: *0.002* | Acc: *100.000%* (50000/50000) 
Test epoch: 370 | Loss: *0.654* | Acc: *80.280%* (8028/10000)
Train epoch: 371 | Loss: *0.002* | Acc: *100.000%* (50000/50000) 
Test epoch: 371 | Loss: *0.654* | Acc: *80.240%* (8024/10000)
Train epoch: 372 | Loss: *0.002* | Acc: *100.000%* (50000/50000) 
Test epoch: 372 | Loss: *0.657* | Acc: *80.040%* (8004/10000)
Train epoch: 373 | Loss: *0.002* | Acc: *100.000%* (50000/50000) 
Test epoch: 373 | Loss: *0.656* | Acc: *80.170%* (8017/10000)
Train epoch: 374 | Loss: *0.002* | Acc: *100.000%* (50000/50000) 
Test epoch: 374 | Loss: *0.664* | Acc: *80.110%* (8011/10000)
Train epoch: 375 | Loss: *0.002* | Acc: *100.000%* (50000/50000) 
Test epoch: 375 | Loss: *0.656* | Acc: *80.210%* (8021/10000)
Train epoch: 376 | Loss: *0.002* | Acc: *100.000%* (50000/50000) 
Test epoch: 376 | Loss: *0.658* | Acc: *80.250%* (8025/10000)
Train epoch: 377 | Loss: *0.002* | Acc: *100.000%* (50000/50000) 
Test epoch: 377 | Loss: *0.667* | Acc: *79.820%* (7982/10000)
Train epoch: 378 | Loss: *0.002* | Acc: *100.000%* (50000/50000) 
Test epoch: 378 | Loss: *0.675* | Acc: *79.600%* (7960/10000)
Train epoch: 379 | Loss: *0.002* | Acc: *100.000%* (50000/50000) 
Test epoch: 379 | Loss: *0.661* | Acc: *80.150%* (8015/10000)
Train epoch: 380 | Loss: *0.002* | Acc: *100.000%* (50000/50000) 
Test epoch: 380 | Loss: *0.661* | Acc: *80.140%* (8014/10000)
Train epoch: 381 | Loss: *0.002* | Acc: *100.000%* (50000/50000) 
Test epoch: 381 | Loss: *0.678* | Acc: *79.540%* (7954/10000)
Train epoch: 382 | Loss: *0.002* | Acc: *100.000%* (50000/50000) 
Test epoch: 382 | Loss: *0.678* | Acc: *79.610%* (7961/10000)
Train epoch: 383 | Loss: *0.002* | Acc: *100.000%* (50000/50000) 
Test epoch: 383 | Loss: *0.665* | Acc: *79.950%* (7995/10000)
Train epoch: 384 | Loss: *0.002* | Acc: *100.000%* (50000/50000) 
Test epoch: 384 | Loss: *0.672* | Acc: *79.520%* (7952/10000)
Train epoch: 385 | Loss: *0.002* | Acc: *100.000%* (50000/50000) 
Test epoch: 385 | Loss: *0.669* | Acc: *79.930%* (7993/10000)
Train epoch: 386 | Loss: *0.002* | Acc: *100.000%* (50000/50000) 
Test epoch: 386 | Loss: *0.662* | Acc: *79.750%* (7975/10000)
Train epoch: 387 | Loss: *0.002* | Acc: *100.000%* (50000/50000) 
Test epoch: 387 | Loss: *0.666* | Acc: *79.840%* (7984/10000)
Train epoch: 388 | Loss: *0.002* | Acc: *100.000%* (50000/50000) 
Test epoch: 388 | Loss: *0.674* | Acc: *79.780%* (7978/10000)
Train epoch: 389 | Loss: *0.002* | Acc: *100.000%* (50000/50000) 
Test epoch: 389 | Loss: *0.664* | Acc: *79.850%* (7985/10000)
Train epoch: 390 | Loss: *0.002* | Acc: *100.000%* (50000/50000) 
Test epoch: 390 | Loss: *0.670* | Acc: *79.770%* (7977/10000)
Train epoch: 391 | Loss: *0.002* | Acc: *100.000%* (50000/50000) 
Test epoch: 391 | Loss: *0.671* | Acc: *79.650%* (7965/10000)
Train epoch: 392 | Loss: *0.002* | Acc: *100.000%* (50000/50000) 
Test epoch: 392 | Loss: *0.878* | Acc: *75.480%* (7548/10000)
Train epoch: 393 | Loss: *0.002* | Acc: *100.000%* (50000/50000) 
Test epoch: 393 | Loss: *0.668* | Acc: *79.770%* (7977/10000)
Train epoch: 394 | Loss: *0.002* | Acc: *100.000%* (50000/50000) 
Test epoch: 394 | Loss: *0.665* | Acc: *80.120%* (8012/10000)
Train epoch: 395 | Loss: *0.002* | Acc: *100.000%* (50000/50000) 
Test epoch: 395 | Loss: *0.687* | Acc: *79.160%* (7916/10000)
Train epoch: 396 | Loss: *0.002* | Acc: *100.000%* (50000/50000) 
Test epoch: 396 | Loss: *0.672* | Acc: *79.810%* (7981/10000)
Train epoch: 397 | Loss: *0.002* | Acc: *100.000%* (50000/50000) 
Test epoch: 397 | Loss: *0.672* | Acc: *79.580%* (7958/10000)
Train epoch: 398 | Loss: *0.002* | Acc: *100.000%* (50000/50000) 
Test epoch: 398 | Loss: *0.706* | Acc: *78.840%* (7884/10000)
Train epoch: 399 | Loss: *0.002* | Acc: *100.000%* (50000/50000) 
Test epoch: 399 | Loss: *0.676* | Acc: *79.720%* (7972/10000)
Train epoch: 400 | Loss: *0.002* | Acc: *100.000%* (50000/50000) 
Test epoch: 400 | Loss: *0.669* | Acc: *79.900%* (7990/10000)
Train epoch: 401 | Loss: *0.002* | Acc: *100.000%* (50000/50000) 
Test epoch: 401 | Loss: *0.684* | Acc: *79.660%* (7966/10000)
Train epoch: 402 | Loss: *0.002* | Acc: *100.000%* (50000/50000) 
Test epoch: 402 | Loss: *0.676* | Acc: *79.680%* (7968/10000)
Train epoch: 403 | Loss: *0.002* | Acc: *100.000%* (50000/50000) 
Test epoch: 403 | Loss: *0.678* | Acc: *79.790%* (7979/10000)
Train epoch: 404 | Loss: *0.002* | Acc: *100.000%* (50000/50000) 
Test epoch: 404 | Loss: *0.685* | Acc: *79.300%* (7930/10000)
Train epoch: 405 | Loss: *0.002* | Acc: *100.000%* (50000/50000) 
Test epoch: 405 | Loss: *0.674* | Acc: *79.510%* (7951/10000)
Train epoch: 406 | Loss: *0.002* | Acc: *100.000%* (50000/50000) 
Test epoch: 406 | Loss: *0.699* | Acc: *79.210%* (7921/10000)
Train epoch: 407 | Loss: *0.002* | Acc: *100.000%* (50000/50000) 
Test epoch: 407 | Loss: *0.683* | Acc: *79.400%* (7940/10000)
Train epoch: 408 | Loss: *0.002* | Acc: *100.000%* (50000/50000) 
Test epoch: 408 | Loss: *0.686* | Acc: *79.180%* (7918/10000)
Train epoch: 409 | Loss: *0.002* | Acc: *100.000%* (50000/50000) 
Test epoch: 409 | Loss: *0.690* | Acc: *79.210%* (7921/10000)
Train epoch: 410 | Loss: *0.002* | Acc: *100.000%* (50000/50000) 
Test epoch: 410 | Loss: *0.684* | Acc: *79.490%* (7949/10000)
Train epoch: 411 | Loss: *0.002* | Acc: *100.000%* (50000/50000) 
Test epoch: 411 | Loss: *0.691* | Acc: *79.060%* (7906/10000)
Train epoch: 412 | Loss: *0.002* | Acc: *100.000%* (50000/50000) 
Test epoch: 412 | Loss: *0.682* | Acc: *79.230%* (7923/10000)
Train epoch: 413 | Loss: *0.002* | Acc: *100.000%* (50000/50000) 
Test epoch: 413 | Loss: *0.681* | Acc: *79.520%* (7952/10000)
Train epoch: 414 | Loss: *0.002* | Acc: *100.000%* (50000/50000) 
Test epoch: 414 | Loss: *0.683* | Acc: *79.560%* (7956/10000)
Train epoch: 415 | Loss: *0.002* | Acc: *100.000%* (50000/50000) 
Test epoch: 415 | Loss: *0.676* | Acc: *79.510%* (7951/10000)
Train epoch: 416 | Loss: *0.002* | Acc: *100.000%* (50000/50000) 
Test epoch: 416 | Loss: *0.683* | Acc: *79.440%* (7944/10000)
Train epoch: 417 | Loss: *0.002* | Acc: *100.000%* (50000/50000) 
Test epoch: 417 | Loss: *0.682* | Acc: *79.320%* (7932/10000)
Train epoch: 418 | Loss: *0.002* | Acc: *100.000%* (50000/50000) 
Test epoch: 418 | Loss: *0.678* | Acc: *79.480%* (7948/10000)
Train epoch: 419 | Loss: *0.002* | Acc: *100.000%* (50000/50000) 
Test epoch: 419 | Loss: *0.686* | Acc: *79.150%* (7915/10000)
Train epoch: 420 | Loss: *0.331* | Acc: *89.038%* (44519/50000) 
Test epoch: 420 | Loss: *0.974* | Acc: *67.650%* (6765/10000)
Train epoch: 421 | Loss: *0.281* | Acc: *90.896%* (45448/50000) 
Test epoch: 421 | Loss: *0.983* | Acc: *69.660%* (6966/10000)
Train epoch: 422 | Loss: *0.108* | Acc: *97.040%* (48520/50000) 
Test epoch: 422 | Loss: *0.893* | Acc: *74.500%* (7450/10000)
Train epoch: 423 | Loss: *0.038* | Acc: *99.338%* (49669/50000) 
Test epoch: 423 | Loss: *0.707* | Acc: *79.750%* (7975/10000)
Train epoch: 424 | Loss: *0.011* | Acc: *99.938%* (49969/50000) 
Test epoch: 424 | Loss: *0.680* | Acc: *80.380%* (8038/10000)
Train epoch: 425 | Loss: *0.004* | Acc: *99.998%* (49999/50000) 
Test epoch: 425 | Loss: *0.636* | Acc: *81.470%* (8147/10000)
Train epoch: 426 | Loss: *0.003* | Acc: *100.000%* (50000/50000) 
Test epoch: 426 | Loss: *0.637* | Acc: *81.500%* (8150/10000)
Train epoch: 427 | Loss: *0.003* | Acc: *100.000%* (50000/50000) 
Test epoch: 427 | Loss: *0.634* | Acc: *81.670%* (8167/10000)
Train epoch: 428 | Loss: *0.002* | Acc: *100.000%* (50000/50000) 
Test epoch: 428 | Loss: *0.635* | Acc: *81.520%* (8152/10000)
Train epoch: 429 | Loss: *0.002* | Acc: *100.000%* (50000/50000) 
Test epoch: 429 | Loss: *0.637* | Acc: *81.370%* (8137/10000)
Train epoch: 430 | Loss: *0.002* | Acc: *100.000%* (50000/50000) 
Test epoch: 430 | Loss: *0.637* | Acc: *81.460%* (8146/10000)
Train epoch: 431 | Loss: *0.002* | Acc: *100.000%* (50000/50000) 
Test epoch: 431 | Loss: *0.638* | Acc: *81.490%* (8149/10000)
Train epoch: 432 | Loss: *0.002* | Acc: *100.000%* (50000/50000) 
Test epoch: 432 | Loss: *0.636* | Acc: *81.380%* (8138/10000)
Train epoch: 433 | Loss: *0.002* | Acc: *100.000%* (50000/50000) 
Test epoch: 433 | Loss: *0.640* | Acc: *81.210%* (8121/10000)
Train epoch: 434 | Loss: *0.002* | Acc: *100.000%* (50000/50000) 
Test epoch: 434 | Loss: *0.637* | Acc: *81.270%* (8127/10000)
Train epoch: 435 | Loss: *0.002* | Acc: *100.000%* (50000/50000) 
Test epoch: 435 | Loss: *0.636* | Acc: *81.230%* (8123/10000)
Train epoch: 436 | Loss: *0.002* | Acc: *100.000%* (50000/50000) 
Test epoch: 436 | Loss: *0.638* | Acc: *81.120%* (8112/10000)
Train epoch: 437 | Loss: *0.002* | Acc: *100.000%* (50000/50000) 
Test epoch: 437 | Loss: *0.638* | Acc: *81.220%* (8122/10000)
Train epoch: 438 | Loss: *0.002* | Acc: *100.000%* (50000/50000) 
Test epoch: 438 | Loss: *0.634* | Acc: *81.170%* (8117/10000)
Train epoch: 439 | Loss: *0.002* | Acc: *100.000%* (50000/50000) 
Test epoch: 439 | Loss: *0.640* | Acc: *81.060%* (8106/10000)
Train epoch: 440 | Loss: *0.002* | Acc: *100.000%* (50000/50000) 
Test epoch: 440 | Loss: *0.639* | Acc: *81.030%* (8103/10000)
Train epoch: 441 | Loss: *0.002* | Acc: *100.000%* (50000/50000) 
Test epoch: 441 | Loss: *0.638* | Acc: *81.130%* (8113/10000)
Train epoch: 442 | Loss: *0.002* | Acc: *100.000%* (50000/50000) 
Test epoch: 442 | Loss: *0.639* | Acc: *80.980%* (8098/10000)
Train epoch: 443 | Loss: *0.002* | Acc: *100.000%* (50000/50000) 
Test epoch: 443 | Loss: *0.638* | Acc: *81.040%* (8104/10000)
Train epoch: 444 | Loss: *0.002* | Acc: *100.000%* (50000/50000) 
Test epoch: 444 | Loss: *0.637* | Acc: *80.900%* (8090/10000)
Train epoch: 445 | Loss: *0.002* | Acc: *100.000%* (50000/50000) 
Test epoch: 445 | Loss: *0.640* | Acc: *80.930%* (8093/10000)
Train epoch: 446 | Loss: *0.002* | Acc: *100.000%* (50000/50000) 
Test epoch: 446 | Loss: *0.639* | Acc: *80.980%* (8098/10000)
Train epoch: 447 | Loss: *0.002* | Acc: *100.000%* (50000/50000) 
Test epoch: 447 | Loss: *0.640* | Acc: *80.980%* (8098/10000)
Train epoch: 448 | Loss: *0.002* | Acc: *100.000%* (50000/50000) 
Test epoch: 448 | Loss: *0.639* | Acc: *80.850%* (8085/10000)
Train epoch: 449 | Loss: *0.002* | Acc: *100.000%* (50000/50000) 
Test epoch: 449 | Loss: *0.639* | Acc: *80.800%* (8080/10000)
Train epoch: 450 | Loss: *0.002* | Acc: *100.000%* (50000/50000) 
Test epoch: 450 | Loss: *0.639* | Acc: *80.800%* (8080/10000)
Train epoch: 451 | Loss: *0.002* | Acc: *100.000%* (50000/50000) 
Test epoch: 451 | Loss: *0.639* | Acc: *80.750%* (8075/10000)
Train epoch: 452 | Loss: *0.002* | Acc: *100.000%* (50000/50000) 
Test epoch: 452 | Loss: *0.640* | Acc: *80.800%* (8080/10000)
Train epoch: 453 | Loss: *0.002* | Acc: *100.000%* (50000/50000) 
Test epoch: 453 | Loss: *0.639* | Acc: *80.780%* (8078/10000)
Train epoch: 454 | Loss: *0.002* | Acc: *100.000%* (50000/50000) 
Test epoch: 454 | Loss: *0.641* | Acc: *80.790%* (8079/10000)
Train epoch: 455 | Loss: *0.002* | Acc: *100.000%* (50000/50000) 
Test epoch: 455 | Loss: *0.643* | Acc: *80.790%* (8079/10000)
Train epoch: 456 | Loss: *0.002* | Acc: *100.000%* (50000/50000) 
Test epoch: 456 | Loss: *0.642* | Acc: *80.640%* (8064/10000)
Train epoch: 457 | Loss: *0.002* | Acc: *100.000%* (50000/50000) 
Test epoch: 457 | Loss: *0.641* | Acc: *80.770%* (8077/10000)
Train epoch: 458 | Loss: *0.002* | Acc: *100.000%* (50000/50000) 
Test epoch: 458 | Loss: *0.642* | Acc: *80.630%* (8063/10000)
Train epoch: 459 | Loss: *0.002* | Acc: *100.000%* (50000/50000) 
Test epoch: 459 | Loss: *0.643* | Acc: *80.600%* (8060/10000)
Train epoch: 460 | Loss: *0.002* | Acc: *100.000%* (50000/50000) 
Test epoch: 460 | Loss: *0.642* | Acc: *80.620%* (8062/10000)
Train epoch: 461 | Loss: *0.002* | Acc: *100.000%* (50000/50000) 
Test epoch: 461 | Loss: *0.644* | Acc: *80.600%* (8060/10000)
Train epoch: 462 | Loss: *0.002* | Acc: *100.000%* (50000/50000) 
Test epoch: 462 | Loss: *0.644* | Acc: *80.440%* (8044/10000)
Train epoch: 463 | Loss: *0.002* | Acc: *100.000%* (50000/50000) 
Test epoch: 463 | Loss: *0.645* | Acc: *80.420%* (8042/10000)
Train epoch: 464 | Loss: *0.002* | Acc: *100.000%* (50000/50000) 
Test epoch: 464 | Loss: *0.643* | Acc: *80.460%* (8046/10000)
Train epoch: 465 | Loss: *0.002* | Acc: *100.000%* (50000/50000) 
Test epoch: 465 | Loss: *0.645* | Acc: *80.290%* (8029/10000)
Train epoch: 466 | Loss: *0.002* | Acc: *100.000%* (50000/50000) 
Test epoch: 466 | Loss: *0.646* | Acc: *80.400%* (8040/10000)
Train epoch: 467 | Loss: *0.002* | Acc: *100.000%* (50000/50000) 
Test epoch: 467 | Loss: *0.646* | Acc: *80.280%* (8028/10000)
Train epoch: 468 | Loss: *0.002* | Acc: *100.000%* (50000/50000) 
Test epoch: 468 | Loss: *0.648* | Acc: *80.320%* (8032/10000)
Train epoch: 469 | Loss: *0.002* | Acc: *100.000%* (50000/50000) 
Test epoch: 469 | Loss: *0.649* | Acc: *80.220%* (8022/10000)
Train epoch: 470 | Loss: *0.002* | Acc: *100.000%* (50000/50000) 
Test epoch: 470 | Loss: *0.647* | Acc: *80.250%* (8025/10000)
Train epoch: 471 | Loss: *0.002* | Acc: *100.000%* (50000/50000) 
Test epoch: 471 | Loss: *0.649* | Acc: *80.320%* (8032/10000)
Train epoch: 472 | Loss: *0.002* | Acc: *100.000%* (50000/50000) 
Test epoch: 472 | Loss: *0.649* | Acc: *80.220%* (8022/10000)
Train epoch: 473 | Loss: *0.002* | Acc: *100.000%* (50000/50000) 
Test epoch: 473 | Loss: *0.649* | Acc: *80.290%* (8029/10000)
Train epoch: 474 | Loss: *0.002* | Acc: *100.000%* (50000/50000) 
Test epoch: 474 | Loss: *0.650* | Acc: *80.290%* (8029/10000)
Train epoch: 475 | Loss: *0.002* | Acc: *100.000%* (50000/50000) 
Test epoch: 475 | Loss: *0.650* | Acc: *80.340%* (8034/10000)
Train epoch: 476 | Loss: *0.002* | Acc: *100.000%* (50000/50000) 
Test epoch: 476 | Loss: *0.650* | Acc: *80.380%* (8038/10000)
Train epoch: 477 | Loss: *0.002* | Acc: *100.000%* (50000/50000) 
Test epoch: 477 | Loss: *0.653* | Acc: *80.210%* (8021/10000)
Train epoch: 478 | Loss: *0.002* | Acc: *100.000%* (50000/50000) 
Test epoch: 478 | Loss: *0.652* | Acc: *80.240%* (8024/10000)
Train epoch: 479 | Loss: *0.002* | Acc: *100.000%* (50000/50000) 
Test epoch: 479 | Loss: *0.654* | Acc: *80.160%* (8016/10000)
Train epoch: 480 | Loss: *0.002* | Acc: *100.000%* (50000/50000) 
Test epoch: 480 | Loss: *0.651* | Acc: *80.190%* (8019/10000)
Train epoch: 481 | Loss: *0.002* | Acc: *100.000%* (50000/50000) 
Test epoch: 481 | Loss: *0.651* | Acc: *80.150%* (8015/10000)
Train epoch: 482 | Loss: *0.002* | Acc: *100.000%* (50000/50000) 
Test epoch: 482 | Loss: *0.652* | Acc: *80.130%* (8013/10000)
Train epoch: 483 | Loss: *0.002* | Acc: *100.000%* (50000/50000) 
Test epoch: 483 | Loss: *0.654* | Acc: *80.140%* (8014/10000)
Train epoch: 484 | Loss: *0.002* | Acc: *100.000%* (50000/50000) 
Test epoch: 484 | Loss: *0.654* | Acc: *80.100%* (8010/10000)
Train epoch: 485 | Loss: *0.002* | Acc: *100.000%* (50000/50000) 
Test epoch: 485 | Loss: *0.654* | Acc: *80.160%* (8016/10000)
Train epoch: 486 | Loss: *0.002* | Acc: *100.000%* (50000/50000) 
Test epoch: 486 | Loss: *0.656* | Acc: *80.080%* (8008/10000)
Train epoch: 487 | Loss: *0.002* | Acc: *100.000%* (50000/50000) 
Test epoch: 487 | Loss: *0.657* | Acc: *79.940%* (7994/10000)
Train epoch: 488 | Loss: *0.002* | Acc: *100.000%* (50000/50000) 
Test epoch: 488 | Loss: *0.655* | Acc: *80.120%* (8012/10000)
Train epoch: 489 | Loss: *0.002* | Acc: *100.000%* (50000/50000) 
Test epoch: 489 | Loss: *0.654* | Acc: *80.010%* (8001/10000)
Train epoch: 490 | Loss: *0.002* | Acc: *100.000%* (50000/50000) 
Test epoch: 490 | Loss: *0.656* | Acc: *80.040%* (8004/10000)
Train epoch: 491 | Loss: *0.002* | Acc: *100.000%* (50000/50000) 
Test epoch: 491 | Loss: *0.655* | Acc: *80.170%* (8017/10000)
Train epoch: 492 | Loss: *0.002* | Acc: *100.000%* (50000/50000) 
Test epoch: 492 | Loss: *0.657* | Acc: *80.090%* (8009/10000)
Train epoch: 493 | Loss: *0.002* | Acc: *100.000%* (50000/50000) 
Test epoch: 493 | Loss: *0.658* | Acc: *79.940%* (7994/10000)
Train epoch: 494 | Loss: *0.002* | Acc: *100.000%* (50000/50000) 
Test epoch: 494 | Loss: *0.659* | Acc: *79.960%* (7996/10000)
Train epoch: 495 | Loss: *0.002* | Acc: *100.000%* (50000/50000) 
Test epoch: 495 | Loss: *0.659* | Acc: *79.910%* (7991/10000)
Train epoch: 496 | Loss: *0.002* | Acc: *100.000%* (50000/50000) 
Test epoch: 496 | Loss: *0.657* | Acc: *79.920%* (7992/10000)
Train epoch: 497 | Loss: *0.002* | Acc: *100.000%* (50000/50000) 
Test epoch: 497 | Loss: *0.658* | Acc: *79.800%* (7980/10000)
Train epoch: 498 | Loss: *0.002* | Acc: *100.000%* (50000/50000) 
Test epoch: 498 | Loss: *0.658* | Acc: *79.940%* (7994/10000)
Train epoch: 499 | Loss: *0.002* | Acc: *100.000%* (50000/50000) 
Test epoch: 499 | Loss: *0.660* | Acc: *79.860%* (7986/10000)
Train epoch: 500 | Loss: *0.002* | Acc: *100.000%* (50000/50000) 
Test epoch: 500 | Loss: *0.660* | Acc: *79.810%* (7981/10000)
Best test accuracy: *81.860%*, loss: *0.6522150278091431*, at epoch: *21*.
==> Execution time summary of 500 epoch(s).
Train data loading time: sum. *217.57750049699098* secs | avg. *0.43515500099398197* secs per epoch.
Train training time: sum. *1086.5768411466852* secs | avg. *2.1731536822933704* secs per epoch.
Train total time: sum. *1304.1543416436762* secs | avg. *2.608308683287352* secs per epoch.
Test data loading time: sum. *96.78456652536988* secs | avg. *0.19356913305073978* secs per epoch.
Test training time: sum. *81.04525453783572* secs | avg. *0.16209050907567144* secs per epoch.
Test total time: sum. *177.8298210632056* secs | avg. *0.3556596421264112* secs per epoch.
Total data loading time: sum. *314.36206702236086* secs | avg. *0.6287241340447217* secs per epoch.
Total training time: sum. *1167.622095684521* secs | avg. *2.335244191369042* secs per epoch.
Total running time: sum. *1481.9841627068818* secs | avg. *2.9639683254137634* secs per epoch.
==> Number of GPU device: 1
==> Device #0 Memory Usage
==> Allocated: 0.1 GB
==> Cached:    0.9 GB
==> Maximum: 0.9 GB
