==> Running on : cuda
==> Number of CPU: 48
==> Number of workers: 2
==> #Epochs: 500, #Layers: 4, #Blocks: [2, 1, 1, 1], In channel: 64, Input layer conv kernel: 7x7, Residual layer conv kernel 3x3, Skip kernel: 1x1, Input layer conv padding: 2, Residual layer conv padding: 1
==> Optimizer is Adadelta
==> Learning rate: 1.0
==> Weight decay: 0.0005
==>Trainable Parameters: 4984906
==>Other Parameters: 0
==>Augmentation: None
Files already downloaded and verified
Train epoch: 1 | Loss: *1.562* | Acc: *42.268%* (21134/50000) 
Test epoch: 1 | Loss: *1.610* | Acc: *42.960%* (4296/10000)
Train epoch: 2 | Loss: *1.032* | Acc: *62.982%* (31491/50000) 
Test epoch: 2 | Loss: *1.890* | Acc: *40.790%* (4079/10000)
Train epoch: 3 | Loss: *0.771* | Acc: *72.352%* (36176/50000) 
Test epoch: 3 | Loss: *0.992* | Acc: *66.150%* (6615/10000)
Train epoch: 4 | Loss: *0.615* | Acc: *78.504%* (39252/50000) 
Test epoch: 4 | Loss: *0.887* | Acc: *69.910%* (6991/10000)
Train epoch: 5 | Loss: *0.515* | Acc: *82.106%* (41053/50000) 
Test epoch: 5 | Loss: *0.828* | Acc: *72.250%* (7225/10000)
Train epoch: 6 | Loss: *0.435* | Acc: *84.834%* (42417/50000) 
Test epoch: 6 | Loss: *0.694* | Acc: *76.500%* (7650/10000)
Train epoch: 7 | Loss: *0.368* | Acc: *87.136%* (43568/50000) 
Test epoch: 7 | Loss: *0.983* | Acc: *70.020%* (7002/10000)
Train epoch: 8 | Loss: *0.314* | Acc: *88.946%* (44473/50000) 
Test epoch: 8 | Loss: *0.814* | Acc: *72.690%* (7269/10000)
Train epoch: 9 | Loss: *0.268* | Acc: *90.578%* (45289/50000) 
Test epoch: 9 | Loss: *0.678* | Acc: *78.040%* (7804/10000)
Train epoch: 10 | Loss: *0.231* | Acc: *92.040%* (46020/50000) 
Test epoch: 10 | Loss: *0.905* | Acc: *73.870%* (7387/10000)
Train epoch: 11 | Loss: *0.208* | Acc: *92.740%* (46370/50000) 
Test epoch: 11 | Loss: *1.026* | Acc: *69.970%* (6997/10000)
Train epoch: 12 | Loss: *0.192* | Acc: *93.384%* (46692/50000) 
Test epoch: 12 | Loss: *0.850* | Acc: *75.680%* (7568/10000)
Train epoch: 13 | Loss: *0.175* | Acc: *94.088%* (47044/50000) 
Test epoch: 13 | Loss: *0.784* | Acc: *76.250%* (7625/10000)
Train epoch: 14 | Loss: *0.166* | Acc: *94.286%* (47143/50000) 
Test epoch: 14 | Loss: *0.827* | Acc: *76.670%* (7667/10000)
Train epoch: 15 | Loss: *0.164* | Acc: *94.304%* (47152/50000) 
Test epoch: 15 | Loss: *1.176* | Acc: *69.410%* (6941/10000)
Train epoch: 16 | Loss: *0.159* | Acc: *94.570%* (47285/50000) 
Test epoch: 16 | Loss: *1.321* | Acc: *68.390%* (6839/10000)
Train epoch: 17 | Loss: *0.149* | Acc: *94.814%* (47407/50000) 
Test epoch: 17 | Loss: *0.848* | Acc: *76.760%* (7676/10000)
Train epoch: 18 | Loss: *0.148* | Acc: *94.994%* (47497/50000) 
Test epoch: 18 | Loss: *0.795* | Acc: *77.060%* (7706/10000)
Train epoch: 19 | Loss: *0.143* | Acc: *95.184%* (47592/50000) 
Test epoch: 19 | Loss: *0.900* | Acc: *76.340%* (7634/10000)
Train epoch: 20 | Loss: *0.144* | Acc: *94.970%* (47485/50000) 
Test epoch: 20 | Loss: *1.093* | Acc: *72.270%* (7227/10000)
Train epoch: 21 | Loss: *0.145* | Acc: *95.028%* (47514/50000) 
Test epoch: 21 | Loss: *0.869* | Acc: *75.810%* (7581/10000)
Train epoch: 22 | Loss: *0.141* | Acc: *95.182%* (47591/50000) 
Test epoch: 22 | Loss: *0.939* | Acc: *75.370%* (7537/10000)
Train epoch: 23 | Loss: *0.133* | Acc: *95.416%* (47708/50000) 
Test epoch: 23 | Loss: *1.066* | Acc: *71.020%* (7102/10000)
Train epoch: 24 | Loss: *0.135* | Acc: *95.330%* (47665/50000) 
Test epoch: 24 | Loss: *0.999* | Acc: *72.500%* (7250/10000)
Train epoch: 25 | Loss: *0.139* | Acc: *95.210%* (47605/50000) 
Test epoch: 25 | Loss: *0.807* | Acc: *77.820%* (7782/10000)
Train epoch: 26 | Loss: *0.132* | Acc: *95.518%* (47759/50000) 
Test epoch: 26 | Loss: *0.858* | Acc: *77.320%* (7732/10000)
Train epoch: 27 | Loss: *0.130* | Acc: *95.572%* (47786/50000) 
Test epoch: 27 | Loss: *0.785* | Acc: *76.660%* (7666/10000)
Train epoch: 28 | Loss: *0.129* | Acc: *95.650%* (47825/50000) 
Test epoch: 28 | Loss: *1.186* | Acc: *70.590%* (7059/10000)
Train epoch: 29 | Loss: *0.133* | Acc: *95.388%* (47694/50000) 
Test epoch: 29 | Loss: *1.185* | Acc: *71.480%* (7148/10000)
Train epoch: 30 | Loss: *0.124* | Acc: *95.796%* (47898/50000) 
Test epoch: 30 | Loss: *0.738* | Acc: *78.580%* (7858/10000)
Train epoch: 31 | Loss: *0.128* | Acc: *95.674%* (47837/50000) 
Test epoch: 31 | Loss: *0.842* | Acc: *76.590%* (7659/10000)
Train epoch: 32 | Loss: *0.127* | Acc: *95.742%* (47871/50000) 
Test epoch: 32 | Loss: *0.866* | Acc: *77.320%* (7732/10000)
Train epoch: 33 | Loss: *0.123* | Acc: *95.830%* (47915/50000) 
Test epoch: 33 | Loss: *0.934* | Acc: *75.050%* (7505/10000)
Train epoch: 34 | Loss: *0.124* | Acc: *95.662%* (47831/50000) 
Test epoch: 34 | Loss: *0.795* | Acc: *78.390%* (7839/10000)
Train epoch: 35 | Loss: *0.123* | Acc: *95.866%* (47933/50000) 
Test epoch: 35 | Loss: *0.949* | Acc: *74.610%* (7461/10000)
Train epoch: 36 | Loss: *0.115* | Acc: *96.118%* (48059/50000) 
Test epoch: 36 | Loss: *0.939* | Acc: *76.430%* (7643/10000)
Train epoch: 37 | Loss: *0.120* | Acc: *95.908%* (47954/50000) 
Test epoch: 37 | Loss: *0.822* | Acc: *77.720%* (7772/10000)
Train epoch: 38 | Loss: *0.121* | Acc: *95.866%* (47933/50000) 
Test epoch: 38 | Loss: *1.069* | Acc: *73.990%* (7399/10000)
Train epoch: 39 | Loss: *0.119* | Acc: *95.942%* (47971/50000) 
Test epoch: 39 | Loss: *0.758* | Acc: *79.270%* (7927/10000)
Train epoch: 40 | Loss: *0.110* | Acc: *96.328%* (48164/50000) 
Test epoch: 40 | Loss: *0.663* | Acc: *81.160%* (8116/10000)
Train epoch: 41 | Loss: *0.113* | Acc: *96.212%* (48106/50000) 
Test epoch: 41 | Loss: *0.839* | Acc: *76.980%* (7698/10000)
Train epoch: 42 | Loss: *0.117* | Acc: *96.076%* (48038/50000) 
Test epoch: 42 | Loss: *0.744* | Acc: *78.970%* (7897/10000)
Train epoch: 43 | Loss: *0.111* | Acc: *96.184%* (48092/50000) 
Test epoch: 43 | Loss: *0.827* | Acc: *78.860%* (7886/10000)
Train epoch: 44 | Loss: *0.116* | Acc: *96.112%* (48056/50000) 
Test epoch: 44 | Loss: *0.968* | Acc: *74.660%* (7466/10000)
Train epoch: 45 | Loss: *0.105* | Acc: *96.482%* (48241/50000) 
Test epoch: 45 | Loss: *0.971* | Acc: *74.070%* (7407/10000)
Train epoch: 46 | Loss: *0.102* | Acc: *96.490%* (48245/50000) 
Test epoch: 46 | Loss: *0.857* | Acc: *77.100%* (7710/10000)
Train epoch: 47 | Loss: *0.109* | Acc: *96.322%* (48161/50000) 
Test epoch: 47 | Loss: *0.854* | Acc: *78.900%* (7890/10000)
Train epoch: 48 | Loss: *0.106* | Acc: *96.472%* (48236/50000) 
Test epoch: 48 | Loss: *0.729* | Acc: *79.390%* (7939/10000)
Train epoch: 49 | Loss: *0.104* | Acc: *96.476%* (48238/50000) 
Test epoch: 49 | Loss: *0.888* | Acc: *75.960%* (7596/10000)
Train epoch: 50 | Loss: *0.097* | Acc: *96.746%* (48373/50000) 
Test epoch: 50 | Loss: *0.978* | Acc: *75.800%* (7580/10000)
Train epoch: 51 | Loss: *0.104* | Acc: *96.464%* (48232/50000) 
Test epoch: 51 | Loss: *0.843* | Acc: *77.340%* (7734/10000)
Train epoch: 52 | Loss: *0.093* | Acc: *96.860%* (48430/50000) 
Test epoch: 52 | Loss: *1.021* | Acc: *75.190%* (7519/10000)
Train epoch: 53 | Loss: *0.106* | Acc: *96.524%* (48262/50000) 
Test epoch: 53 | Loss: *2.552* | Acc: *54.740%* (5474/10000)
Train epoch: 54 | Loss: *0.098* | Acc: *96.552%* (48276/50000) 
Test epoch: 54 | Loss: *1.052* | Acc: *74.400%* (7440/10000)
Train epoch: 55 | Loss: *0.094* | Acc: *96.918%* (48459/50000) 
Test epoch: 55 | Loss: *1.198* | Acc: *72.270%* (7227/10000)
Train epoch: 56 | Loss: *0.096* | Acc: *96.744%* (48372/50000) 
Test epoch: 56 | Loss: *0.845* | Acc: *77.730%* (7773/10000)
Train epoch: 57 | Loss: *0.096* | Acc: *96.776%* (48388/50000) 
Test epoch: 57 | Loss: *0.752* | Acc: *79.200%* (7920/10000)
Train epoch: 58 | Loss: *0.094* | Acc: *96.842%* (48421/50000) 
Test epoch: 58 | Loss: *0.880* | Acc: *77.510%* (7751/10000)
Train epoch: 59 | Loss: *0.089* | Acc: *97.040%* (48520/50000) 
Test epoch: 59 | Loss: *0.734* | Acc: *79.290%* (7929/10000)
Train epoch: 60 | Loss: *0.092* | Acc: *96.968%* (48484/50000) 
Test epoch: 60 | Loss: *0.784* | Acc: *79.170%* (7917/10000)
Train epoch: 61 | Loss: *0.086* | Acc: *97.142%* (48571/50000) 
Test epoch: 61 | Loss: *0.957* | Acc: *75.180%* (7518/10000)
Train epoch: 62 | Loss: *0.090* | Acc: *97.028%* (48514/50000) 
Test epoch: 62 | Loss: *0.733* | Acc: *80.190%* (8019/10000)
Train epoch: 63 | Loss: *0.087* | Acc: *97.148%* (48574/50000) 
Test epoch: 63 | Loss: *0.893* | Acc: *77.200%* (7720/10000)
Train epoch: 64 | Loss: *0.088* | Acc: *97.092%* (48546/50000) 
Test epoch: 64 | Loss: *0.766* | Acc: *79.560%* (7956/10000)
Train epoch: 65 | Loss: *0.081* | Acc: *97.314%* (48657/50000) 
Test epoch: 65 | Loss: *0.809* | Acc: *79.470%* (7947/10000)
Train epoch: 66 | Loss: *0.086* | Acc: *97.196%* (48598/50000) 
Test epoch: 66 | Loss: *0.776* | Acc: *79.890%* (7989/10000)
Train epoch: 67 | Loss: *0.080* | Acc: *97.406%* (48703/50000) 
Test epoch: 67 | Loss: *0.761* | Acc: *79.270%* (7927/10000)
Train epoch: 68 | Loss: *0.076* | Acc: *97.440%* (48720/50000) 
Test epoch: 68 | Loss: *0.723* | Acc: *80.940%* (8094/10000)
Train epoch: 69 | Loss: *0.081* | Acc: *97.418%* (48709/50000) 
Test epoch: 69 | Loss: *0.958* | Acc: *74.790%* (7479/10000)
Train epoch: 70 | Loss: *0.079* | Acc: *97.372%* (48686/50000) 
Test epoch: 70 | Loss: *0.845* | Acc: *78.740%* (7874/10000)
Train epoch: 71 | Loss: *0.075* | Acc: *97.508%* (48754/50000) 
Test epoch: 71 | Loss: *0.863* | Acc: *78.020%* (7802/10000)
Train epoch: 72 | Loss: *0.075* | Acc: *97.516%* (48758/50000) 
Test epoch: 72 | Loss: *0.910* | Acc: *75.680%* (7568/10000)
Train epoch: 73 | Loss: *0.076* | Acc: *97.486%* (48743/50000) 
Test epoch: 73 | Loss: *0.763* | Acc: *79.580%* (7958/10000)
Train epoch: 74 | Loss: *0.072* | Acc: *97.638%* (48819/50000) 
Test epoch: 74 | Loss: *0.708* | Acc: *80.190%* (8019/10000)
Train epoch: 75 | Loss: *0.072* | Acc: *97.618%* (48809/50000) 
Test epoch: 75 | Loss: *0.785* | Acc: *78.900%* (7890/10000)
Train epoch: 76 | Loss: *0.067* | Acc: *97.808%* (48904/50000) 
Test epoch: 76 | Loss: *0.771* | Acc: *80.290%* (8029/10000)
Train epoch: 77 | Loss: *0.069* | Acc: *97.720%* (48860/50000) 
Test epoch: 77 | Loss: *0.725* | Acc: *80.600%* (8060/10000)
Train epoch: 78 | Loss: *0.064* | Acc: *97.960%* (48980/50000) 
Test epoch: 78 | Loss: *0.730* | Acc: *80.720%* (8072/10000)
Train epoch: 79 | Loss: *0.069* | Acc: *97.760%* (48880/50000) 
Test epoch: 79 | Loss: *0.894* | Acc: *78.010%* (7801/10000)
Train epoch: 80 | Loss: *0.066* | Acc: *97.916%* (48958/50000) 
Test epoch: 80 | Loss: *0.760* | Acc: *79.640%* (7964/10000)
Train epoch: 81 | Loss: *0.061* | Acc: *98.000%* (49000/50000) 
Test epoch: 81 | Loss: *0.836* | Acc: *79.260%* (7926/10000)
Train epoch: 82 | Loss: *0.061* | Acc: *98.006%* (49003/50000) 
Test epoch: 82 | Loss: *0.827* | Acc: *78.040%* (7804/10000)
Train epoch: 83 | Loss: *0.062* | Acc: *98.030%* (49015/50000) 
Test epoch: 83 | Loss: *0.815* | Acc: *79.130%* (7913/10000)
Train epoch: 84 | Loss: *0.064* | Acc: *97.882%* (48941/50000) 
Test epoch: 84 | Loss: *0.785* | Acc: *80.200%* (8020/10000)
Train epoch: 85 | Loss: *0.056* | Acc: *98.236%* (49118/50000) 
Test epoch: 85 | Loss: *0.728* | Acc: *80.420%* (8042/10000)
Train epoch: 86 | Loss: *0.053* | Acc: *98.344%* (49172/50000) 
Test epoch: 86 | Loss: *0.781* | Acc: *80.610%* (8061/10000)
Train epoch: 87 | Loss: *0.054* | Acc: *98.286%* (49143/50000) 
Test epoch: 87 | Loss: *0.764* | Acc: *80.280%* (8028/10000)
Train epoch: 88 | Loss: *0.057* | Acc: *98.176%* (49088/50000) 
Test epoch: 88 | Loss: *0.766* | Acc: *80.420%* (8042/10000)
Train epoch: 89 | Loss: *0.054* | Acc: *98.270%* (49135/50000) 
Test epoch: 89 | Loss: *0.806* | Acc: *79.350%* (7935/10000)
Train epoch: 90 | Loss: *0.057* | Acc: *98.306%* (49153/50000) 
Test epoch: 90 | Loss: *0.791* | Acc: *79.960%* (7996/10000)
Train epoch: 91 | Loss: *0.047* | Acc: *98.590%* (49295/50000) 
Test epoch: 91 | Loss: *0.796* | Acc: *79.650%* (7965/10000)
Train epoch: 92 | Loss: *0.044* | Acc: *98.700%* (49350/50000) 
Test epoch: 92 | Loss: *0.912* | Acc: *77.780%* (7778/10000)
Train epoch: 93 | Loss: *0.050* | Acc: *98.454%* (49227/50000) 
Test epoch: 93 | Loss: *0.936* | Acc: *76.960%* (7696/10000)
Train epoch: 94 | Loss: *0.051* | Acc: *98.356%* (49178/50000) 
Test epoch: 94 | Loss: *0.754* | Acc: *81.090%* (8109/10000)
Train epoch: 95 | Loss: *0.047* | Acc: *98.540%* (49270/50000) 
Test epoch: 95 | Loss: *0.726* | Acc: *81.420%* (8142/10000)
Train epoch: 96 | Loss: *0.045* | Acc: *98.658%* (49329/50000) 
Test epoch: 96 | Loss: *0.758* | Acc: *81.370%* (8137/10000)
Train epoch: 97 | Loss: *0.042* | Acc: *98.716%* (49358/50000) 
Test epoch: 97 | Loss: *0.897* | Acc: *77.440%* (7744/10000)
Train epoch: 98 | Loss: *0.041* | Acc: *98.778%* (49389/50000) 
Test epoch: 98 | Loss: *0.815* | Acc: *79.240%* (7924/10000)
Train epoch: 99 | Loss: *0.037* | Acc: *98.896%* (49448/50000) 
Test epoch: 99 | Loss: *0.647* | Acc: *82.570%* (8257/10000)
Train epoch: 100 | Loss: *0.035* | Acc: *98.952%* (49476/50000) 
Test epoch: 100 | Loss: *0.780* | Acc: *81.040%* (8104/10000)
Train epoch: 101 | Loss: *0.043* | Acc: *98.662%* (49331/50000) 
Test epoch: 101 | Loss: *0.744* | Acc: *80.600%* (8060/10000)
Train epoch: 102 | Loss: *0.042* | Acc: *98.720%* (49360/50000) 
Test epoch: 102 | Loss: *0.719* | Acc: *82.240%* (8224/10000)
Train epoch: 103 | Loss: *0.035* | Acc: *99.000%* (49500/50000) 
Test epoch: 103 | Loss: *0.639* | Acc: *82.710%* (8271/10000)
Train epoch: 104 | Loss: *0.035* | Acc: *98.938%* (49469/50000) 
Test epoch: 104 | Loss: *0.742* | Acc: *79.520%* (7952/10000)
Train epoch: 105 | Loss: *0.032* | Acc: *99.006%* (49503/50000) 
Test epoch: 105 | Loss: *0.707* | Acc: *81.440%* (8144/10000)
Train epoch: 106 | Loss: *0.027* | Acc: *99.272%* (49636/50000) 
Test epoch: 106 | Loss: *0.782* | Acc: *80.220%* (8022/10000)
Train epoch: 107 | Loss: *0.023* | Acc: *99.378%* (49689/50000) 
Test epoch: 107 | Loss: *0.757* | Acc: *81.080%* (8108/10000)
Train epoch: 108 | Loss: *0.029* | Acc: *99.170%* (49585/50000) 
Test epoch: 108 | Loss: *0.607* | Acc: *83.940%* (8394/10000)
Train epoch: 109 | Loss: *0.023* | Acc: *99.434%* (49717/50000) 
Test epoch: 109 | Loss: *0.670* | Acc: *82.910%* (8291/10000)
Train epoch: 110 | Loss: *0.031* | Acc: *99.116%* (49558/50000) 
Test epoch: 110 | Loss: *0.683* | Acc: *82.000%* (8200/10000)
Train epoch: 111 | Loss: *0.033* | Acc: *99.012%* (49506/50000) 
Test epoch: 111 | Loss: *0.852* | Acc: *79.430%* (7943/10000)
Train epoch: 112 | Loss: *0.032* | Acc: *99.072%* (49536/50000) 
Test epoch: 112 | Loss: *0.700* | Acc: *80.830%* (8083/10000)
Train epoch: 113 | Loss: *0.026* | Acc: *99.296%* (49648/50000) 
Test epoch: 113 | Loss: *0.654* | Acc: *83.050%* (8305/10000)
Train epoch: 114 | Loss: *0.020* | Acc: *99.520%* (49760/50000) 
Test epoch: 114 | Loss: *0.625* | Acc: *82.570%* (8257/10000)
Train epoch: 115 | Loss: *0.011* | Acc: *99.814%* (49907/50000) 
Test epoch: 115 | Loss: *0.554* | Acc: *84.760%* (8476/10000)
Train epoch: 116 | Loss: *0.004* | Acc: *99.972%* (49986/50000) 
Test epoch: 116 | Loss: *0.492* | Acc: *85.530%* (8553/10000)
Train epoch: 117 | Loss: *0.002* | Acc: *100.000%* (50000/50000) 
Test epoch: 117 | Loss: *0.455* | Acc: *86.750%* (8675/10000)
Train epoch: 118 | Loss: *0.002* | Acc: *100.000%* (50000/50000) 
Test epoch: 118 | Loss: *0.439* | Acc: *86.730%* (8673/10000)
Train epoch: 119 | Loss: *0.002* | Acc: *100.000%* (50000/50000) 
Test epoch: 119 | Loss: *0.419* | Acc: *87.050%* (8705/10000)
Train epoch: 120 | Loss: *0.002* | Acc: *100.000%* (50000/50000) 
Test epoch: 120 | Loss: *0.412* | Acc: *86.980%* (8698/10000)
Train epoch: 121 | Loss: *0.002* | Acc: *100.000%* (50000/50000) 
Test epoch: 121 | Loss: *0.413* | Acc: *87.110%* (8711/10000)
Train epoch: 122 | Loss: *0.002* | Acc: *100.000%* (50000/50000) 
Test epoch: 122 | Loss: *0.411* | Acc: *87.110%* (8711/10000)
Train epoch: 123 | Loss: *0.002* | Acc: *100.000%* (50000/50000) 
Test epoch: 123 | Loss: *0.412* | Acc: *86.940%* (8694/10000)
Train epoch: 124 | Loss: *0.002* | Acc: *100.000%* (50000/50000) 
Test epoch: 124 | Loss: *0.413* | Acc: *86.900%* (8690/10000)
Train epoch: 125 | Loss: *0.002* | Acc: *100.000%* (50000/50000) 
Test epoch: 125 | Loss: *0.414* | Acc: *86.990%* (8699/10000)
Train epoch: 126 | Loss: *0.002* | Acc: *100.000%* (50000/50000) 
Test epoch: 126 | Loss: *0.416* | Acc: *87.050%* (8705/10000)
Train epoch: 127 | Loss: *0.002* | Acc: *100.000%* (50000/50000) 
Test epoch: 127 | Loss: *0.426* | Acc: *86.610%* (8661/10000)
Train epoch: 128 | Loss: *0.002* | Acc: *100.000%* (50000/50000) 
Test epoch: 128 | Loss: *0.450* | Acc: *86.150%* (8615/10000)
Train epoch: 129 | Loss: *0.002* | Acc: *100.000%* (50000/50000) 
Test epoch: 129 | Loss: *0.521* | Acc: *83.290%* (8329/10000)
Train epoch: 130 | Loss: *0.002* | Acc: *100.000%* (50000/50000) 
Test epoch: 130 | Loss: *0.426* | Acc: *86.560%* (8656/10000)
Train epoch: 131 | Loss: *0.002* | Acc: *100.000%* (50000/50000) 
Test epoch: 131 | Loss: *0.437* | Acc: *86.480%* (8648/10000)
Train epoch: 132 | Loss: *0.082* | Acc: *97.394%* (48697/50000) 
Test epoch: 132 | Loss: *1.484* | Acc: *58.210%* (5821/10000)
Train epoch: 133 | Loss: *0.269* | Acc: *91.124%* (45562/50000) 
Test epoch: 133 | Loss: *0.772* | Acc: *76.140%* (7614/10000)
Train epoch: 134 | Loss: *0.116* | Acc: *96.360%* (48180/50000) 
Test epoch: 134 | Loss: *0.665* | Acc: *80.710%* (8071/10000)
Train epoch: 135 | Loss: *0.065* | Acc: *98.054%* (49027/50000) 
Test epoch: 135 | Loss: *0.698* | Acc: *80.300%* (8030/10000)
Train epoch: 136 | Loss: *0.035* | Acc: *99.084%* (49542/50000) 
Test epoch: 136 | Loss: *0.755* | Acc: *79.930%* (7993/10000)
Train epoch: 137 | Loss: *0.019* | Acc: *99.628%* (49814/50000) 
Test epoch: 137 | Loss: *0.580* | Acc: *83.690%* (8369/10000)
Train epoch: 138 | Loss: *0.008* | Acc: *99.920%* (49960/50000) 
Test epoch: 138 | Loss: *0.520* | Acc: *84.640%* (8464/10000)
Train epoch: 139 | Loss: *0.003* | Acc: *99.984%* (49992/50000) 
Test epoch: 139 | Loss: *0.464* | Acc: *86.470%* (8647/10000)
Train epoch: 140 | Loss: *0.002* | Acc: *100.000%* (50000/50000) 
Test epoch: 140 | Loss: *0.460* | Acc: *86.300%* (8630/10000)
Train epoch: 141 | Loss: *0.002* | Acc: *100.000%* (50000/50000) 
Test epoch: 141 | Loss: *0.431* | Acc: *86.960%* (8696/10000)
Train epoch: 142 | Loss: *0.002* | Acc: *100.000%* (50000/50000) 
Test epoch: 142 | Loss: *0.428* | Acc: *87.040%* (8704/10000)
Train epoch: 143 | Loss: *0.002* | Acc: *100.000%* (50000/50000) 
Test epoch: 143 | Loss: *0.422* | Acc: *86.950%* (8695/10000)
Train epoch: 144 | Loss: *0.002* | Acc: *100.000%* (50000/50000) 
Test epoch: 144 | Loss: *0.420* | Acc: *86.930%* (8693/10000)
Train epoch: 145 | Loss: *0.002* | Acc: *100.000%* (50000/50000) 
Test epoch: 145 | Loss: *0.414* | Acc: *87.070%* (8707/10000)
Train epoch: 146 | Loss: *0.002* | Acc: *100.000%* (50000/50000) 
Test epoch: 146 | Loss: *0.421* | Acc: *87.090%* (8709/10000)
Train epoch: 147 | Loss: *0.002* | Acc: *100.000%* (50000/50000) 
Test epoch: 147 | Loss: *0.432* | Acc: *86.640%* (8664/10000)
Train epoch: 148 | Loss: *0.002* | Acc: *100.000%* (50000/50000) 
Test epoch: 148 | Loss: *0.412* | Acc: *86.950%* (8695/10000)
Train epoch: 149 | Loss: *0.002* | Acc: *100.000%* (50000/50000) 
Test epoch: 149 | Loss: *0.414* | Acc: *86.980%* (8698/10000)
Train epoch: 150 | Loss: *0.002* | Acc: *100.000%* (50000/50000) 
Test epoch: 150 | Loss: *0.422* | Acc: *86.860%* (8686/10000)
Train epoch: 151 | Loss: *0.002* | Acc: *100.000%* (50000/50000) 
Test epoch: 151 | Loss: *0.437* | Acc: *86.420%* (8642/10000)
Train epoch: 152 | Loss: *0.002* | Acc: *100.000%* (50000/50000) 
Test epoch: 152 | Loss: *0.419* | Acc: *86.730%* (8673/10000)
Train epoch: 153 | Loss: *0.002* | Acc: *100.000%* (50000/50000) 
Test epoch: 153 | Loss: *0.419* | Acc: *86.970%* (8697/10000)
Train epoch: 154 | Loss: *0.002* | Acc: *100.000%* (50000/50000) 
Test epoch: 154 | Loss: *0.438* | Acc: *86.280%* (8628/10000)
Train epoch: 155 | Loss: *0.002* | Acc: *100.000%* (50000/50000) 
Test epoch: 155 | Loss: *0.424* | Acc: *86.670%* (8667/10000)
Train epoch: 156 | Loss: *0.002* | Acc: *100.000%* (50000/50000) 
Test epoch: 156 | Loss: *0.424* | Acc: *86.790%* (8679/10000)
Train epoch: 157 | Loss: *0.002* | Acc: *100.000%* (50000/50000) 
Test epoch: 157 | Loss: *0.418* | Acc: *86.910%* (8691/10000)
Train epoch: 158 | Loss: *0.002* | Acc: *100.000%* (50000/50000) 
Test epoch: 158 | Loss: *0.421* | Acc: *86.830%* (8683/10000)
Train epoch: 159 | Loss: *0.002* | Acc: *100.000%* (50000/50000) 
Test epoch: 159 | Loss: *0.421* | Acc: *86.830%* (8683/10000)
Train epoch: 160 | Loss: *0.002* | Acc: *100.000%* (50000/50000) 
Test epoch: 160 | Loss: *0.419* | Acc: *86.960%* (8696/10000)
Train epoch: 161 | Loss: *0.002* | Acc: *100.000%* (50000/50000) 
Test epoch: 161 | Loss: *0.426* | Acc: *86.570%* (8657/10000)
Train epoch: 162 | Loss: *0.002* | Acc: *100.000%* (50000/50000) 
Test epoch: 162 | Loss: *0.424* | Acc: *86.680%* (8668/10000)
Train epoch: 163 | Loss: *0.002* | Acc: *100.000%* (50000/50000) 
Test epoch: 163 | Loss: *0.425* | Acc: *86.680%* (8668/10000)
Train epoch: 164 | Loss: *0.002* | Acc: *100.000%* (50000/50000) 
Test epoch: 164 | Loss: *0.426* | Acc: *86.490%* (8649/10000)
Train epoch: 165 | Loss: *0.002* | Acc: *100.000%* (50000/50000) 
Test epoch: 165 | Loss: *0.427* | Acc: *86.460%* (8646/10000)
Train epoch: 166 | Loss: *0.002* | Acc: *100.000%* (50000/50000) 
Test epoch: 166 | Loss: *0.429* | Acc: *86.580%* (8658/10000)
Train epoch: 167 | Loss: *0.002* | Acc: *100.000%* (50000/50000) 
Test epoch: 167 | Loss: *0.427* | Acc: *86.730%* (8673/10000)
Train epoch: 168 | Loss: *0.002* | Acc: *100.000%* (50000/50000) 
Test epoch: 168 | Loss: *0.428* | Acc: *86.650%* (8665/10000)
Train epoch: 169 | Loss: *0.002* | Acc: *100.000%* (50000/50000) 
Test epoch: 169 | Loss: *0.431* | Acc: *86.560%* (8656/10000)
Train epoch: 170 | Loss: *0.002* | Acc: *100.000%* (50000/50000) 
Test epoch: 170 | Loss: *0.429* | Acc: *86.460%* (8646/10000)
Train epoch: 171 | Loss: *0.002* | Acc: *100.000%* (50000/50000) 
Test epoch: 171 | Loss: *0.430* | Acc: *86.550%* (8655/10000)
Train epoch: 172 | Loss: *0.002* | Acc: *100.000%* (50000/50000) 
Test epoch: 172 | Loss: *0.431* | Acc: *86.440%* (8644/10000)
Train epoch: 173 | Loss: *0.002* | Acc: *100.000%* (50000/50000) 
Test epoch: 173 | Loss: *0.432* | Acc: *86.490%* (8649/10000)
Train epoch: 174 | Loss: *0.002* | Acc: *100.000%* (50000/50000) 
Test epoch: 174 | Loss: *0.433* | Acc: *86.520%* (8652/10000)
Train epoch: 175 | Loss: *0.002* | Acc: *100.000%* (50000/50000) 
Test epoch: 175 | Loss: *0.432* | Acc: *86.400%* (8640/10000)
Train epoch: 176 | Loss: *0.002* | Acc: *100.000%* (50000/50000) 
Test epoch: 176 | Loss: *0.440* | Acc: *86.150%* (8615/10000)
Train epoch: 177 | Loss: *0.002* | Acc: *100.000%* (50000/50000) 
Test epoch: 177 | Loss: *0.433* | Acc: *86.300%* (8630/10000)
Train epoch: 178 | Loss: *0.002* | Acc: *100.000%* (50000/50000) 
Test epoch: 178 | Loss: *0.435* | Acc: *86.340%* (8634/10000)
Train epoch: 179 | Loss: *0.002* | Acc: *100.000%* (50000/50000) 
Test epoch: 179 | Loss: *0.439* | Acc: *86.220%* (8622/10000)
Train epoch: 180 | Loss: *0.002* | Acc: *100.000%* (50000/50000) 
Test epoch: 180 | Loss: *0.434* | Acc: *86.300%* (8630/10000)
Train epoch: 181 | Loss: *0.002* | Acc: *100.000%* (50000/50000) 
Test epoch: 181 | Loss: *0.435* | Acc: *86.430%* (8643/10000)
Train epoch: 182 | Loss: *0.002* | Acc: *100.000%* (50000/50000) 
Test epoch: 182 | Loss: *0.436* | Acc: *86.390%* (8639/10000)
Train epoch: 183 | Loss: *0.002* | Acc: *100.000%* (50000/50000) 
Test epoch: 183 | Loss: *0.435* | Acc: *86.560%* (8656/10000)
Train epoch: 184 | Loss: *0.002* | Acc: *100.000%* (50000/50000) 
Test epoch: 184 | Loss: *0.437* | Acc: *86.360%* (8636/10000)
Train epoch: 185 | Loss: *0.002* | Acc: *100.000%* (50000/50000) 
Test epoch: 185 | Loss: *0.436* | Acc: *86.320%* (8632/10000)
Train epoch: 186 | Loss: *0.002* | Acc: *100.000%* (50000/50000) 
Test epoch: 186 | Loss: *0.436* | Acc: *86.440%* (8644/10000)
Train epoch: 187 | Loss: *0.002* | Acc: *100.000%* (50000/50000) 
Test epoch: 187 | Loss: *0.436* | Acc: *86.310%* (8631/10000)
Train epoch: 188 | Loss: *0.002* | Acc: *100.000%* (50000/50000) 
Test epoch: 188 | Loss: *0.437* | Acc: *86.320%* (8632/10000)
Train epoch: 189 | Loss: *0.002* | Acc: *100.000%* (50000/50000) 
Test epoch: 189 | Loss: *0.435* | Acc: *86.440%* (8644/10000)
Train epoch: 190 | Loss: *0.002* | Acc: *100.000%* (50000/50000) 
Test epoch: 190 | Loss: *0.439* | Acc: *86.280%* (8628/10000)
Train epoch: 191 | Loss: *0.002* | Acc: *100.000%* (50000/50000) 
Test epoch: 191 | Loss: *0.436* | Acc: *86.320%* (8632/10000)
Train epoch: 192 | Loss: *0.002* | Acc: *100.000%* (50000/50000) 
Test epoch: 192 | Loss: *0.436* | Acc: *86.490%* (8649/10000)
Train epoch: 193 | Loss: *0.002* | Acc: *100.000%* (50000/50000) 
Test epoch: 193 | Loss: *0.438* | Acc: *86.310%* (8631/10000)
Train epoch: 194 | Loss: *0.002* | Acc: *100.000%* (50000/50000) 
Test epoch: 194 | Loss: *0.438* | Acc: *86.270%* (8627/10000)
Train epoch: 195 | Loss: *0.002* | Acc: *100.000%* (50000/50000) 
Test epoch: 195 | Loss: *0.436* | Acc: *86.410%* (8641/10000)
Train epoch: 196 | Loss: *0.002* | Acc: *100.000%* (50000/50000) 
Test epoch: 196 | Loss: *0.438* | Acc: *86.340%* (8634/10000)
Train epoch: 197 | Loss: *0.002* | Acc: *100.000%* (50000/50000) 
Test epoch: 197 | Loss: *0.438* | Acc: *86.350%* (8635/10000)
Train epoch: 198 | Loss: *0.002* | Acc: *100.000%* (50000/50000) 
Test epoch: 198 | Loss: *0.437* | Acc: *86.340%* (8634/10000)
Train epoch: 199 | Loss: *0.002* | Acc: *100.000%* (50000/50000) 
Test epoch: 199 | Loss: *0.437* | Acc: *86.250%* (8625/10000)
Train epoch: 200 | Loss: *0.002* | Acc: *100.000%* (50000/50000) 
Test epoch: 200 | Loss: *0.439* | Acc: *86.330%* (8633/10000)
Train epoch: 201 | Loss: *0.002* | Acc: *100.000%* (50000/50000) 
Test epoch: 201 | Loss: *0.437* | Acc: *86.420%* (8642/10000)
Train epoch: 202 | Loss: *0.002* | Acc: *100.000%* (50000/50000) 
Test epoch: 202 | Loss: *0.437* | Acc: *86.430%* (8643/10000)
Train epoch: 203 | Loss: *0.002* | Acc: *100.000%* (50000/50000) 
Test epoch: 203 | Loss: *0.438* | Acc: *86.320%* (8632/10000)
Train epoch: 204 | Loss: *0.002* | Acc: *100.000%* (50000/50000) 
Test epoch: 204 | Loss: *0.438* | Acc: *86.320%* (8632/10000)
Train epoch: 205 | Loss: *0.002* | Acc: *100.000%* (50000/50000) 
Test epoch: 205 | Loss: *0.436* | Acc: *86.360%* (8636/10000)
Train epoch: 206 | Loss: *0.002* | Acc: *100.000%* (50000/50000) 
Test epoch: 206 | Loss: *0.439* | Acc: *86.260%* (8626/10000)
Train epoch: 207 | Loss: *0.002* | Acc: *100.000%* (50000/50000) 
Test epoch: 207 | Loss: *0.437* | Acc: *86.310%* (8631/10000)
Train epoch: 208 | Loss: *0.002* | Acc: *100.000%* (50000/50000) 
Test epoch: 208 | Loss: *0.436* | Acc: *86.300%* (8630/10000)
Train epoch: 209 | Loss: *0.002* | Acc: *100.000%* (50000/50000) 
Test epoch: 209 | Loss: *0.436* | Acc: *86.340%* (8634/10000)
Train epoch: 210 | Loss: *0.002* | Acc: *100.000%* (50000/50000) 
Test epoch: 210 | Loss: *0.436* | Acc: *86.430%* (8643/10000)
Train epoch: 211 | Loss: *0.002* | Acc: *100.000%* (50000/50000) 
Test epoch: 211 | Loss: *0.438* | Acc: *86.280%* (8628/10000)
Train epoch: 212 | Loss: *0.002* | Acc: *100.000%* (50000/50000) 
Test epoch: 212 | Loss: *0.439* | Acc: *86.310%* (8631/10000)
Train epoch: 213 | Loss: *0.002* | Acc: *100.000%* (50000/50000) 
Test epoch: 213 | Loss: *0.437* | Acc: *86.360%* (8636/10000)
Train epoch: 214 | Loss: *0.002* | Acc: *100.000%* (50000/50000) 
Test epoch: 214 | Loss: *0.438* | Acc: *86.270%* (8627/10000)
Train epoch: 215 | Loss: *0.002* | Acc: *100.000%* (50000/50000) 
Test epoch: 215 | Loss: *0.437* | Acc: *86.380%* (8638/10000)
Train epoch: 216 | Loss: *0.002* | Acc: *100.000%* (50000/50000) 
Test epoch: 216 | Loss: *0.438* | Acc: *86.310%* (8631/10000)
Train epoch: 217 | Loss: *0.002* | Acc: *100.000%* (50000/50000) 
Test epoch: 217 | Loss: *0.438* | Acc: *86.320%* (8632/10000)
Train epoch: 218 | Loss: *0.002* | Acc: *100.000%* (50000/50000) 
Test epoch: 218 | Loss: *0.438* | Acc: *86.200%* (8620/10000)
Train epoch: 219 | Loss: *0.002* | Acc: *100.000%* (50000/50000) 
Test epoch: 219 | Loss: *0.440* | Acc: *86.260%* (8626/10000)
Train epoch: 220 | Loss: *0.002* | Acc: *100.000%* (50000/50000) 
Test epoch: 220 | Loss: *0.440* | Acc: *86.150%* (8615/10000)
Train epoch: 221 | Loss: *0.002* | Acc: *100.000%* (50000/50000) 
Test epoch: 221 | Loss: *0.439* | Acc: *86.350%* (8635/10000)
Train epoch: 222 | Loss: *0.002* | Acc: *100.000%* (50000/50000) 
Test epoch: 222 | Loss: *0.441* | Acc: *86.310%* (8631/10000)
Train epoch: 223 | Loss: *0.002* | Acc: *100.000%* (50000/50000) 
Test epoch: 223 | Loss: *0.440* | Acc: *86.150%* (8615/10000)
Train epoch: 224 | Loss: *0.002* | Acc: *100.000%* (50000/50000) 
Test epoch: 224 | Loss: *0.442* | Acc: *86.230%* (8623/10000)
Train epoch: 225 | Loss: *0.002* | Acc: *100.000%* (50000/50000) 
Test epoch: 225 | Loss: *0.443* | Acc: *86.090%* (8609/10000)
Train epoch: 226 | Loss: *0.002* | Acc: *100.000%* (50000/50000) 
Test epoch: 226 | Loss: *0.441* | Acc: *86.220%* (8622/10000)
Train epoch: 227 | Loss: *0.002* | Acc: *100.000%* (50000/50000) 
Test epoch: 227 | Loss: *0.445* | Acc: *86.180%* (8618/10000)
Train epoch: 228 | Loss: *0.002* | Acc: *100.000%* (50000/50000) 
Test epoch: 228 | Loss: *0.445* | Acc: *86.190%* (8619/10000)
Train epoch: 229 | Loss: *0.002* | Acc: *100.000%* (50000/50000) 
Test epoch: 229 | Loss: *0.446* | Acc: *86.150%* (8615/10000)
Train epoch: 230 | Loss: *0.002* | Acc: *100.000%* (50000/50000) 
Test epoch: 230 | Loss: *0.446* | Acc: *85.810%* (8581/10000)
Train epoch: 231 | Loss: *0.002* | Acc: *100.000%* (50000/50000) 
Test epoch: 231 | Loss: *0.446* | Acc: *85.970%* (8597/10000)
Train epoch: 232 | Loss: *0.002* | Acc: *100.000%* (50000/50000) 
Test epoch: 232 | Loss: *0.454* | Acc: *85.920%* (8592/10000)
Train epoch: 233 | Loss: *0.002* | Acc: *100.000%* (50000/50000) 
Test epoch: 233 | Loss: *0.454* | Acc: *85.530%* (8553/10000)
Train epoch: 234 | Loss: *0.002* | Acc: *100.000%* (50000/50000) 
Test epoch: 234 | Loss: *0.460* | Acc: *85.500%* (8550/10000)
Train epoch: 235 | Loss: *0.002* | Acc: *100.000%* (50000/50000) 
Test epoch: 235 | Loss: *0.461* | Acc: *85.480%* (8548/10000)
Train epoch: 236 | Loss: *0.002* | Acc: *100.000%* (50000/50000) 
Test epoch: 236 | Loss: *0.474* | Acc: *85.190%* (8519/10000)
Train epoch: 237 | Loss: *0.002* | Acc: *100.000%* (50000/50000) 
Test epoch: 237 | Loss: *0.459* | Acc: *85.500%* (8550/10000)
Train epoch: 238 | Loss: *0.002* | Acc: *100.000%* (50000/50000) 
Test epoch: 238 | Loss: *0.466* | Acc: *85.480%* (8548/10000)
Train epoch: 239 | Loss: *0.002* | Acc: *100.000%* (50000/50000) 
Test epoch: 239 | Loss: *0.470* | Acc: *85.240%* (8524/10000)
Train epoch: 240 | Loss: *0.002* | Acc: *100.000%* (50000/50000) 
Test epoch: 240 | Loss: *0.492* | Acc: *84.880%* (8488/10000)
Train epoch: 241 | Loss: *0.002* | Acc: *100.000%* (50000/50000) 
Test epoch: 241 | Loss: *0.461* | Acc: *85.640%* (8564/10000)
Train epoch: 242 | Loss: *0.076* | Acc: *97.796%* (48898/50000) 
Test epoch: 242 | Loss: *0.723* | Acc: *78.400%* (7840/10000)
Train epoch: 243 | Loss: *0.139* | Acc: *95.784%* (47892/50000) 
Test epoch: 243 | Loss: *0.654* | Acc: *79.380%* (7938/10000)
Train epoch: 244 | Loss: *0.084* | Acc: *97.630%* (48815/50000) 
Test epoch: 244 | Loss: *0.618* | Acc: *81.370%* (8137/10000)
Train epoch: 245 | Loss: *0.060* | Acc: *98.346%* (49173/50000) 
Test epoch: 245 | Loss: *0.603* | Acc: *82.100%* (8210/10000)
Train epoch: 246 | Loss: *0.045* | Acc: *98.840%* (49420/50000) 
Test epoch: 246 | Loss: *0.680* | Acc: *80.500%* (8050/10000)
Train epoch: 247 | Loss: *0.034* | Acc: *99.164%* (49582/50000) 
Test epoch: 247 | Loss: *0.638* | Acc: *81.570%* (8157/10000)
Train epoch: 248 | Loss: *0.032* | Acc: *99.150%* (49575/50000) 
Test epoch: 248 | Loss: *0.653* | Acc: *81.800%* (8180/10000)
Train epoch: 249 | Loss: *0.033* | Acc: *99.052%* (49526/50000) 
Test epoch: 249 | Loss: *0.695* | Acc: *81.100%* (8110/10000)
Train epoch: 250 | Loss: *0.031* | Acc: *99.228%* (49614/50000) 
Test epoch: 250 | Loss: *0.712* | Acc: *81.600%* (8160/10000)
Train epoch: 251 | Loss: *0.025* | Acc: *99.372%* (49686/50000) 
Test epoch: 251 | Loss: *0.666* | Acc: *81.920%* (8192/10000)
Train epoch: 252 | Loss: *0.021* | Acc: *99.504%* (49752/50000) 
Test epoch: 252 | Loss: *0.616* | Acc: *82.690%* (8269/10000)
Train epoch: 253 | Loss: *0.022* | Acc: *99.426%* (49713/50000) 
Test epoch: 253 | Loss: *0.634* | Acc: *83.140%* (8314/10000)
Train epoch: 254 | Loss: *0.027* | Acc: *99.298%* (49649/50000) 
Test epoch: 254 | Loss: *0.643* | Acc: *82.750%* (8275/10000)
Train epoch: 255 | Loss: *0.024* | Acc: *99.404%* (49702/50000) 
Test epoch: 255 | Loss: *0.629* | Acc: *82.980%* (8298/10000)
Train epoch: 256 | Loss: *0.022* | Acc: *99.434%* (49717/50000) 
Test epoch: 256 | Loss: *0.715* | Acc: *80.920%* (8092/10000)
Train epoch: 257 | Loss: *0.023* | Acc: *99.452%* (49726/50000) 
Test epoch: 257 | Loss: *0.740* | Acc: *80.810%* (8081/10000)
Train epoch: 258 | Loss: *0.028* | Acc: *99.218%* (49609/50000) 
Test epoch: 258 | Loss: *0.688* | Acc: *82.160%* (8216/10000)
Train epoch: 259 | Loss: *0.030* | Acc: *99.212%* (49606/50000) 
Test epoch: 259 | Loss: *0.776* | Acc: *79.930%* (7993/10000)
Train epoch: 260 | Loss: *0.028* | Acc: *99.194%* (49597/50000) 
Test epoch: 260 | Loss: *0.744* | Acc: *80.770%* (8077/10000)
Train epoch: 261 | Loss: *0.029* | Acc: *99.190%* (49595/50000) 
Test epoch: 261 | Loss: *0.698* | Acc: *81.430%* (8143/10000)
Train epoch: 262 | Loss: *0.027* | Acc: *99.296%* (49648/50000) 
Test epoch: 262 | Loss: *0.892* | Acc: *77.130%* (7713/10000)
Train epoch: 263 | Loss: *0.033* | Acc: *99.020%* (49510/50000) 
Test epoch: 263 | Loss: *0.844* | Acc: *79.340%* (7934/10000)
Train epoch: 264 | Loss: *0.027* | Acc: *99.228%* (49614/50000) 
Test epoch: 264 | Loss: *0.675* | Acc: *82.430%* (8243/10000)
Train epoch: 265 | Loss: *0.027* | Acc: *99.266%* (49633/50000) 
Test epoch: 265 | Loss: *0.672* | Acc: *82.380%* (8238/10000)
Train epoch: 266 | Loss: *0.032* | Acc: *99.068%* (49534/50000) 
Test epoch: 266 | Loss: *0.653* | Acc: *82.710%* (8271/10000)
Train epoch: 267 | Loss: *0.031* | Acc: *99.122%* (49561/50000) 
Test epoch: 267 | Loss: *0.724* | Acc: *80.960%* (8096/10000)
Train epoch: 268 | Loss: *0.030* | Acc: *99.200%* (49600/50000) 
Test epoch: 268 | Loss: *0.781* | Acc: *80.480%* (8048/10000)
Train epoch: 269 | Loss: *0.028* | Acc: *99.174%* (49587/50000) 
Test epoch: 269 | Loss: *0.686* | Acc: *81.650%* (8165/10000)
Train epoch: 270 | Loss: *0.031* | Acc: *99.122%* (49561/50000) 
Test epoch: 270 | Loss: *0.635* | Acc: *82.700%* (8270/10000)
Train epoch: 271 | Loss: *0.030* | Acc: *99.132%* (49566/50000) 
Test epoch: 271 | Loss: *0.666* | Acc: *82.070%* (8207/10000)
Train epoch: 272 | Loss: *0.035* | Acc: *98.930%* (49465/50000) 
Test epoch: 272 | Loss: *0.664* | Acc: *82.390%* (8239/10000)
Train epoch: 273 | Loss: *0.036* | Acc: *98.958%* (49479/50000) 
Test epoch: 273 | Loss: *0.686* | Acc: *82.230%* (8223/10000)
Train epoch: 274 | Loss: *0.035* | Acc: *99.032%* (49516/50000) 
Test epoch: 274 | Loss: *0.848* | Acc: *79.070%* (7907/10000)
Train epoch: 275 | Loss: *0.039* | Acc: *98.844%* (49422/50000) 
Test epoch: 275 | Loss: *0.679* | Acc: *82.080%* (8208/10000)
Train epoch: 276 | Loss: *0.038* | Acc: *98.842%* (49421/50000) 
Test epoch: 276 | Loss: *0.723* | Acc: *81.460%* (8146/10000)
Train epoch: 277 | Loss: *0.037* | Acc: *98.866%* (49433/50000) 
Test epoch: 277 | Loss: *0.779* | Acc: *79.600%* (7960/10000)
Train epoch: 278 | Loss: *0.034* | Acc: *98.996%* (49498/50000) 
Test epoch: 278 | Loss: *0.798* | Acc: *79.440%* (7944/10000)
Train epoch: 279 | Loss: *0.036* | Acc: *98.886%* (49443/50000) 
Test epoch: 279 | Loss: *0.645* | Acc: *82.650%* (8265/10000)
Train epoch: 280 | Loss: *0.033* | Acc: *99.016%* (49508/50000) 
Test epoch: 280 | Loss: *0.761* | Acc: *80.370%* (8037/10000)
Train epoch: 281 | Loss: *0.033* | Acc: *99.030%* (49515/50000) 
Test epoch: 281 | Loss: *0.964* | Acc: *76.630%* (7663/10000)
Train epoch: 282 | Loss: *0.041* | Acc: *98.758%* (49379/50000) 
Test epoch: 282 | Loss: *0.715* | Acc: *81.480%* (8148/10000)
Train epoch: 283 | Loss: *0.044* | Acc: *98.568%* (49284/50000) 
Test epoch: 283 | Loss: *0.705* | Acc: *81.310%* (8131/10000)
Train epoch: 284 | Loss: *0.042* | Acc: *98.748%* (49374/50000) 
Test epoch: 284 | Loss: *0.731* | Acc: *81.100%* (8110/10000)
Train epoch: 285 | Loss: *0.040* | Acc: *98.758%* (49379/50000) 
Test epoch: 285 | Loss: *0.780* | Acc: *79.750%* (7975/10000)
Train epoch: 286 | Loss: *0.043* | Acc: *98.714%* (49357/50000) 
Test epoch: 286 | Loss: *0.739* | Acc: *80.630%* (8063/10000)
Train epoch: 287 | Loss: *0.048* | Acc: *98.460%* (49230/50000) 
Test epoch: 287 | Loss: *0.927* | Acc: *76.370%* (7637/10000)
Train epoch: 288 | Loss: *0.044* | Acc: *98.640%* (49320/50000) 
Test epoch: 288 | Loss: *0.674* | Acc: *82.390%* (8239/10000)
Train epoch: 289 | Loss: *0.044* | Acc: *98.630%* (49315/50000) 
Test epoch: 289 | Loss: *0.788* | Acc: *79.350%* (7935/10000)
Train epoch: 290 | Loss: *0.040* | Acc: *98.764%* (49382/50000) 
Test epoch: 290 | Loss: *0.666* | Acc: *81.990%* (8199/10000)
Train epoch: 291 | Loss: *0.048* | Acc: *98.454%* (49227/50000) 
Test epoch: 291 | Loss: *0.686* | Acc: *82.080%* (8208/10000)
Train epoch: 292 | Loss: *0.046* | Acc: *98.592%* (49296/50000) 
Test epoch: 292 | Loss: *0.720* | Acc: *81.810%* (8181/10000)
Train epoch: 293 | Loss: *0.045* | Acc: *98.612%* (49306/50000) 
Test epoch: 293 | Loss: *0.678* | Acc: *81.600%* (8160/10000)
Train epoch: 294 | Loss: *0.048* | Acc: *98.478%* (49239/50000) 
Test epoch: 294 | Loss: *0.890* | Acc: *78.430%* (7843/10000)
Train epoch: 295 | Loss: *0.049* | Acc: *98.444%* (49222/50000) 
Test epoch: 295 | Loss: *0.870* | Acc: *79.190%* (7919/10000)
Train epoch: 296 | Loss: *0.049* | Acc: *98.438%* (49219/50000) 
Test epoch: 296 | Loss: *0.921* | Acc: *78.590%* (7859/10000)
Train epoch: 297 | Loss: *0.053* | Acc: *98.372%* (49186/50000) 
Test epoch: 297 | Loss: *0.701* | Acc: *82.100%* (8210/10000)
Train epoch: 298 | Loss: *0.060* | Acc: *98.092%* (49046/50000) 
Test epoch: 298 | Loss: *0.765* | Acc: *79.560%* (7956/10000)
Train epoch: 299 | Loss: *0.050* | Acc: *98.416%* (49208/50000) 
Test epoch: 299 | Loss: *0.753* | Acc: *80.880%* (8088/10000)
Train epoch: 300 | Loss: *0.054* | Acc: *98.256%* (49128/50000) 
Test epoch: 300 | Loss: *0.716* | Acc: *80.790%* (8079/10000)
Train epoch: 301 | Loss: *0.048* | Acc: *98.508%* (49254/50000) 
Test epoch: 301 | Loss: *0.812* | Acc: *79.590%* (7959/10000)
Train epoch: 302 | Loss: *0.056* | Acc: *98.156%* (49078/50000) 
Test epoch: 302 | Loss: *1.228* | Acc: *71.680%* (7168/10000)
Train epoch: 303 | Loss: *0.057* | Acc: *98.224%* (49112/50000) 
Test epoch: 303 | Loss: *0.832* | Acc: *78.850%* (7885/10000)
Train epoch: 304 | Loss: *0.059* | Acc: *98.110%* (49055/50000) 
Test epoch: 304 | Loss: *0.757* | Acc: *80.540%* (8054/10000)
Train epoch: 305 | Loss: *0.059* | Acc: *98.140%* (49070/50000) 
Test epoch: 305 | Loss: *0.706* | Acc: *80.410%* (8041/10000)
Train epoch: 306 | Loss: *0.059* | Acc: *98.124%* (49062/50000) 
Test epoch: 306 | Loss: *0.831* | Acc: *78.670%* (7867/10000)
Train epoch: 307 | Loss: *0.055* | Acc: *98.276%* (49138/50000) 
Test epoch: 307 | Loss: *0.822* | Acc: *79.710%* (7971/10000)
Train epoch: 308 | Loss: *0.058* | Acc: *98.120%* (49060/50000) 
Test epoch: 308 | Loss: *0.789* | Acc: *79.720%* (7972/10000)
Train epoch: 309 | Loss: *0.062* | Acc: *97.936%* (48968/50000) 
Test epoch: 309 | Loss: *0.802* | Acc: *79.620%* (7962/10000)
Train epoch: 310 | Loss: *0.063* | Acc: *97.968%* (48984/50000) 
Test epoch: 310 | Loss: *0.736* | Acc: *81.180%* (8118/10000)
Train epoch: 311 | Loss: *0.064* | Acc: *97.964%* (48982/50000) 
Test epoch: 311 | Loss: *0.704* | Acc: *81.950%* (8195/10000)
Train epoch: 312 | Loss: *0.062* | Acc: *97.970%* (48985/50000) 
Test epoch: 312 | Loss: *0.766* | Acc: *79.810%* (7981/10000)
Train epoch: 313 | Loss: *0.063* | Acc: *97.882%* (48941/50000) 
Test epoch: 313 | Loss: *1.042* | Acc: *74.120%* (7412/10000)
Train epoch: 314 | Loss: *0.066* | Acc: *97.938%* (48969/50000) 
Test epoch: 314 | Loss: *0.753* | Acc: *79.850%* (7985/10000)
Train epoch: 315 | Loss: *0.067* | Acc: *97.838%* (48919/50000) 
Test epoch: 315 | Loss: *0.727* | Acc: *80.540%* (8054/10000)
Train epoch: 316 | Loss: *0.065* | Acc: *97.816%* (48908/50000) 
Test epoch: 316 | Loss: *0.860* | Acc: *77.960%* (7796/10000)
Train epoch: 317 | Loss: *0.069* | Acc: *97.740%* (48870/50000) 
Test epoch: 317 | Loss: *0.777* | Acc: *79.860%* (7986/10000)
Train epoch: 318 | Loss: *0.068* | Acc: *97.810%* (48905/50000) 
Test epoch: 318 | Loss: *0.735* | Acc: *80.820%* (8082/10000)
Train epoch: 319 | Loss: *0.072* | Acc: *97.666%* (48833/50000) 
Test epoch: 319 | Loss: *0.785* | Acc: *78.590%* (7859/10000)
Train epoch: 320 | Loss: *0.069* | Acc: *97.746%* (48873/50000) 
Test epoch: 320 | Loss: *0.760* | Acc: *81.010%* (8101/10000)
Train epoch: 321 | Loss: *0.070* | Acc: *97.712%* (48856/50000) 
Test epoch: 321 | Loss: *0.822* | Acc: *80.210%* (8021/10000)
Train epoch: 322 | Loss: *0.073* | Acc: *97.590%* (48795/50000) 
Test epoch: 322 | Loss: *0.846* | Acc: *78.300%* (7830/10000)
Train epoch: 323 | Loss: *0.075* | Acc: *97.568%* (48784/50000) 
Test epoch: 323 | Loss: *0.657* | Acc: *81.720%* (8172/10000)
Train epoch: 324 | Loss: *0.074* | Acc: *97.566%* (48783/50000) 
Test epoch: 324 | Loss: *0.783* | Acc: *78.950%* (7895/10000)
Train epoch: 325 | Loss: *0.076* | Acc: *97.518%* (48759/50000) 
Test epoch: 325 | Loss: *0.735* | Acc: *80.040%* (8004/10000)
Train epoch: 326 | Loss: *0.071* | Acc: *97.712%* (48856/50000) 
Test epoch: 326 | Loss: *0.861* | Acc: *78.720%* (7872/10000)
Train epoch: 327 | Loss: *0.080* | Acc: *97.284%* (48642/50000) 
Test epoch: 327 | Loss: *0.767* | Acc: *79.680%* (7968/10000)
Train epoch: 328 | Loss: *0.074* | Acc: *97.616%* (48808/50000) 
Test epoch: 328 | Loss: *0.699* | Acc: *80.720%* (8072/10000)
Train epoch: 329 | Loss: *0.077* | Acc: *97.456%* (48728/50000) 
Test epoch: 329 | Loss: *0.693* | Acc: *81.020%* (8102/10000)
Train epoch: 330 | Loss: *0.079* | Acc: *97.394%* (48697/50000) 
Test epoch: 330 | Loss: *1.131* | Acc: *73.780%* (7378/10000)
Train epoch: 331 | Loss: *0.078* | Acc: *97.464%* (48732/50000) 
Test epoch: 331 | Loss: *0.689* | Acc: *80.990%* (8099/10000)
Train epoch: 332 | Loss: *0.078* | Acc: *97.462%* (48731/50000) 
Test epoch: 332 | Loss: *0.855* | Acc: *77.930%* (7793/10000)
Train epoch: 333 | Loss: *0.074* | Acc: *97.652%* (48826/50000) 
Test epoch: 333 | Loss: *0.787* | Acc: *78.930%* (7893/10000)
Train epoch: 334 | Loss: *0.087* | Acc: *97.100%* (48550/50000) 
Test epoch: 334 | Loss: *0.799* | Acc: *79.810%* (7981/10000)
Train epoch: 335 | Loss: *0.080* | Acc: *97.322%* (48661/50000) 
Test epoch: 335 | Loss: *0.771* | Acc: *79.590%* (7959/10000)
Train epoch: 336 | Loss: *0.086* | Acc: *97.138%* (48569/50000) 
Test epoch: 336 | Loss: *0.926* | Acc: *75.840%* (7584/10000)
Train epoch: 337 | Loss: *0.078* | Acc: *97.496%* (48748/50000) 
Test epoch: 337 | Loss: *1.413* | Acc: *68.440%* (6844/10000)
Train epoch: 338 | Loss: *0.085* | Acc: *97.088%* (48544/50000) 
Test epoch: 338 | Loss: *0.742* | Acc: *80.010%* (8001/10000)
Train epoch: 339 | Loss: *0.083* | Acc: *97.282%* (48641/50000) 
Test epoch: 339 | Loss: *0.744* | Acc: *79.470%* (7947/10000)
Train epoch: 340 | Loss: *0.083* | Acc: *97.318%* (48659/50000) 
Test epoch: 340 | Loss: *0.844* | Acc: *78.070%* (7807/10000)
Train epoch: 341 | Loss: *0.085* | Acc: *97.188%* (48594/50000) 
Test epoch: 341 | Loss: *0.676* | Acc: *80.400%* (8040/10000)
Train epoch: 342 | Loss: *0.086* | Acc: *97.210%* (48605/50000) 
Test epoch: 342 | Loss: *0.860* | Acc: *76.020%* (7602/10000)
Train epoch: 343 | Loss: *0.090* | Acc: *96.992%* (48496/50000) 
Test epoch: 343 | Loss: *0.653* | Acc: *80.940%* (8094/10000)
Train epoch: 344 | Loss: *0.093* | Acc: *96.876%* (48438/50000) 
Test epoch: 344 | Loss: *0.973* | Acc: *74.620%* (7462/10000)
Train epoch: 345 | Loss: *0.086* | Acc: *97.232%* (48616/50000) 
Test epoch: 345 | Loss: *0.748* | Acc: *79.030%* (7903/10000)
Train epoch: 346 | Loss: *0.090* | Acc: *97.038%* (48519/50000) 
Test epoch: 346 | Loss: *0.792* | Acc: *80.110%* (8011/10000)
Train epoch: 347 | Loss: *0.090* | Acc: *97.044%* (48522/50000) 
Test epoch: 347 | Loss: *0.712* | Acc: *79.840%* (7984/10000)
Train epoch: 348 | Loss: *0.090* | Acc: *97.026%* (48513/50000) 
Test epoch: 348 | Loss: *0.917* | Acc: *77.370%* (7737/10000)
Train epoch: 349 | Loss: *0.089* | Acc: *96.990%* (48495/50000) 
Test epoch: 349 | Loss: *0.858* | Acc: *77.850%* (7785/10000)
Train epoch: 350 | Loss: *0.096* | Acc: *96.890%* (48445/50000) 
Test epoch: 350 | Loss: *0.734* | Acc: *80.190%* (8019/10000)
Train epoch: 351 | Loss: *0.089* | Acc: *97.062%* (48531/50000) 
Test epoch: 351 | Loss: *0.692* | Acc: *80.640%* (8064/10000)
Train epoch: 352 | Loss: *0.093* | Acc: *96.922%* (48461/50000) 
Test epoch: 352 | Loss: *0.938* | Acc: *75.460%* (7546/10000)
Train epoch: 353 | Loss: *0.100* | Acc: *96.632%* (48316/50000) 
Test epoch: 353 | Loss: *0.720* | Acc: *80.330%* (8033/10000)
Train epoch: 354 | Loss: *0.096* | Acc: *96.740%* (48370/50000) 
Test epoch: 354 | Loss: *0.614* | Acc: *82.570%* (8257/10000)
Train epoch: 355 | Loss: *0.092* | Acc: *96.876%* (48438/50000) 
Test epoch: 355 | Loss: *0.738* | Acc: *79.590%* (7959/10000)
Train epoch: 356 | Loss: *0.096* | Acc: *96.694%* (48347/50000) 
Test epoch: 356 | Loss: *0.763* | Acc: *78.680%* (7868/10000)
Train epoch: 357 | Loss: *0.104* | Acc: *96.402%* (48201/50000) 
Test epoch: 357 | Loss: *0.890* | Acc: *76.980%* (7698/10000)
Train epoch: 358 | Loss: *0.096* | Acc: *96.780%* (48390/50000) 
Test epoch: 358 | Loss: *0.724* | Acc: *79.540%* (7954/10000)
Train epoch: 359 | Loss: *0.098* | Acc: *96.726%* (48363/50000) 
Test epoch: 359 | Loss: *0.681* | Acc: *81.220%* (8122/10000)
Train epoch: 360 | Loss: *0.096* | Acc: *96.822%* (48411/50000) 
Test epoch: 360 | Loss: *0.945* | Acc: *74.840%* (7484/10000)
Train epoch: 361 | Loss: *0.101* | Acc: *96.568%* (48284/50000) 
Test epoch: 361 | Loss: *0.812* | Acc: *78.610%* (7861/10000)
Train epoch: 362 | Loss: *0.096* | Acc: *96.700%* (48350/50000) 
Test epoch: 362 | Loss: *0.772* | Acc: *79.650%* (7965/10000)
Train epoch: 363 | Loss: *0.098* | Acc: *96.768%* (48384/50000) 
Test epoch: 363 | Loss: *0.790* | Acc: *79.790%* (7979/10000)
Train epoch: 364 | Loss: *0.100* | Acc: *96.616%* (48308/50000) 
Test epoch: 364 | Loss: *0.735* | Acc: *80.030%* (8003/10000)
Train epoch: 365 | Loss: *0.102* | Acc: *96.618%* (48309/50000) 
Test epoch: 365 | Loss: *0.878* | Acc: *76.460%* (7646/10000)
Train epoch: 366 | Loss: *0.102* | Acc: *96.544%* (48272/50000) 
Test epoch: 366 | Loss: *0.657* | Acc: *81.150%* (8115/10000)
Train epoch: 367 | Loss: *0.095* | Acc: *96.840%* (48420/50000) 
Test epoch: 367 | Loss: *0.922* | Acc: *77.150%* (7715/10000)
Train epoch: 368 | Loss: *0.102* | Acc: *96.582%* (48291/50000) 
Test epoch: 368 | Loss: *0.937* | Acc: *74.690%* (7469/10000)
Train epoch: 369 | Loss: *0.105* | Acc: *96.448%* (48224/50000) 
Test epoch: 369 | Loss: *0.885* | Acc: *77.320%* (7732/10000)
Train epoch: 370 | Loss: *0.105* | Acc: *96.516%* (48258/50000) 
Test epoch: 370 | Loss: *1.169* | Acc: *73.130%* (7313/10000)
Train epoch: 371 | Loss: *0.106* | Acc: *96.380%* (48190/50000) 
Test epoch: 371 | Loss: *0.824* | Acc: *78.840%* (7884/10000)
Train epoch: 372 | Loss: *0.098* | Acc: *96.774%* (48387/50000) 
Test epoch: 372 | Loss: *0.643* | Acc: *81.940%* (8194/10000)
Train epoch: 373 | Loss: *0.103* | Acc: *96.560%* (48280/50000) 
Test epoch: 373 | Loss: *0.773* | Acc: *79.270%* (7927/10000)
Train epoch: 374 | Loss: *0.106* | Acc: *96.386%* (48193/50000) 
Test epoch: 374 | Loss: *0.807* | Acc: *78.950%* (7895/10000)
Train epoch: 375 | Loss: *0.107* | Acc: *96.442%* (48221/50000) 
Test epoch: 375 | Loss: *0.702* | Acc: *80.440%* (8044/10000)
Train epoch: 376 | Loss: *0.105* | Acc: *96.478%* (48239/50000) 
Test epoch: 376 | Loss: *0.760* | Acc: *79.960%* (7996/10000)
Train epoch: 377 | Loss: *0.105* | Acc: *96.538%* (48269/50000) 
Test epoch: 377 | Loss: *0.697* | Acc: *80.840%* (8084/10000)
Train epoch: 378 | Loss: *0.103* | Acc: *96.450%* (48225/50000) 
Test epoch: 378 | Loss: *0.985* | Acc: *74.350%* (7435/10000)
Train epoch: 379 | Loss: *0.105* | Acc: *96.390%* (48195/50000) 
Test epoch: 379 | Loss: *0.817* | Acc: *79.500%* (7950/10000)
Train epoch: 380 | Loss: *0.104* | Acc: *96.560%* (48280/50000) 
Test epoch: 380 | Loss: *0.793* | Acc: *79.070%* (7907/10000)
Train epoch: 381 | Loss: *0.108* | Acc: *96.402%* (48201/50000) 
Test epoch: 381 | Loss: *0.828* | Acc: *78.480%* (7848/10000)
Train epoch: 382 | Loss: *0.106* | Acc: *96.436%* (48218/50000) 
Test epoch: 382 | Loss: *1.057* | Acc: *75.020%* (7502/10000)
Train epoch: 383 | Loss: *0.105* | Acc: *96.442%* (48221/50000) 
Test epoch: 383 | Loss: *0.736* | Acc: *78.910%* (7891/10000)
Train epoch: 384 | Loss: *0.105* | Acc: *96.488%* (48244/50000) 
Test epoch: 384 | Loss: *0.834* | Acc: *78.460%* (7846/10000)
Train epoch: 385 | Loss: *0.107* | Acc: *96.464%* (48232/50000) 
Test epoch: 385 | Loss: *0.822* | Acc: *78.270%* (7827/10000)
Train epoch: 386 | Loss: *0.109* | Acc: *96.370%* (48185/50000) 
Test epoch: 386 | Loss: *0.651* | Acc: *81.680%* (8168/10000)
Train epoch: 387 | Loss: *0.108* | Acc: *96.398%* (48199/50000) 
Test epoch: 387 | Loss: *0.812* | Acc: *77.510%* (7751/10000)
Train epoch: 388 | Loss: *0.110* | Acc: *96.330%* (48165/50000) 
Test epoch: 388 | Loss: *0.939* | Acc: *75.680%* (7568/10000)
Train epoch: 389 | Loss: *0.110* | Acc: *96.244%* (48122/50000) 
Test epoch: 389 | Loss: *0.957* | Acc: *75.830%* (7583/10000)
Train epoch: 390 | Loss: *0.107* | Acc: *96.396%* (48198/50000) 
Test epoch: 390 | Loss: *0.767* | Acc: *78.810%* (7881/10000)
Train epoch: 391 | Loss: *0.106* | Acc: *96.408%* (48204/50000) 
Test epoch: 391 | Loss: *0.782* | Acc: *79.240%* (7924/10000)
Train epoch: 392 | Loss: *0.105* | Acc: *96.464%* (48232/50000) 
Test epoch: 392 | Loss: *0.790* | Acc: *78.950%* (7895/10000)
Train epoch: 393 | Loss: *0.111* | Acc: *96.268%* (48134/50000) 
Test epoch: 393 | Loss: *0.679* | Acc: *81.020%* (8102/10000)
Train epoch: 394 | Loss: *0.108* | Acc: *96.400%* (48200/50000) 
Test epoch: 394 | Loss: *0.866* | Acc: *76.900%* (7690/10000)
Train epoch: 395 | Loss: *0.099* | Acc: *96.698%* (48349/50000) 
Test epoch: 395 | Loss: *0.950* | Acc: *73.610%* (7361/10000)
Train epoch: 396 | Loss: *0.110* | Acc: *96.292%* (48146/50000) 
Test epoch: 396 | Loss: *0.911* | Acc: *75.530%* (7553/10000)
Train epoch: 397 | Loss: *0.107* | Acc: *96.414%* (48207/50000) 
Test epoch: 397 | Loss: *0.922* | Acc: *75.720%* (7572/10000)
Train epoch: 398 | Loss: *0.106* | Acc: *96.452%* (48226/50000) 
Test epoch: 398 | Loss: *0.994* | Acc: *76.400%* (7640/10000)
Train epoch: 399 | Loss: *0.111* | Acc: *96.266%* (48133/50000) 
Test epoch: 399 | Loss: *0.714* | Acc: *80.150%* (8015/10000)
Train epoch: 400 | Loss: *0.105* | Acc: *96.442%* (48221/50000) 
Test epoch: 400 | Loss: *0.872* | Acc: *75.330%* (7533/10000)
Train epoch: 401 | Loss: *0.107* | Acc: *96.510%* (48255/50000) 
Test epoch: 401 | Loss: *0.786* | Acc: *77.630%* (7763/10000)
Train epoch: 402 | Loss: *0.108* | Acc: *96.412%* (48206/50000) 
Test epoch: 402 | Loss: *0.760* | Acc: *78.770%* (7877/10000)
Train epoch: 403 | Loss: *0.108* | Acc: *96.398%* (48199/50000) 
Test epoch: 403 | Loss: *0.850* | Acc: *77.270%* (7727/10000)
Train epoch: 404 | Loss: *0.110* | Acc: *96.296%* (48148/50000) 
Test epoch: 404 | Loss: *1.413* | Acc: *70.070%* (7007/10000)
Train epoch: 405 | Loss: *0.107* | Acc: *96.392%* (48196/50000) 
Test epoch: 405 | Loss: *0.673* | Acc: *80.830%* (8083/10000)
Train epoch: 406 | Loss: *0.104* | Acc: *96.446%* (48223/50000) 
Test epoch: 406 | Loss: *0.742* | Acc: *79.330%* (7933/10000)
Train epoch: 407 | Loss: *0.108* | Acc: *96.426%* (48213/50000) 
Test epoch: 407 | Loss: *0.738* | Acc: *80.060%* (8006/10000)
Train epoch: 408 | Loss: *0.102* | Acc: *96.598%* (48299/50000) 
Test epoch: 408 | Loss: *0.806* | Acc: *78.010%* (7801/10000)
Train epoch: 409 | Loss: *0.109* | Acc: *96.292%* (48146/50000) 
Test epoch: 409 | Loss: *0.750* | Acc: *80.300%* (8030/10000)
Train epoch: 410 | Loss: *0.103* | Acc: *96.556%* (48278/50000) 
Test epoch: 410 | Loss: *0.961* | Acc: *75.680%* (7568/10000)
Train epoch: 411 | Loss: *0.106* | Acc: *96.442%* (48221/50000) 
Test epoch: 411 | Loss: *0.936* | Acc: *77.970%* (7797/10000)
Train epoch: 412 | Loss: *0.105* | Acc: *96.422%* (48211/50000) 
Test epoch: 412 | Loss: *0.758* | Acc: *80.410%* (8041/10000)
Train epoch: 413 | Loss: *0.104* | Acc: *96.520%* (48260/50000) 
Test epoch: 413 | Loss: *1.418* | Acc: *69.730%* (6973/10000)
Train epoch: 414 | Loss: *0.103* | Acc: *96.564%* (48282/50000) 
Test epoch: 414 | Loss: *1.059* | Acc: *73.910%* (7391/10000)
Train epoch: 415 | Loss: *0.104* | Acc: *96.478%* (48239/50000) 
Test epoch: 415 | Loss: *0.726* | Acc: *81.140%* (8114/10000)
Train epoch: 416 | Loss: *0.104* | Acc: *96.602%* (48301/50000) 
Test epoch: 416 | Loss: *0.810* | Acc: *79.750%* (7975/10000)
Train epoch: 417 | Loss: *0.102* | Acc: *96.482%* (48241/50000) 
Test epoch: 417 | Loss: *0.673* | Acc: *81.890%* (8189/10000)
Train epoch: 418 | Loss: *0.105* | Acc: *96.436%* (48218/50000) 
Test epoch: 418 | Loss: *0.751* | Acc: *79.820%* (7982/10000)
Train epoch: 419 | Loss: *0.100* | Acc: *96.654%* (48327/50000) 
Test epoch: 419 | Loss: *0.728* | Acc: *80.100%* (8010/10000)
Train epoch: 420 | Loss: *0.107* | Acc: *96.434%* (48217/50000) 
Test epoch: 420 | Loss: *0.742* | Acc: *79.020%* (7902/10000)
Train epoch: 421 | Loss: *0.102* | Acc: *96.500%* (48250/50000) 
Test epoch: 421 | Loss: *0.750* | Acc: *79.740%* (7974/10000)
Train epoch: 422 | Loss: *0.104* | Acc: *96.440%* (48220/50000) 
Test epoch: 422 | Loss: *0.632* | Acc: *82.260%* (8226/10000)
Train epoch: 423 | Loss: *0.096* | Acc: *96.792%* (48396/50000) 
Test epoch: 423 | Loss: *0.970* | Acc: *76.020%* (7602/10000)
Train epoch: 424 | Loss: *0.096* | Acc: *96.782%* (48391/50000) 
Test epoch: 424 | Loss: *0.686* | Acc: *82.110%* (8211/10000)
Train epoch: 425 | Loss: *0.095* | Acc: *96.872%* (48436/50000) 
Test epoch: 425 | Loss: *0.957* | Acc: *77.100%* (7710/10000)
Train epoch: 426 | Loss: *0.106* | Acc: *96.478%* (48239/50000) 
Test epoch: 426 | Loss: *0.734* | Acc: *79.390%* (7939/10000)
Train epoch: 427 | Loss: *0.096* | Acc: *96.808%* (48404/50000) 
Test epoch: 427 | Loss: *0.775* | Acc: *79.220%* (7922/10000)
Train epoch: 428 | Loss: *0.101* | Acc: *96.578%* (48289/50000) 
Test epoch: 428 | Loss: *0.709* | Acc: *80.240%* (8024/10000)
Train epoch: 429 | Loss: *0.097* | Acc: *96.694%* (48347/50000) 
Test epoch: 429 | Loss: *0.851* | Acc: *76.880%* (7688/10000)
Train epoch: 430 | Loss: *0.097* | Acc: *96.752%* (48376/50000) 
Test epoch: 430 | Loss: *0.804* | Acc: *77.930%* (7793/10000)
Train epoch: 431 | Loss: *0.096* | Acc: *96.868%* (48434/50000) 
Test epoch: 431 | Loss: *0.714* | Acc: *81.310%* (8131/10000)
Train epoch: 432 | Loss: *0.093* | Acc: *96.902%* (48451/50000) 
Test epoch: 432 | Loss: *0.844* | Acc: *79.460%* (7946/10000)
Train epoch: 433 | Loss: *0.099* | Acc: *96.658%* (48329/50000) 
Test epoch: 433 | Loss: *0.718* | Acc: *80.520%* (8052/10000)
Train epoch: 434 | Loss: *0.090* | Acc: *97.008%* (48504/50000) 
Test epoch: 434 | Loss: *0.771* | Acc: *79.250%* (7925/10000)
Train epoch: 435 | Loss: *0.098* | Acc: *96.696%* (48348/50000) 
Test epoch: 435 | Loss: *0.714* | Acc: *79.990%* (7999/10000)
Train epoch: 436 | Loss: *0.090* | Acc: *97.058%* (48529/50000) 
Test epoch: 436 | Loss: *0.873* | Acc: *77.850%* (7785/10000)
Train epoch: 437 | Loss: *0.092* | Acc: *96.954%* (48477/50000) 
Test epoch: 437 | Loss: *1.059* | Acc: *73.480%* (7348/10000)
Train epoch: 438 | Loss: *0.093* | Acc: *96.876%* (48438/50000) 
Test epoch: 438 | Loss: *0.920* | Acc: *76.250%* (7625/10000)
Train epoch: 439 | Loss: *0.095* | Acc: *96.804%* (48402/50000) 
Test epoch: 439 | Loss: *0.875* | Acc: *76.040%* (7604/10000)
Train epoch: 440 | Loss: *0.085* | Acc: *97.212%* (48606/50000) 
Test epoch: 440 | Loss: *0.779* | Acc: *78.600%* (7860/10000)
Train epoch: 441 | Loss: *0.089* | Acc: *97.108%* (48554/50000) 
Test epoch: 441 | Loss: *0.817* | Acc: *77.720%* (7772/10000)
Train epoch: 442 | Loss: *0.088* | Acc: *97.088%* (48544/50000) 
Test epoch: 442 | Loss: *0.932* | Acc: *77.350%* (7735/10000)
Train epoch: 443 | Loss: *0.090* | Acc: *97.008%* (48504/50000) 
Test epoch: 443 | Loss: *0.683* | Acc: *80.540%* (8054/10000)
Train epoch: 444 | Loss: *0.084* | Acc: *97.288%* (48644/50000) 
Test epoch: 444 | Loss: *0.749* | Acc: *79.680%* (7968/10000)
Train epoch: 445 | Loss: *0.089* | Acc: *97.002%* (48501/50000) 
Test epoch: 445 | Loss: *0.737* | Acc: *80.590%* (8059/10000)
Train epoch: 446 | Loss: *0.083* | Acc: *97.296%* (48648/50000) 
Test epoch: 446 | Loss: *0.661* | Acc: *82.330%* (8233/10000)
Train epoch: 447 | Loss: *0.088* | Acc: *97.060%* (48530/50000) 
Test epoch: 447 | Loss: *0.741* | Acc: *79.170%* (7917/10000)
Train epoch: 448 | Loss: *0.087* | Acc: *97.154%* (48577/50000) 
Test epoch: 448 | Loss: *0.626* | Acc: *82.220%* (8222/10000)
Train epoch: 449 | Loss: *0.086* | Acc: *97.134%* (48567/50000) 
Test epoch: 449 | Loss: *0.860* | Acc: *77.270%* (7727/10000)
Train epoch: 450 | Loss: *0.081* | Acc: *97.394%* (48697/50000) 
Test epoch: 450 | Loss: *0.732* | Acc: *80.880%* (8088/10000)
Train epoch: 451 | Loss: *0.082* | Acc: *97.270%* (48635/50000) 
Test epoch: 451 | Loss: *0.887* | Acc: *77.120%* (7712/10000)
Train epoch: 452 | Loss: *0.083* | Acc: *97.238%* (48619/50000) 
Test epoch: 452 | Loss: *0.817* | Acc: *79.340%* (7934/10000)
Train epoch: 453 | Loss: *0.087* | Acc: *97.084%* (48542/50000) 
Test epoch: 453 | Loss: *0.832* | Acc: *78.550%* (7855/10000)
Train epoch: 454 | Loss: *0.078* | Acc: *97.436%* (48718/50000) 
Test epoch: 454 | Loss: *0.837* | Acc: *79.040%* (7904/10000)
Train epoch: 455 | Loss: *0.073* | Acc: *97.576%* (48788/50000) 
Test epoch: 455 | Loss: *0.854* | Acc: *78.880%* (7888/10000)
Train epoch: 456 | Loss: *0.076* | Acc: *97.532%* (48766/50000) 
Test epoch: 456 | Loss: *0.707* | Acc: *81.430%* (8143/10000)
Train epoch: 457 | Loss: *0.073* | Acc: *97.598%* (48799/50000) 
Test epoch: 457 | Loss: *0.921* | Acc: *76.840%* (7684/10000)
Train epoch: 458 | Loss: *0.080* | Acc: *97.408%* (48704/50000) 
Test epoch: 458 | Loss: *0.733* | Acc: *80.650%* (8065/10000)
Train epoch: 459 | Loss: *0.076* | Acc: *97.416%* (48708/50000) 
Test epoch: 459 | Loss: *0.688* | Acc: *81.520%* (8152/10000)
Train epoch: 460 | Loss: *0.078* | Acc: *97.412%* (48706/50000) 
Test epoch: 460 | Loss: *0.697* | Acc: *81.200%* (8120/10000)
Train epoch: 461 | Loss: *0.072* | Acc: *97.612%* (48806/50000) 
Test epoch: 461 | Loss: *0.803* | Acc: *78.580%* (7858/10000)
Train epoch: 462 | Loss: *0.069* | Acc: *97.710%* (48855/50000) 
Test epoch: 462 | Loss: *0.779* | Acc: *80.620%* (8062/10000)
Train epoch: 463 | Loss: *0.073* | Acc: *97.540%* (48770/50000) 
Test epoch: 463 | Loss: *0.722* | Acc: *80.900%* (8090/10000)
Train epoch: 464 | Loss: *0.072* | Acc: *97.678%* (48839/50000) 
Test epoch: 464 | Loss: *0.868* | Acc: *78.840%* (7884/10000)
Train epoch: 465 | Loss: *0.071* | Acc: *97.668%* (48834/50000) 
Test epoch: 465 | Loss: *0.895* | Acc: *77.490%* (7749/10000)
Train epoch: 466 | Loss: *0.066* | Acc: *97.884%* (48942/50000) 
Test epoch: 466 | Loss: *0.948* | Acc: *77.520%* (7752/10000)
Train epoch: 467 | Loss: *0.066* | Acc: *97.856%* (48928/50000) 
Test epoch: 467 | Loss: *0.776* | Acc: *80.020%* (8002/10000)
Train epoch: 468 | Loss: *0.068* | Acc: *97.770%* (48885/50000) 
Test epoch: 468 | Loss: *0.719* | Acc: *80.490%* (8049/10000)
Train epoch: 469 | Loss: *0.064* | Acc: *98.004%* (49002/50000) 
Test epoch: 469 | Loss: *0.762* | Acc: *79.580%* (7958/10000)
Train epoch: 470 | Loss: *0.063* | Acc: *97.936%* (48968/50000) 
Test epoch: 470 | Loss: *0.636* | Acc: *82.820%* (8282/10000)
Train epoch: 471 | Loss: *0.062* | Acc: *98.022%* (49011/50000) 
Test epoch: 471 | Loss: *0.725* | Acc: *81.280%* (8128/10000)
Train epoch: 472 | Loss: *0.065* | Acc: *97.876%* (48938/50000) 
Test epoch: 472 | Loss: *0.874* | Acc: *79.300%* (7930/10000)
Train epoch: 473 | Loss: *0.063* | Acc: *97.974%* (48987/50000) 
Test epoch: 473 | Loss: *0.787* | Acc: *79.390%* (7939/10000)
Train epoch: 474 | Loss: *0.063* | Acc: *97.934%* (48967/50000) 
Test epoch: 474 | Loss: *0.712* | Acc: *80.930%* (8093/10000)
Train epoch: 475 | Loss: *0.062* | Acc: *98.004%* (49002/50000) 
Test epoch: 475 | Loss: *0.746* | Acc: *80.310%* (8031/10000)
Train epoch: 476 | Loss: *0.050* | Acc: *98.472%* (49236/50000) 
Test epoch: 476 | Loss: *0.790* | Acc: *79.790%* (7979/10000)
Train epoch: 477 | Loss: *0.060* | Acc: *98.088%* (49044/50000) 
Test epoch: 477 | Loss: *0.834* | Acc: *77.830%* (7783/10000)
Train epoch: 478 | Loss: *0.058* | Acc: *98.064%* (49032/50000) 
Test epoch: 478 | Loss: *0.884* | Acc: *76.470%* (7647/10000)
Train epoch: 479 | Loss: *0.056* | Acc: *98.220%* (49110/50000) 
Test epoch: 479 | Loss: *0.671* | Acc: *81.890%* (8189/10000)
Train epoch: 480 | Loss: *0.052* | Acc: *98.346%* (49173/50000) 
Test epoch: 480 | Loss: *0.702* | Acc: *80.460%* (8046/10000)
Train epoch: 481 | Loss: *0.048* | Acc: *98.524%* (49262/50000) 
Test epoch: 481 | Loss: *0.817* | Acc: *80.060%* (8006/10000)
Train epoch: 482 | Loss: *0.056* | Acc: *98.280%* (49140/50000) 
Test epoch: 482 | Loss: *0.946* | Acc: *75.990%* (7599/10000)
Train epoch: 483 | Loss: *0.050* | Acc: *98.488%* (49244/50000) 
Test epoch: 483 | Loss: *0.757* | Acc: *80.970%* (8097/10000)
Train epoch: 484 | Loss: *0.049* | Acc: *98.472%* (49236/50000) 
Test epoch: 484 | Loss: *0.722* | Acc: *81.410%* (8141/10000)
Train epoch: 485 | Loss: *0.052* | Acc: *98.326%* (49163/50000) 
Test epoch: 485 | Loss: *0.657* | Acc: *83.120%* (8312/10000)
Train epoch: 486 | Loss: *0.049* | Acc: *98.498%* (49249/50000) 
Test epoch: 486 | Loss: *0.845* | Acc: *79.330%* (7933/10000)
Train epoch: 487 | Loss: *0.046* | Acc: *98.586%* (49293/50000) 
Test epoch: 487 | Loss: *0.725* | Acc: *82.010%* (8201/10000)
Train epoch: 488 | Loss: *0.044* | Acc: *98.658%* (49329/50000) 
Test epoch: 488 | Loss: *0.706* | Acc: *81.380%* (8138/10000)
Train epoch: 489 | Loss: *0.045* | Acc: *98.616%* (49308/50000) 
Test epoch: 489 | Loss: *0.775* | Acc: *80.730%* (8073/10000)
Train epoch: 490 | Loss: *0.045* | Acc: *98.600%* (49300/50000) 
Test epoch: 490 | Loss: *0.704* | Acc: *81.920%* (8192/10000)
Train epoch: 491 | Loss: *0.041* | Acc: *98.818%* (49409/50000) 
Test epoch: 491 | Loss: *0.776* | Acc: *81.120%* (8112/10000)
Train epoch: 492 | Loss: *0.045* | Acc: *98.608%* (49304/50000) 
Test epoch: 492 | Loss: *0.673* | Acc: *82.320%* (8232/10000)
Train epoch: 493 | Loss: *0.043* | Acc: *98.674%* (49337/50000) 
Test epoch: 493 | Loss: *0.780* | Acc: *79.240%* (7924/10000)
Train epoch: 494 | Loss: *0.043* | Acc: *98.632%* (49316/50000) 
Test epoch: 494 | Loss: *0.716* | Acc: *81.480%* (8148/10000)
Train epoch: 495 | Loss: *0.038* | Acc: *98.830%* (49415/50000) 
Test epoch: 495 | Loss: *0.820* | Acc: *80.120%* (8012/10000)
Train epoch: 496 | Loss: *0.034* | Acc: *98.982%* (49491/50000) 
Test epoch: 496 | Loss: *0.799* | Acc: *80.320%* (8032/10000)
Train epoch: 497 | Loss: *0.031* | Acc: *99.116%* (49558/50000) 
Test epoch: 497 | Loss: *0.593* | Acc: *83.720%* (8372/10000)
Train epoch: 498 | Loss: *0.029* | Acc: *99.178%* (49589/50000) 
Test epoch: 498 | Loss: *0.841* | Acc: *79.690%* (7969/10000)
Train epoch: 499 | Loss: *0.033* | Acc: *99.042%* (49521/50000) 
Test epoch: 499 | Loss: *0.632* | Acc: *82.600%* (8260/10000)
Train epoch: 500 | Loss: *0.040* | Acc: *98.764%* (49382/50000) 
Test epoch: 500 | Loss: *0.648* | Acc: *83.090%* (8309/10000)
Best test accuracy: *87.110%*, loss: *0.4132822300493717*, at epoch: *121*.
==> Execution time summary of 500 epoch(s).
Train data loading time: sum. *225.74080501496792* secs | avg. *0.4514816100299358* secs per epoch.
Train training time: sum. *1433.7015828965232* secs | avg. *2.8674031657930463* secs per epoch.
Train total time: sum. *1659.442387911491* secs | avg. *3.318884775822982* secs per epoch.
Test data loading time: sum. *97.23012748267502* secs | avg. *0.19446025496535002* secs per epoch.
Test training time: sum. *82.19603088218719* secs | avg. *0.16439206176437438* secs per epoch.
Test total time: sum. *179.4261583648622* secs | avg. *0.3588523167297244* secs per epoch.
Total data loading time: sum. *322.97093249764293* secs | avg. *0.6459418649952858* secs per epoch.
Total training time: sum. *1515.8976137787104* secs | avg. *3.0317952275574207* secs per epoch.
Total running time: sum. *1838.8685462763533* secs | avg. *3.6777370925527064* secs per epoch.
==> Number of GPU device: 1
==> Device #0 Memory Usage
==> Allocated: 0.1 GB
==> Cached:    0.8 GB
==> Maximum: 0.8 GB
