==> Running on : cuda
==> Number of CPU: 48
==> Number of workers: 2
==> #Epochs: 500, #Layers: 2, #Blocks: [1, 3], In channel: 64, Input layer conv kernel: 7x7, Residual layer conv kernel 7x7, Skip kernel: 1x1, Input layer conv padding: 3, Residual layer conv padding: 3
==> Optimizer is Adadelta
==> Learning rate: 1.0
==> Weight decay: 0.0005
==>Trainable Parameters: 4837962
==>Other Parameters: 0
==>Augmentation: RandomCrop(32, padding=4), RandomHorizontalFlip(), Normalize((0.4914, 0.4822, 0.4465), (0.2023, 0.1994, 0.2010)
Files already downloaded and verified
Train epoch: 1 | Loss: *1.683* | Acc: *36.968%* (18484/50000) 
Test epoch: 1 | Loss: *2.184* | Acc: *32.430%* (3243/10000)
Train epoch: 2 | Loss: *1.297* | Acc: *52.808%* (26404/50000) 
Test epoch: 2 | Loss: *1.353* | Acc: *52.440%* (5244/10000)
Train epoch: 3 | Loss: *1.082* | Acc: *61.276%* (30638/50000) 
Test epoch: 3 | Loss: *1.141* | Acc: *60.560%* (6056/10000)
Train epoch: 4 | Loss: *0.939* | Acc: *66.636%* (33318/50000) 
Test epoch: 4 | Loss: *1.307* | Acc: *59.000%* (5900/10000)
Train epoch: 5 | Loss: *0.818* | Acc: *71.240%* (35620/50000) 
Test epoch: 5 | Loss: *1.015* | Acc: *66.500%* (6650/10000)
Train epoch: 6 | Loss: *0.721* | Acc: *75.082%* (37541/50000) 
Test epoch: 6 | Loss: *1.452* | Acc: *56.270%* (5627/10000)
Train epoch: 7 | Loss: *0.649* | Acc: *77.666%* (38833/50000) 
Test epoch: 7 | Loss: *0.964* | Acc: *69.320%* (6932/10000)
Train epoch: 8 | Loss: *0.587* | Acc: *79.772%* (39886/50000) 
Test epoch: 8 | Loss: *1.144* | Acc: *67.470%* (6747/10000)
Train epoch: 9 | Loss: *0.551* | Acc: *80.982%* (40491/50000) 
Test epoch: 9 | Loss: *0.772* | Acc: *75.210%* (7521/10000)
Train epoch: 10 | Loss: *0.511* | Acc: *82.504%* (41252/50000) 
Test epoch: 10 | Loss: *1.086* | Acc: *68.030%* (6803/10000)
Train epoch: 11 | Loss: *0.484* | Acc: *83.402%* (41701/50000) 
Test epoch: 11 | Loss: *0.768* | Acc: *75.950%* (7595/10000)
Train epoch: 12 | Loss: *0.456* | Acc: *84.372%* (42186/50000) 
Test epoch: 12 | Loss: *0.794* | Acc: *74.200%* (7420/10000)
Train epoch: 13 | Loss: *0.433* | Acc: *85.034%* (42517/50000) 
Test epoch: 13 | Loss: *0.776* | Acc: *76.170%* (7617/10000)
Train epoch: 14 | Loss: *0.415* | Acc: *85.602%* (42801/50000) 
Test epoch: 14 | Loss: *0.943* | Acc: *72.080%* (7208/10000)
Train epoch: 15 | Loss: *0.395* | Acc: *86.418%* (43209/50000) 
Test epoch: 15 | Loss: *0.716* | Acc: *77.230%* (7723/10000)
Train epoch: 16 | Loss: *0.381* | Acc: *86.920%* (43460/50000) 
Test epoch: 16 | Loss: *0.767* | Acc: *75.300%* (7530/10000)
Train epoch: 17 | Loss: *0.368* | Acc: *87.218%* (43609/50000) 
Test epoch: 17 | Loss: *0.581* | Acc: *80.550%* (8055/10000)
Train epoch: 18 | Loss: *0.359* | Acc: *87.704%* (43852/50000) 
Test epoch: 18 | Loss: *0.729* | Acc: *76.920%* (7692/10000)
Train epoch: 19 | Loss: *0.348* | Acc: *88.042%* (44021/50000) 
Test epoch: 19 | Loss: *0.589* | Acc: *81.020%* (8102/10000)
Train epoch: 20 | Loss: *0.341* | Acc: *88.226%* (44113/50000) 
Test epoch: 20 | Loss: *0.818* | Acc: *73.960%* (7396/10000)
Train epoch: 21 | Loss: *0.328* | Acc: *88.602%* (44301/50000) 
Test epoch: 21 | Loss: *0.577* | Acc: *82.080%* (8208/10000)
Train epoch: 22 | Loss: *0.321* | Acc: *88.962%* (44481/50000) 
Test epoch: 22 | Loss: *0.722* | Acc: *77.330%* (7733/10000)
Train epoch: 23 | Loss: *0.316* | Acc: *89.220%* (44610/50000) 
Test epoch: 23 | Loss: *0.646* | Acc: *80.340%* (8034/10000)
Train epoch: 24 | Loss: *0.313* | Acc: *89.176%* (44588/50000) 
Test epoch: 24 | Loss: *0.719* | Acc: *78.390%* (7839/10000)
Train epoch: 25 | Loss: *0.305* | Acc: *89.582%* (44791/50000) 
Test epoch: 25 | Loss: *0.649* | Acc: *80.160%* (8016/10000)
Train epoch: 26 | Loss: *0.300* | Acc: *89.808%* (44904/50000) 
Test epoch: 26 | Loss: *0.718* | Acc: *79.410%* (7941/10000)
Train epoch: 27 | Loss: *0.294* | Acc: *89.972%* (44986/50000) 
Test epoch: 27 | Loss: *0.620* | Acc: *81.260%* (8126/10000)
Train epoch: 28 | Loss: *0.291* | Acc: *90.046%* (45023/50000) 
Test epoch: 28 | Loss: *0.455* | Acc: *85.490%* (8549/10000)
Train epoch: 29 | Loss: *0.284* | Acc: *90.334%* (45167/50000) 
Test epoch: 29 | Loss: *0.622* | Acc: *80.700%* (8070/10000)
Train epoch: 30 | Loss: *0.281* | Acc: *90.364%* (45182/50000) 
Test epoch: 30 | Loss: *0.554* | Acc: *82.950%* (8295/10000)
Train epoch: 31 | Loss: *0.279* | Acc: *90.306%* (45153/50000) 
Test epoch: 31 | Loss: *0.883* | Acc: *74.770%* (7477/10000)
Train epoch: 32 | Loss: *0.276* | Acc: *90.544%* (45272/50000) 
Test epoch: 32 | Loss: *1.123* | Acc: *70.210%* (7021/10000)
Train epoch: 33 | Loss: *0.270* | Acc: *90.694%* (45347/50000) 
Test epoch: 33 | Loss: *0.613* | Acc: *81.410%* (8141/10000)
Train epoch: 34 | Loss: *0.269* | Acc: *90.728%* (45364/50000) 
Test epoch: 34 | Loss: *0.550* | Acc: *83.010%* (8301/10000)
Train epoch: 35 | Loss: *0.263* | Acc: *91.034%* (45517/50000) 
Test epoch: 35 | Loss: *0.523* | Acc: *84.270%* (8427/10000)
Train epoch: 36 | Loss: *0.260* | Acc: *90.960%* (45480/50000) 
Test epoch: 36 | Loss: *1.042* | Acc: *71.740%* (7174/10000)
Train epoch: 37 | Loss: *0.260* | Acc: *91.076%* (45538/50000) 
Test epoch: 37 | Loss: *0.510* | Acc: *83.080%* (8308/10000)
Train epoch: 38 | Loss: *0.258* | Acc: *91.100%* (45550/50000) 
Test epoch: 38 | Loss: *0.792* | Acc: *78.400%* (7840/10000)
Train epoch: 39 | Loss: *0.254* | Acc: *91.338%* (45669/50000) 
Test epoch: 39 | Loss: *0.558* | Acc: *82.460%* (8246/10000)
Train epoch: 40 | Loss: *0.249* | Acc: *91.426%* (45713/50000) 
Test epoch: 40 | Loss: *1.561* | Acc: *68.720%* (6872/10000)
Train epoch: 41 | Loss: *0.248* | Acc: *91.438%* (45719/50000) 
Test epoch: 41 | Loss: *0.432* | Acc: *86.250%* (8625/10000)
Train epoch: 42 | Loss: *0.243* | Acc: *91.780%* (45890/50000) 
Test epoch: 42 | Loss: *0.800* | Acc: *77.060%* (7706/10000)
Train epoch: 43 | Loss: *0.239* | Acc: *91.778%* (45889/50000) 
Test epoch: 43 | Loss: *0.745* | Acc: *79.140%* (7914/10000)
Train epoch: 44 | Loss: *0.244* | Acc: *91.690%* (45845/50000) 
Test epoch: 44 | Loss: *0.784* | Acc: *77.920%* (7792/10000)
Train epoch: 45 | Loss: *0.235* | Acc: *91.922%* (45961/50000) 
Test epoch: 45 | Loss: *0.949* | Acc: *74.640%* (7464/10000)
Train epoch: 46 | Loss: *0.236* | Acc: *91.920%* (45960/50000) 
Test epoch: 46 | Loss: *0.517* | Acc: *84.280%* (8428/10000)
Train epoch: 47 | Loss: *0.230* | Acc: *92.090%* (46045/50000) 
Test epoch: 47 | Loss: *0.629* | Acc: *81.360%* (8136/10000)
Train epoch: 48 | Loss: *0.230* | Acc: *92.112%* (46056/50000) 
Test epoch: 48 | Loss: *0.428* | Acc: *86.890%* (8689/10000)
Train epoch: 49 | Loss: *0.226* | Acc: *92.200%* (46100/50000) 
Test epoch: 49 | Loss: *0.791* | Acc: *79.810%* (7981/10000)
Train epoch: 50 | Loss: *0.227* | Acc: *92.156%* (46078/50000) 
Test epoch: 50 | Loss: *0.787* | Acc: *77.070%* (7707/10000)
Train epoch: 51 | Loss: *0.223* | Acc: *92.210%* (46105/50000) 
Test epoch: 51 | Loss: *0.474* | Acc: *84.790%* (8479/10000)
Train epoch: 52 | Loss: *0.216* | Acc: *92.600%* (46300/50000) 
Test epoch: 52 | Loss: *1.126* | Acc: *71.040%* (7104/10000)
Train epoch: 53 | Loss: *0.223* | Acc: *92.228%* (46114/50000) 
Test epoch: 53 | Loss: *0.531* | Acc: *83.480%* (8348/10000)
Train epoch: 54 | Loss: *0.216* | Acc: *92.436%* (46218/50000) 
Test epoch: 54 | Loss: *0.573* | Acc: *83.470%* (8347/10000)
Train epoch: 55 | Loss: *0.216* | Acc: *92.512%* (46256/50000) 
Test epoch: 55 | Loss: *0.569* | Acc: *83.240%* (8324/10000)
Train epoch: 56 | Loss: *0.214* | Acc: *92.618%* (46309/50000) 
Test epoch: 56 | Loss: *0.449* | Acc: *86.020%* (8602/10000)
Train epoch: 57 | Loss: *0.210* | Acc: *92.852%* (46426/50000) 
Test epoch: 57 | Loss: *0.779* | Acc: *77.190%* (7719/10000)
Train epoch: 58 | Loss: *0.210* | Acc: *92.704%* (46352/50000) 
Test epoch: 58 | Loss: *0.528* | Acc: *84.440%* (8444/10000)
Train epoch: 59 | Loss: *0.207* | Acc: *92.958%* (46479/50000) 
Test epoch: 59 | Loss: *0.825* | Acc: *77.760%* (7776/10000)
Train epoch: 60 | Loss: *0.205* | Acc: *92.950%* (46475/50000) 
Test epoch: 60 | Loss: *0.599* | Acc: *82.740%* (8274/10000)
Train epoch: 61 | Loss: *0.200* | Acc: *93.172%* (46586/50000) 
Test epoch: 61 | Loss: *0.489* | Acc: *85.730%* (8573/10000)
Train epoch: 62 | Loss: *0.201* | Acc: *93.038%* (46519/50000) 
Test epoch: 62 | Loss: *0.518* | Acc: *85.160%* (8516/10000)
Train epoch: 63 | Loss: *0.201* | Acc: *93.102%* (46551/50000) 
Test epoch: 63 | Loss: *0.534* | Acc: *84.710%* (8471/10000)
Train epoch: 64 | Loss: *0.200* | Acc: *93.174%* (46587/50000) 
Test epoch: 64 | Loss: *0.796* | Acc: *78.180%* (7818/10000)
Train epoch: 65 | Loss: *0.192* | Acc: *93.502%* (46751/50000) 
Test epoch: 65 | Loss: *0.490* | Acc: *85.230%* (8523/10000)
Train epoch: 66 | Loss: *0.196* | Acc: *93.216%* (46608/50000) 
Test epoch: 66 | Loss: *0.435* | Acc: *86.640%* (8664/10000)
Train epoch: 67 | Loss: *0.194* | Acc: *93.458%* (46729/50000) 
Test epoch: 67 | Loss: *0.814* | Acc: *78.930%* (7893/10000)
Train epoch: 68 | Loss: *0.185* | Acc: *93.694%* (46847/50000) 
Test epoch: 68 | Loss: *0.614* | Acc: *82.950%* (8295/10000)
Train epoch: 69 | Loss: *0.187* | Acc: *93.668%* (46834/50000) 
Test epoch: 69 | Loss: *0.572* | Acc: *83.630%* (8363/10000)
Train epoch: 70 | Loss: *0.182* | Acc: *93.780%* (46890/50000) 
Test epoch: 70 | Loss: *0.529* | Acc: *84.790%* (8479/10000)
Train epoch: 71 | Loss: *0.186* | Acc: *93.528%* (46764/50000) 
Test epoch: 71 | Loss: *0.766* | Acc: *79.980%* (7998/10000)
Train epoch: 72 | Loss: *0.178* | Acc: *93.946%* (46973/50000) 
Test epoch: 72 | Loss: *0.439* | Acc: *87.220%* (8722/10000)
Train epoch: 73 | Loss: *0.181* | Acc: *93.760%* (46880/50000) 
Test epoch: 73 | Loss: *0.439* | Acc: *87.260%* (8726/10000)
Train epoch: 74 | Loss: *0.177* | Acc: *93.928%* (46964/50000) 
Test epoch: 74 | Loss: *0.492* | Acc: *85.880%* (8588/10000)
Train epoch: 75 | Loss: *0.173* | Acc: *94.160%* (47080/50000) 
Test epoch: 75 | Loss: *0.639* | Acc: *82.460%* (8246/10000)
Train epoch: 76 | Loss: *0.171* | Acc: *94.256%* (47128/50000) 
Test epoch: 76 | Loss: *0.513* | Acc: *84.790%* (8479/10000)
Train epoch: 77 | Loss: *0.170* | Acc: *94.038%* (47019/50000) 
Test epoch: 77 | Loss: *0.496* | Acc: *85.850%* (8585/10000)
Train epoch: 78 | Loss: *0.169* | Acc: *94.214%* (47107/50000) 
Test epoch: 78 | Loss: *0.519* | Acc: *85.330%* (8533/10000)
Train epoch: 79 | Loss: *0.159* | Acc: *94.632%* (47316/50000) 
Test epoch: 79 | Loss: *0.444* | Acc: *86.970%* (8697/10000)
Train epoch: 80 | Loss: *0.163* | Acc: *94.480%* (47240/50000) 
Test epoch: 80 | Loss: *0.442* | Acc: *86.690%* (8669/10000)
Train epoch: 81 | Loss: *0.159* | Acc: *94.532%* (47266/50000) 
Test epoch: 81 | Loss: *0.637* | Acc: *83.120%* (8312/10000)
Train epoch: 82 | Loss: *0.160* | Acc: *94.454%* (47227/50000) 
Test epoch: 82 | Loss: *0.452* | Acc: *86.540%* (8654/10000)
Train epoch: 83 | Loss: *0.157* | Acc: *94.672%* (47336/50000) 
Test epoch: 83 | Loss: *0.539* | Acc: *84.980%* (8498/10000)
Train epoch: 84 | Loss: *0.152* | Acc: *94.736%* (47368/50000) 
Test epoch: 84 | Loss: *0.623* | Acc: *82.350%* (8235/10000)
Train epoch: 85 | Loss: *0.153* | Acc: *94.782%* (47391/50000) 
Test epoch: 85 | Loss: *0.541* | Acc: *85.660%* (8566/10000)
Train epoch: 86 | Loss: *0.150* | Acc: *94.822%* (47411/50000) 
Test epoch: 86 | Loss: *0.781* | Acc: *79.820%* (7982/10000)
Train epoch: 87 | Loss: *0.148* | Acc: *94.976%* (47488/50000) 
Test epoch: 87 | Loss: *0.462* | Acc: *86.900%* (8690/10000)
Train epoch: 88 | Loss: *0.146* | Acc: *95.084%* (47542/50000) 
Test epoch: 88 | Loss: *0.528* | Acc: *84.650%* (8465/10000)
Train epoch: 89 | Loss: *0.138* | Acc: *95.372%* (47686/50000) 
Test epoch: 89 | Loss: *0.538* | Acc: *85.980%* (8598/10000)
Train epoch: 90 | Loss: *0.145* | Acc: *95.014%* (47507/50000) 
Test epoch: 90 | Loss: *0.472* | Acc: *87.370%* (8737/10000)
Train epoch: 91 | Loss: *0.137* | Acc: *95.368%* (47684/50000) 
Test epoch: 91 | Loss: *0.493* | Acc: *86.890%* (8689/10000)
Train epoch: 92 | Loss: *0.139* | Acc: *95.252%* (47626/50000) 
Test epoch: 92 | Loss: *0.590* | Acc: *83.970%* (8397/10000)
Train epoch: 93 | Loss: *0.139* | Acc: *95.420%* (47710/50000) 
Test epoch: 93 | Loss: *0.587* | Acc: *83.290%* (8329/10000)
Train epoch: 94 | Loss: *0.132* | Acc: *95.486%* (47743/50000) 
Test epoch: 94 | Loss: *0.537* | Acc: *85.430%* (8543/10000)
Train epoch: 95 | Loss: *0.131* | Acc: *95.506%* (47753/50000) 
Test epoch: 95 | Loss: *0.518* | Acc: *86.210%* (8621/10000)
Train epoch: 96 | Loss: *0.128* | Acc: *95.654%* (47827/50000) 
Test epoch: 96 | Loss: *0.639* | Acc: *82.810%* (8281/10000)
Train epoch: 97 | Loss: *0.126* | Acc: *95.718%* (47859/50000) 
Test epoch: 97 | Loss: *0.426* | Acc: *87.860%* (8786/10000)
Train epoch: 98 | Loss: *0.121* | Acc: *95.916%* (47958/50000) 
Test epoch: 98 | Loss: *0.437* | Acc: *88.010%* (8801/10000)
Train epoch: 99 | Loss: *0.125* | Acc: *95.766%* (47883/50000) 
Test epoch: 99 | Loss: *0.440* | Acc: *87.590%* (8759/10000)
Train epoch: 100 | Loss: *0.116* | Acc: *96.128%* (48064/50000) 
Test epoch: 100 | Loss: *0.645* | Acc: *83.880%* (8388/10000)
Train epoch: 101 | Loss: *0.118* | Acc: *96.014%* (48007/50000) 
Test epoch: 101 | Loss: *0.691* | Acc: *83.700%* (8370/10000)
Train epoch: 102 | Loss: *0.113* | Acc: *96.192%* (48096/50000) 
Test epoch: 102 | Loss: *0.532* | Acc: *85.910%* (8591/10000)
Train epoch: 103 | Loss: *0.114* | Acc: *96.140%* (48070/50000) 
Test epoch: 103 | Loss: *0.438* | Acc: *88.210%* (8821/10000)
Train epoch: 104 | Loss: *0.111* | Acc: *96.258%* (48129/50000) 
Test epoch: 104 | Loss: *0.461* | Acc: *88.060%* (8806/10000)
Train epoch: 105 | Loss: *0.108* | Acc: *96.296%* (48148/50000) 
Test epoch: 105 | Loss: *0.480* | Acc: *86.990%* (8699/10000)
Train epoch: 106 | Loss: *0.107* | Acc: *96.354%* (48177/50000) 
Test epoch: 106 | Loss: *0.412* | Acc: *88.420%* (8842/10000)
Train epoch: 107 | Loss: *0.101* | Acc: *96.650%* (48325/50000) 
Test epoch: 107 | Loss: *0.503* | Acc: *86.410%* (8641/10000)
Train epoch: 108 | Loss: *0.099* | Acc: *96.624%* (48312/50000) 
Test epoch: 108 | Loss: *0.448* | Acc: *87.270%* (8727/10000)
Train epoch: 109 | Loss: *0.100* | Acc: *96.612%* (48306/50000) 
Test epoch: 109 | Loss: *0.394* | Acc: *89.210%* (8921/10000)
Train epoch: 110 | Loss: *0.098* | Acc: *96.688%* (48344/50000) 
Test epoch: 110 | Loss: *0.423* | Acc: *88.470%* (8847/10000)
Train epoch: 111 | Loss: *0.096* | Acc: *96.804%* (48402/50000) 
Test epoch: 111 | Loss: *0.600* | Acc: *84.510%* (8451/10000)
Train epoch: 112 | Loss: *0.095* | Acc: *96.812%* (48406/50000) 
Test epoch: 112 | Loss: *0.424* | Acc: *88.780%* (8878/10000)
Train epoch: 113 | Loss: *0.087* | Acc: *97.000%* (48500/50000) 
Test epoch: 113 | Loss: *0.436* | Acc: *88.850%* (8885/10000)
Train epoch: 114 | Loss: *0.090* | Acc: *96.978%* (48489/50000) 
Test epoch: 114 | Loss: *0.513* | Acc: *87.010%* (8701/10000)
Train epoch: 115 | Loss: *0.086* | Acc: *97.216%* (48608/50000) 
Test epoch: 115 | Loss: *0.479* | Acc: *87.780%* (8778/10000)
Train epoch: 116 | Loss: *0.083* | Acc: *97.180%* (48590/50000) 
Test epoch: 116 | Loss: *0.457* | Acc: *88.030%* (8803/10000)
Train epoch: 117 | Loss: *0.082* | Acc: *97.338%* (48669/50000) 
Test epoch: 117 | Loss: *0.418* | Acc: *88.490%* (8849/10000)
Train epoch: 118 | Loss: *0.076* | Acc: *97.482%* (48741/50000) 
Test epoch: 118 | Loss: *0.427* | Acc: *88.790%* (8879/10000)
Train epoch: 119 | Loss: *0.078* | Acc: *97.402%* (48701/50000) 
Test epoch: 119 | Loss: *0.436* | Acc: *88.960%* (8896/10000)
Train epoch: 120 | Loss: *0.073* | Acc: *97.574%* (48787/50000) 
Test epoch: 120 | Loss: *0.400* | Acc: *89.150%* (8915/10000)
Train epoch: 121 | Loss: *0.073* | Acc: *97.598%* (48799/50000) 
Test epoch: 121 | Loss: *0.429* | Acc: *89.080%* (8908/10000)
Train epoch: 122 | Loss: *0.070* | Acc: *97.698%* (48849/50000) 
Test epoch: 122 | Loss: *0.428* | Acc: *88.910%* (8891/10000)
Train epoch: 123 | Loss: *0.068* | Acc: *97.808%* (48904/50000) 
Test epoch: 123 | Loss: *0.406* | Acc: *89.810%* (8981/10000)
Train epoch: 124 | Loss: *0.066* | Acc: *97.768%* (48884/50000) 
Test epoch: 124 | Loss: *0.444* | Acc: *89.230%* (8923/10000)
Train epoch: 125 | Loss: *0.064* | Acc: *97.804%* (48902/50000) 
Test epoch: 125 | Loss: *0.548* | Acc: *86.630%* (8663/10000)
Train epoch: 126 | Loss: *0.062* | Acc: *97.944%* (48972/50000) 
Test epoch: 126 | Loss: *0.462* | Acc: *89.290%* (8929/10000)
Train epoch: 127 | Loss: *0.063* | Acc: *98.006%* (49003/50000) 
Test epoch: 127 | Loss: *0.513* | Acc: *87.360%* (8736/10000)
Train epoch: 128 | Loss: *0.063* | Acc: *97.994%* (48997/50000) 
Test epoch: 128 | Loss: *0.476* | Acc: *88.240%* (8824/10000)
Train epoch: 129 | Loss: *0.061* | Acc: *97.974%* (48987/50000) 
Test epoch: 129 | Loss: *0.472* | Acc: *88.560%* (8856/10000)
Train epoch: 130 | Loss: *0.052* | Acc: *98.296%* (49148/50000) 
Test epoch: 130 | Loss: *0.416* | Acc: *89.830%* (8983/10000)
Train epoch: 131 | Loss: *0.049* | Acc: *98.434%* (49217/50000) 
Test epoch: 131 | Loss: *0.434* | Acc: *89.320%* (8932/10000)
Train epoch: 132 | Loss: *0.049* | Acc: *98.452%* (49226/50000) 
Test epoch: 132 | Loss: *0.530* | Acc: *88.100%* (8810/10000)
Train epoch: 133 | Loss: *0.046* | Acc: *98.540%* (49270/50000) 
Test epoch: 133 | Loss: *0.415* | Acc: *89.940%* (8994/10000)
Train epoch: 134 | Loss: *0.050* | Acc: *98.376%* (49188/50000) 
Test epoch: 134 | Loss: *0.528* | Acc: *88.150%* (8815/10000)
Train epoch: 135 | Loss: *0.045* | Acc: *98.570%* (49285/50000) 
Test epoch: 135 | Loss: *0.490* | Acc: *88.500%* (8850/10000)
Train epoch: 136 | Loss: *0.041* | Acc: *98.720%* (49360/50000) 
Test epoch: 136 | Loss: *0.411* | Acc: *90.130%* (9013/10000)
Train epoch: 137 | Loss: *0.039* | Acc: *98.736%* (49368/50000) 
Test epoch: 137 | Loss: *0.567* | Acc: *87.780%* (8778/10000)
Train epoch: 138 | Loss: *0.039* | Acc: *98.758%* (49379/50000) 
Test epoch: 138 | Loss: *0.398* | Acc: *90.160%* (9016/10000)
Train epoch: 139 | Loss: *0.034* | Acc: *98.942%* (49471/50000) 
Test epoch: 139 | Loss: *0.506* | Acc: *88.800%* (8880/10000)
Train epoch: 140 | Loss: *0.034* | Acc: *98.944%* (49472/50000) 
Test epoch: 140 | Loss: *0.451* | Acc: *89.970%* (8997/10000)
Train epoch: 141 | Loss: *0.033* | Acc: *98.944%* (49472/50000) 
Test epoch: 141 | Loss: *0.438* | Acc: *89.690%* (8969/10000)
Train epoch: 142 | Loss: *0.030* | Acc: *99.072%* (49536/50000) 
Test epoch: 142 | Loss: *0.393* | Acc: *90.950%* (9095/10000)
Train epoch: 143 | Loss: *0.028* | Acc: *99.166%* (49583/50000) 
Test epoch: 143 | Loss: *0.383* | Acc: *90.850%* (9085/10000)
Train epoch: 144 | Loss: *0.026* | Acc: *99.158%* (49579/50000) 
Test epoch: 144 | Loss: *0.435* | Acc: *90.400%* (9040/10000)
Train epoch: 145 | Loss: *0.025* | Acc: *99.198%* (49599/50000) 
Test epoch: 145 | Loss: *0.388* | Acc: *91.010%* (9101/10000)
Train epoch: 146 | Loss: *0.024* | Acc: *99.286%* (49643/50000) 
Test epoch: 146 | Loss: *0.422* | Acc: *90.680%* (9068/10000)
Train epoch: 147 | Loss: *0.024* | Acc: *99.210%* (49605/50000) 
Test epoch: 147 | Loss: *0.398* | Acc: *91.000%* (9100/10000)
Train epoch: 148 | Loss: *0.020* | Acc: *99.364%* (49682/50000) 
Test epoch: 148 | Loss: *0.393* | Acc: *90.970%* (9097/10000)
Train epoch: 149 | Loss: *0.021* | Acc: *99.352%* (49676/50000) 
Test epoch: 149 | Loss: *0.390* | Acc: *90.770%* (9077/10000)
Train epoch: 150 | Loss: *0.015* | Acc: *99.534%* (49767/50000) 
Test epoch: 150 | Loss: *0.455* | Acc: *90.400%* (9040/10000)
Train epoch: 151 | Loss: *0.015* | Acc: *99.572%* (49786/50000) 
Test epoch: 151 | Loss: *0.398* | Acc: *91.150%* (9115/10000)
Train epoch: 152 | Loss: *0.017* | Acc: *99.492%* (49746/50000) 
Test epoch: 152 | Loss: *0.388* | Acc: *91.190%* (9119/10000)
Train epoch: 153 | Loss: *0.015* | Acc: *99.588%* (49794/50000) 
Test epoch: 153 | Loss: *0.391* | Acc: *91.180%* (9118/10000)
Train epoch: 154 | Loss: *0.014* | Acc: *99.556%* (49778/50000) 
Test epoch: 154 | Loss: *0.397* | Acc: *91.360%* (9136/10000)
Train epoch: 155 | Loss: *0.013* | Acc: *99.628%* (49814/50000) 
Test epoch: 155 | Loss: *0.367* | Acc: *91.680%* (9168/10000)
Train epoch: 156 | Loss: *0.011* | Acc: *99.686%* (49843/50000) 
Test epoch: 156 | Loss: *0.388* | Acc: *91.480%* (9148/10000)
Train epoch: 157 | Loss: *0.007* | Acc: *99.848%* (49924/50000) 
Test epoch: 157 | Loss: *0.356* | Acc: *92.190%* (9219/10000)
Train epoch: 158 | Loss: *0.007* | Acc: *99.812%* (49906/50000) 
Test epoch: 158 | Loss: *0.362* | Acc: *92.160%* (9216/10000)
Train epoch: 159 | Loss: *0.006* | Acc: *99.860%* (49930/50000) 
Test epoch: 159 | Loss: *0.370* | Acc: *91.920%* (9192/10000)
Train epoch: 160 | Loss: *0.006* | Acc: *99.868%* (49934/50000) 
Test epoch: 160 | Loss: *0.358* | Acc: *92.160%* (9216/10000)
Train epoch: 161 | Loss: *0.005* | Acc: *99.882%* (49941/50000) 
Test epoch: 161 | Loss: *0.366* | Acc: *91.990%* (9199/10000)
Train epoch: 162 | Loss: *0.004* | Acc: *99.936%* (49968/50000) 
Test epoch: 162 | Loss: *0.347* | Acc: *92.180%* (9218/10000)
Train epoch: 163 | Loss: *0.004* | Acc: *99.932%* (49966/50000) 
Test epoch: 163 | Loss: *0.356* | Acc: *92.150%* (9215/10000)
Train epoch: 164 | Loss: *0.004* | Acc: *99.934%* (49967/50000) 
Test epoch: 164 | Loss: *0.347* | Acc: *92.310%* (9231/10000)
Train epoch: 165 | Loss: *0.003* | Acc: *99.966%* (49983/50000) 
Test epoch: 165 | Loss: *0.348* | Acc: *92.480%* (9248/10000)
Train epoch: 166 | Loss: *0.003* | Acc: *99.962%* (49981/50000) 
Test epoch: 166 | Loss: *0.346* | Acc: *92.320%* (9232/10000)
Train epoch: 167 | Loss: *0.003* | Acc: *99.962%* (49981/50000) 
Test epoch: 167 | Loss: *0.349* | Acc: *92.370%* (9237/10000)
Train epoch: 168 | Loss: *0.002* | Acc: *99.970%* (49985/50000) 
Test epoch: 168 | Loss: *0.334* | Acc: *92.660%* (9266/10000)
Train epoch: 169 | Loss: *0.002* | Acc: *99.984%* (49992/50000) 
Test epoch: 169 | Loss: *0.329* | Acc: *92.720%* (9272/10000)
Train epoch: 170 | Loss: *0.002* | Acc: *99.998%* (49999/50000) 
Test epoch: 170 | Loss: *0.325* | Acc: *92.690%* (9269/10000)
Train epoch: 171 | Loss: *0.002* | Acc: *99.978%* (49989/50000) 
Test epoch: 171 | Loss: *0.333* | Acc: *92.550%* (9255/10000)
Train epoch: 172 | Loss: *0.002* | Acc: *99.986%* (49993/50000) 
Test epoch: 172 | Loss: *0.332* | Acc: *92.570%* (9257/10000)
Train epoch: 173 | Loss: *0.002* | Acc: *99.998%* (49999/50000) 
Test epoch: 173 | Loss: *0.326* | Acc: *92.620%* (9262/10000)
Train epoch: 174 | Loss: *0.002* | Acc: *99.990%* (49995/50000) 
Test epoch: 174 | Loss: *0.331* | Acc: *92.550%* (9255/10000)
Train epoch: 175 | Loss: *0.002* | Acc: *99.986%* (49993/50000) 
Test epoch: 175 | Loss: *0.325* | Acc: *92.670%* (9267/10000)
Train epoch: 176 | Loss: *0.002* | Acc: *99.986%* (49993/50000) 
Test epoch: 176 | Loss: *0.321* | Acc: *92.700%* (9270/10000)
Train epoch: 177 | Loss: *0.002* | Acc: *100.000%* (50000/50000) 
Test epoch: 177 | Loss: *0.322* | Acc: *92.800%* (9280/10000)
Train epoch: 178 | Loss: *0.002* | Acc: *99.998%* (49999/50000) 
Test epoch: 178 | Loss: *0.324* | Acc: *92.800%* (9280/10000)
Train epoch: 179 | Loss: *0.002* | Acc: *99.990%* (49995/50000) 
Test epoch: 179 | Loss: *0.319* | Acc: *92.750%* (9275/10000)
Train epoch: 180 | Loss: *0.002* | Acc: *99.992%* (49996/50000) 
Test epoch: 180 | Loss: *0.318* | Acc: *92.730%* (9273/10000)
Train epoch: 181 | Loss: *0.002* | Acc: *99.994%* (49997/50000) 
Test epoch: 181 | Loss: *0.318* | Acc: *92.700%* (9270/10000)
Train epoch: 182 | Loss: *0.002* | Acc: *99.998%* (49999/50000) 
Test epoch: 182 | Loss: *0.320* | Acc: *92.680%* (9268/10000)
Train epoch: 183 | Loss: *0.002* | Acc: *99.994%* (49997/50000) 
Test epoch: 183 | Loss: *0.315* | Acc: *92.780%* (9278/10000)
Train epoch: 184 | Loss: *0.002* | Acc: *100.000%* (50000/50000) 
Test epoch: 184 | Loss: *0.316* | Acc: *92.790%* (9279/10000)
Train epoch: 185 | Loss: *0.002* | Acc: *100.000%* (50000/50000) 
Test epoch: 185 | Loss: *0.313* | Acc: *92.760%* (9276/10000)
Train epoch: 186 | Loss: *0.002* | Acc: *99.998%* (49999/50000) 
Test epoch: 186 | Loss: *0.317* | Acc: *92.820%* (9282/10000)
Train epoch: 187 | Loss: *0.002* | Acc: *100.000%* (50000/50000) 
Test epoch: 187 | Loss: *0.317* | Acc: *92.850%* (9285/10000)
Train epoch: 188 | Loss: *0.002* | Acc: *99.996%* (49998/50000) 
Test epoch: 188 | Loss: *0.317* | Acc: *92.820%* (9282/10000)
Train epoch: 189 | Loss: *0.002* | Acc: *99.996%* (49998/50000) 
Test epoch: 189 | Loss: *0.317* | Acc: *92.750%* (9275/10000)
Train epoch: 190 | Loss: *0.002* | Acc: *99.994%* (49997/50000) 
Test epoch: 190 | Loss: *0.316* | Acc: *92.720%* (9272/10000)
Train epoch: 191 | Loss: *0.002* | Acc: *99.998%* (49999/50000) 
Test epoch: 191 | Loss: *0.315* | Acc: *92.760%* (9276/10000)
Train epoch: 192 | Loss: *0.002* | Acc: *99.998%* (49999/50000) 
Test epoch: 192 | Loss: *0.315* | Acc: *92.750%* (9275/10000)
Train epoch: 193 | Loss: *0.002* | Acc: *99.998%* (49999/50000) 
Test epoch: 193 | Loss: *0.315* | Acc: *92.890%* (9289/10000)
Train epoch: 194 | Loss: *0.002* | Acc: *99.998%* (49999/50000) 
Test epoch: 194 | Loss: *0.315* | Acc: *92.890%* (9289/10000)
Train epoch: 195 | Loss: *0.002* | Acc: *100.000%* (50000/50000) 
Test epoch: 195 | Loss: *0.315* | Acc: *92.840%* (9284/10000)
Train epoch: 196 | Loss: *0.002* | Acc: *99.996%* (49998/50000) 
Test epoch: 196 | Loss: *0.314* | Acc: *92.850%* (9285/10000)
Train epoch: 197 | Loss: *0.002* | Acc: *99.998%* (49999/50000) 
Test epoch: 197 | Loss: *0.313* | Acc: *92.780%* (9278/10000)
Train epoch: 198 | Loss: *0.002* | Acc: *100.000%* (50000/50000) 
Test epoch: 198 | Loss: *0.315* | Acc: *92.800%* (9280/10000)
Train epoch: 199 | Loss: *0.002* | Acc: *100.000%* (50000/50000) 
Test epoch: 199 | Loss: *0.315* | Acc: *92.820%* (9282/10000)
Train epoch: 200 | Loss: *0.002* | Acc: *100.000%* (50000/50000) 
Test epoch: 200 | Loss: *0.314* | Acc: *92.820%* (9282/10000)
Train epoch: 201 | Loss: *0.002* | Acc: *99.996%* (49998/50000) 
Test epoch: 201 | Loss: *0.317* | Acc: *92.840%* (9284/10000)
Train epoch: 202 | Loss: *0.002* | Acc: *100.000%* (50000/50000) 
Test epoch: 202 | Loss: *0.313* | Acc: *92.780%* (9278/10000)
Train epoch: 203 | Loss: *0.002* | Acc: *99.998%* (49999/50000) 
Test epoch: 203 | Loss: *0.315* | Acc: *92.770%* (9277/10000)
Train epoch: 204 | Loss: *0.002* | Acc: *100.000%* (50000/50000) 
Test epoch: 204 | Loss: *0.316* | Acc: *92.710%* (9271/10000)
Train epoch: 205 | Loss: *0.002* | Acc: *99.996%* (49998/50000) 
Test epoch: 205 | Loss: *0.317* | Acc: *92.880%* (9288/10000)
Train epoch: 206 | Loss: *0.002* | Acc: *100.000%* (50000/50000) 
Test epoch: 206 | Loss: *0.314* | Acc: *92.820%* (9282/10000)
Train epoch: 207 | Loss: *0.002* | Acc: *99.994%* (49997/50000) 
Test epoch: 207 | Loss: *0.314* | Acc: *92.750%* (9275/10000)
Train epoch: 208 | Loss: *0.002* | Acc: *99.996%* (49998/50000) 
Test epoch: 208 | Loss: *0.315* | Acc: *92.820%* (9282/10000)
Train epoch: 209 | Loss: *0.002* | Acc: *99.996%* (49998/50000) 
Test epoch: 209 | Loss: *0.314* | Acc: *92.870%* (9287/10000)
Train epoch: 210 | Loss: *0.002* | Acc: *99.996%* (49998/50000) 
Test epoch: 210 | Loss: *0.313* | Acc: *92.780%* (9278/10000)
Train epoch: 211 | Loss: *0.002* | Acc: *100.000%* (50000/50000) 
Test epoch: 211 | Loss: *0.313* | Acc: *92.860%* (9286/10000)
Train epoch: 212 | Loss: *0.002* | Acc: *99.994%* (49997/50000) 
Test epoch: 212 | Loss: *0.314* | Acc: *92.880%* (9288/10000)
Train epoch: 213 | Loss: *0.002* | Acc: *100.000%* (50000/50000) 
Test epoch: 213 | Loss: *0.313* | Acc: *92.860%* (9286/10000)
Train epoch: 214 | Loss: *0.002* | Acc: *100.000%* (50000/50000) 
Test epoch: 214 | Loss: *0.313* | Acc: *92.790%* (9279/10000)
Train epoch: 215 | Loss: *0.002* | Acc: *99.998%* (49999/50000) 
Test epoch: 215 | Loss: *0.315* | Acc: *92.840%* (9284/10000)
Train epoch: 216 | Loss: *0.002* | Acc: *99.998%* (49999/50000) 
Test epoch: 216 | Loss: *0.314* | Acc: *92.870%* (9287/10000)
Train epoch: 217 | Loss: *0.002* | Acc: *99.998%* (49999/50000) 
Test epoch: 217 | Loss: *0.313* | Acc: *92.760%* (9276/10000)
Train epoch: 218 | Loss: *0.002* | Acc: *99.994%* (49997/50000) 
Test epoch: 218 | Loss: *0.314* | Acc: *92.820%* (9282/10000)
Train epoch: 219 | Loss: *0.002* | Acc: *99.998%* (49999/50000) 
Test epoch: 219 | Loss: *0.311* | Acc: *92.910%* (9291/10000)
Train epoch: 220 | Loss: *0.002* | Acc: *100.000%* (50000/50000) 
Test epoch: 220 | Loss: *0.312* | Acc: *92.820%* (9282/10000)
Train epoch: 221 | Loss: *0.002* | Acc: *99.998%* (49999/50000) 
Test epoch: 221 | Loss: *0.309* | Acc: *92.890%* (9289/10000)
Train epoch: 222 | Loss: *0.002* | Acc: *99.998%* (49999/50000) 
Test epoch: 222 | Loss: *0.310* | Acc: *92.970%* (9297/10000)
Train epoch: 223 | Loss: *0.002* | Acc: *99.996%* (49998/50000) 
Test epoch: 223 | Loss: *0.311* | Acc: *92.880%* (9288/10000)
Train epoch: 224 | Loss: *0.002* | Acc: *100.000%* (50000/50000) 
Test epoch: 224 | Loss: *0.308* | Acc: *92.930%* (9293/10000)
Train epoch: 225 | Loss: *0.002* | Acc: *100.000%* (50000/50000) 
Test epoch: 225 | Loss: *0.310* | Acc: *92.840%* (9284/10000)
Train epoch: 226 | Loss: *0.002* | Acc: *99.998%* (49999/50000) 
Test epoch: 226 | Loss: *0.311* | Acc: *92.770%* (9277/10000)
Train epoch: 227 | Loss: *0.002* | Acc: *100.000%* (50000/50000) 
Test epoch: 227 | Loss: *0.308* | Acc: *92.840%* (9284/10000)
Train epoch: 228 | Loss: *0.002* | Acc: *99.992%* (49996/50000) 
Test epoch: 228 | Loss: *0.313* | Acc: *92.790%* (9279/10000)
Train epoch: 229 | Loss: *0.002* | Acc: *100.000%* (50000/50000) 
Test epoch: 229 | Loss: *0.309* | Acc: *92.900%* (9290/10000)
Train epoch: 230 | Loss: *0.002* | Acc: *99.996%* (49998/50000) 
Test epoch: 230 | Loss: *0.310* | Acc: *92.810%* (9281/10000)
Train epoch: 231 | Loss: *0.002* | Acc: *99.998%* (49999/50000) 
Test epoch: 231 | Loss: *0.312* | Acc: *92.740%* (9274/10000)
Train epoch: 232 | Loss: *0.002* | Acc: *100.000%* (50000/50000) 
Test epoch: 232 | Loss: *0.313* | Acc: *92.720%* (9272/10000)
Train epoch: 233 | Loss: *0.002* | Acc: *100.000%* (50000/50000) 
Test epoch: 233 | Loss: *0.312* | Acc: *92.840%* (9284/10000)
Train epoch: 234 | Loss: *0.002* | Acc: *100.000%* (50000/50000) 
Test epoch: 234 | Loss: *0.315* | Acc: *92.700%* (9270/10000)
Train epoch: 235 | Loss: *0.002* | Acc: *99.994%* (49997/50000) 
Test epoch: 235 | Loss: *0.318* | Acc: *92.640%* (9264/10000)
Train epoch: 236 | Loss: *0.002* | Acc: *99.978%* (49989/50000) 
Test epoch: 236 | Loss: *0.324* | Acc: *92.770%* (9277/10000)
Train epoch: 237 | Loss: *0.003* | Acc: *99.970%* (49985/50000) 
Test epoch: 237 | Loss: *0.351* | Acc: *92.130%* (9213/10000)
Train epoch: 238 | Loss: *0.005* | Acc: *99.924%* (49962/50000) 
Test epoch: 238 | Loss: *0.398* | Acc: *91.120%* (9112/10000)
Train epoch: 239 | Loss: *0.013* | Acc: *99.674%* (49837/50000) 
Test epoch: 239 | Loss: *0.397* | Acc: *90.960%* (9096/10000)
Train epoch: 240 | Loss: *0.028* | Acc: *99.264%* (49632/50000) 
Test epoch: 240 | Loss: *0.410* | Acc: *90.170%* (9017/10000)
Train epoch: 241 | Loss: *0.043* | Acc: *98.690%* (49345/50000) 
Test epoch: 241 | Loss: *0.430* | Acc: *89.750%* (8975/10000)
Train epoch: 242 | Loss: *0.052* | Acc: *98.390%* (49195/50000) 
Test epoch: 242 | Loss: *0.391* | Acc: *90.360%* (9036/10000)
Train epoch: 243 | Loss: *0.054* | Acc: *98.316%* (49158/50000) 
Test epoch: 243 | Loss: *0.414* | Acc: *89.610%* (8961/10000)
Train epoch: 244 | Loss: *0.060* | Acc: *98.136%* (49068/50000) 
Test epoch: 244 | Loss: *0.528* | Acc: *88.030%* (8803/10000)
Train epoch: 245 | Loss: *0.061* | Acc: *98.108%* (49054/50000) 
Test epoch: 245 | Loss: *0.416* | Acc: *89.740%* (8974/10000)
Train epoch: 246 | Loss: *0.059* | Acc: *98.186%* (49093/50000) 
Test epoch: 246 | Loss: *0.440* | Acc: *89.120%* (8912/10000)
Train epoch: 247 | Loss: *0.058* | Acc: *98.154%* (49077/50000) 
Test epoch: 247 | Loss: *0.406* | Acc: *89.580%* (8958/10000)
Train epoch: 248 | Loss: *0.061* | Acc: *98.002%* (49001/50000) 
Test epoch: 248 | Loss: *0.421* | Acc: *89.370%* (8937/10000)
Train epoch: 249 | Loss: *0.065* | Acc: *97.926%* (48963/50000) 
Test epoch: 249 | Loss: *0.499* | Acc: *88.400%* (8840/10000)
Train epoch: 250 | Loss: *0.062* | Acc: *97.980%* (48990/50000) 
Test epoch: 250 | Loss: *0.367* | Acc: *90.410%* (9041/10000)
Train epoch: 251 | Loss: *0.061* | Acc: *98.084%* (49042/50000) 
Test epoch: 251 | Loss: *0.438* | Acc: *89.090%* (8909/10000)
Train epoch: 252 | Loss: *0.064* | Acc: *97.916%* (48958/50000) 
Test epoch: 252 | Loss: *0.399* | Acc: *90.040%* (9004/10000)
Train epoch: 253 | Loss: *0.066* | Acc: *97.832%* (48916/50000) 
Test epoch: 253 | Loss: *0.488* | Acc: *88.210%* (8821/10000)
Train epoch: 254 | Loss: *0.062* | Acc: *97.964%* (48982/50000) 
Test epoch: 254 | Loss: *0.416* | Acc: *89.560%* (8956/10000)
Train epoch: 255 | Loss: *0.068* | Acc: *97.802%* (48901/50000) 
Test epoch: 255 | Loss: *0.404* | Acc: *89.470%* (8947/10000)
Train epoch: 256 | Loss: *0.067* | Acc: *97.770%* (48885/50000) 
Test epoch: 256 | Loss: *0.414* | Acc: *89.560%* (8956/10000)
Train epoch: 257 | Loss: *0.070* | Acc: *97.770%* (48885/50000) 
Test epoch: 257 | Loss: *0.459* | Acc: *88.020%* (8802/10000)
Train epoch: 258 | Loss: *0.068* | Acc: *97.772%* (48886/50000) 
Test epoch: 258 | Loss: *0.430* | Acc: *89.500%* (8950/10000)
Train epoch: 259 | Loss: *0.069* | Acc: *97.806%* (48903/50000) 
Test epoch: 259 | Loss: *0.422* | Acc: *89.150%* (8915/10000)
Train epoch: 260 | Loss: *0.069* | Acc: *97.734%* (48867/50000) 
Test epoch: 260 | Loss: *0.453* | Acc: *89.030%* (8903/10000)
Train epoch: 261 | Loss: *0.066* | Acc: *97.770%* (48885/50000) 
Test epoch: 261 | Loss: *0.392* | Acc: *89.690%* (8969/10000)
Train epoch: 262 | Loss: *0.072* | Acc: *97.646%* (48823/50000) 
Test epoch: 262 | Loss: *0.532* | Acc: *87.080%* (8708/10000)
Train epoch: 263 | Loss: *0.071* | Acc: *97.678%* (48839/50000) 
Test epoch: 263 | Loss: *0.530* | Acc: *87.210%* (8721/10000)
Train epoch: 264 | Loss: *0.074* | Acc: *97.568%* (48784/50000) 
Test epoch: 264 | Loss: *0.481* | Acc: *88.080%* (8808/10000)
Train epoch: 265 | Loss: *0.072* | Acc: *97.702%* (48851/50000) 
Test epoch: 265 | Loss: *0.519* | Acc: *87.660%* (8766/10000)
Train epoch: 266 | Loss: *0.075* | Acc: *97.502%* (48751/50000) 
Test epoch: 266 | Loss: *0.469* | Acc: *87.940%* (8794/10000)
Train epoch: 267 | Loss: *0.076* | Acc: *97.446%* (48723/50000) 
Test epoch: 267 | Loss: *0.600* | Acc: *85.820%* (8582/10000)
Train epoch: 268 | Loss: *0.074* | Acc: *97.564%* (48782/50000) 
Test epoch: 268 | Loss: *0.534* | Acc: *86.750%* (8675/10000)
Train epoch: 269 | Loss: *0.078* | Acc: *97.416%* (48708/50000) 
Test epoch: 269 | Loss: *0.429* | Acc: *88.860%* (8886/10000)
Train epoch: 270 | Loss: *0.078* | Acc: *97.430%* (48715/50000) 
Test epoch: 270 | Loss: *0.470* | Acc: *87.680%* (8768/10000)
Train epoch: 271 | Loss: *0.080* | Acc: *97.446%* (48723/50000) 
Test epoch: 271 | Loss: *0.506* | Acc: *87.150%* (8715/10000)
Train epoch: 272 | Loss: *0.082* | Acc: *97.320%* (48660/50000) 
Test epoch: 272 | Loss: *0.617* | Acc: *84.820%* (8482/10000)
Train epoch: 273 | Loss: *0.079* | Acc: *97.452%* (48726/50000) 
Test epoch: 273 | Loss: *0.422* | Acc: *89.400%* (8940/10000)
Train epoch: 274 | Loss: *0.083* | Acc: *97.288%* (48644/50000) 
Test epoch: 274 | Loss: *0.477* | Acc: *88.180%* (8818/10000)
Train epoch: 275 | Loss: *0.083* | Acc: *97.234%* (48617/50000) 
Test epoch: 275 | Loss: *0.495* | Acc: *87.470%* (8747/10000)
Train epoch: 276 | Loss: *0.084* | Acc: *97.228%* (48614/50000) 
Test epoch: 276 | Loss: *0.490* | Acc: *87.350%* (8735/10000)
Train epoch: 277 | Loss: *0.091* | Acc: *96.984%* (48492/50000) 
Test epoch: 277 | Loss: *0.568* | Acc: *85.890%* (8589/10000)
Train epoch: 278 | Loss: *0.088* | Acc: *97.128%* (48564/50000) 
Test epoch: 278 | Loss: *0.466* | Acc: *87.800%* (8780/10000)
Train epoch: 279 | Loss: *0.088* | Acc: *97.170%* (48585/50000) 
Test epoch: 279 | Loss: *0.514* | Acc: *87.300%* (8730/10000)
Train epoch: 280 | Loss: *0.092* | Acc: *96.966%* (48483/50000) 
Test epoch: 280 | Loss: *0.451* | Acc: *87.860%* (8786/10000)
Train epoch: 281 | Loss: *0.090* | Acc: *96.986%* (48493/50000) 
Test epoch: 281 | Loss: *0.598* | Acc: *84.460%* (8446/10000)
Train epoch: 282 | Loss: *0.094* | Acc: *96.802%* (48401/50000) 
Test epoch: 282 | Loss: *0.494* | Acc: *87.260%* (8726/10000)
Train epoch: 283 | Loss: *0.098* | Acc: *96.672%* (48336/50000) 
Test epoch: 283 | Loss: *0.663* | Acc: *83.880%* (8388/10000)
Train epoch: 284 | Loss: *0.098* | Acc: *96.716%* (48358/50000) 
Test epoch: 284 | Loss: *0.428* | Acc: *88.200%* (8820/10000)
Train epoch: 285 | Loss: *0.096* | Acc: *96.834%* (48417/50000) 
Test epoch: 285 | Loss: *0.412* | Acc: *89.020%* (8902/10000)
Train epoch: 286 | Loss: *0.100* | Acc: *96.692%* (48346/50000) 
Test epoch: 286 | Loss: *0.528* | Acc: *86.050%* (8605/10000)
Train epoch: 287 | Loss: *0.103* | Acc: *96.534%* (48267/50000) 
Test epoch: 287 | Loss: *0.546* | Acc: *85.640%* (8564/10000)
Train epoch: 288 | Loss: *0.104* | Acc: *96.466%* (48233/50000) 
Test epoch: 288 | Loss: *0.464* | Acc: *87.890%* (8789/10000)
Train epoch: 289 | Loss: *0.104* | Acc: *96.546%* (48273/50000) 
Test epoch: 289 | Loss: *0.463* | Acc: *88.130%* (8813/10000)
Train epoch: 290 | Loss: *0.108* | Acc: *96.410%* (48205/50000) 
Test epoch: 290 | Loss: *0.404* | Acc: *88.780%* (8878/10000)
Train epoch: 291 | Loss: *0.109* | Acc: *96.470%* (48235/50000) 
Test epoch: 291 | Loss: *0.613* | Acc: *83.350%* (8335/10000)
Train epoch: 292 | Loss: *0.111* | Acc: *96.186%* (48093/50000) 
Test epoch: 292 | Loss: *0.680* | Acc: *82.450%* (8245/10000)
Train epoch: 293 | Loss: *0.114* | Acc: *96.146%* (48073/50000) 
Test epoch: 293 | Loss: *0.393* | Acc: *88.490%* (8849/10000)
Train epoch: 294 | Loss: *0.107* | Acc: *96.420%* (48210/50000) 
Test epoch: 294 | Loss: *0.455* | Acc: *87.940%* (8794/10000)
Train epoch: 295 | Loss: *0.112* | Acc: *96.166%* (48083/50000) 
Test epoch: 295 | Loss: *0.572* | Acc: *85.180%* (8518/10000)
Train epoch: 296 | Loss: *0.117* | Acc: *96.022%* (48011/50000) 
Test epoch: 296 | Loss: *0.375* | Acc: *89.610%* (8961/10000)
Train epoch: 297 | Loss: *0.116* | Acc: *96.170%* (48085/50000) 
Test epoch: 297 | Loss: *0.458* | Acc: *87.780%* (8778/10000)
Train epoch: 298 | Loss: *0.121* | Acc: *95.938%* (47969/50000) 
Test epoch: 298 | Loss: *0.551* | Acc: *85.110%* (8511/10000)
Train epoch: 299 | Loss: *0.121* | Acc: *95.936%* (47968/50000) 
Test epoch: 299 | Loss: *0.487* | Acc: *86.520%* (8652/10000)
Train epoch: 300 | Loss: *0.120* | Acc: *95.968%* (47984/50000) 
Test epoch: 300 | Loss: *0.498* | Acc: *86.860%* (8686/10000)
Train epoch: 301 | Loss: *0.124* | Acc: *95.816%* (47908/50000) 
Test epoch: 301 | Loss: *0.532* | Acc: *85.790%* (8579/10000)
Train epoch: 302 | Loss: *0.122* | Acc: *95.860%* (47930/50000) 
Test epoch: 302 | Loss: *0.549* | Acc: *85.360%* (8536/10000)
Train epoch: 303 | Loss: *0.128* | Acc: *95.608%* (47804/50000) 
Test epoch: 303 | Loss: *0.441* | Acc: *87.770%* (8777/10000)
Train epoch: 304 | Loss: *0.128* | Acc: *95.662%* (47831/50000) 
Test epoch: 304 | Loss: *0.458* | Acc: *86.760%* (8676/10000)
Train epoch: 305 | Loss: *0.129* | Acc: *95.732%* (47866/50000) 
Test epoch: 305 | Loss: *0.553* | Acc: *84.630%* (8463/10000)
Train epoch: 306 | Loss: *0.135* | Acc: *95.462%* (47731/50000) 
Test epoch: 306 | Loss: *0.408* | Acc: *88.350%* (8835/10000)
Train epoch: 307 | Loss: *0.132* | Acc: *95.598%* (47799/50000) 
Test epoch: 307 | Loss: *0.513* | Acc: *86.020%* (8602/10000)
Train epoch: 308 | Loss: *0.137* | Acc: *95.374%* (47687/50000) 
Test epoch: 308 | Loss: *0.578* | Acc: *84.540%* (8454/10000)
Train epoch: 309 | Loss: *0.137* | Acc: *95.336%* (47668/50000) 
Test epoch: 309 | Loss: *0.514* | Acc: *86.090%* (8609/10000)
Train epoch: 310 | Loss: *0.137* | Acc: *95.466%* (47733/50000) 
Test epoch: 310 | Loss: *0.658* | Acc: *81.370%* (8137/10000)
Train epoch: 311 | Loss: *0.138* | Acc: *95.272%* (47636/50000) 
Test epoch: 311 | Loss: *0.423* | Acc: *87.520%* (8752/10000)
Train epoch: 312 | Loss: *0.140* | Acc: *95.318%* (47659/50000) 
Test epoch: 312 | Loss: *0.479* | Acc: *86.310%* (8631/10000)
Train epoch: 313 | Loss: *0.145* | Acc: *95.064%* (47532/50000) 
Test epoch: 313 | Loss: *0.495* | Acc: *86.330%* (8633/10000)
Train epoch: 314 | Loss: *0.147* | Acc: *95.090%* (47545/50000) 
Test epoch: 314 | Loss: *0.808* | Acc: *80.500%* (8050/10000)
Train epoch: 315 | Loss: *0.144* | Acc: *95.212%* (47606/50000) 
Test epoch: 315 | Loss: *0.437* | Acc: *87.490%* (8749/10000)
Train epoch: 316 | Loss: *0.143* | Acc: *95.208%* (47604/50000) 
Test epoch: 316 | Loss: *0.551* | Acc: *85.320%* (8532/10000)
Train epoch: 317 | Loss: *0.150* | Acc: *94.930%* (47465/50000) 
Test epoch: 317 | Loss: *0.643* | Acc: *83.010%* (8301/10000)
Train epoch: 318 | Loss: *0.150* | Acc: *94.938%* (47469/50000) 
Test epoch: 318 | Loss: *0.474* | Acc: *86.620%* (8662/10000)
Train epoch: 319 | Loss: *0.155* | Acc: *94.888%* (47444/50000) 
Test epoch: 319 | Loss: *0.536* | Acc: *84.910%* (8491/10000)
Train epoch: 320 | Loss: *0.150* | Acc: *94.968%* (47484/50000) 
Test epoch: 320 | Loss: *0.627* | Acc: *82.890%* (8289/10000)
Train epoch: 321 | Loss: *0.155* | Acc: *94.766%* (47383/50000) 
Test epoch: 321 | Loss: *0.414* | Acc: *88.140%* (8814/10000)
Train epoch: 322 | Loss: *0.160* | Acc: *94.548%* (47274/50000) 
Test epoch: 322 | Loss: *0.480* | Acc: *85.860%* (8586/10000)
Train epoch: 323 | Loss: *0.161* | Acc: *94.620%* (47310/50000) 
Test epoch: 323 | Loss: *0.579* | Acc: *83.850%* (8385/10000)
Train epoch: 324 | Loss: *0.162* | Acc: *94.476%* (47238/50000) 
Test epoch: 324 | Loss: *0.475* | Acc: *86.000%* (8600/10000)
Train epoch: 325 | Loss: *0.163* | Acc: *94.464%* (47232/50000) 
Test epoch: 325 | Loss: *0.566* | Acc: *84.750%* (8475/10000)
Train epoch: 326 | Loss: *0.163* | Acc: *94.504%* (47252/50000) 
Test epoch: 326 | Loss: *0.650* | Acc: *81.970%* (8197/10000)
Train epoch: 327 | Loss: *0.167* | Acc: *94.452%* (47226/50000) 
Test epoch: 327 | Loss: *0.787* | Acc: *79.780%* (7978/10000)
Train epoch: 328 | Loss: *0.165* | Acc: *94.520%* (47260/50000) 
Test epoch: 328 | Loss: *1.362* | Acc: *72.520%* (7252/10000)
Train epoch: 329 | Loss: *0.161* | Acc: *94.650%* (47325/50000) 
Test epoch: 329 | Loss: *0.641* | Acc: *82.910%* (8291/10000)
Train epoch: 330 | Loss: *0.169* | Acc: *94.298%* (47149/50000) 
Test epoch: 330 | Loss: *0.594* | Acc: *82.510%* (8251/10000)
Train epoch: 331 | Loss: *0.168* | Acc: *94.478%* (47239/50000) 
Test epoch: 331 | Loss: *0.736* | Acc: *79.470%* (7947/10000)
Train epoch: 332 | Loss: *0.173* | Acc: *94.190%* (47095/50000) 
Test epoch: 332 | Loss: *0.493* | Acc: *85.970%* (8597/10000)
Train epoch: 333 | Loss: *0.173* | Acc: *94.178%* (47089/50000) 
Test epoch: 333 | Loss: *0.680* | Acc: *80.910%* (8091/10000)
Train epoch: 334 | Loss: *0.175* | Acc: *94.158%* (47079/50000) 
Test epoch: 334 | Loss: *0.558* | Acc: *85.220%* (8522/10000)
Train epoch: 335 | Loss: *0.176* | Acc: *94.060%* (47030/50000) 
Test epoch: 335 | Loss: *0.547* | Acc: *83.530%* (8353/10000)
Train epoch: 336 | Loss: *0.174* | Acc: *94.196%* (47098/50000) 
Test epoch: 336 | Loss: *0.508* | Acc: *85.690%* (8569/10000)
Train epoch: 337 | Loss: *0.175* | Acc: *94.144%* (47072/50000) 
Test epoch: 337 | Loss: *0.400* | Acc: *87.940%* (8794/10000)
Train epoch: 338 | Loss: *0.179* | Acc: *93.898%* (46949/50000) 
Test epoch: 338 | Loss: *0.448* | Acc: *86.840%* (8684/10000)
Train epoch: 339 | Loss: *0.180* | Acc: *94.034%* (47017/50000) 
Test epoch: 339 | Loss: *0.599* | Acc: *81.590%* (8159/10000)
Train epoch: 340 | Loss: *0.182* | Acc: *93.736%* (46868/50000) 
Test epoch: 340 | Loss: *0.773* | Acc: *78.930%* (7893/10000)
Train epoch: 341 | Loss: *0.183* | Acc: *93.856%* (46928/50000) 
Test epoch: 341 | Loss: *0.533* | Acc: *85.080%* (8508/10000)
Train epoch: 342 | Loss: *0.183* | Acc: *93.768%* (46884/50000) 
Test epoch: 342 | Loss: *0.532* | Acc: *83.810%* (8381/10000)
Train epoch: 343 | Loss: *0.183* | Acc: *93.854%* (46927/50000) 
Test epoch: 343 | Loss: *0.411* | Acc: *88.000%* (8800/10000)
Train epoch: 344 | Loss: *0.184* | Acc: *93.744%* (46872/50000) 
Test epoch: 344 | Loss: *0.695* | Acc: *81.960%* (8196/10000)
Train epoch: 345 | Loss: *0.183* | Acc: *93.832%* (46916/50000) 
Test epoch: 345 | Loss: *0.475* | Acc: *86.020%* (8602/10000)
Train epoch: 346 | Loss: *0.190* | Acc: *93.604%* (46802/50000) 
Test epoch: 346 | Loss: *0.484* | Acc: *85.220%* (8522/10000)
Train epoch: 347 | Loss: *0.189* | Acc: *93.544%* (46772/50000) 
Test epoch: 347 | Loss: *0.490* | Acc: *85.250%* (8525/10000)
Train epoch: 348 | Loss: *0.189* | Acc: *93.542%* (46771/50000) 
Test epoch: 348 | Loss: *0.534* | Acc: *84.460%* (8446/10000)
Train epoch: 349 | Loss: *0.190* | Acc: *93.560%* (46780/50000) 
Test epoch: 349 | Loss: *0.719* | Acc: *80.560%* (8056/10000)
Train epoch: 350 | Loss: *0.190* | Acc: *93.534%* (46767/50000) 
Test epoch: 350 | Loss: *0.574* | Acc: *83.860%* (8386/10000)
Train epoch: 351 | Loss: *0.191* | Acc: *93.456%* (46728/50000) 
Test epoch: 351 | Loss: *0.588* | Acc: *83.680%* (8368/10000)
Train epoch: 352 | Loss: *0.199* | Acc: *93.276%* (46638/50000) 
Test epoch: 352 | Loss: *0.618* | Acc: *82.110%* (8211/10000)
Train epoch: 353 | Loss: *0.192* | Acc: *93.472%* (46736/50000) 
Test epoch: 353 | Loss: *0.464* | Acc: *86.740%* (8674/10000)
Train epoch: 354 | Loss: *0.197* | Acc: *93.318%* (46659/50000) 
Test epoch: 354 | Loss: *0.430* | Acc: *86.680%* (8668/10000)
Train epoch: 355 | Loss: *0.200* | Acc: *93.294%* (46647/50000) 
Test epoch: 355 | Loss: *0.595* | Acc: *83.910%* (8391/10000)
Train epoch: 356 | Loss: *0.197* | Acc: *93.132%* (46566/50000) 
Test epoch: 356 | Loss: *0.632* | Acc: *82.490%* (8249/10000)
Train epoch: 357 | Loss: *0.194* | Acc: *93.496%* (46748/50000) 
Test epoch: 357 | Loss: *0.524* | Acc: *84.240%* (8424/10000)
Train epoch: 358 | Loss: *0.199* | Acc: *93.324%* (46662/50000) 
Test epoch: 358 | Loss: *0.521* | Acc: *84.890%* (8489/10000)
Train epoch: 359 | Loss: *0.198* | Acc: *93.276%* (46638/50000) 
Test epoch: 359 | Loss: *0.613* | Acc: *83.370%* (8337/10000)
Train epoch: 360 | Loss: *0.198* | Acc: *93.400%* (46700/50000) 
Test epoch: 360 | Loss: *0.734* | Acc: *80.340%* (8034/10000)
Train epoch: 361 | Loss: *0.202* | Acc: *93.214%* (46607/50000) 
Test epoch: 361 | Loss: *0.678* | Acc: *80.720%* (8072/10000)
Train epoch: 362 | Loss: *0.204* | Acc: *93.030%* (46515/50000) 
Test epoch: 362 | Loss: *0.650* | Acc: *80.780%* (8078/10000)
Train epoch: 363 | Loss: *0.206* | Acc: *92.964%* (46482/50000) 
Test epoch: 363 | Loss: *0.747* | Acc: *78.910%* (7891/10000)
Train epoch: 364 | Loss: *0.205* | Acc: *93.060%* (46530/50000) 
Test epoch: 364 | Loss: *0.534* | Acc: *84.050%* (8405/10000)
Train epoch: 365 | Loss: *0.209* | Acc: *92.870%* (46435/50000) 
Test epoch: 365 | Loss: *0.721* | Acc: *79.150%* (7915/10000)
Train epoch: 366 | Loss: *0.209* | Acc: *92.978%* (46489/50000) 
Test epoch: 366 | Loss: *0.608* | Acc: *84.150%* (8415/10000)
Train epoch: 367 | Loss: *0.204* | Acc: *93.052%* (46526/50000) 
Test epoch: 367 | Loss: *0.551* | Acc: *83.580%* (8358/10000)
Train epoch: 368 | Loss: *0.205* | Acc: *93.056%* (46528/50000) 
Test epoch: 368 | Loss: *0.696* | Acc: *80.570%* (8057/10000)
Train epoch: 369 | Loss: *0.214* | Acc: *92.724%* (46362/50000) 
Test epoch: 369 | Loss: *0.502* | Acc: *84.210%* (8421/10000)
Train epoch: 370 | Loss: *0.209* | Acc: *92.956%* (46478/50000) 
Test epoch: 370 | Loss: *0.626* | Acc: *81.770%* (8177/10000)
Train epoch: 371 | Loss: *0.208* | Acc: *92.976%* (46488/50000) 
Test epoch: 371 | Loss: *0.671* | Acc: *80.980%* (8098/10000)
Train epoch: 372 | Loss: *0.210* | Acc: *92.926%* (46463/50000) 
Test epoch: 372 | Loss: *0.534* | Acc: *83.980%* (8398/10000)
Train epoch: 373 | Loss: *0.213* | Acc: *92.746%* (46373/50000) 
Test epoch: 373 | Loss: *0.608* | Acc: *82.500%* (8250/10000)
Train epoch: 374 | Loss: *0.214* | Acc: *92.874%* (46437/50000) 
Test epoch: 374 | Loss: *0.535* | Acc: *84.190%* (8419/10000)
Train epoch: 375 | Loss: *0.213* | Acc: *92.744%* (46372/50000) 
Test epoch: 375 | Loss: *0.520* | Acc: *84.670%* (8467/10000)
Train epoch: 376 | Loss: *0.210* | Acc: *93.030%* (46515/50000) 
Test epoch: 376 | Loss: *0.613* | Acc: *82.990%* (8299/10000)
Train epoch: 377 | Loss: *0.214* | Acc: *92.770%* (46385/50000) 
Test epoch: 377 | Loss: *0.669* | Acc: *81.240%* (8124/10000)
Train epoch: 378 | Loss: *0.212* | Acc: *92.826%* (46413/50000) 
Test epoch: 378 | Loss: *0.616* | Acc: *81.760%* (8176/10000)
Train epoch: 379 | Loss: *0.212* | Acc: *92.834%* (46417/50000) 
Test epoch: 379 | Loss: *0.533* | Acc: *82.960%* (8296/10000)
Train epoch: 380 | Loss: *0.215* | Acc: *92.726%* (46363/50000) 
Test epoch: 380 | Loss: *0.523* | Acc: *83.710%* (8371/10000)
Train epoch: 381 | Loss: *0.213* | Acc: *92.712%* (46356/50000) 
Test epoch: 381 | Loss: *0.557* | Acc: *83.980%* (8398/10000)
Train epoch: 382 | Loss: *0.214* | Acc: *92.764%* (46382/50000) 
Test epoch: 382 | Loss: *0.518* | Acc: *84.110%* (8411/10000)
Train epoch: 383 | Loss: *0.215* | Acc: *92.802%* (46401/50000) 
Test epoch: 383 | Loss: *0.794* | Acc: *78.180%* (7818/10000)
Train epoch: 384 | Loss: *0.218* | Acc: *92.588%* (46294/50000) 
Test epoch: 384 | Loss: *0.426* | Acc: *87.260%* (8726/10000)
Train epoch: 385 | Loss: *0.218* | Acc: *92.730%* (46365/50000) 
Test epoch: 385 | Loss: *0.468* | Acc: *85.930%* (8593/10000)
Train epoch: 386 | Loss: *0.214* | Acc: *92.704%* (46352/50000) 
Test epoch: 386 | Loss: *0.556* | Acc: *83.080%* (8308/10000)
Train epoch: 387 | Loss: *0.214* | Acc: *92.782%* (46391/50000) 
Test epoch: 387 | Loss: *0.796* | Acc: *78.220%* (7822/10000)
Train epoch: 388 | Loss: *0.219* | Acc: *92.646%* (46323/50000) 
Test epoch: 388 | Loss: *0.512* | Acc: *84.940%* (8494/10000)
Train epoch: 389 | Loss: *0.219* | Acc: *92.512%* (46256/50000) 
Test epoch: 389 | Loss: *0.494* | Acc: *84.650%* (8465/10000)
Train epoch: 390 | Loss: *0.221* | Acc: *92.424%* (46212/50000) 
Test epoch: 390 | Loss: *0.559* | Acc: *83.490%* (8349/10000)
Train epoch: 391 | Loss: *0.215* | Acc: *92.700%* (46350/50000) 
Test epoch: 391 | Loss: *0.686* | Acc: *80.440%* (8044/10000)
Train epoch: 392 | Loss: *0.216* | Acc: *92.710%* (46355/50000) 
Test epoch: 392 | Loss: *0.825* | Acc: *77.360%* (7736/10000)
Train epoch: 393 | Loss: *0.217* | Acc: *92.704%* (46352/50000) 
Test epoch: 393 | Loss: *0.666* | Acc: *82.200%* (8220/10000)
Train epoch: 394 | Loss: *0.216* | Acc: *92.702%* (46351/50000) 
Test epoch: 394 | Loss: *0.406* | Acc: *87.610%* (8761/10000)
Train epoch: 395 | Loss: *0.211* | Acc: *92.868%* (46434/50000) 
Test epoch: 395 | Loss: *0.750* | Acc: *78.980%* (7898/10000)
Train epoch: 396 | Loss: *0.217* | Acc: *92.788%* (46394/50000) 
Test epoch: 396 | Loss: *0.454* | Acc: *86.210%* (8621/10000)
Train epoch: 397 | Loss: *0.219* | Acc: *92.526%* (46263/50000) 
Test epoch: 397 | Loss: *0.508* | Acc: *85.340%* (8534/10000)
Train epoch: 398 | Loss: *0.219* | Acc: *92.632%* (46316/50000) 
Test epoch: 398 | Loss: *0.607* | Acc: *82.480%* (8248/10000)
Train epoch: 399 | Loss: *0.219* | Acc: *92.536%* (46268/50000) 
Test epoch: 399 | Loss: *0.617* | Acc: *81.360%* (8136/10000)
Train epoch: 400 | Loss: *0.216* | Acc: *92.676%* (46338/50000) 
Test epoch: 400 | Loss: *0.622* | Acc: *81.070%* (8107/10000)
Train epoch: 401 | Loss: *0.220* | Acc: *92.500%* (46250/50000) 
Test epoch: 401 | Loss: *0.675* | Acc: *82.000%* (8200/10000)
Train epoch: 402 | Loss: *0.219* | Acc: *92.554%* (46277/50000) 
Test epoch: 402 | Loss: *0.448* | Acc: *86.060%* (8606/10000)
Train epoch: 403 | Loss: *0.219* | Acc: *92.578%* (46289/50000) 
Test epoch: 403 | Loss: *0.570* | Acc: *82.470%* (8247/10000)
Train epoch: 404 | Loss: *0.217* | Acc: *92.728%* (46364/50000) 
Test epoch: 404 | Loss: *0.578* | Acc: *83.760%* (8376/10000)
Train epoch: 405 | Loss: *0.221* | Acc: *92.454%* (46227/50000) 
Test epoch: 405 | Loss: *0.447* | Acc: *86.710%* (8671/10000)
Train epoch: 406 | Loss: *0.220* | Acc: *92.604%* (46302/50000) 
Test epoch: 406 | Loss: *1.280* | Acc: *71.550%* (7155/10000)
Train epoch: 407 | Loss: *0.216* | Acc: *92.676%* (46338/50000) 
Test epoch: 407 | Loss: *0.682* | Acc: *78.820%* (7882/10000)
Train epoch: 408 | Loss: *0.214* | Acc: *92.806%* (46403/50000) 
Test epoch: 408 | Loss: *1.091* | Acc: *72.950%* (7295/10000)
Train epoch: 409 | Loss: *0.217* | Acc: *92.758%* (46379/50000) 
Test epoch: 409 | Loss: *1.109* | Acc: *72.110%* (7211/10000)
Train epoch: 410 | Loss: *0.220* | Acc: *92.542%* (46271/50000) 
Test epoch: 410 | Loss: *0.541* | Acc: *84.150%* (8415/10000)
Train epoch: 411 | Loss: *0.217* | Acc: *92.688%* (46344/50000) 
Test epoch: 411 | Loss: *0.686* | Acc: *80.370%* (8037/10000)
Train epoch: 412 | Loss: *0.218* | Acc: *92.644%* (46322/50000) 
Test epoch: 412 | Loss: *0.606* | Acc: *81.870%* (8187/10000)
Train epoch: 413 | Loss: *0.214* | Acc: *92.742%* (46371/50000) 
Test epoch: 413 | Loss: *0.523* | Acc: *84.640%* (8464/10000)
Train epoch: 414 | Loss: *0.210* | Acc: *92.780%* (46390/50000) 
Test epoch: 414 | Loss: *0.456* | Acc: *86.410%* (8641/10000)
Train epoch: 415 | Loss: *0.214* | Acc: *92.788%* (46394/50000) 
Test epoch: 415 | Loss: *0.649* | Acc: *81.160%* (8116/10000)
Train epoch: 416 | Loss: *0.210* | Acc: *92.964%* (46482/50000) 
Test epoch: 416 | Loss: *0.787* | Acc: *78.740%* (7874/10000)
Train epoch: 417 | Loss: *0.214* | Acc: *92.768%* (46384/50000) 
Test epoch: 417 | Loss: *0.642* | Acc: *81.480%* (8148/10000)
Train epoch: 418 | Loss: *0.210* | Acc: *92.834%* (46417/50000) 
Test epoch: 418 | Loss: *0.624* | Acc: *82.450%* (8245/10000)
Train epoch: 419 | Loss: *0.214* | Acc: *92.782%* (46391/50000) 
Test epoch: 419 | Loss: *0.501* | Acc: *84.490%* (8449/10000)
Train epoch: 420 | Loss: *0.212* | Acc: *92.760%* (46380/50000) 
Test epoch: 420 | Loss: *0.514* | Acc: *84.460%* (8446/10000)
Train epoch: 421 | Loss: *0.210* | Acc: *92.974%* (46487/50000) 
Test epoch: 421 | Loss: *0.561* | Acc: *83.090%* (8309/10000)
Train epoch: 422 | Loss: *0.214* | Acc: *92.818%* (46409/50000) 
Test epoch: 422 | Loss: *0.411* | Acc: *87.150%* (8715/10000)
Train epoch: 423 | Loss: *0.211* | Acc: *92.894%* (46447/50000) 
Test epoch: 423 | Loss: *0.779* | Acc: *78.860%* (7886/10000)
Train epoch: 424 | Loss: *0.206* | Acc: *92.966%* (46483/50000) 
Test epoch: 424 | Loss: *0.561* | Acc: *84.320%* (8432/10000)
Train epoch: 425 | Loss: *0.209* | Acc: *92.932%* (46466/50000) 
Test epoch: 425 | Loss: *0.457* | Acc: *86.180%* (8618/10000)
Train epoch: 426 | Loss: *0.204* | Acc: *93.044%* (46522/50000) 
Test epoch: 426 | Loss: *0.421* | Acc: *87.340%* (8734/10000)
Train epoch: 427 | Loss: *0.208* | Acc: *92.956%* (46478/50000) 
Test epoch: 427 | Loss: *0.558* | Acc: *83.790%* (8379/10000)
Train epoch: 428 | Loss: *0.210* | Acc: *92.810%* (46405/50000) 
Test epoch: 428 | Loss: *0.929* | Acc: *76.240%* (7624/10000)
Train epoch: 429 | Loss: *0.206* | Acc: *92.992%* (46496/50000) 
Test epoch: 429 | Loss: *0.529* | Acc: *84.980%* (8498/10000)
Train epoch: 430 | Loss: *0.206* | Acc: *92.924%* (46462/50000) 
Test epoch: 430 | Loss: *0.550* | Acc: *84.400%* (8440/10000)
Train epoch: 431 | Loss: *0.205* | Acc: *93.014%* (46507/50000) 
Test epoch: 431 | Loss: *0.761* | Acc: *78.810%* (7881/10000)
Train epoch: 432 | Loss: *0.205* | Acc: *93.118%* (46559/50000) 
Test epoch: 432 | Loss: *0.399* | Acc: *87.850%* (8785/10000)
Train epoch: 433 | Loss: *0.204* | Acc: *93.094%* (46547/50000) 
Test epoch: 433 | Loss: *0.497* | Acc: *85.120%* (8512/10000)
Train epoch: 434 | Loss: *0.203* | Acc: *93.228%* (46614/50000) 
Test epoch: 434 | Loss: *0.538* | Acc: *83.720%* (8372/10000)
Train epoch: 435 | Loss: *0.204* | Acc: *93.054%* (46527/50000) 
Test epoch: 435 | Loss: *1.473* | Acc: *65.530%* (6553/10000)
Train epoch: 436 | Loss: *0.201* | Acc: *93.112%* (46556/50000) 
Test epoch: 436 | Loss: *0.781* | Acc: *78.190%* (7819/10000)
Train epoch: 437 | Loss: *0.196* | Acc: *93.414%* (46707/50000) 
Test epoch: 437 | Loss: *0.468* | Acc: *85.870%* (8587/10000)
Train epoch: 438 | Loss: *0.202* | Acc: *93.212%* (46606/50000) 
Test epoch: 438 | Loss: *0.638* | Acc: *82.520%* (8252/10000)
Train epoch: 439 | Loss: *0.196* | Acc: *93.360%* (46680/50000) 
Test epoch: 439 | Loss: *0.704* | Acc: *80.800%* (8080/10000)
Train epoch: 440 | Loss: *0.198* | Acc: *93.274%* (46637/50000) 
Test epoch: 440 | Loss: *0.966* | Acc: *75.950%* (7595/10000)
Train epoch: 441 | Loss: *0.199* | Acc: *93.354%* (46677/50000) 
Test epoch: 441 | Loss: *0.464* | Acc: *85.370%* (8537/10000)
Train epoch: 442 | Loss: *0.198* | Acc: *93.262%* (46631/50000) 
Test epoch: 442 | Loss: *0.431* | Acc: *86.720%* (8672/10000)
Train epoch: 443 | Loss: *0.189* | Acc: *93.518%* (46759/50000) 
Test epoch: 443 | Loss: *0.595* | Acc: *83.230%* (8323/10000)
Train epoch: 444 | Loss: *0.191* | Acc: *93.524%* (46762/50000) 
Test epoch: 444 | Loss: *0.728* | Acc: *79.950%* (7995/10000)
Train epoch: 445 | Loss: *0.193* | Acc: *93.390%* (46695/50000) 
Test epoch: 445 | Loss: *0.515* | Acc: *84.870%* (8487/10000)
Train epoch: 446 | Loss: *0.191* | Acc: *93.616%* (46808/50000) 
Test epoch: 446 | Loss: *0.921* | Acc: *77.780%* (7778/10000)
Train epoch: 447 | Loss: *0.191* | Acc: *93.534%* (46767/50000) 
Test epoch: 447 | Loss: *0.440* | Acc: *86.940%* (8694/10000)
Train epoch: 448 | Loss: *0.186* | Acc: *93.722%* (46861/50000) 
Test epoch: 448 | Loss: *0.672* | Acc: *82.480%* (8248/10000)
Train epoch: 449 | Loss: *0.184* | Acc: *93.762%* (46881/50000) 
Test epoch: 449 | Loss: *0.588* | Acc: *82.730%* (8273/10000)
Train epoch: 450 | Loss: *0.185* | Acc: *93.840%* (46920/50000) 
Test epoch: 450 | Loss: *0.470* | Acc: *86.310%* (8631/10000)
Train epoch: 451 | Loss: *0.187* | Acc: *93.768%* (46884/50000) 
Test epoch: 451 | Loss: *0.673* | Acc: *81.620%* (8162/10000)
Train epoch: 452 | Loss: *0.183* | Acc: *93.790%* (46895/50000) 
Test epoch: 452 | Loss: *0.502* | Acc: *85.050%* (8505/10000)
Train epoch: 453 | Loss: *0.186* | Acc: *93.724%* (46862/50000) 
Test epoch: 453 | Loss: *0.422* | Acc: *87.390%* (8739/10000)
Train epoch: 454 | Loss: *0.180* | Acc: *93.886%* (46943/50000) 
Test epoch: 454 | Loss: *0.829* | Acc: *78.640%* (7864/10000)
Train epoch: 455 | Loss: *0.181* | Acc: *93.774%* (46887/50000) 
Test epoch: 455 | Loss: *0.520* | Acc: *84.590%* (8459/10000)
Train epoch: 456 | Loss: *0.179* | Acc: *93.994%* (46997/50000) 
Test epoch: 456 | Loss: *0.604* | Acc: *83.120%* (8312/10000)
Train epoch: 457 | Loss: *0.177* | Acc: *94.094%* (47047/50000) 
Test epoch: 457 | Loss: *0.412* | Acc: *87.670%* (8767/10000)
Train epoch: 458 | Loss: *0.176* | Acc: *94.038%* (47019/50000) 
Test epoch: 458 | Loss: *0.560* | Acc: *84.690%* (8469/10000)
Train epoch: 459 | Loss: *0.175* | Acc: *94.046%* (47023/50000) 
Test epoch: 459 | Loss: *0.409* | Acc: *87.780%* (8778/10000)
Train epoch: 460 | Loss: *0.173* | Acc: *94.274%* (47137/50000) 
Test epoch: 460 | Loss: *0.502* | Acc: *85.790%* (8579/10000)
Train epoch: 461 | Loss: *0.172* | Acc: *94.170%* (47085/50000) 
Test epoch: 461 | Loss: *0.486* | Acc: *86.460%* (8646/10000)
Train epoch: 462 | Loss: *0.169* | Acc: *94.226%* (47113/50000) 
Test epoch: 462 | Loss: *0.601* | Acc: *82.820%* (8282/10000)
Train epoch: 463 | Loss: *0.170* | Acc: *94.240%* (47120/50000) 
Test epoch: 463 | Loss: *0.573* | Acc: *83.490%* (8349/10000)
Train epoch: 464 | Loss: *0.166* | Acc: *94.456%* (47228/50000) 
Test epoch: 464 | Loss: *0.619* | Acc: *83.810%* (8381/10000)
Train epoch: 465 | Loss: *0.169* | Acc: *94.216%* (47108/50000) 
Test epoch: 465 | Loss: *0.451* | Acc: *86.610%* (8661/10000)
Train epoch: 466 | Loss: *0.163* | Acc: *94.480%* (47240/50000) 
Test epoch: 466 | Loss: *0.526* | Acc: *85.240%* (8524/10000)
Train epoch: 467 | Loss: *0.164* | Acc: *94.570%* (47285/50000) 
Test epoch: 467 | Loss: *0.427* | Acc: *87.760%* (8776/10000)
Train epoch: 468 | Loss: *0.158* | Acc: *94.704%* (47352/50000) 
Test epoch: 468 | Loss: *0.470* | Acc: *85.830%* (8583/10000)
Train epoch: 469 | Loss: *0.162* | Acc: *94.632%* (47316/50000) 
Test epoch: 469 | Loss: *0.489* | Acc: *85.260%* (8526/10000)
Train epoch: 470 | Loss: *0.159* | Acc: *94.702%* (47351/50000) 
Test epoch: 470 | Loss: *0.490* | Acc: *85.920%* (8592/10000)
Train epoch: 471 | Loss: *0.157* | Acc: *94.654%* (47327/50000) 
Test epoch: 471 | Loss: *0.534* | Acc: *84.730%* (8473/10000)
Train epoch: 472 | Loss: *0.154* | Acc: *94.806%* (47403/50000) 
Test epoch: 472 | Loss: *0.405* | Acc: *87.810%* (8781/10000)
Train epoch: 473 | Loss: *0.154* | Acc: *94.838%* (47419/50000) 
Test epoch: 473 | Loss: *0.394* | Acc: *88.880%* (8888/10000)
Train epoch: 474 | Loss: *0.153* | Acc: *94.824%* (47412/50000) 
Test epoch: 474 | Loss: *0.496* | Acc: *85.930%* (8593/10000)
Train epoch: 475 | Loss: *0.148* | Acc: *95.040%* (47520/50000) 
Test epoch: 475 | Loss: *0.427* | Acc: *87.660%* (8766/10000)
Train epoch: 476 | Loss: *0.148* | Acc: *94.946%* (47473/50000) 
Test epoch: 476 | Loss: *0.741* | Acc: *80.960%* (8096/10000)
Train epoch: 477 | Loss: *0.149* | Acc: *94.934%* (47467/50000) 
Test epoch: 477 | Loss: *0.850* | Acc: *78.220%* (7822/10000)
Train epoch: 478 | Loss: *0.141* | Acc: *95.334%* (47667/50000) 
Test epoch: 478 | Loss: *0.547* | Acc: *85.400%* (8540/10000)
Train epoch: 479 | Loss: *0.140* | Acc: *95.326%* (47663/50000) 
Test epoch: 479 | Loss: *0.442* | Acc: *87.170%* (8717/10000)
Train epoch: 480 | Loss: *0.145* | Acc: *95.110%* (47555/50000) 
Test epoch: 480 | Loss: *0.732* | Acc: *80.840%* (8084/10000)
Train epoch: 481 | Loss: *0.139* | Acc: *95.362%* (47681/50000) 
Test epoch: 481 | Loss: *0.462* | Acc: *87.310%* (8731/10000)
Train epoch: 482 | Loss: *0.141* | Acc: *95.194%* (47597/50000) 
Test epoch: 482 | Loss: *0.393* | Acc: *88.240%* (8824/10000)
Train epoch: 483 | Loss: *0.136* | Acc: *95.404%* (47702/50000) 
Test epoch: 483 | Loss: *0.454* | Acc: *87.380%* (8738/10000)
Train epoch: 484 | Loss: *0.129* | Acc: *95.708%* (47854/50000) 
Test epoch: 484 | Loss: *0.457* | Acc: *87.230%* (8723/10000)
Train epoch: 485 | Loss: *0.134* | Acc: *95.464%* (47732/50000) 
Test epoch: 485 | Loss: *0.512* | Acc: *86.460%* (8646/10000)
Train epoch: 486 | Loss: *0.130* | Acc: *95.640%* (47820/50000) 
Test epoch: 486 | Loss: *0.628* | Acc: *84.700%* (8470/10000)
Train epoch: 487 | Loss: *0.129* | Acc: *95.760%* (47880/50000) 
Test epoch: 487 | Loss: *0.440* | Acc: *87.330%* (8733/10000)
Train epoch: 488 | Loss: *0.125* | Acc: *95.750%* (47875/50000) 
Test epoch: 488 | Loss: *0.405* | Acc: *88.190%* (8819/10000)
Train epoch: 489 | Loss: *0.123* | Acc: *95.910%* (47955/50000) 
Test epoch: 489 | Loss: *0.375* | Acc: *89.520%* (8952/10000)
Train epoch: 490 | Loss: *0.125* | Acc: *95.796%* (47898/50000) 
Test epoch: 490 | Loss: *0.470* | Acc: *87.600%* (8760/10000)
Train epoch: 491 | Loss: *0.123* | Acc: *95.828%* (47914/50000) 
Test epoch: 491 | Loss: *0.438* | Acc: *87.640%* (8764/10000)
Train epoch: 492 | Loss: *0.120* | Acc: *95.928%* (47964/50000) 
Test epoch: 492 | Loss: *0.595* | Acc: *83.660%* (8366/10000)
Train epoch: 493 | Loss: *0.113* | Acc: *96.202%* (48101/50000) 
Test epoch: 493 | Loss: *0.453* | Acc: *87.510%* (8751/10000)
Train epoch: 494 | Loss: *0.114* | Acc: *96.172%* (48086/50000) 
Test epoch: 494 | Loss: *0.502* | Acc: *85.650%* (8565/10000)
Train epoch: 495 | Loss: *0.113* | Acc: *96.206%* (48103/50000) 
Test epoch: 495 | Loss: *0.442* | Acc: *88.020%* (8802/10000)
Train epoch: 496 | Loss: *0.110* | Acc: *96.346%* (48173/50000) 
Test epoch: 496 | Loss: *0.497* | Acc: *86.790%* (8679/10000)
Train epoch: 497 | Loss: *0.108* | Acc: *96.358%* (48179/50000) 
Test epoch: 497 | Loss: *0.613* | Acc: *84.940%* (8494/10000)
Train epoch: 498 | Loss: *0.110* | Acc: *96.404%* (48202/50000) 
Test epoch: 498 | Loss: *0.481* | Acc: *87.550%* (8755/10000)
Train epoch: 499 | Loss: *0.104* | Acc: *96.550%* (48275/50000) 
Test epoch: 499 | Loss: *0.396* | Acc: *88.760%* (8876/10000)
Train epoch: 500 | Loss: *0.106* | Acc: *96.474%* (48237/50000) 
Test epoch: 500 | Loss: *0.530* | Acc: *85.560%* (8556/10000)
Best test accuracy: *92.970%*, loss: *0.3103872629255056*, at epoch: *222*.
==> Execution time summary of 500 epoch(s).
Train data loading time: sum. *304.0849250908941* secs | avg. *0.6081698501817882* secs per epoch.
Train training time: sum. *1552.0566491317004* secs | avg. *3.104113298263401* secs per epoch.
Train total time: sum. *1856.1415742225945* secs | avg. *3.712283148445189* secs per epoch.
Test data loading time: sum. *116.58843152597547* secs | avg. *0.23317686305195093* secs per epoch.
Test training time: sum. *66.65962224453688* secs | avg. *0.13331924448907376* secs per epoch.
Test total time: sum. *183.24805377051234* secs | avg. *0.3664961075410247* secs per epoch.
Total data loading time: sum. *420.67335661686957* secs | avg. *0.8413467132337391* secs per epoch.
Total training time: sum. *1618.7162713762373* secs | avg. *3.2374325427524746* secs per epoch.
Total running time: sum. *2039.3896279931068* secs | avg. *4.0787792559862135* secs per epoch.
==> Number of GPU device: 1
==> Device #0 Memory Usage
==> Allocated: 0.1 GB
==> Cached:    1.6 GB
==> Maximum: 1.6 GB
