==> Running on : cuda
==> Number of CPU: 48
==> Number of workers: 2
==> #Epochs: 500, #Layers: 2, #Blocks: [1, 3], In channel: 64, Input layer conv kernel: 7x7, Residual layer conv kernel 7x7, Skip kernel: 1x1, Input layer conv padding: 3, Residual layer conv padding: 3
==> Optimizer is Adam
==> Learning rate: 0.001
==> Weight decay: 0.0005
==>Trainable Parameters: 4837962
==>Other Parameters: 0
==>Augmentation: RandomCrop(32, padding=4), RandomHorizontalFlip(), Normalize((0.4914, 0.4822, 0.4465), (0.2023, 0.1994, 0.2010)
Files already downloaded and verified
Train epoch: 1 | Loss: *1.600* | Acc: *40.694%* (20347/50000) 
Test epoch: 1 | Loss: *1.631* | Acc: *42.970%* (4297/10000)
Train epoch: 2 | Loss: *1.218* | Acc: *55.934%* (27967/50000) 
Test epoch: 2 | Loss: *1.332* | Acc: *55.080%* (5508/10000)
Train epoch: 3 | Loss: *1.065* | Acc: *62.072%* (31036/50000) 
Test epoch: 3 | Loss: *1.382* | Acc: *53.260%* (5326/10000)
Train epoch: 4 | Loss: *0.958* | Acc: *66.160%* (33080/50000) 
Test epoch: 4 | Loss: *1.328* | Acc: *55.890%* (5589/10000)
Train epoch: 5 | Loss: *0.865* | Acc: *69.602%* (34801/50000) 
Test epoch: 5 | Loss: *0.938* | Acc: *68.290%* (6829/10000)
Train epoch: 6 | Loss: *0.784* | Acc: *72.934%* (36467/50000) 
Test epoch: 6 | Loss: *1.016* | Acc: *67.250%* (6725/10000)
Train epoch: 7 | Loss: *0.721* | Acc: *75.232%* (37616/50000) 
Test epoch: 7 | Loss: *0.804* | Acc: *72.760%* (7276/10000)
Train epoch: 8 | Loss: *0.673* | Acc: *76.794%* (38397/50000) 
Test epoch: 8 | Loss: *1.135* | Acc: *65.510%* (6551/10000)
Train epoch: 9 | Loss: *0.631* | Acc: *78.510%* (39255/50000) 
Test epoch: 9 | Loss: *1.657* | Acc: *56.630%* (5663/10000)
Train epoch: 10 | Loss: *0.605* | Acc: *79.388%* (39694/50000) 
Test epoch: 10 | Loss: *0.798* | Acc: *73.350%* (7335/10000)
Train epoch: 11 | Loss: *0.574* | Acc: *80.484%* (40242/50000) 
Test epoch: 11 | Loss: *0.742* | Acc: *75.450%* (7545/10000)
Train epoch: 12 | Loss: *0.549* | Acc: *81.278%* (40639/50000) 
Test epoch: 12 | Loss: *0.780* | Acc: *74.810%* (7481/10000)
Train epoch: 13 | Loss: *0.524* | Acc: *82.108%* (41054/50000) 
Test epoch: 13 | Loss: *0.632* | Acc: *79.720%* (7972/10000)
Train epoch: 14 | Loss: *0.509* | Acc: *82.624%* (41312/50000) 
Test epoch: 14 | Loss: *0.606* | Acc: *79.330%* (7933/10000)
Train epoch: 15 | Loss: *0.491* | Acc: *83.288%* (41644/50000) 
Test epoch: 15 | Loss: *0.535* | Acc: *82.190%* (8219/10000)
Train epoch: 16 | Loss: *0.473* | Acc: *84.148%* (42074/50000) 
Test epoch: 16 | Loss: *0.585* | Acc: *80.890%* (8089/10000)
Train epoch: 17 | Loss: *0.459* | Acc: *84.474%* (42237/50000) 
Test epoch: 17 | Loss: *0.629* | Acc: *80.040%* (8004/10000)
Train epoch: 18 | Loss: *0.444* | Acc: *84.880%* (42440/50000) 
Test epoch: 18 | Loss: *0.658* | Acc: *78.830%* (7883/10000)
Train epoch: 19 | Loss: *0.439* | Acc: *85.168%* (42584/50000) 
Test epoch: 19 | Loss: *0.608* | Acc: *80.610%* (8061/10000)
Train epoch: 20 | Loss: *0.424* | Acc: *85.402%* (42701/50000) 
Test epoch: 20 | Loss: *0.495* | Acc: *83.290%* (8329/10000)
Train epoch: 21 | Loss: *0.416* | Acc: *85.772%* (42886/50000) 
Test epoch: 21 | Loss: *0.636* | Acc: *79.950%* (7995/10000)
Train epoch: 22 | Loss: *0.401* | Acc: *86.350%* (43175/50000) 
Test epoch: 22 | Loss: *0.517* | Acc: *82.900%* (8290/10000)
Train epoch: 23 | Loss: *0.392* | Acc: *86.834%* (43417/50000) 
Test epoch: 23 | Loss: *0.504* | Acc: *83.310%* (8331/10000)
Train epoch: 24 | Loss: *0.381* | Acc: *87.034%* (43517/50000) 
Test epoch: 24 | Loss: *0.464* | Acc: *84.650%* (8465/10000)
Train epoch: 25 | Loss: *0.375* | Acc: *87.198%* (43599/50000) 
Test epoch: 25 | Loss: *0.506* | Acc: *83.560%* (8356/10000)
Train epoch: 26 | Loss: *0.370* | Acc: *87.458%* (43729/50000) 
Test epoch: 26 | Loss: *0.487* | Acc: *83.870%* (8387/10000)
Train epoch: 27 | Loss: *0.362* | Acc: *87.806%* (43903/50000) 
Test epoch: 27 | Loss: *0.543* | Acc: *83.230%* (8323/10000)
Train epoch: 28 | Loss: *0.352* | Acc: *87.920%* (43960/50000) 
Test epoch: 28 | Loss: *0.535* | Acc: *82.930%* (8293/10000)
Train epoch: 29 | Loss: *0.349* | Acc: *88.248%* (44124/50000) 
Test epoch: 29 | Loss: *0.485* | Acc: *83.740%* (8374/10000)
Train epoch: 30 | Loss: *0.339* | Acc: *88.532%* (44266/50000) 
Test epoch: 30 | Loss: *0.465* | Acc: *85.390%* (8539/10000)
Train epoch: 31 | Loss: *0.336* | Acc: *88.560%* (44280/50000) 
Test epoch: 31 | Loss: *0.479* | Acc: *84.510%* (8451/10000)
Train epoch: 32 | Loss: *0.333* | Acc: *88.670%* (44335/50000) 
Test epoch: 32 | Loss: *0.601* | Acc: *81.050%* (8105/10000)
Train epoch: 33 | Loss: *0.324* | Acc: *88.942%* (44471/50000) 
Test epoch: 33 | Loss: *0.485* | Acc: *84.680%* (8468/10000)
Train epoch: 34 | Loss: *0.317* | Acc: *89.146%* (44573/50000) 
Test epoch: 34 | Loss: *0.459* | Acc: *85.010%* (8501/10000)
Train epoch: 35 | Loss: *0.312* | Acc: *89.360%* (44680/50000) 
Test epoch: 35 | Loss: *0.448* | Acc: *85.540%* (8554/10000)
Train epoch: 36 | Loss: *0.307* | Acc: *89.544%* (44772/50000) 
Test epoch: 36 | Loss: *0.468* | Acc: *85.270%* (8527/10000)
Train epoch: 37 | Loss: *0.306* | Acc: *89.468%* (44734/50000) 
Test epoch: 37 | Loss: *0.474* | Acc: *84.800%* (8480/10000)
Train epoch: 38 | Loss: *0.306* | Acc: *89.616%* (44808/50000) 
Test epoch: 38 | Loss: *0.434* | Acc: *86.010%* (8601/10000)
Train epoch: 39 | Loss: *0.296* | Acc: *89.932%* (44966/50000) 
Test epoch: 39 | Loss: *0.469* | Acc: *85.080%* (8508/10000)
Train epoch: 40 | Loss: *0.293* | Acc: *90.068%* (45034/50000) 
Test epoch: 40 | Loss: *0.473* | Acc: *85.130%* (8513/10000)
Train epoch: 41 | Loss: *0.289* | Acc: *90.166%* (45083/50000) 
Test epoch: 41 | Loss: *0.485* | Acc: *84.700%* (8470/10000)
Train epoch: 42 | Loss: *0.283* | Acc: *90.262%* (45131/50000) 
Test epoch: 42 | Loss: *0.426* | Acc: *86.070%* (8607/10000)
Train epoch: 43 | Loss: *0.283* | Acc: *90.490%* (45245/50000) 
Test epoch: 43 | Loss: *0.533* | Acc: *84.000%* (8400/10000)
Train epoch: 44 | Loss: *0.284* | Acc: *90.224%* (45112/50000) 
Test epoch: 44 | Loss: *0.487* | Acc: *84.390%* (8439/10000)
Train epoch: 45 | Loss: *0.273* | Acc: *90.546%* (45273/50000) 
Test epoch: 45 | Loss: *0.449* | Acc: *86.230%* (8623/10000)
Train epoch: 46 | Loss: *0.275* | Acc: *90.570%* (45285/50000) 
Test epoch: 46 | Loss: *0.407* | Acc: *87.100%* (8710/10000)
Train epoch: 47 | Loss: *0.268* | Acc: *90.914%* (45457/50000) 
Test epoch: 47 | Loss: *0.432* | Acc: *86.320%* (8632/10000)
Train epoch: 48 | Loss: *0.266* | Acc: *90.916%* (45458/50000) 
Test epoch: 48 | Loss: *0.485* | Acc: *85.090%* (8509/10000)
Train epoch: 49 | Loss: *0.260* | Acc: *91.068%* (45534/50000) 
Test epoch: 49 | Loss: *0.476* | Acc: *84.970%* (8497/10000)
Train epoch: 50 | Loss: *0.257* | Acc: *91.186%* (45593/50000) 
Test epoch: 50 | Loss: *0.428* | Acc: *86.380%* (8638/10000)
Train epoch: 51 | Loss: *0.253* | Acc: *91.336%* (45668/50000) 
Test epoch: 51 | Loss: *0.478* | Acc: *85.210%* (8521/10000)
Train epoch: 52 | Loss: *0.255* | Acc: *91.308%* (45654/50000) 
Test epoch: 52 | Loss: *0.453* | Acc: *85.360%* (8536/10000)
Train epoch: 53 | Loss: *0.247* | Acc: *91.630%* (45815/50000) 
Test epoch: 53 | Loss: *0.464* | Acc: *85.630%* (8563/10000)
Train epoch: 54 | Loss: *0.249* | Acc: *91.472%* (45736/50000) 
Test epoch: 54 | Loss: *0.427* | Acc: *86.570%* (8657/10000)
Train epoch: 55 | Loss: *0.240* | Acc: *91.904%* (45952/50000) 
Test epoch: 55 | Loss: *0.476* | Acc: *85.530%* (8553/10000)
Train epoch: 56 | Loss: *0.242* | Acc: *91.892%* (45946/50000) 
Test epoch: 56 | Loss: *0.432* | Acc: *86.930%* (8693/10000)
Train epoch: 57 | Loss: *0.240* | Acc: *91.766%* (45883/50000) 
Test epoch: 57 | Loss: *0.468* | Acc: *85.500%* (8550/10000)
Train epoch: 58 | Loss: *0.238* | Acc: *91.770%* (45885/50000) 
Test epoch: 58 | Loss: *0.447* | Acc: *86.030%* (8603/10000)
Train epoch: 59 | Loss: *0.232* | Acc: *91.994%* (45997/50000) 
Test epoch: 59 | Loss: *0.493* | Acc: *84.970%* (8497/10000)
Train epoch: 60 | Loss: *0.227* | Acc: *92.128%* (46064/50000) 
Test epoch: 60 | Loss: *0.447* | Acc: *86.600%* (8660/10000)
Train epoch: 61 | Loss: *0.231* | Acc: *91.984%* (45992/50000) 
Test epoch: 61 | Loss: *0.474* | Acc: *85.880%* (8588/10000)
Train epoch: 62 | Loss: *0.229* | Acc: *92.260%* (46130/50000) 
Test epoch: 62 | Loss: *0.412* | Acc: *87.090%* (8709/10000)
Train epoch: 63 | Loss: *0.217* | Acc: *92.492%* (46246/50000) 
Test epoch: 63 | Loss: *0.498* | Acc: *85.000%* (8500/10000)
Train epoch: 64 | Loss: *0.221* | Acc: *92.574%* (46287/50000) 
Test epoch: 64 | Loss: *0.432* | Acc: *86.580%* (8658/10000)
Train epoch: 65 | Loss: *0.216* | Acc: *92.634%* (46317/50000) 
Test epoch: 65 | Loss: *0.431* | Acc: *86.740%* (8674/10000)
Train epoch: 66 | Loss: *0.211* | Acc: *92.784%* (46392/50000) 
Test epoch: 66 | Loss: *0.537* | Acc: *84.240%* (8424/10000)
Train epoch: 67 | Loss: *0.208* | Acc: *92.790%* (46395/50000) 
Test epoch: 67 | Loss: *0.431* | Acc: *87.190%* (8719/10000)
Train epoch: 68 | Loss: *0.210* | Acc: *92.784%* (46392/50000) 
Test epoch: 68 | Loss: *0.490* | Acc: *85.330%* (8533/10000)
Train epoch: 69 | Loss: *0.208* | Acc: *93.026%* (46513/50000) 
Test epoch: 69 | Loss: *0.459* | Acc: *86.480%* (8648/10000)
Train epoch: 70 | Loss: *0.203* | Acc: *93.058%* (46529/50000) 
Test epoch: 70 | Loss: *0.482* | Acc: *85.660%* (8566/10000)
Train epoch: 71 | Loss: *0.199* | Acc: *93.216%* (46608/50000) 
Test epoch: 71 | Loss: *0.471* | Acc: *85.920%* (8592/10000)
Train epoch: 72 | Loss: *0.199* | Acc: *93.334%* (46667/50000) 
Test epoch: 72 | Loss: *0.419* | Acc: *87.130%* (8713/10000)
Train epoch: 73 | Loss: *0.195* | Acc: *93.326%* (46663/50000) 
Test epoch: 73 | Loss: *0.525* | Acc: *84.680%* (8468/10000)
Train epoch: 74 | Loss: *0.192* | Acc: *93.596%* (46798/50000) 
Test epoch: 74 | Loss: *0.432* | Acc: *86.960%* (8696/10000)
Train epoch: 75 | Loss: *0.193* | Acc: *93.314%* (46657/50000) 
Test epoch: 75 | Loss: *0.517* | Acc: *85.090%* (8509/10000)
Train epoch: 76 | Loss: *0.189* | Acc: *93.588%* (46794/50000) 
Test epoch: 76 | Loss: *0.425* | Acc: *87.240%* (8724/10000)
Train epoch: 77 | Loss: *0.185* | Acc: *93.786%* (46893/50000) 
Test epoch: 77 | Loss: *0.482* | Acc: *85.960%* (8596/10000)
Train epoch: 78 | Loss: *0.184* | Acc: *93.628%* (46814/50000) 
Test epoch: 78 | Loss: *0.486* | Acc: *86.080%* (8608/10000)
Train epoch: 79 | Loss: *0.180* | Acc: *93.814%* (46907/50000) 
Test epoch: 79 | Loss: *0.418* | Acc: *87.710%* (8771/10000)
Train epoch: 80 | Loss: *0.178* | Acc: *94.028%* (47014/50000) 
Test epoch: 80 | Loss: *0.490* | Acc: *85.960%* (8596/10000)
Train epoch: 81 | Loss: *0.176* | Acc: *94.122%* (47061/50000) 
Test epoch: 81 | Loss: *0.465* | Acc: *86.500%* (8650/10000)
Train epoch: 82 | Loss: *0.173* | Acc: *94.144%* (47072/50000) 
Test epoch: 82 | Loss: *0.444* | Acc: *86.630%* (8663/10000)
Train epoch: 83 | Loss: *0.168* | Acc: *94.238%* (47119/50000) 
Test epoch: 83 | Loss: *0.430* | Acc: *87.450%* (8745/10000)
Train epoch: 84 | Loss: *0.167* | Acc: *94.210%* (47105/50000) 
Test epoch: 84 | Loss: *0.491* | Acc: *86.320%* (8632/10000)
Train epoch: 85 | Loss: *0.164* | Acc: *94.380%* (47190/50000) 
Test epoch: 85 | Loss: *0.430* | Acc: *87.510%* (8751/10000)
Train epoch: 86 | Loss: *0.166* | Acc: *94.308%* (47154/50000) 
Test epoch: 86 | Loss: *0.467* | Acc: *86.200%* (8620/10000)
Train epoch: 87 | Loss: *0.159* | Acc: *94.630%* (47315/50000) 
Test epoch: 87 | Loss: *0.437* | Acc: *87.580%* (8758/10000)
Train epoch: 88 | Loss: *0.151* | Acc: *94.874%* (47437/50000) 
Test epoch: 88 | Loss: *0.469* | Acc: *86.700%* (8670/10000)
Train epoch: 89 | Loss: *0.156* | Acc: *94.588%* (47294/50000) 
Test epoch: 89 | Loss: *0.394* | Acc: *88.020%* (8802/10000)
Train epoch: 90 | Loss: *0.150* | Acc: *95.002%* (47501/50000) 
Test epoch: 90 | Loss: *0.427* | Acc: *87.420%* (8742/10000)
Train epoch: 91 | Loss: *0.150* | Acc: *94.854%* (47427/50000) 
Test epoch: 91 | Loss: *0.399* | Acc: *87.940%* (8794/10000)
Train epoch: 92 | Loss: *0.145* | Acc: *95.082%* (47541/50000) 
Test epoch: 92 | Loss: *0.440* | Acc: *87.230%* (8723/10000)
Train epoch: 93 | Loss: *0.151* | Acc: *94.988%* (47494/50000) 
Test epoch: 93 | Loss: *0.410* | Acc: *87.820%* (8782/10000)
Train epoch: 94 | Loss: *0.140* | Acc: *95.236%* (47618/50000) 
Test epoch: 94 | Loss: *0.433* | Acc: *87.760%* (8776/10000)
Train epoch: 95 | Loss: *0.138* | Acc: *95.294%* (47647/50000) 
Test epoch: 95 | Loss: *0.430* | Acc: *87.880%* (8788/10000)
Train epoch: 96 | Loss: *0.135* | Acc: *95.340%* (47670/50000) 
Test epoch: 96 | Loss: *0.438* | Acc: *87.390%* (8739/10000)
Train epoch: 97 | Loss: *0.135* | Acc: *95.412%* (47706/50000) 
Test epoch: 97 | Loss: *0.405* | Acc: *88.400%* (8840/10000)
Train epoch: 98 | Loss: *0.129* | Acc: *95.652%* (47826/50000) 
Test epoch: 98 | Loss: *0.485* | Acc: *86.510%* (8651/10000)
Train epoch: 99 | Loss: *0.134* | Acc: *95.286%* (47643/50000) 
Test epoch: 99 | Loss: *0.491* | Acc: *86.970%* (8697/10000)
Train epoch: 100 | Loss: *0.125* | Acc: *95.800%* (47900/50000) 
Test epoch: 100 | Loss: *0.473* | Acc: *87.080%* (8708/10000)
Train epoch: 101 | Loss: *0.122* | Acc: *95.980%* (47990/50000) 
Test epoch: 101 | Loss: *0.485* | Acc: *86.380%* (8638/10000)
Train epoch: 102 | Loss: *0.120* | Acc: *96.014%* (48007/50000) 
Test epoch: 102 | Loss: *0.476* | Acc: *86.940%* (8694/10000)
Train epoch: 103 | Loss: *0.122* | Acc: *95.838%* (47919/50000) 
Test epoch: 103 | Loss: *0.449* | Acc: *87.900%* (8790/10000)
Train epoch: 104 | Loss: *0.118* | Acc: *95.998%* (47999/50000) 
Test epoch: 104 | Loss: *0.482* | Acc: *87.210%* (8721/10000)
Train epoch: 105 | Loss: *0.118* | Acc: *96.058%* (48029/50000) 
Test epoch: 105 | Loss: *0.414* | Acc: *88.370%* (8837/10000)
Train epoch: 106 | Loss: *0.110* | Acc: *96.364%* (48182/50000) 
Test epoch: 106 | Loss: *0.444* | Acc: *87.850%* (8785/10000)
Train epoch: 107 | Loss: *0.108* | Acc: *96.330%* (48165/50000) 
Test epoch: 107 | Loss: *0.558* | Acc: *85.360%* (8536/10000)
Train epoch: 108 | Loss: *0.109* | Acc: *96.302%* (48151/50000) 
Test epoch: 108 | Loss: *0.494* | Acc: *86.480%* (8648/10000)
Train epoch: 109 | Loss: *0.101* | Acc: *96.660%* (48330/50000) 
Test epoch: 109 | Loss: *0.483* | Acc: *86.880%* (8688/10000)
Train epoch: 110 | Loss: *0.109* | Acc: *96.304%* (48152/50000) 
Test epoch: 110 | Loss: *0.479* | Acc: *86.790%* (8679/10000)
Train epoch: 111 | Loss: *0.104* | Acc: *96.466%* (48233/50000) 
Test epoch: 111 | Loss: *0.430* | Acc: *88.100%* (8810/10000)
Train epoch: 112 | Loss: *0.099* | Acc: *96.594%* (48297/50000) 
Test epoch: 112 | Loss: *0.438* | Acc: *88.040%* (8804/10000)
Train epoch: 113 | Loss: *0.092* | Acc: *96.914%* (48457/50000) 
Test epoch: 113 | Loss: *0.447* | Acc: *88.040%* (8804/10000)
Train epoch: 114 | Loss: *0.094* | Acc: *96.804%* (48402/50000) 
Test epoch: 114 | Loss: *0.493* | Acc: *87.040%* (8704/10000)
Train epoch: 115 | Loss: *0.096* | Acc: *96.774%* (48387/50000) 
Test epoch: 115 | Loss: *0.419* | Acc: *88.130%* (8813/10000)
Train epoch: 116 | Loss: *0.085* | Acc: *97.164%* (48582/50000) 
Test epoch: 116 | Loss: *0.452* | Acc: *88.210%* (8821/10000)
Train epoch: 117 | Loss: *0.087* | Acc: *97.056%* (48528/50000) 
Test epoch: 117 | Loss: *0.453* | Acc: *88.120%* (8812/10000)
Train epoch: 118 | Loss: *0.084* | Acc: *97.222%* (48611/50000) 
Test epoch: 118 | Loss: *0.591* | Acc: *86.020%* (8602/10000)
Train epoch: 119 | Loss: *0.082* | Acc: *97.226%* (48613/50000) 
Test epoch: 119 | Loss: *0.472* | Acc: *87.640%* (8764/10000)
Train epoch: 120 | Loss: *0.083* | Acc: *97.222%* (48611/50000) 
Test epoch: 120 | Loss: *0.445* | Acc: *88.250%* (8825/10000)
Train epoch: 121 | Loss: *0.078* | Acc: *97.332%* (48666/50000) 
Test epoch: 121 | Loss: *0.445* | Acc: *88.160%* (8816/10000)
Train epoch: 122 | Loss: *0.079* | Acc: *97.328%* (48664/50000) 
Test epoch: 122 | Loss: *0.465* | Acc: *87.860%* (8786/10000)
Train epoch: 123 | Loss: *0.073* | Acc: *97.570%* (48785/50000) 
Test epoch: 123 | Loss: *0.413* | Acc: *88.970%* (8897/10000)
Train epoch: 124 | Loss: *0.071* | Acc: *97.716%* (48858/50000) 
Test epoch: 124 | Loss: *0.455* | Acc: *88.730%* (8873/10000)
Train epoch: 125 | Loss: *0.073* | Acc: *97.610%* (48805/50000) 
Test epoch: 125 | Loss: *0.483* | Acc: *88.030%* (8803/10000)
Train epoch: 126 | Loss: *0.067* | Acc: *97.768%* (48884/50000) 
Test epoch: 126 | Loss: *0.465* | Acc: *88.090%* (8809/10000)
Train epoch: 127 | Loss: *0.064* | Acc: *97.958%* (48979/50000) 
Test epoch: 127 | Loss: *0.453* | Acc: *88.520%* (8852/10000)
Train epoch: 128 | Loss: *0.064* | Acc: *97.912%* (48956/50000) 
Test epoch: 128 | Loss: *0.477* | Acc: *88.140%* (8814/10000)
Train epoch: 129 | Loss: *0.067* | Acc: *97.788%* (48894/50000) 
Test epoch: 129 | Loss: *0.431* | Acc: *89.010%* (8901/10000)
Train epoch: 130 | Loss: *0.057* | Acc: *98.100%* (49050/50000) 
Test epoch: 130 | Loss: *0.465* | Acc: *88.490%* (8849/10000)
Train epoch: 131 | Loss: *0.062* | Acc: *97.954%* (48977/50000) 
Test epoch: 131 | Loss: *0.453* | Acc: *88.600%* (8860/10000)
Train epoch: 132 | Loss: *0.056* | Acc: *98.164%* (49082/50000) 
Test epoch: 132 | Loss: *0.439* | Acc: *88.890%* (8889/10000)
Train epoch: 133 | Loss: *0.054* | Acc: *98.292%* (49146/50000) 
Test epoch: 133 | Loss: *0.466* | Acc: *88.690%* (8869/10000)
Train epoch: 134 | Loss: *0.052* | Acc: *98.346%* (49173/50000) 
Test epoch: 134 | Loss: *0.430* | Acc: *88.780%* (8878/10000)
Train epoch: 135 | Loss: *0.053* | Acc: *98.238%* (49119/50000) 
Test epoch: 135 | Loss: *0.432* | Acc: *89.010%* (8901/10000)
Train epoch: 136 | Loss: *0.047* | Acc: *98.420%* (49210/50000) 
Test epoch: 136 | Loss: *0.455* | Acc: *88.710%* (8871/10000)
Train epoch: 137 | Loss: *0.049* | Acc: *98.466%* (49233/50000) 
Test epoch: 137 | Loss: *0.481* | Acc: *88.440%* (8844/10000)
Train epoch: 138 | Loss: *0.048* | Acc: *98.478%* (49239/50000) 
Test epoch: 138 | Loss: *0.429* | Acc: *89.190%* (8919/10000)
Train epoch: 139 | Loss: *0.044* | Acc: *98.584%* (49292/50000) 
Test epoch: 139 | Loss: *0.436* | Acc: *89.050%* (8905/10000)
Train epoch: 140 | Loss: *0.042* | Acc: *98.662%* (49331/50000) 
Test epoch: 140 | Loss: *0.464* | Acc: *88.650%* (8865/10000)
Train epoch: 141 | Loss: *0.042* | Acc: *98.674%* (49337/50000) 
Test epoch: 141 | Loss: *0.459* | Acc: *88.750%* (8875/10000)
Train epoch: 142 | Loss: *0.040* | Acc: *98.756%* (49378/50000) 
Test epoch: 142 | Loss: *0.492* | Acc: *88.650%* (8865/10000)
Train epoch: 143 | Loss: *0.039* | Acc: *98.740%* (49370/50000) 
Test epoch: 143 | Loss: *0.462* | Acc: *88.650%* (8865/10000)
Train epoch: 144 | Loss: *0.038* | Acc: *98.830%* (49415/50000) 
Test epoch: 144 | Loss: *0.447* | Acc: *89.380%* (8938/10000)
Train epoch: 145 | Loss: *0.036* | Acc: *98.870%* (49435/50000) 
Test epoch: 145 | Loss: *0.454* | Acc: *89.260%* (8926/10000)
Train epoch: 146 | Loss: *0.033* | Acc: *99.016%* (49508/50000) 
Test epoch: 146 | Loss: *0.477* | Acc: *88.780%* (8878/10000)
Train epoch: 147 | Loss: *0.033* | Acc: *98.910%* (49455/50000) 
Test epoch: 147 | Loss: *0.464* | Acc: *89.210%* (8921/10000)
Train epoch: 148 | Loss: *0.033* | Acc: *98.962%* (49481/50000) 
Test epoch: 148 | Loss: *0.473* | Acc: *88.910%* (8891/10000)
Train epoch: 149 | Loss: *0.031* | Acc: *99.058%* (49529/50000) 
Test epoch: 149 | Loss: *0.471* | Acc: *89.050%* (8905/10000)
Train epoch: 150 | Loss: *0.027* | Acc: *99.224%* (49612/50000) 
Test epoch: 150 | Loss: *0.490* | Acc: *88.680%* (8868/10000)
Train epoch: 151 | Loss: *0.026* | Acc: *99.196%* (49598/50000) 
Test epoch: 151 | Loss: *0.474* | Acc: *89.360%* (8936/10000)
Train epoch: 152 | Loss: *0.025* | Acc: *99.246%* (49623/50000) 
Test epoch: 152 | Loss: *0.490* | Acc: *88.910%* (8891/10000)
Train epoch: 153 | Loss: *0.025* | Acc: *99.244%* (49622/50000) 
Test epoch: 153 | Loss: *0.467* | Acc: *89.370%* (8937/10000)
Train epoch: 154 | Loss: *0.022* | Acc: *99.366%* (49683/50000) 
Test epoch: 154 | Loss: *0.463* | Acc: *89.570%* (8957/10000)
Train epoch: 155 | Loss: *0.021* | Acc: *99.392%* (49696/50000) 
Test epoch: 155 | Loss: *0.472* | Acc: *89.140%* (8914/10000)
Train epoch: 156 | Loss: *0.022* | Acc: *99.326%* (49663/50000) 
Test epoch: 156 | Loss: *0.461* | Acc: *89.480%* (8948/10000)
Train epoch: 157 | Loss: *0.021* | Acc: *99.414%* (49707/50000) 
Test epoch: 157 | Loss: *0.470* | Acc: *89.310%* (8931/10000)
Train epoch: 158 | Loss: *0.021* | Acc: *99.390%* (49695/50000) 
Test epoch: 158 | Loss: *0.467* | Acc: *89.380%* (8938/10000)
Train epoch: 159 | Loss: *0.018* | Acc: *99.498%* (49749/50000) 
Test epoch: 159 | Loss: *0.460* | Acc: *89.150%* (8915/10000)
Train epoch: 160 | Loss: *0.018* | Acc: *99.478%* (49739/50000) 
Test epoch: 160 | Loss: *0.478* | Acc: *89.010%* (8901/10000)
Train epoch: 161 | Loss: *0.017* | Acc: *99.536%* (49768/50000) 
Test epoch: 161 | Loss: *0.472* | Acc: *89.130%* (8913/10000)
Train epoch: 162 | Loss: *0.014* | Acc: *99.630%* (49815/50000) 
Test epoch: 162 | Loss: *0.461* | Acc: *89.480%* (8948/10000)
Train epoch: 163 | Loss: *0.014* | Acc: *99.624%* (49812/50000) 
Test epoch: 163 | Loss: *0.462* | Acc: *89.670%* (8967/10000)
Train epoch: 164 | Loss: *0.014* | Acc: *99.640%* (49820/50000) 
Test epoch: 164 | Loss: *0.477* | Acc: *89.350%* (8935/10000)
Train epoch: 165 | Loss: *0.012* | Acc: *99.682%* (49841/50000) 
Test epoch: 165 | Loss: *0.466* | Acc: *89.660%* (8966/10000)
Train epoch: 166 | Loss: *0.013* | Acc: *99.644%* (49822/50000) 
Test epoch: 166 | Loss: *0.474* | Acc: *89.740%* (8974/10000)
Train epoch: 167 | Loss: *0.012* | Acc: *99.708%* (49854/50000) 
Test epoch: 167 | Loss: *0.455* | Acc: *89.800%* (8980/10000)
Train epoch: 168 | Loss: *0.011* | Acc: *99.742%* (49871/50000) 
Test epoch: 168 | Loss: *0.451* | Acc: *89.810%* (8981/10000)
Train epoch: 169 | Loss: *0.009* | Acc: *99.792%* (49896/50000) 
Test epoch: 169 | Loss: *0.454* | Acc: *89.960%* (8996/10000)
Train epoch: 170 | Loss: *0.010* | Acc: *99.752%* (49876/50000) 
Test epoch: 170 | Loss: *0.462* | Acc: *89.790%* (8979/10000)
Train epoch: 171 | Loss: *0.009* | Acc: *99.792%* (49896/50000) 
Test epoch: 171 | Loss: *0.472* | Acc: *89.820%* (8982/10000)
Train epoch: 172 | Loss: *0.009* | Acc: *99.786%* (49893/50000) 
Test epoch: 172 | Loss: *0.476* | Acc: *89.870%* (8987/10000)
Train epoch: 173 | Loss: *0.009* | Acc: *99.796%* (49898/50000) 
Test epoch: 173 | Loss: *0.457* | Acc: *90.020%* (9002/10000)
Train epoch: 174 | Loss: *0.008* | Acc: *99.832%* (49916/50000) 
Test epoch: 174 | Loss: *0.445* | Acc: *90.250%* (9025/10000)
Train epoch: 175 | Loss: *0.007* | Acc: *99.858%* (49929/50000) 
Test epoch: 175 | Loss: *0.439* | Acc: *90.310%* (9031/10000)
Train epoch: 176 | Loss: *0.006* | Acc: *99.880%* (49940/50000) 
Test epoch: 176 | Loss: *0.454* | Acc: *90.370%* (9037/10000)
Train epoch: 177 | Loss: *0.007* | Acc: *99.854%* (49927/50000) 
Test epoch: 177 | Loss: *0.449* | Acc: *90.190%* (9019/10000)
Train epoch: 178 | Loss: *0.006* | Acc: *99.878%* (49939/50000) 
Test epoch: 178 | Loss: *0.443* | Acc: *90.350%* (9035/10000)
Train epoch: 179 | Loss: *0.006* | Acc: *99.888%* (49944/50000) 
Test epoch: 179 | Loss: *0.451* | Acc: *90.310%* (9031/10000)
Train epoch: 180 | Loss: *0.006* | Acc: *99.886%* (49943/50000) 
Test epoch: 180 | Loss: *0.449* | Acc: *90.340%* (9034/10000)
Train epoch: 181 | Loss: *0.005* | Acc: *99.908%* (49954/50000) 
Test epoch: 181 | Loss: *0.450* | Acc: *90.170%* (9017/10000)
Train epoch: 182 | Loss: *0.005* | Acc: *99.910%* (49955/50000) 
Test epoch: 182 | Loss: *0.445* | Acc: *90.440%* (9044/10000)
Train epoch: 183 | Loss: *0.004* | Acc: *99.942%* (49971/50000) 
Test epoch: 183 | Loss: *0.437* | Acc: *90.650%* (9065/10000)
Train epoch: 184 | Loss: *0.004* | Acc: *99.952%* (49976/50000) 
Test epoch: 184 | Loss: *0.435* | Acc: *90.480%* (9048/10000)
Train epoch: 185 | Loss: *0.004* | Acc: *99.936%* (49968/50000) 
Test epoch: 185 | Loss: *0.440* | Acc: *90.430%* (9043/10000)
Train epoch: 186 | Loss: *0.004* | Acc: *99.944%* (49972/50000) 
Test epoch: 186 | Loss: *0.443* | Acc: *90.580%* (9058/10000)
Train epoch: 187 | Loss: *0.004* | Acc: *99.956%* (49978/50000) 
Test epoch: 187 | Loss: *0.443* | Acc: *90.450%* (9045/10000)
Train epoch: 188 | Loss: *0.004* | Acc: *99.938%* (49969/50000) 
Test epoch: 188 | Loss: *0.452* | Acc: *90.460%* (9046/10000)
Train epoch: 189 | Loss: *0.004* | Acc: *99.948%* (49974/50000) 
Test epoch: 189 | Loss: *0.444* | Acc: *90.470%* (9047/10000)
Train epoch: 190 | Loss: *0.004* | Acc: *99.942%* (49971/50000) 
Test epoch: 190 | Loss: *0.444* | Acc: *90.400%* (9040/10000)
Train epoch: 191 | Loss: *0.004* | Acc: *99.950%* (49975/50000) 
Test epoch: 191 | Loss: *0.439* | Acc: *90.470%* (9047/10000)
Train epoch: 192 | Loss: *0.003* | Acc: *99.966%* (49983/50000) 
Test epoch: 192 | Loss: *0.442* | Acc: *90.480%* (9048/10000)
Train epoch: 193 | Loss: *0.003* | Acc: *99.960%* (49980/50000) 
Test epoch: 193 | Loss: *0.440* | Acc: *90.590%* (9059/10000)
Train epoch: 194 | Loss: *0.003* | Acc: *99.968%* (49984/50000) 
Test epoch: 194 | Loss: *0.440* | Acc: *90.510%* (9051/10000)
Train epoch: 195 | Loss: *0.003* | Acc: *99.962%* (49981/50000) 
Test epoch: 195 | Loss: *0.445* | Acc: *90.500%* (9050/10000)
Train epoch: 196 | Loss: *0.003* | Acc: *99.972%* (49986/50000) 
Test epoch: 196 | Loss: *0.441* | Acc: *90.550%* (9055/10000)
Train epoch: 197 | Loss: *0.003* | Acc: *99.956%* (49978/50000) 
Test epoch: 197 | Loss: *0.440* | Acc: *90.520%* (9052/10000)
Train epoch: 198 | Loss: *0.003* | Acc: *99.964%* (49982/50000) 
Test epoch: 198 | Loss: *0.440* | Acc: *90.550%* (9055/10000)
Train epoch: 199 | Loss: *0.003* | Acc: *99.970%* (49985/50000) 
Test epoch: 199 | Loss: *0.439* | Acc: *90.490%* (9049/10000)
Train epoch: 200 | Loss: *0.003* | Acc: *99.968%* (49984/50000) 
Test epoch: 200 | Loss: *0.445* | Acc: *90.440%* (9044/10000)
Train epoch: 201 | Loss: *0.003* | Acc: *99.958%* (49979/50000) 
Test epoch: 201 | Loss: *0.441* | Acc: *90.510%* (9051/10000)
Train epoch: 202 | Loss: *0.003* | Acc: *99.972%* (49986/50000) 
Test epoch: 202 | Loss: *0.440* | Acc: *90.570%* (9057/10000)
Train epoch: 203 | Loss: *0.003* | Acc: *99.968%* (49984/50000) 
Test epoch: 203 | Loss: *0.440* | Acc: *90.460%* (9046/10000)
Train epoch: 204 | Loss: *0.003* | Acc: *99.970%* (49985/50000) 
Test epoch: 204 | Loss: *0.446* | Acc: *90.540%* (9054/10000)
Train epoch: 205 | Loss: *0.003* | Acc: *99.956%* (49978/50000) 
Test epoch: 205 | Loss: *0.439* | Acc: *90.490%* (9049/10000)
Train epoch: 206 | Loss: *0.003* | Acc: *99.960%* (49980/50000) 
Test epoch: 206 | Loss: *0.439* | Acc: *90.520%* (9052/10000)
Train epoch: 207 | Loss: *0.003* | Acc: *99.978%* (49989/50000) 
Test epoch: 207 | Loss: *0.442* | Acc: *90.570%* (9057/10000)
Train epoch: 208 | Loss: *0.003* | Acc: *99.966%* (49983/50000) 
Test epoch: 208 | Loss: *0.441* | Acc: *90.510%* (9051/10000)
Train epoch: 209 | Loss: *0.003* | Acc: *99.964%* (49982/50000) 
Test epoch: 209 | Loss: *0.444* | Acc: *90.290%* (9029/10000)
Train epoch: 210 | Loss: *0.003* | Acc: *99.976%* (49988/50000) 
Test epoch: 210 | Loss: *0.443* | Acc: *90.550%* (9055/10000)
Train epoch: 211 | Loss: *0.003* | Acc: *99.966%* (49983/50000) 
Test epoch: 211 | Loss: *0.439* | Acc: *90.620%* (9062/10000)
Train epoch: 212 | Loss: *0.003* | Acc: *99.964%* (49982/50000) 
Test epoch: 212 | Loss: *0.443* | Acc: *90.540%* (9054/10000)
Train epoch: 213 | Loss: *0.003* | Acc: *99.960%* (49980/50000) 
Test epoch: 213 | Loss: *0.440* | Acc: *90.390%* (9039/10000)
Train epoch: 214 | Loss: *0.003* | Acc: *99.962%* (49981/50000) 
Test epoch: 214 | Loss: *0.443* | Acc: *90.430%* (9043/10000)
Train epoch: 215 | Loss: *0.003* | Acc: *99.960%* (49980/50000) 
Test epoch: 215 | Loss: *0.442* | Acc: *90.400%* (9040/10000)
Train epoch: 216 | Loss: *0.004* | Acc: *99.954%* (49977/50000) 
Test epoch: 216 | Loss: *0.444* | Acc: *90.480%* (9048/10000)
Train epoch: 217 | Loss: *0.004* | Acc: *99.964%* (49982/50000) 
Test epoch: 217 | Loss: *0.444* | Acc: *90.370%* (9037/10000)
Train epoch: 218 | Loss: *0.004* | Acc: *99.952%* (49976/50000) 
Test epoch: 218 | Loss: *0.447* | Acc: *90.320%* (9032/10000)
Train epoch: 219 | Loss: *0.004* | Acc: *99.966%* (49983/50000) 
Test epoch: 219 | Loss: *0.443* | Acc: *90.350%* (9035/10000)
Train epoch: 220 | Loss: *0.004* | Acc: *99.942%* (49971/50000) 
Test epoch: 220 | Loss: *0.453* | Acc: *90.080%* (9008/10000)
Train epoch: 221 | Loss: *0.004* | Acc: *99.950%* (49975/50000) 
Test epoch: 221 | Loss: *0.444* | Acc: *90.410%* (9041/10000)
Train epoch: 222 | Loss: *0.005* | Acc: *99.904%* (49952/50000) 
Test epoch: 222 | Loss: *0.457* | Acc: *90.270%* (9027/10000)
Train epoch: 223 | Loss: *0.006* | Acc: *99.896%* (49948/50000) 
Test epoch: 223 | Loss: *0.445* | Acc: *90.170%* (9017/10000)
Train epoch: 224 | Loss: *0.005* | Acc: *99.910%* (49955/50000) 
Test epoch: 224 | Loss: *0.458* | Acc: *90.060%* (9006/10000)
Train epoch: 225 | Loss: *0.006* | Acc: *99.894%* (49947/50000) 
Test epoch: 225 | Loss: *0.463* | Acc: *89.970%* (8997/10000)
Train epoch: 226 | Loss: *0.007* | Acc: *99.836%* (49918/50000) 
Test epoch: 226 | Loss: *0.491* | Acc: *89.510%* (8951/10000)
Train epoch: 227 | Loss: *0.007* | Acc: *99.876%* (49938/50000) 
Test epoch: 227 | Loss: *0.455* | Acc: *89.880%* (8988/10000)
Train epoch: 228 | Loss: *0.008* | Acc: *99.796%* (49898/50000) 
Test epoch: 228 | Loss: *0.471* | Acc: *89.810%* (8981/10000)
Train epoch: 229 | Loss: *0.007* | Acc: *99.866%* (49933/50000) 
Test epoch: 229 | Loss: *0.472* | Acc: *89.590%* (8959/10000)
Train epoch: 230 | Loss: *0.010* | Acc: *99.788%* (49894/50000) 
Test epoch: 230 | Loss: *0.476* | Acc: *89.910%* (8991/10000)
Train epoch: 231 | Loss: *0.009* | Acc: *99.776%* (49888/50000) 
Test epoch: 231 | Loss: *0.489* | Acc: *89.520%* (8952/10000)
Train epoch: 232 | Loss: *0.011* | Acc: *99.752%* (49876/50000) 
Test epoch: 232 | Loss: *0.462* | Acc: *89.880%* (8988/10000)
Train epoch: 233 | Loss: *0.012* | Acc: *99.694%* (49847/50000) 
Test epoch: 233 | Loss: *0.470* | Acc: *89.600%* (8960/10000)
Train epoch: 234 | Loss: *0.012* | Acc: *99.692%* (49846/50000) 
Test epoch: 234 | Loss: *0.487* | Acc: *89.580%* (8958/10000)
Train epoch: 235 | Loss: *0.015* | Acc: *99.608%* (49804/50000) 
Test epoch: 235 | Loss: *0.488* | Acc: *89.340%* (8934/10000)
Train epoch: 236 | Loss: *0.014* | Acc: *99.668%* (49834/50000) 
Test epoch: 236 | Loss: *0.475* | Acc: *89.520%* (8952/10000)
Train epoch: 237 | Loss: *0.015* | Acc: *99.606%* (49803/50000) 
Test epoch: 237 | Loss: *0.491* | Acc: *89.040%* (8904/10000)
Train epoch: 238 | Loss: *0.017* | Acc: *99.538%* (49769/50000) 
Test epoch: 238 | Loss: *0.476* | Acc: *89.630%* (8963/10000)
Train epoch: 239 | Loss: *0.020* | Acc: *99.376%* (49688/50000) 
Test epoch: 239 | Loss: *0.467* | Acc: *89.490%* (8949/10000)
Train epoch: 240 | Loss: *0.020* | Acc: *99.458%* (49729/50000) 
Test epoch: 240 | Loss: *0.476* | Acc: *89.650%* (8965/10000)
Train epoch: 241 | Loss: *0.019* | Acc: *99.448%* (49724/50000) 
Test epoch: 241 | Loss: *0.522* | Acc: *88.780%* (8878/10000)
Train epoch: 242 | Loss: *0.023* | Acc: *99.340%* (49670/50000) 
Test epoch: 242 | Loss: *0.500* | Acc: *89.000%* (8900/10000)
Train epoch: 243 | Loss: *0.024* | Acc: *99.294%* (49647/50000) 
Test epoch: 243 | Loss: *0.468* | Acc: *89.400%* (8940/10000)
Train epoch: 244 | Loss: *0.025* | Acc: *99.260%* (49630/50000) 
Test epoch: 244 | Loss: *0.484* | Acc: *88.920%* (8892/10000)
Train epoch: 245 | Loss: *0.025* | Acc: *99.212%* (49606/50000) 
Test epoch: 245 | Loss: *0.488* | Acc: *88.750%* (8875/10000)
Train epoch: 246 | Loss: *0.027* | Acc: *99.168%* (49584/50000) 
Test epoch: 246 | Loss: *0.477* | Acc: *88.820%* (8882/10000)
Train epoch: 247 | Loss: *0.029* | Acc: *99.112%* (49556/50000) 
Test epoch: 247 | Loss: *0.535* | Acc: *87.980%* (8798/10000)
Train epoch: 248 | Loss: *0.036* | Acc: *98.850%* (49425/50000) 
Test epoch: 248 | Loss: *0.478* | Acc: *88.940%* (8894/10000)
Train epoch: 249 | Loss: *0.031* | Acc: *99.056%* (49528/50000) 
Test epoch: 249 | Loss: *0.467* | Acc: *89.120%* (8912/10000)
Train epoch: 250 | Loss: *0.034* | Acc: *98.948%* (49474/50000) 
Test epoch: 250 | Loss: *0.490* | Acc: *88.840%* (8884/10000)
Train epoch: 251 | Loss: *0.039* | Acc: *98.790%* (49395/50000) 
Test epoch: 251 | Loss: *0.483* | Acc: *88.990%* (8899/10000)
Train epoch: 252 | Loss: *0.037* | Acc: *98.780%* (49390/50000) 
Test epoch: 252 | Loss: *0.549* | Acc: *87.810%* (8781/10000)
Train epoch: 253 | Loss: *0.041* | Acc: *98.644%* (49322/50000) 
Test epoch: 253 | Loss: *0.484* | Acc: *88.900%* (8890/10000)
Train epoch: 254 | Loss: *0.043* | Acc: *98.660%* (49330/50000) 
Test epoch: 254 | Loss: *0.530* | Acc: *87.860%* (8786/10000)
Train epoch: 255 | Loss: *0.043* | Acc: *98.654%* (49327/50000) 
Test epoch: 255 | Loss: *0.478* | Acc: *88.640%* (8864/10000)
Train epoch: 256 | Loss: *0.044* | Acc: *98.626%* (49313/50000) 
Test epoch: 256 | Loss: *0.472* | Acc: *88.470%* (8847/10000)
Train epoch: 257 | Loss: *0.049* | Acc: *98.454%* (49227/50000) 
Test epoch: 257 | Loss: *0.515* | Acc: *87.990%* (8799/10000)
Train epoch: 258 | Loss: *0.053* | Acc: *98.258%* (49129/50000) 
Test epoch: 258 | Loss: *0.500* | Acc: *88.440%* (8844/10000)
Train epoch: 259 | Loss: *0.051* | Acc: *98.272%* (49136/50000) 
Test epoch: 259 | Loss: *0.532* | Acc: *87.950%* (8795/10000)
Train epoch: 260 | Loss: *0.052* | Acc: *98.270%* (49135/50000) 
Test epoch: 260 | Loss: *0.480* | Acc: *88.480%* (8848/10000)
Train epoch: 261 | Loss: *0.056* | Acc: *98.172%* (49086/50000) 
Test epoch: 261 | Loss: *0.484* | Acc: *88.370%* (8837/10000)
Train epoch: 262 | Loss: *0.057* | Acc: *98.196%* (49098/50000) 
Test epoch: 262 | Loss: *0.505* | Acc: *87.930%* (8793/10000)
Train epoch: 263 | Loss: *0.058* | Acc: *98.132%* (49066/50000) 
Test epoch: 263 | Loss: *0.505* | Acc: *87.750%* (8775/10000)
Train epoch: 264 | Loss: *0.058* | Acc: *98.110%* (49055/50000) 
Test epoch: 264 | Loss: *0.499* | Acc: *88.280%* (8828/10000)
Train epoch: 265 | Loss: *0.061* | Acc: *97.990%* (48995/50000) 
Test epoch: 265 | Loss: *0.492* | Acc: *88.310%* (8831/10000)
Train epoch: 266 | Loss: *0.064* | Acc: *97.874%* (48937/50000) 
Test epoch: 266 | Loss: *0.496* | Acc: *88.000%* (8800/10000)
Train epoch: 267 | Loss: *0.067* | Acc: *97.800%* (48900/50000) 
Test epoch: 267 | Loss: *0.531* | Acc: *87.320%* (8732/10000)
Train epoch: 268 | Loss: *0.067* | Acc: *97.802%* (48901/50000) 
Test epoch: 268 | Loss: *0.486* | Acc: *88.490%* (8849/10000)
Train epoch: 269 | Loss: *0.071* | Acc: *97.652%* (48826/50000) 
Test epoch: 269 | Loss: *0.507* | Acc: *87.790%* (8779/10000)
Train epoch: 270 | Loss: *0.072* | Acc: *97.626%* (48813/50000) 
Test epoch: 270 | Loss: *0.489* | Acc: *88.020%* (8802/10000)
Train epoch: 271 | Loss: *0.068* | Acc: *97.750%* (48875/50000) 
Test epoch: 271 | Loss: *0.516* | Acc: *87.260%* (8726/10000)
Train epoch: 272 | Loss: *0.075* | Acc: *97.420%* (48710/50000) 
Test epoch: 272 | Loss: *0.480* | Acc: *88.010%* (8801/10000)
Train epoch: 273 | Loss: *0.072* | Acc: *97.660%* (48830/50000) 
Test epoch: 273 | Loss: *0.493* | Acc: *88.260%* (8826/10000)
Train epoch: 274 | Loss: *0.076* | Acc: *97.502%* (48751/50000) 
Test epoch: 274 | Loss: *0.479* | Acc: *88.090%* (8809/10000)
Train epoch: 275 | Loss: *0.081* | Acc: *97.312%* (48656/50000) 
Test epoch: 275 | Loss: *0.488* | Acc: *87.750%* (8775/10000)
Train epoch: 276 | Loss: *0.081* | Acc: *97.308%* (48654/50000) 
Test epoch: 276 | Loss: *0.515* | Acc: *87.190%* (8719/10000)
Train epoch: 277 | Loss: *0.083* | Acc: *97.230%* (48615/50000) 
Test epoch: 277 | Loss: *0.481* | Acc: *87.890%* (8789/10000)
Train epoch: 278 | Loss: *0.086* | Acc: *97.166%* (48583/50000) 
Test epoch: 278 | Loss: *0.470* | Acc: *87.530%* (8753/10000)
Train epoch: 279 | Loss: *0.090* | Acc: *97.006%* (48503/50000) 
Test epoch: 279 | Loss: *0.444* | Acc: *88.330%* (8833/10000)
Train epoch: 280 | Loss: *0.085* | Acc: *97.180%* (48590/50000) 
Test epoch: 280 | Loss: *0.508* | Acc: *87.040%* (8704/10000)
Train epoch: 281 | Loss: *0.088* | Acc: *97.006%* (48503/50000) 
Test epoch: 281 | Loss: *0.447* | Acc: *88.090%* (8809/10000)
Train epoch: 282 | Loss: *0.089* | Acc: *96.988%* (48494/50000) 
Test epoch: 282 | Loss: *0.469* | Acc: *88.160%* (8816/10000)
Train epoch: 283 | Loss: *0.089* | Acc: *97.000%* (48500/50000) 
Test epoch: 283 | Loss: *0.474* | Acc: *87.490%* (8749/10000)
Train epoch: 284 | Loss: *0.097* | Acc: *96.812%* (48406/50000) 
Test epoch: 284 | Loss: *0.553* | Acc: *86.390%* (8639/10000)
Train epoch: 285 | Loss: *0.092* | Acc: *96.982%* (48491/50000) 
Test epoch: 285 | Loss: *0.508* | Acc: *87.170%* (8717/10000)
Train epoch: 286 | Loss: *0.097* | Acc: *96.764%* (48382/50000) 
Test epoch: 286 | Loss: *0.518* | Acc: *86.460%* (8646/10000)
Train epoch: 287 | Loss: *0.101* | Acc: *96.656%* (48328/50000) 
Test epoch: 287 | Loss: *0.488* | Acc: *87.520%* (8752/10000)
Train epoch: 288 | Loss: *0.099* | Acc: *96.678%* (48339/50000) 
Test epoch: 288 | Loss: *0.451* | Acc: *88.360%* (8836/10000)
Train epoch: 289 | Loss: *0.104* | Acc: *96.438%* (48219/50000) 
Test epoch: 289 | Loss: *0.478* | Acc: *87.480%* (8748/10000)
Train epoch: 290 | Loss: *0.104* | Acc: *96.484%* (48242/50000) 
Test epoch: 290 | Loss: *0.466* | Acc: *87.390%* (8739/10000)
Train epoch: 291 | Loss: *0.099* | Acc: *96.654%* (48327/50000) 
Test epoch: 291 | Loss: *0.464* | Acc: *87.740%* (8774/10000)
Train epoch: 292 | Loss: *0.107* | Acc: *96.436%* (48218/50000) 
Test epoch: 292 | Loss: *0.488* | Acc: *86.830%* (8683/10000)
Train epoch: 293 | Loss: *0.106* | Acc: *96.508%* (48254/50000) 
Test epoch: 293 | Loss: *0.476* | Acc: *87.730%* (8773/10000)
Train epoch: 294 | Loss: *0.107* | Acc: *96.464%* (48232/50000) 
Test epoch: 294 | Loss: *0.440* | Acc: *88.140%* (8814/10000)
Train epoch: 295 | Loss: *0.113* | Acc: *96.134%* (48067/50000) 
Test epoch: 295 | Loss: *0.524* | Acc: *86.320%* (8632/10000)
Train epoch: 296 | Loss: *0.112* | Acc: *96.288%* (48144/50000) 
Test epoch: 296 | Loss: *0.517* | Acc: *86.520%* (8652/10000)
Train epoch: 297 | Loss: *0.114* | Acc: *96.232%* (48116/50000) 
Test epoch: 297 | Loss: *0.443* | Acc: *87.300%* (8730/10000)
Train epoch: 298 | Loss: *0.112* | Acc: *96.274%* (48137/50000) 
Test epoch: 298 | Loss: *0.553* | Acc: *85.520%* (8552/10000)
Train epoch: 299 | Loss: *0.119* | Acc: *96.058%* (48029/50000) 
Test epoch: 299 | Loss: *0.458* | Acc: *87.570%* (8757/10000)
Train epoch: 300 | Loss: *0.111* | Acc: *96.238%* (48119/50000) 
Test epoch: 300 | Loss: *0.457* | Acc: *87.420%* (8742/10000)
Train epoch: 301 | Loss: *0.121* | Acc: *95.978%* (47989/50000) 
Test epoch: 301 | Loss: *0.511* | Acc: *86.540%* (8654/10000)
Train epoch: 302 | Loss: *0.116* | Acc: *96.130%* (48065/50000) 
Test epoch: 302 | Loss: *0.457* | Acc: *87.760%* (8776/10000)
Train epoch: 303 | Loss: *0.125* | Acc: *95.648%* (47824/50000) 
Test epoch: 303 | Loss: *0.432* | Acc: *87.850%* (8785/10000)
Train epoch: 304 | Loss: *0.122* | Acc: *95.926%* (47963/50000) 
Test epoch: 304 | Loss: *0.459* | Acc: *87.310%* (8731/10000)
Train epoch: 305 | Loss: *0.120* | Acc: *95.956%* (47978/50000) 
Test epoch: 305 | Loss: *0.477* | Acc: *87.210%* (8721/10000)
Train epoch: 306 | Loss: *0.128* | Acc: *95.648%* (47824/50000) 
Test epoch: 306 | Loss: *0.490* | Acc: *86.010%* (8601/10000)
Train epoch: 307 | Loss: *0.134* | Acc: *95.518%* (47759/50000) 
Test epoch: 307 | Loss: *0.445* | Acc: *87.450%* (8745/10000)
Train epoch: 308 | Loss: *0.125* | Acc: *95.826%* (47913/50000) 
Test epoch: 308 | Loss: *0.441* | Acc: *87.340%* (8734/10000)
Train epoch: 309 | Loss: *0.130* | Acc: *95.552%* (47776/50000) 
Test epoch: 309 | Loss: *0.443* | Acc: *87.620%* (8762/10000)
Train epoch: 310 | Loss: *0.132* | Acc: *95.640%* (47820/50000) 
Test epoch: 310 | Loss: *0.439* | Acc: *87.680%* (8768/10000)
Train epoch: 311 | Loss: *0.134* | Acc: *95.564%* (47782/50000) 
Test epoch: 311 | Loss: *0.475* | Acc: *87.140%* (8714/10000)
Train epoch: 312 | Loss: *0.136* | Acc: *95.432%* (47716/50000) 
Test epoch: 312 | Loss: *0.457* | Acc: *87.340%* (8734/10000)
Train epoch: 313 | Loss: *0.136* | Acc: *95.460%* (47730/50000) 
Test epoch: 313 | Loss: *0.471* | Acc: *86.920%* (8692/10000)
Train epoch: 314 | Loss: *0.137* | Acc: *95.288%* (47644/50000) 
Test epoch: 314 | Loss: *0.490* | Acc: *86.430%* (8643/10000)
Train epoch: 315 | Loss: *0.140* | Acc: *95.116%* (47558/50000) 
Test epoch: 315 | Loss: *0.448* | Acc: *86.940%* (8694/10000)
Train epoch: 316 | Loss: *0.134* | Acc: *95.492%* (47746/50000) 
Test epoch: 316 | Loss: *0.537* | Acc: *85.170%* (8517/10000)
Train epoch: 317 | Loss: *0.145* | Acc: *95.126%* (47563/50000) 
Test epoch: 317 | Loss: *0.446* | Acc: *86.840%* (8684/10000)
Train epoch: 318 | Loss: *0.145* | Acc: *95.062%* (47531/50000) 
Test epoch: 318 | Loss: *0.528* | Acc: *85.500%* (8550/10000)
Train epoch: 319 | Loss: *0.146* | Acc: *95.110%* (47555/50000) 
Test epoch: 319 | Loss: *0.483* | Acc: *86.970%* (8697/10000)
Train epoch: 320 | Loss: *0.144* | Acc: *95.174%* (47587/50000) 
Test epoch: 320 | Loss: *0.484* | Acc: *86.490%* (8649/10000)
Train epoch: 321 | Loss: *0.145* | Acc: *95.086%* (47543/50000) 
Test epoch: 321 | Loss: *0.699* | Acc: *82.530%* (8253/10000)
Train epoch: 322 | Loss: *0.151* | Acc: *94.896%* (47448/50000) 
Test epoch: 322 | Loss: *0.541* | Acc: *85.810%* (8581/10000)
Train epoch: 323 | Loss: *0.147* | Acc: *95.014%* (47507/50000) 
Test epoch: 323 | Loss: *0.522* | Acc: *85.290%* (8529/10000)
Train epoch: 324 | Loss: *0.150* | Acc: *95.024%* (47512/50000) 
Test epoch: 324 | Loss: *0.579* | Acc: *84.940%* (8494/10000)
Train epoch: 325 | Loss: *0.153* | Acc: *94.736%* (47368/50000) 
Test epoch: 325 | Loss: *0.490* | Acc: *86.490%* (8649/10000)
Train epoch: 326 | Loss: *0.156* | Acc: *94.716%* (47358/50000) 
Test epoch: 326 | Loss: *0.448* | Acc: *87.130%* (8713/10000)
Train epoch: 327 | Loss: *0.153* | Acc: *94.802%* (47401/50000) 
Test epoch: 327 | Loss: *0.487* | Acc: *86.090%* (8609/10000)
Train epoch: 328 | Loss: *0.158* | Acc: *94.722%* (47361/50000) 
Test epoch: 328 | Loss: *0.603* | Acc: *83.150%* (8315/10000)
Train epoch: 329 | Loss: *0.156* | Acc: *94.718%* (47359/50000) 
Test epoch: 329 | Loss: *0.468* | Acc: *86.510%* (8651/10000)
Train epoch: 330 | Loss: *0.158* | Acc: *94.698%* (47349/50000) 
Test epoch: 330 | Loss: *0.478* | Acc: *86.840%* (8684/10000)
Train epoch: 331 | Loss: *0.164* | Acc: *94.434%* (47217/50000) 
Test epoch: 331 | Loss: *0.469* | Acc: *86.150%* (8615/10000)
Train epoch: 332 | Loss: *0.162* | Acc: *94.422%* (47211/50000) 
Test epoch: 332 | Loss: *0.471* | Acc: *86.200%* (8620/10000)
Train epoch: 333 | Loss: *0.166* | Acc: *94.292%* (47146/50000) 
Test epoch: 333 | Loss: *0.444* | Acc: *87.060%* (8706/10000)
Train epoch: 334 | Loss: *0.167* | Acc: *94.316%* (47158/50000) 
Test epoch: 334 | Loss: *0.512* | Acc: *85.060%* (8506/10000)
Train epoch: 335 | Loss: *0.167* | Acc: *94.380%* (47190/50000) 
Test epoch: 335 | Loss: *0.457* | Acc: *87.160%* (8716/10000)
Train epoch: 336 | Loss: *0.168* | Acc: *94.308%* (47154/50000) 
Test epoch: 336 | Loss: *0.469* | Acc: *85.940%* (8594/10000)
Train epoch: 337 | Loss: *0.170* | Acc: *94.292%* (47146/50000) 
Test epoch: 337 | Loss: *0.471* | Acc: *87.030%* (8703/10000)
Train epoch: 338 | Loss: *0.170* | Acc: *94.214%* (47107/50000) 
Test epoch: 338 | Loss: *0.543* | Acc: *84.420%* (8442/10000)
Train epoch: 339 | Loss: *0.176* | Acc: *94.084%* (47042/50000) 
Test epoch: 339 | Loss: *0.453* | Acc: *86.490%* (8649/10000)
Train epoch: 340 | Loss: *0.171* | Acc: *94.178%* (47089/50000) 
Test epoch: 340 | Loss: *0.472* | Acc: *86.060%* (8606/10000)
Train epoch: 341 | Loss: *0.174* | Acc: *94.096%* (47048/50000) 
Test epoch: 341 | Loss: *0.497* | Acc: *86.050%* (8605/10000)
Train epoch: 342 | Loss: *0.178* | Acc: *93.918%* (46959/50000) 
Test epoch: 342 | Loss: *0.476* | Acc: *86.030%* (8603/10000)
Train epoch: 343 | Loss: *0.180* | Acc: *93.892%* (46946/50000) 
Test epoch: 343 | Loss: *0.437* | Acc: *86.560%* (8656/10000)
Train epoch: 344 | Loss: *0.177* | Acc: *93.918%* (46959/50000) 
Test epoch: 344 | Loss: *0.496* | Acc: *85.670%* (8567/10000)
Train epoch: 345 | Loss: *0.182* | Acc: *93.912%* (46956/50000) 
Test epoch: 345 | Loss: *0.665* | Acc: *81.300%* (8130/10000)
Train epoch: 346 | Loss: *0.181* | Acc: *93.820%* (46910/50000) 
Test epoch: 346 | Loss: *0.451* | Acc: *86.710%* (8671/10000)
Train epoch: 347 | Loss: *0.181* | Acc: *93.838%* (46919/50000) 
Test epoch: 347 | Loss: *0.492* | Acc: *85.990%* (8599/10000)
Train epoch: 348 | Loss: *0.183* | Acc: *93.708%* (46854/50000) 
Test epoch: 348 | Loss: *0.453* | Acc: *86.270%* (8627/10000)
Train epoch: 349 | Loss: *0.184* | Acc: *93.752%* (46876/50000) 
Test epoch: 349 | Loss: *0.437* | Acc: *86.950%* (8695/10000)
Train epoch: 350 | Loss: *0.186* | Acc: *93.684%* (46842/50000) 
Test epoch: 350 | Loss: *0.429* | Acc: *86.860%* (8686/10000)
Train epoch: 351 | Loss: *0.191* | Acc: *93.546%* (46773/50000) 
Test epoch: 351 | Loss: *0.489* | Acc: *85.820%* (8582/10000)
Train epoch: 352 | Loss: *0.187* | Acc: *93.682%* (46841/50000) 
Test epoch: 352 | Loss: *0.481* | Acc: *86.030%* (8603/10000)
Train epoch: 353 | Loss: *0.185* | Acc: *93.672%* (46836/50000) 
Test epoch: 353 | Loss: *0.457* | Acc: *86.280%* (8628/10000)
Train epoch: 354 | Loss: *0.192* | Acc: *93.478%* (46739/50000) 
Test epoch: 354 | Loss: *0.581* | Acc: *83.760%* (8376/10000)
Train epoch: 355 | Loss: *0.185* | Acc: *93.756%* (46878/50000) 
Test epoch: 355 | Loss: *0.453* | Acc: *86.790%* (8679/10000)
Train epoch: 356 | Loss: *0.194* | Acc: *93.400%* (46700/50000) 
Test epoch: 356 | Loss: *0.475* | Acc: *86.230%* (8623/10000)
Train epoch: 357 | Loss: *0.192* | Acc: *93.470%* (46735/50000) 
Test epoch: 357 | Loss: *0.544* | Acc: *84.330%* (8433/10000)
Train epoch: 358 | Loss: *0.195* | Acc: *93.374%* (46687/50000) 
Test epoch: 358 | Loss: *0.548* | Acc: *84.350%* (8435/10000)
Train epoch: 359 | Loss: *0.198* | Acc: *93.250%* (46625/50000) 
Test epoch: 359 | Loss: *0.460* | Acc: *86.210%* (8621/10000)
Train epoch: 360 | Loss: *0.193* | Acc: *93.364%* (46682/50000) 
Test epoch: 360 | Loss: *0.473* | Acc: *86.140%* (8614/10000)
Train epoch: 361 | Loss: *0.202* | Acc: *93.184%* (46592/50000) 
Test epoch: 361 | Loss: *0.452* | Acc: *86.060%* (8606/10000)
Train epoch: 362 | Loss: *0.197* | Acc: *93.166%* (46583/50000) 
Test epoch: 362 | Loss: *0.433* | Acc: *87.030%* (8703/10000)
Train epoch: 363 | Loss: *0.199* | Acc: *93.328%* (46664/50000) 
Test epoch: 363 | Loss: *0.483* | Acc: *85.860%* (8586/10000)
Train epoch: 364 | Loss: *0.199* | Acc: *93.210%* (46605/50000) 
Test epoch: 364 | Loss: *0.440* | Acc: *86.420%* (8642/10000)
Train epoch: 365 | Loss: *0.201* | Acc: *93.154%* (46577/50000) 
Test epoch: 365 | Loss: *0.467* | Acc: *85.980%* (8598/10000)
Train epoch: 366 | Loss: *0.197* | Acc: *93.338%* (46669/50000) 
Test epoch: 366 | Loss: *0.417* | Acc: *87.110%* (8711/10000)
Train epoch: 367 | Loss: *0.204* | Acc: *93.010%* (46505/50000) 
Test epoch: 367 | Loss: *0.456* | Acc: *85.960%* (8596/10000)
Train epoch: 368 | Loss: *0.201* | Acc: *93.174%* (46587/50000) 
Test epoch: 368 | Loss: *0.494* | Acc: *85.090%* (8509/10000)
Train epoch: 369 | Loss: *0.202* | Acc: *93.190%* (46595/50000) 
Test epoch: 369 | Loss: *0.420* | Acc: *87.080%* (8708/10000)
Train epoch: 370 | Loss: *0.205* | Acc: *92.944%* (46472/50000) 
Test epoch: 370 | Loss: *0.478* | Acc: *85.570%* (8557/10000)
Train epoch: 371 | Loss: *0.207* | Acc: *92.914%* (46457/50000) 
Test epoch: 371 | Loss: *0.566* | Acc: *83.360%* (8336/10000)
Train epoch: 372 | Loss: *0.208* | Acc: *92.942%* (46471/50000) 
Test epoch: 372 | Loss: *0.465* | Acc: *86.040%* (8604/10000)
Train epoch: 373 | Loss: *0.201* | Acc: *93.076%* (46538/50000) 
Test epoch: 373 | Loss: *0.501* | Acc: *85.140%* (8514/10000)
Train epoch: 374 | Loss: *0.207* | Acc: *92.960%* (46480/50000) 
Test epoch: 374 | Loss: *0.415* | Acc: *87.530%* (8753/10000)
Train epoch: 375 | Loss: *0.207* | Acc: *92.990%* (46495/50000) 
Test epoch: 375 | Loss: *0.475* | Acc: *85.550%* (8555/10000)
Train epoch: 376 | Loss: *0.205* | Acc: *92.932%* (46466/50000) 
Test epoch: 376 | Loss: *0.456* | Acc: *86.510%* (8651/10000)
Train epoch: 377 | Loss: *0.208* | Acc: *92.894%* (46447/50000) 
Test epoch: 377 | Loss: *0.458* | Acc: *86.490%* (8649/10000)
Train epoch: 378 | Loss: *0.209* | Acc: *92.908%* (46454/50000) 
Test epoch: 378 | Loss: *0.392* | Acc: *87.680%* (8768/10000)
Train epoch: 379 | Loss: *0.210* | Acc: *92.828%* (46414/50000) 
Test epoch: 379 | Loss: *0.453* | Acc: *85.900%* (8590/10000)
Train epoch: 380 | Loss: *0.211* | Acc: *92.842%* (46421/50000) 
Test epoch: 380 | Loss: *0.437* | Acc: *86.690%* (8669/10000)
Train epoch: 381 | Loss: *0.204* | Acc: *93.026%* (46513/50000) 
Test epoch: 381 | Loss: *0.514* | Acc: *84.950%* (8495/10000)
Train epoch: 382 | Loss: *0.213* | Acc: *92.804%* (46402/50000) 
Test epoch: 382 | Loss: *0.525* | Acc: *84.180%* (8418/10000)
Train epoch: 383 | Loss: *0.208* | Acc: *93.020%* (46510/50000) 
Test epoch: 383 | Loss: *0.508* | Acc: *85.540%* (8554/10000)
Train epoch: 384 | Loss: *0.216* | Acc: *92.626%* (46313/50000) 
Test epoch: 384 | Loss: *0.422* | Acc: *87.270%* (8727/10000)
Train epoch: 385 | Loss: *0.218* | Acc: *92.564%* (46282/50000) 
Test epoch: 385 | Loss: *0.397* | Acc: *87.660%* (8766/10000)
Train epoch: 386 | Loss: *0.210* | Acc: *92.976%* (46488/50000) 
Test epoch: 386 | Loss: *0.431* | Acc: *86.620%* (8662/10000)
Train epoch: 387 | Loss: *0.214* | Acc: *92.740%* (46370/50000) 
Test epoch: 387 | Loss: *0.488* | Acc: *85.370%* (8537/10000)
Train epoch: 388 | Loss: *0.209* | Acc: *92.938%* (46469/50000) 
Test epoch: 388 | Loss: *0.467* | Acc: *85.970%* (8597/10000)
Train epoch: 389 | Loss: *0.212* | Acc: *92.856%* (46428/50000) 
Test epoch: 389 | Loss: *0.468* | Acc: *86.040%* (8604/10000)
Train epoch: 390 | Loss: *0.211* | Acc: *92.848%* (46424/50000) 
Test epoch: 390 | Loss: *0.479* | Acc: *86.190%* (8619/10000)
Train epoch: 391 | Loss: *0.212* | Acc: *92.850%* (46425/50000) 
Test epoch: 391 | Loss: *0.459* | Acc: *85.830%* (8583/10000)
Train epoch: 392 | Loss: *0.208* | Acc: *92.936%* (46468/50000) 
Test epoch: 392 | Loss: *0.445* | Acc: *86.870%* (8687/10000)
Train epoch: 393 | Loss: *0.214* | Acc: *92.668%* (46334/50000) 
Test epoch: 393 | Loss: *0.487* | Acc: *85.800%* (8580/10000)
Train epoch: 394 | Loss: *0.215* | Acc: *92.710%* (46355/50000) 
Test epoch: 394 | Loss: *0.467* | Acc: *86.030%* (8603/10000)
Train epoch: 395 | Loss: *0.216* | Acc: *92.652%* (46326/50000) 
Test epoch: 395 | Loss: *0.427* | Acc: *87.470%* (8747/10000)
Train epoch: 396 | Loss: *0.208* | Acc: *92.982%* (46491/50000) 
Test epoch: 396 | Loss: *0.469* | Acc: *85.870%* (8587/10000)
Train epoch: 397 | Loss: *0.215* | Acc: *92.630%* (46315/50000) 
Test epoch: 397 | Loss: *0.465* | Acc: *85.930%* (8593/10000)
Train epoch: 398 | Loss: *0.215* | Acc: *92.720%* (46360/50000) 
Test epoch: 398 | Loss: *0.406* | Acc: *87.750%* (8775/10000)
Train epoch: 399 | Loss: *0.214* | Acc: *92.696%* (46348/50000) 
Test epoch: 399 | Loss: *0.458* | Acc: *86.350%* (8635/10000)
Train epoch: 400 | Loss: *0.217* | Acc: *92.538%* (46269/50000) 
Test epoch: 400 | Loss: *0.456* | Acc: *85.800%* (8580/10000)
Train epoch: 401 | Loss: *0.215* | Acc: *92.688%* (46344/50000) 
Test epoch: 401 | Loss: *0.496* | Acc: *85.610%* (8561/10000)
Train epoch: 402 | Loss: *0.212* | Acc: *92.648%* (46324/50000) 
Test epoch: 402 | Loss: *0.509* | Acc: *84.940%* (8494/10000)
Train epoch: 403 | Loss: *0.215* | Acc: *92.834%* (46417/50000) 
Test epoch: 403 | Loss: *0.446* | Acc: *86.200%* (8620/10000)
Train epoch: 404 | Loss: *0.216* | Acc: *92.712%* (46356/50000) 
Test epoch: 404 | Loss: *0.469* | Acc: *85.950%* (8595/10000)
Train epoch: 405 | Loss: *0.209* | Acc: *92.852%* (46426/50000) 
Test epoch: 405 | Loss: *0.491* | Acc: *85.190%* (8519/10000)
Train epoch: 406 | Loss: *0.212* | Acc: *92.844%* (46422/50000) 
Test epoch: 406 | Loss: *0.440* | Acc: *86.530%* (8653/10000)
Train epoch: 407 | Loss: *0.214* | Acc: *92.744%* (46372/50000) 
Test epoch: 407 | Loss: *0.413* | Acc: *87.200%* (8720/10000)
Train epoch: 408 | Loss: *0.213* | Acc: *92.866%* (46433/50000) 
Test epoch: 408 | Loss: *0.440* | Acc: *86.730%* (8673/10000)
Train epoch: 409 | Loss: *0.217* | Acc: *92.600%* (46300/50000) 
Test epoch: 409 | Loss: *0.482* | Acc: *85.700%* (8570/10000)
Train epoch: 410 | Loss: *0.207* | Acc: *92.954%* (46477/50000) 
Test epoch: 410 | Loss: *0.471* | Acc: *85.660%* (8566/10000)
Train epoch: 411 | Loss: *0.215* | Acc: *92.670%* (46335/50000) 
Test epoch: 411 | Loss: *0.533* | Acc: *84.370%* (8437/10000)
Train epoch: 412 | Loss: *0.212* | Acc: *92.824%* (46412/50000) 
Test epoch: 412 | Loss: *0.538* | Acc: *84.860%* (8486/10000)
Train epoch: 413 | Loss: *0.206* | Acc: *92.934%* (46467/50000) 
Test epoch: 413 | Loss: *0.461* | Acc: *86.310%* (8631/10000)
Train epoch: 414 | Loss: *0.210* | Acc: *92.800%* (46400/50000) 
Test epoch: 414 | Loss: *0.473* | Acc: *86.090%* (8609/10000)
Train epoch: 415 | Loss: *0.210* | Acc: *92.914%* (46457/50000) 
Test epoch: 415 | Loss: *0.468* | Acc: *85.560%* (8556/10000)
Train epoch: 416 | Loss: *0.206* | Acc: *92.996%* (46498/50000) 
Test epoch: 416 | Loss: *0.457* | Acc: *85.940%* (8594/10000)
Train epoch: 417 | Loss: *0.211* | Acc: *92.824%* (46412/50000) 
Test epoch: 417 | Loss: *0.424* | Acc: *87.340%* (8734/10000)
Train epoch: 418 | Loss: *0.211* | Acc: *92.768%* (46384/50000) 
Test epoch: 418 | Loss: *0.434* | Acc: *86.860%* (8686/10000)
Train epoch: 419 | Loss: *0.208* | Acc: *92.944%* (46472/50000) 
Test epoch: 419 | Loss: *0.450* | Acc: *86.540%* (8654/10000)
Train epoch: 420 | Loss: *0.207* | Acc: *92.878%* (46439/50000) 
Test epoch: 420 | Loss: *0.425* | Acc: *87.430%* (8743/10000)
Train epoch: 421 | Loss: *0.210* | Acc: *92.830%* (46415/50000) 
Test epoch: 421 | Loss: *0.458* | Acc: *86.250%* (8625/10000)
Train epoch: 422 | Loss: *0.205* | Acc: *93.024%* (46512/50000) 
Test epoch: 422 | Loss: *0.465* | Acc: *86.300%* (8630/10000)
Train epoch: 423 | Loss: *0.206* | Acc: *93.110%* (46555/50000) 
Test epoch: 423 | Loss: *0.401* | Acc: *87.670%* (8767/10000)
Train epoch: 424 | Loss: *0.208* | Acc: *92.954%* (46477/50000) 
Test epoch: 424 | Loss: *0.467* | Acc: *86.020%* (8602/10000)
Train epoch: 425 | Loss: *0.210* | Acc: *92.878%* (46439/50000) 
Test epoch: 425 | Loss: *0.450* | Acc: *86.760%* (8676/10000)
Train epoch: 426 | Loss: *0.200* | Acc: *93.184%* (46592/50000) 
Test epoch: 426 | Loss: *0.480* | Acc: *85.670%* (8567/10000)
Train epoch: 427 | Loss: *0.202* | Acc: *93.150%* (46575/50000) 
Test epoch: 427 | Loss: *0.412* | Acc: *87.220%* (8722/10000)
Train epoch: 428 | Loss: *0.203* | Acc: *93.088%* (46544/50000) 
Test epoch: 428 | Loss: *0.431* | Acc: *87.310%* (8731/10000)
Train epoch: 429 | Loss: *0.197* | Acc: *93.304%* (46652/50000) 
Test epoch: 429 | Loss: *0.451* | Acc: *86.450%* (8645/10000)
Train epoch: 430 | Loss: *0.202* | Acc: *93.196%* (46598/50000) 
Test epoch: 430 | Loss: *0.497* | Acc: *85.400%* (8540/10000)
Train epoch: 431 | Loss: *0.205* | Acc: *92.942%* (46471/50000) 
Test epoch: 431 | Loss: *0.440* | Acc: *86.550%* (8655/10000)
Train epoch: 432 | Loss: *0.195* | Acc: *93.458%* (46729/50000) 
Test epoch: 432 | Loss: *0.470* | Acc: *86.390%* (8639/10000)
Train epoch: 433 | Loss: *0.205* | Acc: *93.010%* (46505/50000) 
Test epoch: 433 | Loss: *0.456* | Acc: *86.480%* (8648/10000)
Train epoch: 434 | Loss: *0.198* | Acc: *93.230%* (46615/50000) 
Test epoch: 434 | Loss: *0.471* | Acc: *85.980%* (8598/10000)
Train epoch: 435 | Loss: *0.197* | Acc: *93.386%* (46693/50000) 
Test epoch: 435 | Loss: *0.437* | Acc: *86.820%* (8682/10000)
Train epoch: 436 | Loss: *0.196* | Acc: *93.482%* (46741/50000) 
Test epoch: 436 | Loss: *0.483* | Acc: *86.310%* (8631/10000)
Train epoch: 437 | Loss: *0.197* | Acc: *93.334%* (46667/50000) 
Test epoch: 437 | Loss: *0.435* | Acc: *87.090%* (8709/10000)
Train epoch: 438 | Loss: *0.196* | Acc: *93.310%* (46655/50000) 
Test epoch: 438 | Loss: *0.454* | Acc: *86.580%* (8658/10000)
Train epoch: 439 | Loss: *0.193* | Acc: *93.470%* (46735/50000) 
Test epoch: 439 | Loss: *0.511* | Acc: *85.030%* (8503/10000)
Train epoch: 440 | Loss: *0.192* | Acc: *93.480%* (46740/50000) 
Test epoch: 440 | Loss: *0.466* | Acc: *86.220%* (8622/10000)
Train epoch: 441 | Loss: *0.195* | Acc: *93.336%* (46668/50000) 
Test epoch: 441 | Loss: *0.429* | Acc: *87.500%* (8750/10000)
Train epoch: 442 | Loss: *0.192* | Acc: *93.490%* (46745/50000) 
Test epoch: 442 | Loss: *0.550* | Acc: *84.500%* (8450/10000)
Train epoch: 443 | Loss: *0.191* | Acc: *93.462%* (46731/50000) 
Test epoch: 443 | Loss: *0.408* | Acc: *87.680%* (8768/10000)
Train epoch: 444 | Loss: *0.187* | Acc: *93.688%* (46844/50000) 
Test epoch: 444 | Loss: *0.489* | Acc: *85.900%* (8590/10000)
Train epoch: 445 | Loss: *0.184* | Acc: *93.712%* (46856/50000) 
Test epoch: 445 | Loss: *0.534* | Acc: *84.490%* (8449/10000)
Train epoch: 446 | Loss: *0.184* | Acc: *93.740%* (46870/50000) 
Test epoch: 446 | Loss: *1.046* | Acc: *74.940%* (7494/10000)
Train epoch: 447 | Loss: *0.186* | Acc: *93.638%* (46819/50000) 
Test epoch: 447 | Loss: *0.517* | Acc: *85.010%* (8501/10000)
Train epoch: 448 | Loss: *0.184* | Acc: *93.744%* (46872/50000) 
Test epoch: 448 | Loss: *0.470* | Acc: *86.380%* (8638/10000)
Train epoch: 449 | Loss: *0.179* | Acc: *93.930%* (46965/50000) 
Test epoch: 449 | Loss: *0.531* | Acc: *84.800%* (8480/10000)
Train epoch: 450 | Loss: *0.184* | Acc: *93.688%* (46844/50000) 
Test epoch: 450 | Loss: *0.598* | Acc: *84.080%* (8408/10000)
Train epoch: 451 | Loss: *0.180* | Acc: *93.922%* (46961/50000) 
Test epoch: 451 | Loss: *0.447* | Acc: *86.830%* (8683/10000)
Train epoch: 452 | Loss: *0.181* | Acc: *93.776%* (46888/50000) 
Test epoch: 452 | Loss: *0.501* | Acc: *84.880%* (8488/10000)
Train epoch: 453 | Loss: *0.175* | Acc: *94.020%* (47010/50000) 
Test epoch: 453 | Loss: *0.428* | Acc: *87.550%* (8755/10000)
Train epoch: 454 | Loss: *0.180* | Acc: *93.824%* (46912/50000) 
Test epoch: 454 | Loss: *0.422* | Acc: *87.460%* (8746/10000)
Train epoch: 455 | Loss: *0.174* | Acc: *94.150%* (47075/50000) 
Test epoch: 455 | Loss: *0.513* | Acc: *85.730%* (8573/10000)
Train epoch: 456 | Loss: *0.172* | Acc: *94.174%* (47087/50000) 
Test epoch: 456 | Loss: *0.413* | Acc: *87.590%* (8759/10000)
Train epoch: 457 | Loss: *0.173* | Acc: *94.234%* (47117/50000) 
Test epoch: 457 | Loss: *0.406* | Acc: *87.760%* (8776/10000)
Train epoch: 458 | Loss: *0.171* | Acc: *94.200%* (47100/50000) 
Test epoch: 458 | Loss: *0.421* | Acc: *87.240%* (8724/10000)
Train epoch: 459 | Loss: *0.173* | Acc: *94.138%* (47069/50000) 
Test epoch: 459 | Loss: *0.449* | Acc: *86.410%* (8641/10000)
Train epoch: 460 | Loss: *0.167* | Acc: *94.342%* (47171/50000) 
Test epoch: 460 | Loss: *0.472* | Acc: *87.110%* (8711/10000)
Train epoch: 461 | Loss: *0.167* | Acc: *94.330%* (47165/50000) 
Test epoch: 461 | Loss: *0.490* | Acc: *85.910%* (8591/10000)
Train epoch: 462 | Loss: *0.167* | Acc: *94.282%* (47141/50000) 
Test epoch: 462 | Loss: *0.443* | Acc: *87.520%* (8752/10000)
Train epoch: 463 | Loss: *0.163* | Acc: *94.476%* (47238/50000) 
Test epoch: 463 | Loss: *0.435* | Acc: *87.040%* (8704/10000)
Train epoch: 464 | Loss: *0.161* | Acc: *94.506%* (47253/50000) 
Test epoch: 464 | Loss: *0.432* | Acc: *87.580%* (8758/10000)
Train epoch: 465 | Loss: *0.161* | Acc: *94.460%* (47230/50000) 
Test epoch: 465 | Loss: *0.457* | Acc: *86.560%* (8656/10000)
Train epoch: 466 | Loss: *0.162* | Acc: *94.474%* (47237/50000) 
Test epoch: 466 | Loss: *0.431* | Acc: *87.620%* (8762/10000)
Train epoch: 467 | Loss: *0.159* | Acc: *94.682%* (47341/50000) 
Test epoch: 467 | Loss: *0.441* | Acc: *87.100%* (8710/10000)
Train epoch: 468 | Loss: *0.156* | Acc: *94.704%* (47352/50000) 
Test epoch: 468 | Loss: *0.386* | Acc: *88.680%* (8868/10000)
Train epoch: 469 | Loss: *0.160* | Acc: *94.556%* (47278/50000) 
Test epoch: 469 | Loss: *0.437* | Acc: *87.460%* (8746/10000)
Train epoch: 470 | Loss: *0.152* | Acc: *94.828%* (47414/50000) 
Test epoch: 470 | Loss: *0.476* | Acc: *86.530%* (8653/10000)
Train epoch: 471 | Loss: *0.150* | Acc: *94.892%* (47446/50000) 
Test epoch: 471 | Loss: *0.428* | Acc: *87.930%* (8793/10000)
Train epoch: 472 | Loss: *0.149* | Acc: *94.912%* (47456/50000) 
Test epoch: 472 | Loss: *0.418* | Acc: *87.930%* (8793/10000)
Train epoch: 473 | Loss: *0.151* | Acc: *94.914%* (47457/50000) 
Test epoch: 473 | Loss: *0.501* | Acc: *86.390%* (8639/10000)
Train epoch: 474 | Loss: *0.146* | Acc: *94.934%* (47467/50000) 
Test epoch: 474 | Loss: *0.403* | Acc: *88.280%* (8828/10000)
Train epoch: 475 | Loss: *0.143* | Acc: *95.172%* (47586/50000) 
Test epoch: 475 | Loss: *0.465* | Acc: *86.940%* (8694/10000)
Train epoch: 476 | Loss: *0.142* | Acc: *95.260%* (47630/50000) 
Test epoch: 476 | Loss: *0.413* | Acc: *87.900%* (8790/10000)
Train epoch: 477 | Loss: *0.138* | Acc: *95.376%* (47688/50000) 
Test epoch: 477 | Loss: *0.464* | Acc: *86.850%* (8685/10000)
Train epoch: 478 | Loss: *0.142* | Acc: *95.194%* (47597/50000) 
Test epoch: 478 | Loss: *0.417* | Acc: *88.060%* (8806/10000)
Train epoch: 479 | Loss: *0.142* | Acc: *95.224%* (47612/50000) 
Test epoch: 479 | Loss: *0.407* | Acc: *88.040%* (8804/10000)
Train epoch: 480 | Loss: *0.133* | Acc: *95.532%* (47766/50000) 
Test epoch: 480 | Loss: *0.436* | Acc: *87.930%* (8793/10000)
Train epoch: 481 | Loss: *0.138* | Acc: *95.252%* (47626/50000) 
Test epoch: 481 | Loss: *0.455* | Acc: *86.800%* (8680/10000)
Train epoch: 482 | Loss: *0.129* | Acc: *95.686%* (47843/50000) 
Test epoch: 482 | Loss: *0.495* | Acc: *86.530%* (8653/10000)
Train epoch: 483 | Loss: *0.132* | Acc: *95.612%* (47806/50000) 
Test epoch: 483 | Loss: *0.451* | Acc: *87.680%* (8768/10000)
Train epoch: 484 | Loss: *0.124* | Acc: *95.924%* (47962/50000) 
Test epoch: 484 | Loss: *0.429* | Acc: *87.980%* (8798/10000)
Train epoch: 485 | Loss: *0.132* | Acc: *95.534%* (47767/50000) 
Test epoch: 485 | Loss: *0.456* | Acc: *87.390%* (8739/10000)
Train epoch: 486 | Loss: *0.127* | Acc: *95.650%* (47825/50000) 
Test epoch: 486 | Loss: *0.410* | Acc: *88.450%* (8845/10000)
Train epoch: 487 | Loss: *0.125* | Acc: *95.734%* (47867/50000) 
Test epoch: 487 | Loss: *0.478* | Acc: *86.960%* (8696/10000)
Train epoch: 488 | Loss: *0.123* | Acc: *95.896%* (47948/50000) 
Test epoch: 488 | Loss: *0.410* | Acc: *88.470%* (8847/10000)
Train epoch: 489 | Loss: *0.117* | Acc: *96.018%* (48009/50000) 
Test epoch: 489 | Loss: *0.413* | Acc: *88.280%* (8828/10000)
Train epoch: 490 | Loss: *0.117* | Acc: *96.058%* (48029/50000) 
Test epoch: 490 | Loss: *0.413* | Acc: *88.390%* (8839/10000)
Train epoch: 491 | Loss: *0.118* | Acc: *96.022%* (48011/50000) 
Test epoch: 491 | Loss: *0.496* | Acc: *87.020%* (8702/10000)
Train epoch: 492 | Loss: *0.114* | Acc: *96.202%* (48101/50000) 
Test epoch: 492 | Loss: *0.439* | Acc: *87.760%* (8776/10000)
Train epoch: 493 | Loss: *0.114* | Acc: *96.320%* (48160/50000) 
Test epoch: 493 | Loss: *0.493* | Acc: *86.780%* (8678/10000)
Train epoch: 494 | Loss: *0.113* | Acc: *96.158%* (48079/50000) 
Test epoch: 494 | Loss: *0.409* | Acc: *88.390%* (8839/10000)
Train epoch: 495 | Loss: *0.110* | Acc: *96.264%* (48132/50000) 
Test epoch: 495 | Loss: *0.443* | Acc: *88.160%* (8816/10000)
Train epoch: 496 | Loss: *0.109* | Acc: *96.360%* (48180/50000) 
Test epoch: 496 | Loss: *0.388* | Acc: *89.090%* (8909/10000)
Train epoch: 497 | Loss: *0.107* | Acc: *96.320%* (48160/50000) 
Test epoch: 497 | Loss: *0.396* | Acc: *88.980%* (8898/10000)
Train epoch: 498 | Loss: *0.112* | Acc: *96.134%* (48067/50000) 
Test epoch: 498 | Loss: *0.401* | Acc: *88.800%* (8880/10000)
Train epoch: 499 | Loss: *0.103* | Acc: *96.554%* (48277/50000) 
Test epoch: 499 | Loss: *0.436* | Acc: *88.200%* (8820/10000)
Train epoch: 500 | Loss: *0.097* | Acc: *96.784%* (48392/50000) 
Test epoch: 500 | Loss: *0.416* | Acc: *88.510%* (8851/10000)
Best test accuracy: *90.650%*, loss: *0.43667209103703497*, at epoch: *183*.
==> Execution time summary of 500 epoch(s).
Train data loading time: sum. *315.2889844123274* secs | avg. *0.6305779688246548* secs per epoch.
Train training time: sum. *1488.135903264396* secs | avg. *2.976271806528792* secs per epoch.
Train total time: sum. *1803.4248876767233* secs | avg. *3.6068497753534468* secs per epoch.
Test data loading time: sum. *116.4906648946926* secs | avg. *0.2329813297893852* secs per epoch.
Test training time: sum. *66.20527242682874* secs | avg. *0.1324105448536575* secs per epoch.
Test total time: sum. *182.69593732152134* secs | avg. *0.3653918746430427* secs per epoch.
Total data loading time: sum. *431.77964930702* secs | avg. *0.86355929861404* secs per epoch.
Total training time: sum. *1554.3411756912246* secs | avg. *3.1086823513824493* secs per epoch.
Total running time: sum. *1986.1208249982446* secs | avg. *3.9722416499964894* secs per epoch.
==> Number of GPU device: 1
==> Device #0 Memory Usage
==> Allocated: 0.1 GB
==> Cached:    1.6 GB
==> Maximum: 1.6 GB
