==> Running on : cuda
==> Number of CPU: 48
==> Number of workers: 2
==> #Epochs: 500, #Layers: 2, #Blocks: [1, 3], In channel: 64, Input layer conv kernel: 7x7, Residual layer conv kernel 7x7, Skip kernel: 1x1, Input layer conv padding: 3, Residual layer conv padding: 3
==> Optimizer is Adagrad
==> Learning rate: 0.01
==> Weight decay: 0.0005
==>Trainable Parameters: 4837962
==>Other Parameters: 0
==>Augmentation: RandomCrop(32, padding=4), RandomHorizontalFlip(), Normalize((0.4914, 0.4822, 0.4465), (0.2023, 0.1994, 0.2010)
Files already downloaded and verified
Train epoch: 1 | Loss: *1.663* | Acc: *37.686%* (18843/50000) 
Test epoch: 1 | Loss: *1.551* | Acc: *43.740%* (4374/10000)
Train epoch: 2 | Loss: *1.288* | Acc: *53.174%* (26587/50000) 
Test epoch: 2 | Loss: *1.183* | Acc: *58.360%* (5836/10000)
Train epoch: 3 | Loss: *1.099* | Acc: *60.402%* (30201/50000) 
Test epoch: 3 | Loss: *1.105* | Acc: *60.190%* (6019/10000)
Train epoch: 4 | Loss: *0.976* | Acc: *65.498%* (32749/50000) 
Test epoch: 4 | Loss: *1.063* | Acc: *63.940%* (6394/10000)
Train epoch: 5 | Loss: *0.882* | Acc: *68.718%* (34359/50000) 
Test epoch: 5 | Loss: *1.081* | Acc: *61.720%* (6172/10000)
Train epoch: 6 | Loss: *0.810* | Acc: *71.462%* (35731/50000) 
Test epoch: 6 | Loss: *0.959* | Acc: *67.010%* (6701/10000)
Train epoch: 7 | Loss: *0.744* | Acc: *74.064%* (37032/50000) 
Test epoch: 7 | Loss: *0.814* | Acc: *71.260%* (7126/10000)
Train epoch: 8 | Loss: *0.685* | Acc: *76.012%* (38006/50000) 
Test epoch: 8 | Loss: *0.785* | Acc: *72.770%* (7277/10000)
Train epoch: 9 | Loss: *0.642* | Acc: *77.750%* (38875/50000) 
Test epoch: 9 | Loss: *0.876* | Acc: *69.720%* (6972/10000)
Train epoch: 10 | Loss: *0.602* | Acc: *79.126%* (39563/50000) 
Test epoch: 10 | Loss: *0.724* | Acc: *75.650%* (7565/10000)
Train epoch: 11 | Loss: *0.564* | Acc: *80.372%* (40186/50000) 
Test epoch: 11 | Loss: *0.668* | Acc: *77.750%* (7775/10000)
Train epoch: 12 | Loss: *0.534* | Acc: *81.450%* (40725/50000) 
Test epoch: 12 | Loss: *0.716* | Acc: *76.090%* (7609/10000)
Train epoch: 13 | Loss: *0.503* | Acc: *82.594%* (41297/50000) 
Test epoch: 13 | Loss: *0.753* | Acc: *75.890%* (7589/10000)
Train epoch: 14 | Loss: *0.478* | Acc: *83.512%* (41756/50000) 
Test epoch: 14 | Loss: *0.699* | Acc: *77.010%* (7701/10000)
Train epoch: 15 | Loss: *0.452* | Acc: *84.438%* (42219/50000) 
Test epoch: 15 | Loss: *0.624* | Acc: *79.800%* (7980/10000)
Train epoch: 16 | Loss: *0.429* | Acc: *85.224%* (42612/50000) 
Test epoch: 16 | Loss: *0.597* | Acc: *80.380%* (8038/10000)
Train epoch: 17 | Loss: *0.410* | Acc: *85.932%* (42966/50000) 
Test epoch: 17 | Loss: *0.627* | Acc: *79.460%* (7946/10000)
Train epoch: 18 | Loss: *0.390* | Acc: *86.654%* (43327/50000) 
Test epoch: 18 | Loss: *0.713* | Acc: *77.280%* (7728/10000)
Train epoch: 19 | Loss: *0.373* | Acc: *87.084%* (43542/50000) 
Test epoch: 19 | Loss: *0.648* | Acc: *78.970%* (7897/10000)
Train epoch: 20 | Loss: *0.357* | Acc: *87.794%* (43897/50000) 
Test epoch: 20 | Loss: *0.664* | Acc: *79.470%* (7947/10000)
Train epoch: 21 | Loss: *0.338* | Acc: *88.420%* (44210/50000) 
Test epoch: 21 | Loss: *0.743* | Acc: *77.830%* (7783/10000)
Train epoch: 22 | Loss: *0.322* | Acc: *88.946%* (44473/50000) 
Test epoch: 22 | Loss: *0.557* | Acc: *82.590%* (8259/10000)
Train epoch: 23 | Loss: *0.311* | Acc: *89.330%* (44665/50000) 
Test epoch: 23 | Loss: *0.511* | Acc: *83.110%* (8311/10000)
Train epoch: 24 | Loss: *0.291* | Acc: *90.054%* (45027/50000) 
Test epoch: 24 | Loss: *0.552* | Acc: *82.520%* (8252/10000)
Train epoch: 25 | Loss: *0.278* | Acc: *90.658%* (45329/50000) 
Test epoch: 25 | Loss: *0.618* | Acc: *80.970%* (8097/10000)
Train epoch: 26 | Loss: *0.266* | Acc: *90.982%* (45491/50000) 
Test epoch: 26 | Loss: *0.552* | Acc: *83.170%* (8317/10000)
Train epoch: 27 | Loss: *0.255* | Acc: *91.376%* (45688/50000) 
Test epoch: 27 | Loss: *0.566* | Acc: *82.310%* (8231/10000)
Train epoch: 28 | Loss: *0.243* | Acc: *91.804%* (45902/50000) 
Test epoch: 28 | Loss: *0.584* | Acc: *81.810%* (8181/10000)
Train epoch: 29 | Loss: *0.230* | Acc: *92.226%* (46113/50000) 
Test epoch: 29 | Loss: *0.572* | Acc: *82.610%* (8261/10000)
Train epoch: 30 | Loss: *0.221* | Acc: *92.538%* (46269/50000) 
Test epoch: 30 | Loss: *0.498* | Acc: *84.830%* (8483/10000)
Train epoch: 31 | Loss: *0.210* | Acc: *92.814%* (46407/50000) 
Test epoch: 31 | Loss: *0.520* | Acc: *84.230%* (8423/10000)
Train epoch: 32 | Loss: *0.196* | Acc: *93.394%* (46697/50000) 
Test epoch: 32 | Loss: *0.627* | Acc: *81.540%* (8154/10000)
Train epoch: 33 | Loss: *0.187* | Acc: *93.736%* (46868/50000) 
Test epoch: 33 | Loss: *0.514* | Acc: *84.340%* (8434/10000)
Train epoch: 34 | Loss: *0.180* | Acc: *93.874%* (46937/50000) 
Test epoch: 34 | Loss: *0.671* | Acc: *80.410%* (8041/10000)
Train epoch: 35 | Loss: *0.175* | Acc: *94.028%* (47014/50000) 
Test epoch: 35 | Loss: *0.635* | Acc: *81.930%* (8193/10000)
Train epoch: 36 | Loss: *0.164* | Acc: *94.454%* (47227/50000) 
Test epoch: 36 | Loss: *0.601* | Acc: *82.420%* (8242/10000)
Train epoch: 37 | Loss: *0.153* | Acc: *94.892%* (47446/50000) 
Test epoch: 37 | Loss: *0.849* | Acc: *77.980%* (7798/10000)
Train epoch: 38 | Loss: *0.148* | Acc: *95.102%* (47551/50000) 
Test epoch: 38 | Loss: *0.697* | Acc: *81.170%* (8117/10000)
Train epoch: 39 | Loss: *0.146* | Acc: *95.166%* (47583/50000) 
Test epoch: 39 | Loss: *0.540* | Acc: *84.300%* (8430/10000)
Train epoch: 40 | Loss: *0.136* | Acc: *95.394%* (47697/50000) 
Test epoch: 40 | Loss: *0.563* | Acc: *84.070%* (8407/10000)
Train epoch: 41 | Loss: *0.129* | Acc: *95.672%* (47836/50000) 
Test epoch: 41 | Loss: *0.549* | Acc: *84.740%* (8474/10000)
Train epoch: 42 | Loss: *0.121* | Acc: *95.966%* (47983/50000) 
Test epoch: 42 | Loss: *0.672* | Acc: *82.800%* (8280/10000)
Train epoch: 43 | Loss: *0.113* | Acc: *96.270%* (48135/50000) 
Test epoch: 43 | Loss: *0.658* | Acc: *82.680%* (8268/10000)
Train epoch: 44 | Loss: *0.110* | Acc: *96.438%* (48219/50000) 
Test epoch: 44 | Loss: *0.657* | Acc: *82.920%* (8292/10000)
Train epoch: 45 | Loss: *0.105* | Acc: *96.528%* (48264/50000) 
Test epoch: 45 | Loss: *0.652* | Acc: *83.870%* (8387/10000)
Train epoch: 46 | Loss: *0.101* | Acc: *96.644%* (48322/50000) 
Test epoch: 46 | Loss: *0.598* | Acc: *84.270%* (8427/10000)
Train epoch: 47 | Loss: *0.092* | Acc: *97.008%* (48504/50000) 
Test epoch: 47 | Loss: *0.694* | Acc: *82.940%* (8294/10000)
Train epoch: 48 | Loss: *0.094* | Acc: *96.942%* (48471/50000) 
Test epoch: 48 | Loss: *0.880* | Acc: *79.920%* (7992/10000)
Train epoch: 49 | Loss: *0.085* | Acc: *97.228%* (48614/50000) 
Test epoch: 49 | Loss: *0.678* | Acc: *82.590%* (8259/10000)
Train epoch: 50 | Loss: *0.081* | Acc: *97.372%* (48686/50000) 
Test epoch: 50 | Loss: *0.570* | Acc: *85.360%* (8536/10000)
Train epoch: 51 | Loss: *0.080* | Acc: *97.440%* (48720/50000) 
Test epoch: 51 | Loss: *0.646* | Acc: *83.590%* (8359/10000)
Train epoch: 52 | Loss: *0.074* | Acc: *97.622%* (48811/50000) 
Test epoch: 52 | Loss: *0.636* | Acc: *84.010%* (8401/10000)
Train epoch: 53 | Loss: *0.071* | Acc: *97.750%* (48875/50000) 
Test epoch: 53 | Loss: *0.651* | Acc: *84.170%* (8417/10000)
Train epoch: 54 | Loss: *0.066* | Acc: *97.896%* (48948/50000) 
Test epoch: 54 | Loss: *0.673* | Acc: *83.630%* (8363/10000)
Train epoch: 55 | Loss: *0.062* | Acc: *97.970%* (48985/50000) 
Test epoch: 55 | Loss: *0.558* | Acc: *85.810%* (8581/10000)
Train epoch: 56 | Loss: *0.062* | Acc: *97.992%* (48996/50000) 
Test epoch: 56 | Loss: *0.774* | Acc: *81.460%* (8146/10000)
Train epoch: 57 | Loss: *0.058* | Acc: *98.154%* (49077/50000) 
Test epoch: 57 | Loss: *0.591* | Acc: *85.520%* (8552/10000)
Train epoch: 58 | Loss: *0.060* | Acc: *98.070%* (49035/50000) 
Test epoch: 58 | Loss: *0.563* | Acc: *85.590%* (8559/10000)
Train epoch: 59 | Loss: *0.057* | Acc: *98.206%* (49103/50000) 
Test epoch: 59 | Loss: *0.666* | Acc: *84.120%* (8412/10000)
Train epoch: 60 | Loss: *0.053* | Acc: *98.316%* (49158/50000) 
Test epoch: 60 | Loss: *0.579* | Acc: *85.450%* (8545/10000)
Train epoch: 61 | Loss: *0.045* | Acc: *98.628%* (49314/50000) 
Test epoch: 61 | Loss: *0.560* | Acc: *86.030%* (8603/10000)
Train epoch: 62 | Loss: *0.050* | Acc: *98.390%* (49195/50000) 
Test epoch: 62 | Loss: *0.634* | Acc: *84.650%* (8465/10000)
Train epoch: 63 | Loss: *0.046* | Acc: *98.550%* (49275/50000) 
Test epoch: 63 | Loss: *0.576* | Acc: *86.140%* (8614/10000)
Train epoch: 64 | Loss: *0.046* | Acc: *98.578%* (49289/50000) 
Test epoch: 64 | Loss: *0.556* | Acc: *86.680%* (8668/10000)
Train epoch: 65 | Loss: *0.040* | Acc: *98.824%* (49412/50000) 
Test epoch: 65 | Loss: *0.607* | Acc: *85.560%* (8556/10000)
Train epoch: 66 | Loss: *0.041* | Acc: *98.702%* (49351/50000) 
Test epoch: 66 | Loss: *0.666* | Acc: *84.600%* (8460/10000)
Train epoch: 67 | Loss: *0.041* | Acc: *98.764%* (49382/50000) 
Test epoch: 67 | Loss: *0.639* | Acc: *85.200%* (8520/10000)
Train epoch: 68 | Loss: *0.035* | Acc: *98.948%* (49474/50000) 
Test epoch: 68 | Loss: *0.572* | Acc: *86.060%* (8606/10000)
Train epoch: 69 | Loss: *0.036* | Acc: *98.890%* (49445/50000) 
Test epoch: 69 | Loss: *0.621* | Acc: *85.440%* (8544/10000)
Train epoch: 70 | Loss: *0.034* | Acc: *98.984%* (49492/50000) 
Test epoch: 70 | Loss: *0.638* | Acc: *85.740%* (8574/10000)
Train epoch: 71 | Loss: *0.031* | Acc: *99.122%* (49561/50000) 
Test epoch: 71 | Loss: *0.576* | Acc: *86.240%* (8624/10000)
Train epoch: 72 | Loss: *0.032* | Acc: *99.072%* (49536/50000) 
Test epoch: 72 | Loss: *0.614* | Acc: *86.000%* (8600/10000)
Train epoch: 73 | Loss: *0.031* | Acc: *99.050%* (49525/50000) 
Test epoch: 73 | Loss: *0.571* | Acc: *86.470%* (8647/10000)
Train epoch: 74 | Loss: *0.028* | Acc: *99.222%* (49611/50000) 
Test epoch: 74 | Loss: *0.631* | Acc: *85.470%* (8547/10000)
Train epoch: 75 | Loss: *0.029* | Acc: *99.118%* (49559/50000) 
Test epoch: 75 | Loss: *0.611* | Acc: *85.840%* (8584/10000)
Train epoch: 76 | Loss: *0.029* | Acc: *99.176%* (49588/50000) 
Test epoch: 76 | Loss: *0.628* | Acc: *85.850%* (8585/10000)
Train epoch: 77 | Loss: *0.025* | Acc: *99.330%* (49665/50000) 
Test epoch: 77 | Loss: *0.630* | Acc: *85.260%* (8526/10000)
Train epoch: 78 | Loss: *0.025* | Acc: *99.302%* (49651/50000) 
Test epoch: 78 | Loss: *0.565* | Acc: *86.780%* (8678/10000)
Train epoch: 79 | Loss: *0.024* | Acc: *99.348%* (49674/50000) 
Test epoch: 79 | Loss: *0.563* | Acc: *86.920%* (8692/10000)
Train epoch: 80 | Loss: *0.027* | Acc: *99.154%* (49577/50000) 
Test epoch: 80 | Loss: *0.584* | Acc: *86.780%* (8678/10000)
Train epoch: 81 | Loss: *0.022* | Acc: *99.374%* (49687/50000) 
Test epoch: 81 | Loss: *0.612* | Acc: *86.250%* (8625/10000)
Train epoch: 82 | Loss: *0.023* | Acc: *99.346%* (49673/50000) 
Test epoch: 82 | Loss: *0.568* | Acc: *86.850%* (8685/10000)
Train epoch: 83 | Loss: *0.018* | Acc: *99.516%* (49758/50000) 
Test epoch: 83 | Loss: *0.630* | Acc: *85.860%* (8586/10000)
Train epoch: 84 | Loss: *0.019* | Acc: *99.514%* (49757/50000) 
Test epoch: 84 | Loss: *0.685* | Acc: *84.930%* (8493/10000)
Train epoch: 85 | Loss: *0.019* | Acc: *99.474%* (49737/50000) 
Test epoch: 85 | Loss: *0.562* | Acc: *87.360%* (8736/10000)
Train epoch: 86 | Loss: *0.016* | Acc: *99.570%* (49785/50000) 
Test epoch: 86 | Loss: *0.608* | Acc: *86.480%* (8648/10000)
Train epoch: 87 | Loss: *0.017* | Acc: *99.572%* (49786/50000) 
Test epoch: 87 | Loss: *0.550* | Acc: *87.260%* (8726/10000)
Train epoch: 88 | Loss: *0.017* | Acc: *99.524%* (49762/50000) 
Test epoch: 88 | Loss: *0.572* | Acc: *87.140%* (8714/10000)
Train epoch: 89 | Loss: *0.014* | Acc: *99.632%* (49816/50000) 
Test epoch: 89 | Loss: *0.553* | Acc: *87.100%* (8710/10000)
Train epoch: 90 | Loss: *0.014* | Acc: *99.628%* (49814/50000) 
Test epoch: 90 | Loss: *0.612* | Acc: *86.580%* (8658/10000)
Train epoch: 91 | Loss: *0.012* | Acc: *99.740%* (49870/50000) 
Test epoch: 91 | Loss: *0.555* | Acc: *87.410%* (8741/10000)
Train epoch: 92 | Loss: *0.012* | Acc: *99.720%* (49860/50000) 
Test epoch: 92 | Loss: *0.772* | Acc: *82.870%* (8287/10000)
Train epoch: 93 | Loss: *0.012* | Acc: *99.740%* (49870/50000) 
Test epoch: 93 | Loss: *0.580* | Acc: *87.340%* (8734/10000)
Train epoch: 94 | Loss: *0.011* | Acc: *99.742%* (49871/50000) 
Test epoch: 94 | Loss: *0.579* | Acc: *87.360%* (8736/10000)
Train epoch: 95 | Loss: *0.010* | Acc: *99.776%* (49888/50000) 
Test epoch: 95 | Loss: *0.579* | Acc: *87.090%* (8709/10000)
Train epoch: 96 | Loss: *0.011* | Acc: *99.752%* (49876/50000) 
Test epoch: 96 | Loss: *0.573* | Acc: *87.430%* (8743/10000)
Train epoch: 97 | Loss: *0.012* | Acc: *99.738%* (49869/50000) 
Test epoch: 97 | Loss: *0.592* | Acc: *87.340%* (8734/10000)
Train epoch: 98 | Loss: *0.010* | Acc: *99.788%* (49894/50000) 
Test epoch: 98 | Loss: *0.577* | Acc: *87.160%* (8716/10000)
Train epoch: 99 | Loss: *0.010* | Acc: *99.766%* (49883/50000) 
Test epoch: 99 | Loss: *0.592* | Acc: *87.130%* (8713/10000)
Train epoch: 100 | Loss: *0.008* | Acc: *99.864%* (49932/50000) 
Test epoch: 100 | Loss: *0.594* | Acc: *87.250%* (8725/10000)
Train epoch: 101 | Loss: *0.008* | Acc: *99.856%* (49928/50000) 
Test epoch: 101 | Loss: *0.595* | Acc: *87.480%* (8748/10000)
Train epoch: 102 | Loss: *0.009* | Acc: *99.790%* (49895/50000) 
Test epoch: 102 | Loss: *0.571* | Acc: *87.510%* (8751/10000)
Train epoch: 103 | Loss: *0.007* | Acc: *99.848%* (49924/50000) 
Test epoch: 103 | Loss: *0.602* | Acc: *87.300%* (8730/10000)
Train epoch: 104 | Loss: *0.009* | Acc: *99.802%* (49901/50000) 
Test epoch: 104 | Loss: *0.603* | Acc: *86.800%* (8680/10000)
Train epoch: 105 | Loss: *0.008* | Acc: *99.842%* (49921/50000) 
Test epoch: 105 | Loss: *0.571* | Acc: *87.460%* (8746/10000)
Train epoch: 106 | Loss: *0.006* | Acc: *99.884%* (49942/50000) 
Test epoch: 106 | Loss: *0.580* | Acc: *87.530%* (8753/10000)
Train epoch: 107 | Loss: *0.006* | Acc: *99.902%* (49951/50000) 
Test epoch: 107 | Loss: *0.569* | Acc: *87.600%* (8760/10000)
Train epoch: 108 | Loss: *0.006* | Acc: *99.896%* (49948/50000) 
Test epoch: 108 | Loss: *0.577* | Acc: *87.530%* (8753/10000)
Train epoch: 109 | Loss: *0.007* | Acc: *99.880%* (49940/50000) 
Test epoch: 109 | Loss: *0.582* | Acc: *87.170%* (8717/10000)
Train epoch: 110 | Loss: *0.006* | Acc: *99.898%* (49949/50000) 
Test epoch: 110 | Loss: *0.567* | Acc: *87.700%* (8770/10000)
Train epoch: 111 | Loss: *0.006* | Acc: *99.914%* (49957/50000) 
Test epoch: 111 | Loss: *0.564* | Acc: *87.730%* (8773/10000)
Train epoch: 112 | Loss: *0.005* | Acc: *99.938%* (49969/50000) 
Test epoch: 112 | Loss: *0.562* | Acc: *87.660%* (8766/10000)
Train epoch: 113 | Loss: *0.005* | Acc: *99.930%* (49965/50000) 
Test epoch: 113 | Loss: *0.556* | Acc: *87.860%* (8786/10000)
Train epoch: 114 | Loss: *0.005* | Acc: *99.924%* (49962/50000) 
Test epoch: 114 | Loss: *0.580* | Acc: *87.590%* (8759/10000)
Train epoch: 115 | Loss: *0.005* | Acc: *99.932%* (49966/50000) 
Test epoch: 115 | Loss: *0.544* | Acc: *87.830%* (8783/10000)
Train epoch: 116 | Loss: *0.005* | Acc: *99.920%* (49960/50000) 
Test epoch: 116 | Loss: *0.560* | Acc: *87.880%* (8788/10000)
Train epoch: 117 | Loss: *0.005* | Acc: *99.940%* (49970/50000) 
Test epoch: 117 | Loss: *0.555* | Acc: *87.840%* (8784/10000)
Train epoch: 118 | Loss: *0.004* | Acc: *99.962%* (49981/50000) 
Test epoch: 118 | Loss: *0.602* | Acc: *87.310%* (8731/10000)
Train epoch: 119 | Loss: *0.004* | Acc: *99.958%* (49979/50000) 
Test epoch: 119 | Loss: *0.635* | Acc: *86.220%* (8622/10000)
Train epoch: 120 | Loss: *0.004* | Acc: *99.934%* (49967/50000) 
Test epoch: 120 | Loss: *0.566* | Acc: *87.440%* (8744/10000)
Train epoch: 121 | Loss: *0.004* | Acc: *99.946%* (49973/50000) 
Test epoch: 121 | Loss: *0.567* | Acc: *87.600%* (8760/10000)
Train epoch: 122 | Loss: *0.003* | Acc: *99.988%* (49994/50000) 
Test epoch: 122 | Loss: *0.557* | Acc: *87.810%* (8781/10000)
Train epoch: 123 | Loss: *0.003* | Acc: *99.960%* (49980/50000) 
Test epoch: 123 | Loss: *0.568* | Acc: *87.840%* (8784/10000)
Train epoch: 124 | Loss: *0.003* | Acc: *99.972%* (49986/50000) 
Test epoch: 124 | Loss: *0.549* | Acc: *87.890%* (8789/10000)
Train epoch: 125 | Loss: *0.004* | Acc: *99.962%* (49981/50000) 
Test epoch: 125 | Loss: *0.558* | Acc: *88.140%* (8814/10000)
Train epoch: 126 | Loss: *0.003* | Acc: *99.982%* (49991/50000) 
Test epoch: 126 | Loss: *0.558* | Acc: *87.910%* (8791/10000)
Train epoch: 127 | Loss: *0.003* | Acc: *99.972%* (49986/50000) 
Test epoch: 127 | Loss: *0.565* | Acc: *87.810%* (8781/10000)
Train epoch: 128 | Loss: *0.003* | Acc: *99.948%* (49974/50000) 
Test epoch: 128 | Loss: *0.552* | Acc: *87.910%* (8791/10000)
Train epoch: 129 | Loss: *0.003* | Acc: *99.966%* (49983/50000) 
Test epoch: 129 | Loss: *0.601* | Acc: *86.710%* (8671/10000)
Train epoch: 130 | Loss: *0.003* | Acc: *99.974%* (49987/50000) 
Test epoch: 130 | Loss: *0.558* | Acc: *88.180%* (8818/10000)
Train epoch: 131 | Loss: *0.003* | Acc: *99.972%* (49986/50000) 
Test epoch: 131 | Loss: *0.559* | Acc: *87.880%* (8788/10000)
Train epoch: 132 | Loss: *0.003* | Acc: *99.972%* (49986/50000) 
Test epoch: 132 | Loss: *0.555* | Acc: *87.770%* (8777/10000)
Train epoch: 133 | Loss: *0.003* | Acc: *99.978%* (49989/50000) 
Test epoch: 133 | Loss: *0.542* | Acc: *88.020%* (8802/10000)
Train epoch: 134 | Loss: *0.002* | Acc: *99.994%* (49997/50000) 
Test epoch: 134 | Loss: *0.550* | Acc: *88.060%* (8806/10000)
Train epoch: 135 | Loss: *0.003* | Acc: *99.976%* (49988/50000) 
Test epoch: 135 | Loss: *0.552* | Acc: *87.620%* (8762/10000)
Train epoch: 136 | Loss: *0.002* | Acc: *99.992%* (49996/50000) 
Test epoch: 136 | Loss: *0.551* | Acc: *87.780%* (8778/10000)
Train epoch: 137 | Loss: *0.002* | Acc: *99.982%* (49991/50000) 
Test epoch: 137 | Loss: *0.549* | Acc: *87.900%* (8790/10000)
Train epoch: 138 | Loss: *0.002* | Acc: *99.994%* (49997/50000) 
Test epoch: 138 | Loss: *0.548* | Acc: *87.880%* (8788/10000)
Train epoch: 139 | Loss: *0.002* | Acc: *99.986%* (49993/50000) 
Test epoch: 139 | Loss: *0.552* | Acc: *87.850%* (8785/10000)
Train epoch: 140 | Loss: *0.002* | Acc: *99.978%* (49989/50000) 
Test epoch: 140 | Loss: *0.546* | Acc: *87.940%* (8794/10000)
Train epoch: 141 | Loss: *0.002* | Acc: *99.992%* (49996/50000) 
Test epoch: 141 | Loss: *0.550* | Acc: *88.080%* (8808/10000)
Train epoch: 142 | Loss: *0.002* | Acc: *99.992%* (49996/50000) 
Test epoch: 142 | Loss: *0.552* | Acc: *88.020%* (8802/10000)
Train epoch: 143 | Loss: *0.002* | Acc: *99.986%* (49993/50000) 
Test epoch: 143 | Loss: *0.548* | Acc: *87.860%* (8786/10000)
Train epoch: 144 | Loss: *0.002* | Acc: *99.988%* (49994/50000) 
Test epoch: 144 | Loss: *0.551* | Acc: *88.150%* (8815/10000)
Train epoch: 145 | Loss: *0.002* | Acc: *99.990%* (49995/50000) 
Test epoch: 145 | Loss: *0.546* | Acc: *88.140%* (8814/10000)
Train epoch: 146 | Loss: *0.002* | Acc: *99.990%* (49995/50000) 
Test epoch: 146 | Loss: *0.543* | Acc: *88.020%* (8802/10000)
Train epoch: 147 | Loss: *0.002* | Acc: *99.990%* (49995/50000) 
Test epoch: 147 | Loss: *0.550* | Acc: *88.010%* (8801/10000)
Train epoch: 148 | Loss: *0.002* | Acc: *99.996%* (49998/50000) 
Test epoch: 148 | Loss: *0.541* | Acc: *88.080%* (8808/10000)
Train epoch: 149 | Loss: *0.002* | Acc: *99.992%* (49996/50000) 
Test epoch: 149 | Loss: *0.550* | Acc: *88.040%* (8804/10000)
Train epoch: 150 | Loss: *0.002* | Acc: *99.984%* (49992/50000) 
Test epoch: 150 | Loss: *0.547* | Acc: *88.100%* (8810/10000)
Train epoch: 151 | Loss: *0.002* | Acc: *99.990%* (49995/50000) 
Test epoch: 151 | Loss: *0.551* | Acc: *88.130%* (8813/10000)
Train epoch: 152 | Loss: *0.002* | Acc: *99.994%* (49997/50000) 
Test epoch: 152 | Loss: *0.551* | Acc: *88.040%* (8804/10000)
Train epoch: 153 | Loss: *0.002* | Acc: *99.994%* (49997/50000) 
Test epoch: 153 | Loss: *0.548* | Acc: *88.040%* (8804/10000)
Train epoch: 154 | Loss: *0.002* | Acc: *99.988%* (49994/50000) 
Test epoch: 154 | Loss: *0.546* | Acc: *87.930%* (8793/10000)
Train epoch: 155 | Loss: *0.002* | Acc: *99.994%* (49997/50000) 
Test epoch: 155 | Loss: *0.543* | Acc: *88.090%* (8809/10000)
Train epoch: 156 | Loss: *0.002* | Acc: *99.992%* (49996/50000) 
Test epoch: 156 | Loss: *0.550* | Acc: *88.140%* (8814/10000)
Train epoch: 157 | Loss: *0.002* | Acc: *99.992%* (49996/50000) 
Test epoch: 157 | Loss: *0.556* | Acc: *87.960%* (8796/10000)
Train epoch: 158 | Loss: *0.002* | Acc: *99.998%* (49999/50000) 
Test epoch: 158 | Loss: *0.550* | Acc: *88.180%* (8818/10000)
Train epoch: 159 | Loss: *0.002* | Acc: *99.998%* (49999/50000) 
Test epoch: 159 | Loss: *0.546* | Acc: *88.160%* (8816/10000)
Train epoch: 160 | Loss: *0.002* | Acc: *99.994%* (49997/50000) 
Test epoch: 160 | Loss: *0.550* | Acc: *88.070%* (8807/10000)
Train epoch: 161 | Loss: *0.002* | Acc: *99.994%* (49997/50000) 
Test epoch: 161 | Loss: *0.549* | Acc: *88.160%* (8816/10000)
Train epoch: 162 | Loss: *0.002* | Acc: *99.998%* (49999/50000) 
Test epoch: 162 | Loss: *0.546* | Acc: *88.110%* (8811/10000)
Train epoch: 163 | Loss: *0.002* | Acc: *99.994%* (49997/50000) 
Test epoch: 163 | Loss: *0.547* | Acc: *88.100%* (8810/10000)
Train epoch: 164 | Loss: *0.002* | Acc: *99.996%* (49998/50000) 
Test epoch: 164 | Loss: *0.546* | Acc: *88.030%* (8803/10000)
Train epoch: 165 | Loss: *0.002* | Acc: *99.998%* (49999/50000) 
Test epoch: 165 | Loss: *0.548* | Acc: *88.080%* (8808/10000)
Train epoch: 166 | Loss: *0.002* | Acc: *99.994%* (49997/50000) 
Test epoch: 166 | Loss: *0.548* | Acc: *87.920%* (8792/10000)
Train epoch: 167 | Loss: *0.002* | Acc: *99.998%* (49999/50000) 
Test epoch: 167 | Loss: *0.543* | Acc: *88.150%* (8815/10000)
Train epoch: 168 | Loss: *0.002* | Acc: *99.996%* (49998/50000) 
Test epoch: 168 | Loss: *0.543* | Acc: *88.120%* (8812/10000)
Train epoch: 169 | Loss: *0.002* | Acc: *99.998%* (49999/50000) 
Test epoch: 169 | Loss: *0.547* | Acc: *88.020%* (8802/10000)
Train epoch: 170 | Loss: *0.002* | Acc: *99.992%* (49996/50000) 
Test epoch: 170 | Loss: *0.542* | Acc: *88.090%* (8809/10000)
Train epoch: 171 | Loss: *0.002* | Acc: *99.998%* (49999/50000) 
Test epoch: 171 | Loss: *0.544* | Acc: *88.050%* (8805/10000)
Train epoch: 172 | Loss: *0.002* | Acc: *99.996%* (49998/50000) 
Test epoch: 172 | Loss: *0.540* | Acc: *88.250%* (8825/10000)
Train epoch: 173 | Loss: *0.002* | Acc: *99.992%* (49996/50000) 
Test epoch: 173 | Loss: *0.539* | Acc: *88.160%* (8816/10000)
Train epoch: 174 | Loss: *0.002* | Acc: *100.000%* (50000/50000) 
Test epoch: 174 | Loss: *0.542* | Acc: *88.200%* (8820/10000)
Train epoch: 175 | Loss: *0.002* | Acc: *99.996%* (49998/50000) 
Test epoch: 175 | Loss: *0.538* | Acc: *88.140%* (8814/10000)
Train epoch: 176 | Loss: *0.002* | Acc: *99.996%* (49998/50000) 
Test epoch: 176 | Loss: *0.545* | Acc: *88.170%* (8817/10000)
Train epoch: 177 | Loss: *0.002* | Acc: *99.994%* (49997/50000) 
Test epoch: 177 | Loss: *0.543* | Acc: *88.140%* (8814/10000)
Train epoch: 178 | Loss: *0.002* | Acc: *99.998%* (49999/50000) 
Test epoch: 178 | Loss: *0.541* | Acc: *88.220%* (8822/10000)
Train epoch: 179 | Loss: *0.002* | Acc: *100.000%* (50000/50000) 
Test epoch: 179 | Loss: *0.543* | Acc: *88.120%* (8812/10000)
Train epoch: 180 | Loss: *0.002* | Acc: *99.996%* (49998/50000) 
Test epoch: 180 | Loss: *0.540* | Acc: *88.070%* (8807/10000)
Train epoch: 181 | Loss: *0.002* | Acc: *99.994%* (49997/50000) 
Test epoch: 181 | Loss: *0.542* | Acc: *88.200%* (8820/10000)
Train epoch: 182 | Loss: *0.002* | Acc: *99.998%* (49999/50000) 
Test epoch: 182 | Loss: *0.540* | Acc: *88.120%* (8812/10000)
Train epoch: 183 | Loss: *0.002* | Acc: *99.998%* (49999/50000) 
Test epoch: 183 | Loss: *0.540* | Acc: *88.250%* (8825/10000)
Train epoch: 184 | Loss: *0.002* | Acc: *100.000%* (50000/50000) 
Test epoch: 184 | Loss: *0.539* | Acc: *88.160%* (8816/10000)
Train epoch: 185 | Loss: *0.002* | Acc: *99.996%* (49998/50000) 
Test epoch: 185 | Loss: *0.542* | Acc: *88.040%* (8804/10000)
Train epoch: 186 | Loss: *0.002* | Acc: *99.996%* (49998/50000) 
Test epoch: 186 | Loss: *0.543* | Acc: *88.160%* (8816/10000)
Train epoch: 187 | Loss: *0.002* | Acc: *99.996%* (49998/50000) 
Test epoch: 187 | Loss: *0.544* | Acc: *88.100%* (8810/10000)
Train epoch: 188 | Loss: *0.002* | Acc: *99.998%* (49999/50000) 
Test epoch: 188 | Loss: *0.541* | Acc: *88.200%* (8820/10000)
Train epoch: 189 | Loss: *0.002* | Acc: *99.998%* (49999/50000) 
Test epoch: 189 | Loss: *0.543* | Acc: *88.160%* (8816/10000)
Train epoch: 190 | Loss: *0.002* | Acc: *99.996%* (49998/50000) 
Test epoch: 190 | Loss: *0.542* | Acc: *88.050%* (8805/10000)
Train epoch: 191 | Loss: *0.002* | Acc: *99.998%* (49999/50000) 
Test epoch: 191 | Loss: *0.542* | Acc: *88.120%* (8812/10000)
Train epoch: 192 | Loss: *0.002* | Acc: *99.998%* (49999/50000) 
Test epoch: 192 | Loss: *0.540* | Acc: *88.210%* (8821/10000)
Train epoch: 193 | Loss: *0.002* | Acc: *99.994%* (49997/50000) 
Test epoch: 193 | Loss: *0.541* | Acc: *88.170%* (8817/10000)
Train epoch: 194 | Loss: *0.002* | Acc: *99.998%* (49999/50000) 
Test epoch: 194 | Loss: *0.542* | Acc: *88.100%* (8810/10000)
Train epoch: 195 | Loss: *0.002* | Acc: *99.994%* (49997/50000) 
Test epoch: 195 | Loss: *0.541* | Acc: *88.150%* (8815/10000)
Train epoch: 196 | Loss: *0.002* | Acc: *100.000%* (50000/50000) 
Test epoch: 196 | Loss: *0.542* | Acc: *88.160%* (8816/10000)
Train epoch: 197 | Loss: *0.002* | Acc: *99.992%* (49996/50000) 
Test epoch: 197 | Loss: *0.542* | Acc: *88.120%* (8812/10000)
Train epoch: 198 | Loss: *0.001* | Acc: *99.998%* (49999/50000) 
Test epoch: 198 | Loss: *0.540* | Acc: *88.210%* (8821/10000)
Train epoch: 199 | Loss: *0.002* | Acc: *100.000%* (50000/50000) 
Test epoch: 199 | Loss: *0.541* | Acc: *88.170%* (8817/10000)
Train epoch: 200 | Loss: *0.002* | Acc: *99.998%* (49999/50000) 
Test epoch: 200 | Loss: *0.543* | Acc: *88.130%* (8813/10000)
Train epoch: 201 | Loss: *0.002* | Acc: *99.996%* (49998/50000) 
Test epoch: 201 | Loss: *0.544* | Acc: *88.180%* (8818/10000)
Train epoch: 202 | Loss: *0.002* | Acc: *99.994%* (49997/50000) 
Test epoch: 202 | Loss: *0.542* | Acc: *88.110%* (8811/10000)
Train epoch: 203 | Loss: *0.002* | Acc: *99.994%* (49997/50000) 
Test epoch: 203 | Loss: *0.541* | Acc: *88.140%* (8814/10000)
Train epoch: 204 | Loss: *0.002* | Acc: *100.000%* (50000/50000) 
Test epoch: 204 | Loss: *0.539* | Acc: *88.240%* (8824/10000)
Train epoch: 205 | Loss: *0.002* | Acc: *99.996%* (49998/50000) 
Test epoch: 205 | Loss: *0.540* | Acc: *88.170%* (8817/10000)
Train epoch: 206 | Loss: *0.002* | Acc: *100.000%* (50000/50000) 
Test epoch: 206 | Loss: *0.545* | Acc: *88.070%* (8807/10000)
Train epoch: 207 | Loss: *0.002* | Acc: *99.994%* (49997/50000) 
Test epoch: 207 | Loss: *0.541* | Acc: *88.190%* (8819/10000)
Train epoch: 208 | Loss: *0.002* | Acc: *99.996%* (49998/50000) 
Test epoch: 208 | Loss: *0.542* | Acc: *88.110%* (8811/10000)
Train epoch: 209 | Loss: *0.002* | Acc: *99.996%* (49998/50000) 
Test epoch: 209 | Loss: *0.544* | Acc: *88.250%* (8825/10000)
Train epoch: 210 | Loss: *0.002* | Acc: *99.996%* (49998/50000) 
Test epoch: 210 | Loss: *0.542* | Acc: *88.160%* (8816/10000)
Train epoch: 211 | Loss: *0.002* | Acc: *99.990%* (49995/50000) 
Test epoch: 211 | Loss: *0.543* | Acc: *88.220%* (8822/10000)
Train epoch: 212 | Loss: *0.002* | Acc: *100.000%* (50000/50000) 
Test epoch: 212 | Loss: *0.544* | Acc: *88.190%* (8819/10000)
Train epoch: 213 | Loss: *0.002* | Acc: *100.000%* (50000/50000) 
Test epoch: 213 | Loss: *0.542* | Acc: *88.200%* (8820/10000)
Train epoch: 214 | Loss: *0.002* | Acc: *100.000%* (50000/50000) 
Test epoch: 214 | Loss: *0.546* | Acc: *88.160%* (8816/10000)
Train epoch: 215 | Loss: *0.002* | Acc: *99.988%* (49994/50000) 
Test epoch: 215 | Loss: *0.541* | Acc: *88.110%* (8811/10000)
Train epoch: 216 | Loss: *0.002* | Acc: *99.996%* (49998/50000) 
Test epoch: 216 | Loss: *0.541* | Acc: *88.130%* (8813/10000)
Train epoch: 217 | Loss: *0.002* | Acc: *99.990%* (49995/50000) 
Test epoch: 217 | Loss: *0.542* | Acc: *88.040%* (8804/10000)
Train epoch: 218 | Loss: *0.002* | Acc: *99.990%* (49995/50000) 
Test epoch: 218 | Loss: *0.546* | Acc: *88.010%* (8801/10000)
Train epoch: 219 | Loss: *0.002* | Acc: *99.998%* (49999/50000) 
Test epoch: 219 | Loss: *0.544* | Acc: *88.050%* (8805/10000)
Train epoch: 220 | Loss: *0.002* | Acc: *100.000%* (50000/50000) 
Test epoch: 220 | Loss: *0.544* | Acc: *88.240%* (8824/10000)
Train epoch: 221 | Loss: *0.002* | Acc: *99.994%* (49997/50000) 
Test epoch: 221 | Loss: *0.539* | Acc: *88.080%* (8808/10000)
Train epoch: 222 | Loss: *0.002* | Acc: *99.992%* (49996/50000) 
Test epoch: 222 | Loss: *0.542* | Acc: *88.070%* (8807/10000)
Train epoch: 223 | Loss: *0.002* | Acc: *99.996%* (49998/50000) 
Test epoch: 223 | Loss: *0.540* | Acc: *88.220%* (8822/10000)
Train epoch: 224 | Loss: *0.002* | Acc: *99.998%* (49999/50000) 
Test epoch: 224 | Loss: *0.544* | Acc: *88.130%* (8813/10000)
Train epoch: 225 | Loss: *0.002* | Acc: *100.000%* (50000/50000) 
Test epoch: 225 | Loss: *0.538* | Acc: *88.270%* (8827/10000)
Train epoch: 226 | Loss: *0.002* | Acc: *99.998%* (49999/50000) 
Test epoch: 226 | Loss: *0.540* | Acc: *88.300%* (8830/10000)
Train epoch: 227 | Loss: *0.002* | Acc: *99.994%* (49997/50000) 
Test epoch: 227 | Loss: *0.544* | Acc: *88.160%* (8816/10000)
Train epoch: 228 | Loss: *0.002* | Acc: *99.996%* (49998/50000) 
Test epoch: 228 | Loss: *0.541* | Acc: *88.290%* (8829/10000)
Train epoch: 229 | Loss: *0.002* | Acc: *99.998%* (49999/50000) 
Test epoch: 229 | Loss: *0.544* | Acc: *88.130%* (8813/10000)
Train epoch: 230 | Loss: *0.002* | Acc: *99.994%* (49997/50000) 
Test epoch: 230 | Loss: *0.543* | Acc: *88.140%* (8814/10000)
Train epoch: 231 | Loss: *0.002* | Acc: *99.992%* (49996/50000) 
Test epoch: 231 | Loss: *0.543* | Acc: *88.260%* (8826/10000)
Train epoch: 232 | Loss: *0.002* | Acc: *99.994%* (49997/50000) 
Test epoch: 232 | Loss: *0.540* | Acc: *88.230%* (8823/10000)
Train epoch: 233 | Loss: *0.002* | Acc: *99.996%* (49998/50000) 
Test epoch: 233 | Loss: *0.539* | Acc: *88.210%* (8821/10000)
Train epoch: 234 | Loss: *0.002* | Acc: *99.990%* (49995/50000) 
Test epoch: 234 | Loss: *0.540* | Acc: *88.190%* (8819/10000)
Train epoch: 235 | Loss: *0.002* | Acc: *100.000%* (50000/50000) 
Test epoch: 235 | Loss: *0.545* | Acc: *88.250%* (8825/10000)
Train epoch: 236 | Loss: *0.002* | Acc: *99.992%* (49996/50000) 
Test epoch: 236 | Loss: *0.543* | Acc: *88.290%* (8829/10000)
Train epoch: 237 | Loss: *0.002* | Acc: *99.996%* (49998/50000) 
Test epoch: 237 | Loss: *0.540* | Acc: *88.120%* (8812/10000)
Train epoch: 238 | Loss: *0.002* | Acc: *99.998%* (49999/50000) 
Test epoch: 238 | Loss: *0.547* | Acc: *88.080%* (8808/10000)
Train epoch: 239 | Loss: *0.002* | Acc: *99.998%* (49999/50000) 
Test epoch: 239 | Loss: *0.545* | Acc: *88.130%* (8813/10000)
Train epoch: 240 | Loss: *0.002* | Acc: *99.998%* (49999/50000) 
Test epoch: 240 | Loss: *0.541* | Acc: *88.100%* (8810/10000)
Train epoch: 241 | Loss: *0.002* | Acc: *99.994%* (49997/50000) 
Test epoch: 241 | Loss: *0.547* | Acc: *88.000%* (8800/10000)
Train epoch: 242 | Loss: *0.002* | Acc: *99.998%* (49999/50000) 
Test epoch: 242 | Loss: *0.545* | Acc: *88.240%* (8824/10000)
Train epoch: 243 | Loss: *0.002* | Acc: *100.000%* (50000/50000) 
Test epoch: 243 | Loss: *0.540* | Acc: *88.210%* (8821/10000)
Train epoch: 244 | Loss: *0.002* | Acc: *99.998%* (49999/50000) 
Test epoch: 244 | Loss: *0.545* | Acc: *88.190%* (8819/10000)
Train epoch: 245 | Loss: *0.002* | Acc: *99.998%* (49999/50000) 
Test epoch: 245 | Loss: *0.541* | Acc: *88.070%* (8807/10000)
Train epoch: 246 | Loss: *0.002* | Acc: *99.994%* (49997/50000) 
Test epoch: 246 | Loss: *0.546* | Acc: *88.120%* (8812/10000)
Train epoch: 247 | Loss: *0.002* | Acc: *99.996%* (49998/50000) 
Test epoch: 247 | Loss: *0.552* | Acc: *88.180%* (8818/10000)
Train epoch: 248 | Loss: *0.002* | Acc: *99.996%* (49998/50000) 
Test epoch: 248 | Loss: *0.541* | Acc: *88.350%* (8835/10000)
Train epoch: 249 | Loss: *0.002* | Acc: *99.994%* (49997/50000) 
Test epoch: 249 | Loss: *0.544* | Acc: *88.250%* (8825/10000)
Train epoch: 250 | Loss: *0.002* | Acc: *99.994%* (49997/50000) 
Test epoch: 250 | Loss: *0.539* | Acc: *88.170%* (8817/10000)
Train epoch: 251 | Loss: *0.002* | Acc: *99.996%* (49998/50000) 
Test epoch: 251 | Loss: *0.543* | Acc: *88.200%* (8820/10000)
Train epoch: 252 | Loss: *0.002* | Acc: *99.996%* (49998/50000) 
Test epoch: 252 | Loss: *0.543* | Acc: *88.300%* (8830/10000)
Train epoch: 253 | Loss: *0.002* | Acc: *99.996%* (49998/50000) 
Test epoch: 253 | Loss: *0.556* | Acc: *88.270%* (8827/10000)
Train epoch: 254 | Loss: *0.002* | Acc: *100.000%* (50000/50000) 
Test epoch: 254 | Loss: *0.544* | Acc: *88.060%* (8806/10000)
Train epoch: 255 | Loss: *0.002* | Acc: *99.996%* (49998/50000) 
Test epoch: 255 | Loss: *0.541* | Acc: *88.320%* (8832/10000)
Train epoch: 256 | Loss: *0.002* | Acc: *99.998%* (49999/50000) 
Test epoch: 256 | Loss: *0.542* | Acc: *88.230%* (8823/10000)
Train epoch: 257 | Loss: *0.002* | Acc: *99.992%* (49996/50000) 
Test epoch: 257 | Loss: *0.553* | Acc: *88.070%* (8807/10000)
Train epoch: 258 | Loss: *0.002* | Acc: *99.994%* (49997/50000) 
Test epoch: 258 | Loss: *0.539* | Acc: *88.230%* (8823/10000)
Train epoch: 259 | Loss: *0.002* | Acc: *99.992%* (49996/50000) 
Test epoch: 259 | Loss: *0.538* | Acc: *88.240%* (8824/10000)
Train epoch: 260 | Loss: *0.002* | Acc: *99.998%* (49999/50000) 
Test epoch: 260 | Loss: *0.546* | Acc: *88.050%* (8805/10000)
Train epoch: 261 | Loss: *0.002* | Acc: *99.996%* (49998/50000) 
Test epoch: 261 | Loss: *0.544* | Acc: *88.190%* (8819/10000)
Train epoch: 262 | Loss: *0.002* | Acc: *99.988%* (49994/50000) 
Test epoch: 262 | Loss: *0.542* | Acc: *88.010%* (8801/10000)
Train epoch: 263 | Loss: *0.002* | Acc: *99.990%* (49995/50000) 
Test epoch: 263 | Loss: *0.538* | Acc: *88.120%* (8812/10000)
Train epoch: 264 | Loss: *0.002* | Acc: *99.986%* (49993/50000) 
Test epoch: 264 | Loss: *0.539* | Acc: *88.210%* (8821/10000)
Train epoch: 265 | Loss: *0.002* | Acc: *99.988%* (49994/50000) 
Test epoch: 265 | Loss: *0.526* | Acc: *88.160%* (8816/10000)
Train epoch: 266 | Loss: *0.002* | Acc: *99.992%* (49996/50000) 
Test epoch: 266 | Loss: *0.537* | Acc: *88.020%* (8802/10000)
Train epoch: 267 | Loss: *0.002* | Acc: *99.992%* (49996/50000) 
Test epoch: 267 | Loss: *0.539* | Acc: *88.100%* (8810/10000)
Train epoch: 268 | Loss: *0.002* | Acc: *99.996%* (49998/50000) 
Test epoch: 268 | Loss: *0.538* | Acc: *88.380%* (8838/10000)
Train epoch: 269 | Loss: *0.003* | Acc: *99.982%* (49991/50000) 
Test epoch: 269 | Loss: *0.532* | Acc: *88.040%* (8804/10000)
Train epoch: 270 | Loss: *0.002* | Acc: *99.994%* (49997/50000) 
Test epoch: 270 | Loss: *0.533* | Acc: *87.880%* (8788/10000)
Train epoch: 271 | Loss: *0.002* | Acc: *99.986%* (49993/50000) 
Test epoch: 271 | Loss: *0.539* | Acc: *87.960%* (8796/10000)
Train epoch: 272 | Loss: *0.002* | Acc: *99.996%* (49998/50000) 
Test epoch: 272 | Loss: *0.538* | Acc: *88.080%* (8808/10000)
Train epoch: 273 | Loss: *0.002* | Acc: *99.990%* (49995/50000) 
Test epoch: 273 | Loss: *0.555* | Acc: *88.000%* (8800/10000)
Train epoch: 274 | Loss: *0.002* | Acc: *99.994%* (49997/50000) 
Test epoch: 274 | Loss: *0.549* | Acc: *87.990%* (8799/10000)
Train epoch: 275 | Loss: *0.003* | Acc: *99.976%* (49988/50000) 
Test epoch: 275 | Loss: *0.554* | Acc: *87.650%* (8765/10000)
Train epoch: 276 | Loss: *0.003* | Acc: *99.994%* (49997/50000) 
Test epoch: 276 | Loss: *0.546* | Acc: *88.100%* (8810/10000)
Train epoch: 277 | Loss: *0.003* | Acc: *99.972%* (49986/50000) 
Test epoch: 277 | Loss: *0.551* | Acc: *87.660%* (8766/10000)
Train epoch: 278 | Loss: *0.004* | Acc: *99.948%* (49974/50000) 
Test epoch: 278 | Loss: *0.563* | Acc: *87.770%* (8777/10000)
Train epoch: 279 | Loss: *0.003* | Acc: *99.966%* (49983/50000) 
Test epoch: 279 | Loss: *0.613* | Acc: *86.750%* (8675/10000)
Train epoch: 280 | Loss: *0.003* | Acc: *99.976%* (49988/50000) 
Test epoch: 280 | Loss: *0.539* | Acc: *87.960%* (8796/10000)
Train epoch: 281 | Loss: *0.004* | Acc: *99.942%* (49971/50000) 
Test epoch: 281 | Loss: *0.548* | Acc: *87.910%* (8791/10000)
Train epoch: 282 | Loss: *0.004* | Acc: *99.968%* (49984/50000) 
Test epoch: 282 | Loss: *0.544* | Acc: *87.820%* (8782/10000)
Train epoch: 283 | Loss: *0.004* | Acc: *99.958%* (49979/50000) 
Test epoch: 283 | Loss: *0.552* | Acc: *87.530%* (8753/10000)
Train epoch: 284 | Loss: *0.005* | Acc: *99.948%* (49974/50000) 
Test epoch: 284 | Loss: *0.578* | Acc: *87.360%* (8736/10000)
Train epoch: 285 | Loss: *0.006* | Acc: *99.892%* (49946/50000) 
Test epoch: 285 | Loss: *0.552* | Acc: *87.450%* (8745/10000)
Train epoch: 286 | Loss: *0.007* | Acc: *99.902%* (49951/50000) 
Test epoch: 286 | Loss: *0.586* | Acc: *86.760%* (8676/10000)
Train epoch: 287 | Loss: *0.007* | Acc: *99.874%* (49937/50000) 
Test epoch: 287 | Loss: *0.706* | Acc: *85.560%* (8556/10000)
Train epoch: 288 | Loss: *0.007* | Acc: *99.874%* (49937/50000) 
Test epoch: 288 | Loss: *0.618* | Acc: *86.740%* (8674/10000)
Train epoch: 289 | Loss: *0.007* | Acc: *99.914%* (49957/50000) 
Test epoch: 289 | Loss: *0.578* | Acc: *87.170%* (8717/10000)
Train epoch: 290 | Loss: *0.010* | Acc: *99.758%* (49879/50000) 
Test epoch: 290 | Loss: *0.590* | Acc: *86.200%* (8620/10000)
Train epoch: 291 | Loss: *0.010* | Acc: *99.806%* (49903/50000) 
Test epoch: 291 | Loss: *0.543* | Acc: *87.870%* (8787/10000)
Train epoch: 292 | Loss: *0.010* | Acc: *99.786%* (49893/50000) 
Test epoch: 292 | Loss: *0.573* | Acc: *87.190%* (8719/10000)
Train epoch: 293 | Loss: *0.015* | Acc: *99.628%* (49814/50000) 
Test epoch: 293 | Loss: *0.564* | Acc: *87.260%* (8726/10000)
Train epoch: 294 | Loss: *0.015* | Acc: *99.658%* (49829/50000) 
Test epoch: 294 | Loss: *0.644* | Acc: *85.870%* (8587/10000)
Train epoch: 295 | Loss: *0.014* | Acc: *99.678%* (49839/50000) 
Test epoch: 295 | Loss: *0.545* | Acc: *87.720%* (8772/10000)
Train epoch: 296 | Loss: *0.013* | Acc: *99.686%* (49843/50000) 
Test epoch: 296 | Loss: *0.621* | Acc: *86.570%* (8657/10000)
Train epoch: 297 | Loss: *0.018* | Acc: *99.514%* (49757/50000) 
Test epoch: 297 | Loss: *0.573* | Acc: *87.110%* (8711/10000)
Train epoch: 298 | Loss: *0.017* | Acc: *99.576%* (49788/50000) 
Test epoch: 298 | Loss: *0.703* | Acc: *84.120%* (8412/10000)
Train epoch: 299 | Loss: *0.020* | Acc: *99.444%* (49722/50000) 
Test epoch: 299 | Loss: *0.594* | Acc: *86.090%* (8609/10000)
Train epoch: 300 | Loss: *0.020* | Acc: *99.486%* (49743/50000) 
Test epoch: 300 | Loss: *0.640* | Acc: *86.480%* (8648/10000)
Train epoch: 301 | Loss: *0.021* | Acc: *99.400%* (49700/50000) 
Test epoch: 301 | Loss: *0.574* | Acc: *86.850%* (8685/10000)
Train epoch: 302 | Loss: *0.022* | Acc: *99.406%* (49703/50000) 
Test epoch: 302 | Loss: *0.637* | Acc: *86.540%* (8654/10000)
Train epoch: 303 | Loss: *0.023* | Acc: *99.384%* (49692/50000) 
Test epoch: 303 | Loss: *0.673* | Acc: *85.670%* (8567/10000)
Train epoch: 304 | Loss: *0.023* | Acc: *99.328%* (49664/50000) 
Test epoch: 304 | Loss: *0.606* | Acc: *86.040%* (8604/10000)
Train epoch: 305 | Loss: *0.023* | Acc: *99.406%* (49703/50000) 
Test epoch: 305 | Loss: *0.691* | Acc: *84.630%* (8463/10000)
Train epoch: 306 | Loss: *0.023* | Acc: *99.358%* (49679/50000) 
Test epoch: 306 | Loss: *0.619* | Acc: *86.230%* (8623/10000)
Train epoch: 307 | Loss: *0.024* | Acc: *99.348%* (49674/50000) 
Test epoch: 307 | Loss: *0.641* | Acc: *86.030%* (8603/10000)
Train epoch: 308 | Loss: *0.024* | Acc: *99.354%* (49677/50000) 
Test epoch: 308 | Loss: *0.735* | Acc: *83.950%* (8395/10000)
Train epoch: 309 | Loss: *0.023* | Acc: *99.346%* (49673/50000) 
Test epoch: 309 | Loss: *0.639* | Acc: *85.830%* (8583/10000)
Train epoch: 310 | Loss: *0.028* | Acc: *99.158%* (49579/50000) 
Test epoch: 310 | Loss: *0.589* | Acc: *86.790%* (8679/10000)
Train epoch: 311 | Loss: *0.028* | Acc: *99.166%* (49583/50000) 
Test epoch: 311 | Loss: *0.627* | Acc: *86.430%* (8643/10000)
Train epoch: 312 | Loss: *0.028* | Acc: *99.208%* (49604/50000) 
Test epoch: 312 | Loss: *0.659* | Acc: *86.000%* (8600/10000)
Train epoch: 313 | Loss: *0.025* | Acc: *99.298%* (49649/50000) 
Test epoch: 313 | Loss: *0.690* | Acc: *84.450%* (8445/10000)
Train epoch: 314 | Loss: *0.026* | Acc: *99.246%* (49623/50000) 
Test epoch: 314 | Loss: *0.692* | Acc: *85.320%* (8532/10000)
Train epoch: 315 | Loss: *0.027* | Acc: *99.202%* (49601/50000) 
Test epoch: 315 | Loss: *0.768* | Acc: *83.740%* (8374/10000)
Train epoch: 316 | Loss: *0.024* | Acc: *99.312%* (49656/50000) 
Test epoch: 316 | Loss: *0.616* | Acc: *86.410%* (8641/10000)
Train epoch: 317 | Loss: *0.026* | Acc: *99.248%* (49624/50000) 
Test epoch: 317 | Loss: *0.600* | Acc: *86.640%* (8664/10000)
Train epoch: 318 | Loss: *0.026* | Acc: *99.198%* (49599/50000) 
Test epoch: 318 | Loss: *0.760* | Acc: *83.290%* (8329/10000)
Train epoch: 319 | Loss: *0.024* | Acc: *99.336%* (49668/50000) 
Test epoch: 319 | Loss: *0.623* | Acc: *86.770%* (8677/10000)
Train epoch: 320 | Loss: *0.024* | Acc: *99.324%* (49662/50000) 
Test epoch: 320 | Loss: *0.717* | Acc: *84.550%* (8455/10000)
Train epoch: 321 | Loss: *0.026* | Acc: *99.260%* (49630/50000) 
Test epoch: 321 | Loss: *0.648* | Acc: *85.830%* (8583/10000)
Train epoch: 322 | Loss: *0.024* | Acc: *99.314%* (49657/50000) 
Test epoch: 322 | Loss: *0.678* | Acc: *85.070%* (8507/10000)
Train epoch: 323 | Loss: *0.026* | Acc: *99.242%* (49621/50000) 
Test epoch: 323 | Loss: *0.626* | Acc: *86.300%* (8630/10000)
Train epoch: 324 | Loss: *0.030* | Acc: *99.086%* (49543/50000) 
Test epoch: 324 | Loss: *0.627* | Acc: *85.960%* (8596/10000)
Train epoch: 325 | Loss: *0.026* | Acc: *99.174%* (49587/50000) 
Test epoch: 325 | Loss: *0.704* | Acc: *84.610%* (8461/10000)
Train epoch: 326 | Loss: *0.027* | Acc: *99.248%* (49624/50000) 
Test epoch: 326 | Loss: *0.647* | Acc: *85.310%* (8531/10000)
Train epoch: 327 | Loss: *0.029* | Acc: *99.184%* (49592/50000) 
Test epoch: 327 | Loss: *0.790* | Acc: *83.520%* (8352/10000)
Train epoch: 328 | Loss: *0.028* | Acc: *99.162%* (49581/50000) 
Test epoch: 328 | Loss: *0.595* | Acc: *86.120%* (8612/10000)
Train epoch: 329 | Loss: *0.031* | Acc: *99.056%* (49528/50000) 
Test epoch: 329 | Loss: *0.619* | Acc: *85.990%* (8599/10000)
Train epoch: 330 | Loss: *0.024* | Acc: *99.320%* (49660/50000) 
Test epoch: 330 | Loss: *0.609* | Acc: *86.370%* (8637/10000)
Train epoch: 331 | Loss: *0.025* | Acc: *99.276%* (49638/50000) 
Test epoch: 331 | Loss: *0.669* | Acc: *85.670%* (8567/10000)
Train epoch: 332 | Loss: *0.029* | Acc: *99.104%* (49552/50000) 
Test epoch: 332 | Loss: *0.641* | Acc: *86.190%* (8619/10000)
Train epoch: 333 | Loss: *0.026* | Acc: *99.210%* (49605/50000) 
Test epoch: 333 | Loss: *0.591* | Acc: *86.240%* (8624/10000)
Train epoch: 334 | Loss: *0.023* | Acc: *99.338%* (49669/50000) 
Test epoch: 334 | Loss: *0.581* | Acc: *87.120%* (8712/10000)
Train epoch: 335 | Loss: *0.024* | Acc: *99.312%* (49656/50000) 
Test epoch: 335 | Loss: *0.630* | Acc: *85.680%* (8568/10000)
Train epoch: 336 | Loss: *0.026* | Acc: *99.240%* (49620/50000) 
Test epoch: 336 | Loss: *0.614* | Acc: *86.370%* (8637/10000)
Train epoch: 337 | Loss: *0.026* | Acc: *99.226%* (49613/50000) 
Test epoch: 337 | Loss: *0.864* | Acc: *83.260%* (8326/10000)
Train epoch: 338 | Loss: *0.027* | Acc: *99.198%* (49599/50000) 
Test epoch: 338 | Loss: *0.625* | Acc: *86.240%* (8624/10000)
Train epoch: 339 | Loss: *0.027* | Acc: *99.214%* (49607/50000) 
Test epoch: 339 | Loss: *0.614* | Acc: *85.780%* (8578/10000)
Train epoch: 340 | Loss: *0.027* | Acc: *99.224%* (49612/50000) 
Test epoch: 340 | Loss: *0.593* | Acc: *86.650%* (8665/10000)
Train epoch: 341 | Loss: *0.023* | Acc: *99.368%* (49684/50000) 
Test epoch: 341 | Loss: *0.628* | Acc: *86.320%* (8632/10000)
Train epoch: 342 | Loss: *0.025* | Acc: *99.290%* (49645/50000) 
Test epoch: 342 | Loss: *0.586* | Acc: *86.830%* (8683/10000)
Train epoch: 343 | Loss: *0.025* | Acc: *99.284%* (49642/50000) 
Test epoch: 343 | Loss: *0.672* | Acc: *85.430%* (8543/10000)
Train epoch: 344 | Loss: *0.027* | Acc: *99.170%* (49585/50000) 
Test epoch: 344 | Loss: *0.592* | Acc: *86.380%* (8638/10000)
Train epoch: 345 | Loss: *0.026* | Acc: *99.218%* (49609/50000) 
Test epoch: 345 | Loss: *0.593* | Acc: *86.610%* (8661/10000)
Train epoch: 346 | Loss: *0.026* | Acc: *99.164%* (49582/50000) 
Test epoch: 346 | Loss: *0.584* | Acc: *86.820%* (8682/10000)
Train epoch: 347 | Loss: *0.027* | Acc: *99.194%* (49597/50000) 
Test epoch: 347 | Loss: *0.671* | Acc: *85.770%* (8577/10000)
Train epoch: 348 | Loss: *0.026* | Acc: *99.262%* (49631/50000) 
Test epoch: 348 | Loss: *0.642* | Acc: *85.650%* (8565/10000)
Train epoch: 349 | Loss: *0.026* | Acc: *99.208%* (49604/50000) 
Test epoch: 349 | Loss: *0.849* | Acc: *83.000%* (8300/10000)
Train epoch: 350 | Loss: *0.024* | Acc: *99.328%* (49664/50000) 
Test epoch: 350 | Loss: *0.582* | Acc: *86.010%* (8601/10000)
Train epoch: 351 | Loss: *0.027* | Acc: *99.196%* (49598/50000) 
Test epoch: 351 | Loss: *0.614* | Acc: *86.280%* (8628/10000)
Train epoch: 352 | Loss: *0.023* | Acc: *99.346%* (49673/50000) 
Test epoch: 352 | Loss: *1.368* | Acc: *77.950%* (7795/10000)
Train epoch: 353 | Loss: *0.026* | Acc: *99.280%* (49640/50000) 
Test epoch: 353 | Loss: *0.624* | Acc: *85.870%* (8587/10000)
Train epoch: 354 | Loss: *0.027* | Acc: *99.266%* (49633/50000) 
Test epoch: 354 | Loss: *0.603* | Acc: *86.500%* (8650/10000)
Train epoch: 355 | Loss: *0.025* | Acc: *99.300%* (49650/50000) 
Test epoch: 355 | Loss: *0.633* | Acc: *85.990%* (8599/10000)
Train epoch: 356 | Loss: *0.025* | Acc: *99.266%* (49633/50000) 
Test epoch: 356 | Loss: *0.615* | Acc: *86.240%* (8624/10000)
Train epoch: 357 | Loss: *0.029* | Acc: *99.126%* (49563/50000) 
Test epoch: 357 | Loss: *0.608* | Acc: *86.500%* (8650/10000)
Train epoch: 358 | Loss: *0.026* | Acc: *99.270%* (49635/50000) 
Test epoch: 358 | Loss: *0.720* | Acc: *85.230%* (8523/10000)
Train epoch: 359 | Loss: *0.022* | Acc: *99.330%* (49665/50000) 
Test epoch: 359 | Loss: *0.607* | Acc: *86.330%* (8633/10000)
Train epoch: 360 | Loss: *0.025* | Acc: *99.304%* (49652/50000) 
Test epoch: 360 | Loss: *0.739* | Acc: *84.340%* (8434/10000)
Train epoch: 361 | Loss: *0.025* | Acc: *99.266%* (49633/50000) 
Test epoch: 361 | Loss: *0.591* | Acc: *87.120%* (8712/10000)
Train epoch: 362 | Loss: *0.024* | Acc: *99.318%* (49659/50000) 
Test epoch: 362 | Loss: *0.578* | Acc: *87.070%* (8707/10000)
Train epoch: 363 | Loss: *0.024* | Acc: *99.298%* (49649/50000) 
Test epoch: 363 | Loss: *0.554* | Acc: *86.780%* (8678/10000)
Train epoch: 364 | Loss: *0.025* | Acc: *99.306%* (49653/50000) 
Test epoch: 364 | Loss: *0.562* | Acc: *86.900%* (8690/10000)
Train epoch: 365 | Loss: *0.022* | Acc: *99.394%* (49697/50000) 
Test epoch: 365 | Loss: *0.582* | Acc: *87.020%* (8702/10000)
Train epoch: 366 | Loss: *0.023* | Acc: *99.332%* (49666/50000) 
Test epoch: 366 | Loss: *0.641* | Acc: *86.110%* (8611/10000)
Train epoch: 367 | Loss: *0.024* | Acc: *99.292%* (49646/50000) 
Test epoch: 367 | Loss: *0.601* | Acc: *86.390%* (8639/10000)
Train epoch: 368 | Loss: *0.022* | Acc: *99.374%* (49687/50000) 
Test epoch: 368 | Loss: *0.695* | Acc: *85.660%* (8566/10000)
Train epoch: 369 | Loss: *0.022* | Acc: *99.384%* (49692/50000) 
Test epoch: 369 | Loss: *0.805* | Acc: *83.020%* (8302/10000)
Train epoch: 370 | Loss: *0.024* | Acc: *99.282%* (49641/50000) 
Test epoch: 370 | Loss: *0.652* | Acc: *85.770%* (8577/10000)
Train epoch: 371 | Loss: *0.021* | Acc: *99.426%* (49713/50000) 
Test epoch: 371 | Loss: *0.604* | Acc: *86.510%* (8651/10000)
Train epoch: 372 | Loss: *0.023* | Acc: *99.298%* (49649/50000) 
Test epoch: 372 | Loss: *0.579* | Acc: *86.750%* (8675/10000)
Train epoch: 373 | Loss: *0.021* | Acc: *99.366%* (49683/50000) 
Test epoch: 373 | Loss: *0.607* | Acc: *86.770%* (8677/10000)
Train epoch: 374 | Loss: *0.020* | Acc: *99.474%* (49737/50000) 
Test epoch: 374 | Loss: *0.589* | Acc: *86.950%* (8695/10000)
Train epoch: 375 | Loss: *0.022* | Acc: *99.376%* (49688/50000) 
Test epoch: 375 | Loss: *0.666* | Acc: *85.750%* (8575/10000)
Train epoch: 376 | Loss: *0.026* | Acc: *99.214%* (49607/50000) 
Test epoch: 376 | Loss: *0.633* | Acc: *86.190%* (8619/10000)
Train epoch: 377 | Loss: *0.024* | Acc: *99.318%* (49659/50000) 
Test epoch: 377 | Loss: *0.573* | Acc: *87.360%* (8736/10000)
Train epoch: 378 | Loss: *0.019* | Acc: *99.448%* (49724/50000) 
Test epoch: 378 | Loss: *0.611* | Acc: *86.040%* (8604/10000)
Train epoch: 379 | Loss: *0.022* | Acc: *99.386%* (49693/50000) 
Test epoch: 379 | Loss: *0.718* | Acc: *84.660%* (8466/10000)
Train epoch: 380 | Loss: *0.022* | Acc: *99.344%* (49672/50000) 
Test epoch: 380 | Loss: *0.804* | Acc: *83.780%* (8378/10000)
Train epoch: 381 | Loss: *0.022* | Acc: *99.352%* (49676/50000) 
Test epoch: 381 | Loss: *0.581* | Acc: *86.810%* (8681/10000)
Train epoch: 382 | Loss: *0.021* | Acc: *99.448%* (49724/50000) 
Test epoch: 382 | Loss: *0.633* | Acc: *86.050%* (8605/10000)
Train epoch: 383 | Loss: *0.019* | Acc: *99.500%* (49750/50000) 
Test epoch: 383 | Loss: *0.590* | Acc: *86.830%* (8683/10000)
Train epoch: 384 | Loss: *0.022* | Acc: *99.370%* (49685/50000) 
Test epoch: 384 | Loss: *0.615* | Acc: *86.270%* (8627/10000)
Train epoch: 385 | Loss: *0.018* | Acc: *99.524%* (49762/50000) 
Test epoch: 385 | Loss: *0.622* | Acc: *86.240%* (8624/10000)
Train epoch: 386 | Loss: *0.018* | Acc: *99.466%* (49733/50000) 
Test epoch: 386 | Loss: *0.636* | Acc: *85.410%* (8541/10000)
Train epoch: 387 | Loss: *0.019* | Acc: *99.466%* (49733/50000) 
Test epoch: 387 | Loss: *0.618* | Acc: *86.110%* (8611/10000)
Train epoch: 388 | Loss: *0.019* | Acc: *99.450%* (49725/50000) 
Test epoch: 388 | Loss: *0.941* | Acc: *81.510%* (8151/10000)
Train epoch: 389 | Loss: *0.021* | Acc: *99.402%* (49701/50000) 
Test epoch: 389 | Loss: *0.557* | Acc: *87.590%* (8759/10000)
Train epoch: 390 | Loss: *0.020* | Acc: *99.412%* (49706/50000) 
Test epoch: 390 | Loss: *0.609* | Acc: *86.850%* (8685/10000)
Train epoch: 391 | Loss: *0.016* | Acc: *99.560%* (49780/50000) 
Test epoch: 391 | Loss: *0.599* | Acc: *86.490%* (8649/10000)
Train epoch: 392 | Loss: *0.020* | Acc: *99.380%* (49690/50000) 
Test epoch: 392 | Loss: *0.593* | Acc: *86.740%* (8674/10000)
Train epoch: 393 | Loss: *0.019* | Acc: *99.464%* (49732/50000) 
Test epoch: 393 | Loss: *0.682* | Acc: *85.950%* (8595/10000)
Train epoch: 394 | Loss: *0.021* | Acc: *99.402%* (49701/50000) 
Test epoch: 394 | Loss: *0.600* | Acc: *86.250%* (8625/10000)
Train epoch: 395 | Loss: *0.022* | Acc: *99.320%* (49660/50000) 
Test epoch: 395 | Loss: *0.638* | Acc: *85.970%* (8597/10000)
Train epoch: 396 | Loss: *0.021* | Acc: *99.380%* (49690/50000) 
Test epoch: 396 | Loss: *0.586* | Acc: *87.140%* (8714/10000)
Train epoch: 397 | Loss: *0.019* | Acc: *99.460%* (49730/50000) 
Test epoch: 397 | Loss: *0.664* | Acc: *86.060%* (8606/10000)
Train epoch: 398 | Loss: *0.018* | Acc: *99.522%* (49761/50000) 
Test epoch: 398 | Loss: *0.598* | Acc: *86.810%* (8681/10000)
Train epoch: 399 | Loss: *0.019* | Acc: *99.478%* (49739/50000) 
Test epoch: 399 | Loss: *0.789* | Acc: *84.140%* (8414/10000)
Train epoch: 400 | Loss: *0.018* | Acc: *99.494%* (49747/50000) 
Test epoch: 400 | Loss: *0.633* | Acc: *86.270%* (8627/10000)
Train epoch: 401 | Loss: *0.017* | Acc: *99.550%* (49775/50000) 
Test epoch: 401 | Loss: *0.801* | Acc: *83.860%* (8386/10000)
Train epoch: 402 | Loss: *0.018* | Acc: *99.496%* (49748/50000) 
Test epoch: 402 | Loss: *0.597* | Acc: *86.800%* (8680/10000)
Train epoch: 403 | Loss: *0.014* | Acc: *99.674%* (49837/50000) 
Test epoch: 403 | Loss: *0.595* | Acc: *87.200%* (8720/10000)
Train epoch: 404 | Loss: *0.015* | Acc: *99.606%* (49803/50000) 
Test epoch: 404 | Loss: *0.561* | Acc: *87.320%* (8732/10000)
Train epoch: 405 | Loss: *0.019* | Acc: *99.484%* (49742/50000) 
Test epoch: 405 | Loss: *0.593* | Acc: *86.810%* (8681/10000)
Train epoch: 406 | Loss: *0.016* | Acc: *99.582%* (49791/50000) 
Test epoch: 406 | Loss: *0.618* | Acc: *86.640%* (8664/10000)
Train epoch: 407 | Loss: *0.022* | Acc: *99.344%* (49672/50000) 
Test epoch: 407 | Loss: *0.659* | Acc: *85.740%* (8574/10000)
Train epoch: 408 | Loss: *0.017* | Acc: *99.520%* (49760/50000) 
Test epoch: 408 | Loss: *0.614* | Acc: *86.110%* (8611/10000)
Train epoch: 409 | Loss: *0.017* | Acc: *99.532%* (49766/50000) 
Test epoch: 409 | Loss: *0.574* | Acc: *86.980%* (8698/10000)
Train epoch: 410 | Loss: *0.016* | Acc: *99.530%* (49765/50000) 
Test epoch: 410 | Loss: *0.608* | Acc: *86.280%* (8628/10000)
Train epoch: 411 | Loss: *0.018* | Acc: *99.500%* (49750/50000) 
Test epoch: 411 | Loss: *0.719* | Acc: *84.560%* (8456/10000)
Train epoch: 412 | Loss: *0.018* | Acc: *99.516%* (49758/50000) 
Test epoch: 412 | Loss: *0.649* | Acc: *86.460%* (8646/10000)
Train epoch: 413 | Loss: *0.016* | Acc: *99.520%* (49760/50000) 
Test epoch: 413 | Loss: *0.606* | Acc: *86.100%* (8610/10000)
Train epoch: 414 | Loss: *0.014* | Acc: *99.638%* (49819/50000) 
Test epoch: 414 | Loss: *0.588* | Acc: *87.080%* (8708/10000)
Train epoch: 415 | Loss: *0.014* | Acc: *99.616%* (49808/50000) 
Test epoch: 415 | Loss: *0.630* | Acc: *86.570%* (8657/10000)
Train epoch: 416 | Loss: *0.016* | Acc: *99.562%* (49781/50000) 
Test epoch: 416 | Loss: *0.720* | Acc: *85.230%* (8523/10000)
Train epoch: 417 | Loss: *0.012* | Acc: *99.716%* (49858/50000) 
Test epoch: 417 | Loss: *0.571* | Acc: *87.760%* (8776/10000)
Train epoch: 418 | Loss: *0.013* | Acc: *99.670%* (49835/50000) 
Test epoch: 418 | Loss: *0.573* | Acc: *87.100%* (8710/10000)
Train epoch: 419 | Loss: *0.010* | Acc: *99.780%* (49890/50000) 
Test epoch: 419 | Loss: *0.578* | Acc: *87.490%* (8749/10000)
Train epoch: 420 | Loss: *0.013* | Acc: *99.652%* (49826/50000) 
Test epoch: 420 | Loss: *0.586* | Acc: *87.160%* (8716/10000)
Train epoch: 421 | Loss: *0.013* | Acc: *99.614%* (49807/50000) 
Test epoch: 421 | Loss: *0.587* | Acc: *87.470%* (8747/10000)
Train epoch: 422 | Loss: *0.012* | Acc: *99.684%* (49842/50000) 
Test epoch: 422 | Loss: *0.588* | Acc: *87.580%* (8758/10000)
Train epoch: 423 | Loss: *0.013* | Acc: *99.628%* (49814/50000) 
Test epoch: 423 | Loss: *0.637* | Acc: *86.570%* (8657/10000)
Train epoch: 424 | Loss: *0.011* | Acc: *99.704%* (49852/50000) 
Test epoch: 424 | Loss: *0.659* | Acc: *85.940%* (8594/10000)
Train epoch: 425 | Loss: *0.011* | Acc: *99.756%* (49878/50000) 
Test epoch: 425 | Loss: *0.620* | Acc: *87.220%* (8722/10000)
Train epoch: 426 | Loss: *0.010* | Acc: *99.754%* (49877/50000) 
Test epoch: 426 | Loss: *0.592* | Acc: *87.360%* (8736/10000)
Train epoch: 427 | Loss: *0.007* | Acc: *99.850%* (49925/50000) 
Test epoch: 427 | Loss: *0.558* | Acc: *87.450%* (8745/10000)
Train epoch: 428 | Loss: *0.009* | Acc: *99.790%* (49895/50000) 
Test epoch: 428 | Loss: *0.588* | Acc: *87.300%* (8730/10000)
Train epoch: 429 | Loss: *0.012* | Acc: *99.694%* (49847/50000) 
Test epoch: 429 | Loss: *0.612* | Acc: *87.120%* (8712/10000)
Train epoch: 430 | Loss: *0.009* | Acc: *99.814%* (49907/50000) 
Test epoch: 430 | Loss: *0.630* | Acc: *87.040%* (8704/10000)
Train epoch: 431 | Loss: *0.012* | Acc: *99.690%* (49845/50000) 
Test epoch: 431 | Loss: *0.558* | Acc: *87.770%* (8777/10000)
Train epoch: 432 | Loss: *0.011* | Acc: *99.744%* (49872/50000) 
Test epoch: 432 | Loss: *0.599* | Acc: *87.240%* (8724/10000)
Train epoch: 433 | Loss: *0.010* | Acc: *99.774%* (49887/50000) 
Test epoch: 433 | Loss: *0.573* | Acc: *87.690%* (8769/10000)
Train epoch: 434 | Loss: *0.010* | Acc: *99.766%* (49883/50000) 
Test epoch: 434 | Loss: *0.582* | Acc: *87.460%* (8746/10000)
Train epoch: 435 | Loss: *0.009* | Acc: *99.776%* (49888/50000) 
Test epoch: 435 | Loss: *0.578* | Acc: *87.900%* (8790/10000)
Train epoch: 436 | Loss: *0.010* | Acc: *99.740%* (49870/50000) 
Test epoch: 436 | Loss: *0.598* | Acc: *87.110%* (8711/10000)
Train epoch: 437 | Loss: *0.008* | Acc: *99.806%* (49903/50000) 
Test epoch: 437 | Loss: *0.581* | Acc: *87.770%* (8777/10000)
Train epoch: 438 | Loss: *0.008* | Acc: *99.810%* (49905/50000) 
Test epoch: 438 | Loss: *0.558* | Acc: *87.740%* (8774/10000)
Train epoch: 439 | Loss: *0.007* | Acc: *99.886%* (49943/50000) 
Test epoch: 439 | Loss: *0.627* | Acc: *86.090%* (8609/10000)
Train epoch: 440 | Loss: *0.008* | Acc: *99.832%* (49916/50000) 
Test epoch: 440 | Loss: *0.595* | Acc: *87.680%* (8768/10000)
Train epoch: 441 | Loss: *0.010* | Acc: *99.768%* (49884/50000) 
Test epoch: 441 | Loss: *0.589* | Acc: *87.540%* (8754/10000)
Train epoch: 442 | Loss: *0.006* | Acc: *99.876%* (49938/50000) 
Test epoch: 442 | Loss: *0.553* | Acc: *88.300%* (8830/10000)
Train epoch: 443 | Loss: *0.007* | Acc: *99.868%* (49934/50000) 
Test epoch: 443 | Loss: *0.588* | Acc: *87.560%* (8756/10000)
Train epoch: 444 | Loss: *0.008* | Acc: *99.834%* (49917/50000) 
Test epoch: 444 | Loss: *0.563* | Acc: *88.190%* (8819/10000)
Train epoch: 445 | Loss: *0.006* | Acc: *99.888%* (49944/50000) 
Test epoch: 445 | Loss: *0.571* | Acc: *88.200%* (8820/10000)
Train epoch: 446 | Loss: *0.007* | Acc: *99.854%* (49927/50000) 
Test epoch: 446 | Loss: *0.573* | Acc: *87.300%* (8730/10000)
Train epoch: 447 | Loss: *0.007* | Acc: *99.852%* (49926/50000) 
Test epoch: 447 | Loss: *0.572* | Acc: *87.690%* (8769/10000)
Train epoch: 448 | Loss: *0.007* | Acc: *99.852%* (49926/50000) 
Test epoch: 448 | Loss: *0.564* | Acc: *88.080%* (8808/10000)
Train epoch: 449 | Loss: *0.007* | Acc: *99.874%* (49937/50000) 
Test epoch: 449 | Loss: *0.570* | Acc: *87.510%* (8751/10000)
Train epoch: 450 | Loss: *0.006* | Acc: *99.904%* (49952/50000) 
Test epoch: 450 | Loss: *0.616* | Acc: *86.690%* (8669/10000)
Train epoch: 451 | Loss: *0.008* | Acc: *99.814%* (49907/50000) 
Test epoch: 451 | Loss: *0.549* | Acc: *88.090%* (8809/10000)
Train epoch: 452 | Loss: *0.005* | Acc: *99.928%* (49964/50000) 
Test epoch: 452 | Loss: *0.552* | Acc: *88.430%* (8843/10000)
Train epoch: 453 | Loss: *0.006* | Acc: *99.880%* (49940/50000) 
Test epoch: 453 | Loss: *0.551* | Acc: *87.750%* (8775/10000)
Train epoch: 454 | Loss: *0.005* | Acc: *99.922%* (49961/50000) 
Test epoch: 454 | Loss: *0.552* | Acc: *87.910%* (8791/10000)
Train epoch: 455 | Loss: *0.005* | Acc: *99.922%* (49961/50000) 
Test epoch: 455 | Loss: *0.566* | Acc: *87.990%* (8799/10000)
Train epoch: 456 | Loss: *0.003* | Acc: *99.974%* (49987/50000) 
Test epoch: 456 | Loss: *0.549* | Acc: *88.330%* (8833/10000)
Train epoch: 457 | Loss: *0.004* | Acc: *99.944%* (49972/50000) 
Test epoch: 457 | Loss: *0.544* | Acc: *87.760%* (8776/10000)
Train epoch: 458 | Loss: *0.004* | Acc: *99.942%* (49971/50000) 
Test epoch: 458 | Loss: *0.552* | Acc: *88.100%* (8810/10000)
Train epoch: 459 | Loss: *0.003* | Acc: *99.970%* (49985/50000) 
Test epoch: 459 | Loss: *0.533* | Acc: *88.060%* (8806/10000)
Train epoch: 460 | Loss: *0.003* | Acc: *99.958%* (49979/50000) 
Test epoch: 460 | Loss: *0.567* | Acc: *88.190%* (8819/10000)
Train epoch: 461 | Loss: *0.003* | Acc: *99.972%* (49986/50000) 
Test epoch: 461 | Loss: *0.543* | Acc: *88.500%* (8850/10000)
Train epoch: 462 | Loss: *0.003* | Acc: *99.962%* (49981/50000) 
Test epoch: 462 | Loss: *0.556* | Acc: *87.920%* (8792/10000)
Train epoch: 463 | Loss: *0.003* | Acc: *99.966%* (49983/50000) 
Test epoch: 463 | Loss: *0.554* | Acc: *88.190%* (8819/10000)
Train epoch: 464 | Loss: *0.002* | Acc: *99.984%* (49992/50000) 
Test epoch: 464 | Loss: *0.541* | Acc: *88.370%* (8837/10000)
Train epoch: 465 | Loss: *0.002* | Acc: *99.990%* (49995/50000) 
Test epoch: 465 | Loss: *0.535* | Acc: *88.360%* (8836/10000)
Train epoch: 466 | Loss: *0.002* | Acc: *99.992%* (49996/50000) 
Test epoch: 466 | Loss: *0.549* | Acc: *88.230%* (8823/10000)
Train epoch: 467 | Loss: *0.003* | Acc: *99.972%* (49986/50000) 
Test epoch: 467 | Loss: *0.558* | Acc: *87.980%* (8798/10000)
Train epoch: 468 | Loss: *0.002* | Acc: *99.986%* (49993/50000) 
Test epoch: 468 | Loss: *0.532* | Acc: *88.320%* (8832/10000)
Train epoch: 469 | Loss: *0.002* | Acc: *99.998%* (49999/50000) 
Test epoch: 469 | Loss: *0.539* | Acc: *88.310%* (8831/10000)
Train epoch: 470 | Loss: *0.002* | Acc: *99.990%* (49995/50000) 
Test epoch: 470 | Loss: *0.519* | Acc: *88.450%* (8845/10000)
Train epoch: 471 | Loss: *0.002* | Acc: *99.984%* (49992/50000) 
Test epoch: 471 | Loss: *0.545* | Acc: *88.340%* (8834/10000)
Train epoch: 472 | Loss: *0.003* | Acc: *99.968%* (49984/50000) 
Test epoch: 472 | Loss: *0.525* | Acc: *88.350%* (8835/10000)
Train epoch: 473 | Loss: *0.002* | Acc: *99.990%* (49995/50000) 
Test epoch: 473 | Loss: *0.518* | Acc: *88.520%* (8852/10000)
Train epoch: 474 | Loss: *0.002* | Acc: *99.994%* (49997/50000) 
Test epoch: 474 | Loss: *0.523* | Acc: *88.620%* (8862/10000)
Train epoch: 475 | Loss: *0.002* | Acc: *99.986%* (49993/50000) 
Test epoch: 475 | Loss: *0.528* | Acc: *88.600%* (8860/10000)
Train epoch: 476 | Loss: *0.002* | Acc: *99.994%* (49997/50000) 
Test epoch: 476 | Loss: *0.522* | Acc: *88.510%* (8851/10000)
Train epoch: 477 | Loss: *0.002* | Acc: *100.000%* (50000/50000) 
Test epoch: 477 | Loss: *0.520* | Acc: *88.610%* (8861/10000)
Train epoch: 478 | Loss: *0.002* | Acc: *100.000%* (50000/50000) 
Test epoch: 478 | Loss: *0.519* | Acc: *88.750%* (8875/10000)
Train epoch: 479 | Loss: *0.002* | Acc: *100.000%* (50000/50000) 
Test epoch: 479 | Loss: *0.517* | Acc: *88.760%* (8876/10000)
Train epoch: 480 | Loss: *0.002* | Acc: *99.994%* (49997/50000) 
Test epoch: 480 | Loss: *0.523* | Acc: *88.770%* (8877/10000)
Train epoch: 481 | Loss: *0.002* | Acc: *99.990%* (49995/50000) 
Test epoch: 481 | Loss: *0.520* | Acc: *88.610%* (8861/10000)
Train epoch: 482 | Loss: *0.002* | Acc: *99.998%* (49999/50000) 
Test epoch: 482 | Loss: *0.515* | Acc: *88.730%* (8873/10000)
Train epoch: 483 | Loss: *0.002* | Acc: *99.988%* (49994/50000) 
Test epoch: 483 | Loss: *0.513* | Acc: *88.760%* (8876/10000)
Train epoch: 484 | Loss: *0.002* | Acc: *99.998%* (49999/50000) 
Test epoch: 484 | Loss: *0.518* | Acc: *88.820%* (8882/10000)
Train epoch: 485 | Loss: *0.002* | Acc: *99.996%* (49998/50000) 
Test epoch: 485 | Loss: *0.520* | Acc: *88.680%* (8868/10000)
Train epoch: 486 | Loss: *0.002* | Acc: *99.998%* (49999/50000) 
Test epoch: 486 | Loss: *0.508* | Acc: *88.670%* (8867/10000)
Train epoch: 487 | Loss: *0.001* | Acc: *99.998%* (49999/50000) 
Test epoch: 487 | Loss: *0.510* | Acc: *88.770%* (8877/10000)
Train epoch: 488 | Loss: *0.002* | Acc: *99.994%* (49997/50000) 
Test epoch: 488 | Loss: *0.514* | Acc: *88.780%* (8878/10000)
Train epoch: 489 | Loss: *0.002* | Acc: *99.992%* (49996/50000) 
Test epoch: 489 | Loss: *0.512* | Acc: *88.710%* (8871/10000)
Train epoch: 490 | Loss: *0.002* | Acc: *99.996%* (49998/50000) 
Test epoch: 490 | Loss: *0.515* | Acc: *88.780%* (8878/10000)
Train epoch: 491 | Loss: *0.002* | Acc: *99.992%* (49996/50000) 
Test epoch: 491 | Loss: *0.514* | Acc: *88.790%* (8879/10000)
Train epoch: 492 | Loss: *0.002* | Acc: *99.990%* (49995/50000) 
Test epoch: 492 | Loss: *0.502* | Acc: *88.570%* (8857/10000)
Train epoch: 493 | Loss: *0.002* | Acc: *99.996%* (49998/50000) 
Test epoch: 493 | Loss: *0.511* | Acc: *88.770%* (8877/10000)
Train epoch: 494 | Loss: *0.002* | Acc: *99.994%* (49997/50000) 
Test epoch: 494 | Loss: *0.518* | Acc: *88.610%* (8861/10000)
Train epoch: 495 | Loss: *0.002* | Acc: *100.000%* (50000/50000) 
Test epoch: 495 | Loss: *0.508* | Acc: *88.650%* (8865/10000)
Train epoch: 496 | Loss: *0.002* | Acc: *100.000%* (50000/50000) 
Test epoch: 496 | Loss: *0.505* | Acc: *88.790%* (8879/10000)
Train epoch: 497 | Loss: *0.001* | Acc: *100.000%* (50000/50000) 
Test epoch: 497 | Loss: *0.503* | Acc: *88.770%* (8877/10000)
Train epoch: 498 | Loss: *0.002* | Acc: *99.998%* (49999/50000) 
Test epoch: 498 | Loss: *0.501* | Acc: *88.770%* (8877/10000)
Train epoch: 499 | Loss: *0.002* | Acc: *100.000%* (50000/50000) 
Test epoch: 499 | Loss: *0.506* | Acc: *88.800%* (8880/10000)
Train epoch: 500 | Loss: *0.002* | Acc: *99.998%* (49999/50000) 
Test epoch: 500 | Loss: *0.507* | Acc: *88.670%* (8867/10000)
Best test accuracy: *88.820%*, loss: *0.518387459218502*, at epoch: *484*.
==> Execution time summary of 500 epoch(s).
Train data loading time: sum. *232.16928392089903* secs | avg. *0.46433856784179806* secs per epoch.
Train training time: sum. *882.7330955388024* secs | avg. *1.7654661910776048* secs per epoch.
Train total time: sum. *1114.9023794597015* secs | avg. *2.229804758919403* secs per epoch.
Test data loading time: sum. *94.89091275632381* secs | avg. *0.18978182551264763* secs per epoch.
Test training time: sum. *67.20360052585602* secs | avg. *0.13440720105171203* secs per epoch.
Test total time: sum. *162.09451328217983* secs | avg. *0.32418902656435966* secs per epoch.
Total data loading time: sum. *327.06019667722285* secs | avg. *0.6541203933544457* secs per epoch.
Total training time: sum. *949.9366960646585* secs | avg. *1.899873392129317* secs per epoch.
Total running time: sum. *1276.9968927418813* secs | avg. *2.5539937854837627* secs per epoch.
==> Number of GPU device: 1
==> Device #0 Memory Usage
==> Allocated: 0.1 GB
==> Cached:    1.6 GB
==> Maximum: 1.6 GB
