==> Running on : cuda
==> Number of CPU: 48
==> Number of workers: 2
==> #Epochs: 500, #Layers: 2, #Blocks: [1, 3], In channel: 64, Input layer conv kernel: 7x7, Residual layer conv kernel 7x7, Skip kernel: 1x1, Input layer conv padding: 3, Residual layer conv padding: 3
==> Optimizer is Adagrad
==> Learning rate: 0.01
==> Weight decay: 0.0005
==>Trainable Parameters: 4837962
==>Other Parameters: 0
==>Augmentation: None
Files already downloaded and verified
Train epoch: 1 | Loss: *1.578* | Acc: *41.506%* (20753/50000) 
Test epoch: 1 | Loss: *2.087* | Acc: *30.460%* (3046/10000)
Train epoch: 2 | Loss: *1.170* | Acc: *57.826%* (28913/50000) 
Test epoch: 2 | Loss: *1.502* | Acc: *50.480%* (5048/10000)
Train epoch: 3 | Loss: *0.963* | Acc: *65.714%* (32857/50000) 
Test epoch: 3 | Loss: *1.472* | Acc: *48.310%* (4831/10000)
Train epoch: 4 | Loss: *0.822* | Acc: *71.024%* (35512/50000) 
Test epoch: 4 | Loss: *1.468* | Acc: *55.370%* (5537/10000)
Train epoch: 5 | Loss: *0.704* | Acc: *75.340%* (37670/50000) 
Test epoch: 5 | Loss: *0.786* | Acc: *72.670%* (7267/10000)
Train epoch: 6 | Loss: *0.620* | Acc: *78.672%* (39336/50000) 
Test epoch: 6 | Loss: *0.799* | Acc: *72.240%* (7224/10000)
Train epoch: 7 | Loss: *0.555* | Acc: *80.736%* (40368/50000) 
Test epoch: 7 | Loss: *0.865* | Acc: *70.920%* (7092/10000)
Train epoch: 8 | Loss: *0.496* | Acc: *82.892%* (41446/50000) 
Test epoch: 8 | Loss: *0.670* | Acc: *77.440%* (7744/10000)
Train epoch: 9 | Loss: *0.447* | Acc: *84.550%* (42275/50000) 
Test epoch: 9 | Loss: *2.310* | Acc: *43.200%* (4320/10000)
Train epoch: 10 | Loss: *0.401* | Acc: *86.336%* (43168/50000) 
Test epoch: 10 | Loss: *0.725* | Acc: *75.730%* (7573/10000)
Train epoch: 11 | Loss: *0.361* | Acc: *87.538%* (43769/50000) 
Test epoch: 11 | Loss: *0.759* | Acc: *74.910%* (7491/10000)
Train epoch: 12 | Loss: *0.319* | Acc: *89.092%* (44546/50000) 
Test epoch: 12 | Loss: *0.678* | Acc: *78.010%* (7801/10000)
Train epoch: 13 | Loss: *0.283* | Acc: *90.436%* (45218/50000) 
Test epoch: 13 | Loss: *0.711* | Acc: *77.430%* (7743/10000)
Train epoch: 14 | Loss: *0.250* | Acc: *91.670%* (45835/50000) 
Test epoch: 14 | Loss: *0.687* | Acc: *77.510%* (7751/10000)
Train epoch: 15 | Loss: *0.217* | Acc: *92.758%* (46379/50000) 
Test epoch: 15 | Loss: *0.873* | Acc: *73.730%* (7373/10000)
Train epoch: 16 | Loss: *0.186* | Acc: *93.966%* (46983/50000) 
Test epoch: 16 | Loss: *0.726* | Acc: *77.590%* (7759/10000)
Train epoch: 17 | Loss: *0.158* | Acc: *94.886%* (47443/50000) 
Test epoch: 17 | Loss: *0.773* | Acc: *77.530%* (7753/10000)
Train epoch: 18 | Loss: *0.137* | Acc: *95.604%* (47802/50000) 
Test epoch: 18 | Loss: *0.689* | Acc: *80.090%* (8009/10000)
Train epoch: 19 | Loss: *0.113* | Acc: *96.460%* (48230/50000) 
Test epoch: 19 | Loss: *0.678* | Acc: *79.990%* (7999/10000)
Train epoch: 20 | Loss: *0.095* | Acc: *97.084%* (48542/50000) 
Test epoch: 20 | Loss: *0.819* | Acc: *77.430%* (7743/10000)
Train epoch: 21 | Loss: *0.087* | Acc: *97.314%* (48657/50000) 
Test epoch: 21 | Loss: *0.636* | Acc: *81.970%* (8197/10000)
Train epoch: 22 | Loss: *0.071* | Acc: *97.928%* (48964/50000) 
Test epoch: 22 | Loss: *0.892* | Acc: *77.270%* (7727/10000)
Train epoch: 23 | Loss: *0.056* | Acc: *98.442%* (49221/50000) 
Test epoch: 23 | Loss: *0.755* | Acc: *79.960%* (7996/10000)
Train epoch: 24 | Loss: *0.051* | Acc: *98.602%* (49301/50000) 
Test epoch: 24 | Loss: *0.690* | Acc: *80.940%* (8094/10000)
Train epoch: 25 | Loss: *0.043* | Acc: *98.850%* (49425/50000) 
Test epoch: 25 | Loss: *0.705* | Acc: *81.530%* (8153/10000)
Train epoch: 26 | Loss: *0.047* | Acc: *98.686%* (49343/50000) 
Test epoch: 26 | Loss: *0.740* | Acc: *81.270%* (8127/10000)
Train epoch: 27 | Loss: *0.043* | Acc: *98.828%* (49414/50000) 
Test epoch: 27 | Loss: *0.823* | Acc: *79.550%* (7955/10000)
Train epoch: 28 | Loss: *0.034* | Acc: *99.144%* (49572/50000) 
Test epoch: 28 | Loss: *0.748* | Acc: *81.710%* (8171/10000)
Train epoch: 29 | Loss: *0.028* | Acc: *99.264%* (49632/50000) 
Test epoch: 29 | Loss: *0.941* | Acc: *77.270%* (7727/10000)
Train epoch: 30 | Loss: *0.031* | Acc: *99.268%* (49634/50000) 
Test epoch: 30 | Loss: *0.723* | Acc: *81.530%* (8153/10000)
Train epoch: 31 | Loss: *0.038* | Acc: *98.862%* (49431/50000) 
Test epoch: 31 | Loss: *0.675* | Acc: *82.150%* (8215/10000)
Train epoch: 32 | Loss: *0.025* | Acc: *99.392%* (49696/50000) 
Test epoch: 32 | Loss: *0.735* | Acc: *81.740%* (8174/10000)
Train epoch: 33 | Loss: *0.023* | Acc: *99.446%* (49723/50000) 
Test epoch: 33 | Loss: *0.685* | Acc: *82.410%* (8241/10000)
Train epoch: 34 | Loss: *0.019* | Acc: *99.550%* (49775/50000) 
Test epoch: 34 | Loss: *0.710* | Acc: *82.430%* (8243/10000)
Train epoch: 35 | Loss: *0.027* | Acc: *99.300%* (49650/50000) 
Test epoch: 35 | Loss: *0.829* | Acc: *79.520%* (7952/10000)
Train epoch: 36 | Loss: *0.027* | Acc: *99.280%* (49640/50000) 
Test epoch: 36 | Loss: *0.917* | Acc: *78.290%* (7829/10000)
Train epoch: 37 | Loss: *0.028* | Acc: *99.260%* (49630/50000) 
Test epoch: 37 | Loss: *0.755* | Acc: *81.830%* (8183/10000)
Train epoch: 38 | Loss: *0.022* | Acc: *99.466%* (49733/50000) 
Test epoch: 38 | Loss: *0.612* | Acc: *84.370%* (8437/10000)
Train epoch: 39 | Loss: *0.020* | Acc: *99.572%* (49786/50000) 
Test epoch: 39 | Loss: *0.990* | Acc: *77.290%* (7729/10000)
Train epoch: 40 | Loss: *0.013* | Acc: *99.728%* (49864/50000) 
Test epoch: 40 | Loss: *0.701* | Acc: *82.720%* (8272/10000)
Train epoch: 41 | Loss: *0.012* | Acc: *99.746%* (49873/50000) 
Test epoch: 41 | Loss: *0.616* | Acc: *84.470%* (8447/10000)
Train epoch: 42 | Loss: *0.006* | Acc: *99.936%* (49968/50000) 
Test epoch: 42 | Loss: *0.617* | Acc: *84.690%* (8469/10000)
Train epoch: 43 | Loss: *0.003* | Acc: *99.994%* (49997/50000) 
Test epoch: 43 | Loss: *0.600* | Acc: *85.210%* (8521/10000)
Train epoch: 44 | Loss: *0.002* | Acc: *99.998%* (49999/50000) 
Test epoch: 44 | Loss: *0.592* | Acc: *85.320%* (8532/10000)
Train epoch: 45 | Loss: *0.001* | Acc: *100.000%* (50000/50000) 
Test epoch: 45 | Loss: *0.600* | Acc: *85.470%* (8547/10000)
Train epoch: 46 | Loss: *0.001* | Acc: *100.000%* (50000/50000) 
Test epoch: 46 | Loss: *0.651* | Acc: *84.630%* (8463/10000)
Train epoch: 47 | Loss: *0.001* | Acc: *100.000%* (50000/50000) 
Test epoch: 47 | Loss: *0.592* | Acc: *85.660%* (8566/10000)
Train epoch: 48 | Loss: *0.001* | Acc: *100.000%* (50000/50000) 
Test epoch: 48 | Loss: *0.585* | Acc: *85.470%* (8547/10000)
Train epoch: 49 | Loss: *0.001* | Acc: *100.000%* (50000/50000) 
Test epoch: 49 | Loss: *0.591* | Acc: *85.650%* (8565/10000)
Train epoch: 50 | Loss: *0.001* | Acc: *100.000%* (50000/50000) 
Test epoch: 50 | Loss: *0.601* | Acc: *85.600%* (8560/10000)
Train epoch: 51 | Loss: *0.001* | Acc: *100.000%* (50000/50000) 
Test epoch: 51 | Loss: *0.590* | Acc: *85.730%* (8573/10000)
Train epoch: 52 | Loss: *0.001* | Acc: *100.000%* (50000/50000) 
Test epoch: 52 | Loss: *0.594* | Acc: *85.580%* (8558/10000)
Train epoch: 53 | Loss: *0.001* | Acc: *100.000%* (50000/50000) 
Test epoch: 53 | Loss: *0.579* | Acc: *85.580%* (8558/10000)
Train epoch: 54 | Loss: *0.001* | Acc: *100.000%* (50000/50000) 
Test epoch: 54 | Loss: *0.568* | Acc: *85.500%* (8550/10000)
Train epoch: 55 | Loss: *0.001* | Acc: *100.000%* (50000/50000) 
Test epoch: 55 | Loss: *0.630* | Acc: *85.660%* (8566/10000)
Train epoch: 56 | Loss: *0.014* | Acc: *99.712%* (49856/50000) 
Test epoch: 56 | Loss: *0.577* | Acc: *82.890%* (8289/10000)
Train epoch: 57 | Loss: *0.063* | Acc: *98.230%* (49115/50000) 
Test epoch: 57 | Loss: *0.640* | Acc: *81.830%* (8183/10000)
Train epoch: 58 | Loss: *0.053* | Acc: *98.528%* (49264/50000) 
Test epoch: 58 | Loss: *0.830* | Acc: *78.730%* (7873/10000)
Train epoch: 59 | Loss: *0.045* | Acc: *98.700%* (49350/50000) 
Test epoch: 59 | Loss: *0.680* | Acc: *82.560%* (8256/10000)
Train epoch: 60 | Loss: *0.034* | Acc: *99.094%* (49547/50000) 
Test epoch: 60 | Loss: *0.694* | Acc: *82.170%* (8217/10000)
Train epoch: 61 | Loss: *0.027* | Acc: *99.342%* (49671/50000) 
Test epoch: 61 | Loss: *0.694* | Acc: *82.270%* (8227/10000)
Train epoch: 62 | Loss: *0.011* | Acc: *99.822%* (49911/50000) 
Test epoch: 62 | Loss: *0.604* | Acc: *84.340%* (8434/10000)
Train epoch: 63 | Loss: *0.007* | Acc: *99.914%* (49957/50000) 
Test epoch: 63 | Loss: *0.609* | Acc: *84.430%* (8443/10000)
Train epoch: 64 | Loss: *0.005* | Acc: *99.952%* (49976/50000) 
Test epoch: 64 | Loss: *0.585* | Acc: *85.080%* (8508/10000)
Train epoch: 65 | Loss: *0.002* | Acc: *99.998%* (49999/50000) 
Test epoch: 65 | Loss: *0.567* | Acc: *85.820%* (8582/10000)
Train epoch: 66 | Loss: *0.002* | Acc: *100.000%* (50000/50000) 
Test epoch: 66 | Loss: *0.570* | Acc: *86.060%* (8606/10000)
Train epoch: 67 | Loss: *0.001* | Acc: *100.000%* (50000/50000) 
Test epoch: 67 | Loss: *0.572* | Acc: *85.980%* (8598/10000)
Train epoch: 68 | Loss: *0.001* | Acc: *100.000%* (50000/50000) 
Test epoch: 68 | Loss: *0.575* | Acc: *86.100%* (8610/10000)
Train epoch: 69 | Loss: *0.002* | Acc: *99.990%* (49995/50000) 
Test epoch: 69 | Loss: *0.564* | Acc: *85.970%* (8597/10000)
Train epoch: 70 | Loss: *0.002* | Acc: *99.998%* (49999/50000) 
Test epoch: 70 | Loss: *0.573* | Acc: *85.870%* (8587/10000)
Train epoch: 71 | Loss: *0.001* | Acc: *100.000%* (50000/50000) 
Test epoch: 71 | Loss: *0.575* | Acc: *86.020%* (8602/10000)
Train epoch: 72 | Loss: *0.001* | Acc: *100.000%* (50000/50000) 
Test epoch: 72 | Loss: *0.575* | Acc: *85.900%* (8590/10000)
Train epoch: 73 | Loss: *0.001* | Acc: *100.000%* (50000/50000) 
Test epoch: 73 | Loss: *0.583* | Acc: *86.050%* (8605/10000)
Train epoch: 74 | Loss: *0.001* | Acc: *100.000%* (50000/50000) 
Test epoch: 74 | Loss: *0.573* | Acc: *85.850%* (8585/10000)
Train epoch: 75 | Loss: *0.001* | Acc: *100.000%* (50000/50000) 
Test epoch: 75 | Loss: *0.585* | Acc: *85.940%* (8594/10000)
Train epoch: 76 | Loss: *0.001* | Acc: *100.000%* (50000/50000) 
Test epoch: 76 | Loss: *0.579* | Acc: *86.140%* (8614/10000)
Train epoch: 77 | Loss: *0.001* | Acc: *100.000%* (50000/50000) 
Test epoch: 77 | Loss: *0.592* | Acc: *85.990%* (8599/10000)
Train epoch: 78 | Loss: *0.001* | Acc: *100.000%* (50000/50000) 
Test epoch: 78 | Loss: *0.579* | Acc: *86.270%* (8627/10000)
Train epoch: 79 | Loss: *0.003* | Acc: *99.988%* (49994/50000) 
Test epoch: 79 | Loss: *0.583* | Acc: *85.400%* (8540/10000)
Train epoch: 80 | Loss: *0.011* | Acc: *99.830%* (49915/50000) 
Test epoch: 80 | Loss: *0.657* | Acc: *81.670%* (8167/10000)
Train epoch: 81 | Loss: *0.033* | Acc: *99.230%* (49615/50000) 
Test epoch: 81 | Loss: *0.969* | Acc: *77.040%* (7704/10000)
Train epoch: 82 | Loss: *0.041* | Acc: *98.902%* (49451/50000) 
Test epoch: 82 | Loss: *0.719* | Acc: *80.960%* (8096/10000)
Train epoch: 83 | Loss: *0.024* | Acc: *99.458%* (49729/50000) 
Test epoch: 83 | Loss: *0.682* | Acc: *82.780%* (8278/10000)
Train epoch: 84 | Loss: *0.016* | Acc: *99.684%* (49842/50000) 
Test epoch: 84 | Loss: *0.675* | Acc: *83.210%* (8321/10000)
Train epoch: 85 | Loss: *0.016* | Acc: *99.646%* (49823/50000) 
Test epoch: 85 | Loss: *0.583* | Acc: *84.930%* (8493/10000)
Train epoch: 86 | Loss: *0.005* | Acc: *99.976%* (49988/50000) 
Test epoch: 86 | Loss: *0.564* | Acc: *85.680%* (8568/10000)
Train epoch: 87 | Loss: *0.002* | Acc: *100.000%* (50000/50000) 
Test epoch: 87 | Loss: *0.561* | Acc: *85.900%* (8590/10000)
Train epoch: 88 | Loss: *0.002* | Acc: *100.000%* (50000/50000) 
Test epoch: 88 | Loss: *0.562* | Acc: *85.920%* (8592/10000)
Train epoch: 89 | Loss: *0.002* | Acc: *100.000%* (50000/50000) 
Test epoch: 89 | Loss: *0.556* | Acc: *86.010%* (8601/10000)
Train epoch: 90 | Loss: *0.001* | Acc: *100.000%* (50000/50000) 
Test epoch: 90 | Loss: *0.559* | Acc: *86.150%* (8615/10000)
Train epoch: 91 | Loss: *0.001* | Acc: *100.000%* (50000/50000) 
Test epoch: 91 | Loss: *0.559* | Acc: *86.190%* (8619/10000)
Train epoch: 92 | Loss: *0.001* | Acc: *100.000%* (50000/50000) 
Test epoch: 92 | Loss: *0.566* | Acc: *86.250%* (8625/10000)
Train epoch: 93 | Loss: *0.001* | Acc: *100.000%* (50000/50000) 
Test epoch: 93 | Loss: *0.562* | Acc: *86.140%* (8614/10000)
Train epoch: 94 | Loss: *0.001* | Acc: *100.000%* (50000/50000) 
Test epoch: 94 | Loss: *0.560* | Acc: *86.160%* (8616/10000)
Train epoch: 95 | Loss: *0.001* | Acc: *100.000%* (50000/50000) 
Test epoch: 95 | Loss: *0.557* | Acc: *86.090%* (8609/10000)
Train epoch: 96 | Loss: *0.001* | Acc: *100.000%* (50000/50000) 
Test epoch: 96 | Loss: *0.566* | Acc: *86.190%* (8619/10000)
Train epoch: 97 | Loss: *0.001* | Acc: *100.000%* (50000/50000) 
Test epoch: 97 | Loss: *0.550* | Acc: *86.170%* (8617/10000)
Train epoch: 98 | Loss: *0.001* | Acc: *100.000%* (50000/50000) 
Test epoch: 98 | Loss: *0.560* | Acc: *86.230%* (8623/10000)
Train epoch: 99 | Loss: *0.001* | Acc: *100.000%* (50000/50000) 
Test epoch: 99 | Loss: *0.560* | Acc: *86.270%* (8627/10000)
Train epoch: 100 | Loss: *0.001* | Acc: *100.000%* (50000/50000) 
Test epoch: 100 | Loss: *0.561* | Acc: *86.320%* (8632/10000)
Train epoch: 101 | Loss: *0.001* | Acc: *100.000%* (50000/50000) 
Test epoch: 101 | Loss: *0.557* | Acc: *86.260%* (8626/10000)
Train epoch: 102 | Loss: *0.001* | Acc: *100.000%* (50000/50000) 
Test epoch: 102 | Loss: *0.571* | Acc: *86.120%* (8612/10000)
Train epoch: 103 | Loss: *0.001* | Acc: *100.000%* (50000/50000) 
Test epoch: 103 | Loss: *0.561* | Acc: *86.160%* (8616/10000)
Train epoch: 104 | Loss: *0.001* | Acc: *100.000%* (50000/50000) 
Test epoch: 104 | Loss: *0.551* | Acc: *86.230%* (8623/10000)
Train epoch: 105 | Loss: *0.001* | Acc: *100.000%* (50000/50000) 
Test epoch: 105 | Loss: *0.560* | Acc: *86.130%* (8613/10000)
Train epoch: 106 | Loss: *0.001* | Acc: *100.000%* (50000/50000) 
Test epoch: 106 | Loss: *0.557* | Acc: *86.180%* (8618/10000)
Train epoch: 107 | Loss: *0.001* | Acc: *100.000%* (50000/50000) 
Test epoch: 107 | Loss: *0.567* | Acc: *86.130%* (8613/10000)
Train epoch: 108 | Loss: *0.001* | Acc: *100.000%* (50000/50000) 
Test epoch: 108 | Loss: *0.558* | Acc: *86.190%* (8619/10000)
Train epoch: 109 | Loss: *0.001* | Acc: *100.000%* (50000/50000) 
Test epoch: 109 | Loss: *0.558* | Acc: *86.210%* (8621/10000)
Train epoch: 110 | Loss: *0.001* | Acc: *100.000%* (50000/50000) 
Test epoch: 110 | Loss: *0.561* | Acc: *86.310%* (8631/10000)
Train epoch: 111 | Loss: *0.001* | Acc: *100.000%* (50000/50000) 
Test epoch: 111 | Loss: *0.564* | Acc: *86.100%* (8610/10000)
Train epoch: 112 | Loss: *0.001* | Acc: *100.000%* (50000/50000) 
Test epoch: 112 | Loss: *0.561* | Acc: *86.090%* (8609/10000)
Train epoch: 113 | Loss: *0.001* | Acc: *99.996%* (49998/50000) 
Test epoch: 113 | Loss: *0.567* | Acc: *86.180%* (8618/10000)
Train epoch: 114 | Loss: *0.001* | Acc: *100.000%* (50000/50000) 
Test epoch: 114 | Loss: *0.577* | Acc: *86.000%* (8600/10000)
Train epoch: 115 | Loss: *0.001* | Acc: *100.000%* (50000/50000) 
Test epoch: 115 | Loss: *0.560* | Acc: *86.200%* (8620/10000)
Train epoch: 116 | Loss: *0.001* | Acc: *100.000%* (50000/50000) 
Test epoch: 116 | Loss: *0.554* | Acc: *86.030%* (8603/10000)
Train epoch: 117 | Loss: *0.001* | Acc: *100.000%* (50000/50000) 
Test epoch: 117 | Loss: *0.555* | Acc: *86.190%* (8619/10000)
Train epoch: 118 | Loss: *0.001* | Acc: *100.000%* (50000/50000) 
Test epoch: 118 | Loss: *0.559* | Acc: *86.180%* (8618/10000)
Train epoch: 119 | Loss: *0.001* | Acc: *100.000%* (50000/50000) 
Test epoch: 119 | Loss: *0.557* | Acc: *86.150%* (8615/10000)
Train epoch: 120 | Loss: *0.001* | Acc: *100.000%* (50000/50000) 
Test epoch: 120 | Loss: *0.572* | Acc: *86.010%* (8601/10000)
Train epoch: 121 | Loss: *0.001* | Acc: *100.000%* (50000/50000) 
Test epoch: 121 | Loss: *0.561* | Acc: *86.060%* (8606/10000)
Train epoch: 122 | Loss: *0.001* | Acc: *100.000%* (50000/50000) 
Test epoch: 122 | Loss: *0.572* | Acc: *86.040%* (8604/10000)
Train epoch: 123 | Loss: *0.001* | Acc: *100.000%* (50000/50000) 
Test epoch: 123 | Loss: *0.567* | Acc: *86.150%* (8615/10000)
Train epoch: 124 | Loss: *0.001* | Acc: *100.000%* (50000/50000) 
Test epoch: 124 | Loss: *0.567* | Acc: *86.170%* (8617/10000)
Train epoch: 125 | Loss: *0.002* | Acc: *99.996%* (49998/50000) 
Test epoch: 125 | Loss: *0.557* | Acc: *86.060%* (8606/10000)
Train epoch: 126 | Loss: *0.001* | Acc: *100.000%* (50000/50000) 
Test epoch: 126 | Loss: *0.562* | Acc: *86.100%* (8610/10000)
Train epoch: 127 | Loss: *0.001* | Acc: *100.000%* (50000/50000) 
Test epoch: 127 | Loss: *0.558* | Acc: *86.110%* (8611/10000)
Train epoch: 128 | Loss: *0.001* | Acc: *100.000%* (50000/50000) 
Test epoch: 128 | Loss: *0.563* | Acc: *86.010%* (8601/10000)
Train epoch: 129 | Loss: *0.001* | Acc: *100.000%* (50000/50000) 
Test epoch: 129 | Loss: *0.549* | Acc: *86.180%* (8618/10000)
Train epoch: 130 | Loss: *0.001* | Acc: *100.000%* (50000/50000) 
Test epoch: 130 | Loss: *0.560* | Acc: *86.050%* (8605/10000)
Train epoch: 131 | Loss: *0.001* | Acc: *100.000%* (50000/50000) 
Test epoch: 131 | Loss: *0.565* | Acc: *86.000%* (8600/10000)
Train epoch: 132 | Loss: *0.001* | Acc: *100.000%* (50000/50000) 
Test epoch: 132 | Loss: *0.579* | Acc: *85.840%* (8584/10000)
Train epoch: 133 | Loss: *0.001* | Acc: *100.000%* (50000/50000) 
Test epoch: 133 | Loss: *0.577* | Acc: *86.030%* (8603/10000)
Train epoch: 134 | Loss: *0.001* | Acc: *100.000%* (50000/50000) 
Test epoch: 134 | Loss: *0.587* | Acc: *85.960%* (8596/10000)
Train epoch: 135 | Loss: *0.001* | Acc: *100.000%* (50000/50000) 
Test epoch: 135 | Loss: *0.564* | Acc: *86.150%* (8615/10000)
Train epoch: 136 | Loss: *0.003* | Acc: *99.974%* (49987/50000) 
Test epoch: 136 | Loss: *0.548* | Acc: *85.950%* (8595/10000)
Train epoch: 137 | Loss: *0.002* | Acc: *100.000%* (50000/50000) 
Test epoch: 137 | Loss: *0.552* | Acc: *86.180%* (8618/10000)
Train epoch: 138 | Loss: *0.001* | Acc: *100.000%* (50000/50000) 
Test epoch: 138 | Loss: *0.557* | Acc: *86.230%* (8623/10000)
Train epoch: 139 | Loss: *0.001* | Acc: *100.000%* (50000/50000) 
Test epoch: 139 | Loss: *0.551* | Acc: *86.140%* (8614/10000)
Train epoch: 140 | Loss: *0.001* | Acc: *100.000%* (50000/50000) 
Test epoch: 140 | Loss: *0.552* | Acc: *86.070%* (8607/10000)
Train epoch: 141 | Loss: *0.001* | Acc: *100.000%* (50000/50000) 
Test epoch: 141 | Loss: *0.564* | Acc: *86.150%* (8615/10000)
Train epoch: 142 | Loss: *0.001* | Acc: *100.000%* (50000/50000) 
Test epoch: 142 | Loss: *0.551* | Acc: *86.160%* (8616/10000)
Train epoch: 143 | Loss: *0.001* | Acc: *100.000%* (50000/50000) 
Test epoch: 143 | Loss: *0.565* | Acc: *86.230%* (8623/10000)
Train epoch: 144 | Loss: *0.001* | Acc: *100.000%* (50000/50000) 
Test epoch: 144 | Loss: *0.561* | Acc: *86.320%* (8632/10000)
Train epoch: 145 | Loss: *0.001* | Acc: *100.000%* (50000/50000) 
Test epoch: 145 | Loss: *0.560* | Acc: *86.170%* (8617/10000)
Train epoch: 146 | Loss: *0.001* | Acc: *100.000%* (50000/50000) 
Test epoch: 146 | Loss: *0.559* | Acc: *86.280%* (8628/10000)
Train epoch: 147 | Loss: *0.001* | Acc: *100.000%* (50000/50000) 
Test epoch: 147 | Loss: *0.563* | Acc: *86.180%* (8618/10000)
Train epoch: 148 | Loss: *0.001* | Acc: *100.000%* (50000/50000) 
Test epoch: 148 | Loss: *0.564* | Acc: *86.190%* (8619/10000)
Train epoch: 149 | Loss: *0.001* | Acc: *100.000%* (50000/50000) 
Test epoch: 149 | Loss: *0.559* | Acc: *86.290%* (8629/10000)
Train epoch: 150 | Loss: *0.001* | Acc: *100.000%* (50000/50000) 
Test epoch: 150 | Loss: *0.569* | Acc: *86.200%* (8620/10000)
Train epoch: 151 | Loss: *0.001* | Acc: *100.000%* (50000/50000) 
Test epoch: 151 | Loss: *0.552* | Acc: *86.200%* (8620/10000)
Train epoch: 152 | Loss: *0.001* | Acc: *100.000%* (50000/50000) 
Test epoch: 152 | Loss: *0.549* | Acc: *86.210%* (8621/10000)
Train epoch: 153 | Loss: *0.001* | Acc: *100.000%* (50000/50000) 
Test epoch: 153 | Loss: *0.556* | Acc: *86.120%* (8612/10000)
Train epoch: 154 | Loss: *0.001* | Acc: *100.000%* (50000/50000) 
Test epoch: 154 | Loss: *0.558* | Acc: *86.210%* (8621/10000)
Train epoch: 155 | Loss: *0.001* | Acc: *100.000%* (50000/50000) 
Test epoch: 155 | Loss: *0.563* | Acc: *86.170%* (8617/10000)
Train epoch: 156 | Loss: *0.001* | Acc: *100.000%* (50000/50000) 
Test epoch: 156 | Loss: *0.556* | Acc: *86.160%* (8616/10000)
Train epoch: 157 | Loss: *0.001* | Acc: *100.000%* (50000/50000) 
Test epoch: 157 | Loss: *0.561* | Acc: *86.380%* (8638/10000)
Train epoch: 158 | Loss: *0.001* | Acc: *100.000%* (50000/50000) 
Test epoch: 158 | Loss: *0.551* | Acc: *86.270%* (8627/10000)
Train epoch: 159 | Loss: *0.001* | Acc: *100.000%* (50000/50000) 
Test epoch: 159 | Loss: *0.552* | Acc: *86.160%* (8616/10000)
Train epoch: 160 | Loss: *0.001* | Acc: *100.000%* (50000/50000) 
Test epoch: 160 | Loss: *0.559* | Acc: *86.190%* (8619/10000)
Train epoch: 161 | Loss: *0.001* | Acc: *100.000%* (50000/50000) 
Test epoch: 161 | Loss: *0.555* | Acc: *86.320%* (8632/10000)
Train epoch: 162 | Loss: *0.001* | Acc: *100.000%* (50000/50000) 
Test epoch: 162 | Loss: *0.566* | Acc: *86.120%* (8612/10000)
Train epoch: 163 | Loss: *0.001* | Acc: *100.000%* (50000/50000) 
Test epoch: 163 | Loss: *0.550* | Acc: *86.260%* (8626/10000)
Train epoch: 164 | Loss: *0.001* | Acc: *100.000%* (50000/50000) 
Test epoch: 164 | Loss: *0.560* | Acc: *86.090%* (8609/10000)
Train epoch: 165 | Loss: *0.001* | Acc: *100.000%* (50000/50000) 
Test epoch: 165 | Loss: *0.566* | Acc: *86.200%* (8620/10000)
Train epoch: 166 | Loss: *0.001* | Acc: *100.000%* (50000/50000) 
Test epoch: 166 | Loss: *0.548* | Acc: *86.190%* (8619/10000)
Train epoch: 167 | Loss: *0.001* | Acc: *100.000%* (50000/50000) 
Test epoch: 167 | Loss: *0.568* | Acc: *86.280%* (8628/10000)
Train epoch: 168 | Loss: *0.001* | Acc: *100.000%* (50000/50000) 
Test epoch: 168 | Loss: *0.554* | Acc: *86.190%* (8619/10000)
Train epoch: 169 | Loss: *0.001* | Acc: *100.000%* (50000/50000) 
Test epoch: 169 | Loss: *0.557* | Acc: *86.270%* (8627/10000)
Train epoch: 170 | Loss: *0.001* | Acc: *100.000%* (50000/50000) 
Test epoch: 170 | Loss: *0.560* | Acc: *86.280%* (8628/10000)
Train epoch: 171 | Loss: *0.001* | Acc: *100.000%* (50000/50000) 
Test epoch: 171 | Loss: *0.558* | Acc: *86.240%* (8624/10000)
Train epoch: 172 | Loss: *0.001* | Acc: *100.000%* (50000/50000) 
Test epoch: 172 | Loss: *0.562* | Acc: *86.220%* (8622/10000)
Train epoch: 173 | Loss: *0.001* | Acc: *100.000%* (50000/50000) 
Test epoch: 173 | Loss: *0.559* | Acc: *86.170%* (8617/10000)
Train epoch: 174 | Loss: *0.001* | Acc: *100.000%* (50000/50000) 
Test epoch: 174 | Loss: *0.560* | Acc: *86.260%* (8626/10000)
Train epoch: 175 | Loss: *0.001* | Acc: *100.000%* (50000/50000) 
Test epoch: 175 | Loss: *0.559* | Acc: *86.330%* (8633/10000)
Train epoch: 176 | Loss: *0.001* | Acc: *100.000%* (50000/50000) 
Test epoch: 176 | Loss: *0.558* | Acc: *86.330%* (8633/10000)
Train epoch: 177 | Loss: *0.001* | Acc: *100.000%* (50000/50000) 
Test epoch: 177 | Loss: *0.551* | Acc: *86.260%* (8626/10000)
Train epoch: 178 | Loss: *0.001* | Acc: *100.000%* (50000/50000) 
Test epoch: 178 | Loss: *0.564* | Acc: *86.340%* (8634/10000)
Train epoch: 179 | Loss: *0.001* | Acc: *100.000%* (50000/50000) 
Test epoch: 179 | Loss: *0.562* | Acc: *86.350%* (8635/10000)
Train epoch: 180 | Loss: *0.001* | Acc: *100.000%* (50000/50000) 
Test epoch: 180 | Loss: *0.557* | Acc: *86.280%* (8628/10000)
Train epoch: 181 | Loss: *0.001* | Acc: *100.000%* (50000/50000) 
Test epoch: 181 | Loss: *0.562* | Acc: *86.300%* (8630/10000)
Train epoch: 182 | Loss: *0.001* | Acc: *100.000%* (50000/50000) 
Test epoch: 182 | Loss: *0.560* | Acc: *86.230%* (8623/10000)
Train epoch: 183 | Loss: *0.001* | Acc: *100.000%* (50000/50000) 
Test epoch: 183 | Loss: *0.561* | Acc: *86.360%* (8636/10000)
Train epoch: 184 | Loss: *0.001* | Acc: *100.000%* (50000/50000) 
Test epoch: 184 | Loss: *0.558* | Acc: *86.220%* (8622/10000)
Train epoch: 185 | Loss: *0.001* | Acc: *100.000%* (50000/50000) 
Test epoch: 185 | Loss: *0.561* | Acc: *86.360%* (8636/10000)
Train epoch: 186 | Loss: *0.001* | Acc: *100.000%* (50000/50000) 
Test epoch: 186 | Loss: *0.560* | Acc: *86.270%* (8627/10000)
Train epoch: 187 | Loss: *0.001* | Acc: *100.000%* (50000/50000) 
Test epoch: 187 | Loss: *0.560* | Acc: *86.240%* (8624/10000)
Train epoch: 188 | Loss: *0.001* | Acc: *100.000%* (50000/50000) 
Test epoch: 188 | Loss: *0.564* | Acc: *86.240%* (8624/10000)
Train epoch: 189 | Loss: *0.001* | Acc: *100.000%* (50000/50000) 
Test epoch: 189 | Loss: *0.561* | Acc: *86.210%* (8621/10000)
Train epoch: 190 | Loss: *0.001* | Acc: *100.000%* (50000/50000) 
Test epoch: 190 | Loss: *0.562* | Acc: *86.330%* (8633/10000)
Train epoch: 191 | Loss: *0.001* | Acc: *100.000%* (50000/50000) 
Test epoch: 191 | Loss: *0.563* | Acc: *86.230%* (8623/10000)
Train epoch: 192 | Loss: *0.001* | Acc: *100.000%* (50000/50000) 
Test epoch: 192 | Loss: *0.563* | Acc: *86.260%* (8626/10000)
Train epoch: 193 | Loss: *0.001* | Acc: *100.000%* (50000/50000) 
Test epoch: 193 | Loss: *0.560* | Acc: *86.310%* (8631/10000)
Train epoch: 194 | Loss: *0.001* | Acc: *100.000%* (50000/50000) 
Test epoch: 194 | Loss: *0.563* | Acc: *86.190%* (8619/10000)
Train epoch: 195 | Loss: *0.001* | Acc: *100.000%* (50000/50000) 
Test epoch: 195 | Loss: *0.562* | Acc: *86.250%* (8625/10000)
Train epoch: 196 | Loss: *0.001* | Acc: *100.000%* (50000/50000) 
Test epoch: 196 | Loss: *0.562* | Acc: *86.260%* (8626/10000)
Train epoch: 197 | Loss: *0.001* | Acc: *100.000%* (50000/50000) 
Test epoch: 197 | Loss: *0.561* | Acc: *86.300%* (8630/10000)
Train epoch: 198 | Loss: *0.001* | Acc: *100.000%* (50000/50000) 
Test epoch: 198 | Loss: *0.563* | Acc: *86.180%* (8618/10000)
Train epoch: 199 | Loss: *0.001* | Acc: *100.000%* (50000/50000) 
Test epoch: 199 | Loss: *0.563* | Acc: *86.240%* (8624/10000)
Train epoch: 200 | Loss: *0.001* | Acc: *100.000%* (50000/50000) 
Test epoch: 200 | Loss: *0.561* | Acc: *86.310%* (8631/10000)
Train epoch: 201 | Loss: *0.001* | Acc: *100.000%* (50000/50000) 
Test epoch: 201 | Loss: *0.562* | Acc: *86.160%* (8616/10000)
Train epoch: 202 | Loss: *0.001* | Acc: *100.000%* (50000/50000) 
Test epoch: 202 | Loss: *0.562* | Acc: *86.320%* (8632/10000)
Train epoch: 203 | Loss: *0.001* | Acc: *100.000%* (50000/50000) 
Test epoch: 203 | Loss: *0.562* | Acc: *86.280%* (8628/10000)
Train epoch: 204 | Loss: *0.001* | Acc: *100.000%* (50000/50000) 
Test epoch: 204 | Loss: *0.562* | Acc: *86.180%* (8618/10000)
Train epoch: 205 | Loss: *0.001* | Acc: *100.000%* (50000/50000) 
Test epoch: 205 | Loss: *0.563* | Acc: *86.300%* (8630/10000)
Train epoch: 206 | Loss: *0.001* | Acc: *100.000%* (50000/50000) 
Test epoch: 206 | Loss: *0.561* | Acc: *86.290%* (8629/10000)
Train epoch: 207 | Loss: *0.001* | Acc: *100.000%* (50000/50000) 
Test epoch: 207 | Loss: *0.562* | Acc: *86.250%* (8625/10000)
Train epoch: 208 | Loss: *0.001* | Acc: *100.000%* (50000/50000) 
Test epoch: 208 | Loss: *0.560* | Acc: *86.290%* (8629/10000)
Train epoch: 209 | Loss: *0.001* | Acc: *100.000%* (50000/50000) 
Test epoch: 209 | Loss: *0.560* | Acc: *86.320%* (8632/10000)
Train epoch: 210 | Loss: *0.001* | Acc: *100.000%* (50000/50000) 
Test epoch: 210 | Loss: *0.562* | Acc: *86.300%* (8630/10000)
Train epoch: 211 | Loss: *0.001* | Acc: *100.000%* (50000/50000) 
Test epoch: 211 | Loss: *0.561* | Acc: *86.240%* (8624/10000)
Train epoch: 212 | Loss: *0.001* | Acc: *100.000%* (50000/50000) 
Test epoch: 212 | Loss: *0.561* | Acc: *86.260%* (8626/10000)
Train epoch: 213 | Loss: *0.001* | Acc: *100.000%* (50000/50000) 
Test epoch: 213 | Loss: *0.563* | Acc: *86.220%* (8622/10000)
Train epoch: 214 | Loss: *0.001* | Acc: *100.000%* (50000/50000) 
Test epoch: 214 | Loss: *0.561* | Acc: *86.270%* (8627/10000)
Train epoch: 215 | Loss: *0.001* | Acc: *100.000%* (50000/50000) 
Test epoch: 215 | Loss: *0.562* | Acc: *86.360%* (8636/10000)
Train epoch: 216 | Loss: *0.001* | Acc: *100.000%* (50000/50000) 
Test epoch: 216 | Loss: *0.563* | Acc: *86.160%* (8616/10000)
Train epoch: 217 | Loss: *0.001* | Acc: *100.000%* (50000/50000) 
Test epoch: 217 | Loss: *0.562* | Acc: *86.280%* (8628/10000)
Train epoch: 218 | Loss: *0.001* | Acc: *100.000%* (50000/50000) 
Test epoch: 218 | Loss: *0.563* | Acc: *86.220%* (8622/10000)
Train epoch: 219 | Loss: *0.001* | Acc: *100.000%* (50000/50000) 
Test epoch: 219 | Loss: *0.563* | Acc: *86.310%* (8631/10000)
Train epoch: 220 | Loss: *0.001* | Acc: *100.000%* (50000/50000) 
Test epoch: 220 | Loss: *0.563* | Acc: *86.400%* (8640/10000)
Train epoch: 221 | Loss: *0.001* | Acc: *100.000%* (50000/50000) 
Test epoch: 221 | Loss: *0.561* | Acc: *86.200%* (8620/10000)
Train epoch: 222 | Loss: *0.001* | Acc: *100.000%* (50000/50000) 
Test epoch: 222 | Loss: *0.564* | Acc: *86.300%* (8630/10000)
Train epoch: 223 | Loss: *0.001* | Acc: *100.000%* (50000/50000) 
Test epoch: 223 | Loss: *0.559* | Acc: *86.340%* (8634/10000)
Train epoch: 224 | Loss: *0.001* | Acc: *100.000%* (50000/50000) 
Test epoch: 224 | Loss: *0.558* | Acc: *86.300%* (8630/10000)
Train epoch: 225 | Loss: *0.001* | Acc: *100.000%* (50000/50000) 
Test epoch: 225 | Loss: *0.564* | Acc: *86.230%* (8623/10000)
Train epoch: 226 | Loss: *0.001* | Acc: *100.000%* (50000/50000) 
Test epoch: 226 | Loss: *0.563* | Acc: *86.290%* (8629/10000)
Train epoch: 227 | Loss: *0.001* | Acc: *100.000%* (50000/50000) 
Test epoch: 227 | Loss: *0.556* | Acc: *86.310%* (8631/10000)
Train epoch: 228 | Loss: *0.001* | Acc: *100.000%* (50000/50000) 
Test epoch: 228 | Loss: *0.558* | Acc: *86.200%* (8620/10000)
Train epoch: 229 | Loss: *0.001* | Acc: *100.000%* (50000/50000) 
Test epoch: 229 | Loss: *0.563* | Acc: *86.350%* (8635/10000)
Train epoch: 230 | Loss: *0.001* | Acc: *100.000%* (50000/50000) 
Test epoch: 230 | Loss: *0.569* | Acc: *86.110%* (8611/10000)
Train epoch: 231 | Loss: *0.001* | Acc: *100.000%* (50000/50000) 
Test epoch: 231 | Loss: *0.566* | Acc: *86.080%* (8608/10000)
Train epoch: 232 | Loss: *0.001* | Acc: *100.000%* (50000/50000) 
Test epoch: 232 | Loss: *0.555* | Acc: *86.230%* (8623/10000)
Train epoch: 233 | Loss: *0.001* | Acc: *100.000%* (50000/50000) 
Test epoch: 233 | Loss: *0.563* | Acc: *86.210%* (8621/10000)
Train epoch: 234 | Loss: *0.001* | Acc: *100.000%* (50000/50000) 
Test epoch: 234 | Loss: *0.554* | Acc: *86.120%* (8612/10000)
Train epoch: 235 | Loss: *0.001* | Acc: *100.000%* (50000/50000) 
Test epoch: 235 | Loss: *0.559* | Acc: *86.210%* (8621/10000)
Train epoch: 236 | Loss: *0.001* | Acc: *100.000%* (50000/50000) 
Test epoch: 236 | Loss: *0.563* | Acc: *86.290%* (8629/10000)
Train epoch: 237 | Loss: *0.001* | Acc: *100.000%* (50000/50000) 
Test epoch: 237 | Loss: *0.567* | Acc: *86.400%* (8640/10000)
Train epoch: 238 | Loss: *0.001* | Acc: *100.000%* (50000/50000) 
Test epoch: 238 | Loss: *0.555* | Acc: *86.170%* (8617/10000)
Train epoch: 239 | Loss: *0.001* | Acc: *100.000%* (50000/50000) 
Test epoch: 239 | Loss: *0.557* | Acc: *86.210%* (8621/10000)
Train epoch: 240 | Loss: *0.001* | Acc: *100.000%* (50000/50000) 
Test epoch: 240 | Loss: *0.556* | Acc: *86.150%* (8615/10000)
Train epoch: 241 | Loss: *0.001* | Acc: *100.000%* (50000/50000) 
Test epoch: 241 | Loss: *0.585* | Acc: *85.940%* (8594/10000)
Train epoch: 242 | Loss: *0.001* | Acc: *100.000%* (50000/50000) 
Test epoch: 242 | Loss: *0.561* | Acc: *86.180%* (8618/10000)
Train epoch: 243 | Loss: *0.001* | Acc: *100.000%* (50000/50000) 
Test epoch: 243 | Loss: *0.560* | Acc: *86.190%* (8619/10000)
Train epoch: 244 | Loss: *0.001* | Acc: *100.000%* (50000/50000) 
Test epoch: 244 | Loss: *0.554* | Acc: *86.200%* (8620/10000)
Train epoch: 245 | Loss: *0.001* | Acc: *100.000%* (50000/50000) 
Test epoch: 245 | Loss: *0.571* | Acc: *86.190%* (8619/10000)
Train epoch: 246 | Loss: *0.001* | Acc: *100.000%* (50000/50000) 
Test epoch: 246 | Loss: *0.560* | Acc: *86.180%* (8618/10000)
Train epoch: 247 | Loss: *0.001* | Acc: *100.000%* (50000/50000) 
Test epoch: 247 | Loss: *0.564* | Acc: *86.140%* (8614/10000)
Train epoch: 248 | Loss: *0.001* | Acc: *100.000%* (50000/50000) 
Test epoch: 248 | Loss: *0.562* | Acc: *86.190%* (8619/10000)
Train epoch: 249 | Loss: *0.001* | Acc: *100.000%* (50000/50000) 
Test epoch: 249 | Loss: *0.552* | Acc: *86.210%* (8621/10000)
Train epoch: 250 | Loss: *0.001* | Acc: *100.000%* (50000/50000) 
Test epoch: 250 | Loss: *0.658* | Acc: *84.650%* (8465/10000)
Train epoch: 251 | Loss: *0.004* | Acc: *99.982%* (49991/50000) 
Test epoch: 251 | Loss: *0.541* | Acc: *85.930%* (8593/10000)
Train epoch: 252 | Loss: *0.002* | Acc: *100.000%* (50000/50000) 
Test epoch: 252 | Loss: *0.533* | Acc: *86.100%* (8610/10000)
Train epoch: 253 | Loss: *0.002* | Acc: *100.000%* (50000/50000) 
Test epoch: 253 | Loss: *0.537* | Acc: *86.210%* (8621/10000)
Train epoch: 254 | Loss: *0.002* | Acc: *100.000%* (50000/50000) 
Test epoch: 254 | Loss: *0.547* | Acc: *86.180%* (8618/10000)
Train epoch: 255 | Loss: *0.002* | Acc: *100.000%* (50000/50000) 
Test epoch: 255 | Loss: *0.522* | Acc: *86.000%* (8600/10000)
Train epoch: 256 | Loss: *0.002* | Acc: *100.000%* (50000/50000) 
Test epoch: 256 | Loss: *0.549* | Acc: *86.220%* (8622/10000)
Train epoch: 257 | Loss: *0.002* | Acc: *100.000%* (50000/50000) 
Test epoch: 257 | Loss: *0.546* | Acc: *86.170%* (8617/10000)
Train epoch: 258 | Loss: *0.002* | Acc: *100.000%* (50000/50000) 
Test epoch: 258 | Loss: *0.552* | Acc: *86.130%* (8613/10000)
Train epoch: 259 | Loss: *0.002* | Acc: *99.996%* (49998/50000) 
Test epoch: 259 | Loss: *0.540* | Acc: *86.100%* (8610/10000)
Train epoch: 260 | Loss: *0.002* | Acc: *100.000%* (50000/50000) 
Test epoch: 260 | Loss: *0.547* | Acc: *86.220%* (8622/10000)
Train epoch: 261 | Loss: *0.002* | Acc: *100.000%* (50000/50000) 
Test epoch: 261 | Loss: *0.535* | Acc: *86.190%* (8619/10000)
Train epoch: 262 | Loss: *0.002* | Acc: *100.000%* (50000/50000) 
Test epoch: 262 | Loss: *0.556* | Acc: *86.200%* (8620/10000)
Train epoch: 263 | Loss: *0.002* | Acc: *100.000%* (50000/50000) 
Test epoch: 263 | Loss: *0.525* | Acc: *86.150%* (8615/10000)
Train epoch: 264 | Loss: *0.002* | Acc: *100.000%* (50000/50000) 
Test epoch: 264 | Loss: *0.565* | Acc: *86.200%* (8620/10000)
Train epoch: 265 | Loss: *0.002* | Acc: *100.000%* (50000/50000) 
Test epoch: 265 | Loss: *0.554* | Acc: *86.120%* (8612/10000)
Train epoch: 266 | Loss: *0.002* | Acc: *100.000%* (50000/50000) 
Test epoch: 266 | Loss: *0.561* | Acc: *86.200%* (8620/10000)
Train epoch: 267 | Loss: *0.002* | Acc: *100.000%* (50000/50000) 
Test epoch: 267 | Loss: *0.569* | Acc: *86.280%* (8628/10000)
Train epoch: 268 | Loss: *0.002* | Acc: *100.000%* (50000/50000) 
Test epoch: 268 | Loss: *0.569* | Acc: *86.090%* (8609/10000)
Train epoch: 269 | Loss: *0.009* | Acc: *99.906%* (49953/50000) 
Test epoch: 269 | Loss: *0.513* | Acc: *85.840%* (8584/10000)
Train epoch: 270 | Loss: *0.004* | Acc: *99.998%* (49999/50000) 
Test epoch: 270 | Loss: *0.531* | Acc: *86.060%* (8606/10000)
Train epoch: 271 | Loss: *0.006* | Acc: *99.950%* (49975/50000) 
Test epoch: 271 | Loss: *0.515* | Acc: *85.990%* (8599/10000)
Train epoch: 272 | Loss: *0.004* | Acc: *99.984%* (49992/50000) 
Test epoch: 272 | Loss: *0.613* | Acc: *84.080%* (8408/10000)
Train epoch: 273 | Loss: *0.009* | Acc: *99.904%* (49952/50000) 
Test epoch: 273 | Loss: *0.523* | Acc: *85.790%* (8579/10000)
Train epoch: 274 | Loss: *0.003* | Acc: *99.996%* (49998/50000) 
Test epoch: 274 | Loss: *0.523* | Acc: *86.100%* (8610/10000)
Train epoch: 275 | Loss: *0.002* | Acc: *100.000%* (50000/50000) 
Test epoch: 275 | Loss: *0.543* | Acc: *86.020%* (8602/10000)
Train epoch: 276 | Loss: *0.002* | Acc: *100.000%* (50000/50000) 
Test epoch: 276 | Loss: *0.567* | Acc: *86.170%* (8617/10000)
Train epoch: 277 | Loss: *0.002* | Acc: *100.000%* (50000/50000) 
Test epoch: 277 | Loss: *0.540* | Acc: *86.270%* (8627/10000)
Train epoch: 278 | Loss: *0.002* | Acc: *100.000%* (50000/50000) 
Test epoch: 278 | Loss: *0.538* | Acc: *86.240%* (8624/10000)
Train epoch: 279 | Loss: *0.002* | Acc: *100.000%* (50000/50000) 
Test epoch: 279 | Loss: *0.544* | Acc: *86.120%* (8612/10000)
Train epoch: 280 | Loss: *0.002* | Acc: *100.000%* (50000/50000) 
Test epoch: 280 | Loss: *0.535* | Acc: *86.230%* (8623/10000)
Train epoch: 281 | Loss: *0.002* | Acc: *100.000%* (50000/50000) 
Test epoch: 281 | Loss: *0.541* | Acc: *86.200%* (8620/10000)
Train epoch: 282 | Loss: *0.002* | Acc: *100.000%* (50000/50000) 
Test epoch: 282 | Loss: *0.550* | Acc: *86.390%* (8639/10000)
Train epoch: 283 | Loss: *0.002* | Acc: *100.000%* (50000/50000) 
Test epoch: 283 | Loss: *0.550* | Acc: *86.280%* (8628/10000)
Train epoch: 284 | Loss: *0.002* | Acc: *100.000%* (50000/50000) 
Test epoch: 284 | Loss: *0.552* | Acc: *86.310%* (8631/10000)
Train epoch: 285 | Loss: *0.002* | Acc: *100.000%* (50000/50000) 
Test epoch: 285 | Loss: *0.543* | Acc: *86.460%* (8646/10000)
Train epoch: 286 | Loss: *0.002* | Acc: *100.000%* (50000/50000) 
Test epoch: 286 | Loss: *0.543* | Acc: *86.330%* (8633/10000)
Train epoch: 287 | Loss: *0.002* | Acc: *100.000%* (50000/50000) 
Test epoch: 287 | Loss: *0.576* | Acc: *85.890%* (8589/10000)
Train epoch: 288 | Loss: *0.002* | Acc: *100.000%* (50000/50000) 
Test epoch: 288 | Loss: *0.553* | Acc: *86.390%* (8639/10000)
Train epoch: 289 | Loss: *0.002* | Acc: *99.986%* (49993/50000) 
Test epoch: 289 | Loss: *22.687* | Acc: *24.170%* (2417/10000)
Train epoch: 290 | Loss: *0.111* | Acc: *96.900%* (48450/50000) 
Test epoch: 290 | Loss: *1.696* | Acc: *61.270%* (6127/10000)
Train epoch: 291 | Loss: *0.065* | Acc: *98.312%* (49156/50000) 
Test epoch: 291 | Loss: *0.614* | Acc: *82.280%* (8228/10000)
Train epoch: 292 | Loss: *0.045* | Acc: *98.914%* (49457/50000) 
Test epoch: 292 | Loss: *0.698* | Acc: *81.240%* (8124/10000)
Train epoch: 293 | Loss: *0.022* | Acc: *99.642%* (49821/50000) 
Test epoch: 293 | Loss: *0.713* | Acc: *81.190%* (8119/10000)
Train epoch: 294 | Loss: *0.016* | Acc: *99.744%* (49872/50000) 
Test epoch: 294 | Loss: *0.608* | Acc: *83.840%* (8384/10000)
Train epoch: 295 | Loss: *0.017* | Acc: *99.682%* (49841/50000) 
Test epoch: 295 | Loss: *0.668* | Acc: *82.090%* (8209/10000)
Train epoch: 296 | Loss: *0.033* | Acc: *99.200%* (49600/50000) 
Test epoch: 296 | Loss: *0.691* | Acc: *81.080%* (8108/10000)
Train epoch: 297 | Loss: *0.032* | Acc: *99.198%* (49599/50000) 
Test epoch: 297 | Loss: *0.611* | Acc: *83.490%* (8349/10000)
Train epoch: 298 | Loss: *0.018* | Acc: *99.672%* (49836/50000) 
Test epoch: 298 | Loss: *0.689* | Acc: *82.510%* (8251/10000)
Train epoch: 299 | Loss: *0.016* | Acc: *99.742%* (49871/50000) 
Test epoch: 299 | Loss: *0.618* | Acc: *83.880%* (8388/10000)
Train epoch: 300 | Loss: *0.010* | Acc: *99.820%* (49910/50000) 
Test epoch: 300 | Loss: *0.639* | Acc: *84.070%* (8407/10000)
Train epoch: 301 | Loss: *0.015* | Acc: *99.682%* (49841/50000) 
Test epoch: 301 | Loss: *0.581* | Acc: *84.360%* (8436/10000)
Train epoch: 302 | Loss: *0.021* | Acc: *99.544%* (49772/50000) 
Test epoch: 302 | Loss: *0.754* | Acc: *81.830%* (8183/10000)
Train epoch: 303 | Loss: *0.016* | Acc: *99.702%* (49851/50000) 
Test epoch: 303 | Loss: *0.620* | Acc: *84.280%* (8428/10000)
Train epoch: 304 | Loss: *0.005* | Acc: *99.978%* (49989/50000) 
Test epoch: 304 | Loss: *0.559* | Acc: *85.870%* (8587/10000)
Train epoch: 305 | Loss: *0.002* | Acc: *100.000%* (50000/50000) 
Test epoch: 305 | Loss: *0.551* | Acc: *86.150%* (8615/10000)
Train epoch: 306 | Loss: *0.002* | Acc: *100.000%* (50000/50000) 
Test epoch: 306 | Loss: *0.549* | Acc: *86.400%* (8640/10000)
Train epoch: 307 | Loss: *0.002* | Acc: *100.000%* (50000/50000) 
Test epoch: 307 | Loss: *0.545* | Acc: *86.330%* (8633/10000)
Train epoch: 308 | Loss: *0.002* | Acc: *100.000%* (50000/50000) 
Test epoch: 308 | Loss: *0.551* | Acc: *86.180%* (8618/10000)
Train epoch: 309 | Loss: *0.002* | Acc: *100.000%* (50000/50000) 
Test epoch: 309 | Loss: *0.546* | Acc: *86.060%* (8606/10000)
Train epoch: 310 | Loss: *0.002* | Acc: *100.000%* (50000/50000) 
Test epoch: 310 | Loss: *0.551* | Acc: *86.250%* (8625/10000)
Train epoch: 311 | Loss: *0.002* | Acc: *100.000%* (50000/50000) 
Test epoch: 311 | Loss: *0.549* | Acc: *86.210%* (8621/10000)
Train epoch: 312 | Loss: *0.002* | Acc: *100.000%* (50000/50000) 
Test epoch: 312 | Loss: *0.551* | Acc: *86.360%* (8636/10000)
Train epoch: 313 | Loss: *0.002* | Acc: *100.000%* (50000/50000) 
Test epoch: 313 | Loss: *0.549* | Acc: *86.310%* (8631/10000)
Train epoch: 314 | Loss: *0.001* | Acc: *100.000%* (50000/50000) 
Test epoch: 314 | Loss: *0.549* | Acc: *86.350%* (8635/10000)
Train epoch: 315 | Loss: *0.001* | Acc: *100.000%* (50000/50000) 
Test epoch: 315 | Loss: *0.546* | Acc: *86.330%* (8633/10000)
Train epoch: 316 | Loss: *0.001* | Acc: *100.000%* (50000/50000) 
Test epoch: 316 | Loss: *0.555* | Acc: *86.340%* (8634/10000)
Train epoch: 317 | Loss: *0.001* | Acc: *100.000%* (50000/50000) 
Test epoch: 317 | Loss: *0.543* | Acc: *86.330%* (8633/10000)
Train epoch: 318 | Loss: *0.001* | Acc: *100.000%* (50000/50000) 
Test epoch: 318 | Loss: *0.548* | Acc: *86.230%* (8623/10000)
Train epoch: 319 | Loss: *0.001* | Acc: *100.000%* (50000/50000) 
Test epoch: 319 | Loss: *0.547* | Acc: *86.450%* (8645/10000)
Train epoch: 320 | Loss: *0.001* | Acc: *100.000%* (50000/50000) 
Test epoch: 320 | Loss: *0.555* | Acc: *86.450%* (8645/10000)
Train epoch: 321 | Loss: *0.001* | Acc: *100.000%* (50000/50000) 
Test epoch: 321 | Loss: *0.543* | Acc: *86.330%* (8633/10000)
Train epoch: 322 | Loss: *0.001* | Acc: *100.000%* (50000/50000) 
Test epoch: 322 | Loss: *0.552* | Acc: *86.400%* (8640/10000)
Train epoch: 323 | Loss: *0.001* | Acc: *100.000%* (50000/50000) 
Test epoch: 323 | Loss: *0.547* | Acc: *86.430%* (8643/10000)
Train epoch: 324 | Loss: *0.001* | Acc: *100.000%* (50000/50000) 
Test epoch: 324 | Loss: *0.536* | Acc: *86.360%* (8636/10000)
Train epoch: 325 | Loss: *0.001* | Acc: *100.000%* (50000/50000) 
Test epoch: 325 | Loss: *0.545* | Acc: *86.400%* (8640/10000)
Train epoch: 326 | Loss: *0.001* | Acc: *100.000%* (50000/50000) 
Test epoch: 326 | Loss: *0.542* | Acc: *86.460%* (8646/10000)
Train epoch: 327 | Loss: *0.001* | Acc: *100.000%* (50000/50000) 
Test epoch: 327 | Loss: *0.543* | Acc: *86.450%* (8645/10000)
Train epoch: 328 | Loss: *0.001* | Acc: *100.000%* (50000/50000) 
Test epoch: 328 | Loss: *0.551* | Acc: *86.270%* (8627/10000)
Train epoch: 329 | Loss: *0.001* | Acc: *100.000%* (50000/50000) 
Test epoch: 329 | Loss: *0.557* | Acc: *86.400%* (8640/10000)
Train epoch: 330 | Loss: *0.001* | Acc: *100.000%* (50000/50000) 
Test epoch: 330 | Loss: *0.540* | Acc: *86.340%* (8634/10000)
Train epoch: 331 | Loss: *0.001* | Acc: *100.000%* (50000/50000) 
Test epoch: 331 | Loss: *0.538* | Acc: *86.400%* (8640/10000)
Train epoch: 332 | Loss: *0.001* | Acc: *100.000%* (50000/50000) 
Test epoch: 332 | Loss: *0.548* | Acc: *86.390%* (8639/10000)
Train epoch: 333 | Loss: *0.001* | Acc: *100.000%* (50000/50000) 
Test epoch: 333 | Loss: *0.546* | Acc: *86.370%* (8637/10000)
Train epoch: 334 | Loss: *0.001* | Acc: *100.000%* (50000/50000) 
Test epoch: 334 | Loss: *0.530* | Acc: *86.500%* (8650/10000)
Train epoch: 335 | Loss: *0.001* | Acc: *100.000%* (50000/50000) 
Test epoch: 335 | Loss: *0.563* | Acc: *86.420%* (8642/10000)
Train epoch: 336 | Loss: *0.001* | Acc: *100.000%* (50000/50000) 
Test epoch: 336 | Loss: *0.503* | Acc: *86.300%* (8630/10000)
Train epoch: 337 | Loss: *0.002* | Acc: *100.000%* (50000/50000) 
Test epoch: 337 | Loss: *0.558* | Acc: *86.440%* (8644/10000)
Train epoch: 338 | Loss: *0.002* | Acc: *100.000%* (50000/50000) 
Test epoch: 338 | Loss: *0.527* | Acc: *86.400%* (8640/10000)
Train epoch: 339 | Loss: *0.002* | Acc: *100.000%* (50000/50000) 
Test epoch: 339 | Loss: *0.543* | Acc: *86.500%* (8650/10000)
Train epoch: 340 | Loss: *0.085* | Acc: *97.416%* (48708/50000) 
Test epoch: 340 | Loss: *1.643* | Acc: *59.300%* (5930/10000)
Train epoch: 341 | Loss: *0.170* | Acc: *94.624%* (47312/50000) 
Test epoch: 341 | Loss: *0.957* | Acc: *73.580%* (7358/10000)
Train epoch: 342 | Loss: *0.104* | Acc: *96.818%* (48409/50000) 
Test epoch: 342 | Loss: *0.706* | Acc: *79.580%* (7958/10000)
Train epoch: 343 | Loss: *0.069* | Acc: *97.950%* (48975/50000) 
Test epoch: 343 | Loss: *0.656* | Acc: *81.400%* (8140/10000)
Train epoch: 344 | Loss: *0.061* | Acc: *98.246%* (49123/50000) 
Test epoch: 344 | Loss: *0.742* | Acc: *80.360%* (8036/10000)
Train epoch: 345 | Loss: *0.046* | Acc: *98.734%* (49367/50000) 
Test epoch: 345 | Loss: *0.748* | Acc: *80.610%* (8061/10000)
Train epoch: 346 | Loss: *0.028* | Acc: *99.302%* (49651/50000) 
Test epoch: 346 | Loss: *0.734* | Acc: *81.620%* (8162/10000)
Train epoch: 347 | Loss: *0.023* | Acc: *99.480%* (49740/50000) 
Test epoch: 347 | Loss: *0.894* | Acc: *77.730%* (7773/10000)
Train epoch: 348 | Loss: *0.024* | Acc: *99.392%* (49696/50000) 
Test epoch: 348 | Loss: *0.665* | Acc: *82.590%* (8259/10000)
Train epoch: 349 | Loss: *0.018* | Acc: *99.584%* (49792/50000) 
Test epoch: 349 | Loss: *0.608* | Acc: *84.160%* (8416/10000)
Train epoch: 350 | Loss: *0.013* | Acc: *99.732%* (49866/50000) 
Test epoch: 350 | Loss: *0.583* | Acc: *84.620%* (8462/10000)
Train epoch: 351 | Loss: *0.008* | Acc: *99.872%* (49936/50000) 
Test epoch: 351 | Loss: *0.603* | Acc: *84.700%* (8470/10000)
Train epoch: 352 | Loss: *0.007* | Acc: *99.892%* (49946/50000) 
Test epoch: 352 | Loss: *0.905* | Acc: *78.700%* (7870/10000)
Train epoch: 353 | Loss: *0.007* | Acc: *99.896%* (49948/50000) 
Test epoch: 353 | Loss: *0.569* | Acc: *85.630%* (8563/10000)
Train epoch: 354 | Loss: *0.005* | Acc: *99.930%* (49965/50000) 
Test epoch: 354 | Loss: *0.561* | Acc: *85.800%* (8580/10000)
Train epoch: 355 | Loss: *0.002* | Acc: *99.998%* (49999/50000) 
Test epoch: 355 | Loss: *0.553* | Acc: *86.270%* (8627/10000)
Train epoch: 356 | Loss: *0.002* | Acc: *100.000%* (50000/50000) 
Test epoch: 356 | Loss: *0.550* | Acc: *86.380%* (8638/10000)
Train epoch: 357 | Loss: *0.001* | Acc: *100.000%* (50000/50000) 
Test epoch: 357 | Loss: *0.553* | Acc: *86.440%* (8644/10000)
Train epoch: 358 | Loss: *0.001* | Acc: *100.000%* (50000/50000) 
Test epoch: 358 | Loss: *0.549* | Acc: *86.420%* (8642/10000)
Train epoch: 359 | Loss: *0.001* | Acc: *100.000%* (50000/50000) 
Test epoch: 359 | Loss: *0.548* | Acc: *86.630%* (8663/10000)
Train epoch: 360 | Loss: *0.001* | Acc: *100.000%* (50000/50000) 
Test epoch: 360 | Loss: *0.552* | Acc: *86.520%* (8652/10000)
Train epoch: 361 | Loss: *0.001* | Acc: *100.000%* (50000/50000) 
Test epoch: 361 | Loss: *0.550* | Acc: *86.560%* (8656/10000)
Train epoch: 362 | Loss: *0.001* | Acc: *100.000%* (50000/50000) 
Test epoch: 362 | Loss: *0.549* | Acc: *86.600%* (8660/10000)
Train epoch: 363 | Loss: *0.001* | Acc: *100.000%* (50000/50000) 
Test epoch: 363 | Loss: *0.546* | Acc: *86.610%* (8661/10000)
Train epoch: 364 | Loss: *0.001* | Acc: *100.000%* (50000/50000) 
Test epoch: 364 | Loss: *0.547* | Acc: *86.590%* (8659/10000)
Train epoch: 365 | Loss: *0.001* | Acc: *100.000%* (50000/50000) 
Test epoch: 365 | Loss: *0.556* | Acc: *86.590%* (8659/10000)
Train epoch: 366 | Loss: *0.001* | Acc: *100.000%* (50000/50000) 
Test epoch: 366 | Loss: *0.547* | Acc: *86.490%* (8649/10000)
Train epoch: 367 | Loss: *0.001* | Acc: *100.000%* (50000/50000) 
Test epoch: 367 | Loss: *0.553* | Acc: *86.700%* (8670/10000)
Train epoch: 368 | Loss: *0.001* | Acc: *100.000%* (50000/50000) 
Test epoch: 368 | Loss: *0.551* | Acc: *86.600%* (8660/10000)
Train epoch: 369 | Loss: *0.001* | Acc: *100.000%* (50000/50000) 
Test epoch: 369 | Loss: *0.546* | Acc: *86.690%* (8669/10000)
Train epoch: 370 | Loss: *0.001* | Acc: *100.000%* (50000/50000) 
Test epoch: 370 | Loss: *0.547* | Acc: *86.690%* (8669/10000)
Train epoch: 371 | Loss: *0.001* | Acc: *100.000%* (50000/50000) 
Test epoch: 371 | Loss: *0.549* | Acc: *86.490%* (8649/10000)
Train epoch: 372 | Loss: *0.001* | Acc: *100.000%* (50000/50000) 
Test epoch: 372 | Loss: *0.546* | Acc: *86.610%* (8661/10000)
Train epoch: 373 | Loss: *0.001* | Acc: *100.000%* (50000/50000) 
Test epoch: 373 | Loss: *0.543* | Acc: *86.560%* (8656/10000)
Train epoch: 374 | Loss: *0.001* | Acc: *100.000%* (50000/50000) 
Test epoch: 374 | Loss: *0.545* | Acc: *86.630%* (8663/10000)
Train epoch: 375 | Loss: *0.001* | Acc: *100.000%* (50000/50000) 
Test epoch: 375 | Loss: *0.549* | Acc: *86.210%* (8621/10000)
Train epoch: 376 | Loss: *0.001* | Acc: *100.000%* (50000/50000) 
Test epoch: 376 | Loss: *0.538* | Acc: *86.460%* (8646/10000)
Train epoch: 377 | Loss: *0.001* | Acc: *100.000%* (50000/50000) 
Test epoch: 377 | Loss: *0.541* | Acc: *86.530%* (8653/10000)
Train epoch: 378 | Loss: *0.001* | Acc: *100.000%* (50000/50000) 
Test epoch: 378 | Loss: *0.540* | Acc: *86.640%* (8664/10000)
Train epoch: 379 | Loss: *0.001* | Acc: *100.000%* (50000/50000) 
Test epoch: 379 | Loss: *0.519* | Acc: *86.660%* (8666/10000)
Train epoch: 380 | Loss: *0.001* | Acc: *100.000%* (50000/50000) 
Test epoch: 380 | Loss: *0.541* | Acc: *86.500%* (8650/10000)
Train epoch: 381 | Loss: *0.001* | Acc: *100.000%* (50000/50000) 
Test epoch: 381 | Loss: *0.545* | Acc: *86.370%* (8637/10000)
Train epoch: 382 | Loss: *0.001* | Acc: *100.000%* (50000/50000) 
Test epoch: 382 | Loss: *0.545* | Acc: *86.460%* (8646/10000)
Train epoch: 383 | Loss: *0.001* | Acc: *100.000%* (50000/50000) 
Test epoch: 383 | Loss: *0.556* | Acc: *86.580%* (8658/10000)
Train epoch: 384 | Loss: *0.001* | Acc: *100.000%* (50000/50000) 
Test epoch: 384 | Loss: *0.543* | Acc: *86.420%* (8642/10000)
Train epoch: 385 | Loss: *0.001* | Acc: *100.000%* (50000/50000) 
Test epoch: 385 | Loss: *0.509* | Acc: *86.430%* (8643/10000)
Train epoch: 386 | Loss: *0.001* | Acc: *100.000%* (50000/50000) 
Test epoch: 386 | Loss: *0.538* | Acc: *86.490%* (8649/10000)
Train epoch: 387 | Loss: *0.001* | Acc: *100.000%* (50000/50000) 
Test epoch: 387 | Loss: *0.543* | Acc: *86.570%* (8657/10000)
Train epoch: 388 | Loss: *0.001* | Acc: *100.000%* (50000/50000) 
Test epoch: 388 | Loss: *0.526* | Acc: *86.570%* (8657/10000)
Train epoch: 389 | Loss: *0.001* | Acc: *100.000%* (50000/50000) 
Test epoch: 389 | Loss: *0.538* | Acc: *86.500%* (8650/10000)
Train epoch: 390 | Loss: *0.002* | Acc: *100.000%* (50000/50000) 
Test epoch: 390 | Loss: *0.559* | Acc: *86.190%* (8619/10000)
Train epoch: 391 | Loss: *0.001* | Acc: *100.000%* (50000/50000) 
Test epoch: 391 | Loss: *0.529* | Acc: *86.520%* (8652/10000)
Train epoch: 392 | Loss: *0.002* | Acc: *100.000%* (50000/50000) 
Test epoch: 392 | Loss: *0.539* | Acc: *86.430%* (8643/10000)
Train epoch: 393 | Loss: *0.002* | Acc: *100.000%* (50000/50000) 
Test epoch: 393 | Loss: *0.529* | Acc: *86.540%* (8654/10000)
Train epoch: 394 | Loss: *0.002* | Acc: *100.000%* (50000/50000) 
Test epoch: 394 | Loss: *0.527* | Acc: *86.690%* (8669/10000)
Train epoch: 395 | Loss: *0.085* | Acc: *97.568%* (48784/50000) 
Test epoch: 395 | Loss: *0.900* | Acc: *74.300%* (7430/10000)
Train epoch: 396 | Loss: *0.147* | Acc: *95.512%* (47756/50000) 
Test epoch: 396 | Loss: *0.677* | Acc: *79.950%* (7995/10000)
Train epoch: 397 | Loss: *0.091* | Acc: *97.258%* (48629/50000) 
Test epoch: 397 | Loss: *0.808* | Acc: *77.620%* (7762/10000)
Train epoch: 398 | Loss: *0.067* | Acc: *98.064%* (49032/50000) 
Test epoch: 398 | Loss: *0.723* | Acc: *80.590%* (8059/10000)
Train epoch: 399 | Loss: *0.046* | Acc: *98.720%* (49360/50000) 
Test epoch: 399 | Loss: *0.864* | Acc: *78.030%* (7803/10000)
Train epoch: 400 | Loss: *0.039* | Acc: *98.894%* (49447/50000) 
Test epoch: 400 | Loss: *0.643* | Acc: *82.380%* (8238/10000)
Train epoch: 401 | Loss: *0.032* | Acc: *99.186%* (49593/50000) 
Test epoch: 401 | Loss: *0.698* | Acc: *81.400%* (8140/10000)
Train epoch: 402 | Loss: *0.032* | Acc: *99.074%* (49537/50000) 
Test epoch: 402 | Loss: *0.600* | Acc: *83.440%* (8344/10000)
Train epoch: 403 | Loss: *0.023* | Acc: *99.434%* (49717/50000) 
Test epoch: 403 | Loss: *0.667* | Acc: *82.690%* (8269/10000)
Train epoch: 404 | Loss: *0.007* | Acc: *99.924%* (49962/50000) 
Test epoch: 404 | Loss: *0.576* | Acc: *85.380%* (8538/10000)
Train epoch: 405 | Loss: *0.003* | Acc: *99.998%* (49999/50000) 
Test epoch: 405 | Loss: *0.532* | Acc: *86.380%* (8638/10000)
Train epoch: 406 | Loss: *0.002* | Acc: *100.000%* (50000/50000) 
Test epoch: 406 | Loss: *0.531* | Acc: *86.540%* (8654/10000)
Train epoch: 407 | Loss: *0.002* | Acc: *100.000%* (50000/50000) 
Test epoch: 407 | Loss: *0.543* | Acc: *86.590%* (8659/10000)
Train epoch: 408 | Loss: *0.002* | Acc: *99.976%* (49988/50000) 
Test epoch: 408 | Loss: *0.538* | Acc: *86.030%* (8603/10000)
Train epoch: 409 | Loss: *0.002* | Acc: *99.994%* (49997/50000) 
Test epoch: 409 | Loss: *0.532* | Acc: *86.460%* (8646/10000)
Train epoch: 410 | Loss: *0.001* | Acc: *100.000%* (50000/50000) 
Test epoch: 410 | Loss: *0.537* | Acc: *86.530%* (8653/10000)
Train epoch: 411 | Loss: *0.001* | Acc: *100.000%* (50000/50000) 
Test epoch: 411 | Loss: *0.533* | Acc: *86.630%* (8663/10000)
Train epoch: 412 | Loss: *0.001* | Acc: *100.000%* (50000/50000) 
Test epoch: 412 | Loss: *0.533* | Acc: *86.590%* (8659/10000)
Train epoch: 413 | Loss: *0.001* | Acc: *100.000%* (50000/50000) 
Test epoch: 413 | Loss: *0.532* | Acc: *86.780%* (8678/10000)
Train epoch: 414 | Loss: *0.001* | Acc: *100.000%* (50000/50000) 
Test epoch: 414 | Loss: *0.534* | Acc: *86.700%* (8670/10000)
Train epoch: 415 | Loss: *0.001* | Acc: *100.000%* (50000/50000) 
Test epoch: 415 | Loss: *0.532* | Acc: *86.790%* (8679/10000)
Train epoch: 416 | Loss: *0.001* | Acc: *100.000%* (50000/50000) 
Test epoch: 416 | Loss: *0.532* | Acc: *86.710%* (8671/10000)
Train epoch: 417 | Loss: *0.001* | Acc: *100.000%* (50000/50000) 
Test epoch: 417 | Loss: *0.531* | Acc: *86.690%* (8669/10000)
Train epoch: 418 | Loss: *0.001* | Acc: *100.000%* (50000/50000) 
Test epoch: 418 | Loss: *0.536* | Acc: *86.780%* (8678/10000)
Train epoch: 419 | Loss: *0.001* | Acc: *100.000%* (50000/50000) 
Test epoch: 419 | Loss: *0.531* | Acc: *86.810%* (8681/10000)
Train epoch: 420 | Loss: *0.001* | Acc: *100.000%* (50000/50000) 
Test epoch: 420 | Loss: *0.534* | Acc: *86.810%* (8681/10000)
Train epoch: 421 | Loss: *0.001* | Acc: *100.000%* (50000/50000) 
Test epoch: 421 | Loss: *0.536* | Acc: *86.910%* (8691/10000)
Train epoch: 422 | Loss: *0.001* | Acc: *100.000%* (50000/50000) 
Test epoch: 422 | Loss: *0.533* | Acc: *87.080%* (8708/10000)
Train epoch: 423 | Loss: *0.001* | Acc: *100.000%* (50000/50000) 
Test epoch: 423 | Loss: *0.536* | Acc: *86.820%* (8682/10000)
Train epoch: 424 | Loss: *0.001* | Acc: *100.000%* (50000/50000) 
Test epoch: 424 | Loss: *0.525* | Acc: *86.870%* (8687/10000)
Train epoch: 425 | Loss: *0.001* | Acc: *100.000%* (50000/50000) 
Test epoch: 425 | Loss: *0.528* | Acc: *87.000%* (8700/10000)
Train epoch: 426 | Loss: *0.001* | Acc: *100.000%* (50000/50000) 
Test epoch: 426 | Loss: *0.519* | Acc: *86.890%* (8689/10000)
Train epoch: 427 | Loss: *0.001* | Acc: *100.000%* (50000/50000) 
Test epoch: 427 | Loss: *0.529* | Acc: *86.980%* (8698/10000)
Train epoch: 428 | Loss: *0.001* | Acc: *100.000%* (50000/50000) 
Test epoch: 428 | Loss: *0.521* | Acc: *86.900%* (8690/10000)
Train epoch: 429 | Loss: *0.001* | Acc: *100.000%* (50000/50000) 
Test epoch: 429 | Loss: *0.522* | Acc: *86.920%* (8692/10000)
Train epoch: 430 | Loss: *0.001* | Acc: *100.000%* (50000/50000) 
Test epoch: 430 | Loss: *0.532* | Acc: *86.990%* (8699/10000)
Train epoch: 431 | Loss: *0.001* | Acc: *100.000%* (50000/50000) 
Test epoch: 431 | Loss: *0.534* | Acc: *86.850%* (8685/10000)
Train epoch: 432 | Loss: *0.001* | Acc: *100.000%* (50000/50000) 
Test epoch: 432 | Loss: *0.532* | Acc: *86.910%* (8691/10000)
Train epoch: 433 | Loss: *0.001* | Acc: *100.000%* (50000/50000) 
Test epoch: 433 | Loss: *0.504* | Acc: *86.800%* (8680/10000)
Train epoch: 434 | Loss: *0.001* | Acc: *100.000%* (50000/50000) 
Test epoch: 434 | Loss: *0.528* | Acc: *86.940%* (8694/10000)
Train epoch: 435 | Loss: *0.001* | Acc: *100.000%* (50000/50000) 
Test epoch: 435 | Loss: *0.525* | Acc: *86.990%* (8699/10000)
Train epoch: 436 | Loss: *0.001* | Acc: *100.000%* (50000/50000) 
Test epoch: 436 | Loss: *0.530* | Acc: *87.070%* (8707/10000)
Train epoch: 437 | Loss: *0.001* | Acc: *100.000%* (50000/50000) 
Test epoch: 437 | Loss: *0.533* | Acc: *86.940%* (8694/10000)
Train epoch: 438 | Loss: *0.001* | Acc: *100.000%* (50000/50000) 
Test epoch: 438 | Loss: *0.521* | Acc: *86.890%* (8689/10000)
Train epoch: 439 | Loss: *0.001* | Acc: *100.000%* (50000/50000) 
Test epoch: 439 | Loss: *0.525* | Acc: *87.120%* (8712/10000)
Train epoch: 440 | Loss: *0.001* | Acc: *100.000%* (50000/50000) 
Test epoch: 440 | Loss: *0.512* | Acc: *86.740%* (8674/10000)
Train epoch: 441 | Loss: *0.001* | Acc: *100.000%* (50000/50000) 
Test epoch: 441 | Loss: *0.533* | Acc: *86.980%* (8698/10000)
Train epoch: 442 | Loss: *0.001* | Acc: *100.000%* (50000/50000) 
Test epoch: 442 | Loss: *0.521* | Acc: *86.970%* (8697/10000)
Train epoch: 443 | Loss: *0.001* | Acc: *100.000%* (50000/50000) 
Test epoch: 443 | Loss: *0.540* | Acc: *86.960%* (8696/10000)
Train epoch: 444 | Loss: *0.001* | Acc: *100.000%* (50000/50000) 
Test epoch: 444 | Loss: *0.526* | Acc: *86.840%* (8684/10000)
Train epoch: 445 | Loss: *0.001* | Acc: *100.000%* (50000/50000) 
Test epoch: 445 | Loss: *0.518* | Acc: *86.960%* (8696/10000)
Train epoch: 446 | Loss: *0.001* | Acc: *100.000%* (50000/50000) 
Test epoch: 446 | Loss: *0.521* | Acc: *87.020%* (8702/10000)
Train epoch: 447 | Loss: *0.001* | Acc: *100.000%* (50000/50000) 
Test epoch: 447 | Loss: *0.546* | Acc: *86.650%* (8665/10000)
Train epoch: 448 | Loss: *0.001* | Acc: *100.000%* (50000/50000) 
Test epoch: 448 | Loss: *0.525* | Acc: *86.880%* (8688/10000)
Train epoch: 449 | Loss: *0.001* | Acc: *100.000%* (50000/50000) 
Test epoch: 449 | Loss: *0.517* | Acc: *86.720%* (8672/10000)
Train epoch: 450 | Loss: *0.001* | Acc: *100.000%* (50000/50000) 
Test epoch: 450 | Loss: *0.526* | Acc: *86.720%* (8672/10000)
Train epoch: 451 | Loss: *0.001* | Acc: *100.000%* (50000/50000) 
Test epoch: 451 | Loss: *0.534* | Acc: *86.900%* (8690/10000)
Train epoch: 452 | Loss: *0.006* | Acc: *99.950%* (49975/50000) 
Test epoch: 452 | Loss: *0.510* | Acc: *86.660%* (8666/10000)
Train epoch: 453 | Loss: *0.002* | Acc: *100.000%* (50000/50000) 
Test epoch: 453 | Loss: *0.520* | Acc: *86.880%* (8688/10000)
Train epoch: 454 | Loss: *0.002* | Acc: *99.996%* (49998/50000) 
Test epoch: 454 | Loss: *0.506* | Acc: *86.660%* (8666/10000)
Train epoch: 455 | Loss: *0.002* | Acc: *100.000%* (50000/50000) 
Test epoch: 455 | Loss: *0.513* | Acc: *86.690%* (8669/10000)
Train epoch: 456 | Loss: *0.002* | Acc: *100.000%* (50000/50000) 
Test epoch: 456 | Loss: *0.511* | Acc: *86.900%* (8690/10000)
Train epoch: 457 | Loss: *0.002* | Acc: *100.000%* (50000/50000) 
Test epoch: 457 | Loss: *0.512* | Acc: *86.940%* (8694/10000)
Train epoch: 458 | Loss: *0.002* | Acc: *100.000%* (50000/50000) 
Test epoch: 458 | Loss: *0.527* | Acc: *86.880%* (8688/10000)
Train epoch: 459 | Loss: *0.002* | Acc: *100.000%* (50000/50000) 
Test epoch: 459 | Loss: *0.521* | Acc: *87.010%* (8701/10000)
Train epoch: 460 | Loss: *0.002* | Acc: *100.000%* (50000/50000) 
Test epoch: 460 | Loss: *0.515* | Acc: *86.990%* (8699/10000)
Train epoch: 461 | Loss: *0.002* | Acc: *100.000%* (50000/50000) 
Test epoch: 461 | Loss: *0.514* | Acc: *86.890%* (8689/10000)
Train epoch: 462 | Loss: *0.002* | Acc: *100.000%* (50000/50000) 
Test epoch: 462 | Loss: *0.529* | Acc: *86.930%* (8693/10000)
Train epoch: 463 | Loss: *0.002* | Acc: *100.000%* (50000/50000) 
Test epoch: 463 | Loss: *0.517* | Acc: *87.020%* (8702/10000)
Train epoch: 464 | Loss: *0.002* | Acc: *100.000%* (50000/50000) 
Test epoch: 464 | Loss: *0.523* | Acc: *86.990%* (8699/10000)
Train epoch: 465 | Loss: *0.002* | Acc: *100.000%* (50000/50000) 
Test epoch: 465 | Loss: *0.521* | Acc: *86.870%* (8687/10000)
Train epoch: 466 | Loss: *0.006* | Acc: *99.960%* (49980/50000) 
Test epoch: 466 | Loss: *0.504* | Acc: *86.950%* (8695/10000)
Train epoch: 467 | Loss: *0.002* | Acc: *100.000%* (50000/50000) 
Test epoch: 467 | Loss: *0.519* | Acc: *86.760%* (8676/10000)
Train epoch: 468 | Loss: *0.002* | Acc: *100.000%* (50000/50000) 
Test epoch: 468 | Loss: *0.507* | Acc: *86.870%* (8687/10000)
Train epoch: 469 | Loss: *0.002* | Acc: *100.000%* (50000/50000) 
Test epoch: 469 | Loss: *0.514* | Acc: *86.840%* (8684/10000)
Train epoch: 470 | Loss: *0.002* | Acc: *100.000%* (50000/50000) 
Test epoch: 470 | Loss: *0.515* | Acc: *86.970%* (8697/10000)
Train epoch: 471 | Loss: *0.002* | Acc: *100.000%* (50000/50000) 
Test epoch: 471 | Loss: *0.509* | Acc: *87.000%* (8700/10000)
Train epoch: 472 | Loss: *0.002* | Acc: *100.000%* (50000/50000) 
Test epoch: 472 | Loss: *0.510* | Acc: *87.020%* (8702/10000)
Train epoch: 473 | Loss: *0.002* | Acc: *100.000%* (50000/50000) 
Test epoch: 473 | Loss: *0.514* | Acc: *87.120%* (8712/10000)
Train epoch: 474 | Loss: *0.002* | Acc: *100.000%* (50000/50000) 
Test epoch: 474 | Loss: *0.522* | Acc: *87.000%* (8700/10000)
Train epoch: 475 | Loss: *0.002* | Acc: *100.000%* (50000/50000) 
Test epoch: 475 | Loss: *0.519* | Acc: *86.990%* (8699/10000)
Train epoch: 476 | Loss: *0.002* | Acc: *100.000%* (50000/50000) 
Test epoch: 476 | Loss: *0.510* | Acc: *87.050%* (8705/10000)
Train epoch: 477 | Loss: *0.001* | Acc: *100.000%* (50000/50000) 
Test epoch: 477 | Loss: *0.516* | Acc: *87.020%* (8702/10000)
Train epoch: 478 | Loss: *0.002* | Acc: *100.000%* (50000/50000) 
Test epoch: 478 | Loss: *0.514* | Acc: *86.840%* (8684/10000)
Train epoch: 479 | Loss: *0.001* | Acc: *100.000%* (50000/50000) 
Test epoch: 479 | Loss: *0.535* | Acc: *87.080%* (8708/10000)
Train epoch: 480 | Loss: *0.002* | Acc: *100.000%* (50000/50000) 
Test epoch: 480 | Loss: *0.508* | Acc: *87.060%* (8706/10000)
Train epoch: 481 | Loss: *0.001* | Acc: *100.000%* (50000/50000) 
Test epoch: 481 | Loss: *0.525* | Acc: *87.110%* (8711/10000)
Train epoch: 482 | Loss: *0.001* | Acc: *100.000%* (50000/50000) 
Test epoch: 482 | Loss: *0.507* | Acc: *87.060%* (8706/10000)
Train epoch: 483 | Loss: *0.003* | Acc: *99.966%* (49983/50000) 
Test epoch: 483 | Loss: *0.471* | Acc: *85.730%* (8573/10000)
Train epoch: 484 | Loss: *0.003* | Acc: *100.000%* (50000/50000) 
Test epoch: 484 | Loss: *0.521* | Acc: *86.700%* (8670/10000)
Train epoch: 485 | Loss: *0.002* | Acc: *100.000%* (50000/50000) 
Test epoch: 485 | Loss: *0.514* | Acc: *86.800%* (8680/10000)
Train epoch: 486 | Loss: *0.002* | Acc: *100.000%* (50000/50000) 
Test epoch: 486 | Loss: *0.518* | Acc: *86.960%* (8696/10000)
Train epoch: 487 | Loss: *0.002* | Acc: *100.000%* (50000/50000) 
Test epoch: 487 | Loss: *0.504* | Acc: *86.920%* (8692/10000)
Train epoch: 488 | Loss: *0.002* | Acc: *100.000%* (50000/50000) 
Test epoch: 488 | Loss: *0.512* | Acc: *86.930%* (8693/10000)
Train epoch: 489 | Loss: *0.002* | Acc: *100.000%* (50000/50000) 
Test epoch: 489 | Loss: *0.522* | Acc: *86.960%* (8696/10000)
Train epoch: 490 | Loss: *0.020* | Acc: *99.678%* (49839/50000) 
Test epoch: 490 | Loss: *0.552* | Acc: *84.410%* (8441/10000)
Train epoch: 491 | Loss: *0.059* | Acc: *98.410%* (49205/50000) 
Test epoch: 491 | Loss: *0.809* | Acc: *78.980%* (7898/10000)
Train epoch: 492 | Loss: *0.044* | Acc: *98.900%* (49450/50000) 
Test epoch: 492 | Loss: *0.797* | Acc: *79.040%* (7904/10000)
Train epoch: 493 | Loss: *0.026* | Acc: *99.436%* (49718/50000) 
Test epoch: 493 | Loss: *0.760* | Acc: *80.570%* (8057/10000)
Train epoch: 494 | Loss: *0.023* | Acc: *99.504%* (49752/50000) 
Test epoch: 494 | Loss: *0.602* | Acc: *84.290%* (8429/10000)
Train epoch: 495 | Loss: *0.006* | Acc: *99.970%* (49985/50000) 
Test epoch: 495 | Loss: *0.543* | Acc: *85.960%* (8596/10000)
Train epoch: 496 | Loss: *0.003* | Acc: *99.998%* (49999/50000) 
Test epoch: 496 | Loss: *0.529* | Acc: *86.220%* (8622/10000)
Train epoch: 497 | Loss: *0.002* | Acc: *100.000%* (50000/50000) 
Test epoch: 497 | Loss: *0.528* | Acc: *86.390%* (8639/10000)
Train epoch: 498 | Loss: *0.002* | Acc: *100.000%* (50000/50000) 
Test epoch: 498 | Loss: *0.524* | Acc: *86.360%* (8636/10000)
Train epoch: 499 | Loss: *0.002* | Acc: *100.000%* (50000/50000) 
Test epoch: 499 | Loss: *0.525* | Acc: *86.500%* (8650/10000)
Train epoch: 500 | Loss: *0.002* | Acc: *100.000%* (50000/50000) 
Test epoch: 500 | Loss: *0.524* | Acc: *86.510%* (8651/10000)
Best test accuracy: *87.120%*, loss: *0.5246119977533817*, at epoch: *439*.
==> Execution time summary of 500 epoch(s).
Train data loading time: sum. *217.9542535948567* secs | avg. *0.4359085071897134* secs per epoch.
Train training time: sum. *856.5564373098314* secs | avg. *1.7131128746196627* secs per epoch.
Train total time: sum. *1074.510690904688* secs | avg. *2.149021381809376* secs per epoch.
Test data loading time: sum. *91.91804532054812* secs | avg. *0.18383609064109624* secs per epoch.
Test training time: sum. *66.03333849832416* secs | avg. *0.1320666769966483* secs per epoch.
Test total time: sum. *157.95138381887227* secs | avg. *0.31590276763774455* secs per epoch.
Total data loading time: sum. *309.8722989154048* secs | avg. *0.6197445978308097* secs per epoch.
Total training time: sum. *922.5897758081555* secs | avg. *1.845179551616311* secs per epoch.
Total running time: sum. *1232.4620747235604* secs | avg. *2.464924149447121* secs per epoch.
==> Number of GPU device: 1
==> Device #0 Memory Usage
==> Allocated: 0.1 GB
==> Cached:    1.6 GB
==> Maximum: 1.6 GB
