==> Running on : cuda
==> Number of CPU: 48
==> Number of workers: 2
==> #Epochs: 500, #Layers: 2, #Blocks: [1, 3], In channel: 64, Input layer conv kernel: 7x7, Residual layer conv kernel 7x7, Skip kernel: 1x1, Input layer conv padding: 3, Residual layer conv padding: 3
==> Optimizer is SGD
==> Momentum: 0.9
==> Learning rate: 0.1
==> Weight decay: 0.0005
==>Trainable Parameters: 4837962
==>Other Parameters: 0
==>Augmentation: None
Files already downloaded and verified
Train epoch: 1 | Loss: *1.657* | Acc: *38.916%* (19458/50000) 
Test epoch: 1 | Loss: *1.669* | Acc: *39.840%* (3984/10000)
Train epoch: 2 | Loss: *1.220* | Acc: *55.878%* (27939/50000) 
Test epoch: 2 | Loss: *1.395* | Acc: *51.640%* (5164/10000)
Train epoch: 3 | Loss: *0.977* | Acc: *65.222%* (32611/50000) 
Test epoch: 3 | Loss: *1.225* | Acc: *56.760%* (5676/10000)
Train epoch: 4 | Loss: *0.822* | Acc: *71.134%* (35567/50000) 
Test epoch: 4 | Loss: *1.254* | Acc: *59.960%* (5996/10000)
Train epoch: 5 | Loss: *0.705* | Acc: *75.314%* (37657/50000) 
Test epoch: 5 | Loss: *1.545* | Acc: *54.670%* (5467/10000)
Train epoch: 6 | Loss: *0.623* | Acc: *78.456%* (39228/50000) 
Test epoch: 6 | Loss: *1.391* | Acc: *59.920%* (5992/10000)
Train epoch: 7 | Loss: *0.559* | Acc: *80.874%* (40437/50000) 
Test epoch: 7 | Loss: *0.901* | Acc: *69.710%* (6971/10000)
Train epoch: 8 | Loss: *0.503* | Acc: *82.744%* (41372/50000) 
Test epoch: 8 | Loss: *0.755* | Acc: *74.620%* (7462/10000)
Train epoch: 9 | Loss: *0.471* | Acc: *83.692%* (41846/50000) 
Test epoch: 9 | Loss: *0.705* | Acc: *76.290%* (7629/10000)
Train epoch: 10 | Loss: *0.426* | Acc: *85.166%* (42583/50000) 
Test epoch: 10 | Loss: *0.714* | Acc: *76.210%* (7621/10000)
Train epoch: 11 | Loss: *0.403* | Acc: *86.122%* (43061/50000) 
Test epoch: 11 | Loss: *0.800* | Acc: *74.000%* (7400/10000)
Train epoch: 12 | Loss: *0.378* | Acc: *86.940%* (43470/50000) 
Test epoch: 12 | Loss: *0.887* | Acc: *70.380%* (7038/10000)
Train epoch: 13 | Loss: *0.356* | Acc: *87.744%* (43872/50000) 
Test epoch: 13 | Loss: *0.823* | Acc: *74.880%* (7488/10000)
Train epoch: 14 | Loss: *0.339* | Acc: *88.344%* (44172/50000) 
Test epoch: 14 | Loss: *0.744* | Acc: *76.420%* (7642/10000)
Train epoch: 15 | Loss: *0.324* | Acc: *88.768%* (44384/50000) 
Test epoch: 15 | Loss: *0.768* | Acc: *75.280%* (7528/10000)
Train epoch: 16 | Loss: *0.308* | Acc: *89.328%* (44664/50000) 
Test epoch: 16 | Loss: *0.755* | Acc: *75.610%* (7561/10000)
Train epoch: 17 | Loss: *0.295* | Acc: *89.800%* (44900/50000) 
Test epoch: 17 | Loss: *0.715* | Acc: *76.770%* (7677/10000)
Train epoch: 18 | Loss: *0.289* | Acc: *90.002%* (45001/50000) 
Test epoch: 18 | Loss: *0.771* | Acc: *74.530%* (7453/10000)
Train epoch: 19 | Loss: *0.277* | Acc: *90.480%* (45240/50000) 
Test epoch: 19 | Loss: *1.038* | Acc: *69.800%* (6980/10000)
Train epoch: 20 | Loss: *0.268* | Acc: *90.722%* (45361/50000) 
Test epoch: 20 | Loss: *0.720* | Acc: *78.090%* (7809/10000)
Train epoch: 21 | Loss: *0.273* | Acc: *90.570%* (45285/50000) 
Test epoch: 21 | Loss: *1.081* | Acc: *68.230%* (6823/10000)
Train epoch: 22 | Loss: *0.255* | Acc: *91.278%* (45639/50000) 
Test epoch: 22 | Loss: *0.767* | Acc: *75.890%* (7589/10000)
Train epoch: 23 | Loss: *0.242* | Acc: *91.782%* (45891/50000) 
Test epoch: 23 | Loss: *0.791* | Acc: *76.290%* (7629/10000)
Train epoch: 24 | Loss: *0.253* | Acc: *91.250%* (45625/50000) 
Test epoch: 24 | Loss: *0.653* | Acc: *78.120%* (7812/10000)
Train epoch: 25 | Loss: *0.243* | Acc: *91.676%* (45838/50000) 
Test epoch: 25 | Loss: *0.783* | Acc: *75.680%* (7568/10000)
Train epoch: 26 | Loss: *0.239* | Acc: *91.678%* (45839/50000) 
Test epoch: 26 | Loss: *0.987* | Acc: *71.960%* (7196/10000)
Train epoch: 27 | Loss: *0.231* | Acc: *92.064%* (46032/50000) 
Test epoch: 27 | Loss: *0.897* | Acc: *73.450%* (7345/10000)
Train epoch: 28 | Loss: *0.230* | Acc: *92.046%* (46023/50000) 
Test epoch: 28 | Loss: *0.700* | Acc: *78.300%* (7830/10000)
Train epoch: 29 | Loss: *0.222* | Acc: *92.278%* (46139/50000) 
Test epoch: 29 | Loss: *0.946* | Acc: *73.290%* (7329/10000)
Train epoch: 30 | Loss: *0.222* | Acc: *92.426%* (46213/50000) 
Test epoch: 30 | Loss: *0.764* | Acc: *76.910%* (7691/10000)
Train epoch: 31 | Loss: *0.215* | Acc: *92.466%* (46233/50000) 
Test epoch: 31 | Loss: *0.708* | Acc: *79.250%* (7925/10000)
Train epoch: 32 | Loss: *0.216* | Acc: *92.530%* (46265/50000) 
Test epoch: 32 | Loss: *0.783* | Acc: *76.050%* (7605/10000)
Train epoch: 33 | Loss: *0.208* | Acc: *92.860%* (46430/50000) 
Test epoch: 33 | Loss: *0.711* | Acc: *78.360%* (7836/10000)
Train epoch: 34 | Loss: *0.216* | Acc: *92.470%* (46235/50000) 
Test epoch: 34 | Loss: *1.293* | Acc: *65.300%* (6530/10000)
Train epoch: 35 | Loss: *0.207* | Acc: *92.876%* (46438/50000) 
Test epoch: 35 | Loss: *0.685* | Acc: *78.290%* (7829/10000)
Train epoch: 36 | Loss: *0.198* | Acc: *93.368%* (46684/50000) 
Test epoch: 36 | Loss: *0.680* | Acc: *79.060%* (7906/10000)
Train epoch: 37 | Loss: *0.207* | Acc: *92.836%* (46418/50000) 
Test epoch: 37 | Loss: *0.625* | Acc: *80.740%* (8074/10000)
Train epoch: 38 | Loss: *0.198* | Acc: *93.120%* (46560/50000) 
Test epoch: 38 | Loss: *0.818* | Acc: *76.400%* (7640/10000)
Train epoch: 39 | Loss: *0.197* | Acc: *93.110%* (46555/50000) 
Test epoch: 39 | Loss: *0.784* | Acc: *76.580%* (7658/10000)
Train epoch: 40 | Loss: *0.191* | Acc: *93.380%* (46690/50000) 
Test epoch: 40 | Loss: *1.027* | Acc: *73.280%* (7328/10000)
Train epoch: 41 | Loss: *0.197* | Acc: *93.114%* (46557/50000) 
Test epoch: 41 | Loss: *0.627* | Acc: *80.300%* (8030/10000)
Train epoch: 42 | Loss: *0.184* | Acc: *93.664%* (46832/50000) 
Test epoch: 42 | Loss: *0.994* | Acc: *72.660%* (7266/10000)
Train epoch: 43 | Loss: *0.187* | Acc: *93.554%* (46777/50000) 
Test epoch: 43 | Loss: *0.646* | Acc: *79.600%* (7960/10000)
Train epoch: 44 | Loss: *0.181* | Acc: *93.868%* (46934/50000) 
Test epoch: 44 | Loss: *0.815* | Acc: *76.280%* (7628/10000)
Train epoch: 45 | Loss: *0.183* | Acc: *93.704%* (46852/50000) 
Test epoch: 45 | Loss: *0.792* | Acc: *77.780%* (7778/10000)
Train epoch: 46 | Loss: *0.184* | Acc: *93.590%* (46795/50000) 
Test epoch: 46 | Loss: *0.786* | Acc: *79.270%* (7927/10000)
Train epoch: 47 | Loss: *0.186* | Acc: *93.564%* (46782/50000) 
Test epoch: 47 | Loss: *0.941* | Acc: *73.180%* (7318/10000)
Train epoch: 48 | Loss: *0.179* | Acc: *93.704%* (46852/50000) 
Test epoch: 48 | Loss: *0.724* | Acc: *77.160%* (7716/10000)
Train epoch: 49 | Loss: *0.174* | Acc: *94.026%* (47013/50000) 
Test epoch: 49 | Loss: *0.757* | Acc: *77.510%* (7751/10000)
Train epoch: 50 | Loss: *0.166* | Acc: *94.234%* (47117/50000) 
Test epoch: 50 | Loss: *0.949* | Acc: *73.190%* (7319/10000)
Train epoch: 51 | Loss: *0.171* | Acc: *94.168%* (47084/50000) 
Test epoch: 51 | Loss: *0.766* | Acc: *77.370%* (7737/10000)
Train epoch: 52 | Loss: *0.172* | Acc: *94.074%* (47037/50000) 
Test epoch: 52 | Loss: *0.713* | Acc: *79.250%* (7925/10000)
Train epoch: 53 | Loss: *0.167* | Acc: *94.278%* (47139/50000) 
Test epoch: 53 | Loss: *0.688* | Acc: *78.920%* (7892/10000)
Train epoch: 54 | Loss: *0.174* | Acc: *93.980%* (46990/50000) 
Test epoch: 54 | Loss: *0.699* | Acc: *79.970%* (7997/10000)
Train epoch: 55 | Loss: *0.155* | Acc: *94.616%* (47308/50000) 
Test epoch: 55 | Loss: *0.876* | Acc: *76.040%* (7604/10000)
Train epoch: 56 | Loss: *0.164* | Acc: *94.384%* (47192/50000) 
Test epoch: 56 | Loss: *0.723* | Acc: *78.530%* (7853/10000)
Train epoch: 57 | Loss: *0.159* | Acc: *94.560%* (47280/50000) 
Test epoch: 57 | Loss: *0.835* | Acc: *78.670%* (7867/10000)
Train epoch: 58 | Loss: *0.150* | Acc: *94.942%* (47471/50000) 
Test epoch: 58 | Loss: *0.637* | Acc: *81.060%* (8106/10000)
Train epoch: 59 | Loss: *0.165* | Acc: *94.284%* (47142/50000) 
Test epoch: 59 | Loss: *0.701* | Acc: *77.960%* (7796/10000)
Train epoch: 60 | Loss: *0.144* | Acc: *95.142%* (47571/50000) 
Test epoch: 60 | Loss: *0.752* | Acc: *77.230%* (7723/10000)
Train epoch: 61 | Loss: *0.158* | Acc: *94.542%* (47271/50000) 
Test epoch: 61 | Loss: *0.656* | Acc: *80.840%* (8084/10000)
Train epoch: 62 | Loss: *0.153* | Acc: *94.752%* (47376/50000) 
Test epoch: 62 | Loss: *0.910* | Acc: *75.700%* (7570/10000)
Train epoch: 63 | Loss: *0.144* | Acc: *95.078%* (47539/50000) 
Test epoch: 63 | Loss: *1.020* | Acc: *72.250%* (7225/10000)
Train epoch: 64 | Loss: *0.157* | Acc: *94.682%* (47341/50000) 
Test epoch: 64 | Loss: *1.088* | Acc: *72.020%* (7202/10000)
Train epoch: 65 | Loss: *0.143* | Acc: *95.078%* (47539/50000) 
Test epoch: 65 | Loss: *0.669* | Acc: *80.590%* (8059/10000)
Train epoch: 66 | Loss: *0.138* | Acc: *95.276%* (47638/50000) 
Test epoch: 66 | Loss: *0.649* | Acc: *81.120%* (8112/10000)
Train epoch: 67 | Loss: *0.138* | Acc: *95.286%* (47643/50000) 
Test epoch: 67 | Loss: *0.894* | Acc: *74.400%* (7440/10000)
Train epoch: 68 | Loss: *0.142* | Acc: *95.096%* (47548/50000) 
Test epoch: 68 | Loss: *0.739* | Acc: *78.480%* (7848/10000)
Train epoch: 69 | Loss: *0.140* | Acc: *95.210%* (47605/50000) 
Test epoch: 69 | Loss: *1.006* | Acc: *73.150%* (7315/10000)
Train epoch: 70 | Loss: *0.135* | Acc: *95.370%* (47685/50000) 
Test epoch: 70 | Loss: *0.920* | Acc: *75.700%* (7570/10000)
Train epoch: 71 | Loss: *0.134* | Acc: *95.474%* (47737/50000) 
Test epoch: 71 | Loss: *0.789* | Acc: *78.780%* (7878/10000)
Train epoch: 72 | Loss: *0.127* | Acc: *95.758%* (47879/50000) 
Test epoch: 72 | Loss: *0.819* | Acc: *76.670%* (7667/10000)
Train epoch: 73 | Loss: *0.125* | Acc: *95.796%* (47898/50000) 
Test epoch: 73 | Loss: *0.659* | Acc: *81.400%* (8140/10000)
Train epoch: 74 | Loss: *0.128* | Acc: *95.632%* (47816/50000) 
Test epoch: 74 | Loss: *0.903* | Acc: *74.610%* (7461/10000)
Train epoch: 75 | Loss: *0.127* | Acc: *95.724%* (47862/50000) 
Test epoch: 75 | Loss: *0.816* | Acc: *76.840%* (7684/10000)
Train epoch: 76 | Loss: *0.119* | Acc: *95.924%* (47962/50000) 
Test epoch: 76 | Loss: *0.629* | Acc: *82.070%* (8207/10000)
Train epoch: 77 | Loss: *0.116* | Acc: *96.072%* (48036/50000) 
Test epoch: 77 | Loss: *0.964* | Acc: *74.910%* (7491/10000)
Train epoch: 78 | Loss: *0.124* | Acc: *95.752%* (47876/50000) 
Test epoch: 78 | Loss: *0.758* | Acc: *79.400%* (7940/10000)
Train epoch: 79 | Loss: *0.119* | Acc: *95.932%* (47966/50000) 
Test epoch: 79 | Loss: *0.635* | Acc: *80.870%* (8087/10000)
Train epoch: 80 | Loss: *0.116* | Acc: *96.154%* (48077/50000) 
Test epoch: 80 | Loss: *0.700* | Acc: *79.810%* (7981/10000)
Train epoch: 81 | Loss: *0.116* | Acc: *96.064%* (48032/50000) 
Test epoch: 81 | Loss: *0.969* | Acc: *74.390%* (7439/10000)
Train epoch: 82 | Loss: *0.115* | Acc: *96.150%* (48075/50000) 
Test epoch: 82 | Loss: *0.706* | Acc: *79.560%* (7956/10000)
Train epoch: 83 | Loss: *0.112* | Acc: *96.164%* (48082/50000) 
Test epoch: 83 | Loss: *0.661* | Acc: *81.350%* (8135/10000)
Train epoch: 84 | Loss: *0.106* | Acc: *96.436%* (48218/50000) 
Test epoch: 84 | Loss: *0.570* | Acc: *83.440%* (8344/10000)
Train epoch: 85 | Loss: *0.105* | Acc: *96.458%* (48229/50000) 
Test epoch: 85 | Loss: *0.697* | Acc: *80.650%* (8065/10000)
Train epoch: 86 | Loss: *0.104* | Acc: *96.424%* (48212/50000) 
Test epoch: 86 | Loss: *0.867* | Acc: *75.950%* (7595/10000)
Train epoch: 87 | Loss: *0.107* | Acc: *96.422%* (48211/50000) 
Test epoch: 87 | Loss: *0.635* | Acc: *80.940%* (8094/10000)
Train epoch: 88 | Loss: *0.101* | Acc: *96.540%* (48270/50000) 
Test epoch: 88 | Loss: *0.759* | Acc: *78.810%* (7881/10000)
Train epoch: 89 | Loss: *0.100* | Acc: *96.660%* (48330/50000) 
Test epoch: 89 | Loss: *0.746* | Acc: *78.580%* (7858/10000)
Train epoch: 90 | Loss: *0.109* | Acc: *96.278%* (48139/50000) 
Test epoch: 90 | Loss: *0.816* | Acc: *77.310%* (7731/10000)
Train epoch: 91 | Loss: *0.087* | Acc: *97.152%* (48576/50000) 
Test epoch: 91 | Loss: *1.000* | Acc: *75.640%* (7564/10000)
Train epoch: 92 | Loss: *0.097* | Acc: *96.860%* (48430/50000) 
Test epoch: 92 | Loss: *0.797* | Acc: *78.870%* (7887/10000)
Train epoch: 93 | Loss: *0.097* | Acc: *96.728%* (48364/50000) 
Test epoch: 93 | Loss: *0.584* | Acc: *83.280%* (8328/10000)
Train epoch: 94 | Loss: *0.088* | Acc: *97.006%* (48503/50000) 
Test epoch: 94 | Loss: *0.757* | Acc: *80.500%* (8050/10000)
Train epoch: 95 | Loss: *0.089* | Acc: *97.008%* (48504/50000) 
Test epoch: 95 | Loss: *0.722* | Acc: *79.720%* (7972/10000)
Train epoch: 96 | Loss: *0.085* | Acc: *97.154%* (48577/50000) 
Test epoch: 96 | Loss: *1.111* | Acc: *72.370%* (7237/10000)
Train epoch: 97 | Loss: *0.084* | Acc: *97.236%* (48618/50000) 
Test epoch: 97 | Loss: *0.656* | Acc: *81.750%* (8175/10000)
Train epoch: 98 | Loss: *0.083* | Acc: *97.326%* (48663/50000) 
Test epoch: 98 | Loss: *1.030* | Acc: *74.030%* (7403/10000)
Train epoch: 99 | Loss: *0.081* | Acc: *97.300%* (48650/50000) 
Test epoch: 99 | Loss: *0.791* | Acc: *79.600%* (7960/10000)
Train epoch: 100 | Loss: *0.082* | Acc: *97.296%* (48648/50000) 
Test epoch: 100 | Loss: *1.001* | Acc: *74.880%* (7488/10000)
Train epoch: 101 | Loss: *0.081* | Acc: *97.250%* (48625/50000) 
Test epoch: 101 | Loss: *0.704* | Acc: *79.810%* (7981/10000)
Train epoch: 102 | Loss: *0.073* | Acc: *97.606%* (48803/50000) 
Test epoch: 102 | Loss: *0.725* | Acc: *79.600%* (7960/10000)
Train epoch: 103 | Loss: *0.075* | Acc: *97.550%* (48775/50000) 
Test epoch: 103 | Loss: *0.726* | Acc: *81.220%* (8122/10000)
Train epoch: 104 | Loss: *0.073* | Acc: *97.678%* (48839/50000) 
Test epoch: 104 | Loss: *0.930* | Acc: *75.330%* (7533/10000)
Train epoch: 105 | Loss: *0.069* | Acc: *97.670%* (48835/50000) 
Test epoch: 105 | Loss: *0.823* | Acc: *77.080%* (7708/10000)
Train epoch: 106 | Loss: *0.066* | Acc: *97.930%* (48965/50000) 
Test epoch: 106 | Loss: *0.760* | Acc: *80.660%* (8066/10000)
Train epoch: 107 | Loss: *0.079* | Acc: *97.360%* (48680/50000) 
Test epoch: 107 | Loss: *0.777* | Acc: *79.080%* (7908/10000)
Train epoch: 108 | Loss: *0.056* | Acc: *98.264%* (49132/50000) 
Test epoch: 108 | Loss: *0.928* | Acc: *77.250%* (7725/10000)
Train epoch: 109 | Loss: *0.076* | Acc: *97.482%* (48741/50000) 
Test epoch: 109 | Loss: *0.736* | Acc: *79.810%* (7981/10000)
Train epoch: 110 | Loss: *0.075* | Acc: *97.494%* (48747/50000) 
Test epoch: 110 | Loss: *0.619* | Acc: *82.520%* (8252/10000)
Train epoch: 111 | Loss: *0.047* | Acc: *98.512%* (49256/50000) 
Test epoch: 111 | Loss: *0.653* | Acc: *82.200%* (8220/10000)
Train epoch: 112 | Loss: *0.058* | Acc: *98.122%* (49061/50000) 
Test epoch: 112 | Loss: *0.623* | Acc: *82.930%* (8293/10000)
Train epoch: 113 | Loss: *0.058* | Acc: *98.168%* (49084/50000) 
Test epoch: 113 | Loss: *0.561* | Acc: *84.420%* (8442/10000)
Train epoch: 114 | Loss: *0.055* | Acc: *98.204%* (49102/50000) 
Test epoch: 114 | Loss: *0.676* | Acc: *82.210%* (8221/10000)
Train epoch: 115 | Loss: *0.059* | Acc: *98.084%* (49042/50000) 
Test epoch: 115 | Loss: *0.665* | Acc: *83.180%* (8318/10000)
Train epoch: 116 | Loss: *0.047* | Acc: *98.478%* (49239/50000) 
Test epoch: 116 | Loss: *0.650* | Acc: *82.790%* (8279/10000)
Train epoch: 117 | Loss: *0.051* | Acc: *98.392%* (49196/50000) 
Test epoch: 117 | Loss: *0.700* | Acc: *81.050%* (8105/10000)
Train epoch: 118 | Loss: *0.059* | Acc: *98.132%* (49066/50000) 
Test epoch: 118 | Loss: *0.765* | Acc: *79.590%* (7959/10000)
Train epoch: 119 | Loss: *0.040* | Acc: *98.776%* (49388/50000) 
Test epoch: 119 | Loss: *0.686* | Acc: *82.470%* (8247/10000)
Train epoch: 120 | Loss: *0.044* | Acc: *98.602%* (49301/50000) 
Test epoch: 120 | Loss: *0.887* | Acc: *76.560%* (7656/10000)
Train epoch: 121 | Loss: *0.051* | Acc: *98.364%* (49182/50000) 
Test epoch: 121 | Loss: *0.603* | Acc: *83.340%* (8334/10000)
Train epoch: 122 | Loss: *0.042* | Acc: *98.682%* (49341/50000) 
Test epoch: 122 | Loss: *0.763* | Acc: *79.170%* (7917/10000)
Train epoch: 123 | Loss: *0.046* | Acc: *98.582%* (49291/50000) 
Test epoch: 123 | Loss: *0.783* | Acc: *79.810%* (7981/10000)
Train epoch: 124 | Loss: *0.037* | Acc: *98.822%* (49411/50000) 
Test epoch: 124 | Loss: *0.708* | Acc: *80.630%* (8063/10000)
Train epoch: 125 | Loss: *0.039* | Acc: *98.846%* (49423/50000) 
Test epoch: 125 | Loss: *0.651* | Acc: *83.390%* (8339/10000)
Train epoch: 126 | Loss: *0.039* | Acc: *98.784%* (49392/50000) 
Test epoch: 126 | Loss: *0.596* | Acc: *83.920%* (8392/10000)
Train epoch: 127 | Loss: *0.033* | Acc: *99.022%* (49511/50000) 
Test epoch: 127 | Loss: *0.522* | Acc: *85.550%* (8555/10000)
Train epoch: 128 | Loss: *0.025* | Acc: *99.280%* (49640/50000) 
Test epoch: 128 | Loss: *0.660* | Acc: *83.510%* (8351/10000)
Train epoch: 129 | Loss: *0.031* | Acc: *99.082%* (49541/50000) 
Test epoch: 129 | Loss: *0.581* | Acc: *84.410%* (8441/10000)
Train epoch: 130 | Loss: *0.038* | Acc: *98.824%* (49412/50000) 
Test epoch: 130 | Loss: *0.792* | Acc: *79.190%* (7919/10000)
Train epoch: 131 | Loss: *0.041* | Acc: *98.696%* (49348/50000) 
Test epoch: 131 | Loss: *0.803* | Acc: *79.630%* (7963/10000)
Train epoch: 132 | Loss: *0.034* | Acc: *98.986%* (49493/50000) 
Test epoch: 132 | Loss: *0.593* | Acc: *84.000%* (8400/10000)
Train epoch: 133 | Loss: *0.021* | Acc: *99.406%* (49703/50000) 
Test epoch: 133 | Loss: *0.561* | Acc: *84.820%* (8482/10000)
Train epoch: 134 | Loss: *0.014* | Acc: *99.706%* (49853/50000) 
Test epoch: 134 | Loss: *0.480* | Acc: *87.620%* (8762/10000)
Train epoch: 135 | Loss: *0.009* | Acc: *99.814%* (49907/50000) 
Test epoch: 135 | Loss: *0.479* | Acc: *87.200%* (8720/10000)
Train epoch: 136 | Loss: *0.005* | Acc: *99.934%* (49967/50000) 
Test epoch: 136 | Loss: *0.398* | Acc: *89.200%* (8920/10000)
Train epoch: 137 | Loss: *0.002* | Acc: *99.992%* (49996/50000) 
Test epoch: 137 | Loss: *0.361* | Acc: *89.720%* (8972/10000)
Train epoch: 138 | Loss: *0.001* | Acc: *100.000%* (50000/50000) 
Test epoch: 138 | Loss: *0.346* | Acc: *89.940%* (8994/10000)
Train epoch: 139 | Loss: *0.001* | Acc: *100.000%* (50000/50000) 
Test epoch: 139 | Loss: *0.340* | Acc: *90.040%* (9004/10000)
Train epoch: 140 | Loss: *0.001* | Acc: *100.000%* (50000/50000) 
Test epoch: 140 | Loss: *0.335* | Acc: *90.060%* (9006/10000)
Train epoch: 141 | Loss: *0.002* | Acc: *100.000%* (50000/50000) 
Test epoch: 141 | Loss: *0.333* | Acc: *90.010%* (9001/10000)
Train epoch: 142 | Loss: *0.002* | Acc: *100.000%* (50000/50000) 
Test epoch: 142 | Loss: *0.330* | Acc: *90.050%* (9005/10000)
Train epoch: 143 | Loss: *0.002* | Acc: *100.000%* (50000/50000) 
Test epoch: 143 | Loss: *0.330* | Acc: *90.050%* (9005/10000)
Train epoch: 144 | Loss: *0.002* | Acc: *100.000%* (50000/50000) 
Test epoch: 144 | Loss: *0.329* | Acc: *90.190%* (9019/10000)
Train epoch: 145 | Loss: *0.002* | Acc: *100.000%* (50000/50000) 
Test epoch: 145 | Loss: *0.328* | Acc: *90.150%* (9015/10000)
Train epoch: 146 | Loss: *0.002* | Acc: *100.000%* (50000/50000) 
Test epoch: 146 | Loss: *0.329* | Acc: *90.180%* (9018/10000)
Train epoch: 147 | Loss: *0.002* | Acc: *100.000%* (50000/50000) 
Test epoch: 147 | Loss: *0.330* | Acc: *90.060%* (9006/10000)
Train epoch: 148 | Loss: *0.002* | Acc: *100.000%* (50000/50000) 
Test epoch: 148 | Loss: *0.330* | Acc: *90.180%* (9018/10000)
Train epoch: 149 | Loss: *0.002* | Acc: *100.000%* (50000/50000) 
Test epoch: 149 | Loss: *0.331* | Acc: *90.280%* (9028/10000)
Train epoch: 150 | Loss: *0.002* | Acc: *100.000%* (50000/50000) 
Test epoch: 150 | Loss: *0.331* | Acc: *90.240%* (9024/10000)
Train epoch: 151 | Loss: *0.002* | Acc: *100.000%* (50000/50000) 
Test epoch: 151 | Loss: *0.334* | Acc: *90.180%* (9018/10000)
Train epoch: 152 | Loss: *0.002* | Acc: *100.000%* (50000/50000) 
Test epoch: 152 | Loss: *0.336* | Acc: *89.980%* (8998/10000)
Train epoch: 153 | Loss: *0.002* | Acc: *100.000%* (50000/50000) 
Test epoch: 153 | Loss: *0.333* | Acc: *90.030%* (9003/10000)
Train epoch: 154 | Loss: *0.002* | Acc: *100.000%* (50000/50000) 
Test epoch: 154 | Loss: *0.336* | Acc: *90.000%* (9000/10000)
Train epoch: 155 | Loss: *0.002* | Acc: *100.000%* (50000/50000) 
Test epoch: 155 | Loss: *0.336* | Acc: *90.080%* (9008/10000)
Train epoch: 156 | Loss: *0.002* | Acc: *100.000%* (50000/50000) 
Test epoch: 156 | Loss: *0.340* | Acc: *89.930%* (8993/10000)
Train epoch: 157 | Loss: *0.002* | Acc: *100.000%* (50000/50000) 
Test epoch: 157 | Loss: *0.341* | Acc: *89.990%* (8999/10000)
Train epoch: 158 | Loss: *0.002* | Acc: *100.000%* (50000/50000) 
Test epoch: 158 | Loss: *0.342* | Acc: *90.010%* (9001/10000)
Train epoch: 159 | Loss: *0.002* | Acc: *100.000%* (50000/50000) 
Test epoch: 159 | Loss: *0.342* | Acc: *90.070%* (9007/10000)
Train epoch: 160 | Loss: *0.002* | Acc: *100.000%* (50000/50000) 
Test epoch: 160 | Loss: *0.344* | Acc: *89.920%* (8992/10000)
Train epoch: 161 | Loss: *0.002* | Acc: *100.000%* (50000/50000) 
Test epoch: 161 | Loss: *0.344* | Acc: *89.950%* (8995/10000)
Train epoch: 162 | Loss: *0.002* | Acc: *100.000%* (50000/50000) 
Test epoch: 162 | Loss: *0.345* | Acc: *89.930%* (8993/10000)
Train epoch: 163 | Loss: *0.002* | Acc: *100.000%* (50000/50000) 
Test epoch: 163 | Loss: *0.348* | Acc: *89.880%* (8988/10000)
Train epoch: 164 | Loss: *0.002* | Acc: *100.000%* (50000/50000) 
Test epoch: 164 | Loss: *0.349* | Acc: *89.840%* (8984/10000)
Train epoch: 165 | Loss: *0.002* | Acc: *100.000%* (50000/50000) 
Test epoch: 165 | Loss: *0.350* | Acc: *89.960%* (8996/10000)
Train epoch: 166 | Loss: *0.002* | Acc: *100.000%* (50000/50000) 
Test epoch: 166 | Loss: *0.350* | Acc: *89.880%* (8988/10000)
Train epoch: 167 | Loss: *0.002* | Acc: *100.000%* (50000/50000) 
Test epoch: 167 | Loss: *0.352* | Acc: *89.690%* (8969/10000)
Train epoch: 168 | Loss: *0.002* | Acc: *100.000%* (50000/50000) 
Test epoch: 168 | Loss: *0.351* | Acc: *89.840%* (8984/10000)
Train epoch: 169 | Loss: *0.002* | Acc: *100.000%* (50000/50000) 
Test epoch: 169 | Loss: *0.350* | Acc: *89.750%* (8975/10000)
Train epoch: 170 | Loss: *0.002* | Acc: *100.000%* (50000/50000) 
Test epoch: 170 | Loss: *0.353* | Acc: *89.850%* (8985/10000)
Train epoch: 171 | Loss: *0.002* | Acc: *100.000%* (50000/50000) 
Test epoch: 171 | Loss: *0.352* | Acc: *89.830%* (8983/10000)
Train epoch: 172 | Loss: *0.002* | Acc: *100.000%* (50000/50000) 
Test epoch: 172 | Loss: *0.352* | Acc: *89.900%* (8990/10000)
Train epoch: 173 | Loss: *0.002* | Acc: *100.000%* (50000/50000) 
Test epoch: 173 | Loss: *0.355* | Acc: *89.830%* (8983/10000)
Train epoch: 174 | Loss: *0.002* | Acc: *100.000%* (50000/50000) 
Test epoch: 174 | Loss: *0.356* | Acc: *89.910%* (8991/10000)
Train epoch: 175 | Loss: *0.002* | Acc: *100.000%* (50000/50000) 
Test epoch: 175 | Loss: *0.354* | Acc: *89.800%* (8980/10000)
Train epoch: 176 | Loss: *0.002* | Acc: *100.000%* (50000/50000) 
Test epoch: 176 | Loss: *0.357* | Acc: *89.740%* (8974/10000)
Train epoch: 177 | Loss: *0.002* | Acc: *100.000%* (50000/50000) 
Test epoch: 177 | Loss: *0.358* | Acc: *89.780%* (8978/10000)
Train epoch: 178 | Loss: *0.002* | Acc: *100.000%* (50000/50000) 
Test epoch: 178 | Loss: *0.358* | Acc: *89.770%* (8977/10000)
Train epoch: 179 | Loss: *0.002* | Acc: *100.000%* (50000/50000) 
Test epoch: 179 | Loss: *0.358* | Acc: *89.570%* (8957/10000)
Train epoch: 180 | Loss: *0.002* | Acc: *100.000%* (50000/50000) 
Test epoch: 180 | Loss: *0.357* | Acc: *89.840%* (8984/10000)
Train epoch: 181 | Loss: *0.002* | Acc: *100.000%* (50000/50000) 
Test epoch: 181 | Loss: *0.357* | Acc: *89.790%* (8979/10000)
Train epoch: 182 | Loss: *0.002* | Acc: *100.000%* (50000/50000) 
Test epoch: 182 | Loss: *0.358* | Acc: *89.680%* (8968/10000)
Train epoch: 183 | Loss: *0.002* | Acc: *100.000%* (50000/50000) 
Test epoch: 183 | Loss: *0.356* | Acc: *89.650%* (8965/10000)
Train epoch: 184 | Loss: *0.002* | Acc: *100.000%* (50000/50000) 
Test epoch: 184 | Loss: *0.359* | Acc: *89.830%* (8983/10000)
Train epoch: 185 | Loss: *0.002* | Acc: *100.000%* (50000/50000) 
Test epoch: 185 | Loss: *0.359* | Acc: *89.760%* (8976/10000)
Train epoch: 186 | Loss: *0.002* | Acc: *100.000%* (50000/50000) 
Test epoch: 186 | Loss: *0.360* | Acc: *89.710%* (8971/10000)
Train epoch: 187 | Loss: *0.002* | Acc: *100.000%* (50000/50000) 
Test epoch: 187 | Loss: *0.358* | Acc: *89.820%* (8982/10000)
Train epoch: 188 | Loss: *0.002* | Acc: *100.000%* (50000/50000) 
Test epoch: 188 | Loss: *0.359* | Acc: *89.660%* (8966/10000)
Train epoch: 189 | Loss: *0.002* | Acc: *100.000%* (50000/50000) 
Test epoch: 189 | Loss: *0.361* | Acc: *89.700%* (8970/10000)
Train epoch: 190 | Loss: *0.002* | Acc: *100.000%* (50000/50000) 
Test epoch: 190 | Loss: *0.361* | Acc: *89.750%* (8975/10000)
Train epoch: 191 | Loss: *0.002* | Acc: *100.000%* (50000/50000) 
Test epoch: 191 | Loss: *0.364* | Acc: *89.580%* (8958/10000)
Train epoch: 192 | Loss: *0.002* | Acc: *100.000%* (50000/50000) 
Test epoch: 192 | Loss: *0.357* | Acc: *89.700%* (8970/10000)
Train epoch: 193 | Loss: *0.002* | Acc: *100.000%* (50000/50000) 
Test epoch: 193 | Loss: *0.358* | Acc: *89.690%* (8969/10000)
Train epoch: 194 | Loss: *0.002* | Acc: *100.000%* (50000/50000) 
Test epoch: 194 | Loss: *0.360* | Acc: *89.660%* (8966/10000)
Train epoch: 195 | Loss: *0.002* | Acc: *100.000%* (50000/50000) 
Test epoch: 195 | Loss: *0.358* | Acc: *89.750%* (8975/10000)
Train epoch: 196 | Loss: *0.002* | Acc: *100.000%* (50000/50000) 
Test epoch: 196 | Loss: *0.360* | Acc: *89.620%* (8962/10000)
Train epoch: 197 | Loss: *0.002* | Acc: *100.000%* (50000/50000) 
Test epoch: 197 | Loss: *0.362* | Acc: *89.630%* (8963/10000)
Train epoch: 198 | Loss: *0.002* | Acc: *100.000%* (50000/50000) 
Test epoch: 198 | Loss: *0.359* | Acc: *89.730%* (8973/10000)
Train epoch: 199 | Loss: *0.002* | Acc: *100.000%* (50000/50000) 
Test epoch: 199 | Loss: *0.362* | Acc: *89.610%* (8961/10000)
Train epoch: 200 | Loss: *0.002* | Acc: *100.000%* (50000/50000) 
Test epoch: 200 | Loss: *0.358* | Acc: *89.750%* (8975/10000)
Train epoch: 201 | Loss: *0.002* | Acc: *100.000%* (50000/50000) 
Test epoch: 201 | Loss: *0.360* | Acc: *89.780%* (8978/10000)
Train epoch: 202 | Loss: *0.002* | Acc: *100.000%* (50000/50000) 
Test epoch: 202 | Loss: *0.360* | Acc: *89.780%* (8978/10000)
Train epoch: 203 | Loss: *0.002* | Acc: *100.000%* (50000/50000) 
Test epoch: 203 | Loss: *0.358* | Acc: *89.740%* (8974/10000)
Train epoch: 204 | Loss: *0.002* | Acc: *100.000%* (50000/50000) 
Test epoch: 204 | Loss: *0.360* | Acc: *89.680%* (8968/10000)
Train epoch: 205 | Loss: *0.002* | Acc: *100.000%* (50000/50000) 
Test epoch: 205 | Loss: *0.360* | Acc: *89.640%* (8964/10000)
Train epoch: 206 | Loss: *0.002* | Acc: *100.000%* (50000/50000) 
Test epoch: 206 | Loss: *0.358* | Acc: *89.800%* (8980/10000)
Train epoch: 207 | Loss: *0.002* | Acc: *100.000%* (50000/50000) 
Test epoch: 207 | Loss: *0.361* | Acc: *89.770%* (8977/10000)
Train epoch: 208 | Loss: *0.002* | Acc: *100.000%* (50000/50000) 
Test epoch: 208 | Loss: *0.359* | Acc: *89.730%* (8973/10000)
Train epoch: 209 | Loss: *0.002* | Acc: *100.000%* (50000/50000) 
Test epoch: 209 | Loss: *0.362* | Acc: *89.770%* (8977/10000)
Train epoch: 210 | Loss: *0.002* | Acc: *100.000%* (50000/50000) 
Test epoch: 210 | Loss: *0.363* | Acc: *89.720%* (8972/10000)
Train epoch: 211 | Loss: *0.002* | Acc: *100.000%* (50000/50000) 
Test epoch: 211 | Loss: *0.360* | Acc: *89.730%* (8973/10000)
Train epoch: 212 | Loss: *0.002* | Acc: *100.000%* (50000/50000) 
Test epoch: 212 | Loss: *0.361* | Acc: *89.640%* (8964/10000)
Train epoch: 213 | Loss: *0.002* | Acc: *100.000%* (50000/50000) 
Test epoch: 213 | Loss: *0.362* | Acc: *89.620%* (8962/10000)
Train epoch: 214 | Loss: *0.002* | Acc: *100.000%* (50000/50000) 
Test epoch: 214 | Loss: *0.360* | Acc: *89.670%* (8967/10000)
Train epoch: 215 | Loss: *0.002* | Acc: *100.000%* (50000/50000) 
Test epoch: 215 | Loss: *0.359* | Acc: *89.720%* (8972/10000)
Train epoch: 216 | Loss: *0.002* | Acc: *100.000%* (50000/50000) 
Test epoch: 216 | Loss: *0.359* | Acc: *89.690%* (8969/10000)
Train epoch: 217 | Loss: *0.002* | Acc: *100.000%* (50000/50000) 
Test epoch: 217 | Loss: *0.363* | Acc: *89.570%* (8957/10000)
Train epoch: 218 | Loss: *0.002* | Acc: *100.000%* (50000/50000) 
Test epoch: 218 | Loss: *0.358* | Acc: *89.730%* (8973/10000)
Train epoch: 219 | Loss: *0.002* | Acc: *100.000%* (50000/50000) 
Test epoch: 219 | Loss: *0.358* | Acc: *89.580%* (8958/10000)
Train epoch: 220 | Loss: *0.002* | Acc: *100.000%* (50000/50000) 
Test epoch: 220 | Loss: *0.359* | Acc: *89.620%* (8962/10000)
Train epoch: 221 | Loss: *0.002* | Acc: *100.000%* (50000/50000) 
Test epoch: 221 | Loss: *0.362* | Acc: *89.650%* (8965/10000)
Train epoch: 222 | Loss: *0.002* | Acc: *100.000%* (50000/50000) 
Test epoch: 222 | Loss: *0.362* | Acc: *89.600%* (8960/10000)
Train epoch: 223 | Loss: *0.002* | Acc: *100.000%* (50000/50000) 
Test epoch: 223 | Loss: *0.363* | Acc: *89.550%* (8955/10000)
Train epoch: 224 | Loss: *0.002* | Acc: *100.000%* (50000/50000) 
Test epoch: 224 | Loss: *0.361* | Acc: *89.620%* (8962/10000)
Train epoch: 225 | Loss: *0.002* | Acc: *100.000%* (50000/50000) 
Test epoch: 225 | Loss: *0.364* | Acc: *89.650%* (8965/10000)
Train epoch: 226 | Loss: *0.002* | Acc: *100.000%* (50000/50000) 
Test epoch: 226 | Loss: *0.365* | Acc: *89.410%* (8941/10000)
Train epoch: 227 | Loss: *0.002* | Acc: *100.000%* (50000/50000) 
Test epoch: 227 | Loss: *0.366* | Acc: *89.550%* (8955/10000)
Train epoch: 228 | Loss: *0.002* | Acc: *100.000%* (50000/50000) 
Test epoch: 228 | Loss: *0.365* | Acc: *89.520%* (8952/10000)
Train epoch: 229 | Loss: *0.002* | Acc: *100.000%* (50000/50000) 
Test epoch: 229 | Loss: *0.367* | Acc: *89.550%* (8955/10000)
Train epoch: 230 | Loss: *0.002* | Acc: *100.000%* (50000/50000) 
Test epoch: 230 | Loss: *0.366* | Acc: *89.530%* (8953/10000)
Train epoch: 231 | Loss: *0.002* | Acc: *100.000%* (50000/50000) 
Test epoch: 231 | Loss: *0.368* | Acc: *89.410%* (8941/10000)
Train epoch: 232 | Loss: *0.002* | Acc: *100.000%* (50000/50000) 
Test epoch: 232 | Loss: *0.371* | Acc: *89.230%* (8923/10000)
Train epoch: 233 | Loss: *0.002* | Acc: *100.000%* (50000/50000) 
Test epoch: 233 | Loss: *0.371* | Acc: *89.410%* (8941/10000)
Train epoch: 234 | Loss: *0.002* | Acc: *100.000%* (50000/50000) 
Test epoch: 234 | Loss: *0.371* | Acc: *89.430%* (8943/10000)
Train epoch: 235 | Loss: *0.002* | Acc: *100.000%* (50000/50000) 
Test epoch: 235 | Loss: *0.373* | Acc: *89.340%* (8934/10000)
Train epoch: 236 | Loss: *0.002* | Acc: *100.000%* (50000/50000) 
Test epoch: 236 | Loss: *0.371* | Acc: *89.260%* (8926/10000)
Train epoch: 237 | Loss: *0.002* | Acc: *100.000%* (50000/50000) 
Test epoch: 237 | Loss: *0.375* | Acc: *89.250%* (8925/10000)
Train epoch: 238 | Loss: *0.002* | Acc: *100.000%* (50000/50000) 
Test epoch: 238 | Loss: *0.376* | Acc: *89.310%* (8931/10000)
Train epoch: 239 | Loss: *0.002* | Acc: *100.000%* (50000/50000) 
Test epoch: 239 | Loss: *0.375* | Acc: *89.210%* (8921/10000)
Train epoch: 240 | Loss: *0.002* | Acc: *100.000%* (50000/50000) 
Test epoch: 240 | Loss: *0.379* | Acc: *89.220%* (8922/10000)
Train epoch: 241 | Loss: *0.002* | Acc: *100.000%* (50000/50000) 
Test epoch: 241 | Loss: *0.382* | Acc: *89.040%* (8904/10000)
Train epoch: 242 | Loss: *0.002* | Acc: *100.000%* (50000/50000) 
Test epoch: 242 | Loss: *0.384* | Acc: *88.980%* (8898/10000)
Train epoch: 243 | Loss: *0.002* | Acc: *100.000%* (50000/50000) 
Test epoch: 243 | Loss: *0.385* | Acc: *89.080%* (8908/10000)
Train epoch: 244 | Loss: *0.002* | Acc: *100.000%* (50000/50000) 
Test epoch: 244 | Loss: *0.386* | Acc: *89.150%* (8915/10000)
Train epoch: 245 | Loss: *0.117* | Acc: *95.898%* (47949/50000) 
Test epoch: 245 | Loss: *17.924* | Acc: *10.000%* (1000/10000)
Train epoch: 246 | Loss: *1.508* | Acc: *44.288%* (22144/50000) 
Test epoch: 246 | Loss: *1.340* | Acc: *52.590%* (5259/10000)
Train epoch: 247 | Loss: *1.013* | Acc: *63.998%* (31999/50000) 
Test epoch: 247 | Loss: *1.107* | Acc: *61.100%* (6110/10000)
Train epoch: 248 | Loss: *0.755* | Acc: *73.706%* (36853/50000) 
Test epoch: 248 | Loss: *0.863* | Acc: *69.770%* (6977/10000)
Train epoch: 249 | Loss: *0.615* | Acc: *78.670%* (39335/50000) 
Test epoch: 249 | Loss: *0.739* | Acc: *74.900%* (7490/10000)
Train epoch: 250 | Loss: *0.522* | Acc: *82.072%* (41036/50000) 
Test epoch: 250 | Loss: *0.710* | Acc: *75.850%* (7585/10000)
Train epoch: 251 | Loss: *0.456* | Acc: *84.336%* (42168/50000) 
Test epoch: 251 | Loss: *0.733* | Acc: *75.490%* (7549/10000)
Train epoch: 252 | Loss: *0.394* | Acc: *86.386%* (43193/50000) 
Test epoch: 252 | Loss: *0.673* | Acc: *77.770%* (7777/10000)
Train epoch: 253 | Loss: *0.343* | Acc: *88.218%* (44109/50000) 
Test epoch: 253 | Loss: *0.642* | Acc: *79.260%* (7926/10000)
Train epoch: 254 | Loss: *0.296* | Acc: *89.724%* (44862/50000) 
Test epoch: 254 | Loss: *0.628* | Acc: *79.970%* (7997/10000)
Train epoch: 255 | Loss: *0.260* | Acc: *90.948%* (45474/50000) 
Test epoch: 255 | Loss: *0.550* | Acc: *81.560%* (8156/10000)
Train epoch: 256 | Loss: *0.221* | Acc: *92.436%* (46218/50000) 
Test epoch: 256 | Loss: *0.621* | Acc: *80.660%* (8066/10000)
Train epoch: 257 | Loss: *0.192* | Acc: *93.466%* (46733/50000) 
Test epoch: 257 | Loss: *0.934* | Acc: *73.800%* (7380/10000)
Train epoch: 258 | Loss: *0.176* | Acc: *93.926%* (46963/50000) 
Test epoch: 258 | Loss: *0.601* | Acc: *82.040%* (8204/10000)
Train epoch: 259 | Loss: *0.157* | Acc: *94.538%* (47269/50000) 
Test epoch: 259 | Loss: *0.622* | Acc: *81.610%* (8161/10000)
Train epoch: 260 | Loss: *0.138* | Acc: *95.232%* (47616/50000) 
Test epoch: 260 | Loss: *0.656* | Acc: *80.370%* (8037/10000)
Train epoch: 261 | Loss: *0.125* | Acc: *95.674%* (47837/50000) 
Test epoch: 261 | Loss: *0.656* | Acc: *80.900%* (8090/10000)
Train epoch: 262 | Loss: *0.123* | Acc: *95.832%* (47916/50000) 
Test epoch: 262 | Loss: *0.780* | Acc: *78.200%* (7820/10000)
Train epoch: 263 | Loss: *0.104* | Acc: *96.510%* (48255/50000) 
Test epoch: 263 | Loss: *0.789* | Acc: *78.530%* (7853/10000)
Train epoch: 264 | Loss: *0.104* | Acc: *96.530%* (48265/50000) 
Test epoch: 264 | Loss: *0.906* | Acc: *76.210%* (7621/10000)
Train epoch: 265 | Loss: *0.092* | Acc: *96.960%* (48480/50000) 
Test epoch: 265 | Loss: *0.666* | Acc: *80.840%* (8084/10000)
Train epoch: 266 | Loss: *0.102* | Acc: *96.468%* (48234/50000) 
Test epoch: 266 | Loss: *0.650* | Acc: *82.100%* (8210/10000)
Train epoch: 267 | Loss: *0.097* | Acc: *96.674%* (48337/50000) 
Test epoch: 267 | Loss: *0.862* | Acc: *77.920%* (7792/10000)
Train epoch: 268 | Loss: *0.092* | Acc: *96.902%* (48451/50000) 
Test epoch: 268 | Loss: *0.699* | Acc: *80.880%* (8088/10000)
Train epoch: 269 | Loss: *0.098* | Acc: *96.744%* (48372/50000) 
Test epoch: 269 | Loss: *0.672* | Acc: *81.000%* (8100/10000)
Train epoch: 270 | Loss: *0.083* | Acc: *97.256%* (48628/50000) 
Test epoch: 270 | Loss: *0.731* | Acc: *80.330%* (8033/10000)
Train epoch: 271 | Loss: *0.094* | Acc: *96.794%* (48397/50000) 
Test epoch: 271 | Loss: *0.879* | Acc: *77.350%* (7735/10000)
Train epoch: 272 | Loss: *0.092* | Acc: *96.916%* (48458/50000) 
Test epoch: 272 | Loss: *0.644* | Acc: *82.010%* (8201/10000)
Train epoch: 273 | Loss: *0.088* | Acc: *97.010%* (48505/50000) 
Test epoch: 273 | Loss: *0.740* | Acc: *79.460%* (7946/10000)
Train epoch: 274 | Loss: *0.098* | Acc: *96.686%* (48343/50000) 
Test epoch: 274 | Loss: *1.028* | Acc: *75.560%* (7556/10000)
Train epoch: 275 | Loss: *0.096* | Acc: *96.702%* (48351/50000) 
Test epoch: 275 | Loss: *0.955* | Acc: *75.610%* (7561/10000)
Train epoch: 276 | Loss: *0.081* | Acc: *97.322%* (48661/50000) 
Test epoch: 276 | Loss: *0.935* | Acc: *76.820%* (7682/10000)
Train epoch: 277 | Loss: *0.090* | Acc: *96.992%* (48496/50000) 
Test epoch: 277 | Loss: *0.695* | Acc: *81.330%* (8133/10000)
Train epoch: 278 | Loss: *0.098* | Acc: *96.816%* (48408/50000) 
Test epoch: 278 | Loss: *0.757* | Acc: *77.890%* (7789/10000)
Train epoch: 279 | Loss: *0.099* | Acc: *96.684%* (48342/50000) 
Test epoch: 279 | Loss: *1.077* | Acc: *73.500%* (7350/10000)
Train epoch: 280 | Loss: *0.092* | Acc: *96.894%* (48447/50000) 
Test epoch: 280 | Loss: *0.729* | Acc: *79.930%* (7993/10000)
Train epoch: 281 | Loss: *0.093* | Acc: *96.892%* (48446/50000) 
Test epoch: 281 | Loss: *0.746* | Acc: *80.420%* (8042/10000)
Train epoch: 282 | Loss: *0.097* | Acc: *96.804%* (48402/50000) 
Test epoch: 282 | Loss: *0.785* | Acc: *79.590%* (7959/10000)
Train epoch: 283 | Loss: *0.091* | Acc: *96.970%* (48485/50000) 
Test epoch: 283 | Loss: *1.171* | Acc: *71.980%* (7198/10000)
Train epoch: 284 | Loss: *0.113* | Acc: *96.094%* (48047/50000) 
Test epoch: 284 | Loss: *0.708* | Acc: *80.470%* (8047/10000)
Train epoch: 285 | Loss: *0.099* | Acc: *96.728%* (48364/50000) 
Test epoch: 285 | Loss: *0.780* | Acc: *79.280%* (7928/10000)
Train epoch: 286 | Loss: *0.105* | Acc: *96.394%* (48197/50000) 
Test epoch: 286 | Loss: *0.968* | Acc: *74.620%* (7462/10000)
Train epoch: 287 | Loss: *0.101* | Acc: *96.676%* (48338/50000) 
Test epoch: 287 | Loss: *0.877* | Acc: *77.940%* (7794/10000)
Train epoch: 288 | Loss: *0.091* | Acc: *97.034%* (48517/50000) 
Test epoch: 288 | Loss: *0.775* | Acc: *79.030%* (7903/10000)
Train epoch: 289 | Loss: *0.108* | Acc: *96.344%* (48172/50000) 
Test epoch: 289 | Loss: *0.926* | Acc: *76.370%* (7637/10000)
Train epoch: 290 | Loss: *0.110* | Acc: *96.250%* (48125/50000) 
Test epoch: 290 | Loss: *0.784* | Acc: *78.080%* (7808/10000)
Train epoch: 291 | Loss: *0.100* | Acc: *96.746%* (48373/50000) 
Test epoch: 291 | Loss: *0.720* | Acc: *79.770%* (7977/10000)
Train epoch: 292 | Loss: *0.109* | Acc: *96.258%* (48129/50000) 
Test epoch: 292 | Loss: *0.765* | Acc: *78.560%* (7856/10000)
Train epoch: 293 | Loss: *0.106* | Acc: *96.468%* (48234/50000) 
Test epoch: 293 | Loss: *0.717* | Acc: *79.740%* (7974/10000)
Train epoch: 294 | Loss: *0.113* | Acc: *96.266%* (48133/50000) 
Test epoch: 294 | Loss: *0.869* | Acc: *76.020%* (7602/10000)
Train epoch: 295 | Loss: *0.113* | Acc: *96.192%* (48096/50000) 
Test epoch: 295 | Loss: *0.780* | Acc: *78.200%* (7820/10000)
Train epoch: 296 | Loss: *0.114* | Acc: *96.190%* (48095/50000) 
Test epoch: 296 | Loss: *1.341* | Acc: *66.880%* (6688/10000)
Train epoch: 297 | Loss: *0.120* | Acc: *95.928%* (47964/50000) 
Test epoch: 297 | Loss: *0.909* | Acc: *77.010%* (7701/10000)
Train epoch: 298 | Loss: *0.111* | Acc: *96.254%* (48127/50000) 
Test epoch: 298 | Loss: *0.827* | Acc: *77.020%* (7702/10000)
Train epoch: 299 | Loss: *0.117* | Acc: *96.102%* (48051/50000) 
Test epoch: 299 | Loss: *0.849* | Acc: *75.720%* (7572/10000)
Train epoch: 300 | Loss: *0.108* | Acc: *96.384%* (48192/50000) 
Test epoch: 300 | Loss: *0.886* | Acc: *75.820%* (7582/10000)
Train epoch: 301 | Loss: *0.130* | Acc: *95.610%* (47805/50000) 
Test epoch: 301 | Loss: *0.864* | Acc: *77.220%* (7722/10000)
Train epoch: 302 | Loss: *0.122* | Acc: *95.924%* (47962/50000) 
Test epoch: 302 | Loss: *0.855* | Acc: *75.810%* (7581/10000)
Train epoch: 303 | Loss: *0.113* | Acc: *96.182%* (48091/50000) 
Test epoch: 303 | Loss: *0.836* | Acc: *75.250%* (7525/10000)
Train epoch: 304 | Loss: *0.135* | Acc: *95.282%* (47641/50000) 
Test epoch: 304 | Loss: *0.850* | Acc: *77.020%* (7702/10000)
Train epoch: 305 | Loss: *0.114* | Acc: *96.210%* (48105/50000) 
Test epoch: 305 | Loss: *0.726* | Acc: *80.150%* (8015/10000)
Train epoch: 306 | Loss: *0.125* | Acc: *95.734%* (47867/50000) 
Test epoch: 306 | Loss: *0.803* | Acc: *77.910%* (7791/10000)
Train epoch: 307 | Loss: *0.128* | Acc: *95.620%* (47810/50000) 
Test epoch: 307 | Loss: *0.750* | Acc: *77.750%* (7775/10000)
Train epoch: 308 | Loss: *0.133* | Acc: *95.478%* (47739/50000) 
Test epoch: 308 | Loss: *0.793* | Acc: *78.390%* (7839/10000)
Train epoch: 309 | Loss: *0.127* | Acc: *95.686%* (47843/50000) 
Test epoch: 309 | Loss: *0.799* | Acc: *76.840%* (7684/10000)
Train epoch: 310 | Loss: *0.119* | Acc: *96.006%* (48003/50000) 
Test epoch: 310 | Loss: *0.767* | Acc: *78.540%* (7854/10000)
Train epoch: 311 | Loss: *0.127* | Acc: *95.804%* (47902/50000) 
Test epoch: 311 | Loss: *1.035* | Acc: *74.530%* (7453/10000)
Train epoch: 312 | Loss: *0.137* | Acc: *95.294%* (47647/50000) 
Test epoch: 312 | Loss: *0.728* | Acc: *78.220%* (7822/10000)
Train epoch: 313 | Loss: *0.129* | Acc: *95.662%* (47831/50000) 
Test epoch: 313 | Loss: *0.757* | Acc: *77.680%* (7768/10000)
Train epoch: 314 | Loss: *0.132* | Acc: *95.430%* (47715/50000) 
Test epoch: 314 | Loss: *0.722* | Acc: *79.250%* (7925/10000)
Train epoch: 315 | Loss: *0.135* | Acc: *95.442%* (47721/50000) 
Test epoch: 315 | Loss: *1.050* | Acc: *73.660%* (7366/10000)
Train epoch: 316 | Loss: *0.135* | Acc: *95.466%* (47733/50000) 
Test epoch: 316 | Loss: *0.955* | Acc: *73.930%* (7393/10000)
Train epoch: 317 | Loss: *0.144* | Acc: *95.152%* (47576/50000) 
Test epoch: 317 | Loss: *0.827* | Acc: *76.930%* (7693/10000)
Train epoch: 318 | Loss: *0.128* | Acc: *95.576%* (47788/50000) 
Test epoch: 318 | Loss: *0.881* | Acc: *74.660%* (7466/10000)
Train epoch: 319 | Loss: *0.144* | Acc: *95.130%* (47565/50000) 
Test epoch: 319 | Loss: *0.770* | Acc: *76.730%* (7673/10000)
Train epoch: 320 | Loss: *0.129* | Acc: *95.726%* (47863/50000) 
Test epoch: 320 | Loss: *0.774* | Acc: *78.870%* (7887/10000)
Train epoch: 321 | Loss: *0.146* | Acc: *94.976%* (47488/50000) 
Test epoch: 321 | Loss: *0.686* | Acc: *79.200%* (7920/10000)
Train epoch: 322 | Loss: *0.139* | Acc: *95.230%* (47615/50000) 
Test epoch: 322 | Loss: *0.718* | Acc: *79.330%* (7933/10000)
Train epoch: 323 | Loss: *0.151* | Acc: *94.822%* (47411/50000) 
Test epoch: 323 | Loss: *0.739* | Acc: *78.850%* (7885/10000)
Train epoch: 324 | Loss: *0.143* | Acc: *95.236%* (47618/50000) 
Test epoch: 324 | Loss: *0.983* | Acc: *73.880%* (7388/10000)
Train epoch: 325 | Loss: *0.148* | Acc: *94.958%* (47479/50000) 
Test epoch: 325 | Loss: *0.709* | Acc: *80.080%* (8008/10000)
Train epoch: 326 | Loss: *0.147* | Acc: *95.018%* (47509/50000) 
Test epoch: 326 | Loss: *0.899* | Acc: *74.870%* (7487/10000)
Train epoch: 327 | Loss: *0.152* | Acc: *94.824%* (47412/50000) 
Test epoch: 327 | Loss: *0.840* | Acc: *76.190%* (7619/10000)
Train epoch: 328 | Loss: *0.143* | Acc: *95.192%* (47596/50000) 
Test epoch: 328 | Loss: *0.785* | Acc: *78.310%* (7831/10000)
Train epoch: 329 | Loss: *0.147* | Acc: *94.918%* (47459/50000) 
Test epoch: 329 | Loss: *0.917* | Acc: *74.930%* (7493/10000)
Train epoch: 330 | Loss: *0.163* | Acc: *94.412%* (47206/50000) 
Test epoch: 330 | Loss: *0.690* | Acc: *78.970%* (7897/10000)
Train epoch: 331 | Loss: *0.148* | Acc: *94.924%* (47462/50000) 
Test epoch: 331 | Loss: *0.808* | Acc: *77.300%* (7730/10000)
Train epoch: 332 | Loss: *0.147* | Acc: *94.930%* (47465/50000) 
Test epoch: 332 | Loss: *0.628* | Acc: *80.760%* (8076/10000)
Train epoch: 333 | Loss: *0.157* | Acc: *94.652%* (47326/50000) 
Test epoch: 333 | Loss: *0.975* | Acc: *73.890%* (7389/10000)
Train epoch: 334 | Loss: *0.154* | Acc: *94.754%* (47377/50000) 
Test epoch: 334 | Loss: *1.010* | Acc: *74.480%* (7448/10000)
Train epoch: 335 | Loss: *0.156* | Acc: *94.648%* (47324/50000) 
Test epoch: 335 | Loss: *0.728* | Acc: *79.440%* (7944/10000)
Train epoch: 336 | Loss: *0.155* | Acc: *94.826%* (47413/50000) 
Test epoch: 336 | Loss: *0.737* | Acc: *78.050%* (7805/10000)
Train epoch: 337 | Loss: *0.158* | Acc: *94.694%* (47347/50000) 
Test epoch: 337 | Loss: *0.786* | Acc: *76.150%* (7615/10000)
Train epoch: 338 | Loss: *0.163* | Acc: *94.434%* (47217/50000) 
Test epoch: 338 | Loss: *0.922* | Acc: *72.320%* (7232/10000)
Train epoch: 339 | Loss: *0.161* | Acc: *94.500%* (47250/50000) 
Test epoch: 339 | Loss: *1.021* | Acc: *74.130%* (7413/10000)
Train epoch: 340 | Loss: *0.165* | Acc: *94.320%* (47160/50000) 
Test epoch: 340 | Loss: *0.905* | Acc: *72.440%* (7244/10000)
Train epoch: 341 | Loss: *0.163* | Acc: *94.384%* (47192/50000) 
Test epoch: 341 | Loss: *0.931* | Acc: *73.410%* (7341/10000)
Train epoch: 342 | Loss: *0.158* | Acc: *94.534%* (47267/50000) 
Test epoch: 342 | Loss: *0.954* | Acc: *74.070%* (7407/10000)
Train epoch: 343 | Loss: *0.164* | Acc: *94.424%* (47212/50000) 
Test epoch: 343 | Loss: *0.807* | Acc: *75.810%* (7581/10000)
Train epoch: 344 | Loss: *0.165* | Acc: *94.376%* (47188/50000) 
Test epoch: 344 | Loss: *1.107* | Acc: *72.140%* (7214/10000)
Train epoch: 345 | Loss: *0.172* | Acc: *94.088%* (47044/50000) 
Test epoch: 345 | Loss: *0.646* | Acc: *80.410%* (8041/10000)
Train epoch: 346 | Loss: *0.165* | Acc: *94.366%* (47183/50000) 
Test epoch: 346 | Loss: *0.845* | Acc: *75.570%* (7557/10000)
Train epoch: 347 | Loss: *0.174* | Acc: *93.998%* (46999/50000) 
Test epoch: 347 | Loss: *0.933* | Acc: *72.710%* (7271/10000)
Train epoch: 348 | Loss: *0.167* | Acc: *94.238%* (47119/50000) 
Test epoch: 348 | Loss: *1.184* | Acc: *71.010%* (7101/10000)
Train epoch: 349 | Loss: *0.167* | Acc: *94.330%* (47165/50000) 
Test epoch: 349 | Loss: *0.813* | Acc: *76.970%* (7697/10000)
Train epoch: 350 | Loss: *0.172* | Acc: *94.090%* (47045/50000) 
Test epoch: 350 | Loss: *0.849* | Acc: *74.890%* (7489/10000)
Train epoch: 351 | Loss: *0.180* | Acc: *93.818%* (46909/50000) 
Test epoch: 351 | Loss: *0.693* | Acc: *78.120%* (7812/10000)
Train epoch: 352 | Loss: *0.176* | Acc: *94.024%* (47012/50000) 
Test epoch: 352 | Loss: *0.878* | Acc: *75.060%* (7506/10000)
Train epoch: 353 | Loss: *0.171* | Acc: *94.200%* (47100/50000) 
Test epoch: 353 | Loss: *0.662* | Acc: *79.980%* (7998/10000)
Train epoch: 354 | Loss: *0.168* | Acc: *94.250%* (47125/50000) 
Test epoch: 354 | Loss: *0.762* | Acc: *76.350%* (7635/10000)
Train epoch: 355 | Loss: *0.173* | Acc: *94.056%* (47028/50000) 
Test epoch: 355 | Loss: *0.704* | Acc: *78.770%* (7877/10000)
Train epoch: 356 | Loss: *0.176* | Acc: *93.998%* (46999/50000) 
Test epoch: 356 | Loss: *0.761* | Acc: *75.250%* (7525/10000)
Train epoch: 357 | Loss: *0.180* | Acc: *93.896%* (46948/50000) 
Test epoch: 357 | Loss: *0.808* | Acc: *74.900%* (7490/10000)
Train epoch: 358 | Loss: *0.175* | Acc: *93.962%* (46981/50000) 
Test epoch: 358 | Loss: *0.995* | Acc: *71.750%* (7175/10000)
Train epoch: 359 | Loss: *0.180* | Acc: *93.754%* (46877/50000) 
Test epoch: 359 | Loss: *1.009* | Acc: *71.720%* (7172/10000)
Train epoch: 360 | Loss: *0.179* | Acc: *93.874%* (46937/50000) 
Test epoch: 360 | Loss: *0.966* | Acc: *72.200%* (7220/10000)
Train epoch: 361 | Loss: *0.186* | Acc: *93.596%* (46798/50000) 
Test epoch: 361 | Loss: *0.786* | Acc: *77.090%* (7709/10000)
Train epoch: 362 | Loss: *0.177* | Acc: *94.028%* (47014/50000) 
Test epoch: 362 | Loss: *1.220* | Acc: *65.780%* (6578/10000)
Train epoch: 363 | Loss: *0.181* | Acc: *93.782%* (46891/50000) 
Test epoch: 363 | Loss: *0.818* | Acc: *77.400%* (7740/10000)
Train epoch: 364 | Loss: *0.185* | Acc: *93.692%* (46846/50000) 
Test epoch: 364 | Loss: *0.767* | Acc: *76.800%* (7680/10000)
Train epoch: 365 | Loss: *0.174* | Acc: *94.072%* (47036/50000) 
Test epoch: 365 | Loss: *0.795* | Acc: *75.110%* (7511/10000)
Train epoch: 366 | Loss: *0.181* | Acc: *93.846%* (46923/50000) 
Test epoch: 366 | Loss: *1.016* | Acc: *70.500%* (7050/10000)
Train epoch: 367 | Loss: *0.181* | Acc: *93.764%* (46882/50000) 
Test epoch: 367 | Loss: *0.750* | Acc: *77.640%* (7764/10000)
Train epoch: 368 | Loss: *0.180* | Acc: *93.940%* (46970/50000) 
Test epoch: 368 | Loss: *0.732* | Acc: *78.270%* (7827/10000)
Train epoch: 369 | Loss: *0.181* | Acc: *93.918%* (46959/50000) 
Test epoch: 369 | Loss: *0.822* | Acc: *75.480%* (7548/10000)
Train epoch: 370 | Loss: *0.192* | Acc: *93.532%* (46766/50000) 
Test epoch: 370 | Loss: *0.836* | Acc: *76.370%* (7637/10000)
Train epoch: 371 | Loss: *0.182* | Acc: *93.700%* (46850/50000) 
Test epoch: 371 | Loss: *0.897* | Acc: *72.640%* (7264/10000)
Train epoch: 372 | Loss: *0.186* | Acc: *93.720%* (46860/50000) 
Test epoch: 372 | Loss: *0.807* | Acc: *75.830%* (7583/10000)
Train epoch: 373 | Loss: *0.184* | Acc: *93.796%* (46898/50000) 
Test epoch: 373 | Loss: *0.846* | Acc: *75.790%* (7579/10000)
Train epoch: 374 | Loss: *0.181* | Acc: *93.748%* (46874/50000) 
Test epoch: 374 | Loss: *0.812* | Acc: *75.720%* (7572/10000)
Train epoch: 375 | Loss: *0.191* | Acc: *93.490%* (46745/50000) 
Test epoch: 375 | Loss: *0.769* | Acc: *78.480%* (7848/10000)
Train epoch: 376 | Loss: *0.187* | Acc: *93.596%* (46798/50000) 
Test epoch: 376 | Loss: *0.907* | Acc: *74.050%* (7405/10000)
Train epoch: 377 | Loss: *0.179* | Acc: *93.840%* (46920/50000) 
Test epoch: 377 | Loss: *0.865* | Acc: *76.160%* (7616/10000)
Train epoch: 378 | Loss: *0.191* | Acc: *93.474%* (46737/50000) 
Test epoch: 378 | Loss: *0.730* | Acc: *76.740%* (7674/10000)
Train epoch: 379 | Loss: *0.194* | Acc: *93.362%* (46681/50000) 
Test epoch: 379 | Loss: *0.888* | Acc: *74.350%* (7435/10000)
Train epoch: 380 | Loss: *0.180* | Acc: *93.748%* (46874/50000) 
Test epoch: 380 | Loss: *0.921* | Acc: *71.790%* (7179/10000)
Train epoch: 381 | Loss: *0.190* | Acc: *93.494%* (46747/50000) 
Test epoch: 381 | Loss: *0.722* | Acc: *79.320%* (7932/10000)
Train epoch: 382 | Loss: *0.187* | Acc: *93.568%* (46784/50000) 
Test epoch: 382 | Loss: *0.992* | Acc: *73.740%* (7374/10000)
Train epoch: 383 | Loss: *0.187* | Acc: *93.606%* (46803/50000) 
Test epoch: 383 | Loss: *0.706* | Acc: *78.140%* (7814/10000)
Train epoch: 384 | Loss: *0.185* | Acc: *93.684%* (46842/50000) 
Test epoch: 384 | Loss: *0.725* | Acc: *77.240%* (7724/10000)
Train epoch: 385 | Loss: *0.189* | Acc: *93.524%* (46762/50000) 
Test epoch: 385 | Loss: *0.694* | Acc: *77.450%* (7745/10000)
Train epoch: 386 | Loss: *0.181* | Acc: *93.678%* (46839/50000) 
Test epoch: 386 | Loss: *0.883* | Acc: *74.870%* (7487/10000)
Train epoch: 387 | Loss: *0.187* | Acc: *93.674%* (46837/50000) 
Test epoch: 387 | Loss: *0.983* | Acc: *73.770%* (7377/10000)
Train epoch: 388 | Loss: *0.191* | Acc: *93.438%* (46719/50000) 
Test epoch: 388 | Loss: *0.781* | Acc: *77.610%* (7761/10000)
Train epoch: 389 | Loss: *0.184* | Acc: *93.684%* (46842/50000) 
Test epoch: 389 | Loss: *1.085* | Acc: *69.910%* (6991/10000)
Train epoch: 390 | Loss: *0.197* | Acc: *93.172%* (46586/50000) 
Test epoch: 390 | Loss: *0.752* | Acc: *77.520%* (7752/10000)
Train epoch: 391 | Loss: *0.187* | Acc: *93.520%* (46760/50000) 
Test epoch: 391 | Loss: *0.961* | Acc: *73.020%* (7302/10000)
Train epoch: 392 | Loss: *0.193* | Acc: *93.294%* (46647/50000) 
Test epoch: 392 | Loss: *0.816* | Acc: *75.170%* (7517/10000)
Train epoch: 393 | Loss: *0.184* | Acc: *93.660%* (46830/50000) 
Test epoch: 393 | Loss: *0.983* | Acc: *74.020%* (7402/10000)
Train epoch: 394 | Loss: *0.180* | Acc: *93.874%* (46937/50000) 
Test epoch: 394 | Loss: *1.067* | Acc: *72.300%* (7230/10000)
Train epoch: 395 | Loss: *0.189* | Acc: *93.568%* (46784/50000) 
Test epoch: 395 | Loss: *0.880* | Acc: *74.110%* (7411/10000)
Train epoch: 396 | Loss: *0.186* | Acc: *93.650%* (46825/50000) 
Test epoch: 396 | Loss: *0.961* | Acc: *73.580%* (7358/10000)
Train epoch: 397 | Loss: *0.194* | Acc: *93.442%* (46721/50000) 
Test epoch: 397 | Loss: *0.820* | Acc: *75.800%* (7580/10000)
Train epoch: 398 | Loss: *0.183* | Acc: *93.618%* (46809/50000) 
Test epoch: 398 | Loss: *0.696* | Acc: *79.310%* (7931/10000)
Train epoch: 399 | Loss: *0.180* | Acc: *93.818%* (46909/50000) 
Test epoch: 399 | Loss: *0.734* | Acc: *78.560%* (7856/10000)
Train epoch: 400 | Loss: *0.193* | Acc: *93.332%* (46666/50000) 
Test epoch: 400 | Loss: *1.315* | Acc: *68.070%* (6807/10000)
Train epoch: 401 | Loss: *0.183* | Acc: *93.792%* (46896/50000) 
Test epoch: 401 | Loss: *0.772* | Acc: *75.400%* (7540/10000)
Train epoch: 402 | Loss: *0.182* | Acc: *93.760%* (46880/50000) 
Test epoch: 402 | Loss: *0.771* | Acc: *77.990%* (7799/10000)
Train epoch: 403 | Loss: *0.188* | Acc: *93.620%* (46810/50000) 
Test epoch: 403 | Loss: *0.705* | Acc: *77.650%* (7765/10000)
Train epoch: 404 | Loss: *0.185* | Acc: *93.602%* (46801/50000) 
Test epoch: 404 | Loss: *0.767* | Acc: *76.900%* (7690/10000)
Train epoch: 405 | Loss: *0.180* | Acc: *93.872%* (46936/50000) 
Test epoch: 405 | Loss: *0.769* | Acc: *77.390%* (7739/10000)
Train epoch: 406 | Loss: *0.189* | Acc: *93.602%* (46801/50000) 
Test epoch: 406 | Loss: *0.734* | Acc: *77.540%* (7754/10000)
Train epoch: 407 | Loss: *0.186* | Acc: *93.590%* (46795/50000) 
Test epoch: 407 | Loss: *1.034* | Acc: *72.190%* (7219/10000)
Train epoch: 408 | Loss: *0.184* | Acc: *93.730%* (46865/50000) 
Test epoch: 408 | Loss: *0.901* | Acc: *73.490%* (7349/10000)
Train epoch: 409 | Loss: *0.184* | Acc: *93.724%* (46862/50000) 
Test epoch: 409 | Loss: *0.729* | Acc: *78.370%* (7837/10000)
Train epoch: 410 | Loss: *0.176* | Acc: *93.928%* (46964/50000) 
Test epoch: 410 | Loss: *0.630* | Acc: *80.230%* (8023/10000)
Train epoch: 411 | Loss: *0.194* | Acc: *93.388%* (46694/50000) 
Test epoch: 411 | Loss: *0.672* | Acc: *79.170%* (7917/10000)
Train epoch: 412 | Loss: *0.173* | Acc: *94.192%* (47096/50000) 
Test epoch: 412 | Loss: *0.756* | Acc: *77.480%* (7748/10000)
Train epoch: 413 | Loss: *0.181* | Acc: *93.820%* (46910/50000) 
Test epoch: 413 | Loss: *0.964* | Acc: *73.090%* (7309/10000)
Train epoch: 414 | Loss: *0.188* | Acc: *93.540%* (46770/50000) 
Test epoch: 414 | Loss: *0.859* | Acc: *75.840%* (7584/10000)
Train epoch: 415 | Loss: *0.183* | Acc: *93.696%* (46848/50000) 
Test epoch: 415 | Loss: *0.605* | Acc: *81.000%* (8100/10000)
Train epoch: 416 | Loss: *0.179* | Acc: *93.776%* (46888/50000) 
Test epoch: 416 | Loss: *0.697* | Acc: *77.740%* (7774/10000)
Train epoch: 417 | Loss: *0.182* | Acc: *93.908%* (46954/50000) 
Test epoch: 417 | Loss: *0.752* | Acc: *76.880%* (7688/10000)
Train epoch: 418 | Loss: *0.181* | Acc: *93.882%* (46941/50000) 
Test epoch: 418 | Loss: *1.064* | Acc: *72.850%* (7285/10000)
Train epoch: 419 | Loss: *0.176* | Acc: *94.024%* (47012/50000) 
Test epoch: 419 | Loss: *1.603* | Acc: *62.900%* (6290/10000)
Train epoch: 420 | Loss: *0.179* | Acc: *93.906%* (46953/50000) 
Test epoch: 420 | Loss: *0.623* | Acc: *80.840%* (8084/10000)
Train epoch: 421 | Loss: *0.173* | Acc: *94.084%* (47042/50000) 
Test epoch: 421 | Loss: *0.988* | Acc: *73.710%* (7371/10000)
Train epoch: 422 | Loss: *0.180* | Acc: *93.822%* (46911/50000) 
Test epoch: 422 | Loss: *0.833* | Acc: *75.890%* (7589/10000)
Train epoch: 423 | Loss: *0.181* | Acc: *93.766%* (46883/50000) 
Test epoch: 423 | Loss: *0.837* | Acc: *75.000%* (7500/10000)
Train epoch: 424 | Loss: *0.168* | Acc: *94.398%* (47199/50000) 
Test epoch: 424 | Loss: *1.040* | Acc: *72.190%* (7219/10000)
Train epoch: 425 | Loss: *0.175* | Acc: *93.960%* (46980/50000) 
Test epoch: 425 | Loss: *0.762* | Acc: *76.480%* (7648/10000)
Train epoch: 426 | Loss: *0.173* | Acc: *93.996%* (46998/50000) 
Test epoch: 426 | Loss: *0.635* | Acc: *80.650%* (8065/10000)
Train epoch: 427 | Loss: *0.174* | Acc: *94.048%* (47024/50000) 
Test epoch: 427 | Loss: *1.120* | Acc: *68.240%* (6824/10000)
Train epoch: 428 | Loss: *0.176* | Acc: *93.866%* (46933/50000) 
Test epoch: 428 | Loss: *0.998* | Acc: *72.350%* (7235/10000)
Train epoch: 429 | Loss: *0.173* | Acc: *94.106%* (47053/50000) 
Test epoch: 429 | Loss: *0.854* | Acc: *72.780%* (7278/10000)
Train epoch: 430 | Loss: *0.171* | Acc: *94.178%* (47089/50000) 
Test epoch: 430 | Loss: *0.752* | Acc: *77.780%* (7778/10000)
Train epoch: 431 | Loss: *0.164* | Acc: *94.420%* (47210/50000) 
Test epoch: 431 | Loss: *0.726* | Acc: *78.100%* (7810/10000)
Train epoch: 432 | Loss: *0.163* | Acc: *94.390%* (47195/50000) 
Test epoch: 432 | Loss: *0.964* | Acc: *72.760%* (7276/10000)
Train epoch: 433 | Loss: *0.171* | Acc: *94.036%* (47018/50000) 
Test epoch: 433 | Loss: *0.697* | Acc: *78.260%* (7826/10000)
Train epoch: 434 | Loss: *0.175* | Acc: *94.100%* (47050/50000) 
Test epoch: 434 | Loss: *1.917* | Acc: *45.700%* (4570/10000)
Train epoch: 435 | Loss: *0.167* | Acc: *94.220%* (47110/50000) 
Test epoch: 435 | Loss: *0.741* | Acc: *78.030%* (7803/10000)
Train epoch: 436 | Loss: *0.158* | Acc: *94.602%* (47301/50000) 
Test epoch: 436 | Loss: *0.915* | Acc: *75.030%* (7503/10000)
Train epoch: 437 | Loss: *0.165* | Acc: *94.220%* (47110/50000) 
Test epoch: 437 | Loss: *0.889* | Acc: *75.340%* (7534/10000)
Train epoch: 438 | Loss: *0.168* | Acc: *94.288%* (47144/50000) 
Test epoch: 438 | Loss: *0.609* | Acc: *79.710%* (7971/10000)
Train epoch: 439 | Loss: *0.155* | Acc: *94.770%* (47385/50000) 
Test epoch: 439 | Loss: *1.215* | Acc: *67.540%* (6754/10000)
Train epoch: 440 | Loss: *0.163* | Acc: *94.394%* (47197/50000) 
Test epoch: 440 | Loss: *0.965* | Acc: *72.530%* (7253/10000)
Train epoch: 441 | Loss: *0.155* | Acc: *94.708%* (47354/50000) 
Test epoch: 441 | Loss: *0.751* | Acc: *77.870%* (7787/10000)
Train epoch: 442 | Loss: *0.166* | Acc: *94.322%* (47161/50000) 
Test epoch: 442 | Loss: *1.060* | Acc: *72.720%* (7272/10000)
Train epoch: 443 | Loss: *0.151* | Acc: *94.894%* (47447/50000) 
Test epoch: 443 | Loss: *0.936* | Acc: *72.630%* (7263/10000)
Train epoch: 444 | Loss: *0.155* | Acc: *94.722%* (47361/50000) 
Test epoch: 444 | Loss: *0.793* | Acc: *77.020%* (7702/10000)
Train epoch: 445 | Loss: *0.157* | Acc: *94.768%* (47384/50000) 
Test epoch: 445 | Loss: *0.748* | Acc: *78.180%* (7818/10000)
Train epoch: 446 | Loss: *0.153* | Acc: *94.834%* (47417/50000) 
Test epoch: 446 | Loss: *0.880* | Acc: *75.710%* (7571/10000)
Train epoch: 447 | Loss: *0.153* | Acc: *94.840%* (47420/50000) 
Test epoch: 447 | Loss: *1.305* | Acc: *65.810%* (6581/10000)
Train epoch: 448 | Loss: *0.152* | Acc: *94.852%* (47426/50000) 
Test epoch: 448 | Loss: *0.766* | Acc: *77.180%* (7718/10000)
Train epoch: 449 | Loss: *0.147* | Acc: *95.018%* (47509/50000) 
Test epoch: 449 | Loss: *1.018* | Acc: *72.750%* (7275/10000)
Train epoch: 450 | Loss: *0.153* | Acc: *94.710%* (47355/50000) 
Test epoch: 450 | Loss: *0.864* | Acc: *73.770%* (7377/10000)
Train epoch: 451 | Loss: *0.142* | Acc: *95.246%* (47623/50000) 
Test epoch: 451 | Loss: *0.923* | Acc: *76.730%* (7673/10000)
Train epoch: 452 | Loss: *0.139* | Acc: *95.286%* (47643/50000) 
Test epoch: 452 | Loss: *0.886* | Acc: *74.250%* (7425/10000)
Train epoch: 453 | Loss: *0.146* | Acc: *95.004%* (47502/50000) 
Test epoch: 453 | Loss: *0.883* | Acc: *75.060%* (7506/10000)
Train epoch: 454 | Loss: *0.142* | Acc: *95.086%* (47543/50000) 
Test epoch: 454 | Loss: *0.835* | Acc: *76.020%* (7602/10000)
Train epoch: 455 | Loss: *0.140* | Acc: *95.216%* (47608/50000) 
Test epoch: 455 | Loss: *0.759* | Acc: *75.720%* (7572/10000)
Train epoch: 456 | Loss: *0.144* | Acc: *95.054%* (47527/50000) 
Test epoch: 456 | Loss: *0.729* | Acc: *78.180%* (7818/10000)
Train epoch: 457 | Loss: *0.138* | Acc: *95.348%* (47674/50000) 
Test epoch: 457 | Loss: *0.662* | Acc: *79.150%* (7915/10000)
Train epoch: 458 | Loss: *0.138* | Acc: *95.344%* (47672/50000) 
Test epoch: 458 | Loss: *1.083* | Acc: *72.790%* (7279/10000)
Train epoch: 459 | Loss: *0.136* | Acc: *95.416%* (47708/50000) 
Test epoch: 459 | Loss: *0.664* | Acc: *80.410%* (8041/10000)
Train epoch: 460 | Loss: *0.133* | Acc: *95.576%* (47788/50000) 
Test epoch: 460 | Loss: *1.079* | Acc: *70.760%* (7076/10000)
Train epoch: 461 | Loss: *0.134* | Acc: *95.478%* (47739/50000) 
Test epoch: 461 | Loss: *0.792* | Acc: *76.380%* (7638/10000)
Train epoch: 462 | Loss: *0.129* | Acc: *95.588%* (47794/50000) 
Test epoch: 462 | Loss: *0.886* | Acc: *74.980%* (7498/10000)
Train epoch: 463 | Loss: *0.125* | Acc: *95.830%* (47915/50000) 
Test epoch: 463 | Loss: *1.032* | Acc: *72.160%* (7216/10000)
Train epoch: 464 | Loss: *0.139* | Acc: *95.240%* (47620/50000) 
Test epoch: 464 | Loss: *0.998* | Acc: *73.190%* (7319/10000)
Train epoch: 465 | Loss: *0.128* | Acc: *95.662%* (47831/50000) 
Test epoch: 465 | Loss: *0.840* | Acc: *76.760%* (7676/10000)
Train epoch: 466 | Loss: *0.123* | Acc: *95.868%* (47934/50000) 
Test epoch: 466 | Loss: *1.027* | Acc: *71.810%* (7181/10000)
Train epoch: 467 | Loss: *0.122* | Acc: *95.810%* (47905/50000) 
Test epoch: 467 | Loss: *0.786* | Acc: *77.020%* (7702/10000)
Train epoch: 468 | Loss: *0.116* | Acc: *96.094%* (48047/50000) 
Test epoch: 468 | Loss: *0.894* | Acc: *75.100%* (7510/10000)
Train epoch: 469 | Loss: *0.124* | Acc: *95.714%* (47857/50000) 
Test epoch: 469 | Loss: *0.795* | Acc: *78.910%* (7891/10000)
Train epoch: 470 | Loss: *0.119* | Acc: *96.014%* (48007/50000) 
Test epoch: 470 | Loss: *0.871* | Acc: *75.180%* (7518/10000)
Train epoch: 471 | Loss: *0.114* | Acc: *96.160%* (48080/50000) 
Test epoch: 471 | Loss: *0.764* | Acc: *77.490%* (7749/10000)
Train epoch: 472 | Loss: *0.113* | Acc: *96.296%* (48148/50000) 
Test epoch: 472 | Loss: *0.757* | Acc: *79.170%* (7917/10000)
Train epoch: 473 | Loss: *0.119* | Acc: *96.010%* (48005/50000) 
Test epoch: 473 | Loss: *1.368* | Acc: *70.320%* (7032/10000)
Train epoch: 474 | Loss: *0.106* | Acc: *96.390%* (48195/50000) 
Test epoch: 474 | Loss: *0.849* | Acc: *74.910%* (7491/10000)
Train epoch: 475 | Loss: *0.122* | Acc: *95.876%* (47938/50000) 
Test epoch: 475 | Loss: *0.859* | Acc: *77.130%* (7713/10000)
Train epoch: 476 | Loss: *0.107* | Acc: *96.404%* (48202/50000) 
Test epoch: 476 | Loss: *0.956* | Acc: *75.350%* (7535/10000)
Train epoch: 477 | Loss: *0.112* | Acc: *96.124%* (48062/50000) 
Test epoch: 477 | Loss: *0.721* | Acc: *78.040%* (7804/10000)
Train epoch: 478 | Loss: *0.103* | Acc: *96.544%* (48272/50000) 
Test epoch: 478 | Loss: *1.115* | Acc: *72.740%* (7274/10000)
Train epoch: 479 | Loss: *0.115* | Acc: *96.138%* (48069/50000) 
Test epoch: 479 | Loss: *0.875* | Acc: *74.870%* (7487/10000)
Train epoch: 480 | Loss: *0.098* | Acc: *96.682%* (48341/50000) 
Test epoch: 480 | Loss: *0.878* | Acc: *75.210%* (7521/10000)
Train epoch: 481 | Loss: *0.096* | Acc: *96.834%* (48417/50000) 
Test epoch: 481 | Loss: *0.809* | Acc: *77.420%* (7742/10000)
Train epoch: 482 | Loss: *0.096* | Acc: *96.844%* (48422/50000) 
Test epoch: 482 | Loss: *0.765* | Acc: *79.810%* (7981/10000)
Train epoch: 483 | Loss: *0.104* | Acc: *96.540%* (48270/50000) 
Test epoch: 483 | Loss: *0.610* | Acc: *81.810%* (8181/10000)
Train epoch: 484 | Loss: *0.103* | Acc: *96.540%* (48270/50000) 
Test epoch: 484 | Loss: *0.714* | Acc: *78.930%* (7893/10000)
Train epoch: 485 | Loss: *0.092* | Acc: *96.980%* (48490/50000) 
Test epoch: 485 | Loss: *0.641* | Acc: *81.790%* (8179/10000)
Train epoch: 486 | Loss: *0.093* | Acc: *96.948%* (48474/50000) 
Test epoch: 486 | Loss: *0.750* | Acc: *80.280%* (8028/10000)
Train epoch: 487 | Loss: *0.096* | Acc: *96.780%* (48390/50000) 
Test epoch: 487 | Loss: *0.918* | Acc: *76.030%* (7603/10000)
Train epoch: 488 | Loss: *0.098* | Acc: *96.622%* (48311/50000) 
Test epoch: 488 | Loss: *0.592* | Acc: *82.080%* (8208/10000)
Train epoch: 489 | Loss: *0.073* | Acc: *97.590%* (48795/50000) 
Test epoch: 489 | Loss: *0.683* | Acc: *80.350%* (8035/10000)
Train epoch: 490 | Loss: *0.071* | Acc: *97.692%* (48846/50000) 
Test epoch: 490 | Loss: *0.792* | Acc: *79.760%* (7976/10000)
Train epoch: 491 | Loss: *0.091* | Acc: *97.002%* (48501/50000) 
Test epoch: 491 | Loss: *0.797* | Acc: *77.900%* (7790/10000)
Train epoch: 492 | Loss: *0.100* | Acc: *96.650%* (48325/50000) 
Test epoch: 492 | Loss: *0.776* | Acc: *78.450%* (7845/10000)
Train epoch: 493 | Loss: *0.082* | Acc: *97.320%* (48660/50000) 
Test epoch: 493 | Loss: *0.728* | Acc: *78.590%* (7859/10000)
Train epoch: 494 | Loss: *0.068* | Acc: *97.754%* (48877/50000) 
Test epoch: 494 | Loss: *0.691* | Acc: *79.670%* (7967/10000)
Train epoch: 495 | Loss: *0.080* | Acc: *97.428%* (48714/50000) 
Test epoch: 495 | Loss: *0.722* | Acc: *80.000%* (8000/10000)
Train epoch: 496 | Loss: *0.074* | Acc: *97.614%* (48807/50000) 
Test epoch: 496 | Loss: *0.835* | Acc: *79.000%* (7900/10000)
Train epoch: 497 | Loss: *0.084* | Acc: *97.268%* (48634/50000) 
Test epoch: 497 | Loss: *1.138* | Acc: *70.160%* (7016/10000)
Train epoch: 498 | Loss: *0.065* | Acc: *97.952%* (48976/50000) 
Test epoch: 498 | Loss: *0.864* | Acc: *76.690%* (7669/10000)
Train epoch: 499 | Loss: *0.071* | Acc: *97.720%* (48860/50000) 
Test epoch: 499 | Loss: *0.771* | Acc: *79.210%* (7921/10000)
Train epoch: 500 | Loss: *0.078* | Acc: *97.452%* (48726/50000) 
Test epoch: 500 | Loss: *0.750* | Acc: *79.010%* (7901/10000)
Best test accuracy: *90.280%*, loss: *0.3308956077694893*, at epoch: *149*.
==> Execution time summary of 500 epoch(s).
Train data loading time: sum. *219.94221226591617* secs | avg. *0.43988442453183235* secs per epoch.
Train training time: sum. *825.5854621725157* secs | avg. *1.6511709243450314* secs per epoch.
Train total time: sum. *1045.5276744384319* secs | avg. *2.0910553488768637* secs per epoch.
Test data loading time: sum. *92.27831689920276* secs | avg. *0.18455663379840553* secs per epoch.
Test training time: sum. *66.75003161840141* secs | avg. *0.13350006323680283* secs per epoch.
Test total time: sum. *159.02834851760417* secs | avg. *0.31805669703520834* secs per epoch.
Total data loading time: sum. *312.22052916511893* secs | avg. *0.6244410583302379* secs per epoch.
Total training time: sum. *892.3354937909171* secs | avg. *1.7846709875818343* secs per epoch.
Total running time: sum. *1204.556022956036* secs | avg. *2.409112045912072* secs per epoch.
==> Number of GPU device: 1
==> Device #0 Memory Usage
==> Allocated: 0.1 GB
==> Cached:    1.5 GB
==> Maximum: 1.5 GB
