==> Running on : cuda
==> Number of CPU: 48
==> Number of workers: 2
==> #Epochs: 500, #Layers: 2, #Blocks: [1, 3], In channel: 64, Input layer conv kernel: 7x7, Residual layer conv kernel 7x7, Skip kernel: 1x1, Input layer conv padding: 3, Residual layer conv padding: 3
==> Optimizer is Adam
==> Learning rate: 0.001
==> Weight decay: 0.0005
==>Trainable Parameters: 4837962
==>Other Parameters: 0
==>Augmentation: None
Files already downloaded and verified
Train epoch: 1 | Loss: *1.509* | Acc: *44.462%* (22231/50000) 
Test epoch: 1 | Loss: *1.579* | Acc: *43.350%* (4335/10000)
Train epoch: 2 | Loss: *1.134* | Acc: *59.114%* (29557/50000) 
Test epoch: 2 | Loss: *2.373* | Acc: *36.820%* (3682/10000)
Train epoch: 3 | Loss: *0.965* | Acc: *65.772%* (32886/50000) 
Test epoch: 3 | Loss: *1.853* | Acc: *43.530%* (4353/10000)
Train epoch: 4 | Loss: *0.839* | Acc: *70.666%* (35333/50000) 
Test epoch: 4 | Loss: *4.133* | Acc: *26.810%* (2681/10000)
Train epoch: 5 | Loss: *0.754* | Acc: *73.730%* (36865/50000) 
Test epoch: 5 | Loss: *0.906* | Acc: *68.200%* (6820/10000)
Train epoch: 6 | Loss: *0.681* | Acc: *76.388%* (38194/50000) 
Test epoch: 6 | Loss: *0.868* | Acc: *70.100%* (7010/10000)
Train epoch: 7 | Loss: *0.632* | Acc: *78.102%* (39051/50000) 
Test epoch: 7 | Loss: *0.771* | Acc: *73.560%* (7356/10000)
Train epoch: 8 | Loss: *0.581* | Acc: *80.000%* (40000/50000) 
Test epoch: 8 | Loss: *1.542* | Acc: *53.090%* (5309/10000)
Train epoch: 9 | Loss: *0.549* | Acc: *81.206%* (40603/50000) 
Test epoch: 9 | Loss: *0.898* | Acc: *69.780%* (6978/10000)
Train epoch: 10 | Loss: *0.512* | Acc: *82.344%* (41172/50000) 
Test epoch: 10 | Loss: *0.766* | Acc: *74.190%* (7419/10000)
Train epoch: 11 | Loss: *0.482* | Acc: *83.724%* (41862/50000) 
Test epoch: 11 | Loss: *0.948* | Acc: *68.520%* (6852/10000)
Train epoch: 12 | Loss: *0.453* | Acc: *84.598%* (42299/50000) 
Test epoch: 12 | Loss: *0.622* | Acc: *78.430%* (7843/10000)
Train epoch: 13 | Loss: *0.427* | Acc: *85.634%* (42817/50000) 
Test epoch: 13 | Loss: *0.622* | Acc: *78.770%* (7877/10000)
Train epoch: 14 | Loss: *0.407* | Acc: *85.996%* (42998/50000) 
Test epoch: 14 | Loss: *0.794* | Acc: *73.300%* (7330/10000)
Train epoch: 15 | Loss: *0.380* | Acc: *86.938%* (43469/50000) 
Test epoch: 15 | Loss: *0.769* | Acc: *74.260%* (7426/10000)
Train epoch: 16 | Loss: *0.360* | Acc: *87.714%* (43857/50000) 
Test epoch: 16 | Loss: *0.613* | Acc: *79.370%* (7937/10000)
Train epoch: 17 | Loss: *0.338* | Acc: *88.542%* (44271/50000) 
Test epoch: 17 | Loss: *0.746* | Acc: *76.200%* (7620/10000)
Train epoch: 18 | Loss: *0.329* | Acc: *88.770%* (44385/50000) 
Test epoch: 18 | Loss: *0.787* | Acc: *76.190%* (7619/10000)
Train epoch: 19 | Loss: *0.311* | Acc: *89.312%* (44656/50000) 
Test epoch: 19 | Loss: *0.603* | Acc: *79.750%* (7975/10000)
Train epoch: 20 | Loss: *0.289* | Acc: *89.988%* (44994/50000) 
Test epoch: 20 | Loss: *0.802* | Acc: *76.360%* (7636/10000)
Train epoch: 21 | Loss: *0.281* | Acc: *90.346%* (45173/50000) 
Test epoch: 21 | Loss: *0.714* | Acc: *76.930%* (7693/10000)
Train epoch: 22 | Loss: *0.260* | Acc: *91.176%* (45588/50000) 
Test epoch: 22 | Loss: *0.764* | Acc: *76.100%* (7610/10000)
Train epoch: 23 | Loss: *0.247* | Acc: *91.578%* (45789/50000) 
Test epoch: 23 | Loss: *0.637* | Acc: *80.090%* (8009/10000)
Train epoch: 24 | Loss: *0.239* | Acc: *91.816%* (45908/50000) 
Test epoch: 24 | Loss: *0.586* | Acc: *81.190%* (8119/10000)
Train epoch: 25 | Loss: *0.226* | Acc: *92.340%* (46170/50000) 
Test epoch: 25 | Loss: *0.546* | Acc: *83.030%* (8303/10000)
Train epoch: 26 | Loss: *0.216* | Acc: *92.640%* (46320/50000) 
Test epoch: 26 | Loss: *0.775* | Acc: *76.950%* (7695/10000)
Train epoch: 27 | Loss: *0.204* | Acc: *92.886%* (46443/50000) 
Test epoch: 27 | Loss: *0.770* | Acc: *76.940%* (7694/10000)
Train epoch: 28 | Loss: *0.199* | Acc: *93.148%* (46574/50000) 
Test epoch: 28 | Loss: *0.708* | Acc: *79.310%* (7931/10000)
Train epoch: 29 | Loss: *0.189* | Acc: *93.516%* (46758/50000) 
Test epoch: 29 | Loss: *0.617* | Acc: *81.290%* (8129/10000)
Train epoch: 30 | Loss: *0.179* | Acc: *93.774%* (46887/50000) 
Test epoch: 30 | Loss: *0.671* | Acc: *79.560%* (7956/10000)
Train epoch: 31 | Loss: *0.181* | Acc: *93.688%* (46844/50000) 
Test epoch: 31 | Loss: *0.633* | Acc: *80.720%* (8072/10000)
Train epoch: 32 | Loss: *0.173* | Acc: *94.160%* (47080/50000) 
Test epoch: 32 | Loss: *0.552* | Acc: *82.920%* (8292/10000)
Train epoch: 33 | Loss: *0.161* | Acc: *94.582%* (47291/50000) 
Test epoch: 33 | Loss: *0.623* | Acc: *80.960%* (8096/10000)
Train epoch: 34 | Loss: *0.157* | Acc: *94.634%* (47317/50000) 
Test epoch: 34 | Loss: *0.750* | Acc: *79.000%* (7900/10000)
Train epoch: 35 | Loss: *0.158* | Acc: *94.604%* (47302/50000) 
Test epoch: 35 | Loss: *0.689* | Acc: *79.300%* (7930/10000)
Train epoch: 36 | Loss: *0.151* | Acc: *94.874%* (47437/50000) 
Test epoch: 36 | Loss: *0.725* | Acc: *78.750%* (7875/10000)
Train epoch: 37 | Loss: *0.146* | Acc: *95.136%* (47568/50000) 
Test epoch: 37 | Loss: *0.878* | Acc: *76.350%* (7635/10000)
Train epoch: 38 | Loss: *0.138* | Acc: *95.304%* (47652/50000) 
Test epoch: 38 | Loss: *0.593* | Acc: *82.370%* (8237/10000)
Train epoch: 39 | Loss: *0.138* | Acc: *95.290%* (47645/50000) 
Test epoch: 39 | Loss: *0.697* | Acc: *80.540%* (8054/10000)
Train epoch: 40 | Loss: *0.137* | Acc: *95.338%* (47669/50000) 
Test epoch: 40 | Loss: *0.715* | Acc: *79.600%* (7960/10000)
Train epoch: 41 | Loss: *0.128* | Acc: *95.686%* (47843/50000) 
Test epoch: 41 | Loss: *0.648* | Acc: *82.160%* (8216/10000)
Train epoch: 42 | Loss: *0.133* | Acc: *95.516%* (47758/50000) 
Test epoch: 42 | Loss: *0.734* | Acc: *80.200%* (8020/10000)
Train epoch: 43 | Loss: *0.121* | Acc: *96.004%* (48002/50000) 
Test epoch: 43 | Loss: *0.587* | Acc: *82.960%* (8296/10000)
Train epoch: 44 | Loss: *0.129* | Acc: *95.654%* (47827/50000) 
Test epoch: 44 | Loss: *0.636* | Acc: *81.170%* (8117/10000)
Train epoch: 45 | Loss: *0.118* | Acc: *96.060%* (48030/50000) 
Test epoch: 45 | Loss: *0.727* | Acc: *80.370%* (8037/10000)
Train epoch: 46 | Loss: *0.117* | Acc: *96.040%* (48020/50000) 
Test epoch: 46 | Loss: *0.727* | Acc: *79.890%* (7989/10000)
Train epoch: 47 | Loss: *0.115* | Acc: *96.060%* (48030/50000) 
Test epoch: 47 | Loss: *0.695* | Acc: *81.300%* (8130/10000)
Train epoch: 48 | Loss: *0.120* | Acc: *96.040%* (48020/50000) 
Test epoch: 48 | Loss: *0.645* | Acc: *81.940%* (8194/10000)
Train epoch: 49 | Loss: *0.108* | Acc: *96.406%* (48203/50000) 
Test epoch: 49 | Loss: *0.670* | Acc: *81.000%* (8100/10000)
Train epoch: 50 | Loss: *0.108* | Acc: *96.430%* (48215/50000) 
Test epoch: 50 | Loss: *0.681* | Acc: *81.900%* (8190/10000)
Train epoch: 51 | Loss: *0.108* | Acc: *96.398%* (48199/50000) 
Test epoch: 51 | Loss: *0.721* | Acc: *80.510%* (8051/10000)
Train epoch: 52 | Loss: *0.107* | Acc: *96.346%* (48173/50000) 
Test epoch: 52 | Loss: *0.681* | Acc: *81.670%* (8167/10000)
Train epoch: 53 | Loss: *0.106* | Acc: *96.400%* (48200/50000) 
Test epoch: 53 | Loss: *0.646* | Acc: *82.270%* (8227/10000)
Train epoch: 54 | Loss: *0.097* | Acc: *96.798%* (48399/50000) 
Test epoch: 54 | Loss: *0.640* | Acc: *82.170%* (8217/10000)
Train epoch: 55 | Loss: *0.104* | Acc: *96.476%* (48238/50000) 
Test epoch: 55 | Loss: *0.702* | Acc: *80.940%* (8094/10000)
Train epoch: 56 | Loss: *0.093* | Acc: *96.908%* (48454/50000) 
Test epoch: 56 | Loss: *0.633* | Acc: *82.090%* (8209/10000)
Train epoch: 57 | Loss: *0.105* | Acc: *96.440%* (48220/50000) 
Test epoch: 57 | Loss: *0.844* | Acc: *77.420%* (7742/10000)
Train epoch: 58 | Loss: *0.096* | Acc: *96.840%* (48420/50000) 
Test epoch: 58 | Loss: *0.722* | Acc: *80.750%* (8075/10000)
Train epoch: 59 | Loss: *0.088* | Acc: *97.062%* (48531/50000) 
Test epoch: 59 | Loss: *0.717* | Acc: *80.460%* (8046/10000)
Train epoch: 60 | Loss: *0.096* | Acc: *96.854%* (48427/50000) 
Test epoch: 60 | Loss: *0.720* | Acc: *80.650%* (8065/10000)
Train epoch: 61 | Loss: *0.095* | Acc: *96.856%* (48428/50000) 
Test epoch: 61 | Loss: *0.737* | Acc: *80.740%* (8074/10000)
Train epoch: 62 | Loss: *0.086* | Acc: *97.220%* (48610/50000) 
Test epoch: 62 | Loss: *0.659* | Acc: *82.090%* (8209/10000)
Train epoch: 63 | Loss: *0.087* | Acc: *97.086%* (48543/50000) 
Test epoch: 63 | Loss: *0.897* | Acc: *77.060%* (7706/10000)
Train epoch: 64 | Loss: *0.090* | Acc: *97.022%* (48511/50000) 
Test epoch: 64 | Loss: *0.655* | Acc: *82.480%* (8248/10000)
Train epoch: 65 | Loss: *0.085* | Acc: *97.192%* (48596/50000) 
Test epoch: 65 | Loss: *0.676* | Acc: *81.790%* (8179/10000)
Train epoch: 66 | Loss: *0.076* | Acc: *97.492%* (48746/50000) 
Test epoch: 66 | Loss: *0.756* | Acc: *80.130%* (8013/10000)
Train epoch: 67 | Loss: *0.083* | Acc: *97.228%* (48614/50000) 
Test epoch: 67 | Loss: *0.678* | Acc: *81.840%* (8184/10000)
Train epoch: 68 | Loss: *0.083* | Acc: *97.292%* (48646/50000) 
Test epoch: 68 | Loss: *0.669* | Acc: *82.150%* (8215/10000)
Train epoch: 69 | Loss: *0.082* | Acc: *97.280%* (48640/50000) 
Test epoch: 69 | Loss: *0.848* | Acc: *78.470%* (7847/10000)
Train epoch: 70 | Loss: *0.068* | Acc: *97.808%* (48904/50000) 
Test epoch: 70 | Loss: *0.720* | Acc: *80.590%* (8059/10000)
Train epoch: 71 | Loss: *0.075* | Acc: *97.558%* (48779/50000) 
Test epoch: 71 | Loss: *0.778* | Acc: *80.970%* (8097/10000)
Train epoch: 72 | Loss: *0.074* | Acc: *97.566%* (48783/50000) 
Test epoch: 72 | Loss: *0.711* | Acc: *81.520%* (8152/10000)
Train epoch: 73 | Loss: *0.074* | Acc: *97.634%* (48817/50000) 
Test epoch: 73 | Loss: *0.890* | Acc: *78.060%* (7806/10000)
Train epoch: 74 | Loss: *0.080* | Acc: *97.280%* (48640/50000) 
Test epoch: 74 | Loss: *0.672* | Acc: *82.660%* (8266/10000)
Train epoch: 75 | Loss: *0.062* | Acc: *97.930%* (48965/50000) 
Test epoch: 75 | Loss: *0.776* | Acc: *80.520%* (8052/10000)
Train epoch: 76 | Loss: *0.076* | Acc: *97.474%* (48737/50000) 
Test epoch: 76 | Loss: *0.680* | Acc: *82.050%* (8205/10000)
Train epoch: 77 | Loss: *0.065* | Acc: *97.870%* (48935/50000) 
Test epoch: 77 | Loss: *0.844* | Acc: *79.790%* (7979/10000)
Train epoch: 78 | Loss: *0.062* | Acc: *98.028%* (49014/50000) 
Test epoch: 78 | Loss: *0.683* | Acc: *82.340%* (8234/10000)
Train epoch: 79 | Loss: *0.060* | Acc: *98.094%* (49047/50000) 
Test epoch: 79 | Loss: *0.801* | Acc: *80.440%* (8044/10000)
Train epoch: 80 | Loss: *0.066* | Acc: *97.860%* (48930/50000) 
Test epoch: 80 | Loss: *0.836* | Acc: *80.330%* (8033/10000)
Train epoch: 81 | Loss: *0.069* | Acc: *97.738%* (48869/50000) 
Test epoch: 81 | Loss: *0.736* | Acc: *80.690%* (8069/10000)
Train epoch: 82 | Loss: *0.055* | Acc: *98.306%* (49153/50000) 
Test epoch: 82 | Loss: *0.693* | Acc: *82.430%* (8243/10000)
Train epoch: 83 | Loss: *0.069* | Acc: *97.730%* (48865/50000) 
Test epoch: 83 | Loss: *0.854* | Acc: *78.680%* (7868/10000)
Train epoch: 84 | Loss: *0.058* | Acc: *98.090%* (49045/50000) 
Test epoch: 84 | Loss: *0.724* | Acc: *81.680%* (8168/10000)
Train epoch: 85 | Loss: *0.052* | Acc: *98.348%* (49174/50000) 
Test epoch: 85 | Loss: *0.735* | Acc: *81.660%* (8166/10000)
Train epoch: 86 | Loss: *0.055* | Acc: *98.212%* (49106/50000) 
Test epoch: 86 | Loss: *0.697* | Acc: *82.130%* (8213/10000)
Train epoch: 87 | Loss: *0.058* | Acc: *98.108%* (49054/50000) 
Test epoch: 87 | Loss: *0.822* | Acc: *80.710%* (8071/10000)
Train epoch: 88 | Loss: *0.060* | Acc: *98.020%* (49010/50000) 
Test epoch: 88 | Loss: *0.683* | Acc: *82.340%* (8234/10000)
Train epoch: 89 | Loss: *0.050* | Acc: *98.402%* (49201/50000) 
Test epoch: 89 | Loss: *0.808* | Acc: *80.930%* (8093/10000)
Train epoch: 90 | Loss: *0.048* | Acc: *98.464%* (49232/50000) 
Test epoch: 90 | Loss: *0.686* | Acc: *82.570%* (8257/10000)
Train epoch: 91 | Loss: *0.050* | Acc: *98.362%* (49181/50000) 
Test epoch: 91 | Loss: *0.867* | Acc: *79.040%* (7904/10000)
Train epoch: 92 | Loss: *0.049* | Acc: *98.422%* (49211/50000) 
Test epoch: 92 | Loss: *0.737* | Acc: *82.270%* (8227/10000)
Train epoch: 93 | Loss: *0.047* | Acc: *98.496%* (49248/50000) 
Test epoch: 93 | Loss: *0.977* | Acc: *77.570%* (7757/10000)
Train epoch: 94 | Loss: *0.045* | Acc: *98.602%* (49301/50000) 
Test epoch: 94 | Loss: *0.764* | Acc: *81.310%* (8131/10000)
Train epoch: 95 | Loss: *0.055* | Acc: *98.176%* (49088/50000) 
Test epoch: 95 | Loss: *0.683* | Acc: *82.360%* (8236/10000)
Train epoch: 96 | Loss: *0.055* | Acc: *98.182%* (49091/50000) 
Test epoch: 96 | Loss: *0.763* | Acc: *81.400%* (8140/10000)
Train epoch: 97 | Loss: *0.042* | Acc: *98.680%* (49340/50000) 
Test epoch: 97 | Loss: *0.676* | Acc: *83.090%* (8309/10000)
Train epoch: 98 | Loss: *0.039* | Acc: *98.820%* (49410/50000) 
Test epoch: 98 | Loss: *0.677* | Acc: *83.180%* (8318/10000)
Train epoch: 99 | Loss: *0.045* | Acc: *98.584%* (49292/50000) 
Test epoch: 99 | Loss: *0.702* | Acc: *82.500%* (8250/10000)
Train epoch: 100 | Loss: *0.043* | Acc: *98.630%* (49315/50000) 
Test epoch: 100 | Loss: *0.705* | Acc: *82.310%* (8231/10000)
Train epoch: 101 | Loss: *0.040* | Acc: *98.684%* (49342/50000) 
Test epoch: 101 | Loss: *0.703* | Acc: *82.540%* (8254/10000)
Train epoch: 102 | Loss: *0.044* | Acc: *98.586%* (49293/50000) 
Test epoch: 102 | Loss: *0.707* | Acc: *83.170%* (8317/10000)
Train epoch: 103 | Loss: *0.037* | Acc: *98.872%* (49436/50000) 
Test epoch: 103 | Loss: *0.693* | Acc: *82.760%* (8276/10000)
Train epoch: 104 | Loss: *0.038* | Acc: *98.804%* (49402/50000) 
Test epoch: 104 | Loss: *0.735* | Acc: *82.100%* (8210/10000)
Train epoch: 105 | Loss: *0.039* | Acc: *98.798%* (49399/50000) 
Test epoch: 105 | Loss: *0.765* | Acc: *81.710%* (8171/10000)
Train epoch: 106 | Loss: *0.036* | Acc: *98.890%* (49445/50000) 
Test epoch: 106 | Loss: *0.757* | Acc: *82.500%* (8250/10000)
Train epoch: 107 | Loss: *0.040* | Acc: *98.764%* (49382/50000) 
Test epoch: 107 | Loss: *0.722* | Acc: *82.370%* (8237/10000)
Train epoch: 108 | Loss: *0.033* | Acc: *98.970%* (49485/50000) 
Test epoch: 108 | Loss: *0.710* | Acc: *82.710%* (8271/10000)
Train epoch: 109 | Loss: *0.033* | Acc: *99.008%* (49504/50000) 
Test epoch: 109 | Loss: *0.707* | Acc: *82.920%* (8292/10000)
Train epoch: 110 | Loss: *0.030* | Acc: *99.060%* (49530/50000) 
Test epoch: 110 | Loss: *0.808* | Acc: *81.300%* (8130/10000)
Train epoch: 111 | Loss: *0.037* | Acc: *98.854%* (49427/50000) 
Test epoch: 111 | Loss: *0.692* | Acc: *82.920%* (8292/10000)
Train epoch: 112 | Loss: *0.029* | Acc: *99.096%* (49548/50000) 
Test epoch: 112 | Loss: *0.736* | Acc: *82.660%* (8266/10000)
Train epoch: 113 | Loss: *0.029* | Acc: *99.120%* (49560/50000) 
Test epoch: 113 | Loss: *0.781* | Acc: *81.910%* (8191/10000)
Train epoch: 114 | Loss: *0.036* | Acc: *98.878%* (49439/50000) 
Test epoch: 114 | Loss: *0.670* | Acc: *83.340%* (8334/10000)
Train epoch: 115 | Loss: *0.022* | Acc: *99.350%* (49675/50000) 
Test epoch: 115 | Loss: *0.824* | Acc: *80.850%* (8085/10000)
Train epoch: 116 | Loss: *0.026* | Acc: *99.244%* (49622/50000) 
Test epoch: 116 | Loss: *0.769* | Acc: *81.860%* (8186/10000)
Train epoch: 117 | Loss: *0.030* | Acc: *99.120%* (49560/50000) 
Test epoch: 117 | Loss: *0.749* | Acc: *82.130%* (8213/10000)
Train epoch: 118 | Loss: *0.031* | Acc: *99.056%* (49528/50000) 
Test epoch: 118 | Loss: *0.729* | Acc: *83.080%* (8308/10000)
Train epoch: 119 | Loss: *0.024* | Acc: *99.294%* (49647/50000) 
Test epoch: 119 | Loss: *0.732* | Acc: *82.770%* (8277/10000)
Train epoch: 120 | Loss: *0.020* | Acc: *99.426%* (49713/50000) 
Test epoch: 120 | Loss: *0.718* | Acc: *83.280%* (8328/10000)
Train epoch: 121 | Loss: *0.027* | Acc: *99.144%* (49572/50000) 
Test epoch: 121 | Loss: *0.813* | Acc: *81.170%* (8117/10000)
Train epoch: 122 | Loss: *0.027* | Acc: *99.176%* (49588/50000) 
Test epoch: 122 | Loss: *0.707* | Acc: *83.810%* (8381/10000)
Train epoch: 123 | Loss: *0.017* | Acc: *99.568%* (49784/50000) 
Test epoch: 123 | Loss: *0.757* | Acc: *82.540%* (8254/10000)
Train epoch: 124 | Loss: *0.019* | Acc: *99.470%* (49735/50000) 
Test epoch: 124 | Loss: *0.756* | Acc: *82.820%* (8282/10000)
Train epoch: 125 | Loss: *0.027* | Acc: *99.190%* (49595/50000) 
Test epoch: 125 | Loss: *0.749* | Acc: *82.530%* (8253/10000)
Train epoch: 126 | Loss: *0.019* | Acc: *99.474%* (49737/50000) 
Test epoch: 126 | Loss: *0.701* | Acc: *83.690%* (8369/10000)
Train epoch: 127 | Loss: *0.019* | Acc: *99.464%* (49732/50000) 
Test epoch: 127 | Loss: *0.800* | Acc: *81.880%* (8188/10000)
Train epoch: 128 | Loss: *0.021* | Acc: *99.406%* (49703/50000) 
Test epoch: 128 | Loss: *0.714* | Acc: *83.120%* (8312/10000)
Train epoch: 129 | Loss: *0.014* | Acc: *99.620%* (49810/50000) 
Test epoch: 129 | Loss: *0.722* | Acc: *83.490%* (8349/10000)
Train epoch: 130 | Loss: *0.016* | Acc: *99.600%* (49800/50000) 
Test epoch: 130 | Loss: *0.807* | Acc: *81.620%* (8162/10000)
Train epoch: 131 | Loss: *0.022* | Acc: *99.364%* (49682/50000) 
Test epoch: 131 | Loss: *0.846* | Acc: *81.400%* (8140/10000)
Train epoch: 132 | Loss: *0.015* | Acc: *99.628%* (49814/50000) 
Test epoch: 132 | Loss: *0.710* | Acc: *83.530%* (8353/10000)
Train epoch: 133 | Loss: *0.006* | Acc: *99.878%* (49939/50000) 
Test epoch: 133 | Loss: *0.695* | Acc: *84.130%* (8413/10000)
Train epoch: 134 | Loss: *0.020* | Acc: *99.448%* (49724/50000) 
Test epoch: 134 | Loss: *0.756* | Acc: *82.410%* (8241/10000)
Train epoch: 135 | Loss: *0.025* | Acc: *99.260%* (49630/50000) 
Test epoch: 135 | Loss: *0.735* | Acc: *82.620%* (8262/10000)
Train epoch: 136 | Loss: *0.011* | Acc: *99.738%* (49869/50000) 
Test epoch: 136 | Loss: *0.700* | Acc: *84.030%* (8403/10000)
Train epoch: 137 | Loss: *0.009* | Acc: *99.804%* (49902/50000) 
Test epoch: 137 | Loss: *0.743* | Acc: *83.470%* (8347/10000)
Train epoch: 138 | Loss: *0.011* | Acc: *99.718%* (49859/50000) 
Test epoch: 138 | Loss: *0.808* | Acc: *82.240%* (8224/10000)
Train epoch: 139 | Loss: *0.015* | Acc: *99.610%* (49805/50000) 
Test epoch: 139 | Loss: *0.769* | Acc: *82.420%* (8242/10000)
Train epoch: 140 | Loss: *0.013* | Acc: *99.664%* (49832/50000) 
Test epoch: 140 | Loss: *0.726* | Acc: *83.420%* (8342/10000)
Train epoch: 141 | Loss: *0.010* | Acc: *99.756%* (49878/50000) 
Test epoch: 141 | Loss: *0.722* | Acc: *83.300%* (8330/10000)
Train epoch: 142 | Loss: *0.010* | Acc: *99.766%* (49883/50000) 
Test epoch: 142 | Loss: *0.766* | Acc: *83.260%* (8326/10000)
Train epoch: 143 | Loss: *0.009* | Acc: *99.826%* (49913/50000) 
Test epoch: 143 | Loss: *0.681* | Acc: *84.400%* (8440/10000)
Train epoch: 144 | Loss: *0.005* | Acc: *99.918%* (49959/50000) 
Test epoch: 144 | Loss: *0.726* | Acc: *83.560%* (8356/10000)
Train epoch: 145 | Loss: *0.006* | Acc: *99.908%* (49954/50000) 
Test epoch: 145 | Loss: *0.737* | Acc: *83.510%* (8351/10000)
Train epoch: 146 | Loss: *0.015* | Acc: *99.632%* (49816/50000) 
Test epoch: 146 | Loss: *0.685* | Acc: *84.090%* (8409/10000)
Train epoch: 147 | Loss: *0.011* | Acc: *99.748%* (49874/50000) 
Test epoch: 147 | Loss: *0.711* | Acc: *84.030%* (8403/10000)
Train epoch: 148 | Loss: *0.009* | Acc: *99.800%* (49900/50000) 
Test epoch: 148 | Loss: *0.736* | Acc: *83.430%* (8343/10000)
Train epoch: 149 | Loss: *0.005* | Acc: *99.926%* (49963/50000) 
Test epoch: 149 | Loss: *0.679* | Acc: *84.410%* (8441/10000)
Train epoch: 150 | Loss: *0.004* | Acc: *99.958%* (49979/50000) 
Test epoch: 150 | Loss: *0.685* | Acc: *84.070%* (8407/10000)
Train epoch: 151 | Loss: *0.004* | Acc: *99.946%* (49973/50000) 
Test epoch: 151 | Loss: *0.693* | Acc: *84.340%* (8434/10000)
Train epoch: 152 | Loss: *0.005* | Acc: *99.930%* (49965/50000) 
Test epoch: 152 | Loss: *0.695* | Acc: *83.880%* (8388/10000)
Train epoch: 153 | Loss: *0.008* | Acc: *99.822%* (49911/50000) 
Test epoch: 153 | Loss: *0.773* | Acc: *82.720%* (8272/10000)
Train epoch: 154 | Loss: *0.013* | Acc: *99.682%* (49841/50000) 
Test epoch: 154 | Loss: *0.697* | Acc: *83.790%* (8379/10000)
Train epoch: 155 | Loss: *0.005* | Acc: *99.920%* (49960/50000) 
Test epoch: 155 | Loss: *0.675* | Acc: *84.260%* (8426/10000)
Train epoch: 156 | Loss: *0.004* | Acc: *99.942%* (49971/50000) 
Test epoch: 156 | Loss: *0.707* | Acc: *84.120%* (8412/10000)
Train epoch: 157 | Loss: *0.003* | Acc: *99.964%* (49982/50000) 
Test epoch: 157 | Loss: *0.678* | Acc: *84.680%* (8468/10000)
Train epoch: 158 | Loss: *0.002* | Acc: *99.984%* (49992/50000) 
Test epoch: 158 | Loss: *0.649* | Acc: *85.030%* (8503/10000)
Train epoch: 159 | Loss: *0.001* | Acc: *100.000%* (50000/50000) 
Test epoch: 159 | Loss: *0.647* | Acc: *85.020%* (8502/10000)
Train epoch: 160 | Loss: *0.001* | Acc: *100.000%* (50000/50000) 
Test epoch: 160 | Loss: *0.630* | Acc: *85.010%* (8501/10000)
Train epoch: 161 | Loss: *0.002* | Acc: *99.986%* (49993/50000) 
Test epoch: 161 | Loss: *0.661* | Acc: *84.440%* (8444/10000)
Train epoch: 162 | Loss: *0.004* | Acc: *99.970%* (49985/50000) 
Test epoch: 162 | Loss: *0.699* | Acc: *83.440%* (8344/10000)
Train epoch: 163 | Loss: *0.007* | Acc: *99.894%* (49947/50000) 
Test epoch: 163 | Loss: *0.735* | Acc: *83.220%* (8322/10000)
Train epoch: 164 | Loss: *0.007* | Acc: *99.886%* (49943/50000) 
Test epoch: 164 | Loss: *0.715* | Acc: *83.330%* (8333/10000)
Train epoch: 165 | Loss: *0.004* | Acc: *99.970%* (49985/50000) 
Test epoch: 165 | Loss: *0.665* | Acc: *84.880%* (8488/10000)
Train epoch: 166 | Loss: *0.002* | Acc: *100.000%* (50000/50000) 
Test epoch: 166 | Loss: *0.644* | Acc: *85.230%* (8523/10000)
Train epoch: 167 | Loss: *0.001* | Acc: *100.000%* (50000/50000) 
Test epoch: 167 | Loss: *0.636* | Acc: *85.250%* (8525/10000)
Train epoch: 168 | Loss: *0.001* | Acc: *100.000%* (50000/50000) 
Test epoch: 168 | Loss: *0.633* | Acc: *85.350%* (8535/10000)
Train epoch: 169 | Loss: *0.001* | Acc: *100.000%* (50000/50000) 
Test epoch: 169 | Loss: *0.625* | Acc: *85.480%* (8548/10000)
Train epoch: 170 | Loss: *0.001* | Acc: *100.000%* (50000/50000) 
Test epoch: 170 | Loss: *0.618* | Acc: *85.430%* (8543/10000)
Train epoch: 171 | Loss: *0.002* | Acc: *100.000%* (50000/50000) 
Test epoch: 171 | Loss: *0.613* | Acc: *85.390%* (8539/10000)
Train epoch: 172 | Loss: *0.002* | Acc: *99.998%* (49999/50000) 
Test epoch: 172 | Loss: *0.624* | Acc: *85.070%* (8507/10000)
Train epoch: 173 | Loss: *0.004* | Acc: *99.968%* (49984/50000) 
Test epoch: 173 | Loss: *0.647* | Acc: *84.780%* (8478/10000)
Train epoch: 174 | Loss: *0.002* | Acc: *100.000%* (50000/50000) 
Test epoch: 174 | Loss: *0.637* | Acc: *84.760%* (8476/10000)
Train epoch: 175 | Loss: *0.002* | Acc: *100.000%* (50000/50000) 
Test epoch: 175 | Loss: *0.626* | Acc: *84.980%* (8498/10000)
Train epoch: 176 | Loss: *0.002* | Acc: *100.000%* (50000/50000) 
Test epoch: 176 | Loss: *0.621* | Acc: *84.860%* (8486/10000)
Train epoch: 177 | Loss: *0.002* | Acc: *100.000%* (50000/50000) 
Test epoch: 177 | Loss: *0.620* | Acc: *85.140%* (8514/10000)
Train epoch: 178 | Loss: *0.002* | Acc: *100.000%* (50000/50000) 
Test epoch: 178 | Loss: *0.609* | Acc: *85.120%* (8512/10000)
Train epoch: 179 | Loss: *0.002* | Acc: *100.000%* (50000/50000) 
Test epoch: 179 | Loss: *0.606* | Acc: *85.160%* (8516/10000)
Train epoch: 180 | Loss: *0.002* | Acc: *100.000%* (50000/50000) 
Test epoch: 180 | Loss: *0.608* | Acc: *85.170%* (8517/10000)
Train epoch: 181 | Loss: *0.002* | Acc: *100.000%* (50000/50000) 
Test epoch: 181 | Loss: *0.605* | Acc: *85.240%* (8524/10000)
Train epoch: 182 | Loss: *0.002* | Acc: *100.000%* (50000/50000) 
Test epoch: 182 | Loss: *0.605* | Acc: *85.380%* (8538/10000)
Train epoch: 183 | Loss: *0.002* | Acc: *100.000%* (50000/50000) 
Test epoch: 183 | Loss: *0.608* | Acc: *85.390%* (8539/10000)
Train epoch: 184 | Loss: *0.002* | Acc: *100.000%* (50000/50000) 
Test epoch: 184 | Loss: *0.601* | Acc: *85.130%* (8513/10000)
Train epoch: 185 | Loss: *0.002* | Acc: *100.000%* (50000/50000) 
Test epoch: 185 | Loss: *0.619* | Acc: *84.960%* (8496/10000)
Train epoch: 186 | Loss: *0.002* | Acc: *99.998%* (49999/50000) 
Test epoch: 186 | Loss: *0.603* | Acc: *85.220%* (8522/10000)
Train epoch: 187 | Loss: *0.002* | Acc: *100.000%* (50000/50000) 
Test epoch: 187 | Loss: *0.601* | Acc: *85.070%* (8507/10000)
Train epoch: 188 | Loss: *0.002* | Acc: *100.000%* (50000/50000) 
Test epoch: 188 | Loss: *0.601* | Acc: *85.220%* (8522/10000)
Train epoch: 189 | Loss: *0.002* | Acc: *100.000%* (50000/50000) 
Test epoch: 189 | Loss: *0.598* | Acc: *85.160%* (8516/10000)
Train epoch: 190 | Loss: *0.002* | Acc: *100.000%* (50000/50000) 
Test epoch: 190 | Loss: *0.603* | Acc: *85.200%* (8520/10000)
Train epoch: 191 | Loss: *0.002* | Acc: *100.000%* (50000/50000) 
Test epoch: 191 | Loss: *0.603* | Acc: *85.160%* (8516/10000)
Train epoch: 192 | Loss: *0.002* | Acc: *100.000%* (50000/50000) 
Test epoch: 192 | Loss: *0.601* | Acc: *85.220%* (8522/10000)
Train epoch: 193 | Loss: *0.001* | Acc: *100.000%* (50000/50000) 
Test epoch: 193 | Loss: *0.598* | Acc: *85.240%* (8524/10000)
Train epoch: 194 | Loss: *0.001* | Acc: *100.000%* (50000/50000) 
Test epoch: 194 | Loss: *0.596* | Acc: *85.230%* (8523/10000)
Train epoch: 195 | Loss: *0.001* | Acc: *100.000%* (50000/50000) 
Test epoch: 195 | Loss: *0.600* | Acc: *85.220%* (8522/10000)
Train epoch: 196 | Loss: *0.001* | Acc: *100.000%* (50000/50000) 
Test epoch: 196 | Loss: *0.599* | Acc: *85.210%* (8521/10000)
Train epoch: 197 | Loss: *0.001* | Acc: *100.000%* (50000/50000) 
Test epoch: 197 | Loss: *0.601* | Acc: *85.360%* (8536/10000)
Train epoch: 198 | Loss: *0.001* | Acc: *100.000%* (50000/50000) 
Test epoch: 198 | Loss: *0.596* | Acc: *85.360%* (8536/10000)
Train epoch: 199 | Loss: *0.001* | Acc: *100.000%* (50000/50000) 
Test epoch: 199 | Loss: *0.604* | Acc: *85.300%* (8530/10000)
Train epoch: 200 | Loss: *0.001* | Acc: *100.000%* (50000/50000) 
Test epoch: 200 | Loss: *0.597* | Acc: *85.280%* (8528/10000)
Train epoch: 201 | Loss: *0.001* | Acc: *100.000%* (50000/50000) 
Test epoch: 201 | Loss: *0.597* | Acc: *85.360%* (8536/10000)
Train epoch: 202 | Loss: *0.001* | Acc: *100.000%* (50000/50000) 
Test epoch: 202 | Loss: *0.601* | Acc: *85.270%* (8527/10000)
Train epoch: 203 | Loss: *0.001* | Acc: *100.000%* (50000/50000) 
Test epoch: 203 | Loss: *0.602* | Acc: *85.120%* (8512/10000)
Train epoch: 204 | Loss: *0.001* | Acc: *100.000%* (50000/50000) 
Test epoch: 204 | Loss: *0.600* | Acc: *85.280%* (8528/10000)
Train epoch: 205 | Loss: *0.001* | Acc: *100.000%* (50000/50000) 
Test epoch: 205 | Loss: *0.600* | Acc: *85.330%* (8533/10000)
Train epoch: 206 | Loss: *0.001* | Acc: *100.000%* (50000/50000) 
Test epoch: 206 | Loss: *0.605* | Acc: *85.260%* (8526/10000)
Train epoch: 207 | Loss: *0.001* | Acc: *100.000%* (50000/50000) 
Test epoch: 207 | Loss: *0.600* | Acc: *85.150%* (8515/10000)
Train epoch: 208 | Loss: *0.001* | Acc: *100.000%* (50000/50000) 
Test epoch: 208 | Loss: *0.600* | Acc: *85.250%* (8525/10000)
Train epoch: 209 | Loss: *0.001* | Acc: *100.000%* (50000/50000) 
Test epoch: 209 | Loss: *0.599* | Acc: *85.230%* (8523/10000)
Train epoch: 210 | Loss: *0.001* | Acc: *100.000%* (50000/50000) 
Test epoch: 210 | Loss: *0.598* | Acc: *85.210%* (8521/10000)
Train epoch: 211 | Loss: *0.002* | Acc: *100.000%* (50000/50000) 
Test epoch: 211 | Loss: *0.600* | Acc: *85.130%* (8513/10000)
Train epoch: 212 | Loss: *0.002* | Acc: *100.000%* (50000/50000) 
Test epoch: 212 | Loss: *0.612* | Acc: *85.080%* (8508/10000)
Train epoch: 213 | Loss: *0.002* | Acc: *100.000%* (50000/50000) 
Test epoch: 213 | Loss: *0.605* | Acc: *85.010%* (8501/10000)
Train epoch: 214 | Loss: *0.002* | Acc: *100.000%* (50000/50000) 
Test epoch: 214 | Loss: *0.609* | Acc: *85.140%* (8514/10000)
Train epoch: 215 | Loss: *0.002* | Acc: *100.000%* (50000/50000) 
Test epoch: 215 | Loss: *0.609* | Acc: *84.900%* (8490/10000)
Train epoch: 216 | Loss: *0.002* | Acc: *100.000%* (50000/50000) 
Test epoch: 216 | Loss: *0.602* | Acc: *85.280%* (8528/10000)
Train epoch: 217 | Loss: *0.002* | Acc: *100.000%* (50000/50000) 
Test epoch: 217 | Loss: *0.609* | Acc: *85.110%* (8511/10000)
Train epoch: 218 | Loss: *0.002* | Acc: *100.000%* (50000/50000) 
Test epoch: 218 | Loss: *0.604* | Acc: *85.180%* (8518/10000)
Train epoch: 219 | Loss: *0.002* | Acc: *100.000%* (50000/50000) 
Test epoch: 219 | Loss: *0.630* | Acc: *84.670%* (8467/10000)
Train epoch: 220 | Loss: *0.006* | Acc: *99.924%* (49962/50000) 
Test epoch: 220 | Loss: *0.656* | Acc: *84.260%* (8426/10000)
Train epoch: 221 | Loss: *0.002* | Acc: *99.998%* (49999/50000) 
Test epoch: 221 | Loss: *0.663* | Acc: *84.250%* (8425/10000)
Train epoch: 222 | Loss: *0.002* | Acc: *99.994%* (49997/50000) 
Test epoch: 222 | Loss: *0.653* | Acc: *84.480%* (8448/10000)
Train epoch: 223 | Loss: *0.002* | Acc: *100.000%* (50000/50000) 
Test epoch: 223 | Loss: *0.637* | Acc: *84.730%* (8473/10000)
Train epoch: 224 | Loss: *0.002* | Acc: *100.000%* (50000/50000) 
Test epoch: 224 | Loss: *0.632* | Acc: *84.850%* (8485/10000)
Train epoch: 225 | Loss: *0.002* | Acc: *100.000%* (50000/50000) 
Test epoch: 225 | Loss: *0.626* | Acc: *84.760%* (8476/10000)
Train epoch: 226 | Loss: *0.002* | Acc: *100.000%* (50000/50000) 
Test epoch: 226 | Loss: *0.619* | Acc: *84.760%* (8476/10000)
Train epoch: 227 | Loss: *0.002* | Acc: *100.000%* (50000/50000) 
Test epoch: 227 | Loss: *0.626* | Acc: *84.790%* (8479/10000)
Train epoch: 228 | Loss: *0.020* | Acc: *99.542%* (49771/50000) 
Test epoch: 228 | Loss: *0.643* | Acc: *83.470%* (8347/10000)
Train epoch: 229 | Loss: *0.008* | Acc: *99.908%* (49954/50000) 
Test epoch: 229 | Loss: *0.680* | Acc: *83.440%* (8344/10000)
Train epoch: 230 | Loss: *0.004* | Acc: *99.972%* (49986/50000) 
Test epoch: 230 | Loss: *0.651* | Acc: *84.010%* (8401/10000)
Train epoch: 231 | Loss: *0.003* | Acc: *99.992%* (49996/50000) 
Test epoch: 231 | Loss: *0.676* | Acc: *84.030%* (8403/10000)
Train epoch: 232 | Loss: *0.002* | Acc: *100.000%* (50000/50000) 
Test epoch: 232 | Loss: *0.658* | Acc: *84.420%* (8442/10000)
Train epoch: 233 | Loss: *0.008* | Acc: *99.822%* (49911/50000) 
Test epoch: 233 | Loss: *0.820* | Acc: *79.850%* (7985/10000)
Train epoch: 234 | Loss: *0.032* | Acc: *99.150%* (49575/50000) 
Test epoch: 234 | Loss: *0.680* | Acc: *83.500%* (8350/10000)
Train epoch: 235 | Loss: *0.010* | Acc: *99.814%* (49907/50000) 
Test epoch: 235 | Loss: *0.670* | Acc: *83.990%* (8399/10000)
Train epoch: 236 | Loss: *0.007* | Acc: *99.882%* (49941/50000) 
Test epoch: 236 | Loss: *0.735* | Acc: *83.420%* (8342/10000)
Train epoch: 237 | Loss: *0.009* | Acc: *99.826%* (49913/50000) 
Test epoch: 237 | Loss: *0.799* | Acc: *82.240%* (8224/10000)
Train epoch: 238 | Loss: *0.014* | Acc: *99.674%* (49837/50000) 
Test epoch: 238 | Loss: *0.732* | Acc: *82.590%* (8259/10000)
Train epoch: 239 | Loss: *0.017* | Acc: *99.582%* (49791/50000) 
Test epoch: 239 | Loss: *0.705* | Acc: *82.860%* (8286/10000)
Train epoch: 240 | Loss: *0.013* | Acc: *99.698%* (49849/50000) 
Test epoch: 240 | Loss: *0.725* | Acc: *82.950%* (8295/10000)
Train epoch: 241 | Loss: *0.013* | Acc: *99.678%* (49839/50000) 
Test epoch: 241 | Loss: *0.827* | Acc: *81.330%* (8133/10000)
Train epoch: 242 | Loss: *0.020* | Acc: *99.456%* (49728/50000) 
Test epoch: 242 | Loss: *0.697* | Acc: *83.620%* (8362/10000)
Train epoch: 243 | Loss: *0.018* | Acc: *99.546%* (49773/50000) 
Test epoch: 243 | Loss: *0.742* | Acc: *82.410%* (8241/10000)
Train epoch: 244 | Loss: *0.019* | Acc: *99.538%* (49769/50000) 
Test epoch: 244 | Loss: *0.706* | Acc: *83.150%* (8315/10000)
Train epoch: 245 | Loss: *0.018* | Acc: *99.522%* (49761/50000) 
Test epoch: 245 | Loss: *0.832* | Acc: *81.120%* (8112/10000)
Train epoch: 246 | Loss: *0.019* | Acc: *99.486%* (49743/50000) 
Test epoch: 246 | Loss: *0.836* | Acc: *81.140%* (8114/10000)
Train epoch: 247 | Loss: *0.019* | Acc: *99.492%* (49746/50000) 
Test epoch: 247 | Loss: *0.735* | Acc: *82.880%* (8288/10000)
Train epoch: 248 | Loss: *0.021* | Acc: *99.410%* (49705/50000) 
Test epoch: 248 | Loss: *0.723* | Acc: *82.480%* (8248/10000)
Train epoch: 249 | Loss: *0.022* | Acc: *99.348%* (49674/50000) 
Test epoch: 249 | Loss: *0.725* | Acc: *82.490%* (8249/10000)
Train epoch: 250 | Loss: *0.026* | Acc: *99.226%* (49613/50000) 
Test epoch: 250 | Loss: *0.703* | Acc: *83.230%* (8323/10000)
Train epoch: 251 | Loss: *0.023* | Acc: *99.314%* (49657/50000) 
Test epoch: 251 | Loss: *0.763* | Acc: *82.340%* (8234/10000)
Train epoch: 252 | Loss: *0.025* | Acc: *99.306%* (49653/50000) 
Test epoch: 252 | Loss: *0.722* | Acc: *82.710%* (8271/10000)
Train epoch: 253 | Loss: *0.022* | Acc: *99.404%* (49702/50000) 
Test epoch: 253 | Loss: *0.819* | Acc: *81.260%* (8126/10000)
Train epoch: 254 | Loss: *0.031* | Acc: *99.090%* (49545/50000) 
Test epoch: 254 | Loss: *0.745* | Acc: *82.420%* (8242/10000)
Train epoch: 255 | Loss: *0.026* | Acc: *99.230%* (49615/50000) 
Test epoch: 255 | Loss: *0.778* | Acc: *82.170%* (8217/10000)
Train epoch: 256 | Loss: *0.027* | Acc: *99.206%* (49603/50000) 
Test epoch: 256 | Loss: *0.762* | Acc: *82.360%* (8236/10000)
Train epoch: 257 | Loss: *0.028* | Acc: *99.146%* (49573/50000) 
Test epoch: 257 | Loss: *0.770* | Acc: *82.240%* (8224/10000)
Train epoch: 258 | Loss: *0.026* | Acc: *99.178%* (49589/50000) 
Test epoch: 258 | Loss: *0.806* | Acc: *81.760%* (8176/10000)
Train epoch: 259 | Loss: *0.033* | Acc: *99.016%* (49508/50000) 
Test epoch: 259 | Loss: *0.778* | Acc: *81.840%* (8184/10000)
Train epoch: 260 | Loss: *0.030* | Acc: *99.122%* (49561/50000) 
Test epoch: 260 | Loss: *0.816* | Acc: *80.890%* (8089/10000)
Train epoch: 261 | Loss: *0.027* | Acc: *99.162%* (49581/50000) 
Test epoch: 261 | Loss: *0.761* | Acc: *82.300%* (8230/10000)
Train epoch: 262 | Loss: *0.037* | Acc: *98.834%* (49417/50000) 
Test epoch: 262 | Loss: *0.746* | Acc: *82.600%* (8260/10000)
Train epoch: 263 | Loss: *0.033* | Acc: *99.002%* (49501/50000) 
Test epoch: 263 | Loss: *0.758* | Acc: *82.300%* (8230/10000)
Train epoch: 264 | Loss: *0.027* | Acc: *99.166%* (49583/50000) 
Test epoch: 264 | Loss: *0.806* | Acc: *81.700%* (8170/10000)
Train epoch: 265 | Loss: *0.037* | Acc: *98.836%* (49418/50000) 
Test epoch: 265 | Loss: *0.781* | Acc: *81.920%* (8192/10000)
Train epoch: 266 | Loss: *0.036* | Acc: *98.942%* (49471/50000) 
Test epoch: 266 | Loss: *0.847* | Acc: *80.120%* (8012/10000)
Train epoch: 267 | Loss: *0.036* | Acc: *98.898%* (49449/50000) 
Test epoch: 267 | Loss: *0.739* | Acc: *82.220%* (8222/10000)
Train epoch: 268 | Loss: *0.035* | Acc: *98.914%* (49457/50000) 
Test epoch: 268 | Loss: *0.742* | Acc: *82.180%* (8218/10000)
Train epoch: 269 | Loss: *0.033* | Acc: *99.008%* (49504/50000) 
Test epoch: 269 | Loss: *0.724* | Acc: *82.810%* (8281/10000)
Train epoch: 270 | Loss: *0.032* | Acc: *99.040%* (49520/50000) 
Test epoch: 270 | Loss: *0.982* | Acc: *78.570%* (7857/10000)
Train epoch: 271 | Loss: *0.043* | Acc: *98.668%* (49334/50000) 
Test epoch: 271 | Loss: *0.799* | Acc: *81.840%* (8184/10000)
Train epoch: 272 | Loss: *0.045* | Acc: *98.622%* (49311/50000) 
Test epoch: 272 | Loss: *0.699* | Acc: *82.270%* (8227/10000)
Train epoch: 273 | Loss: *0.034* | Acc: *98.950%* (49475/50000) 
Test epoch: 273 | Loss: *0.713* | Acc: *83.300%* (8330/10000)
Train epoch: 274 | Loss: *0.028* | Acc: *99.198%* (49599/50000) 
Test epoch: 274 | Loss: *0.790* | Acc: *81.830%* (8183/10000)
Train epoch: 275 | Loss: *0.041* | Acc: *98.720%* (49360/50000) 
Test epoch: 275 | Loss: *0.722* | Acc: *82.570%* (8257/10000)
Train epoch: 276 | Loss: *0.042* | Acc: *98.656%* (49328/50000) 
Test epoch: 276 | Loss: *0.821* | Acc: *80.640%* (8064/10000)
Train epoch: 277 | Loss: *0.042* | Acc: *98.720%* (49360/50000) 
Test epoch: 277 | Loss: *0.808* | Acc: *81.050%* (8105/10000)
Train epoch: 278 | Loss: *0.046* | Acc: *98.578%* (49289/50000) 
Test epoch: 278 | Loss: *0.726* | Acc: *82.650%* (8265/10000)
Train epoch: 279 | Loss: *0.038* | Acc: *98.802%* (49401/50000) 
Test epoch: 279 | Loss: *0.720* | Acc: *82.430%* (8243/10000)
Train epoch: 280 | Loss: *0.039* | Acc: *98.780%* (49390/50000) 
Test epoch: 280 | Loss: *0.715* | Acc: *82.890%* (8289/10000)
Train epoch: 281 | Loss: *0.043* | Acc: *98.674%* (49337/50000) 
Test epoch: 281 | Loss: *0.735* | Acc: *82.660%* (8266/10000)
Train epoch: 282 | Loss: *0.042* | Acc: *98.738%* (49369/50000) 
Test epoch: 282 | Loss: *0.706* | Acc: *83.010%* (8301/10000)
Train epoch: 283 | Loss: *0.042* | Acc: *98.696%* (49348/50000) 
Test epoch: 283 | Loss: *0.737* | Acc: *82.540%* (8254/10000)
Train epoch: 284 | Loss: *0.038* | Acc: *98.868%* (49434/50000) 
Test epoch: 284 | Loss: *0.764* | Acc: *82.070%* (8207/10000)
Train epoch: 285 | Loss: *0.047* | Acc: *98.498%* (49249/50000) 
Test epoch: 285 | Loss: *1.003* | Acc: *77.630%* (7763/10000)
Train epoch: 286 | Loss: *0.053* | Acc: *98.310%* (49155/50000) 
Test epoch: 286 | Loss: *0.730* | Acc: *82.190%* (8219/10000)
Train epoch: 287 | Loss: *0.041* | Acc: *98.748%* (49374/50000) 
Test epoch: 287 | Loss: *0.914* | Acc: *79.070%* (7907/10000)
Train epoch: 288 | Loss: *0.043* | Acc: *98.618%* (49309/50000) 
Test epoch: 288 | Loss: *0.714* | Acc: *82.240%* (8224/10000)
Train epoch: 289 | Loss: *0.048* | Acc: *98.494%* (49247/50000) 
Test epoch: 289 | Loss: *0.806* | Acc: *80.540%* (8054/10000)
Train epoch: 290 | Loss: *0.049* | Acc: *98.444%* (49222/50000) 
Test epoch: 290 | Loss: *0.847* | Acc: *79.800%* (7980/10000)
Train epoch: 291 | Loss: *0.045* | Acc: *98.554%* (49277/50000) 
Test epoch: 291 | Loss: *0.796* | Acc: *81.210%* (8121/10000)
Train epoch: 292 | Loss: *0.047* | Acc: *98.464%* (49232/50000) 
Test epoch: 292 | Loss: *0.752* | Acc: *81.790%* (8179/10000)
Train epoch: 293 | Loss: *0.055* | Acc: *98.284%* (49142/50000) 
Test epoch: 293 | Loss: *0.700* | Acc: *82.300%* (8230/10000)
Train epoch: 294 | Loss: *0.048* | Acc: *98.434%* (49217/50000) 
Test epoch: 294 | Loss: *0.825* | Acc: *80.100%* (8010/10000)
Train epoch: 295 | Loss: *0.047* | Acc: *98.570%* (49285/50000) 
Test epoch: 295 | Loss: *0.823* | Acc: *80.400%* (8040/10000)
Train epoch: 296 | Loss: *0.051* | Acc: *98.420%* (49210/50000) 
Test epoch: 296 | Loss: *0.737* | Acc: *82.470%* (8247/10000)
Train epoch: 297 | Loss: *0.047* | Acc: *98.476%* (49238/50000) 
Test epoch: 297 | Loss: *0.844* | Acc: *80.240%* (8024/10000)
Train epoch: 298 | Loss: *0.048* | Acc: *98.480%* (49240/50000) 
Test epoch: 298 | Loss: *0.717* | Acc: *82.340%* (8234/10000)
Train epoch: 299 | Loss: *0.051* | Acc: *98.372%* (49186/50000) 
Test epoch: 299 | Loss: *0.802* | Acc: *80.130%* (8013/10000)
Train epoch: 300 | Loss: *0.052* | Acc: *98.338%* (49169/50000) 
Test epoch: 300 | Loss: *0.907* | Acc: *78.820%* (7882/10000)
Train epoch: 301 | Loss: *0.055* | Acc: *98.222%* (49111/50000) 
Test epoch: 301 | Loss: *0.871* | Acc: *79.970%* (7997/10000)
Train epoch: 302 | Loss: *0.055* | Acc: *98.182%* (49091/50000) 
Test epoch: 302 | Loss: *0.757* | Acc: *81.890%* (8189/10000)
Train epoch: 303 | Loss: *0.049* | Acc: *98.482%* (49241/50000) 
Test epoch: 303 | Loss: *0.918* | Acc: *78.240%* (7824/10000)
Train epoch: 304 | Loss: *0.052* | Acc: *98.342%* (49171/50000) 
Test epoch: 304 | Loss: *1.013* | Acc: *77.770%* (7777/10000)
Train epoch: 305 | Loss: *0.061* | Acc: *97.978%* (48989/50000) 
Test epoch: 305 | Loss: *0.775* | Acc: *81.080%* (8108/10000)
Train epoch: 306 | Loss: *0.049* | Acc: *98.440%* (49220/50000) 
Test epoch: 306 | Loss: *0.755* | Acc: *81.370%* (8137/10000)
Train epoch: 307 | Loss: *0.062* | Acc: *98.056%* (49028/50000) 
Test epoch: 307 | Loss: *0.897* | Acc: *79.270%* (7927/10000)
Train epoch: 308 | Loss: *0.053* | Acc: *98.342%* (49171/50000) 
Test epoch: 308 | Loss: *0.737* | Acc: *81.780%* (8178/10000)
Train epoch: 309 | Loss: *0.052* | Acc: *98.376%* (49188/50000) 
Test epoch: 309 | Loss: *0.902* | Acc: *79.010%* (7901/10000)
Train epoch: 310 | Loss: *0.059* | Acc: *98.138%* (49069/50000) 
Test epoch: 310 | Loss: *0.870* | Acc: *79.330%* (7933/10000)
Train epoch: 311 | Loss: *0.060* | Acc: *98.072%* (49036/50000) 
Test epoch: 311 | Loss: *0.771* | Acc: *81.390%* (8139/10000)
Train epoch: 312 | Loss: *0.068* | Acc: *97.786%* (48893/50000) 
Test epoch: 312 | Loss: *0.893* | Acc: *78.020%* (7802/10000)
Train epoch: 313 | Loss: *0.056* | Acc: *98.230%* (49115/50000) 
Test epoch: 313 | Loss: *0.894* | Acc: *78.550%* (7855/10000)
Train epoch: 314 | Loss: *0.057* | Acc: *98.178%* (49089/50000) 
Test epoch: 314 | Loss: *0.992* | Acc: *76.510%* (7651/10000)
Train epoch: 315 | Loss: *0.062* | Acc: *98.046%* (49023/50000) 
Test epoch: 315 | Loss: *0.699* | Acc: *81.910%* (8191/10000)
Train epoch: 316 | Loss: *0.055* | Acc: *98.204%* (49102/50000) 
Test epoch: 316 | Loss: *0.789* | Acc: *80.160%* (8016/10000)
Train epoch: 317 | Loss: *0.069* | Acc: *97.752%* (48876/50000) 
Test epoch: 317 | Loss: *0.866* | Acc: *78.780%* (7878/10000)
Train epoch: 318 | Loss: *0.062* | Acc: *98.020%* (49010/50000) 
Test epoch: 318 | Loss: *0.750* | Acc: *81.900%* (8190/10000)
Train epoch: 319 | Loss: *0.060* | Acc: *98.084%* (49042/50000) 
Test epoch: 319 | Loss: *0.919* | Acc: *77.700%* (7770/10000)
Train epoch: 320 | Loss: *0.072* | Acc: *97.668%* (48834/50000) 
Test epoch: 320 | Loss: *0.778* | Acc: *81.110%* (8111/10000)
Train epoch: 321 | Loss: *0.061* | Acc: *98.040%* (49020/50000) 
Test epoch: 321 | Loss: *0.816* | Acc: *79.890%* (7989/10000)
Train epoch: 322 | Loss: *0.066* | Acc: *97.792%* (48896/50000) 
Test epoch: 322 | Loss: *0.868* | Acc: *79.430%* (7943/10000)
Train epoch: 323 | Loss: *0.062* | Acc: *98.020%* (49010/50000) 
Test epoch: 323 | Loss: *0.964* | Acc: *77.720%* (7772/10000)
Train epoch: 324 | Loss: *0.070* | Acc: *97.750%* (48875/50000) 
Test epoch: 324 | Loss: *0.893* | Acc: *78.850%* (7885/10000)
Train epoch: 325 | Loss: *0.071* | Acc: *97.674%* (48837/50000) 
Test epoch: 325 | Loss: *0.746* | Acc: *81.280%* (8128/10000)
Train epoch: 326 | Loss: *0.067* | Acc: *97.856%* (48928/50000) 
Test epoch: 326 | Loss: *0.717* | Acc: *82.160%* (8216/10000)
Train epoch: 327 | Loss: *0.068* | Acc: *97.780%* (48890/50000) 
Test epoch: 327 | Loss: *0.735* | Acc: *81.900%* (8190/10000)
Train epoch: 328 | Loss: *0.064* | Acc: *97.976%* (48988/50000) 
Test epoch: 328 | Loss: *0.753* | Acc: *81.450%* (8145/10000)
Train epoch: 329 | Loss: *0.067* | Acc: *97.734%* (48867/50000) 
Test epoch: 329 | Loss: *0.807* | Acc: *80.090%* (8009/10000)
Train epoch: 330 | Loss: *0.073* | Acc: *97.536%* (48768/50000) 
Test epoch: 330 | Loss: *0.852* | Acc: *79.260%* (7926/10000)
Train epoch: 331 | Loss: *0.068* | Acc: *97.814%* (48907/50000) 
Test epoch: 331 | Loss: *0.726* | Acc: *81.280%* (8128/10000)
Train epoch: 332 | Loss: *0.070* | Acc: *97.726%* (48863/50000) 
Test epoch: 332 | Loss: *0.741* | Acc: *81.380%* (8138/10000)
Train epoch: 333 | Loss: *0.069* | Acc: *97.690%* (48845/50000) 
Test epoch: 333 | Loss: *0.684* | Acc: *82.220%* (8222/10000)
Train epoch: 334 | Loss: *0.072* | Acc: *97.618%* (48809/50000) 
Test epoch: 334 | Loss: *0.748* | Acc: *80.850%* (8085/10000)
Train epoch: 335 | Loss: *0.076* | Acc: *97.514%* (48757/50000) 
Test epoch: 335 | Loss: *0.809* | Acc: *79.340%* (7934/10000)
Train epoch: 336 | Loss: *0.066* | Acc: *97.948%* (48974/50000) 
Test epoch: 336 | Loss: *0.844* | Acc: *79.270%* (7927/10000)
Train epoch: 337 | Loss: *0.077* | Acc: *97.504%* (48752/50000) 
Test epoch: 337 | Loss: *0.754* | Acc: *81.660%* (8166/10000)
Train epoch: 338 | Loss: *0.069* | Acc: *97.736%* (48868/50000) 
Test epoch: 338 | Loss: *0.930* | Acc: *76.840%* (7684/10000)
Train epoch: 339 | Loss: *0.073* | Acc: *97.648%* (48824/50000) 
Test epoch: 339 | Loss: *0.757* | Acc: *80.720%* (8072/10000)
Train epoch: 340 | Loss: *0.074* | Acc: *97.578%* (48789/50000) 
Test epoch: 340 | Loss: *0.939* | Acc: *78.130%* (7813/10000)
Train epoch: 341 | Loss: *0.076* | Acc: *97.490%* (48745/50000) 
Test epoch: 341 | Loss: *0.815* | Acc: *79.470%* (7947/10000)
Train epoch: 342 | Loss: *0.079* | Acc: *97.372%* (48686/50000) 
Test epoch: 342 | Loss: *0.884* | Acc: *78.420%* (7842/10000)
Train epoch: 343 | Loss: *0.073* | Acc: *97.650%* (48825/50000) 
Test epoch: 343 | Loss: *0.842* | Acc: *80.410%* (8041/10000)
Train epoch: 344 | Loss: *0.079* | Acc: *97.416%* (48708/50000) 
Test epoch: 344 | Loss: *0.906* | Acc: *77.720%* (7772/10000)
Train epoch: 345 | Loss: *0.079* | Acc: *97.354%* (48677/50000) 
Test epoch: 345 | Loss: *0.851* | Acc: *78.400%* (7840/10000)
Train epoch: 346 | Loss: *0.070* | Acc: *97.716%* (48858/50000) 
Test epoch: 346 | Loss: *0.831* | Acc: *79.710%* (7971/10000)
Train epoch: 347 | Loss: *0.079* | Acc: *97.428%* (48714/50000) 
Test epoch: 347 | Loss: *0.909* | Acc: *78.130%* (7813/10000)
Train epoch: 348 | Loss: *0.077* | Acc: *97.506%* (48753/50000) 
Test epoch: 348 | Loss: *0.923* | Acc: *76.700%* (7670/10000)
Train epoch: 349 | Loss: *0.079* | Acc: *97.390%* (48695/50000) 
Test epoch: 349 | Loss: *0.886* | Acc: *78.160%* (7816/10000)
Train epoch: 350 | Loss: *0.078* | Acc: *97.482%* (48741/50000) 
Test epoch: 350 | Loss: *1.008* | Acc: *76.730%* (7673/10000)
Train epoch: 351 | Loss: *0.081* | Acc: *97.346%* (48673/50000) 
Test epoch: 351 | Loss: *0.802* | Acc: *80.090%* (8009/10000)
Train epoch: 352 | Loss: *0.077* | Acc: *97.454%* (48727/50000) 
Test epoch: 352 | Loss: *0.714* | Acc: *81.210%* (8121/10000)
Train epoch: 353 | Loss: *0.075* | Acc: *97.516%* (48758/50000) 
Test epoch: 353 | Loss: *1.019* | Acc: *75.170%* (7517/10000)
Train epoch: 354 | Loss: *0.090* | Acc: *97.050%* (48525/50000) 
Test epoch: 354 | Loss: *0.894* | Acc: *78.170%* (7817/10000)
Train epoch: 355 | Loss: *0.079* | Acc: *97.348%* (48674/50000) 
Test epoch: 355 | Loss: *0.715* | Acc: *81.110%* (8111/10000)
Train epoch: 356 | Loss: *0.085* | Acc: *97.202%* (48601/50000) 
Test epoch: 356 | Loss: *0.717* | Acc: *81.060%* (8106/10000)
Train epoch: 357 | Loss: *0.076* | Acc: *97.464%* (48732/50000) 
Test epoch: 357 | Loss: *0.922* | Acc: *77.220%* (7722/10000)
Train epoch: 358 | Loss: *0.084* | Acc: *97.180%* (48590/50000) 
Test epoch: 358 | Loss: *0.821* | Acc: *79.760%* (7976/10000)
Train epoch: 359 | Loss: *0.082* | Acc: *97.308%* (48654/50000) 
Test epoch: 359 | Loss: *0.776* | Acc: *80.540%* (8054/10000)
Train epoch: 360 | Loss: *0.083* | Acc: *97.206%* (48603/50000) 
Test epoch: 360 | Loss: *0.775* | Acc: *80.260%* (8026/10000)
Train epoch: 361 | Loss: *0.082* | Acc: *97.252%* (48626/50000) 
Test epoch: 361 | Loss: *1.063* | Acc: *75.880%* (7588/10000)
Train epoch: 362 | Loss: *0.087* | Acc: *97.138%* (48569/50000) 
Test epoch: 362 | Loss: *0.900* | Acc: *78.550%* (7855/10000)
Train epoch: 363 | Loss: *0.083* | Acc: *97.250%* (48625/50000) 
Test epoch: 363 | Loss: *0.696* | Acc: *81.860%* (8186/10000)
Train epoch: 364 | Loss: *0.080* | Acc: *97.380%* (48690/50000) 
Test epoch: 364 | Loss: *0.777* | Acc: *80.020%* (8002/10000)
Train epoch: 365 | Loss: *0.082* | Acc: *97.220%* (48610/50000) 
Test epoch: 365 | Loss: *0.834* | Acc: *79.690%* (7969/10000)
Train epoch: 366 | Loss: *0.087* | Acc: *97.202%* (48601/50000) 
Test epoch: 366 | Loss: *0.813* | Acc: *79.640%* (7964/10000)
Train epoch: 367 | Loss: *0.086* | Acc: *97.226%* (48613/50000) 
Test epoch: 367 | Loss: *0.745* | Acc: *81.690%* (8169/10000)
Train epoch: 368 | Loss: *0.089* | Acc: *97.116%* (48558/50000) 
Test epoch: 368 | Loss: *1.009* | Acc: *76.240%* (7624/10000)
Train epoch: 369 | Loss: *0.081* | Acc: *97.352%* (48676/50000) 
Test epoch: 369 | Loss: *0.872* | Acc: *77.830%* (7783/10000)
Train epoch: 370 | Loss: *0.093* | Acc: *96.982%* (48491/50000) 
Test epoch: 370 | Loss: *0.866* | Acc: *79.090%* (7909/10000)
Train epoch: 371 | Loss: *0.085* | Acc: *97.174%* (48587/50000) 
Test epoch: 371 | Loss: *0.879* | Acc: *79.060%* (7906/10000)
Train epoch: 372 | Loss: *0.081* | Acc: *97.320%* (48660/50000) 
Test epoch: 372 | Loss: *0.750* | Acc: *80.520%* (8052/10000)
Train epoch: 373 | Loss: *0.096* | Acc: *96.778%* (48389/50000) 
Test epoch: 373 | Loss: *0.869* | Acc: *78.720%* (7872/10000)
Train epoch: 374 | Loss: *0.074* | Acc: *97.550%* (48775/50000) 
Test epoch: 374 | Loss: *0.993* | Acc: *76.500%* (7650/10000)
Train epoch: 375 | Loss: *0.088* | Acc: *97.170%* (48585/50000) 
Test epoch: 375 | Loss: *0.830* | Acc: *78.770%* (7877/10000)
Train epoch: 376 | Loss: *0.091* | Acc: *97.056%* (48528/50000) 
Test epoch: 376 | Loss: *0.791* | Acc: *79.140%* (7914/10000)
Train epoch: 377 | Loss: *0.084* | Acc: *97.274%* (48637/50000) 
Test epoch: 377 | Loss: *0.785* | Acc: *80.320%* (8032/10000)
Train epoch: 378 | Loss: *0.088* | Acc: *97.090%* (48545/50000) 
Test epoch: 378 | Loss: *0.847* | Acc: *79.080%* (7908/10000)
Train epoch: 379 | Loss: *0.087* | Acc: *97.106%* (48553/50000) 
Test epoch: 379 | Loss: *1.028* | Acc: *75.610%* (7561/10000)
Train epoch: 380 | Loss: *0.089* | Acc: *97.090%* (48545/50000) 
Test epoch: 380 | Loss: *0.780* | Acc: *79.860%* (7986/10000)
Train epoch: 381 | Loss: *0.086* | Acc: *97.196%* (48598/50000) 
Test epoch: 381 | Loss: *0.805* | Acc: *79.100%* (7910/10000)
Train epoch: 382 | Loss: *0.089* | Acc: *97.146%* (48573/50000) 
Test epoch: 382 | Loss: *0.761* | Acc: *80.310%* (8031/10000)
Train epoch: 383 | Loss: *0.086* | Acc: *97.180%* (48590/50000) 
Test epoch: 383 | Loss: *0.928* | Acc: *78.130%* (7813/10000)
Train epoch: 384 | Loss: *0.092* | Acc: *97.020%* (48510/50000) 
Test epoch: 384 | Loss: *0.986* | Acc: *76.280%* (7628/10000)
Train epoch: 385 | Loss: *0.089* | Acc: *97.078%* (48539/50000) 
Test epoch: 385 | Loss: *0.892* | Acc: *78.260%* (7826/10000)
Train epoch: 386 | Loss: *0.086* | Acc: *97.156%* (48578/50000) 
Test epoch: 386 | Loss: *0.849* | Acc: *79.050%* (7905/10000)
Train epoch: 387 | Loss: *0.089* | Acc: *97.064%* (48532/50000) 
Test epoch: 387 | Loss: *0.799* | Acc: *79.830%* (7983/10000)
Train epoch: 388 | Loss: *0.089* | Acc: *97.070%* (48535/50000) 
Test epoch: 388 | Loss: *0.906* | Acc: *78.280%* (7828/10000)
Train epoch: 389 | Loss: *0.089* | Acc: *97.042%* (48521/50000) 
Test epoch: 389 | Loss: *0.812* | Acc: *79.160%* (7916/10000)
Train epoch: 390 | Loss: *0.087* | Acc: *97.154%* (48577/50000) 
Test epoch: 390 | Loss: *0.897* | Acc: *77.480%* (7748/10000)
Train epoch: 391 | Loss: *0.096* | Acc: *96.792%* (48396/50000) 
Test epoch: 391 | Loss: *0.833* | Acc: *78.770%* (7877/10000)
Train epoch: 392 | Loss: *0.079* | Acc: *97.454%* (48727/50000) 
Test epoch: 392 | Loss: *0.778* | Acc: *79.830%* (7983/10000)
Train epoch: 393 | Loss: *0.093* | Acc: *96.864%* (48432/50000) 
Test epoch: 393 | Loss: *0.820* | Acc: *78.910%* (7891/10000)
Train epoch: 394 | Loss: *0.093* | Acc: *96.944%* (48472/50000) 
Test epoch: 394 | Loss: *0.770* | Acc: *79.310%* (7931/10000)
Train epoch: 395 | Loss: *0.081* | Acc: *97.288%* (48644/50000) 
Test epoch: 395 | Loss: *0.735* | Acc: *80.560%* (8056/10000)
Train epoch: 396 | Loss: *0.090* | Acc: *96.952%* (48476/50000) 
Test epoch: 396 | Loss: *0.761* | Acc: *80.450%* (8045/10000)
Train epoch: 397 | Loss: *0.089* | Acc: *97.036%* (48518/50000) 
Test epoch: 397 | Loss: *0.748* | Acc: *80.730%* (8073/10000)
Train epoch: 398 | Loss: *0.084* | Acc: *97.230%* (48615/50000) 
Test epoch: 398 | Loss: *0.898* | Acc: *77.190%* (7719/10000)
Train epoch: 399 | Loss: *0.099* | Acc: *96.674%* (48337/50000) 
Test epoch: 399 | Loss: *0.786* | Acc: *79.810%* (7981/10000)
Train epoch: 400 | Loss: *0.085* | Acc: *97.200%* (48600/50000) 
Test epoch: 400 | Loss: *0.731* | Acc: *81.050%* (8105/10000)
Train epoch: 401 | Loss: *0.087* | Acc: *97.104%* (48552/50000) 
Test epoch: 401 | Loss: *0.829* | Acc: *79.740%* (7974/10000)
Train epoch: 402 | Loss: *0.082* | Acc: *97.286%* (48643/50000) 
Test epoch: 402 | Loss: *0.876* | Acc: *78.170%* (7817/10000)
Train epoch: 403 | Loss: *0.087* | Acc: *97.218%* (48609/50000) 
Test epoch: 403 | Loss: *0.761* | Acc: *80.020%* (8002/10000)
Train epoch: 404 | Loss: *0.086* | Acc: *97.260%* (48630/50000) 
Test epoch: 404 | Loss: *0.736* | Acc: *80.360%* (8036/10000)
Train epoch: 405 | Loss: *0.084* | Acc: *97.240%* (48620/50000) 
Test epoch: 405 | Loss: *1.110* | Acc: *73.510%* (7351/10000)
Train epoch: 406 | Loss: *0.088* | Acc: *97.140%* (48570/50000) 
Test epoch: 406 | Loss: *0.865* | Acc: *78.280%* (7828/10000)
Train epoch: 407 | Loss: *0.088* | Acc: *97.122%* (48561/50000) 
Test epoch: 407 | Loss: *0.843* | Acc: *78.960%* (7896/10000)
Train epoch: 408 | Loss: *0.090* | Acc: *97.016%* (48508/50000) 
Test epoch: 408 | Loss: *0.736* | Acc: *80.490%* (8049/10000)
Train epoch: 409 | Loss: *0.083* | Acc: *97.270%* (48635/50000) 
Test epoch: 409 | Loss: *0.756* | Acc: *81.030%* (8103/10000)
Train epoch: 410 | Loss: *0.081* | Acc: *97.312%* (48656/50000) 
Test epoch: 410 | Loss: *0.883* | Acc: *78.650%* (7865/10000)
Train epoch: 411 | Loss: *0.084* | Acc: *97.176%* (48588/50000) 
Test epoch: 411 | Loss: *0.801* | Acc: *79.810%* (7981/10000)
Train epoch: 412 | Loss: *0.086* | Acc: *97.154%* (48577/50000) 
Test epoch: 412 | Loss: *0.734* | Acc: *80.990%* (8099/10000)
Train epoch: 413 | Loss: *0.085* | Acc: *97.202%* (48601/50000) 
Test epoch: 413 | Loss: *0.786* | Acc: *80.170%* (8017/10000)
Train epoch: 414 | Loss: *0.081* | Acc: *97.342%* (48671/50000) 
Test epoch: 414 | Loss: *0.735* | Acc: *80.690%* (8069/10000)
Train epoch: 415 | Loss: *0.086* | Acc: *97.148%* (48574/50000) 
Test epoch: 415 | Loss: *0.771* | Acc: *79.990%* (7999/10000)
Train epoch: 416 | Loss: *0.083* | Acc: *97.304%* (48652/50000) 
Test epoch: 416 | Loss: *0.743* | Acc: *80.900%* (8090/10000)
Train epoch: 417 | Loss: *0.086* | Acc: *97.160%* (48580/50000) 
Test epoch: 417 | Loss: *0.785* | Acc: *80.330%* (8033/10000)
Train epoch: 418 | Loss: *0.083* | Acc: *97.260%* (48630/50000) 
Test epoch: 418 | Loss: *1.089* | Acc: *74.970%* (7497/10000)
Train epoch: 419 | Loss: *0.076* | Acc: *97.528%* (48764/50000) 
Test epoch: 419 | Loss: *0.787* | Acc: *79.680%* (7968/10000)
Train epoch: 420 | Loss: *0.085* | Acc: *97.182%* (48591/50000) 
Test epoch: 420 | Loss: *0.723* | Acc: *81.050%* (8105/10000)
Train epoch: 421 | Loss: *0.079* | Acc: *97.412%* (48706/50000) 
Test epoch: 421 | Loss: *0.898* | Acc: *77.620%* (7762/10000)
Train epoch: 422 | Loss: *0.084* | Acc: *97.244%* (48622/50000) 
Test epoch: 422 | Loss: *8.027* | Acc: *26.380%* (2638/10000)
Train epoch: 423 | Loss: *0.082* | Acc: *97.348%* (48674/50000) 
Test epoch: 423 | Loss: *0.837* | Acc: *78.740%* (7874/10000)
Train epoch: 424 | Loss: *0.084* | Acc: *97.202%* (48601/50000) 
Test epoch: 424 | Loss: *0.782* | Acc: *79.750%* (7975/10000)
Train epoch: 425 | Loss: *0.082* | Acc: *97.336%* (48668/50000) 
Test epoch: 425 | Loss: *0.794* | Acc: *80.180%* (8018/10000)
Train epoch: 426 | Loss: *0.077* | Acc: *97.496%* (48748/50000) 
Test epoch: 426 | Loss: *0.915* | Acc: *78.070%* (7807/10000)
Train epoch: 427 | Loss: *0.079* | Acc: *97.324%* (48662/50000) 
Test epoch: 427 | Loss: *0.764* | Acc: *81.100%* (8110/10000)
Train epoch: 428 | Loss: *0.078* | Acc: *97.408%* (48704/50000) 
Test epoch: 428 | Loss: *0.711* | Acc: *81.350%* (8135/10000)
Train epoch: 429 | Loss: *0.084* | Acc: *97.212%* (48606/50000) 
Test epoch: 429 | Loss: *0.760* | Acc: *80.520%* (8052/10000)
Train epoch: 430 | Loss: *0.073* | Acc: *97.678%* (48839/50000) 
Test epoch: 430 | Loss: *0.886* | Acc: *78.420%* (7842/10000)
Train epoch: 431 | Loss: *0.077* | Acc: *97.478%* (48739/50000) 
Test epoch: 431 | Loss: *0.791* | Acc: *80.070%* (8007/10000)
Train epoch: 432 | Loss: *0.081* | Acc: *97.336%* (48668/50000) 
Test epoch: 432 | Loss: *0.699* | Acc: *81.750%* (8175/10000)
Train epoch: 433 | Loss: *0.070* | Acc: *97.726%* (48863/50000) 
Test epoch: 433 | Loss: *0.808* | Acc: *80.660%* (8066/10000)
Train epoch: 434 | Loss: *0.085* | Acc: *97.138%* (48569/50000) 
Test epoch: 434 | Loss: *0.742* | Acc: *81.250%* (8125/10000)
Train epoch: 435 | Loss: *0.071* | Acc: *97.672%* (48836/50000) 
Test epoch: 435 | Loss: *0.733* | Acc: *80.970%* (8097/10000)
Train epoch: 436 | Loss: *0.070* | Acc: *97.736%* (48868/50000) 
Test epoch: 436 | Loss: *0.866* | Acc: *79.330%* (7933/10000)
Train epoch: 437 | Loss: *0.081* | Acc: *97.340%* (48670/50000) 
Test epoch: 437 | Loss: *0.791* | Acc: *79.540%* (7954/10000)
Train epoch: 438 | Loss: *0.073* | Acc: *97.670%* (48835/50000) 
Test epoch: 438 | Loss: *0.789* | Acc: *79.880%* (7988/10000)
Train epoch: 439 | Loss: *0.070* | Acc: *97.780%* (48890/50000) 
Test epoch: 439 | Loss: *0.767* | Acc: *80.420%* (8042/10000)
Train epoch: 440 | Loss: *0.070* | Acc: *97.742%* (48871/50000) 
Test epoch: 440 | Loss: *0.810* | Acc: *79.550%* (7955/10000)
Train epoch: 441 | Loss: *0.078* | Acc: *97.428%* (48714/50000) 
Test epoch: 441 | Loss: *0.713* | Acc: *81.610%* (8161/10000)
Train epoch: 442 | Loss: *0.070* | Acc: *97.626%* (48813/50000) 
Test epoch: 442 | Loss: *0.975* | Acc: *78.520%* (7852/10000)
Train epoch: 443 | Loss: *0.074* | Acc: *97.524%* (48762/50000) 
Test epoch: 443 | Loss: *0.838* | Acc: *79.700%* (7970/10000)
Train epoch: 444 | Loss: *0.069* | Acc: *97.682%* (48841/50000) 
Test epoch: 444 | Loss: *0.967* | Acc: *77.750%* (7775/10000)
Train epoch: 445 | Loss: *0.067* | Acc: *97.794%* (48897/50000) 
Test epoch: 445 | Loss: *0.942* | Acc: *77.160%* (7716/10000)
Train epoch: 446 | Loss: *0.072* | Acc: *97.658%* (48829/50000) 
Test epoch: 446 | Loss: *1.061* | Acc: *75.740%* (7574/10000)
Train epoch: 447 | Loss: *0.065* | Acc: *97.904%* (48952/50000) 
Test epoch: 447 | Loss: *0.920* | Acc: *77.830%* (7783/10000)
Train epoch: 448 | Loss: *0.072* | Acc: *97.676%* (48838/50000) 
Test epoch: 448 | Loss: *0.869* | Acc: *79.310%* (7931/10000)
Train epoch: 449 | Loss: *0.057* | Acc: *98.172%* (49086/50000) 
Test epoch: 449 | Loss: *1.120* | Acc: *75.560%* (7556/10000)
Train epoch: 450 | Loss: *0.073* | Acc: *97.588%* (48794/50000) 
Test epoch: 450 | Loss: *0.890* | Acc: *78.470%* (7847/10000)
Train epoch: 451 | Loss: *0.070* | Acc: *97.718%* (48859/50000) 
Test epoch: 451 | Loss: *0.828* | Acc: *80.330%* (8033/10000)
Train epoch: 452 | Loss: *0.063* | Acc: *98.028%* (49014/50000) 
Test epoch: 452 | Loss: *0.883* | Acc: *79.060%* (7906/10000)
Train epoch: 453 | Loss: *0.060* | Acc: *98.056%* (49028/50000) 
Test epoch: 453 | Loss: *0.903* | Acc: *79.020%* (7902/10000)
Train epoch: 454 | Loss: *0.067* | Acc: *97.794%* (48897/50000) 
Test epoch: 454 | Loss: *0.783* | Acc: *81.010%* (8101/10000)
Train epoch: 455 | Loss: *0.062* | Acc: *97.942%* (48971/50000) 
Test epoch: 455 | Loss: *0.879* | Acc: *78.910%* (7891/10000)
Train epoch: 456 | Loss: *0.063* | Acc: *97.904%* (48952/50000) 
Test epoch: 456 | Loss: *0.782* | Acc: *81.080%* (8108/10000)
Train epoch: 457 | Loss: *0.066* | Acc: *97.912%* (48956/50000) 
Test epoch: 457 | Loss: *0.875* | Acc: *79.460%* (7946/10000)
Train epoch: 458 | Loss: *0.057* | Acc: *98.206%* (49103/50000) 
Test epoch: 458 | Loss: *0.790* | Acc: *80.190%* (8019/10000)
Train epoch: 459 | Loss: *0.067* | Acc: *97.874%* (48937/50000) 
Test epoch: 459 | Loss: *0.807* | Acc: *80.230%* (8023/10000)
Train epoch: 460 | Loss: *0.058* | Acc: *98.142%* (49071/50000) 
Test epoch: 460 | Loss: *0.887* | Acc: *79.250%* (7925/10000)
Train epoch: 461 | Loss: *0.059* | Acc: *98.066%* (49033/50000) 
Test epoch: 461 | Loss: *0.786* | Acc: *81.010%* (8101/10000)
Train epoch: 462 | Loss: *0.058* | Acc: *98.152%* (49076/50000) 
Test epoch: 462 | Loss: *0.896* | Acc: *79.100%* (7910/10000)
Train epoch: 463 | Loss: *0.064* | Acc: *97.946%* (48973/50000) 
Test epoch: 463 | Loss: *0.759* | Acc: *81.350%* (8135/10000)
Train epoch: 464 | Loss: *0.055* | Acc: *98.200%* (49100/50000) 
Test epoch: 464 | Loss: *0.841* | Acc: *79.580%* (7958/10000)
Train epoch: 465 | Loss: *0.053* | Acc: *98.358%* (49179/50000) 
Test epoch: 465 | Loss: *0.759* | Acc: *81.400%* (8140/10000)
Train epoch: 466 | Loss: *0.059* | Acc: *98.016%* (49008/50000) 
Test epoch: 466 | Loss: *0.834* | Acc: *80.090%* (8009/10000)
Train epoch: 467 | Loss: *0.052* | Acc: *98.398%* (49199/50000) 
Test epoch: 467 | Loss: *0.784* | Acc: *81.530%* (8153/10000)
Train epoch: 468 | Loss: *0.060* | Acc: *98.106%* (49053/50000) 
Test epoch: 468 | Loss: *0.825* | Acc: *80.640%* (8064/10000)
Train epoch: 469 | Loss: *0.054* | Acc: *98.298%* (49149/50000) 
Test epoch: 469 | Loss: *0.884* | Acc: *79.330%* (7933/10000)
Train epoch: 470 | Loss: *0.052* | Acc: *98.384%* (49192/50000) 
Test epoch: 470 | Loss: *0.861* | Acc: *80.180%* (8018/10000)
Train epoch: 471 | Loss: *0.050* | Acc: *98.472%* (49236/50000) 
Test epoch: 471 | Loss: *0.835* | Acc: *80.300%* (8030/10000)
Train epoch: 472 | Loss: *0.052* | Acc: *98.300%* (49150/50000) 
Test epoch: 472 | Loss: *0.923* | Acc: *79.850%* (7985/10000)
Train epoch: 473 | Loss: *0.056* | Acc: *98.186%* (49093/50000) 
Test epoch: 473 | Loss: *0.787* | Acc: *80.860%* (8086/10000)
Train epoch: 474 | Loss: *0.047* | Acc: *98.564%* (49282/50000) 
Test epoch: 474 | Loss: *0.764* | Acc: *81.360%* (8136/10000)
Train epoch: 475 | Loss: *0.050* | Acc: *98.390%* (49195/50000) 
Test epoch: 475 | Loss: *0.880* | Acc: *80.240%* (8024/10000)
Train epoch: 476 | Loss: *0.057* | Acc: *98.166%* (49083/50000) 
Test epoch: 476 | Loss: *0.902* | Acc: *78.950%* (7895/10000)
Train epoch: 477 | Loss: *0.044* | Acc: *98.612%* (49306/50000) 
Test epoch: 477 | Loss: *0.862* | Acc: *80.330%* (8033/10000)
Train epoch: 478 | Loss: *0.042* | Acc: *98.682%* (49341/50000) 
Test epoch: 478 | Loss: *0.929* | Acc: *79.300%* (7930/10000)
Train epoch: 479 | Loss: *0.054* | Acc: *98.250%* (49125/50000) 
Test epoch: 479 | Loss: *0.871* | Acc: *79.210%* (7921/10000)
Train epoch: 480 | Loss: *0.050* | Acc: *98.372%* (49186/50000) 
Test epoch: 480 | Loss: *0.850* | Acc: *79.430%* (7943/10000)
Train epoch: 481 | Loss: *0.048* | Acc: *98.448%* (49224/50000) 
Test epoch: 481 | Loss: *0.757* | Acc: *82.100%* (8210/10000)
Train epoch: 482 | Loss: *0.040* | Acc: *98.728%* (49364/50000) 
Test epoch: 482 | Loss: *0.771* | Acc: *81.700%* (8170/10000)
Train epoch: 483 | Loss: *0.039* | Acc: *98.792%* (49396/50000) 
Test epoch: 483 | Loss: *0.827* | Acc: *81.090%* (8109/10000)
Train epoch: 484 | Loss: *0.045* | Acc: *98.566%* (49283/50000) 
Test epoch: 484 | Loss: *0.815* | Acc: *80.570%* (8057/10000)
Train epoch: 485 | Loss: *0.045* | Acc: *98.488%* (49244/50000) 
Test epoch: 485 | Loss: *0.808* | Acc: *80.930%* (8093/10000)
Train epoch: 486 | Loss: *0.045* | Acc: *98.648%* (49324/50000) 
Test epoch: 486 | Loss: *0.742* | Acc: *81.880%* (8188/10000)
Train epoch: 487 | Loss: *0.029* | Acc: *99.196%* (49598/50000) 
Test epoch: 487 | Loss: *0.883* | Acc: *80.370%* (8037/10000)
Train epoch: 488 | Loss: *0.043* | Acc: *98.658%* (49329/50000) 
Test epoch: 488 | Loss: *0.834* | Acc: *80.490%* (8049/10000)
Train epoch: 489 | Loss: *0.047* | Acc: *98.530%* (49265/50000) 
Test epoch: 489 | Loss: *0.909* | Acc: *79.270%* (7927/10000)
Train epoch: 490 | Loss: *0.041* | Acc: *98.696%* (49348/50000) 
Test epoch: 490 | Loss: *0.802* | Acc: *81.210%* (8121/10000)
Train epoch: 491 | Loss: *0.032* | Acc: *99.064%* (49532/50000) 
Test epoch: 491 | Loss: *0.954* | Acc: *79.210%* (7921/10000)
Train epoch: 492 | Loss: *0.034* | Acc: *98.966%* (49483/50000) 
Test epoch: 492 | Loss: *0.822* | Acc: *81.380%* (8138/10000)
Train epoch: 493 | Loss: *0.038* | Acc: *98.792%* (49396/50000) 
Test epoch: 493 | Loss: *0.815* | Acc: *80.640%* (8064/10000)
Train epoch: 494 | Loss: *0.035* | Acc: *98.880%* (49440/50000) 
Test epoch: 494 | Loss: *0.872* | Acc: *80.410%* (8041/10000)
Train epoch: 495 | Loss: *0.038* | Acc: *98.772%* (49386/50000) 
Test epoch: 495 | Loss: *0.761* | Acc: *81.720%* (8172/10000)
Train epoch: 496 | Loss: *0.037* | Acc: *98.810%* (49405/50000) 
Test epoch: 496 | Loss: *0.815* | Acc: *80.920%* (8092/10000)
Train epoch: 497 | Loss: *0.033* | Acc: *99.004%* (49502/50000) 
Test epoch: 497 | Loss: *0.817* | Acc: *80.920%* (8092/10000)
Train epoch: 498 | Loss: *0.029* | Acc: *99.112%* (49556/50000) 
Test epoch: 498 | Loss: *0.807* | Acc: *82.080%* (8208/10000)
Train epoch: 499 | Loss: *0.028* | Acc: *99.192%* (49596/50000) 
Test epoch: 499 | Loss: *0.991* | Acc: *79.700%* (7970/10000)
Train epoch: 500 | Loss: *0.035* | Acc: *98.944%* (49472/50000) 
Test epoch: 500 | Loss: *0.785* | Acc: *81.750%* (8175/10000)
Best test accuracy: *85.480%*, loss: *0.6247230795025825*, at epoch: *169*.
==> Execution time summary of 500 epoch(s).
Train data loading time: sum. *285.6639406038448* secs | avg. *0.5713278812076896* secs per epoch.
Train training time: sum. *1477.0717485034838* secs | avg. *2.9541434970069678* secs per epoch.
Train total time: sum. *1762.7356891073287* secs | avg. *3.5254713782146574* secs per epoch.
Test data loading time: sum. *108.27976733725518* secs | avg. *0.21655953467451036* secs per epoch.
Test training time: sum. *66.40189951844513* secs | avg. *0.13280379903689027* secs per epoch.
Test total time: sum. *174.6816668557003* secs | avg. *0.3493633337114006* secs per epoch.
Total data loading time: sum. *393.9437079411* secs | avg. *0.7878874158822* secs per epoch.
Total training time: sum. *1543.473648021929* secs | avg. *3.0869472960438578* secs per epoch.
Total running time: sum. *1937.417355963029* secs | avg. *3.874834711926058* secs per epoch.
==> Number of GPU device: 1
==> Device #0 Memory Usage
==> Allocated: 0.1 GB
==> Cached:    1.6 GB
==> Maximum: 1.6 GB
