==> Running on : cuda
==> Number of CPU: 48
==> Number of workers: 2
==> #Epochs: 500, #Layers: 2, #Blocks: [3, 1], In channel: 128, Input layer conv kernel: 7x7, Residual layer conv kernel 5x5, Skip kernel: 1x1, Input layer conv padding: 3, Residual layer conv padding: 2
==> Optimizer is Adadelta
==> Learning rate: 1.0
==> Weight decay: 0.0005
==>Trainable Parameters: 4972682
==>Other Parameters: 0
==>Augmentation: RandomCrop(32, padding=4), RandomHorizontalFlip(), Normalize((0.4914, 0.4822, 0.4465), (0.2023, 0.1994, 0.2010)
Files already downloaded and verified
Train epoch: 1 | Loss: *1.723* | Acc: *35.280%* (17640/50000) 
Test epoch: 1 | Loss: *1.678* | Acc: *40.070%* (4007/10000)
Train epoch: 2 | Loss: *1.385* | Acc: *49.270%* (24635/50000) 
Test epoch: 2 | Loss: *1.535* | Acc: *46.650%* (4665/10000)
Train epoch: 3 | Loss: *1.187* | Acc: *57.348%* (28674/50000) 
Test epoch: 3 | Loss: *1.530* | Acc: *49.210%* (4921/10000)
Train epoch: 4 | Loss: *1.055* | Acc: *61.930%* (30965/50000) 
Test epoch: 4 | Loss: *1.370* | Acc: *53.620%* (5362/10000)
Train epoch: 5 | Loss: *0.957* | Acc: *66.180%* (33090/50000) 
Test epoch: 5 | Loss: *1.971* | Acc: *45.350%* (4535/10000)
Train epoch: 6 | Loss: *0.874* | Acc: *69.098%* (34549/50000) 
Test epoch: 6 | Loss: *1.312* | Acc: *58.030%* (5803/10000)
Train epoch: 7 | Loss: *0.791* | Acc: *72.182%* (36091/50000) 
Test epoch: 7 | Loss: *1.887* | Acc: *49.660%* (4966/10000)
Train epoch: 8 | Loss: *0.714* | Acc: *75.074%* (37537/50000) 
Test epoch: 8 | Loss: *1.554* | Acc: *59.340%* (5934/10000)
Train epoch: 9 | Loss: *0.660* | Acc: *76.986%* (38493/50000) 
Test epoch: 9 | Loss: *0.939* | Acc: *68.180%* (6818/10000)
Train epoch: 10 | Loss: *0.607* | Acc: *79.072%* (39536/50000) 
Test epoch: 10 | Loss: *0.816* | Acc: *74.220%* (7422/10000)
Train epoch: 11 | Loss: *0.565* | Acc: *80.620%* (40310/50000) 
Test epoch: 11 | Loss: *0.738* | Acc: *75.390%* (7539/10000)
Train epoch: 12 | Loss: *0.531* | Acc: *81.706%* (40853/50000) 
Test epoch: 12 | Loss: *1.278* | Acc: *64.260%* (6426/10000)
Train epoch: 13 | Loss: *0.506* | Acc: *82.582%* (41291/50000) 
Test epoch: 13 | Loss: *0.985* | Acc: *71.510%* (7151/10000)
Train epoch: 14 | Loss: *0.482* | Acc: *83.416%* (41708/50000) 
Test epoch: 14 | Loss: *1.134* | Acc: *68.230%* (6823/10000)
Train epoch: 15 | Loss: *0.457* | Acc: *84.332%* (42166/50000) 
Test epoch: 15 | Loss: *0.836* | Acc: *74.050%* (7405/10000)
Train epoch: 16 | Loss: *0.442* | Acc: *84.728%* (42364/50000) 
Test epoch: 16 | Loss: *0.832* | Acc: *72.450%* (7245/10000)
Train epoch: 17 | Loss: *0.426* | Acc: *85.372%* (42686/50000) 
Test epoch: 17 | Loss: *1.031* | Acc: *70.930%* (7093/10000)
Train epoch: 18 | Loss: *0.410* | Acc: *85.976%* (42988/50000) 
Test epoch: 18 | Loss: *5.370* | Acc: *32.390%* (3239/10000)
Train epoch: 19 | Loss: *0.400* | Acc: *86.206%* (43103/50000) 
Test epoch: 19 | Loss: *1.229* | Acc: *67.560%* (6756/10000)
Train epoch: 20 | Loss: *0.388* | Acc: *86.788%* (43394/50000) 
Test epoch: 20 | Loss: *0.731* | Acc: *77.500%* (7750/10000)
Train epoch: 21 | Loss: *0.378* | Acc: *87.102%* (43551/50000) 
Test epoch: 21 | Loss: *0.840* | Acc: *72.520%* (7252/10000)
Train epoch: 22 | Loss: *0.372* | Acc: *87.314%* (43657/50000) 
Test epoch: 22 | Loss: *0.645* | Acc: *78.560%* (7856/10000)
Train epoch: 23 | Loss: *0.358* | Acc: *87.708%* (43854/50000) 
Test epoch: 23 | Loss: *0.799* | Acc: *75.300%* (7530/10000)
Train epoch: 24 | Loss: *0.353* | Acc: *87.958%* (43979/50000) 
Test epoch: 24 | Loss: *0.681* | Acc: *78.850%* (7885/10000)
Train epoch: 25 | Loss: *0.348* | Acc: *88.090%* (44045/50000) 
Test epoch: 25 | Loss: *1.717* | Acc: *60.030%* (6003/10000)
Train epoch: 26 | Loss: *0.339* | Acc: *88.406%* (44203/50000) 
Test epoch: 26 | Loss: *1.021* | Acc: *71.590%* (7159/10000)
Train epoch: 27 | Loss: *0.338* | Acc: *88.444%* (44222/50000) 
Test epoch: 27 | Loss: *0.924* | Acc: *73.180%* (7318/10000)
Train epoch: 28 | Loss: *0.326* | Acc: *88.732%* (44366/50000) 
Test epoch: 28 | Loss: *0.651* | Acc: *79.990%* (7999/10000)
Train epoch: 29 | Loss: *0.323* | Acc: *89.120%* (44560/50000) 
Test epoch: 29 | Loss: *0.544* | Acc: *82.210%* (8221/10000)
Train epoch: 30 | Loss: *0.317* | Acc: *89.216%* (44608/50000) 
Test epoch: 30 | Loss: *0.657* | Acc: *79.650%* (7965/10000)
Train epoch: 31 | Loss: *0.315* | Acc: *89.042%* (44521/50000) 
Test epoch: 31 | Loss: *0.969* | Acc: *70.100%* (7010/10000)
Train epoch: 32 | Loss: *0.307* | Acc: *89.382%* (44691/50000) 
Test epoch: 32 | Loss: *1.269* | Acc: *69.350%* (6935/10000)
Train epoch: 33 | Loss: *0.300* | Acc: *89.634%* (44817/50000) 
Test epoch: 33 | Loss: *0.932* | Acc: *73.410%* (7341/10000)
Train epoch: 34 | Loss: *0.298* | Acc: *89.788%* (44894/50000) 
Test epoch: 34 | Loss: *0.711* | Acc: *78.670%* (7867/10000)
Train epoch: 35 | Loss: *0.301* | Acc: *89.678%* (44839/50000) 
Test epoch: 35 | Loss: *0.674* | Acc: *78.940%* (7894/10000)
Train epoch: 36 | Loss: *0.290* | Acc: *90.034%* (45017/50000) 
Test epoch: 36 | Loss: *0.642* | Acc: *80.390%* (8039/10000)
Train epoch: 37 | Loss: *0.288* | Acc: *90.074%* (45037/50000) 
Test epoch: 37 | Loss: *0.574* | Acc: *81.850%* (8185/10000)
Train epoch: 38 | Loss: *0.288* | Acc: *90.062%* (45031/50000) 
Test epoch: 38 | Loss: *0.566* | Acc: *81.970%* (8197/10000)
Train epoch: 39 | Loss: *0.277* | Acc: *90.386%* (45193/50000) 
Test epoch: 39 | Loss: *0.446* | Acc: *85.320%* (8532/10000)
Train epoch: 40 | Loss: *0.281* | Acc: *90.320%* (45160/50000) 
Test epoch: 40 | Loss: *1.322* | Acc: *65.700%* (6570/10000)
Train epoch: 41 | Loss: *0.273* | Acc: *90.614%* (45307/50000) 
Test epoch: 41 | Loss: *0.567* | Acc: *81.970%* (8197/10000)
Train epoch: 42 | Loss: *0.274* | Acc: *90.422%* (45211/50000) 
Test epoch: 42 | Loss: *0.600* | Acc: *81.050%* (8105/10000)
Train epoch: 43 | Loss: *0.266* | Acc: *90.758%* (45379/50000) 
Test epoch: 43 | Loss: *0.872* | Acc: *76.820%* (7682/10000)
Train epoch: 44 | Loss: *0.269* | Acc: *90.934%* (45467/50000) 
Test epoch: 44 | Loss: *0.685* | Acc: *80.380%* (8038/10000)
Train epoch: 45 | Loss: *0.260* | Acc: *91.078%* (45539/50000) 
Test epoch: 45 | Loss: *0.599* | Acc: *81.190%* (8119/10000)
Train epoch: 46 | Loss: *0.262* | Acc: *90.948%* (45474/50000) 
Test epoch: 46 | Loss: *0.514* | Acc: *83.820%* (8382/10000)
Train epoch: 47 | Loss: *0.254* | Acc: *91.134%* (45567/50000) 
Test epoch: 47 | Loss: *0.578* | Acc: *82.380%* (8238/10000)
Train epoch: 48 | Loss: *0.257* | Acc: *91.062%* (45531/50000) 
Test epoch: 48 | Loss: *0.644* | Acc: *80.850%* (8085/10000)
Train epoch: 49 | Loss: *0.251* | Acc: *91.254%* (45627/50000) 
Test epoch: 49 | Loss: *0.485* | Acc: *84.030%* (8403/10000)
Train epoch: 50 | Loss: *0.248* | Acc: *91.526%* (45763/50000) 
Test epoch: 50 | Loss: *0.727* | Acc: *79.400%* (7940/10000)
Train epoch: 51 | Loss: *0.246* | Acc: *91.488%* (45744/50000) 
Test epoch: 51 | Loss: *0.486* | Acc: *84.890%* (8489/10000)
Train epoch: 52 | Loss: *0.243* | Acc: *91.544%* (45772/50000) 
Test epoch: 52 | Loss: *0.707* | Acc: *79.680%* (7968/10000)
Train epoch: 53 | Loss: *0.241* | Acc: *91.782%* (45891/50000) 
Test epoch: 53 | Loss: *0.631* | Acc: *80.590%* (8059/10000)
Train epoch: 54 | Loss: *0.238* | Acc: *91.716%* (45858/50000) 
Test epoch: 54 | Loss: *0.534* | Acc: *83.400%* (8340/10000)
Train epoch: 55 | Loss: *0.239* | Acc: *91.776%* (45888/50000) 
Test epoch: 55 | Loss: *0.430* | Acc: *86.270%* (8627/10000)
Train epoch: 56 | Loss: *0.235* | Acc: *91.978%* (45989/50000) 
Test epoch: 56 | Loss: *0.602* | Acc: *82.070%* (8207/10000)
Train epoch: 57 | Loss: *0.232* | Acc: *91.994%* (45997/50000) 
Test epoch: 57 | Loss: *0.540* | Acc: *83.150%* (8315/10000)
Train epoch: 58 | Loss: *0.230* | Acc: *92.164%* (46082/50000) 
Test epoch: 58 | Loss: *1.113* | Acc: *70.490%* (7049/10000)
Train epoch: 59 | Loss: *0.225* | Acc: *92.208%* (46104/50000) 
Test epoch: 59 | Loss: *0.449* | Acc: *85.520%* (8552/10000)
Train epoch: 60 | Loss: *0.225* | Acc: *92.234%* (46117/50000) 
Test epoch: 60 | Loss: *0.552* | Acc: *83.680%* (8368/10000)
Train epoch: 61 | Loss: *0.222* | Acc: *92.368%* (46184/50000) 
Test epoch: 61 | Loss: *1.448* | Acc: *67.390%* (6739/10000)
Train epoch: 62 | Loss: *0.223* | Acc: *92.360%* (46180/50000) 
Test epoch: 62 | Loss: *0.636* | Acc: *80.850%* (8085/10000)
Train epoch: 63 | Loss: *0.219* | Acc: *92.438%* (46219/50000) 
Test epoch: 63 | Loss: *0.482* | Acc: *84.690%* (8469/10000)
Train epoch: 64 | Loss: *0.215* | Acc: *92.588%* (46294/50000) 
Test epoch: 64 | Loss: *1.110* | Acc: *73.780%* (7378/10000)
Train epoch: 65 | Loss: *0.211* | Acc: *92.678%* (46339/50000) 
Test epoch: 65 | Loss: *0.868* | Acc: *76.000%* (7600/10000)
Train epoch: 66 | Loss: *0.211* | Acc: *92.772%* (46386/50000) 
Test epoch: 66 | Loss: *0.494* | Acc: *85.040%* (8504/10000)
Train epoch: 67 | Loss: *0.206* | Acc: *92.818%* (46409/50000) 
Test epoch: 67 | Loss: *0.472* | Acc: *85.320%* (8532/10000)
Train epoch: 68 | Loss: *0.208* | Acc: *92.840%* (46420/50000) 
Test epoch: 68 | Loss: *0.569* | Acc: *83.210%* (8321/10000)
Train epoch: 69 | Loss: *0.203* | Acc: *92.936%* (46468/50000) 
Test epoch: 69 | Loss: *0.594* | Acc: *81.550%* (8155/10000)
Train epoch: 70 | Loss: *0.204* | Acc: *92.950%* (46475/50000) 
Test epoch: 70 | Loss: *0.628* | Acc: *80.690%* (8069/10000)
Train epoch: 71 | Loss: *0.201* | Acc: *93.000%* (46500/50000) 
Test epoch: 71 | Loss: *0.986* | Acc: *74.140%* (7414/10000)
Train epoch: 72 | Loss: *0.195* | Acc: *93.220%* (46610/50000) 
Test epoch: 72 | Loss: *0.916* | Acc: *77.250%* (7725/10000)
Train epoch: 73 | Loss: *0.197* | Acc: *93.144%* (46572/50000) 
Test epoch: 73 | Loss: *0.465* | Acc: *85.450%* (8545/10000)
Train epoch: 74 | Loss: *0.189* | Acc: *93.502%* (46751/50000) 
Test epoch: 74 | Loss: *0.719* | Acc: *79.350%* (7935/10000)
Train epoch: 75 | Loss: *0.191* | Acc: *93.422%* (46711/50000) 
Test epoch: 75 | Loss: *0.439* | Acc: *86.620%* (8662/10000)
Train epoch: 76 | Loss: *0.186* | Acc: *93.762%* (46881/50000) 
Test epoch: 76 | Loss: *0.659* | Acc: *81.590%* (8159/10000)
Train epoch: 77 | Loss: *0.184* | Acc: *93.760%* (46880/50000) 
Test epoch: 77 | Loss: *0.547* | Acc: *83.240%* (8324/10000)
Train epoch: 78 | Loss: *0.181* | Acc: *93.788%* (46894/50000) 
Test epoch: 78 | Loss: *0.414* | Acc: *87.040%* (8704/10000)
Train epoch: 79 | Loss: *0.178* | Acc: *93.862%* (46931/50000) 
Test epoch: 79 | Loss: *0.544* | Acc: *83.010%* (8301/10000)
Train epoch: 80 | Loss: *0.177* | Acc: *93.930%* (46965/50000) 
Test epoch: 80 | Loss: *0.451* | Acc: *86.400%* (8640/10000)
Train epoch: 81 | Loss: *0.175* | Acc: *94.000%* (47000/50000) 
Test epoch: 81 | Loss: *0.550* | Acc: *83.630%* (8363/10000)
Train epoch: 82 | Loss: *0.170* | Acc: *94.168%* (47084/50000) 
Test epoch: 82 | Loss: *0.444* | Acc: *86.400%* (8640/10000)
Train epoch: 83 | Loss: *0.170* | Acc: *94.110%* (47055/50000) 
Test epoch: 83 | Loss: *0.461* | Acc: *86.420%* (8642/10000)
Train epoch: 84 | Loss: *0.167* | Acc: *94.274%* (47137/50000) 
Test epoch: 84 | Loss: *0.478* | Acc: *86.480%* (8648/10000)
Train epoch: 85 | Loss: *0.164* | Acc: *94.446%* (47223/50000) 
Test epoch: 85 | Loss: *0.961* | Acc: *77.470%* (7747/10000)
Train epoch: 86 | Loss: *0.161* | Acc: *94.372%* (47186/50000) 
Test epoch: 86 | Loss: *0.429* | Acc: *86.930%* (8693/10000)
Train epoch: 87 | Loss: *0.160* | Acc: *94.586%* (47293/50000) 
Test epoch: 87 | Loss: *0.484* | Acc: *85.550%* (8555/10000)
Train epoch: 88 | Loss: *0.158* | Acc: *94.650%* (47325/50000) 
Test epoch: 88 | Loss: *0.416* | Acc: *87.440%* (8744/10000)
Train epoch: 89 | Loss: *0.153* | Acc: *94.822%* (47411/50000) 
Test epoch: 89 | Loss: *0.538* | Acc: *84.390%* (8439/10000)
Train epoch: 90 | Loss: *0.151* | Acc: *94.904%* (47452/50000) 
Test epoch: 90 | Loss: *0.532* | Acc: *84.050%* (8405/10000)
Train epoch: 91 | Loss: *0.150* | Acc: *94.842%* (47421/50000) 
Test epoch: 91 | Loss: *0.425* | Acc: *87.250%* (8725/10000)
Train epoch: 92 | Loss: *0.150* | Acc: *94.914%* (47457/50000) 
Test epoch: 92 | Loss: *0.552* | Acc: *83.550%* (8355/10000)
Train epoch: 93 | Loss: *0.146* | Acc: *95.036%* (47518/50000) 
Test epoch: 93 | Loss: *0.693* | Acc: *80.390%* (8039/10000)
Train epoch: 94 | Loss: *0.139* | Acc: *95.232%* (47616/50000) 
Test epoch: 94 | Loss: *0.439* | Acc: *86.640%* (8664/10000)
Train epoch: 95 | Loss: *0.144* | Acc: *95.112%* (47556/50000) 
Test epoch: 95 | Loss: *0.721* | Acc: *81.290%* (8129/10000)
Train epoch: 96 | Loss: *0.136* | Acc: *95.428%* (47714/50000) 
Test epoch: 96 | Loss: *0.331* | Acc: *89.900%* (8990/10000)
Train epoch: 97 | Loss: *0.136* | Acc: *95.364%* (47682/50000) 
Test epoch: 97 | Loss: *0.561* | Acc: *84.750%* (8475/10000)
Train epoch: 98 | Loss: *0.132* | Acc: *95.478%* (47739/50000) 
Test epoch: 98 | Loss: *0.612* | Acc: *82.800%* (8280/10000)
Train epoch: 99 | Loss: *0.130* | Acc: *95.586%* (47793/50000) 
Test epoch: 99 | Loss: *0.593* | Acc: *82.200%* (8220/10000)
Train epoch: 100 | Loss: *0.130* | Acc: *95.582%* (47791/50000) 
Test epoch: 100 | Loss: *0.624* | Acc: *82.670%* (8267/10000)
Train epoch: 101 | Loss: *0.121* | Acc: *95.814%* (47907/50000) 
Test epoch: 101 | Loss: *0.429* | Acc: *87.230%* (8723/10000)
Train epoch: 102 | Loss: *0.124* | Acc: *95.704%* (47852/50000) 
Test epoch: 102 | Loss: *0.460* | Acc: *85.680%* (8568/10000)
Train epoch: 103 | Loss: *0.118* | Acc: *95.996%* (47998/50000) 
Test epoch: 103 | Loss: *0.450* | Acc: *86.680%* (8668/10000)
Train epoch: 104 | Loss: *0.116* | Acc: *96.002%* (48001/50000) 
Test epoch: 104 | Loss: *0.369* | Acc: *89.040%* (8904/10000)
Train epoch: 105 | Loss: *0.111* | Acc: *96.264%* (48132/50000) 
Test epoch: 105 | Loss: *0.404* | Acc: *87.650%* (8765/10000)
Train epoch: 106 | Loss: *0.110* | Acc: *96.316%* (48158/50000) 
Test epoch: 106 | Loss: *0.424* | Acc: *87.800%* (8780/10000)
Train epoch: 107 | Loss: *0.112* | Acc: *96.228%* (48114/50000) 
Test epoch: 107 | Loss: *0.394* | Acc: *88.430%* (8843/10000)
Train epoch: 108 | Loss: *0.101* | Acc: *96.702%* (48351/50000) 
Test epoch: 108 | Loss: *0.584* | Acc: *83.900%* (8390/10000)
Train epoch: 109 | Loss: *0.108* | Acc: *96.286%* (48143/50000) 
Test epoch: 109 | Loss: *0.431* | Acc: *87.580%* (8758/10000)
Train epoch: 110 | Loss: *0.102* | Acc: *96.584%* (48292/50000) 
Test epoch: 110 | Loss: *0.412* | Acc: *87.810%* (8781/10000)
Train epoch: 111 | Loss: *0.100* | Acc: *96.742%* (48371/50000) 
Test epoch: 111 | Loss: *0.879* | Acc: *79.660%* (7966/10000)
Train epoch: 112 | Loss: *0.097* | Acc: *96.768%* (48384/50000) 
Test epoch: 112 | Loss: *0.377* | Acc: *88.790%* (8879/10000)
Train epoch: 113 | Loss: *0.093* | Acc: *96.888%* (48444/50000) 
Test epoch: 113 | Loss: *0.375* | Acc: *89.000%* (8900/10000)
Train epoch: 114 | Loss: *0.091* | Acc: *97.000%* (48500/50000) 
Test epoch: 114 | Loss: *0.366* | Acc: *89.330%* (8933/10000)
Train epoch: 115 | Loss: *0.085* | Acc: *97.266%* (48633/50000) 
Test epoch: 115 | Loss: *0.503* | Acc: *85.780%* (8578/10000)
Train epoch: 116 | Loss: *0.090* | Acc: *96.892%* (48446/50000) 
Test epoch: 116 | Loss: *0.485* | Acc: *86.740%* (8674/10000)
Train epoch: 117 | Loss: *0.082* | Acc: *97.442%* (48721/50000) 
Test epoch: 117 | Loss: *0.501* | Acc: *86.540%* (8654/10000)
Train epoch: 118 | Loss: *0.084* | Acc: *97.292%* (48646/50000) 
Test epoch: 118 | Loss: *0.503* | Acc: *86.690%* (8669/10000)
Train epoch: 119 | Loss: *0.081* | Acc: *97.382%* (48691/50000) 
Test epoch: 119 | Loss: *0.414* | Acc: *88.090%* (8809/10000)
Train epoch: 120 | Loss: *0.074* | Acc: *97.608%* (48804/50000) 
Test epoch: 120 | Loss: *0.399* | Acc: *88.590%* (8859/10000)
Train epoch: 121 | Loss: *0.071* | Acc: *97.732%* (48866/50000) 
Test epoch: 121 | Loss: *0.376* | Acc: *89.300%* (8930/10000)
Train epoch: 122 | Loss: *0.073* | Acc: *97.664%* (48832/50000) 
Test epoch: 122 | Loss: *0.480* | Acc: *86.620%* (8662/10000)
Train epoch: 123 | Loss: *0.065* | Acc: *97.916%* (48958/50000) 
Test epoch: 123 | Loss: *0.377* | Acc: *89.980%* (8998/10000)
Train epoch: 124 | Loss: *0.065* | Acc: *97.908%* (48954/50000) 
Test epoch: 124 | Loss: *0.432* | Acc: *88.120%* (8812/10000)
Train epoch: 125 | Loss: *0.061* | Acc: *98.144%* (49072/50000) 
Test epoch: 125 | Loss: *0.354* | Acc: *89.960%* (8996/10000)
Train epoch: 126 | Loss: *0.062* | Acc: *98.116%* (49058/50000) 
Test epoch: 126 | Loss: *0.411* | Acc: *88.680%* (8868/10000)
Train epoch: 127 | Loss: *0.061* | Acc: *98.168%* (49084/50000) 
Test epoch: 127 | Loss: *0.402* | Acc: *88.620%* (8862/10000)
Train epoch: 128 | Loss: *0.057* | Acc: *98.272%* (49136/50000) 
Test epoch: 128 | Loss: *0.364* | Acc: *89.720%* (8972/10000)
Train epoch: 129 | Loss: *0.056* | Acc: *98.264%* (49132/50000) 
Test epoch: 129 | Loss: *0.387* | Acc: *88.910%* (8891/10000)
Train epoch: 130 | Loss: *0.053* | Acc: *98.376%* (49188/50000) 
Test epoch: 130 | Loss: *0.413* | Acc: *88.570%* (8857/10000)
Train epoch: 131 | Loss: *0.049* | Acc: *98.556%* (49278/50000) 
Test epoch: 131 | Loss: *0.383* | Acc: *89.720%* (8972/10000)
Train epoch: 132 | Loss: *0.047* | Acc: *98.632%* (49316/50000) 
Test epoch: 132 | Loss: *0.422* | Acc: *88.610%* (8861/10000)
Train epoch: 133 | Loss: *0.040* | Acc: *98.862%* (49431/50000) 
Test epoch: 133 | Loss: *0.498* | Acc: *87.510%* (8751/10000)
Train epoch: 134 | Loss: *0.043* | Acc: *98.790%* (49395/50000) 
Test epoch: 134 | Loss: *0.324* | Acc: *90.730%* (9073/10000)
Train epoch: 135 | Loss: *0.045* | Acc: *98.718%* (49359/50000) 
Test epoch: 135 | Loss: *0.347* | Acc: *89.970%* (8997/10000)
Train epoch: 136 | Loss: *0.040* | Acc: *98.884%* (49442/50000) 
Test epoch: 136 | Loss: *0.348* | Acc: *89.860%* (8986/10000)
Train epoch: 137 | Loss: *0.036* | Acc: *99.056%* (49528/50000) 
Test epoch: 137 | Loss: *0.350* | Acc: *90.310%* (9031/10000)
Train epoch: 138 | Loss: *0.031* | Acc: *99.188%* (49594/50000) 
Test epoch: 138 | Loss: *0.328* | Acc: *90.440%* (9044/10000)
Train epoch: 139 | Loss: *0.031* | Acc: *99.208%* (49604/50000) 
Test epoch: 139 | Loss: *0.299* | Acc: *91.750%* (9175/10000)
Train epoch: 140 | Loss: *0.028* | Acc: *99.342%* (49671/50000) 
Test epoch: 140 | Loss: *0.377* | Acc: *89.870%* (8987/10000)
Train epoch: 141 | Loss: *0.027* | Acc: *99.344%* (49672/50000) 
Test epoch: 141 | Loss: *0.316* | Acc: *91.310%* (9131/10000)
Train epoch: 142 | Loss: *0.025* | Acc: *99.396%* (49698/50000) 
Test epoch: 142 | Loss: *0.306* | Acc: *91.120%* (9112/10000)
Train epoch: 143 | Loss: *0.024* | Acc: *99.490%* (49745/50000) 
Test epoch: 143 | Loss: *0.312* | Acc: *91.430%* (9143/10000)
Train epoch: 144 | Loss: *0.019* | Acc: *99.616%* (49808/50000) 
Test epoch: 144 | Loss: *0.289* | Acc: *91.580%* (9158/10000)
Train epoch: 145 | Loss: *0.018* | Acc: *99.650%* (49825/50000) 
Test epoch: 145 | Loss: *0.356* | Acc: *90.970%* (9097/10000)
Train epoch: 146 | Loss: *0.017* | Acc: *99.672%* (49836/50000) 
Test epoch: 146 | Loss: *0.308* | Acc: *91.540%* (9154/10000)
Train epoch: 147 | Loss: *0.014* | Acc: *99.768%* (49884/50000) 
Test epoch: 147 | Loss: *0.304* | Acc: *91.660%* (9166/10000)
Train epoch: 148 | Loss: *0.014* | Acc: *99.782%* (49891/50000) 
Test epoch: 148 | Loss: *0.269* | Acc: *92.430%* (9243/10000)
Train epoch: 149 | Loss: *0.009* | Acc: *99.908%* (49954/50000) 
Test epoch: 149 | Loss: *0.268* | Acc: *92.470%* (9247/10000)
Train epoch: 150 | Loss: *0.009* | Acc: *99.902%* (49951/50000) 
Test epoch: 150 | Loss: *0.283* | Acc: *91.960%* (9196/10000)
Train epoch: 151 | Loss: *0.009* | Acc: *99.930%* (49965/50000) 
Test epoch: 151 | Loss: *0.244* | Acc: *93.090%* (9309/10000)
Train epoch: 152 | Loss: *0.007* | Acc: *99.950%* (49975/50000) 
Test epoch: 152 | Loss: *0.253* | Acc: *92.950%* (9295/10000)
Train epoch: 153 | Loss: *0.007* | Acc: *99.964%* (49982/50000) 
Test epoch: 153 | Loss: *0.242* | Acc: *93.100%* (9310/10000)
Train epoch: 154 | Loss: *0.006* | Acc: *99.970%* (49985/50000) 
Test epoch: 154 | Loss: *0.232* | Acc: *93.160%* (9316/10000)
Train epoch: 155 | Loss: *0.006* | Acc: *99.968%* (49984/50000) 
Test epoch: 155 | Loss: *0.241* | Acc: *92.850%* (9285/10000)
Train epoch: 156 | Loss: *0.006* | Acc: *99.968%* (49984/50000) 
Test epoch: 156 | Loss: *0.236* | Acc: *93.210%* (9321/10000)
Train epoch: 157 | Loss: *0.005* | Acc: *99.976%* (49988/50000) 
Test epoch: 157 | Loss: *0.230* | Acc: *93.390%* (9339/10000)
Train epoch: 158 | Loss: *0.005* | Acc: *99.986%* (49993/50000) 
Test epoch: 158 | Loss: *0.230* | Acc: *93.200%* (9320/10000)
Train epoch: 159 | Loss: *0.004* | Acc: *100.000%* (50000/50000) 
Test epoch: 159 | Loss: *0.229* | Acc: *93.410%* (9341/10000)
Train epoch: 160 | Loss: *0.004* | Acc: *99.998%* (49999/50000) 
Test epoch: 160 | Loss: *0.227* | Acc: *93.280%* (9328/10000)
Train epoch: 161 | Loss: *0.004* | Acc: *99.988%* (49994/50000) 
Test epoch: 161 | Loss: *0.220* | Acc: *93.510%* (9351/10000)
Train epoch: 162 | Loss: *0.004* | Acc: *100.000%* (50000/50000) 
Test epoch: 162 | Loss: *0.220* | Acc: *93.600%* (9360/10000)
Train epoch: 163 | Loss: *0.004* | Acc: *100.000%* (50000/50000) 
Test epoch: 163 | Loss: *0.224* | Acc: *93.260%* (9326/10000)
Train epoch: 164 | Loss: *0.004* | Acc: *100.000%* (50000/50000) 
Test epoch: 164 | Loss: *0.221* | Acc: *93.590%* (9359/10000)
Train epoch: 165 | Loss: *0.004* | Acc: *99.998%* (49999/50000) 
Test epoch: 165 | Loss: *0.218* | Acc: *93.500%* (9350/10000)
Train epoch: 166 | Loss: *0.004* | Acc: *99.996%* (49998/50000) 
Test epoch: 166 | Loss: *0.228* | Acc: *93.360%* (9336/10000)
Train epoch: 167 | Loss: *0.004* | Acc: *99.994%* (49997/50000) 
Test epoch: 167 | Loss: *0.217* | Acc: *93.540%* (9354/10000)
Train epoch: 168 | Loss: *0.004* | Acc: *99.998%* (49999/50000) 
Test epoch: 168 | Loss: *0.215* | Acc: *93.600%* (9360/10000)
Train epoch: 169 | Loss: *0.004* | Acc: *100.000%* (50000/50000) 
Test epoch: 169 | Loss: *0.214* | Acc: *93.580%* (9358/10000)
Train epoch: 170 | Loss: *0.004* | Acc: *99.998%* (49999/50000) 
Test epoch: 170 | Loss: *0.214* | Acc: *93.530%* (9353/10000)
Train epoch: 171 | Loss: *0.004* | Acc: *100.000%* (50000/50000) 
Test epoch: 171 | Loss: *0.219* | Acc: *93.510%* (9351/10000)
Train epoch: 172 | Loss: *0.004* | Acc: *99.996%* (49998/50000) 
Test epoch: 172 | Loss: *0.216* | Acc: *93.510%* (9351/10000)
Train epoch: 173 | Loss: *0.004* | Acc: *99.998%* (49999/50000) 
Test epoch: 173 | Loss: *0.222* | Acc: *93.460%* (9346/10000)
Train epoch: 174 | Loss: *0.003* | Acc: *100.000%* (50000/50000) 
Test epoch: 174 | Loss: *0.216* | Acc: *93.480%* (9348/10000)
Train epoch: 175 | Loss: *0.003* | Acc: *100.000%* (50000/50000) 
Test epoch: 175 | Loss: *0.211* | Acc: *93.690%* (9369/10000)
Train epoch: 176 | Loss: *0.003* | Acc: *99.998%* (49999/50000) 
Test epoch: 176 | Loss: *0.214* | Acc: *93.650%* (9365/10000)
Train epoch: 177 | Loss: *0.003* | Acc: *100.000%* (50000/50000) 
Test epoch: 177 | Loss: *0.211* | Acc: *93.800%* (9380/10000)
Train epoch: 178 | Loss: *0.003* | Acc: *100.000%* (50000/50000) 
Test epoch: 178 | Loss: *0.212* | Acc: *93.580%* (9358/10000)
Train epoch: 179 | Loss: *0.003* | Acc: *100.000%* (50000/50000) 
Test epoch: 179 | Loss: *0.213* | Acc: *93.510%* (9351/10000)
Train epoch: 180 | Loss: *0.003* | Acc: *100.000%* (50000/50000) 
Test epoch: 180 | Loss: *0.210* | Acc: *93.600%* (9360/10000)
Train epoch: 181 | Loss: *0.003* | Acc: *100.000%* (50000/50000) 
Test epoch: 181 | Loss: *0.212* | Acc: *93.620%* (9362/10000)
Train epoch: 182 | Loss: *0.003* | Acc: *100.000%* (50000/50000) 
Test epoch: 182 | Loss: *0.213* | Acc: *93.670%* (9367/10000)
Train epoch: 183 | Loss: *0.003* | Acc: *100.000%* (50000/50000) 
Test epoch: 183 | Loss: *0.211* | Acc: *93.710%* (9371/10000)
Train epoch: 184 | Loss: *0.003* | Acc: *100.000%* (50000/50000) 
Test epoch: 184 | Loss: *0.210* | Acc: *93.700%* (9370/10000)
Train epoch: 185 | Loss: *0.003* | Acc: *100.000%* (50000/50000) 
Test epoch: 185 | Loss: *0.211* | Acc: *93.570%* (9357/10000)
Train epoch: 186 | Loss: *0.003* | Acc: *99.996%* (49998/50000) 
Test epoch: 186 | Loss: *0.210* | Acc: *93.580%* (9358/10000)
Train epoch: 187 | Loss: *0.003* | Acc: *100.000%* (50000/50000) 
Test epoch: 187 | Loss: *0.210* | Acc: *93.640%* (9364/10000)
Train epoch: 188 | Loss: *0.003* | Acc: *99.998%* (49999/50000) 
Test epoch: 188 | Loss: *0.213* | Acc: *93.620%* (9362/10000)
Train epoch: 189 | Loss: *0.003* | Acc: *100.000%* (50000/50000) 
Test epoch: 189 | Loss: *0.211* | Acc: *93.640%* (9364/10000)
Train epoch: 190 | Loss: *0.003* | Acc: *100.000%* (50000/50000) 
Test epoch: 190 | Loss: *0.210* | Acc: *93.660%* (9366/10000)
Train epoch: 191 | Loss: *0.003* | Acc: *100.000%* (50000/50000) 
Test epoch: 191 | Loss: *0.213* | Acc: *93.580%* (9358/10000)
Train epoch: 192 | Loss: *0.003* | Acc: *99.998%* (49999/50000) 
Test epoch: 192 | Loss: *0.210* | Acc: *93.650%* (9365/10000)
Train epoch: 193 | Loss: *0.003* | Acc: *100.000%* (50000/50000) 
Test epoch: 193 | Loss: *0.209* | Acc: *93.720%* (9372/10000)
Train epoch: 194 | Loss: *0.003* | Acc: *100.000%* (50000/50000) 
Test epoch: 194 | Loss: *0.210* | Acc: *93.620%* (9362/10000)
Train epoch: 195 | Loss: *0.003* | Acc: *99.998%* (49999/50000) 
Test epoch: 195 | Loss: *0.210* | Acc: *93.650%* (9365/10000)
Train epoch: 196 | Loss: *0.003* | Acc: *100.000%* (50000/50000) 
Test epoch: 196 | Loss: *0.210* | Acc: *93.620%* (9362/10000)
Train epoch: 197 | Loss: *0.003* | Acc: *100.000%* (50000/50000) 
Test epoch: 197 | Loss: *0.210* | Acc: *93.700%* (9370/10000)
Train epoch: 198 | Loss: *0.003* | Acc: *100.000%* (50000/50000) 
Test epoch: 198 | Loss: *0.210* | Acc: *93.680%* (9368/10000)
Train epoch: 199 | Loss: *0.003* | Acc: *100.000%* (50000/50000) 
Test epoch: 199 | Loss: *0.211* | Acc: *93.480%* (9348/10000)
Train epoch: 200 | Loss: *0.003* | Acc: *100.000%* (50000/50000) 
Test epoch: 200 | Loss: *0.211* | Acc: *93.610%* (9361/10000)
Train epoch: 201 | Loss: *0.003* | Acc: *100.000%* (50000/50000) 
Test epoch: 201 | Loss: *0.211* | Acc: *93.580%* (9358/10000)
Train epoch: 202 | Loss: *0.003* | Acc: *100.000%* (50000/50000) 
Test epoch: 202 | Loss: *0.212* | Acc: *93.650%* (9365/10000)
Train epoch: 203 | Loss: *0.003* | Acc: *100.000%* (50000/50000) 
Test epoch: 203 | Loss: *0.212* | Acc: *93.590%* (9359/10000)
Train epoch: 204 | Loss: *0.003* | Acc: *100.000%* (50000/50000) 
Test epoch: 204 | Loss: *0.210* | Acc: *93.720%* (9372/10000)
Train epoch: 205 | Loss: *0.003* | Acc: *100.000%* (50000/50000) 
Test epoch: 205 | Loss: *0.211* | Acc: *93.650%* (9365/10000)
Train epoch: 206 | Loss: *0.003* | Acc: *99.998%* (49999/50000) 
Test epoch: 206 | Loss: *0.209* | Acc: *93.700%* (9370/10000)
Train epoch: 207 | Loss: *0.003* | Acc: *100.000%* (50000/50000) 
Test epoch: 207 | Loss: *0.210* | Acc: *93.710%* (9371/10000)
Train epoch: 208 | Loss: *0.003* | Acc: *100.000%* (50000/50000) 
Test epoch: 208 | Loss: *0.211* | Acc: *93.580%* (9358/10000)
Train epoch: 209 | Loss: *0.003* | Acc: *100.000%* (50000/50000) 
Test epoch: 209 | Loss: *0.211* | Acc: *93.660%* (9366/10000)
Train epoch: 210 | Loss: *0.003* | Acc: *100.000%* (50000/50000) 
Test epoch: 210 | Loss: *0.210* | Acc: *93.730%* (9373/10000)
Train epoch: 211 | Loss: *0.003* | Acc: *100.000%* (50000/50000) 
Test epoch: 211 | Loss: *0.212* | Acc: *93.560%* (9356/10000)
Train epoch: 212 | Loss: *0.003* | Acc: *100.000%* (50000/50000) 
Test epoch: 212 | Loss: *0.210* | Acc: *93.710%* (9371/10000)
Train epoch: 213 | Loss: *0.003* | Acc: *100.000%* (50000/50000) 
Test epoch: 213 | Loss: *0.212* | Acc: *93.630%* (9363/10000)
Train epoch: 214 | Loss: *0.003* | Acc: *99.996%* (49998/50000) 
Test epoch: 214 | Loss: *0.210* | Acc: *93.680%* (9368/10000)
Train epoch: 215 | Loss: *0.003* | Acc: *100.000%* (50000/50000) 
Test epoch: 215 | Loss: *0.211* | Acc: *93.620%* (9362/10000)
Train epoch: 216 | Loss: *0.003* | Acc: *100.000%* (50000/50000) 
Test epoch: 216 | Loss: *0.211* | Acc: *93.580%* (9358/10000)
Train epoch: 217 | Loss: *0.003* | Acc: *100.000%* (50000/50000) 
Test epoch: 217 | Loss: *0.211* | Acc: *93.660%* (9366/10000)
Train epoch: 218 | Loss: *0.003* | Acc: *100.000%* (50000/50000) 
Test epoch: 218 | Loss: *0.213* | Acc: *93.490%* (9349/10000)
Train epoch: 219 | Loss: *0.003* | Acc: *100.000%* (50000/50000) 
Test epoch: 219 | Loss: *0.212* | Acc: *93.630%* (9363/10000)
Train epoch: 220 | Loss: *0.003* | Acc: *100.000%* (50000/50000) 
Test epoch: 220 | Loss: *0.210* | Acc: *93.550%* (9355/10000)
Train epoch: 221 | Loss: *0.003* | Acc: *100.000%* (50000/50000) 
Test epoch: 221 | Loss: *0.213* | Acc: *93.490%* (9349/10000)
Train epoch: 222 | Loss: *0.003* | Acc: *99.998%* (49999/50000) 
Test epoch: 222 | Loss: *0.213* | Acc: *93.440%* (9344/10000)
Train epoch: 223 | Loss: *0.003* | Acc: *100.000%* (50000/50000) 
Test epoch: 223 | Loss: *0.217* | Acc: *93.380%* (9338/10000)
Train epoch: 224 | Loss: *0.003* | Acc: *99.996%* (49998/50000) 
Test epoch: 224 | Loss: *0.215* | Acc: *93.480%* (9348/10000)
Train epoch: 225 | Loss: *0.003* | Acc: *99.996%* (49998/50000) 
Test epoch: 225 | Loss: *0.216* | Acc: *93.500%* (9350/10000)
Train epoch: 226 | Loss: *0.003* | Acc: *100.000%* (50000/50000) 
Test epoch: 226 | Loss: *0.218* | Acc: *93.370%* (9337/10000)
Train epoch: 227 | Loss: *0.004* | Acc: *99.998%* (49999/50000) 
Test epoch: 227 | Loss: *0.219* | Acc: *93.480%* (9348/10000)
Train epoch: 228 | Loss: *0.004* | Acc: *100.000%* (50000/50000) 
Test epoch: 228 | Loss: *0.217* | Acc: *93.390%* (9339/10000)
Train epoch: 229 | Loss: *0.004* | Acc: *100.000%* (50000/50000) 
Test epoch: 229 | Loss: *0.221* | Acc: *93.300%* (9330/10000)
Train epoch: 230 | Loss: *0.004* | Acc: *100.000%* (50000/50000) 
Test epoch: 230 | Loss: *0.225* | Acc: *93.390%* (9339/10000)
Train epoch: 231 | Loss: *0.004* | Acc: *99.998%* (49999/50000) 
Test epoch: 231 | Loss: *0.218* | Acc: *93.280%* (9328/10000)
Train epoch: 232 | Loss: *0.004* | Acc: *99.990%* (49995/50000) 
Test epoch: 232 | Loss: *0.238* | Acc: *92.970%* (9297/10000)
Train epoch: 233 | Loss: *0.006* | Acc: *99.990%* (49995/50000) 
Test epoch: 233 | Loss: *0.283* | Acc: *91.560%* (9156/10000)
Train epoch: 234 | Loss: *0.007* | Acc: *99.962%* (49981/50000) 
Test epoch: 234 | Loss: *0.270* | Acc: *91.740%* (9174/10000)
Train epoch: 235 | Loss: *0.016* | Acc: *99.830%* (49915/50000) 
Test epoch: 235 | Loss: *0.283* | Acc: *91.460%* (9146/10000)
Train epoch: 236 | Loss: *0.034* | Acc: *99.346%* (49673/50000) 
Test epoch: 236 | Loss: *0.318* | Acc: *90.640%* (9064/10000)
Train epoch: 237 | Loss: *0.048* | Acc: *98.914%* (49457/50000) 
Test epoch: 237 | Loss: *0.335* | Acc: *89.980%* (8998/10000)
Train epoch: 238 | Loss: *0.050* | Acc: *98.798%* (49399/50000) 
Test epoch: 238 | Loss: *0.359* | Acc: *88.710%* (8871/10000)
Train epoch: 239 | Loss: *0.050* | Acc: *98.766%* (49383/50000) 
Test epoch: 239 | Loss: *0.432* | Acc: *87.850%* (8785/10000)
Train epoch: 240 | Loss: *0.056* | Acc: *98.552%* (49276/50000) 
Test epoch: 240 | Loss: *0.324* | Acc: *90.010%* (9001/10000)
Train epoch: 241 | Loss: *0.051* | Acc: *98.650%* (49325/50000) 
Test epoch: 241 | Loss: *0.325* | Acc: *90.360%* (9036/10000)
Train epoch: 242 | Loss: *0.054* | Acc: *98.516%* (49258/50000) 
Test epoch: 242 | Loss: *0.336* | Acc: *89.950%* (8995/10000)
Train epoch: 243 | Loss: *0.056* | Acc: *98.440%* (49220/50000) 
Test epoch: 243 | Loss: *0.345* | Acc: *89.990%* (8999/10000)
Train epoch: 244 | Loss: *0.056* | Acc: *98.396%* (49198/50000) 
Test epoch: 244 | Loss: *0.356* | Acc: *89.980%* (8998/10000)
Train epoch: 245 | Loss: *0.052* | Acc: *98.512%* (49256/50000) 
Test epoch: 245 | Loss: *0.445* | Acc: *88.260%* (8826/10000)
Train epoch: 246 | Loss: *0.055* | Acc: *98.442%* (49221/50000) 
Test epoch: 246 | Loss: *0.376* | Acc: *89.090%* (8909/10000)
Train epoch: 247 | Loss: *0.061* | Acc: *98.174%* (49087/50000) 
Test epoch: 247 | Loss: *0.390* | Acc: *89.070%* (8907/10000)
Train epoch: 248 | Loss: *0.057* | Acc: *98.314%* (49157/50000) 
Test epoch: 248 | Loss: *0.356* | Acc: *89.520%* (8952/10000)
Train epoch: 249 | Loss: *0.057* | Acc: *98.260%* (49130/50000) 
Test epoch: 249 | Loss: *0.405* | Acc: *89.200%* (8920/10000)
Train epoch: 250 | Loss: *0.063* | Acc: *98.106%* (49053/50000) 
Test epoch: 250 | Loss: *0.411* | Acc: *88.600%* (8860/10000)
Train epoch: 251 | Loss: *0.059* | Acc: *98.240%* (49120/50000) 
Test epoch: 251 | Loss: *0.366* | Acc: *89.850%* (8985/10000)
Train epoch: 252 | Loss: *0.056* | Acc: *98.272%* (49136/50000) 
Test epoch: 252 | Loss: *0.432* | Acc: *87.910%* (8791/10000)
Train epoch: 253 | Loss: *0.057* | Acc: *98.372%* (49186/50000) 
Test epoch: 253 | Loss: *0.517* | Acc: *86.520%* (8652/10000)
Train epoch: 254 | Loss: *0.061* | Acc: *98.132%* (49066/50000) 
Test epoch: 254 | Loss: *0.437* | Acc: *87.660%* (8766/10000)
Train epoch: 255 | Loss: *0.066* | Acc: *97.940%* (48970/50000) 
Test epoch: 255 | Loss: *0.571* | Acc: *85.810%* (8581/10000)
Train epoch: 256 | Loss: *0.064* | Acc: *97.968%* (48984/50000) 
Test epoch: 256 | Loss: *0.467* | Acc: *87.260%* (8726/10000)
Train epoch: 257 | Loss: *0.066* | Acc: *98.008%* (49004/50000) 
Test epoch: 257 | Loss: *0.351* | Acc: *89.650%* (8965/10000)
Train epoch: 258 | Loss: *0.062* | Acc: *98.072%* (49036/50000) 
Test epoch: 258 | Loss: *0.367* | Acc: *89.290%* (8929/10000)
Train epoch: 259 | Loss: *0.066* | Acc: *97.948%* (48974/50000) 
Test epoch: 259 | Loss: *0.389* | Acc: *88.740%* (8874/10000)
Train epoch: 260 | Loss: *0.063* | Acc: *98.002%* (49001/50000) 
Test epoch: 260 | Loss: *0.516* | Acc: *86.600%* (8660/10000)
Train epoch: 261 | Loss: *0.067* | Acc: *97.884%* (48942/50000) 
Test epoch: 261 | Loss: *0.388* | Acc: *88.750%* (8875/10000)
Train epoch: 262 | Loss: *0.067* | Acc: *97.878%* (48939/50000) 
Test epoch: 262 | Loss: *0.456* | Acc: *87.680%* (8768/10000)
Train epoch: 263 | Loss: *0.069* | Acc: *97.898%* (48949/50000) 
Test epoch: 263 | Loss: *0.413* | Acc: *88.620%* (8862/10000)
Train epoch: 264 | Loss: *0.071* | Acc: *97.640%* (48820/50000) 
Test epoch: 264 | Loss: *0.407* | Acc: *88.630%* (8863/10000)
Train epoch: 265 | Loss: *0.073* | Acc: *97.638%* (48819/50000) 
Test epoch: 265 | Loss: *0.410* | Acc: *88.990%* (8899/10000)
Train epoch: 266 | Loss: *0.072* | Acc: *97.752%* (48876/50000) 
Test epoch: 266 | Loss: *0.441* | Acc: *87.970%* (8797/10000)
Train epoch: 267 | Loss: *0.073* | Acc: *97.656%* (48828/50000) 
Test epoch: 267 | Loss: *0.381* | Acc: *89.640%* (8964/10000)
Train epoch: 268 | Loss: *0.075* | Acc: *97.518%* (48759/50000) 
Test epoch: 268 | Loss: *0.413* | Acc: *88.660%* (8866/10000)
Train epoch: 269 | Loss: *0.078* | Acc: *97.538%* (48769/50000) 
Test epoch: 269 | Loss: *0.351* | Acc: *90.090%* (9009/10000)
Train epoch: 270 | Loss: *0.075* | Acc: *97.530%* (48765/50000) 
Test epoch: 270 | Loss: *0.430* | Acc: *87.690%* (8769/10000)
Train epoch: 271 | Loss: *0.078* | Acc: *97.514%* (48757/50000) 
Test epoch: 271 | Loss: *0.462* | Acc: *87.030%* (8703/10000)
Train epoch: 272 | Loss: *0.081* | Acc: *97.412%* (48706/50000) 
Test epoch: 272 | Loss: *0.535* | Acc: *85.850%* (8585/10000)
Train epoch: 273 | Loss: *0.083* | Acc: *97.280%* (48640/50000) 
Test epoch: 273 | Loss: *0.536* | Acc: *85.760%* (8576/10000)
Train epoch: 274 | Loss: *0.076* | Acc: *97.556%* (48778/50000) 
Test epoch: 274 | Loss: *0.467* | Acc: *87.890%* (8789/10000)
Train epoch: 275 | Loss: *0.085* | Acc: *97.262%* (48631/50000) 
Test epoch: 275 | Loss: *0.390* | Acc: *88.730%* (8873/10000)
Train epoch: 276 | Loss: *0.085* | Acc: *97.248%* (48624/50000) 
Test epoch: 276 | Loss: *0.571* | Acc: *85.520%* (8552/10000)
Train epoch: 277 | Loss: *0.088* | Acc: *97.076%* (48538/50000) 
Test epoch: 277 | Loss: *0.546* | Acc: *85.960%* (8596/10000)
Train epoch: 278 | Loss: *0.084* | Acc: *97.186%* (48593/50000) 
Test epoch: 278 | Loss: *0.447* | Acc: *87.980%* (8798/10000)
Train epoch: 279 | Loss: *0.094* | Acc: *96.976%* (48488/50000) 
Test epoch: 279 | Loss: *0.371* | Acc: *89.000%* (8900/10000)
Train epoch: 280 | Loss: *0.091* | Acc: *96.920%* (48460/50000) 
Test epoch: 280 | Loss: *0.454* | Acc: *88.010%* (8801/10000)
Train epoch: 281 | Loss: *0.091* | Acc: *96.962%* (48481/50000) 
Test epoch: 281 | Loss: *0.641* | Acc: *82.580%* (8258/10000)
Train epoch: 282 | Loss: *0.103* | Acc: *96.508%* (48254/50000) 
Test epoch: 282 | Loss: *0.385* | Acc: *88.610%* (8861/10000)
Train epoch: 283 | Loss: *0.097* | Acc: *96.786%* (48393/50000) 
Test epoch: 283 | Loss: *0.650* | Acc: *82.620%* (8262/10000)
Train epoch: 284 | Loss: *0.098* | Acc: *96.816%* (48408/50000) 
Test epoch: 284 | Loss: *0.505* | Acc: *85.640%* (8564/10000)
Train epoch: 285 | Loss: *0.102* | Acc: *96.608%* (48304/50000) 
Test epoch: 285 | Loss: *0.481* | Acc: *86.850%* (8685/10000)
Train epoch: 286 | Loss: *0.103* | Acc: *96.536%* (48268/50000) 
Test epoch: 286 | Loss: *0.386* | Acc: *88.920%* (8892/10000)
Train epoch: 287 | Loss: *0.106* | Acc: *96.440%* (48220/50000) 
Test epoch: 287 | Loss: *0.761* | Acc: *81.350%* (8135/10000)
Train epoch: 288 | Loss: *0.103* | Acc: *96.550%* (48275/50000) 
Test epoch: 288 | Loss: *0.740* | Acc: *81.520%* (8152/10000)
Train epoch: 289 | Loss: *0.103* | Acc: *96.522%* (48261/50000) 
Test epoch: 289 | Loss: *0.591* | Acc: *84.090%* (8409/10000)
Train epoch: 290 | Loss: *0.110* | Acc: *96.368%* (48184/50000) 
Test epoch: 290 | Loss: *0.497* | Acc: *86.490%* (8649/10000)
Train epoch: 291 | Loss: *0.108* | Acc: *96.454%* (48227/50000) 
Test epoch: 291 | Loss: *0.486* | Acc: *86.250%* (8625/10000)
Train epoch: 292 | Loss: *0.116* | Acc: *96.118%* (48059/50000) 
Test epoch: 292 | Loss: *0.470* | Acc: *86.800%* (8680/10000)
Train epoch: 293 | Loss: *0.114* | Acc: *96.230%* (48115/50000) 
Test epoch: 293 | Loss: *0.552* | Acc: *84.160%* (8416/10000)
Train epoch: 294 | Loss: *0.111* | Acc: *96.338%* (48169/50000) 
Test epoch: 294 | Loss: *0.442* | Acc: *87.050%* (8705/10000)
Train epoch: 295 | Loss: *0.116* | Acc: *96.074%* (48037/50000) 
Test epoch: 295 | Loss: *0.488* | Acc: *85.990%* (8599/10000)
Train epoch: 296 | Loss: *0.116* | Acc: *96.186%* (48093/50000) 
Test epoch: 296 | Loss: *0.581* | Acc: *84.210%* (8421/10000)
Train epoch: 297 | Loss: *0.120* | Acc: *95.990%* (47995/50000) 
Test epoch: 297 | Loss: *0.610* | Acc: *84.090%* (8409/10000)
Train epoch: 298 | Loss: *0.125* | Acc: *95.806%* (47903/50000) 
Test epoch: 298 | Loss: *0.572* | Acc: *85.190%* (8519/10000)
Train epoch: 299 | Loss: *0.122* | Acc: *95.932%* (47966/50000) 
Test epoch: 299 | Loss: *0.519* | Acc: *86.040%* (8604/10000)
Train epoch: 300 | Loss: *0.127* | Acc: *95.638%* (47819/50000) 
Test epoch: 300 | Loss: *0.880* | Acc: *79.710%* (7971/10000)
Train epoch: 301 | Loss: *0.128* | Acc: *95.658%* (47829/50000) 
Test epoch: 301 | Loss: *0.567* | Acc: *84.380%* (8438/10000)
Train epoch: 302 | Loss: *0.129* | Acc: *95.702%* (47851/50000) 
Test epoch: 302 | Loss: *0.607* | Acc: *83.450%* (8345/10000)
Train epoch: 303 | Loss: *0.133* | Acc: *95.428%* (47714/50000) 
Test epoch: 303 | Loss: *0.637* | Acc: *82.650%* (8265/10000)
Train epoch: 304 | Loss: *0.133* | Acc: *95.516%* (47758/50000) 
Test epoch: 304 | Loss: *0.395* | Acc: *87.780%* (8778/10000)
Train epoch: 305 | Loss: *0.134* | Acc: *95.332%* (47666/50000) 
Test epoch: 305 | Loss: *0.458* | Acc: *86.190%* (8619/10000)
Train epoch: 306 | Loss: *0.136* | Acc: *95.304%* (47652/50000) 
Test epoch: 306 | Loss: *0.610* | Acc: *82.310%* (8231/10000)
Train epoch: 307 | Loss: *0.139* | Acc: *95.282%* (47641/50000) 
Test epoch: 307 | Loss: *0.679* | Acc: *82.450%* (8245/10000)
Train epoch: 308 | Loss: *0.138* | Acc: *95.274%* (47637/50000) 
Test epoch: 308 | Loss: *0.650* | Acc: *82.510%* (8251/10000)
Train epoch: 309 | Loss: *0.143* | Acc: *95.118%* (47559/50000) 
Test epoch: 309 | Loss: *0.520* | Acc: *84.840%* (8484/10000)
Train epoch: 310 | Loss: *0.144* | Acc: *95.126%* (47563/50000) 
Test epoch: 310 | Loss: *0.463* | Acc: *86.450%* (8645/10000)
Train epoch: 311 | Loss: *0.143* | Acc: *95.154%* (47577/50000) 
Test epoch: 311 | Loss: *0.403* | Acc: *87.430%* (8743/10000)
Train epoch: 312 | Loss: *0.143* | Acc: *95.190%* (47595/50000) 
Test epoch: 312 | Loss: *0.669* | Acc: *83.250%* (8325/10000)
Train epoch: 313 | Loss: *0.151* | Acc: *94.926%* (47463/50000) 
Test epoch: 313 | Loss: *0.661* | Acc: *82.710%* (8271/10000)
Train epoch: 314 | Loss: *0.150* | Acc: *94.866%* (47433/50000) 
Test epoch: 314 | Loss: *0.478* | Acc: *85.810%* (8581/10000)
Train epoch: 315 | Loss: *0.152* | Acc: *94.886%* (47443/50000) 
Test epoch: 315 | Loss: *0.574* | Acc: *83.290%* (8329/10000)
Train epoch: 316 | Loss: *0.151* | Acc: *94.904%* (47452/50000) 
Test epoch: 316 | Loss: *0.593* | Acc: *83.690%* (8369/10000)
Train epoch: 317 | Loss: *0.151* | Acc: *94.960%* (47480/50000) 
Test epoch: 317 | Loss: *1.029* | Acc: *75.130%* (7513/10000)
Train epoch: 318 | Loss: *0.156* | Acc: *94.628%* (47314/50000) 
Test epoch: 318 | Loss: *0.529* | Acc: *84.660%* (8466/10000)
Train epoch: 319 | Loss: *0.159* | Acc: *94.544%* (47272/50000) 
Test epoch: 319 | Loss: *0.631* | Acc: *82.770%* (8277/10000)
Train epoch: 320 | Loss: *0.158* | Acc: *94.474%* (47237/50000) 
Test epoch: 320 | Loss: *0.472* | Acc: *86.330%* (8633/10000)
Train epoch: 321 | Loss: *0.165* | Acc: *94.286%* (47143/50000) 
Test epoch: 321 | Loss: *0.719* | Acc: *80.230%* (8023/10000)
Train epoch: 322 | Loss: *0.161* | Acc: *94.628%* (47314/50000) 
Test epoch: 322 | Loss: *0.881* | Acc: *78.170%* (7817/10000)
Train epoch: 323 | Loss: *0.166* | Acc: *94.250%* (47125/50000) 
Test epoch: 323 | Loss: *0.866* | Acc: *76.690%* (7669/10000)
Train epoch: 324 | Loss: *0.165* | Acc: *94.388%* (47194/50000) 
Test epoch: 324 | Loss: *0.486* | Acc: *85.280%* (8528/10000)
Train epoch: 325 | Loss: *0.169* | Acc: *94.236%* (47118/50000) 
Test epoch: 325 | Loss: *0.606* | Acc: *82.770%* (8277/10000)
Train epoch: 326 | Loss: *0.167* | Acc: *94.284%* (47142/50000) 
Test epoch: 326 | Loss: *0.881* | Acc: *77.070%* (7707/10000)
Train epoch: 327 | Loss: *0.168* | Acc: *94.326%* (47163/50000) 
Test epoch: 327 | Loss: *0.474* | Acc: *85.690%* (8569/10000)
Train epoch: 328 | Loss: *0.172* | Acc: *94.114%* (47057/50000) 
Test epoch: 328 | Loss: *0.570* | Acc: *83.870%* (8387/10000)
Train epoch: 329 | Loss: *0.173* | Acc: *94.046%* (47023/50000) 
Test epoch: 329 | Loss: *0.807* | Acc: *78.480%* (7848/10000)
Train epoch: 330 | Loss: *0.172* | Acc: *94.062%* (47031/50000) 
Test epoch: 330 | Loss: *0.666* | Acc: *81.030%* (8103/10000)
Train epoch: 331 | Loss: *0.179* | Acc: *94.002%* (47001/50000) 
Test epoch: 331 | Loss: *0.543* | Acc: *83.870%* (8387/10000)
Train epoch: 332 | Loss: *0.174* | Acc: *93.962%* (46981/50000) 
Test epoch: 332 | Loss: *0.739* | Acc: *80.620%* (8062/10000)
Train epoch: 333 | Loss: *0.178* | Acc: *93.886%* (46943/50000) 
Test epoch: 333 | Loss: *0.434* | Acc: *86.060%* (8606/10000)
Train epoch: 334 | Loss: *0.176* | Acc: *94.038%* (47019/50000) 
Test epoch: 334 | Loss: *0.630* | Acc: *82.140%* (8214/10000)
Train epoch: 335 | Loss: *0.183* | Acc: *93.784%* (46892/50000) 
Test epoch: 335 | Loss: *0.879* | Acc: *77.130%* (7713/10000)
Train epoch: 336 | Loss: *0.180* | Acc: *93.790%* (46895/50000) 
Test epoch: 336 | Loss: *0.481* | Acc: *85.760%* (8576/10000)
Train epoch: 337 | Loss: *0.188* | Acc: *93.544%* (46772/50000) 
Test epoch: 337 | Loss: *0.434* | Acc: *85.970%* (8597/10000)
Train epoch: 338 | Loss: *0.186* | Acc: *93.676%* (46838/50000) 
Test epoch: 338 | Loss: *0.798* | Acc: *79.250%* (7925/10000)
Train epoch: 339 | Loss: *0.181* | Acc: *93.726%* (46863/50000) 
Test epoch: 339 | Loss: *1.105* | Acc: *73.530%* (7353/10000)
Train epoch: 340 | Loss: *0.193* | Acc: *93.318%* (46659/50000) 
Test epoch: 340 | Loss: *0.663* | Acc: *81.590%* (8159/10000)
Train epoch: 341 | Loss: *0.188* | Acc: *93.526%* (46763/50000) 
Test epoch: 341 | Loss: *0.844* | Acc: *77.940%* (7794/10000)
Train epoch: 342 | Loss: *0.194* | Acc: *93.294%* (46647/50000) 
Test epoch: 342 | Loss: *0.633* | Acc: *81.720%* (8172/10000)
Train epoch: 343 | Loss: *0.188* | Acc: *93.602%* (46801/50000) 
Test epoch: 343 | Loss: *0.497* | Acc: *85.050%* (8505/10000)
Train epoch: 344 | Loss: *0.192* | Acc: *93.412%* (46706/50000) 
Test epoch: 344 | Loss: *0.897* | Acc: *78.660%* (7866/10000)
Train epoch: 345 | Loss: *0.195* | Acc: *93.434%* (46717/50000) 
Test epoch: 345 | Loss: *0.532* | Acc: *84.000%* (8400/10000)
Train epoch: 346 | Loss: *0.196* | Acc: *93.372%* (46686/50000) 
Test epoch: 346 | Loss: *0.528* | Acc: *84.180%* (8418/10000)
Train epoch: 347 | Loss: *0.195* | Acc: *93.164%* (46582/50000) 
Test epoch: 347 | Loss: *0.736* | Acc: *79.650%* (7965/10000)
Train epoch: 348 | Loss: *0.196* | Acc: *93.226%* (46613/50000) 
Test epoch: 348 | Loss: *0.562* | Acc: *83.330%* (8333/10000)
Train epoch: 349 | Loss: *0.201* | Acc: *93.152%* (46576/50000) 
Test epoch: 349 | Loss: *0.616* | Acc: *80.920%* (8092/10000)
Train epoch: 350 | Loss: *0.201* | Acc: *93.104%* (46552/50000) 
Test epoch: 350 | Loss: *0.495* | Acc: *84.740%* (8474/10000)
Train epoch: 351 | Loss: *0.199* | Acc: *93.086%* (46543/50000) 
Test epoch: 351 | Loss: *0.751* | Acc: *77.490%* (7749/10000)
Train epoch: 352 | Loss: *0.203* | Acc: *93.052%* (46526/50000) 
Test epoch: 352 | Loss: *0.688* | Acc: *81.240%* (8124/10000)
Train epoch: 353 | Loss: *0.199* | Acc: *93.368%* (46684/50000) 
Test epoch: 353 | Loss: *0.583* | Acc: *82.530%* (8253/10000)
Train epoch: 354 | Loss: *0.205* | Acc: *92.840%* (46420/50000) 
Test epoch: 354 | Loss: *0.579* | Acc: *82.980%* (8298/10000)
Train epoch: 355 | Loss: *0.208* | Acc: *92.940%* (46470/50000) 
Test epoch: 355 | Loss: *0.469* | Acc: *85.640%* (8564/10000)
Train epoch: 356 | Loss: *0.207* | Acc: *92.848%* (46424/50000) 
Test epoch: 356 | Loss: *0.726* | Acc: *78.240%* (7824/10000)
Train epoch: 357 | Loss: *0.208* | Acc: *92.938%* (46469/50000) 
Test epoch: 357 | Loss: *0.626* | Acc: *82.240%* (8224/10000)
Train epoch: 358 | Loss: *0.211* | Acc: *92.826%* (46413/50000) 
Test epoch: 358 | Loss: *0.477* | Acc: *85.110%* (8511/10000)
Train epoch: 359 | Loss: *0.210* | Acc: *92.830%* (46415/50000) 
Test epoch: 359 | Loss: *0.569* | Acc: *82.060%* (8206/10000)
Train epoch: 360 | Loss: *0.209* | Acc: *92.856%* (46428/50000) 
Test epoch: 360 | Loss: *1.287* | Acc: *68.870%* (6887/10000)
Train epoch: 361 | Loss: *0.208* | Acc: *92.836%* (46418/50000) 
Test epoch: 361 | Loss: *0.649* | Acc: *81.510%* (8151/10000)
Train epoch: 362 | Loss: *0.209* | Acc: *92.844%* (46422/50000) 
Test epoch: 362 | Loss: *0.626* | Acc: *81.400%* (8140/10000)
Train epoch: 363 | Loss: *0.211* | Acc: *92.780%* (46390/50000) 
Test epoch: 363 | Loss: *0.535* | Acc: *84.050%* (8405/10000)
Train epoch: 364 | Loss: *0.208* | Acc: *92.828%* (46414/50000) 
Test epoch: 364 | Loss: *0.702* | Acc: *79.730%* (7973/10000)
Train epoch: 365 | Loss: *0.221* | Acc: *92.342%* (46171/50000) 
Test epoch: 365 | Loss: *0.861* | Acc: *75.110%* (7511/10000)
Train epoch: 366 | Loss: *0.218* | Acc: *92.466%* (46233/50000) 
Test epoch: 366 | Loss: *1.334* | Acc: *68.200%* (6820/10000)
Train epoch: 367 | Loss: *0.213* | Acc: *92.682%* (46341/50000) 
Test epoch: 367 | Loss: *0.758* | Acc: *77.720%* (7772/10000)
Train epoch: 368 | Loss: *0.219* | Acc: *92.496%* (46248/50000) 
Test epoch: 368 | Loss: *0.758* | Acc: *78.940%* (7894/10000)
Train epoch: 369 | Loss: *0.221* | Acc: *92.300%* (46150/50000) 
Test epoch: 369 | Loss: *0.413* | Acc: *86.650%* (8665/10000)
Train epoch: 370 | Loss: *0.214* | Acc: *92.684%* (46342/50000) 
Test epoch: 370 | Loss: *0.857* | Acc: *77.020%* (7702/10000)
Train epoch: 371 | Loss: *0.220* | Acc: *92.444%* (46222/50000) 
Test epoch: 371 | Loss: *0.593* | Acc: *82.780%* (8278/10000)
Train epoch: 372 | Loss: *0.220* | Acc: *92.396%* (46198/50000) 
Test epoch: 372 | Loss: *0.505* | Acc: *84.230%* (8423/10000)
Train epoch: 373 | Loss: *0.218* | Acc: *92.504%* (46252/50000) 
Test epoch: 373 | Loss: *0.599* | Acc: *81.530%* (8153/10000)
Train epoch: 374 | Loss: *0.222* | Acc: *92.418%* (46209/50000) 
Test epoch: 374 | Loss: *0.494* | Acc: *84.190%* (8419/10000)
Train epoch: 375 | Loss: *0.226* | Acc: *92.184%* (46092/50000) 
Test epoch: 375 | Loss: *0.705* | Acc: *79.890%* (7989/10000)
Train epoch: 376 | Loss: *0.220* | Acc: *92.422%* (46211/50000) 
Test epoch: 376 | Loss: *0.526* | Acc: *84.330%* (8433/10000)
Train epoch: 377 | Loss: *0.222* | Acc: *92.224%* (46112/50000) 
Test epoch: 377 | Loss: *0.918* | Acc: *76.760%* (7676/10000)
Train epoch: 378 | Loss: *0.224* | Acc: *92.288%* (46144/50000) 
Test epoch: 378 | Loss: *0.864* | Acc: *73.360%* (7336/10000)
Train epoch: 379 | Loss: *0.220* | Acc: *92.420%* (46210/50000) 
Test epoch: 379 | Loss: *0.608* | Acc: *81.850%* (8185/10000)
Train epoch: 380 | Loss: *0.220* | Acc: *92.426%* (46213/50000) 
Test epoch: 380 | Loss: *0.802* | Acc: *77.860%* (7786/10000)
Train epoch: 381 | Loss: *0.226* | Acc: *92.172%* (46086/50000) 
Test epoch: 381 | Loss: *0.651* | Acc: *80.900%* (8090/10000)
Train epoch: 382 | Loss: *0.223* | Acc: *92.300%* (46150/50000) 
Test epoch: 382 | Loss: *0.627* | Acc: *82.170%* (8217/10000)
Train epoch: 383 | Loss: *0.225* | Acc: *92.274%* (46137/50000) 
Test epoch: 383 | Loss: *1.046* | Acc: *73.040%* (7304/10000)
Train epoch: 384 | Loss: *0.227* | Acc: *92.220%* (46110/50000) 
Test epoch: 384 | Loss: *0.470* | Acc: *85.210%* (8521/10000)
Train epoch: 385 | Loss: *0.223* | Acc: *92.496%* (46248/50000) 
Test epoch: 385 | Loss: *0.755* | Acc: *78.920%* (7892/10000)
Train epoch: 386 | Loss: *0.226* | Acc: *92.204%* (46102/50000) 
Test epoch: 386 | Loss: *0.532* | Acc: *82.350%* (8235/10000)
Train epoch: 387 | Loss: *0.228* | Acc: *92.176%* (46088/50000) 
Test epoch: 387 | Loss: *0.741* | Acc: *78.700%* (7870/10000)
Train epoch: 388 | Loss: *0.224* | Acc: *92.376%* (46188/50000) 
Test epoch: 388 | Loss: *0.739* | Acc: *79.700%* (7970/10000)
Train epoch: 389 | Loss: *0.230* | Acc: *92.112%* (46056/50000) 
Test epoch: 389 | Loss: *1.261* | Acc: *71.370%* (7137/10000)
Train epoch: 390 | Loss: *0.229* | Acc: *92.212%* (46106/50000) 
Test epoch: 390 | Loss: *0.585* | Acc: *82.420%* (8242/10000)
Train epoch: 391 | Loss: *0.226* | Acc: *92.276%* (46138/50000) 
Test epoch: 391 | Loss: *0.888* | Acc: *76.230%* (7623/10000)
Train epoch: 392 | Loss: *0.225* | Acc: *92.310%* (46155/50000) 
Test epoch: 392 | Loss: *1.057* | Acc: *73.600%* (7360/10000)
Train epoch: 393 | Loss: *0.229* | Acc: *92.030%* (46015/50000) 
Test epoch: 393 | Loss: *0.818* | Acc: *78.260%* (7826/10000)
Train epoch: 394 | Loss: *0.233* | Acc: *92.020%* (46010/50000) 
Test epoch: 394 | Loss: *0.453* | Acc: *85.540%* (8554/10000)
Train epoch: 395 | Loss: *0.224* | Acc: *92.260%* (46130/50000) 
Test epoch: 395 | Loss: *0.677* | Acc: *80.080%* (8008/10000)
Train epoch: 396 | Loss: *0.223* | Acc: *92.402%* (46201/50000) 
Test epoch: 396 | Loss: *1.218* | Acc: *71.350%* (7135/10000)
Train epoch: 397 | Loss: *0.228* | Acc: *92.134%* (46067/50000) 
Test epoch: 397 | Loss: *0.563* | Acc: *82.260%* (8226/10000)
Train epoch: 398 | Loss: *0.226* | Acc: *92.276%* (46138/50000) 
Test epoch: 398 | Loss: *0.537* | Acc: *83.410%* (8341/10000)
Train epoch: 399 | Loss: *0.225* | Acc: *92.292%* (46146/50000) 
Test epoch: 399 | Loss: *0.648* | Acc: *81.070%* (8107/10000)
Train epoch: 400 | Loss: *0.229* | Acc: *92.074%* (46037/50000) 
Test epoch: 400 | Loss: *1.085* | Acc: *74.020%* (7402/10000)
Train epoch: 401 | Loss: *0.229* | Acc: *92.276%* (46138/50000) 
Test epoch: 401 | Loss: *1.348* | Acc: *65.260%* (6526/10000)
Train epoch: 402 | Loss: *0.225* | Acc: *92.342%* (46171/50000) 
Test epoch: 402 | Loss: *0.572* | Acc: *82.730%* (8273/10000)
Train epoch: 403 | Loss: *0.227* | Acc: *92.192%* (46096/50000) 
Test epoch: 403 | Loss: *0.511* | Acc: *83.630%* (8363/10000)
Train epoch: 404 | Loss: *0.227* | Acc: *92.378%* (46189/50000) 
Test epoch: 404 | Loss: *0.497* | Acc: *84.310%* (8431/10000)
Train epoch: 405 | Loss: *0.220* | Acc: *92.498%* (46249/50000) 
Test epoch: 405 | Loss: *0.746* | Acc: *78.630%* (7863/10000)
Train epoch: 406 | Loss: *0.226* | Acc: *92.290%* (46145/50000) 
Test epoch: 406 | Loss: *1.047* | Acc: *70.990%* (7099/10000)
Train epoch: 407 | Loss: *0.225* | Acc: *92.338%* (46169/50000) 
Test epoch: 407 | Loss: *0.506* | Acc: *84.440%* (8444/10000)
Train epoch: 408 | Loss: *0.227* | Acc: *92.248%* (46124/50000) 
Test epoch: 408 | Loss: *0.761* | Acc: *78.870%* (7887/10000)
Train epoch: 409 | Loss: *0.227* | Acc: *92.152%* (46076/50000) 
Test epoch: 409 | Loss: *0.628* | Acc: *81.150%* (8115/10000)
Train epoch: 410 | Loss: *0.225* | Acc: *92.188%* (46094/50000) 
Test epoch: 410 | Loss: *0.872* | Acc: *76.970%* (7697/10000)
Train epoch: 411 | Loss: *0.225* | Acc: *92.316%* (46158/50000) 
Test epoch: 411 | Loss: *0.410* | Acc: *87.050%* (8705/10000)
Train epoch: 412 | Loss: *0.225* | Acc: *92.164%* (46082/50000) 
Test epoch: 412 | Loss: *0.854* | Acc: *75.910%* (7591/10000)
Train epoch: 413 | Loss: *0.222* | Acc: *92.438%* (46219/50000) 
Test epoch: 413 | Loss: *1.203* | Acc: *69.360%* (6936/10000)
Train epoch: 414 | Loss: *0.228* | Acc: *92.158%* (46079/50000) 
Test epoch: 414 | Loss: *0.694* | Acc: *80.090%* (8009/10000)
Train epoch: 415 | Loss: *0.221* | Acc: *92.366%* (46183/50000) 
Test epoch: 415 | Loss: *0.974* | Acc: *74.220%* (7422/10000)
Train epoch: 416 | Loss: *0.222* | Acc: *92.356%* (46178/50000) 
Test epoch: 416 | Loss: *0.562* | Acc: *82.510%* (8251/10000)
Train epoch: 417 | Loss: *0.226* | Acc: *92.192%* (46096/50000) 
Test epoch: 417 | Loss: *0.444* | Acc: *86.370%* (8637/10000)
Train epoch: 418 | Loss: *0.223* | Acc: *92.404%* (46202/50000) 
Test epoch: 418 | Loss: *0.762* | Acc: *77.160%* (7716/10000)
Train epoch: 419 | Loss: *0.221* | Acc: *92.418%* (46209/50000) 
Test epoch: 419 | Loss: *0.594* | Acc: *81.400%* (8140/10000)
Train epoch: 420 | Loss: *0.222* | Acc: *92.376%* (46188/50000) 
Test epoch: 420 | Loss: *0.512* | Acc: *84.100%* (8410/10000)
Train epoch: 421 | Loss: *0.219* | Acc: *92.382%* (46191/50000) 
Test epoch: 421 | Loss: *1.151* | Acc: *74.570%* (7457/10000)
Train epoch: 422 | Loss: *0.219* | Acc: *92.528%* (46264/50000) 
Test epoch: 422 | Loss: *0.780* | Acc: *78.650%* (7865/10000)
Train epoch: 423 | Loss: *0.220* | Acc: *92.490%* (46245/50000) 
Test epoch: 423 | Loss: *0.493* | Acc: *84.600%* (8460/10000)
Train epoch: 424 | Loss: *0.218* | Acc: *92.588%* (46294/50000) 
Test epoch: 424 | Loss: *0.588* | Acc: *81.810%* (8181/10000)
Train epoch: 425 | Loss: *0.217* | Acc: *92.590%* (46295/50000) 
Test epoch: 425 | Loss: *0.509* | Acc: *83.640%* (8364/10000)
Train epoch: 426 | Loss: *0.220* | Acc: *92.428%* (46214/50000) 
Test epoch: 426 | Loss: *0.663* | Acc: *80.830%* (8083/10000)
Train epoch: 427 | Loss: *0.217* | Acc: *92.556%* (46278/50000) 
Test epoch: 427 | Loss: *0.745* | Acc: *79.620%* (7962/10000)
Train epoch: 428 | Loss: *0.213* | Acc: *92.678%* (46339/50000) 
Test epoch: 428 | Loss: *0.576* | Acc: *82.940%* (8294/10000)
Train epoch: 429 | Loss: *0.216* | Acc: *92.642%* (46321/50000) 
Test epoch: 429 | Loss: *0.463* | Acc: *86.560%* (8656/10000)
Train epoch: 430 | Loss: *0.214* | Acc: *92.676%* (46338/50000) 
Test epoch: 430 | Loss: *0.671* | Acc: *80.390%* (8039/10000)
Train epoch: 431 | Loss: *0.215* | Acc: *92.622%* (46311/50000) 
Test epoch: 431 | Loss: *0.650* | Acc: *81.300%* (8130/10000)
Train epoch: 432 | Loss: *0.212* | Acc: *92.712%* (46356/50000) 
Test epoch: 432 | Loss: *0.575* | Acc: *83.150%* (8315/10000)
Train epoch: 433 | Loss: *0.210* | Acc: *92.826%* (46413/50000) 
Test epoch: 433 | Loss: *1.261* | Acc: *68.050%* (6805/10000)
Train epoch: 434 | Loss: *0.213* | Acc: *92.710%* (46355/50000) 
Test epoch: 434 | Loss: *0.479* | Acc: *84.550%* (8455/10000)
Train epoch: 435 | Loss: *0.211* | Acc: *92.812%* (46406/50000) 
Test epoch: 435 | Loss: *0.437* | Acc: *85.500%* (8550/10000)
Train epoch: 436 | Loss: *0.211* | Acc: *92.868%* (46434/50000) 
Test epoch: 436 | Loss: *0.943* | Acc: *74.520%* (7452/10000)
Train epoch: 437 | Loss: *0.208* | Acc: *92.920%* (46460/50000) 
Test epoch: 437 | Loss: *0.542* | Acc: *83.020%* (8302/10000)
Train epoch: 438 | Loss: *0.206* | Acc: *92.994%* (46497/50000) 
Test epoch: 438 | Loss: *0.565* | Acc: *82.600%* (8260/10000)
Train epoch: 439 | Loss: *0.203* | Acc: *92.882%* (46441/50000) 
Test epoch: 439 | Loss: *1.371* | Acc: *70.140%* (7014/10000)
Train epoch: 440 | Loss: *0.207* | Acc: *92.876%* (46438/50000) 
Test epoch: 440 | Loss: *0.557* | Acc: *83.020%* (8302/10000)
Train epoch: 441 | Loss: *0.203* | Acc: *92.936%* (46468/50000) 
Test epoch: 441 | Loss: *0.504* | Acc: *83.890%* (8389/10000)
Train epoch: 442 | Loss: *0.203* | Acc: *93.082%* (46541/50000) 
Test epoch: 442 | Loss: *0.464* | Acc: *85.510%* (8551/10000)
Train epoch: 443 | Loss: *0.200* | Acc: *93.098%* (46549/50000) 
Test epoch: 443 | Loss: *0.818* | Acc: *79.230%* (7923/10000)
Train epoch: 444 | Loss: *0.201* | Acc: *93.040%* (46520/50000) 
Test epoch: 444 | Loss: *0.585* | Acc: *83.330%* (8333/10000)
Train epoch: 445 | Loss: *0.205* | Acc: *92.992%* (46496/50000) 
Test epoch: 445 | Loss: *0.997* | Acc: *73.780%* (7378/10000)
Train epoch: 446 | Loss: *0.199* | Acc: *93.018%* (46509/50000) 
Test epoch: 446 | Loss: *0.486* | Acc: *84.450%* (8445/10000)
Train epoch: 447 | Loss: *0.199* | Acc: *93.060%* (46530/50000) 
Test epoch: 447 | Loss: *0.778* | Acc: *78.020%* (7802/10000)
Train epoch: 448 | Loss: *0.192* | Acc: *93.550%* (46775/50000) 
Test epoch: 448 | Loss: *0.694* | Acc: *81.010%* (8101/10000)
Train epoch: 449 | Loss: *0.198* | Acc: *93.240%* (46620/50000) 
Test epoch: 449 | Loss: *0.617* | Acc: *81.540%* (8154/10000)
Train epoch: 450 | Loss: *0.194* | Acc: *93.274%* (46637/50000) 
Test epoch: 450 | Loss: *0.786* | Acc: *79.430%* (7943/10000)
Train epoch: 451 | Loss: *0.194* | Acc: *93.366%* (46683/50000) 
Test epoch: 451 | Loss: *0.614* | Acc: *81.530%* (8153/10000)
Train epoch: 452 | Loss: *0.194* | Acc: *93.394%* (46697/50000) 
Test epoch: 452 | Loss: *0.713* | Acc: *80.230%* (8023/10000)
Train epoch: 453 | Loss: *0.190* | Acc: *93.484%* (46742/50000) 
Test epoch: 453 | Loss: *0.648* | Acc: *81.790%* (8179/10000)
Train epoch: 454 | Loss: *0.193* | Acc: *93.422%* (46711/50000) 
Test epoch: 454 | Loss: *0.584* | Acc: *83.150%* (8315/10000)
Train epoch: 455 | Loss: *0.186* | Acc: *93.706%* (46853/50000) 
Test epoch: 455 | Loss: *0.495* | Acc: *84.270%* (8427/10000)
Train epoch: 456 | Loss: *0.186* | Acc: *93.650%* (46825/50000) 
Test epoch: 456 | Loss: *0.534* | Acc: *84.600%* (8460/10000)
Train epoch: 457 | Loss: *0.188* | Acc: *93.666%* (46833/50000) 
Test epoch: 457 | Loss: *0.645* | Acc: *81.500%* (8150/10000)
Train epoch: 458 | Loss: *0.187* | Acc: *93.568%* (46784/50000) 
Test epoch: 458 | Loss: *0.470* | Acc: *85.260%* (8526/10000)
Train epoch: 459 | Loss: *0.184* | Acc: *93.696%* (46848/50000) 
Test epoch: 459 | Loss: *0.565* | Acc: *83.540%* (8354/10000)
Train epoch: 460 | Loss: *0.182* | Acc: *93.782%* (46891/50000) 
Test epoch: 460 | Loss: *0.986* | Acc: *76.150%* (7615/10000)
Train epoch: 461 | Loss: *0.179* | Acc: *93.798%* (46899/50000) 
Test epoch: 461 | Loss: *0.766* | Acc: *80.000%* (8000/10000)
Train epoch: 462 | Loss: *0.181* | Acc: *93.914%* (46957/50000) 
Test epoch: 462 | Loss: *0.572* | Acc: *82.620%* (8262/10000)
Train epoch: 463 | Loss: *0.175* | Acc: *94.018%* (47009/50000) 
Test epoch: 463 | Loss: *0.515* | Acc: *85.030%* (8503/10000)
Train epoch: 464 | Loss: *0.175* | Acc: *94.002%* (47001/50000) 
Test epoch: 464 | Loss: *0.823* | Acc: *79.320%* (7932/10000)
Train epoch: 465 | Loss: *0.174* | Acc: *94.072%* (47036/50000) 
Test epoch: 465 | Loss: *0.459* | Acc: *85.820%* (8582/10000)
Train epoch: 466 | Loss: *0.171* | Acc: *94.200%* (47100/50000) 
Test epoch: 466 | Loss: *0.703* | Acc: *81.740%* (8174/10000)
Train epoch: 467 | Loss: *0.168* | Acc: *94.350%* (47175/50000) 
Test epoch: 467 | Loss: *0.638* | Acc: *83.500%* (8350/10000)
Train epoch: 468 | Loss: *0.173* | Acc: *94.048%* (47024/50000) 
Test epoch: 468 | Loss: *0.706* | Acc: *80.650%* (8065/10000)
Train epoch: 469 | Loss: *0.165* | Acc: *94.324%* (47162/50000) 
Test epoch: 469 | Loss: *0.687* | Acc: *81.800%* (8180/10000)
Train epoch: 470 | Loss: *0.169* | Acc: *94.222%* (47111/50000) 
Test epoch: 470 | Loss: *0.448* | Acc: *86.770%* (8677/10000)
Train epoch: 471 | Loss: *0.161* | Acc: *94.480%* (47240/50000) 
Test epoch: 471 | Loss: *0.385* | Acc: *87.770%* (8777/10000)
Train epoch: 472 | Loss: *0.156* | Acc: *94.678%* (47339/50000) 
Test epoch: 472 | Loss: *0.630* | Acc: *81.150%* (8115/10000)
Train epoch: 473 | Loss: *0.162* | Acc: *94.424%* (47212/50000) 
Test epoch: 473 | Loss: *0.480* | Acc: *86.440%* (8644/10000)
Train epoch: 474 | Loss: *0.159* | Acc: *94.508%* (47254/50000) 
Test epoch: 474 | Loss: *0.548* | Acc: *83.900%* (8390/10000)
Train epoch: 475 | Loss: *0.156* | Acc: *94.684%* (47342/50000) 
Test epoch: 475 | Loss: *0.549* | Acc: *84.170%* (8417/10000)
Train epoch: 476 | Loss: *0.154* | Acc: *94.728%* (47364/50000) 
Test epoch: 476 | Loss: *0.462* | Acc: *86.210%* (8621/10000)
Train epoch: 477 | Loss: *0.154* | Acc: *94.840%* (47420/50000) 
Test epoch: 477 | Loss: *0.483* | Acc: *85.700%* (8570/10000)
Train epoch: 478 | Loss: *0.148* | Acc: *95.020%* (47510/50000) 
Test epoch: 478 | Loss: *0.779* | Acc: *80.500%* (8050/10000)
Train epoch: 479 | Loss: *0.147* | Acc: *94.974%* (47487/50000) 
Test epoch: 479 | Loss: *0.735* | Acc: *80.840%* (8084/10000)
Train epoch: 480 | Loss: *0.147* | Acc: *94.946%* (47473/50000) 
Test epoch: 480 | Loss: *0.681* | Acc: *80.840%* (8084/10000)
Train epoch: 481 | Loss: *0.147* | Acc: *94.942%* (47471/50000) 
Test epoch: 481 | Loss: *0.597* | Acc: *83.540%* (8354/10000)
Train epoch: 482 | Loss: *0.146* | Acc: *95.060%* (47530/50000) 
Test epoch: 482 | Loss: *0.678* | Acc: *81.240%* (8124/10000)
Train epoch: 483 | Loss: *0.145* | Acc: *95.090%* (47545/50000) 
Test epoch: 483 | Loss: *0.630* | Acc: *82.260%* (8226/10000)
Train epoch: 484 | Loss: *0.142* | Acc: *95.138%* (47569/50000) 
Test epoch: 484 | Loss: *0.676* | Acc: *81.300%* (8130/10000)
Train epoch: 485 | Loss: *0.138* | Acc: *95.312%* (47656/50000) 
Test epoch: 485 | Loss: *0.499* | Acc: *85.170%* (8517/10000)
Train epoch: 486 | Loss: *0.135* | Acc: *95.434%* (47717/50000) 
Test epoch: 486 | Loss: *0.741* | Acc: *82.180%* (8218/10000)
Train epoch: 487 | Loss: *0.135* | Acc: *95.484%* (47742/50000) 
Test epoch: 487 | Loss: *0.526* | Acc: *85.210%* (8521/10000)
Train epoch: 488 | Loss: *0.134* | Acc: *95.424%* (47712/50000) 
Test epoch: 488 | Loss: *0.462* | Acc: *86.520%* (8652/10000)
Train epoch: 489 | Loss: *0.133* | Acc: *95.528%* (47764/50000) 
Test epoch: 489 | Loss: *0.376* | Acc: *88.740%* (8874/10000)
Train epoch: 490 | Loss: *0.127* | Acc: *95.786%* (47893/50000) 
Test epoch: 490 | Loss: *0.435* | Acc: *87.210%* (8721/10000)
Train epoch: 491 | Loss: *0.126* | Acc: *95.662%* (47831/50000) 
Test epoch: 491 | Loss: *0.421* | Acc: *87.690%* (8769/10000)
Train epoch: 492 | Loss: *0.121* | Acc: *95.902%* (47951/50000) 
Test epoch: 492 | Loss: *0.422* | Acc: *87.950%* (8795/10000)
Train epoch: 493 | Loss: *0.125* | Acc: *95.848%* (47924/50000) 
Test epoch: 493 | Loss: *0.472* | Acc: *86.760%* (8676/10000)
Train epoch: 494 | Loss: *0.120* | Acc: *95.972%* (47986/50000) 
Test epoch: 494 | Loss: *0.431* | Acc: *87.310%* (8731/10000)
Train epoch: 495 | Loss: *0.115* | Acc: *96.190%* (48095/50000) 
Test epoch: 495 | Loss: *0.939* | Acc: *76.740%* (7674/10000)
Train epoch: 496 | Loss: *0.119* | Acc: *96.088%* (48044/50000) 
Test epoch: 496 | Loss: *0.559* | Acc: *84.720%* (8472/10000)
Train epoch: 497 | Loss: *0.113* | Acc: *96.232%* (48116/50000) 
Test epoch: 497 | Loss: *0.473* | Acc: *86.780%* (8678/10000)
Train epoch: 498 | Loss: *0.112* | Acc: *96.286%* (48143/50000) 
Test epoch: 498 | Loss: *0.434* | Acc: *87.570%* (8757/10000)
Train epoch: 499 | Loss: *0.111* | Acc: *96.332%* (48166/50000) 
Test epoch: 499 | Loss: *0.594* | Acc: *83.440%* (8344/10000)
Train epoch: 500 | Loss: *0.109* | Acc: *96.292%* (48146/50000) 
Test epoch: 500 | Loss: *0.675* | Acc: *82.590%* (8259/10000)
Best test accuracy: *93.800%*, loss: *0.210965638384223*, at epoch: *177*.
==> Execution time summary of 500 epoch(s).
Train data loading time: sum. *302.5253213699907* secs | avg. *0.6050506427399814* secs per epoch.
Train training time: sum. *1566.5854435637593* secs | avg. *3.133170887127519* secs per epoch.
Train total time: sum. *1869.11076493375* secs | avg. *3.7382215298675* secs per epoch.
Test data loading time: sum. *112.00904999952763* secs | avg. *0.22401809999905525* secs per epoch.
Test training time: sum. *107.00317471288145* secs | avg. *0.21400634942576288* secs per epoch.
Test total time: sum. *219.01222471240908* secs | avg. *0.43802444942481816* secs per epoch.
Total data loading time: sum. *414.53437136951834* secs | avg. *0.8290687427390366* secs per epoch.
Total training time: sum. *1673.5886182766408* secs | avg. *3.3471772365532817* secs per epoch.
Total running time: sum. *2088.122989646159* secs | avg. *4.176245979292318* secs per epoch.
==> Number of GPU device: 1
==> Device 0 Memory Usage
==> Allocated: 0.1 GB
==> Cached:    2.1 GB
==> Maximum: 2.1 GB
