==> Running on : cuda
==> Number of CPU: 48
==> Number of workers: 2
==> #Epochs: 500, #Layers: 2, #Blocks: [3, 1], In channel: 128, Input layer conv kernel: 7x7, Residual layer conv kernel 5x5, Skip kernel: 1x1, Input layer conv padding: 3, Residual layer conv padding: 2
==> Optimizer is Adagrad
==> Learning rate: 0.01
==> Weight decay: 0.0005
==>Trainable Parameters: 4972682
==>Other Parameters: 0
==>Augmentation: RandomCrop(32, padding=4), RandomHorizontalFlip(), Normalize((0.4914, 0.4822, 0.4465), (0.2023, 0.1994, 0.2010)
Files already downloaded and verified
Train epoch: 1 | Loss: *1.707* | Acc: *35.930%* (17965/50000) 
Test epoch: 1 | Loss: *1.644* | Acc: *39.890%* (3989/10000)
Train epoch: 2 | Loss: *1.344* | Acc: *51.290%* (25645/50000) 
Test epoch: 2 | Loss: *1.745* | Acc: *43.960%* (4396/10000)
Train epoch: 3 | Loss: *1.138* | Acc: *59.116%* (29558/50000) 
Test epoch: 3 | Loss: *1.208* | Acc: *57.660%* (5766/10000)
Train epoch: 4 | Loss: *1.001* | Acc: *64.432%* (32216/50000) 
Test epoch: 4 | Loss: *1.006* | Acc: *65.210%* (6521/10000)
Train epoch: 5 | Loss: *0.909* | Acc: *67.782%* (33891/50000) 
Test epoch: 5 | Loss: *1.526* | Acc: *53.660%* (5366/10000)
Train epoch: 6 | Loss: *0.822* | Acc: *71.108%* (35554/50000) 
Test epoch: 6 | Loss: *1.248* | Acc: *59.700%* (5970/10000)
Train epoch: 7 | Loss: *0.756* | Acc: *73.622%* (36811/50000) 
Test epoch: 7 | Loss: *0.792* | Acc: *72.380%* (7238/10000)
Train epoch: 8 | Loss: *0.694* | Acc: *75.794%* (37897/50000) 
Test epoch: 8 | Loss: *0.804* | Acc: *72.950%* (7295/10000)
Train epoch: 9 | Loss: *0.640* | Acc: *77.988%* (38994/50000) 
Test epoch: 9 | Loss: *0.822* | Acc: *72.870%* (7287/10000)
Train epoch: 10 | Loss: *0.594* | Acc: *79.666%* (39833/50000) 
Test epoch: 10 | Loss: *0.682* | Acc: *76.540%* (7654/10000)
Train epoch: 11 | Loss: *0.557* | Acc: *80.930%* (40465/50000) 
Test epoch: 11 | Loss: *0.760* | Acc: *74.940%* (7494/10000)
Train epoch: 12 | Loss: *0.524* | Acc: *82.076%* (41038/50000) 
Test epoch: 12 | Loss: *0.762* | Acc: *75.190%* (7519/10000)
Train epoch: 13 | Loss: *0.490* | Acc: *83.206%* (41603/50000) 
Test epoch: 13 | Loss: *0.662* | Acc: *78.150%* (7815/10000)
Train epoch: 14 | Loss: *0.461* | Acc: *84.380%* (42190/50000) 
Test epoch: 14 | Loss: *0.602* | Acc: *80.030%* (8003/10000)
Train epoch: 15 | Loss: *0.440* | Acc: *84.972%* (42486/50000) 
Test epoch: 15 | Loss: *0.607* | Acc: *79.800%* (7980/10000)
Train epoch: 16 | Loss: *0.416* | Acc: *85.866%* (42933/50000) 
Test epoch: 16 | Loss: *0.831* | Acc: *73.690%* (7369/10000)
Train epoch: 17 | Loss: *0.398* | Acc: *86.360%* (43180/50000) 
Test epoch: 17 | Loss: *0.913* | Acc: *73.600%* (7360/10000)
Train epoch: 18 | Loss: *0.377* | Acc: *87.086%* (43543/50000) 
Test epoch: 18 | Loss: *0.713* | Acc: *77.720%* (7772/10000)
Train epoch: 19 | Loss: *0.360* | Acc: *87.646%* (43823/50000) 
Test epoch: 19 | Loss: *0.617* | Acc: *79.990%* (7999/10000)
Train epoch: 20 | Loss: *0.346* | Acc: *88.302%* (44151/50000) 
Test epoch: 20 | Loss: *0.580* | Acc: *81.400%* (8140/10000)
Train epoch: 21 | Loss: *0.327* | Acc: *88.760%* (44380/50000) 
Test epoch: 21 | Loss: *0.605* | Acc: *81.090%* (8109/10000)
Train epoch: 22 | Loss: *0.314* | Acc: *89.434%* (44717/50000) 
Test epoch: 22 | Loss: *0.511* | Acc: *82.620%* (8262/10000)
Train epoch: 23 | Loss: *0.299* | Acc: *89.780%* (44890/50000) 
Test epoch: 23 | Loss: *0.587* | Acc: *81.540%* (8154/10000)
Train epoch: 24 | Loss: *0.287* | Acc: *90.226%* (45113/50000) 
Test epoch: 24 | Loss: *0.471* | Acc: *84.750%* (8475/10000)
Train epoch: 25 | Loss: *0.271* | Acc: *90.886%* (45443/50000) 
Test epoch: 25 | Loss: *0.600* | Acc: *81.690%* (8169/10000)
Train epoch: 26 | Loss: *0.258* | Acc: *91.140%* (45570/50000) 
Test epoch: 26 | Loss: *0.528* | Acc: *83.070%* (8307/10000)
Train epoch: 27 | Loss: *0.247* | Acc: *91.594%* (45797/50000) 
Test epoch: 27 | Loss: *0.690* | Acc: *79.670%* (7967/10000)
Train epoch: 28 | Loss: *0.231* | Acc: *92.212%* (46106/50000) 
Test epoch: 28 | Loss: *0.452* | Acc: *85.700%* (8570/10000)
Train epoch: 29 | Loss: *0.223* | Acc: *92.520%* (46260/50000) 
Test epoch: 29 | Loss: *0.500* | Acc: *83.760%* (8376/10000)
Train epoch: 30 | Loss: *0.213* | Acc: *92.834%* (46417/50000) 
Test epoch: 30 | Loss: *0.468* | Acc: *85.530%* (8553/10000)
Train epoch: 31 | Loss: *0.204* | Acc: *93.068%* (46534/50000) 
Test epoch: 31 | Loss: *0.512* | Acc: *84.230%* (8423/10000)
Train epoch: 32 | Loss: *0.192* | Acc: *93.622%* (46811/50000) 
Test epoch: 32 | Loss: *0.580* | Acc: *82.690%* (8269/10000)
Train epoch: 33 | Loss: *0.188* | Acc: *93.642%* (46821/50000) 
Test epoch: 33 | Loss: *0.489* | Acc: *84.690%* (8469/10000)
Train epoch: 34 | Loss: *0.172* | Acc: *94.352%* (47176/50000) 
Test epoch: 34 | Loss: *0.560* | Acc: *84.350%* (8435/10000)
Train epoch: 35 | Loss: *0.163* | Acc: *94.596%* (47298/50000) 
Test epoch: 35 | Loss: *0.477* | Acc: *85.710%* (8571/10000)
Train epoch: 36 | Loss: *0.157* | Acc: *94.858%* (47429/50000) 
Test epoch: 36 | Loss: *0.481* | Acc: *85.660%* (8566/10000)
Train epoch: 37 | Loss: *0.149* | Acc: *95.258%* (47629/50000) 
Test epoch: 37 | Loss: *0.690* | Acc: *81.370%* (8137/10000)
Train epoch: 38 | Loss: *0.144* | Acc: *95.278%* (47639/50000) 
Test epoch: 38 | Loss: *0.470* | Acc: *85.970%* (8597/10000)
Train epoch: 39 | Loss: *0.132* | Acc: *95.772%* (47886/50000) 
Test epoch: 39 | Loss: *0.578* | Acc: *83.680%* (8368/10000)
Train epoch: 40 | Loss: *0.131* | Acc: *95.868%* (47934/50000) 
Test epoch: 40 | Loss: *0.547* | Acc: *84.740%* (8474/10000)
Train epoch: 41 | Loss: *0.120* | Acc: *96.126%* (48063/50000) 
Test epoch: 41 | Loss: *0.578* | Acc: *84.600%* (8460/10000)
Train epoch: 42 | Loss: *0.116* | Acc: *96.322%* (48161/50000) 
Test epoch: 42 | Loss: *0.477* | Acc: *86.130%* (8613/10000)
Train epoch: 43 | Loss: *0.109* | Acc: *96.642%* (48321/50000) 
Test epoch: 43 | Loss: *0.566* | Acc: *84.940%* (8494/10000)
Train epoch: 44 | Loss: *0.102* | Acc: *96.814%* (48407/50000) 
Test epoch: 44 | Loss: *0.485* | Acc: *85.890%* (8589/10000)
Train epoch: 45 | Loss: *0.098* | Acc: *96.970%* (48485/50000) 
Test epoch: 45 | Loss: *0.445* | Acc: *86.870%* (8687/10000)
Train epoch: 46 | Loss: *0.091* | Acc: *97.276%* (48638/50000) 
Test epoch: 46 | Loss: *0.452* | Acc: *87.380%* (8738/10000)
Train epoch: 47 | Loss: *0.087* | Acc: *97.384%* (48692/50000) 
Test epoch: 47 | Loss: *0.536* | Acc: *85.300%* (8530/10000)
Train epoch: 48 | Loss: *0.083* | Acc: *97.450%* (48725/50000) 
Test epoch: 48 | Loss: *0.459* | Acc: *86.520%* (8652/10000)
Train epoch: 49 | Loss: *0.083* | Acc: *97.516%* (48758/50000) 
Test epoch: 49 | Loss: *0.635* | Acc: *83.210%* (8321/10000)
Train epoch: 50 | Loss: *0.076* | Acc: *97.778%* (48889/50000) 
Test epoch: 50 | Loss: *0.481* | Acc: *86.380%* (8638/10000)
Train epoch: 51 | Loss: *0.072* | Acc: *97.954%* (48977/50000) 
Test epoch: 51 | Loss: *0.492* | Acc: *86.390%* (8639/10000)
Train epoch: 52 | Loss: *0.069* | Acc: *97.970%* (48985/50000) 
Test epoch: 52 | Loss: *0.501* | Acc: *86.700%* (8670/10000)
Train epoch: 53 | Loss: *0.063* | Acc: *98.278%* (49139/50000) 
Test epoch: 53 | Loss: *0.519* | Acc: *86.110%* (8611/10000)
Train epoch: 54 | Loss: *0.060* | Acc: *98.382%* (49191/50000) 
Test epoch: 54 | Loss: *0.494* | Acc: *86.550%* (8655/10000)
Train epoch: 55 | Loss: *0.060* | Acc: *98.346%* (49173/50000) 
Test epoch: 55 | Loss: *0.528* | Acc: *86.130%* (8613/10000)
Train epoch: 56 | Loss: *0.055* | Acc: *98.522%* (49261/50000) 
Test epoch: 56 | Loss: *0.525* | Acc: *85.870%* (8587/10000)
Train epoch: 57 | Loss: *0.053* | Acc: *98.592%* (49296/50000) 
Test epoch: 57 | Loss: *0.550* | Acc: *85.770%* (8577/10000)
Train epoch: 58 | Loss: *0.052* | Acc: *98.550%* (49275/50000) 
Test epoch: 58 | Loss: *0.560* | Acc: *85.780%* (8578/10000)
Train epoch: 59 | Loss: *0.049* | Acc: *98.704%* (49352/50000) 
Test epoch: 59 | Loss: *0.516* | Acc: *86.520%* (8652/10000)
Train epoch: 60 | Loss: *0.045* | Acc: *98.884%* (49442/50000) 
Test epoch: 60 | Loss: *0.496* | Acc: *87.100%* (8710/10000)
Train epoch: 61 | Loss: *0.043* | Acc: *98.912%* (49456/50000) 
Test epoch: 61 | Loss: *0.507* | Acc: *87.060%* (8706/10000)
Train epoch: 62 | Loss: *0.042* | Acc: *98.968%* (49484/50000) 
Test epoch: 62 | Loss: *0.545* | Acc: *86.020%* (8602/10000)
Train epoch: 63 | Loss: *0.039* | Acc: *99.000%* (49500/50000) 
Test epoch: 63 | Loss: *0.492* | Acc: *87.310%* (8731/10000)
Train epoch: 64 | Loss: *0.036* | Acc: *99.198%* (49599/50000) 
Test epoch: 64 | Loss: *0.508* | Acc: *87.160%* (8716/10000)
Train epoch: 65 | Loss: *0.033* | Acc: *99.260%* (49630/50000) 
Test epoch: 65 | Loss: *0.498* | Acc: *87.240%* (8724/10000)
Train epoch: 66 | Loss: *0.035* | Acc: *99.168%* (49584/50000) 
Test epoch: 66 | Loss: *0.628* | Acc: *84.630%* (8463/10000)
Train epoch: 67 | Loss: *0.033* | Acc: *99.242%* (49621/50000) 
Test epoch: 67 | Loss: *0.522* | Acc: *86.940%* (8694/10000)
Train epoch: 68 | Loss: *0.032* | Acc: *99.302%* (49651/50000) 
Test epoch: 68 | Loss: *0.525* | Acc: *86.800%* (8680/10000)
Train epoch: 69 | Loss: *0.033* | Acc: *99.234%* (49617/50000) 
Test epoch: 69 | Loss: *0.495* | Acc: *87.510%* (8751/10000)
Train epoch: 70 | Loss: *0.030* | Acc: *99.344%* (49672/50000) 
Test epoch: 70 | Loss: *0.490* | Acc: *87.700%* (8770/10000)
Train epoch: 71 | Loss: *0.027* | Acc: *99.444%* (49722/50000) 
Test epoch: 71 | Loss: *0.498* | Acc: *87.100%* (8710/10000)
Train epoch: 72 | Loss: *0.026* | Acc: *99.474%* (49737/50000) 
Test epoch: 72 | Loss: *0.498* | Acc: *87.590%* (8759/10000)
Train epoch: 73 | Loss: *0.024* | Acc: *99.542%* (49771/50000) 
Test epoch: 73 | Loss: *0.481* | Acc: *87.910%* (8791/10000)
Train epoch: 74 | Loss: *0.026* | Acc: *99.446%* (49723/50000) 
Test epoch: 74 | Loss: *0.483* | Acc: *87.670%* (8767/10000)
Train epoch: 75 | Loss: *0.021* | Acc: *99.650%* (49825/50000) 
Test epoch: 75 | Loss: *0.503* | Acc: *87.830%* (8783/10000)
Train epoch: 76 | Loss: *0.020* | Acc: *99.652%* (49826/50000) 
Test epoch: 76 | Loss: *0.523* | Acc: *86.850%* (8685/10000)
Train epoch: 77 | Loss: *0.019* | Acc: *99.686%* (49843/50000) 
Test epoch: 77 | Loss: *0.500* | Acc: *87.460%* (8746/10000)
Train epoch: 78 | Loss: *0.020* | Acc: *99.626%* (49813/50000) 
Test epoch: 78 | Loss: *0.497* | Acc: *87.580%* (8758/10000)
Train epoch: 79 | Loss: *0.018* | Acc: *99.686%* (49843/50000) 
Test epoch: 79 | Loss: *0.491* | Acc: *87.640%* (8764/10000)
Train epoch: 80 | Loss: *0.017* | Acc: *99.732%* (49866/50000) 
Test epoch: 80 | Loss: *0.496* | Acc: *87.530%* (8753/10000)
Train epoch: 81 | Loss: *0.017* | Acc: *99.750%* (49875/50000) 
Test epoch: 81 | Loss: *0.502* | Acc: *87.560%* (8756/10000)
Train epoch: 82 | Loss: *0.014* | Acc: *99.816%* (49908/50000) 
Test epoch: 82 | Loss: *0.523* | Acc: *87.370%* (8737/10000)
Train epoch: 83 | Loss: *0.018* | Acc: *99.688%* (49844/50000) 
Test epoch: 83 | Loss: *0.480* | Acc: *88.150%* (8815/10000)
Train epoch: 84 | Loss: *0.017* | Acc: *99.704%* (49852/50000) 
Test epoch: 84 | Loss: *0.517* | Acc: *87.220%* (8722/10000)
Train epoch: 85 | Loss: *0.017* | Acc: *99.736%* (49868/50000) 
Test epoch: 85 | Loss: *0.494* | Acc: *87.820%* (8782/10000)
Train epoch: 86 | Loss: *0.015* | Acc: *99.764%* (49882/50000) 
Test epoch: 86 | Loss: *0.485* | Acc: *88.000%* (8800/10000)
Train epoch: 87 | Loss: *0.011* | Acc: *99.894%* (49947/50000) 
Test epoch: 87 | Loss: *0.490* | Acc: *87.950%* (8795/10000)
Train epoch: 88 | Loss: *0.014* | Acc: *99.800%* (49900/50000) 
Test epoch: 88 | Loss: *0.510* | Acc: *87.790%* (8779/10000)
Train epoch: 89 | Loss: *0.013* | Acc: *99.806%* (49903/50000) 
Test epoch: 89 | Loss: *0.485* | Acc: *87.970%* (8797/10000)
Train epoch: 90 | Loss: *0.011* | Acc: *99.892%* (49946/50000) 
Test epoch: 90 | Loss: *0.539* | Acc: *86.970%* (8697/10000)
Train epoch: 91 | Loss: *0.011* | Acc: *99.860%* (49930/50000) 
Test epoch: 91 | Loss: *0.498* | Acc: *87.790%* (8779/10000)
Train epoch: 92 | Loss: *0.011* | Acc: *99.890%* (49945/50000) 
Test epoch: 92 | Loss: *0.495* | Acc: *87.580%* (8758/10000)
Train epoch: 93 | Loss: *0.012* | Acc: *99.822%* (49911/50000) 
Test epoch: 93 | Loss: *0.618* | Acc: *85.330%* (8533/10000)
Train epoch: 94 | Loss: *0.010* | Acc: *99.892%* (49946/50000) 
Test epoch: 94 | Loss: *0.475* | Acc: *88.100%* (8810/10000)
Train epoch: 95 | Loss: *0.010* | Acc: *99.874%* (49937/50000) 
Test epoch: 95 | Loss: *0.527* | Acc: *87.280%* (8728/10000)
Train epoch: 96 | Loss: *0.010* | Acc: *99.906%* (49953/50000) 
Test epoch: 96 | Loss: *0.466* | Acc: *88.650%* (8865/10000)
Train epoch: 97 | Loss: *0.010* | Acc: *99.908%* (49954/50000) 
Test epoch: 97 | Loss: *0.480* | Acc: *88.210%* (8821/10000)
Train epoch: 98 | Loss: *0.008* | Acc: *99.926%* (49963/50000) 
Test epoch: 98 | Loss: *0.478* | Acc: *88.330%* (8833/10000)
Train epoch: 99 | Loss: *0.007* | Acc: *99.958%* (49979/50000) 
Test epoch: 99 | Loss: *0.485* | Acc: *88.360%* (8836/10000)
Train epoch: 100 | Loss: *0.007* | Acc: *99.960%* (49980/50000) 
Test epoch: 100 | Loss: *0.481* | Acc: *88.240%* (8824/10000)
Train epoch: 101 | Loss: *0.007* | Acc: *99.960%* (49980/50000) 
Test epoch: 101 | Loss: *0.484* | Acc: *88.020%* (8802/10000)
Train epoch: 102 | Loss: *0.007* | Acc: *99.958%* (49979/50000) 
Test epoch: 102 | Loss: *0.481* | Acc: *87.840%* (8784/10000)
Train epoch: 103 | Loss: *0.006* | Acc: *99.978%* (49989/50000) 
Test epoch: 103 | Loss: *0.480* | Acc: *88.170%* (8817/10000)
Train epoch: 104 | Loss: *0.006* | Acc: *99.968%* (49984/50000) 
Test epoch: 104 | Loss: *0.480* | Acc: *88.460%* (8846/10000)
Train epoch: 105 | Loss: *0.006* | Acc: *99.966%* (49983/50000) 
Test epoch: 105 | Loss: *0.470* | Acc: *88.310%* (8831/10000)
Train epoch: 106 | Loss: *0.006* | Acc: *99.976%* (49988/50000) 
Test epoch: 106 | Loss: *0.485* | Acc: *88.270%* (8827/10000)
Train epoch: 107 | Loss: *0.007* | Acc: *99.956%* (49978/50000) 
Test epoch: 107 | Loss: *0.479* | Acc: *88.180%* (8818/10000)
Train epoch: 108 | Loss: *0.007* | Acc: *99.954%* (49977/50000) 
Test epoch: 108 | Loss: *0.484* | Acc: *88.100%* (8810/10000)
Train epoch: 109 | Loss: *0.006* | Acc: *99.962%* (49981/50000) 
Test epoch: 109 | Loss: *0.498* | Acc: *87.980%* (8798/10000)
Train epoch: 110 | Loss: *0.006* | Acc: *99.964%* (49982/50000) 
Test epoch: 110 | Loss: *0.496* | Acc: *88.130%* (8813/10000)
Train epoch: 111 | Loss: *0.006* | Acc: *99.974%* (49987/50000) 
Test epoch: 111 | Loss: *0.477* | Acc: *88.120%* (8812/10000)
Train epoch: 112 | Loss: *0.005* | Acc: *99.986%* (49993/50000) 
Test epoch: 112 | Loss: *0.469* | Acc: *88.240%* (8824/10000)
Train epoch: 113 | Loss: *0.006* | Acc: *99.966%* (49983/50000) 
Test epoch: 113 | Loss: *0.478* | Acc: *88.390%* (8839/10000)
Train epoch: 114 | Loss: *0.006* | Acc: *99.964%* (49982/50000) 
Test epoch: 114 | Loss: *0.475* | Acc: *88.220%* (8822/10000)
Train epoch: 115 | Loss: *0.005* | Acc: *99.976%* (49988/50000) 
Test epoch: 115 | Loss: *0.473* | Acc: *88.230%* (8823/10000)
Train epoch: 116 | Loss: *0.005* | Acc: *99.978%* (49989/50000) 
Test epoch: 116 | Loss: *0.479* | Acc: *88.150%* (8815/10000)
Train epoch: 117 | Loss: *0.005* | Acc: *99.988%* (49994/50000) 
Test epoch: 117 | Loss: *0.482* | Acc: *88.020%* (8802/10000)
Train epoch: 118 | Loss: *0.005* | Acc: *99.994%* (49997/50000) 
Test epoch: 118 | Loss: *0.478* | Acc: *88.220%* (8822/10000)
Train epoch: 119 | Loss: *0.005* | Acc: *99.988%* (49994/50000) 
Test epoch: 119 | Loss: *0.497* | Acc: *87.930%* (8793/10000)
Train epoch: 120 | Loss: *0.004* | Acc: *99.994%* (49997/50000) 
Test epoch: 120 | Loss: *0.482* | Acc: *88.320%* (8832/10000)
Train epoch: 121 | Loss: *0.005* | Acc: *99.992%* (49996/50000) 
Test epoch: 121 | Loss: *0.474* | Acc: *88.240%* (8824/10000)
Train epoch: 122 | Loss: *0.005* | Acc: *99.988%* (49994/50000) 
Test epoch: 122 | Loss: *0.477* | Acc: *88.350%* (8835/10000)
Train epoch: 123 | Loss: *0.004* | Acc: *99.984%* (49992/50000) 
Test epoch: 123 | Loss: *0.474* | Acc: *88.220%* (8822/10000)
Train epoch: 124 | Loss: *0.004* | Acc: *99.992%* (49996/50000) 
Test epoch: 124 | Loss: *0.486* | Acc: *88.020%* (8802/10000)
Train epoch: 125 | Loss: *0.004* | Acc: *99.992%* (49996/50000) 
Test epoch: 125 | Loss: *0.473* | Acc: *88.600%* (8860/10000)
Train epoch: 126 | Loss: *0.004* | Acc: *99.990%* (49995/50000) 
Test epoch: 126 | Loss: *0.474* | Acc: *88.390%* (8839/10000)
Train epoch: 127 | Loss: *0.004* | Acc: *99.992%* (49996/50000) 
Test epoch: 127 | Loss: *0.488* | Acc: *87.850%* (8785/10000)
Train epoch: 128 | Loss: *0.004* | Acc: *99.996%* (49998/50000) 
Test epoch: 128 | Loss: *0.482* | Acc: *88.590%* (8859/10000)
Train epoch: 129 | Loss: *0.004* | Acc: *99.986%* (49993/50000) 
Test epoch: 129 | Loss: *0.470* | Acc: *88.140%* (8814/10000)
Train epoch: 130 | Loss: *0.004* | Acc: *99.988%* (49994/50000) 
Test epoch: 130 | Loss: *0.479* | Acc: *88.240%* (8824/10000)
Train epoch: 131 | Loss: *0.004* | Acc: *99.994%* (49997/50000) 
Test epoch: 131 | Loss: *0.475* | Acc: *88.120%* (8812/10000)
Train epoch: 132 | Loss: *0.004* | Acc: *99.996%* (49998/50000) 
Test epoch: 132 | Loss: *0.466* | Acc: *88.400%* (8840/10000)
Train epoch: 133 | Loss: *0.004* | Acc: *99.992%* (49996/50000) 
Test epoch: 133 | Loss: *0.480* | Acc: *88.170%* (8817/10000)
Train epoch: 134 | Loss: *0.004* | Acc: *99.996%* (49998/50000) 
Test epoch: 134 | Loss: *0.477* | Acc: *88.250%* (8825/10000)
Train epoch: 135 | Loss: *0.004* | Acc: *100.000%* (50000/50000) 
Test epoch: 135 | Loss: *0.474* | Acc: *88.230%* (8823/10000)
Train epoch: 136 | Loss: *0.004* | Acc: *99.998%* (49999/50000) 
Test epoch: 136 | Loss: *0.471* | Acc: *88.300%* (8830/10000)
Train epoch: 137 | Loss: *0.004* | Acc: *99.990%* (49995/50000) 
Test epoch: 137 | Loss: *0.481* | Acc: *88.160%* (8816/10000)
Train epoch: 138 | Loss: *0.004* | Acc: *99.998%* (49999/50000) 
Test epoch: 138 | Loss: *0.474* | Acc: *88.270%* (8827/10000)
Train epoch: 139 | Loss: *0.004* | Acc: *99.994%* (49997/50000) 
Test epoch: 139 | Loss: *0.474* | Acc: *88.240%* (8824/10000)
Train epoch: 140 | Loss: *0.003* | Acc: *100.000%* (50000/50000) 
Test epoch: 140 | Loss: *0.475* | Acc: *88.160%* (8816/10000)
Train epoch: 141 | Loss: *0.003* | Acc: *99.996%* (49998/50000) 
Test epoch: 141 | Loss: *0.471* | Acc: *88.340%* (8834/10000)
Train epoch: 142 | Loss: *0.003* | Acc: *99.998%* (49999/50000) 
Test epoch: 142 | Loss: *0.469* | Acc: *88.410%* (8841/10000)
Train epoch: 143 | Loss: *0.003* | Acc: *99.998%* (49999/50000) 
Test epoch: 143 | Loss: *0.474* | Acc: *88.340%* (8834/10000)
Train epoch: 144 | Loss: *0.003* | Acc: *99.996%* (49998/50000) 
Test epoch: 144 | Loss: *0.471* | Acc: *88.500%* (8850/10000)
Train epoch: 145 | Loss: *0.003* | Acc: *99.994%* (49997/50000) 
Test epoch: 145 | Loss: *0.475* | Acc: *88.210%* (8821/10000)
Train epoch: 146 | Loss: *0.003* | Acc: *99.996%* (49998/50000) 
Test epoch: 146 | Loss: *0.472* | Acc: *88.410%* (8841/10000)
Train epoch: 147 | Loss: *0.003* | Acc: *100.000%* (50000/50000) 
Test epoch: 147 | Loss: *0.473* | Acc: *88.280%* (8828/10000)
Train epoch: 148 | Loss: *0.003* | Acc: *100.000%* (50000/50000) 
Test epoch: 148 | Loss: *0.473* | Acc: *88.290%* (8829/10000)
Train epoch: 149 | Loss: *0.003* | Acc: *99.992%* (49996/50000) 
Test epoch: 149 | Loss: *0.471* | Acc: *88.310%* (8831/10000)
Train epoch: 150 | Loss: *0.003* | Acc: *99.998%* (49999/50000) 
Test epoch: 150 | Loss: *0.475* | Acc: *88.180%* (8818/10000)
Train epoch: 151 | Loss: *0.003* | Acc: *99.996%* (49998/50000) 
Test epoch: 151 | Loss: *0.488* | Acc: *88.250%* (8825/10000)
Train epoch: 152 | Loss: *0.003* | Acc: *99.992%* (49996/50000) 
Test epoch: 152 | Loss: *0.469* | Acc: *88.310%* (8831/10000)
Train epoch: 153 | Loss: *0.003* | Acc: *100.000%* (50000/50000) 
Test epoch: 153 | Loss: *0.469* | Acc: *88.390%* (8839/10000)
Train epoch: 154 | Loss: *0.003* | Acc: *100.000%* (50000/50000) 
Test epoch: 154 | Loss: *0.471* | Acc: *88.400%* (8840/10000)
Train epoch: 155 | Loss: *0.003* | Acc: *100.000%* (50000/50000) 
Test epoch: 155 | Loss: *0.468* | Acc: *88.460%* (8846/10000)
Train epoch: 156 | Loss: *0.003* | Acc: *100.000%* (50000/50000) 
Test epoch: 156 | Loss: *0.473* | Acc: *88.520%* (8852/10000)
Train epoch: 157 | Loss: *0.003* | Acc: *99.998%* (49999/50000) 
Test epoch: 157 | Loss: *0.466* | Acc: *88.440%* (8844/10000)
Train epoch: 158 | Loss: *0.003* | Acc: *99.996%* (49998/50000) 
Test epoch: 158 | Loss: *0.467* | Acc: *88.380%* (8838/10000)
Train epoch: 159 | Loss: *0.003* | Acc: *99.998%* (49999/50000) 
Test epoch: 159 | Loss: *0.472* | Acc: *88.360%* (8836/10000)
Train epoch: 160 | Loss: *0.003* | Acc: *99.996%* (49998/50000) 
Test epoch: 160 | Loss: *0.470* | Acc: *88.420%* (8842/10000)
Train epoch: 161 | Loss: *0.003* | Acc: *99.996%* (49998/50000) 
Test epoch: 161 | Loss: *0.471* | Acc: *88.350%* (8835/10000)
Train epoch: 162 | Loss: *0.003* | Acc: *99.998%* (49999/50000) 
Test epoch: 162 | Loss: *0.468* | Acc: *88.480%* (8848/10000)
Train epoch: 163 | Loss: *0.003* | Acc: *100.000%* (50000/50000) 
Test epoch: 163 | Loss: *0.469* | Acc: *88.400%* (8840/10000)
Train epoch: 164 | Loss: *0.003* | Acc: *99.996%* (49998/50000) 
Test epoch: 164 | Loss: *0.478* | Acc: *88.320%* (8832/10000)
Train epoch: 165 | Loss: *0.003* | Acc: *99.998%* (49999/50000) 
Test epoch: 165 | Loss: *0.472* | Acc: *88.180%* (8818/10000)
Train epoch: 166 | Loss: *0.003* | Acc: *100.000%* (50000/50000) 
Test epoch: 166 | Loss: *0.475* | Acc: *88.260%* (8826/10000)
Train epoch: 167 | Loss: *0.003* | Acc: *99.998%* (49999/50000) 
Test epoch: 167 | Loss: *0.475* | Acc: *88.350%* (8835/10000)
Train epoch: 168 | Loss: *0.003* | Acc: *99.996%* (49998/50000) 
Test epoch: 168 | Loss: *0.475* | Acc: *88.350%* (8835/10000)
Train epoch: 169 | Loss: *0.003* | Acc: *100.000%* (50000/50000) 
Test epoch: 169 | Loss: *0.474* | Acc: *88.300%* (8830/10000)
Train epoch: 170 | Loss: *0.003* | Acc: *99.998%* (49999/50000) 
Test epoch: 170 | Loss: *0.474* | Acc: *88.330%* (8833/10000)
Train epoch: 171 | Loss: *0.003* | Acc: *100.000%* (50000/50000) 
Test epoch: 171 | Loss: *0.470* | Acc: *88.240%* (8824/10000)
Train epoch: 172 | Loss: *0.003* | Acc: *99.998%* (49999/50000) 
Test epoch: 172 | Loss: *0.469* | Acc: *88.390%* (8839/10000)
Train epoch: 173 | Loss: *0.003* | Acc: *99.994%* (49997/50000) 
Test epoch: 173 | Loss: *0.470* | Acc: *88.360%* (8836/10000)
Train epoch: 174 | Loss: *0.003* | Acc: *100.000%* (50000/50000) 
Test epoch: 174 | Loss: *0.467* | Acc: *88.310%* (8831/10000)
Train epoch: 175 | Loss: *0.003* | Acc: *100.000%* (50000/50000) 
Test epoch: 175 | Loss: *0.472* | Acc: *88.140%* (8814/10000)
Train epoch: 176 | Loss: *0.003* | Acc: *100.000%* (50000/50000) 
Test epoch: 176 | Loss: *0.469* | Acc: *88.400%* (8840/10000)
Train epoch: 177 | Loss: *0.003* | Acc: *99.996%* (49998/50000) 
Test epoch: 177 | Loss: *0.472* | Acc: *88.370%* (8837/10000)
Train epoch: 178 | Loss: *0.003* | Acc: *99.998%* (49999/50000) 
Test epoch: 178 | Loss: *0.472* | Acc: *88.270%* (8827/10000)
Train epoch: 179 | Loss: *0.003* | Acc: *99.996%* (49998/50000) 
Test epoch: 179 | Loss: *0.474* | Acc: *88.340%* (8834/10000)
Train epoch: 180 | Loss: *0.003* | Acc: *100.000%* (50000/50000) 
Test epoch: 180 | Loss: *0.473* | Acc: *88.520%* (8852/10000)
Train epoch: 181 | Loss: *0.003* | Acc: *100.000%* (50000/50000) 
Test epoch: 181 | Loss: *0.474* | Acc: *88.250%* (8825/10000)
Train epoch: 182 | Loss: *0.003* | Acc: *100.000%* (50000/50000) 
Test epoch: 182 | Loss: *0.469* | Acc: *88.410%* (8841/10000)
Train epoch: 183 | Loss: *0.003* | Acc: *100.000%* (50000/50000) 
Test epoch: 183 | Loss: *0.469* | Acc: *88.320%* (8832/10000)
Train epoch: 184 | Loss: *0.003* | Acc: *100.000%* (50000/50000) 
Test epoch: 184 | Loss: *0.469* | Acc: *88.390%* (8839/10000)
Train epoch: 185 | Loss: *0.003* | Acc: *100.000%* (50000/50000) 
Test epoch: 185 | Loss: *0.471* | Acc: *88.350%* (8835/10000)
Train epoch: 186 | Loss: *0.003* | Acc: *100.000%* (50000/50000) 
Test epoch: 186 | Loss: *0.473* | Acc: *88.370%* (8837/10000)
Train epoch: 187 | Loss: *0.003* | Acc: *100.000%* (50000/50000) 
Test epoch: 187 | Loss: *0.470* | Acc: *88.440%* (8844/10000)
Train epoch: 188 | Loss: *0.003* | Acc: *100.000%* (50000/50000) 
Test epoch: 188 | Loss: *0.470* | Acc: *88.300%* (8830/10000)
Train epoch: 189 | Loss: *0.003* | Acc: *100.000%* (50000/50000) 
Test epoch: 189 | Loss: *0.468* | Acc: *88.330%* (8833/10000)
Train epoch: 190 | Loss: *0.003* | Acc: *100.000%* (50000/50000) 
Test epoch: 190 | Loss: *0.473* | Acc: *88.320%* (8832/10000)
Train epoch: 191 | Loss: *0.003* | Acc: *99.998%* (49999/50000) 
Test epoch: 191 | Loss: *0.472* | Acc: *88.440%* (8844/10000)
Train epoch: 192 | Loss: *0.003* | Acc: *99.998%* (49999/50000) 
Test epoch: 192 | Loss: *0.467* | Acc: *88.420%* (8842/10000)
Train epoch: 193 | Loss: *0.003* | Acc: *100.000%* (50000/50000) 
Test epoch: 193 | Loss: *0.468* | Acc: *88.340%* (8834/10000)
Train epoch: 194 | Loss: *0.003* | Acc: *99.998%* (49999/50000) 
Test epoch: 194 | Loss: *0.471* | Acc: *88.290%* (8829/10000)
Train epoch: 195 | Loss: *0.003* | Acc: *99.998%* (49999/50000) 
Test epoch: 195 | Loss: *0.471* | Acc: *88.430%* (8843/10000)
Train epoch: 196 | Loss: *0.003* | Acc: *100.000%* (50000/50000) 
Test epoch: 196 | Loss: *0.472* | Acc: *88.440%* (8844/10000)
Train epoch: 197 | Loss: *0.003* | Acc: *99.996%* (49998/50000) 
Test epoch: 197 | Loss: *0.470* | Acc: *88.470%* (8847/10000)
Train epoch: 198 | Loss: *0.003* | Acc: *99.998%* (49999/50000) 
Test epoch: 198 | Loss: *0.468* | Acc: *88.430%* (8843/10000)
Train epoch: 199 | Loss: *0.003* | Acc: *100.000%* (50000/50000) 
Test epoch: 199 | Loss: *0.467* | Acc: *88.440%* (8844/10000)
Train epoch: 200 | Loss: *0.003* | Acc: *100.000%* (50000/50000) 
Test epoch: 200 | Loss: *0.473* | Acc: *88.220%* (8822/10000)
Train epoch: 201 | Loss: *0.003* | Acc: *99.998%* (49999/50000) 
Test epoch: 201 | Loss: *0.471* | Acc: *88.400%* (8840/10000)
Train epoch: 202 | Loss: *0.003* | Acc: *100.000%* (50000/50000) 
Test epoch: 202 | Loss: *0.471* | Acc: *88.320%* (8832/10000)
Train epoch: 203 | Loss: *0.003* | Acc: *99.998%* (49999/50000) 
Test epoch: 203 | Loss: *0.470* | Acc: *88.440%* (8844/10000)
Train epoch: 204 | Loss: *0.003* | Acc: *100.000%* (50000/50000) 
Test epoch: 204 | Loss: *0.473* | Acc: *88.320%* (8832/10000)
Train epoch: 205 | Loss: *0.003* | Acc: *99.998%* (49999/50000) 
Test epoch: 205 | Loss: *0.476* | Acc: *88.360%* (8836/10000)
Train epoch: 206 | Loss: *0.003* | Acc: *100.000%* (50000/50000) 
Test epoch: 206 | Loss: *0.472* | Acc: *88.400%* (8840/10000)
Train epoch: 207 | Loss: *0.003* | Acc: *99.994%* (49997/50000) 
Test epoch: 207 | Loss: *0.474* | Acc: *88.400%* (8840/10000)
Train epoch: 208 | Loss: *0.003* | Acc: *99.994%* (49997/50000) 
Test epoch: 208 | Loss: *0.471* | Acc: *88.350%* (8835/10000)
Train epoch: 209 | Loss: *0.003* | Acc: *99.998%* (49999/50000) 
Test epoch: 209 | Loss: *0.472* | Acc: *88.290%* (8829/10000)
Train epoch: 210 | Loss: *0.003* | Acc: *100.000%* (50000/50000) 
Test epoch: 210 | Loss: *0.470* | Acc: *88.450%* (8845/10000)
Train epoch: 211 | Loss: *0.003* | Acc: *99.998%* (49999/50000) 
Test epoch: 211 | Loss: *0.469* | Acc: *88.470%* (8847/10000)
Train epoch: 212 | Loss: *0.003* | Acc: *100.000%* (50000/50000) 
Test epoch: 212 | Loss: *0.470* | Acc: *88.380%* (8838/10000)
Train epoch: 213 | Loss: *0.003* | Acc: *99.998%* (49999/50000) 
Test epoch: 213 | Loss: *0.468* | Acc: *88.460%* (8846/10000)
Train epoch: 214 | Loss: *0.003* | Acc: *100.000%* (50000/50000) 
Test epoch: 214 | Loss: *0.470* | Acc: *88.440%* (8844/10000)
Train epoch: 215 | Loss: *0.003* | Acc: *100.000%* (50000/50000) 
Test epoch: 215 | Loss: *0.472* | Acc: *88.250%* (8825/10000)
Train epoch: 216 | Loss: *0.003* | Acc: *100.000%* (50000/50000) 
Test epoch: 216 | Loss: *0.472* | Acc: *88.330%* (8833/10000)
Train epoch: 217 | Loss: *0.003* | Acc: *100.000%* (50000/50000) 
Test epoch: 217 | Loss: *0.469* | Acc: *88.420%* (8842/10000)
Train epoch: 218 | Loss: *0.003* | Acc: *100.000%* (50000/50000) 
Test epoch: 218 | Loss: *0.471* | Acc: *88.260%* (8826/10000)
Train epoch: 219 | Loss: *0.003* | Acc: *99.998%* (49999/50000) 
Test epoch: 219 | Loss: *0.471* | Acc: *88.420%* (8842/10000)
Train epoch: 220 | Loss: *0.003* | Acc: *100.000%* (50000/50000) 
Test epoch: 220 | Loss: *0.470* | Acc: *88.540%* (8854/10000)
Train epoch: 221 | Loss: *0.003* | Acc: *100.000%* (50000/50000) 
Test epoch: 221 | Loss: *0.470* | Acc: *88.330%* (8833/10000)
Train epoch: 222 | Loss: *0.003* | Acc: *99.996%* (49998/50000) 
Test epoch: 222 | Loss: *0.473* | Acc: *88.380%* (8838/10000)
Train epoch: 223 | Loss: *0.003* | Acc: *100.000%* (50000/50000) 
Test epoch: 223 | Loss: *0.472* | Acc: *88.370%* (8837/10000)
Train epoch: 224 | Loss: *0.003* | Acc: *99.998%* (49999/50000) 
Test epoch: 224 | Loss: *0.473* | Acc: *88.350%* (8835/10000)
Train epoch: 225 | Loss: *0.003* | Acc: *99.998%* (49999/50000) 
Test epoch: 225 | Loss: *0.470* | Acc: *88.370%* (8837/10000)
Train epoch: 226 | Loss: *0.003* | Acc: *100.000%* (50000/50000) 
Test epoch: 226 | Loss: *0.473* | Acc: *88.340%* (8834/10000)
Train epoch: 227 | Loss: *0.003* | Acc: *100.000%* (50000/50000) 
Test epoch: 227 | Loss: *0.472* | Acc: *88.440%* (8844/10000)
Train epoch: 228 | Loss: *0.003* | Acc: *100.000%* (50000/50000) 
Test epoch: 228 | Loss: *0.475* | Acc: *88.290%* (8829/10000)
Train epoch: 229 | Loss: *0.003* | Acc: *100.000%* (50000/50000) 
Test epoch: 229 | Loss: *0.472* | Acc: *88.440%* (8844/10000)
Train epoch: 230 | Loss: *0.003* | Acc: *99.998%* (49999/50000) 
Test epoch: 230 | Loss: *0.471* | Acc: *88.360%* (8836/10000)
Train epoch: 231 | Loss: *0.003* | Acc: *99.998%* (49999/50000) 
Test epoch: 231 | Loss: *0.467* | Acc: *88.270%* (8827/10000)
Train epoch: 232 | Loss: *0.003* | Acc: *99.998%* (49999/50000) 
Test epoch: 232 | Loss: *0.473* | Acc: *88.300%* (8830/10000)
Train epoch: 233 | Loss: *0.003* | Acc: *99.998%* (49999/50000) 
Test epoch: 233 | Loss: *0.471* | Acc: *88.410%* (8841/10000)
Train epoch: 234 | Loss: *0.003* | Acc: *100.000%* (50000/50000) 
Test epoch: 234 | Loss: *0.475* | Acc: *88.460%* (8846/10000)
Train epoch: 235 | Loss: *0.003* | Acc: *99.994%* (49997/50000) 
Test epoch: 235 | Loss: *0.471* | Acc: *88.430%* (8843/10000)
Train epoch: 236 | Loss: *0.003* | Acc: *99.998%* (49999/50000) 
Test epoch: 236 | Loss: *0.476* | Acc: *88.370%* (8837/10000)
Train epoch: 237 | Loss: *0.003* | Acc: *100.000%* (50000/50000) 
Test epoch: 237 | Loss: *0.471* | Acc: *88.320%* (8832/10000)
Train epoch: 238 | Loss: *0.003* | Acc: *100.000%* (50000/50000) 
Test epoch: 238 | Loss: *0.472* | Acc: *88.260%* (8826/10000)
Train epoch: 239 | Loss: *0.003* | Acc: *100.000%* (50000/50000) 
Test epoch: 239 | Loss: *0.469* | Acc: *88.310%* (8831/10000)
Train epoch: 240 | Loss: *0.003* | Acc: *100.000%* (50000/50000) 
Test epoch: 240 | Loss: *0.468* | Acc: *88.420%* (8842/10000)
Train epoch: 241 | Loss: *0.003* | Acc: *100.000%* (50000/50000) 
Test epoch: 241 | Loss: *0.472* | Acc: *88.450%* (8845/10000)
Train epoch: 242 | Loss: *0.003* | Acc: *100.000%* (50000/50000) 
Test epoch: 242 | Loss: *0.470* | Acc: *88.370%* (8837/10000)
Train epoch: 243 | Loss: *0.003* | Acc: *100.000%* (50000/50000) 
Test epoch: 243 | Loss: *0.466* | Acc: *88.390%* (8839/10000)
Train epoch: 244 | Loss: *0.003* | Acc: *100.000%* (50000/50000) 
Test epoch: 244 | Loss: *0.474* | Acc: *88.320%* (8832/10000)
Train epoch: 245 | Loss: *0.003* | Acc: *99.998%* (49999/50000) 
Test epoch: 245 | Loss: *0.472* | Acc: *88.340%* (8834/10000)
Train epoch: 246 | Loss: *0.003* | Acc: *99.998%* (49999/50000) 
Test epoch: 246 | Loss: *0.474* | Acc: *88.410%* (8841/10000)
Train epoch: 247 | Loss: *0.003* | Acc: *100.000%* (50000/50000) 
Test epoch: 247 | Loss: *0.474* | Acc: *88.230%* (8823/10000)
Train epoch: 248 | Loss: *0.003* | Acc: *99.998%* (49999/50000) 
Test epoch: 248 | Loss: *0.478* | Acc: *88.200%* (8820/10000)
Train epoch: 249 | Loss: *0.003* | Acc: *100.000%* (50000/50000) 
Test epoch: 249 | Loss: *0.469* | Acc: *88.450%* (8845/10000)
Train epoch: 250 | Loss: *0.003* | Acc: *99.998%* (49999/50000) 
Test epoch: 250 | Loss: *0.471* | Acc: *88.250%* (8825/10000)
Train epoch: 251 | Loss: *0.003* | Acc: *100.000%* (50000/50000) 
Test epoch: 251 | Loss: *0.465* | Acc: *88.230%* (8823/10000)
Train epoch: 252 | Loss: *0.003* | Acc: *100.000%* (50000/50000) 
Test epoch: 252 | Loss: *0.472* | Acc: *88.250%* (8825/10000)
Train epoch: 253 | Loss: *0.003* | Acc: *99.994%* (49997/50000) 
Test epoch: 253 | Loss: *0.471* | Acc: *88.170%* (8817/10000)
Train epoch: 254 | Loss: *0.003* | Acc: *99.998%* (49999/50000) 
Test epoch: 254 | Loss: *0.467* | Acc: *88.300%* (8830/10000)
Train epoch: 255 | Loss: *0.003* | Acc: *100.000%* (50000/50000) 
Test epoch: 255 | Loss: *0.469* | Acc: *88.320%* (8832/10000)
Train epoch: 256 | Loss: *0.003* | Acc: *100.000%* (50000/50000) 
Test epoch: 256 | Loss: *0.468* | Acc: *88.290%* (8829/10000)
Train epoch: 257 | Loss: *0.003* | Acc: *99.992%* (49996/50000) 
Test epoch: 257 | Loss: *0.471* | Acc: *88.260%* (8826/10000)
Train epoch: 258 | Loss: *0.003* | Acc: *99.998%* (49999/50000) 
Test epoch: 258 | Loss: *0.482* | Acc: *88.410%* (8841/10000)
Train epoch: 259 | Loss: *0.003* | Acc: *99.998%* (49999/50000) 
Test epoch: 259 | Loss: *0.470* | Acc: *88.290%* (8829/10000)
Train epoch: 260 | Loss: *0.003* | Acc: *100.000%* (50000/50000) 
Test epoch: 260 | Loss: *0.470* | Acc: *88.510%* (8851/10000)
Train epoch: 261 | Loss: *0.003* | Acc: *99.998%* (49999/50000) 
Test epoch: 261 | Loss: *0.468* | Acc: *87.990%* (8799/10000)
Train epoch: 262 | Loss: *0.003* | Acc: *99.994%* (49997/50000) 
Test epoch: 262 | Loss: *0.468* | Acc: *88.220%* (8822/10000)
Train epoch: 263 | Loss: *0.004* | Acc: *99.998%* (49999/50000) 
Test epoch: 263 | Loss: *0.476* | Acc: *88.030%* (8803/10000)
Train epoch: 264 | Loss: *0.004* | Acc: *99.996%* (49998/50000) 
Test epoch: 264 | Loss: *0.475* | Acc: *88.090%* (8809/10000)
Train epoch: 265 | Loss: *0.004* | Acc: *99.998%* (49999/50000) 
Test epoch: 265 | Loss: *0.465* | Acc: *88.270%* (8827/10000)
Train epoch: 266 | Loss: *0.003* | Acc: *99.998%* (49999/50000) 
Test epoch: 266 | Loss: *0.470* | Acc: *88.280%* (8828/10000)
Train epoch: 267 | Loss: *0.004* | Acc: *99.996%* (49998/50000) 
Test epoch: 267 | Loss: *0.491* | Acc: *87.890%* (8789/10000)
Train epoch: 268 | Loss: *0.004* | Acc: *99.998%* (49999/50000) 
Test epoch: 268 | Loss: *0.476* | Acc: *88.030%* (8803/10000)
Train epoch: 269 | Loss: *0.004* | Acc: *99.998%* (49999/50000) 
Test epoch: 269 | Loss: *0.492* | Acc: *87.900%* (8790/10000)
Train epoch: 270 | Loss: *0.004* | Acc: *99.988%* (49994/50000) 
Test epoch: 270 | Loss: *0.479* | Acc: *88.100%* (8810/10000)
Train epoch: 271 | Loss: *0.004* | Acc: *99.992%* (49996/50000) 
Test epoch: 271 | Loss: *0.473* | Acc: *88.170%* (8817/10000)
Train epoch: 272 | Loss: *0.004* | Acc: *99.998%* (49999/50000) 
Test epoch: 272 | Loss: *0.476* | Acc: *88.180%* (8818/10000)
Train epoch: 273 | Loss: *0.004* | Acc: *99.980%* (49990/50000) 
Test epoch: 273 | Loss: *0.476* | Acc: *88.170%* (8817/10000)
Train epoch: 274 | Loss: *0.004* | Acc: *99.992%* (49996/50000) 
Test epoch: 274 | Loss: *0.467* | Acc: *88.300%* (8830/10000)
Train epoch: 275 | Loss: *0.005* | Acc: *99.986%* (49993/50000) 
Test epoch: 275 | Loss: *0.476* | Acc: *88.090%* (8809/10000)
Train epoch: 276 | Loss: *0.007* | Acc: *99.946%* (49973/50000) 
Test epoch: 276 | Loss: *0.465* | Acc: *87.930%* (8793/10000)
Train epoch: 277 | Loss: *0.005* | Acc: *99.992%* (49996/50000) 
Test epoch: 277 | Loss: *0.469* | Acc: *88.150%* (8815/10000)
Train epoch: 278 | Loss: *0.008* | Acc: *99.932%* (49966/50000) 
Test epoch: 278 | Loss: *0.473* | Acc: *87.950%* (8795/10000)
Train epoch: 279 | Loss: *0.006* | Acc: *99.978%* (49989/50000) 
Test epoch: 279 | Loss: *0.476* | Acc: *87.980%* (8798/10000)
Train epoch: 280 | Loss: *0.007* | Acc: *99.950%* (49975/50000) 
Test epoch: 280 | Loss: *0.484* | Acc: *87.710%* (8771/10000)
Train epoch: 281 | Loss: *0.005* | Acc: *99.984%* (49992/50000) 
Test epoch: 281 | Loss: *0.474* | Acc: *87.980%* (8798/10000)
Train epoch: 282 | Loss: *0.007* | Acc: *99.964%* (49982/50000) 
Test epoch: 282 | Loss: *0.492* | Acc: *88.070%* (8807/10000)
Train epoch: 283 | Loss: *0.006* | Acc: *99.974%* (49987/50000) 
Test epoch: 283 | Loss: *0.517* | Acc: *87.720%* (8772/10000)
Train epoch: 284 | Loss: *0.009* | Acc: *99.926%* (49963/50000) 
Test epoch: 284 | Loss: *0.476* | Acc: *87.760%* (8776/10000)
Train epoch: 285 | Loss: *0.012* | Acc: *99.862%* (49931/50000) 
Test epoch: 285 | Loss: *0.470* | Acc: *87.820%* (8782/10000)
Train epoch: 286 | Loss: *0.013* | Acc: *99.838%* (49919/50000) 
Test epoch: 286 | Loss: *0.540* | Acc: *86.880%* (8688/10000)
Train epoch: 287 | Loss: *0.016* | Acc: *99.776%* (49888/50000) 
Test epoch: 287 | Loss: *0.607* | Acc: *84.720%* (8472/10000)
Train epoch: 288 | Loss: *0.015* | Acc: *99.774%* (49887/50000) 
Test epoch: 288 | Loss: *0.498* | Acc: *87.310%* (8731/10000)
Train epoch: 289 | Loss: *0.016* | Acc: *99.748%* (49874/50000) 
Test epoch: 289 | Loss: *0.468* | Acc: *87.620%* (8762/10000)
Train epoch: 290 | Loss: *0.016* | Acc: *99.748%* (49874/50000) 
Test epoch: 290 | Loss: *0.502* | Acc: *87.390%* (8739/10000)
Train epoch: 291 | Loss: *0.015* | Acc: *99.816%* (49908/50000) 
Test epoch: 291 | Loss: *0.508* | Acc: *86.590%* (8659/10000)
Train epoch: 292 | Loss: *0.023* | Acc: *99.574%* (49787/50000) 
Test epoch: 292 | Loss: *0.558* | Acc: *85.750%* (8575/10000)
Train epoch: 293 | Loss: *0.021* | Acc: *99.640%* (49820/50000) 
Test epoch: 293 | Loss: *0.549* | Acc: *86.250%* (8625/10000)
Train epoch: 294 | Loss: *0.017* | Acc: *99.724%* (49862/50000) 
Test epoch: 294 | Loss: *0.503* | Acc: *86.890%* (8689/10000)
Train epoch: 295 | Loss: *0.021* | Acc: *99.634%* (49817/50000) 
Test epoch: 295 | Loss: *0.499* | Acc: *87.140%* (8714/10000)
Train epoch: 296 | Loss: *0.023* | Acc: *99.532%* (49766/50000) 
Test epoch: 296 | Loss: *0.526* | Acc: *86.500%* (8650/10000)
Train epoch: 297 | Loss: *0.019* | Acc: *99.674%* (49837/50000) 
Test epoch: 297 | Loss: *0.514* | Acc: *86.880%* (8688/10000)
Train epoch: 298 | Loss: *0.018* | Acc: *99.738%* (49869/50000) 
Test epoch: 298 | Loss: *0.521* | Acc: *87.150%* (8715/10000)
Train epoch: 299 | Loss: *0.022* | Acc: *99.604%* (49802/50000) 
Test epoch: 299 | Loss: *0.497* | Acc: *87.060%* (8706/10000)
Train epoch: 300 | Loss: *0.020* | Acc: *99.660%* (49830/50000) 
Test epoch: 300 | Loss: *0.491* | Acc: *87.230%* (8723/10000)
Train epoch: 301 | Loss: *0.023* | Acc: *99.498%* (49749/50000) 
Test epoch: 301 | Loss: *0.548* | Acc: *86.730%* (8673/10000)
Train epoch: 302 | Loss: *0.024* | Acc: *99.474%* (49737/50000) 
Test epoch: 302 | Loss: *0.561* | Acc: *85.910%* (8591/10000)
Train epoch: 303 | Loss: *0.028* | Acc: *99.396%* (49698/50000) 
Test epoch: 303 | Loss: *0.701* | Acc: *84.110%* (8411/10000)
Train epoch: 304 | Loss: *0.028* | Acc: *99.338%* (49669/50000) 
Test epoch: 304 | Loss: *0.530* | Acc: *86.790%* (8679/10000)
Train epoch: 305 | Loss: *0.024* | Acc: *99.550%* (49775/50000) 
Test epoch: 305 | Loss: *0.499* | Acc: *87.020%* (8702/10000)
Train epoch: 306 | Loss: *0.022* | Acc: *99.550%* (49775/50000) 
Test epoch: 306 | Loss: *0.549* | Acc: *86.100%* (8610/10000)
Train epoch: 307 | Loss: *0.020* | Acc: *99.682%* (49841/50000) 
Test epoch: 307 | Loss: *0.505* | Acc: *87.350%* (8735/10000)
Train epoch: 308 | Loss: *0.025* | Acc: *99.480%* (49740/50000) 
Test epoch: 308 | Loss: *0.543* | Acc: *85.950%* (8595/10000)
Train epoch: 309 | Loss: *0.027* | Acc: *99.420%* (49710/50000) 
Test epoch: 309 | Loss: *0.549* | Acc: *85.860%* (8586/10000)
Train epoch: 310 | Loss: *0.030* | Acc: *99.338%* (49669/50000) 
Test epoch: 310 | Loss: *0.508* | Acc: *86.790%* (8679/10000)
Train epoch: 311 | Loss: *0.029* | Acc: *99.260%* (49630/50000) 
Test epoch: 311 | Loss: *0.513* | Acc: *86.840%* (8684/10000)
Train epoch: 312 | Loss: *0.029* | Acc: *99.366%* (49683/50000) 
Test epoch: 312 | Loss: *0.551* | Acc: *85.870%* (8587/10000)
Train epoch: 313 | Loss: *0.027* | Acc: *99.414%* (49707/50000) 
Test epoch: 313 | Loss: *0.557* | Acc: *85.960%* (8596/10000)
Train epoch: 314 | Loss: *0.023* | Acc: *99.572%* (49786/50000) 
Test epoch: 314 | Loss: *0.496* | Acc: *87.570%* (8757/10000)
Train epoch: 315 | Loss: *0.022* | Acc: *99.550%* (49775/50000) 
Test epoch: 315 | Loss: *0.662* | Acc: *83.800%* (8380/10000)
Train epoch: 316 | Loss: *0.025* | Acc: *99.480%* (49740/50000) 
Test epoch: 316 | Loss: *0.519* | Acc: *87.130%* (8713/10000)
Train epoch: 317 | slurmstepd: error: *** JOB 15736535 ON gr027 CANCELLED AT 2022-03-08T01:07:47 DUE TO TIME LIMIT ***
