Defaulting to user installation because normal site-packages is not writeable
Requirement already satisfied: Torch in ./.local/lib/python3.8/site-packages (1.10.2)
Requirement already satisfied: typing-extensions in ./.local/lib/python3.8/site-packages (from Torch) (4.1.1)
Defaulting to user installation because normal site-packages is not writeable
Requirement already satisfied: torchvision in ./.local/lib/python3.8/site-packages (0.11.3)
Requirement already satisfied: numpy in /share/apps/anaconda3/2020.07/lib/python3.8/site-packages (from torchvision) (1.18.5)
Requirement already satisfied: pillow!=8.3.0,>=5.3.0 in /share/apps/anaconda3/2020.07/lib/python3.8/site-packages (from torchvision) (7.2.0)
Requirement already satisfied: torch==1.10.2 in ./.local/lib/python3.8/site-packages (from torchvision) (1.10.2)
Requirement already satisfied: typing-extensions in ./.local/lib/python3.8/site-packages (from torch==1.10.2->torchvision) (4.1.1)
==> Running on : cuda
==> Number of CPU: 48
==> Number of workers: 2
==> #Epochs: 500, #Layers: 2, #Blocks: [3, 1], In channel: 128, Input layer conv kernel: 7x7, Residual layer conv kernel 5x5, Skip kernel: 1x1, Input layer conv padding: 3, Residual layer conv padding: 2
==> Optimizer is Adam
==> Learning rate: 0.001
==> Weight decay: 0.0005
==>Trainable Parameters: 4972682
==>Other Parameters: 0
==>Augmentation: None
Files already downloaded and verified
Train epoch: 1 | Loss: *1.527* | Acc: *43.526%* (21763/50000) 
Test epoch: 1 | Loss: *1.931* | Acc: *36.170%* (3617/10000)
Train epoch: 2 | Loss: *1.166* | Acc: *57.828%* (28914/50000) 
Test epoch: 2 | Loss: *1.495* | Acc: *47.940%* (4794/10000)
Train epoch: 3 | Loss: *1.012* | Acc: *63.850%* (31925/50000) 
Test epoch: 3 | Loss: *1.874* | Acc: *42.620%* (4262/10000)
Train epoch: 4 | Loss: *0.916* | Acc: *67.578%* (33789/50000) 
Test epoch: 4 | Loss: *1.137* | Acc: *59.330%* (5933/10000)
Train epoch: 5 | Loss: *0.816* | Acc: *71.406%* (35703/50000) 
Test epoch: 5 | Loss: *1.166* | Acc: *58.420%* (5842/10000)
Train epoch: 6 | Loss: *0.729* | Acc: *74.688%* (37344/50000) 
Test epoch: 6 | Loss: *0.822* | Acc: *71.690%* (7169/10000)
Train epoch: 7 | Loss: *0.663* | Acc: *77.190%* (38595/50000) 
Test epoch: 7 | Loss: *1.122* | Acc: *62.890%* (6289/10000)
Train epoch: 8 | Loss: *0.610* | Acc: *78.958%* (39479/50000) 
Test epoch: 8 | Loss: *1.146* | Acc: *63.380%* (6338/10000)
Train epoch: 9 | Loss: *0.562* | Acc: *80.578%* (40289/50000) 
Test epoch: 9 | Loss: *0.680* | Acc: *76.350%* (7635/10000)
Train epoch: 10 | Loss: *0.530* | Acc: *81.702%* (40851/50000) 
Test epoch: 10 | Loss: *0.726* | Acc: *75.780%* (7578/10000)
Train epoch: 11 | Loss: *0.491* | Acc: *83.020%* (41510/50000) 
Test epoch: 11 | Loss: *0.909* | Acc: *70.000%* (7000/10000)
Train epoch: 12 | Loss: *0.468* | Acc: *84.036%* (42018/50000) 
Test epoch: 12 | Loss: *0.860* | Acc: *70.990%* (7099/10000)
Train epoch: 13 | Loss: *0.442* | Acc: *84.918%* (42459/50000) 
Test epoch: 13 | Loss: *0.704* | Acc: *75.490%* (7549/10000)
Train epoch: 14 | Loss: *0.423* | Acc: *85.490%* (42745/50000) 
Test epoch: 14 | Loss: *0.760* | Acc: *74.030%* (7403/10000)
Train epoch: 15 | Loss: *0.400* | Acc: *86.406%* (43203/50000) 
Test epoch: 15 | Loss: *0.896* | Acc: *72.850%* (7285/10000)
Train epoch: 16 | Loss: *0.384* | Acc: *86.768%* (43384/50000) 
Test epoch: 16 | Loss: *0.641* | Acc: *78.400%* (7840/10000)
Train epoch: 17 | Loss: *0.368* | Acc: *87.228%* (43614/50000) 
Test epoch: 17 | Loss: *1.006* | Acc: *68.330%* (6833/10000)
Train epoch: 18 | Loss: *0.355* | Acc: *87.822%* (43911/50000) 
Test epoch: 18 | Loss: *0.732* | Acc: *76.300%* (7630/10000)
Train epoch: 19 | Loss: *0.338* | Acc: *88.422%* (44211/50000) 
Test epoch: 19 | Loss: *0.678* | Acc: *78.340%* (7834/10000)
Train epoch: 20 | Loss: *0.327* | Acc: *88.732%* (44366/50000) 
Test epoch: 20 | Loss: *0.737* | Acc: *75.570%* (7557/10000)
Train epoch: 21 | Loss: *0.313* | Acc: *89.166%* (44583/50000) 
Test epoch: 21 | Loss: *0.907* | Acc: *72.230%* (7223/10000)
Train epoch: 22 | Loss: *0.306* | Acc: *89.418%* (44709/50000) 
Test epoch: 22 | Loss: *0.539* | Acc: *81.870%* (8187/10000)
Train epoch: 23 | Loss: *0.296* | Acc: *89.794%* (44897/50000) 
Test epoch: 23 | Loss: *0.723* | Acc: *78.120%* (7812/10000)
Train epoch: 24 | Loss: *0.277* | Acc: *90.450%* (45225/50000) 
Test epoch: 24 | Loss: *0.703* | Acc: *76.600%* (7660/10000)
Train epoch: 25 | Loss: *0.271* | Acc: *90.726%* (45363/50000) 
Test epoch: 25 | Loss: *0.742* | Acc: *77.240%* (7724/10000)
Train epoch: 26 | Loss: *0.264* | Acc: *90.968%* (45484/50000) 
Test epoch: 26 | Loss: *0.760* | Acc: *77.260%* (7726/10000)
Train epoch: 27 | Loss: *0.250* | Acc: *91.276%* (45638/50000) 
Test epoch: 27 | Loss: *0.590* | Acc: *80.280%* (8028/10000)
Train epoch: 28 | Loss: *0.246* | Acc: *91.480%* (45740/50000) 
Test epoch: 28 | Loss: *0.591* | Acc: *80.490%* (8049/10000)
Train epoch: 29 | Loss: *0.238* | Acc: *91.854%* (45927/50000) 
Test epoch: 29 | Loss: *0.552* | Acc: *82.490%* (8249/10000)
Train epoch: 30 | Loss: *0.231* | Acc: *92.084%* (46042/50000) 
Test epoch: 30 | Loss: *0.651* | Acc: *79.500%* (7950/10000)
Train epoch: 31 | Loss: *0.222* | Acc: *92.318%* (46159/50000) 
Test epoch: 31 | Loss: *0.533* | Acc: *82.810%* (8281/10000)
Train epoch: 32 | Loss: *0.221* | Acc: *92.290%* (46145/50000) 
Test epoch: 32 | Loss: *0.653* | Acc: *79.770%* (7977/10000)
Train epoch: 33 | Loss: *0.206* | Acc: *92.858%* (46429/50000) 
Test epoch: 33 | Loss: *0.634* | Acc: *80.410%* (8041/10000)
Train epoch: 34 | Loss: *0.202* | Acc: *93.016%* (46508/50000) 
Test epoch: 34 | Loss: *0.805* | Acc: *77.540%* (7754/10000)
Train epoch: 35 | Loss: *0.200* | Acc: *93.102%* (46551/50000) 
Test epoch: 35 | Loss: *0.775* | Acc: *76.940%* (7694/10000)
Train epoch: 36 | Loss: *0.198* | Acc: *93.066%* (46533/50000) 
Test epoch: 36 | Loss: *0.711* | Acc: *78.690%* (7869/10000)
Train epoch: 37 | Loss: *0.184* | Acc: *93.682%* (46841/50000) 
Test epoch: 37 | Loss: *0.656* | Acc: *80.870%* (8087/10000)
Train epoch: 38 | Loss: *0.182* | Acc: *93.772%* (46886/50000) 
Test epoch: 38 | Loss: *0.706* | Acc: *79.850%* (7985/10000)
Train epoch: 39 | Loss: *0.180* | Acc: *93.868%* (46934/50000) 
Test epoch: 39 | Loss: *0.591* | Acc: *81.830%* (8183/10000)
Train epoch: 40 | Loss: *0.176* | Acc: *93.912%* (46956/50000) 
Test epoch: 40 | Loss: *0.827* | Acc: *76.840%* (7684/10000)
Train epoch: 41 | Loss: *0.161* | Acc: *94.504%* (47252/50000) 
Test epoch: 41 | Loss: *0.707* | Acc: *78.500%* (7850/10000)
Train epoch: 42 | Loss: *0.170* | Acc: *94.182%* (47091/50000) 
Test epoch: 42 | Loss: *0.832* | Acc: *76.610%* (7661/10000)
Train epoch: 43 | Loss: *0.158* | Acc: *94.618%* (47309/50000) 
Test epoch: 43 | Loss: *0.670* | Acc: *80.180%* (8018/10000)
Train epoch: 44 | Loss: *0.154* | Acc: *94.716%* (47358/50000) 
Test epoch: 44 | Loss: *0.705* | Acc: *78.640%* (7864/10000)
Train epoch: 45 | Loss: *0.156* | Acc: *94.604%* (47302/50000) 
Test epoch: 45 | Loss: *0.586* | Acc: *82.020%* (8202/10000)
Train epoch: 46 | Loss: *0.150* | Acc: *94.860%* (47430/50000) 
Test epoch: 46 | Loss: *0.626* | Acc: *81.490%* (8149/10000)
Train epoch: 47 | Loss: *0.147* | Acc: *95.004%* (47502/50000) 
Test epoch: 47 | Loss: *0.662* | Acc: *79.610%* (7961/10000)
Train epoch: 48 | Loss: *0.141* | Acc: *95.322%* (47661/50000) 
Test epoch: 48 | Loss: *0.745* | Acc: *78.860%* (7886/10000)
Train epoch: 49 | Loss: *0.139* | Acc: *95.340%* (47670/50000) 
Test epoch: 49 | Loss: *0.844* | Acc: *77.600%* (7760/10000)
Train epoch: 50 | Loss: *0.136* | Acc: *95.344%* (47672/50000) 
Test epoch: 50 | Loss: *0.659* | Acc: *81.710%* (8171/10000)
Train epoch: 51 | Loss: *0.134* | Acc: *95.474%* (47737/50000) 
Test epoch: 51 | Loss: *0.785* | Acc: *77.890%* (7789/10000)
Train epoch: 52 | Loss: *0.134* | Acc: *95.496%* (47748/50000) 
Test epoch: 52 | Loss: *0.695* | Acc: *80.560%* (8056/10000)
Train epoch: 53 | Loss: *0.119* | Acc: *96.066%* (48033/50000) 
Test epoch: 53 | Loss: *0.654* | Acc: *80.590%* (8059/10000)
Train epoch: 54 | Loss: *0.124* | Acc: *95.860%* (47930/50000) 
Test epoch: 54 | Loss: *0.581* | Acc: *82.890%* (8289/10000)
Train epoch: 55 | Loss: *0.122* | Acc: *95.944%* (47972/50000) 
Test epoch: 55 | Loss: *0.824* | Acc: *77.450%* (7745/10000)
Train epoch: 56 | Loss: *0.122* | Acc: *95.852%* (47926/50000) 
Test epoch: 56 | Loss: *0.533* | Acc: *83.630%* (8363/10000)
Train epoch: 57 | Loss: *0.116* | Acc: *96.082%* (48041/50000) 
Test epoch: 57 | Loss: *0.634* | Acc: *82.680%* (8268/10000)
Train epoch: 58 | Loss: *0.109* | Acc: *96.404%* (48202/50000) 
Test epoch: 58 | Loss: *0.714* | Acc: *80.340%* (8034/10000)
Train epoch: 59 | Loss: *0.111* | Acc: *96.268%* (48134/50000) 
Test epoch: 59 | Loss: *0.839* | Acc: *77.430%* (7743/10000)
Train epoch: 60 | Loss: *0.106* | Acc: *96.488%* (48244/50000) 
Test epoch: 60 | Loss: *0.985* | Acc: *75.750%* (7575/10000)
Train epoch: 61 | Loss: *0.110* | Acc: *96.312%* (48156/50000) 
Test epoch: 61 | Loss: *0.743* | Acc: *79.370%* (7937/10000)
Train epoch: 62 | Loss: *0.105* | Acc: *96.440%* (48220/50000) 
Test epoch: 62 | Loss: *0.633* | Acc: *81.970%* (8197/10000)
Train epoch: 63 | Loss: *0.105* | Acc: *96.516%* (48258/50000) 
Test epoch: 63 | Loss: *0.622* | Acc: *82.200%* (8220/10000)
Train epoch: 64 | Loss: *0.097* | Acc: *96.772%* (48386/50000) 
Test epoch: 64 | Loss: *0.597* | Acc: *82.900%* (8290/10000)
Train epoch: 65 | Loss: *0.096* | Acc: *96.822%* (48411/50000) 
Test epoch: 65 | Loss: *0.611* | Acc: *83.160%* (8316/10000)
Train epoch: 66 | Loss: *0.096* | Acc: *96.888%* (48444/50000) 
Test epoch: 66 | Loss: *0.620* | Acc: *82.390%* (8239/10000)
Train epoch: 67 | Loss: *0.098* | Acc: *96.826%* (48413/50000) 
Test epoch: 67 | Loss: *0.751* | Acc: *79.550%* (7955/10000)
Train epoch: 68 | Loss: *0.085* | Acc: *97.142%* (48571/50000) 
Test epoch: 68 | Loss: *0.835* | Acc: *78.860%* (7886/10000)
Train epoch: 69 | Loss: *0.085* | Acc: *97.250%* (48625/50000) 
Test epoch: 69 | Loss: *0.716* | Acc: *80.620%* (8062/10000)
Train epoch: 70 | Loss: *0.093* | Acc: *96.946%* (48473/50000) 
Test epoch: 70 | Loss: *0.648* | Acc: *81.910%* (8191/10000)
Train epoch: 71 | Loss: *0.083* | Acc: *97.362%* (48681/50000) 
Test epoch: 71 | Loss: *0.772* | Acc: *79.430%* (7943/10000)
Train epoch: 72 | Loss: *0.090* | Acc: *96.970%* (48485/50000) 
Test epoch: 72 | Loss: *0.650* | Acc: *82.030%* (8203/10000)
Train epoch: 73 | Loss: *0.080* | Acc: *97.482%* (48741/50000) 
Test epoch: 73 | Loss: *1.012* | Acc: *75.370%* (7537/10000)
Train epoch: 74 | Loss: *0.087* | Acc: *97.146%* (48573/50000) 
Test epoch: 74 | Loss: *0.773* | Acc: *78.690%* (7869/10000)
Train epoch: 75 | Loss: *0.078* | Acc: *97.548%* (48774/50000) 
Test epoch: 75 | Loss: *0.683* | Acc: *81.890%* (8189/10000)
Train epoch: 76 | Loss: *0.076* | Acc: *97.552%* (48776/50000) 
Test epoch: 76 | Loss: *0.688* | Acc: *81.980%* (8198/10000)
Train epoch: 77 | Loss: *0.077* | Acc: *97.480%* (48740/50000) 
Test epoch: 77 | Loss: *0.613* | Acc: *82.440%* (8244/10000)
Train epoch: 78 | Loss: *0.077* | Acc: *97.552%* (48776/50000) 
Test epoch: 78 | Loss: *0.647* | Acc: *82.260%* (8226/10000)
Train epoch: 79 | Loss: *0.069* | Acc: *97.784%* (48892/50000) 
Test epoch: 79 | Loss: *0.722* | Acc: *81.080%* (8108/10000)
Train epoch: 80 | Loss: *0.072* | Acc: *97.726%* (48863/50000) 
Test epoch: 80 | Loss: *0.688* | Acc: *80.790%* (8079/10000)
Train epoch: 81 | Loss: *0.071* | Acc: *97.798%* (48899/50000) 
Test epoch: 81 | Loss: *0.745* | Acc: *80.030%* (8003/10000)
Train epoch: 82 | Loss: *0.069* | Acc: *97.840%* (48920/50000) 
Test epoch: 82 | Loss: *0.698* | Acc: *81.160%* (8116/10000)
Train epoch: 83 | Loss: *0.063* | Acc: *98.086%* (49043/50000) 
Test epoch: 83 | Loss: *0.614* | Acc: *83.190%* (8319/10000)
Train epoch: 84 | Loss: *0.074* | Acc: *97.690%* (48845/50000) 
Test epoch: 84 | Loss: *0.690* | Acc: *81.380%* (8138/10000)
Train epoch: 85 | Loss: *0.071* | Acc: *97.806%* (48903/50000) 
Test epoch: 85 | Loss: *0.701* | Acc: *82.120%* (8212/10000)
Train epoch: 86 | Loss: *0.061* | Acc: *98.206%* (49103/50000) 
Test epoch: 86 | Loss: *0.604* | Acc: *83.300%* (8330/10000)
Train epoch: 87 | Loss: *0.062* | Acc: *98.118%* (49059/50000) 
Test epoch: 87 | Loss: *0.696* | Acc: *81.590%* (8159/10000)
Train epoch: 88 | Loss: *0.055* | Acc: *98.374%* (49187/50000) 
Test epoch: 88 | Loss: *0.825* | Acc: *80.370%* (8037/10000)
Train epoch: 89 | Loss: *0.061* | Acc: *98.082%* (49041/50000) 
Test epoch: 89 | Loss: *0.673* | Acc: *81.720%* (8172/10000)
Train epoch: 90 | Loss: *0.057* | Acc: *98.282%* (49141/50000) 
Test epoch: 90 | Loss: *0.704* | Acc: *81.900%* (8190/10000)
Train epoch: 91 | Loss: *0.055* | Acc: *98.378%* (49189/50000) 
Test epoch: 91 | Loss: *0.747* | Acc: *80.190%* (8019/10000)
Train epoch: 92 | Loss: *0.055* | Acc: *98.312%* (49156/50000) 
Test epoch: 92 | Loss: *0.729* | Acc: *80.330%* (8033/10000)
Train epoch: 93 | Loss: *0.061* | Acc: *98.148%* (49074/50000) 
Test epoch: 93 | Loss: *0.639* | Acc: *82.430%* (8243/10000)
Train epoch: 94 | Loss: *0.043* | Acc: *98.816%* (49408/50000) 
Test epoch: 94 | Loss: *0.779* | Acc: *80.160%* (8016/10000)
Train epoch: 95 | Loss: *0.046* | Acc: *98.670%* (49335/50000) 
Test epoch: 95 | Loss: *0.642* | Acc: *82.580%* (8258/10000)
Train epoch: 96 | Loss: *0.047* | Acc: *98.652%* (49326/50000) 
Test epoch: 96 | Loss: *0.659* | Acc: *83.110%* (8311/10000)
Train epoch: 97 | Loss: *0.052* | Acc: *98.448%* (49224/50000) 
Test epoch: 97 | Loss: *0.729* | Acc: *80.930%* (8093/10000)
Train epoch: 98 | Loss: *0.051* | Acc: *98.488%* (49244/50000) 
Test epoch: 98 | Loss: *0.679* | Acc: *81.990%* (8199/10000)
Train epoch: 99 | Loss: *0.045* | Acc: *98.664%* (49332/50000) 
Test epoch: 99 | Loss: *0.673* | Acc: *82.420%* (8242/10000)
Train epoch: 100 | Loss: *0.051* | Acc: *98.520%* (49260/50000) 
Test epoch: 100 | Loss: *0.620* | Acc: *83.660%* (8366/10000)
Train epoch: 101 | Loss: *0.045* | Acc: *98.662%* (49331/50000) 
Test epoch: 101 | Loss: *0.645* | Acc: *83.090%* (8309/10000)
Train epoch: 102 | Loss: *0.048* | Acc: *98.572%* (49286/50000) 
Test epoch: 102 | Loss: *0.617* | Acc: *83.850%* (8385/10000)
Train epoch: 103 | Loss: *0.033* | Acc: *99.152%* (49576/50000) 
Test epoch: 103 | Loss: *0.625* | Acc: *83.670%* (8367/10000)
Train epoch: 104 | Loss: *0.036* | Acc: *99.048%* (49524/50000) 
Test epoch: 104 | Loss: *0.655* | Acc: *82.470%* (8247/10000)
Train epoch: 105 | Loss: *0.046* | Acc: *98.648%* (49324/50000) 
Test epoch: 105 | Loss: *0.989* | Acc: *77.810%* (7781/10000)
Train epoch: 106 | Loss: *0.044* | Acc: *98.766%* (49383/50000) 
Test epoch: 106 | Loss: *0.665* | Acc: *82.370%* (8237/10000)
Train epoch: 107 | Loss: *0.036* | Acc: *98.998%* (49499/50000) 
Test epoch: 107 | Loss: *0.649* | Acc: *82.130%* (8213/10000)
Train epoch: 108 | Loss: *0.026* | Acc: *99.410%* (49705/50000) 
Test epoch: 108 | Loss: *0.584* | Acc: *84.790%* (8479/10000)
Train epoch: 109 | Loss: *0.033* | Acc: *99.148%* (49574/50000) 
Test epoch: 109 | Loss: *0.681* | Acc: *81.670%* (8167/10000)
Train epoch: 110 | Loss: *0.048* | Acc: *98.600%* (49300/50000) 
Test epoch: 110 | Loss: *0.641* | Acc: *83.240%* (8324/10000)
Train epoch: 111 | Loss: *0.027* | Acc: *99.378%* (49689/50000) 
Test epoch: 111 | Loss: *0.648* | Acc: *83.050%* (8305/10000)
Train epoch: 112 | Loss: *0.025* | Acc: *99.452%* (49726/50000) 
Test epoch: 112 | Loss: *0.672* | Acc: *82.770%* (8277/10000)
Train epoch: 113 | Loss: *0.038* | Acc: *98.964%* (49482/50000) 
Test epoch: 113 | Loss: *0.654* | Acc: *82.650%* (8265/10000)
Train epoch: 114 | Loss: *0.042* | Acc: *98.832%* (49416/50000) 
Test epoch: 114 | Loss: *0.636* | Acc: *83.110%* (8311/10000)
Train epoch: 115 | Loss: *0.027* | Acc: *99.340%* (49670/50000) 
Test epoch: 115 | Loss: *0.588* | Acc: *84.170%* (8417/10000)
Train epoch: 116 | Loss: *0.017* | Acc: *99.680%* (49840/50000) 
Test epoch: 116 | Loss: *0.569* | Acc: *85.220%* (8522/10000)
Train epoch: 117 | Loss: *0.016* | Acc: *99.728%* (49864/50000) 
Test epoch: 117 | Loss: *0.686* | Acc: *82.030%* (8203/10000)
Train epoch: 118 | Loss: *0.041* | Acc: *98.912%* (49456/50000) 
Test epoch: 118 | Loss: *0.747* | Acc: *81.030%* (8103/10000)
Train epoch: 119 | Loss: *0.035* | Acc: *99.052%* (49526/50000) 
Test epoch: 119 | Loss: *0.661* | Acc: *82.800%* (8280/10000)
Train epoch: 120 | Loss: *0.022* | Acc: *99.542%* (49771/50000) 
Test epoch: 120 | Loss: *0.630* | Acc: *83.450%* (8345/10000)
Train epoch: 121 | Loss: *0.021* | Acc: *99.562%* (49781/50000) 
Test epoch: 121 | Loss: *0.784* | Acc: *81.040%* (8104/10000)
Train epoch: 122 | Loss: *0.032* | Acc: *99.188%* (49594/50000) 
Test epoch: 122 | Loss: *0.646* | Acc: *83.050%* (8305/10000)
Train epoch: 123 | Loss: *0.027* | Acc: *99.352%* (49676/50000) 
Test epoch: 123 | Loss: *0.634* | Acc: *83.430%* (8343/10000)
Train epoch: 124 | Loss: *0.012* | Acc: *99.826%* (49913/50000) 
Test epoch: 124 | Loss: *0.570* | Acc: *84.870%* (8487/10000)
Train epoch: 125 | Loss: *0.009* | Acc: *99.896%* (49948/50000) 
Test epoch: 125 | Loss: *0.585* | Acc: *84.450%* (8445/10000)
Train epoch: 126 | Loss: *0.034* | Acc: *99.136%* (49568/50000) 
Test epoch: 126 | Loss: *0.757* | Acc: *80.080%* (8008/10000)
Train epoch: 127 | Loss: *0.037* | Acc: *99.058%* (49529/50000) 
Test epoch: 127 | Loss: *0.645* | Acc: *82.870%* (8287/10000)
Train epoch: 128 | Loss: *0.014* | Acc: *99.808%* (49904/50000) 
Test epoch: 128 | Loss: *0.579* | Acc: *84.620%* (8462/10000)
Train epoch: 129 | Loss: *0.011* | Acc: *99.862%* (49931/50000) 
Test epoch: 129 | Loss: *0.603* | Acc: *83.420%* (8342/10000)
Train epoch: 130 | Loss: *0.012* | Acc: *99.866%* (49933/50000) 
Test epoch: 130 | Loss: *0.616* | Acc: *83.770%* (8377/10000)
Train epoch: 131 | Loss: *0.012* | Acc: *99.856%* (49928/50000) 
Test epoch: 131 | Loss: *0.677* | Acc: *81.870%* (8187/10000)
Train epoch: 132 | Loss: *0.038* | Acc: *99.026%* (49513/50000) 
Test epoch: 132 | Loss: *0.720* | Acc: *80.550%* (8055/10000)
Train epoch: 133 | Loss: *0.022* | Acc: *99.558%* (49779/50000) 
Test epoch: 133 | Loss: *0.544* | Acc: *85.330%* (8533/10000)
Train epoch: 134 | Loss: *0.007* | Acc: *99.942%* (49971/50000) 
Test epoch: 134 | Loss: *0.587* | Acc: *84.680%* (8468/10000)
Train epoch: 135 | Loss: *0.005* | Acc: *99.984%* (49992/50000) 
Test epoch: 135 | Loss: *0.527* | Acc: *85.660%* (8566/10000)
Train epoch: 136 | Loss: *0.004* | Acc: *99.996%* (49998/50000) 
Test epoch: 136 | Loss: *0.538* | Acc: *85.160%* (8516/10000)
Train epoch: 137 | Loss: *0.022* | Acc: *99.504%* (49752/50000) 
Test epoch: 137 | Loss: *0.847* | Acc: *77.750%* (7775/10000)
Train epoch: 138 | Loss: *0.049* | Acc: *98.696%* (49348/50000) 
Test epoch: 138 | Loss: *0.569* | Acc: *84.450%* (8445/10000)
Train epoch: 139 | Loss: *0.010* | Acc: *99.910%* (49955/50000) 
Test epoch: 139 | Loss: *0.544* | Acc: *85.030%* (8503/10000)
Train epoch: 140 | Loss: *0.005* | Acc: *99.990%* (49995/50000) 
Test epoch: 140 | Loss: *0.521* | Acc: *85.470%* (8547/10000)
Train epoch: 141 | Loss: *0.004* | Acc: *100.000%* (50000/50000) 
Test epoch: 141 | Loss: *0.515* | Acc: *85.770%* (8577/10000)
Train epoch: 142 | Loss: *0.003* | Acc: *100.000%* (50000/50000) 
Test epoch: 142 | Loss: *0.500* | Acc: *85.850%* (8585/10000)
Train epoch: 143 | Loss: *0.004* | Acc: *99.998%* (49999/50000) 
Test epoch: 143 | Loss: *0.506* | Acc: *85.490%* (8549/10000)
Train epoch: 144 | Loss: *0.017* | Acc: *99.664%* (49832/50000) 
Test epoch: 144 | Loss: *0.848* | Acc: *77.030%* (7703/10000)
Train epoch: 145 | Loss: *0.048* | Acc: *98.840%* (49420/50000) 
Test epoch: 145 | Loss: *0.580* | Acc: *83.960%* (8396/10000)
Train epoch: 146 | Loss: *0.009* | Acc: *99.932%* (49966/50000) 
Test epoch: 146 | Loss: *0.538* | Acc: *84.990%* (8499/10000)
Train epoch: 147 | Loss: *0.004* | Acc: *99.996%* (49998/50000) 
Test epoch: 147 | Loss: *0.522* | Acc: *85.510%* (8551/10000)
Train epoch: 148 | Loss: *0.003* | Acc: *100.000%* (50000/50000) 
Test epoch: 148 | Loss: *0.507* | Acc: *85.650%* (8565/10000)
Train epoch: 149 | Loss: *0.003* | Acc: *100.000%* (50000/50000) 
Test epoch: 149 | Loss: *0.506* | Acc: *85.550%* (8555/10000)
Train epoch: 150 | Loss: *0.003* | Acc: *100.000%* (50000/50000) 
Test epoch: 150 | Loss: *0.510* | Acc: *85.250%* (8525/10000)
Train epoch: 151 | Loss: *0.005* | Acc: *99.988%* (49994/50000) 
Test epoch: 151 | Loss: *0.612* | Acc: *82.690%* (8269/10000)
Train epoch: 152 | Loss: *0.034* | Acc: *99.298%* (49649/50000) 
Test epoch: 152 | Loss: *0.645* | Acc: *82.440%* (8244/10000)
Train epoch: 153 | Loss: *0.014* | Acc: *99.852%* (49926/50000) 
Test epoch: 153 | Loss: *0.533* | Acc: *85.080%* (8508/10000)
Train epoch: 154 | Loss: *0.005* | Acc: *99.990%* (49995/50000) 
Test epoch: 154 | Loss: *0.538* | Acc: *85.070%* (8507/10000)
Train epoch: 155 | Loss: *0.004* | Acc: *99.998%* (49999/50000) 
Test epoch: 155 | Loss: *0.517* | Acc: *85.530%* (8553/10000)
Train epoch: 156 | Loss: *0.003* | Acc: *100.000%* (50000/50000) 
Test epoch: 156 | Loss: *0.509* | Acc: *85.840%* (8584/10000)
Train epoch: 157 | Loss: *0.003* | Acc: *100.000%* (50000/50000) 
Test epoch: 157 | Loss: *0.513* | Acc: *85.530%* (8553/10000)
Train epoch: 158 | Loss: *0.003* | Acc: *100.000%* (50000/50000) 
Test epoch: 158 | Loss: *0.513* | Acc: *85.170%* (8517/10000)
Train epoch: 159 | Loss: *0.004* | Acc: *100.000%* (50000/50000) 
Test epoch: 159 | Loss: *0.529* | Acc: *84.720%* (8472/10000)
Train epoch: 160 | Loss: *0.004* | Acc: *100.000%* (50000/50000) 
Test epoch: 160 | Loss: *0.508* | Acc: *85.000%* (8500/10000)
Train epoch: 161 | Loss: *0.020* | Acc: *99.714%* (49857/50000) 
Test epoch: 161 | Loss: *0.593* | Acc: *83.690%* (8369/10000)
Train epoch: 162 | Loss: *0.006* | Acc: *99.990%* (49995/50000) 
Test epoch: 162 | Loss: *0.528* | Acc: *84.880%* (8488/10000)
Train epoch: 163 | Loss: *0.003* | Acc: *100.000%* (50000/50000) 
Test epoch: 163 | Loss: *0.519* | Acc: *85.320%* (8532/10000)
Train epoch: 164 | Loss: *0.003* | Acc: *100.000%* (50000/50000) 
Test epoch: 164 | Loss: *0.517* | Acc: *85.300%* (8530/10000)
Train epoch: 165 | Loss: *0.003* | Acc: *99.994%* (49997/50000) 
Test epoch: 165 | Loss: *0.519* | Acc: *85.090%* (8509/10000)
Train epoch: 166 | Loss: *0.003* | Acc: *100.000%* (50000/50000) 
Test epoch: 166 | Loss: *0.509* | Acc: *85.330%* (8533/10000)
Train epoch: 167 | Loss: *0.003* | Acc: *100.000%* (50000/50000) 
Test epoch: 167 | Loss: *0.525* | Acc: *85.100%* (8510/10000)
Train epoch: 168 | Loss: *0.003* | Acc: *100.000%* (50000/50000) 
Test epoch: 168 | Loss: *0.515* | Acc: *84.990%* (8499/10000)
Train epoch: 169 | Loss: *0.003* | Acc: *99.998%* (49999/50000) 
Test epoch: 169 | Loss: *0.567* | Acc: *83.520%* (8352/10000)
Train epoch: 170 | Loss: *0.004* | Acc: *100.000%* (50000/50000) 
Test epoch: 170 | Loss: *0.537* | Acc: *84.470%* (8447/10000)
Train epoch: 171 | Loss: *0.003* | Acc: *100.000%* (50000/50000) 
Test epoch: 171 | Loss: *0.523* | Acc: *84.790%* (8479/10000)
Train epoch: 172 | Loss: *0.003* | Acc: *100.000%* (50000/50000) 
Test epoch: 172 | Loss: *0.531* | Acc: *84.750%* (8475/10000)
Train epoch: 173 | Loss: *0.003* | Acc: *100.000%* (50000/50000) 
Test epoch: 173 | Loss: *0.523* | Acc: *84.870%* (8487/10000)
Train epoch: 174 | Loss: *0.003* | Acc: *100.000%* (50000/50000) 
Test epoch: 174 | Loss: *0.529* | Acc: *84.830%* (8483/10000)
Train epoch: 175 | Loss: *0.003* | Acc: *100.000%* (50000/50000) 
Test epoch: 175 | Loss: *0.534* | Acc: *84.390%* (8439/10000)
Train epoch: 176 | Loss: *0.003* | Acc: *99.998%* (49999/50000) 
Test epoch: 176 | Loss: *0.524* | Acc: *84.710%* (8471/10000)
Train epoch: 177 | Loss: *0.003* | Acc: *100.000%* (50000/50000) 
Test epoch: 177 | Loss: *0.544* | Acc: *84.090%* (8409/10000)
Train epoch: 178 | Loss: *0.003* | Acc: *100.000%* (50000/50000) 
Test epoch: 178 | Loss: *0.521* | Acc: *84.730%* (8473/10000)
Train epoch: 179 | Loss: *0.003* | Acc: *100.000%* (50000/50000) 
Test epoch: 179 | Loss: *0.528* | Acc: *84.530%* (8453/10000)
Train epoch: 180 | Loss: *0.003* | Acc: *100.000%* (50000/50000) 
Test epoch: 180 | Loss: *0.536* | Acc: *84.620%* (8462/10000)
Train epoch: 181 | Loss: *0.003* | Acc: *100.000%* (50000/50000) 
Test epoch: 181 | Loss: *0.529* | Acc: *84.640%* (8464/10000)
Train epoch: 182 | Loss: *0.003* | Acc: *100.000%* (50000/50000) 
Test epoch: 182 | Loss: *0.527* | Acc: *84.630%* (8463/10000)
Train epoch: 183 | Loss: *0.002* | Acc: *100.000%* (50000/50000) 
Test epoch: 183 | Loss: *0.524* | Acc: *84.510%* (8451/10000)
Train epoch: 184 | Loss: *0.002* | Acc: *100.000%* (50000/50000) 
Test epoch: 184 | Loss: *0.527* | Acc: *84.450%* (8445/10000)
Train epoch: 185 | Loss: *0.002* | Acc: *100.000%* (50000/50000) 
Test epoch: 185 | Loss: *0.525* | Acc: *84.470%* (8447/10000)
Train epoch: 186 | Loss: *0.002* | Acc: *100.000%* (50000/50000) 
Test epoch: 186 | Loss: *0.523* | Acc: *84.680%* (8468/10000)
Train epoch: 187 | Loss: *0.002* | Acc: *100.000%* (50000/50000) 
Test epoch: 187 | Loss: *0.526* | Acc: *84.490%* (8449/10000)
Train epoch: 188 | Loss: *0.002* | Acc: *100.000%* (50000/50000) 
Test epoch: 188 | Loss: *0.530* | Acc: *84.420%* (8442/10000)
Train epoch: 189 | Loss: *0.002* | Acc: *100.000%* (50000/50000) 
Test epoch: 189 | Loss: *0.529* | Acc: *84.420%* (8442/10000)
Train epoch: 190 | Loss: *0.002* | Acc: *100.000%* (50000/50000) 
Test epoch: 190 | Loss: *0.531* | Acc: *84.440%* (8444/10000)
Train epoch: 191 | Loss: *0.002* | Acc: *100.000%* (50000/50000) 
Test epoch: 191 | Loss: *0.530* | Acc: *84.280%* (8428/10000)
Train epoch: 192 | Loss: *0.002* | Acc: *100.000%* (50000/50000) 
Test epoch: 192 | Loss: *0.528* | Acc: *84.470%* (8447/10000)
Train epoch: 193 | Loss: *0.002* | Acc: *100.000%* (50000/50000) 
Test epoch: 193 | Loss: *0.532* | Acc: *84.410%* (8441/10000)
Train epoch: 194 | Loss: *0.002* | Acc: *100.000%* (50000/50000) 
Test epoch: 194 | Loss: *0.529* | Acc: *84.380%* (8438/10000)
Train epoch: 195 | Loss: *0.002* | Acc: *100.000%* (50000/50000) 
Test epoch: 195 | Loss: *0.531* | Acc: *84.350%* (8435/10000)
Train epoch: 196 | Loss: *0.002* | Acc: *100.000%* (50000/50000) 
Test epoch: 196 | Loss: *0.530* | Acc: *84.380%* (8438/10000)
Train epoch: 197 | Loss: *0.002* | Acc: *100.000%* (50000/50000) 
Test epoch: 197 | Loss: *0.531* | Acc: *84.480%* (8448/10000)
Train epoch: 198 | Loss: *0.002* | Acc: *100.000%* (50000/50000) 
Test epoch: 198 | Loss: *0.531* | Acc: *84.370%* (8437/10000)
Train epoch: 199 | Loss: *0.002* | Acc: *100.000%* (50000/50000) 
Test epoch: 199 | Loss: *0.531* | Acc: *84.350%* (8435/10000)
Train epoch: 200 | Loss: *0.002* | Acc: *100.000%* (50000/50000) 
Test epoch: 200 | Loss: *0.533* | Acc: *84.280%* (8428/10000)
Train epoch: 201 | Loss: *0.002* | Acc: *100.000%* (50000/50000) 
Test epoch: 201 | Loss: *0.531* | Acc: *84.450%* (8445/10000)
Train epoch: 202 | Loss: *0.002* | Acc: *100.000%* (50000/50000) 
Test epoch: 202 | Loss: *0.529* | Acc: *84.630%* (8463/10000)
Train epoch: 203 | Loss: *0.002* | Acc: *100.000%* (50000/50000) 
Test epoch: 203 | Loss: *0.531* | Acc: *84.360%* (8436/10000)
Train epoch: 204 | Loss: *0.002* | Acc: *100.000%* (50000/50000) 
Test epoch: 204 | Loss: *0.532* | Acc: *84.280%* (8428/10000)
Train epoch: 205 | Loss: *0.002* | Acc: *100.000%* (50000/50000) 
Test epoch: 205 | Loss: *0.530* | Acc: *84.500%* (8450/10000)
Train epoch: 206 | Loss: *0.002* | Acc: *100.000%* (50000/50000) 
Test epoch: 206 | Loss: *0.532* | Acc: *84.280%* (8428/10000)
Train epoch: 207 | Loss: *0.002* | Acc: *100.000%* (50000/50000) 
Test epoch: 207 | Loss: *0.532* | Acc: *84.420%* (8442/10000)
Train epoch: 208 | Loss: *0.002* | Acc: *100.000%* (50000/50000) 
Test epoch: 208 | Loss: *0.530* | Acc: *84.380%* (8438/10000)
Train epoch: 209 | Loss: *0.002* | Acc: *100.000%* (50000/50000) 
Test epoch: 209 | Loss: *0.533* | Acc: *84.370%* (8437/10000)
Train epoch: 210 | Loss: *0.002* | Acc: *100.000%* (50000/50000) 
Test epoch: 210 | Loss: *0.534* | Acc: *84.310%* (8431/10000)
Train epoch: 211 | Loss: *0.002* | Acc: *100.000%* (50000/50000) 
Test epoch: 211 | Loss: *0.533* | Acc: *84.350%* (8435/10000)
Train epoch: 212 | Loss: *0.002* | Acc: *100.000%* (50000/50000) 
Test epoch: 212 | Loss: *0.536* | Acc: *84.140%* (8414/10000)
Train epoch: 213 | Loss: *0.002* | Acc: *100.000%* (50000/50000) 
Test epoch: 213 | Loss: *0.536* | Acc: *84.280%* (8428/10000)
Train epoch: 214 | Loss: *0.002* | Acc: *100.000%* (50000/50000) 
Test epoch: 214 | Loss: *0.535* | Acc: *84.330%* (8433/10000)
Train epoch: 215 | Loss: *0.002* | Acc: *100.000%* (50000/50000) 
Test epoch: 215 | Loss: *0.542* | Acc: *84.150%* (8415/10000)
Train epoch: 216 | Loss: *0.003* | Acc: *100.000%* (50000/50000) 
Test epoch: 216 | Loss: *0.543* | Acc: *84.170%* (8417/10000)
Train epoch: 217 | Loss: *0.002* | Acc: *100.000%* (50000/50000) 
Test epoch: 217 | Loss: *0.540* | Acc: *84.210%* (8421/10000)
Train epoch: 218 | Loss: *0.003* | Acc: *100.000%* (50000/50000) 
Test epoch: 218 | Loss: *0.546* | Acc: *84.000%* (8400/10000)
Train epoch: 219 | Loss: *0.003* | Acc: *100.000%* (50000/50000) 
Test epoch: 219 | Loss: *0.550* | Acc: *83.820%* (8382/10000)
Train epoch: 220 | Loss: *0.003* | Acc: *100.000%* (50000/50000) 
Test epoch: 220 | Loss: *0.566* | Acc: *83.670%* (8367/10000)
Train epoch: 221 | Loss: *0.003* | Acc: *100.000%* (50000/50000) 
Test epoch: 221 | Loss: *0.568* | Acc: *83.760%* (8376/10000)
Train epoch: 222 | Loss: *0.003* | Acc: *100.000%* (50000/50000) 
Test epoch: 222 | Loss: *0.558* | Acc: *83.550%* (8355/10000)
Train epoch: 223 | Loss: *0.007* | Acc: *99.980%* (49990/50000) 
Test epoch: 223 | Loss: *0.561* | Acc: *83.540%* (8354/10000)
Train epoch: 224 | Loss: *0.003* | Acc: *100.000%* (50000/50000) 
Test epoch: 224 | Loss: *0.556* | Acc: *83.650%* (8365/10000)
Train epoch: 225 | Loss: *0.003* | Acc: *100.000%* (50000/50000) 
Test epoch: 225 | Loss: *0.550* | Acc: *83.680%* (8368/10000)
Train epoch: 226 | Loss: *0.002* | Acc: *100.000%* (50000/50000) 
Test epoch: 226 | Loss: *0.548* | Acc: *83.840%* (8384/10000)
Train epoch: 227 | Loss: *0.002* | Acc: *100.000%* (50000/50000) 
Test epoch: 227 | Loss: *0.564* | Acc: *83.630%* (8363/10000)
Train epoch: 228 | Loss: *0.021* | Acc: *99.678%* (49839/50000) 
Test epoch: 228 | Loss: *0.600* | Acc: *82.410%* (8241/10000)
Train epoch: 229 | Loss: *0.007* | Acc: *99.980%* (49990/50000) 
Test epoch: 229 | Loss: *0.557* | Acc: *83.650%* (8365/10000)
Train epoch: 230 | Loss: *0.003* | Acc: *100.000%* (50000/50000) 
Test epoch: 230 | Loss: *0.552* | Acc: *83.890%* (8389/10000)
Train epoch: 231 | Loss: *0.003* | Acc: *100.000%* (50000/50000) 
Test epoch: 231 | Loss: *0.559* | Acc: *83.600%* (8360/10000)
Train epoch: 232 | Loss: *0.002* | Acc: *100.000%* (50000/50000) 
Test epoch: 232 | Loss: *0.560* | Acc: *83.760%* (8376/10000)
Train epoch: 233 | Loss: *0.011* | Acc: *99.824%* (49912/50000) 
Test epoch: 233 | Loss: *0.816* | Acc: *77.760%* (7776/10000)
Train epoch: 234 | Loss: *0.032* | Acc: *99.412%* (49706/50000) 
Test epoch: 234 | Loss: *0.631* | Acc: *82.450%* (8245/10000)
Train epoch: 235 | Loss: *0.008* | Acc: *99.958%* (49979/50000) 
Test epoch: 235 | Loss: *0.585* | Acc: *83.610%* (8361/10000)
Train epoch: 236 | Loss: *0.005* | Acc: *99.976%* (49988/50000) 
Test epoch: 236 | Loss: *0.586* | Acc: *83.470%* (8347/10000)
Train epoch: 237 | Loss: *0.003* | Acc: *99.998%* (49999/50000) 
Test epoch: 237 | Loss: *0.594* | Acc: *83.300%* (8330/10000)
Train epoch: 238 | Loss: *0.003* | Acc: *100.000%* (50000/50000) 
Test epoch: 238 | Loss: *0.564* | Acc: *84.080%* (8408/10000)
Train epoch: 239 | Loss: *0.003* | Acc: *99.996%* (49998/50000) 
Test epoch: 239 | Loss: *0.567* | Acc: *83.890%* (8389/10000)
Train epoch: 240 | Loss: *0.006* | Acc: *99.952%* (49976/50000) 
Test epoch: 240 | Loss: *0.963* | Acc: *74.650%* (7465/10000)
Train epoch: 241 | Loss: *0.088* | Acc: *97.570%* (48785/50000) 
Test epoch: 241 | Loss: *0.607* | Acc: *82.850%* (8285/10000)
Train epoch: 242 | Loss: *0.015* | Acc: *99.820%* (49910/50000) 
Test epoch: 242 | Loss: *0.567* | Acc: *83.900%* (8390/10000)
Train epoch: 243 | Loss: *0.007* | Acc: *99.968%* (49984/50000) 
Test epoch: 243 | Loss: *0.571* | Acc: *84.230%* (8423/10000)
Train epoch: 244 | Loss: *0.005* | Acc: *99.980%* (49990/50000) 
Test epoch: 244 | Loss: *0.625* | Acc: *82.680%* (8268/10000)
Train epoch: 245 | Loss: *0.006* | Acc: *99.958%* (49979/50000) 
Test epoch: 245 | Loss: *0.605* | Acc: *82.630%* (8263/10000)
Train epoch: 246 | Loss: *0.057* | Acc: *98.458%* (49229/50000) 
Test epoch: 246 | Loss: *0.670* | Acc: *80.950%* (8095/10000)
Train epoch: 247 | Loss: *0.037* | Acc: *99.126%* (49563/50000) 
Test epoch: 247 | Loss: *0.701* | Acc: *81.420%* (8142/10000)
Train epoch: 248 | Loss: *0.014* | Acc: *99.778%* (49889/50000) 
Test epoch: 248 | Loss: *0.595* | Acc: *83.150%* (8315/10000)
Train epoch: 249 | Loss: *0.009* | Acc: *99.882%* (49941/50000) 
Test epoch: 249 | Loss: *0.653* | Acc: *82.560%* (8256/10000)
Train epoch: 250 | Loss: *0.023* | Acc: *99.452%* (49726/50000) 
Test epoch: 250 | Loss: *0.811* | Acc: *78.290%* (7829/10000)
Train epoch: 251 | Loss: *0.049* | Acc: *98.688%* (49344/50000) 
Test epoch: 251 | Loss: *0.708* | Acc: *80.850%* (8085/10000)
Train epoch: 252 | Loss: *0.026* | Acc: *99.390%* (49695/50000) 
Test epoch: 252 | Loss: *0.648* | Acc: *82.090%* (8209/10000)
Train epoch: 253 | Loss: *0.024* | Acc: *99.498%* (49749/50000) 
Test epoch: 253 | Loss: *0.814* | Acc: *80.150%* (8015/10000)
Train epoch: 254 | Loss: *0.023* | Acc: *99.466%* (49733/50000) 
Test epoch: 254 | Loss: *0.734* | Acc: *80.960%* (8096/10000)
Train epoch: 255 | Loss: *0.028* | Acc: *99.264%* (49632/50000) 
Test epoch: 255 | Loss: *0.798* | Acc: *79.280%* (7928/10000)
Train epoch: 256 | Loss: *0.042* | Acc: *98.810%* (49405/50000) 
Test epoch: 256 | Loss: *0.724* | Acc: *80.830%* (8083/10000)
Train epoch: 257 | Loss: *0.030* | Acc: *99.222%* (49611/50000) 
Test epoch: 257 | Loss: *0.655* | Acc: *82.450%* (8245/10000)
Train epoch: 258 | Loss: *0.021* | Acc: *99.564%* (49782/50000) 
Test epoch: 258 | Loss: *0.659* | Acc: *82.700%* (8270/10000)
Train epoch: 259 | Loss: *0.032* | Acc: *99.120%* (49560/50000) 
Test epoch: 259 | Loss: *0.770* | Acc: *80.170%* (8017/10000)
Train epoch: 260 | Loss: *0.040* | Acc: *98.902%* (49451/50000) 
Test epoch: 260 | Loss: *0.803* | Acc: *80.030%* (8003/10000)
Train epoch: 261 | Loss: *0.031* | Acc: *99.192%* (49596/50000) 
Test epoch: 261 | Loss: *0.717* | Acc: *81.400%* (8140/10000)
Train epoch: 262 | Loss: *0.026* | Acc: *99.380%* (49690/50000) 
Test epoch: 262 | Loss: *0.716* | Acc: *80.350%* (8035/10000)
Train epoch: 263 | Loss: *0.044* | Acc: *98.686%* (49343/50000) 
Test epoch: 263 | Loss: *0.733* | Acc: *81.340%* (8134/10000)
Train epoch: 264 | Loss: *0.031* | Acc: *99.186%* (49593/50000) 
Test epoch: 264 | Loss: *0.766* | Acc: *80.450%* (8045/10000)
Train epoch: 265 | Loss: *0.030* | Acc: *99.246%* (49623/50000) 
Test epoch: 265 | Loss: *0.668* | Acc: *82.020%* (8202/10000)
Train epoch: 266 | Loss: *0.042* | Acc: *98.844%* (49422/50000) 
Test epoch: 266 | Loss: *0.779* | Acc: *80.360%* (8036/10000)
Train epoch: 267 | Loss: *0.031* | Acc: *99.178%* (49589/50000) 
Test epoch: 267 | Loss: *0.756* | Acc: *80.900%* (8090/10000)
Train epoch: 268 | Loss: *0.043* | Acc: *98.742%* (49371/50000) 
Test epoch: 268 | Loss: *0.894* | Acc: *78.150%* (7815/10000)
Train epoch: 269 | Loss: *0.039* | Acc: *98.912%* (49456/50000) 
Test epoch: 269 | Loss: *0.741* | Acc: *80.900%* (8090/10000)
Train epoch: 270 | Loss: *0.030* | Acc: *99.192%* (49596/50000) 
Test epoch: 270 | Loss: *0.751* | Acc: *80.660%* (8066/10000)
Train epoch: 271 | Loss: *0.042* | Acc: *98.792%* (49396/50000) 
Test epoch: 271 | Loss: *0.717* | Acc: *81.520%* (8152/10000)
Train epoch: 272 | Loss: *0.040* | Acc: *98.794%* (49397/50000) 
Test epoch: 272 | Loss: *0.740* | Acc: *80.870%* (8087/10000)
Train epoch: 273 | Loss: *0.043* | Acc: *98.732%* (49366/50000) 
Test epoch: 273 | Loss: *0.830* | Acc: *80.130%* (8013/10000)
Train epoch: 274 | Loss: *0.035* | Acc: *99.002%* (49501/50000) 
Test epoch: 274 | Loss: *0.750* | Acc: *80.360%* (8036/10000)
Train epoch: 275 | Loss: *0.045* | Acc: *98.686%* (49343/50000) 
Test epoch: 275 | Loss: *0.678* | Acc: *82.410%* (8241/10000)
Train epoch: 276 | Loss: *0.039* | Acc: *98.916%* (49458/50000) 
Test epoch: 276 | Loss: *0.768* | Acc: *80.800%* (8080/10000)
Train epoch: 277 | Loss: *0.041* | Acc: *98.810%* (49405/50000) 
Test epoch: 277 | Loss: *0.768* | Acc: *80.210%* (8021/10000)
Train epoch: 278 | Loss: *0.043* | Acc: *98.700%* (49350/50000) 
Test epoch: 278 | Loss: *0.741* | Acc: *79.890%* (7989/10000)
Train epoch: 279 | Loss: *0.046* | Acc: *98.640%* (49320/50000) 
Test epoch: 279 | Loss: *0.707* | Acc: *81.280%* (8128/10000)
Train epoch: 280 | Loss: *0.039* | Acc: *98.900%* (49450/50000) 
Test epoch: 280 | Loss: *0.662* | Acc: *82.330%* (8233/10000)
Train epoch: 281 | Loss: *0.043* | Acc: *98.716%* (49358/50000) 
Test epoch: 281 | Loss: *0.677* | Acc: *81.300%* (8130/10000)
Train epoch: 282 | Loss: *0.039* | Acc: *98.908%* (49454/50000) 
Test epoch: 282 | Loss: *0.787* | Acc: *79.800%* (7980/10000)
Train epoch: 283 | Loss: *0.047* | Acc: *98.628%* (49314/50000) 
Test epoch: 283 | Loss: *0.758* | Acc: *80.710%* (8071/10000)
Train epoch: 284 | Loss: *0.058* | Acc: *98.242%* (49121/50000) 
Test epoch: 284 | Loss: *0.727* | Acc: *80.620%* (8062/10000)
Train epoch: 285 | Loss: *0.046* | Acc: *98.630%* (49315/50000) 
Test epoch: 285 | Loss: *0.896* | Acc: *77.970%* (7797/10000)
Train epoch: 286 | Loss: *0.038* | Acc: *98.882%* (49441/50000) 
Test epoch: 286 | Loss: *0.729* | Acc: *80.820%* (8082/10000)
Train epoch: 287 | Loss: *0.040* | Acc: *98.832%* (49416/50000) 
Test epoch: 287 | Loss: *0.742* | Acc: *81.510%* (8151/10000)
Train epoch: 288 | Loss: *0.051* | Acc: *98.394%* (49197/50000) 
Test epoch: 288 | Loss: *0.931* | Acc: *77.060%* (7706/10000)
Train epoch: 289 | Loss: *0.053* | Acc: *98.420%* (49210/50000) 
Test epoch: 289 | Loss: *0.709* | Acc: *81.360%* (8136/10000)
Train epoch: 290 | Loss: *0.046* | Acc: *98.656%* (49328/50000) 
Test epoch: 290 | Loss: *0.734* | Acc: *80.840%* (8084/10000)
Train epoch: 291 | Loss: *0.054* | Acc: *98.330%* (49165/50000) 
Test epoch: 291 | Loss: *0.710* | Acc: *80.960%* (8096/10000)
Train epoch: 292 | Loss: *0.048* | Acc: *98.548%* (49274/50000) 
Test epoch: 292 | Loss: *0.766* | Acc: *79.500%* (7950/10000)
Train epoch: 293 | Loss: *0.052* | Acc: *98.458%* (49229/50000) 
Test epoch: 293 | Loss: *0.811* | Acc: *78.660%* (7866/10000)
Train epoch: 294 | Loss: *0.054* | Acc: *98.256%* (49128/50000) 
Test epoch: 294 | Loss: *0.752* | Acc: *79.900%* (7990/10000)
Train epoch: 295 | Loss: *0.045* | Acc: *98.638%* (49319/50000) 
Test epoch: 295 | Loss: *0.734* | Acc: *80.410%* (8041/10000)
Train epoch: 296 | Loss: *0.047* | Acc: *98.606%* (49303/50000) 
Test epoch: 296 | Loss: *0.880* | Acc: *78.260%* (7826/10000)
Train epoch: 297 | Loss: *0.060* | Acc: *98.122%* (49061/50000) 
Test epoch: 297 | Loss: *0.816* | Acc: *78.880%* (7888/10000)
Train epoch: 298 | Loss: *0.047* | Acc: *98.566%* (49283/50000) 
Test epoch: 298 | Loss: *0.822* | Acc: *80.350%* (8035/10000)
Train epoch: 299 | Loss: *0.059* | Acc: *98.126%* (49063/50000) 
Test epoch: 299 | Loss: *0.850* | Acc: *77.110%* (7711/10000)
Train epoch: 300 | Loss: *0.053* | Acc: *98.412%* (49206/50000) 
Test epoch: 300 | Loss: *0.729* | Acc: *81.040%* (8104/10000)
Train epoch: 301 | Loss: *0.053* | Acc: *98.376%* (49188/50000) 
Test epoch: 301 | Loss: *0.703* | Acc: *81.330%* (8133/10000)
Train epoch: 302 | Loss: *0.060* | Acc: *98.118%* (49059/50000) 
Test epoch: 302 | Loss: *0.829* | Acc: *79.880%* (7988/10000)
Train epoch: 303 | Loss: *0.052* | Acc: *98.436%* (49218/50000) 
Test epoch: 303 | Loss: *0.821* | Acc: *78.480%* (7848/10000)
Train epoch: 304 | Loss: *0.050* | Acc: *98.478%* (49239/50000) 
Test epoch: 304 | Loss: *0.889* | Acc: *78.230%* (7823/10000)
Train epoch: 305 | Loss: *0.059* | Acc: *98.208%* (49104/50000) 
Test epoch: 305 | Loss: *0.723* | Acc: *80.840%* (8084/10000)
Train epoch: 306 | Loss: *0.066* | Acc: *97.884%* (48942/50000) 
Test epoch: 306 | Loss: *0.676* | Acc: *81.820%* (8182/10000)
Train epoch: 307 | Loss: *0.054* | Acc: *98.416%* (49208/50000) 
Test epoch: 307 | Loss: *0.788* | Acc: *79.760%* (7976/10000)
Train epoch: 308 | Loss: *0.058* | Acc: *98.188%* (49094/50000) 
Test epoch: 308 | Loss: *0.925* | Acc: *77.950%* (7795/10000)
Train epoch: 309 | Loss: *0.058* | Acc: *98.186%* (49093/50000) 
Test epoch: 309 | Loss: *0.814* | Acc: *79.120%* (7912/10000)
Train epoch: 310 | Loss: *0.065* | Acc: *97.980%* (48990/50000) 
Test epoch: 310 | Loss: *0.844* | Acc: *78.610%* (7861/10000)
Train epoch: 311 | Loss: *0.064* | Acc: *97.980%* (48990/50000) 
Test epoch: 311 | Loss: *0.868* | Acc: *77.270%* (7727/10000)
Train epoch: 312 | Loss: *0.058* | Acc: *98.166%* (49083/50000) 
Test epoch: 312 | Loss: *0.848* | Acc: *77.570%* (7757/10000)
Train epoch: 313 | Loss: *0.063* | Acc: *98.050%* (49025/50000) 
Test epoch: 313 | Loss: *0.923* | Acc: *76.880%* (7688/10000)
Train epoch: 314 | Loss: *0.064* | Acc: *98.002%* (49001/50000) 
Test epoch: 314 | Loss: *0.839* | Acc: *78.640%* (7864/10000)
Train epoch: 315 | Loss: *0.067* | Acc: *97.872%* (48936/50000) 
Test epoch: 315 | Loss: *0.757* | Acc: *79.190%* (7919/10000)
Train epoch: 316 | Loss: *0.066* | Acc: *97.954%* (48977/50000) 
Test epoch: 316 | Loss: *0.826* | Acc: *79.090%* (7909/10000)
Train epoch: 317 | Loss: *0.064* | Acc: *97.988%* (48994/50000) 
Test epoch: 317 | Loss: *0.709* | Acc: *81.420%* (8142/10000)
Train epoch: 318 | Loss: *0.060* | Acc: *98.176%* (49088/50000) 
Test epoch: 318 | Loss: *0.715* | Acc: *81.420%* (8142/10000)
Train epoch: 319 | Loss: *0.075* | Acc: *97.544%* (48772/50000) 
Test epoch: 319 | Loss: *0.815* | Acc: *79.140%* (7914/10000)
Train epoch: 320 | Loss: *0.061* | Acc: *98.180%* (49090/50000) 
Test epoch: 320 | Loss: *0.938* | Acc: *76.110%* (7611/10000)
Train epoch: 321 | Loss: *0.078* | Acc: *97.462%* (48731/50000) 
Test epoch: 321 | Loss: *0.794* | Acc: *79.020%* (7902/10000)
Train epoch: 322 | Loss: *0.057* | Acc: *98.246%* (49123/50000) 
Test epoch: 322 | Loss: *1.003* | Acc: *76.480%* (7648/10000)
Train epoch: 323 | Loss: *0.068* | Acc: *97.788%* (48894/50000) 
Test epoch: 323 | Loss: *0.754* | Acc: *80.550%* (8055/10000)
Train epoch: 324 | Loss: *0.079* | Acc: *97.354%* (48677/50000) 
Test epoch: 324 | Loss: *0.789* | Acc: *77.760%* (7776/10000)
Train epoch: 325 | Loss: *0.072* | Acc: *97.678%* (48839/50000) 
Test epoch: 325 | Loss: *0.741* | Acc: *80.500%* (8050/10000)
Train epoch: 326 | Loss: *0.059* | Acc: *98.198%* (49099/50000) 
Test epoch: 326 | Loss: *0.876* | Acc: *78.390%* (7839/10000)
Train epoch: 327 | Loss: *0.077* | Acc: *97.600%* (48800/50000) 
Test epoch: 327 | Loss: *0.893* | Acc: *77.970%* (7797/10000)
Train epoch: 328 | Loss: *0.076* | Acc: *97.522%* (48761/50000) 
Test epoch: 328 | Loss: *0.809* | Acc: *78.880%* (7888/10000)
Train epoch: 329 | Loss: *0.064* | Acc: *97.990%* (48995/50000) 
Test epoch: 329 | Loss: *0.828* | Acc: *78.880%* (7888/10000)
Train epoch: 330 | Loss: *0.075* | Acc: *97.644%* (48822/50000) 
Test epoch: 330 | Loss: *1.191* | Acc: *72.620%* (7262/10000)
Train epoch: 331 | Loss: *0.075* | Acc: *97.580%* (48790/50000) 
Test epoch: 331 | Loss: *0.810* | Acc: *78.700%* (7870/10000)
Train epoch: 332 | Loss: *0.068* | Acc: *97.830%* (48915/50000) 
Test epoch: 332 | Loss: *0.772* | Acc: *79.030%* (7903/10000)
Train epoch: 333 | Loss: *0.075* | Acc: *97.636%* (48818/50000) 
Test epoch: 333 | Loss: *0.748* | Acc: *79.650%* (7965/10000)
Train epoch: 334 | Loss: *0.077* | Acc: *97.502%* (48751/50000) 
Test epoch: 334 | Loss: *0.880* | Acc: *76.420%* (7642/10000)
Train epoch: 335 | Loss: *0.079* | Acc: *97.426%* (48713/50000) 
Test epoch: 335 | Loss: *0.952* | Acc: *76.620%* (7662/10000)
Train epoch: 336 | Loss: *0.078* | Acc: *97.518%* (48759/50000) 
Test epoch: 336 | Loss: *0.825* | Acc: *78.420%* (7842/10000)
Train epoch: 337 | Loss: *0.068* | Acc: *97.880%* (48940/50000) 
Test epoch: 337 | Loss: *0.895* | Acc: *76.390%* (7639/10000)
Train epoch: 338 | Loss: *0.088* | Acc: *97.160%* (48580/50000) 
Test epoch: 338 | Loss: *0.882* | Acc: *76.730%* (7673/10000)
Train epoch: 339 | Loss: *0.079* | Acc: *97.420%* (48710/50000) 
Test epoch: 339 | Loss: *0.842* | Acc: *77.950%* (7795/10000)
Train epoch: 340 | Loss: *0.076* | Acc: *97.578%* (48789/50000) 
Test epoch: 340 | Loss: *0.777* | Acc: *79.760%* (7976/10000)
Train epoch: 341 | Loss: *0.076* | Acc: *97.538%* (48769/50000) 
Test epoch: 341 | Loss: *0.750* | Acc: *79.400%* (7940/10000)
Train epoch: 342 | Loss: *0.085* | Acc: *97.202%* (48601/50000) 
Test epoch: 342 | Loss: *1.029* | Acc: *75.260%* (7526/10000)
Train epoch: 343 | Loss: *0.081* | Acc: *97.360%* (48680/50000) 
Test epoch: 343 | Loss: *0.837* | Acc: *78.730%* (7873/10000)
Train epoch: 344 | Loss: *0.080* | Acc: *97.460%* (48730/50000) 
Test epoch: 344 | Loss: *0.818* | Acc: *79.580%* (7958/10000)
Train epoch: 345 | Loss: *0.071* | Acc: *97.780%* (48890/50000) 
Test epoch: 345 | Loss: *1.045* | Acc: *74.640%* (7464/10000)
Train epoch: 346 | Loss: *0.089* | Acc: *97.110%* (48555/50000) 
Test epoch: 346 | Loss: *0.833* | Acc: *78.180%* (7818/10000)
Train epoch: 347 | Loss: *0.080* | Acc: *97.406%* (48703/50000) 
Test epoch: 347 | Loss: *0.974* | Acc: *76.420%* (7642/10000)
Train epoch: 348 | Loss: *0.085* | Acc: *97.236%* (48618/50000) 
Test epoch: 348 | Loss: *0.820* | Acc: *78.250%* (7825/10000)
Train epoch: 349 | Loss: *0.084* | Acc: *97.278%* (48639/50000) 
Test epoch: 349 | Loss: *0.776* | Acc: *79.070%* (7907/10000)
Train epoch: 350 | Loss: *0.087* | Acc: *97.238%* (48619/50000) 
Test epoch: 350 | Loss: *0.725* | Acc: *79.210%* (7921/10000)
Train epoch: 351 | Loss: *0.076* | Acc: *97.634%* (48817/50000) 
Test epoch: 351 | Loss: *0.807* | Acc: *79.200%* (7920/10000)
Train epoch: 352 | Loss: *0.089* | Acc: *97.080%* (48540/50000) 
Test epoch: 352 | Loss: *0.773* | Acc: *79.520%* (7952/10000)
Train epoch: 353 | Loss: *0.080* | Acc: *97.370%* (48685/50000) 
Test epoch: 353 | Loss: *1.809* | Acc: *61.700%* (6170/10000)
Train epoch: 354 | Loss: *0.088* | Acc: *97.110%* (48555/50000) 
Test epoch: 354 | Loss: *0.854* | Acc: *77.630%* (7763/10000)
Train epoch: 355 | Loss: *0.088* | Acc: *97.048%* (48524/50000) 
Test epoch: 355 | Loss: *0.808* | Acc: *77.460%* (7746/10000)
Train epoch: 356 | Loss: *0.079* | Acc: *97.392%* (48696/50000) 
Test epoch: 356 | Loss: *0.843* | Acc: *77.840%* (7784/10000)
Train epoch: 357 | Loss: *0.085* | Acc: *97.262%* (48631/50000) 
Test epoch: 357 | Loss: *0.782* | Acc: *79.010%* (7901/10000)
Train epoch: 358 | Loss: *0.091* | Acc: *97.070%* (48535/50000) 
Test epoch: 358 | Loss: *0.788* | Acc: *79.240%* (7924/10000)
Train epoch: 359 | Loss: *0.084* | Acc: *97.204%* (48602/50000) 
Test epoch: 359 | Loss: *0.928* | Acc: *76.770%* (7677/10000)
Train epoch: 360 | Loss: *0.088* | Acc: *97.158%* (48579/50000) 
Test epoch: 360 | Loss: *0.900* | Acc: *77.700%* (7770/10000)
Train epoch: 361 | Loss: *0.092* | Acc: *96.928%* (48464/50000) 
Test epoch: 361 | Loss: *0.748* | Acc: *79.880%* (7988/10000)
Train epoch: 362 | Loss: *0.085* | Acc: *97.236%* (48618/50000) 
Test epoch: 362 | Loss: *0.757* | Acc: *79.870%* (7987/10000)
Train epoch: 363 | Loss: *0.090* | Acc: *97.112%* (48556/50000) 
Test epoch: 363 | Loss: *0.908* | Acc: *76.190%* (7619/10000)
Train epoch: 364 | Loss: *0.091* | Acc: *97.046%* (48523/50000) 
Test epoch: 364 | Loss: *0.777* | Acc: *79.120%* (7912/10000)
Train epoch: 365 | Loss: *0.093* | Acc: *96.968%* (48484/50000) 
Test epoch: 365 | Loss: *0.809* | Acc: *77.360%* (7736/10000)
Train epoch: 366 | Loss: *0.089* | Acc: *97.158%* (48579/50000) 
Test epoch: 366 | Loss: *1.073* | Acc: *73.530%* (7353/10000)
Train epoch: 367 | Loss: *0.085* | Acc: *97.252%* (48626/50000) 
Test epoch: 367 | Loss: *0.810* | Acc: *79.050%* (7905/10000)
Train epoch: 368 | Loss: *0.095* | Acc: *96.744%* (48372/50000) 
Test epoch: 368 | Loss: *1.003* | Acc: *75.300%* (7530/10000)
Train epoch: 369 | Loss: *0.092* | Acc: *97.006%* (48503/50000) 
Test epoch: 369 | Loss: *0.741* | Acc: *80.020%* (8002/10000)
Train epoch: 370 | Loss: *0.087* | Acc: *97.102%* (48551/50000) 
Test epoch: 370 | Loss: *0.709* | Acc: *80.900%* (8090/10000)
Train epoch: 371 | Loss: *0.102* | Acc: *96.608%* (48304/50000) 
Test epoch: 371 | Loss: *1.143* | Acc: *73.390%* (7339/10000)
Train epoch: 372 | Loss: *0.085* | Acc: *97.240%* (48620/50000) 
Test epoch: 372 | Loss: *1.006* | Acc: *75.750%* (7575/10000)
Train epoch: 373 | Loss: *0.092* | Acc: *96.928%* (48464/50000) 
Test epoch: 373 | Loss: *0.800* | Acc: *78.020%* (7802/10000)
Train epoch: 374 | Loss: *0.083* | Acc: *97.278%* (48639/50000) 
Test epoch: 374 | Loss: *0.858* | Acc: *78.020%* (7802/10000)
Train epoch: 375 | Loss: *0.099* | Acc: *96.652%* (48326/50000) 
Test epoch: 375 | Loss: *0.851* | Acc: *77.120%* (7712/10000)
Train epoch: 376 | Loss: *0.094* | Acc: *96.864%* (48432/50000) 
Test epoch: 376 | Loss: *1.304* | Acc: *72.470%* (7247/10000)
Train epoch: 377 | Loss: *0.088* | Acc: *97.196%* (48598/50000) 
Test epoch: 377 | Loss: *0.761* | Acc: *79.750%* (7975/10000)
Train epoch: 378 | Loss: *0.089* | Acc: *97.116%* (48558/50000) 
Test epoch: 378 | Loss: *0.846* | Acc: *77.210%* (7721/10000)
Train epoch: 379 | Loss: *0.103* | Acc: *96.656%* (48328/50000) 
Test epoch: 379 | Loss: *0.986* | Acc: *75.590%* (7559/10000)
Train epoch: 380 | Loss: *0.090* | Acc: *97.034%* (48517/50000) 
Test epoch: 380 | Loss: *0.741* | Acc: *79.660%* (7966/10000)
Train epoch: 381 | Loss: *0.081* | Acc: *97.456%* (48728/50000) 
Test epoch: 381 | Loss: *0.870* | Acc: *77.540%* (7754/10000)
Train epoch: 382 | Loss: *0.107* | Acc: *96.438%* (48219/50000) 
Test epoch: 382 | Loss: *0.748* | Acc: *79.550%* (7955/10000)
Train epoch: 383 | Loss: *0.083* | Acc: *97.322%* (48661/50000) 
Test epoch: 383 | Loss: *0.774* | Acc: *78.880%* (7888/10000)
Train epoch: 384 | Loss: *0.094* | Acc: *96.880%* (48440/50000) 
Test epoch: 384 | Loss: *1.339* | Acc: *68.400%* (6840/10000)
Train epoch: 385 | Loss: *0.096* | Acc: *96.900%* (48450/50000) 
Test epoch: 385 | Loss: *0.863* | Acc: *77.310%* (7731/10000)
Train epoch: 386 | Loss: *0.097* | Acc: *96.724%* (48362/50000) 
Test epoch: 386 | Loss: *0.763* | Acc: *78.670%* (7867/10000)
Train epoch: 387 | Loss: *0.092* | Acc: *97.006%* (48503/50000) 
Test epoch: 387 | Loss: *0.869* | Acc: *76.160%* (7616/10000)
Train epoch: 388 | Loss: *0.094* | Acc: *96.946%* (48473/50000) 
Test epoch: 388 | Loss: *0.719* | Acc: *80.330%* (8033/10000)
Train epoch: 389 | Loss: *0.088* | Acc: *97.146%* (48573/50000) 
Test epoch: 389 | Loss: *0.826* | Acc: *78.090%* (7809/10000)
Train epoch: 390 | Loss: *0.103* | Acc: *96.552%* (48276/50000) 
Test epoch: 390 | Loss: *1.123* | Acc: *73.110%* (7311/10000)
Train epoch: 391 | Loss: *0.090* | Acc: *97.108%* (48554/50000) 
Test epoch: 391 | Loss: *0.919* | Acc: *76.200%* (7620/10000)
Train epoch: 392 | Loss: *0.095* | Acc: *96.972%* (48486/50000) 
Test epoch: 392 | Loss: *0.849* | Acc: *77.540%* (7754/10000)
Train epoch: 393 | Loss: *0.091* | Acc: *97.060%* (48530/50000) 
Test epoch: 393 | Loss: *0.959* | Acc: *76.420%* (7642/10000)
Train epoch: 394 | Loss: *0.092* | Acc: *97.030%* (48515/50000) 
Test epoch: 394 | Loss: *0.743* | Acc: *79.810%* (7981/10000)
Train epoch: 395 | Loss: *0.102* | Acc: *96.590%* (48295/50000) 
Test epoch: 395 | Loss: *0.927* | Acc: *75.700%* (7570/10000)
Train epoch: 396 | Loss: *0.090* | Acc: *97.060%* (48530/50000) 
Test epoch: 396 | Loss: *0.916* | Acc: *75.750%* (7575/10000)
Train epoch: 397 | Loss: *0.082* | Acc: *97.356%* (48678/50000) 
Test epoch: 397 | Loss: *1.046* | Acc: *74.470%* (7447/10000)
Train epoch: 398 | Loss: *0.101* | Acc: *96.650%* (48325/50000) 
Test epoch: 398 | Loss: *0.909* | Acc: *77.010%* (7701/10000)
Train epoch: 399 | Loss: *0.093* | Acc: *96.978%* (48489/50000) 
Test epoch: 399 | Loss: *0.905* | Acc: *76.490%* (7649/10000)
Train epoch: 400 | Loss: *0.092* | Acc: *96.994%* (48497/50000) 
Test epoch: 400 | Loss: *0.748* | Acc: *79.320%* (7932/10000)
Train epoch: 401 | Loss: *0.095* | Acc: *96.850%* (48425/50000) 
Test epoch: 401 | Loss: *0.753* | Acc: *79.820%* (7982/10000)
Train epoch: 402 | Loss: *0.088* | Acc: *97.150%* (48575/50000) 
Test epoch: 402 | Loss: *0.835* | Acc: *77.890%* (7789/10000)
Train epoch: 403 | Loss: *0.092* | Acc: *97.020%* (48510/50000) 
Test epoch: 403 | Loss: *0.817* | Acc: *78.430%* (7843/10000)
Train epoch: 404 | Loss: *0.097* | Acc: *96.796%* (48398/50000) 
Test epoch: 404 | Loss: *0.779* | Acc: *78.140%* (7814/10000)
Train epoch: 405 | Loss: *0.091* | Acc: *96.996%* (48498/50000) 
Test epoch: 405 | Loss: *0.925* | Acc: *76.870%* (7687/10000)
Train epoch: 406 | Loss: *0.080* | Acc: *97.448%* (48724/50000) 
Test epoch: 406 | Loss: *0.904* | Acc: *77.680%* (7768/10000)
Train epoch: 407 | Loss: *0.093* | Acc: *96.878%* (48439/50000) 
Test epoch: 407 | Loss: *0.770* | Acc: *78.970%* (7897/10000)
Train epoch: 408 | Loss: *0.095* | Acc: *96.942%* (48471/50000) 
Test epoch: 408 | Loss: *0.742* | Acc: *80.120%* (8012/10000)
Train epoch: 409 | Loss: *0.084* | Acc: *97.198%* (48599/50000) 
Test epoch: 409 | Loss: *0.797* | Acc: *79.540%* (7954/10000)
Train epoch: 410 | Loss: *0.097* | Acc: *96.714%* (48357/50000) 
Test epoch: 410 | Loss: *0.801* | Acc: *78.280%* (7828/10000)
Train epoch: 411 | Loss: *0.094* | Acc: *97.018%* (48509/50000) 
Test epoch: 411 | Loss: *0.756* | Acc: *79.020%* (7902/10000)
Train epoch: 412 | Loss: *0.090* | Acc: *97.024%* (48512/50000) 
Test epoch: 412 | Loss: *0.863* | Acc: *78.150%* (7815/10000)
Train epoch: 413 | Loss: *0.087* | Acc: *97.158%* (48579/50000) 
Test epoch: 413 | Loss: *0.812* | Acc: *78.760%* (7876/10000)
Train epoch: 414 | Loss: *0.094* | Acc: *96.980%* (48490/50000) 
Test epoch: 414 | Loss: *1.075* | Acc: *74.700%* (7470/10000)
Train epoch: 415 | Loss: *0.091* | Acc: *97.082%* (48541/50000) 
Test epoch: 415 | Loss: *0.872* | Acc: *76.910%* (7691/10000)
Train epoch: 416 | Loss: *0.084* | Acc: *97.440%* (48720/50000) 
Test epoch: 416 | Loss: *0.780* | Acc: *79.460%* (7946/10000)
Train epoch: 417 | Loss: *0.089* | Acc: *97.154%* (48577/50000) 
Test epoch: 417 | Loss: *0.754* | Acc: *80.080%* (8008/10000)
Train epoch: 418 | Loss: *0.088* | Acc: *97.102%* (48551/50000) 
Test epoch: 418 | Loss: *0.844* | Acc: *78.740%* (7874/10000)
Train epoch: 419 | Loss: *0.088* | Acc: *97.124%* (48562/50000) 
Test epoch: 419 | Loss: *0.806* | Acc: *78.740%* (7874/10000)
Train epoch: 420 | Loss: *0.097* | Acc: *96.854%* (48427/50000) 
Test epoch: 420 | Loss: *0.930* | Acc: *76.550%* (7655/10000)
Train epoch: 421 | Loss: *0.081* | Acc: *97.404%* (48702/50000) 
Test epoch: 421 | Loss: *1.302* | Acc: *71.840%* (7184/10000)
Train epoch: 422 | Loss: *0.080* | Acc: *97.464%* (48732/50000) 
Test epoch: 422 | Loss: *0.987* | Acc: *75.410%* (7541/10000)
Train epoch: 423 | Loss: *0.095* | Acc: *96.870%* (48435/50000) 
Test epoch: 423 | Loss: *0.833* | Acc: *78.570%* (7857/10000)
Train epoch: 424 | Loss: *0.082* | Acc: *97.412%* (48706/50000) 
Test epoch: 424 | Loss: *0.818* | Acc: *78.480%* (7848/10000)
Train epoch: 425 | Loss: *0.079* | Acc: *97.324%* (48662/50000) 
Test epoch: 425 | Loss: *0.755* | Acc: *79.440%* (7944/10000)
Train epoch: 426 | Loss: *0.092* | Acc: *97.004%* (48502/50000) 
Test epoch: 426 | Loss: *0.827* | Acc: *78.910%* (7891/10000)
Train epoch: 427 | Loss: *0.083* | Acc: *97.310%* (48655/50000) 
Test epoch: 427 | Loss: *0.934* | Acc: *76.310%* (7631/10000)
Train epoch: 428 | Loss: *0.083* | Acc: *97.274%* (48637/50000) 
Test epoch: 428 | Loss: *0.791* | Acc: *78.610%* (7861/10000)
Train epoch: 429 | Loss: *0.077* | Acc: *97.520%* (48760/50000) 
Test epoch: 429 | Loss: *0.777* | Acc: *79.110%* (7911/10000)
Train epoch: 430 | Loss: *0.085* | Acc: *97.236%* (48618/50000) 
Test epoch: 430 | Loss: *1.040* | Acc: *74.430%* (7443/10000)
Train epoch: 431 | Loss: *0.081* | Acc: *97.428%* (48714/50000) 
Test epoch: 431 | Loss: *0.859* | Acc: *77.670%* (7767/10000)
Train epoch: 432 | Loss: *0.081* | Acc: *97.372%* (48686/50000) 
Test epoch: 432 | Loss: *0.932* | Acc: *77.610%* (7761/10000)
Train epoch: 433 | Loss: *0.086* | Acc: *97.182%* (48591/50000) 
Test epoch: 433 | Loss: *0.825* | Acc: *78.470%* (7847/10000)
Train epoch: 434 | Loss: *0.079* | Acc: *97.408%* (48704/50000) 
Test epoch: 434 | Loss: *0.838* | Acc: *77.710%* (7771/10000)
Train epoch: 435 | Loss: *0.085* | Acc: *97.228%* (48614/50000) 
Test epoch: 435 | Loss: *1.236* | Acc: *70.590%* (7059/10000)
Train epoch: 436 | Loss: *0.076* | Acc: *97.526%* (48763/50000) 
Test epoch: 436 | Loss: *0.820* | Acc: *77.690%* (7769/10000)
Train epoch: 437 | Loss: *0.079* | Acc: *97.474%* (48737/50000) 
Test epoch: 437 | Loss: *0.888* | Acc: *76.810%* (7681/10000)
Train epoch: 438 | Loss: *0.073* | Acc: *97.606%* (48803/50000) 
Test epoch: 438 | Loss: *0.891* | Acc: *78.020%* (7802/10000)
Train epoch: 439 | Loss: *0.077* | Acc: *97.510%* (48755/50000) 
Test epoch: 439 | Loss: *0.801* | Acc: *79.540%* (7954/10000)
Train epoch: 440 | Loss: *0.079* | Acc: *97.396%* (48698/50000) 
Test epoch: 440 | Loss: *1.152* | Acc: *72.370%* (7237/10000)
Train epoch: 441 | Loss: *0.080* | Acc: *97.324%* (48662/50000) 
Test epoch: 441 | Loss: *0.815* | Acc: *78.140%* (7814/10000)
Train epoch: 442 | Loss: *0.068* | Acc: *97.898%* (48949/50000) 
Test epoch: 442 | Loss: *0.820* | Acc: *78.960%* (7896/10000)
Train epoch: 443 | Loss: *0.083* | Acc: *97.298%* (48649/50000) 
Test epoch: 443 | Loss: *0.800* | Acc: *78.130%* (7813/10000)
Train epoch: 444 | Loss: *0.080* | Acc: *97.334%* (48667/50000) 
Test epoch: 444 | Loss: *0.919* | Acc: *77.370%* (7737/10000)
Train epoch: 445 | Loss: *0.077* | Acc: *97.498%* (48749/50000) 
Test epoch: 445 | Loss: *0.852* | Acc: *78.650%* (7865/10000)
Train epoch: 446 | Loss: *0.061* | Acc: *98.106%* (49053/50000) 
Test epoch: 446 | Loss: *0.930* | Acc: *76.050%* (7605/10000)
Train epoch: 447 | Loss: *0.077* | Acc: *97.512%* (48756/50000) 
Test epoch: 447 | Loss: *0.883* | Acc: *78.120%* (7812/10000)
Train epoch: 448 | Loss: *0.078* | Acc: *97.506%* (48753/50000) 
Test epoch: 448 | Loss: *1.027* | Acc: *76.490%* (7649/10000)
Train epoch: 449 | Loss: *0.068* | Acc: *97.830%* (48915/50000) 
Test epoch: 449 | Loss: *0.822* | Acc: *78.820%* (7882/10000)
Train epoch: 450 | Loss: *0.072* | Acc: *97.630%* (48815/50000) 
Test epoch: 450 | Loss: *0.859* | Acc: *77.840%* (7784/10000)
Train epoch: 451 | Loss: *0.069* | Acc: *97.744%* (48872/50000) 
Test epoch: 451 | Loss: *0.819* | Acc: *79.130%* (7913/10000)
Train epoch: 452 | Loss: *0.067* | Acc: *97.848%* (48924/50000) 
Test epoch: 452 | Loss: *0.730* | Acc: *80.930%* (8093/10000)
Train epoch: 453 | Loss: *0.062* | Acc: *98.080%* (49040/50000) 
Test epoch: 453 | Loss: *0.858* | Acc: *78.630%* (7863/10000)
Train epoch: 454 | Loss: *0.074* | Acc: *97.644%* (48822/50000) 
Test epoch: 454 | Loss: *0.863* | Acc: *78.460%* (7846/10000)
Train epoch: 455 | Loss: *0.065* | Acc: *97.918%* (48959/50000) 
Test epoch: 455 | Loss: *0.753* | Acc: *80.410%* (8041/10000)
Train epoch: 456 | Loss: *0.064* | Acc: *97.966%* (48983/50000) 
Test epoch: 456 | Loss: *0.855* | Acc: *78.500%* (7850/10000)
Train epoch: 457 | Loss: *0.070* | Acc: *97.734%* (48867/50000) 
Test epoch: 457 | Loss: *0.788* | Acc: *79.150%* (7915/10000)
Train epoch: 458 | Loss: *0.071* | Acc: *97.762%* (48881/50000) 
Test epoch: 458 | Loss: *0.886* | Acc: *77.660%* (7766/10000)
Train epoch: 459 | Loss: *0.058* | Acc: *98.292%* (49146/50000) 
Test epoch: 459 | Loss: *0.800* | Acc: *79.740%* (7974/10000)
Train epoch: 460 | Loss: *0.058* | Acc: *98.238%* (49119/50000) 
Test epoch: 460 | Loss: *0.819* | Acc: *79.830%* (7983/10000)
Train epoch: 461 | Loss: *0.068* | Acc: *97.906%* (48953/50000) 
Test epoch: 461 | Loss: *0.803* | Acc: *79.240%* (7924/10000)
Train epoch: 462 | Loss: *0.062* | Acc: *98.084%* (49042/50000) 
Test epoch: 462 | Loss: *0.905* | Acc: *78.130%* (7813/10000)
Train epoch: 463 | Loss: *0.059* | Acc: *98.154%* (49077/50000) 
Test epoch: 463 | Loss: *0.824* | Acc: *79.150%* (7915/10000)
Train epoch: 464 | Loss: *0.058* | Acc: *98.298%* (49149/50000) 
Test epoch: 464 | Loss: *0.776* | Acc: *79.630%* (7963/10000)
Train epoch: 465 | Loss: *0.057* | Acc: *98.272%* (49136/50000) 
Test epoch: 465 | Loss: *0.764* | Acc: *79.940%* (7994/10000)
Train epoch: 466 | Loss: *0.057* | Acc: *98.230%* (49115/50000) 
Test epoch: 466 | Loss: *0.929* | Acc: *76.910%* (7691/10000)
Train epoch: 467 | Loss: *0.069* | Acc: *97.770%* (48885/50000) 
Test epoch: 467 | Loss: *0.776* | Acc: *79.100%* (7910/10000)
Train epoch: 468 | Loss: *0.059* | Acc: *98.196%* (49098/50000) 
Test epoch: 468 | Loss: *0.794* | Acc: *79.030%* (7903/10000)
Train epoch: 469 | Loss: *0.049* | Acc: *98.542%* (49271/50000) 
Test epoch: 469 | Loss: *0.940* | Acc: *76.830%* (7683/10000)
Train epoch: 470 | Loss: *0.056* | Acc: *98.262%* (49131/50000) 
Test epoch: 470 | Loss: *0.724* | Acc: *80.840%* (8084/10000)
Train epoch: 471 | Loss: *0.050* | Acc: *98.512%* (49256/50000) 
Test epoch: 471 | Loss: *0.814* | Acc: *79.350%* (7935/10000)
Train epoch: 472 | Loss: *0.060* | Acc: *98.114%* (49057/50000) 
Test epoch: 472 | Loss: *0.817* | Acc: *78.770%* (7877/10000)
Train epoch: 473 | Loss: *0.054* | Acc: *98.370%* (49185/50000) 
Test epoch: 473 | Loss: *1.077* | Acc: *75.370%* (7537/10000)
Train epoch: 474 | Loss: *0.045* | Acc: *98.638%* (49319/50000) 
Test epoch: 474 | Loss: *0.799* | Acc: *80.100%* (8010/10000)
Train epoch: 475 | Loss: *0.050* | Acc: *98.496%* (49248/50000) 
Test epoch: 475 | Loss: *0.813* | Acc: *80.110%* (8011/10000)
Train epoch: 476 | Loss: *0.055* | Acc: *98.328%* (49164/50000) 
Test epoch: 476 | Loss: *1.144* | Acc: *74.780%* (7478/10000)
Train epoch: 477 | Loss: *0.054* | Acc: *98.436%* (49218/50000) 
Test epoch: 477 | Loss: *0.871* | Acc: *77.870%* (7787/10000)
Train epoch: 478 | Loss: *0.052* | Acc: *98.450%* (49225/50000) 
Test epoch: 478 | Loss: *0.849* | Acc: *78.800%* (7880/10000)
Train epoch: 479 | Loss: *0.044* | Acc: *98.686%* (49343/50000) 
Test epoch: 479 | Loss: *0.971* | Acc: *77.060%* (7706/10000)
Train epoch: 480 | Loss: *0.053* | Acc: *98.382%* (49191/50000) 
Test epoch: 480 | Loss: *0.748* | Acc: *80.140%* (8014/10000)
Train epoch: 481 | Loss: *0.040* | Acc: *98.884%* (49442/50000) 
Test epoch: 481 | Loss: *0.802* | Acc: *79.950%* (7995/10000)
Train epoch: 482 | Loss: *0.048* | Acc: *98.558%* (49279/50000) 
Test epoch: 482 | Loss: *0.913* | Acc: *78.640%* (7864/10000)
Train epoch: 483 | Loss: *0.049* | Acc: *98.470%* (49235/50000) 
Test epoch: 483 | Loss: *0.870* | Acc: *78.560%* (7856/10000)
Train epoch: 484 | Loss: *0.049* | Acc: *98.596%* (49298/50000) 
Test epoch: 484 | Loss: *0.912* | Acc: *77.630%* (7763/10000)
Train epoch: 485 | Loss: *0.043* | Acc: *98.714%* (49357/50000) 
Test epoch: 485 | Loss: *0.890* | Acc: *77.950%* (7795/10000)
Train epoch: 486 | Loss: *0.040* | Acc: *98.888%* (49444/50000) 
Test epoch: 486 | Loss: *0.814* | Acc: *79.500%* (7950/10000)
Train epoch: 487 | Loss: *0.040* | Acc: *98.856%* (49428/50000) 
Test epoch: 487 | Loss: *0.808* | Acc: *79.890%* (7989/10000)
Train epoch: 488 | Loss: *0.044* | Acc: *98.720%* (49360/50000) 
Test epoch: 488 | Loss: *0.789* | Acc: *80.210%* (8021/10000)
Train epoch: 489 | Loss: *0.043* | Acc: *98.768%* (49384/50000) 
Test epoch: 489 | Loss: *0.876* | Acc: *77.980%* (7798/10000)
Train epoch: 490 | Loss: *0.042* | Acc: *98.782%* (49391/50000) 
Test epoch: 490 | Loss: *0.762* | Acc: *80.720%* (8072/10000)
Train epoch: 491 | Loss: *0.041* | Acc: *98.772%* (49386/50000) 
Test epoch: 491 | Loss: *0.866* | Acc: *79.220%* (7922/10000)
Train epoch: 492 | Loss: *0.039* | Acc: *98.868%* (49434/50000) 
Test epoch: 492 | Loss: *0.830* | Acc: *79.420%* (7942/10000)
Train epoch: 493 | Loss: *0.035* | Acc: *99.084%* (49542/50000) 
Test epoch: 493 | Loss: *0.808* | Acc: *80.230%* (8023/10000)
Train epoch: 494 | Loss: *0.036* | Acc: *98.972%* (49486/50000) 
Test epoch: 494 | Loss: *0.849* | Acc: *78.070%* (7807/10000)
Train epoch: 495 | Loss: *0.048* | Acc: *98.522%* (49261/50000) 
Test epoch: 495 | Loss: *0.793* | Acc: *79.780%* (7978/10000)
Train epoch: 496 | Loss: *0.033* | Acc: *99.118%* (49559/50000) 
Test epoch: 496 | Loss: *0.738* | Acc: *80.860%* (8086/10000)
Train epoch: 497 | Loss: *0.026* | Acc: *99.374%* (49687/50000) 
Test epoch: 497 | Loss: *0.818* | Acc: *79.180%* (7918/10000)
Train epoch: 498 | Loss: *0.030* | Acc: *99.224%* (49612/50000) 
Test epoch: 498 | Loss: *0.799* | Acc: *80.240%* (8024/10000)
Train epoch: 499 | Loss: *0.043* | Acc: *98.808%* (49404/50000) 
Test epoch: 499 | Loss: *0.921* | Acc: *77.810%* (7781/10000)
Train epoch: 500 | Loss: *0.041* | Acc: *98.806%* (49403/50000) 
Test epoch: 500 | Loss: *0.768* | Acc: *80.490%* (8049/10000)
Best test accuracy: *85.850%*, loss: *0.4996360541880131*, at epoch: *142*.
==> Execution time summary of 500 epoch(s).
Train data loading time: sum. *246.4084115885198* secs | avg. *0.4928168231770396* secs per epoch.
Train training time: sum. *1082.275766924955* secs | avg. *2.16455153384991* secs per epoch.
Train total time: sum. *1328.6841785134748* secs | avg. *2.6573683570269497* secs per epoch.
Test data loading time: sum. *91.7363610547036* secs | avg. *0.18347272210940718* secs per epoch.
Test training time: sum. *67.77918640896678* secs | avg. *0.13555837281793356* secs per epoch.
Test total time: sum. *159.51554746367037* secs | avg. *0.3190310949273407* secs per epoch.
Total data loading time: sum. *338.1447726432234* secs | avg. *0.6762895452864468* secs per epoch.
Total training time: sum. *1150.0549533339217* secs | avg. *2.3001099066678434* secs per epoch.
Total running time: sum. *1488.1997259771451* secs | avg. *2.9763994519542902* secs per epoch.
==> Number of GPU device: 1
==> Device #0 Memory Usage
==> Allocated: 0.1 GB
==> Cached:    3.6 GB
==> Maximum: 3.6 GB
