==> Running on : cuda
==> Number of CPU: 48
==> Number of workers: 2
==> #Epochs: 500, #Layers: 2, #Blocks: [3, 1], In channel: 128, Input layer conv kernel: 7x7, Residual layer conv kernel 5x5, Skip kernel: 1x1, Input layer conv padding: 3, Residual layer conv padding: 2
==> Optimizer is SGD with Nesterov
==> Momentum: 0.9
==> Learning rate: 0.1
==> Weight decay: 0.0005
==>Trainable Parameters: 4972682
==>Other Parameters: 0
==>Augmentation: None
Files already downloaded and verified
Train epoch: 1 | Loss: *1.512* | Acc: *44.178%* (22089/50000) 
Test epoch: 1 | Loss: *1.946* | Acc: *36.010%* (3601/10000)
Train epoch: 2 | Loss: *1.101* | Acc: *60.500%* (30250/50000) 
Test epoch: 2 | Loss: *1.607* | Acc: *48.830%* (4883/10000)
Train epoch: 3 | Loss: *0.903* | Acc: *67.962%* (33981/50000) 
Test epoch: 3 | Loss: *1.023* | Acc: *63.350%* (6335/10000)
Train epoch: 4 | Loss: *0.763* | Acc: *73.256%* (36628/50000) 
Test epoch: 4 | Loss: *1.502* | Acc: *57.650%* (5765/10000)
Train epoch: 5 | Loss: *0.648* | Acc: *77.536%* (38768/50000) 
Test epoch: 5 | Loss: *1.084* | Acc: *65.430%* (6543/10000)
Train epoch: 6 | Loss: *0.574* | Acc: *80.218%* (40109/50000) 
Test epoch: 6 | Loss: *0.879* | Acc: *69.530%* (6953/10000)
Train epoch: 7 | Loss: *0.524* | Acc: *81.978%* (40989/50000) 
Test epoch: 7 | Loss: *0.887* | Acc: *70.720%* (7072/10000)
Train epoch: 8 | Loss: *0.482* | Acc: *83.276%* (41638/50000) 
Test epoch: 8 | Loss: *0.920* | Acc: *68.680%* (6868/10000)
Train epoch: 9 | Loss: *0.451* | Acc: *84.486%* (42243/50000) 
Test epoch: 9 | Loss: *1.016* | Acc: *66.350%* (6635/10000)
Train epoch: 10 | Loss: *0.428* | Acc: *85.240%* (42620/50000) 
Test epoch: 10 | Loss: *0.667* | Acc: *77.120%* (7712/10000)
Train epoch: 11 | Loss: *0.401* | Acc: *86.206%* (43103/50000) 
Test epoch: 11 | Loss: *0.684* | Acc: *76.370%* (7637/10000)
Train epoch: 12 | Loss: *0.385* | Acc: *86.824%* (43412/50000) 
Test epoch: 12 | Loss: *0.848* | Acc: *72.200%* (7220/10000)
Train epoch: 13 | Loss: *0.369* | Acc: *87.200%* (43600/50000) 
Test epoch: 13 | Loss: *1.238* | Acc: *64.070%* (6407/10000)
Train epoch: 14 | Loss: *0.354* | Acc: *87.696%* (43848/50000) 
Test epoch: 14 | Loss: *0.656* | Acc: *78.040%* (7804/10000)
Train epoch: 15 | Loss: *0.345* | Acc: *88.114%* (44057/50000) 
Test epoch: 15 | Loss: *0.912* | Acc: *70.100%* (7010/10000)
Train epoch: 16 | Loss: *0.335* | Acc: *88.430%* (44215/50000) 
Test epoch: 16 | Loss: *0.852* | Acc: *72.850%* (7285/10000)
Train epoch: 17 | Loss: *0.321* | Acc: *89.004%* (44502/50000) 
Test epoch: 17 | Loss: *0.709* | Acc: *76.670%* (7667/10000)
Train epoch: 18 | Loss: *0.316* | Acc: *89.150%* (44575/50000) 
Test epoch: 18 | Loss: *0.625* | Acc: *79.070%* (7907/10000)
Train epoch: 19 | Loss: *0.303* | Acc: *89.512%* (44756/50000) 
Test epoch: 19 | Loss: *0.626* | Acc: *79.180%* (7918/10000)
Train epoch: 20 | Loss: *0.299* | Acc: *89.812%* (44906/50000) 
Test epoch: 20 | Loss: *0.905* | Acc: *71.050%* (7105/10000)
Train epoch: 21 | Loss: *0.294* | Acc: *89.862%* (44931/50000) 
Test epoch: 21 | Loss: *1.159* | Acc: *64.700%* (6470/10000)
Train epoch: 22 | Loss: *0.290* | Acc: *89.902%* (44951/50000) 
Test epoch: 22 | Loss: *0.744* | Acc: *74.910%* (7491/10000)
Train epoch: 23 | Loss: *0.285* | Acc: *89.926%* (44963/50000) 
Test epoch: 23 | Loss: *1.311* | Acc: *65.590%* (6559/10000)
Train epoch: 24 | Loss: *0.274* | Acc: *90.522%* (45261/50000) 
Test epoch: 24 | Loss: *0.869* | Acc: *73.550%* (7355/10000)
Train epoch: 25 | Loss: *0.273* | Acc: *90.432%* (45216/50000) 
Test epoch: 25 | Loss: *1.020* | Acc: *71.270%* (7127/10000)
Train epoch: 26 | Loss: *0.268* | Acc: *90.710%* (45355/50000) 
Test epoch: 26 | Loss: *0.633* | Acc: *80.500%* (8050/10000)
Train epoch: 27 | Loss: *0.265* | Acc: *90.868%* (45434/50000) 
Test epoch: 27 | Loss: *1.387* | Acc: *63.250%* (6325/10000)
Train epoch: 28 | Loss: *0.255* | Acc: *91.122%* (45561/50000) 
Test epoch: 28 | Loss: *1.275* | Acc: *68.430%* (6843/10000)
Train epoch: 29 | Loss: *0.258* | Acc: *90.982%* (45491/50000) 
Test epoch: 29 | Loss: *0.662* | Acc: *78.230%* (7823/10000)
Train epoch: 30 | Loss: *0.252* | Acc: *91.338%* (45669/50000) 
Test epoch: 30 | Loss: *0.665* | Acc: *78.770%* (7877/10000)
Train epoch: 31 | Loss: *0.252* | Acc: *91.224%* (45612/50000) 
Test epoch: 31 | Loss: *0.823* | Acc: *74.220%* (7422/10000)
Train epoch: 32 | Loss: *0.246* | Acc: *91.558%* (45779/50000) 
Test epoch: 32 | Loss: *0.908* | Acc: *74.390%* (7439/10000)
Train epoch: 33 | Loss: *0.239* | Acc: *91.732%* (45866/50000) 
Test epoch: 33 | Loss: *0.519* | Acc: *82.820%* (8282/10000)
Train epoch: 34 | Loss: *0.242* | Acc: *91.564%* (45782/50000) 
Test epoch: 34 | Loss: *2.059* | Acc: *53.540%* (5354/10000)
Train epoch: 35 | Loss: *0.237* | Acc: *91.924%* (45962/50000) 
Test epoch: 35 | Loss: *0.770* | Acc: *75.150%* (7515/10000)
Train epoch: 36 | Loss: *0.236* | Acc: *91.886%* (45943/50000) 
Test epoch: 36 | Loss: *0.700* | Acc: *78.090%* (7809/10000)
Train epoch: 37 | Loss: *0.232* | Acc: *91.904%* (45952/50000) 
Test epoch: 37 | Loss: *0.753* | Acc: *74.880%* (7488/10000)
Train epoch: 38 | Loss: *0.227* | Acc: *92.084%* (46042/50000) 
Test epoch: 38 | Loss: *0.823* | Acc: *76.360%* (7636/10000)
Train epoch: 39 | Loss: *0.226* | Acc: *92.232%* (46116/50000) 
Test epoch: 39 | Loss: *0.912* | Acc: *73.820%* (7382/10000)
Train epoch: 40 | Loss: *0.215* | Acc: *92.566%* (46283/50000) 
Test epoch: 40 | Loss: *0.678* | Acc: *77.990%* (7799/10000)
Train epoch: 41 | Loss: *0.225* | Acc: *92.140%* (46070/50000) 
Test epoch: 41 | Loss: *0.713* | Acc: *76.550%* (7655/10000)
Train epoch: 42 | Loss: *0.224* | Acc: *92.326%* (46163/50000) 
Test epoch: 42 | Loss: *0.995* | Acc: *71.490%* (7149/10000)
Train epoch: 43 | Loss: *0.215* | Acc: *92.688%* (46344/50000) 
Test epoch: 43 | Loss: *0.744* | Acc: *76.090%* (7609/10000)
Train epoch: 44 | Loss: *0.210* | Acc: *92.776%* (46388/50000) 
Test epoch: 44 | Loss: *0.716* | Acc: *77.750%* (7775/10000)
Train epoch: 45 | Loss: *0.211* | Acc: *92.760%* (46380/50000) 
Test epoch: 45 | Loss: *0.690* | Acc: *77.750%* (7775/10000)
Train epoch: 46 | Loss: *0.208* | Acc: *92.756%* (46378/50000) 
Test epoch: 46 | Loss: *0.683* | Acc: *79.730%* (7973/10000)
Train epoch: 47 | Loss: *0.201* | Acc: *93.142%* (46571/50000) 
Test epoch: 47 | Loss: *0.623* | Acc: *79.580%* (7958/10000)
Train epoch: 48 | Loss: *0.201* | Acc: *93.094%* (46547/50000) 
Test epoch: 48 | Loss: *0.637* | Acc: *79.330%* (7933/10000)
Train epoch: 49 | Loss: *0.202* | Acc: *93.004%* (46502/50000) 
Test epoch: 49 | Loss: *0.741* | Acc: *77.150%* (7715/10000)
Train epoch: 50 | Loss: *0.190* | Acc: *93.486%* (46743/50000) 
Test epoch: 50 | Loss: *0.891* | Acc: *74.110%* (7411/10000)
Train epoch: 51 | Loss: *0.201* | Acc: *92.958%* (46479/50000) 
Test epoch: 51 | Loss: *1.113* | Acc: *69.130%* (6913/10000)
Train epoch: 52 | Loss: *0.186* | Acc: *93.594%* (46797/50000) 
Test epoch: 52 | Loss: *0.782* | Acc: *75.300%* (7530/10000)
Train epoch: 53 | Loss: *0.191* | Acc: *93.446%* (46723/50000) 
Test epoch: 53 | Loss: *0.747* | Acc: *77.060%* (7706/10000)
Train epoch: 54 | Loss: *0.190* | Acc: *93.372%* (46686/50000) 
Test epoch: 54 | Loss: *0.694* | Acc: *78.690%* (7869/10000)
Train epoch: 55 | Loss: *0.185* | Acc: *93.544%* (46772/50000) 
Test epoch: 55 | Loss: *0.731* | Acc: *77.190%* (7719/10000)
Train epoch: 56 | Loss: *0.178* | Acc: *93.866%* (46933/50000) 
Test epoch: 56 | Loss: *1.017* | Acc: *72.650%* (7265/10000)
Train epoch: 57 | Loss: *0.185* | Acc: *93.700%* (46850/50000) 
Test epoch: 57 | Loss: *0.493* | Acc: *83.550%* (8355/10000)
Train epoch: 58 | Loss: *0.180* | Acc: *93.806%* (46903/50000) 
Test epoch: 58 | Loss: *1.017* | Acc: *71.990%* (7199/10000)
Train epoch: 59 | Loss: *0.170* | Acc: *94.208%* (47104/50000) 
Test epoch: 59 | Loss: *0.944* | Acc: *73.960%* (7396/10000)
Train epoch: 60 | Loss: *0.179* | Acc: *93.728%* (46864/50000) 
Test epoch: 60 | Loss: *0.970* | Acc: *73.360%* (7336/10000)
Train epoch: 61 | Loss: *0.168* | Acc: *94.266%* (47133/50000) 
Test epoch: 61 | Loss: *1.178* | Acc: *70.680%* (7068/10000)
Train epoch: 62 | Loss: *0.164* | Acc: *94.382%* (47191/50000) 
Test epoch: 62 | Loss: *0.843* | Acc: *75.850%* (7585/10000)
Train epoch: 63 | Loss: *0.171* | Acc: *94.194%* (47097/50000) 
Test epoch: 63 | Loss: *0.755* | Acc: *78.290%* (7829/10000)
Train epoch: 64 | Loss: *0.160* | Acc: *94.500%* (47250/50000) 
Test epoch: 64 | Loss: *0.760* | Acc: *78.000%* (7800/10000)
Train epoch: 65 | Loss: *0.165* | Acc: *94.296%* (47148/50000) 
Test epoch: 65 | Loss: *1.093* | Acc: *70.530%* (7053/10000)
Train epoch: 66 | Loss: *0.157* | Acc: *94.598%* (47299/50000) 
Test epoch: 66 | Loss: *0.878* | Acc: *73.550%* (7355/10000)
Train epoch: 67 | Loss: *0.159* | Acc: *94.510%* (47255/50000) 
Test epoch: 67 | Loss: *0.663* | Acc: *80.700%* (8070/10000)
Train epoch: 68 | Loss: *0.154* | Acc: *94.820%* (47410/50000) 
Test epoch: 68 | Loss: *1.099* | Acc: *70.240%* (7024/10000)
Train epoch: 69 | Loss: *0.152* | Acc: *94.950%* (47475/50000) 
Test epoch: 69 | Loss: *0.693* | Acc: *80.590%* (8059/10000)
Train epoch: 70 | Loss: *0.150* | Acc: *94.866%* (47433/50000) 
Test epoch: 70 | Loss: *1.081* | Acc: *71.190%* (7119/10000)
Train epoch: 71 | Loss: *0.143* | Acc: *95.076%* (47538/50000) 
Test epoch: 71 | Loss: *0.746* | Acc: *78.590%* (7859/10000)
Train epoch: 72 | Loss: *0.147* | Acc: *94.946%* (47473/50000) 
Test epoch: 72 | Loss: *1.020* | Acc: *72.930%* (7293/10000)
Train epoch: 73 | Loss: *0.146* | Acc: *95.014%* (47507/50000) 
Test epoch: 73 | Loss: *0.824* | Acc: *76.250%* (7625/10000)
Train epoch: 74 | Loss: *0.134* | Acc: *95.408%* (47704/50000) 
Test epoch: 74 | Loss: *0.909* | Acc: *73.540%* (7354/10000)
Train epoch: 75 | Loss: *0.134* | Acc: *95.524%* (47762/50000) 
Test epoch: 75 | Loss: *0.597* | Acc: *81.410%* (8141/10000)
Train epoch: 76 | Loss: *0.139* | Acc: *95.350%* (47675/50000) 
Test epoch: 76 | Loss: *0.924* | Acc: *74.820%* (7482/10000)
Train epoch: 77 | Loss: *0.135* | Acc: *95.476%* (47738/50000) 
Test epoch: 77 | Loss: *0.889* | Acc: *75.450%* (7545/10000)
Train epoch: 78 | Loss: *0.128* | Acc: *95.606%* (47803/50000) 
Test epoch: 78 | Loss: *0.985* | Acc: *74.510%* (7451/10000)
Train epoch: 79 | Loss: *0.133* | Acc: *95.406%* (47703/50000) 
Test epoch: 79 | Loss: *0.893* | Acc: *75.980%* (7598/10000)
Train epoch: 80 | Loss: *0.115* | Acc: *96.222%* (48111/50000) 
Test epoch: 80 | Loss: *0.602* | Acc: *81.990%* (8199/10000)
Train epoch: 81 | Loss: *0.124* | Acc: *95.846%* (47923/50000) 
Test epoch: 81 | Loss: *0.997* | Acc: *73.370%* (7337/10000)
Train epoch: 82 | Loss: *0.125* | Acc: *95.682%* (47841/50000) 
Test epoch: 82 | Loss: *0.746* | Acc: *79.350%* (7935/10000)
Train epoch: 83 | Loss: *0.124* | Acc: *95.874%* (47937/50000) 
Test epoch: 83 | Loss: *1.067* | Acc: *71.480%* (7148/10000)
Train epoch: 84 | Loss: *0.113* | Acc: *96.228%* (48114/50000) 
Test epoch: 84 | Loss: *0.711* | Acc: *78.540%* (7854/10000)
Train epoch: 85 | Loss: *0.107* | Acc: *96.548%* (48274/50000) 
Test epoch: 85 | Loss: *0.876* | Acc: *75.840%* (7584/10000)
Train epoch: 86 | Loss: *0.121* | Acc: *95.956%* (47978/50000) 
Test epoch: 86 | Loss: *0.870* | Acc: *76.240%* (7624/10000)
Train epoch: 87 | Loss: *0.105* | Acc: *96.590%* (48295/50000) 
Test epoch: 87 | Loss: *0.755* | Acc: *77.880%* (7788/10000)
Train epoch: 88 | Loss: *0.116* | Acc: *96.100%* (48050/50000) 
Test epoch: 88 | Loss: *0.596* | Acc: *81.500%* (8150/10000)
Train epoch: 89 | Loss: *0.108* | Acc: *96.412%* (48206/50000) 
Test epoch: 89 | Loss: *0.826* | Acc: *75.240%* (7524/10000)
Train epoch: 90 | Loss: *0.104* | Acc: *96.498%* (48249/50000) 
Test epoch: 90 | Loss: *1.185* | Acc: *68.610%* (6861/10000)
Train epoch: 91 | Loss: *0.102* | Acc: *96.564%* (48282/50000) 
Test epoch: 91 | Loss: *0.827* | Acc: *76.650%* (7665/10000)
Train epoch: 92 | Loss: *0.099* | Acc: *96.676%* (48338/50000) 
Test epoch: 92 | Loss: *0.854* | Acc: *76.880%* (7688/10000)
Train epoch: 93 | Loss: *0.090* | Acc: *97.048%* (48524/50000) 
Test epoch: 93 | Loss: *0.767* | Acc: *78.330%* (7833/10000)
Train epoch: 94 | Loss: *0.095* | Acc: *96.918%* (48459/50000) 
Test epoch: 94 | Loss: *1.030* | Acc: *71.060%* (7106/10000)
Train epoch: 95 | Loss: *0.100* | Acc: *96.624%* (48312/50000) 
Test epoch: 95 | Loss: *0.754* | Acc: *78.120%* (7812/10000)
Train epoch: 96 | Loss: *0.087* | Acc: *97.266%* (48633/50000) 
Test epoch: 96 | Loss: *0.530* | Acc: *84.530%* (8453/10000)
Train epoch: 97 | Loss: *0.082* | Acc: *97.350%* (48675/50000) 
Test epoch: 97 | Loss: *0.800* | Acc: *77.040%* (7704/10000)
Train epoch: 98 | Loss: *0.094* | Acc: *97.010%* (48505/50000) 
Test epoch: 98 | Loss: *0.627* | Acc: *81.930%* (8193/10000)
Train epoch: 99 | Loss: *0.082* | Acc: *97.300%* (48650/50000) 
Test epoch: 99 | Loss: *0.629* | Acc: *81.340%* (8134/10000)
Train epoch: 100 | Loss: *0.079* | Acc: *97.510%* (48755/50000) 
Test epoch: 100 | Loss: *0.673* | Acc: *80.490%* (8049/10000)
Train epoch: 101 | Loss: *0.082* | Acc: *97.370%* (48685/50000) 
Test epoch: 101 | Loss: *1.279* | Acc: *69.860%* (6986/10000)
Train epoch: 102 | Loss: *0.085* | Acc: *97.264%* (48632/50000) 
Test epoch: 102 | Loss: *0.659* | Acc: *81.460%* (8146/10000)
Train epoch: 103 | Loss: *0.065* | Acc: *98.032%* (49016/50000) 
Test epoch: 103 | Loss: *0.567* | Acc: *82.810%* (8281/10000)
Train epoch: 104 | Loss: *0.082* | Acc: *97.346%* (48673/50000) 
Test epoch: 104 | Loss: *0.663* | Acc: *81.850%* (8185/10000)
Train epoch: 105 | Loss: *0.069* | Acc: *97.814%* (48907/50000) 
Test epoch: 105 | Loss: *0.662* | Acc: *81.940%* (8194/10000)
Train epoch: 106 | Loss: *0.053* | Acc: *98.416%* (49208/50000) 
Test epoch: 106 | Loss: *0.746* | Acc: *79.220%* (7922/10000)
Train epoch: 107 | Loss: *0.070* | Acc: *97.734%* (48867/50000) 
Test epoch: 107 | Loss: *0.848* | Acc: *77.730%* (7773/10000)
Train epoch: 108 | Loss: *0.073* | Acc: *97.756%* (48878/50000) 
Test epoch: 108 | Loss: *0.588* | Acc: *83.270%* (8327/10000)
Train epoch: 109 | Loss: *0.057* | Acc: *98.314%* (49157/50000) 
Test epoch: 109 | Loss: *0.897* | Acc: *77.560%* (7756/10000)
Train epoch: 110 | Loss: *0.060* | Acc: *98.210%* (49105/50000) 
Test epoch: 110 | Loss: *0.845* | Acc: *76.190%* (7619/10000)
Train epoch: 111 | Loss: *0.060* | Acc: *98.240%* (49120/50000) 
Test epoch: 111 | Loss: *0.799* | Acc: *77.920%* (7792/10000)
Train epoch: 112 | Loss: *0.059* | Acc: *98.262%* (49131/50000) 
Test epoch: 112 | Loss: *0.523* | Acc: *83.920%* (8392/10000)
Train epoch: 113 | Loss: *0.049* | Acc: *98.538%* (49269/50000) 
Test epoch: 113 | Loss: *0.719* | Acc: *80.910%* (8091/10000)
Train epoch: 114 | Loss: *0.054* | Acc: *98.364%* (49182/50000) 
Test epoch: 114 | Loss: *0.704* | Acc: *80.780%* (8078/10000)
Train epoch: 115 | Loss: *0.060* | Acc: *98.198%* (49099/50000) 
Test epoch: 115 | Loss: *0.701* | Acc: *80.510%* (8051/10000)
Train epoch: 116 | Loss: *0.048* | Acc: *98.662%* (49331/50000) 
Test epoch: 116 | Loss: *0.848* | Acc: *76.770%* (7677/10000)
Train epoch: 117 | Loss: *0.042* | Acc: *98.862%* (49431/50000) 
Test epoch: 117 | Loss: *0.699* | Acc: *81.920%* (8192/10000)
Train epoch: 118 | Loss: *0.036* | Acc: *99.074%* (49537/50000) 
Test epoch: 118 | Loss: *0.623* | Acc: *82.200%* (8220/10000)
Train epoch: 119 | Loss: *0.044* | Acc: *98.806%* (49403/50000) 
Test epoch: 119 | Loss: *0.606* | Acc: *83.280%* (8328/10000)
Train epoch: 120 | Loss: *0.038* | Acc: *98.972%* (49486/50000) 
Test epoch: 120 | Loss: *0.499* | Acc: *85.310%* (8531/10000)
Train epoch: 121 | Loss: *0.037* | Acc: *98.996%* (49498/50000) 
Test epoch: 121 | Loss: *0.970* | Acc: *73.960%* (7396/10000)
Train epoch: 122 | Loss: *0.041* | Acc: *98.900%* (49450/50000) 
Test epoch: 122 | Loss: *0.979* | Acc: *75.180%* (7518/10000)
Train epoch: 123 | Loss: *0.045* | Acc: *98.714%* (49357/50000) 
Test epoch: 123 | Loss: *0.532* | Acc: *84.150%* (8415/10000)
Train epoch: 124 | Loss: *0.039* | Acc: *98.912%* (49456/50000) 
Test epoch: 124 | Loss: *0.633* | Acc: *81.660%* (8166/10000)
Train epoch: 125 | Loss: *0.021* | Acc: *99.544%* (49772/50000) 
Test epoch: 125 | Loss: *0.551* | Acc: *84.900%* (8490/10000)
Train epoch: 126 | Loss: *0.009* | Acc: *99.902%* (49951/50000) 
Test epoch: 126 | Loss: *0.357* | Acc: *89.590%* (8959/10000)
Train epoch: 127 | Loss: *0.003* | Acc: *99.996%* (49998/50000) 
Test epoch: 127 | Loss: *0.288* | Acc: *91.080%* (9108/10000)
Train epoch: 128 | Loss: *0.002* | Acc: *100.000%* (50000/50000) 
Test epoch: 128 | Loss: *0.274* | Acc: *91.220%* (9122/10000)
Train epoch: 129 | Loss: *0.002* | Acc: *100.000%* (50000/50000) 
Test epoch: 129 | Loss: *0.270* | Acc: *91.480%* (9148/10000)
Train epoch: 130 | Loss: *0.003* | Acc: *100.000%* (50000/50000) 
Test epoch: 130 | Loss: *0.267* | Acc: *91.460%* (9146/10000)
Train epoch: 131 | Loss: *0.003* | Acc: *100.000%* (50000/50000) 
Test epoch: 131 | Loss: *0.263* | Acc: *91.590%* (9159/10000)
Train epoch: 132 | Loss: *0.003* | Acc: *100.000%* (50000/50000) 
Test epoch: 132 | Loss: *0.262* | Acc: *91.630%* (9163/10000)
Train epoch: 133 | Loss: *0.003* | Acc: *100.000%* (50000/50000) 
Test epoch: 133 | Loss: *0.270* | Acc: *91.340%* (9134/10000)
Train epoch: 134 | Loss: *0.003* | Acc: *100.000%* (50000/50000) 
Test epoch: 134 | Loss: *0.265* | Acc: *91.560%* (9156/10000)
Train epoch: 135 | Loss: *0.003* | Acc: *100.000%* (50000/50000) 
Test epoch: 135 | Loss: *0.268* | Acc: *91.460%* (9146/10000)
Train epoch: 136 | Loss: *0.003* | Acc: *100.000%* (50000/50000) 
Test epoch: 136 | Loss: *0.268* | Acc: *91.200%* (9120/10000)
Train epoch: 137 | Loss: *0.003* | Acc: *100.000%* (50000/50000) 
Test epoch: 137 | Loss: *0.274* | Acc: *91.070%* (9107/10000)
Train epoch: 138 | Loss: *0.003* | Acc: *100.000%* (50000/50000) 
Test epoch: 138 | Loss: *0.281* | Acc: *90.870%* (9087/10000)
Train epoch: 139 | Loss: *0.003* | Acc: *100.000%* (50000/50000) 
Test epoch: 139 | Loss: *0.282* | Acc: *91.130%* (9113/10000)
Train epoch: 140 | Loss: *0.003* | Acc: *100.000%* (50000/50000) 
Test epoch: 140 | Loss: *0.284* | Acc: *90.870%* (9087/10000)
Train epoch: 141 | Loss: *0.003* | Acc: *100.000%* (50000/50000) 
Test epoch: 141 | Loss: *0.288* | Acc: *90.760%* (9076/10000)
Train epoch: 142 | Loss: *0.003* | Acc: *100.000%* (50000/50000) 
Test epoch: 142 | Loss: *0.289* | Acc: *90.800%* (9080/10000)
Train epoch: 143 | Loss: *0.003* | Acc: *100.000%* (50000/50000) 
Test epoch: 143 | Loss: *0.287* | Acc: *90.660%* (9066/10000)
Train epoch: 144 | Loss: *0.003* | Acc: *100.000%* (50000/50000) 
Test epoch: 144 | Loss: *0.311* | Acc: *90.090%* (9009/10000)
Train epoch: 145 | Loss: *0.664* | Acc: *77.286%* (38643/50000) 
Test epoch: 145 | Loss: *0.989* | Acc: *66.890%* (6689/10000)
Train epoch: 146 | Loss: *0.361* | Acc: *87.690%* (43845/50000) 
Test epoch: 146 | Loss: *0.574* | Acc: *80.880%* (8088/10000)
Train epoch: 147 | Loss: *0.215* | Acc: *92.920%* (46460/50000) 
Test epoch: 147 | Loss: *0.765* | Acc: *75.360%* (7536/10000)
Train epoch: 148 | Loss: *0.130* | Acc: *95.898%* (47949/50000) 
Test epoch: 148 | Loss: *0.457* | Acc: *85.620%* (8562/10000)
Train epoch: 149 | Loss: *0.071* | Acc: *98.024%* (49012/50000) 
Test epoch: 149 | Loss: *0.480* | Acc: *84.530%* (8453/10000)
Train epoch: 150 | Loss: *0.032* | Acc: *99.354%* (49677/50000) 
Test epoch: 150 | Loss: *0.405* | Acc: *87.780%* (8778/10000)
Train epoch: 151 | Loss: *0.014* | Acc: *99.852%* (49926/50000) 
Test epoch: 151 | Loss: *0.345* | Acc: *89.610%* (8961/10000)
Train epoch: 152 | Loss: *0.005* | Acc: *99.992%* (49996/50000) 
Test epoch: 152 | Loss: *0.300* | Acc: *90.910%* (9091/10000)
Train epoch: 153 | Loss: *0.003* | Acc: *99.998%* (49999/50000) 
Test epoch: 153 | Loss: *0.290* | Acc: *91.230%* (9123/10000)
Train epoch: 154 | Loss: *0.002* | Acc: *100.000%* (50000/50000) 
Test epoch: 154 | Loss: *0.289* | Acc: *91.210%* (9121/10000)
Train epoch: 155 | Loss: *0.002* | Acc: *100.000%* (50000/50000) 
Test epoch: 155 | Loss: *0.284* | Acc: *91.190%* (9119/10000)
Train epoch: 156 | Loss: *0.002* | Acc: *100.000%* (50000/50000) 
Test epoch: 156 | Loss: *0.282* | Acc: *91.360%* (9136/10000)
Train epoch: 157 | Loss: *0.002* | Acc: *100.000%* (50000/50000) 
Test epoch: 157 | Loss: *0.281* | Acc: *91.270%* (9127/10000)
Train epoch: 158 | Loss: *0.002* | Acc: *100.000%* (50000/50000) 
Test epoch: 158 | Loss: *0.278* | Acc: *91.390%* (9139/10000)
Train epoch: 159 | Loss: *0.003* | Acc: *100.000%* (50000/50000) 
Test epoch: 159 | Loss: *0.281* | Acc: *91.320%* (9132/10000)
Train epoch: 160 | Loss: *0.003* | Acc: *100.000%* (50000/50000) 
Test epoch: 160 | Loss: *0.274* | Acc: *91.310%* (9131/10000)
Train epoch: 161 | Loss: *0.003* | Acc: *100.000%* (50000/50000) 
Test epoch: 161 | Loss: *0.277* | Acc: *91.270%* (9127/10000)
Train epoch: 162 | Loss: *0.003* | Acc: *100.000%* (50000/50000) 
Test epoch: 162 | Loss: *0.276* | Acc: *91.160%* (9116/10000)
Train epoch: 163 | Loss: *0.003* | Acc: *100.000%* (50000/50000) 
Test epoch: 163 | Loss: *0.277* | Acc: *91.290%* (9129/10000)
Train epoch: 164 | Loss: *0.003* | Acc: *100.000%* (50000/50000) 
Test epoch: 164 | Loss: *0.277* | Acc: *91.210%* (9121/10000)
Train epoch: 165 | Loss: *0.003* | Acc: *100.000%* (50000/50000) 
Test epoch: 165 | Loss: *0.275* | Acc: *91.300%* (9130/10000)
Train epoch: 166 | Loss: *0.003* | Acc: *100.000%* (50000/50000) 
Test epoch: 166 | Loss: *0.276* | Acc: *91.110%* (9111/10000)
Train epoch: 167 | Loss: *0.003* | Acc: *100.000%* (50000/50000) 
Test epoch: 167 | Loss: *0.276* | Acc: *91.120%* (9112/10000)
Train epoch: 168 | Loss: *0.003* | Acc: *100.000%* (50000/50000) 
Test epoch: 168 | Loss: *0.277* | Acc: *91.160%* (9116/10000)
Train epoch: 169 | Loss: *0.003* | Acc: *100.000%* (50000/50000) 
Test epoch: 169 | Loss: *0.279* | Acc: *91.080%* (9108/10000)
Train epoch: 170 | Loss: *0.003* | Acc: *100.000%* (50000/50000) 
Test epoch: 170 | Loss: *0.279* | Acc: *91.060%* (9106/10000)
Train epoch: 171 | Loss: *0.003* | Acc: *100.000%* (50000/50000) 
Test epoch: 171 | Loss: *0.277* | Acc: *90.990%* (9099/10000)
Train epoch: 172 | Loss: *0.003* | Acc: *100.000%* (50000/50000) 
Test epoch: 172 | Loss: *0.279* | Acc: *90.910%* (9091/10000)
Train epoch: 173 | Loss: *0.003* | Acc: *100.000%* (50000/50000) 
Test epoch: 173 | Loss: *0.276* | Acc: *91.100%* (9110/10000)
Train epoch: 174 | Loss: *0.003* | Acc: *100.000%* (50000/50000) 
Test epoch: 174 | Loss: *0.279* | Acc: *90.820%* (9082/10000)
Train epoch: 175 | Loss: *0.003* | Acc: *100.000%* (50000/50000) 
Test epoch: 175 | Loss: *0.281* | Acc: *90.820%* (9082/10000)
Train epoch: 176 | Loss: *0.003* | Acc: *100.000%* (50000/50000) 
Test epoch: 176 | Loss: *0.283* | Acc: *90.830%* (9083/10000)
Train epoch: 177 | Loss: *0.003* | Acc: *100.000%* (50000/50000) 
Test epoch: 177 | Loss: *0.283* | Acc: *90.930%* (9093/10000)
Train epoch: 178 | Loss: *0.002* | Acc: *100.000%* (50000/50000) 
Test epoch: 178 | Loss: *0.280* | Acc: *90.960%* (9096/10000)
Train epoch: 179 | Loss: *0.002* | Acc: *100.000%* (50000/50000) 
Test epoch: 179 | Loss: *0.280* | Acc: *90.840%* (9084/10000)
Train epoch: 180 | Loss: *0.002* | Acc: *100.000%* (50000/50000) 
Test epoch: 180 | Loss: *0.282* | Acc: *90.850%* (9085/10000)
Train epoch: 181 | Loss: *0.002* | Acc: *100.000%* (50000/50000) 
Test epoch: 181 | Loss: *0.282* | Acc: *90.830%* (9083/10000)
Train epoch: 182 | Loss: *0.002* | Acc: *100.000%* (50000/50000) 
Test epoch: 182 | Loss: *0.283* | Acc: *90.900%* (9090/10000)
Train epoch: 183 | Loss: *0.002* | Acc: *100.000%* (50000/50000) 
Test epoch: 183 | Loss: *0.283* | Acc: *90.880%* (9088/10000)
Train epoch: 184 | Loss: *0.002* | Acc: *100.000%* (50000/50000) 
Test epoch: 184 | Loss: *0.282* | Acc: *90.860%* (9086/10000)
Train epoch: 185 | Loss: *0.002* | Acc: *100.000%* (50000/50000) 
Test epoch: 185 | Loss: *0.284* | Acc: *90.730%* (9073/10000)
Train epoch: 186 | Loss: *0.002* | Acc: *100.000%* (50000/50000) 
Test epoch: 186 | Loss: *0.284* | Acc: *90.850%* (9085/10000)
Train epoch: 187 | Loss: *0.002* | Acc: *100.000%* (50000/50000) 
Test epoch: 187 | Loss: *0.283* | Acc: *90.800%* (9080/10000)
Train epoch: 188 | Loss: *0.002* | Acc: *100.000%* (50000/50000) 
Test epoch: 188 | Loss: *0.284* | Acc: *90.810%* (9081/10000)
Train epoch: 189 | Loss: *0.002* | Acc: *100.000%* (50000/50000) 
Test epoch: 189 | Loss: *0.284* | Acc: *90.740%* (9074/10000)
Train epoch: 190 | Loss: *0.002* | Acc: *100.000%* (50000/50000) 
Test epoch: 190 | Loss: *0.284* | Acc: *90.770%* (9077/10000)
Train epoch: 191 | Loss: *0.002* | Acc: *100.000%* (50000/50000) 
Test epoch: 191 | Loss: *0.283* | Acc: *90.840%* (9084/10000)
Train epoch: 192 | Loss: *0.002* | Acc: *100.000%* (50000/50000) 
Test epoch: 192 | Loss: *0.284* | Acc: *90.780%* (9078/10000)
Train epoch: 193 | Loss: *0.002* | Acc: *100.000%* (50000/50000) 
Test epoch: 193 | Loss: *0.284* | Acc: *90.790%* (9079/10000)
Train epoch: 194 | Loss: *0.002* | Acc: *100.000%* (50000/50000) 
Test epoch: 194 | Loss: *0.284* | Acc: *90.840%* (9084/10000)
Train epoch: 195 | Loss: *0.002* | Acc: *100.000%* (50000/50000) 
Test epoch: 195 | Loss: *0.285* | Acc: *90.820%* (9082/10000)
Train epoch: 196 | Loss: *0.002* | Acc: *100.000%* (50000/50000) 
Test epoch: 196 | Loss: *0.284* | Acc: *90.740%* (9074/10000)
Train epoch: 197 | Loss: *0.002* | Acc: *100.000%* (50000/50000) 
Test epoch: 197 | Loss: *0.283* | Acc: *90.820%* (9082/10000)
Train epoch: 198 | Loss: *0.002* | Acc: *100.000%* (50000/50000) 
Test epoch: 198 | Loss: *0.286* | Acc: *90.840%* (9084/10000)
Train epoch: 199 | Loss: *0.002* | Acc: *100.000%* (50000/50000) 
Test epoch: 199 | Loss: *0.284* | Acc: *90.710%* (9071/10000)
Train epoch: 200 | Loss: *0.002* | Acc: *100.000%* (50000/50000) 
Test epoch: 200 | Loss: *0.284* | Acc: *90.820%* (9082/10000)
Train epoch: 201 | Loss: *0.002* | Acc: *100.000%* (50000/50000) 
Test epoch: 201 | Loss: *0.285* | Acc: *90.730%* (9073/10000)
Train epoch: 202 | Loss: *0.002* | Acc: *100.000%* (50000/50000) 
Test epoch: 202 | Loss: *0.284* | Acc: *90.830%* (9083/10000)
Train epoch: 203 | Loss: *0.002* | Acc: *100.000%* (50000/50000) 
Test epoch: 203 | Loss: *0.285* | Acc: *90.780%* (9078/10000)
Train epoch: 204 | Loss: *0.002* | Acc: *100.000%* (50000/50000) 
Test epoch: 204 | Loss: *0.285* | Acc: *90.790%* (9079/10000)
Train epoch: 205 | Loss: *0.002* | Acc: *100.000%* (50000/50000) 
Test epoch: 205 | Loss: *0.284* | Acc: *90.790%* (9079/10000)
Train epoch: 206 | Loss: *0.002* | Acc: *100.000%* (50000/50000) 
Test epoch: 206 | Loss: *0.287* | Acc: *90.690%* (9069/10000)
Train epoch: 207 | Loss: *0.002* | Acc: *100.000%* (50000/50000) 
Test epoch: 207 | Loss: *0.285* | Acc: *90.780%* (9078/10000)
Train epoch: 208 | Loss: *0.002* | Acc: *100.000%* (50000/50000) 
Test epoch: 208 | Loss: *0.284* | Acc: *90.780%* (9078/10000)
Train epoch: 209 | Loss: *0.002* | Acc: *100.000%* (50000/50000) 
Test epoch: 209 | Loss: *0.284* | Acc: *90.720%* (9072/10000)
Train epoch: 210 | Loss: *0.002* | Acc: *100.000%* (50000/50000) 
Test epoch: 210 | Loss: *0.285* | Acc: *90.850%* (9085/10000)
Train epoch: 211 | Loss: *0.002* | Acc: *100.000%* (50000/50000) 
Test epoch: 211 | Loss: *0.286* | Acc: *90.710%* (9071/10000)
Train epoch: 212 | Loss: *0.002* | Acc: *100.000%* (50000/50000) 
Test epoch: 212 | Loss: *0.285* | Acc: *90.790%* (9079/10000)
Train epoch: 213 | Loss: *0.002* | Acc: *100.000%* (50000/50000) 
Test epoch: 213 | Loss: *0.284* | Acc: *90.820%* (9082/10000)
Train epoch: 214 | Loss: *0.002* | Acc: *100.000%* (50000/50000) 
Test epoch: 214 | Loss: *0.286* | Acc: *90.720%* (9072/10000)
Train epoch: 215 | Loss: *0.002* | Acc: *100.000%* (50000/50000) 
Test epoch: 215 | Loss: *0.285* | Acc: *90.780%* (9078/10000)
Train epoch: 216 | Loss: *0.002* | Acc: *100.000%* (50000/50000) 
Test epoch: 216 | Loss: *0.286* | Acc: *90.760%* (9076/10000)
Train epoch: 217 | Loss: *0.002* | Acc: *100.000%* (50000/50000) 
Test epoch: 217 | Loss: *0.284* | Acc: *90.860%* (9086/10000)
Train epoch: 218 | Loss: *0.002* | Acc: *100.000%* (50000/50000) 
Test epoch: 218 | Loss: *0.285* | Acc: *90.760%* (9076/10000)
Train epoch: 219 | Loss: *0.002* | Acc: *100.000%* (50000/50000) 
Test epoch: 219 | Loss: *0.286* | Acc: *90.780%* (9078/10000)
Train epoch: 220 | Loss: *0.002* | Acc: *100.000%* (50000/50000) 
Test epoch: 220 | Loss: *0.285* | Acc: *90.840%* (9084/10000)
Train epoch: 221 | Loss: *0.002* | Acc: *100.000%* (50000/50000) 
Test epoch: 221 | Loss: *0.286* | Acc: *90.760%* (9076/10000)
Train epoch: 222 | Loss: *0.002* | Acc: *100.000%* (50000/50000) 
Test epoch: 222 | Loss: *0.287* | Acc: *90.680%* (9068/10000)
Train epoch: 223 | Loss: *0.002* | Acc: *100.000%* (50000/50000) 
Test epoch: 223 | Loss: *0.289* | Acc: *90.680%* (9068/10000)
Train epoch: 224 | Loss: *0.002* | Acc: *100.000%* (50000/50000) 
Test epoch: 224 | Loss: *0.290* | Acc: *90.680%* (9068/10000)
Train epoch: 225 | Loss: *0.002* | Acc: *100.000%* (50000/50000) 
Test epoch: 225 | Loss: *0.289* | Acc: *90.810%* (9081/10000)
Train epoch: 226 | Loss: *0.002* | Acc: *100.000%* (50000/50000) 
Test epoch: 226 | Loss: *0.289* | Acc: *90.750%* (9075/10000)
Train epoch: 227 | Loss: *0.002* | Acc: *100.000%* (50000/50000) 
Test epoch: 227 | Loss: *0.291* | Acc: *90.700%* (9070/10000)
Train epoch: 228 | Loss: *0.002* | Acc: *100.000%* (50000/50000) 
Test epoch: 228 | Loss: *0.290* | Acc: *90.550%* (9055/10000)
Train epoch: 229 | Loss: *0.002* | Acc: *100.000%* (50000/50000) 
Test epoch: 229 | Loss: *0.290* | Acc: *90.600%* (9060/10000)
Train epoch: 230 | Loss: *0.002* | Acc: *100.000%* (50000/50000) 
Test epoch: 230 | Loss: *0.292* | Acc: *90.550%* (9055/10000)
Train epoch: 231 | Loss: *0.002* | Acc: *100.000%* (50000/50000) 
Test epoch: 231 | Loss: *0.295* | Acc: *90.440%* (9044/10000)
Train epoch: 232 | Loss: *0.002* | Acc: *100.000%* (50000/50000) 
Test epoch: 232 | Loss: *0.295* | Acc: *90.350%* (9035/10000)
Train epoch: 233 | Loss: *0.002* | Acc: *100.000%* (50000/50000) 
Test epoch: 233 | Loss: *0.302* | Acc: *90.380%* (9038/10000)
Train epoch: 234 | Loss: *0.002* | Acc: *100.000%* (50000/50000) 
Test epoch: 234 | Loss: *0.303* | Acc: *90.280%* (9028/10000)
Train epoch: 235 | Loss: *0.002* | Acc: *100.000%* (50000/50000) 
Test epoch: 235 | Loss: *0.298* | Acc: *90.530%* (9053/10000)
Train epoch: 236 | Loss: *0.002* | Acc: *100.000%* (50000/50000) 
Test epoch: 236 | Loss: *0.303* | Acc: *90.150%* (9015/10000)
Train epoch: 237 | Loss: *0.002* | Acc: *100.000%* (50000/50000) 
Test epoch: 237 | Loss: *0.298* | Acc: *90.260%* (9026/10000)
Train epoch: 238 | Loss: *0.002* | Acc: *100.000%* (50000/50000) 
Test epoch: 238 | Loss: *0.309* | Acc: *90.150%* (9015/10000)
Train epoch: 239 | Loss: *0.002* | Acc: *100.000%* (50000/50000) 
Test epoch: 239 | Loss: *0.307* | Acc: *90.050%* (9005/10000)
Train epoch: 240 | Loss: *0.159* | Acc: *95.088%* (47544/50000) 
Test epoch: 240 | Loss: *0.657* | Acc: *78.170%* (7817/10000)
Train epoch: 241 | Loss: *0.190* | Acc: *94.170%* (47085/50000) 
Test epoch: 241 | Loss: *0.721* | Acc: *77.830%* (7783/10000)
Train epoch: 242 | Loss: *0.102* | Acc: *97.138%* (48569/50000) 
Test epoch: 242 | Loss: *0.726* | Acc: *79.870%* (7987/10000)
Train epoch: 243 | Loss: *0.070* | Acc: *98.174%* (49087/50000) 
Test epoch: 243 | Loss: *0.611* | Acc: *82.360%* (8236/10000)
Train epoch: 244 | Loss: *0.046* | Acc: *98.934%* (49467/50000) 
Test epoch: 244 | Loss: *0.630* | Acc: *81.850%* (8185/10000)
Train epoch: 245 | Loss: *0.031* | Acc: *99.342%* (49671/50000) 
Test epoch: 245 | Loss: *0.521* | Acc: *84.150%* (8415/10000)
Train epoch: 246 | Loss: *0.035* | Acc: *99.226%* (49613/50000) 
Test epoch: 246 | Loss: *0.448* | Acc: *86.850%* (8685/10000)
Train epoch: 247 | Loss: *0.034* | Acc: *99.168%* (49584/50000) 
Test epoch: 247 | Loss: *0.535* | Acc: *84.540%* (8454/10000)
Train epoch: 248 | Loss: *0.050* | Acc: *98.676%* (49338/50000) 
Test epoch: 248 | Loss: *0.611* | Acc: *82.560%* (8256/10000)
Train epoch: 249 | Loss: *0.068* | Acc: *97.942%* (48971/50000) 
Test epoch: 249 | Loss: *0.730* | Acc: *78.800%* (7880/10000)
Train epoch: 250 | Loss: *0.059* | Acc: *98.372%* (49186/50000) 
Test epoch: 250 | Loss: *0.501* | Acc: *84.720%* (8472/10000)
Train epoch: 251 | Loss: *0.031* | Acc: *99.288%* (49644/50000) 
Test epoch: 251 | Loss: *0.498* | Acc: *86.060%* (8606/10000)
Train epoch: 252 | Loss: *0.013* | Acc: *99.780%* (49890/50000) 
Test epoch: 252 | Loss: *0.361* | Acc: *89.420%* (8942/10000)
Train epoch: 253 | Loss: *0.004* | Acc: *99.980%* (49990/50000) 
Test epoch: 253 | Loss: *0.323* | Acc: *90.440%* (9044/10000)
Train epoch: 254 | Loss: *0.002* | Acc: *100.000%* (50000/50000) 
Test epoch: 254 | Loss: *0.292* | Acc: *91.220%* (9122/10000)
Train epoch: 255 | Loss: *0.001* | Acc: *100.000%* (50000/50000) 
Test epoch: 255 | Loss: *0.289* | Acc: *91.120%* (9112/10000)
Train epoch: 256 | Loss: *0.002* | Acc: *100.000%* (50000/50000) 
Test epoch: 256 | Loss: *0.285* | Acc: *91.160%* (9116/10000)
Train epoch: 257 | Loss: *0.002* | Acc: *100.000%* (50000/50000) 
Test epoch: 257 | Loss: *0.280* | Acc: *91.170%* (9117/10000)
Train epoch: 258 | Loss: *0.002* | Acc: *100.000%* (50000/50000) 
Test epoch: 258 | Loss: *0.278* | Acc: *91.270%* (9127/10000)
Train epoch: 259 | Loss: *0.002* | Acc: *100.000%* (50000/50000) 
Test epoch: 259 | Loss: *0.284* | Acc: *90.960%* (9096/10000)
Train epoch: 260 | Loss: *0.002* | Acc: *100.000%* (50000/50000) 
Test epoch: 260 | Loss: *0.280* | Acc: *91.050%* (9105/10000)
Train epoch: 261 | Loss: *0.002* | Acc: *100.000%* (50000/50000) 
Test epoch: 261 | Loss: *0.281* | Acc: *91.170%* (9117/10000)
Train epoch: 262 | Loss: *0.003* | Acc: *100.000%* (50000/50000) 
Test epoch: 262 | Loss: *0.284* | Acc: *91.070%* (9107/10000)
Train epoch: 263 | Loss: *0.003* | Acc: *100.000%* (50000/50000) 
Test epoch: 263 | Loss: *0.286* | Acc: *90.770%* (9077/10000)
Train epoch: 264 | Loss: *0.007* | Acc: *99.894%* (49947/50000) 
Test epoch: 264 | Loss: *1.542* | Acc: *54.480%* (5448/10000)
Train epoch: 265 | Loss: *0.771* | Acc: *73.514%* (36757/50000) 
Test epoch: 265 | Loss: *1.082* | Acc: *64.100%* (6410/10000)
Train epoch: 266 | Loss: *0.380* | Acc: *86.960%* (43480/50000) 
Test epoch: 266 | Loss: *0.514* | Acc: *82.320%* (8232/10000)
Train epoch: 267 | Loss: *0.257* | Acc: *91.372%* (45686/50000) 
Test epoch: 267 | Loss: *0.858* | Acc: *72.960%* (7296/10000)
Train epoch: 268 | Loss: *0.184* | Acc: *93.824%* (46912/50000) 
Test epoch: 268 | Loss: *0.653* | Acc: *80.280%* (8028/10000)
Train epoch: 269 | Loss: *0.136* | Acc: *95.536%* (47768/50000) 
Test epoch: 269 | Loss: *0.653* | Acc: *79.400%* (7940/10000)
Train epoch: 270 | Loss: *0.114* | Acc: *96.190%* (48095/50000) 
Test epoch: 270 | Loss: *0.881* | Acc: *76.370%* (7637/10000)
Train epoch: 271 | Loss: *0.100* | Acc: *96.754%* (48377/50000) 
Test epoch: 271 | Loss: *0.543* | Acc: *83.300%* (8330/10000)
Train epoch: 272 | Loss: *0.083* | Acc: *97.370%* (48685/50000) 
Test epoch: 272 | Loss: *0.789* | Acc: *79.570%* (7957/10000)
Train epoch: 273 | Loss: *0.072* | Acc: *97.648%* (48824/50000) 
Test epoch: 273 | Loss: *0.581* | Acc: *83.620%* (8362/10000)
Train epoch: 274 | Loss: *0.076* | Acc: *97.550%* (48775/50000) 
Test epoch: 274 | Loss: *0.785* | Acc: *77.960%* (7796/10000)
Train epoch: 275 | Loss: *0.089* | Acc: *97.122%* (48561/50000) 
Test epoch: 275 | Loss: *0.654* | Acc: *81.590%* (8159/10000)
Train epoch: 276 | Loss: *0.071* | Acc: *97.720%* (48860/50000) 
Test epoch: 276 | Loss: *1.023* | Acc: *76.990%* (7699/10000)
Train epoch: 277 | Loss: *0.072* | Acc: *97.692%* (48846/50000) 
Test epoch: 277 | Loss: *0.831* | Acc: *77.180%* (7718/10000)
Train epoch: 278 | Loss: *0.078* | Acc: *97.440%* (48720/50000) 
Test epoch: 278 | Loss: *0.585* | Acc: *83.120%* (8312/10000)
Train epoch: 279 | Loss: *0.075* | Acc: *97.584%* (48792/50000) 
Test epoch: 279 | Loss: *0.736* | Acc: *80.840%* (8084/10000)
Train epoch: 280 | Loss: *0.065* | Acc: *97.982%* (48991/50000) 
Test epoch: 280 | Loss: *0.692* | Acc: *80.740%* (8074/10000)
Train epoch: 281 | Loss: *0.068* | Acc: *97.938%* (48969/50000) 
Test epoch: 281 | Loss: *0.647* | Acc: *81.150%* (8115/10000)
Train epoch: 282 | Loss: *0.074* | Acc: *97.684%* (48842/50000) 
Test epoch: 282 | Loss: *0.799* | Acc: *77.910%* (7791/10000)
Train epoch: 283 | Loss: *0.081* | Acc: *97.358%* (48679/50000) 
Test epoch: 283 | Loss: *0.637* | Acc: *82.240%* (8224/10000)
Train epoch: 284 | Loss: *0.070* | Acc: *97.772%* (48886/50000) 
Test epoch: 284 | Loss: *0.650* | Acc: *81.810%* (8181/10000)
Train epoch: 285 | Loss: *0.084* | Acc: *97.164%* (48582/50000) 
Test epoch: 285 | Loss: *0.624* | Acc: *82.460%* (8246/10000)
Train epoch: 286 | Loss: *0.072* | Acc: *97.662%* (48831/50000) 
Test epoch: 286 | Loss: *0.840* | Acc: *75.390%* (7539/10000)
Train epoch: 287 | Loss: *0.087* | Acc: *97.194%* (48597/50000) 
Test epoch: 287 | Loss: *0.713* | Acc: *79.680%* (7968/10000)
Train epoch: 288 | Loss: *0.078* | Acc: *97.502%* (48751/50000) 
Test epoch: 288 | Loss: *1.019* | Acc: *74.090%* (7409/10000)
Train epoch: 289 | Loss: *0.079* | Acc: *97.492%* (48746/50000) 
Test epoch: 289 | Loss: *0.922* | Acc: *78.730%* (7873/10000)
Train epoch: 290 | Loss: *0.088* | Acc: *97.208%* (48604/50000) 
Test epoch: 290 | Loss: *0.788* | Acc: *77.750%* (7775/10000)
Train epoch: 291 | Loss: *0.088* | Acc: *97.142%* (48571/50000) 
Test epoch: 291 | Loss: *0.659* | Acc: *81.260%* (8126/10000)
Train epoch: 292 | Loss: *0.082* | Acc: *97.260%* (48630/50000) 
Test epoch: 292 | Loss: *0.642* | Acc: *81.600%* (8160/10000)
Train epoch: 293 | Loss: *0.084* | Acc: *97.218%* (48609/50000) 
Test epoch: 293 | Loss: *0.770* | Acc: *78.360%* (7836/10000)
Train epoch: 294 | Loss: *0.080* | Acc: *97.434%* (48717/50000) 
Test epoch: 294 | Loss: *0.750* | Acc: *79.900%* (7990/10000)
Train epoch: 295 | Loss: *0.098* | Acc: *96.764%* (48382/50000) 
Test epoch: 295 | Loss: *0.924* | Acc: *77.270%* (7727/10000)
Train epoch: 296 | Loss: *0.084* | Acc: *97.292%* (48646/50000) 
Test epoch: 296 | Loss: *0.772* | Acc: *78.810%* (7881/10000)
Train epoch: 297 | Loss: *0.092* | Acc: *96.976%* (48488/50000) 
Test epoch: 297 | Loss: *0.706* | Acc: *78.240%* (7824/10000)
Train epoch: 298 | Loss: *0.097* | Acc: *96.804%* (48402/50000) 
Test epoch: 298 | Loss: *0.812* | Acc: *78.320%* (7832/10000)
Train epoch: 299 | Loss: *0.102* | Acc: *96.668%* (48334/50000) 
Test epoch: 299 | Loss: *0.661* | Acc: *80.730%* (8073/10000)
Train epoch: 300 | Loss: *0.082* | Acc: *97.308%* (48654/50000) 
Test epoch: 300 | Loss: *0.793* | Acc: *77.530%* (7753/10000)
Train epoch: 301 | Loss: *0.100* | Acc: *96.680%* (48340/50000) 
Test epoch: 301 | Loss: *1.432* | Acc: *68.350%* (6835/10000)
Train epoch: 302 | Loss: *0.094* | Acc: *96.886%* (48443/50000) 
Test epoch: 302 | Loss: *0.855* | Acc: *76.140%* (7614/10000)
Train epoch: 303 | Loss: *0.102* | Acc: *96.562%* (48281/50000) 
Test epoch: 303 | Loss: *0.620* | Acc: *81.930%* (8193/10000)
Train epoch: 304 | Loss: *0.096* | Acc: *96.852%* (48426/50000) 
Test epoch: 304 | Loss: *1.378* | Acc: *64.710%* (6471/10000)
Train epoch: 305 | Loss: *0.095* | Acc: *96.864%* (48432/50000) 
Test epoch: 305 | Loss: *0.733* | Acc: *79.040%* (7904/10000)
Train epoch: 306 | Loss: *0.110* | Acc: *96.326%* (48163/50000) 
Test epoch: 306 | Loss: *0.882* | Acc: *76.440%* (7644/10000)
Train epoch: 307 | Loss: *0.112* | Acc: *96.310%* (48155/50000) 
Test epoch: 307 | Loss: *0.755* | Acc: *78.150%* (7815/10000)
Train epoch: 308 | Loss: *0.102* | Acc: *96.622%* (48311/50000) 
Test epoch: 308 | Loss: *0.689* | Acc: *80.500%* (8050/10000)
Train epoch: 309 | Loss: *0.103* | Acc: *96.598%* (48299/50000) 
Test epoch: 309 | Loss: *0.988* | Acc: *76.260%* (7626/10000)
Train epoch: 310 | Loss: *0.113* | Acc: *96.176%* (48088/50000) 
Test epoch: 310 | Loss: *0.901* | Acc: *74.330%* (7433/10000)
Train epoch: 311 | Loss: *0.115* | Acc: *96.202%* (48101/50000) 
Test epoch: 311 | Loss: *0.900* | Acc: *77.220%* (7722/10000)
Train epoch: 312 | Loss: *0.104* | Acc: *96.552%* (48276/50000) 
Test epoch: 312 | Loss: *1.037* | Acc: *73.260%* (7326/10000)
Train epoch: 313 | Loss: *0.116* | Acc: *96.162%* (48081/50000) 
Test epoch: 313 | Loss: *1.151* | Acc: *69.660%* (6966/10000)
Train epoch: 314 | Loss: *0.108* | Acc: *96.436%* (48218/50000) 
Test epoch: 314 | Loss: *0.673* | Acc: *80.500%* (8050/10000)
Train epoch: 315 | slurmstepd: error: *** JOB 15736559 ON gr004 CANCELLED AT 2022-03-08T01:47:20 DUE TO TIME LIMIT ***
