Defaulting to user installation because normal site-packages is not writeable
Requirement already satisfied: Torch in ./.local/lib/python3.8/site-packages (1.10.2)
Requirement already satisfied: typing-extensions in ./.local/lib/python3.8/site-packages (from Torch) (4.1.1)
Defaulting to user installation because normal site-packages is not writeable
Requirement already satisfied: torchvision in ./.local/lib/python3.8/site-packages (0.11.3)
Requirement already satisfied: pillow!=8.3.0,>=5.3.0 in /share/apps/anaconda3/2020.07/lib/python3.8/site-packages (from torchvision) (7.2.0)
Requirement already satisfied: torch==1.10.2 in ./.local/lib/python3.8/site-packages (from torchvision) (1.10.2)
Requirement already satisfied: numpy in /share/apps/anaconda3/2020.07/lib/python3.8/site-packages (from torchvision) (1.18.5)
Requirement already satisfied: typing-extensions in ./.local/lib/python3.8/site-packages (from torch==1.10.2->torchvision) (4.1.1)
==> Running on : cuda
==> Number of CPU: 48
==> Number of workers: 2
==> #Epochs: 500, #Layers: 2, #Blocks: [3, 1], In channel: 128, Input layer conv kernel: 7x7, Residual layer conv kernel 5x5, Skip kernel: 1x1, Input layer conv padding: 3, Residual layer conv padding: 2
==> Optimizer is SGD
==> Momentum: 0.9
==> Learning rate: 0.1
==> Weight decay: 0.0005
==>Trainable Parameters: 4972682
==>Other Parameters: 0
==>Augmentation: None
Files already downloaded and verified
Train epoch: 1 | Loss: *1.588* | Acc: *41.034%* (20517/50000) 
Test epoch: 1 | Loss: *1.741* | Acc: *36.240%* (3624/10000)
Train epoch: 2 | Loss: *1.207* | Acc: *56.372%* (28186/50000) 
Test epoch: 2 | Loss: *1.732* | Acc: *44.270%* (4427/10000)
Train epoch: 3 | Loss: *0.989* | Acc: *64.700%* (32350/50000) 
Test epoch: 3 | Loss: *1.341* | Acc: *55.090%* (5509/10000)
Train epoch: 4 | Loss: *0.844* | Acc: *70.114%* (35057/50000) 
Test epoch: 4 | Loss: *1.558* | Acc: *49.900%* (4990/10000)
Train epoch: 5 | Loss: *0.721* | Acc: *74.730%* (37365/50000) 
Test epoch: 5 | Loss: *1.242* | Acc: *60.060%* (6006/10000)
Train epoch: 6 | Loss: *0.637* | Acc: *77.848%* (38924/50000) 
Test epoch: 6 | Loss: *1.152* | Acc: *60.910%* (6091/10000)
Train epoch: 7 | Loss: *0.578* | Acc: *80.066%* (40033/50000) 
Test epoch: 7 | Loss: *0.979* | Acc: *67.490%* (6749/10000)
Train epoch: 8 | Loss: *0.528* | Acc: *81.996%* (40998/50000) 
Test epoch: 8 | Loss: *0.918* | Acc: *69.460%* (6946/10000)
Train epoch: 9 | Loss: *0.487* | Acc: *83.150%* (41575/50000) 
Test epoch: 9 | Loss: *0.782* | Acc: *72.350%* (7235/10000)
Train epoch: 10 | Loss: *0.467* | Acc: *84.118%* (42059/50000) 
Test epoch: 10 | Loss: *0.637* | Acc: *78.250%* (7825/10000)
Train epoch: 11 | Loss: *0.434* | Acc: *84.998%* (42499/50000) 
Test epoch: 11 | Loss: *0.794* | Acc: *73.340%* (7334/10000)
Train epoch: 12 | Loss: *0.413* | Acc: *85.844%* (42922/50000) 
Test epoch: 12 | Loss: *0.829* | Acc: *72.500%* (7250/10000)
Train epoch: 13 | Loss: *0.398* | Acc: *86.302%* (43151/50000) 
Test epoch: 13 | Loss: *1.007* | Acc: *68.190%* (6819/10000)
Train epoch: 14 | Loss: *0.373* | Acc: *87.228%* (43614/50000) 
Test epoch: 14 | Loss: *1.093* | Acc: *65.840%* (6584/10000)
Train epoch: 15 | Loss: *0.375* | Acc: *87.008%* (43504/50000) 
Test epoch: 15 | Loss: *0.563* | Acc: *80.800%* (8080/10000)
Train epoch: 16 | Loss: *0.356* | Acc: *87.794%* (43897/50000) 
Test epoch: 16 | Loss: *0.799* | Acc: *74.360%* (7436/10000)
Train epoch: 17 | Loss: *0.342* | Acc: *88.258%* (44129/50000) 
Test epoch: 17 | Loss: *0.646* | Acc: *78.340%* (7834/10000)
Train epoch: 18 | Loss: *0.337* | Acc: *88.282%* (44141/50000) 
Test epoch: 18 | Loss: *0.780* | Acc: *73.210%* (7321/10000)
Train epoch: 19 | Loss: *0.325* | Acc: *88.800%* (44400/50000) 
Test epoch: 19 | Loss: *0.639* | Acc: *79.020%* (7902/10000)
Train epoch: 20 | Loss: *0.312* | Acc: *89.354%* (44677/50000) 
Test epoch: 20 | Loss: *0.557* | Acc: *81.370%* (8137/10000)
Train epoch: 21 | Loss: *0.312* | Acc: *89.348%* (44674/50000) 
Test epoch: 21 | Loss: *0.738* | Acc: *75.550%* (7555/10000)
Train epoch: 22 | Loss: *0.305* | Acc: *89.454%* (44727/50000) 
Test epoch: 22 | Loss: *0.818* | Acc: *74.450%* (7445/10000)
Train epoch: 23 | Loss: *0.294* | Acc: *89.980%* (44990/50000) 
Test epoch: 23 | Loss: *1.212* | Acc: *65.780%* (6578/10000)
Train epoch: 24 | Loss: *0.297* | Acc: *89.652%* (44826/50000) 
Test epoch: 24 | Loss: *1.479* | Acc: *53.820%* (5382/10000)
Train epoch: 25 | Loss: *0.290* | Acc: *90.060%* (45030/50000) 
Test epoch: 25 | Loss: *1.200* | Acc: *66.830%* (6683/10000)
Train epoch: 26 | Loss: *0.289* | Acc: *89.958%* (44979/50000) 
Test epoch: 26 | Loss: *0.890* | Acc: *71.550%* (7155/10000)
Train epoch: 27 | Loss: *0.278* | Acc: *90.310%* (45155/50000) 
Test epoch: 27 | Loss: *0.673* | Acc: *76.860%* (7686/10000)
Train epoch: 28 | Loss: *0.269* | Acc: *90.728%* (45364/50000) 
Test epoch: 28 | Loss: *0.773* | Acc: *74.070%* (7407/10000)
Train epoch: 29 | Loss: *0.270* | Acc: *90.640%* (45320/50000) 
Test epoch: 29 | Loss: *0.736* | Acc: *76.820%* (7682/10000)
Train epoch: 30 | Loss: *0.275* | Acc: *90.474%* (45237/50000) 
Test epoch: 30 | Loss: *0.652* | Acc: *78.880%* (7888/10000)
Train epoch: 31 | Loss: *0.267* | Acc: *91.012%* (45506/50000) 
Test epoch: 31 | Loss: *0.503* | Acc: *82.770%* (8277/10000)
Train epoch: 32 | Loss: *0.254* | Acc: *91.226%* (45613/50000) 
Test epoch: 32 | Loss: *0.609* | Acc: *80.510%* (8051/10000)
Train epoch: 33 | Loss: *0.255* | Acc: *91.230%* (45615/50000) 
Test epoch: 33 | Loss: *0.702* | Acc: *77.690%* (7769/10000)
Train epoch: 34 | Loss: *0.259* | Acc: *91.008%* (45504/50000) 
Test epoch: 34 | Loss: *1.097* | Acc: *65.370%* (6537/10000)
Train epoch: 35 | Loss: *0.247* | Acc: *91.466%* (45733/50000) 
Test epoch: 35 | Loss: *0.648* | Acc: *79.730%* (7973/10000)
Train epoch: 36 | Loss: *0.247* | Acc: *91.438%* (45719/50000) 
Test epoch: 36 | Loss: *0.725* | Acc: *75.580%* (7558/10000)
Train epoch: 37 | Loss: *0.246* | Acc: *91.398%* (45699/50000) 
Test epoch: 37 | Loss: *0.777* | Acc: *73.860%* (7386/10000)
Train epoch: 38 | Loss: *0.245* | Acc: *91.408%* (45704/50000) 
Test epoch: 38 | Loss: *0.973* | Acc: *70.540%* (7054/10000)
Train epoch: 39 | Loss: *0.237* | Acc: *91.942%* (45971/50000) 
Test epoch: 39 | Loss: *0.747* | Acc: *76.640%* (7664/10000)
Train epoch: 40 | Loss: *0.236* | Acc: *91.844%* (45922/50000) 
Test epoch: 40 | Loss: *0.644* | Acc: *79.370%* (7937/10000)
Train epoch: 41 | Loss: *0.232* | Acc: *91.932%* (45966/50000) 
Test epoch: 41 | Loss: *0.992* | Acc: *72.750%* (7275/10000)
Train epoch: 42 | Loss: *0.229* | Acc: *92.126%* (46063/50000) 
Test epoch: 42 | Loss: *0.961* | Acc: *69.870%* (6987/10000)
Train epoch: 43 | Loss: *0.228* | Acc: *92.130%* (46065/50000) 
Test epoch: 43 | Loss: *0.984* | Acc: *71.650%* (7165/10000)
Train epoch: 44 | Loss: *0.213* | Acc: *92.698%* (46349/50000) 
Test epoch: 44 | Loss: *0.621* | Acc: *79.080%* (7908/10000)
Train epoch: 45 | Loss: *0.228* | Acc: *92.244%* (46122/50000) 
Test epoch: 45 | Loss: *0.710* | Acc: *77.970%* (7797/10000)
Train epoch: 46 | Loss: *0.221* | Acc: *92.486%* (46243/50000) 
Test epoch: 46 | Loss: *0.819* | Acc: *75.350%* (7535/10000)
Train epoch: 47 | Loss: *0.219* | Acc: *92.368%* (46184/50000) 
Test epoch: 47 | Loss: *0.700* | Acc: *77.890%* (7789/10000)
Train epoch: 48 | Loss: *0.210* | Acc: *92.704%* (46352/50000) 
Test epoch: 48 | Loss: *0.699* | Acc: *78.560%* (7856/10000)
Train epoch: 49 | Loss: *0.213* | Acc: *92.544%* (46272/50000) 
Test epoch: 49 | Loss: *0.699* | Acc: *77.570%* (7757/10000)
Train epoch: 50 | Loss: *0.203* | Acc: *93.072%* (46536/50000) 
Test epoch: 50 | Loss: *0.620* | Acc: *80.260%* (8026/10000)
Train epoch: 51 | Loss: *0.217* | Acc: *92.434%* (46217/50000) 
Test epoch: 51 | Loss: *0.674* | Acc: *78.540%* (7854/10000)
Train epoch: 52 | Loss: *0.208* | Acc: *92.808%* (46404/50000) 
Test epoch: 52 | Loss: *0.784* | Acc: *76.310%* (7631/10000)
Train epoch: 53 | Loss: *0.200* | Acc: *93.084%* (46542/50000) 
Test epoch: 53 | Loss: *0.779* | Acc: *76.530%* (7653/10000)
Train epoch: 54 | Loss: *0.197* | Acc: *93.294%* (46647/50000) 
Test epoch: 54 | Loss: *1.156* | Acc: *66.260%* (6626/10000)
Train epoch: 55 | Loss: *0.199* | Acc: *93.186%* (46593/50000) 
Test epoch: 55 | Loss: *0.899* | Acc: *75.640%* (7564/10000)
Train epoch: 56 | Loss: *0.196* | Acc: *93.166%* (46583/50000) 
Test epoch: 56 | Loss: *0.876* | Acc: *74.260%* (7426/10000)
Train epoch: 57 | Loss: *0.195* | Acc: *93.240%* (46620/50000) 
Test epoch: 57 | Loss: *0.672* | Acc: *79.250%* (7925/10000)
Train epoch: 58 | Loss: *0.193* | Acc: *93.378%* (46689/50000) 
Test epoch: 58 | Loss: *0.669* | Acc: *79.760%* (7976/10000)
Train epoch: 59 | Loss: *0.183* | Acc: *93.672%* (46836/50000) 
Test epoch: 59 | Loss: *0.839* | Acc: *73.880%* (7388/10000)
Train epoch: 60 | Loss: *0.181* | Acc: *93.796%* (46898/50000) 
Test epoch: 60 | Loss: *0.925* | Acc: *74.270%* (7427/10000)
Train epoch: 61 | Loss: *0.180* | Acc: *93.836%* (46918/50000) 
Test epoch: 61 | Loss: *0.851* | Acc: *75.210%* (7521/10000)
Train epoch: 62 | Loss: *0.178* | Acc: *93.834%* (46917/50000) 
Test epoch: 62 | Loss: *0.945* | Acc: *73.280%* (7328/10000)
Train epoch: 63 | Loss: *0.177* | Acc: *94.006%* (47003/50000) 
Test epoch: 63 | Loss: *0.812* | Acc: *74.990%* (7499/10000)
Train epoch: 64 | Loss: *0.180* | Acc: *93.638%* (46819/50000) 
Test epoch: 64 | Loss: *0.623* | Acc: *79.460%* (7946/10000)
Train epoch: 65 | Loss: *0.171* | Acc: *94.150%* (47075/50000) 
Test epoch: 65 | Loss: *0.898* | Acc: *75.150%* (7515/10000)
Train epoch: 66 | Loss: *0.184* | Acc: *93.692%* (46846/50000) 
Test epoch: 66 | Loss: *1.318* | Acc: *62.050%* (6205/10000)
Train epoch: 67 | Loss: *0.165* | Acc: *94.284%* (47142/50000) 
Test epoch: 67 | Loss: *0.764* | Acc: *77.940%* (7794/10000)
Train epoch: 68 | Loss: *0.169* | Acc: *94.048%* (47024/50000) 
Test epoch: 68 | Loss: *0.739* | Acc: *76.790%* (7679/10000)
Train epoch: 69 | Loss: *0.158* | Acc: *94.648%* (47324/50000) 
Test epoch: 69 | Loss: *1.136* | Acc: *66.210%* (6621/10000)
Train epoch: 70 | Loss: *0.157* | Acc: *94.506%* (47253/50000) 
Test epoch: 70 | Loss: *1.056* | Acc: *71.830%* (7183/10000)
Train epoch: 71 | Loss: *0.161* | Acc: *94.500%* (47250/50000) 
Test epoch: 71 | Loss: *0.784* | Acc: *77.200%* (7720/10000)
Train epoch: 72 | Loss: *0.152* | Acc: *94.872%* (47436/50000) 
Test epoch: 72 | Loss: *0.604* | Acc: *80.320%* (8032/10000)
Train epoch: 73 | Loss: *0.154* | Acc: *94.612%* (47306/50000) 
Test epoch: 73 | Loss: *1.059* | Acc: *71.820%* (7182/10000)
Train epoch: 74 | Loss: *0.151* | Acc: *94.808%* (47404/50000) 
Test epoch: 74 | Loss: *1.026* | Acc: *71.730%* (7173/10000)
Train epoch: 75 | Loss: *0.145* | Acc: *95.050%* (47525/50000) 
Test epoch: 75 | Loss: *1.517* | Acc: *65.150%* (6515/10000)
Train epoch: 76 | Loss: *0.150* | Acc: *94.874%* (47437/50000) 
Test epoch: 76 | Loss: *0.684* | Acc: *78.590%* (7859/10000)
Train epoch: 77 | Loss: *0.143* | Acc: *95.192%* (47596/50000) 
Test epoch: 77 | Loss: *0.724* | Acc: *79.390%* (7939/10000)
Train epoch: 78 | Loss: *0.136* | Acc: *95.364%* (47682/50000) 
Test epoch: 78 | Loss: *0.660* | Acc: *77.980%* (7798/10000)
Train epoch: 79 | Loss: *0.131* | Acc: *95.528%* (47764/50000) 
Test epoch: 79 | Loss: *0.624* | Acc: *80.760%* (8076/10000)
Train epoch: 80 | Loss: *0.131* | Acc: *95.572%* (47786/50000) 
Test epoch: 80 | Loss: *1.006* | Acc: *74.090%* (7409/10000)
Train epoch: 81 | Loss: *0.146* | Acc: *94.934%* (47467/50000) 
Test epoch: 81 | Loss: *0.785* | Acc: *76.900%* (7690/10000)
Train epoch: 82 | Loss: *0.121* | Acc: *95.902%* (47951/50000) 
Test epoch: 82 | Loss: *1.139* | Acc: *69.910%* (6991/10000)
Train epoch: 83 | Loss: *0.136* | Acc: *95.344%* (47672/50000) 
Test epoch: 83 | Loss: *0.663* | Acc: *80.240%* (8024/10000)
Train epoch: 84 | Loss: *0.108* | Acc: *96.386%* (48193/50000) 
Test epoch: 84 | Loss: *0.745* | Acc: *77.260%* (7726/10000)
Train epoch: 85 | Loss: *0.128* | Acc: *95.646%* (47823/50000) 
Test epoch: 85 | Loss: *0.788* | Acc: *77.240%* (7724/10000)
Train epoch: 86 | Loss: *0.119* | Acc: *96.048%* (48024/50000) 
Test epoch: 86 | Loss: *0.622* | Acc: *80.500%* (8050/10000)
Train epoch: 87 | Loss: *0.118* | Acc: *96.044%* (48022/50000) 
Test epoch: 87 | Loss: *0.636* | Acc: *80.490%* (8049/10000)
Train epoch: 88 | Loss: *0.103* | Acc: *96.590%* (48295/50000) 
Test epoch: 88 | Loss: *0.574* | Acc: *82.180%* (8218/10000)
Train epoch: 89 | Loss: *0.115* | Acc: *96.166%* (48083/50000) 
Test epoch: 89 | Loss: *1.141* | Acc: *72.020%* (7202/10000)
Train epoch: 90 | Loss: *0.109* | Acc: *96.402%* (48201/50000) 
Test epoch: 90 | Loss: *1.270* | Acc: *71.370%* (7137/10000)
Train epoch: 91 | Loss: *0.101* | Acc: *96.618%* (48309/50000) 
Test epoch: 91 | Loss: *0.680* | Acc: *78.960%* (7896/10000)
Train epoch: 92 | Loss: *0.112* | Acc: *96.236%* (48118/50000) 
Test epoch: 92 | Loss: *1.222* | Acc: *68.500%* (6850/10000)
Train epoch: 93 | Loss: *0.095* | Acc: *96.884%* (48442/50000) 
Test epoch: 93 | Loss: *0.734* | Acc: *79.920%* (7992/10000)
Train epoch: 94 | Loss: *0.098* | Acc: *96.778%* (48389/50000) 
Test epoch: 94 | Loss: *0.909* | Acc: *75.060%* (7506/10000)
Train epoch: 95 | Loss: *0.089* | Acc: *97.160%* (48580/50000) 
Test epoch: 95 | Loss: *1.027* | Acc: *72.130%* (7213/10000)
Train epoch: 96 | Loss: *0.100* | Acc: *96.828%* (48414/50000) 
Test epoch: 96 | Loss: *0.750* | Acc: *77.390%* (7739/10000)
Train epoch: 97 | Loss: *0.090* | Acc: *97.024%* (48512/50000) 
Test epoch: 97 | Loss: *0.744* | Acc: *78.160%* (7816/10000)
Train epoch: 98 | Loss: *0.089* | Acc: *97.130%* (48565/50000) 
Test epoch: 98 | Loss: *1.012* | Acc: *73.860%* (7386/10000)
Train epoch: 99 | Loss: *0.086* | Acc: *97.212%* (48606/50000) 
Test epoch: 99 | Loss: *0.875* | Acc: *74.590%* (7459/10000)
Train epoch: 100 | Loss: *0.086* | Acc: *97.238%* (48619/50000) 
Test epoch: 100 | Loss: *0.719* | Acc: *78.820%* (7882/10000)
Train epoch: 101 | Loss: *0.103* | Acc: *96.534%* (48267/50000) 
Test epoch: 101 | Loss: *0.861* | Acc: *76.200%* (7620/10000)
Train epoch: 102 | Loss: *0.056* | Acc: *98.384%* (49192/50000) 
Test epoch: 102 | Loss: *0.712* | Acc: *79.860%* (7986/10000)
Train epoch: 103 | Loss: *0.075* | Acc: *97.636%* (48818/50000) 
Test epoch: 103 | Loss: *1.032* | Acc: *73.700%* (7370/10000)
Train epoch: 104 | Loss: *0.084* | Acc: *97.312%* (48656/50000) 
Test epoch: 104 | Loss: *1.038* | Acc: *73.260%* (7326/10000)
Train epoch: 105 | Loss: *0.071* | Acc: *97.710%* (48855/50000) 
Test epoch: 105 | Loss: *0.784* | Acc: *77.230%* (7723/10000)
Train epoch: 106 | Loss: *0.077* | Acc: *97.588%* (48794/50000) 
Test epoch: 106 | Loss: *0.775* | Acc: *78.640%* (7864/10000)
Train epoch: 107 | Loss: *0.068* | Acc: *97.882%* (48941/50000) 
Test epoch: 107 | Loss: *0.644* | Acc: *81.800%* (8180/10000)
Train epoch: 108 | Loss: *0.069* | Acc: *97.848%* (48924/50000) 
Test epoch: 108 | Loss: *0.830* | Acc: *78.480%* (7848/10000)
Train epoch: 109 | Loss: *0.070* | Acc: *97.914%* (48957/50000) 
Test epoch: 109 | Loss: *0.523* | Acc: *83.880%* (8388/10000)
Train epoch: 110 | Loss: *0.059* | Acc: *98.202%* (49101/50000) 
Test epoch: 110 | Loss: *0.859* | Acc: *77.500%* (7750/10000)
Train epoch: 111 | Loss: *0.055* | Acc: *98.356%* (49178/50000) 
Test epoch: 111 | Loss: *0.881* | Acc: *78.850%* (7885/10000)
Train epoch: 112 | Loss: *0.053* | Acc: *98.428%* (49214/50000) 
Test epoch: 112 | Loss: *0.825* | Acc: *78.710%* (7871/10000)
Train epoch: 113 | Loss: *0.050* | Acc: *98.594%* (49297/50000) 
Test epoch: 113 | Loss: *0.449* | Acc: *86.660%* (8666/10000)
Train epoch: 114 | Loss: *0.027* | Acc: *99.372%* (49686/50000) 
Test epoch: 114 | Loss: *0.792* | Acc: *79.860%* (7986/10000)
Train epoch: 115 | Loss: *0.019* | Acc: *99.620%* (49810/50000) 
Test epoch: 115 | Loss: *0.436* | Acc: *87.090%* (8709/10000)
Train epoch: 116 | Loss: *0.012* | Acc: *99.816%* (49908/50000) 
Test epoch: 116 | Loss: *0.384* | Acc: *88.420%* (8842/10000)
Train epoch: 117 | Loss: *0.004* | Acc: *99.984%* (49992/50000) 
Test epoch: 117 | Loss: *0.292* | Acc: *90.820%* (9082/10000)
Train epoch: 118 | Loss: *0.003* | Acc: *100.000%* (50000/50000) 
Test epoch: 118 | Loss: *0.274* | Acc: *91.470%* (9147/10000)
Train epoch: 119 | Loss: *0.003* | Acc: *100.000%* (50000/50000) 
Test epoch: 119 | Loss: *0.269* | Acc: *91.490%* (9149/10000)
Train epoch: 120 | Loss: *0.003* | Acc: *100.000%* (50000/50000) 
Test epoch: 120 | Loss: *0.266* | Acc: *91.430%* (9143/10000)
Train epoch: 121 | Loss: *0.003* | Acc: *100.000%* (50000/50000) 
Test epoch: 121 | Loss: *0.265* | Acc: *91.490%* (9149/10000)
Train epoch: 122 | Loss: *0.003* | Acc: *100.000%* (50000/50000) 
Test epoch: 122 | Loss: *0.265* | Acc: *91.490%* (9149/10000)
Train epoch: 123 | Loss: *0.004* | Acc: *100.000%* (50000/50000) 
Test epoch: 123 | Loss: *0.266* | Acc: *91.340%* (9134/10000)
Train epoch: 124 | Loss: *0.003* | Acc: *100.000%* (50000/50000) 
Test epoch: 124 | Loss: *0.273* | Acc: *91.180%* (9118/10000)
Train epoch: 125 | Loss: *0.004* | Acc: *100.000%* (50000/50000) 
Test epoch: 125 | Loss: *0.285* | Acc: *91.060%* (9106/10000)
Train epoch: 126 | Loss: *0.003* | Acc: *100.000%* (50000/50000) 
Test epoch: 126 | Loss: *0.273* | Acc: *91.210%* (9121/10000)
Train epoch: 127 | Loss: *0.003* | Acc: *100.000%* (50000/50000) 
Test epoch: 127 | Loss: *0.286* | Acc: *91.090%* (9109/10000)
Train epoch: 128 | Loss: *0.003* | Acc: *100.000%* (50000/50000) 
Test epoch: 128 | Loss: *0.311* | Acc: *90.150%* (9015/10000)
Train epoch: 129 | Loss: *0.636* | Acc: *78.226%* (39113/50000) 
Test epoch: 129 | Loss: *0.781* | Acc: *73.000%* (7300/10000)
Train epoch: 130 | Loss: *0.345* | Acc: *88.344%* (44172/50000) 
Test epoch: 130 | Loss: *0.790* | Acc: *73.920%* (7392/10000)
Train epoch: 131 | Loss: *0.224* | Acc: *92.324%* (46162/50000) 
Test epoch: 131 | Loss: *0.737* | Acc: *75.810%* (7581/10000)
Train epoch: 132 | Loss: *0.141* | Acc: *95.458%* (47729/50000) 
Test epoch: 132 | Loss: *0.541* | Acc: *82.450%* (8245/10000)
Train epoch: 133 | Loss: *0.087* | Acc: *97.274%* (48637/50000) 
Test epoch: 133 | Loss: *0.649* | Acc: *81.130%* (8113/10000)
Train epoch: 134 | Loss: *0.064* | Acc: *98.116%* (49058/50000) 
Test epoch: 134 | Loss: *0.631* | Acc: *82.550%* (8255/10000)
Train epoch: 135 | Loss: *0.037* | Acc: *99.090%* (49545/50000) 
Test epoch: 135 | Loss: *0.432* | Acc: *87.090%* (8709/10000)
Train epoch: 136 | Loss: *0.019* | Acc: *99.678%* (49839/50000) 
Test epoch: 136 | Loss: *0.440* | Acc: *87.310%* (8731/10000)
Train epoch: 137 | Loss: *0.010* | Acc: *99.904%* (49952/50000) 
Test epoch: 137 | Loss: *0.320* | Acc: *89.890%* (8989/10000)
Train epoch: 138 | Loss: *0.004* | Acc: *99.996%* (49998/50000) 
Test epoch: 138 | Loss: *0.290* | Acc: *90.810%* (9081/10000)
Train epoch: 139 | Loss: *0.003* | Acc: *100.000%* (50000/50000) 
Test epoch: 139 | Loss: *0.283* | Acc: *91.030%* (9103/10000)
Train epoch: 140 | Loss: *0.003* | Acc: *100.000%* (50000/50000) 
Test epoch: 140 | Loss: *0.280* | Acc: *90.940%* (9094/10000)
Train epoch: 141 | Loss: *0.003* | Acc: *100.000%* (50000/50000) 
Test epoch: 141 | Loss: *0.276* | Acc: *91.100%* (9110/10000)
Train epoch: 142 | Loss: *0.003* | Acc: *100.000%* (50000/50000) 
Test epoch: 142 | Loss: *0.275* | Acc: *91.060%* (9106/10000)
Train epoch: 143 | Loss: *0.003* | Acc: *100.000%* (50000/50000) 
Test epoch: 143 | Loss: *0.275* | Acc: *91.120%* (9112/10000)
Train epoch: 144 | Loss: *0.003* | Acc: *100.000%* (50000/50000) 
Test epoch: 144 | Loss: *0.276* | Acc: *91.140%* (9114/10000)
Train epoch: 145 | Loss: *0.003* | Acc: *100.000%* (50000/50000) 
Test epoch: 145 | Loss: *0.278* | Acc: *90.970%* (9097/10000)
Train epoch: 146 | Loss: *0.003* | Acc: *100.000%* (50000/50000) 
Test epoch: 146 | Loss: *0.282* | Acc: *90.730%* (9073/10000)
Train epoch: 147 | Loss: *0.003* | Acc: *100.000%* (50000/50000) 
Test epoch: 147 | Loss: *0.276* | Acc: *90.920%* (9092/10000)
Train epoch: 148 | Loss: *0.003* | Acc: *100.000%* (50000/50000) 
Test epoch: 148 | Loss: *0.281* | Acc: *90.840%* (9084/10000)
Train epoch: 149 | Loss: *0.003* | Acc: *100.000%* (50000/50000) 
Test epoch: 149 | Loss: *0.279* | Acc: *90.980%* (9098/10000)
Train epoch: 150 | Loss: *0.003* | Acc: *100.000%* (50000/50000) 
Test epoch: 150 | Loss: *0.285* | Acc: *90.760%* (9076/10000)
Train epoch: 151 | Loss: *0.003* | Acc: *100.000%* (50000/50000) 
Test epoch: 151 | Loss: *0.280* | Acc: *91.020%* (9102/10000)
Train epoch: 152 | Loss: *0.003* | Acc: *100.000%* (50000/50000) 
Test epoch: 152 | Loss: *0.281* | Acc: *91.020%* (9102/10000)
Train epoch: 153 | Loss: *0.003* | Acc: *100.000%* (50000/50000) 
Test epoch: 153 | Loss: *0.286* | Acc: *90.610%* (9061/10000)
Train epoch: 154 | Loss: *0.003* | Acc: *100.000%* (50000/50000) 
Test epoch: 154 | Loss: *0.288* | Acc: *90.600%* (9060/10000)
Train epoch: 155 | Loss: *0.003* | Acc: *100.000%* (50000/50000) 
Test epoch: 155 | Loss: *0.291* | Acc: *90.740%* (9074/10000)
Train epoch: 156 | Loss: *0.003* | Acc: *100.000%* (50000/50000) 
Test epoch: 156 | Loss: *0.296* | Acc: *90.350%* (9035/10000)
Train epoch: 157 | Loss: *0.003* | Acc: *100.000%* (50000/50000) 
Test epoch: 157 | Loss: *0.291* | Acc: *90.760%* (9076/10000)
Train epoch: 158 | Loss: *0.003* | Acc: *99.990%* (49995/50000) 
Test epoch: 158 | Loss: *0.332* | Acc: *89.380%* (8938/10000)
Train epoch: 159 | Loss: *0.004* | Acc: *100.000%* (50000/50000) 
Test epoch: 159 | Loss: *0.298* | Acc: *90.470%* (9047/10000)
Train epoch: 160 | Loss: *0.003* | Acc: *100.000%* (50000/50000) 
Test epoch: 160 | Loss: *0.294* | Acc: *90.710%* (9071/10000)
Train epoch: 161 | Loss: *0.002* | Acc: *100.000%* (50000/50000) 
Test epoch: 161 | Loss: *0.299* | Acc: *90.480%* (9048/10000)
Train epoch: 162 | Loss: *0.002* | Acc: *100.000%* (50000/50000) 
Test epoch: 162 | Loss: *0.304* | Acc: *90.210%* (9021/10000)
Train epoch: 163 | Loss: *0.002* | Acc: *100.000%* (50000/50000) 
Test epoch: 163 | Loss: *0.299* | Acc: *90.670%* (9067/10000)
Train epoch: 164 | Loss: *0.002* | Acc: *100.000%* (50000/50000) 
Test epoch: 164 | Loss: *0.300* | Acc: *90.510%* (9051/10000)
Train epoch: 165 | Loss: *0.002* | Acc: *100.000%* (50000/50000) 
Test epoch: 165 | Loss: *0.303* | Acc: *90.440%* (9044/10000)
Train epoch: 166 | Loss: *0.002* | Acc: *100.000%* (50000/50000) 
Test epoch: 166 | Loss: *0.304* | Acc: *90.540%* (9054/10000)
Train epoch: 167 | Loss: *0.002* | Acc: *100.000%* (50000/50000) 
Test epoch: 167 | Loss: *0.302* | Acc: *90.310%* (9031/10000)
Train epoch: 168 | Loss: *0.002* | Acc: *100.000%* (50000/50000) 
Test epoch: 168 | Loss: *0.309* | Acc: *90.230%* (9023/10000)
Train epoch: 169 | Loss: *0.002* | Acc: *100.000%* (50000/50000) 
Test epoch: 169 | Loss: *0.306* | Acc: *90.220%* (9022/10000)
Train epoch: 170 | Loss: *0.002* | Acc: *100.000%* (50000/50000) 
Test epoch: 170 | Loss: *0.309* | Acc: *90.230%* (9023/10000)
Train epoch: 171 | Loss: *0.002* | Acc: *100.000%* (50000/50000) 
Test epoch: 171 | Loss: *0.310* | Acc: *90.180%* (9018/10000)
Train epoch: 172 | Loss: *0.002* | Acc: *100.000%* (50000/50000) 
Test epoch: 172 | Loss: *0.309* | Acc: *90.340%* (9034/10000)
Train epoch: 173 | Loss: *0.002* | Acc: *100.000%* (50000/50000) 
Test epoch: 173 | Loss: *0.311* | Acc: *90.390%* (9039/10000)
Train epoch: 174 | Loss: *0.002* | Acc: *100.000%* (50000/50000) 
Test epoch: 174 | Loss: *0.309* | Acc: *90.250%* (9025/10000)
Train epoch: 175 | Loss: *0.002* | Acc: *100.000%* (50000/50000) 
Test epoch: 175 | Loss: *0.309* | Acc: *90.330%* (9033/10000)
Train epoch: 176 | Loss: *0.002* | Acc: *100.000%* (50000/50000) 
Test epoch: 176 | Loss: *0.311* | Acc: *90.160%* (9016/10000)
Train epoch: 177 | Loss: *0.002* | Acc: *100.000%* (50000/50000) 
Test epoch: 177 | Loss: *0.312* | Acc: *90.040%* (9004/10000)
Train epoch: 178 | Loss: *0.002* | Acc: *100.000%* (50000/50000) 
Test epoch: 178 | Loss: *0.314* | Acc: *90.240%* (9024/10000)
Train epoch: 179 | Loss: *0.002* | Acc: *100.000%* (50000/50000) 
Test epoch: 179 | Loss: *0.314* | Acc: *89.920%* (8992/10000)
Train epoch: 180 | Loss: *0.002* | Acc: *100.000%* (50000/50000) 
Test epoch: 180 | Loss: *0.314* | Acc: *90.030%* (9003/10000)
Train epoch: 181 | Loss: *0.002* | Acc: *100.000%* (50000/50000) 
Test epoch: 181 | Loss: *0.315* | Acc: *89.810%* (8981/10000)
Train epoch: 182 | Loss: *0.002* | Acc: *100.000%* (50000/50000) 
Test epoch: 182 | Loss: *0.318* | Acc: *89.900%* (8990/10000)
Train epoch: 183 | Loss: *0.002* | Acc: *100.000%* (50000/50000) 
Test epoch: 183 | Loss: *0.317* | Acc: *90.040%* (9004/10000)
Train epoch: 184 | Loss: *0.002* | Acc: *100.000%* (50000/50000) 
Test epoch: 184 | Loss: *0.319* | Acc: *90.020%* (9002/10000)
Train epoch: 185 | Loss: *0.002* | Acc: *100.000%* (50000/50000) 
Test epoch: 185 | Loss: *0.319* | Acc: *89.920%* (8992/10000)
Train epoch: 186 | Loss: *0.002* | Acc: *100.000%* (50000/50000) 
Test epoch: 186 | Loss: *0.320* | Acc: *89.970%* (8997/10000)
Train epoch: 187 | Loss: *0.002* | Acc: *100.000%* (50000/50000) 
Test epoch: 187 | Loss: *0.317* | Acc: *89.970%* (8997/10000)
Train epoch: 188 | Loss: *0.002* | Acc: *100.000%* (50000/50000) 
Test epoch: 188 | Loss: *0.317* | Acc: *89.990%* (8999/10000)
Train epoch: 189 | Loss: *0.002* | Acc: *100.000%* (50000/50000) 
Test epoch: 189 | Loss: *0.318* | Acc: *90.020%* (9002/10000)
Train epoch: 190 | Loss: *0.002* | Acc: *100.000%* (50000/50000) 
Test epoch: 190 | Loss: *0.320* | Acc: *90.030%* (9003/10000)
Train epoch: 191 | Loss: *0.002* | Acc: *100.000%* (50000/50000) 
Test epoch: 191 | Loss: *0.317* | Acc: *89.900%* (8990/10000)
Train epoch: 192 | Loss: *0.002* | Acc: *100.000%* (50000/50000) 
Test epoch: 192 | Loss: *0.319* | Acc: *90.040%* (9004/10000)
Train epoch: 193 | Loss: *0.002* | Acc: *100.000%* (50000/50000) 
Test epoch: 193 | Loss: *0.318* | Acc: *90.040%* (9004/10000)
Train epoch: 194 | Loss: *0.002* | Acc: *100.000%* (50000/50000) 
Test epoch: 194 | Loss: *0.317* | Acc: *90.030%* (9003/10000)
Train epoch: 195 | Loss: *0.002* | Acc: *100.000%* (50000/50000) 
Test epoch: 195 | Loss: *0.318* | Acc: *89.980%* (8998/10000)
Train epoch: 196 | Loss: *0.002* | Acc: *100.000%* (50000/50000) 
Test epoch: 196 | Loss: *0.321* | Acc: *90.050%* (9005/10000)
Train epoch: 197 | Loss: *0.002* | Acc: *100.000%* (50000/50000) 
Test epoch: 197 | Loss: *0.319* | Acc: *89.870%* (8987/10000)
Train epoch: 198 | Loss: *0.002* | Acc: *100.000%* (50000/50000) 
Test epoch: 198 | Loss: *0.318* | Acc: *89.900%* (8990/10000)
Train epoch: 199 | Loss: *0.002* | Acc: *100.000%* (50000/50000) 
Test epoch: 199 | Loss: *0.318* | Acc: *89.940%* (8994/10000)
Train epoch: 200 | Loss: *0.002* | Acc: *100.000%* (50000/50000) 
Test epoch: 200 | Loss: *0.324* | Acc: *89.700%* (8970/10000)
Train epoch: 201 | Loss: *0.002* | Acc: *100.000%* (50000/50000) 
Test epoch: 201 | Loss: *0.317* | Acc: *89.830%* (8983/10000)
Train epoch: 202 | Loss: *0.002* | Acc: *100.000%* (50000/50000) 
Test epoch: 202 | Loss: *0.321* | Acc: *89.980%* (8998/10000)
Train epoch: 203 | Loss: *0.002* | Acc: *100.000%* (50000/50000) 
Test epoch: 203 | Loss: *0.321* | Acc: *89.970%* (8997/10000)
Train epoch: 204 | Loss: *0.002* | Acc: *100.000%* (50000/50000) 
Test epoch: 204 | Loss: *0.317* | Acc: *89.890%* (8989/10000)
Train epoch: 205 | Loss: *0.002* | Acc: *100.000%* (50000/50000) 
Test epoch: 205 | Loss: *0.324* | Acc: *89.910%* (8991/10000)
Train epoch: 206 | Loss: *0.002* | Acc: *100.000%* (50000/50000) 
Test epoch: 206 | Loss: *0.319* | Acc: *89.920%* (8992/10000)
Train epoch: 207 | Loss: *0.002* | Acc: *100.000%* (50000/50000) 
Test epoch: 207 | Loss: *0.323* | Acc: *89.920%* (8992/10000)
Train epoch: 208 | Loss: *0.002* | Acc: *100.000%* (50000/50000) 
Test epoch: 208 | Loss: *0.321* | Acc: *90.080%* (9008/10000)
Train epoch: 209 | Loss: *0.002* | Acc: *100.000%* (50000/50000) 
Test epoch: 209 | Loss: *0.321* | Acc: *89.900%* (8990/10000)
Train epoch: 210 | Loss: *0.002* | Acc: *100.000%* (50000/50000) 
Test epoch: 210 | Loss: *0.321* | Acc: *89.830%* (8983/10000)
Train epoch: 211 | Loss: *0.002* | Acc: *100.000%* (50000/50000) 
Test epoch: 211 | Loss: *0.320* | Acc: *89.920%* (8992/10000)
Train epoch: 212 | Loss: *0.002* | Acc: *100.000%* (50000/50000) 
Test epoch: 212 | Loss: *0.320* | Acc: *89.950%* (8995/10000)
Train epoch: 213 | Loss: *0.002* | Acc: *100.000%* (50000/50000) 
Test epoch: 213 | Loss: *0.319* | Acc: *89.950%* (8995/10000)
Train epoch: 214 | Loss: *0.002* | Acc: *100.000%* (50000/50000) 
Test epoch: 214 | Loss: *0.323* | Acc: *89.860%* (8986/10000)
Train epoch: 215 | Loss: *0.002* | Acc: *100.000%* (50000/50000) 
Test epoch: 215 | Loss: *0.323* | Acc: *89.790%* (8979/10000)
Train epoch: 216 | Loss: *0.002* | Acc: *100.000%* (50000/50000) 
Test epoch: 216 | Loss: *0.324* | Acc: *89.970%* (8997/10000)
Train epoch: 217 | Loss: *0.002* | Acc: *100.000%* (50000/50000) 
Test epoch: 217 | Loss: *0.320* | Acc: *89.840%* (8984/10000)
Train epoch: 218 | Loss: *0.002* | Acc: *100.000%* (50000/50000) 
Test epoch: 218 | Loss: *0.321* | Acc: *89.810%* (8981/10000)
Train epoch: 219 | Loss: *0.002* | Acc: *100.000%* (50000/50000) 
Test epoch: 219 | Loss: *0.322* | Acc: *89.740%* (8974/10000)
Train epoch: 220 | Loss: *0.002* | Acc: *100.000%* (50000/50000) 
Test epoch: 220 | Loss: *0.322* | Acc: *89.790%* (8979/10000)
Train epoch: 221 | Loss: *0.002* | Acc: *100.000%* (50000/50000) 
Test epoch: 221 | Loss: *0.326* | Acc: *89.760%* (8976/10000)
Train epoch: 222 | Loss: *0.002* | Acc: *100.000%* (50000/50000) 
Test epoch: 222 | Loss: *0.323* | Acc: *89.880%* (8988/10000)
Train epoch: 223 | Loss: *0.002* | Acc: *100.000%* (50000/50000) 
Test epoch: 223 | Loss: *0.326* | Acc: *89.790%* (8979/10000)
Train epoch: 224 | Loss: *0.002* | Acc: *100.000%* (50000/50000) 
Test epoch: 224 | Loss: *0.324* | Acc: *89.770%* (8977/10000)
Train epoch: 225 | Loss: *0.002* | Acc: *100.000%* (50000/50000) 
Test epoch: 225 | Loss: *0.330* | Acc: *89.770%* (8977/10000)
Train epoch: 226 | Loss: *0.002* | Acc: *100.000%* (50000/50000) 
Test epoch: 226 | Loss: *0.329* | Acc: *89.460%* (8946/10000)
Train epoch: 227 | Loss: *0.002* | Acc: *100.000%* (50000/50000) 
Test epoch: 227 | Loss: *0.329* | Acc: *89.790%* (8979/10000)
Train epoch: 228 | Loss: *0.002* | Acc: *100.000%* (50000/50000) 
Test epoch: 228 | Loss: *0.335* | Acc: *89.470%* (8947/10000)
Train epoch: 229 | Loss: *0.002* | Acc: *100.000%* (50000/50000) 
Test epoch: 229 | Loss: *0.337* | Acc: *89.500%* (8950/10000)
Train epoch: 230 | Loss: *0.002* | Acc: *100.000%* (50000/50000) 
Test epoch: 230 | Loss: *0.332* | Acc: *89.630%* (8963/10000)
Train epoch: 231 | Loss: *0.128* | Acc: *96.164%* (48082/50000) 
Test epoch: 231 | Loss: *1.328* | Acc: *60.360%* (6036/10000)
Train epoch: 232 | Loss: *0.188* | Acc: *94.856%* (47428/50000) 
Test epoch: 232 | Loss: *0.711* | Acc: *78.200%* (7820/10000)
Train epoch: 233 | Loss: *0.080* | Acc: *98.280%* (49140/50000) 
Test epoch: 233 | Loss: *0.459* | Acc: *85.450%* (8545/10000)
Train epoch: 234 | Loss: *0.039* | Acc: *99.346%* (49673/50000) 
Test epoch: 234 | Loss: *0.528* | Acc: *83.680%* (8368/10000)
Train epoch: 235 | Loss: *0.022* | Acc: *99.732%* (49866/50000) 
Test epoch: 235 | Loss: *0.376* | Acc: *88.450%* (8845/10000)
Train epoch: 236 | Loss: *0.009* | Acc: *99.944%* (49972/50000) 
Test epoch: 236 | Loss: *0.318* | Acc: *90.030%* (9003/10000)
Train epoch: 237 | Loss: *0.004* | Acc: *99.986%* (49993/50000) 
Test epoch: 237 | Loss: *0.370* | Acc: *88.820%* (8882/10000)
Train epoch: 238 | Loss: *0.002* | Acc: *100.000%* (50000/50000) 
Test epoch: 238 | Loss: *0.299* | Acc: *90.710%* (9071/10000)
Train epoch: 239 | Loss: *0.002* | Acc: *100.000%* (50000/50000) 
Test epoch: 239 | Loss: *0.295* | Acc: *90.660%* (9066/10000)
Train epoch: 240 | Loss: *0.001* | Acc: *100.000%* (50000/50000) 
Test epoch: 240 | Loss: *0.296* | Acc: *90.630%* (9063/10000)
Train epoch: 241 | Loss: *0.001* | Acc: *100.000%* (50000/50000) 
Test epoch: 241 | Loss: *0.296* | Acc: *90.680%* (9068/10000)
Train epoch: 242 | Loss: *0.001* | Acc: *100.000%* (50000/50000) 
Test epoch: 242 | Loss: *0.301* | Acc: *90.570%* (9057/10000)
Train epoch: 243 | Loss: *0.002* | Acc: *100.000%* (50000/50000) 
Test epoch: 243 | Loss: *0.300* | Acc: *90.620%* (9062/10000)
Train epoch: 244 | Loss: *0.002* | Acc: *100.000%* (50000/50000) 
Test epoch: 244 | Loss: *0.300* | Acc: *90.610%* (9061/10000)
Train epoch: 245 | Loss: *0.002* | Acc: *100.000%* (50000/50000) 
Test epoch: 245 | Loss: *0.306* | Acc: *90.600%* (9060/10000)
Train epoch: 246 | Loss: *0.002* | Acc: *100.000%* (50000/50000) 
Test epoch: 246 | Loss: *0.307* | Acc: *90.410%* (9041/10000)
Train epoch: 247 | Loss: *0.119* | Acc: *96.110%* (48055/50000) 
Test epoch: 247 | Loss: *1.457* | Acc: *53.900%* (5390/10000)
Train epoch: 248 | Loss: *0.391* | Acc: *86.730%* (43365/50000) 
Test epoch: 248 | Loss: *0.613* | Acc: *79.090%* (7909/10000)
Train epoch: 249 | Loss: *0.204* | Acc: *93.368%* (46684/50000) 
Test epoch: 249 | Loss: *0.747* | Acc: *77.010%* (7701/10000)
Train epoch: 250 | Loss: *0.115* | Acc: *96.536%* (48268/50000) 
Test epoch: 250 | Loss: *0.598* | Acc: *82.130%* (8213/10000)
Train epoch: 251 | Loss: *0.078* | Acc: *97.704%* (48852/50000) 
Test epoch: 251 | Loss: *0.647* | Acc: *80.640%* (8064/10000)
Train epoch: 252 | Loss: *0.064* | Acc: *98.102%* (49051/50000) 
Test epoch: 252 | Loss: *0.650* | Acc: *80.650%* (8065/10000)
Train epoch: 253 | Loss: *0.057* | Acc: *98.320%* (49160/50000) 
Test epoch: 253 | Loss: *0.621* | Acc: *83.030%* (8303/10000)
Train epoch: 254 | Loss: *0.063* | Acc: *98.126%* (49063/50000) 
Test epoch: 254 | Loss: *0.770* | Acc: *78.740%* (7874/10000)
Train epoch: 255 | Loss: *0.046* | Acc: *98.760%* (49380/50000) 
Test epoch: 255 | Loss: *0.523* | Acc: *84.930%* (8493/10000)
Train epoch: 256 | Loss: *0.037* | Acc: *98.986%* (49493/50000) 
Test epoch: 256 | Loss: *0.549* | Acc: *83.380%* (8338/10000)
Train epoch: 257 | Loss: *0.038* | Acc: *98.952%* (49476/50000) 
Test epoch: 257 | Loss: *0.712* | Acc: *79.810%* (7981/10000)
Train epoch: 258 | Loss: *0.065* | Acc: *98.018%* (49009/50000) 
Test epoch: 258 | Loss: *0.970* | Acc: *73.680%* (7368/10000)
Train epoch: 259 | Loss: *0.065* | Acc: *97.988%* (48994/50000) 
Test epoch: 259 | Loss: *0.618* | Acc: *82.190%* (8219/10000)
Train epoch: 260 | Loss: *0.043* | Acc: *98.806%* (49403/50000) 
Test epoch: 260 | Loss: *0.581* | Acc: *82.310%* (8231/10000)
Train epoch: 261 | Loss: *0.023* | Acc: *99.508%* (49754/50000) 
Test epoch: 261 | Loss: *0.411* | Acc: *87.800%* (8780/10000)
Train epoch: 262 | Loss: *0.015* | Acc: *99.736%* (49868/50000) 
Test epoch: 262 | Loss: *0.401* | Acc: *88.590%* (8859/10000)
Train epoch: 263 | Loss: *0.008* | Acc: *99.920%* (49960/50000) 
Test epoch: 263 | Loss: *0.413* | Acc: *87.860%* (8786/10000)
Train epoch: 264 | Loss: *0.004* | Acc: *99.978%* (49989/50000) 
Test epoch: 264 | Loss: *0.314* | Acc: *90.290%* (9029/10000)
Train epoch: 265 | Loss: *0.002* | Acc: *99.996%* (49998/50000) 
Test epoch: 265 | Loss: *0.318* | Acc: *90.190%* (9019/10000)
Train epoch: 266 | Loss: *0.002* | Acc: *99.998%* (49999/50000) 
Test epoch: 266 | Loss: *0.291* | Acc: *90.960%* (9096/10000)
Train epoch: 267 | Loss: *0.002* | Acc: *100.000%* (50000/50000) 
Test epoch: 267 | Loss: *0.285* | Acc: *90.960%* (9096/10000)
Train epoch: 268 | Loss: *0.002* | Acc: *100.000%* (50000/50000) 
Test epoch: 268 | Loss: *0.287* | Acc: *90.720%* (9072/10000)
Train epoch: 269 | Loss: *0.002* | Acc: *100.000%* (50000/50000) 
Test epoch: 269 | Loss: *0.288* | Acc: *90.680%* (9068/10000)
Train epoch: 270 | Loss: *0.003* | Acc: *100.000%* (50000/50000) 
Test epoch: 270 | Loss: *0.288* | Acc: *90.520%* (9052/10000)
Train epoch: 271 | Loss: *0.003* | Acc: *100.000%* (50000/50000) 
Test epoch: 271 | Loss: *0.303* | Acc: *89.990%* (8999/10000)
Train epoch: 272 | Loss: *0.172* | Acc: *94.342%* (47171/50000) 
Test epoch: 272 | Loss: *1.958* | Acc: *37.290%* (3729/10000)
Train epoch: 273 | Loss: *0.417* | Acc: *85.750%* (42875/50000) 
Test epoch: 273 | Loss: *1.161* | Acc: *65.190%* (6519/10000)
Train epoch: 274 | Loss: *0.234* | Acc: *92.202%* (46101/50000) 
Test epoch: 274 | Loss: *0.611* | Acc: *80.440%* (8044/10000)
Train epoch: 275 | Loss: *0.168* | Acc: *94.542%* (47271/50000) 
Test epoch: 275 | Loss: *0.947* | Acc: *74.140%* (7414/10000)
Train epoch: 276 | Loss: *0.118* | Acc: *96.132%* (48066/50000) 
Test epoch: 276 | Loss: *0.756* | Acc: *77.810%* (7781/10000)
Train epoch: 277 | Loss: *0.101* | Acc: *96.716%* (48358/50000) 
Test epoch: 277 | Loss: *0.719* | Acc: *79.310%* (7931/10000)
Train epoch: 278 | Loss: *0.098* | Acc: *96.880%* (48440/50000) 
Test epoch: 278 | Loss: *0.599* | Acc: *81.930%* (8193/10000)
Train epoch: 279 | Loss: *0.081* | Acc: *97.362%* (48681/50000) 
Test epoch: 279 | Loss: *0.787* | Acc: *80.160%* (8016/10000)
Train epoch: 280 | Loss: *0.079* | Acc: *97.516%* (48758/50000) 
Test epoch: 280 | Loss: *0.620* | Acc: *82.200%* (8220/10000)
Train epoch: 281 | Loss: *0.069* | Acc: *97.844%* (48922/50000) 
Test epoch: 281 | Loss: *1.325* | Acc: *68.000%* (6800/10000)
Train epoch: 282 | Loss: *0.087* | Acc: *97.178%* (48589/50000) 
Test epoch: 282 | Loss: *0.802* | Acc: *79.750%* (7975/10000)
Train epoch: 283 | Loss: *0.090* | Acc: *97.056%* (48528/50000) 
Test epoch: 283 | Loss: *0.922* | Acc: *74.390%* (7439/10000)
Train epoch: 284 | Loss: *0.077* | Acc: *97.518%* (48759/50000) 
Test epoch: 284 | Loss: *0.693* | Acc: *80.830%* (8083/10000)
Train epoch: 285 | Loss: *0.063* | Acc: *98.016%* (49008/50000) 
Test epoch: 285 | Loss: *0.853* | Acc: *76.940%* (7694/10000)
Train epoch: 286 | Loss: *0.089* | Acc: *97.114%* (48557/50000) 
Test epoch: 286 | Loss: *0.800* | Acc: *78.090%* (7809/10000)
Train epoch: 287 | Loss: *0.093* | Acc: *96.944%* (48472/50000) 
Test epoch: 287 | Loss: *0.828* | Acc: *79.120%* (7912/10000)
Train epoch: 288 | Loss: *0.081* | Acc: *97.384%* (48692/50000) 
Test epoch: 288 | Loss: *0.798* | Acc: *78.210%* (7821/10000)
Train epoch: 289 | Loss: *0.070* | Acc: *97.796%* (48898/50000) 
Test epoch: 289 | Loss: *0.816* | Acc: *78.120%* (7812/10000)
Train epoch: 290 | Loss: *0.087* | Acc: *97.104%* (48552/50000) 
Test epoch: 290 | Loss: *1.200* | Acc: *72.280%* (7228/10000)
Train epoch: 291 | Loss: *0.093* | Acc: *97.004%* (48502/50000) 
Test epoch: 291 | Loss: *0.551* | Acc: *83.110%* (8311/10000)
Train epoch: 292 | Loss: *0.088* | Acc: *97.060%* (48530/50000) 
Test epoch: 292 | Loss: *1.092* | Acc: *73.150%* (7315/10000)
Train epoch: 293 | Loss: *0.088* | Acc: *97.064%* (48532/50000) 
Test epoch: 293 | Loss: *0.790* | Acc: *78.570%* (7857/10000)
Train epoch: 294 | Loss: *0.084* | Acc: *97.276%* (48638/50000) 
Test epoch: 294 | Loss: *0.683* | Acc: *79.230%* (7923/10000)
Train epoch: 295 | Loss: *0.086* | Acc: *97.252%* (48626/50000) 
Test epoch: 295 | Loss: *0.696* | Acc: *80.820%* (8082/10000)
Train epoch: 296 | Loss: *0.097* | Acc: *96.834%* (48417/50000) 
Test epoch: 296 | Loss: *1.016* | Acc: *72.800%* (7280/10000)
Train epoch: 297 | Loss: *0.093* | Acc: *96.908%* (48454/50000) 
Test epoch: 297 | Loss: *0.990* | Acc: *75.360%* (7536/10000)
Train epoch: 298 | Loss: *0.097* | Acc: *96.750%* (48375/50000) 
Test epoch: 298 | Loss: *0.658* | Acc: *80.640%* (8064/10000)
Train epoch: 299 | Loss: *0.096* | Acc: *96.852%* (48426/50000) 
Test epoch: 299 | Loss: *1.559* | Acc: *54.730%* (5473/10000)
Train epoch: 300 | Loss: *0.104* | Acc: *96.694%* (48347/50000) 
Test epoch: 300 | Loss: *0.835* | Acc: *77.640%* (7764/10000)
Train epoch: 301 | Loss: *0.095* | Acc: *96.858%* (48429/50000) 
Test epoch: 301 | Loss: *0.718* | Acc: *79.770%* (7977/10000)
Train epoch: 302 | Loss: *0.092* | Acc: *96.918%* (48459/50000) 
Test epoch: 302 | Loss: *1.706* | Acc: *56.630%* (5663/10000)
Train epoch: 303 | Loss: *0.104* | Acc: *96.478%* (48239/50000) 
Test epoch: 303 | Loss: *0.800* | Acc: *74.920%* (7492/10000)
Train epoch: 304 | Loss: *0.116* | Acc: *96.058%* (48029/50000) 
Test epoch: 304 | Loss: *0.627* | Acc: *81.750%* (8175/10000)
Train epoch: 305 | Loss: *0.096* | Acc: *96.800%* (48400/50000) 
Test epoch: 305 | Loss: *0.660* | Acc: *80.990%* (8099/10000)
Train epoch: 306 | Loss: *0.109* | Acc: *96.412%* (48206/50000) 
Test epoch: 306 | Loss: *1.207* | Acc: *67.100%* (6710/10000)
Train epoch: 307 | Loss: *0.106* | Acc: *96.516%* (48258/50000) 
Test epoch: 307 | Loss: *1.338* | Acc: *68.590%* (6859/10000)
Train epoch: 308 | Loss: *0.118* | Acc: *96.064%* (48032/50000) 
Test epoch: 308 | Loss: *0.739* | Acc: *78.570%* (7857/10000)
Train epoch: 309 | Loss: *0.104* | Acc: *96.600%* (48300/50000) 
Test epoch: 309 | Loss: *1.654* | Acc: *61.470%* (6147/10000)
Train epoch: 310 | Loss: *0.113* | Acc: *96.252%* (48126/50000) 
Test epoch: 310 | Loss: *0.989* | Acc: *74.790%* (7479/10000)
Train epoch: 311 | Loss: *0.109* | Acc: *96.326%* (48163/50000) 
Test epoch: 311 | Loss: *0.966* | Acc: *74.240%* (7424/10000)
Train epoch: 312 | Loss: *0.118* | Acc: *96.120%* (48060/50000) 
Test epoch: 312 | Loss: *0.802* | Acc: *78.060%* (7806/10000)
Train epoch: 313 | Loss: *0.114* | Acc: *96.198%* (48099/50000) 
Test epoch: 313 | Loss: *0.977* | Acc: *74.620%* (7462/10000)
Train epoch: 314 | Loss: *0.119* | Acc: *96.018%* (48009/50000) 
Test epoch: 314 | Loss: *1.413* | Acc: *64.460%* (6446/10000)
Train epoch: 315 | Loss: *0.119* | Acc: *96.028%* (48014/50000) 
Test epoch: 315 | Loss: *0.754* | Acc: *79.150%* (7915/10000)
Train epoch: 316 | Loss: *0.114* | Acc: *96.178%* (48089/50000) 
Test epoch: 316 | Loss: *1.893* | Acc: *53.150%* (5315/10000)
Train epoch: 317 | Loss: *0.139* | Acc: *95.364%* (47682/50000) 
Test epoch: 317 | Loss: *0.837* | Acc: *74.880%* (7488/10000)
Train epoch: 318 | Loss: *0.112* | Acc: *96.206%* (48103/50000) 
Test epoch: 318 | Loss: *0.920* | Acc: *74.260%* (7426/10000)
Train epoch: 319 | Loss: *0.122* | Acc: *95.946%* (47973/50000) 
Test epoch: 319 | Loss: *0.950* | Acc: *74.840%* (7484/10000)
Train epoch: 320 | Loss: *0.141* | Acc: *95.146%* (47573/50000) 
Test epoch: 320 | Loss: *0.654* | Acc: *79.830%* (7983/10000)
Train epoch: 321 | Loss: *0.114* | Acc: *96.206%* (48103/50000) 
Test epoch: 321 | Loss: *0.703* | Acc: *79.050%* (7905/10000)
Train epoch: 322 | Loss: *0.140* | Acc: *95.330%* (47665/50000) 
Test epoch: 322 | Loss: *1.049* | Acc: *69.920%* (6992/10000)
Train epoch: 323 | Loss: *0.140* | Acc: *95.144%* (47572/50000) 
Test epoch: 323 | Loss: *0.788* | Acc: *77.390%* (7739/10000)
Train epoch: 324 | Loss: *0.133* | Acc: *95.500%* (47750/50000) 
Test epoch: 324 | Loss: *0.843* | Acc: *76.100%* (7610/10000)
Train epoch: 325 | Loss: *0.125* | Acc: *95.840%* (47920/50000) 
Test epoch: 325 | Loss: *0.998* | Acc: *74.480%* (7448/10000)
Train epoch: 326 | Loss: *0.141* | Acc: *95.286%* (47643/50000) 
Test epoch: 326 | Loss: *0.939* | Acc: *72.680%* (7268/10000)
Train epoch: 327 | Loss: *0.142* | Acc: *95.200%* (47600/50000) 
Test epoch: 327 | Loss: *0.714* | Acc: *79.480%* (7948/10000)
Train epoch: 328 | Loss: *0.132* | Acc: *95.490%* (47745/50000) 
Test epoch: 328 | Loss: *0.844* | Acc: *77.140%* (7714/10000)
Train epoch: 329 | Loss: *0.142* | Acc: *95.114%* (47557/50000) 
Test epoch: 329 | Loss: *0.915* | Acc: *73.260%* (7326/10000)
Train epoch: 330 | Loss: *0.145* | Acc: *95.126%* (47563/50000) 
Test epoch: 330 | Loss: *0.828* | Acc: *75.340%* (7534/10000)
Train epoch: 331 | Loss: *0.135* | Acc: *95.390%* (47695/50000) 
Test epoch: 331 | Loss: *0.792* | Acc: *77.810%* (7781/10000)
Train epoch: 332 | Loss: *0.142* | Acc: *95.124%* (47562/50000) 
Test epoch: 332 | Loss: *1.050* | Acc: *69.980%* (6998/10000)
Train epoch: 333 | Loss: *0.156* | Acc: *94.700%* (47350/50000) 
Test epoch: 333 | Loss: *1.038* | Acc: *70.700%* (7070/10000)
Train epoch: 334 | Loss: *0.138* | Acc: *95.300%* (47650/50000) 
Test epoch: 334 | Loss: *0.763* | Acc: *77.110%* (7711/10000)
Train epoch: 335 | Loss: *0.155* | Acc: *94.666%* (47333/50000) 
Test epoch: 335 | Loss: *1.006* | Acc: *72.340%* (7234/10000)
Train epoch: 336 | Loss: *0.153* | Acc: *94.804%* (47402/50000) 
Test epoch: 336 | Loss: *1.120* | Acc: *69.290%* (6929/10000)
Train epoch: 337 | Loss: *0.147* | Acc: *95.026%* (47513/50000) 
Test epoch: 337 | Loss: *0.850* | Acc: *74.200%* (7420/10000)
Train epoch: 338 | Loss: *0.155* | Acc: *94.760%* (47380/50000) 
Test epoch: 338 | Loss: *0.886* | Acc: *73.320%* (7332/10000)
Train epoch: 339 | Loss: *0.163* | Acc: *94.386%* (47193/50000) 
Test epoch: 339 | Loss: *2.288* | Acc: *48.320%* (4832/10000)
Train epoch: 340 | Loss: *0.158* | Acc: *94.644%* (47322/50000) 
Test epoch: 340 | Loss: *0.897* | Acc: *73.800%* (7380/10000)
Train epoch: 341 | Loss: *0.150* | Acc: *94.966%* (47483/50000) 
Test epoch: 341 | Loss: *1.072* | Acc: *71.510%* (7151/10000)
Train epoch: 342 | Loss: *0.160* | Acc: *94.428%* (47214/50000) 
Test epoch: 342 | Loss: *0.889* | Acc: *74.930%* (7493/10000)
Train epoch: 343 | Loss: *0.168* | Acc: *94.192%* (47096/50000) 
Test epoch: 343 | Loss: *0.890* | Acc: *75.440%* (7544/10000)
Train epoch: 344 | Loss: *0.151* | Acc: *94.906%* (47453/50000) 
Test epoch: 344 | Loss: *1.071* | Acc: *71.470%* (7147/10000)
Train epoch: 345 | Loss: *0.169* | Acc: *94.060%* (47030/50000) 
Test epoch: 345 | Loss: *0.816* | Acc: *75.680%* (7568/10000)
Train epoch: 346 | Loss: *0.169* | Acc: *94.140%* (47070/50000) 
Test epoch: 346 | Loss: *0.897* | Acc: *71.290%* (7129/10000)
Train epoch: 347 | Loss: *0.165* | Acc: *94.440%* (47220/50000) 
Test epoch: 347 | Loss: *1.559* | Acc: *66.170%* (6617/10000)
Train epoch: 348 | Loss: *0.166* | Acc: *94.372%* (47186/50000) 
Test epoch: 348 | Loss: *0.774* | Acc: *76.960%* (7696/10000)
Train epoch: 349 | Loss: *0.169* | Acc: *94.200%* (47100/50000) 
Test epoch: 349 | Loss: *0.827* | Acc: *74.470%* (7447/10000)
Train epoch: 350 | Loss: *0.169* | Acc: *94.232%* (47116/50000) 
Test epoch: 350 | Loss: *0.728* | Acc: *75.980%* (7598/10000)
Train epoch: 351 | Loss: *0.163* | Acc: *94.408%* (47204/50000) 
Test epoch: 351 | Loss: *0.701* | Acc: *78.740%* (7874/10000)
Train epoch: 352 | Loss: *0.179* | Acc: *93.948%* (46974/50000) 
Test epoch: 352 | Loss: *1.239* | Acc: *67.170%* (6717/10000)
Train epoch: 353 | Loss: *0.169* | Acc: *94.200%* (47100/50000) 
Test epoch: 353 | Loss: *0.808* | Acc: *77.450%* (7745/10000)
Train epoch: 354 | Loss: *0.164* | Acc: *94.364%* (47182/50000) 
Test epoch: 354 | Loss: *0.822* | Acc: *75.130%* (7513/10000)
Train epoch: 355 | Loss: *0.182* | Acc: *93.876%* (46938/50000) 
Test epoch: 355 | Loss: *0.999* | Acc: *67.940%* (6794/10000)
Train epoch: 356 | Loss: *0.179* | Acc: *93.890%* (46945/50000) 
Test epoch: 356 | Loss: *1.374* | Acc: *63.590%* (6359/10000)
Train epoch: 357 | Loss: *0.177* | Acc: *93.940%* (46970/50000) 
Test epoch: 357 | Loss: *1.694* | Acc: *58.850%* (5885/10000)
Train epoch: 358 | Loss: *0.175* | Acc: *94.026%* (47013/50000) 
Test epoch: 358 | Loss: *0.788* | Acc: *76.870%* (7687/10000)
Train epoch: 359 | Loss: *0.187* | Acc: *93.616%* (46808/50000) 
Test epoch: 359 | Loss: *0.965* | Acc: *70.480%* (7048/10000)
Train epoch: 360 | Loss: *0.175* | Acc: *94.054%* (47027/50000) 
Test epoch: 360 | Loss: *0.874* | Acc: *74.470%* (7447/10000)
Train epoch: 361 | Loss: *0.183* | Acc: *93.722%* (46861/50000) 
Test epoch: 361 | Loss: *1.586* | Acc: *62.410%* (6241/10000)
Train epoch: 362 | Loss: *0.189* | Acc: *93.582%* (46791/50000) 
Test epoch: 362 | Loss: *2.062* | Acc: *41.550%* (4155/10000)
Train epoch: 363 | Loss: *0.180* | Acc: *93.772%* (46886/50000) 
Test epoch: 363 | Loss: *0.785* | Acc: *74.660%* (7466/10000)
Train epoch: 364 | Loss: *0.187* | Acc: *93.476%* (46738/50000) 
Test epoch: 364 | Loss: *1.631* | Acc: *61.430%* (6143/10000)
Train epoch: 365 | Loss: *0.188* | Acc: *93.588%* (46794/50000) 
Test epoch: 365 | Loss: *0.859* | Acc: *75.560%* (7556/10000)
Train epoch: 366 | Loss: *0.180* | Acc: *93.820%* (46910/50000) 
Test epoch: 366 | Loss: *0.987* | Acc: *69.250%* (6925/10000)
Train epoch: 367 | Loss: *0.192* | Acc: *93.378%* (46689/50000) 
Test epoch: 367 | Loss: *0.884* | Acc: *72.500%* (7250/10000)
Train epoch: 368 | Loss: *0.181* | Acc: *93.774%* (46887/50000) 
Test epoch: 368 | Loss: *1.777* | Acc: *55.460%* (5546/10000)
Train epoch: 369 | Loss: *0.200* | Acc: *93.164%* (46582/50000) 
Test epoch: 369 | Loss: *0.777* | Acc: *74.590%* (7459/10000)
Train epoch: 370 | Loss: *0.189* | Acc: *93.556%* (46778/50000) 
Test epoch: 370 | Loss: *1.131* | Acc: *72.410%* (7241/10000)
Train epoch: 371 | Loss: *0.183* | Acc: *93.686%* (46843/50000) 
Test epoch: 371 | Loss: *0.979* | Acc: *67.810%* (6781/10000)
Train epoch: 372 | Loss: *0.191* | Acc: *93.426%* (46713/50000) 
Test epoch: 372 | Loss: *1.310* | Acc: *67.260%* (6726/10000)
Train epoch: 373 | Loss: *0.188* | Acc: *93.570%* (46785/50000) 
Test epoch: 373 | Loss: *1.360* | Acc: *64.150%* (6415/10000)
Train epoch: 374 | Loss: *0.195* | Acc: *93.212%* (46606/50000) 
Test epoch: 374 | Loss: *1.290* | Acc: *64.440%* (6444/10000)
Train epoch: 375 | Loss: *0.190* | Acc: *93.524%* (46762/50000) 
Test epoch: 375 | Loss: *1.421* | Acc: *63.090%* (6309/10000)
Train epoch: 376 | Loss: *0.187* | Acc: *93.698%* (46849/50000) 
Test epoch: 376 | Loss: *0.960* | Acc: *71.670%* (7167/10000)
Train epoch: 377 | Loss: *0.194* | Acc: *93.354%* (46677/50000) 
Test epoch: 377 | Loss: *0.808* | Acc: *76.940%* (7694/10000)
Train epoch: 378 | Loss: *0.191* | Acc: *93.456%* (46728/50000) 
Test epoch: 378 | Loss: *1.323* | Acc: *66.210%* (6621/10000)
Train epoch: 379 | Loss: *0.195* | Acc: *93.430%* (46715/50000) 
Test epoch: 379 | Loss: *0.844* | Acc: *74.890%* (7489/10000)
Train epoch: 380 | Loss: *0.202* | Acc: *93.062%* (46531/50000) 
Test epoch: 380 | Loss: *0.848* | Acc: *76.990%* (7699/10000)
Train epoch: 381 | Loss: *0.195* | Acc: *93.250%* (46625/50000) 
Test epoch: 381 | Loss: *1.373* | Acc: *64.630%* (6463/10000)
Train epoch: 382 | Loss: *0.198* | Acc: *93.228%* (46614/50000) 
Test epoch: 382 | Loss: *1.375* | Acc: *61.950%* (6195/10000)
Train epoch: 383 | Loss: *0.194* | Acc: *93.312%* (46656/50000) 
Test epoch: 383 | Loss: *0.974* | Acc: *68.770%* (6877/10000)
Train epoch: 384 | Loss: *0.193* | Acc: *93.540%* (46770/50000) 
Test epoch: 384 | Loss: *0.971* | Acc: *74.620%* (7462/10000)
Train epoch: 385 | Loss: *0.209* | Acc: *92.828%* (46414/50000) 
Test epoch: 385 | Loss: *1.596* | Acc: *60.260%* (6026/10000)
Train epoch: 386 | Loss: *0.195* | Acc: *93.346%* (46673/50000) 
Test epoch: 386 | Loss: *0.959* | Acc: *71.990%* (7199/10000)
Train epoch: 387 | Loss: *0.191* | Acc: *93.532%* (46766/50000) 
Test epoch: 387 | Loss: *0.674* | Acc: *78.600%* (7860/10000)
Train epoch: 388 | Loss: *0.207* | Acc: *92.880%* (46440/50000) 
Test epoch: 388 | Loss: *0.993* | Acc: *69.540%* (6954/10000)
Train epoch: 389 | Loss: *0.199* | Acc: *93.206%* (46603/50000) 
Test epoch: 389 | Loss: *0.958* | Acc: *73.390%* (7339/10000)
Train epoch: 390 | Loss: *0.202* | Acc: *92.950%* (46475/50000) 
Test epoch: 390 | Loss: *0.924* | Acc: *71.530%* (7153/10000)
Train epoch: 391 | Loss: *0.196* | Acc: *93.230%* (46615/50000) 
Test epoch: 391 | Loss: *0.784* | Acc: *76.320%* (7632/10000)
Train epoch: 392 | Loss: *0.189* | Acc: *93.624%* (46812/50000) 
Test epoch: 392 | Loss: *0.870* | Acc: *74.830%* (7483/10000)
Train epoch: 393 | Loss: *0.204* | Acc: *92.982%* (46491/50000) 
Test epoch: 393 | Loss: *1.165* | Acc: *70.120%* (7012/10000)
Train epoch: 394 | Loss: *0.198* | Acc: *93.330%* (46665/50000) 
Test epoch: 394 | Loss: *1.118* | Acc: *68.210%* (6821/10000)
Train epoch: 395 | Loss: *0.198* | Acc: *93.158%* (46579/50000) 
Test epoch: 395 | Loss: *1.039* | Acc: *71.170%* (7117/10000)
Train epoch: 396 | Loss: *0.202* | Acc: *93.200%* (46600/50000) 
Test epoch: 396 | Loss: *0.700* | Acc: *77.990%* (7799/10000)
Train epoch: 397 | Loss: *0.202* | Acc: *93.024%* (46512/50000) 
Test epoch: 397 | Loss: *0.890* | Acc: *74.440%* (7444/10000)
Train epoch: 398 | Loss: *0.192* | Acc: *93.450%* (46725/50000) 
Test epoch: 398 | Loss: *0.771* | Acc: *75.090%* (7509/10000)
Train epoch: 399 | Loss: *0.205* | Acc: *92.954%* (46477/50000) 
Test epoch: 399 | Loss: *0.756* | Acc: *75.680%* (7568/10000)
Train epoch: 400 | Loss: *0.196* | Acc: *93.288%* (46644/50000) 
Test epoch: 400 | Loss: *0.706* | Acc: *77.560%* (7756/10000)
Train epoch: 401 | Loss: *0.194* | Acc: *93.342%* (46671/50000) 
Test epoch: 401 | Loss: *1.177* | Acc: *67.970%* (6797/10000)
Train epoch: 402 | Loss: *0.202* | Acc: *92.964%* (46482/50000) 
Test epoch: 402 | Loss: *1.134* | Acc: *69.340%* (6934/10000)
Train epoch: 403 | Loss: *0.198* | Acc: *93.188%* (46594/50000) 
Test epoch: 403 | Loss: *1.380* | Acc: *56.880%* (5688/10000)
Train epoch: 404 | Loss: *0.204* | Acc: *92.966%* (46483/50000) 
Test epoch: 404 | Loss: *0.828* | Acc: *74.110%* (7411/10000)
Train epoch: 405 | Loss: *0.200* | Acc: *93.148%* (46574/50000) 
Test epoch: 405 | Loss: *0.841* | Acc: *74.860%* (7486/10000)
Train epoch: 406 | Loss: *0.195* | Acc: *93.426%* (46713/50000) 
Test epoch: 406 | Loss: *0.882* | Acc: *73.920%* (7392/10000)
Train epoch: 407 | Loss: *0.194* | Acc: *93.398%* (46699/50000) 
Test epoch: 407 | Loss: *1.026* | Acc: *72.230%* (7223/10000)
Train epoch: 408 | Loss: *0.201* | Acc: *93.160%* (46580/50000) 
Test epoch: 408 | Loss: *0.879* | Acc: *73.790%* (7379/10000)
Train epoch: 409 | Loss: *0.197* | Acc: *93.258%* (46629/50000) 
Test epoch: 409 | Loss: *0.897* | Acc: *71.140%* (7114/10000)
Train epoch: 410 | Loss: *0.196* | Acc: *93.280%* (46640/50000) 
Test epoch: 410 | Loss: *1.232* | Acc: *65.360%* (6536/10000)
Train epoch: 411 | Loss: *0.199* | Acc: *93.260%* (46630/50000) 
Test epoch: 411 | Loss: *0.878* | Acc: *73.390%* (7339/10000)
Train epoch: 412 | Loss: *0.201* | Acc: *93.100%* (46550/50000) 
Test epoch: 412 | Loss: *0.743* | Acc: *75.140%* (7514/10000)
Train epoch: 413 | Loss: *0.199* | Acc: *93.184%* (46592/50000) 
Test epoch: 413 | Loss: *0.826* | Acc: *73.210%* (7321/10000)
Train epoch: 414 | Loss: *0.195* | Acc: *93.242%* (46621/50000) 
Test epoch: 414 | Loss: *1.311* | Acc: *64.360%* (6436/10000)
Train epoch: 415 | Loss: *0.198* | Acc: *93.244%* (46622/50000) 
Test epoch: 415 | Loss: *0.604* | Acc: *81.370%* (8137/10000)
Train epoch: 416 | Loss: *0.195* | Acc: *93.164%* (46582/50000) 
Test epoch: 416 | Loss: *1.094* | Acc: *69.370%* (6937/10000)
Train epoch: 417 | Loss: *0.189* | Acc: *93.454%* (46727/50000) 
Test epoch: 417 | Loss: *1.077* | Acc: *70.990%* (7099/10000)
Train epoch: 418 | Loss: *0.195* | Acc: *93.366%* (46683/50000) 
Test epoch: 418 | Loss: *0.781* | Acc: *76.260%* (7626/10000)
Train epoch: 419 | Loss: *0.192* | Acc: *93.382%* (46691/50000) 
Test epoch: 419 | Loss: *0.908* | Acc: *72.410%* (7241/10000)
Train epoch: 420 | Loss: *0.186* | Acc: *93.596%* (46798/50000) 
Test epoch: 420 | Loss: *0.941* | Acc: *73.450%* (7345/10000)
Train epoch: 421 | Loss: *0.196* | Acc: *93.318%* (46659/50000) 
Test epoch: 421 | Loss: *0.822* | Acc: *73.080%* (7308/10000)
Train epoch: 422 | Loss: *0.190* | Acc: *93.534%* (46767/50000) 
Test epoch: 422 | Loss: *1.141* | Acc: *69.510%* (6951/10000)
Train epoch: 423 | Loss: *0.192* | Acc: *93.338%* (46669/50000) 
Test epoch: 423 | Loss: *1.187* | Acc: *67.660%* (6766/10000)
Train epoch: 424 | Loss: *0.193* | Acc: *93.392%* (46696/50000) 
Test epoch: 424 | Loss: *0.817* | Acc: *76.410%* (7641/10000)
Train epoch: 425 | Loss: *0.179* | Acc: *93.858%* (46929/50000) 
Test epoch: 425 | Loss: *1.099* | Acc: *68.370%* (6837/10000)
Train epoch: 426 | Loss: *0.193* | Acc: *93.278%* (46639/50000) 
Test epoch: 426 | Loss: *1.035* | Acc: *69.910%* (6991/10000)
Train epoch: 427 | Loss: *0.189* | Acc: *93.532%* (46766/50000) 
Test epoch: 427 | Loss: *0.978* | Acc: *72.820%* (7282/10000)
Train epoch: 428 | Loss: *0.181* | Acc: *93.814%* (46907/50000) 
Test epoch: 428 | Loss: *0.850* | Acc: *73.170%* (7317/10000)
Train epoch: 429 | Loss: *0.186* | Acc: *93.676%* (46838/50000) 
Test epoch: 429 | Loss: *1.315* | Acc: *66.940%* (6694/10000)
Train epoch: 430 | Loss: *0.179* | Acc: *93.850%* (46925/50000) 
Test epoch: 430 | Loss: *0.988* | Acc: *69.960%* (6996/10000)
Train epoch: 431 | Loss: *0.184* | Acc: *93.766%* (46883/50000) 
Test epoch: 431 | Loss: *1.042* | Acc: *69.600%* (6960/10000)
Train epoch: 432 | Loss: *0.183* | Acc: *93.840%* (46920/50000) 
Test epoch: 432 | Loss: *0.876* | Acc: *72.290%* (7229/10000)
Train epoch: 433 | Loss: *0.190* | Acc: *93.482%* (46741/50000) 
Test epoch: 433 | Loss: *1.087* | Acc: *67.870%* (6787/10000)
Train epoch: 434 | Loss: *0.174* | Acc: *94.098%* (47049/50000) 
Test epoch: 434 | Loss: *0.884* | Acc: *73.560%* (7356/10000)
Train epoch: 435 | Loss: *0.181* | Acc: *93.880%* (46940/50000) 
Test epoch: 435 | Loss: *1.520* | Acc: *63.150%* (6315/10000)
Train epoch: 436 | Loss: *0.172* | Acc: *94.188%* (47094/50000) 
Test epoch: 436 | Loss: *1.849* | Acc: *56.060%* (5606/10000)
Train epoch: 437 | Loss: *0.183* | Acc: *93.766%* (46883/50000) 
Test epoch: 437 | Loss: *0.916* | Acc: *72.330%* (7233/10000)
Train epoch: 438 | Loss: *0.176* | Acc: *93.948%* (46974/50000) 
Test epoch: 438 | Loss: *0.740* | Acc: *77.450%* (7745/10000)
Train epoch: 439 | Loss: *0.178* | Acc: *93.812%* (46906/50000) 
Test epoch: 439 | Loss: *0.960* | Acc: *71.280%* (7128/10000)
Train epoch: 440 | Loss: *0.171* | Acc: *94.196%* (47098/50000) 
Test epoch: 440 | Loss: *1.368* | Acc: *64.000%* (6400/10000)
Train epoch: 441 | Loss: *0.176* | Acc: *94.084%* (47042/50000) 
Test epoch: 441 | Loss: *1.012* | Acc: *71.410%* (7141/10000)
Train epoch: 442 | Loss: *0.176* | Acc: *93.996%* (46998/50000) 
Test epoch: 442 | Loss: *0.866* | Acc: *74.840%* (7484/10000)
Train epoch: 443 | Loss: *0.173* | Acc: *94.116%* (47058/50000) 
Test epoch: 443 | Loss: *0.983* | Acc: *73.260%* (7326/10000)
Train epoch: 444 | Loss: *0.170* | Acc: *94.200%* (47100/50000) 
Test epoch: 444 | Loss: *0.906* | Acc: *73.300%* (7330/10000)
Train epoch: 445 | Loss: *0.162* | Acc: *94.536%* (47268/50000) 
Test epoch: 445 | Loss: *0.852* | Acc: *74.510%* (7451/10000)
Train epoch: 446 | Loss: *0.170* | Acc: *94.220%* (47110/50000) 
Test epoch: 446 | Loss: *0.781* | Acc: *77.210%* (7721/10000)
Train epoch: 447 | Loss: *0.165* | Acc: *94.390%* (47195/50000) 
Test epoch: 447 | Loss: *1.073* | Acc: *70.060%* (7006/10000)
Train epoch: 448 | Loss: *0.166* | Acc: *94.334%* (47167/50000) 
Test epoch: 448 | Loss: *1.190* | Acc: *67.920%* (6792/10000)
Train epoch: 449 | Loss: *0.167* | Acc: *94.258%* (47129/50000) 
Test epoch: 449 | Loss: *0.942* | Acc: *71.910%* (7191/10000)
Train epoch: 450 | Loss: *0.161* | Acc: *94.572%* (47286/50000) 
Test epoch: 450 | Loss: *0.880* | Acc: *74.890%* (7489/10000)
Train epoch: 451 | Loss: *0.154* | Acc: *94.680%* (47340/50000) 
Test epoch: 451 | Loss: *0.823* | Acc: *76.080%* (7608/10000)
Train epoch: 452 | Loss: *0.157* | Acc: *94.620%* (47310/50000) 
Test epoch: 452 | Loss: *1.143* | Acc: *69.230%* (6923/10000)
Train epoch: 453 | Loss: *0.164* | Acc: *94.360%* (47180/50000) 
Test epoch: 453 | Loss: *0.935* | Acc: *73.670%* (7367/10000)
Train epoch: 454 | Loss: *0.148* | Acc: *95.086%* (47543/50000) 
Test epoch: 454 | Loss: *0.812* | Acc: *74.590%* (7459/10000)
Train epoch: 455 | Loss: *0.151* | Acc: *94.812%* (47406/50000) 
Test epoch: 455 | Loss: *0.947* | Acc: *72.350%* (7235/10000)
Train epoch: 456 | Loss: *0.162* | Acc: *94.420%* (47210/50000) 
Test epoch: 456 | Loss: *0.927* | Acc: *74.280%* (7428/10000)
Train epoch: 457 | Loss: *0.141* | Acc: *95.246%* (47623/50000) 
Test epoch: 457 | Loss: *0.912* | Acc: *74.560%* (7456/10000)
Train epoch: 458 | Loss: *0.143* | Acc: *95.136%* (47568/50000) 
Test epoch: 458 | Loss: *1.057* | Acc: *70.770%* (7077/10000)
Train epoch: 459 | Loss: *0.156* | Acc: *94.624%* (47312/50000) 
Test epoch: 459 | Loss: *1.148* | Acc: *68.220%* (6822/10000)
Train epoch: 460 | Loss: *0.140* | Acc: *95.290%* (47645/50000) 
Test epoch: 460 | Loss: *0.901* | Acc: *75.790%* (7579/10000)
Train epoch: 461 | Loss: *0.157* | Acc: *94.684%* (47342/50000) 
Test epoch: 461 | Loss: *2.021* | Acc: *55.030%* (5503/10000)
Train epoch: 462 | Loss: *0.146* | Acc: *95.036%* (47518/50000) 
Test epoch: 462 | Loss: *2.006* | Acc: *58.410%* (5841/10000)
Train epoch: 463 | Loss: *0.126* | Acc: *95.826%* (47913/50000) 
Test epoch: 463 | Loss: *1.106* | Acc: *69.590%* (6959/10000)
Train epoch: 464 | Loss: *0.151* | Acc: *94.748%* (47374/50000) 
Test epoch: 464 | Loss: *0.978* | Acc: *72.930%* (7293/10000)
Train epoch: 465 | Loss: *0.144* | Acc: *95.100%* (47550/50000) 
Test epoch: 465 | Loss: *1.119* | Acc: *70.250%* (7025/10000)
Train epoch: 466 | Loss: *0.125* | Acc: *95.884%* (47942/50000) 
Test epoch: 466 | Loss: *1.014* | Acc: *70.260%* (7026/10000)
Train epoch: 467 | Loss: *0.133* | Acc: *95.636%* (47818/50000) 
Test epoch: 467 | Loss: *1.453* | Acc: *63.890%* (6389/10000)
Train epoch: 468 | Loss: *0.152* | Acc: *94.866%* (47433/50000) 
Test epoch: 468 | Loss: *1.417* | Acc: *61.570%* (6157/10000)
Train epoch: 469 | Loss: *0.122* | Acc: *95.922%* (47961/50000) 
Test epoch: 469 | Loss: *0.778* | Acc: *75.640%* (7564/10000)
Train epoch: 470 | Loss: *0.129* | Acc: *95.638%* (47819/50000) 
Test epoch: 470 | Loss: *0.732* | Acc: *78.700%* (7870/10000)
Train epoch: 471 | Loss: *0.130* | Acc: *95.632%* (47816/50000) 
Test epoch: 471 | Loss: *0.656* | Acc: *79.020%* (7902/10000)
Train epoch: 472 | Loss: *0.130* | Acc: *95.574%* (47787/50000) 
Test epoch: 472 | Loss: *0.877* | Acc: *74.580%* (7458/10000)
Train epoch: 473 | Loss: *0.124* | Acc: *95.806%* (47903/50000) 
Test epoch: 473 | Loss: *0.990* | Acc: *71.730%* (7173/10000)
Train epoch: 474 | Loss: *0.116* | Acc: *96.090%* (48045/50000) 
Test epoch: 474 | Loss: *1.103* | Acc: *70.730%* (7073/10000)
Train epoch: 475 | Loss: *0.125* | Acc: *95.738%* (47869/50000) 
Test epoch: 475 | Loss: *0.807* | Acc: *77.980%* (7798/10000)
Train epoch: 476 | Loss: *0.114* | Acc: *96.250%* (48125/50000) 
Test epoch: 476 | Loss: *0.821* | Acc: *75.270%* (7527/10000)
Train epoch: 477 | Loss: *0.123* | Acc: *95.874%* (47937/50000) 
Test epoch: 477 | Loss: *1.019* | Acc: *72.950%* (7295/10000)
Train epoch: 478 | Loss: *0.104* | Acc: *96.582%* (48291/50000) 
Test epoch: 478 | Loss: *1.225* | Acc: *69.720%* (6972/10000)
Train epoch: 479 | Loss: *0.120* | Acc: *95.972%* (47986/50000) 
Test epoch: 479 | Loss: *0.778* | Acc: *76.730%* (7673/10000)
Train epoch: 480 | Loss: *0.117* | Acc: *96.158%* (48079/50000) 
Test epoch: 480 | Loss: *1.026* | Acc: *71.750%* (7175/10000)
Train epoch: 481 | Loss: *0.111* | Acc: *96.320%* (48160/50000) 
Test epoch: 481 | Loss: *0.948* | Acc: *74.330%* (7433/10000)
Train epoch: 482 | Loss: *0.098* | Acc: *96.896%* (48448/50000) 
Test epoch: 482 | Loss: *0.848* | Acc: *76.700%* (7670/10000)
Train epoch: 483 | Loss: *0.109* | Acc: *96.368%* (48184/50000) 
Test epoch: 483 | Loss: *1.149* | Acc: *72.680%* (7268/10000)
Train epoch: 484 | Loss: *0.111* | Acc: *96.370%* (48185/50000) 
Test epoch: 484 | Loss: *0.728* | Acc: *78.040%* (7804/10000)
Train epoch: 485 | Loss: *0.110* | Acc: *96.408%* (48204/50000) 
Test epoch: 485 | Loss: *0.968* | Acc: *73.970%* (7397/10000)
Train epoch: 486 | Loss: *0.107* | Acc: *96.448%* (48224/50000) 
Test epoch: 486 | Loss: *1.197* | Acc: *71.320%* (7132/10000)
Train epoch: 487 | Loss: *0.087* | Acc: *97.228%* (48614/50000) 
Test epoch: 487 | Loss: *0.717* | Acc: *79.510%* (7951/10000)
Train epoch: 488 | Loss: *0.092* | Acc: *97.036%* (48518/50000) 
Test epoch: 488 | Loss: *1.010* | Acc: *73.660%* (7366/10000)
Train epoch: 489 | Loss: *0.103* | Acc: *96.598%* (48299/50000) 
Test epoch: 489 | Loss: *0.795* | Acc: *77.750%* (7775/10000)
Train epoch: 490 | Loss: *0.090* | Acc: *97.080%* (48540/50000) 
Test epoch: 490 | Loss: *1.205* | Acc: *68.860%* (6886/10000)
Train epoch: 491 | Loss: *0.090* | Acc: *97.164%* (48582/50000) 
Test epoch: 491 | Loss: *0.748* | Acc: *77.750%* (7775/10000)
Train epoch: 492 | Loss: *0.099* | Acc: *96.698%* (48349/50000) 
Test epoch: 492 | Loss: *0.969* | Acc: *71.880%* (7188/10000)
Train epoch: 493 | Loss: *0.081* | Acc: *97.468%* (48734/50000) 
Test epoch: 493 | Loss: *0.797* | Acc: *76.960%* (7696/10000)
Train epoch: 494 | Loss: *0.075* | Acc: *97.610%* (48805/50000) 
Test epoch: 494 | Loss: *0.928* | Acc: *74.420%* (7442/10000)
Train epoch: 495 | Loss: *0.095* | Acc: *96.900%* (48450/50000) 
Test epoch: 495 | Loss: *0.928* | Acc: *73.390%* (7339/10000)
Train epoch: 496 | Loss: *0.088* | Acc: *97.182%* (48591/50000) 
Test epoch: 496 | Loss: *0.856* | Acc: *75.530%* (7553/10000)
Train epoch: 497 | Loss: *0.061* | Acc: *98.102%* (49051/50000) 
Test epoch: 497 | Loss: *0.699* | Acc: *79.720%* (7972/10000)
Train epoch: 498 | Loss: *0.070* | Acc: *97.874%* (48937/50000) 
Test epoch: 498 | Loss: *1.173* | Acc: *69.390%* (6939/10000)
Train epoch: 499 | Loss: *0.092* | Acc: *97.038%* (48519/50000) 
Test epoch: 499 | Loss: *0.798* | Acc: *77.250%* (7725/10000)
Train epoch: 500 | Loss: *0.085* | Acc: *97.328%* (48664/50000) 
Test epoch: 500 | Loss: *0.778* | Acc: *78.990%* (7899/10000)
Best test accuracy: *91.490%*, loss: *0.26896958641707897*, at epoch: *119*.
==> Execution time summary of 500 epoch(s).
Train data loading time: sum. *290.0628876462579* secs | avg. *0.5801257752925157* secs per epoch.
Train training time: sum. *1226.1854154234752* secs | avg. *2.4523708308469505* secs per epoch.
Train total time: sum. *1516.248303069733* secs | avg. *3.0324966061394663* secs per epoch.
Test data loading time: sum. *112.43738578911871* secs | avg. *0.2248747715782374* secs per epoch.
Test training time: sum. *66.1697656926699* secs | avg. *0.1323395313853398* secs per epoch.
Test total time: sum. *178.6071514817886* secs | avg. *0.3572143029635772* secs per epoch.
Total data loading time: sum. *402.5002734353766* secs | avg. *0.8050005468707532* secs per epoch.
Total training time: sum. *1292.355181116145* secs | avg. *2.5847103622322902* secs per epoch.
Total running time: sum. *1694.8554545515217* secs | avg. *3.3897109091030435* secs per epoch.
==> Number of GPU device: 1
==> Device #0 Memory Usage
==> Allocated: 0.1 GB
==> Cached:    3.6 GB
==> Maximum: 3.6 GB
