==> Running on : cuda
==> Number of CPU: 48
==> Number of workers: 2
==> #Epochs: 500, #Layers: 2, #Blocks: [3, 1], In channel: 128, Input layer conv kernel: 7x7, Residual layer conv kernel 5x5, Skip kernel: 1x1, Input layer conv padding: 3, Residual layer conv padding: 2
==> Optimizer is SGD
==> Momentum: 0.9
==> Learning rate: 0.1
==> Weight decay: 0.0005
==>Trainable Parameters: 4972682
==>Other Parameters: 0
==>Augmentation: RandomCrop(32, padding=4), RandomHorizontalFlip(), Normalize((0.4914, 0.4822, 0.4465), (0.2023, 0.1994, 0.2010)
Files already downloaded and verified
Train epoch: 1 | Loss: *1.691* | Acc: *36.160%* (18080/50000) 
Test epoch: 1 | Loss: *1.655* | Acc: *42.450%* (4245/10000)
Train epoch: 2 | Loss: *1.359* | Acc: *50.708%* (25354/50000) 
Test epoch: 2 | Loss: *1.416* | Acc: *50.220%* (5022/10000)
Train epoch: 3 | Loss: *1.152* | Acc: *58.618%* (29309/50000) 
Test epoch: 3 | Loss: *1.211* | Acc: *58.260%* (5826/10000)
Train epoch: 4 | Loss: *1.009* | Acc: *63.946%* (31973/50000) 
Test epoch: 4 | Loss: *1.122* | Acc: *60.900%* (6090/10000)
Train epoch: 5 | Loss: *0.892* | Acc: *68.436%* (34218/50000) 
Test epoch: 5 | Loss: *1.090* | Acc: *63.930%* (6393/10000)
Train epoch: 6 | Loss: *0.786* | Acc: *72.414%* (36207/50000) 
Test epoch: 6 | Loss: *0.883* | Acc: *69.780%* (6978/10000)
Train epoch: 7 | Loss: *0.703* | Acc: *75.494%* (37747/50000) 
Test epoch: 7 | Loss: *1.118* | Acc: *65.120%* (6512/10000)
Train epoch: 8 | Loss: *0.647* | Acc: *77.728%* (38864/50000) 
Test epoch: 8 | Loss: *0.745* | Acc: *74.840%* (7484/10000)
Train epoch: 9 | Loss: *0.608* | Acc: *79.204%* (39602/50000) 
Test epoch: 9 | Loss: *0.671* | Acc: *76.550%* (7655/10000)
Train epoch: 10 | Loss: *0.568* | Acc: *80.414%* (40207/50000) 
Test epoch: 10 | Loss: *0.901* | Acc: *71.930%* (7193/10000)
Train epoch: 11 | Loss: *0.544* | Acc: *81.432%* (40716/50000) 
Test epoch: 11 | Loss: *0.672* | Acc: *76.690%* (7669/10000)
Train epoch: 12 | Loss: *0.516* | Acc: *82.150%* (41075/50000) 
Test epoch: 12 | Loss: *0.747* | Acc: *76.140%* (7614/10000)
Train epoch: 13 | Loss: *0.494* | Acc: *83.098%* (41549/50000) 
Test epoch: 13 | Loss: *0.976* | Acc: *70.830%* (7083/10000)
Train epoch: 14 | Loss: *0.482* | Acc: *83.388%* (41694/50000) 
Test epoch: 14 | Loss: *0.780* | Acc: *74.500%* (7450/10000)
Train epoch: 15 | Loss: *0.472* | Acc: *83.812%* (41906/50000) 
Test epoch: 15 | Loss: *0.638* | Acc: *78.730%* (7873/10000)
Train epoch: 16 | Loss: *0.457* | Acc: *84.294%* (42147/50000) 
Test epoch: 16 | Loss: *0.672* | Acc: *78.070%* (7807/10000)
Train epoch: 17 | Loss: *0.445* | Acc: *84.752%* (42376/50000) 
Test epoch: 17 | Loss: *0.899* | Acc: *74.220%* (7422/10000)
Train epoch: 18 | Loss: *0.432* | Acc: *85.298%* (42649/50000) 
Test epoch: 18 | Loss: *0.797* | Acc: *75.640%* (7564/10000)
Train epoch: 19 | Loss: *0.424* | Acc: *85.434%* (42717/50000) 
Test epoch: 19 | Loss: *0.682* | Acc: *78.010%* (7801/10000)
Train epoch: 20 | Loss: *0.421* | Acc: *85.624%* (42812/50000) 
Test epoch: 20 | Loss: *0.512* | Acc: *82.760%* (8276/10000)
Train epoch: 21 | Loss: *0.412* | Acc: *85.994%* (42997/50000) 
Test epoch: 21 | Loss: *0.740* | Acc: *76.480%* (7648/10000)
Train epoch: 22 | Loss: *0.406* | Acc: *85.908%* (42954/50000) 
Test epoch: 22 | Loss: *0.730* | Acc: *76.790%* (7679/10000)
Train epoch: 23 | Loss: *0.399* | Acc: *86.230%* (43115/50000) 
Test epoch: 23 | Loss: *0.533* | Acc: *81.990%* (8199/10000)
Train epoch: 24 | Loss: *0.393* | Acc: *86.474%* (43237/50000) 
Test epoch: 24 | Loss: *0.890* | Acc: *74.190%* (7419/10000)
Train epoch: 25 | Loss: *0.389* | Acc: *86.766%* (43383/50000) 
Test epoch: 25 | Loss: *0.660* | Acc: *78.590%* (7859/10000)
Train epoch: 26 | Loss: *0.385* | Acc: *86.804%* (43402/50000) 
Test epoch: 26 | Loss: *0.607* | Acc: *80.800%* (8080/10000)
Train epoch: 27 | Loss: *0.385* | Acc: *86.800%* (43400/50000) 
Test epoch: 27 | Loss: *0.621* | Acc: *80.410%* (8041/10000)
Train epoch: 28 | Loss: *0.377* | Acc: *87.066%* (43533/50000) 
Test epoch: 28 | Loss: *0.692* | Acc: *77.710%* (7771/10000)
Train epoch: 29 | Loss: *0.376* | Acc: *87.014%* (43507/50000) 
Test epoch: 29 | Loss: *1.108* | Acc: *69.410%* (6941/10000)
Train epoch: 30 | Loss: *0.373* | Acc: *87.196%* (43598/50000) 
Test epoch: 30 | Loss: *0.726* | Acc: *77.280%* (7728/10000)
Train epoch: 31 | Loss: *0.370* | Acc: *87.468%* (43734/50000) 
Test epoch: 31 | Loss: *0.618* | Acc: *79.030%* (7903/10000)
Train epoch: 32 | Loss: *0.363* | Acc: *87.572%* (43786/50000) 
Test epoch: 32 | Loss: *0.624* | Acc: *80.020%* (8002/10000)
Train epoch: 33 | Loss: *0.363* | Acc: *87.552%* (43776/50000) 
Test epoch: 33 | Loss: *0.719* | Acc: *76.320%* (7632/10000)
Train epoch: 34 | Loss: *0.358* | Acc: *87.780%* (43890/50000) 
Test epoch: 34 | Loss: *0.528* | Acc: *82.420%* (8242/10000)
Train epoch: 35 | Loss: *0.356* | Acc: *87.754%* (43877/50000) 
Test epoch: 35 | Loss: *0.695* | Acc: *78.510%* (7851/10000)
Train epoch: 36 | Loss: *0.356* | Acc: *87.874%* (43937/50000) 
Test epoch: 36 | Loss: *0.548* | Acc: *82.330%* (8233/10000)
Train epoch: 37 | Loss: *0.353* | Acc: *88.020%* (44010/50000) 
Test epoch: 37 | Loss: *0.575* | Acc: *81.530%* (8153/10000)
Train epoch: 38 | Loss: *0.347* | Acc: *88.148%* (44074/50000) 
Test epoch: 38 | Loss: *0.898* | Acc: *72.510%* (7251/10000)
Train epoch: 39 | Loss: *0.349* | Acc: *88.050%* (44025/50000) 
Test epoch: 39 | Loss: *0.547* | Acc: *82.980%* (8298/10000)
Train epoch: 40 | Loss: *0.341* | Acc: *88.242%* (44121/50000) 
Test epoch: 40 | Loss: *0.708* | Acc: *77.360%* (7736/10000)
Train epoch: 41 | Loss: *0.344* | Acc: *88.268%* (44134/50000) 
Test epoch: 41 | Loss: *0.619* | Acc: *79.210%* (7921/10000)
Train epoch: 42 | Loss: *0.341* | Acc: *88.312%* (44156/50000) 
Test epoch: 42 | Loss: *0.682* | Acc: *78.420%* (7842/10000)
Train epoch: 43 | Loss: *0.333* | Acc: *88.584%* (44292/50000) 
Test epoch: 43 | Loss: *0.705* | Acc: *77.530%* (7753/10000)
Train epoch: 44 | Loss: *0.343* | Acc: *88.290%* (44145/50000) 
Test epoch: 44 | Loss: *0.667* | Acc: *78.290%* (7829/10000)
Train epoch: 45 | Loss: *0.326* | Acc: *88.844%* (44422/50000) 
Test epoch: 45 | Loss: *0.617* | Acc: *81.390%* (8139/10000)
Train epoch: 46 | Loss: *0.334* | Acc: *88.688%* (44344/50000) 
Test epoch: 46 | Loss: *0.602* | Acc: *81.240%* (8124/10000)
Train epoch: 47 | Loss: *0.334* | Acc: *88.690%* (44345/50000) 
Test epoch: 47 | Loss: *0.685* | Acc: *79.140%* (7914/10000)
Train epoch: 48 | Loss: *0.329* | Acc: *88.778%* (44389/50000) 
Test epoch: 48 | Loss: *0.916* | Acc: *74.590%* (7459/10000)
Train epoch: 49 | Loss: *0.323* | Acc: *88.924%* (44462/50000) 
Test epoch: 49 | Loss: *0.536* | Acc: *81.950%* (8195/10000)
Train epoch: 50 | Loss: *0.319* | Acc: *88.944%* (44472/50000) 
Test epoch: 50 | Loss: *0.718* | Acc: *78.040%* (7804/10000)
Train epoch: 51 | Loss: *0.323* | Acc: *88.960%* (44480/50000) 
Test epoch: 51 | Loss: *0.649* | Acc: *79.030%* (7903/10000)
Train epoch: 52 | Loss: *0.316* | Acc: *89.178%* (44589/50000) 
Test epoch: 52 | Loss: *0.557* | Acc: *81.490%* (8149/10000)
Train epoch: 53 | Loss: *0.316* | Acc: *89.262%* (44631/50000) 
Test epoch: 53 | Loss: *0.701* | Acc: *78.460%* (7846/10000)
Train epoch: 54 | Loss: *0.310* | Acc: *89.270%* (44635/50000) 
Test epoch: 54 | Loss: *0.629* | Acc: *80.540%* (8054/10000)
Train epoch: 55 | Loss: *0.306* | Acc: *89.508%* (44754/50000) 
Test epoch: 55 | Loss: *0.489* | Acc: *83.640%* (8364/10000)
Train epoch: 56 | Loss: *0.308* | Acc: *89.426%* (44713/50000) 
Test epoch: 56 | Loss: *0.517* | Acc: *83.360%* (8336/10000)
Train epoch: 57 | Loss: *0.310* | Acc: *89.466%* (44733/50000) 
Test epoch: 57 | Loss: *0.752* | Acc: *77.840%* (7784/10000)
Train epoch: 58 | Loss: *0.301* | Acc: *89.742%* (44871/50000) 
Test epoch: 58 | Loss: *0.798* | Acc: *76.060%* (7606/10000)
Train epoch: 59 | Loss: *0.306* | Acc: *89.480%* (44740/50000) 
Test epoch: 59 | Loss: *0.802* | Acc: *74.610%* (7461/10000)
Train epoch: 60 | Loss: *0.301* | Acc: *89.720%* (44860/50000) 
Test epoch: 60 | Loss: *0.492* | Acc: *83.090%* (8309/10000)
Train epoch: 61 | Loss: *0.306* | Acc: *89.492%* (44746/50000) 
Test epoch: 61 | Loss: *0.652* | Acc: *79.410%* (7941/10000)
Train epoch: 62 | Loss: *0.299* | Acc: *89.782%* (44891/50000) 
Test epoch: 62 | Loss: *1.054* | Acc: *70.740%* (7074/10000)
Train epoch: 63 | Loss: *0.295* | Acc: *89.926%* (44963/50000) 
Test epoch: 63 | Loss: *0.608* | Acc: *79.590%* (7959/10000)
Train epoch: 64 | Loss: *0.290* | Acc: *89.996%* (44998/50000) 
Test epoch: 64 | Loss: *0.570* | Acc: *82.490%* (8249/10000)
Train epoch: 65 | Loss: *0.288* | Acc: *90.106%* (45053/50000) 
Test epoch: 65 | Loss: *0.727* | Acc: *78.040%* (7804/10000)
Train epoch: 66 | Loss: *0.291* | Acc: *90.158%* (45079/50000) 
Test epoch: 66 | Loss: *0.629* | Acc: *80.290%* (8029/10000)
Train epoch: 67 | Loss: *0.287* | Acc: *90.166%* (45083/50000) 
Test epoch: 67 | Loss: *0.689* | Acc: *78.040%* (7804/10000)
Train epoch: 68 | Loss: *0.278* | Acc: *90.448%* (45224/50000) 
Test epoch: 68 | Loss: *0.538* | Acc: *83.830%* (8383/10000)
Train epoch: 69 | Loss: *0.279* | Acc: *90.436%* (45218/50000) 
Test epoch: 69 | Loss: *0.507* | Acc: *84.270%* (8427/10000)
Train epoch: 70 | Loss: *0.278* | Acc: *90.592%* (45296/50000) 
Test epoch: 70 | Loss: *0.508* | Acc: *83.630%* (8363/10000)
Train epoch: 71 | Loss: *0.275* | Acc: *90.602%* (45301/50000) 
Test epoch: 71 | Loss: *0.605* | Acc: *80.870%* (8087/10000)
Train epoch: 72 | Loss: *0.272* | Acc: *90.616%* (45308/50000) 
Test epoch: 72 | Loss: *0.670* | Acc: *79.760%* (7976/10000)
Train epoch: 73 | Loss: *0.277* | Acc: *90.522%* (45261/50000) 
Test epoch: 73 | Loss: *0.574* | Acc: *82.380%* (8238/10000)
Train epoch: 74 | Loss: *0.273* | Acc: *90.630%* (45315/50000) 
Test epoch: 74 | Loss: *0.669* | Acc: *80.410%* (8041/10000)
Train epoch: 75 | Loss: *0.267* | Acc: *90.748%* (45374/50000) 
Test epoch: 75 | Loss: *0.658* | Acc: *81.190%* (8119/10000)
Train epoch: 76 | Loss: *0.263* | Acc: *90.982%* (45491/50000) 
Test epoch: 76 | Loss: *0.586* | Acc: *81.350%* (8135/10000)
Train epoch: 77 | Loss: *0.265* | Acc: *90.896%* (45448/50000) 
Test epoch: 77 | Loss: *0.595* | Acc: *81.580%* (8158/10000)
Train epoch: 78 | Loss: *0.260* | Acc: *91.110%* (45555/50000) 
Test epoch: 78 | Loss: *0.506* | Acc: *84.640%* (8464/10000)
Train epoch: 79 | Loss: *0.261* | Acc: *91.092%* (45546/50000) 
Test epoch: 79 | Loss: *0.484* | Acc: *84.040%* (8404/10000)
Train epoch: 80 | Loss: *0.257* | Acc: *91.194%* (45597/50000) 
Test epoch: 80 | Loss: *0.496* | Acc: *83.740%* (8374/10000)
Train epoch: 81 | Loss: *0.258* | Acc: *91.050%* (45525/50000) 
Test epoch: 81 | Loss: *0.595* | Acc: *82.130%* (8213/10000)
Train epoch: 82 | Loss: *0.249* | Acc: *91.500%* (45750/50000) 
Test epoch: 82 | Loss: *1.010* | Acc: *71.950%* (7195/10000)
Train epoch: 83 | Loss: *0.251* | Acc: *91.210%* (45605/50000) 
Test epoch: 83 | Loss: *0.508* | Acc: *83.930%* (8393/10000)
Train epoch: 84 | Loss: *0.248* | Acc: *91.454%* (45727/50000) 
Test epoch: 84 | Loss: *0.537* | Acc: *83.340%* (8334/10000)
Train epoch: 85 | Loss: *0.242* | Acc: *91.688%* (45844/50000) 
Test epoch: 85 | Loss: *0.535* | Acc: *83.800%* (8380/10000)
Train epoch: 86 | Loss: *0.236* | Acc: *91.882%* (45941/50000) 
Test epoch: 86 | Loss: *0.492* | Acc: *83.850%* (8385/10000)
Train epoch: 87 | Loss: *0.235* | Acc: *91.906%* (45953/50000) 
Test epoch: 87 | Loss: *0.606* | Acc: *81.600%* (8160/10000)
Train epoch: 88 | Loss: *0.242* | Acc: *91.764%* (45882/50000) 
Test epoch: 88 | Loss: *0.805* | Acc: *77.000%* (7700/10000)
Train epoch: 89 | Loss: *0.233* | Acc: *92.110%* (46055/50000) 
Test epoch: 89 | Loss: *0.543* | Acc: *82.660%* (8266/10000)
Train epoch: 90 | Loss: *0.227* | Acc: *92.236%* (46118/50000) 
Test epoch: 90 | Loss: *0.657* | Acc: *80.950%* (8095/10000)
Train epoch: 91 | Loss: *0.226* | Acc: *92.328%* (46164/50000) 
Test epoch: 91 | Loss: *0.501* | Acc: *85.100%* (8510/10000)
Train epoch: 92 | Loss: *0.227* | Acc: *92.078%* (46039/50000) 
Test epoch: 92 | Loss: *0.468* | Acc: *84.630%* (8463/10000)
Train epoch: 93 | Loss: *0.224* | Acc: *92.378%* (46189/50000) 
Test epoch: 93 | Loss: *0.461* | Acc: *85.650%* (8565/10000)
Train epoch: 94 | Loss: *0.213* | Acc: *92.802%* (46401/50000) 
Test epoch: 94 | Loss: *0.521* | Acc: *84.200%* (8420/10000)
Train epoch: 95 | Loss: *0.212* | Acc: *92.616%* (46308/50000) 
Test epoch: 95 | Loss: *0.523* | Acc: *83.910%* (8391/10000)
Train epoch: 96 | Loss: *0.213* | Acc: *92.756%* (46378/50000) 
Test epoch: 96 | Loss: *0.430* | Acc: *86.500%* (8650/10000)
Train epoch: 97 | Loss: *0.208* | Acc: *92.954%* (46477/50000) 
Test epoch: 97 | Loss: *0.907* | Acc: *75.100%* (7510/10000)
Train epoch: 98 | Loss: *0.213* | Acc: *92.846%* (46423/50000) 
Test epoch: 98 | Loss: *0.431* | Acc: *86.300%* (8630/10000)
Train epoch: 99 | Loss: *0.206* | Acc: *92.932%* (46466/50000) 
Test epoch: 99 | Loss: *0.406* | Acc: *86.540%* (8654/10000)
Train epoch: 100 | Loss: *0.198* | Acc: *93.104%* (46552/50000) 
Test epoch: 100 | Loss: *0.455* | Acc: *86.310%* (8631/10000)
Train epoch: 101 | Loss: *0.197* | Acc: *93.334%* (46667/50000) 
Test epoch: 101 | Loss: *0.548* | Acc: *83.290%* (8329/10000)
Train epoch: 102 | Loss: *0.195* | Acc: *93.274%* (46637/50000) 
Test epoch: 102 | Loss: *0.435* | Acc: *86.050%* (8605/10000)
Train epoch: 103 | Loss: *0.189* | Acc: *93.478%* (46739/50000) 
Test epoch: 103 | Loss: *0.595* | Acc: *83.120%* (8312/10000)
Train epoch: 104 | Loss: *0.189* | Acc: *93.548%* (46774/50000) 
Test epoch: 104 | Loss: *0.422* | Acc: *86.320%* (8632/10000)
Train epoch: 105 | Loss: *0.180* | Acc: *93.924%* (46962/50000) 
Test epoch: 105 | Loss: *0.483* | Acc: *84.850%* (8485/10000)
Train epoch: 106 | Loss: *0.181* | Acc: *93.854%* (46927/50000) 
Test epoch: 106 | Loss: *0.538* | Acc: *83.450%* (8345/10000)
Train epoch: 107 | Loss: *0.179* | Acc: *93.920%* (46960/50000) 
Test epoch: 107 | Loss: *0.542* | Acc: *83.550%* (8355/10000)
Train epoch: 108 | Loss: *0.181* | Acc: *93.702%* (46851/50000) 
Test epoch: 108 | Loss: *0.789* | Acc: *79.200%* (7920/10000)
Train epoch: 109 | Loss: *0.173* | Acc: *94.166%* (47083/50000) 
Test epoch: 109 | Loss: *0.618* | Acc: *82.270%* (8227/10000)
Train epoch: 110 | Loss: *0.166* | Acc: *94.324%* (47162/50000) 
Test epoch: 110 | Loss: *0.534* | Acc: *84.200%* (8420/10000)
Train epoch: 111 | Loss: *0.165* | Acc: *94.290%* (47145/50000) 
Test epoch: 111 | Loss: *0.547* | Acc: *82.830%* (8283/10000)
Train epoch: 112 | Loss: *0.163* | Acc: *94.444%* (47222/50000) 
Test epoch: 112 | Loss: *0.715* | Acc: *80.790%* (8079/10000)
Train epoch: 113 | Loss: *0.158* | Acc: *94.726%* (47363/50000) 
Test epoch: 113 | Loss: *0.571* | Acc: *83.550%* (8355/10000)
Train epoch: 114 | Loss: *0.164* | Acc: *94.434%* (47217/50000) 
Test epoch: 114 | Loss: *0.428* | Acc: *86.720%* (8672/10000)
Train epoch: 115 | Loss: *0.154* | Acc: *94.746%* (47373/50000) 
Test epoch: 115 | Loss: *0.518* | Acc: *85.280%* (8528/10000)
Train epoch: 116 | Loss: *0.143* | Acc: *95.122%* (47561/50000) 
Test epoch: 116 | Loss: *0.546* | Acc: *83.480%* (8348/10000)
Train epoch: 117 | Loss: *0.147* | Acc: *95.048%* (47524/50000) 
Test epoch: 117 | Loss: *0.470* | Acc: *86.110%* (8611/10000)
Train epoch: 118 | Loss: *0.148* | Acc: *94.926%* (47463/50000) 
Test epoch: 118 | Loss: *0.507* | Acc: *85.180%* (8518/10000)
Train epoch: 119 | Loss: *0.141* | Acc: *95.254%* (47627/50000) 
Test epoch: 119 | Loss: *0.408* | Acc: *87.150%* (8715/10000)
Train epoch: 120 | Loss: *0.129* | Acc: *95.704%* (47852/50000) 
Test epoch: 120 | Loss: *0.452* | Acc: *86.790%* (8679/10000)
Train epoch: 121 | Loss: *0.138* | Acc: *95.346%* (47673/50000) 
Test epoch: 121 | Loss: *0.559* | Acc: *84.090%* (8409/10000)
Train epoch: 122 | Loss: *0.139* | Acc: *95.298%* (47649/50000) 
Test epoch: 122 | Loss: *0.452* | Acc: *86.310%* (8631/10000)
Train epoch: 123 | Loss: *0.130* | Acc: *95.658%* (47829/50000) 
Test epoch: 123 | Loss: *0.394* | Acc: *87.900%* (8790/10000)
Train epoch: 124 | Loss: *0.116* | Acc: *96.182%* (48091/50000) 
Test epoch: 124 | Loss: *0.446* | Acc: *86.950%* (8695/10000)
Train epoch: 125 | Loss: *0.120* | Acc: *95.930%* (47965/50000) 
Test epoch: 125 | Loss: *0.451* | Acc: *86.870%* (8687/10000)
Train epoch: 126 | Loss: *0.112* | Acc: *96.306%* (48153/50000) 
Test epoch: 126 | Loss: *0.511* | Acc: *85.170%* (8517/10000)
Train epoch: 127 | Loss: *0.121* | Acc: *95.942%* (47971/50000) 
Test epoch: 127 | Loss: *0.457* | Acc: *86.520%* (8652/10000)
Train epoch: 128 | Loss: *0.109* | Acc: *96.348%* (48174/50000) 
Test epoch: 128 | Loss: *0.482* | Acc: *86.970%* (8697/10000)
Train epoch: 129 | Loss: *0.102* | Acc: *96.682%* (48341/50000) 
Test epoch: 129 | Loss: *0.525* | Acc: *85.070%* (8507/10000)
Train epoch: 130 | Loss: *0.106* | Acc: *96.456%* (48228/50000) 
Test epoch: 130 | Loss: *0.412* | Acc: *87.520%* (8752/10000)
Train epoch: 131 | Loss: *0.096* | Acc: *96.826%* (48413/50000) 
Test epoch: 131 | Loss: *0.468* | Acc: *86.840%* (8684/10000)
Train epoch: 132 | Loss: *0.095* | Acc: *96.878%* (48439/50000) 
Test epoch: 132 | Loss: *0.395* | Acc: *88.450%* (8845/10000)
Train epoch: 133 | Loss: *0.092* | Acc: *96.938%* (48469/50000) 
Test epoch: 133 | Loss: *0.356* | Acc: *89.290%* (8929/10000)
Train epoch: 134 | Loss: *0.088* | Acc: *97.142%* (48571/50000) 
Test epoch: 134 | Loss: *0.541* | Acc: *85.400%* (8540/10000)
Train epoch: 135 | Loss: *0.081* | Acc: *97.392%* (48696/50000) 
Test epoch: 135 | Loss: *0.353* | Acc: *89.510%* (8951/10000)
Train epoch: 136 | Loss: *0.081* | Acc: *97.464%* (48732/50000) 
Test epoch: 136 | Loss: *0.518* | Acc: *86.140%* (8614/10000)
Train epoch: 137 | Loss: *0.079* | Acc: *97.488%* (48744/50000) 
Test epoch: 137 | Loss: *0.632* | Acc: *84.770%* (8477/10000)
Train epoch: 138 | Loss: *0.071* | Acc: *97.760%* (48880/50000) 
Test epoch: 138 | Loss: *0.412* | Acc: *88.570%* (8857/10000)
Train epoch: 139 | Loss: *0.064* | Acc: *98.034%* (49017/50000) 
Test epoch: 139 | Loss: *0.428* | Acc: *87.930%* (8793/10000)
Train epoch: 140 | Loss: *0.067* | Acc: *97.900%* (48950/50000) 
Test epoch: 140 | Loss: *0.404* | Acc: *88.300%* (8830/10000)
Train epoch: 141 | Loss: *0.061* | Acc: *98.160%* (49080/50000) 
Test epoch: 141 | Loss: *0.363* | Acc: *89.460%* (8946/10000)
Train epoch: 142 | Loss: *0.058* | Acc: *98.268%* (49134/50000) 
Test epoch: 142 | Loss: *0.339* | Acc: *89.970%* (8997/10000)
Train epoch: 143 | Loss: *0.051* | Acc: *98.496%* (49248/50000) 
Test epoch: 143 | Loss: *0.372* | Acc: *89.480%* (8948/10000)
Train epoch: 144 | Loss: *0.047* | Acc: *98.614%* (49307/50000) 
Test epoch: 144 | Loss: *0.360* | Acc: *89.760%* (8976/10000)
Train epoch: 145 | Loss: *0.053* | Acc: *98.416%* (49208/50000) 
Test epoch: 145 | Loss: *0.373* | Acc: *89.250%* (8925/10000)
Train epoch: 146 | Loss: *0.050* | Acc: *98.518%* (49259/50000) 
Test epoch: 146 | Loss: *0.366* | Acc: *89.880%* (8988/10000)
Train epoch: 147 | Loss: *0.041* | Acc: *98.886%* (49443/50000) 
Test epoch: 147 | Loss: *0.384* | Acc: *89.680%* (8968/10000)
Train epoch: 148 | Loss: *0.033* | Acc: *99.102%* (49551/50000) 
Test epoch: 148 | Loss: *0.328* | Acc: *90.590%* (9059/10000)
Train epoch: 149 | Loss: *0.035* | Acc: *99.104%* (49552/50000) 
Test epoch: 149 | Loss: *0.376* | Acc: *89.440%* (8944/10000)
Train epoch: 150 | Loss: *0.028* | Acc: *99.300%* (49650/50000) 
Test epoch: 150 | Loss: *0.309* | Acc: *90.920%* (9092/10000)
Train epoch: 151 | Loss: *0.024* | Acc: *99.444%* (49722/50000) 
Test epoch: 151 | Loss: *0.276* | Acc: *92.140%* (9214/10000)
Train epoch: 152 | Loss: *0.017* | Acc: *99.716%* (49858/50000) 
Test epoch: 152 | Loss: *0.264* | Acc: *92.310%* (9231/10000)
Train epoch: 153 | Loss: *0.016* | Acc: *99.690%* (49845/50000) 
Test epoch: 153 | Loss: *0.290* | Acc: *91.880%* (9188/10000)
Train epoch: 154 | Loss: *0.014* | Acc: *99.794%* (49897/50000) 
Test epoch: 154 | Loss: *0.238* | Acc: *92.830%* (9283/10000)
Train epoch: 155 | Loss: *0.010* | Acc: *99.886%* (49943/50000) 
Test epoch: 155 | Loss: *0.249* | Acc: *92.580%* (9258/10000)
Train epoch: 156 | Loss: *0.008* | Acc: *99.930%* (49965/50000) 
Test epoch: 156 | Loss: *0.229* | Acc: *93.100%* (9310/10000)
Train epoch: 157 | Loss: *0.006* | Acc: *99.962%* (49981/50000) 
Test epoch: 157 | Loss: *0.238* | Acc: *93.130%* (9313/10000)
Train epoch: 158 | Loss: *0.006* | Acc: *99.978%* (49989/50000) 
Test epoch: 158 | Loss: *0.228* | Acc: *93.280%* (9328/10000)
Train epoch: 159 | Loss: *0.005* | Acc: *99.988%* (49994/50000) 
Test epoch: 159 | Loss: *0.223* | Acc: *93.310%* (9331/10000)
Train epoch: 160 | Loss: *0.005* | Acc: *99.976%* (49988/50000) 
Test epoch: 160 | Loss: *0.224* | Acc: *93.510%* (9351/10000)
Train epoch: 161 | Loss: *0.006* | Acc: *99.976%* (49988/50000) 
Test epoch: 161 | Loss: *0.221* | Acc: *93.450%* (9345/10000)
Train epoch: 162 | Loss: *0.005* | Acc: *99.984%* (49992/50000) 
Test epoch: 162 | Loss: *0.225* | Acc: *93.370%* (9337/10000)
Train epoch: 163 | Loss: *0.005* | Acc: *99.994%* (49997/50000) 
Test epoch: 163 | Loss: *0.212* | Acc: *93.550%* (9355/10000)
Train epoch: 164 | Loss: *0.004* | Acc: *99.990%* (49995/50000) 
Test epoch: 164 | Loss: *0.212* | Acc: *93.520%* (9352/10000)
Train epoch: 165 | Loss: *0.005* | Acc: *99.992%* (49996/50000) 
Test epoch: 165 | Loss: *0.213* | Acc: *93.510%* (9351/10000)
Train epoch: 166 | Loss: *0.004* | Acc: *99.992%* (49996/50000) 
Test epoch: 166 | Loss: *0.212* | Acc: *93.550%* (9355/10000)
Train epoch: 167 | Loss: *0.004* | Acc: *99.994%* (49997/50000) 
Test epoch: 167 | Loss: *0.215* | Acc: *93.540%* (9354/10000)
Train epoch: 168 | Loss: *0.004* | Acc: *99.992%* (49996/50000) 
Test epoch: 168 | Loss: *0.209* | Acc: *93.610%* (9361/10000)
Train epoch: 169 | Loss: *0.004* | Acc: *99.994%* (49997/50000) 
Test epoch: 169 | Loss: *0.204* | Acc: *93.800%* (9380/10000)
Train epoch: 170 | Loss: *0.004* | Acc: *99.994%* (49997/50000) 
Test epoch: 170 | Loss: *0.203* | Acc: *93.760%* (9376/10000)
Train epoch: 171 | Loss: *0.004* | Acc: *100.000%* (50000/50000) 
Test epoch: 171 | Loss: *0.200* | Acc: *93.810%* (9381/10000)
Train epoch: 172 | Loss: *0.004* | Acc: *99.998%* (49999/50000) 
Test epoch: 172 | Loss: *0.202* | Acc: *93.740%* (9374/10000)
Train epoch: 173 | Loss: *0.004* | Acc: *100.000%* (50000/50000) 
Test epoch: 173 | Loss: *0.203* | Acc: *93.610%* (9361/10000)
Train epoch: 174 | Loss: *0.004* | Acc: *99.998%* (49999/50000) 
Test epoch: 174 | Loss: *0.205* | Acc: *93.760%* (9376/10000)
Train epoch: 175 | Loss: *0.004* | Acc: *99.998%* (49999/50000) 
Test epoch: 175 | Loss: *0.202* | Acc: *93.660%* (9366/10000)
Train epoch: 176 | Loss: *0.004* | Acc: *99.998%* (49999/50000) 
Test epoch: 176 | Loss: *0.202* | Acc: *93.730%* (9373/10000)
Train epoch: 177 | Loss: *0.004* | Acc: *100.000%* (50000/50000) 
Test epoch: 177 | Loss: *0.202* | Acc: *93.760%* (9376/10000)
Train epoch: 178 | Loss: *0.004* | Acc: *100.000%* (50000/50000) 
Test epoch: 178 | Loss: *0.202* | Acc: *93.840%* (9384/10000)
Train epoch: 179 | Loss: *0.004* | Acc: *100.000%* (50000/50000) 
Test epoch: 179 | Loss: *0.202* | Acc: *93.710%* (9371/10000)
Train epoch: 180 | Loss: *0.004* | Acc: *99.994%* (49997/50000) 
Test epoch: 180 | Loss: *0.200* | Acc: *93.790%* (9379/10000)
Train epoch: 181 | Loss: *0.004* | Acc: *99.996%* (49998/50000) 
Test epoch: 181 | Loss: *0.202* | Acc: *93.780%* (9378/10000)
Train epoch: 182 | Loss: *0.004* | Acc: *100.000%* (50000/50000) 
Test epoch: 182 | Loss: *0.203* | Acc: *93.630%* (9363/10000)
Train epoch: 183 | Loss: *0.004* | Acc: *99.998%* (49999/50000) 
Test epoch: 183 | Loss: *0.202* | Acc: *93.730%* (9373/10000)
Train epoch: 184 | Loss: *0.004* | Acc: *99.998%* (49999/50000) 
Test epoch: 184 | Loss: *0.202* | Acc: *93.720%* (9372/10000)
Train epoch: 185 | Loss: *0.004* | Acc: *100.000%* (50000/50000) 
Test epoch: 185 | Loss: *0.202* | Acc: *93.810%* (9381/10000)
Train epoch: 186 | Loss: *0.004* | Acc: *100.000%* (50000/50000) 
Test epoch: 186 | Loss: *0.202* | Acc: *93.780%* (9378/10000)
Train epoch: 187 | Loss: *0.004* | Acc: *100.000%* (50000/50000) 
Test epoch: 187 | Loss: *0.202* | Acc: *93.810%* (9381/10000)
Train epoch: 188 | Loss: *0.004* | Acc: *100.000%* (50000/50000) 
Test epoch: 188 | Loss: *0.201* | Acc: *93.800%* (9380/10000)
Train epoch: 189 | Loss: *0.004* | Acc: *100.000%* (50000/50000) 
Test epoch: 189 | Loss: *0.200* | Acc: *93.750%* (9375/10000)
Train epoch: 190 | Loss: *0.004* | Acc: *99.998%* (49999/50000) 
Test epoch: 190 | Loss: *0.201* | Acc: *93.890%* (9389/10000)
Train epoch: 191 | Loss: *0.004* | Acc: *100.000%* (50000/50000) 
Test epoch: 191 | Loss: *0.201* | Acc: *93.700%* (9370/10000)
Train epoch: 192 | Loss: *0.004* | Acc: *99.998%* (49999/50000) 
Test epoch: 192 | Loss: *0.200* | Acc: *93.740%* (9374/10000)
Train epoch: 193 | Loss: *0.004* | Acc: *100.000%* (50000/50000) 
Test epoch: 193 | Loss: *0.202* | Acc: *93.710%* (9371/10000)
Train epoch: 194 | Loss: *0.004* | Acc: *100.000%* (50000/50000) 
Test epoch: 194 | Loss: *0.201* | Acc: *93.760%* (9376/10000)
Train epoch: 195 | Loss: *0.003* | Acc: *100.000%* (50000/50000) 
Test epoch: 195 | Loss: *0.202* | Acc: *93.710%* (9371/10000)
Train epoch: 196 | Loss: *0.003* | Acc: *100.000%* (50000/50000) 
Test epoch: 196 | Loss: *0.201* | Acc: *93.790%* (9379/10000)
Train epoch: 197 | Loss: *0.004* | Acc: *100.000%* (50000/50000) 
Test epoch: 197 | Loss: *0.201* | Acc: *93.840%* (9384/10000)
Train epoch: 198 | Loss: *0.004* | Acc: *100.000%* (50000/50000) 
Test epoch: 198 | Loss: *0.202* | Acc: *93.780%* (9378/10000)
Train epoch: 199 | Loss: *0.004* | Acc: *100.000%* (50000/50000) 
Test epoch: 199 | Loss: *0.202* | Acc: *93.750%* (9375/10000)
Train epoch: 200 | Loss: *0.004* | Acc: *100.000%* (50000/50000) 
Test epoch: 200 | Loss: *0.202* | Acc: *93.770%* (9377/10000)
Train epoch: 201 | Loss: *0.004* | Acc: *99.998%* (49999/50000) 
Test epoch: 201 | Loss: *0.202* | Acc: *93.690%* (9369/10000)
Train epoch: 202 | Loss: *0.004* | Acc: *100.000%* (50000/50000) 
Test epoch: 202 | Loss: *0.200* | Acc: *93.720%* (9372/10000)
Train epoch: 203 | Loss: *0.004* | Acc: *100.000%* (50000/50000) 
Test epoch: 203 | Loss: *0.201* | Acc: *93.770%* (9377/10000)
Train epoch: 204 | Loss: *0.004* | Acc: *100.000%* (50000/50000) 
Test epoch: 204 | Loss: *0.200* | Acc: *93.800%* (9380/10000)
Train epoch: 205 | Loss: *0.004* | Acc: *99.998%* (49999/50000) 
Test epoch: 205 | Loss: *0.202* | Acc: *93.730%* (9373/10000)
Train epoch: 206 | Loss: *0.003* | Acc: *100.000%* (50000/50000) 
Test epoch: 206 | Loss: *0.200* | Acc: *93.810%* (9381/10000)
Train epoch: 207 | Loss: *0.004* | Acc: *100.000%* (50000/50000) 
Test epoch: 207 | Loss: *0.200* | Acc: *93.730%* (9373/10000)
Train epoch: 208 | Loss: *0.004* | Acc: *99.998%* (49999/50000) 
Test epoch: 208 | Loss: *0.200* | Acc: *93.750%* (9375/10000)
Train epoch: 209 | Loss: *0.003* | Acc: *100.000%* (50000/50000) 
Test epoch: 209 | Loss: *0.201* | Acc: *93.680%* (9368/10000)
Train epoch: 210 | Loss: *0.003* | Acc: *100.000%* (50000/50000) 
Test epoch: 210 | Loss: *0.199* | Acc: *93.710%* (9371/10000)
Train epoch: 211 | Loss: *0.004* | Acc: *100.000%* (50000/50000) 
Test epoch: 211 | Loss: *0.200* | Acc: *93.770%* (9377/10000)
Train epoch: 212 | Loss: *0.004* | Acc: *100.000%* (50000/50000) 
Test epoch: 212 | Loss: *0.200* | Acc: *93.830%* (9383/10000)
Train epoch: 213 | Loss: *0.004* | Acc: *100.000%* (50000/50000) 
Test epoch: 213 | Loss: *0.202* | Acc: *93.610%* (9361/10000)
Train epoch: 214 | Loss: *0.004* | Acc: *99.998%* (49999/50000) 
Test epoch: 214 | Loss: *0.203* | Acc: *93.730%* (9373/10000)
Train epoch: 215 | Loss: *0.004* | Acc: *99.998%* (49999/50000) 
Test epoch: 215 | Loss: *0.201* | Acc: *93.700%* (9370/10000)
Train epoch: 216 | Loss: *0.004* | Acc: *99.998%* (49999/50000) 
Test epoch: 216 | Loss: *0.201* | Acc: *93.750%* (9375/10000)
Train epoch: 217 | Loss: *0.004* | Acc: *100.000%* (50000/50000) 
Test epoch: 217 | Loss: *0.201* | Acc: *93.790%* (9379/10000)
Train epoch: 218 | Loss: *0.004* | Acc: *99.998%* (49999/50000) 
Test epoch: 218 | Loss: *0.201* | Acc: *93.740%* (9374/10000)
Train epoch: 219 | Loss: *0.004* | Acc: *99.998%* (49999/50000) 
Test epoch: 219 | Loss: *0.202* | Acc: *93.730%* (9373/10000)
Train epoch: 220 | Loss: *0.004* | Acc: *100.000%* (50000/50000) 
Test epoch: 220 | Loss: *0.201* | Acc: *93.710%* (9371/10000)
Train epoch: 221 | Loss: *0.004* | Acc: *100.000%* (50000/50000) 
Test epoch: 221 | Loss: *0.203* | Acc: *93.680%* (9368/10000)
Train epoch: 222 | Loss: *0.004* | Acc: *100.000%* (50000/50000) 
Test epoch: 222 | Loss: *0.202* | Acc: *93.750%* (9375/10000)
Train epoch: 223 | Loss: *0.004* | Acc: *100.000%* (50000/50000) 
Test epoch: 223 | Loss: *0.203* | Acc: *93.760%* (9376/10000)
Train epoch: 224 | Loss: *0.004* | Acc: *100.000%* (50000/50000) 
Test epoch: 224 | Loss: *0.203* | Acc: *93.750%* (9375/10000)
Train epoch: 225 | Loss: *0.004* | Acc: *100.000%* (50000/50000) 
Test epoch: 225 | Loss: *0.200* | Acc: *93.750%* (9375/10000)
Train epoch: 226 | Loss: *0.004* | Acc: *100.000%* (50000/50000) 
Test epoch: 226 | Loss: *0.202* | Acc: *93.670%* (9367/10000)
Train epoch: 227 | Loss: *0.004* | Acc: *100.000%* (50000/50000) 
Test epoch: 227 | Loss: *0.203* | Acc: *93.700%* (9370/10000)
Train epoch: 228 | Loss: *0.004* | Acc: *100.000%* (50000/50000) 
Test epoch: 228 | Loss: *0.203* | Acc: *93.580%* (9358/10000)
Train epoch: 229 | Loss: *0.004* | Acc: *100.000%* (50000/50000) 
Test epoch: 229 | Loss: *0.203* | Acc: *93.700%* (9370/10000)
Train epoch: 230 | Loss: *0.004* | Acc: *99.998%* (49999/50000) 
Test epoch: 230 | Loss: *0.205* | Acc: *93.660%* (9366/10000)
Train epoch: 231 | Loss: *0.004* | Acc: *99.998%* (49999/50000) 
Test epoch: 231 | Loss: *0.207* | Acc: *93.560%* (9356/10000)
Train epoch: 232 | Loss: *0.005* | Acc: *100.000%* (50000/50000) 
Test epoch: 232 | Loss: *0.205* | Acc: *93.360%* (9336/10000)
Train epoch: 233 | Loss: *0.005* | Acc: *99.998%* (49999/50000) 
Test epoch: 233 | Loss: *0.209* | Acc: *93.630%* (9363/10000)
Train epoch: 234 | Loss: *0.005* | Acc: *99.994%* (49997/50000) 
Test epoch: 234 | Loss: *0.228* | Acc: *92.960%* (9296/10000)
Train epoch: 235 | Loss: *0.005* | Acc: *99.998%* (49999/50000) 
Test epoch: 235 | Loss: *0.222* | Acc: *93.060%* (9306/10000)
Train epoch: 236 | Loss: *0.006* | Acc: *99.996%* (49998/50000) 
Test epoch: 236 | Loss: *0.225* | Acc: *93.060%* (9306/10000)
Train epoch: 237 | Loss: *0.039* | Acc: *99.000%* (49500/50000) 
Test epoch: 237 | Loss: *0.919* | Acc: *74.320%* (7432/10000)
Train epoch: 238 | Loss: *0.209* | Acc: *93.266%* (46633/50000) 
Test epoch: 238 | Loss: *0.620* | Acc: *81.070%* (8107/10000)
Train epoch: 239 | Loss: *0.130* | Acc: *95.954%* (47977/50000) 
Test epoch: 239 | Loss: *0.327* | Acc: *89.630%* (8963/10000)
Train epoch: 240 | Loss: *0.112* | Acc: *96.592%* (48296/50000) 
Test epoch: 240 | Loss: *0.495* | Acc: *85.220%* (8522/10000)
Train epoch: 241 | Loss: *0.111* | Acc: *96.514%* (48257/50000) 
Test epoch: 241 | Loss: *0.361* | Acc: *88.970%* (8897/10000)
Train epoch: 242 | Loss: *0.108* | Acc: *96.462%* (48231/50000) 
Test epoch: 242 | Loss: *0.465* | Acc: *86.190%* (8619/10000)
Train epoch: 243 | Loss: *0.107* | Acc: *96.538%* (48269/50000) 
Test epoch: 243 | Loss: *0.469* | Acc: *86.360%* (8636/10000)
Train epoch: 244 | Loss: *0.097* | Acc: *96.946%* (48473/50000) 
Test epoch: 244 | Loss: *0.498* | Acc: *86.410%* (8641/10000)
Train epoch: 245 | Loss: *0.092* | Acc: *97.128%* (48564/50000) 
Test epoch: 245 | Loss: *0.572* | Acc: *84.160%* (8416/10000)
Train epoch: 246 | Loss: *0.096* | Acc: *96.896%* (48448/50000) 
Test epoch: 246 | Loss: *0.359* | Acc: *88.990%* (8899/10000)
Train epoch: 247 | Loss: *0.097* | Acc: *96.824%* (48412/50000) 
Test epoch: 247 | Loss: *0.631* | Acc: *83.880%* (8388/10000)
Train epoch: 248 | Loss: *0.095* | Acc: *96.956%* (48478/50000) 
Test epoch: 248 | Loss: *0.539* | Acc: *85.700%* (8570/10000)
Train epoch: 249 | Loss: *0.098* | Acc: *96.766%* (48383/50000) 
Test epoch: 249 | Loss: *0.375* | Acc: *89.130%* (8913/10000)
Train epoch: 250 | Loss: *0.087* | Acc: *97.114%* (48557/50000) 
Test epoch: 250 | Loss: *0.417* | Acc: *87.630%* (8763/10000)
Train epoch: 251 | Loss: *0.095* | Acc: *96.890%* (48445/50000) 
Test epoch: 251 | Loss: *0.451* | Acc: *87.620%* (8762/10000)
Train epoch: 252 | Loss: *0.088* | Acc: *97.110%* (48555/50000) 
Test epoch: 252 | Loss: *0.445* | Acc: *87.350%* (8735/10000)
Train epoch: 253 | Loss: *0.101* | Acc: *96.636%* (48318/50000) 
Test epoch: 253 | Loss: *0.464* | Acc: *86.910%* (8691/10000)
Train epoch: 254 | Loss: *0.098* | Acc: *96.712%* (48356/50000) 
Test epoch: 254 | Loss: *0.362* | Acc: *89.340%* (8934/10000)
Train epoch: 255 | Loss: *0.093* | Acc: *96.954%* (48477/50000) 
Test epoch: 255 | Loss: *0.461* | Acc: *87.600%* (8760/10000)
Train epoch: 256 | Loss: *0.104* | Acc: *96.578%* (48289/50000) 
Test epoch: 256 | Loss: *0.495* | Acc: *86.120%* (8612/10000)
Train epoch: 257 | Loss: *0.095* | Acc: *96.922%* (48461/50000) 
Test epoch: 257 | Loss: *0.491* | Acc: *86.150%* (8615/10000)
Train epoch: 258 | Loss: *0.090* | Acc: *97.084%* (48542/50000) 
Test epoch: 258 | Loss: *0.438* | Acc: *86.910%* (8691/10000)
Train epoch: 259 | Loss: *0.106* | Acc: *96.520%* (48260/50000) 
Test epoch: 259 | Loss: *0.437* | Acc: *87.520%* (8752/10000)
Train epoch: 260 | Loss: *0.098* | Acc: *96.800%* (48400/50000) 
Test epoch: 260 | Loss: *0.413* | Acc: *88.510%* (8851/10000)
Train epoch: 261 | Loss: *0.098* | Acc: *96.754%* (48377/50000) 
Test epoch: 261 | Loss: *0.584* | Acc: *84.350%* (8435/10000)
Train epoch: 262 | Loss: *0.098* | Acc: *96.736%* (48368/50000) 
Test epoch: 262 | Loss: *0.496* | Acc: *86.220%* (8622/10000)
Train epoch: 263 | Loss: *0.102* | Acc: *96.586%* (48293/50000) 
Test epoch: 263 | Loss: *0.581* | Acc: *83.710%* (8371/10000)
Train epoch: 264 | Loss: *0.114* | Acc: *96.128%* (48064/50000) 
Test epoch: 264 | Loss: *0.414* | Acc: *88.070%* (8807/10000)
Train epoch: 265 | Loss: *0.102* | Acc: *96.606%* (48303/50000) 
Test epoch: 265 | Loss: *0.542* | Acc: *84.810%* (8481/10000)
Train epoch: 266 | Loss: *0.116* | Acc: *96.056%* (48028/50000) 
Test epoch: 266 | Loss: *0.416* | Acc: *88.380%* (8838/10000)
Train epoch: 267 | Loss: *0.110* | Acc: *96.256%* (48128/50000) 
Test epoch: 267 | Loss: *0.465* | Acc: *86.520%* (8652/10000)
Train epoch: 268 | Loss: *0.109* | Acc: *96.342%* (48171/50000) 
Test epoch: 268 | Loss: *0.531* | Acc: *85.800%* (8580/10000)
Train epoch: 269 | Loss: *0.112* | Acc: *96.258%* (48129/50000) 
Test epoch: 269 | Loss: *0.448* | Acc: *87.210%* (8721/10000)
Train epoch: 270 | Loss: *0.128* | Acc: *95.638%* (47819/50000) 
Test epoch: 270 | Loss: *0.528* | Acc: *84.880%* (8488/10000)
Train epoch: 271 | Loss: *0.120* | Acc: *95.998%* (47999/50000) 
Test epoch: 271 | Loss: *0.412* | Acc: *87.420%* (8742/10000)
Train epoch: 272 | Loss: *0.129* | Acc: *95.650%* (47825/50000) 
Test epoch: 272 | Loss: *0.505* | Acc: *85.490%* (8549/10000)
Train epoch: 273 | Loss: *0.115* | Acc: *96.100%* (48050/50000) 
Test epoch: 273 | Loss: *0.427* | Acc: *87.700%* (8770/10000)
Train epoch: 274 | Loss: *0.123* | Acc: *95.894%* (47947/50000) 
Test epoch: 274 | Loss: *0.447* | Acc: *86.950%* (8695/10000)
Train epoch: 275 | Loss: *0.120* | Acc: *96.022%* (48011/50000) 
Test epoch: 275 | Loss: *0.448* | Acc: *86.460%* (8646/10000)
Train epoch: 276 | Loss: *0.132* | Acc: *95.558%* (47779/50000) 
Test epoch: 276 | Loss: *0.619* | Acc: *83.940%* (8394/10000)
Train epoch: 277 | Loss: *0.129* | Acc: *95.600%* (47800/50000) 
Test epoch: 277 | Loss: *0.596* | Acc: *83.730%* (8373/10000)
Train epoch: 278 | Loss: *0.132* | Acc: *95.632%* (47816/50000) 
Test epoch: 278 | Loss: *0.422* | Acc: *86.480%* (8648/10000)
Train epoch: 279 | Loss: *0.133* | Acc: *95.510%* (47755/50000) 
Test epoch: 279 | Loss: *0.466* | Acc: *86.310%* (8631/10000)
Train epoch: 280 | Loss: *0.143* | Acc: *95.192%* (47596/50000) 
Test epoch: 280 | Loss: *0.493* | Acc: *86.170%* (8617/10000)
Train epoch: 281 | Loss: *0.137* | Acc: *95.516%* (47758/50000) 
Test epoch: 281 | Loss: *0.545* | Acc: *84.060%* (8406/10000)
Train epoch: 282 | Loss: *0.141* | Acc: *95.178%* (47589/50000) 
Test epoch: 282 | Loss: *0.628* | Acc: *83.340%* (8334/10000)
Train epoch: 283 | Loss: *0.140* | Acc: *95.268%* (47634/50000) 
Test epoch: 283 | Loss: *0.492* | Acc: *85.200%* (8520/10000)
Train epoch: 284 | Loss: *0.148* | Acc: *94.964%* (47482/50000) 
Test epoch: 284 | Loss: *0.607* | Acc: *84.010%* (8401/10000)
Train epoch: 285 | Loss: *0.148* | Acc: *94.906%* (47453/50000) 
Test epoch: 285 | Loss: *0.700* | Acc: *81.270%* (8127/10000)
Train epoch: 286 | Loss: *0.159* | Acc: *94.590%* (47295/50000) 
Test epoch: 286 | Loss: *0.384* | Acc: *87.870%* (8787/10000)
Train epoch: 287 | Loss: *0.146* | Acc: *94.956%* (47478/50000) 
Test epoch: 287 | Loss: *0.595* | Acc: *83.880%* (8388/10000)
Train epoch: 288 | Loss: *0.154* | Acc: *94.728%* (47364/50000) 
Test epoch: 288 | Loss: *0.450* | Acc: *85.960%* (8596/10000)
Train epoch: 289 | Loss: *0.165* | Acc: *94.344%* (47172/50000) 
Test epoch: 289 | Loss: *0.729* | Acc: *79.420%* (7942/10000)
Train epoch: 290 | Loss: *0.168* | Acc: *94.236%* (47118/50000) 
Test epoch: 290 | Loss: *0.517* | Acc: *84.900%* (8490/10000)
Train epoch: 291 | Loss: *0.157* | Acc: *94.682%* (47341/50000) 
Test epoch: 291 | Loss: *0.729* | Acc: *80.290%* (8029/10000)
Train epoch: 292 | Loss: *0.168* | Acc: *94.278%* (47139/50000) 
Test epoch: 292 | Loss: *0.436* | Acc: *87.180%* (8718/10000)
Train epoch: 293 | Loss: *0.167* | Acc: *94.306%* (47153/50000) 
Test epoch: 293 | Loss: *0.605* | Acc: *82.530%* (8253/10000)
Train epoch: 294 | Loss: *0.164* | Acc: *94.398%* (47199/50000) 
Test epoch: 294 | Loss: *0.762* | Acc: *80.090%* (8009/10000)
Train epoch: 295 | Loss: *0.177* | Acc: *93.984%* (46992/50000) 
Test epoch: 295 | Loss: *0.562* | Acc: *83.240%* (8324/10000)
Train epoch: 296 | Loss: *0.178* | Acc: *93.856%* (46928/50000) 
Test epoch: 296 | Loss: *0.516* | Acc: *84.050%* (8405/10000)
Train epoch: 297 | Loss: *0.182* | Acc: *93.720%* (46860/50000) 
Test epoch: 297 | Loss: *0.468* | Acc: *85.070%* (8507/10000)
Train epoch: 298 | Loss: *0.174* | Acc: *93.982%* (46991/50000) 
Test epoch: 298 | Loss: *0.627* | Acc: *81.690%* (8169/10000)
Train epoch: 299 | Loss: *0.186* | Acc: *93.600%* (46800/50000) 
Test epoch: 299 | Loss: *0.528* | Acc: *83.750%* (8375/10000)
Train epoch: 300 | Loss: *0.176* | Acc: *94.014%* (47007/50000) 
Test epoch: 300 | Loss: *0.494* | Acc: *84.980%* (8498/10000)
Train epoch: 301 | Loss: *0.185* | Acc: *93.698%* (46849/50000) 
Test epoch: 301 | Loss: *0.449* | Acc: *86.330%* (8633/10000)
Train epoch: 302 | Loss: *0.191* | Acc: *93.478%* (46739/50000) 
Test epoch: 302 | Loss: *0.676* | Acc: *81.570%* (8157/10000)
Train epoch: 303 | Loss: *0.191* | Acc: *93.524%* (46762/50000) 
Test epoch: 303 | Loss: *0.461* | Acc: *85.140%* (8514/10000)
Train epoch: 304 | Loss: *0.193* | Acc: *93.358%* (46679/50000) 
Test epoch: 304 | Loss: *0.740* | Acc: *78.800%* (7880/10000)
Train epoch: 305 | Loss: *0.197* | Acc: *93.140%* (46570/50000) 
Test epoch: 305 | Loss: *0.555* | Acc: *83.790%* (8379/10000)
Train epoch: 306 | Loss: *0.201* | Acc: *93.118%* (46559/50000) 
Test epoch: 306 | Loss: *0.524* | Acc: *83.970%* (8397/10000)
Train epoch: 307 | Loss: *0.198* | Acc: *93.126%* (46563/50000) 
Test epoch: 307 | Loss: *0.629* | Acc: *80.470%* (8047/10000)
Train epoch: 308 | Loss: *0.199* | Acc: *93.244%* (46622/50000) 
Test epoch: 308 | Loss: *0.443* | Acc: *86.380%* (8638/10000)
Train epoch: 309 | Loss: *0.207* | Acc: *92.860%* (46430/50000) 
Test epoch: 309 | Loss: *0.586* | Acc: *83.320%* (8332/10000)
Train epoch: 310 | Loss: *0.210* | Acc: *92.806%* (46403/50000) 
Test epoch: 310 | Loss: *0.533* | Acc: *82.710%* (8271/10000)
Train epoch: 311 | Loss: *0.211* | Acc: *92.824%* (46412/50000) 
Test epoch: 311 | Loss: *0.638* | Acc: *80.660%* (8066/10000)
Train epoch: 312 | Loss: *0.208* | Acc: *92.746%* (46373/50000) 
Test epoch: 312 | Loss: *0.477* | Acc: *84.890%* (8489/10000)
Train epoch: 313 | Loss: *0.217* | Acc: *92.610%* (46305/50000) 
Test epoch: 313 | Loss: *0.621* | Acc: *82.330%* (8233/10000)
Train epoch: 314 | Loss: *0.212* | Acc: *92.696%* (46348/50000) 
Test epoch: 314 | Loss: *0.571* | Acc: *82.440%* (8244/10000)
Train epoch: 315 | Loss: *0.221* | Acc: *92.510%* (46255/50000) 
Test epoch: 315 | Loss: *0.827* | Acc: *77.490%* (7749/10000)
Train epoch: 316 | Loss: *0.225* | Acc: *92.210%* (46105/50000) 
Test epoch: 316 | Loss: *0.473* | Acc: *84.920%* (8492/10000)
Train epoch: 317 | Loss: *0.214* | Acc: *92.678%* (46339/50000) 
Test epoch: 317 | Loss: *0.572* | Acc: *82.470%* (8247/10000)
Train epoch: 318 | Loss: *0.229* | Acc: *92.186%* (46093/50000) 
Test epoch: 318 | Loss: *0.473* | Acc: *84.840%* (8484/10000)
Train epoch: 319 | Loss: *0.230* | Acc: *91.934%* (45967/50000) 
Test epoch: 319 | Loss: *0.612* | Acc: *81.810%* (8181/10000)
Train epoch: 320 | Loss: *0.233* | Acc: *91.900%* (45950/50000) 
Test epoch: 320 | Loss: *0.601* | Acc: *81.670%* (8167/10000)
Train epoch: 321 | Loss: *0.226* | Acc: *92.366%* (46183/50000) 
Test epoch: 321 | Loss: *0.531* | Acc: *84.000%* (8400/10000)
Train epoch: 322 | Loss: *0.232* | Acc: *92.004%* (46002/50000) 
Test epoch: 322 | Loss: *0.524* | Acc: *83.980%* (8398/10000)
Train epoch: 323 | Loss: *0.241* | Acc: *91.712%* (45856/50000) 
Test epoch: 323 | Loss: *0.495* | Acc: *84.860%* (8486/10000)
Train epoch: 324 | Loss: *0.239* | Acc: *91.728%* (45864/50000) 
Test epoch: 324 | Loss: *0.710* | Acc: *79.040%* (7904/10000)
Train epoch: 325 | Loss: *0.237* | Acc: *91.814%* (45907/50000) 
Test epoch: 325 | Loss: *0.552* | Acc: *83.020%* (8302/10000)
Train epoch: 326 | Loss: *0.244* | Acc: *91.704%* (45852/50000) 
Test epoch: 326 | Loss: *0.657* | Acc: *80.560%* (8056/10000)
Train epoch: 327 | Loss: *0.240* | Acc: *91.616%* (45808/50000) 
Test epoch: 327 | Loss: *0.478* | Acc: *84.970%* (8497/10000)
Train epoch: 328 | Loss: *0.245* | Acc: *91.612%* (45806/50000) 
Test epoch: 328 | Loss: *0.873* | Acc: *76.090%* (7609/10000)
Train epoch: 329 | Loss: *0.242* | Acc: *91.746%* (45873/50000) 
Test epoch: 329 | Loss: *0.591* | Acc: *81.230%* (8123/10000)
Train epoch: 330 | Loss: *0.257* | Acc: *91.228%* (45614/50000) 
Test epoch: 330 | Loss: *0.631* | Acc: *80.230%* (8023/10000)
Train epoch: 331 | Loss: *0.251* | Acc: *91.390%* (45695/50000) 
Test epoch: 331 | Loss: *0.553* | Acc: *82.890%* (8289/10000)
Train epoch: 332 | Loss: *0.246* | Acc: *91.700%* (45850/50000) 
Test epoch: 332 | Loss: *0.736* | Acc: *78.340%* (7834/10000)
Train epoch: 333 | Loss: *0.262* | Acc: *91.108%* (45554/50000) 
Test epoch: 333 | Loss: *0.612* | Acc: *81.480%* (8148/10000)
Train epoch: 334 | Loss: *0.256* | Acc: *91.148%* (45574/50000) 
Test epoch: 334 | Loss: *0.588* | Acc: *80.800%* (8080/10000)
Train epoch: 335 | Loss: *0.260* | Acc: *91.006%* (45503/50000) 
Test epoch: 335 | Loss: *0.624* | Acc: *80.460%* (8046/10000)
Train epoch: 336 | Loss: *0.257* | Acc: *91.010%* (45505/50000) 
Test epoch: 336 | Loss: *0.744* | Acc: *78.380%* (7838/10000)
Train epoch: 337 | Loss: *0.262* | Acc: *91.060%* (45530/50000) 
Test epoch: 337 | Loss: *0.494* | Acc: *84.710%* (8471/10000)
Train epoch: 338 | Loss: *0.267* | Acc: *90.932%* (45466/50000) 
Test epoch: 338 | Loss: *0.682* | Acc: *79.380%* (7938/10000)
Train epoch: 339 | Loss: *0.269* | Acc: *90.762%* (45381/50000) 
Test epoch: 339 | Loss: *0.507* | Acc: *84.220%* (8422/10000)
Train epoch: 340 | Loss: *0.266* | Acc: *90.776%* (45388/50000) 
Test epoch: 340 | Loss: *0.534* | Acc: *82.560%* (8256/10000)
Train epoch: 341 | Loss: *0.268* | Acc: *90.866%* (45433/50000) 
Test epoch: 341 | Loss: *0.485* | Acc: *84.520%* (8452/10000)
Train epoch: 342 | Loss: *0.268* | Acc: *90.872%* (45436/50000) 
Test epoch: 342 | Loss: *0.585* | Acc: *81.200%* (8120/10000)
Train epoch: 343 | Loss: *0.280* | Acc: *90.444%* (45222/50000) 
Test epoch: 343 | Loss: *0.945* | Acc: *74.320%* (7432/10000)
Train epoch: 344 | Loss: *0.266* | Acc: *90.928%* (45464/50000) 
Test epoch: 344 | Loss: *0.763* | Acc: *77.960%* (7796/10000)
Train epoch: 345 | Loss: *0.279* | Acc: *90.530%* (45265/50000) 
Test epoch: 345 | Loss: *0.494* | Acc: *84.120%* (8412/10000)
Train epoch: 346 | Loss: *0.282* | Acc: *90.352%* (45176/50000) 
Test epoch: 346 | Loss: *0.482* | Acc: *83.950%* (8395/10000)
Train epoch: 347 | Loss: *0.277* | Acc: *90.568%* (45284/50000) 
Test epoch: 347 | Loss: *0.931* | Acc: *73.600%* (7360/10000)
Train epoch: 348 | Loss: *0.283* | Acc: *90.368%* (45184/50000) 
Test epoch: 348 | Loss: *0.519* | Acc: *83.550%* (8355/10000)
Train epoch: 349 | Loss: *0.286* | Acc: *90.090%* (45045/50000) 
Test epoch: 349 | Loss: *0.702* | Acc: *78.710%* (7871/10000)
Train epoch: 350 | Loss: *0.277* | Acc: *90.444%* (45222/50000) 
Test epoch: 350 | Loss: *1.327* | Acc: *71.150%* (7115/10000)
Train epoch: 351 | Loss: *0.287* | Acc: *90.112%* (45056/50000) 
Test epoch: 351 | Loss: *1.299* | Acc: *66.910%* (6691/10000)
Train epoch: 352 | Loss: *0.287* | Acc: *90.110%* (45055/50000) 
Test epoch: 352 | Loss: *0.742* | Acc: *77.900%* (7790/10000)
Train epoch: 353 | Loss: *0.288* | Acc: *90.242%* (45121/50000) 
Test epoch: 353 | Loss: *0.578* | Acc: *81.660%* (8166/10000)
Train epoch: 354 | Loss: *0.286* | Acc: *90.162%* (45081/50000) 
Test epoch: 354 | Loss: *0.719* | Acc: *78.770%* (7877/10000)
Train epoch: 355 | Loss: *0.288* | Acc: *90.174%* (45087/50000) 
Test epoch: 355 | Loss: *0.856* | Acc: *74.840%* (7484/10000)
Train epoch: 356 | Loss: *0.297* | Acc: *89.806%* (44903/50000) 
Test epoch: 356 | Loss: *0.465* | Acc: *84.720%* (8472/10000)
Train epoch: 357 | Loss: *0.291* | Acc: *89.998%* (44999/50000) 
Test epoch: 357 | Loss: *0.732* | Acc: *77.610%* (7761/10000)
Train epoch: 358 | Loss: *0.297* | Acc: *89.726%* (44863/50000) 
Test epoch: 358 | Loss: *0.575* | Acc: *81.190%* (8119/10000)
Train epoch: 359 | Loss: *0.292* | Acc: *89.926%* (44963/50000) 
Test epoch: 359 | Loss: *0.735* | Acc: *77.330%* (7733/10000)
Train epoch: 360 | Loss: *0.293* | Acc: *90.048%* (45024/50000) 
Test epoch: 360 | Loss: *0.524* | Acc: *83.820%* (8382/10000)
Train epoch: 361 | Loss: *0.298* | Acc: *89.770%* (44885/50000) 
Test epoch: 361 | Loss: *0.921* | Acc: *74.460%* (7446/10000)
Train epoch: 362 | Loss: *0.294* | Acc: *89.928%* (44964/50000) 
Test epoch: 362 | Loss: *0.568* | Acc: *81.480%* (8148/10000)
Train epoch: 363 | Loss: *0.301* | Acc: *89.624%* (44812/50000) 
Test epoch: 363 | Loss: *0.473* | Acc: *84.430%* (8443/10000)
Train epoch: 364 | Loss: *0.296* | Acc: *89.846%* (44923/50000) 
Test epoch: 364 | Loss: *0.679* | Acc: *79.460%* (7946/10000)
Train epoch: 365 | Loss: *0.309* | Acc: *89.434%* (44717/50000) 
Test epoch: 365 | Loss: *0.619* | Acc: *80.200%* (8020/10000)
Train epoch: 366 | Loss: *0.306* | Acc: *89.576%* (44788/50000) 
Test epoch: 366 | Loss: *0.656* | Acc: *80.340%* (8034/10000)
Train epoch: 367 | Loss: *0.303* | Acc: *89.720%* (44860/50000) 
Test epoch: 367 | Loss: *0.826* | Acc: *74.610%* (7461/10000)
Train epoch: 368 | Loss: *0.302* | Acc: *89.662%* (44831/50000) 
Test epoch: 368 | Loss: *0.602* | Acc: *81.060%* (8106/10000)
Train epoch: 369 | Loss: *0.300* | Acc: *89.740%* (44870/50000) 
Test epoch: 369 | Loss: *0.519* | Acc: *82.690%* (8269/10000)
Train epoch: 370 | Loss: *0.308* | Acc: *89.364%* (44682/50000) 
Test epoch: 370 | Loss: *0.834* | Acc: *75.160%* (7516/10000)
Train epoch: 371 | Loss: *0.306* | Acc: *89.558%* (44779/50000) 
Test epoch: 371 | Loss: *0.473* | Acc: *83.890%* (8389/10000)
Train epoch: 372 | Loss: *0.307* | Acc: *89.392%* (44696/50000) 
Test epoch: 372 | Loss: *0.572* | Acc: *82.160%* (8216/10000)
Train epoch: 373 | Loss: *0.309* | Acc: *89.584%* (44792/50000) 
Test epoch: 373 | Loss: *0.814* | Acc: *75.430%* (7543/10000)
Train epoch: 374 | Loss: *0.313* | Acc: *89.292%* (44646/50000) 
Test epoch: 374 | Loss: *0.519* | Acc: *83.310%* (8331/10000)
Train epoch: 375 | Loss: *0.301* | Acc: *89.738%* (44869/50000) 
Test epoch: 375 | Loss: *0.665* | Acc: *80.600%* (8060/10000)
Train epoch: 376 | Loss: *0.311* | Acc: *89.250%* (44625/50000) 
Test epoch: 376 | Loss: *0.649* | Acc: *79.260%* (7926/10000)
Train epoch: 377 | Loss: *0.309* | Acc: *89.386%* (44693/50000) 
Test epoch: 377 | Loss: *0.561* | Acc: *82.050%* (8205/10000)
Train epoch: 378 | Loss: *0.310* | Acc: *89.312%* (44656/50000) 
Test epoch: 378 | Loss: *0.542* | Acc: *83.190%* (8319/10000)
Train epoch: 379 | Loss: *0.317* | Acc: *89.136%* (44568/50000) 
Test epoch: 379 | Loss: *0.750* | Acc: *77.390%* (7739/10000)
Train epoch: 380 | Loss: *0.317* | Acc: *89.130%* (44565/50000) 
Test epoch: 380 | Loss: *0.759* | Acc: *76.570%* (7657/10000)
Train epoch: 381 | Loss: *0.309* | Acc: *89.474%* (44737/50000) 
Test epoch: 381 | Loss: *0.648* | Acc: *79.270%* (7927/10000)
Train epoch: 382 | Loss: *0.318* | Acc: *89.086%* (44543/50000) 
Test epoch: 382 | Loss: *1.719* | Acc: *62.270%* (6227/10000)
Train epoch: 383 | Loss: *0.312* | Acc: *89.218%* (44609/50000) 
Test epoch: 383 | Loss: *0.951* | Acc: *74.580%* (7458/10000)
Train epoch: 384 | Loss: *0.316* | Acc: *89.114%* (44557/50000) 
Test epoch: 384 | Loss: *0.617* | Acc: *80.430%* (8043/10000)
Train epoch: 385 | Loss: *0.320* | Acc: *89.028%* (44514/50000) 
Test epoch: 385 | Loss: *0.636* | Acc: *79.980%* (7998/10000)
Train epoch: 386 | Loss: *0.315* | Acc: *89.248%* (44624/50000) 
Test epoch: 386 | Loss: *0.704* | Acc: *79.130%* (7913/10000)
Train epoch: 387 | Loss: *0.319* | Acc: *88.946%* (44473/50000) 
Test epoch: 387 | Loss: *0.620* | Acc: *80.360%* (8036/10000)
Train epoch: 388 | Loss: *0.314* | Acc: *89.252%* (44626/50000) 
Test epoch: 388 | Loss: *0.612* | Acc: *80.580%* (8058/10000)
Train epoch: 389 | Loss: *0.314* | Acc: *89.250%* (44625/50000) 
Test epoch: 389 | Loss: *0.564* | Acc: *81.610%* (8161/10000)
Train epoch: 390 | Loss: *0.313* | Acc: *89.138%* (44569/50000) 
Test epoch: 390 | Loss: *0.703* | Acc: *78.020%* (7802/10000)
Train epoch: 391 | Loss: *0.316* | Acc: *88.982%* (44491/50000) 
Test epoch: 391 | Loss: *0.633* | Acc: *80.350%* (8035/10000)
Train epoch: 392 | Loss: *0.319* | Acc: *89.108%* (44554/50000) 
Test epoch: 392 | Loss: *1.014* | Acc: *71.770%* (7177/10000)
Train epoch: 393 | Loss: *0.319* | Acc: *88.966%* (44483/50000) 
Test epoch: 393 | Loss: *0.892* | Acc: *75.620%* (7562/10000)
Train epoch: 394 | Loss: *0.315* | Acc: *89.198%* (44599/50000) 
Test epoch: 394 | Loss: *0.670* | Acc: *79.390%* (7939/10000)
Train epoch: 395 | Loss: *0.320* | Acc: *89.130%* (44565/50000) 
Test epoch: 395 | Loss: *0.774* | Acc: *76.640%* (7664/10000)
Train epoch: 396 | Loss: *0.318* | Acc: *89.074%* (44537/50000) 
Test epoch: 396 | Loss: *0.829* | Acc: *76.700%* (7670/10000)
Train epoch: 397 | Loss: *0.312* | Acc: *89.334%* (44667/50000) 
Test epoch: 397 | Loss: *0.756* | Acc: *77.460%* (7746/10000)
Train epoch: 398 | Loss: *0.320* | Acc: *89.206%* (44603/50000) 
Test epoch: 398 | Loss: *0.850* | Acc: *75.710%* (7571/10000)
Train epoch: 399 | Loss: *0.317* | Acc: *89.126%* (44563/50000) 
Test epoch: 399 | Loss: *0.521* | Acc: *83.000%* (8300/10000)
Train epoch: 400 | Loss: *0.319* | Acc: *88.946%* (44473/50000) 
Test epoch: 400 | Loss: *0.793* | Acc: *76.840%* (7684/10000)
Train epoch: 401 | Loss: *0.314* | Acc: *89.160%* (44580/50000) 
Test epoch: 401 | Loss: *0.795* | Acc: *74.940%* (7494/10000)
Train epoch: 402 | Loss: *0.323* | Acc: *88.832%* (44416/50000) 
Test epoch: 402 | Loss: *0.713* | Acc: *78.690%* (7869/10000)
Train epoch: 403 | Loss: *0.315* | Acc: *89.180%* (44590/50000) 
Test epoch: 403 | Loss: *0.868* | Acc: *75.270%* (7527/10000)
Train epoch: 404 | Loss: *0.314* | Acc: *89.242%* (44621/50000) 
Test epoch: 404 | Loss: *0.540* | Acc: *82.430%* (8243/10000)
Train epoch: 405 | Loss: *0.319* | Acc: *89.020%* (44510/50000) 
Test epoch: 405 | Loss: *0.643* | Acc: *80.140%* (8014/10000)
Train epoch: 406 | Loss: *0.314* | Acc: *89.274%* (44637/50000) 
Test epoch: 406 | Loss: *0.641* | Acc: *79.250%* (7925/10000)
Train epoch: 407 | Loss: *0.317* | Acc: *89.038%* (44519/50000) 
Test epoch: 407 | Loss: *0.698* | Acc: *78.590%* (7859/10000)
Train epoch: 408 | Loss: *0.315* | Acc: *89.042%* (44521/50000) 
Test epoch: 408 | Loss: *0.527* | Acc: *82.050%* (8205/10000)
Train epoch: 409 | Loss: *0.316* | Acc: *89.168%* (44584/50000) 
Test epoch: 409 | Loss: *0.590* | Acc: *81.190%* (8119/10000)
Train epoch: 410 | Loss: *0.313* | Acc: *89.328%* (44664/50000) 
Test epoch: 410 | Loss: *0.684* | Acc: *77.870%* (7787/10000)
Train epoch: 411 | Loss: *0.312* | Acc: *89.282%* (44641/50000) 
Test epoch: 411 | Loss: *0.580* | Acc: *80.990%* (8099/10000)
Train epoch: 412 | Loss: *0.319* | Acc: *89.120%* (44560/50000) 
Test epoch: 412 | Loss: *0.678* | Acc: *78.970%* (7897/10000)
Train epoch: 413 | Loss: *0.313* | Acc: *89.174%* (44587/50000) 
Test epoch: 413 | Loss: *0.747* | Acc: *77.180%* (7718/10000)
Train epoch: 414 | Loss: *0.313* | Acc: *89.292%* (44646/50000) 
Test epoch: 414 | Loss: *0.902* | Acc: *74.590%* (7459/10000)
Train epoch: 415 | Loss: *0.316* | Acc: *89.222%* (44611/50000) 
Test epoch: 415 | Loss: *0.660* | Acc: *79.020%* (7902/10000)
Train epoch: 416 | Loss: *0.308* | Acc: *89.614%* (44807/50000) 
Test epoch: 416 | Loss: *0.615* | Acc: *79.600%* (7960/10000)
Train epoch: 417 | Loss: *0.317* | Acc: *89.136%* (44568/50000) 
Test epoch: 417 | Loss: *0.886* | Acc: *75.160%* (7516/10000)
Train epoch: 418 | Loss: *0.314* | Acc: *89.128%* (44564/50000) 
Test epoch: 418 | Loss: *0.735* | Acc: *78.350%* (7835/10000)
Train epoch: 419 | Loss: *0.314* | Acc: *89.274%* (44637/50000) 
Test epoch: 419 | Loss: *0.822* | Acc: *74.880%* (7488/10000)
Train epoch: 420 | Loss: *0.307* | Acc: *89.468%* (44734/50000) 
Test epoch: 420 | Loss: *1.063* | Acc: *70.090%* (7009/10000)
Train epoch: 421 | Loss: *0.309* | Acc: *89.384%* (44692/50000) 
Test epoch: 421 | Loss: *0.765* | Acc: *77.540%* (7754/10000)
Train epoch: 422 | Loss: *0.317* | Acc: *89.230%* (44615/50000) 
Test epoch: 422 | Loss: *0.651* | Acc: *80.020%* (8002/10000)
Train epoch: 423 | Loss: *0.310* | Acc: *89.424%* (44712/50000) 
Test epoch: 423 | Loss: *0.504* | Acc: *83.250%* (8325/10000)
Train epoch: 424 | Loss: *0.307* | Acc: *89.336%* (44668/50000) 
Test epoch: 424 | Loss: *0.708* | Acc: *78.360%* (7836/10000)
Train epoch: 425 | Loss: *0.301* | Acc: *89.688%* (44844/50000) 
Test epoch: 425 | Loss: *0.530* | Acc: *82.360%* (8236/10000)
Train epoch: 426 | Loss: *0.310* | Acc: *89.420%* (44710/50000) 
Test epoch: 426 | Loss: *0.590* | Acc: *80.720%* (8072/10000)
Train epoch: 427 | Loss: *0.306* | Acc: *89.294%* (44647/50000) 
Test epoch: 427 | Loss: *0.819* | Acc: *75.030%* (7503/10000)
Train epoch: 428 | Loss: *0.305* | Acc: *89.614%* (44807/50000) 
Test epoch: 428 | Loss: *0.635* | Acc: *79.840%* (7984/10000)
Train epoch: 429 | Loss: *0.306* | Acc: *89.450%* (44725/50000) 
Test epoch: 429 | Loss: *0.663* | Acc: *79.760%* (7976/10000)
Train epoch: 430 | Loss: *0.302* | Acc: *89.564%* (44782/50000) 
Test epoch: 430 | Loss: *0.727* | Acc: *77.880%* (7788/10000)
Train epoch: 431 | Loss: *0.308* | Acc: *89.574%* (44787/50000) 
Test epoch: 431 | Loss: *0.668* | Acc: *79.110%* (7911/10000)
Train epoch: 432 | Loss: *0.300* | Acc: *89.676%* (44838/50000) 
Test epoch: 432 | Loss: *0.602* | Acc: *80.680%* (8068/10000)
Train epoch: 433 | Loss: *0.305* | Acc: *89.544%* (44772/50000) 
Test epoch: 433 | Loss: *0.549* | Acc: *82.390%* (8239/10000)
Train epoch: 434 | Loss: *0.296* | Acc: *89.774%* (44887/50000) 
Test epoch: 434 | Loss: *0.593* | Acc: *80.820%* (8082/10000)
Train epoch: 435 | Loss: *0.302* | Acc: *89.610%* (44805/50000) 
Test epoch: 435 | Loss: *0.894* | Acc: *76.200%* (7620/10000)
Train epoch: 436 | Loss: *0.297* | Acc: *89.792%* (44896/50000) 
Test epoch: 436 | Loss: *0.537* | Acc: *82.230%* (8223/10000)
Train epoch: 437 | Loss: *0.296* | Acc: *89.914%* (44957/50000) 
Test epoch: 437 | Loss: *0.537* | Acc: *81.730%* (8173/10000)
Train epoch: 438 | Loss: *0.299* | Acc: *89.674%* (44837/50000) 
Test epoch: 438 | Loss: *0.708* | Acc: *79.460%* (7946/10000)
Train epoch: 439 | Loss: *0.298* | Acc: *89.850%* (44925/50000) 
Test epoch: 439 | Loss: *0.514* | Acc: *83.490%* (8349/10000)
Train epoch: 440 | Loss: *0.291* | Acc: *90.006%* (45003/50000) 
Test epoch: 440 | Loss: *0.596* | Acc: *80.940%* (8094/10000)
Train epoch: 441 | Loss: *0.294* | Acc: *89.966%* (44983/50000) 
Test epoch: 441 | Loss: *0.667* | Acc: *79.680%* (7968/10000)
Train epoch: 442 | Loss: *0.296* | Acc: *89.926%* (44963/50000) 
Test epoch: 442 | Loss: *0.793* | Acc: *76.050%* (7605/10000)
Train epoch: 443 | Loss: *0.291* | Acc: *89.984%* (44992/50000) 
Test epoch: 443 | Loss: *0.481* | Acc: *84.400%* (8440/10000)
Train epoch: 444 | Loss: *0.288* | Acc: *90.152%* (45076/50000) 
Test epoch: 444 | Loss: *0.751* | Acc: *77.380%* (7738/10000)
Train epoch: 445 | Loss: *0.290* | Acc: *89.990%* (44995/50000) 
Test epoch: 445 | Loss: *0.580* | Acc: *81.560%* (8156/10000)
Train epoch: 446 | Loss: *0.293* | Acc: *89.726%* (44863/50000) 
Test epoch: 446 | Loss: *0.474* | Acc: *84.480%* (8448/10000)
Train epoch: 447 | Loss: *0.287* | Acc: *90.080%* (45040/50000) 
Test epoch: 447 | Loss: *0.559* | Acc: *82.720%* (8272/10000)
Train epoch: 448 | Loss: *0.285* | Acc: *90.292%* (45146/50000) 
Test epoch: 448 | Loss: *0.571* | Acc: *82.780%* (8278/10000)
Train epoch: 449 | Loss: *0.284* | Acc: *90.324%* (45162/50000) 
Test epoch: 449 | Loss: *0.604* | Acc: *80.590%* (8059/10000)
Train epoch: 450 | Loss: *0.282* | Acc: *90.322%* (45161/50000) 
Test epoch: 450 | Loss: *0.531* | Acc: *83.240%* (8324/10000)
Train epoch: 451 | Loss: *0.287* | Acc: *90.188%* (45094/50000) 
Test epoch: 451 | Loss: *0.570* | Acc: *81.890%* (8189/10000)
Train epoch: 452 | Loss: *0.279* | Acc: *90.414%* (45207/50000) 
Test epoch: 452 | Loss: *0.608* | Acc: *81.200%* (8120/10000)
Train epoch: 453 | Loss: *0.275* | Acc: *90.602%* (45301/50000) 
Test epoch: 453 | Loss: *0.457* | Acc: *84.860%* (8486/10000)
Train epoch: 454 | Loss: *0.284* | Acc: *90.136%* (45068/50000) 
Test epoch: 454 | Loss: *0.475* | Acc: *84.540%* (8454/10000)
Train epoch: 455 | Loss: *0.273* | Acc: *90.718%* (45359/50000) 
Test epoch: 455 | Loss: *0.438* | Acc: *85.270%* (8527/10000)
Train epoch: 456 | Loss: *0.276* | Acc: *90.554%* (45277/50000) 
Test epoch: 456 | Loss: *0.663* | Acc: *79.460%* (7946/10000)
Train epoch: 457 | Loss: *0.271* | Acc: *90.790%* (45395/50000) 
Test epoch: 457 | Loss: *0.577* | Acc: *82.390%* (8239/10000)
Train epoch: 458 | Loss: *0.268* | Acc: *90.798%* (45399/50000) 
Test epoch: 458 | Loss: *0.586* | Acc: *82.200%* (8220/10000)
Train epoch: 459 | Loss: *0.266* | Acc: *90.954%* (45477/50000) 
Test epoch: 459 | Loss: *0.548* | Acc: *82.780%* (8278/10000)
Train epoch: 460 | Loss: *0.264* | Acc: *91.008%* (45504/50000) 
Test epoch: 460 | Loss: *0.720* | Acc: *78.250%* (7825/10000)
Train epoch: 461 | Loss: *0.270* | Acc: *90.710%* (45355/50000) 
Test epoch: 461 | Loss: *0.812* | Acc: *76.710%* (7671/10000)
Train epoch: 462 | Loss: *0.265* | Acc: *90.870%* (45435/50000) 
Test epoch: 462 | Loss: *0.832* | Acc: *76.660%* (7666/10000)
Train epoch: 463 | Loss: *0.253* | Acc: *91.378%* (45689/50000) 
Test epoch: 463 | Loss: *0.583* | Acc: *82.120%* (8212/10000)
Train epoch: 464 | Loss: *0.267* | Acc: *90.800%* (45400/50000) 
Test epoch: 464 | Loss: *0.568* | Acc: *82.660%* (8266/10000)
Train epoch: 465 | Loss: *0.254* | Acc: *91.232%* (45616/50000) 
Test epoch: 465 | Loss: *0.605* | Acc: *81.620%* (8162/10000)
Train epoch: 466 | Loss: *0.263* | Acc: *91.008%* (45504/50000) 
Test epoch: 466 | Loss: *0.493* | Acc: *84.160%* (8416/10000)
Train epoch: 467 | Loss: *0.250* | Acc: *91.400%* (45700/50000) 
Test epoch: 467 | Loss: *0.658* | Acc: *80.260%* (8026/10000)
Train epoch: 468 | Loss: *0.253* | Acc: *91.368%* (45684/50000) 
Test epoch: 468 | Loss: *0.677* | Acc: *81.220%* (8122/10000)
Train epoch: 469 | Loss: *0.252* | Acc: *91.352%* (45676/50000) 
Test epoch: 469 | Loss: *0.514* | Acc: *83.980%* (8398/10000)
Train epoch: 470 | Loss: *0.253* | Acc: *91.350%* (45675/50000) 
Test epoch: 470 | Loss: *0.706* | Acc: *78.870%* (7887/10000)
Train epoch: 471 | Loss: *0.249* | Acc: *91.416%* (45708/50000) 
Test epoch: 471 | Loss: *0.669* | Acc: *79.460%* (7946/10000)
Train epoch: 472 | Loss: *0.244* | Acc: *91.668%* (45834/50000) 
Test epoch: 472 | Loss: *0.581* | Acc: *82.410%* (8241/10000)
Train epoch: 473 | Loss: *0.245* | Acc: *91.512%* (45756/50000) 
Test epoch: 473 | Loss: *0.556* | Acc: *82.150%* (8215/10000)
Train epoch: 474 | Loss: *0.240* | Acc: *91.822%* (45911/50000) 
Test epoch: 474 | Loss: *0.443* | Acc: *85.440%* (8544/10000)
Train epoch: 475 | Loss: *0.241* | Acc: *91.760%* (45880/50000) 
Test epoch: 475 | Loss: *0.503* | Acc: *84.810%* (8481/10000)
Train epoch: 476 | Loss: *0.234* | Acc: *92.042%* (46021/50000) 
Test epoch: 476 | Loss: *0.727* | Acc: *79.260%* (7926/10000)
Train epoch: 477 | Loss: *0.237* | Acc: *91.718%* (45859/50000) 
Test epoch: 477 | Loss: *0.573* | Acc: *82.690%* (8269/10000)
Train epoch: 478 | Loss: *0.233* | Acc: *92.028%* (46014/50000) 
Test epoch: 478 | Loss: *0.596* | Acc: *81.060%* (8106/10000)
Train epoch: 479 | Loss: *0.235* | Acc: *91.944%* (45972/50000) 
Test epoch: 479 | Loss: *0.536* | Acc: *82.970%* (8297/10000)
Train epoch: 480 | Loss: *0.228* | Acc: *92.172%* (46086/50000) 
Test epoch: 480 | Loss: *0.460* | Acc: *85.450%* (8545/10000)
Train epoch: 481 | Loss: *0.227* | Acc: *92.174%* (46087/50000) 
Test epoch: 481 | Loss: *0.706* | Acc: *79.630%* (7963/10000)
Train epoch: 482 | Loss: *0.225* | Acc: *92.312%* (46156/50000) 
Test epoch: 482 | Loss: *0.404* | Acc: *86.230%* (8623/10000)
Train epoch: 483 | Loss: *0.224* | Acc: *92.256%* (46128/50000) 
Test epoch: 483 | Loss: *1.258* | Acc: *68.690%* (6869/10000)
Train epoch: 484 | Loss: *0.215* | Acc: *92.612%* (46306/50000) 
Test epoch: 484 | Loss: *0.433* | Acc: *86.040%* (8604/10000)
Train epoch: 485 | Loss: *0.221* | Acc: *92.492%* (46246/50000) 
Test epoch: 485 | Loss: *0.533* | Acc: *84.040%* (8404/10000)
Train epoch: 486 | Loss: *0.215* | Acc: *92.562%* (46281/50000) 
Test epoch: 486 | Loss: *0.576* | Acc: *82.570%* (8257/10000)
Train epoch: 487 | Loss: *0.216* | Acc: *92.562%* (46281/50000) 
Test epoch: 487 | Loss: *0.454* | Acc: *85.620%* (8562/10000)
Train epoch: 488 | Loss: *0.216* | Acc: *92.492%* (46246/50000) 
Test epoch: 488 | Loss: *0.424* | Acc: *86.630%* (8663/10000)
Train epoch: 489 | Loss: *0.204* | Acc: *93.098%* (46549/50000) 
Test epoch: 489 | Loss: *0.430* | Acc: *86.400%* (8640/10000)
Train epoch: 490 | Loss: *0.203* | Acc: *93.160%* (46580/50000) 
Test epoch: 490 | Loss: *0.427* | Acc: *86.810%* (8681/10000)
Train epoch: 491 | Loss: *0.204* | Acc: *93.082%* (46541/50000) 
Test epoch: 491 | Loss: *0.583* | Acc: *82.810%* (8281/10000)
Train epoch: 492 | Loss: *0.205* | Acc: *92.904%* (46452/50000) 
Test epoch: 492 | Loss: *0.495* | Acc: *85.270%* (8527/10000)
Train epoch: 493 | Loss: *0.200* | Acc: *93.142%* (46571/50000) 
Test epoch: 493 | Loss: *0.575* | Acc: *83.280%* (8328/10000)
Train epoch: 494 | Loss: *0.196* | Acc: *93.172%* (46586/50000) 
Test epoch: 494 | Loss: *0.450* | Acc: *85.500%* (8550/10000)
Train epoch: 495 | Loss: *0.195* | Acc: *93.270%* (46635/50000) 
Test epoch: 495 | Loss: *0.466* | Acc: *85.320%* (8532/10000)
Train epoch: 496 | Loss: *0.192* | Acc: *93.350%* (46675/50000) 
Test epoch: 496 | Loss: *0.458* | Acc: *85.660%* (8566/10000)
Train epoch: 497 | Loss: *0.193* | Acc: *93.448%* (46724/50000) 
Test epoch: 497 | Loss: *0.560* | Acc: *83.540%* (8354/10000)
Train epoch: 498 | Loss: *0.186* | Acc: *93.660%* (46830/50000) 
Test epoch: 498 | Loss: *0.475* | Acc: *84.850%* (8485/10000)
Train epoch: 499 | Loss: *0.182* | Acc: *93.850%* (46925/50000) 
Test epoch: 499 | Loss: *0.562* | Acc: *84.200%* (8420/10000)
Train epoch: 500 | Loss: *0.187* | Acc: *93.668%* (46834/50000) 
Test epoch: 500 | Loss: *0.331* | Acc: *89.140%* (8914/10000)
Best test accuracy: *93.890%*, loss: *0.2005584640428424*, at epoch: *190*.
==> Execution time summary of 500 epoch(s).
Train data loading time: sum. *318.9646622771397* secs | avg. *0.6379293245542794* secs per epoch.
Train training time: sum. *1770.3411923386157* secs | avg. *3.5406823846772313* secs per epoch.
Train total time: sum. *2089.3058546157554* secs | avg. *4.178611709231511* secs per epoch.
Test data loading time: sum. *124.27682953234762* secs | avg. *0.24855365906469523* secs per epoch.
Test training time: sum. *92.02781217824668* secs | avg. *0.18405562435649336* secs per epoch.
Test total time: sum. *216.3046417105943* secs | avg. *0.4326092834211886* secs per epoch.
Total data loading time: sum. *443.24149180948734* secs | avg. *0.8864829836189747* secs per epoch.
Total training time: sum. *1862.3690045168623* secs | avg. *3.7247380090337248* secs per epoch.
Total running time: sum. *2305.6104963263497* secs | avg. *4.611220992652699* secs per epoch.
==> Number of GPU device: 1
==> Device 0 Memory Usage
==> Allocated: 0.1 GB
==> Cached:    2.1 GB
==> Maximum: 2.1 GB
