Defaulting to user installation because normal site-packages is not writeable
Requirement already satisfied: Torch in ./.local/lib/python3.8/site-packages (1.10.2)
Requirement already satisfied: typing-extensions in ./.local/lib/python3.8/site-packages (from Torch) (4.1.1)
Defaulting to user installation because normal site-packages is not writeable
Requirement already satisfied: torchvision in ./.local/lib/python3.8/site-packages (0.11.3)
Requirement already satisfied: pillow!=8.3.0,>=5.3.0 in /share/apps/anaconda3/2020.07/lib/python3.8/site-packages (from torchvision) (7.2.0)
Requirement already satisfied: numpy in /share/apps/anaconda3/2020.07/lib/python3.8/site-packages (from torchvision) (1.18.5)
Requirement already satisfied: torch==1.10.2 in ./.local/lib/python3.8/site-packages (from torchvision) (1.10.2)
Requirement already satisfied: typing-extensions in ./.local/lib/python3.8/site-packages (from torch==1.10.2->torchvision) (4.1.1)
==> Running on : cuda
==> Number of CPU: 48
==> Number of workers: 2
==> #Epochs: 500, #Layers: 2, #Blocks: [3, 1], In channel: 128, Input layer conv kernel: 7x7, Residual layer conv kernel 5x5, Skip kernel: 1x1, Input layer conv padding: 3, Residual layer conv padding: 2
==> Optimizer is Adam
==> Learning rate: 0.001
==> Weight decay: 0.0005
==>Trainable Parameters: 4972682
==>Other Parameters: 0
==>Augmentation: None
Files already downloaded and verified
Train epoch: 1 | Loss: *1.529* | Acc: *43.446%* (21723/50000) 
Test epoch: 1 | Loss: *1.792* | Acc: *37.730%* (3773/10000)
Train epoch: 2 | Loss: *1.167* | Acc: *57.944%* (28972/50000) 
Test epoch: 2 | Loss: *2.167* | Acc: *36.900%* (3690/10000)
Train epoch: 3 | Loss: *1.011* | Acc: *63.810%* (31905/50000) 
Test epoch: 3 | Loss: *1.314* | Acc: *55.090%* (5509/10000)
Train epoch: 4 | Loss: *0.916* | Acc: *67.716%* (33858/50000) 
Test epoch: 4 | Loss: *1.213* | Acc: *56.770%* (5677/10000)
Train epoch: 5 | Loss: *0.823* | Acc: *70.880%* (35440/50000) 
Test epoch: 5 | Loss: *1.220* | Acc: *59.710%* (5971/10000)
Train epoch: 6 | Loss: *0.738* | Acc: *74.306%* (37153/50000) 
Test epoch: 6 | Loss: *1.379* | Acc: *53.440%* (5344/10000)
Train epoch: 7 | Loss: *0.666* | Acc: *76.898%* (38449/50000) 
Test epoch: 7 | Loss: *1.132* | Acc: *62.950%* (6295/10000)
Train epoch: 8 | Loss: *0.611* | Acc: *78.952%* (39476/50000) 
Test epoch: 8 | Loss: *0.830* | Acc: *71.610%* (7161/10000)
Train epoch: 9 | Loss: *0.564* | Acc: *80.650%* (40325/50000) 
Test epoch: 9 | Loss: *0.862* | Acc: *70.740%* (7074/10000)
Train epoch: 10 | Loss: *0.521* | Acc: *82.050%* (41025/50000) 
Test epoch: 10 | Loss: *0.849* | Acc: *71.670%* (7167/10000)
Train epoch: 11 | Loss: *0.493* | Acc: *82.936%* (41468/50000) 
Test epoch: 11 | Loss: *0.746* | Acc: *75.610%* (7561/10000)
Train epoch: 12 | Loss: *0.466* | Acc: *84.014%* (42007/50000) 
Test epoch: 12 | Loss: *0.597* | Acc: *80.040%* (8004/10000)
Train epoch: 13 | Loss: *0.438* | Acc: *85.020%* (42510/50000) 
Test epoch: 13 | Loss: *0.780* | Acc: *74.570%* (7457/10000)
Train epoch: 14 | Loss: *0.418* | Acc: *85.570%* (42785/50000) 
Test epoch: 14 | Loss: *0.680* | Acc: *77.150%* (7715/10000)
Train epoch: 15 | Loss: *0.402* | Acc: *86.240%* (43120/50000) 
Test epoch: 15 | Loss: *0.645* | Acc: *77.440%* (7744/10000)
Train epoch: 16 | Loss: *0.378* | Acc: *87.034%* (43517/50000) 
Test epoch: 16 | Loss: *0.616* | Acc: *79.560%* (7956/10000)
Train epoch: 17 | Loss: *0.366* | Acc: *87.512%* (43756/50000) 
Test epoch: 17 | Loss: *0.517* | Acc: *82.360%* (8236/10000)
Train epoch: 18 | Loss: *0.351* | Acc: *87.920%* (43960/50000) 
Test epoch: 18 | Loss: *0.684* | Acc: *77.210%* (7721/10000)
Train epoch: 19 | Loss: *0.330* | Acc: *88.640%* (44320/50000) 
Test epoch: 19 | Loss: *0.559* | Acc: *81.150%* (8115/10000)
Train epoch: 20 | Loss: *0.319* | Acc: *89.118%* (44559/50000) 
Test epoch: 20 | Loss: *0.716* | Acc: *77.430%* (7743/10000)
Train epoch: 21 | Loss: *0.311* | Acc: *89.414%* (44707/50000) 
Test epoch: 21 | Loss: *0.638* | Acc: *79.130%* (7913/10000)
Train epoch: 22 | Loss: *0.298* | Acc: *89.714%* (44857/50000) 
Test epoch: 22 | Loss: *0.541* | Acc: *82.200%* (8220/10000)
Train epoch: 23 | Loss: *0.284* | Acc: *90.284%* (45142/50000) 
Test epoch: 23 | Loss: *0.604* | Acc: *79.880%* (7988/10000)
Train epoch: 24 | Loss: *0.278* | Acc: *90.586%* (45293/50000) 
Test epoch: 24 | Loss: *0.504* | Acc: *82.870%* (8287/10000)
Train epoch: 25 | Loss: *0.264* | Acc: *90.850%* (45425/50000) 
Test epoch: 25 | Loss: *0.512* | Acc: *83.030%* (8303/10000)
Train epoch: 26 | Loss: *0.252* | Acc: *91.352%* (45676/50000) 
Test epoch: 26 | Loss: *0.543* | Acc: *81.770%* (8177/10000)
Train epoch: 27 | Loss: *0.248* | Acc: *91.436%* (45718/50000) 
Test epoch: 27 | Loss: *0.578* | Acc: *81.170%* (8117/10000)
Train epoch: 28 | Loss: *0.241* | Acc: *91.616%* (45808/50000) 
Test epoch: 28 | Loss: *0.582* | Acc: *81.430%* (8143/10000)
Train epoch: 29 | Loss: *0.228* | Acc: *92.140%* (46070/50000) 
Test epoch: 29 | Loss: *0.565* | Acc: *81.580%* (8158/10000)
Train epoch: 30 | Loss: *0.225* | Acc: *92.338%* (46169/50000) 
Test epoch: 30 | Loss: *0.538* | Acc: *82.520%* (8252/10000)
Train epoch: 31 | Loss: *0.216* | Acc: *92.660%* (46330/50000) 
Test epoch: 31 | Loss: *0.690* | Acc: *78.820%* (7882/10000)
Train epoch: 32 | Loss: *0.206* | Acc: *92.946%* (46473/50000) 
Test epoch: 32 | Loss: *0.656* | Acc: *79.800%* (7980/10000)
Train epoch: 33 | Loss: *0.202* | Acc: *93.114%* (46557/50000) 
Test epoch: 33 | Loss: *0.512* | Acc: *83.060%* (8306/10000)
Train epoch: 34 | Loss: *0.196* | Acc: *93.290%* (46645/50000) 
Test epoch: 34 | Loss: *0.789* | Acc: *77.440%* (7744/10000)
Train epoch: 35 | Loss: *0.190* | Acc: *93.576%* (46788/50000) 
Test epoch: 35 | Loss: *0.586* | Acc: *81.860%* (8186/10000)
Train epoch: 36 | Loss: *0.189* | Acc: *93.486%* (46743/50000) 
Test epoch: 36 | Loss: *0.588* | Acc: *82.420%* (8242/10000)
Train epoch: 37 | Loss: *0.178* | Acc: *93.936%* (46968/50000) 
Test epoch: 37 | Loss: *0.608* | Acc: *81.830%* (8183/10000)
Train epoch: 38 | Loss: *0.167* | Acc: *94.344%* (47172/50000) 
Test epoch: 38 | Loss: *0.755* | Acc: *77.570%* (7757/10000)
Train epoch: 39 | Loss: *0.175* | Acc: *93.982%* (46991/50000) 
Test epoch: 39 | Loss: *0.652* | Acc: *80.730%* (8073/10000)
Train epoch: 40 | Loss: *0.170* | Acc: *94.194%* (47097/50000) 
Test epoch: 40 | Loss: *0.594* | Acc: *82.030%* (8203/10000)
Train epoch: 41 | Loss: *0.161* | Acc: *94.526%* (47263/50000) 
Test epoch: 41 | Loss: *0.670* | Acc: *81.240%* (8124/10000)
Train epoch: 42 | Loss: *0.157* | Acc: *94.576%* (47288/50000) 
Test epoch: 42 | Loss: *0.640* | Acc: *80.330%* (8033/10000)
Train epoch: 43 | Loss: *0.154* | Acc: *94.820%* (47410/50000) 
Test epoch: 43 | Loss: *0.539* | Acc: *83.230%* (8323/10000)
Train epoch: 44 | Loss: *0.147* | Acc: *95.060%* (47530/50000) 
Test epoch: 44 | Loss: *0.659* | Acc: *80.870%* (8087/10000)
Train epoch: 45 | Loss: *0.147* | Acc: *95.096%* (47548/50000) 
Test epoch: 45 | Loss: *0.656* | Acc: *80.200%* (8020/10000)
Train epoch: 46 | Loss: *0.148* | Acc: *94.898%* (47449/50000) 
Test epoch: 46 | Loss: *0.703* | Acc: *79.290%* (7929/10000)
Train epoch: 47 | Loss: *0.130* | Acc: *95.742%* (47871/50000) 
Test epoch: 47 | Loss: *0.670* | Acc: *80.970%* (8097/10000)
Train epoch: 48 | Loss: *0.138* | Acc: *95.328%* (47664/50000) 
Test epoch: 48 | Loss: *0.646* | Acc: *81.820%* (8182/10000)
Train epoch: 49 | Loss: *0.134* | Acc: *95.438%* (47719/50000) 
Test epoch: 49 | Loss: *0.634* | Acc: *81.510%* (8151/10000)
Train epoch: 50 | Loss: *0.131* | Acc: *95.624%* (47812/50000) 
Test epoch: 50 | Loss: *0.666* | Acc: *80.300%* (8030/10000)
Train epoch: 51 | Loss: *0.122* | Acc: *95.954%* (47977/50000) 
Test epoch: 51 | Loss: *0.712* | Acc: *80.160%* (8016/10000)
Train epoch: 52 | Loss: *0.132* | Acc: *95.502%* (47751/50000) 
Test epoch: 52 | Loss: *0.634* | Acc: *81.760%* (8176/10000)
Train epoch: 53 | Loss: *0.120* | Acc: *95.942%* (47971/50000) 
Test epoch: 53 | Loss: *0.610* | Acc: *82.180%* (8218/10000)
Train epoch: 54 | Loss: *0.120* | Acc: *95.966%* (47983/50000) 
Test epoch: 54 | Loss: *0.614* | Acc: *81.890%* (8189/10000)
Train epoch: 55 | Loss: *0.120* | Acc: *95.970%* (47985/50000) 
Test epoch: 55 | Loss: *0.678* | Acc: *80.820%* (8082/10000)
Train epoch: 56 | Loss: *0.115* | Acc: *96.132%* (48066/50000) 
Test epoch: 56 | Loss: *0.695* | Acc: *80.220%* (8022/10000)
Train epoch: 57 | Loss: *0.111* | Acc: *96.280%* (48140/50000) 
Test epoch: 57 | Loss: *0.769* | Acc: *78.780%* (7878/10000)
Train epoch: 58 | Loss: *0.114* | Acc: *96.208%* (48104/50000) 
Test epoch: 58 | Loss: *0.595* | Acc: *83.000%* (8300/10000)
Train epoch: 59 | Loss: *0.097* | Acc: *96.864%* (48432/50000) 
Test epoch: 59 | Loss: *1.045* | Acc: *71.590%* (7159/10000)
Train epoch: 60 | Loss: *0.113* | Acc: *96.232%* (48116/50000) 
Test epoch: 60 | Loss: *0.658* | Acc: *82.150%* (8215/10000)
Train epoch: 61 | Loss: *0.100* | Acc: *96.738%* (48369/50000) 
Test epoch: 61 | Loss: *0.759* | Acc: *80.090%* (8009/10000)
Train epoch: 62 | Loss: *0.106* | Acc: *96.488%* (48244/50000) 
Test epoch: 62 | Loss: *0.649* | Acc: *82.240%* (8224/10000)
Train epoch: 63 | Loss: *0.091* | Acc: *97.006%* (48503/50000) 
Test epoch: 63 | Loss: *0.753* | Acc: *79.450%* (7945/10000)
Train epoch: 64 | Loss: *0.099* | Acc: *96.710%* (48355/50000) 
Test epoch: 64 | Loss: *0.789* | Acc: *78.860%* (7886/10000)
Train epoch: 65 | Loss: *0.097* | Acc: *96.770%* (48385/50000) 
Test epoch: 65 | Loss: *0.669* | Acc: *82.090%* (8209/10000)
Train epoch: 66 | Loss: *0.097* | Acc: *96.830%* (48415/50000) 
Test epoch: 66 | Loss: *0.866* | Acc: *78.450%* (7845/10000)
Train epoch: 67 | Loss: *0.093* | Acc: *96.944%* (48472/50000) 
Test epoch: 67 | Loss: *0.766* | Acc: *80.190%* (8019/10000)
Train epoch: 68 | Loss: *0.086* | Acc: *97.306%* (48653/50000) 
Test epoch: 68 | Loss: *0.682* | Acc: *82.090%* (8209/10000)
Train epoch: 69 | Loss: *0.083* | Acc: *97.272%* (48636/50000) 
Test epoch: 69 | Loss: *0.824* | Acc: *79.960%* (7996/10000)
Train epoch: 70 | Loss: *0.082* | Acc: *97.450%* (48725/50000) 
Test epoch: 70 | Loss: *0.611* | Acc: *82.740%* (8274/10000)
Train epoch: 71 | Loss: *0.092* | Acc: *96.920%* (48460/50000) 
Test epoch: 71 | Loss: *0.622* | Acc: *82.330%* (8233/10000)
Train epoch: 72 | Loss: *0.084* | Acc: *97.338%* (48669/50000) 
Test epoch: 72 | Loss: *0.639* | Acc: *81.670%* (8167/10000)
Train epoch: 73 | Loss: *0.082* | Acc: *97.358%* (48679/50000) 
Test epoch: 73 | Loss: *0.651* | Acc: *82.580%* (8258/10000)
Train epoch: 74 | Loss: *0.078* | Acc: *97.482%* (48741/50000) 
Test epoch: 74 | Loss: *0.626* | Acc: *82.430%* (8243/10000)
Train epoch: 75 | Loss: *0.077* | Acc: *97.536%* (48768/50000) 
Test epoch: 75 | Loss: *0.660* | Acc: *82.050%* (8205/10000)
Train epoch: 76 | Loss: *0.077* | Acc: *97.526%* (48763/50000) 
Test epoch: 76 | Loss: *0.632* | Acc: *82.800%* (8280/10000)
Train epoch: 77 | Loss: *0.076* | Acc: *97.592%* (48796/50000) 
Test epoch: 77 | Loss: *0.628* | Acc: *82.590%* (8259/10000)
Train epoch: 78 | Loss: *0.069* | Acc: *97.840%* (48920/50000) 
Test epoch: 78 | Loss: *0.693* | Acc: *81.180%* (8118/10000)
Train epoch: 79 | Loss: *0.068* | Acc: *97.938%* (48969/50000) 
Test epoch: 79 | Loss: *0.670* | Acc: *82.190%* (8219/10000)
Train epoch: 80 | Loss: *0.075* | Acc: *97.606%* (48803/50000) 
Test epoch: 80 | Loss: *0.661* | Acc: *81.800%* (8180/10000)
Train epoch: 81 | Loss: *0.064* | Acc: *97.978%* (48989/50000) 
Test epoch: 81 | Loss: *0.670* | Acc: *82.440%* (8244/10000)
Train epoch: 82 | Loss: *0.068* | Acc: *97.894%* (48947/50000) 
Test epoch: 82 | Loss: *0.605* | Acc: *83.460%* (8346/10000)
Train epoch: 83 | Loss: *0.067* | Acc: *97.912%* (48956/50000) 
Test epoch: 83 | Loss: *0.712* | Acc: *80.730%* (8073/10000)
Train epoch: 84 | Loss: *0.073* | Acc: *97.628%* (48814/50000) 
Test epoch: 84 | Loss: *0.734* | Acc: *80.900%* (8090/10000)
Train epoch: 85 | Loss: *0.053* | Acc: *98.470%* (49235/50000) 
Test epoch: 85 | Loss: *0.606* | Acc: *83.030%* (8303/10000)
Train epoch: 86 | Loss: *0.062* | Acc: *98.112%* (49056/50000) 
Test epoch: 86 | Loss: *0.699* | Acc: *80.730%* (8073/10000)
Train epoch: 87 | Loss: *0.057* | Acc: *98.298%* (49149/50000) 
Test epoch: 87 | Loss: *0.624* | Acc: *83.320%* (8332/10000)
Train epoch: 88 | Loss: *0.057* | Acc: *98.318%* (49159/50000) 
Test epoch: 88 | Loss: *0.761* | Acc: *81.230%* (8123/10000)
Train epoch: 89 | Loss: *0.058* | Acc: *98.218%* (49109/50000) 
Test epoch: 89 | Loss: *0.743* | Acc: *80.900%* (8090/10000)
Train epoch: 90 | Loss: *0.055* | Acc: *98.284%* (49142/50000) 
Test epoch: 90 | Loss: *0.705* | Acc: *81.020%* (8102/10000)
Train epoch: 91 | Loss: *0.055* | Acc: *98.414%* (49207/50000) 
Test epoch: 91 | Loss: *0.605* | Acc: *83.860%* (8386/10000)
Train epoch: 92 | Loss: *0.053* | Acc: *98.422%* (49211/50000) 
Test epoch: 92 | Loss: *0.589* | Acc: *83.870%* (8387/10000)
Train epoch: 93 | Loss: *0.049* | Acc: *98.624%* (49312/50000) 
Test epoch: 93 | Loss: *0.582* | Acc: *83.890%* (8389/10000)
Train epoch: 94 | Loss: *0.054* | Acc: *98.380%* (49190/50000) 
Test epoch: 94 | Loss: *0.688* | Acc: *82.230%* (8223/10000)
Train epoch: 95 | Loss: *0.049* | Acc: *98.538%* (49269/50000) 
Test epoch: 95 | Loss: *0.888* | Acc: *78.540%* (7854/10000)
Train epoch: 96 | Loss: *0.048* | Acc: *98.660%* (49330/50000) 
Test epoch: 96 | Loss: *0.918* | Acc: *78.560%* (7856/10000)
Train epoch: 97 | Loss: *0.055* | Acc: *98.374%* (49187/50000) 
Test epoch: 97 | Loss: *0.684* | Acc: *82.130%* (8213/10000)
Train epoch: 98 | Loss: *0.047* | Acc: *98.656%* (49328/50000) 
Test epoch: 98 | Loss: *0.666* | Acc: *82.730%* (8273/10000)
Train epoch: 99 | Loss: *0.034* | Acc: *99.134%* (49567/50000) 
Test epoch: 99 | Loss: *0.622* | Acc: *84.200%* (8420/10000)
Train epoch: 100 | Loss: *0.047* | Acc: *98.668%* (49334/50000) 
Test epoch: 100 | Loss: *0.788* | Acc: *80.550%* (8055/10000)
Train epoch: 101 | Loss: *0.054* | Acc: *98.376%* (49188/50000) 
Test epoch: 101 | Loss: *0.770* | Acc: *81.030%* (8103/10000)
Train epoch: 102 | Loss: *0.042* | Acc: *98.814%* (49407/50000) 
Test epoch: 102 | Loss: *0.656* | Acc: *82.580%* (8258/10000)
Train epoch: 103 | Loss: *0.027* | Acc: *99.398%* (49699/50000) 
Test epoch: 103 | Loss: *0.630* | Acc: *83.670%* (8367/10000)
Train epoch: 104 | Loss: *0.034* | Acc: *99.142%* (49571/50000) 
Test epoch: 104 | Loss: *0.632* | Acc: *83.430%* (8343/10000)
Train epoch: 105 | Loss: *0.050* | Acc: *98.530%* (49265/50000) 
Test epoch: 105 | Loss: *0.616* | Acc: *83.310%* (8331/10000)
Train epoch: 106 | Loss: *0.038* | Acc: *99.024%* (49512/50000) 
Test epoch: 106 | Loss: *0.684* | Acc: *82.620%* (8262/10000)
Train epoch: 107 | Loss: *0.042* | Acc: *98.832%* (49416/50000) 
Test epoch: 107 | Loss: *0.688* | Acc: *82.240%* (8224/10000)
Train epoch: 108 | Loss: *0.040* | Acc: *98.902%* (49451/50000) 
Test epoch: 108 | Loss: *0.612* | Acc: *83.670%* (8367/10000)
Train epoch: 109 | Loss: *0.034* | Acc: *99.092%* (49546/50000) 
Test epoch: 109 | Loss: *0.614* | Acc: *83.450%* (8345/10000)
Train epoch: 110 | Loss: *0.033* | Acc: *99.132%* (49566/50000) 
Test epoch: 110 | Loss: *0.654* | Acc: *82.600%* (8260/10000)
Train epoch: 111 | Loss: *0.021* | Acc: *99.570%* (49785/50000) 
Test epoch: 111 | Loss: *0.653* | Acc: *82.940%* (8294/10000)
Train epoch: 112 | Loss: *0.033* | Acc: *99.136%* (49568/50000) 
Test epoch: 112 | Loss: *0.693* | Acc: *82.120%* (8212/10000)
Train epoch: 113 | Loss: *0.040* | Acc: *98.854%* (49427/50000) 
Test epoch: 113 | Loss: *0.713* | Acc: *81.490%* (8149/10000)
Train epoch: 114 | Loss: *0.040* | Acc: *98.860%* (49430/50000) 
Test epoch: 114 | Loss: *0.662* | Acc: *82.830%* (8283/10000)
Train epoch: 115 | Loss: *0.025* | Acc: *99.400%* (49700/50000) 
Test epoch: 115 | Loss: *0.685* | Acc: *82.250%* (8225/10000)
Train epoch: 116 | Loss: *0.013* | Acc: *99.812%* (49906/50000) 
Test epoch: 116 | Loss: *0.623* | Acc: *83.930%* (8393/10000)
Train epoch: 117 | Loss: *0.018* | Acc: *99.644%* (49822/50000) 
Test epoch: 117 | Loss: *0.692* | Acc: *81.360%* (8136/10000)
Train epoch: 118 | Loss: *0.062* | Acc: *98.114%* (49057/50000) 
Test epoch: 118 | Loss: *0.645* | Acc: *82.120%* (8212/10000)
Train epoch: 119 | Loss: *0.029* | Acc: *99.324%* (49662/50000) 
Test epoch: 119 | Loss: *0.680* | Acc: *82.670%* (8267/10000)
Train epoch: 120 | Loss: *0.015* | Acc: *99.766%* (49883/50000) 
Test epoch: 120 | Loss: *0.573* | Acc: *84.980%* (8498/10000)
Train epoch: 121 | Loss: *0.009* | Acc: *99.926%* (49963/50000) 
Test epoch: 121 | Loss: *0.543* | Acc: *85.000%* (8500/10000)
Train epoch: 122 | Loss: *0.008* | Acc: *99.940%* (49970/50000) 
Test epoch: 122 | Loss: *0.599* | Acc: *84.440%* (8444/10000)
Train epoch: 123 | Loss: *0.032* | Acc: *99.168%* (49584/50000) 
Test epoch: 123 | Loss: *0.864* | Acc: *78.000%* (7800/10000)
Train epoch: 124 | Loss: *0.059* | Acc: *98.324%* (49162/50000) 
Test epoch: 124 | Loss: *0.773* | Acc: *80.110%* (8011/10000)
Train epoch: 125 | Loss: *0.022* | Acc: *99.524%* (49762/50000) 
Test epoch: 125 | Loss: *0.571* | Acc: *84.770%* (8477/10000)
Train epoch: 126 | Loss: *0.011* | Acc: *99.862%* (49931/50000) 
Test epoch: 126 | Loss: *0.582* | Acc: *84.420%* (8442/10000)
Train epoch: 127 | Loss: *0.009* | Acc: *99.902%* (49951/50000) 
Test epoch: 127 | Loss: *0.548* | Acc: *85.170%* (8517/10000)
Train epoch: 128 | Loss: *0.013* | Acc: *99.804%* (49902/50000) 
Test epoch: 128 | Loss: *0.608* | Acc: *83.980%* (8398/10000)
Train epoch: 129 | Loss: *0.032* | Acc: *99.270%* (49635/50000) 
Test epoch: 129 | Loss: *0.673* | Acc: *82.110%* (8211/10000)
Train epoch: 130 | Loss: *0.034* | Acc: *99.214%* (49607/50000) 
Test epoch: 130 | Loss: *0.686* | Acc: *82.370%* (8237/10000)
Train epoch: 131 | Loss: *0.016* | Acc: *99.768%* (49884/50000) 
Test epoch: 131 | Loss: *0.538* | Acc: *85.620%* (8562/10000)
Train epoch: 132 | Loss: *0.007* | Acc: *99.960%* (49980/50000) 
Test epoch: 132 | Loss: *0.539* | Acc: *85.570%* (8557/10000)
Train epoch: 133 | Loss: *0.006* | Acc: *99.960%* (49980/50000) 
Test epoch: 133 | Loss: *0.547* | Acc: *85.060%* (8506/10000)
Train epoch: 134 | Loss: *0.005* | Acc: *99.982%* (49991/50000) 
Test epoch: 134 | Loss: *0.560* | Acc: *84.940%* (8494/10000)
Train epoch: 135 | Loss: *0.028* | Acc: *99.378%* (49689/50000) 
Test epoch: 135 | Loss: *0.703* | Acc: *80.600%* (8060/10000)
Train epoch: 136 | Loss: *0.046* | Acc: *98.760%* (49380/50000) 
Test epoch: 136 | Loss: *0.582* | Acc: *83.980%* (8398/10000)
Train epoch: 137 | Loss: *0.014* | Acc: *99.788%* (49894/50000) 
Test epoch: 137 | Loss: *0.588* | Acc: *84.470%* (8447/10000)
Train epoch: 138 | Loss: *0.005* | Acc: *99.988%* (49994/50000) 
Test epoch: 138 | Loss: *0.523* | Acc: *85.790%* (8579/10000)
Train epoch: 139 | Loss: *0.004* | Acc: *99.992%* (49996/50000) 
Test epoch: 139 | Loss: *0.524* | Acc: *85.900%* (8590/10000)
Train epoch: 140 | Loss: *0.004* | Acc: *99.996%* (49998/50000) 
Test epoch: 140 | Loss: *0.519* | Acc: *85.420%* (8542/10000)
Train epoch: 141 | Loss: *0.004* | Acc: *100.000%* (50000/50000) 
Test epoch: 141 | Loss: *0.517* | Acc: *85.540%* (8554/10000)
Train epoch: 142 | Loss: *0.005* | Acc: *100.000%* (50000/50000) 
Test epoch: 142 | Loss: *0.530* | Acc: *84.950%* (8495/10000)
Train epoch: 143 | Loss: *0.055* | Acc: *98.500%* (49250/50000) 
Test epoch: 143 | Loss: *0.602* | Acc: *82.830%* (8283/10000)
Train epoch: 144 | Loss: *0.022* | Acc: *99.664%* (49832/50000) 
Test epoch: 144 | Loss: *0.545* | Acc: *84.730%* (8473/10000)
Train epoch: 145 | Loss: *0.006* | Acc: *99.978%* (49989/50000) 
Test epoch: 145 | Loss: *0.518* | Acc: *85.460%* (8546/10000)
Train epoch: 146 | Loss: *0.004* | Acc: *100.000%* (50000/50000) 
Test epoch: 146 | Loss: *0.509* | Acc: *85.540%* (8554/10000)
Train epoch: 147 | Loss: *0.003* | Acc: *100.000%* (50000/50000) 
Test epoch: 147 | Loss: *0.510* | Acc: *85.540%* (8554/10000)
Train epoch: 148 | Loss: *0.003* | Acc: *100.000%* (50000/50000) 
Test epoch: 148 | Loss: *0.512* | Acc: *85.440%* (8544/10000)
Train epoch: 149 | Loss: *0.003* | Acc: *100.000%* (50000/50000) 
Test epoch: 149 | Loss: *0.509* | Acc: *85.160%* (8516/10000)
Train epoch: 150 | Loss: *0.005* | Acc: *99.992%* (49996/50000) 
Test epoch: 150 | Loss: *0.534* | Acc: *84.780%* (8478/10000)
Train epoch: 151 | Loss: *0.019* | Acc: *99.618%* (49809/50000) 
Test epoch: 151 | Loss: *0.710* | Acc: *79.930%* (7993/10000)
Train epoch: 152 | Loss: *0.035* | Acc: *99.300%* (49650/50000) 
Test epoch: 152 | Loss: *0.567* | Acc: *84.370%* (8437/10000)
Train epoch: 153 | Loss: *0.008* | Acc: *99.964%* (49982/50000) 
Test epoch: 153 | Loss: *0.525* | Acc: *85.170%* (8517/10000)
Train epoch: 154 | Loss: *0.004* | Acc: *99.996%* (49998/50000) 
Test epoch: 154 | Loss: *0.532* | Acc: *85.120%* (8512/10000)
Train epoch: 155 | Loss: *0.003* | Acc: *100.000%* (50000/50000) 
Test epoch: 155 | Loss: *0.508* | Acc: *85.570%* (8557/10000)
Train epoch: 156 | Loss: *0.003* | Acc: *100.000%* (50000/50000) 
Test epoch: 156 | Loss: *0.505* | Acc: *85.370%* (8537/10000)
Train epoch: 157 | Loss: *0.003* | Acc: *99.998%* (49999/50000) 
Test epoch: 157 | Loss: *0.536* | Acc: *84.550%* (8455/10000)
Train epoch: 158 | Loss: *0.003* | Acc: *100.000%* (50000/50000) 
Test epoch: 158 | Loss: *0.512* | Acc: *85.180%* (8518/10000)
Train epoch: 159 | Loss: *0.004* | Acc: *99.992%* (49996/50000) 
Test epoch: 159 | Loss: *0.546* | Acc: *83.890%* (8389/10000)
Train epoch: 160 | Loss: *0.018* | Acc: *99.800%* (49900/50000) 
Test epoch: 160 | Loss: *0.599* | Acc: *83.160%* (8316/10000)
Train epoch: 161 | Loss: *0.008* | Acc: *99.960%* (49980/50000) 
Test epoch: 161 | Loss: *0.525* | Acc: *85.240%* (8524/10000)
Train epoch: 162 | Loss: *0.004* | Acc: *100.000%* (50000/50000) 
Test epoch: 162 | Loss: *0.525* | Acc: *84.990%* (8499/10000)
Train epoch: 163 | Loss: *0.003* | Acc: *99.996%* (49998/50000) 
Test epoch: 163 | Loss: *0.505* | Acc: *85.320%* (8532/10000)
Train epoch: 164 | Loss: *0.003* | Acc: *100.000%* (50000/50000) 
Test epoch: 164 | Loss: *0.514* | Acc: *85.110%* (8511/10000)
Train epoch: 165 | Loss: *0.003* | Acc: *100.000%* (50000/50000) 
Test epoch: 165 | Loss: *0.514* | Acc: *85.000%* (8500/10000)
Train epoch: 166 | Loss: *0.003* | Acc: *100.000%* (50000/50000) 
Test epoch: 166 | Loss: *0.510* | Acc: *84.900%* (8490/10000)
Train epoch: 167 | Loss: *0.003* | Acc: *100.000%* (50000/50000) 
Test epoch: 167 | Loss: *0.517* | Acc: *84.700%* (8470/10000)
Train epoch: 168 | Loss: *0.003* | Acc: *100.000%* (50000/50000) 
Test epoch: 168 | Loss: *0.510* | Acc: *85.220%* (8522/10000)
Train epoch: 169 | Loss: *0.003* | Acc: *100.000%* (50000/50000) 
Test epoch: 169 | Loss: *0.528* | Acc: *84.560%* (8456/10000)
Train epoch: 170 | Loss: *0.004* | Acc: *99.978%* (49989/50000) 
Test epoch: 170 | Loss: *0.632* | Acc: *82.090%* (8209/10000)
Train epoch: 171 | Loss: *0.007* | Acc: *99.972%* (49986/50000) 
Test epoch: 171 | Loss: *0.524* | Acc: *84.990%* (8499/10000)
Train epoch: 172 | Loss: *0.003* | Acc: *100.000%* (50000/50000) 
Test epoch: 172 | Loss: *0.515* | Acc: *84.950%* (8495/10000)
Train epoch: 173 | Loss: *0.003* | Acc: *100.000%* (50000/50000) 
Test epoch: 173 | Loss: *0.513* | Acc: *84.890%* (8489/10000)
Train epoch: 174 | Loss: *0.003* | Acc: *100.000%* (50000/50000) 
Test epoch: 174 | Loss: *0.521* | Acc: *84.890%* (8489/10000)
Train epoch: 175 | Loss: *0.003* | Acc: *99.996%* (49998/50000) 
Test epoch: 175 | Loss: *0.516* | Acc: *85.000%* (8500/10000)
Train epoch: 176 | Loss: *0.003* | Acc: *100.000%* (50000/50000) 
Test epoch: 176 | Loss: *0.509* | Acc: *85.030%* (8503/10000)
Train epoch: 177 | Loss: *0.003* | Acc: *100.000%* (50000/50000) 
Test epoch: 177 | Loss: *0.511* | Acc: *84.950%* (8495/10000)
Train epoch: 178 | Loss: *0.003* | Acc: *100.000%* (50000/50000) 
Test epoch: 178 | Loss: *0.514* | Acc: *84.910%* (8491/10000)
Train epoch: 179 | Loss: *0.003* | Acc: *100.000%* (50000/50000) 
Test epoch: 179 | Loss: *0.516* | Acc: *84.940%* (8494/10000)
Train epoch: 180 | Loss: *0.003* | Acc: *100.000%* (50000/50000) 
Test epoch: 180 | Loss: *0.521* | Acc: *84.550%* (8455/10000)
Train epoch: 181 | Loss: *0.003* | Acc: *100.000%* (50000/50000) 
Test epoch: 181 | Loss: *0.516* | Acc: *84.810%* (8481/10000)
Train epoch: 182 | Loss: *0.003* | Acc: *100.000%* (50000/50000) 
Test epoch: 182 | Loss: *0.513* | Acc: *84.840%* (8484/10000)
Train epoch: 183 | Loss: *0.003* | Acc: *100.000%* (50000/50000) 
Test epoch: 183 | Loss: *0.524* | Acc: *84.450%* (8445/10000)
Train epoch: 184 | Loss: *0.002* | Acc: *100.000%* (50000/50000) 
Test epoch: 184 | Loss: *0.518* | Acc: *84.710%* (8471/10000)
Train epoch: 185 | Loss: *0.002* | Acc: *100.000%* (50000/50000) 
Test epoch: 185 | Loss: *0.520* | Acc: *84.670%* (8467/10000)
Train epoch: 186 | Loss: *0.002* | Acc: *100.000%* (50000/50000) 
Test epoch: 186 | Loss: *0.522* | Acc: *84.490%* (8449/10000)
Train epoch: 187 | Loss: *0.002* | Acc: *100.000%* (50000/50000) 
Test epoch: 187 | Loss: *0.523* | Acc: *84.700%* (8470/10000)
Train epoch: 188 | Loss: *0.002* | Acc: *100.000%* (50000/50000) 
Test epoch: 188 | Loss: *0.520* | Acc: *84.540%* (8454/10000)
Train epoch: 189 | Loss: *0.002* | Acc: *100.000%* (50000/50000) 
Test epoch: 189 | Loss: *0.520* | Acc: *84.330%* (8433/10000)
Train epoch: 190 | Loss: *0.002* | Acc: *100.000%* (50000/50000) 
Test epoch: 190 | Loss: *0.517* | Acc: *84.420%* (8442/10000)
Train epoch: 191 | Loss: *0.002* | Acc: *100.000%* (50000/50000) 
Test epoch: 191 | Loss: *0.520* | Acc: *84.450%* (8445/10000)
Train epoch: 192 | Loss: *0.002* | Acc: *100.000%* (50000/50000) 
Test epoch: 192 | Loss: *0.520* | Acc: *84.370%* (8437/10000)
Train epoch: 193 | Loss: *0.002* | Acc: *100.000%* (50000/50000) 
Test epoch: 193 | Loss: *0.522* | Acc: *84.420%* (8442/10000)
Train epoch: 194 | Loss: *0.002* | Acc: *100.000%* (50000/50000) 
Test epoch: 194 | Loss: *0.523* | Acc: *84.390%* (8439/10000)
Train epoch: 195 | Loss: *0.002* | Acc: *100.000%* (50000/50000) 
Test epoch: 195 | Loss: *0.521* | Acc: *84.310%* (8431/10000)
Train epoch: 196 | Loss: *0.002* | Acc: *100.000%* (50000/50000) 
Test epoch: 196 | Loss: *0.521* | Acc: *84.370%* (8437/10000)
Train epoch: 197 | Loss: *0.002* | Acc: *100.000%* (50000/50000) 
Test epoch: 197 | Loss: *0.519* | Acc: *84.480%* (8448/10000)
Train epoch: 198 | Loss: *0.002* | Acc: *99.998%* (49999/50000) 
Test epoch: 198 | Loss: *0.520* | Acc: *84.410%* (8441/10000)
Train epoch: 199 | Loss: *0.002* | Acc: *100.000%* (50000/50000) 
Test epoch: 199 | Loss: *0.518* | Acc: *84.490%* (8449/10000)
Train epoch: 200 | Loss: *0.002* | Acc: *100.000%* (50000/50000) 
Test epoch: 200 | Loss: *0.520* | Acc: *84.310%* (8431/10000)
Train epoch: 201 | Loss: *0.002* | Acc: *100.000%* (50000/50000) 
Test epoch: 201 | Loss: *0.519* | Acc: *84.370%* (8437/10000)
Train epoch: 202 | Loss: *0.002* | Acc: *100.000%* (50000/50000) 
Test epoch: 202 | Loss: *0.520* | Acc: *84.430%* (8443/10000)
Train epoch: 203 | Loss: *0.002* | Acc: *100.000%* (50000/50000) 
Test epoch: 203 | Loss: *0.521* | Acc: *84.300%* (8430/10000)
Train epoch: 204 | Loss: *0.002* | Acc: *100.000%* (50000/50000) 
Test epoch: 204 | Loss: *0.519* | Acc: *84.360%* (8436/10000)
Train epoch: 205 | Loss: *0.002* | Acc: *100.000%* (50000/50000) 
Test epoch: 205 | Loss: *0.521* | Acc: *84.340%* (8434/10000)
Train epoch: 206 | Loss: *0.002* | Acc: *100.000%* (50000/50000) 
Test epoch: 206 | Loss: *0.518* | Acc: *84.500%* (8450/10000)
Train epoch: 207 | Loss: *0.002* | Acc: *100.000%* (50000/50000) 
Test epoch: 207 | Loss: *0.518* | Acc: *84.430%* (8443/10000)
Train epoch: 208 | Loss: *0.002* | Acc: *100.000%* (50000/50000) 
Test epoch: 208 | Loss: *0.520* | Acc: *84.350%* (8435/10000)
Train epoch: 209 | Loss: *0.002* | Acc: *100.000%* (50000/50000) 
Test epoch: 209 | Loss: *0.521* | Acc: *84.430%* (8443/10000)
Train epoch: 210 | Loss: *0.002* | Acc: *100.000%* (50000/50000) 
Test epoch: 210 | Loss: *0.524* | Acc: *84.230%* (8423/10000)
Train epoch: 211 | Loss: *0.002* | Acc: *100.000%* (50000/50000) 
Test epoch: 211 | Loss: *0.527* | Acc: *84.390%* (8439/10000)
Train epoch: 212 | Loss: *0.002* | Acc: *100.000%* (50000/50000) 
Test epoch: 212 | Loss: *0.530* | Acc: *84.130%* (8413/10000)
Train epoch: 213 | Loss: *0.002* | Acc: *100.000%* (50000/50000) 
Test epoch: 213 | Loss: *0.525* | Acc: *84.380%* (8438/10000)
Train epoch: 214 | Loss: *0.002* | Acc: *100.000%* (50000/50000) 
Test epoch: 214 | Loss: *0.527* | Acc: *84.260%* (8426/10000)
Train epoch: 215 | Loss: *0.002* | Acc: *100.000%* (50000/50000) 
Test epoch: 215 | Loss: *0.528* | Acc: *84.080%* (8408/10000)
Train epoch: 216 | Loss: *0.002* | Acc: *100.000%* (50000/50000) 
Test epoch: 216 | Loss: *0.538* | Acc: *83.980%* (8398/10000)
Train epoch: 217 | Loss: *0.003* | Acc: *100.000%* (50000/50000) 
Test epoch: 217 | Loss: *0.534* | Acc: *84.120%* (8412/10000)
Train epoch: 218 | Loss: *0.003* | Acc: *100.000%* (50000/50000) 
Test epoch: 218 | Loss: *0.541* | Acc: *84.030%* (8403/10000)
Train epoch: 219 | Loss: *0.003* | Acc: *99.998%* (49999/50000) 
Test epoch: 219 | Loss: *0.534* | Acc: *84.090%* (8409/10000)
Train epoch: 220 | Loss: *0.003* | Acc: *100.000%* (50000/50000) 
Test epoch: 220 | Loss: *0.543* | Acc: *83.780%* (8378/10000)
Train epoch: 221 | Loss: *0.003* | Acc: *100.000%* (50000/50000) 
Test epoch: 221 | Loss: *0.540* | Acc: *83.690%* (8369/10000)
Train epoch: 222 | Loss: *0.004* | Acc: *99.986%* (49993/50000) 
Test epoch: 222 | Loss: *0.629* | Acc: *81.430%* (8143/10000)
Train epoch: 223 | Loss: *0.005* | Acc: *99.996%* (49998/50000) 
Test epoch: 223 | Loss: *0.542* | Acc: *84.000%* (8400/10000)
Train epoch: 224 | Loss: *0.003* | Acc: *100.000%* (50000/50000) 
Test epoch: 224 | Loss: *0.545* | Acc: *83.990%* (8399/10000)
Train epoch: 225 | Loss: *0.003* | Acc: *100.000%* (50000/50000) 
Test epoch: 225 | Loss: *0.545* | Acc: *83.750%* (8375/10000)
Train epoch: 226 | Loss: *0.002* | Acc: *100.000%* (50000/50000) 
Test epoch: 226 | Loss: *0.548* | Acc: *84.150%* (8415/10000)
Train epoch: 227 | Loss: *0.002* | Acc: *100.000%* (50000/50000) 
Test epoch: 227 | Loss: *0.553* | Acc: *83.790%* (8379/10000)
Train epoch: 228 | Loss: *0.012* | Acc: *99.844%* (49922/50000) 
Test epoch: 228 | Loss: *0.696* | Acc: *79.860%* (7986/10000)
Train epoch: 229 | Loss: *0.018* | Acc: *99.808%* (49904/50000) 
Test epoch: 229 | Loss: *0.565* | Acc: *83.160%* (8316/10000)
Train epoch: 230 | Loss: *0.005* | Acc: *100.000%* (50000/50000) 
Test epoch: 230 | Loss: *0.548* | Acc: *84.220%* (8422/10000)
Train epoch: 231 | Loss: *0.003* | Acc: *100.000%* (50000/50000) 
Test epoch: 231 | Loss: *0.537* | Acc: *84.400%* (8440/10000)
Train epoch: 232 | Loss: *0.003* | Acc: *99.996%* (49998/50000) 
Test epoch: 232 | Loss: *0.548* | Acc: *84.040%* (8404/10000)
Train epoch: 233 | Loss: *0.003* | Acc: *100.000%* (50000/50000) 
Test epoch: 233 | Loss: *0.556* | Acc: *84.170%* (8417/10000)
Train epoch: 234 | Loss: *0.002* | Acc: *100.000%* (50000/50000) 
Test epoch: 234 | Loss: *0.577* | Acc: *83.600%* (8360/10000)
Train epoch: 235 | Loss: *0.042* | Acc: *99.058%* (49529/50000) 
Test epoch: 235 | Loss: *0.617* | Acc: *82.570%* (8257/10000)
Train epoch: 236 | Loss: *0.016* | Acc: *99.830%* (49915/50000) 
Test epoch: 236 | Loss: *0.554* | Acc: *83.940%* (8394/10000)
Train epoch: 237 | Loss: *0.006* | Acc: *99.996%* (49998/50000) 
Test epoch: 237 | Loss: *0.554* | Acc: *84.580%* (8458/10000)
Train epoch: 238 | Loss: *0.003* | Acc: *100.000%* (50000/50000) 
Test epoch: 238 | Loss: *0.538* | Acc: *84.500%* (8450/10000)
Train epoch: 239 | Loss: *0.003* | Acc: *100.000%* (50000/50000) 
Test epoch: 239 | Loss: *0.546* | Acc: *84.440%* (8444/10000)
Train epoch: 240 | Loss: *0.003* | Acc: *100.000%* (50000/50000) 
Test epoch: 240 | Loss: *0.546* | Acc: *84.150%* (8415/10000)
Train epoch: 241 | Loss: *0.003* | Acc: *100.000%* (50000/50000) 
Test epoch: 241 | Loss: *0.567* | Acc: *83.880%* (8388/10000)
Train epoch: 242 | Loss: *0.003* | Acc: *100.000%* (50000/50000) 
Test epoch: 242 | Loss: *0.588* | Acc: *83.310%* (8331/10000)
Train epoch: 243 | Loss: *0.103* | Acc: *97.062%* (48531/50000) 
Test epoch: 243 | Loss: *0.621* | Acc: *82.110%* (8211/10000)
Train epoch: 244 | Loss: *0.029* | Acc: *99.486%* (49743/50000) 
Test epoch: 244 | Loss: *0.585* | Acc: *83.250%* (8325/10000)
Train epoch: 245 | Loss: *0.010* | Acc: *99.934%* (49967/50000) 
Test epoch: 245 | Loss: *0.574* | Acc: *84.090%* (8409/10000)
Train epoch: 246 | Loss: *0.006* | Acc: *99.978%* (49989/50000) 
Test epoch: 246 | Loss: *0.584* | Acc: *84.140%* (8414/10000)
Train epoch: 247 | Loss: *0.011* | Acc: *99.870%* (49935/50000) 
Test epoch: 247 | Loss: *0.709* | Acc: *80.440%* (8044/10000)
Train epoch: 248 | Loss: *0.058* | Acc: *98.398%* (49199/50000) 
Test epoch: 248 | Loss: *0.716* | Acc: *80.690%* (8069/10000)
Train epoch: 249 | Loss: *0.029* | Acc: *99.382%* (49691/50000) 
Test epoch: 249 | Loss: *0.615* | Acc: *83.220%* (8322/10000)
Train epoch: 250 | Loss: *0.015* | Acc: *99.756%* (49878/50000) 
Test epoch: 250 | Loss: *0.616* | Acc: *82.890%* (8289/10000)
Train epoch: 251 | Loss: *0.011* | Acc: *99.866%* (49933/50000) 
Test epoch: 251 | Loss: *0.735* | Acc: *80.900%* (8090/10000)
Train epoch: 252 | Loss: *0.028* | Acc: *99.300%* (49650/50000) 
Test epoch: 252 | Loss: *0.752* | Acc: *80.040%* (8004/10000)
Train epoch: 253 | Loss: *0.044* | Acc: *98.800%* (49400/50000) 
Test epoch: 253 | Loss: *0.686* | Acc: *81.950%* (8195/10000)
Train epoch: 254 | Loss: *0.029* | Acc: *99.296%* (49648/50000) 
Test epoch: 254 | Loss: *0.678* | Acc: *82.400%* (8240/10000)
Train epoch: 255 | Loss: *0.024* | Acc: *99.462%* (49731/50000) 
Test epoch: 255 | Loss: *0.644* | Acc: *82.670%* (8267/10000)
Train epoch: 256 | Loss: *0.021* | Acc: *99.536%* (49768/50000) 
Test epoch: 256 | Loss: *0.695* | Acc: *81.950%* (8195/10000)
Train epoch: 257 | Loss: *0.035* | Acc: *99.060%* (49530/50000) 
Test epoch: 257 | Loss: *0.634* | Acc: *82.610%* (8261/10000)
Train epoch: 258 | Loss: *0.027* | Acc: *99.332%* (49666/50000) 
Test epoch: 258 | Loss: *0.619* | Acc: *82.860%* (8286/10000)
Train epoch: 259 | Loss: *0.036* | Acc: *98.994%* (49497/50000) 
Test epoch: 259 | Loss: *0.702* | Acc: *81.310%* (8131/10000)
Train epoch: 260 | Loss: *0.035* | Acc: *99.020%* (49510/50000) 
Test epoch: 260 | Loss: *0.678* | Acc: *81.580%* (8158/10000)
Train epoch: 261 | Loss: *0.027* | Acc: *99.316%* (49658/50000) 
Test epoch: 261 | Loss: *0.656* | Acc: *82.570%* (8257/10000)
Train epoch: 262 | Loss: *0.034* | Acc: *99.064%* (49532/50000) 
Test epoch: 262 | Loss: *0.656* | Acc: *82.820%* (8282/10000)
Train epoch: 263 | Loss: *0.033* | Acc: *99.094%* (49547/50000) 
Test epoch: 263 | Loss: *0.682* | Acc: *82.050%* (8205/10000)
Train epoch: 264 | Loss: *0.034* | Acc: *99.104%* (49552/50000) 
Test epoch: 264 | Loss: *0.816* | Acc: *78.770%* (7877/10000)
Train epoch: 265 | Loss: *0.038* | Acc: *98.956%* (49478/50000) 
Test epoch: 265 | Loss: *0.717* | Acc: *81.500%* (8150/10000)
Train epoch: 266 | Loss: *0.029* | Acc: *99.262%* (49631/50000) 
Test epoch: 266 | Loss: *0.658* | Acc: *81.860%* (8186/10000)
Train epoch: 267 | Loss: *0.036* | Acc: *99.004%* (49502/50000) 
Test epoch: 267 | Loss: *0.701* | Acc: *81.420%* (8142/10000)
Train epoch: 268 | Loss: *0.042* | Acc: *98.866%* (49433/50000) 
Test epoch: 268 | Loss: *0.705* | Acc: *80.910%* (8091/10000)
Train epoch: 269 | Loss: *0.039* | Acc: *98.872%* (49436/50000) 
Test epoch: 269 | Loss: *0.706* | Acc: *81.810%* (8181/10000)
Train epoch: 270 | Loss: *0.035* | Acc: *99.042%* (49521/50000) 
Test epoch: 270 | Loss: *0.719* | Acc: *81.100%* (8110/10000)
Train epoch: 271 | Loss: *0.036* | Acc: *99.004%* (49502/50000) 
Test epoch: 271 | Loss: *0.628* | Acc: *82.720%* (8272/10000)
Train epoch: 272 | Loss: *0.033* | Acc: *99.126%* (49563/50000) 
Test epoch: 272 | Loss: *0.682* | Acc: *82.030%* (8203/10000)
Train epoch: 273 | Loss: *0.048* | Acc: *98.494%* (49247/50000) 
Test epoch: 273 | Loss: *0.698* | Acc: *81.580%* (8158/10000)
Train epoch: 274 | Loss: *0.043* | Acc: *98.798%* (49399/50000) 
Test epoch: 274 | Loss: *0.842* | Acc: *79.150%* (7915/10000)
Train epoch: 275 | Loss: *0.044* | Acc: *98.700%* (49350/50000) 
Test epoch: 275 | Loss: *0.667* | Acc: *82.230%* (8223/10000)
Train epoch: 276 | Loss: *0.036* | Acc: *98.972%* (49486/50000) 
Test epoch: 276 | Loss: *0.637* | Acc: *83.350%* (8335/10000)
Train epoch: 277 | Loss: *0.033* | Acc: *99.090%* (49545/50000) 
Test epoch: 277 | Loss: *0.846* | Acc: *79.830%* (7983/10000)
Train epoch: 278 | Loss: *0.050* | Acc: *98.498%* (49249/50000) 
Test epoch: 278 | Loss: *0.744* | Acc: *80.640%* (8064/10000)
Train epoch: 279 | Loss: *0.038* | Acc: *98.906%* (49453/50000) 
Test epoch: 279 | Loss: *0.813* | Acc: *80.070%* (8007/10000)
Train epoch: 280 | Loss: *0.040* | Acc: *98.876%* (49438/50000) 
Test epoch: 280 | Loss: *0.687* | Acc: *82.320%* (8232/10000)
Train epoch: 281 | Loss: *0.040* | Acc: *98.830%* (49415/50000) 
Test epoch: 281 | Loss: *0.701* | Acc: *81.640%* (8164/10000)
Train epoch: 282 | Loss: *0.039* | Acc: *98.890%* (49445/50000) 
Test epoch: 282 | Loss: *0.913* | Acc: *77.490%* (7749/10000)
Train epoch: 283 | Loss: *0.048* | Acc: *98.516%* (49258/50000) 
Test epoch: 283 | Loss: *0.863* | Acc: *78.310%* (7831/10000)
Train epoch: 284 | Loss: *0.050* | Acc: *98.522%* (49261/50000) 
Test epoch: 284 | Loss: *0.704* | Acc: *81.680%* (8168/10000)
Train epoch: 285 | Loss: *0.044* | Acc: *98.744%* (49372/50000) 
Test epoch: 285 | Loss: *0.759* | Acc: *80.830%* (8083/10000)
Train epoch: 286 | Loss: *0.046* | Acc: *98.706%* (49353/50000) 
Test epoch: 286 | Loss: *0.722* | Acc: *80.340%* (8034/10000)
Train epoch: 287 | Loss: *0.040* | Acc: *98.858%* (49429/50000) 
Test epoch: 287 | Loss: *0.750* | Acc: *80.640%* (8064/10000)
Train epoch: 288 | Loss: *0.048* | Acc: *98.496%* (49248/50000) 
Test epoch: 288 | Loss: *0.682* | Acc: *81.540%* (8154/10000)
Train epoch: 289 | Loss: *0.048* | Acc: *98.572%* (49286/50000) 
Test epoch: 289 | Loss: *0.845* | Acc: *78.800%* (7880/10000)
Train epoch: 290 | Loss: *0.052* | Acc: *98.410%* (49205/50000) 
Test epoch: 290 | Loss: *0.891* | Acc: *77.400%* (7740/10000)
Train epoch: 291 | Loss: *0.047* | Acc: *98.602%* (49301/50000) 
Test epoch: 291 | Loss: *0.701* | Acc: *81.550%* (8155/10000)
Train epoch: 292 | Loss: *0.040* | Acc: *98.846%* (49423/50000) 
Test epoch: 292 | Loss: *0.807* | Acc: *78.310%* (7831/10000)
Train epoch: 293 | Loss: *0.051* | Acc: *98.470%* (49235/50000) 
Test epoch: 293 | Loss: *0.716* | Acc: *81.160%* (8116/10000)
Train epoch: 294 | Loss: *0.051* | Acc: *98.426%* (49213/50000) 
Test epoch: 294 | Loss: *0.740* | Acc: *80.960%* (8096/10000)
Train epoch: 295 | Loss: *0.051* | Acc: *98.462%* (49231/50000) 
Test epoch: 295 | Loss: *0.796* | Acc: *79.990%* (7999/10000)
Train epoch: 296 | Loss: *0.053* | Acc: *98.382%* (49191/50000) 
Test epoch: 296 | Loss: *0.713* | Acc: *81.970%* (8197/10000)
Train epoch: 297 | Loss: *0.045* | Acc: *98.684%* (49342/50000) 
Test epoch: 297 | Loss: *0.714* | Acc: *80.800%* (8080/10000)
Train epoch: 298 | Loss: *0.055* | Acc: *98.278%* (49139/50000) 
Test epoch: 298 | Loss: *0.945* | Acc: *77.590%* (7759/10000)
Train epoch: 299 | Loss: *0.048* | Acc: *98.584%* (49292/50000) 
Test epoch: 299 | Loss: *0.734* | Acc: *81.210%* (8121/10000)
Train epoch: 300 | Loss: *0.051* | Acc: *98.442%* (49221/50000) 
Test epoch: 300 | Loss: *0.866* | Acc: *79.290%* (7929/10000)
Train epoch: 301 | Loss: *0.064* | Acc: *97.954%* (48977/50000) 
Test epoch: 301 | Loss: *0.730* | Acc: *80.800%* (8080/10000)
Train epoch: 302 | Loss: *0.056* | Acc: *98.282%* (49141/50000) 
Test epoch: 302 | Loss: *0.744* | Acc: *80.950%* (8095/10000)
Train epoch: 303 | Loss: *0.049* | Acc: *98.462%* (49231/50000) 
Test epoch: 303 | Loss: *0.716* | Acc: *80.590%* (8059/10000)
Train epoch: 304 | Loss: *0.044* | Acc: *98.748%* (49374/50000) 
Test epoch: 304 | Loss: *0.778* | Acc: *79.630%* (7963/10000)
Train epoch: 305 | Loss: *0.055* | Acc: *98.340%* (49170/50000) 
Test epoch: 305 | Loss: *0.797* | Acc: *78.750%* (7875/10000)
Train epoch: 306 | Loss: *0.074* | Acc: *97.642%* (48821/50000) 
Test epoch: 306 | Loss: *0.817* | Acc: *78.890%* (7889/10000)
Train epoch: 307 | Loss: *0.056* | Acc: *98.302%* (49151/50000) 
Test epoch: 307 | Loss: *0.742* | Acc: *80.570%* (8057/10000)
Train epoch: 308 | Loss: *0.044* | Acc: *98.768%* (49384/50000) 
Test epoch: 308 | Loss: *0.674* | Acc: *82.400%* (8240/10000)
Train epoch: 309 | Loss: *0.064* | Acc: *98.030%* (49015/50000) 
Test epoch: 309 | Loss: *0.855* | Acc: *78.120%* (7812/10000)
Train epoch: 310 | Loss: *0.064* | Acc: *97.984%* (48992/50000) 
Test epoch: 310 | Loss: *0.794* | Acc: *78.340%* (7834/10000)
Train epoch: 311 | Loss: *0.061* | Acc: *98.132%* (49066/50000) 
Test epoch: 311 | Loss: *0.759* | Acc: *80.230%* (8023/10000)
Train epoch: 312 | Loss: *0.054* | Acc: *98.340%* (49170/50000) 
Test epoch: 312 | Loss: *0.769* | Acc: *80.150%* (8015/10000)
Train epoch: 313 | Loss: *0.058* | Acc: *98.250%* (49125/50000) 
Test epoch: 313 | Loss: *0.706* | Acc: *81.340%* (8134/10000)
Train epoch: 314 | Loss: *0.059* | Acc: *98.144%* (49072/50000) 
Test epoch: 314 | Loss: *0.753* | Acc: *80.170%* (8017/10000)
Train epoch: 315 | Loss: *0.069* | Acc: *97.734%* (48867/50000) 
Test epoch: 315 | Loss: *0.899* | Acc: *77.460%* (7746/10000)
Train epoch: 316 | Loss: *0.064* | Acc: *97.964%* (48982/50000) 
Test epoch: 316 | Loss: *0.717* | Acc: *80.860%* (8086/10000)
Train epoch: 317 | Loss: *0.063* | Acc: *98.002%* (49001/50000) 
Test epoch: 317 | Loss: *0.746* | Acc: *80.390%* (8039/10000)
Train epoch: 318 | Loss: *0.060* | Acc: *98.142%* (49071/50000) 
Test epoch: 318 | Loss: *0.840* | Acc: *77.920%* (7792/10000)
Train epoch: 319 | Loss: *0.063* | Acc: *97.984%* (48992/50000) 
Test epoch: 319 | Loss: *0.898* | Acc: *77.450%* (7745/10000)
Train epoch: 320 | Loss: *0.070* | Acc: *97.758%* (48879/50000) 
Test epoch: 320 | Loss: *0.937* | Acc: *77.130%* (7713/10000)
Train epoch: 321 | Loss: *0.071* | Acc: *97.740%* (48870/50000) 
Test epoch: 321 | Loss: *0.802* | Acc: *79.050%* (7905/10000)
Train epoch: 322 | Loss: *0.061* | Acc: *98.120%* (49060/50000) 
Test epoch: 322 | Loss: *0.838* | Acc: *79.420%* (7942/10000)
Train epoch: 323 | Loss: *0.059* | Acc: *98.200%* (49100/50000) 
Test epoch: 323 | Loss: *1.025* | Acc: *77.130%* (7713/10000)
Train epoch: 324 | Loss: *0.069* | Acc: *97.846%* (48923/50000) 
Test epoch: 324 | Loss: *0.717* | Acc: *81.020%* (8102/10000)
Train epoch: 325 | Loss: *0.071* | Acc: *97.736%* (48868/50000) 
Test epoch: 325 | Loss: *0.850* | Acc: *78.510%* (7851/10000)
Train epoch: 326 | Loss: *0.075* | Acc: *97.534%* (48767/50000) 
Test epoch: 326 | Loss: *0.753* | Acc: *80.050%* (8005/10000)
Train epoch: 327 | Loss: *0.065* | Acc: *98.004%* (49002/50000) 
Test epoch: 327 | Loss: *0.697* | Acc: *81.940%* (8194/10000)
Train epoch: 328 | Loss: *0.067* | Acc: *97.866%* (48933/50000) 
Test epoch: 328 | Loss: *0.877* | Acc: *76.900%* (7690/10000)
Train epoch: 329 | Loss: *0.073* | Acc: *97.642%* (48821/50000) 
Test epoch: 329 | Loss: *0.768* | Acc: *80.030%* (8003/10000)
Train epoch: 330 | Loss: *0.070* | Acc: *97.824%* (48912/50000) 
Test epoch: 330 | Loss: *0.849* | Acc: *77.890%* (7789/10000)
Train epoch: 331 | Loss: *0.080* | Acc: *97.424%* (48712/50000) 
Test epoch: 331 | Loss: *0.838* | Acc: *78.650%* (7865/10000)
Train epoch: 332 | Loss: *0.071* | Acc: *97.790%* (48895/50000) 
Test epoch: 332 | Loss: *0.718* | Acc: *80.970%* (8097/10000)
Train epoch: 333 | Loss: *0.073* | Acc: *97.628%* (48814/50000) 
Test epoch: 333 | Loss: *0.748* | Acc: *79.780%* (7978/10000)
Train epoch: 334 | Loss: *0.069* | Acc: *97.776%* (48888/50000) 
Test epoch: 334 | Loss: *0.978* | Acc: *75.840%* (7584/10000)
Train epoch: 335 | Loss: *0.083* | Acc: *97.326%* (48663/50000) 
Test epoch: 335 | Loss: *0.693* | Acc: *81.570%* (8157/10000)
Train epoch: 336 | Loss: *0.072* | Acc: *97.718%* (48859/50000) 
Test epoch: 336 | Loss: *0.810* | Acc: *78.870%* (7887/10000)
Train epoch: 337 | Loss: *0.078* | Acc: *97.462%* (48731/50000) 
Test epoch: 337 | Loss: *0.851* | Acc: *78.910%* (7891/10000)
Train epoch: 338 | Loss: *0.075* | Acc: *97.596%* (48798/50000) 
Test epoch: 338 | Loss: *0.765* | Acc: *79.830%* (7983/10000)
Train epoch: 339 | Loss: *0.076* | Acc: *97.564%* (48782/50000) 
Test epoch: 339 | Loss: *1.111* | Acc: *74.710%* (7471/10000)
Train epoch: 340 | Loss: *0.074* | Acc: *97.624%* (48812/50000) 
Test epoch: 340 | Loss: *1.002* | Acc: *76.630%* (7663/10000)
Train epoch: 341 | Loss: *0.090* | Acc: *97.048%* (48524/50000) 
Test epoch: 341 | Loss: *0.766* | Acc: *78.720%* (7872/10000)
Train epoch: 342 | Loss: *0.073* | Acc: *97.576%* (48788/50000) 
Test epoch: 342 | Loss: *0.725* | Acc: *80.670%* (8067/10000)
Train epoch: 343 | Loss: *0.078* | Acc: *97.478%* (48739/50000) 
Test epoch: 343 | Loss: *0.904* | Acc: *77.650%* (7765/10000)
Train epoch: 344 | Loss: *0.075* | Acc: *97.518%* (48759/50000) 
Test epoch: 344 | Loss: *0.793* | Acc: *79.450%* (7945/10000)
Train epoch: 345 | Loss: *0.082* | Acc: *97.302%* (48651/50000) 
Test epoch: 345 | Loss: *0.767* | Acc: *79.680%* (7968/10000)
Train epoch: 346 | Loss: *0.084* | Acc: *97.248%* (48624/50000) 
Test epoch: 346 | Loss: *0.806* | Acc: *79.470%* (7947/10000)
Train epoch: 347 | Loss: *0.075* | Acc: *97.682%* (48841/50000) 
Test epoch: 347 | Loss: *0.734* | Acc: *79.910%* (7991/10000)
Train epoch: 348 | Loss: *0.082* | Acc: *97.326%* (48663/50000) 
Test epoch: 348 | Loss: *0.851* | Acc: *77.670%* (7767/10000)
Train epoch: 349 | Loss: *0.084* | Acc: *97.242%* (48621/50000) 
Test epoch: 349 | Loss: *0.971* | Acc: *75.290%* (7529/10000)
Train epoch: 350 | Loss: *0.080* | Acc: *97.444%* (48722/50000) 
Test epoch: 350 | Loss: *0.827* | Acc: *78.780%* (7878/10000)
Train epoch: 351 | Loss: *0.083* | Acc: *97.296%* (48648/50000) 
Test epoch: 351 | Loss: *0.790* | Acc: *78.780%* (7878/10000)
Train epoch: 352 | Loss: *0.083* | Acc: *97.356%* (48678/50000) 
Test epoch: 352 | Loss: *0.860* | Acc: *77.220%* (7722/10000)
Train epoch: 353 | Loss: *0.084* | Acc: *97.258%* (48629/50000) 
Test epoch: 353 | Loss: *0.865* | Acc: *77.650%* (7765/10000)
Train epoch: 354 | Loss: *0.085* | Acc: *97.212%* (48606/50000) 
Test epoch: 354 | Loss: *1.031* | Acc: *75.600%* (7560/10000)
Train epoch: 355 | Loss: *0.085* | Acc: *97.242%* (48621/50000) 
Test epoch: 355 | Loss: *0.837* | Acc: *78.180%* (7818/10000)
Train epoch: 356 | Loss: *0.082* | Acc: *97.334%* (48667/50000) 
Test epoch: 356 | Loss: *0.845* | Acc: *77.770%* (7777/10000)
Train epoch: 357 | Loss: *0.087* | Acc: *97.188%* (48594/50000) 
Test epoch: 357 | Loss: *0.958* | Acc: *75.490%* (7549/10000)
Train epoch: 358 | Loss: *0.096* | Acc: *96.868%* (48434/50000) 
Test epoch: 358 | Loss: *0.778* | Acc: *78.750%* (7875/10000)
Train epoch: 359 | Loss: *0.085* | Acc: *97.278%* (48639/50000) 
Test epoch: 359 | Loss: *0.836* | Acc: *77.950%* (7795/10000)
Train epoch: 360 | Loss: *0.089* | Acc: *97.134%* (48567/50000) 
Test epoch: 360 | Loss: *1.007* | Acc: *76.140%* (7614/10000)
Train epoch: 361 | Loss: *0.080* | Acc: *97.434%* (48717/50000) 
Test epoch: 361 | Loss: *0.705* | Acc: *79.900%* (7990/10000)
Train epoch: 362 | Loss: *0.092* | Acc: *97.036%* (48518/50000) 
Test epoch: 362 | Loss: *0.764* | Acc: *79.220%* (7922/10000)
Train epoch: 363 | Loss: *0.083* | Acc: *97.276%* (48638/50000) 
Test epoch: 363 | Loss: *0.882* | Acc: *77.600%* (7760/10000)
Train epoch: 364 | Loss: *0.092* | Acc: *96.958%* (48479/50000) 
Test epoch: 364 | Loss: *0.857* | Acc: *77.470%* (7747/10000)
Train epoch: 365 | Loss: *0.095* | Acc: *96.818%* (48409/50000) 
Test epoch: 365 | Loss: *0.845* | Acc: *77.360%* (7736/10000)
Train epoch: 366 | Loss: *0.078* | Acc: *97.522%* (48761/50000) 
Test epoch: 366 | Loss: *0.898* | Acc: *77.390%* (7739/10000)
Train epoch: 367 | Loss: *0.088* | Acc: *97.082%* (48541/50000) 
Test epoch: 367 | Loss: *0.890* | Acc: *75.260%* (7526/10000)
Train epoch: 368 | Loss: *0.096* | Acc: *96.910%* (48455/50000) 
Test epoch: 368 | Loss: *0.820* | Acc: *79.040%* (7904/10000)
Train epoch: 369 | Loss: *0.090* | Acc: *97.082%* (48541/50000) 
Test epoch: 369 | Loss: *0.827* | Acc: *78.430%* (7843/10000)
Train epoch: 370 | Loss: *0.085* | Acc: *97.230%* (48615/50000) 
Test epoch: 370 | Loss: *0.810* | Acc: *77.820%* (7782/10000)
Train epoch: 371 | Loss: *0.091* | Acc: *97.104%* (48552/50000) 
Test epoch: 371 | Loss: *0.836* | Acc: *78.900%* (7890/10000)
Train epoch: 372 | Loss: *0.087* | Acc: *97.276%* (48638/50000) 
Test epoch: 372 | Loss: *0.741* | Acc: *79.870%* (7987/10000)
Train epoch: 373 | Loss: *0.094* | Acc: *96.876%* (48438/50000) 
Test epoch: 373 | Loss: *0.726* | Acc: *80.160%* (8016/10000)
Train epoch: 374 | Loss: *0.086* | Acc: *97.076%* (48538/50000) 
Test epoch: 374 | Loss: *1.420* | Acc: *70.260%* (7026/10000)
Train epoch: 375 | Loss: *0.093* | Acc: *97.004%* (48502/50000) 
Test epoch: 375 | Loss: *1.080* | Acc: *74.350%* (7435/10000)
Train epoch: 376 | Loss: *0.097* | Acc: *96.846%* (48423/50000) 
Test epoch: 376 | Loss: *0.791* | Acc: *78.690%* (7869/10000)
Train epoch: 377 | Loss: *0.089* | Acc: *97.066%* (48533/50000) 
Test epoch: 377 | Loss: *0.783* | Acc: *79.740%* (7974/10000)
Train epoch: 378 | Loss: *0.086* | Acc: *97.204%* (48602/50000) 
Test epoch: 378 | Loss: *0.935* | Acc: *75.940%* (7594/10000)
Train epoch: 379 | Loss: *0.092* | Acc: *96.992%* (48496/50000) 
Test epoch: 379 | Loss: *0.709* | Acc: *80.780%* (8078/10000)
Train epoch: 380 | Loss: *0.092* | Acc: *97.004%* (48502/50000) 
Test epoch: 380 | Loss: *0.718* | Acc: *79.590%* (7959/10000)
Train epoch: 381 | Loss: *0.084* | Acc: *97.328%* (48664/50000) 
Test epoch: 381 | Loss: *0.823* | Acc: *78.830%* (7883/10000)
Train epoch: 382 | Loss: *0.087* | Acc: *97.200%* (48600/50000) 
Test epoch: 382 | Loss: *1.058* | Acc: *73.890%* (7389/10000)
Train epoch: 383 | Loss: *0.103* | Acc: *96.538%* (48269/50000) 
Test epoch: 383 | Loss: *0.926* | Acc: *76.920%* (7692/10000)
Train epoch: 384 | Loss: *0.087* | Acc: *97.152%* (48576/50000) 
Test epoch: 384 | Loss: *0.793* | Acc: *77.870%* (7787/10000)
Train epoch: 385 | Loss: *0.094* | Acc: *96.906%* (48453/50000) 
Test epoch: 385 | Loss: *0.716* | Acc: *80.260%* (8026/10000)
Train epoch: 386 | Loss: *0.095* | Acc: *96.848%* (48424/50000) 
Test epoch: 386 | Loss: *0.831* | Acc: *78.220%* (7822/10000)
Train epoch: 387 | Loss: *0.092* | Acc: *97.000%* (48500/50000) 
Test epoch: 387 | Loss: *0.839* | Acc: *78.900%* (7890/10000)
Train epoch: 388 | Loss: *0.087* | Acc: *97.186%* (48593/50000) 
Test epoch: 388 | Loss: *0.962* | Acc: *75.700%* (7570/10000)
Train epoch: 389 | Loss: *0.092* | Acc: *97.020%* (48510/50000) 
Test epoch: 389 | Loss: *0.794* | Acc: *79.310%* (7931/10000)
Train epoch: 390 | Loss: *0.102* | Acc: *96.638%* (48319/50000) 
Test epoch: 390 | Loss: *0.777* | Acc: *79.260%* (7926/10000)
Train epoch: 391 | Loss: *0.091* | Acc: *97.132%* (48566/50000) 
Test epoch: 391 | Loss: *0.801* | Acc: *79.360%* (7936/10000)
Train epoch: 392 | Loss: *0.083* | Acc: *97.354%* (48677/50000) 
Test epoch: 392 | Loss: *0.869* | Acc: *78.250%* (7825/10000)
Train epoch: 393 | Loss: *0.093* | Acc: *97.006%* (48503/50000) 
Test epoch: 393 | Loss: *0.923* | Acc: *75.930%* (7593/10000)
Train epoch: 394 | Loss: *0.093* | Acc: *97.030%* (48515/50000) 
Test epoch: 394 | Loss: *0.929* | Acc: *77.830%* (7783/10000)
Train epoch: 395 | Loss: *0.091* | Acc: *96.982%* (48491/50000) 
Test epoch: 395 | Loss: *0.856* | Acc: *76.290%* (7629/10000)
Train epoch: 396 | Loss: *0.092* | Acc: *96.990%* (48495/50000) 
Test epoch: 396 | Loss: *0.902* | Acc: *76.820%* (7682/10000)
Train epoch: 397 | Loss: *0.093* | Acc: *96.912%* (48456/50000) 
Test epoch: 397 | Loss: *1.133* | Acc: *72.910%* (7291/10000)
Train epoch: 398 | Loss: *0.096* | Acc: *96.816%* (48408/50000) 
Test epoch: 398 | Loss: *0.812* | Acc: *79.370%* (7937/10000)
Train epoch: 399 | Loss: *0.089* | Acc: *97.078%* (48539/50000) 
Test epoch: 399 | Loss: *0.906* | Acc: *76.450%* (7645/10000)
Train epoch: 400 | Loss: *0.083* | Acc: *97.374%* (48687/50000) 
Test epoch: 400 | Loss: *0.816* | Acc: *78.560%* (7856/10000)
Train epoch: 401 | Loss: *0.096* | Acc: *96.872%* (48436/50000) 
Test epoch: 401 | Loss: *0.897* | Acc: *77.120%* (7712/10000)
Train epoch: 402 | Loss: *0.089* | Acc: *97.152%* (48576/50000) 
Test epoch: 402 | Loss: *1.058* | Acc: *74.840%* (7484/10000)
Train epoch: 403 | Loss: *0.084* | Acc: *97.296%* (48648/50000) 
Test epoch: 403 | Loss: *1.067* | Acc: *74.960%* (7496/10000)
Train epoch: 404 | Loss: *0.089* | Acc: *97.106%* (48553/50000) 
Test epoch: 404 | Loss: *0.830* | Acc: *77.890%* (7789/10000)
Train epoch: 405 | Loss: *0.091* | Acc: *97.026%* (48513/50000) 
Test epoch: 405 | Loss: *0.838* | Acc: *77.830%* (7783/10000)
Train epoch: 406 | Loss: *0.096* | Acc: *96.770%* (48385/50000) 
Test epoch: 406 | Loss: *0.916* | Acc: *76.460%* (7646/10000)
Train epoch: 407 | Loss: *0.094* | Acc: *96.838%* (48419/50000) 
Test epoch: 407 | Loss: *0.792* | Acc: *79.620%* (7962/10000)
Train epoch: 408 | Loss: *0.079* | Acc: *97.496%* (48748/50000) 
Test epoch: 408 | Loss: *0.804* | Acc: *79.340%* (7934/10000)
Train epoch: 409 | Loss: *0.091* | Acc: *97.036%* (48518/50000) 
Test epoch: 409 | Loss: *0.753* | Acc: *78.600%* (7860/10000)
Train epoch: 410 | Loss: *0.082* | Acc: *97.358%* (48679/50000) 
Test epoch: 410 | Loss: *0.726* | Acc: *79.790%* (7979/10000)
Train epoch: 411 | Loss: *0.088* | Acc: *97.118%* (48559/50000) 
Test epoch: 411 | Loss: *0.953* | Acc: *76.510%* (7651/10000)
Train epoch: 412 | Loss: *0.098* | Acc: *96.794%* (48397/50000) 
Test epoch: 412 | Loss: *0.750* | Acc: *80.090%* (8009/10000)
Train epoch: 413 | Loss: *0.082* | Acc: *97.356%* (48678/50000) 
Test epoch: 413 | Loss: *0.768* | Acc: *80.220%* (8022/10000)
Train epoch: 414 | Loss: *0.086* | Acc: *97.250%* (48625/50000) 
Test epoch: 414 | Loss: *0.728* | Acc: *80.450%* (8045/10000)
Train epoch: 415 | Loss: *0.095* | Acc: *96.842%* (48421/50000) 
Test epoch: 415 | Loss: *0.852* | Acc: *77.760%* (7776/10000)
Train epoch: 416 | Loss: *0.081* | Acc: *97.426%* (48713/50000) 
Test epoch: 416 | Loss: *0.817* | Acc: *78.260%* (7826/10000)
Train epoch: 417 | Loss: *0.080* | Acc: *97.410%* (48705/50000) 
Test epoch: 417 | Loss: *1.029* | Acc: *75.470%* (7547/10000)
Train epoch: 418 | Loss: *0.091* | Acc: *97.004%* (48502/50000) 
Test epoch: 418 | Loss: *0.754* | Acc: *78.800%* (7880/10000)
Train epoch: 419 | Loss: *0.096* | Acc: *96.834%* (48417/50000) 
Test epoch: 419 | Loss: *0.756* | Acc: *80.130%* (8013/10000)
Train epoch: 420 | Loss: *0.074* | Acc: *97.686%* (48843/50000) 
Test epoch: 420 | Loss: *0.869* | Acc: *78.180%* (7818/10000)
Train epoch: 421 | Loss: *0.087* | Acc: *97.180%* (48590/50000) 
Test epoch: 421 | Loss: *0.861* | Acc: *77.910%* (7791/10000)
Train epoch: 422 | Loss: *0.083* | Acc: *97.270%* (48635/50000) 
Test epoch: 422 | Loss: *0.823* | Acc: *78.820%* (7882/10000)
Train epoch: 423 | Loss: *0.088* | Acc: *97.148%* (48574/50000) 
Test epoch: 423 | Loss: *0.979* | Acc: *76.060%* (7606/10000)
Train epoch: 424 | Loss: *0.088* | Acc: *97.146%* (48573/50000) 
Test epoch: 424 | Loss: *0.882* | Acc: *77.690%* (7769/10000)
Train epoch: 425 | Loss: *0.081* | Acc: *97.406%* (48703/50000) 
Test epoch: 425 | Loss: *0.911* | Acc: *76.810%* (7681/10000)
Train epoch: 426 | Loss: *0.088* | Acc: *97.126%* (48563/50000) 
Test epoch: 426 | Loss: *0.874* | Acc: *78.140%* (7814/10000)
Train epoch: 427 | Loss: *0.079* | Acc: *97.390%* (48695/50000) 
Test epoch: 427 | Loss: *0.792* | Acc: *79.630%* (7963/10000)
Train epoch: 428 | Loss: *0.078* | Acc: *97.438%* (48719/50000) 
Test epoch: 428 | Loss: *0.865* | Acc: *78.020%* (7802/10000)
Train epoch: 429 | Loss: *0.082* | Acc: *97.316%* (48658/50000) 
Test epoch: 429 | Loss: *0.874* | Acc: *77.700%* (7770/10000)
Train epoch: 430 | Loss: *0.086* | Acc: *97.218%* (48609/50000) 
Test epoch: 430 | Loss: *0.737* | Acc: *80.560%* (8056/10000)
Train epoch: 431 | Loss: *0.084* | Acc: *97.198%* (48599/50000) 
Test epoch: 431 | Loss: *0.900* | Acc: *77.020%* (7702/10000)
Train epoch: 432 | Loss: *0.080* | Acc: *97.504%* (48752/50000) 
Test epoch: 432 | Loss: *0.846* | Acc: *78.400%* (7840/10000)
Train epoch: 433 | Loss: *0.076* | Acc: *97.598%* (48799/50000) 
Test epoch: 433 | Loss: *0.913* | Acc: *76.640%* (7664/10000)
Train epoch: 434 | Loss: *0.078* | Acc: *97.492%* (48746/50000) 
Test epoch: 434 | Loss: *0.711* | Acc: *80.980%* (8098/10000)
Train epoch: 435 | Loss: *0.079* | Acc: *97.482%* (48741/50000) 
Test epoch: 435 | Loss: *0.868* | Acc: *77.720%* (7772/10000)
Train epoch: 436 | Loss: *0.080* | Acc: *97.392%* (48696/50000) 
Test epoch: 436 | Loss: *0.903* | Acc: *75.880%* (7588/10000)
Train epoch: 437 | Loss: *0.080* | Acc: *97.444%* (48722/50000) 
Test epoch: 437 | Loss: *0.786* | Acc: *79.080%* (7908/10000)
Train epoch: 438 | Loss: *0.076* | Acc: *97.588%* (48794/50000) 
Test epoch: 438 | Loss: *0.798* | Acc: *79.390%* (7939/10000)
Train epoch: 439 | Loss: *0.074* | Acc: *97.668%* (48834/50000) 
Test epoch: 439 | Loss: *0.706* | Acc: *80.830%* (8083/10000)
Train epoch: 440 | Loss: *0.076* | Acc: *97.572%* (48786/50000) 
Test epoch: 440 | Loss: *0.897* | Acc: *76.410%* (7641/10000)
Train epoch: 441 | Loss: *0.080* | Acc: *97.448%* (48724/50000) 
Test epoch: 441 | Loss: *0.720* | Acc: *80.430%* (8043/10000)
Train epoch: 442 | Loss: *0.071* | Acc: *97.818%* (48909/50000) 
Test epoch: 442 | Loss: *0.752* | Acc: *79.970%* (7997/10000)
Train epoch: 443 | Loss: *0.079* | Acc: *97.460%* (48730/50000) 
Test epoch: 443 | Loss: *1.258* | Acc: *71.600%* (7160/10000)
Train epoch: 444 | Loss: *0.069* | Acc: *97.798%* (48899/50000) 
Test epoch: 444 | Loss: *0.870* | Acc: *78.140%* (7814/10000)
Train epoch: 445 | Loss: *0.076* | Acc: *97.582%* (48791/50000) 
Test epoch: 445 | Loss: *0.840* | Acc: *78.400%* (7840/10000)
Train epoch: 446 | Loss: *0.065* | Acc: *97.988%* (48994/50000) 
Test epoch: 446 | Loss: *0.869* | Acc: *78.940%* (7894/10000)
Train epoch: 447 | Loss: *0.072* | Acc: *97.712%* (48856/50000) 
Test epoch: 447 | Loss: *0.968* | Acc: *76.510%* (7651/10000)
Train epoch: 448 | Loss: *0.076* | Acc: *97.690%* (48845/50000) 
Test epoch: 448 | Loss: *1.065* | Acc: *75.720%* (7572/10000)
Train epoch: 449 | Loss: *0.071* | Acc: *97.808%* (48904/50000) 
Test epoch: 449 | Loss: *0.770* | Acc: *80.510%* (8051/10000)
Train epoch: 450 | Loss: *0.070* | Acc: *97.784%* (48892/50000) 
Test epoch: 450 | Loss: *1.252* | Acc: *70.860%* (7086/10000)
Train epoch: 451 | Loss: *0.069* | Acc: *97.824%* (48912/50000) 
Test epoch: 451 | Loss: *0.798* | Acc: *79.760%* (7976/10000)
Train epoch: 452 | Loss: *0.066* | Acc: *97.910%* (48955/50000) 
Test epoch: 452 | Loss: *0.854* | Acc: *78.000%* (7800/10000)
Train epoch: 453 | Loss: *0.073* | Acc: *97.610%* (48805/50000) 
Test epoch: 453 | Loss: *0.817* | Acc: *79.540%* (7954/10000)
Train epoch: 454 | Loss: *0.066* | Acc: *97.852%* (48926/50000) 
Test epoch: 454 | Loss: *0.861* | Acc: *78.650%* (7865/10000)
Train epoch: 455 | Loss: *0.065* | Acc: *97.976%* (48988/50000) 
Test epoch: 455 | Loss: *0.864* | Acc: *78.610%* (7861/10000)
Train epoch: 456 | Loss: *0.058* | Acc: *98.180%* (49090/50000) 
Test epoch: 456 | Loss: *0.937* | Acc: *76.900%* (7690/10000)
Train epoch: 457 | Loss: *0.076* | Acc: *97.562%* (48781/50000) 
Test epoch: 457 | Loss: *0.839* | Acc: *78.130%* (7813/10000)
Train epoch: 458 | Loss: *0.062* | Acc: *98.086%* (49043/50000) 
Test epoch: 458 | Loss: *0.815* | Acc: *79.170%* (7917/10000)
Train epoch: 459 | Loss: *0.055* | Acc: *98.322%* (49161/50000) 
Test epoch: 459 | Loss: *0.775* | Acc: *79.430%* (7943/10000)
Train epoch: 460 | Loss: *0.067* | Acc: *97.886%* (48943/50000) 
Test epoch: 460 | Loss: *0.784* | Acc: *79.630%* (7963/10000)
Train epoch: 461 | Loss: *0.061* | Acc: *98.082%* (49041/50000) 
Test epoch: 461 | Loss: *0.897* | Acc: *78.580%* (7858/10000)
Train epoch: 462 | Loss: *0.060* | Acc: *98.204%* (49102/50000) 
Test epoch: 462 | Loss: *0.852* | Acc: *78.290%* (7829/10000)
Train epoch: 463 | Loss: *0.069* | Acc: *97.742%* (48871/50000) 
Test epoch: 463 | Loss: *0.794* | Acc: *78.890%* (7889/10000)
Train epoch: 464 | Loss: *0.054* | Acc: *98.400%* (49200/50000) 
Test epoch: 464 | Loss: *0.824* | Acc: *79.440%* (7944/10000)
Train epoch: 465 | Loss: *0.055* | Acc: *98.360%* (49180/50000) 
Test epoch: 465 | Loss: *1.174* | Acc: *73.430%* (7343/10000)
Train epoch: 466 | Loss: *0.063* | Acc: *98.020%* (49010/50000) 
Test epoch: 466 | Loss: *0.951* | Acc: *76.710%* (7671/10000)
Train epoch: 467 | Loss: *0.060* | Acc: *98.206%* (49103/50000) 
Test epoch: 467 | Loss: *0.990* | Acc: *76.870%* (7687/10000)
Train epoch: 468 | Loss: *0.058* | Acc: *98.238%* (49119/50000) 
Test epoch: 468 | Loss: *0.853* | Acc: *78.280%* (7828/10000)
Train epoch: 469 | Loss: *0.049* | Acc: *98.586%* (49293/50000) 
Test epoch: 469 | Loss: *0.805* | Acc: *79.540%* (7954/10000)
Train epoch: 470 | Loss: *0.053* | Acc: *98.422%* (49211/50000) 
Test epoch: 470 | Loss: *0.913* | Acc: *78.860%* (7886/10000)
Train epoch: 471 | Loss: *0.057* | Acc: *98.246%* (49123/50000) 
Test epoch: 471 | Loss: *0.915* | Acc: *77.300%* (7730/10000)
Train epoch: 472 | Loss: *0.058* | Acc: *98.198%* (49099/50000) 
Test epoch: 472 | Loss: *0.734* | Acc: *80.330%* (8033/10000)
Train epoch: 473 | Loss: *0.047* | Acc: *98.596%* (49298/50000) 
Test epoch: 473 | Loss: *0.751* | Acc: *81.020%* (8102/10000)
Train epoch: 474 | Loss: *0.062* | Acc: *98.030%* (49015/50000) 
Test epoch: 474 | Loss: *0.796* | Acc: *79.030%* (7903/10000)
Train epoch: 475 | Loss: *0.049* | Acc: *98.586%* (49293/50000) 
Test epoch: 475 | Loss: *0.827* | Acc: *79.330%* (7933/10000)
Train epoch: 476 | Loss: *0.053* | Acc: *98.392%* (49196/50000) 
Test epoch: 476 | Loss: *0.862* | Acc: *77.990%* (7799/10000)
Train epoch: 477 | Loss: *0.049* | Acc: *98.560%* (49280/50000) 
Test epoch: 477 | Loss: *0.749* | Acc: *81.100%* (8110/10000)
Train epoch: 478 | Loss: *0.033* | Acc: *99.142%* (49571/50000) 
Test epoch: 478 | Loss: *0.717* | Acc: *81.590%* (8159/10000)
Train epoch: 479 | Loss: *0.048* | Acc: *98.630%* (49315/50000) 
Test epoch: 479 | Loss: *0.813* | Acc: *78.920%* (7892/10000)
Train epoch: 480 | Loss: *0.065* | Acc: *98.000%* (49000/50000) 
Test epoch: 480 | Loss: *0.768* | Acc: *79.950%* (7995/10000)
Train epoch: 481 | Loss: *0.041* | Acc: *98.842%* (49421/50000) 
Test epoch: 481 | Loss: *0.974* | Acc: *76.410%* (7641/10000)
Train epoch: 482 | Loss: *0.042* | Acc: *98.790%* (49395/50000) 
Test epoch: 482 | Loss: *0.806* | Acc: *80.270%* (8027/10000)
Train epoch: 483 | Loss: *0.049* | Acc: *98.484%* (49242/50000) 
Test epoch: 483 | Loss: *0.867* | Acc: *79.250%* (7925/10000)
Train epoch: 484 | Loss: *0.047* | Acc: *98.668%* (49334/50000) 
Test epoch: 484 | Loss: *0.800* | Acc: *79.390%* (7939/10000)
Train epoch: 485 | Loss: *0.043* | Acc: *98.780%* (49390/50000) 
Test epoch: 485 | Loss: *0.907* | Acc: *77.450%* (7745/10000)
Train epoch: 486 | Loss: *0.047* | Acc: *98.622%* (49311/50000) 
Test epoch: 486 | Loss: *0.728* | Acc: *81.170%* (8117/10000)
Train epoch: 487 | Loss: *0.040* | Acc: *98.912%* (49456/50000) 
Test epoch: 487 | Loss: *0.975* | Acc: *77.450%* (7745/10000)
Train epoch: 488 | Loss: *0.032* | Acc: *99.110%* (49555/50000) 
Test epoch: 488 | Loss: *0.754* | Acc: *81.500%* (8150/10000)
Train epoch: 489 | Loss: *0.042* | Acc: *98.752%* (49376/50000) 
Test epoch: 489 | Loss: *0.857* | Acc: *78.800%* (7880/10000)
Train epoch: 490 | Loss: *0.053* | Acc: *98.398%* (49199/50000) 
Test epoch: 490 | Loss: *0.779* | Acc: *80.340%* (8034/10000)
Train epoch: 491 | Loss: *0.033* | Acc: *99.096%* (49548/50000) 
Test epoch: 491 | Loss: *0.723* | Acc: *81.700%* (8170/10000)
Train epoch: 492 | Loss: *0.032* | Acc: *99.152%* (49576/50000) 
Test epoch: 492 | Loss: *0.931* | Acc: *77.410%* (7741/10000)
Train epoch: 493 | Loss: *0.038* | Acc: *98.926%* (49463/50000) 
Test epoch: 493 | Loss: *0.780* | Acc: *79.410%* (7941/10000)
Train epoch: 494 | Loss: *0.033* | Acc: *99.170%* (49585/50000) 
Test epoch: 494 | Loss: *0.709* | Acc: *81.310%* (8131/10000)
Train epoch: 495 | Loss: *0.031* | Acc: *99.204%* (49602/50000) 
Test epoch: 495 | Loss: *0.732* | Acc: *80.700%* (8070/10000)
Train epoch: 496 | Loss: *0.049* | Acc: *98.520%* (49260/50000) 
Test epoch: 496 | Loss: *0.764* | Acc: *79.780%* (7978/10000)
Train epoch: 497 | Loss: *0.043* | Acc: *98.760%* (49380/50000) 
Test epoch: 497 | Loss: *0.854* | Acc: *78.170%* (7817/10000)
Train epoch: 498 | Loss: *0.029* | Acc: *99.238%* (49619/50000) 
Test epoch: 498 | Loss: *0.733* | Acc: *80.980%* (8098/10000)
Train epoch: 499 | Loss: *0.022* | Acc: *99.480%* (49740/50000) 
Test epoch: 499 | Loss: *0.710* | Acc: *81.350%* (8135/10000)
Train epoch: 500 | Loss: *0.025* | Acc: *99.380%* (49690/50000) 
Test epoch: 500 | Loss: *0.719* | Acc: *81.380%* (8138/10000)
Best test accuracy: *85.900%*, loss: *0.5241765600442886*, at epoch: *139*.
==> Execution time summary of 500 epoch(s).
Train data loading time: sum. *313.25653098896146* secs | avg. *0.6265130619779229* secs per epoch.
Train training time: sum. *1475.2604996804148* secs | avg. *2.9505209993608297* secs per epoch.
Train total time: sum. *1788.5170306693763* secs | avg. *3.5770340613387526* secs per epoch.
Test data loading time: sum. *114.6847811518237* secs | avg. *0.2293695623036474* secs per epoch.
Test training time: sum. *66.69034562818706* secs | avg. *0.1333806912563741* secs per epoch.
Test total time: sum. *181.37512678001076* secs | avg. *0.3627502535600215* secs per epoch.
Total data loading time: sum. *427.94131214078516* secs | avg. *0.8558826242815704* secs per epoch.
Total training time: sum. *1541.9508453086019* secs | avg. *3.083901690617204* secs per epoch.
Total running time: sum. *1969.892157449387* secs | avg. *3.939784314898774* secs per epoch.
==> Number of GPU device: 1
==> Device #0 Memory Usage
==> Allocated: 0.1 GB
==> Cached:    3.6 GB
==> Maximum: 3.6 GB
