==> Running on : cuda
==> Number of CPU: 48
==> Number of workers: 2
==> #Epochs: 500, #Layers: 2, #Blocks: [3, 1], In channel: 128, Input layer conv kernel: 7x7, Residual layer conv kernel 5x5, Skip kernel: 1x1, Input layer conv padding: 3, Residual layer conv padding: 2
==> Optimizer is SGD with Nesterov
==> Momentum: 0.9
==> Learning rate: 0.1
==> Weight decay: 0.0005
==>Trainable Parameters: 4972682
==>Other Parameters: 0
==>Augmentation: None
Files already downloaded and verified
Train epoch: 1 | Loss: *1.501* | Acc: *44.652%* (22326/50000) 
Test epoch: 1 | Loss: *2.280* | Acc: *36.290%* (3629/10000)
Train epoch: 2 | Loss: *1.092* | Acc: *60.898%* (30449/50000) 
Test epoch: 2 | Loss: *1.485* | Acc: *47.020%* (4702/10000)
Train epoch: 3 | Loss: *0.905* | Acc: *67.946%* (33973/50000) 
Test epoch: 3 | Loss: *1.137* | Acc: *60.060%* (6006/10000)
Train epoch: 4 | Loss: *0.764* | Acc: *73.302%* (36651/50000) 
Test epoch: 4 | Loss: *1.306* | Acc: *55.890%* (5589/10000)
Train epoch: 5 | Loss: *0.659* | Acc: *77.252%* (38626/50000) 
Test epoch: 5 | Loss: *0.896* | Acc: *69.210%* (6921/10000)
Train epoch: 6 | Loss: *0.577* | Acc: *80.184%* (40092/50000) 
Test epoch: 6 | Loss: *1.860* | Acc: *42.030%* (4203/10000)
Train epoch: 7 | Loss: *0.527* | Acc: *81.686%* (40843/50000) 
Test epoch: 7 | Loss: *0.784* | Acc: *72.690%* (7269/10000)
Train epoch: 8 | Loss: *0.484* | Acc: *83.258%* (41629/50000) 
Test epoch: 8 | Loss: *0.886* | Acc: *69.530%* (6953/10000)
Train epoch: 9 | Loss: *0.454* | Acc: *84.282%* (42141/50000) 
Test epoch: 9 | Loss: *0.731* | Acc: *76.080%* (7608/10000)
Train epoch: 10 | Loss: *0.431* | Acc: *85.286%* (42643/50000) 
Test epoch: 10 | Loss: *0.980* | Acc: *70.410%* (7041/10000)
Train epoch: 11 | Loss: *0.407* | Acc: *85.966%* (42983/50000) 
Test epoch: 11 | Loss: *0.840* | Acc: *71.650%* (7165/10000)
Train epoch: 12 | Loss: *0.386* | Acc: *86.650%* (43325/50000) 
Test epoch: 12 | Loss: *0.966* | Acc: *68.670%* (6867/10000)
Train epoch: 13 | Loss: *0.370* | Acc: *87.258%* (43629/50000) 
Test epoch: 13 | Loss: *0.719* | Acc: *74.140%* (7414/10000)
Train epoch: 14 | Loss: *0.358* | Acc: *87.654%* (43827/50000) 
Test epoch: 14 | Loss: *0.781* | Acc: *75.910%* (7591/10000)
Train epoch: 15 | Loss: *0.339* | Acc: *88.228%* (44114/50000) 
Test epoch: 15 | Loss: *0.876* | Acc: *70.280%* (7028/10000)
Train epoch: 16 | Loss: *0.336* | Acc: *88.348%* (44174/50000) 
Test epoch: 16 | Loss: *0.995* | Acc: *66.690%* (6669/10000)
Train epoch: 17 | Loss: *0.319* | Acc: *89.104%* (44552/50000) 
Test epoch: 17 | Loss: *0.914* | Acc: *71.590%* (7159/10000)
Train epoch: 18 | Loss: *0.317* | Acc: *89.074%* (44537/50000) 
Test epoch: 18 | Loss: *0.844* | Acc: *74.170%* (7417/10000)
Train epoch: 19 | Loss: *0.304* | Acc: *89.644%* (44822/50000) 
Test epoch: 19 | Loss: *0.796* | Acc: *73.190%* (7319/10000)
Train epoch: 20 | Loss: *0.296* | Acc: *89.750%* (44875/50000) 
Test epoch: 20 | Loss: *0.669* | Acc: *78.460%* (7846/10000)
Train epoch: 21 | Loss: *0.292* | Acc: *89.890%* (44945/50000) 
Test epoch: 21 | Loss: *0.796* | Acc: *74.410%* (7441/10000)
Train epoch: 22 | Loss: *0.286* | Acc: *90.142%* (45071/50000) 
Test epoch: 22 | Loss: *1.137* | Acc: *69.590%* (6959/10000)
Train epoch: 23 | Loss: *0.284* | Acc: *90.276%* (45138/50000) 
Test epoch: 23 | Loss: *0.889* | Acc: *72.080%* (7208/10000)
Train epoch: 24 | Loss: *0.277* | Acc: *90.378%* (45189/50000) 
Test epoch: 24 | Loss: *0.598* | Acc: *80.670%* (8067/10000)
Train epoch: 25 | Loss: *0.271* | Acc: *90.724%* (45362/50000) 
Test epoch: 25 | Loss: *1.041* | Acc: *69.090%* (6909/10000)
Train epoch: 26 | Loss: *0.259* | Acc: *91.034%* (45517/50000) 
Test epoch: 26 | Loss: *0.775* | Acc: *77.150%* (7715/10000)
Train epoch: 27 | Loss: *0.261* | Acc: *90.866%* (45433/50000) 
Test epoch: 27 | Loss: *0.828* | Acc: *74.590%* (7459/10000)
Train epoch: 28 | Loss: *0.254* | Acc: *91.164%* (45582/50000) 
Test epoch: 28 | Loss: *0.660* | Acc: *79.270%* (7927/10000)
Train epoch: 29 | Loss: *0.255* | Acc: *91.184%* (45592/50000) 
Test epoch: 29 | Loss: *0.533* | Acc: *81.870%* (8187/10000)
Train epoch: 30 | Loss: *0.246* | Acc: *91.634%* (45817/50000) 
Test epoch: 30 | Loss: *1.162* | Acc: *67.670%* (6767/10000)
Train epoch: 31 | Loss: *0.249* | Acc: *91.316%* (45658/50000) 
Test epoch: 31 | Loss: *1.004* | Acc: *69.730%* (6973/10000)
Train epoch: 32 | Loss: *0.241* | Acc: *91.784%* (45892/50000) 
Test epoch: 32 | Loss: *0.766* | Acc: *77.350%* (7735/10000)
Train epoch: 33 | Loss: *0.241* | Acc: *91.716%* (45858/50000) 
Test epoch: 33 | Loss: *0.650* | Acc: *79.530%* (7953/10000)
Train epoch: 34 | Loss: *0.236* | Acc: *91.832%* (45916/50000) 
Test epoch: 34 | Loss: *0.863* | Acc: *75.020%* (7502/10000)
Train epoch: 35 | Loss: *0.229* | Acc: *92.122%* (46061/50000) 
Test epoch: 35 | Loss: *1.009* | Acc: *69.870%* (6987/10000)
Train epoch: 36 | Loss: *0.229* | Acc: *92.096%* (46048/50000) 
Test epoch: 36 | Loss: *0.604* | Acc: *80.540%* (8054/10000)
Train epoch: 37 | Loss: *0.225* | Acc: *92.238%* (46119/50000) 
Test epoch: 37 | Loss: *0.797* | Acc: *75.310%* (7531/10000)
Train epoch: 38 | Loss: *0.225* | Acc: *92.328%* (46164/50000) 
Test epoch: 38 | Loss: *0.851* | Acc: *73.040%* (7304/10000)
Train epoch: 39 | Loss: *0.216* | Acc: *92.448%* (46224/50000) 
Test epoch: 39 | Loss: *1.283* | Acc: *62.510%* (6251/10000)
Train epoch: 40 | Loss: *0.217* | Acc: *92.512%* (46256/50000) 
Test epoch: 40 | Loss: *0.767* | Acc: *75.950%* (7595/10000)
Train epoch: 41 | Loss: *0.216* | Acc: *92.542%* (46271/50000) 
Test epoch: 41 | Loss: *0.736* | Acc: *75.960%* (7596/10000)
Train epoch: 42 | Loss: *0.213* | Acc: *92.674%* (46337/50000) 
Test epoch: 42 | Loss: *0.917* | Acc: *72.410%* (7241/10000)
Train epoch: 43 | Loss: *0.211* | Acc: *92.746%* (46373/50000) 
Test epoch: 43 | Loss: *0.920* | Acc: *72.820%* (7282/10000)
Train epoch: 44 | Loss: *0.207* | Acc: *92.966%* (46483/50000) 
Test epoch: 44 | Loss: *0.899* | Acc: *74.530%* (7453/10000)
Train epoch: 45 | Loss: *0.205* | Acc: *92.838%* (46419/50000) 
Test epoch: 45 | Loss: *1.116* | Acc: *71.110%* (7111/10000)
Train epoch: 46 | Loss: *0.205* | Acc: *92.852%* (46426/50000) 
Test epoch: 46 | Loss: *0.774* | Acc: *77.660%* (7766/10000)
Train epoch: 47 | Loss: *0.199* | Acc: *93.140%* (46570/50000) 
Test epoch: 47 | Loss: *0.866* | Acc: *75.800%* (7580/10000)
Train epoch: 48 | Loss: *0.196* | Acc: *93.366%* (46683/50000) 
Test epoch: 48 | Loss: *1.126* | Acc: *70.370%* (7037/10000)
Train epoch: 49 | Loss: *0.192* | Acc: *93.376%* (46688/50000) 
Test epoch: 49 | Loss: *0.672* | Acc: *79.640%* (7964/10000)
Train epoch: 50 | Loss: *0.198* | Acc: *93.202%* (46601/50000) 
Test epoch: 50 | Loss: *0.733* | Acc: *75.760%* (7576/10000)
Train epoch: 51 | Loss: *0.191* | Acc: *93.390%* (46695/50000) 
Test epoch: 51 | Loss: *0.924* | Acc: *71.520%* (7152/10000)
Train epoch: 52 | Loss: *0.188* | Acc: *93.464%* (46732/50000) 
Test epoch: 52 | Loss: *0.729* | Acc: *76.090%* (7609/10000)
Train epoch: 53 | Loss: *0.183* | Acc: *93.660%* (46830/50000) 
Test epoch: 53 | Loss: *0.823* | Acc: *76.340%* (7634/10000)
Train epoch: 54 | Loss: *0.185* | Acc: *93.664%* (46832/50000) 
Test epoch: 54 | Loss: *0.621* | Acc: *80.500%* (8050/10000)
Train epoch: 55 | Loss: *0.182* | Acc: *93.776%* (46888/50000) 
Test epoch: 55 | Loss: *0.825* | Acc: *75.920%* (7592/10000)
Train epoch: 56 | Loss: *0.180* | Acc: *93.856%* (46928/50000) 
Test epoch: 56 | Loss: *0.572* | Acc: *82.080%* (8208/10000)
Train epoch: 57 | Loss: *0.182* | Acc: *93.682%* (46841/50000) 
Test epoch: 57 | Loss: *0.810* | Acc: *75.240%* (7524/10000)
Train epoch: 58 | Loss: *0.175* | Acc: *93.958%* (46979/50000) 
Test epoch: 58 | Loss: *0.869* | Acc: *75.010%* (7501/10000)
Train epoch: 59 | Loss: *0.166* | Acc: *94.222%* (47111/50000) 
Test epoch: 59 | Loss: *0.730* | Acc: *79.170%* (7917/10000)
Train epoch: 60 | Loss: *0.169* | Acc: *94.108%* (47054/50000) 
Test epoch: 60 | Loss: *0.566* | Acc: *81.770%* (8177/10000)
Train epoch: 61 | Loss: *0.171* | Acc: *94.036%* (47018/50000) 
Test epoch: 61 | Loss: *0.553* | Acc: *82.030%* (8203/10000)
Train epoch: 62 | Loss: *0.168* | Acc: *94.274%* (47137/50000) 
Test epoch: 62 | Loss: *0.593* | Acc: *81.930%* (8193/10000)
Train epoch: 63 | Loss: *0.163* | Acc: *94.448%* (47224/50000) 
Test epoch: 63 | Loss: *0.769* | Acc: *77.080%* (7708/10000)
Train epoch: 64 | Loss: *0.160* | Acc: *94.526%* (47263/50000) 
Test epoch: 64 | Loss: *1.140* | Acc: *70.670%* (7067/10000)
Train epoch: 65 | Loss: *0.159* | Acc: *94.510%* (47255/50000) 
Test epoch: 65 | Loss: *0.568* | Acc: *81.340%* (8134/10000)
Train epoch: 66 | Loss: *0.156* | Acc: *94.726%* (47363/50000) 
Test epoch: 66 | Loss: *0.637* | Acc: *79.320%* (7932/10000)
Train epoch: 67 | Loss: *0.152* | Acc: *94.724%* (47362/50000) 
Test epoch: 67 | Loss: *0.654* | Acc: *80.290%* (8029/10000)
Train epoch: 68 | Loss: *0.157* | Acc: *94.674%* (47337/50000) 
Test epoch: 68 | Loss: *1.027* | Acc: *73.720%* (7372/10000)
Train epoch: 69 | Loss: *0.149* | Acc: *94.872%* (47436/50000) 
Test epoch: 69 | Loss: *0.796* | Acc: *78.820%* (7882/10000)
Train epoch: 70 | Loss: *0.140* | Acc: *95.230%* (47615/50000) 
Test epoch: 70 | Loss: *0.624* | Acc: *80.290%* (8029/10000)
Train epoch: 71 | Loss: *0.155* | Acc: *94.682%* (47341/50000) 
Test epoch: 71 | Loss: *0.885* | Acc: *76.260%* (7626/10000)
Train epoch: 72 | Loss: *0.136* | Acc: *95.436%* (47718/50000) 
Test epoch: 72 | Loss: *0.729* | Acc: *78.960%* (7896/10000)
Train epoch: 73 | Loss: *0.143* | Acc: *95.116%* (47558/50000) 
Test epoch: 73 | Loss: *0.717* | Acc: *78.090%* (7809/10000)
Train epoch: 74 | Loss: *0.136* | Acc: *95.410%* (47705/50000) 
Test epoch: 74 | Loss: *0.728* | Acc: *79.490%* (7949/10000)
Train epoch: 75 | Loss: *0.139* | Acc: *95.272%* (47636/50000) 
Test epoch: 75 | Loss: *0.510* | Acc: *83.690%* (8369/10000)
Train epoch: 76 | Loss: *0.128* | Acc: *95.652%* (47826/50000) 
Test epoch: 76 | Loss: *0.788* | Acc: *77.150%* (7715/10000)
Train epoch: 77 | Loss: *0.135* | Acc: *95.436%* (47718/50000) 
Test epoch: 77 | Loss: *1.083* | Acc: *70.140%* (7014/10000)
Train epoch: 78 | Loss: *0.130* | Acc: *95.586%* (47793/50000) 
Test epoch: 78 | Loss: *0.693* | Acc: *78.930%* (7893/10000)
Train epoch: 79 | Loss: *0.127* | Acc: *95.690%* (47845/50000) 
Test epoch: 79 | Loss: *0.645* | Acc: *81.010%* (8101/10000)
Train epoch: 80 | Loss: *0.115* | Acc: *96.176%* (48088/50000) 
Test epoch: 80 | Loss: *0.625* | Acc: *81.640%* (8164/10000)
Train epoch: 81 | Loss: *0.132* | Acc: *95.454%* (47727/50000) 
Test epoch: 81 | Loss: *0.736* | Acc: *78.420%* (7842/10000)
Train epoch: 82 | Loss: *0.117* | Acc: *96.062%* (48031/50000) 
Test epoch: 82 | Loss: *0.855* | Acc: *76.430%* (7643/10000)
Train epoch: 83 | Loss: *0.116* | Acc: *96.122%* (48061/50000) 
Test epoch: 83 | Loss: *0.711* | Acc: *79.640%* (7964/10000)
Train epoch: 84 | Loss: *0.109* | Acc: *96.404%* (48202/50000) 
Test epoch: 84 | Loss: *0.702* | Acc: *78.560%* (7856/10000)
Train epoch: 85 | Loss: *0.111* | Acc: *96.304%* (48152/50000) 
Test epoch: 85 | Loss: *0.844* | Acc: *76.770%* (7677/10000)
Train epoch: 86 | Loss: *0.115* | Acc: *96.130%* (48065/50000) 
Test epoch: 86 | Loss: *1.512* | Acc: *64.050%* (6405/10000)
Train epoch: 87 | Loss: *0.111* | Acc: *96.342%* (48171/50000) 
Test epoch: 87 | Loss: *0.651* | Acc: *80.820%* (8082/10000)
Train epoch: 88 | Loss: *0.097* | Acc: *96.730%* (48365/50000) 
Test epoch: 88 | Loss: *0.728* | Acc: *79.340%* (7934/10000)
Train epoch: 89 | Loss: *0.112* | Acc: *96.256%* (48128/50000) 
Test epoch: 89 | Loss: *1.157* | Acc: *70.000%* (7000/10000)
Train epoch: 90 | Loss: *0.099* | Acc: *96.802%* (48401/50000) 
Test epoch: 90 | Loss: *0.755* | Acc: *78.610%* (7861/10000)
Train epoch: 91 | Loss: *0.098* | Acc: *96.716%* (48358/50000) 
Test epoch: 91 | Loss: *0.907* | Acc: *74.060%* (7406/10000)
Train epoch: 92 | Loss: *0.099* | Acc: *96.794%* (48397/50000) 
Test epoch: 92 | Loss: *0.820* | Acc: *78.290%* (7829/10000)
Train epoch: 93 | Loss: *0.096* | Acc: *96.876%* (48438/50000) 
Test epoch: 93 | Loss: *0.590* | Acc: *83.090%* (8309/10000)
Train epoch: 94 | Loss: *0.092* | Acc: *97.046%* (48523/50000) 
Test epoch: 94 | Loss: *0.604* | Acc: *81.310%* (8131/10000)
Train epoch: 95 | Loss: *0.088* | Acc: *97.088%* (48544/50000) 
Test epoch: 95 | Loss: *0.794* | Acc: *78.500%* (7850/10000)
Train epoch: 96 | Loss: *0.086* | Acc: *97.336%* (48668/50000) 
Test epoch: 96 | Loss: *0.744* | Acc: *79.390%* (7939/10000)
Train epoch: 97 | Loss: *0.090* | Acc: *97.066%* (48533/50000) 
Test epoch: 97 | Loss: *0.786* | Acc: *79.100%* (7910/10000)
Train epoch: 98 | Loss: *0.083* | Acc: *97.332%* (48666/50000) 
Test epoch: 98 | Loss: *0.582* | Acc: *83.050%* (8305/10000)
Train epoch: 99 | Loss: *0.088* | Acc: *97.090%* (48545/50000) 
Test epoch: 99 | Loss: *1.005* | Acc: *74.130%* (7413/10000)
Train epoch: 100 | Loss: *0.080* | Acc: *97.394%* (48697/50000) 
Test epoch: 100 | Loss: *0.820* | Acc: *77.380%* (7738/10000)
Train epoch: 101 | Loss: *0.068* | Acc: *97.904%* (48952/50000) 
Test epoch: 101 | Loss: *0.787* | Acc: *77.850%* (7785/10000)
Train epoch: 102 | Loss: *0.078* | Acc: *97.546%* (48773/50000) 
Test epoch: 102 | Loss: *0.892* | Acc: *74.440%* (7444/10000)
Train epoch: 103 | Loss: *0.081* | Acc: *97.388%* (48694/50000) 
Test epoch: 103 | Loss: *0.664* | Acc: *80.360%* (8036/10000)
Train epoch: 104 | Loss: *0.071* | Acc: *97.752%* (48876/50000) 
Test epoch: 104 | Loss: *0.814* | Acc: *76.700%* (7670/10000)
Train epoch: 105 | Loss: *0.075* | Acc: *97.596%* (48798/50000) 
Test epoch: 105 | Loss: *0.609* | Acc: *81.690%* (8169/10000)
Train epoch: 106 | Loss: *0.052* | Acc: *98.506%* (49253/50000) 
Test epoch: 106 | Loss: *0.632* | Acc: *81.780%* (8178/10000)
Train epoch: 107 | Loss: *0.056* | Acc: *98.318%* (49159/50000) 
Test epoch: 107 | Loss: *0.823* | Acc: *78.120%* (7812/10000)
Train epoch: 108 | Loss: *0.089* | Acc: *96.978%* (48489/50000) 
Test epoch: 108 | Loss: *0.708* | Acc: *79.600%* (7960/10000)
Train epoch: 109 | Loss: *0.064* | Acc: *98.070%* (49035/50000) 
Test epoch: 109 | Loss: *0.903* | Acc: *75.820%* (7582/10000)
Train epoch: 110 | Loss: *0.051* | Acc: *98.502%* (49251/50000) 
Test epoch: 110 | Loss: *0.750* | Acc: *81.280%* (8128/10000)
Train epoch: 111 | Loss: *0.066* | Acc: *97.968%* (48984/50000) 
Test epoch: 111 | Loss: *0.764* | Acc: *78.750%* (7875/10000)
Train epoch: 112 | Loss: *0.046* | Acc: *98.682%* (49341/50000) 
Test epoch: 112 | Loss: *0.693* | Acc: *80.600%* (8060/10000)
Train epoch: 113 | Loss: *0.051* | Acc: *98.504%* (49252/50000) 
Test epoch: 113 | Loss: *0.653* | Acc: *81.270%* (8127/10000)
Train epoch: 114 | Loss: *0.051* | Acc: *98.590%* (49295/50000) 
Test epoch: 114 | Loss: *0.815* | Acc: *78.100%* (7810/10000)
Train epoch: 115 | Loss: *0.048* | Acc: *98.582%* (49291/50000) 
Test epoch: 115 | Loss: *0.557* | Acc: *84.340%* (8434/10000)
Train epoch: 116 | Loss: *0.049* | Acc: *98.574%* (49287/50000) 
Test epoch: 116 | Loss: *0.791* | Acc: *77.840%* (7784/10000)
Train epoch: 117 | Loss: *0.059* | Acc: *98.232%* (49116/50000) 
Test epoch: 117 | Loss: *0.740* | Acc: *79.430%* (7943/10000)
Train epoch: 118 | Loss: *0.040* | Acc: *98.916%* (49458/50000) 
Test epoch: 118 | Loss: *0.550* | Acc: *84.140%* (8414/10000)
Train epoch: 119 | Loss: *0.023* | Acc: *99.554%* (49777/50000) 
Test epoch: 119 | Loss: *0.417* | Acc: *87.720%* (8772/10000)
Train epoch: 120 | Loss: *0.011* | Acc: *99.852%* (49926/50000) 
Test epoch: 120 | Loss: *0.408* | Acc: *87.960%* (8796/10000)
Train epoch: 121 | Loss: *0.004* | Acc: *99.992%* (49996/50000) 
Test epoch: 121 | Loss: *0.284* | Acc: *91.180%* (9118/10000)
Train epoch: 122 | Loss: *0.002* | Acc: *100.000%* (50000/50000) 
Test epoch: 122 | Loss: *0.273* | Acc: *91.480%* (9148/10000)
Train epoch: 123 | Loss: *0.003* | Acc: *100.000%* (50000/50000) 
Test epoch: 123 | Loss: *0.267* | Acc: *91.630%* (9163/10000)
Train epoch: 124 | Loss: *0.003* | Acc: *100.000%* (50000/50000) 
Test epoch: 124 | Loss: *0.266* | Acc: *91.650%* (9165/10000)
Train epoch: 125 | Loss: *0.003* | Acc: *100.000%* (50000/50000) 
Test epoch: 125 | Loss: *0.262* | Acc: *91.690%* (9169/10000)
Train epoch: 126 | Loss: *0.003* | Acc: *100.000%* (50000/50000) 
Test epoch: 126 | Loss: *0.263* | Acc: *91.530%* (9153/10000)
Train epoch: 127 | Loss: *0.003* | Acc: *100.000%* (50000/50000) 
Test epoch: 127 | Loss: *0.271* | Acc: *91.410%* (9141/10000)
Train epoch: 128 | Loss: *0.003* | Acc: *100.000%* (50000/50000) 
Test epoch: 128 | Loss: *0.262* | Acc: *91.570%* (9157/10000)
Train epoch: 129 | Loss: *0.003* | Acc: *100.000%* (50000/50000) 
Test epoch: 129 | Loss: *0.272* | Acc: *91.370%* (9137/10000)
Train epoch: 130 | Loss: *0.003* | Acc: *100.000%* (50000/50000) 
Test epoch: 130 | Loss: *0.276* | Acc: *91.260%* (9126/10000)
Train epoch: 131 | Loss: *0.003* | Acc: *100.000%* (50000/50000) 
Test epoch: 131 | Loss: *0.284* | Acc: *91.120%* (9112/10000)
Train epoch: 132 | Loss: *0.003* | Acc: *100.000%* (50000/50000) 
Test epoch: 132 | Loss: *0.281* | Acc: *91.310%* (9131/10000)
Train epoch: 133 | Loss: *0.003* | Acc: *100.000%* (50000/50000) 
Test epoch: 133 | Loss: *0.298* | Acc: *90.370%* (9037/10000)
Train epoch: 134 | Loss: *0.003* | Acc: *100.000%* (50000/50000) 
Test epoch: 134 | Loss: *0.317* | Acc: *90.050%* (9005/10000)
Train epoch: 135 | Loss: *0.003* | Acc: *100.000%* (50000/50000) 
Test epoch: 135 | Loss: *0.369* | Acc: *88.520%* (8852/10000)
Train epoch: 136 | Loss: *0.790* | Acc: *72.124%* (36062/50000) 
Test epoch: 136 | Loss: *1.147* | Acc: *61.050%* (6105/10000)
Train epoch: 137 | Loss: *0.721* | Acc: *74.804%* (37402/50000) 
Test epoch: 137 | Loss: *0.774* | Acc: *73.010%* (7301/10000)
Train epoch: 138 | Loss: *0.506* | Acc: *82.762%* (41381/50000) 
Test epoch: 138 | Loss: *0.594* | Acc: *79.690%* (7969/10000)
Train epoch: 139 | Loss: *0.399* | Acc: *86.460%* (43230/50000) 
Test epoch: 139 | Loss: *0.711* | Acc: *75.420%* (7542/10000)
Train epoch: 140 | Loss: *0.318* | Acc: *89.142%* (44571/50000) 
Test epoch: 140 | Loss: *0.804* | Acc: *73.810%* (7381/10000)
Train epoch: 141 | Loss: *0.254* | Acc: *91.334%* (45667/50000) 
Test epoch: 141 | Loss: *0.616* | Acc: *79.640%* (7964/10000)
Train epoch: 142 | Loss: *0.208* | Acc: *92.948%* (46474/50000) 
Test epoch: 142 | Loss: *0.490* | Acc: *83.870%* (8387/10000)
Train epoch: 143 | Loss: *0.155* | Acc: *94.788%* (47394/50000) 
Test epoch: 143 | Loss: *0.519* | Acc: *83.150%* (8315/10000)
Train epoch: 144 | Loss: *0.122* | Acc: *96.052%* (48026/50000) 
Test epoch: 144 | Loss: *0.457* | Acc: *85.890%* (8589/10000)
Train epoch: 145 | Loss: *0.090* | Acc: *97.256%* (48628/50000) 
Test epoch: 145 | Loss: *0.557* | Acc: *83.410%* (8341/10000)
Train epoch: 146 | Loss: *0.071* | Acc: *97.898%* (48949/50000) 
Test epoch: 146 | Loss: *0.416* | Acc: *86.950%* (8695/10000)
Train epoch: 147 | Loss: *0.052* | Acc: *98.512%* (49256/50000) 
Test epoch: 147 | Loss: *0.422* | Acc: *86.950%* (8695/10000)
Train epoch: 148 | Loss: *0.029* | Acc: *99.424%* (49712/50000) 
Test epoch: 148 | Loss: *0.426* | Acc: *87.700%* (8770/10000)
Train epoch: 149 | Loss: *0.017* | Acc: *99.766%* (49883/50000) 
Test epoch: 149 | Loss: *0.379* | Acc: *88.810%* (8881/10000)
Train epoch: 150 | Loss: *0.007* | Acc: *99.976%* (49988/50000) 
Test epoch: 150 | Loss: *0.309* | Acc: *90.560%* (9056/10000)
Train epoch: 151 | Loss: *0.004* | Acc: *100.000%* (50000/50000) 
Test epoch: 151 | Loss: *0.306* | Acc: *90.670%* (9067/10000)
Train epoch: 152 | Loss: *0.003* | Acc: *100.000%* (50000/50000) 
Test epoch: 152 | Loss: *0.298* | Acc: *90.950%* (9095/10000)
Train epoch: 153 | Loss: *0.003* | Acc: *100.000%* (50000/50000) 
Test epoch: 153 | Loss: *0.299* | Acc: *90.650%* (9065/10000)
Train epoch: 154 | Loss: *0.003* | Acc: *100.000%* (50000/50000) 
Test epoch: 154 | Loss: *0.294* | Acc: *90.720%* (9072/10000)
Train epoch: 155 | Loss: *0.003* | Acc: *100.000%* (50000/50000) 
Test epoch: 155 | Loss: *0.295* | Acc: *90.860%* (9086/10000)
Train epoch: 156 | Loss: *0.003* | Acc: *100.000%* (50000/50000) 
Test epoch: 156 | Loss: *0.291* | Acc: *90.830%* (9083/10000)
Train epoch: 157 | Loss: *0.003* | Acc: *100.000%* (50000/50000) 
Test epoch: 157 | Loss: *0.293* | Acc: *90.660%* (9066/10000)
Train epoch: 158 | Loss: *0.003* | Acc: *100.000%* (50000/50000) 
Test epoch: 158 | Loss: *0.289* | Acc: *90.900%* (9090/10000)
Train epoch: 159 | Loss: *0.003* | Acc: *100.000%* (50000/50000) 
Test epoch: 159 | Loss: *0.291* | Acc: *90.850%* (9085/10000)
Train epoch: 160 | Loss: *0.003* | Acc: *100.000%* (50000/50000) 
Test epoch: 160 | Loss: *0.291* | Acc: *90.870%* (9087/10000)
Train epoch: 161 | Loss: *0.003* | Acc: *100.000%* (50000/50000) 
Test epoch: 161 | Loss: *0.288* | Acc: *90.840%* (9084/10000)
Train epoch: 162 | Loss: *0.003* | Acc: *100.000%* (50000/50000) 
Test epoch: 162 | Loss: *0.288* | Acc: *90.900%* (9090/10000)
Train epoch: 163 | Loss: *0.003* | Acc: *100.000%* (50000/50000) 
Test epoch: 163 | Loss: *0.286* | Acc: *90.780%* (9078/10000)
Train epoch: 164 | Loss: *0.003* | Acc: *100.000%* (50000/50000) 
Test epoch: 164 | Loss: *0.291* | Acc: *90.710%* (9071/10000)
Train epoch: 165 | Loss: *0.003* | Acc: *100.000%* (50000/50000) 
Test epoch: 165 | Loss: *0.286* | Acc: *90.850%* (9085/10000)
Train epoch: 166 | Loss: *0.003* | Acc: *100.000%* (50000/50000) 
Test epoch: 166 | Loss: *0.290* | Acc: *90.700%* (9070/10000)
Train epoch: 167 | Loss: *0.003* | Acc: *100.000%* (50000/50000) 
Test epoch: 167 | Loss: *0.288* | Acc: *90.710%* (9071/10000)
Train epoch: 168 | Loss: *0.003* | Acc: *100.000%* (50000/50000) 
Test epoch: 168 | Loss: *0.289* | Acc: *90.770%* (9077/10000)
Train epoch: 169 | Loss: *0.003* | Acc: *100.000%* (50000/50000) 
Test epoch: 169 | Loss: *0.288* | Acc: *90.760%* (9076/10000)
Train epoch: 170 | Loss: *0.003* | Acc: *100.000%* (50000/50000) 
Test epoch: 170 | Loss: *0.289* | Acc: *90.770%* (9077/10000)
Train epoch: 171 | Loss: *0.003* | Acc: *100.000%* (50000/50000) 
Test epoch: 171 | Loss: *0.287* | Acc: *90.710%* (9071/10000)
Train epoch: 172 | Loss: *0.003* | Acc: *100.000%* (50000/50000) 
Test epoch: 172 | Loss: *0.289* | Acc: *90.810%* (9081/10000)
Train epoch: 173 | Loss: *0.003* | Acc: *100.000%* (50000/50000) 
Test epoch: 173 | Loss: *0.290* | Acc: *90.700%* (9070/10000)
Train epoch: 174 | Loss: *0.003* | Acc: *100.000%* (50000/50000) 
Test epoch: 174 | Loss: *0.289* | Acc: *90.820%* (9082/10000)
Train epoch: 175 | Loss: *0.003* | Acc: *100.000%* (50000/50000) 
Test epoch: 175 | Loss: *0.291* | Acc: *90.740%* (9074/10000)
Train epoch: 176 | Loss: *0.003* | Acc: *100.000%* (50000/50000) 
Test epoch: 176 | Loss: *0.293* | Acc: *90.730%* (9073/10000)
Train epoch: 177 | Loss: *0.003* | Acc: *100.000%* (50000/50000) 
Test epoch: 177 | Loss: *0.290* | Acc: *90.710%* (9071/10000)
Train epoch: 178 | Loss: *0.003* | Acc: *100.000%* (50000/50000) 
Test epoch: 178 | Loss: *0.291* | Acc: *90.570%* (9057/10000)
Train epoch: 179 | Loss: *0.003* | Acc: *100.000%* (50000/50000) 
Test epoch: 179 | Loss: *0.290* | Acc: *90.730%* (9073/10000)
Train epoch: 180 | Loss: *0.003* | Acc: *100.000%* (50000/50000) 
Test epoch: 180 | Loss: *0.290* | Acc: *90.730%* (9073/10000)
Train epoch: 181 | Loss: *0.003* | Acc: *100.000%* (50000/50000) 
Test epoch: 181 | Loss: *0.290* | Acc: *90.760%* (9076/10000)
Train epoch: 182 | Loss: *0.003* | Acc: *100.000%* (50000/50000) 
Test epoch: 182 | Loss: *0.291* | Acc: *90.650%* (9065/10000)
Train epoch: 183 | Loss: *0.003* | Acc: *100.000%* (50000/50000) 
Test epoch: 183 | Loss: *0.292* | Acc: *90.690%* (9069/10000)
Train epoch: 184 | Loss: *0.003* | Acc: *100.000%* (50000/50000) 
Test epoch: 184 | Loss: *0.292* | Acc: *90.630%* (9063/10000)
Train epoch: 185 | Loss: *0.003* | Acc: *100.000%* (50000/50000) 
Test epoch: 185 | Loss: *0.291* | Acc: *90.680%* (9068/10000)
Train epoch: 186 | Loss: *0.003* | Acc: *100.000%* (50000/50000) 
Test epoch: 186 | Loss: *0.291* | Acc: *90.620%* (9062/10000)
Train epoch: 187 | Loss: *0.003* | Acc: *100.000%* (50000/50000) 
Test epoch: 187 | Loss: *0.293* | Acc: *90.560%* (9056/10000)
Train epoch: 188 | Loss: *0.003* | Acc: *100.000%* (50000/50000) 
Test epoch: 188 | Loss: *0.291* | Acc: *90.590%* (9059/10000)
Train epoch: 189 | Loss: *0.003* | Acc: *100.000%* (50000/50000) 
Test epoch: 189 | Loss: *0.291* | Acc: *90.680%* (9068/10000)
Train epoch: 190 | Loss: *0.003* | Acc: *100.000%* (50000/50000) 
Test epoch: 190 | Loss: *0.292* | Acc: *90.670%* (9067/10000)
Train epoch: 191 | Loss: *0.003* | Acc: *100.000%* (50000/50000) 
Test epoch: 191 | Loss: *0.294* | Acc: *90.600%* (9060/10000)
Train epoch: 192 | Loss: *0.003* | Acc: *100.000%* (50000/50000) 
Test epoch: 192 | Loss: *0.291* | Acc: *90.670%* (9067/10000)
Train epoch: 193 | Loss: *0.003* | Acc: *100.000%* (50000/50000) 
Test epoch: 193 | Loss: *0.294* | Acc: *90.570%* (9057/10000)
Train epoch: 194 | Loss: *0.003* | Acc: *100.000%* (50000/50000) 
Test epoch: 194 | Loss: *0.292* | Acc: *90.610%* (9061/10000)
Train epoch: 195 | Loss: *0.003* | Acc: *100.000%* (50000/50000) 
Test epoch: 195 | Loss: *0.292* | Acc: *90.650%* (9065/10000)
Train epoch: 196 | Loss: *0.003* | Acc: *100.000%* (50000/50000) 
Test epoch: 196 | Loss: *0.294* | Acc: *90.570%* (9057/10000)
Train epoch: 197 | Loss: *0.003* | Acc: *100.000%* (50000/50000) 
Test epoch: 197 | Loss: *0.293* | Acc: *90.610%* (9061/10000)
Train epoch: 198 | Loss: *0.003* | Acc: *100.000%* (50000/50000) 
Test epoch: 198 | Loss: *0.292* | Acc: *90.570%* (9057/10000)
Train epoch: 199 | Loss: *0.003* | Acc: *100.000%* (50000/50000) 
Test epoch: 199 | Loss: *0.291* | Acc: *90.690%* (9069/10000)
Train epoch: 200 | Loss: *0.003* | Acc: *100.000%* (50000/50000) 
Test epoch: 200 | Loss: *0.292* | Acc: *90.570%* (9057/10000)
Train epoch: 201 | Loss: *0.003* | Acc: *100.000%* (50000/50000) 
Test epoch: 201 | Loss: *0.293* | Acc: *90.570%* (9057/10000)
Train epoch: 202 | Loss: *0.003* | Acc: *100.000%* (50000/50000) 
Test epoch: 202 | Loss: *0.292* | Acc: *90.710%* (9071/10000)
Train epoch: 203 | Loss: *0.003* | Acc: *100.000%* (50000/50000) 
Test epoch: 203 | Loss: *0.291* | Acc: *90.660%* (9066/10000)
Train epoch: 204 | Loss: *0.003* | Acc: *100.000%* (50000/50000) 
Test epoch: 204 | Loss: *0.294* | Acc: *90.550%* (9055/10000)
Train epoch: 205 | Loss: *0.003* | Acc: *100.000%* (50000/50000) 
Test epoch: 205 | Loss: *0.292* | Acc: *90.560%* (9056/10000)
Train epoch: 206 | Loss: *0.003* | Acc: *100.000%* (50000/50000) 
Test epoch: 206 | Loss: *0.293* | Acc: *90.590%* (9059/10000)
Train epoch: 207 | Loss: *0.003* | Acc: *100.000%* (50000/50000) 
Test epoch: 207 | Loss: *0.293* | Acc: *90.570%* (9057/10000)
Train epoch: 208 | Loss: *0.003* | Acc: *100.000%* (50000/50000) 
Test epoch: 208 | Loss: *0.292* | Acc: *90.600%* (9060/10000)
Train epoch: 209 | Loss: *0.003* | Acc: *100.000%* (50000/50000) 
Test epoch: 209 | Loss: *0.294* | Acc: *90.550%* (9055/10000)
Train epoch: 210 | Loss: *0.003* | Acc: *100.000%* (50000/50000) 
Test epoch: 210 | Loss: *0.293* | Acc: *90.520%* (9052/10000)
Train epoch: 211 | Loss: *0.003* | Acc: *100.000%* (50000/50000) 
Test epoch: 211 | Loss: *0.292* | Acc: *90.530%* (9053/10000)
Train epoch: 212 | Loss: *0.003* | Acc: *100.000%* (50000/50000) 
Test epoch: 212 | Loss: *0.293* | Acc: *90.510%* (9051/10000)
Train epoch: 213 | Loss: *0.003* | Acc: *100.000%* (50000/50000) 
Test epoch: 213 | Loss: *0.292* | Acc: *90.620%* (9062/10000)
Train epoch: 214 | Loss: *0.003* | Acc: *100.000%* (50000/50000) 
Test epoch: 214 | Loss: *0.291* | Acc: *90.610%* (9061/10000)
Train epoch: 215 | Loss: *0.003* | Acc: *100.000%* (50000/50000) 
Test epoch: 215 | Loss: *0.294* | Acc: *90.590%* (9059/10000)
Train epoch: 216 | Loss: *0.003* | Acc: *100.000%* (50000/50000) 
Test epoch: 216 | Loss: *0.294* | Acc: *90.530%* (9053/10000)
Train epoch: 217 | Loss: *0.003* | Acc: *100.000%* (50000/50000) 
Test epoch: 217 | Loss: *0.291* | Acc: *90.690%* (9069/10000)
Train epoch: 218 | Loss: *0.003* | Acc: *100.000%* (50000/50000) 
Test epoch: 218 | Loss: *0.293* | Acc: *90.580%* (9058/10000)
Train epoch: 219 | Loss: *0.003* | Acc: *100.000%* (50000/50000) 
Test epoch: 219 | Loss: *0.293* | Acc: *90.410%* (9041/10000)
Train epoch: 220 | Loss: *0.003* | Acc: *100.000%* (50000/50000) 
Test epoch: 220 | Loss: *0.293* | Acc: *90.550%* (9055/10000)
Train epoch: 221 | Loss: *0.003* | Acc: *100.000%* (50000/50000) 
Test epoch: 221 | Loss: *0.295* | Acc: *90.510%* (9051/10000)
Train epoch: 222 | Loss: *0.003* | Acc: *100.000%* (50000/50000) 
Test epoch: 222 | Loss: *0.294* | Acc: *90.470%* (9047/10000)
Train epoch: 223 | Loss: *0.003* | Acc: *100.000%* (50000/50000) 
Test epoch: 223 | Loss: *0.295* | Acc: *90.460%* (9046/10000)
Train epoch: 224 | Loss: *0.003* | Acc: *100.000%* (50000/50000) 
Test epoch: 224 | Loss: *0.296* | Acc: *90.550%* (9055/10000)
Train epoch: 225 | Loss: *0.003* | Acc: *100.000%* (50000/50000) 
Test epoch: 225 | Loss: *0.297* | Acc: *90.460%* (9046/10000)
Train epoch: 226 | Loss: *0.003* | Acc: *100.000%* (50000/50000) 
Test epoch: 226 | Loss: *0.296* | Acc: *90.530%* (9053/10000)
Train epoch: 227 | Loss: *0.003* | Acc: *100.000%* (50000/50000) 
Test epoch: 227 | Loss: *0.299* | Acc: *90.450%* (9045/10000)
Train epoch: 228 | Loss: *0.003* | Acc: *100.000%* (50000/50000) 
Test epoch: 228 | Loss: *0.295* | Acc: *90.370%* (9037/10000)
Train epoch: 229 | Loss: *0.003* | Acc: *100.000%* (50000/50000) 
Test epoch: 229 | Loss: *0.298* | Acc: *90.520%* (9052/10000)
Train epoch: 230 | Loss: *0.003* | Acc: *100.000%* (50000/50000) 
Test epoch: 230 | Loss: *0.300* | Acc: *90.370%* (9037/10000)
Train epoch: 231 | Loss: *0.003* | Acc: *100.000%* (50000/50000) 
Test epoch: 231 | Loss: *0.305* | Acc: *90.230%* (9023/10000)
Train epoch: 232 | Loss: *0.003* | Acc: *100.000%* (50000/50000) 
Test epoch: 232 | Loss: *0.302* | Acc: *90.210%* (9021/10000)
Train epoch: 233 | Loss: *0.003* | Acc: *100.000%* (50000/50000) 
Test epoch: 233 | Loss: *0.303* | Acc: *90.280%* (9028/10000)
Train epoch: 234 | Loss: *0.003* | Acc: *100.000%* (50000/50000) 
Test epoch: 234 | Loss: *0.306* | Acc: *90.160%* (9016/10000)
Train epoch: 235 | Loss: *0.003* | Acc: *100.000%* (50000/50000) 
Test epoch: 235 | Loss: *0.304* | Acc: *90.230%* (9023/10000)
Train epoch: 236 | Loss: *0.003* | Acc: *100.000%* (50000/50000) 
Test epoch: 236 | Loss: *0.310* | Acc: *90.170%* (9017/10000)
Train epoch: 237 | Loss: *0.003* | Acc: *100.000%* (50000/50000) 
Test epoch: 237 | Loss: *0.323* | Acc: *89.890%* (8989/10000)
Train epoch: 238 | Loss: *0.003* | Acc: *100.000%* (50000/50000) 
Test epoch: 238 | Loss: *0.307* | Acc: *90.180%* (9018/10000)
Train epoch: 239 | Loss: *0.009* | Acc: *99.856%* (49928/50000) 
Test epoch: 239 | Loss: *1.041* | Acc: *69.220%* (6922/10000)
Train epoch: 240 | Loss: *0.275* | Acc: *91.054%* (45527/50000) 
Test epoch: 240 | Loss: *0.537* | Acc: *81.770%* (8177/10000)
Train epoch: 241 | Loss: *0.159* | Acc: *95.076%* (47538/50000) 
Test epoch: 241 | Loss: *0.714* | Acc: *79.150%* (7915/10000)
Train epoch: 242 | Loss: *0.106* | Acc: *96.934%* (48467/50000) 
Test epoch: 242 | Loss: *0.518* | Acc: *84.070%* (8407/10000)
Train epoch: 243 | Loss: *0.076* | Acc: *97.910%* (48955/50000) 
Test epoch: 243 | Loss: *0.536* | Acc: *83.560%* (8356/10000)
Train epoch: 244 | Loss: *0.071* | Acc: *98.018%* (49009/50000) 
Test epoch: 244 | Loss: *0.512* | Acc: *83.540%* (8354/10000)
Train epoch: 245 | Loss: *0.069* | Acc: *98.044%* (49022/50000) 
Test epoch: 245 | Loss: *0.482* | Acc: *85.370%* (8537/10000)
Train epoch: 246 | Loss: *0.059* | Acc: *98.316%* (49158/50000) 
Test epoch: 246 | Loss: *0.518* | Acc: *83.650%* (8365/10000)
Train epoch: 247 | Loss: *0.047* | Acc: *98.756%* (49378/50000) 
Test epoch: 247 | Loss: *0.588* | Acc: *82.230%* (8223/10000)
Train epoch: 248 | Loss: *0.045* | Acc: *98.828%* (49414/50000) 
Test epoch: 248 | Loss: *0.635* | Acc: *83.230%* (8323/10000)
Train epoch: 249 | Loss: *0.062* | Acc: *98.166%* (49083/50000) 
Test epoch: 249 | Loss: *0.629* | Acc: *81.800%* (8180/10000)
Train epoch: 250 | Loss: *0.067* | Acc: *97.950%* (48975/50000) 
Test epoch: 250 | Loss: *0.664* | Acc: *81.220%* (8122/10000)
Train epoch: 251 | Loss: *0.056* | Acc: *98.282%* (49141/50000) 
Test epoch: 251 | Loss: *0.540* | Acc: *84.260%* (8426/10000)
Train epoch: 252 | Loss: *0.043* | Acc: *98.840%* (49420/50000) 
Test epoch: 252 | Loss: *0.511* | Acc: *85.050%* (8505/10000)
Train epoch: 253 | Loss: *0.028* | Acc: *99.320%* (49660/50000) 
Test epoch: 253 | Loss: *0.479* | Acc: *85.710%* (8571/10000)
Train epoch: 254 | Loss: *0.024* | Acc: *99.464%* (49732/50000) 
Test epoch: 254 | Loss: *0.704* | Acc: *81.990%* (8199/10000)
Train epoch: 255 | Loss: *0.042* | Acc: *98.866%* (49433/50000) 
Test epoch: 255 | Loss: *0.625* | Acc: *81.360%* (8136/10000)
Train epoch: 256 | Loss: *0.077* | Acc: *97.536%* (48768/50000) 
Test epoch: 256 | Loss: *0.889* | Acc: *74.690%* (7469/10000)
Train epoch: 257 | Loss: *0.073* | Acc: *97.684%* (48842/50000) 
Test epoch: 257 | Loss: *0.529* | Acc: *84.600%* (8460/10000)
Train epoch: 258 | Loss: *0.054* | Acc: *98.464%* (49232/50000) 
Test epoch: 258 | Loss: *0.809* | Acc: *79.740%* (7974/10000)
Train epoch: 259 | Loss: *0.044* | Acc: *98.760%* (49380/50000) 
Test epoch: 259 | Loss: *0.555* | Acc: *84.390%* (8439/10000)
Train epoch: 260 | Loss: *0.031* | Acc: *99.258%* (49629/50000) 
Test epoch: 260 | Loss: *0.596* | Acc: *83.050%* (8305/10000)
Train epoch: 261 | Loss: *0.033* | Acc: *99.120%* (49560/50000) 
Test epoch: 261 | Loss: *0.518* | Acc: *84.640%* (8464/10000)
Train epoch: 262 | Loss: *0.068* | Acc: *97.866%* (48933/50000) 
Test epoch: 262 | Loss: *0.872* | Acc: *74.930%* (7493/10000)
Train epoch: 263 | Loss: *0.073* | Acc: *97.598%* (48799/50000) 
Test epoch: 263 | Loss: *0.752* | Acc: *79.470%* (7947/10000)
Train epoch: 264 | Loss: *0.070* | Acc: *97.814%* (48907/50000) 
Test epoch: 264 | Loss: *0.519* | Acc: *84.040%* (8404/10000)
Train epoch: 265 | Loss: *0.055* | Acc: *98.344%* (49172/50000) 
Test epoch: 265 | Loss: *0.616* | Acc: *82.710%* (8271/10000)
Train epoch: 266 | Loss: *0.047* | Acc: *98.678%* (49339/50000) 
Test epoch: 266 | Loss: *0.766* | Acc: *80.100%* (8010/10000)
Train epoch: 267 | Loss: *0.053* | Acc: *98.400%* (49200/50000) 
Test epoch: 267 | Loss: *0.813* | Acc: *77.910%* (7791/10000)
Train epoch: 268 | Loss: *0.055* | Acc: *98.336%* (49168/50000) 
Test epoch: 268 | Loss: *0.613* | Acc: *82.560%* (8256/10000)
Train epoch: 269 | Loss: *0.059* | Acc: *98.230%* (49115/50000) 
Test epoch: 269 | Loss: *0.534* | Acc: *83.750%* (8375/10000)
Train epoch: 270 | Loss: *0.068* | Acc: *97.892%* (48946/50000) 
Test epoch: 270 | Loss: *0.708* | Acc: *80.750%* (8075/10000)
Train epoch: 271 | Loss: *0.052* | Acc: *98.444%* (49222/50000) 
Test epoch: 271 | Loss: *0.570* | Acc: *83.870%* (8387/10000)
Train epoch: 272 | Loss: *0.060* | Acc: *98.154%* (49077/50000) 
Test epoch: 272 | Loss: *0.728* | Acc: *79.060%* (7906/10000)
Train epoch: 273 | Loss: *0.068* | Acc: *97.890%* (48945/50000) 
Test epoch: 273 | Loss: *0.678* | Acc: *80.010%* (8001/10000)
Train epoch: 274 | Loss: *0.071* | Acc: *97.764%* (48882/50000) 
Test epoch: 274 | Loss: *0.861* | Acc: *78.290%* (7829/10000)
Train epoch: 275 | Loss: *0.069* | Acc: *97.814%* (48907/50000) 
Test epoch: 275 | Loss: *0.774* | Acc: *79.240%* (7924/10000)
Train epoch: 276 | Loss: *0.052* | Acc: *98.422%* (49211/50000) 
Test epoch: 276 | Loss: *0.625* | Acc: *82.220%* (8222/10000)
Train epoch: 277 | Loss: *0.068* | Acc: *97.894%* (48947/50000) 
Test epoch: 277 | Loss: *0.768* | Acc: *79.220%* (7922/10000)
Train epoch: 278 | Loss: *0.081* | Acc: *97.332%* (48666/50000) 
Test epoch: 278 | Loss: *0.860* | Acc: *77.500%* (7750/10000)
Train epoch: 279 | Loss: *0.063* | Acc: *98.114%* (49057/50000) 
Test epoch: 279 | Loss: *0.590* | Acc: *83.050%* (8305/10000)
Train epoch: 280 | Loss: *0.050* | Acc: *98.544%* (49272/50000) 
Test epoch: 280 | Loss: *0.668* | Acc: *82.200%* (8220/10000)
Train epoch: 281 | Loss: *0.080* | Acc: *97.362%* (48681/50000) 
Test epoch: 281 | Loss: *1.236* | Acc: *69.370%* (6937/10000)
Train epoch: 282 | Loss: *0.093* | Acc: *96.900%* (48450/50000) 
Test epoch: 282 | Loss: *0.722* | Acc: *78.650%* (7865/10000)
Train epoch: 283 | Loss: *0.067* | Acc: *97.918%* (48959/50000) 
Test epoch: 283 | Loss: *0.749* | Acc: *77.850%* (7785/10000)
Train epoch: 284 | Loss: *0.069* | Acc: *97.856%* (48928/50000) 
Test epoch: 284 | Loss: *0.864* | Acc: *77.970%* (7797/10000)
Train epoch: 285 | Loss: *0.072* | Acc: *97.738%* (48869/50000) 
Test epoch: 285 | Loss: *0.733* | Acc: *79.060%* (7906/10000)
Train epoch: 286 | Loss: *0.088* | Acc: *97.110%* (48555/50000) 
Test epoch: 286 | Loss: *0.841* | Acc: *76.290%* (7629/10000)
Train epoch: 287 | Loss: *0.075* | Acc: *97.614%* (48807/50000) 
Test epoch: 287 | Loss: *0.659* | Acc: *80.430%* (8043/10000)
Train epoch: 288 | Loss: *0.077* | Acc: *97.592%* (48796/50000) 
Test epoch: 288 | Loss: *0.594* | Acc: *82.570%* (8257/10000)
Train epoch: 289 | Loss: *0.089* | Acc: *97.046%* (48523/50000) 
Test epoch: 289 | Loss: *0.670* | Acc: *81.440%* (8144/10000)
Train epoch: 290 | Loss: *0.075* | Acc: *97.612%* (48806/50000) 
Test epoch: 290 | Loss: *0.987* | Acc: *73.510%* (7351/10000)
Train epoch: 291 | Loss: *0.080* | Acc: *97.350%* (48675/50000) 
Test epoch: 291 | Loss: *0.825* | Acc: *76.720%* (7672/10000)
Train epoch: 292 | Loss: *0.082* | Acc: *97.382%* (48691/50000) 
Test epoch: 292 | Loss: *1.045* | Acc: *74.280%* (7428/10000)
Train epoch: 293 | Loss: *0.100* | Acc: *96.728%* (48364/50000) 
Test epoch: 293 | Loss: *0.834* | Acc: *77.370%* (7737/10000)
Train epoch: 294 | Loss: *0.084* | Acc: *97.378%* (48689/50000) 
Test epoch: 294 | Loss: *0.706* | Acc: *81.010%* (8101/10000)
Train epoch: 295 | Loss: *0.090* | Acc: *97.116%* (48558/50000) 
Test epoch: 295 | Loss: *0.742* | Acc: *80.340%* (8034/10000)
Train epoch: 296 | Loss: *0.088* | Acc: *97.178%* (48589/50000) 
Test epoch: 296 | Loss: *0.858* | Acc: *76.550%* (7655/10000)
Train epoch: 297 | Loss: *0.091* | Acc: *97.030%* (48515/50000) 
Test epoch: 297 | Loss: *1.068* | Acc: *73.610%* (7361/10000)
Train epoch: 298 | Loss: *0.098* | Acc: *96.718%* (48359/50000) 
Test epoch: 298 | Loss: *0.640* | Acc: *81.670%* (8167/10000)
Train epoch: 299 | Loss: *0.092* | Acc: *96.934%* (48467/50000) 
Test epoch: 299 | Loss: *0.591* | Acc: *81.380%* (8138/10000)
Train epoch: 300 | Loss: *0.091* | Acc: *97.040%* (48520/50000) 
Test epoch: 300 | Loss: *1.018* | Acc: *72.380%* (7238/10000)
Train epoch: 301 | Loss: *0.100* | Acc: *96.692%* (48346/50000) 
Test epoch: 301 | Loss: *0.800* | Acc: *76.900%* (7690/10000)
Train epoch: 302 | Loss: *0.102* | Acc: *96.662%* (48331/50000) 
Test epoch: 302 | Loss: *0.748* | Acc: *78.330%* (7833/10000)
Train epoch: 303 | Loss: *0.103* | Acc: *96.668%* (48334/50000) 
Test epoch: 303 | Loss: *0.962* | Acc: *74.560%* (7456/10000)
Train epoch: 304 | Loss: *0.099* | Acc: *96.738%* (48369/50000) 
Test epoch: 304 | Loss: *0.782* | Acc: *79.140%* (7914/10000)
Train epoch: 305 | Loss: *0.101* | Acc: *96.692%* (48346/50000) 
Test epoch: 305 | Loss: *0.694* | Acc: *79.090%* (7909/10000)
Train epoch: 306 | Loss: *0.113* | Acc: *96.228%* (48114/50000) 
Test epoch: 306 | Loss: *1.042* | Acc: *74.310%* (7431/10000)
Train epoch: 307 | Loss: *0.094* | Acc: *96.934%* (48467/50000) 
Test epoch: 307 | Loss: *0.709* | Acc: *80.690%* (8069/10000)
Train epoch: 308 | Loss: *0.114* | Acc: *96.178%* (48089/50000) 
Test epoch: 308 | Loss: *0.930* | Acc: *72.490%* (7249/10000)
Train epoch: 309 | Loss: *0.109* | Acc: *96.344%* (48172/50000) 
Test epoch: 309 | Loss: *1.558* | Acc: *64.230%* (6423/10000)
Train epoch: 310 | Loss: *0.105* | Acc: *96.562%* (48281/50000) 
Test epoch: 310 | Loss: *0.712* | Acc: *79.100%* (7910/10000)
Train epoch: 311 | Loss: *0.112* | Acc: *96.174%* (48087/50000) 
Test epoch: 311 | Loss: *1.379* | Acc: *63.030%* (6303/10000)
Train epoch: 312 | Loss: *0.112* | Acc: *96.286%* (48143/50000) 
Test epoch: 312 | Loss: *1.039* | Acc: *72.550%* (7255/10000)
Train epoch: 313 | Loss: *0.119* | Acc: *96.028%* (48014/50000) 
Test epoch: 313 | Loss: *0.699* | Acc: *79.030%* (7903/10000)
Train epoch: 314 | Loss: *0.103* | Acc: *96.532%* (48266/50000) 
Test epoch: 314 | Loss: *0.814* | Acc: *77.000%* (7700/10000)
Train epoch: 315 | Loss: *0.127* | Acc: *95.686%* (47843/50000) 
Test epoch: 315 | Loss: *0.787* | Acc: *77.230%* (7723/10000)
Train epoch: 316 | Loss: *0.117* | Acc: *96.054%* (48027/50000) 
Test epoch: 316 | Loss: *0.658* | Acc: *79.720%* (7972/10000)
Train epoch: 317 | Loss: *0.116* | Acc: *96.112%* (48056/50000) 
Test epoch: 317 | Loss: *0.981* | Acc: *74.940%* (7494/10000)
Train epoch: 318 | Loss: *0.123* | Acc: *95.950%* (47975/50000) 
Test epoch: 318 | Loss: *0.724* | Acc: *78.620%* (7862/10000)
Train epoch: 319 | Loss: *0.121* | Acc: *96.014%* (48007/50000) 
Test epoch: 319 | Loss: *1.292* | Acc: *70.530%* (7053/10000)
Train epoch: 320 | Loss: *0.123* | Acc: *95.884%* (47942/50000) 
Test epoch: 320 | Loss: *1.090* | Acc: *67.560%* (6756/10000)
Train epoch: 321 | Loss: *0.129* | Acc: *95.614%* (47807/50000) 
Test epoch: 321 | Loss: *0.862* | Acc: *75.990%* (7599/10000)
Train epoch: 322 | Loss: *0.123* | Acc: *95.896%* (47948/50000) 
Test epoch: 322 | Loss: *1.411* | Acc: *65.180%* (6518/10000)
Train epoch: 323 | Loss: *0.128* | Acc: *95.708%* (47854/50000) 
Test epoch: 323 | Loss: *0.685* | Acc: *78.530%* (7853/10000)
Train epoch: 324 | Loss: *0.124* | Acc: *95.888%* (47944/50000) 
Test epoch: 324 | Loss: *0.770* | Acc: *76.890%* (7689/10000)
Train epoch: 325 | Loss: *0.134* | Acc: *95.440%* (47720/50000) 
Test epoch: 325 | Loss: *0.869* | Acc: *74.490%* (7449/10000)
Train epoch: 326 | Loss: *0.133* | Acc: *95.476%* (47738/50000) 
Test epoch: 326 | Loss: *1.324* | Acc: *69.970%* (6997/10000)
Train epoch: 327 | Loss: *0.130* | Acc: *95.658%* (47829/50000) 
Test epoch: 327 | Loss: *0.805* | Acc: *77.770%* (7777/10000)
Train epoch: 328 | Loss: *0.133* | Acc: *95.544%* (47772/50000) 
Test epoch: 328 | Loss: *3.252* | Acc: *39.060%* (3906/10000)
Train epoch: 329 | Loss: *0.136* | Acc: *95.414%* (47707/50000) 
Test epoch: 329 | Loss: *1.061* | Acc: *69.180%* (6918/10000)
Train epoch: 330 | Loss: *0.135* | Acc: *95.440%* (47720/50000) 
Test epoch: 330 | Loss: *0.895* | Acc: *74.840%* (7484/10000)
Train epoch: 331 | Loss: *0.142* | Acc: *95.212%* (47606/50000) 
Test epoch: 331 | Loss: *1.145* | Acc: *69.950%* (6995/10000)
Train epoch: 332 | Loss: *0.134* | Acc: *95.514%* (47757/50000) 
Test epoch: 332 | Loss: *0.770* | Acc: *78.190%* (7819/10000)
Train epoch: 333 | Loss: *0.140* | Acc: *95.234%* (47617/50000) 
Test epoch: 333 | Loss: *1.304* | Acc: *68.440%* (6844/10000)
Train epoch: 334 | Loss: *0.142* | Acc: *95.212%* (47606/50000) 
Test epoch: 334 | Loss: *1.072* | Acc: *70.710%* (7071/10000)
Train epoch: 335 | Loss: *0.134* | Acc: *95.484%* (47742/50000) 
Test epoch: 335 | Loss: *1.101* | Acc: *68.390%* (6839/10000)
Train epoch: 336 | Loss: *0.149* | Acc: *94.972%* (47486/50000) 
Test epoch: 336 | Loss: *0.790* | Acc: *76.680%* (7668/10000)
Train epoch: 337 | Loss: *0.144* | Acc: *95.142%* (47571/50000) 
Test epoch: 337 | Loss: *0.969* | Acc: *73.840%* (7384/10000)
Train epoch: 338 | Loss: *0.144* | Acc: *95.164%* (47582/50000) 
Test epoch: 338 | Loss: *0.784* | Acc: *76.260%* (7626/10000)
Train epoch: 339 | Loss: *0.148* | Acc: *94.946%* (47473/50000) 
Test epoch: 339 | Loss: *1.228* | Acc: *67.790%* (6779/10000)
Train epoch: 340 | Loss: *0.152* | Acc: *94.820%* (47410/50000) 
Test epoch: 340 | Loss: *0.807* | Acc: *77.320%* (7732/10000)
Train epoch: 341 | Loss: *0.145* | Acc: *95.150%* (47575/50000) 
Test epoch: 341 | Loss: *0.853* | Acc: *77.690%* (7769/10000)
Train epoch: 342 | Loss: *0.155* | Acc: *94.618%* (47309/50000) 
Test epoch: 342 | Loss: *0.731* | Acc: *76.760%* (7676/10000)
Train epoch: 343 | Loss: *0.142* | Acc: *95.230%* (47615/50000) 
Test epoch: 343 | Loss: *0.742* | Acc: *76.950%* (7695/10000)
Train epoch: 344 | Loss: *0.161* | Acc: *94.536%* (47268/50000) 
Test epoch: 344 | Loss: *1.062* | Acc: *70.170%* (7017/10000)
Train epoch: 345 | Loss: *0.155* | Acc: *94.676%* (47338/50000) 
Test epoch: 345 | Loss: *0.961* | Acc: *70.990%* (7099/10000)
Train epoch: 346 | Loss: *0.146* | Acc: *94.984%* (47492/50000) 
Test epoch: 346 | Loss: *0.665* | Acc: *79.700%* (7970/10000)
Train epoch: 347 | Loss: *0.157* | Acc: *94.484%* (47242/50000) 
Test epoch: 347 | Loss: *0.735* | Acc: *78.840%* (7884/10000)
Train epoch: 348 | Loss: *0.155* | Acc: *94.686%* (47343/50000) 
Test epoch: 348 | Loss: *0.951* | Acc: *74.090%* (7409/10000)
Train epoch: 349 | Loss: *0.153* | Acc: *94.708%* (47354/50000) 
Test epoch: 349 | Loss: *0.968* | Acc: *71.190%* (7119/10000)
Train epoch: 350 | Loss: *0.157* | Acc: *94.590%* (47295/50000) 
Test epoch: 350 | Loss: *1.176* | Acc: *71.990%* (7199/10000)
Train epoch: 351 | Loss: *0.160* | Acc: *94.426%* (47213/50000) 
Test epoch: 351 | Loss: *0.653* | Acc: *79.270%* (7927/10000)
Train epoch: 352 | Loss: *0.169* | Acc: *94.208%* (47104/50000) 
Test epoch: 352 | Loss: *1.182* | Acc: *69.110%* (6911/10000)
Train epoch: 353 | Loss: *0.155* | Acc: *94.692%* (47346/50000) 
Test epoch: 353 | Loss: *0.767* | Acc: *76.600%* (7660/10000)
Train epoch: 354 | Loss: *0.159* | Acc: *94.694%* (47347/50000) 
Test epoch: 354 | Loss: *1.563* | Acc: *61.800%* (6180/10000)
Train epoch: 355 | Loss: *0.170* | Acc: *94.210%* (47105/50000) 
Test epoch: 355 | Loss: *0.616* | Acc: *81.760%* (8176/10000)
Train epoch: 356 | Loss: *0.164* | Acc: *94.474%* (47237/50000) 
Test epoch: 356 | Loss: *0.782* | Acc: *77.760%* (7776/10000)
Train epoch: 357 | Loss: *0.170* | Acc: *94.224%* (47112/50000) 
Test epoch: 357 | Loss: *0.891* | Acc: *72.500%* (7250/10000)
Train epoch: 358 | Loss: *0.157* | Acc: *94.624%* (47312/50000) 
Test epoch: 358 | Loss: *1.170* | Acc: *70.380%* (7038/10000)
Train epoch: 359 | Loss: *0.173* | Acc: *94.162%* (47081/50000) 
Test epoch: 359 | Loss: *0.731* | Acc: *77.230%* (7723/10000)
Train epoch: 360 | Loss: *0.164* | Acc: *94.380%* (47190/50000) 
Test epoch: 360 | Loss: *0.959* | Acc: *73.510%* (7351/10000)
Train epoch: 361 | Loss: *0.167* | Acc: *94.308%* (47154/50000) 
Test epoch: 361 | Loss: *0.813* | Acc: *76.180%* (7618/10000)
Train epoch: 362 | Loss: *0.179* | Acc: *93.950%* (46975/50000) 
Test epoch: 362 | Loss: *1.282* | Acc: *63.980%* (6398/10000)
Train epoch: 363 | Loss: *0.167* | Acc: *94.292%* (47146/50000) 
Test epoch: 363 | Loss: *1.125* | Acc: *70.940%* (7094/10000)
Train epoch: 364 | Loss: *0.170* | Acc: *94.198%* (47099/50000) 
Test epoch: 364 | Loss: *0.767* | Acc: *76.750%* (7675/10000)
Train epoch: 365 | Loss: *0.173* | Acc: *94.018%* (47009/50000) 
Test epoch: 365 | Loss: *1.728* | Acc: *65.710%* (6571/10000)
Train epoch: 366 | Loss: *0.175* | Acc: *94.014%* (47007/50000) 
Test epoch: 366 | Loss: *0.668* | Acc: *78.630%* (7863/10000)
Train epoch: 367 | Loss: *0.169* | Acc: *94.260%* (47130/50000) 
Test epoch: 367 | Loss: *0.969* | Acc: *73.990%* (7399/10000)
Train epoch: 368 | Loss: *0.180* | Acc: *93.838%* (46919/50000) 
Test epoch: 368 | Loss: *0.747* | Acc: *77.520%* (7752/10000)
Train epoch: 369 | Loss: *0.166* | Acc: *94.476%* (47238/50000) 
Test epoch: 369 | Loss: *1.235* | Acc: *69.030%* (6903/10000)
Train epoch: 370 | Loss: *0.178* | Acc: *93.998%* (46999/50000) 
Test epoch: 370 | Loss: *1.032* | Acc: *72.300%* (7230/10000)
Train epoch: 371 | Loss: *0.176* | Acc: *93.970%* (46985/50000) 
Test epoch: 371 | Loss: *0.824* | Acc: *73.430%* (7343/10000)
Train epoch: 372 | Loss: *0.182* | Acc: *93.716%* (46858/50000) 
Test epoch: 372 | Loss: *0.630* | Acc: *80.520%* (8052/10000)
Train epoch: 373 | Loss: *0.172* | Acc: *94.122%* (47061/50000) 
Test epoch: 373 | Loss: *0.989* | Acc: *71.700%* (7170/10000)
Train epoch: 374 | Loss: *0.173* | Acc: *94.086%* (47043/50000) 
Test epoch: 374 | Loss: *1.086* | Acc: *71.050%* (7105/10000)
Train epoch: 375 | Loss: *0.177* | Acc: *93.974%* (46987/50000) 
Test epoch: 375 | Loss: *1.004* | Acc: *71.010%* (7101/10000)
Train epoch: 376 | Loss: *0.180* | Acc: *93.900%* (46950/50000) 
Test epoch: 376 | Loss: *1.194* | Acc: *65.240%* (6524/10000)
Train epoch: 377 | Loss: *0.177* | Acc: *93.926%* (46963/50000) 
Test epoch: 377 | Loss: *1.276* | Acc: *66.080%* (6608/10000)
Train epoch: 378 | Loss: *0.181* | Acc: *93.804%* (46902/50000) 
Test epoch: 378 | Loss: *1.438* | Acc: *66.210%* (6621/10000)
Train epoch: 379 | Loss: *0.185* | Acc: *93.630%* (46815/50000) 
Test epoch: 379 | Loss: *0.678* | Acc: *78.660%* (7866/10000)
Train epoch: 380 | Loss: *0.173* | Acc: *94.138%* (47069/50000) 
Test epoch: 380 | Loss: *1.040* | Acc: *72.360%* (7236/10000)
Train epoch: 381 | Loss: *0.179* | Acc: *94.004%* (47002/50000) 
Test epoch: 381 | Loss: *0.942* | Acc: *72.450%* (7245/10000)
Train epoch: 382 | Loss: *0.178* | Acc: *93.834%* (46917/50000) 
Test epoch: 382 | Loss: *0.976* | Acc: *70.030%* (7003/10000)
Train epoch: 383 | Loss: *0.184* | Acc: *93.748%* (46874/50000) 
Test epoch: 383 | Loss: *1.057* | Acc: *72.020%* (7202/10000)
Train epoch: 384 | Loss: *0.182* | Acc: *93.870%* (46935/50000) 
Test epoch: 384 | Loss: *1.111* | Acc: *68.500%* (6850/10000)
Train epoch: 385 | Loss: *0.183* | Acc: *93.800%* (46900/50000) 
Test epoch: 385 | Loss: *0.893* | Acc: *74.460%* (7446/10000)
Train epoch: 386 | Loss: *0.181* | Acc: *93.908%* (46954/50000) 
Test epoch: 386 | Loss: *0.942* | Acc: *72.110%* (7211/10000)
Train epoch: 387 | Loss: *0.179* | Acc: *93.880%* (46940/50000) 
Test epoch: 387 | Loss: *0.749* | Acc: *77.920%* (7792/10000)
Train epoch: 388 | Loss: *0.185* | Acc: *93.658%* (46829/50000) 
Test epoch: 388 | Loss: *1.038* | Acc: *70.170%* (7017/10000)
Train epoch: 389 | Loss: *0.184* | Acc: *93.696%* (46848/50000) 
Test epoch: 389 | Loss: *1.574* | Acc: *65.740%* (6574/10000)
Train epoch: 390 | Loss: *0.182* | Acc: *93.818%* (46909/50000) 
Test epoch: 390 | Loss: *1.178* | Acc: *67.540%* (6754/10000)
Train epoch: 391 | Loss: *0.179* | Acc: *93.898%* (46949/50000) 
Test epoch: 391 | Loss: *0.989* | Acc: *71.040%* (7104/10000)
Train epoch: 392 | Loss: *0.187* | Acc: *93.660%* (46830/50000) 
Test epoch: 392 | Loss: *0.928* | Acc: *72.150%* (7215/10000)
Train epoch: 393 | Loss: *0.185* | Acc: *93.456%* (46728/50000) 
Test epoch: 393 | Loss: *0.794* | Acc: *75.720%* (7572/10000)
Train epoch: 394 | Loss: *0.182* | Acc: *93.704%* (46852/50000) 
Test epoch: 394 | Loss: *1.043* | Acc: *71.080%* (7108/10000)
Train epoch: 395 | Loss: *0.180* | Acc: *93.804%* (46902/50000) 
Test epoch: 395 | Loss: *0.867* | Acc: *73.670%* (7367/10000)
Train epoch: 396 | Loss: *0.176* | Acc: *94.014%* (47007/50000) 
Test epoch: 396 | Loss: *0.823* | Acc: *75.640%* (7564/10000)
Train epoch: 397 | Loss: *0.186* | Acc: *93.660%* (46830/50000) 
Test epoch: 397 | Loss: *0.697* | Acc: *79.090%* (7909/10000)
Train epoch: 398 | Loss: *0.182* | Acc: *93.720%* (46860/50000) 
Test epoch: 398 | Loss: *0.732* | Acc: *76.930%* (7693/10000)
Train epoch: 399 | Loss: *0.184* | Acc: *93.690%* (46845/50000) 
Test epoch: 399 | Loss: *1.173* | Acc: *67.870%* (6787/10000)
Train epoch: 400 | Loss: *0.182* | Acc: *93.794%* (46897/50000) 
Test epoch: 400 | Loss: *1.373* | Acc: *64.170%* (6417/10000)
Train epoch: 401 | Loss: *0.181* | Acc: *93.878%* (46939/50000) 
Test epoch: 401 | Loss: *1.070* | Acc: *71.870%* (7187/10000)
Train epoch: 402 | Loss: *0.182* | Acc: *93.706%* (46853/50000) 
Test epoch: 402 | Loss: *0.959* | Acc: *73.050%* (7305/10000)
Train epoch: 403 | Loss: *0.179* | Acc: *93.850%* (46925/50000) 
Test epoch: 403 | Loss: *0.712* | Acc: *77.790%* (7779/10000)
Train epoch: 404 | Loss: *0.181* | Acc: *93.750%* (46875/50000) 
Test epoch: 404 | Loss: *0.908* | Acc: *73.320%* (7332/10000)
Train epoch: 405 | Loss: *0.178* | Acc: *93.938%* (46969/50000) 
Test epoch: 405 | Loss: *1.341* | Acc: *68.340%* (6834/10000)
Train epoch: 406 | Loss: *0.181* | Acc: *93.820%* (46910/50000) 
Test epoch: 406 | Loss: *1.108* | Acc: *71.950%* (7195/10000)
Train epoch: 407 | Loss: *0.185* | Acc: *93.592%* (46796/50000) 
Test epoch: 407 | Loss: *1.401* | Acc: *64.670%* (6467/10000)
Train epoch: 408 | Loss: *0.178* | Acc: *93.902%* (46951/50000) 
Test epoch: 408 | Loss: *0.809* | Acc: *75.420%* (7542/10000)
Train epoch: 409 | Loss: *0.181* | Acc: *93.732%* (46866/50000) 
Test epoch: 409 | Loss: *1.085* | Acc: *65.880%* (6588/10000)
Train epoch: 410 | Loss: *0.182* | Acc: *93.762%* (46881/50000) 
Test epoch: 410 | Loss: *1.144* | Acc: *68.400%* (6840/10000)
Train epoch: 411 | Loss: *0.173* | Acc: *94.116%* (47058/50000) 
Test epoch: 411 | Loss: *1.164* | Acc: *67.860%* (6786/10000)
Train epoch: 412 | Loss: *0.186* | Acc: *93.678%* (46839/50000) 
Test epoch: 412 | Loss: *1.101* | Acc: *68.750%* (6875/10000)
Train epoch: 413 | Loss: *0.179* | Acc: *93.838%* (46919/50000) 
Test epoch: 413 | Loss: *0.901* | Acc: *75.060%* (7506/10000)
Train epoch: 414 | Loss: *0.173* | Acc: *94.218%* (47109/50000) 
Test epoch: 414 | Loss: *0.915* | Acc: *73.440%* (7344/10000)
Train epoch: 415 | Loss: *0.175* | Acc: *93.988%* (46994/50000) 
Test epoch: 415 | Loss: *0.980* | Acc: *73.580%* (7358/10000)
Train epoch: 416 | Loss: *0.176* | Acc: *93.916%* (46958/50000) 
Test epoch: 416 | Loss: *1.175* | Acc: *67.570%* (6757/10000)
Train epoch: 417 | Loss: *0.175* | Acc: *93.958%* (46979/50000) 
Test epoch: 417 | Loss: *0.864* | Acc: *75.550%* (7555/10000)
Train epoch: 418 | Loss: *0.175* | Acc: *93.986%* (46993/50000) 
Test epoch: 418 | Loss: *1.146* | Acc: *70.760%* (7076/10000)
Train epoch: 419 | Loss: *0.177* | Acc: *93.902%* (46951/50000) 
Test epoch: 419 | Loss: *1.047* | Acc: *70.270%* (7027/10000)
Train epoch: 420 | Loss: *0.171* | Acc: *94.162%* (47081/50000) 
Test epoch: 420 | Loss: *0.886* | Acc: *73.610%* (7361/10000)
Train epoch: 421 | Loss: *0.173* | Acc: *94.148%* (47074/50000) 
Test epoch: 421 | Loss: *1.616* | Acc: *60.400%* (6040/10000)
Train epoch: 422 | Loss: *0.181* | Acc: *93.882%* (46941/50000) 
Test epoch: 422 | Loss: *0.764* | Acc: *75.030%* (7503/10000)
Train epoch: 423 | Loss: *0.167* | Acc: *94.382%* (47191/50000) 
Test epoch: 423 | Loss: *1.241* | Acc: *67.880%* (6788/10000)
Train epoch: 424 | Loss: *0.177* | Acc: *93.942%* (46971/50000) 
Test epoch: 424 | Loss: *0.846* | Acc: *73.920%* (7392/10000)
Train epoch: 425 | Loss: *0.165* | Acc: *94.376%* (47188/50000) 
Test epoch: 425 | Loss: *0.775* | Acc: *76.470%* (7647/10000)
Train epoch: 426 | Loss: *0.174* | Acc: *94.040%* (47020/50000) 
Test epoch: 426 | Loss: *1.129* | Acc: *69.230%* (6923/10000)
Train epoch: 427 | Loss: *0.165* | Acc: *94.424%* (47212/50000) 
Test epoch: 427 | Loss: *0.995* | Acc: *72.390%* (7239/10000)
Train epoch: 428 | Loss: *0.174* | Acc: *94.028%* (47014/50000) 
Test epoch: 428 | Loss: *0.933* | Acc: *73.170%* (7317/10000)
Train epoch: 429 | Loss: *0.171* | Acc: *94.132%* (47066/50000) 
Test epoch: 429 | Loss: *1.592* | Acc: *61.010%* (6101/10000)
Train epoch: 430 | Loss: *0.170* | Acc: *94.138%* (47069/50000) 
Test epoch: 430 | Loss: *0.641* | Acc: *79.310%* (7931/10000)
Train epoch: 431 | Loss: *0.162* | Acc: *94.264%* (47132/50000) 
Test epoch: 431 | Loss: *0.724* | Acc: *78.540%* (7854/10000)
Train epoch: 432 | Loss: *0.168* | Acc: *94.300%* (47150/50000) 
Test epoch: 432 | Loss: *1.046* | Acc: *70.800%* (7080/10000)
Train epoch: 433 | Loss: *0.164* | Acc: *94.486%* (47243/50000) 
Test epoch: 433 | Loss: *1.001* | Acc: *71.080%* (7108/10000)
Train epoch: 434 | Loss: *0.165* | Acc: *94.272%* (47136/50000) 
Test epoch: 434 | Loss: *0.901* | Acc: *73.650%* (7365/10000)
Train epoch: 435 | Loss: *0.166* | Acc: *94.314%* (47157/50000) 
Test epoch: 435 | Loss: *1.080* | Acc: *70.000%* (7000/10000)
Train epoch: 436 | Loss: *0.163* | Acc: *94.482%* (47241/50000) 
Test epoch: 436 | Loss: *1.955* | Acc: *53.880%* (5388/10000)
Train epoch: 437 | Loss: *0.160* | Acc: *94.500%* (47250/50000) 
Test epoch: 437 | Loss: *0.859* | Acc: *75.210%* (7521/10000)
Train epoch: 438 | Loss: *0.164* | Acc: *94.522%* (47261/50000) 
Test epoch: 438 | Loss: *0.932* | Acc: *73.710%* (7371/10000)
Train epoch: 439 | Loss: *0.155* | Acc: *94.718%* (47359/50000) 
Test epoch: 439 | Loss: *1.048* | Acc: *71.210%* (7121/10000)
Train epoch: 440 | Loss: *0.157* | Acc: *94.628%* (47314/50000) 
Test epoch: 440 | Loss: *0.926* | Acc: *73.650%* (7365/10000)
Train epoch: 441 | Loss: *0.159* | Acc: *94.568%* (47284/50000) 
Test epoch: 441 | Loss: *1.376* | Acc: *65.940%* (6594/10000)
Train epoch: 442 | Loss: *0.153* | Acc: *94.760%* (47380/50000) 
Test epoch: 442 | Loss: *0.649* | Acc: *78.770%* (7877/10000)
Train epoch: 443 | Loss: *0.160* | Acc: *94.524%* (47262/50000) 
Test epoch: 443 | Loss: *0.972* | Acc: *73.870%* (7387/10000)
Train epoch: 444 | Loss: *0.152* | Acc: *94.882%* (47441/50000) 
Test epoch: 444 | Loss: *1.542* | Acc: *56.880%* (5688/10000)
Train epoch: 445 | Loss: *0.150* | Acc: *94.988%* (47494/50000) 
Test epoch: 445 | Loss: *0.774* | Acc: *76.480%* (7648/10000)
Train epoch: 446 | Loss: *0.154* | Acc: *94.832%* (47416/50000) 
Test epoch: 446 | Loss: *0.984* | Acc: *71.280%* (7128/10000)
Train epoch: 447 | Loss: *0.149* | Acc: *94.874%* (47437/50000) 
Test epoch: 447 | Loss: *1.102* | Acc: *72.470%* (7247/10000)
Train epoch: 448 | Loss: *0.148* | Acc: *94.946%* (47473/50000) 
Test epoch: 448 | Loss: *0.763* | Acc: *77.520%* (7752/10000)
Train epoch: 449 | Loss: *0.147* | Acc: *94.944%* (47472/50000) 
Test epoch: 449 | Loss: *1.643* | Acc: *60.270%* (6027/10000)
Train epoch: 450 | Loss: *0.147* | Acc: *95.000%* (47500/50000) 
Test epoch: 450 | Loss: *0.878* | Acc: *75.900%* (7590/10000)
Train epoch: 451 | Loss: *0.141* | Acc: *95.262%* (47631/50000) 
Test epoch: 451 | Loss: *1.039* | Acc: *72.790%* (7279/10000)
Train epoch: 452 | Loss: *0.149* | Acc: *94.860%* (47430/50000) 
Test epoch: 452 | Loss: *1.285* | Acc: *65.920%* (6592/10000)
Train epoch: 453 | Loss: *0.134* | Acc: *95.562%* (47781/50000) 
Test epoch: 453 | Loss: *0.770* | Acc: *78.900%* (7890/10000)
Train epoch: 454 | Loss: *0.141* | Acc: *95.380%* (47690/50000) 
Test epoch: 454 | Loss: *0.712* | Acc: *78.300%* (7830/10000)
Train epoch: 455 | Loss: *0.139* | Acc: *95.232%* (47616/50000) 
Test epoch: 455 | Loss: *1.052* | Acc: *70.780%* (7078/10000)
Train epoch: 456 | Loss: *0.146* | Acc: *94.998%* (47499/50000) 
Test epoch: 456 | Loss: *2.071* | Acc: *53.180%* (5318/10000)
Train epoch: 457 | Loss: *0.138* | Acc: *95.378%* (47689/50000) 
Test epoch: 457 | Loss: *1.608* | Acc: *60.670%* (6067/10000)
Train epoch: 458 | Loss: *0.141* | Acc: *95.258%* (47629/50000) 
Test epoch: 458 | Loss: *0.774* | Acc: *77.570%* (7757/10000)
Train epoch: 459 | Loss: *0.125* | Acc: *95.914%* (47957/50000) 
Test epoch: 459 | Loss: *1.419* | Acc: *64.510%* (6451/10000)
Train epoch: 460 | Loss: *0.145* | Acc: *95.054%* (47527/50000) 
Test epoch: 460 | Loss: *1.082* | Acc: *72.520%* (7252/10000)
Train epoch: 461 | Loss: *0.124* | Acc: *95.844%* (47922/50000) 
Test epoch: 461 | Loss: *0.918* | Acc: *73.760%* (7376/10000)
Train epoch: 462 | Loss: *0.131* | Acc: *95.704%* (47852/50000) 
Test epoch: 462 | Loss: *0.846* | Acc: *75.570%* (7557/10000)
Train epoch: 463 | Loss: *0.130* | Acc: *95.686%* (47843/50000) 
Test epoch: 463 | Loss: *0.930* | Acc: *74.520%* (7452/10000)
Train epoch: 464 | Loss: *0.126* | Acc: *95.820%* (47910/50000) 
Test epoch: 464 | Loss: *2.121* | Acc: *55.710%* (5571/10000)
Train epoch: 465 | Loss: *0.129* | Acc: *95.684%* (47842/50000) 
Test epoch: 465 | Loss: *0.705* | Acc: *78.860%* (7886/10000)
Train epoch: 466 | Loss: *0.116* | Acc: *96.084%* (48042/50000) 
Test epoch: 466 | Loss: *0.935* | Acc: *73.250%* (7325/10000)
Train epoch: 467 | Loss: *0.129* | Acc: *95.712%* (47856/50000) 
Test epoch: 467 | Loss: *0.738* | Acc: *78.240%* (7824/10000)
Train epoch: 468 | Loss: *0.118* | Acc: *96.024%* (48012/50000) 
Test epoch: 468 | Loss: *0.975* | Acc: *74.220%* (7422/10000)
Train epoch: 469 | Loss: *0.125* | Acc: *95.834%* (47917/50000) 
Test epoch: 469 | Loss: *1.051* | Acc: *73.830%* (7383/10000)
Train epoch: 470 | Loss: *0.114* | Acc: *96.200%* (48100/50000) 
Test epoch: 470 | Loss: *0.640* | Acc: *81.060%* (8106/10000)
Train epoch: 471 | Loss: *0.112* | Acc: *96.226%* (48113/50000) 
Test epoch: 471 | Loss: *1.060* | Acc: *74.720%* (7472/10000)
Train epoch: 472 | Loss: *0.124* | Acc: *95.788%* (47894/50000) 
Test epoch: 472 | Loss: *0.876* | Acc: *76.330%* (7633/10000)
Train epoch: 473 | Loss: *0.098* | Acc: *96.778%* (48389/50000) 
Test epoch: 473 | Loss: *1.620* | Acc: *64.750%* (6475/10000)
Train epoch: 474 | Loss: *0.125* | Acc: *95.844%* (47922/50000) 
Test epoch: 474 | Loss: *1.494* | Acc: *65.860%* (6586/10000)
Train epoch: 475 | Loss: *0.103* | Acc: *96.668%* (48334/50000) 
Test epoch: 475 | Loss: *1.191* | Acc: *69.690%* (6969/10000)
Train epoch: 476 | Loss: *0.118* | Acc: *96.082%* (48041/50000) 
Test epoch: 476 | Loss: *0.679* | Acc: *79.190%* (7919/10000)
Train epoch: 477 | Loss: *0.106* | Acc: *96.470%* (48235/50000) 
Test epoch: 477 | Loss: *1.087* | Acc: *68.340%* (6834/10000)
Train epoch: 478 | Loss: *0.103* | Acc: *96.590%* (48295/50000) 
Test epoch: 478 | Loss: *1.275* | Acc: *69.280%* (6928/10000)
Train epoch: 479 | Loss: *0.104* | Acc: *96.532%* (48266/50000) 
Test epoch: 479 | Loss: *0.855* | Acc: *74.340%* (7434/10000)
Train epoch: 480 | Loss: *0.102* | Acc: *96.750%* (48375/50000) 
Test epoch: 480 | Loss: *0.730* | Acc: *79.020%* (7902/10000)
Train epoch: 481 | Loss: *0.103* | Acc: *96.520%* (48260/50000) 
Test epoch: 481 | Loss: *0.873* | Acc: *75.850%* (7585/10000)
Train epoch: 482 | Loss: *0.098* | Acc: *96.780%* (48390/50000) 
Test epoch: 482 | Loss: *1.029* | Acc: *71.340%* (7134/10000)
Train epoch: 483 | Loss: *0.098* | Acc: *96.718%* (48359/50000) 
Test epoch: 483 | Loss: *1.213* | Acc: *69.750%* (6975/10000)
Train epoch: 484 | Loss: *0.092* | Acc: *96.954%* (48477/50000) 
Test epoch: 484 | Loss: *0.742* | Acc: *79.340%* (7934/10000)
Train epoch: 485 | Loss: *0.092* | Acc: *96.964%* (48482/50000) 
Test epoch: 485 | Loss: *0.863* | Acc: *77.260%* (7726/10000)
Train epoch: 486 | Loss: *0.089* | Acc: *97.032%* (48516/50000) 
Test epoch: 486 | Loss: *0.712* | Acc: *78.920%* (7892/10000)
Train epoch: 487 | Loss: *0.088* | Acc: *97.064%* (48532/50000) 
Test epoch: 487 | Loss: *0.739* | Acc: *78.570%* (7857/10000)
Train epoch: 488 | Loss: *0.088* | Acc: *97.226%* (48613/50000) 
Test epoch: 488 | Loss: *0.938* | Acc: *75.000%* (7500/10000)
Train epoch: 489 | Loss: *0.089* | Acc: *97.150%* (48575/50000) 
Test epoch: 489 | Loss: *1.178* | Acc: *70.120%* (7012/10000)
Train epoch: 490 | Loss: *0.089* | Acc: *97.084%* (48542/50000) 
Test epoch: 490 | Loss: *0.722* | Acc: *79.060%* (7906/10000)
Train epoch: 491 | Loss: *0.076* | Acc: *97.572%* (48786/50000) 
Test epoch: 491 | Loss: *1.002* | Acc: *73.980%* (7398/10000)
Train epoch: 492 | Loss: *0.086* | Acc: *97.252%* (48626/50000) 
Test epoch: 492 | Loss: *0.966* | Acc: *74.520%* (7452/10000)
Train epoch: 493 | Loss: *0.087* | Acc: *97.142%* (48571/50000) 
Test epoch: 493 | Loss: *1.045* | Acc: *73.370%* (7337/10000)
Train epoch: 494 | Loss: *0.076* | Acc: *97.600%* (48800/50000) 
Test epoch: 494 | Loss: *0.648* | Acc: *81.160%* (8116/10000)
Train epoch: 495 | Loss: *0.085* | Acc: *97.262%* (48631/50000) 
Test epoch: 495 | Loss: *1.122* | Acc: *72.530%* (7253/10000)
Train epoch: 496 | Loss: *0.066* | Acc: *98.048%* (49024/50000) 
Test epoch: 496 | Loss: *0.949* | Acc: *76.020%* (7602/10000)
Train epoch: 497 | Loss: *0.072* | Acc: *97.792%* (48896/50000) 
Test epoch: 497 | Loss: *0.949* | Acc: *75.380%* (7538/10000)
Train epoch: 498 | Loss: *0.066* | Acc: *97.966%* (48983/50000) 
Test epoch: 498 | Loss: *0.935* | Acc: *77.420%* (7742/10000)
Train epoch: 499 | Loss: *0.076* | Acc: *97.600%* (48800/50000) 
Test epoch: 499 | Loss: *1.704* | Acc: *66.210%* (6621/10000)
Train epoch: 500 | Loss: *0.090* | Acc: *97.036%* (48518/50000) 
Test epoch: 500 | Loss: *0.917* | Acc: *74.310%* (7431/10000)
Best test accuracy: *91.690%*, loss: *0.26200407452881336*, at epoch: *125*.
==> Execution time summary of 500 epoch(s).
Train data loading time: sum. *229.02939353138208* secs | avg. *0.45805878706276415* secs per epoch.
Train training time: sum. *866.2092512454838* secs | avg. *1.7324185024909675* secs per epoch.
Train total time: sum. *1095.2386447768658* secs | avg. *2.1904772895537317* secs per epoch.
Test data loading time: sum. *91.92002114839852* secs | avg. *0.18384004229679704* secs per epoch.
Test training time: sum. *66.88301376998425* secs | avg. *0.1337660275399685* secs per epoch.
Test total time: sum. *158.80303491838276* secs | avg. *0.31760606983676554* secs per epoch.
Total data loading time: sum. *320.9494146797806* secs | avg. *0.6418988293595612* secs per epoch.
Total training time: sum. *933.092265015468* secs | avg. *1.866184530030936* secs per epoch.
Total running time: sum. *1254.0416796952486* secs | avg. *2.5080833593904974* secs per epoch.
==> Number of GPU device: 1
==> Device #0 Memory Usage
==> Allocated: 0.1 GB
==> Cached:    3.6 GB
==> Maximum: 3.6 GB
