==> Running on : cuda
==> Number of CPU: 48
==> Number of workers: 2
==> #Epochs: 500, #Layers: 2, #Blocks: [3, 1], In channel: 128, Input layer conv kernel: 7x7, Residual layer conv kernel 5x5, Skip kernel: 1x1, Input layer conv padding: 3, Residual layer conv padding: 2
==> Optimizer is Adagrad
==> Learning rate: 0.01
==> Weight decay: 0.0005
==>Trainable Parameters: 4972682
==>Other Parameters: 0
==>Augmentation: RandomCrop(32, padding=4), RandomHorizontalFlip(), Normalize((0.4914, 0.4822, 0.4465), (0.2023, 0.1994, 0.2010)
Files already downloaded and verified
Train epoch: 1 | Loss: *1.720* | Acc: *35.400%* (17700/50000) 
Test epoch: 1 | Loss: *1.965* | Acc: *36.430%* (3643/10000)
Train epoch: 2 | Loss: *1.361* | Acc: *50.456%* (25228/50000) 
Test epoch: 2 | Loss: *1.431* | Acc: *49.190%* (4919/10000)
Train epoch: 3 | Loss: *1.142* | Acc: *59.204%* (29602/50000) 
Test epoch: 3 | Loss: *1.389* | Acc: *54.420%* (5442/10000)
Train epoch: 4 | Loss: *1.011* | Acc: *64.302%* (32151/50000) 
Test epoch: 4 | Loss: *1.098* | Acc: *60.110%* (6011/10000)
Train epoch: 5 | Loss: *0.914* | Acc: *67.950%* (33975/50000) 
Test epoch: 5 | Loss: *1.073* | Acc: *63.860%* (6386/10000)
Train epoch: 6 | Loss: *0.837* | Acc: *70.648%* (35324/50000) 
Test epoch: 6 | Loss: *1.124* | Acc: *63.670%* (6367/10000)
Train epoch: 7 | Loss: *0.774* | Acc: *72.902%* (36451/50000) 
Test epoch: 7 | Loss: *0.985* | Acc: *66.740%* (6674/10000)
Train epoch: 8 | Loss: *0.714* | Acc: *75.124%* (37562/50000) 
Test epoch: 8 | Loss: *1.024* | Acc: *65.890%* (6589/10000)
Train epoch: 9 | Loss: *0.661* | Acc: *77.048%* (38524/50000) 
Test epoch: 9 | Loss: *0.797* | Acc: *72.670%* (7267/10000)
Train epoch: 10 | Loss: *0.611* | Acc: *78.978%* (39489/50000) 
Test epoch: 10 | Loss: *0.709* | Acc: *75.990%* (7599/10000)
Train epoch: 11 | Loss: *0.568* | Acc: *80.404%* (40202/50000) 
Test epoch: 11 | Loss: *0.774* | Acc: *74.490%* (7449/10000)
Train epoch: 12 | Loss: *0.536* | Acc: *81.518%* (40759/50000) 
Test epoch: 12 | Loss: *0.659* | Acc: *77.490%* (7749/10000)
Train epoch: 13 | Loss: *0.500* | Acc: *82.760%* (41380/50000) 
Test epoch: 13 | Loss: *0.855* | Acc: *72.650%* (7265/10000)
Train epoch: 14 | Loss: *0.471* | Acc: *83.896%* (41948/50000) 
Test epoch: 14 | Loss: *0.895* | Acc: *71.660%* (7166/10000)
Train epoch: 15 | Loss: *0.445* | Acc: *84.772%* (42386/50000) 
Test epoch: 15 | Loss: *0.822* | Acc: *75.130%* (7513/10000)
Train epoch: 16 | Loss: *0.425* | Acc: *85.548%* (42774/50000) 
Test epoch: 16 | Loss: *0.577* | Acc: *80.380%* (8038/10000)
Train epoch: 17 | Loss: *0.405* | Acc: *86.186%* (43093/50000) 
Test epoch: 17 | Loss: *0.656* | Acc: *79.080%* (7908/10000)
Train epoch: 18 | Loss: *0.384* | Acc: *86.932%* (43466/50000) 
Test epoch: 18 | Loss: *0.610* | Acc: *80.280%* (8028/10000)
Train epoch: 19 | Loss: *0.363* | Acc: *87.676%* (43838/50000) 
Test epoch: 19 | Loss: *0.580* | Acc: *81.680%* (8168/10000)
Train epoch: 20 | Loss: *0.344* | Acc: *88.306%* (44153/50000) 
Test epoch: 20 | Loss: *0.557* | Acc: *81.940%* (8194/10000)
Train epoch: 21 | Loss: *0.334* | Acc: *88.568%* (44284/50000) 
Test epoch: 21 | Loss: *0.565* | Acc: *81.410%* (8141/10000)
Train epoch: 22 | Loss: *0.312* | Acc: *89.338%* (44669/50000) 
Test epoch: 22 | Loss: *0.559* | Acc: *81.800%* (8180/10000)
Train epoch: 23 | Loss: *0.304* | Acc: *89.668%* (44834/50000) 
Test epoch: 23 | Loss: *0.528* | Acc: *82.820%* (8282/10000)
Train epoch: 24 | Loss: *0.288* | Acc: *90.162%* (45081/50000) 
Test epoch: 24 | Loss: *0.482* | Acc: *84.340%* (8434/10000)
Train epoch: 25 | Loss: *0.279* | Acc: *90.390%* (45195/50000) 
Test epoch: 25 | Loss: *0.497* | Acc: *84.360%* (8436/10000)
Train epoch: 26 | Loss: *0.261* | Acc: *91.114%* (45557/50000) 
Test epoch: 26 | Loss: *0.551* | Acc: *82.600%* (8260/10000)
Train epoch: 27 | Loss: *0.246* | Acc: *91.680%* (45840/50000) 
Test epoch: 27 | Loss: *0.493* | Acc: *84.210%* (8421/10000)
Train epoch: 28 | Loss: *0.237* | Acc: *92.038%* (46019/50000) 
Test epoch: 28 | Loss: *0.574* | Acc: *82.020%* (8202/10000)
Train epoch: 29 | Loss: *0.221* | Acc: *92.552%* (46276/50000) 
Test epoch: 29 | Loss: *0.491* | Acc: *84.260%* (8426/10000)
Train epoch: 30 | Loss: *0.214* | Acc: *92.658%* (46329/50000) 
Test epoch: 30 | Loss: *0.500* | Acc: *84.300%* (8430/10000)
Train epoch: 31 | Loss: *0.205* | Acc: *93.172%* (46586/50000) 
Test epoch: 31 | Loss: *0.571* | Acc: *82.730%* (8273/10000)
Train epoch: 32 | Loss: *0.190* | Acc: *93.712%* (46856/50000) 
Test epoch: 32 | Loss: *0.508* | Acc: *83.900%* (8390/10000)
Train epoch: 33 | Loss: *0.186* | Acc: *93.804%* (46902/50000) 
Test epoch: 33 | Loss: *0.492* | Acc: *85.190%* (8519/10000)
Train epoch: 34 | Loss: *0.175* | Acc: *94.166%* (47083/50000) 
Test epoch: 34 | Loss: *0.580* | Acc: *82.940%* (8294/10000)
Train epoch: 35 | Loss: *0.167* | Acc: *94.482%* (47241/50000) 
Test epoch: 35 | Loss: *0.511* | Acc: *84.720%* (8472/10000)
Train epoch: 36 | Loss: *0.155* | Acc: *94.978%* (47489/50000) 
Test epoch: 36 | Loss: *0.501* | Acc: *85.130%* (8513/10000)
Train epoch: 37 | Loss: *0.149* | Acc: *95.112%* (47556/50000) 
Test epoch: 37 | Loss: *0.448* | Acc: *86.390%* (8639/10000)
Train epoch: 38 | Loss: *0.139* | Acc: *95.578%* (47789/50000) 
Test epoch: 38 | Loss: *0.571* | Acc: *83.480%* (8348/10000)
Train epoch: 39 | Loss: *0.134* | Acc: *95.606%* (47803/50000) 
Test epoch: 39 | Loss: *0.574* | Acc: *83.220%* (8322/10000)
Train epoch: 40 | Loss: *0.126* | Acc: *96.022%* (48011/50000) 
Test epoch: 40 | Loss: *0.527* | Acc: *84.430%* (8443/10000)
Train epoch: 41 | Loss: *0.116* | Acc: *96.358%* (48179/50000) 
Test epoch: 41 | Loss: *0.520* | Acc: *84.900%* (8490/10000)
Train epoch: 42 | Loss: *0.114* | Acc: *96.382%* (48191/50000) 
Test epoch: 42 | Loss: *0.469* | Acc: *86.360%* (8636/10000)
Train epoch: 43 | Loss: *0.108* | Acc: *96.568%* (48284/50000) 
Test epoch: 43 | Loss: *0.567* | Acc: *83.950%* (8395/10000)
Train epoch: 44 | Loss: *0.100* | Acc: *96.950%* (48475/50000) 
Test epoch: 44 | Loss: *0.519* | Acc: *84.900%* (8490/10000)
Train epoch: 45 | Loss: *0.096* | Acc: *97.034%* (48517/50000) 
Test epoch: 45 | Loss: *0.643* | Acc: *82.850%* (8285/10000)
Train epoch: 46 | Loss: *0.095* | Acc: *97.086%* (48543/50000) 
Test epoch: 46 | Loss: *0.552* | Acc: *84.690%* (8469/10000)
Train epoch: 47 | Loss: *0.087* | Acc: *97.418%* (48709/50000) 
Test epoch: 47 | Loss: *0.464* | Acc: *86.600%* (8660/10000)
Train epoch: 48 | Loss: *0.082* | Acc: *97.558%* (48779/50000) 
Test epoch: 48 | Loss: *0.511* | Acc: *85.940%* (8594/10000)
Train epoch: 49 | Loss: *0.078* | Acc: *97.720%* (48860/50000) 
Test epoch: 49 | Loss: *0.571* | Acc: *85.040%* (8504/10000)
Train epoch: 50 | Loss: *0.075* | Acc: *97.816%* (48908/50000) 
Test epoch: 50 | Loss: *0.792* | Acc: *80.930%* (8093/10000)
Train epoch: 51 | Loss: *0.070* | Acc: *97.942%* (48971/50000) 
Test epoch: 51 | Loss: *0.517* | Acc: *85.630%* (8563/10000)
Train epoch: 52 | Loss: *0.067* | Acc: *98.148%* (49074/50000) 
Test epoch: 52 | Loss: *0.549* | Acc: *85.490%* (8549/10000)
Train epoch: 53 | Loss: *0.060* | Acc: *98.370%* (49185/50000) 
Test epoch: 53 | Loss: *0.482* | Acc: *86.510%* (8651/10000)
Train epoch: 54 | Loss: *0.058* | Acc: *98.442%* (49221/50000) 
Test epoch: 54 | Loss: *0.488* | Acc: *87.000%* (8700/10000)
Train epoch: 55 | Loss: *0.057* | Acc: *98.418%* (49209/50000) 
Test epoch: 55 | Loss: *0.487* | Acc: *87.050%* (8705/10000)
Train epoch: 56 | Loss: *0.050* | Acc: *98.720%* (49360/50000) 
Test epoch: 56 | Loss: *0.479* | Acc: *87.060%* (8706/10000)
Train epoch: 57 | Loss: *0.053* | Acc: *98.582%* (49291/50000) 
Test epoch: 57 | Loss: *0.630* | Acc: *84.220%* (8422/10000)
Train epoch: 58 | Loss: *0.047* | Acc: *98.760%* (49380/50000) 
Test epoch: 58 | Loss: *0.532* | Acc: *86.080%* (8608/10000)
Train epoch: 59 | Loss: *0.048* | Acc: *98.796%* (49398/50000) 
Test epoch: 59 | Loss: *0.539* | Acc: *85.500%* (8550/10000)
Train epoch: 60 | Loss: *0.045* | Acc: *98.866%* (49433/50000) 
Test epoch: 60 | Loss: *0.533* | Acc: *86.000%* (8600/10000)
Train epoch: 61 | Loss: *0.043* | Acc: *98.890%* (49445/50000) 
Test epoch: 61 | Loss: *0.478* | Acc: *87.540%* (8754/10000)
Train epoch: 62 | Loss: *0.040* | Acc: *99.010%* (49505/50000) 
Test epoch: 62 | Loss: *0.486* | Acc: *87.520%* (8752/10000)
Train epoch: 63 | Loss: *0.039* | Acc: *99.036%* (49518/50000) 
Test epoch: 63 | Loss: *0.499* | Acc: *86.960%* (8696/10000)
Train epoch: 64 | Loss: *0.034* | Acc: *99.220%* (49610/50000) 
Test epoch: 64 | Loss: *0.451* | Acc: *88.120%* (8812/10000)
Train epoch: 65 | Loss: *0.033* | Acc: *99.272%* (49636/50000) 
Test epoch: 65 | Loss: *0.540* | Acc: *86.920%* (8692/10000)
Train epoch: 66 | Loss: *0.031* | Acc: *99.358%* (49679/50000) 
Test epoch: 66 | Loss: *0.491* | Acc: *87.030%* (8703/10000)
Train epoch: 67 | Loss: *0.029* | Acc: *99.368%* (49684/50000) 
Test epoch: 67 | Loss: *0.470* | Acc: *87.660%* (8766/10000)
Train epoch: 68 | Loss: *0.030* | Acc: *99.340%* (49670/50000) 
Test epoch: 68 | Loss: *0.465* | Acc: *87.820%* (8782/10000)
Train epoch: 69 | Loss: *0.029* | Acc: *99.332%* (49666/50000) 
Test epoch: 69 | Loss: *0.528* | Acc: *86.460%* (8646/10000)
Train epoch: 70 | Loss: *0.025* | Acc: *99.510%* (49755/50000) 
Test epoch: 70 | Loss: *0.631* | Acc: *84.550%* (8455/10000)
Train epoch: 71 | Loss: *0.028* | Acc: *99.374%* (49687/50000) 
Test epoch: 71 | Loss: *0.534* | Acc: *86.650%* (8665/10000)
Train epoch: 72 | Loss: *0.025* | Acc: *99.536%* (49768/50000) 
Test epoch: 72 | Loss: *0.485* | Acc: *87.560%* (8756/10000)
Train epoch: 73 | Loss: *0.023* | Acc: *99.556%* (49778/50000) 
Test epoch: 73 | Loss: *0.509* | Acc: *87.290%* (8729/10000)
Train epoch: 74 | Loss: *0.022* | Acc: *99.584%* (49792/50000) 
Test epoch: 74 | Loss: *0.470* | Acc: *87.810%* (8781/10000)
Train epoch: 75 | Loss: *0.020* | Acc: *99.708%* (49854/50000) 
Test epoch: 75 | Loss: *0.451* | Acc: *88.380%* (8838/10000)
Train epoch: 76 | Loss: *0.018* | Acc: *99.744%* (49872/50000) 
Test epoch: 76 | Loss: *0.501* | Acc: *87.880%* (8788/10000)
Train epoch: 77 | Loss: *0.018* | Acc: *99.666%* (49833/50000) 
Test epoch: 77 | Loss: *0.480* | Acc: *87.510%* (8751/10000)
Train epoch: 78 | Loss: *0.015* | Acc: *99.824%* (49912/50000) 
Test epoch: 78 | Loss: *0.475* | Acc: *88.250%* (8825/10000)
Train epoch: 79 | Loss: *0.016* | Acc: *99.720%* (49860/50000) 
Test epoch: 79 | Loss: *0.571* | Acc: *86.200%* (8620/10000)
Train epoch: 80 | Loss: *0.018* | Acc: *99.706%* (49853/50000) 
Test epoch: 80 | Loss: *0.467* | Acc: *88.140%* (8814/10000)
Train epoch: 81 | Loss: *0.017* | Acc: *99.728%* (49864/50000) 
Test epoch: 81 | Loss: *0.456* | Acc: *88.370%* (8837/10000)
Train epoch: 82 | Loss: *0.016* | Acc: *99.768%* (49884/50000) 
Test epoch: 82 | Loss: *0.498* | Acc: *87.520%* (8752/10000)
Train epoch: 83 | Loss: *0.016* | Acc: *99.758%* (49879/50000) 
Test epoch: 83 | Loss: *0.532* | Acc: *86.890%* (8689/10000)
Train epoch: 84 | Loss: *0.014* | Acc: *99.832%* (49916/50000) 
Test epoch: 84 | Loss: *0.494* | Acc: *87.420%* (8742/10000)
Train epoch: 85 | Loss: *0.013* | Acc: *99.822%* (49911/50000) 
Test epoch: 85 | Loss: *0.480* | Acc: *87.980%* (8798/10000)
Train epoch: 86 | Loss: *0.013* | Acc: *99.834%* (49917/50000) 
Test epoch: 86 | Loss: *0.518* | Acc: *87.520%* (8752/10000)
Train epoch: 87 | Loss: *0.014* | Acc: *99.826%* (49913/50000) 
Test epoch: 87 | Loss: *0.485* | Acc: *87.760%* (8776/10000)
Train epoch: 88 | Loss: *0.013* | Acc: *99.820%* (49910/50000) 
Test epoch: 88 | Loss: *0.498* | Acc: *87.700%* (8770/10000)
Train epoch: 89 | Loss: *0.013* | Acc: *99.806%* (49903/50000) 
Test epoch: 89 | Loss: *0.542* | Acc: *86.820%* (8682/10000)
Train epoch: 90 | Loss: *0.013* | Acc: *99.802%* (49901/50000) 
Test epoch: 90 | Loss: *0.520* | Acc: *87.260%* (8726/10000)
Train epoch: 91 | Loss: *0.013* | Acc: *99.820%* (49910/50000) 
Test epoch: 91 | Loss: *0.611* | Acc: *85.370%* (8537/10000)
Train epoch: 92 | Loss: *0.011* | Acc: *99.902%* (49951/50000) 
Test epoch: 92 | Loss: *0.486* | Acc: *87.690%* (8769/10000)
Train epoch: 93 | Loss: *0.009* | Acc: *99.928%* (49964/50000) 
Test epoch: 93 | Loss: *0.474* | Acc: *88.180%* (8818/10000)
Train epoch: 94 | Loss: *0.007* | Acc: *99.962%* (49981/50000) 
Test epoch: 94 | Loss: *0.456* | Acc: *88.380%* (8838/10000)
Train epoch: 95 | Loss: *0.008* | Acc: *99.938%* (49969/50000) 
Test epoch: 95 | Loss: *0.464* | Acc: *88.270%* (8827/10000)
Train epoch: 96 | Loss: *0.007* | Acc: *99.962%* (49981/50000) 
Test epoch: 96 | Loss: *0.478* | Acc: *88.210%* (8821/10000)
Train epoch: 97 | Loss: *0.007* | Acc: *99.964%* (49982/50000) 
Test epoch: 97 | Loss: *0.464* | Acc: *88.340%* (8834/10000)
Train epoch: 98 | Loss: *0.007* | Acc: *99.940%* (49970/50000) 
Test epoch: 98 | Loss: *0.469* | Acc: *88.060%* (8806/10000)
Train epoch: 99 | Loss: *0.006* | Acc: *99.982%* (49991/50000) 
Test epoch: 99 | Loss: *0.487* | Acc: *87.840%* (8784/10000)
Train epoch: 100 | Loss: *0.007* | Acc: *99.954%* (49977/50000) 
Test epoch: 100 | Loss: *0.462* | Acc: *88.310%* (8831/10000)
Train epoch: 101 | Loss: *0.006* | Acc: *99.976%* (49988/50000) 
Test epoch: 101 | Loss: *0.469* | Acc: *88.140%* (8814/10000)
Train epoch: 102 | Loss: *0.007* | Acc: *99.958%* (49979/50000) 
Test epoch: 102 | Loss: *0.468* | Acc: *88.250%* (8825/10000)
Train epoch: 103 | Loss: *0.007* | Acc: *99.960%* (49980/50000) 
Test epoch: 103 | Loss: *0.476* | Acc: *88.020%* (8802/10000)
Train epoch: 104 | Loss: *0.007* | Acc: *99.962%* (49981/50000) 
Test epoch: 104 | Loss: *0.480* | Acc: *88.410%* (8841/10000)
Train epoch: 105 | Loss: *0.007* | Acc: *99.952%* (49976/50000) 
Test epoch: 105 | Loss: *0.471* | Acc: *88.470%* (8847/10000)
Train epoch: 106 | Loss: *0.006* | Acc: *99.976%* (49988/50000) 
Test epoch: 106 | Loss: *0.458* | Acc: *88.510%* (8851/10000)
Train epoch: 107 | Loss: *0.005* | Acc: *99.984%* (49992/50000) 
Test epoch: 107 | Loss: *0.467* | Acc: *88.060%* (8806/10000)
Train epoch: 108 | Loss: *0.006* | Acc: *99.954%* (49977/50000) 
Test epoch: 108 | Loss: *0.495* | Acc: *87.480%* (8748/10000)
Train epoch: 109 | Loss: *0.005* | Acc: *99.974%* (49987/50000) 
Test epoch: 109 | Loss: *0.459* | Acc: *88.580%* (8858/10000)
Train epoch: 110 | Loss: *0.005* | Acc: *99.978%* (49989/50000) 
Test epoch: 110 | Loss: *0.470* | Acc: *88.250%* (8825/10000)
Train epoch: 111 | Loss: *0.006* | Acc: *99.966%* (49983/50000) 
Test epoch: 111 | Loss: *0.471* | Acc: *88.050%* (8805/10000)
Train epoch: 112 | Loss: *0.006* | Acc: *99.966%* (49983/50000) 
Test epoch: 112 | Loss: *0.463* | Acc: *88.680%* (8868/10000)
Train epoch: 113 | Loss: *0.005* | Acc: *99.984%* (49992/50000) 
Test epoch: 113 | Loss: *0.463* | Acc: *88.600%* (8860/10000)
Train epoch: 114 | Loss: *0.005* | Acc: *99.980%* (49990/50000) 
Test epoch: 114 | Loss: *0.467* | Acc: *88.110%* (8811/10000)
Train epoch: 115 | Loss: *0.005* | Acc: *99.984%* (49992/50000) 
Test epoch: 115 | Loss: *0.463* | Acc: *88.630%* (8863/10000)
Train epoch: 116 | Loss: *0.005* | Acc: *99.992%* (49996/50000) 
Test epoch: 116 | Loss: *0.461* | Acc: *88.460%* (8846/10000)
Train epoch: 117 | Loss: *0.005* | Acc: *99.976%* (49988/50000) 
Test epoch: 117 | Loss: *0.470* | Acc: *88.660%* (8866/10000)
Train epoch: 118 | Loss: *0.005* | Acc: *99.976%* (49988/50000) 
Test epoch: 118 | Loss: *0.469* | Acc: *88.530%* (8853/10000)
Train epoch: 119 | Loss: *0.004* | Acc: *99.998%* (49999/50000) 
Test epoch: 119 | Loss: *0.461* | Acc: *88.360%* (8836/10000)
Train epoch: 120 | Loss: *0.004* | Acc: *99.988%* (49994/50000) 
Test epoch: 120 | Loss: *0.469* | Acc: *88.250%* (8825/10000)
Train epoch: 121 | Loss: *0.004* | Acc: *99.986%* (49993/50000) 
Test epoch: 121 | Loss: *0.467* | Acc: *88.420%* (8842/10000)
Train epoch: 122 | Loss: *0.004* | Acc: *99.986%* (49993/50000) 
Test epoch: 122 | Loss: *0.462* | Acc: *88.310%* (8831/10000)
Train epoch: 123 | Loss: *0.004* | Acc: *99.994%* (49997/50000) 
Test epoch: 123 | Loss: *0.460* | Acc: *88.230%* (8823/10000)
Train epoch: 124 | Loss: *0.004* | Acc: *99.992%* (49996/50000) 
Test epoch: 124 | Loss: *0.457* | Acc: *88.600%* (8860/10000)
Train epoch: 125 | Loss: *0.004* | Acc: *99.994%* (49997/50000) 
Test epoch: 125 | Loss: *0.465* | Acc: *88.460%* (8846/10000)
Train epoch: 126 | Loss: *0.004* | Acc: *99.990%* (49995/50000) 
Test epoch: 126 | Loss: *0.467* | Acc: *88.190%* (8819/10000)
Train epoch: 127 | Loss: *0.004* | Acc: *99.996%* (49998/50000) 
Test epoch: 127 | Loss: *0.460* | Acc: *88.260%* (8826/10000)
Train epoch: 128 | Loss: *0.004* | Acc: *100.000%* (50000/50000) 
Test epoch: 128 | Loss: *0.457* | Acc: *88.420%* (8842/10000)
Train epoch: 129 | Loss: *0.004* | Acc: *99.990%* (49995/50000) 
Test epoch: 129 | Loss: *0.456* | Acc: *88.390%* (8839/10000)
Train epoch: 130 | Loss: *0.004* | Acc: *99.992%* (49996/50000) 
Test epoch: 130 | Loss: *0.460* | Acc: *88.350%* (8835/10000)
Train epoch: 131 | Loss: *0.004* | Acc: *99.998%* (49999/50000) 
Test epoch: 131 | Loss: *0.465* | Acc: *88.120%* (8812/10000)
Train epoch: 132 | Loss: *0.004* | Acc: *99.990%* (49995/50000) 
Test epoch: 132 | Loss: *0.451* | Acc: *88.610%* (8861/10000)
Train epoch: 133 | Loss: *0.004* | Acc: *100.000%* (50000/50000) 
Test epoch: 133 | Loss: *0.456* | Acc: *88.530%* (8853/10000)
Train epoch: 134 | Loss: *0.003* | Acc: *100.000%* (50000/50000) 
Test epoch: 134 | Loss: *0.456* | Acc: *88.690%* (8869/10000)
Train epoch: 135 | Loss: *0.003* | Acc: *99.998%* (49999/50000) 
Test epoch: 135 | Loss: *0.459* | Acc: *88.370%* (8837/10000)
Train epoch: 136 | Loss: *0.003* | Acc: *99.996%* (49998/50000) 
Test epoch: 136 | Loss: *0.461* | Acc: *88.520%* (8852/10000)
Train epoch: 137 | Loss: *0.003* | Acc: *100.000%* (50000/50000) 
Test epoch: 137 | Loss: *0.455* | Acc: *88.430%* (8843/10000)
Train epoch: 138 | Loss: *0.003* | Acc: *100.000%* (50000/50000) 
Test epoch: 138 | Loss: *0.463* | Acc: *88.480%* (8848/10000)
Train epoch: 139 | Loss: *0.003* | Acc: *99.998%* (49999/50000) 
Test epoch: 139 | Loss: *0.456* | Acc: *88.580%* (8858/10000)
Train epoch: 140 | Loss: *0.003* | Acc: *99.994%* (49997/50000) 
Test epoch: 140 | Loss: *0.460* | Acc: *88.550%* (8855/10000)
Train epoch: 141 | Loss: *0.003* | Acc: *99.996%* (49998/50000) 
Test epoch: 141 | Loss: *0.456* | Acc: *88.620%* (8862/10000)
Train epoch: 142 | Loss: *0.003* | Acc: *99.996%* (49998/50000) 
Test epoch: 142 | Loss: *0.462* | Acc: *88.370%* (8837/10000)
Train epoch: 143 | Loss: *0.003* | Acc: *99.996%* (49998/50000) 
Test epoch: 143 | Loss: *0.457* | Acc: *88.610%* (8861/10000)
Train epoch: 144 | Loss: *0.003* | Acc: *99.998%* (49999/50000) 
Test epoch: 144 | Loss: *0.456* | Acc: *88.650%* (8865/10000)
Train epoch: 145 | Loss: *0.003* | Acc: *99.998%* (49999/50000) 
Test epoch: 145 | Loss: *0.462* | Acc: *88.630%* (8863/10000)
Train epoch: 146 | Loss: *0.003* | Acc: *99.996%* (49998/50000) 
Test epoch: 146 | Loss: *0.459* | Acc: *88.660%* (8866/10000)
Train epoch: 147 | Loss: *0.003* | Acc: *99.994%* (49997/50000) 
Test epoch: 147 | Loss: *0.456* | Acc: *88.550%* (8855/10000)
Train epoch: 148 | Loss: *0.003* | Acc: *100.000%* (50000/50000) 
Test epoch: 148 | Loss: *0.455* | Acc: *88.610%* (8861/10000)
Train epoch: 149 | Loss: *0.003* | Acc: *99.998%* (49999/50000) 
Test epoch: 149 | Loss: *0.459* | Acc: *88.450%* (8845/10000)
Train epoch: 150 | Loss: *0.003* | Acc: *100.000%* (50000/50000) 
Test epoch: 150 | Loss: *0.453* | Acc: *88.570%* (8857/10000)
Train epoch: 151 | Loss: *0.003* | Acc: *100.000%* (50000/50000) 
Test epoch: 151 | Loss: *0.463* | Acc: *88.650%* (8865/10000)
Train epoch: 152 | Loss: *0.003* | Acc: *99.994%* (49997/50000) 
Test epoch: 152 | Loss: *0.459* | Acc: *88.450%* (8845/10000)
Train epoch: 153 | Loss: *0.003* | Acc: *99.998%* (49999/50000) 
Test epoch: 153 | Loss: *0.457* | Acc: *88.550%* (8855/10000)
Train epoch: 154 | Loss: *0.003* | Acc: *100.000%* (50000/50000) 
Test epoch: 154 | Loss: *0.457* | Acc: *88.630%* (8863/10000)
Train epoch: 155 | Loss: *0.003* | Acc: *100.000%* (50000/50000) 
Test epoch: 155 | Loss: *0.455* | Acc: *88.670%* (8867/10000)
Train epoch: 156 | Loss: *0.003* | Acc: *100.000%* (50000/50000) 
Test epoch: 156 | Loss: *0.457* | Acc: *88.660%* (8866/10000)
Train epoch: 157 | Loss: *0.003* | Acc: *99.998%* (49999/50000) 
Test epoch: 157 | Loss: *0.454* | Acc: *88.660%* (8866/10000)
Train epoch: 158 | Loss: *0.003* | Acc: *99.996%* (49998/50000) 
Test epoch: 158 | Loss: *0.462* | Acc: *88.580%* (8858/10000)
Train epoch: 159 | Loss: *0.003* | Acc: *100.000%* (50000/50000) 
Test epoch: 159 | Loss: *0.459* | Acc: *88.580%* (8858/10000)
Train epoch: 160 | Loss: *0.003* | Acc: *100.000%* (50000/50000) 
Test epoch: 160 | Loss: *0.453* | Acc: *88.760%* (8876/10000)
Train epoch: 161 | Loss: *0.003* | Acc: *99.998%* (49999/50000) 
Test epoch: 161 | Loss: *0.456* | Acc: *88.560%* (8856/10000)
Train epoch: 162 | Loss: *0.003* | Acc: *99.996%* (49998/50000) 
Test epoch: 162 | Loss: *0.460* | Acc: *88.550%* (8855/10000)
Train epoch: 163 | Loss: *0.003* | Acc: *99.998%* (49999/50000) 
Test epoch: 163 | Loss: *0.459* | Acc: *88.590%* (8859/10000)
Train epoch: 164 | Loss: *0.003* | Acc: *99.998%* (49999/50000) 
Test epoch: 164 | Loss: *0.455* | Acc: *88.600%* (8860/10000)
Train epoch: 165 | Loss: *0.003* | Acc: *99.998%* (49999/50000) 
Test epoch: 165 | Loss: *0.456* | Acc: *88.690%* (8869/10000)
Train epoch: 166 | Loss: *0.003* | Acc: *100.000%* (50000/50000) 
Test epoch: 166 | Loss: *0.451* | Acc: *88.460%* (8846/10000)
Train epoch: 167 | Loss: *0.003* | Acc: *100.000%* (50000/50000) 
Test epoch: 167 | Loss: *0.456* | Acc: *88.550%* (8855/10000)
Train epoch: 168 | Loss: *0.003* | Acc: *99.998%* (49999/50000) 
Test epoch: 168 | Loss: *0.462* | Acc: *88.520%* (8852/10000)
Train epoch: 169 | Loss: *0.003* | Acc: *100.000%* (50000/50000) 
Test epoch: 169 | Loss: *0.461* | Acc: *88.480%* (8848/10000)
Train epoch: 170 | Loss: *0.003* | Acc: *99.998%* (49999/50000) 
Test epoch: 170 | Loss: *0.456* | Acc: *88.590%* (8859/10000)
Train epoch: 171 | Loss: *0.003* | Acc: *100.000%* (50000/50000) 
Test epoch: 171 | Loss: *0.456* | Acc: *88.530%* (8853/10000)
Train epoch: 172 | Loss: *0.003* | Acc: *99.998%* (49999/50000) 
Test epoch: 172 | Loss: *0.455* | Acc: *88.520%* (8852/10000)
Train epoch: 173 | Loss: *0.003* | Acc: *100.000%* (50000/50000) 
Test epoch: 173 | Loss: *0.453* | Acc: *88.600%* (8860/10000)
Train epoch: 174 | Loss: *0.003* | Acc: *100.000%* (50000/50000) 
Test epoch: 174 | Loss: *0.455* | Acc: *88.590%* (8859/10000)
Train epoch: 175 | Loss: *0.003* | Acc: *99.996%* (49998/50000) 
Test epoch: 175 | Loss: *0.456* | Acc: *88.630%* (8863/10000)
Train epoch: 176 | Loss: *0.003* | Acc: *100.000%* (50000/50000) 
Test epoch: 176 | Loss: *0.451* | Acc: *88.710%* (8871/10000)
Train epoch: 177 | Loss: *0.003* | Acc: *100.000%* (50000/50000) 
Test epoch: 177 | Loss: *0.453* | Acc: *88.630%* (8863/10000)
Train epoch: 178 | Loss: *0.003* | Acc: *100.000%* (50000/50000) 
Test epoch: 178 | Loss: *0.458* | Acc: *88.570%* (8857/10000)
Train epoch: 179 | Loss: *0.003* | Acc: *100.000%* (50000/50000) 
Test epoch: 179 | Loss: *0.457* | Acc: *88.680%* (8868/10000)
Train epoch: 180 | Loss: *0.003* | Acc: *100.000%* (50000/50000) 
Test epoch: 180 | Loss: *0.453* | Acc: *88.620%* (8862/10000)
Train epoch: 181 | Loss: *0.003* | Acc: *100.000%* (50000/50000) 
Test epoch: 181 | Loss: *0.453* | Acc: *88.700%* (8870/10000)
Train epoch: 182 | Loss: *0.003* | Acc: *100.000%* (50000/50000) 
Test epoch: 182 | Loss: *0.458* | Acc: *88.490%* (8849/10000)
Train epoch: 183 | Loss: *0.003* | Acc: *100.000%* (50000/50000) 
Test epoch: 183 | Loss: *0.454* | Acc: *88.470%* (8847/10000)
Train epoch: 184 | Loss: *0.003* | Acc: *100.000%* (50000/50000) 
Test epoch: 184 | Loss: *0.454* | Acc: *88.500%* (8850/10000)
Train epoch: 185 | Loss: *0.003* | Acc: *99.998%* (49999/50000) 
Test epoch: 185 | Loss: *0.457* | Acc: *88.660%* (8866/10000)
Train epoch: 186 | Loss: *0.003* | Acc: *100.000%* (50000/50000) 
Test epoch: 186 | Loss: *0.454* | Acc: *88.710%* (8871/10000)
Train epoch: 187 | Loss: *0.003* | Acc: *100.000%* (50000/50000) 
Test epoch: 187 | Loss: *0.455* | Acc: *88.580%* (8858/10000)
Train epoch: 188 | Loss: *0.003* | Acc: *99.998%* (49999/50000) 
Test epoch: 188 | Loss: *0.454* | Acc: *88.660%* (8866/10000)
Train epoch: 189 | Loss: *0.003* | Acc: *100.000%* (50000/50000) 
Test epoch: 189 | Loss: *0.456* | Acc: *88.580%* (8858/10000)
Train epoch: 190 | Loss: *0.003* | Acc: *100.000%* (50000/50000) 
Test epoch: 190 | Loss: *0.457* | Acc: *88.540%* (8854/10000)
Train epoch: 191 | Loss: *0.003* | Acc: *99.998%* (49999/50000) 
Test epoch: 191 | Loss: *0.460* | Acc: *88.420%* (8842/10000)
Train epoch: 192 | Loss: *0.003* | Acc: *99.998%* (49999/50000) 
Test epoch: 192 | Loss: *0.452* | Acc: *88.610%* (8861/10000)
Train epoch: 193 | Loss: *0.003* | Acc: *100.000%* (50000/50000) 
Test epoch: 193 | Loss: *0.452* | Acc: *88.640%* (8864/10000)
Train epoch: 194 | Loss: *0.003* | Acc: *99.996%* (49998/50000) 
Test epoch: 194 | Loss: *0.455* | Acc: *88.540%* (8854/10000)
Train epoch: 195 | Loss: *0.003* | Acc: *100.000%* (50000/50000) 
Test epoch: 195 | Loss: *0.455* | Acc: *88.510%* (8851/10000)
Train epoch: 196 | Loss: *0.003* | Acc: *100.000%* (50000/50000) 
Test epoch: 196 | Loss: *0.457* | Acc: *88.520%* (8852/10000)
Train epoch: 197 | Loss: *0.003* | Acc: *99.996%* (49998/50000) 
Test epoch: 197 | Loss: *0.456* | Acc: *88.530%* (8853/10000)
Train epoch: 198 | Loss: *0.003* | Acc: *100.000%* (50000/50000) 
Test epoch: 198 | Loss: *0.453* | Acc: *88.600%* (8860/10000)
Train epoch: 199 | Loss: *0.003* | Acc: *100.000%* (50000/50000) 
Test epoch: 199 | Loss: *0.455* | Acc: *88.470%* (8847/10000)
Train epoch: 200 | Loss: *0.003* | Acc: *100.000%* (50000/50000) 
Test epoch: 200 | Loss: *0.455* | Acc: *88.600%* (8860/10000)
Train epoch: 201 | Loss: *0.003* | Acc: *100.000%* (50000/50000) 
Test epoch: 201 | Loss: *0.458* | Acc: *88.520%* (8852/10000)
Train epoch: 202 | Loss: *0.003* | Acc: *100.000%* (50000/50000) 
Test epoch: 202 | Loss: *0.456* | Acc: *88.590%* (8859/10000)
Train epoch: 203 | Loss: *0.003* | Acc: *100.000%* (50000/50000) 
Test epoch: 203 | Loss: *0.458* | Acc: *88.700%* (8870/10000)
Train epoch: 204 | Loss: *0.003* | Acc: *100.000%* (50000/50000) 
Test epoch: 204 | Loss: *0.454* | Acc: *88.520%* (8852/10000)
Train epoch: 205 | Loss: *0.003* | Acc: *100.000%* (50000/50000) 
Test epoch: 205 | Loss: *0.457* | Acc: *88.470%* (8847/10000)
Train epoch: 206 | Loss: *0.002* | Acc: *100.000%* (50000/50000) 
Test epoch: 206 | Loss: *0.456* | Acc: *88.630%* (8863/10000)
Train epoch: 207 | Loss: *0.003* | Acc: *100.000%* (50000/50000) 
Test epoch: 207 | Loss: *0.457* | Acc: *88.450%* (8845/10000)
Train epoch: 208 | Loss: *0.003* | Acc: *99.998%* (49999/50000) 
Test epoch: 208 | Loss: *0.454* | Acc: *88.630%* (8863/10000)
Train epoch: 209 | Loss: *0.003* | Acc: *100.000%* (50000/50000) 
Test epoch: 209 | Loss: *0.458* | Acc: *88.540%* (8854/10000)
Train epoch: 210 | Loss: *0.003* | Acc: *100.000%* (50000/50000) 
Test epoch: 210 | Loss: *0.452* | Acc: *88.490%* (8849/10000)
Train epoch: 211 | Loss: *0.003* | Acc: *100.000%* (50000/50000) 
Test epoch: 211 | Loss: *0.455* | Acc: *88.520%* (8852/10000)
Train epoch: 212 | Loss: *0.003* | Acc: *100.000%* (50000/50000) 
Test epoch: 212 | Loss: *0.454* | Acc: *88.530%* (8853/10000)
Train epoch: 213 | Loss: *0.003* | Acc: *100.000%* (50000/50000) 
Test epoch: 213 | Loss: *0.456* | Acc: *88.460%* (8846/10000)
Train epoch: 214 | Loss: *0.003* | Acc: *100.000%* (50000/50000) 
Test epoch: 214 | Loss: *0.454* | Acc: *88.510%* (8851/10000)
Train epoch: 215 | Loss: *0.003* | Acc: *100.000%* (50000/50000) 
Test epoch: 215 | Loss: *0.457* | Acc: *88.440%* (8844/10000)
Train epoch: 216 | Loss: *0.003* | Acc: *100.000%* (50000/50000) 
Test epoch: 216 | Loss: *0.456* | Acc: *88.560%* (8856/10000)
Train epoch: 217 | Loss: *0.003* | Acc: *100.000%* (50000/50000) 
Test epoch: 217 | Loss: *0.455* | Acc: *88.520%* (8852/10000)
Train epoch: 218 | Loss: *0.003* | Acc: *100.000%* (50000/50000) 
Test epoch: 218 | Loss: *0.455* | Acc: *88.540%* (8854/10000)
Train epoch: 219 | Loss: *0.003* | Acc: *100.000%* (50000/50000) 
Test epoch: 219 | Loss: *0.454* | Acc: *88.650%* (8865/10000)
Train epoch: 220 | Loss: *0.003* | Acc: *100.000%* (50000/50000) 
Test epoch: 220 | Loss: *0.454* | Acc: *88.670%* (8867/10000)
Train epoch: 221 | Loss: *0.003* | Acc: *100.000%* (50000/50000) 
Test epoch: 221 | Loss: *0.452* | Acc: *88.500%* (8850/10000)
Train epoch: 222 | Loss: *0.003* | Acc: *100.000%* (50000/50000) 
Test epoch: 222 | Loss: *0.453* | Acc: *88.540%* (8854/10000)
Train epoch: 223 | Loss: *0.003* | Acc: *100.000%* (50000/50000) 
Test epoch: 223 | Loss: *0.457* | Acc: *88.620%* (8862/10000)
Train epoch: 224 | Loss: *0.003* | Acc: *99.998%* (49999/50000) 
Test epoch: 224 | Loss: *0.453* | Acc: *88.460%* (8846/10000)
Train epoch: 225 | Loss: *0.003* | Acc: *99.998%* (49999/50000) 
Test epoch: 225 | Loss: *0.453* | Acc: *88.620%* (8862/10000)
Train epoch: 226 | Loss: *0.003* | Acc: *100.000%* (50000/50000) 
Test epoch: 226 | Loss: *0.453* | Acc: *88.690%* (8869/10000)
Train epoch: 227 | Loss: *0.003* | Acc: *99.994%* (49997/50000) 
Test epoch: 227 | Loss: *0.456* | Acc: *88.490%* (8849/10000)
Train epoch: 228 | Loss: *0.003* | Acc: *100.000%* (50000/50000) 
Test epoch: 228 | Loss: *0.454* | Acc: *88.520%* (8852/10000)
Train epoch: 229 | Loss: *0.003* | Acc: *100.000%* (50000/50000) 
Test epoch: 229 | Loss: *0.455* | Acc: *88.410%* (8841/10000)
Train epoch: 230 | Loss: *0.003* | Acc: *99.998%* (49999/50000) 
Test epoch: 230 | Loss: *0.458* | Acc: *88.420%* (8842/10000)
Train epoch: 231 | Loss: *0.003* | Acc: *100.000%* (50000/50000) 
Test epoch: 231 | Loss: *0.456* | Acc: *88.570%* (8857/10000)
Train epoch: 232 | Loss: *0.003* | Acc: *100.000%* (50000/50000) 
Test epoch: 232 | Loss: *0.453* | Acc: *88.580%* (8858/10000)
Train epoch: 233 | Loss: *0.003* | Acc: *100.000%* (50000/50000) 
Test epoch: 233 | Loss: *0.455* | Acc: *88.620%* (8862/10000)
Train epoch: 234 | Loss: *0.003* | Acc: *99.998%* (49999/50000) 
Test epoch: 234 | Loss: *0.458* | Acc: *88.620%* (8862/10000)
Train epoch: 235 | Loss: *0.003* | Acc: *100.000%* (50000/50000) 
Test epoch: 235 | Loss: *0.455* | Acc: *88.390%* (8839/10000)
Train epoch: 236 | Loss: *0.003* | Acc: *100.000%* (50000/50000) 
Test epoch: 236 | Loss: *0.455* | Acc: *88.500%* (8850/10000)
Train epoch: 237 | Loss: *0.003* | Acc: *100.000%* (50000/50000) 
Test epoch: 237 | Loss: *0.458* | Acc: *88.510%* (8851/10000)
Train epoch: 238 | Loss: *0.003* | Acc: *100.000%* (50000/50000) 
Test epoch: 238 | Loss: *0.454* | Acc: *88.500%* (8850/10000)
Train epoch: 239 | Loss: *0.003* | Acc: *99.998%* (49999/50000) 
Test epoch: 239 | Loss: *0.457* | Acc: *88.510%* (8851/10000)
Train epoch: 240 | Loss: *0.003* | Acc: *99.998%* (49999/50000) 
Test epoch: 240 | Loss: *0.454* | Acc: *88.480%* (8848/10000)
Train epoch: 241 | Loss: *0.003* | Acc: *99.996%* (49998/50000) 
Test epoch: 241 | Loss: *0.454* | Acc: *88.520%* (8852/10000)
Train epoch: 242 | Loss: *0.003* | Acc: *100.000%* (50000/50000) 
Test epoch: 242 | Loss: *0.453* | Acc: *88.410%* (8841/10000)
Train epoch: 243 | Loss: *0.003* | Acc: *99.998%* (49999/50000) 
Test epoch: 243 | Loss: *0.455* | Acc: *88.530%* (8853/10000)
Train epoch: 244 | Loss: *0.003* | Acc: *100.000%* (50000/50000) 
Test epoch: 244 | Loss: *0.456* | Acc: *88.380%* (8838/10000)
Train epoch: 245 | Loss: *0.003* | Acc: *99.998%* (49999/50000) 
Test epoch: 245 | Loss: *0.458* | Acc: *88.540%* (8854/10000)
Train epoch: 246 | Loss: *0.003* | Acc: *100.000%* (50000/50000) 
Test epoch: 246 | Loss: *0.454* | Acc: *88.520%* (8852/10000)
Train epoch: 247 | Loss: *0.003* | Acc: *100.000%* (50000/50000) 
Test epoch: 247 | Loss: *0.455* | Acc: *88.470%* (8847/10000)
Train epoch: 248 | Loss: *0.003* | Acc: *100.000%* (50000/50000) 
Test epoch: 248 | Loss: *0.458* | Acc: *88.380%* (8838/10000)
Train epoch: 249 | Loss: *0.003* | Acc: *100.000%* (50000/50000) 
Test epoch: 249 | Loss: *0.457* | Acc: *88.420%* (8842/10000)
Train epoch: 250 | Loss: *0.003* | Acc: *99.996%* (49998/50000) 
Test epoch: 250 | Loss: *0.455* | Acc: *88.360%* (8836/10000)
Train epoch: 251 | Loss: *0.003* | Acc: *99.998%* (49999/50000) 
Test epoch: 251 | Loss: *0.461* | Acc: *88.450%* (8845/10000)
Train epoch: 252 | Loss: *0.003* | Acc: *100.000%* (50000/50000) 
Test epoch: 252 | Loss: *0.457* | Acc: *88.240%* (8824/10000)
Train epoch: 253 | Loss: *0.003* | Acc: *99.998%* (49999/50000) 
Test epoch: 253 | Loss: *0.456* | Acc: *88.490%* (8849/10000)
Train epoch: 254 | Loss: *0.003* | Acc: *100.000%* (50000/50000) 
Test epoch: 254 | Loss: *0.457* | Acc: *88.710%* (8871/10000)
Train epoch: 255 | Loss: *0.003* | Acc: *100.000%* (50000/50000) 
Test epoch: 255 | Loss: *0.457* | Acc: *88.350%* (8835/10000)
Train epoch: 256 | Loss: *0.003* | Acc: *100.000%* (50000/50000) 
Test epoch: 256 | Loss: *0.454* | Acc: *88.400%* (8840/10000)
Train epoch: 257 | Loss: *0.003* | Acc: *99.996%* (49998/50000) 
Test epoch: 257 | Loss: *0.453* | Acc: *88.670%* (8867/10000)
Train epoch: 258 | Loss: *0.003* | Acc: *100.000%* (50000/50000) 
Test epoch: 258 | Loss: *0.467* | Acc: *88.450%* (8845/10000)
Train epoch: 259 | Loss: *0.003* | Acc: *100.000%* (50000/50000) 
Test epoch: 259 | Loss: *0.451* | Acc: *88.530%* (8853/10000)
Train epoch: 260 | Loss: *0.003* | Acc: *100.000%* (50000/50000) 
Test epoch: 260 | Loss: *0.459* | Acc: *88.710%* (8871/10000)
Train epoch: 261 | Loss: *0.003* | Acc: *99.998%* (49999/50000) 
Test epoch: 261 | Loss: *0.453* | Acc: *88.640%* (8864/10000)
Train epoch: 262 | Loss: *0.003* | Acc: *100.000%* (50000/50000) 
Test epoch: 262 | Loss: *0.454* | Acc: *88.610%* (8861/10000)
Train epoch: 263 | Loss: *0.003* | Acc: *99.996%* (49998/50000) 
Test epoch: 263 | Loss: *0.482* | Acc: *87.890%* (8789/10000)
Train epoch: 264 | Loss: *0.003* | Acc: *100.000%* (50000/50000) 
Test epoch: 264 | Loss: *0.460* | Acc: *88.420%* (8842/10000)
Train epoch: 265 | Loss: *0.003* | Acc: *99.990%* (49995/50000) 
Test epoch: 265 | Loss: *0.455* | Acc: *88.500%* (8850/10000)
Train epoch: 266 | Loss: *0.003* | Acc: *99.996%* (49998/50000) 
Test epoch: 266 | Loss: *0.459* | Acc: *88.460%* (8846/10000)
Train epoch: 267 | Loss: *0.003* | Acc: *99.996%* (49998/50000) 
Test epoch: 267 | Loss: *0.463* | Acc: *88.230%* (8823/10000)
Train epoch: 268 | Loss: *0.004* | Acc: *99.998%* (49999/50000) 
Test epoch: 268 | Loss: *0.450* | Acc: *88.550%* (8855/10000)
Train epoch: 269 | Loss: *0.004* | Acc: *99.998%* (49999/50000) 
Test epoch: 269 | Loss: *0.454* | Acc: *88.460%* (8846/10000)
Train epoch: 270 | Loss: *0.004* | Acc: *99.992%* (49996/50000) 
Test epoch: 270 | Loss: *0.455* | Acc: *88.370%* (8837/10000)
Train epoch: 271 | Loss: *0.004* | Acc: *99.992%* (49996/50000) 
Test epoch: 271 | Loss: *0.457* | Acc: *88.550%* (8855/10000)
Train epoch: 272 | Loss: *0.004* | Acc: *99.998%* (49999/50000) 
Test epoch: 272 | Loss: *0.457* | Acc: *88.350%* (8835/10000)
Train epoch: 273 | Loss: *0.004* | Acc: *99.994%* (49997/50000) 
Test epoch: 273 | Loss: *0.455* | Acc: *88.370%* (8837/10000)
Train epoch: 274 | Loss: *0.004* | Acc: *99.996%* (49998/50000) 
Test epoch: 274 | Loss: *0.459* | Acc: *88.390%* (8839/10000)
Train epoch: 275 | Loss: *0.004* | Acc: *99.996%* (49998/50000) 
Test epoch: 275 | Loss: *0.446* | Acc: *88.500%* (8850/10000)
Train epoch: 276 | Loss: *0.005* | Acc: *99.980%* (49990/50000) 
Test epoch: 276 | Loss: *0.461* | Acc: *88.040%* (8804/10000)
Train epoch: 277 | Loss: *0.005* | Acc: *99.988%* (49994/50000) 
Test epoch: 277 | Loss: *0.467* | Acc: *88.200%* (8820/10000)
Train epoch: 278 | Loss: *0.006* | Acc: *99.972%* (49986/50000) 
Test epoch: 278 | Loss: *0.462* | Acc: *88.060%* (8806/10000)
Train epoch: 279 | Loss: *0.006* | Acc: *99.972%* (49986/50000) 
Test epoch: 279 | Loss: *0.488* | Acc: *87.370%* (8737/10000)
Train epoch: 280 | Loss: *0.011* | Acc: *99.892%* (49946/50000) 
Test epoch: 280 | Loss: *0.442* | Acc: *88.360%* (8836/10000)
Train epoch: 281 | Loss: *0.010* | Acc: *99.892%* (49946/50000) 
Test epoch: 281 | Loss: *0.507* | Acc: *86.930%* (8693/10000)
Train epoch: 282 | Loss: *0.010* | Acc: *99.928%* (49964/50000) 
Test epoch: 282 | Loss: *0.476* | Acc: *87.980%* (8798/10000)
Train epoch: 283 | Loss: *0.009* | Acc: *99.914%* (49957/50000) 
Test epoch: 283 | Loss: *0.460* | Acc: *88.090%* (8809/10000)
Train epoch: 284 | Loss: *0.011* | Acc: *99.882%* (49941/50000) 
Test epoch: 284 | Loss: *0.489* | Acc: *87.660%* (8766/10000)
Train epoch: 285 | Loss: *0.013* | Acc: *99.846%* (49923/50000) 
Test epoch: 285 | Loss: *0.462* | Acc: *88.150%* (8815/10000)
Train epoch: 286 | Loss: *0.015* | Acc: *99.794%* (49897/50000) 
Test epoch: 286 | Loss: *0.459* | Acc: *88.060%* (8806/10000)
Train epoch: 287 | Loss: *0.016* | Acc: *99.772%* (49886/50000) 
Test epoch: 287 | Loss: *0.631* | Acc: *84.490%* (8449/10000)
Train epoch: 288 | Loss: *0.017* | Acc: *99.774%* (49887/50000) 
Test epoch: 288 | Loss: *0.483* | Acc: *87.710%* (8771/10000)
Train epoch: 289 | Loss: *0.017* | Acc: *99.742%* (49871/50000) 
Test epoch: 289 | Loss: *0.591* | Acc: *85.740%* (8574/10000)
Train epoch: 290 | Loss: *0.021* | Acc: *99.632%* (49816/50000) 
Test epoch: 290 | Loss: *0.477* | Acc: *87.320%* (8732/10000)
Train epoch: 291 | Loss: *0.016* | Acc: *99.780%* (49890/50000) 
Test epoch: 291 | Loss: *0.462* | Acc: *87.570%* (8757/10000)
Train epoch: 292 | Loss: *0.017* | Acc: *99.746%* (49873/50000) 
Test epoch: 292 | Loss: *0.522* | Acc: *86.630%* (8663/10000)
Train epoch: 293 | Loss: *0.018* | Acc: *99.696%* (49848/50000) 
Test epoch: 293 | Loss: *0.486* | Acc: *87.530%* (8753/10000)
Train epoch: 294 | Loss: *0.019* | Acc: *99.700%* (49850/50000) 
Test epoch: 294 | Loss: *0.476* | Acc: *87.480%* (8748/10000)
Train epoch: 295 | Loss: *0.021* | Acc: *99.610%* (49805/50000) 
Test epoch: 295 | Loss: *0.559* | Acc: *85.390%* (8539/10000)
Train epoch: 296 | Loss: *0.021* | Acc: *99.642%* (49821/50000) 
Test epoch: 296 | Loss: *0.507* | Acc: *87.040%* (8704/10000)
Train epoch: 297 | Loss: *0.019* | Acc: *99.690%* (49845/50000) 
Test epoch: 297 | Loss: *0.482* | Acc: *87.730%* (8773/10000)
Train epoch: 298 | Loss: *0.022* | Acc: *99.560%* (49780/50000) 
Test epoch: 298 | Loss: *0.502* | Acc: *87.270%* (8727/10000)
Train epoch: 299 | Loss: *0.025* | Acc: *99.540%* (49770/50000) 
Test epoch: 299 | Loss: *0.477* | Acc: *87.210%* (8721/10000)
Train epoch: 300 | Loss: *0.025* | Acc: *99.464%* (49732/50000) 
Test epoch: 300 | Loss: *0.468* | Acc: *87.680%* (8768/10000)
Train epoch: 301 | Loss: *0.020* | Acc: *99.680%* (49840/50000) 
Test epoch: 301 | Loss: *0.511* | Acc: *86.820%* (8682/10000)
Train epoch: 302 | Loss: *0.022* | Acc: *99.580%* (49790/50000) 
Test epoch: 302 | Loss: *0.482* | Acc: *87.200%* (8720/10000)
Train epoch: 303 | Loss: *0.026* | Acc: *99.484%* (49742/50000) 
Test epoch: 303 | Loss: *0.485* | Acc: *87.180%* (8718/10000)
Train epoch: 304 | Loss: *0.021* | Acc: *99.638%* (49819/50000) 
Test epoch: 304 | Loss: *0.479* | Acc: *87.630%* (8763/10000)
Train epoch: 305 | Loss: *0.026* | Acc: *99.444%* (49722/50000) 
Test epoch: 305 | Loss: *0.475* | Acc: *87.430%* (8743/10000)
Train epoch: 306 | Loss: *0.026* | Acc: *99.486%* (49743/50000) 
Test epoch: 306 | Loss: *0.501* | Acc: *87.030%* (8703/10000)
Train epoch: 307 | Loss: *0.025* | Acc: *99.486%* (49743/50000) 
Test epoch: 307 | Loss: *0.475* | Acc: *87.450%* (8745/10000)
Train epoch: 308 | Loss: *0.019* | Acc: *99.696%* (49848/50000) 
Test epoch: 308 | Loss: *0.481* | Acc: *87.780%* (8778/10000)
Train epoch: 309 | Loss: *0.025* | Acc: *99.436%* (49718/50000) 
Test epoch: 309 | Loss: *0.500* | Acc: *87.080%* (8708/10000)
Train epoch: 310 | Loss: *0.028* | Acc: *99.364%* (49682/50000) 
Test epoch: 310 | Loss: *0.505* | Acc: *87.310%* (8731/10000)
Train epoch: 311 | Loss: *0.025* | Acc: *99.458%* (49729/50000) 
Test epoch: 311 | Loss: *0.497* | Acc: *86.880%* (8688/10000)
Train epoch: 312 | Loss: *0.031* | Acc: *99.236%* (49618/50000) 
Test epoch: 312 | Loss: *0.505* | Acc: *87.090%* (8709/10000)
Train epoch: 313 | Loss: *0.022* | Acc: *99.618%* (49809/50000) 
Test epoch: 313 | Loss: *0.478* | Acc: *87.780%* (8778/10000)
Train epoch: 314 | Loss: *0.020* | Acc: *99.664%* (49832/50000) 
Test epoch: 314 | Loss: *0.490* | Acc: *87.340%* (8734/10000)
Train epoch: 315 | Loss: *0.025* | Acc: *99.442%* (49721/50000) 
Test epoch: 315 | Loss: *0.530* | Acc: *86.560%* (8656/10000)
Train epoch: 316 | Loss: *0.026* | Acc: *99.442%* (49721/50000) 
Test epoch: 316 | Loss: *0.573* | Acc: *86.040%* (8604/10000)
Train epoch: 317 | Loss: *0.026* | Acc: *99.432%* (49716/50000) 
Test epoch: 317 | Loss: *0.563* | Acc: *86.240%* (8624/10000)
Train epoch: 318 | Loss: *0.030* | Acc: *99.316%* (49658/50000) 
Test epoch: 318 | Loss: *0.513* | Acc: *86.920%* (8692/10000)
Train epoch: 319 | Loss: *0.032* | Acc: *99.230%* (49615/50000) 
Test epoch: 319 | Loss: *0.479* | Acc: *87.210%* (8721/10000)
Train epoch: 320 | Loss: *0.028* | Acc: *99.396%* (49698/50000) 
Test epoch: 320 | Loss: *0.566* | Acc: *85.880%* (8588/10000)
Train epoch: 321 | Loss: *0.026* | Acc: *99.458%* (49729/50000) 
Test epoch: 321 | Loss: *0.482* | Acc: *87.270%* (8727/10000)
Train epoch: 322 | Loss: *0.026* | Acc: *99.426%* (49713/50000) 
Test epoch: 322 | Loss: *0.715* | Acc: *83.000%* (8300/10000)
Train epoch: 323 | Loss: *0.029* | Acc: *99.310%* (49655/50000) 
Test epoch: 323 | Loss: *0.569* | Acc: *86.300%* (8630/10000)
Train epoch: 324 | Loss: *0.024* | Acc: *99.476%* (49738/50000) 
Test epoch: 324 | Loss: *0.545* | Acc: *86.650%* (8665/10000)
Train epoch: 325 | Loss: *0.021* | Acc: *99.572%* (49786/50000) 
Test epoch: 325 | Loss: *0.505* | Acc: *87.640%* (8764/10000)
Train epoch: 326 | Loss: *0.024* | Acc: *99.498%* (49749/50000) 
Test epoch: 326 | Loss: *0.630* | Acc: *85.070%* (8507/10000)
Train epoch: 327 | Loss: *0.023* | Acc: *99.512%* (49756/50000) 
Test epoch: 327 | Loss: *0.534* | Acc: *86.500%* (8650/10000)
Train epoch: 328 | Loss: *0.031* | Acc: *99.260%* (49630/50000) 
Test epoch: 328 | Loss: *0.501* | Acc: *86.890%* (8689/10000)
Train epoch: 329 | Loss: *0.027* | Acc: *99.380%* (49690/50000) 
Test epoch: 329 | Loss: *0.585* | Acc: *84.970%* (8497/10000)
Train epoch: 330 | Loss: *0.024* | Acc: *99.466%* (49733/50000) 
Test epoch: 330 | Loss: *0.609* | Acc: *85.140%* (8514/10000)
Train epoch: 331 | Loss: *0.026* | Acc: *99.402%* (49701/50000) 
Test epoch: 331 | Loss: *0.551* | Acc: *85.950%* (8595/10000)
Train epoch: 332 | Loss: *0.027* | Acc: *99.402%* (49701/50000) 
Test epoch: 332 | Loss: *0.583* | Acc: *85.220%* (8522/10000)
Train epoch: 333 | Loss: *0.024* | Acc: *99.478%* (49739/50000) 
Test epoch: 333 | Loss: *0.550* | Acc: *86.520%* (8652/10000)
Train epoch: 334 | Loss: *0.029* | Acc: *99.290%* (49645/50000) 
Test epoch: 334 | Loss: *0.488* | Acc: *87.550%* (8755/10000)
Train epoch: 335 | Loss: *0.032* | Acc: *99.212%* (49606/50000) 
Test epoch: 335 | Loss: *0.530* | Acc: *86.420%* (8642/10000)
Train epoch: 336 | Loss: *0.023* | Acc: *99.514%* (49757/50000) 
Test epoch: 336 | Loss: *0.488* | Acc: *87.330%* (8733/10000)
Train epoch: 337 | Loss: *0.028* | Acc: *99.324%* (49662/50000) 
Test epoch: 337 | Loss: *0.463* | Acc: *87.880%* (8788/10000)
Train epoch: 338 | Loss: *0.022* | Acc: *99.518%* (49759/50000) 
Test epoch: 338 | Loss: *0.553* | Acc: *86.410%* (8641/10000)
Train epoch: 339 | Loss: *0.024* | Acc: *99.454%* (49727/50000) 
Test epoch: 339 | Loss: *0.531* | Acc: *86.560%* (8656/10000)
Train epoch: 340 | Loss: *0.022* | Acc: *99.566%* (49783/50000) 
Test epoch: 340 | Loss: *0.607* | Acc: *85.980%* (8598/10000)
Train epoch: 341 | Loss: *0.022* | Acc: *99.504%* (49752/50000) 
Test epoch: 341 | Loss: *0.451* | Acc: *88.260%* (8826/10000)
Train epoch: 342 | Loss: *0.027* | Acc: *99.348%* (49674/50000) 
Test epoch: 342 | Loss: *0.547* | Acc: *86.210%* (8621/10000)
Train epoch: 343 | Loss: *0.028* | Acc: *99.330%* (49665/50000) 
Test epoch: 343 | Loss: *0.492* | Acc: *87.300%* (8730/10000)
Train epoch: 344 | Loss: *0.016* | Acc: *99.748%* (49874/50000) 
Test epoch: 344 | Loss: *0.489* | Acc: *87.320%* (8732/10000)
Train epoch: 345 | Loss: *0.022* | Acc: *99.526%* (49763/50000) 
Test epoch: 345 | Loss: *0.546* | Acc: *86.490%* (8649/10000)
Train epoch: 346 | Loss: *0.034* | Acc: *99.068%* (49534/50000) 
Test epoch: 346 | Loss: *0.545* | Acc: *86.000%* (8600/10000)
Train epoch: 347 | Loss: *0.032* | Acc: *99.208%* (49604/50000) 
Test epoch: 347 | Loss: *0.564* | Acc: *85.980%* (8598/10000)
Train epoch: 348 | Loss: *0.027* | Acc: *99.370%* (49685/50000) 
Test epoch: 348 | Loss: *0.504* | Acc: *87.290%* (8729/10000)
Train epoch: 349 | Loss: *0.021* | Acc: *99.570%* (49785/50000) 
Test epoch: 349 | Loss: *0.484* | Acc: *87.710%* (8771/10000)
Train epoch: 350 | Loss: *0.022* | Acc: *99.494%* (49747/50000) 
Test epoch: 350 | Loss: *0.516* | Acc: *86.810%* (8681/10000)
Train epoch: 351 | Loss: *0.024* | Acc: *99.428%* (49714/50000) 
Test epoch: 351 | Loss: *0.481* | Acc: *87.430%* (8743/10000)
Train epoch: 352 | Loss: *0.020* | Acc: *99.582%* (49791/50000) 
Test epoch: 352 | Loss: *0.495* | Acc: *87.470%* (8747/10000)
Train epoch: 353 | Loss: *0.014* | Acc: *99.762%* (49881/50000) 
Test epoch: 353 | Loss: *0.503* | Acc: *87.300%* (8730/10000)
Train epoch: 354 | Loss: *0.019* | Acc: *99.618%* (49809/50000) 
Test epoch: 354 | Loss: *0.490* | Acc: *87.770%* (8777/10000)
Train epoch: 355 | Loss: *0.017* | Acc: *99.668%* (49834/50000) 
Test epoch: 355 | Loss: *0.525* | Acc: *86.700%* (8670/10000)
Train epoch: 356 | Loss: *0.015* | Acc: *99.738%* (49869/50000) 
Test epoch: 356 | Loss: *0.499* | Acc: *87.870%* (8787/10000)
Train epoch: 357 | Loss: *0.017* | Acc: *99.660%* (49830/50000) 
Test epoch: 357 | Loss: *0.602* | Acc: *84.960%* (8496/10000)
Train epoch: 358 | Loss: *0.028* | Acc: *99.296%* (49648/50000) 
Test epoch: 358 | Loss: *0.544* | Acc: *86.420%* (8642/10000)
Train epoch: 359 | Loss: *0.028* | Acc: *99.356%* (49678/50000) 
Test epoch: 359 | Loss: *0.682* | Acc: *83.650%* (8365/10000)
Train epoch: 360 | Loss: *0.027* | Acc: *99.342%* (49671/50000) 
Test epoch: 360 | Loss: *0.501* | Acc: *87.110%* (8711/10000)
Train epoch: 361 | Loss: *0.020* | Acc: *99.586%* (49793/50000) 
Test epoch: 361 | Loss: *0.505* | Acc: *87.120%* (8712/10000)
Train epoch: 362 | Loss: *0.024* | Acc: *99.476%* (49738/50000) 
Test epoch: 362 | Loss: *0.521* | Acc: *87.170%* (8717/10000)
Train epoch: 363 | Loss: *0.023* | Acc: *99.478%* (49739/50000) 
Test epoch: 363 | Loss: *0.551* | Acc: *86.980%* (8698/10000)
Train epoch: 364 | Loss: *0.026* | Acc: *99.412%* (49706/50000) 
Test epoch: 364 | Loss: *0.607* | Acc: *85.410%* (8541/10000)
Train epoch: 365 | Loss: *0.019* | Acc: *99.612%* (49806/50000) 
Test epoch: 365 | Loss: *0.515* | Acc: *86.830%* (8683/10000)
Train epoch: 366 | Loss: *0.025* | Acc: *99.392%* (49696/50000) 
Test epoch: 366 | Loss: *0.532* | Acc: *86.850%* (8685/10000)
Train epoch: 367 | Loss: *0.025* | Acc: *99.382%* (49691/50000) 
Test epoch: 367 | Loss: *0.526* | Acc: *86.760%* (8676/10000)
Train epoch: 368 | Loss: *0.021* | Acc: *99.544%* (49772/50000) 
Test epoch: 368 | Loss: *0.540* | Acc: *86.870%* (8687/10000)
Train epoch: 369 | Loss: *0.017* | Acc: *99.678%* (49839/50000) 
Test epoch: 369 | Loss: *0.518* | Acc: *87.110%* (8711/10000)
Train epoch: 370 | Loss: *0.020* | Acc: *99.550%* (49775/50000) 
Test epoch: 370 | Loss: *0.546* | Acc: *86.680%* (8668/10000)
Train epoch: 371 | Loss: *0.023* | Acc: *99.508%* (49754/50000) 
Test epoch: 371 | Loss: *0.477* | Acc: *87.930%* (8793/10000)
Train epoch: 372 | Loss: *0.019* | Acc: *99.662%* (49831/50000) 
Test epoch: 372 | Loss: *0.524* | Acc: *87.710%* (8771/10000)
Train epoch: 373 | Loss: *0.020* | Acc: *99.546%* (49773/50000) 
Test epoch: 373 | Loss: *0.538* | Acc: *86.740%* (8674/10000)
Train epoch: 374 | Loss: *0.021* | Acc: *99.512%* (49756/50000) 
Test epoch: 374 | Loss: *0.549* | Acc: *86.590%* (8659/10000)
Train epoch: 375 | Loss: *0.020* | Acc: *99.564%* (49782/50000) 
Test epoch: 375 | Loss: *0.482* | Acc: *87.980%* (8798/10000)
Train epoch: 376 | Loss: *0.020* | Acc: *99.584%* (49792/50000) 
Test epoch: 376 | Loss: *0.498* | Acc: *87.650%* (8765/10000)
Train epoch: 377 | Loss: *0.016* | Acc: *99.696%* (49848/50000) 
Test epoch: 377 | Loss: *0.491* | Acc: *87.860%* (8786/10000)
Train epoch: 378 | Loss: *0.023* | Acc: *99.446%* (49723/50000) 
Test epoch: 378 | Loss: *0.487* | Acc: *87.850%* (8785/10000)
Train epoch: 379 | Loss: *0.022* | Acc: *99.520%* (49760/50000) 
Test epoch: 379 | Loss: *0.529* | Acc: *86.770%* (8677/10000)
Train epoch: 380 | Loss: *0.020* | Acc: *99.576%* (49788/50000) 
Test epoch: 380 | Loss: *0.487* | Acc: *87.360%* (8736/10000)
Train epoch: 381 | Loss: *0.021* | Acc: *99.532%* (49766/50000) 
Test epoch: 381 | Loss: *0.489* | Acc: *87.960%* (8796/10000)
Train epoch: 382 | Loss: *0.022* | Acc: *99.510%* (49755/50000) 
Test epoch: 382 | Loss: *0.587* | Acc: *85.520%* (8552/10000)
Train epoch: 383 | Loss: *0.021* | Acc: *99.584%* (49792/50000) 
Test epoch: 383 | Loss: *0.546* | Acc: *86.650%* (8665/10000)
Train epoch: 384 | Loss: *0.012* | Acc: *99.800%* (49900/50000) 
Test epoch: 384 | Loss: *0.540* | Acc: *87.090%* (8709/10000)
Train epoch: 385 | Loss: *0.023* | Acc: *99.426%* (49713/50000) 
Test epoch: 385 | Loss: *0.499* | Acc: *87.820%* (8782/10000)
Train epoch: 386 | Loss: *0.018* | Acc: *99.638%* (49819/50000) 
Test epoch: 386 | Loss: *0.489* | Acc: *88.210%* (8821/10000)
Train epoch: 387 | Loss: *0.016* | Acc: *99.682%* (49841/50000) 
Test epoch: 387 | Loss: *0.541* | Acc: *86.690%* (8669/10000)
Train epoch: 388 | Loss: *0.017* | Acc: *99.662%* (49831/50000) 
Test epoch: 388 | Loss: *0.908* | Acc: *83.550%* (8355/10000)
Train epoch: 389 | Loss: *0.022* | Acc: *99.476%* (49738/50000) 
Test epoch: 389 | Loss: *0.562* | Acc: *85.810%* (8581/10000)
Train epoch: 390 | Loss: *0.020* | Acc: *99.574%* (49787/50000) 
Test epoch: 390 | Loss: *0.485* | Acc: *88.030%* (8803/10000)
Train epoch: 391 | Loss: *0.016* | Acc: *99.674%* (49837/50000) 
Test epoch: 391 | Loss: *0.495* | Acc: *87.460%* (8746/10000)
Train epoch: 392 | Loss: *0.013* | Acc: *99.802%* (49901/50000) 
Test epoch: 392 | Loss: *0.512* | Acc: *87.270%* (8727/10000)
Train epoch: 393 | Loss: *0.015* | Acc: *99.706%* (49853/50000) 
Test epoch: 393 | Loss: *0.468* | Acc: *88.030%* (8803/10000)
Train epoch: 394 | Loss: *0.010* | Acc: *99.862%* (49931/50000) 
Test epoch: 394 | Loss: *0.627* | Acc: *85.880%* (8588/10000)
Train epoch: 395 | Loss: *0.009* | Acc: *99.868%* (49934/50000) 
Test epoch: 395 | Loss: *0.482* | Acc: *88.010%* (8801/10000)
Train epoch: 396 | Loss: *0.012* | Acc: *99.800%* (49900/50000) 
Test epoch: 396 | Loss: *0.480* | Acc: *88.060%* (8806/10000)
Train epoch: 397 | Loss: *0.008* | Acc: *99.914%* (49957/50000) 
Test epoch: 397 | Loss: *0.455* | Acc: *88.340%* (8834/10000)
Train epoch: 398 | Loss: *0.005* | Acc: *99.976%* (49988/50000) 
Test epoch: 398 | Loss: *0.452* | Acc: *88.810%* (8881/10000)
Train epoch: 399 | Loss: *0.004* | Acc: *99.992%* (49996/50000) 
Test epoch: 399 | Loss: *0.461* | Acc: *88.920%* (8892/10000)
Train epoch: 400 | Loss: *0.005* | Acc: *99.978%* (49989/50000) 
Test epoch: 400 | Loss: *0.456* | Acc: *88.700%* (8870/10000)
Train epoch: 401 | Loss: *0.004* | Acc: *99.992%* (49996/50000) 
Test epoch: 401 | Loss: *0.447* | Acc: *89.080%* (8908/10000)
Train epoch: 402 | Loss: *0.005* | Acc: *99.952%* (49976/50000) 
Test epoch: 402 | Loss: *0.458* | Acc: *88.610%* (8861/10000)
Train epoch: 403 | Loss: *0.004* | Acc: *99.988%* (49994/50000) 
Test epoch: 403 | Loss: *0.447* | Acc: *89.000%* (8900/10000)
Train epoch: 404 | Loss: *0.004* | Acc: *99.974%* (49987/50000) 
Test epoch: 404 | Loss: *0.483* | Acc: *88.460%* (8846/10000)
Train epoch: 405 | Loss: *0.003* | Acc: *99.990%* (49995/50000) 
Test epoch: 405 | Loss: *0.444* | Acc: *88.950%* (8895/10000)
Train epoch: 406 | Loss: *0.004* | Acc: *99.976%* (49988/50000) 
Test epoch: 406 | Loss: *0.430* | Acc: *89.140%* (8914/10000)
Train epoch: 407 | Loss: *0.003* | Acc: *99.996%* (49998/50000) 
Test epoch: 407 | Loss: *0.438* | Acc: *89.070%* (8907/10000)
Train epoch: 408 | Loss: *0.003* | Acc: *99.988%* (49994/50000) 
Test epoch: 408 | Loss: *0.442* | Acc: *89.100%* (8910/10000)
Train epoch: 409 | Loss: *0.003* | Acc: *99.998%* (49999/50000) 
Test epoch: 409 | Loss: *0.424* | Acc: *89.440%* (8944/10000)
Train epoch: 410 | Loss: *0.003* | Acc: *99.994%* (49997/50000) 
Test epoch: 410 | Loss: *0.450* | Acc: *88.870%* (8887/10000)
Train epoch: 411 | Loss: *0.003* | Acc: *99.996%* (49998/50000) 
Test epoch: 411 | Loss: *0.444* | Acc: *88.910%* (8891/10000)
Train epoch: 412 | Loss: *0.004* | Acc: *99.962%* (49981/50000) 
Test epoch: 412 | Loss: *0.446* | Acc: *88.610%* (8861/10000)
Train epoch: 413 | Loss: *0.014* | Acc: *99.752%* (49876/50000) 
Test epoch: 413 | Loss: *0.566* | Acc: *86.150%* (8615/10000)
Train epoch: 414 | Loss: *0.033* | Acc: *99.176%* (49588/50000) 
Test epoch: 414 | Loss: *0.628* | Acc: *84.110%* (8411/10000)
Train epoch: 415 | Loss: *0.028* | Acc: *99.394%* (49697/50000) 
Test epoch: 415 | Loss: *0.474* | Acc: *87.940%* (8794/10000)
Train epoch: 416 | Loss: *0.024* | Acc: *99.498%* (49749/50000) 
Test epoch: 416 | Loss: *0.541* | Acc: *86.270%* (8627/10000)
Train epoch: 417 | Loss: *0.022* | Acc: *99.552%* (49776/50000) 
Test epoch: 417 | Loss: *0.472* | Acc: *87.870%* (8787/10000)
Train epoch: 418 | Loss: *0.027* | Acc: *99.348%* (49674/50000) 
Test epoch: 418 | Loss: *0.484* | Acc: *87.650%* (8765/10000)
Train epoch: 419 | Loss: *0.026* | Acc: *99.418%* (49709/50000) 
Test epoch: 419 | Loss: *0.547* | Acc: *85.990%* (8599/10000)
Train epoch: 420 | Loss: *0.026* | Acc: *99.420%* (49710/50000) 
Test epoch: 420 | Loss: *0.618* | Acc: *85.840%* (8584/10000)
Train epoch: 421 | Loss: *0.025* | Acc: *99.452%* (49726/50000) 
Test epoch: 421 | Loss: *0.454* | Acc: *88.030%* (8803/10000)
Train epoch: 422 | Loss: *0.018* | Acc: *99.666%* (49833/50000) 
Test epoch: 422 | Loss: *0.579* | Acc: *86.240%* (8624/10000)
Train epoch: 423 | Loss: *0.017* | Acc: *99.666%* (49833/50000) 
Test epoch: 423 | Loss: *0.490* | Acc: *87.740%* (8774/10000)
Train epoch: 424 | Loss: *0.010* | Acc: *99.858%* (49929/50000) 
Test epoch: 424 | Loss: *0.470* | Acc: *88.150%* (8815/10000)
Train epoch: 425 | Loss: *0.019* | Acc: *99.578%* (49789/50000) 
Test epoch: 425 | Loss: *0.462* | Acc: *88.600%* (8860/10000)
Train epoch: 426 | Loss: *0.016* | Acc: *99.686%* (49843/50000) 
Test epoch: 426 | Loss: *0.465* | Acc: *88.120%* (8812/10000)
Train epoch: 427 | Loss: *0.014* | Acc: *99.754%* (49877/50000) 
Test epoch: 427 | Loss: *0.472* | Acc: *88.650%* (8865/10000)
Train epoch: 428 | Loss: *0.010* | Acc: *99.844%* (49922/50000) 
Test epoch: 428 | Loss: *0.471* | Acc: *88.550%* (8855/10000)
Train epoch: 429 | Loss: *0.009* | Acc: *99.880%* (49940/50000) 
Test epoch: 429 | Loss: *0.453* | Acc: *88.540%* (8854/10000)
Train epoch: 430 | Loss: *0.006* | Acc: *99.950%* (49975/50000) 
Test epoch: 430 | Loss: *0.454* | Acc: *88.550%* (8855/10000)
Train epoch: 431 | Loss: *0.004* | Acc: *99.988%* (49994/50000) 
Test epoch: 431 | Loss: *0.452* | Acc: *88.740%* (8874/10000)
Train epoch: 432 | Loss: *0.004* | Acc: *99.970%* (49985/50000) 
Test epoch: 432 | Loss: *0.438* | Acc: *89.030%* (8903/10000)
Train epoch: 433 | Loss: *0.003* | Acc: *99.994%* (49997/50000) 
Test epoch: 433 | Loss: *0.443* | Acc: *88.860%* (8886/10000)
Train epoch: 434 | Loss: *0.004* | Acc: *99.984%* (49992/50000) 
Test epoch: 434 | Loss: *0.441* | Acc: *88.950%* (8895/10000)
Train epoch: 435 | Loss: *0.003* | Acc: *99.994%* (49997/50000) 
Test epoch: 435 | Loss: *0.444* | Acc: *88.940%* (8894/10000)
Train epoch: 436 | Loss: *0.003* | Acc: *99.994%* (49997/50000) 
Test epoch: 436 | Loss: *0.449* | Acc: *88.810%* (8881/10000)
Train epoch: 437 | Loss: *0.003* | Acc: *99.996%* (49998/50000) 
Test epoch: 437 | Loss: *0.433* | Acc: *89.190%* (8919/10000)
Train epoch: 438 | Loss: *0.003* | Acc: *99.994%* (49997/50000) 
Test epoch: 438 | Loss: *0.424* | Acc: *89.120%* (8912/10000)
Train epoch: 439 | Loss: *0.003* | Acc: *99.990%* (49995/50000) 
Test epoch: 439 | Loss: *0.433* | Acc: *88.970%* (8897/10000)
Train epoch: 440 | Loss: *0.003* | Acc: *99.988%* (49994/50000) 
Test epoch: 440 | Loss: *0.432* | Acc: *89.120%* (8912/10000)
Train epoch: 441 | Loss: *0.003* | Acc: *99.998%* (49999/50000) 
Test epoch: 441 | Loss: *0.448* | Acc: *88.940%* (8894/10000)
Train epoch: 442 | Loss: *0.003* | Acc: *99.992%* (49996/50000) 
Test epoch: 442 | Loss: *0.423* | Acc: *89.260%* (8926/10000)
Train epoch: 443 | Loss: *0.002* | Acc: *99.998%* (49999/50000) 
Test epoch: 443 | Loss: *0.421* | Acc: *89.260%* (8926/10000)
Train epoch: 444 | Loss: *0.003* | Acc: *99.994%* (49997/50000) 
Test epoch: 444 | Loss: *0.416* | Acc: *89.260%* (8926/10000)
Train epoch: 445 | Loss: *0.002* | Acc: *99.998%* (49999/50000) 
Test epoch: 445 | Loss: *0.423* | Acc: *89.450%* (8945/10000)
Train epoch: 446 | Loss: *0.003* | Acc: *99.988%* (49994/50000) 
Test epoch: 446 | Loss: *0.420* | Acc: *89.570%* (8957/10000)
Train epoch: 447 | Loss: *0.002* | Acc: *100.000%* (50000/50000) 
Test epoch: 447 | Loss: *0.419* | Acc: *89.510%* (8951/10000)
Train epoch: 448 | Loss: *0.002* | Acc: *100.000%* (50000/50000) 
Test epoch: 448 | Loss: *0.414* | Acc: *89.540%* (8954/10000)
Train epoch: 449 | Loss: *0.002* | Acc: *100.000%* (50000/50000) 
Test epoch: 449 | Loss: *0.421* | Acc: *89.350%* (8935/10000)
Train epoch: 450 | Loss: *0.002* | Acc: *100.000%* (50000/50000) 
Test epoch: 450 | Loss: *0.416* | Acc: *89.200%* (8920/10000)
Train epoch: 451 | Loss: *0.002* | Acc: *100.000%* (50000/50000) 
Test epoch: 451 | Loss: *0.419* | Acc: *89.330%* (8933/10000)
Train epoch: 452 | Loss: *0.002* | Acc: *100.000%* (50000/50000) 
Test epoch: 452 | Loss: *0.418* | Acc: *88.980%* (8898/10000)
Train epoch: 453 | Loss: *0.002* | Acc: *100.000%* (50000/50000) 
Test epoch: 453 | Loss: *0.420* | Acc: *89.340%* (8934/10000)
Train epoch: 454 | Loss: *0.002* | Acc: *100.000%* (50000/50000) 
Test epoch: 454 | Loss: *0.414* | Acc: *89.380%* (8938/10000)
Train epoch: 455 | Loss: *0.003* | Acc: *99.998%* (49999/50000) 
Test epoch: 455 | Loss: *0.416* | Acc: *89.090%* (8909/10000)
Train epoch: 456 | Loss: *0.002* | Acc: *100.000%* (50000/50000) 
Test epoch: 456 | Loss: *0.413* | Acc: *89.270%* (8927/10000)
Train epoch: 457 | Loss: *0.002* | Acc: *100.000%* (50000/50000) 
Test epoch: 457 | Loss: *0.415* | Acc: *89.310%* (8931/10000)
Train epoch: 458 | Loss: *0.002* | Acc: *99.998%* (49999/50000) 
Test epoch: 458 | Loss: *0.417* | Acc: *89.210%* (8921/10000)
Train epoch: 459 | Loss: *0.002* | Acc: *100.000%* (50000/50000) 
Test epoch: 459 | Loss: *0.421* | Acc: *89.110%* (8911/10000)
Train epoch: 460 | Loss: *0.002* | Acc: *100.000%* (50000/50000) 
Test epoch: 460 | Loss: *0.410* | Acc: *89.370%* (8937/10000)
Train epoch: 461 | Loss: *0.002* | Acc: *99.998%* (49999/50000) 
Test epoch: 461 | Loss: *0.417* | Acc: *89.130%* (8913/10000)
Train epoch: 462 | Loss: *0.002* | Acc: *99.998%* (49999/50000) 
Test epoch: 462 | Loss: *0.407* | Acc: *89.430%* (8943/10000)
Train epoch: 463 | Loss: *0.002* | Acc: *100.000%* (50000/50000) 
Test epoch: 463 | Loss: *0.409* | Acc: *89.160%* (8916/10000)
Train epoch: 464 | Loss: *0.002* | Acc: *99.998%* (49999/50000) 
Test epoch: 464 | Loss: *0.407* | Acc: *89.340%* (8934/10000)
Train epoch: 465 | Loss: *0.002* | Acc: *100.000%* (50000/50000) 
Test epoch: 465 | Loss: *0.411* | Acc: *89.340%* (8934/10000)
Train epoch: 466 | Loss: *0.002* | Acc: *100.000%* (50000/50000) 
Test epoch: 466 | Loss: *0.409* | Acc: *89.420%* (8942/10000)
Train epoch: 467 | Loss: *0.002* | Acc: *100.000%* (50000/50000) 
Test epoch: 467 | Loss: *0.412* | Acc: *89.240%* (8924/10000)
Train epoch: 468 | Loss: *0.002* | Acc: *100.000%* (50000/50000) 
Test epoch: 468 | Loss: *0.408* | Acc: *89.130%* (8913/10000)
Train epoch: 469 | Loss: *0.002* | Acc: *100.000%* (50000/50000) 
Test epoch: 469 | Loss: *0.420* | Acc: *89.260%* (8926/10000)
Train epoch: 470 | Loss: *0.002* | Acc: *100.000%* (50000/50000) 
Test epoch: 470 | Loss: *0.405* | Acc: *89.270%* (8927/10000)
Train epoch: 471 | Loss: *0.003* | Acc: *100.000%* (50000/50000) 
Test epoch: 471 | Loss: *0.411* | Acc: *89.370%* (8937/10000)
Train epoch: 472 | Loss: *0.002* | Acc: *99.998%* (49999/50000) 
Test epoch: 472 | Loss: *0.405* | Acc: *89.220%* (8922/10000)
Train epoch: 473 | Loss: *0.003* | Acc: *100.000%* (50000/50000) 
Test epoch: 473 | Loss: *0.410* | Acc: *89.510%* (8951/10000)
Train epoch: 474 | Loss: *0.002* | Acc: *99.998%* (49999/50000) 
Test epoch: 474 | Loss: *0.405* | Acc: *89.240%* (8924/10000)
Train epoch: 475 | Loss: *0.003* | Acc: *99.998%* (49999/50000) 
Test epoch: 475 | Loss: *0.405* | Acc: *89.290%* (8929/10000)
Train epoch: 476 | Loss: *0.003* | Acc: *100.000%* (50000/50000) 
Test epoch: 476 | Loss: *0.411* | Acc: *89.290%* (8929/10000)
Train epoch: 477 | Loss: *0.003* | Acc: *100.000%* (50000/50000) 
Test epoch: 477 | Loss: *0.411* | Acc: *89.200%* (8920/10000)
Train epoch: 478 | Loss: *0.002* | Acc: *100.000%* (50000/50000) 
Test epoch: 478 | Loss: *0.408* | Acc: *89.170%* (8917/10000)
Train epoch: 479 | Loss: *0.003* | Acc: *100.000%* (50000/50000) 
Test epoch: 479 | Loss: *0.415* | Acc: *89.050%* (8905/10000)
Train epoch: 480 | Loss: *0.003* | Acc: *100.000%* (50000/50000) 
Test epoch: 480 | Loss: *0.412* | Acc: *89.280%* (8928/10000)
Train epoch: 481 | Loss: *0.003* | Acc: *100.000%* (50000/50000) 
Test epoch: 481 | Loss: *0.411* | Acc: *89.370%* (8937/10000)
Train epoch: 482 | Loss: *0.003* | Acc: *100.000%* (50000/50000) 
Test epoch: 482 | Loss: *0.411* | Acc: *89.220%* (8922/10000)
Train epoch: 483 | Loss: *0.005* | Acc: *99.946%* (49973/50000) 
Test epoch: 483 | Loss: *0.412* | Acc: *89.120%* (8912/10000)
Train epoch: 484 | Loss: *0.004* | Acc: *99.994%* (49997/50000) 
Test epoch: 484 | Loss: *0.411* | Acc: *89.230%* (8923/10000)
Train epoch: 485 | Loss: *0.003* | Acc: *99.996%* (49998/50000) 
Test epoch: 485 | Loss: *0.414* | Acc: *89.160%* (8916/10000)
Train epoch: 486 | Loss: *0.003* | Acc: *99.998%* (49999/50000) 
Test epoch: 486 | Loss: *0.416* | Acc: *89.070%* (8907/10000)
Train epoch: 487 | Loss: *0.003* | Acc: *99.998%* (49999/50000) 
Test epoch: 487 | Loss: *0.409* | Acc: *89.230%* (8923/10000)
Train epoch: 488 | Loss: *0.003* | Acc: *100.000%* (50000/50000) 
Test epoch: 488 | Loss: *0.407* | Acc: *89.300%* (8930/10000)
Train epoch: 489 | Loss: *0.003* | Acc: *100.000%* (50000/50000) 
Test epoch: 489 | Loss: *0.410* | Acc: *89.300%* (8930/10000)
Train epoch: 490 | Loss: *0.003* | Acc: *100.000%* (50000/50000) 
Test epoch: 490 | Loss: *0.403* | Acc: *89.440%* (8944/10000)
Train epoch: 491 | Loss: *0.003* | Acc: *100.000%* (50000/50000) 
Test epoch: 491 | Loss: *0.402* | Acc: *89.320%* (8932/10000)
Train epoch: 492 | Loss: *0.003* | Acc: *99.998%* (49999/50000) 
Test epoch: 492 | Loss: *0.412* | Acc: *89.170%* (8917/10000)
Train epoch: 493 | Loss: *0.003* | Acc: *100.000%* (50000/50000) 
Test epoch: 493 | Loss: *0.408* | Acc: *89.320%* (8932/10000)
Train epoch: 494 | Loss: *0.003* | Acc: *100.000%* (50000/50000) 
Test epoch: 494 | Loss: *0.406* | Acc: *89.190%* (8919/10000)
Train epoch: 495 | Loss: *0.003* | Acc: *100.000%* (50000/50000) 
Test epoch: 495 | Loss: *0.411* | Acc: *89.320%* (8932/10000)
Train epoch: 496 | Loss: *0.003* | Acc: *99.998%* (49999/50000) 
Test epoch: 496 | Loss: *0.405* | Acc: *89.310%* (8931/10000)
Train epoch: 497 | Loss: *0.003* | Acc: *100.000%* (50000/50000) 
Test epoch: 497 | Loss: *0.408* | Acc: *89.080%* (8908/10000)
Train epoch: 498 | Loss: *0.003* | Acc: *100.000%* (50000/50000) 
Test epoch: 498 | Loss: *0.409* | Acc: *89.040%* (8904/10000)
Train epoch: 499 | Loss: *0.003* | Acc: *100.000%* (50000/50000) 
Test epoch: 499 | Loss: *0.405* | Acc: *89.070%* (8907/10000)
Train epoch: 500 | Loss: *0.003* | Acc: *99.998%* (49999/50000) 
Test epoch: 500 | Loss: *0.403* | Acc: *89.140%* (8914/10000)
Best test accuracy: *89.570%*, loss: *0.4201150580495596*, at epoch: *446*.
==> Execution time summary of 500 epoch(s).
Train data loading time: sum. *232.38481788057834* secs | avg. *0.46476963576115665* secs per epoch.
Train training time: sum. *1129.729905561544* secs | avg. *2.259459811123088* secs per epoch.
Train total time: sum. *1362.1147234421223* secs | avg. *2.7242294468842445* secs per epoch.
Test data loading time: sum. *101.24116068240255* secs | avg. *0.2024823213648051* secs per epoch.
Test training time: sum. *90.46786663960665* secs | avg. *0.1809357332792133* secs per epoch.
Test total time: sum. *191.7090273220092* secs | avg. *0.3834180546440184* secs per epoch.
Total data loading time: sum. *333.6259785629809* secs | avg. *0.6672519571259617* secs per epoch.
Total training time: sum. *1220.1977722011507* secs | avg. *2.440395544402301* secs per epoch.
Total running time: sum. *1553.8237507641315* secs | avg. *3.107647501528263* secs per epoch.
==> Number of GPU device: 1
==> Device 0 Memory Usage
==> Allocated: 0.1 GB
==> Cached:    2.1 GB
==> Maximum: 2.1 GB
