Defaulting to user installation because normal site-packages is not writeable
Requirement already satisfied: Torch in ./.local/lib/python3.8/site-packages (1.10.2)
Requirement already satisfied: typing-extensions in ./.local/lib/python3.8/site-packages (from Torch) (4.1.1)
Defaulting to user installation because normal site-packages is not writeable
Requirement already satisfied: torchvision in ./.local/lib/python3.8/site-packages (0.11.3)
Requirement already satisfied: pillow!=8.3.0,>=5.3.0 in /share/apps/anaconda3/2020.07/lib/python3.8/site-packages (from torchvision) (7.2.0)
Requirement already satisfied: numpy in /share/apps/anaconda3/2020.07/lib/python3.8/site-packages (from torchvision) (1.18.5)
Requirement already satisfied: torch==1.10.2 in ./.local/lib/python3.8/site-packages (from torchvision) (1.10.2)
Requirement already satisfied: typing-extensions in ./.local/lib/python3.8/site-packages (from torch==1.10.2->torchvision) (4.1.1)
==> Running on : cuda
==> Number of CPU: 48
==> Number of workers: 2
==> #Epochs: 500, #Layers: 2, #Blocks: [3, 1], In channel: 128, Input layer conv kernel: 7x7, Residual layer conv kernel 5x5, Skip kernel: 1x1, Input layer conv padding: 3, Residual layer conv padding: 2
==> Optimizer is Adagrad
==> Learning rate: 0.01
==> Weight decay: 0.0005
==>Trainable Parameters: 4972682
==>Other Parameters: 0
==>Augmentation: None
Files already downloaded and verified
Train epoch: 1 | Loss: *1.606* | Acc: *39.994%* (19997/50000) 
Test epoch: 1 | Loss: *1.682* | Acc: *39.850%* (3985/10000)
Train epoch: 2 | Loss: *1.221* | Acc: *55.810%* (27905/50000) 
Test epoch: 2 | Loss: *1.307* | Acc: *53.750%* (5375/10000)
Train epoch: 3 | Loss: *1.028* | Acc: *63.130%* (31565/50000) 
Test epoch: 3 | Loss: *2.249* | Acc: *32.490%* (3249/10000)
Train epoch: 4 | Loss: *0.904* | Acc: *68.038%* (34019/50000) 
Test epoch: 4 | Loss: *1.536* | Acc: *50.220%* (5022/10000)
Train epoch: 5 | Loss: *0.810* | Acc: *71.208%* (35604/50000) 
Test epoch: 5 | Loss: *0.882* | Acc: *69.170%* (6917/10000)
Train epoch: 6 | Loss: *0.734* | Acc: *74.058%* (37029/50000) 
Test epoch: 6 | Loss: *1.275* | Acc: *56.320%* (5632/10000)
Train epoch: 7 | Loss: *0.667* | Acc: *76.690%* (38345/50000) 
Test epoch: 7 | Loss: *0.904* | Acc: *68.420%* (6842/10000)
Train epoch: 8 | Loss: *0.606* | Acc: *78.932%* (39466/50000) 
Test epoch: 8 | Loss: *1.079* | Acc: *64.790%* (6479/10000)
Train epoch: 9 | Loss: *0.555* | Acc: *80.802%* (40401/50000) 
Test epoch: 9 | Loss: *1.128* | Acc: *64.760%* (6476/10000)
Train epoch: 10 | Loss: *0.506* | Acc: *82.600%* (41300/50000) 
Test epoch: 10 | Loss: *0.967* | Acc: *68.200%* (6820/10000)
Train epoch: 11 | Loss: *0.467* | Acc: *83.838%* (41919/50000) 
Test epoch: 11 | Loss: *0.846* | Acc: *72.200%* (7220/10000)
Train epoch: 12 | Loss: *0.433* | Acc: *84.976%* (42488/50000) 
Test epoch: 12 | Loss: *1.045* | Acc: *66.790%* (6679/10000)
Train epoch: 13 | Loss: *0.398* | Acc: *86.346%* (43173/50000) 
Test epoch: 13 | Loss: *0.633* | Acc: *78.840%* (7884/10000)
Train epoch: 14 | Loss: *0.366* | Acc: *87.490%* (43745/50000) 
Test epoch: 14 | Loss: *0.672* | Acc: *77.440%* (7744/10000)
Train epoch: 15 | Loss: *0.336* | Acc: *88.706%* (44353/50000) 
Test epoch: 15 | Loss: *0.915* | Acc: *71.820%* (7182/10000)
Train epoch: 16 | Loss: *0.311* | Acc: *89.376%* (44688/50000) 
Test epoch: 16 | Loss: *0.839* | Acc: *73.420%* (7342/10000)
Train epoch: 17 | Loss: *0.281* | Acc: *90.564%* (45282/50000) 
Test epoch: 17 | Loss: *0.598* | Acc: *79.740%* (7974/10000)
Train epoch: 18 | Loss: *0.258* | Acc: *91.262%* (45631/50000) 
Test epoch: 18 | Loss: *0.625* | Acc: *79.370%* (7937/10000)
Train epoch: 19 | Loss: *0.233* | Acc: *92.230%* (46115/50000) 
Test epoch: 19 | Loss: *0.783* | Acc: *76.190%* (7619/10000)
Train epoch: 20 | Loss: *0.209* | Acc: *93.156%* (46578/50000) 
Test epoch: 20 | Loss: *0.660* | Acc: *78.520%* (7852/10000)
Train epoch: 21 | Loss: *0.188* | Acc: *93.934%* (46967/50000) 
Test epoch: 21 | Loss: *0.847* | Acc: *75.410%* (7541/10000)
Train epoch: 22 | Loss: *0.169* | Acc: *94.522%* (47261/50000) 
Test epoch: 22 | Loss: *0.889* | Acc: *73.260%* (7326/10000)
Train epoch: 23 | Loss: *0.147* | Acc: *95.380%* (47690/50000) 
Test epoch: 23 | Loss: *0.551* | Acc: *82.630%* (8263/10000)
Train epoch: 24 | Loss: *0.131* | Acc: *96.024%* (48012/50000) 
Test epoch: 24 | Loss: *0.698* | Acc: *78.950%* (7895/10000)
Train epoch: 25 | Loss: *0.113* | Acc: *96.618%* (48309/50000) 
Test epoch: 25 | Loss: *0.776* | Acc: *77.780%* (7778/10000)
Train epoch: 26 | Loss: *0.101* | Acc: *97.118%* (48559/50000) 
Test epoch: 26 | Loss: *0.747* | Acc: *78.610%* (7861/10000)
Train epoch: 27 | Loss: *0.083* | Acc: *97.844%* (48922/50000) 
Test epoch: 27 | Loss: *0.554* | Acc: *82.500%* (8250/10000)
Train epoch: 28 | Loss: *0.079* | Acc: *97.820%* (48910/50000) 
Test epoch: 28 | Loss: *0.828* | Acc: *76.830%* (7683/10000)
Train epoch: 29 | Loss: *0.074* | Acc: *98.064%* (49032/50000) 
Test epoch: 29 | Loss: *0.624* | Acc: *81.500%* (8150/10000)
Train epoch: 30 | Loss: *0.058* | Acc: *98.678%* (49339/50000) 
Test epoch: 30 | Loss: *0.609* | Acc: *82.940%* (8294/10000)
Train epoch: 31 | Loss: *0.050* | Acc: *98.838%* (49419/50000) 
Test epoch: 31 | Loss: *0.653* | Acc: *81.830%* (8183/10000)
Train epoch: 32 | Loss: *0.045* | Acc: *99.008%* (49504/50000) 
Test epoch: 32 | Loss: *0.621* | Acc: *81.850%* (8185/10000)
Train epoch: 33 | Loss: *0.041* | Acc: *99.158%* (49579/50000) 
Test epoch: 33 | Loss: *0.583* | Acc: *83.430%* (8343/10000)
Train epoch: 34 | Loss: *0.038* | Acc: *99.240%* (49620/50000) 
Test epoch: 34 | Loss: *0.754* | Acc: *80.020%* (8002/10000)
Train epoch: 35 | Loss: *0.030* | Acc: *99.498%* (49749/50000) 
Test epoch: 35 | Loss: *0.731* | Acc: *80.620%* (8062/10000)
Train epoch: 36 | Loss: *0.024* | Acc: *99.588%* (49794/50000) 
Test epoch: 36 | Loss: *0.766* | Acc: *80.160%* (8016/10000)
Train epoch: 37 | Loss: *0.025* | Acc: *99.604%* (49802/50000) 
Test epoch: 37 | Loss: *0.769* | Acc: *79.870%* (7987/10000)
Train epoch: 38 | Loss: *0.015* | Acc: *99.874%* (49937/50000) 
Test epoch: 38 | Loss: *0.665* | Acc: *82.550%* (8255/10000)
Train epoch: 39 | Loss: *0.022* | Acc: *99.566%* (49783/50000) 
Test epoch: 39 | Loss: *0.644* | Acc: *82.470%* (8247/10000)
Train epoch: 40 | Loss: *0.042* | Acc: *98.978%* (49489/50000) 
Test epoch: 40 | Loss: *0.625* | Acc: *82.480%* (8248/10000)
Train epoch: 41 | Loss: *0.026* | Acc: *99.570%* (49785/50000) 
Test epoch: 41 | Loss: *0.651* | Acc: *82.860%* (8286/10000)
Train epoch: 42 | Loss: *0.015* | Acc: *99.850%* (49925/50000) 
Test epoch: 42 | Loss: *0.535* | Acc: *84.770%* (8477/10000)
Train epoch: 43 | Loss: *0.017* | Acc: *99.766%* (49883/50000) 
Test epoch: 43 | Loss: *0.511* | Acc: *85.180%* (8518/10000)
Train epoch: 44 | Loss: *0.009* | Acc: *99.956%* (49978/50000) 
Test epoch: 44 | Loss: *0.513* | Acc: *85.420%* (8542/10000)
Train epoch: 45 | Loss: *0.007* | Acc: *99.962%* (49981/50000) 
Test epoch: 45 | Loss: *0.522* | Acc: *85.200%* (8520/10000)
Train epoch: 46 | Loss: *0.006* | Acc: *99.984%* (49992/50000) 
Test epoch: 46 | Loss: *0.498* | Acc: *85.530%* (8553/10000)
Train epoch: 47 | Loss: *0.004* | Acc: *100.000%* (50000/50000) 
Test epoch: 47 | Loss: *0.498* | Acc: *85.730%* (8573/10000)
Train epoch: 48 | Loss: *0.003* | Acc: *100.000%* (50000/50000) 
Test epoch: 48 | Loss: *0.498* | Acc: *85.890%* (8589/10000)
Train epoch: 49 | Loss: *0.003* | Acc: *100.000%* (50000/50000) 
Test epoch: 49 | Loss: *0.497* | Acc: *85.810%* (8581/10000)
Train epoch: 50 | Loss: *0.003* | Acc: *100.000%* (50000/50000) 
Test epoch: 50 | Loss: *0.493* | Acc: *85.690%* (8569/10000)
Train epoch: 51 | Loss: *0.003* | Acc: *100.000%* (50000/50000) 
Test epoch: 51 | Loss: *0.511* | Acc: *85.530%* (8553/10000)
Train epoch: 52 | Loss: *0.003* | Acc: *100.000%* (50000/50000) 
Test epoch: 52 | Loss: *0.499* | Acc: *85.710%* (8571/10000)
Train epoch: 53 | Loss: *0.030* | Acc: *99.174%* (49587/50000) 
Test epoch: 53 | Loss: *0.687* | Acc: *80.800%* (8080/10000)
Train epoch: 54 | Loss: *0.092* | Acc: *97.258%* (48629/50000) 
Test epoch: 54 | Loss: *0.582* | Acc: *82.410%* (8241/10000)
Train epoch: 55 | Loss: *0.044* | Acc: *99.060%* (49530/50000) 
Test epoch: 55 | Loss: *0.657* | Acc: *82.610%* (8261/10000)
Train epoch: 56 | Loss: *0.032* | Acc: *99.384%* (49692/50000) 
Test epoch: 56 | Loss: *0.616* | Acc: *83.520%* (8352/10000)
Train epoch: 57 | Loss: *0.015* | Acc: *99.868%* (49934/50000) 
Test epoch: 57 | Loss: *0.524* | Acc: *85.020%* (8502/10000)
Train epoch: 58 | Loss: *0.006* | Acc: *99.986%* (49993/50000) 
Test epoch: 58 | Loss: *0.494* | Acc: *85.840%* (8584/10000)
Train epoch: 59 | Loss: *0.004* | Acc: *99.992%* (49996/50000) 
Test epoch: 59 | Loss: *0.483* | Acc: *86.140%* (8614/10000)
Train epoch: 60 | Loss: *0.003* | Acc: *100.000%* (50000/50000) 
Test epoch: 60 | Loss: *0.484* | Acc: *86.080%* (8608/10000)
Train epoch: 61 | Loss: *0.003* | Acc: *100.000%* (50000/50000) 
Test epoch: 61 | Loss: *0.531* | Acc: *85.280%* (8528/10000)
Train epoch: 62 | Loss: *0.003* | Acc: *100.000%* (50000/50000) 
Test epoch: 62 | Loss: *0.491* | Acc: *86.000%* (8600/10000)
Train epoch: 63 | Loss: *0.003* | Acc: *100.000%* (50000/50000) 
Test epoch: 63 | Loss: *0.491* | Acc: *86.250%* (8625/10000)
Train epoch: 64 | Loss: *0.003* | Acc: *99.998%* (49999/50000) 
Test epoch: 64 | Loss: *0.490* | Acc: *85.760%* (8576/10000)
Train epoch: 65 | Loss: *0.003* | Acc: *99.996%* (49998/50000) 
Test epoch: 65 | Loss: *0.490* | Acc: *85.830%* (8583/10000)
Train epoch: 66 | Loss: *0.002* | Acc: *100.000%* (50000/50000) 
Test epoch: 66 | Loss: *0.495* | Acc: *85.900%* (8590/10000)
Train epoch: 67 | Loss: *0.002* | Acc: *100.000%* (50000/50000) 
Test epoch: 67 | Loss: *0.491* | Acc: *85.960%* (8596/10000)
Train epoch: 68 | Loss: *0.003* | Acc: *100.000%* (50000/50000) 
Test epoch: 68 | Loss: *0.492* | Acc: *85.800%* (8580/10000)
Train epoch: 69 | Loss: *0.044* | Acc: *98.764%* (49382/50000) 
Test epoch: 69 | Loss: *0.911* | Acc: *74.800%* (7480/10000)
Train epoch: 70 | Loss: *0.064* | Acc: *98.354%* (49177/50000) 
Test epoch: 70 | Loss: *0.663* | Acc: *81.550%* (8155/10000)
Train epoch: 71 | Loss: *0.032* | Acc: *99.406%* (49703/50000) 
Test epoch: 71 | Loss: *0.566* | Acc: *83.810%* (8381/10000)
Train epoch: 72 | Loss: *0.009* | Acc: *99.966%* (49983/50000) 
Test epoch: 72 | Loss: *0.490* | Acc: *85.670%* (8567/10000)
Train epoch: 73 | Loss: *0.005* | Acc: *100.000%* (50000/50000) 
Test epoch: 73 | Loss: *0.490* | Acc: *85.910%* (8591/10000)
Train epoch: 74 | Loss: *0.003* | Acc: *99.998%* (49999/50000) 
Test epoch: 74 | Loss: *0.503* | Acc: *85.670%* (8567/10000)
Train epoch: 75 | Loss: *0.003* | Acc: *100.000%* (50000/50000) 
Test epoch: 75 | Loss: *0.492* | Acc: *85.940%* (8594/10000)
Train epoch: 76 | Loss: *0.003* | Acc: *100.000%* (50000/50000) 
Test epoch: 76 | Loss: *0.500* | Acc: *85.460%* (8546/10000)
Train epoch: 77 | Loss: *0.002* | Acc: *100.000%* (50000/50000) 
Test epoch: 77 | Loss: *0.492* | Acc: *85.860%* (8586/10000)
Train epoch: 78 | Loss: *0.002* | Acc: *100.000%* (50000/50000) 
Test epoch: 78 | Loss: *0.500* | Acc: *85.850%* (8585/10000)
Train epoch: 79 | Loss: *0.002* | Acc: *100.000%* (50000/50000) 
Test epoch: 79 | Loss: *0.491* | Acc: *85.880%* (8588/10000)
Train epoch: 80 | Loss: *0.002* | Acc: *100.000%* (50000/50000) 
Test epoch: 80 | Loss: *0.499* | Acc: *85.680%* (8568/10000)
Train epoch: 81 | Loss: *0.002* | Acc: *100.000%* (50000/50000) 
Test epoch: 81 | Loss: *0.486* | Acc: *85.780%* (8578/10000)
Train epoch: 82 | Loss: *0.002* | Acc: *99.998%* (49999/50000) 
Test epoch: 82 | Loss: *0.489* | Acc: *85.540%* (8554/10000)
Train epoch: 83 | Loss: *0.009* | Acc: *99.908%* (49954/50000) 
Test epoch: 83 | Loss: *0.476* | Acc: *86.020%* (8602/10000)
Train epoch: 84 | Loss: *0.003* | Acc: *100.000%* (50000/50000) 
Test epoch: 84 | Loss: *0.485* | Acc: *85.990%* (8599/10000)
Train epoch: 85 | Loss: *0.002* | Acc: *100.000%* (50000/50000) 
Test epoch: 85 | Loss: *0.481* | Acc: *85.900%* (8590/10000)
Train epoch: 86 | Loss: *0.002* | Acc: *100.000%* (50000/50000) 
Test epoch: 86 | Loss: *0.483* | Acc: *85.860%* (8586/10000)
Train epoch: 87 | Loss: *0.002* | Acc: *100.000%* (50000/50000) 
Test epoch: 87 | Loss: *0.489* | Acc: *85.800%* (8580/10000)
Train epoch: 88 | Loss: *0.002* | Acc: *100.000%* (50000/50000) 
Test epoch: 88 | Loss: *0.485* | Acc: *85.830%* (8583/10000)
Train epoch: 89 | Loss: *0.014* | Acc: *99.708%* (49854/50000) 
Test epoch: 89 | Loss: *0.544* | Acc: *83.800%* (8380/10000)
Train epoch: 90 | Loss: *0.010* | Acc: *99.926%* (49963/50000) 
Test epoch: 90 | Loss: *0.611* | Acc: *82.370%* (8237/10000)
Train epoch: 91 | Loss: *0.042* | Acc: *99.116%* (49558/50000) 
Test epoch: 91 | Loss: *0.652* | Acc: *81.750%* (8175/10000)
Train epoch: 92 | Loss: *0.021* | Acc: *99.730%* (49865/50000) 
Test epoch: 92 | Loss: *0.528* | Acc: *84.920%* (8492/10000)
Train epoch: 93 | Loss: *0.005* | Acc: *99.998%* (49999/50000) 
Test epoch: 93 | Loss: *0.477* | Acc: *85.930%* (8593/10000)
Train epoch: 94 | Loss: *0.003* | Acc: *100.000%* (50000/50000) 
Test epoch: 94 | Loss: *0.481* | Acc: *86.040%* (8604/10000)
Train epoch: 95 | Loss: *0.003* | Acc: *100.000%* (50000/50000) 
Test epoch: 95 | Loss: *0.484* | Acc: *86.050%* (8605/10000)
Train epoch: 96 | Loss: *0.002* | Acc: *100.000%* (50000/50000) 
Test epoch: 96 | Loss: *0.482* | Acc: *86.010%* (8601/10000)
Train epoch: 97 | Loss: *0.002* | Acc: *100.000%* (50000/50000) 
Test epoch: 97 | Loss: *0.483* | Acc: *85.830%* (8583/10000)
Train epoch: 98 | Loss: *0.002* | Acc: *100.000%* (50000/50000) 
Test epoch: 98 | Loss: *0.482* | Acc: *85.810%* (8581/10000)
Train epoch: 99 | Loss: *0.002* | Acc: *99.998%* (49999/50000) 
Test epoch: 99 | Loss: *0.479* | Acc: *85.890%* (8589/10000)
Train epoch: 100 | Loss: *0.002* | Acc: *100.000%* (50000/50000) 
Test epoch: 100 | Loss: *0.479* | Acc: *85.710%* (8571/10000)
Train epoch: 101 | Loss: *0.002* | Acc: *100.000%* (50000/50000) 
Test epoch: 101 | Loss: *0.483* | Acc: *85.770%* (8577/10000)
Train epoch: 102 | Loss: *0.002* | Acc: *100.000%* (50000/50000) 
Test epoch: 102 | Loss: *0.482* | Acc: *85.800%* (8580/10000)
Train epoch: 103 | Loss: *0.002* | Acc: *100.000%* (50000/50000) 
Test epoch: 103 | Loss: *0.479* | Acc: *85.840%* (8584/10000)
Train epoch: 104 | Loss: *0.002* | Acc: *100.000%* (50000/50000) 
Test epoch: 104 | Loss: *0.483* | Acc: *85.900%* (8590/10000)
Train epoch: 105 | Loss: *0.002* | Acc: *100.000%* (50000/50000) 
Test epoch: 105 | Loss: *0.484* | Acc: *86.040%* (8604/10000)
Train epoch: 106 | Loss: *0.002* | Acc: *100.000%* (50000/50000) 
Test epoch: 106 | Loss: *0.484* | Acc: *85.850%* (8585/10000)
Train epoch: 107 | Loss: *0.002* | Acc: *100.000%* (50000/50000) 
Test epoch: 107 | Loss: *0.481* | Acc: *85.910%* (8591/10000)
Train epoch: 108 | Loss: *0.002* | Acc: *100.000%* (50000/50000) 
Test epoch: 108 | Loss: *0.485* | Acc: *85.880%* (8588/10000)
Train epoch: 109 | Loss: *0.002* | Acc: *100.000%* (50000/50000) 
Test epoch: 109 | Loss: *0.491* | Acc: *85.670%* (8567/10000)
Train epoch: 110 | Loss: *0.002* | Acc: *100.000%* (50000/50000) 
Test epoch: 110 | Loss: *0.479* | Acc: *85.840%* (8584/10000)
Train epoch: 111 | Loss: *0.002* | Acc: *100.000%* (50000/50000) 
Test epoch: 111 | Loss: *0.478* | Acc: *85.740%* (8574/10000)
Train epoch: 112 | Loss: *0.002* | Acc: *100.000%* (50000/50000) 
Test epoch: 112 | Loss: *0.488* | Acc: *85.800%* (8580/10000)
Train epoch: 113 | Loss: *0.002* | Acc: *100.000%* (50000/50000) 
Test epoch: 113 | Loss: *0.486* | Acc: *85.810%* (8581/10000)
Train epoch: 114 | Loss: *0.002* | Acc: *100.000%* (50000/50000) 
Test epoch: 114 | Loss: *0.489* | Acc: *85.950%* (8595/10000)
Train epoch: 115 | Loss: *0.002* | Acc: *100.000%* (50000/50000) 
Test epoch: 115 | Loss: *0.485* | Acc: *85.870%* (8587/10000)
Train epoch: 116 | Loss: *0.002* | Acc: *100.000%* (50000/50000) 
Test epoch: 116 | Loss: *0.485* | Acc: *85.760%* (8576/10000)
Train epoch: 117 | Loss: *0.002* | Acc: *100.000%* (50000/50000) 
Test epoch: 117 | Loss: *0.489* | Acc: *85.910%* (8591/10000)
Train epoch: 118 | Loss: *0.002* | Acc: *100.000%* (50000/50000) 
Test epoch: 118 | Loss: *0.490* | Acc: *85.750%* (8575/10000)
Train epoch: 119 | Loss: *0.002* | Acc: *100.000%* (50000/50000) 
Test epoch: 119 | Loss: *0.491* | Acc: *86.000%* (8600/10000)
Train epoch: 120 | Loss: *0.002* | Acc: *100.000%* (50000/50000) 
Test epoch: 120 | Loss: *0.497* | Acc: *85.840%* (8584/10000)
Train epoch: 121 | Loss: *0.002* | Acc: *100.000%* (50000/50000) 
Test epoch: 121 | Loss: *0.484* | Acc: *86.030%* (8603/10000)
Train epoch: 122 | Loss: *0.002* | Acc: *100.000%* (50000/50000) 
Test epoch: 122 | Loss: *0.475* | Acc: *85.940%* (8594/10000)
Train epoch: 123 | Loss: *0.002* | Acc: *100.000%* (50000/50000) 
Test epoch: 123 | Loss: *0.482* | Acc: *85.760%* (8576/10000)
Train epoch: 124 | Loss: *0.002* | Acc: *100.000%* (50000/50000) 
Test epoch: 124 | Loss: *0.488* | Acc: *85.850%* (8585/10000)
Train epoch: 125 | Loss: *0.002* | Acc: *100.000%* (50000/50000) 
Test epoch: 125 | Loss: *0.507* | Acc: *85.400%* (8540/10000)
Train epoch: 126 | Loss: *0.005* | Acc: *99.954%* (49977/50000) 
Test epoch: 126 | Loss: *0.485* | Acc: *85.580%* (8558/10000)
Train epoch: 127 | Loss: *0.002* | Acc: *100.000%* (50000/50000) 
Test epoch: 127 | Loss: *0.483* | Acc: *85.740%* (8574/10000)
Train epoch: 128 | Loss: *0.002* | Acc: *100.000%* (50000/50000) 
Test epoch: 128 | Loss: *0.493* | Acc: *85.560%* (8556/10000)
Train epoch: 129 | Loss: *0.002* | Acc: *100.000%* (50000/50000) 
Test epoch: 129 | Loss: *0.487* | Acc: *85.730%* (8573/10000)
Train epoch: 130 | Loss: *0.002* | Acc: *100.000%* (50000/50000) 
Test epoch: 130 | Loss: *0.484* | Acc: *85.720%* (8572/10000)
Train epoch: 131 | Loss: *0.002* | Acc: *100.000%* (50000/50000) 
Test epoch: 131 | Loss: *0.482* | Acc: *85.570%* (8557/10000)
Train epoch: 132 | Loss: *0.002* | Acc: *100.000%* (50000/50000) 
Test epoch: 132 | Loss: *0.485* | Acc: *85.720%* (8572/10000)
Train epoch: 133 | Loss: *0.002* | Acc: *100.000%* (50000/50000) 
Test epoch: 133 | Loss: *0.494* | Acc: *85.450%* (8545/10000)
Train epoch: 134 | Loss: *0.002* | Acc: *100.000%* (50000/50000) 
Test epoch: 134 | Loss: *0.492* | Acc: *85.660%* (8566/10000)
Train epoch: 135 | Loss: *0.002* | Acc: *100.000%* (50000/50000) 
Test epoch: 135 | Loss: *0.481* | Acc: *85.740%* (8574/10000)
Train epoch: 136 | Loss: *0.002* | Acc: *100.000%* (50000/50000) 
Test epoch: 136 | Loss: *0.482* | Acc: *85.760%* (8576/10000)
Train epoch: 137 | Loss: *0.002* | Acc: *100.000%* (50000/50000) 
Test epoch: 137 | Loss: *0.482* | Acc: *85.840%* (8584/10000)
Train epoch: 138 | Loss: *0.002* | Acc: *100.000%* (50000/50000) 
Test epoch: 138 | Loss: *0.488* | Acc: *85.800%* (8580/10000)
Train epoch: 139 | Loss: *0.002* | Acc: *100.000%* (50000/50000) 
Test epoch: 139 | Loss: *0.487* | Acc: *85.690%* (8569/10000)
Train epoch: 140 | Loss: *0.002* | Acc: *100.000%* (50000/50000) 
Test epoch: 140 | Loss: *0.477* | Acc: *85.570%* (8557/10000)
Train epoch: 141 | Loss: *0.002* | Acc: *100.000%* (50000/50000) 
Test epoch: 141 | Loss: *0.487* | Acc: *85.820%* (8582/10000)
Train epoch: 142 | Loss: *0.002* | Acc: *100.000%* (50000/50000) 
Test epoch: 142 | Loss: *0.485* | Acc: *85.710%* (8571/10000)
Train epoch: 143 | Loss: *0.002* | Acc: *100.000%* (50000/50000) 
Test epoch: 143 | Loss: *0.518* | Acc: *85.490%* (8549/10000)
Train epoch: 144 | Loss: *0.002* | Acc: *100.000%* (50000/50000) 
Test epoch: 144 | Loss: *0.488* | Acc: *85.760%* (8576/10000)
Train epoch: 145 | Loss: *0.002* | Acc: *100.000%* (50000/50000) 
Test epoch: 145 | Loss: *0.484* | Acc: *85.660%* (8566/10000)
Train epoch: 146 | Loss: *0.002* | Acc: *100.000%* (50000/50000) 
Test epoch: 146 | Loss: *0.493* | Acc: *85.810%* (8581/10000)
Train epoch: 147 | Loss: *0.002* | Acc: *100.000%* (50000/50000) 
Test epoch: 147 | Loss: *0.488* | Acc: *85.780%* (8578/10000)
Train epoch: 148 | Loss: *0.002* | Acc: *100.000%* (50000/50000) 
Test epoch: 148 | Loss: *0.485* | Acc: *85.920%* (8592/10000)
Train epoch: 149 | Loss: *0.002* | Acc: *100.000%* (50000/50000) 
Test epoch: 149 | Loss: *0.485* | Acc: *85.790%* (8579/10000)
Train epoch: 150 | Loss: *0.002* | Acc: *100.000%* (50000/50000) 
Test epoch: 150 | Loss: *0.489* | Acc: *85.820%* (8582/10000)
Train epoch: 151 | Loss: *0.002* | Acc: *100.000%* (50000/50000) 
Test epoch: 151 | Loss: *0.484* | Acc: *85.680%* (8568/10000)
Train epoch: 152 | Loss: *0.002* | Acc: *100.000%* (50000/50000) 
Test epoch: 152 | Loss: *0.487* | Acc: *85.740%* (8574/10000)
Train epoch: 153 | Loss: *0.002* | Acc: *100.000%* (50000/50000) 
Test epoch: 153 | Loss: *0.489* | Acc: *85.730%* (8573/10000)
Train epoch: 154 | Loss: *0.002* | Acc: *100.000%* (50000/50000) 
Test epoch: 154 | Loss: *0.483* | Acc: *85.740%* (8574/10000)
Train epoch: 155 | Loss: *0.002* | Acc: *100.000%* (50000/50000) 
Test epoch: 155 | Loss: *0.493* | Acc: *85.690%* (8569/10000)
Train epoch: 156 | Loss: *0.002* | Acc: *100.000%* (50000/50000) 
Test epoch: 156 | Loss: *0.484* | Acc: *85.610%* (8561/10000)
Train epoch: 157 | Loss: *0.002* | Acc: *100.000%* (50000/50000) 
Test epoch: 157 | Loss: *0.482* | Acc: *85.610%* (8561/10000)
Train epoch: 158 | Loss: *0.002* | Acc: *100.000%* (50000/50000) 
Test epoch: 158 | Loss: *0.489* | Acc: *85.880%* (8588/10000)
Train epoch: 159 | Loss: *0.002* | Acc: *100.000%* (50000/50000) 
Test epoch: 159 | Loss: *0.491* | Acc: *85.720%* (8572/10000)
Train epoch: 160 | Loss: *0.001* | Acc: *100.000%* (50000/50000) 
Test epoch: 160 | Loss: *0.483* | Acc: *85.720%* (8572/10000)
Train epoch: 161 | Loss: *0.002* | Acc: *100.000%* (50000/50000) 
Test epoch: 161 | Loss: *0.488* | Acc: *85.650%* (8565/10000)
Train epoch: 162 | Loss: *0.001* | Acc: *100.000%* (50000/50000) 
Test epoch: 162 | Loss: *0.490* | Acc: *85.680%* (8568/10000)
Train epoch: 163 | Loss: *0.002* | Acc: *100.000%* (50000/50000) 
Test epoch: 163 | Loss: *0.484* | Acc: *85.690%* (8569/10000)
Train epoch: 164 | Loss: *0.001* | Acc: *100.000%* (50000/50000) 
Test epoch: 164 | Loss: *0.484* | Acc: *85.630%* (8563/10000)
Train epoch: 165 | Loss: *0.002* | Acc: *100.000%* (50000/50000) 
Test epoch: 165 | Loss: *0.488* | Acc: *85.750%* (8575/10000)
Train epoch: 166 | Loss: *0.001* | Acc: *100.000%* (50000/50000) 
Test epoch: 166 | Loss: *0.487* | Acc: *85.660%* (8566/10000)
Train epoch: 167 | Loss: *0.001* | Acc: *100.000%* (50000/50000) 
Test epoch: 167 | Loss: *0.482* | Acc: *85.600%* (8560/10000)
Train epoch: 168 | Loss: *0.002* | Acc: *100.000%* (50000/50000) 
Test epoch: 168 | Loss: *0.486* | Acc: *85.640%* (8564/10000)
Train epoch: 169 | Loss: *0.002* | Acc: *100.000%* (50000/50000) 
Test epoch: 169 | Loss: *0.492* | Acc: *85.680%* (8568/10000)
Train epoch: 170 | Loss: *0.001* | Acc: *100.000%* (50000/50000) 
Test epoch: 170 | Loss: *0.490* | Acc: *85.760%* (8576/10000)
Train epoch: 171 | Loss: *0.001* | Acc: *100.000%* (50000/50000) 
Test epoch: 171 | Loss: *0.487* | Acc: *85.650%* (8565/10000)
Train epoch: 172 | Loss: *0.002* | Acc: *100.000%* (50000/50000) 
Test epoch: 172 | Loss: *0.485* | Acc: *85.520%* (8552/10000)
Train epoch: 173 | Loss: *0.002* | Acc: *100.000%* (50000/50000) 
Test epoch: 173 | Loss: *0.488* | Acc: *85.650%* (8565/10000)
Train epoch: 174 | Loss: *0.002* | Acc: *100.000%* (50000/50000) 
Test epoch: 174 | Loss: *0.486* | Acc: *85.880%* (8588/10000)
Train epoch: 175 | Loss: *0.001* | Acc: *100.000%* (50000/50000) 
Test epoch: 175 | Loss: *0.487* | Acc: *85.630%* (8563/10000)
Train epoch: 176 | Loss: *0.001* | Acc: *100.000%* (50000/50000) 
Test epoch: 176 | Loss: *0.484* | Acc: *85.660%* (8566/10000)
Train epoch: 177 | Loss: *0.001* | Acc: *100.000%* (50000/50000) 
Test epoch: 177 | Loss: *0.485* | Acc: *85.660%* (8566/10000)
Train epoch: 178 | Loss: *0.001* | Acc: *100.000%* (50000/50000) 
Test epoch: 178 | Loss: *0.483* | Acc: *85.500%* (8550/10000)
Train epoch: 179 | Loss: *0.001* | Acc: *100.000%* (50000/50000) 
Test epoch: 179 | Loss: *0.485* | Acc: *85.650%* (8565/10000)
Train epoch: 180 | Loss: *0.001* | Acc: *100.000%* (50000/50000) 
Test epoch: 180 | Loss: *0.486* | Acc: *85.550%* (8555/10000)
Train epoch: 181 | Loss: *0.001* | Acc: *100.000%* (50000/50000) 
Test epoch: 181 | Loss: *0.485* | Acc: *85.620%* (8562/10000)
Train epoch: 182 | Loss: *0.001* | Acc: *100.000%* (50000/50000) 
Test epoch: 182 | Loss: *0.485* | Acc: *85.640%* (8564/10000)
Train epoch: 183 | Loss: *0.001* | Acc: *100.000%* (50000/50000) 
Test epoch: 183 | Loss: *0.485* | Acc: *85.610%* (8561/10000)
Train epoch: 184 | Loss: *0.001* | Acc: *100.000%* (50000/50000) 
Test epoch: 184 | Loss: *0.486* | Acc: *85.740%* (8574/10000)
Train epoch: 185 | Loss: *0.001* | Acc: *100.000%* (50000/50000) 
Test epoch: 185 | Loss: *0.488* | Acc: *85.660%* (8566/10000)
Train epoch: 186 | Loss: *0.001* | Acc: *100.000%* (50000/50000) 
Test epoch: 186 | Loss: *0.486* | Acc: *85.630%* (8563/10000)
Train epoch: 187 | Loss: *0.001* | Acc: *100.000%* (50000/50000) 
Test epoch: 187 | Loss: *0.486* | Acc: *85.690%* (8569/10000)
Train epoch: 188 | Loss: *0.001* | Acc: *100.000%* (50000/50000) 
Test epoch: 188 | Loss: *0.486* | Acc: *85.690%* (8569/10000)
Train epoch: 189 | Loss: *0.001* | Acc: *100.000%* (50000/50000) 
Test epoch: 189 | Loss: *0.485* | Acc: *85.680%* (8568/10000)
Train epoch: 190 | Loss: *0.001* | Acc: *100.000%* (50000/50000) 
Test epoch: 190 | Loss: *0.487* | Acc: *85.530%* (8553/10000)
Train epoch: 191 | Loss: *0.001* | Acc: *100.000%* (50000/50000) 
Test epoch: 191 | Loss: *0.486* | Acc: *85.680%* (8568/10000)
Train epoch: 192 | Loss: *0.001* | Acc: *100.000%* (50000/50000) 
Test epoch: 192 | Loss: *0.487* | Acc: *85.590%* (8559/10000)
Train epoch: 193 | Loss: *0.001* | Acc: *100.000%* (50000/50000) 
Test epoch: 193 | Loss: *0.485* | Acc: *85.650%* (8565/10000)
Train epoch: 194 | Loss: *0.001* | Acc: *100.000%* (50000/50000) 
Test epoch: 194 | Loss: *0.488* | Acc: *85.530%* (8553/10000)
Train epoch: 195 | Loss: *0.001* | Acc: *100.000%* (50000/50000) 
Test epoch: 195 | Loss: *0.486* | Acc: *85.670%* (8567/10000)
Train epoch: 196 | Loss: *0.001* | Acc: *100.000%* (50000/50000) 
Test epoch: 196 | Loss: *0.487* | Acc: *85.660%* (8566/10000)
Train epoch: 197 | Loss: *0.001* | Acc: *100.000%* (50000/50000) 
Test epoch: 197 | Loss: *0.486* | Acc: *85.690%* (8569/10000)
Train epoch: 198 | Loss: *0.001* | Acc: *100.000%* (50000/50000) 
Test epoch: 198 | Loss: *0.486* | Acc: *85.590%* (8559/10000)
Train epoch: 199 | Loss: *0.001* | Acc: *100.000%* (50000/50000) 
Test epoch: 199 | Loss: *0.486* | Acc: *85.710%* (8571/10000)
Train epoch: 200 | Loss: *0.001* | Acc: *100.000%* (50000/50000) 
Test epoch: 200 | Loss: *0.486* | Acc: *85.710%* (8571/10000)
Train epoch: 201 | Loss: *0.001* | Acc: *100.000%* (50000/50000) 
Test epoch: 201 | Loss: *0.486* | Acc: *85.630%* (8563/10000)
Train epoch: 202 | Loss: *0.001* | Acc: *100.000%* (50000/50000) 
Test epoch: 202 | Loss: *0.488* | Acc: *85.710%* (8571/10000)
Train epoch: 203 | Loss: *0.001* | Acc: *100.000%* (50000/50000) 
Test epoch: 203 | Loss: *0.488* | Acc: *85.640%* (8564/10000)
Train epoch: 204 | Loss: *0.001* | Acc: *100.000%* (50000/50000) 
Test epoch: 204 | Loss: *0.486* | Acc: *85.810%* (8581/10000)
Train epoch: 205 | Loss: *0.001* | Acc: *100.000%* (50000/50000) 
Test epoch: 205 | Loss: *0.485* | Acc: *85.670%* (8567/10000)
Train epoch: 206 | Loss: *0.001* | Acc: *100.000%* (50000/50000) 
Test epoch: 206 | Loss: *0.486* | Acc: *85.640%* (8564/10000)
Train epoch: 207 | Loss: *0.001* | Acc: *100.000%* (50000/50000) 
Test epoch: 207 | Loss: *0.488* | Acc: *85.690%* (8569/10000)
Train epoch: 208 | Loss: *0.001* | Acc: *100.000%* (50000/50000) 
Test epoch: 208 | Loss: *0.486* | Acc: *85.740%* (8574/10000)
Train epoch: 209 | Loss: *0.001* | Acc: *100.000%* (50000/50000) 
Test epoch: 209 | Loss: *0.485* | Acc: *85.660%* (8566/10000)
Train epoch: 210 | Loss: *0.001* | Acc: *100.000%* (50000/50000) 
Test epoch: 210 | Loss: *0.486* | Acc: *85.650%* (8565/10000)
Train epoch: 211 | Loss: *0.001* | Acc: *100.000%* (50000/50000) 
Test epoch: 211 | Loss: *0.484* | Acc: *85.670%* (8567/10000)
Train epoch: 212 | Loss: *0.001* | Acc: *100.000%* (50000/50000) 
Test epoch: 212 | Loss: *0.486* | Acc: *85.650%* (8565/10000)
Train epoch: 213 | Loss: *0.001* | Acc: *100.000%* (50000/50000) 
Test epoch: 213 | Loss: *0.484* | Acc: *85.620%* (8562/10000)
Train epoch: 214 | Loss: *0.001* | Acc: *100.000%* (50000/50000) 
Test epoch: 214 | Loss: *0.487* | Acc: *85.700%* (8570/10000)
Train epoch: 215 | Loss: *0.001* | Acc: *100.000%* (50000/50000) 
Test epoch: 215 | Loss: *0.485* | Acc: *85.640%* (8564/10000)
Train epoch: 216 | Loss: *0.001* | Acc: *100.000%* (50000/50000) 
Test epoch: 216 | Loss: *0.486* | Acc: *85.620%* (8562/10000)
Train epoch: 217 | Loss: *0.001* | Acc: *100.000%* (50000/50000) 
Test epoch: 217 | Loss: *0.487* | Acc: *85.670%* (8567/10000)
Train epoch: 218 | Loss: *0.001* | Acc: *100.000%* (50000/50000) 
Test epoch: 218 | Loss: *0.485* | Acc: *85.600%* (8560/10000)
Train epoch: 219 | Loss: *0.001* | Acc: *100.000%* (50000/50000) 
Test epoch: 219 | Loss: *0.486* | Acc: *85.730%* (8573/10000)
Train epoch: 220 | Loss: *0.001* | Acc: *100.000%* (50000/50000) 
Test epoch: 220 | Loss: *0.485* | Acc: *85.640%* (8564/10000)
Train epoch: 221 | Loss: *0.001* | Acc: *100.000%* (50000/50000) 
Test epoch: 221 | Loss: *0.484* | Acc: *85.690%* (8569/10000)
Train epoch: 222 | Loss: *0.001* | Acc: *100.000%* (50000/50000) 
Test epoch: 222 | Loss: *0.485* | Acc: *85.720%* (8572/10000)
Train epoch: 223 | Loss: *0.001* | Acc: *100.000%* (50000/50000) 
Test epoch: 223 | Loss: *0.487* | Acc: *85.710%* (8571/10000)
Train epoch: 224 | Loss: *0.001* | Acc: *100.000%* (50000/50000) 
Test epoch: 224 | Loss: *0.485* | Acc: *85.570%* (8557/10000)
Train epoch: 225 | Loss: *0.001* | Acc: *100.000%* (50000/50000) 
Test epoch: 225 | Loss: *0.485* | Acc: *85.600%* (8560/10000)
Train epoch: 226 | Loss: *0.001* | Acc: *100.000%* (50000/50000) 
Test epoch: 226 | Loss: *0.489* | Acc: *85.620%* (8562/10000)
Train epoch: 227 | Loss: *0.001* | Acc: *100.000%* (50000/50000) 
Test epoch: 227 | Loss: *0.487* | Acc: *85.700%* (8570/10000)
Train epoch: 228 | Loss: *0.001* | Acc: *100.000%* (50000/50000) 
Test epoch: 228 | Loss: *0.485* | Acc: *85.620%* (8562/10000)
Train epoch: 229 | Loss: *0.001* | Acc: *100.000%* (50000/50000) 
Test epoch: 229 | Loss: *0.482* | Acc: *85.760%* (8576/10000)
Train epoch: 230 | Loss: *0.001* | Acc: *100.000%* (50000/50000) 
Test epoch: 230 | Loss: *0.485* | Acc: *85.690%* (8569/10000)
Train epoch: 231 | Loss: *0.001* | Acc: *100.000%* (50000/50000) 
Test epoch: 231 | Loss: *0.486* | Acc: *85.670%* (8567/10000)
Train epoch: 232 | Loss: *0.001* | Acc: *100.000%* (50000/50000) 
Test epoch: 232 | Loss: *0.486* | Acc: *85.650%* (8565/10000)
Train epoch: 233 | Loss: *0.001* | Acc: *100.000%* (50000/50000) 
Test epoch: 233 | Loss: *0.487* | Acc: *85.640%* (8564/10000)
Train epoch: 234 | Loss: *0.002* | Acc: *100.000%* (50000/50000) 
Test epoch: 234 | Loss: *0.488* | Acc: *85.540%* (8554/10000)
Train epoch: 235 | Loss: *0.002* | Acc: *100.000%* (50000/50000) 
Test epoch: 235 | Loss: *0.494* | Acc: *85.730%* (8573/10000)
Train epoch: 236 | Loss: *0.001* | Acc: *100.000%* (50000/50000) 
Test epoch: 236 | Loss: *0.487* | Acc: *85.650%* (8565/10000)
Train epoch: 237 | Loss: *0.002* | Acc: *100.000%* (50000/50000) 
Test epoch: 237 | Loss: *0.491* | Acc: *85.660%* (8566/10000)
Train epoch: 238 | Loss: *0.002* | Acc: *100.000%* (50000/50000) 
Test epoch: 238 | Loss: *0.492* | Acc: *85.570%* (8557/10000)
Train epoch: 239 | Loss: *0.002* | Acc: *100.000%* (50000/50000) 
Test epoch: 239 | Loss: *0.491* | Acc: *85.700%* (8570/10000)
Train epoch: 240 | Loss: *0.002* | Acc: *100.000%* (50000/50000) 
Test epoch: 240 | Loss: *0.488* | Acc: *85.510%* (8551/10000)
Train epoch: 241 | Loss: *0.002* | Acc: *100.000%* (50000/50000) 
Test epoch: 241 | Loss: *0.482* | Acc: *85.550%* (8555/10000)
Train epoch: 242 | Loss: *0.002* | Acc: *100.000%* (50000/50000) 
Test epoch: 242 | Loss: *0.486* | Acc: *85.750%* (8575/10000)
Train epoch: 243 | Loss: *0.002* | Acc: *100.000%* (50000/50000) 
Test epoch: 243 | Loss: *0.484* | Acc: *85.570%* (8557/10000)
Train epoch: 244 | Loss: *0.002* | Acc: *100.000%* (50000/50000) 
Test epoch: 244 | Loss: *0.485* | Acc: *85.530%* (8553/10000)
Train epoch: 245 | Loss: *0.002* | Acc: *100.000%* (50000/50000) 
Test epoch: 245 | Loss: *0.480* | Acc: *85.710%* (8571/10000)
Train epoch: 246 | Loss: *0.002* | Acc: *100.000%* (50000/50000) 
Test epoch: 246 | Loss: *0.493* | Acc: *85.680%* (8568/10000)
Train epoch: 247 | Loss: *0.002* | Acc: *100.000%* (50000/50000) 
Test epoch: 247 | Loss: *0.488* | Acc: *85.540%* (8554/10000)
Train epoch: 248 | Loss: *0.002* | Acc: *100.000%* (50000/50000) 
Test epoch: 248 | Loss: *0.489* | Acc: *85.500%* (8550/10000)
Train epoch: 249 | Loss: *0.002* | Acc: *100.000%* (50000/50000) 
Test epoch: 249 | Loss: *0.477* | Acc: *85.530%* (8553/10000)
Train epoch: 250 | Loss: *0.002* | Acc: *99.998%* (49999/50000) 
Test epoch: 250 | Loss: *0.487* | Acc: *85.660%* (8566/10000)
Train epoch: 251 | Loss: *0.002* | Acc: *100.000%* (50000/50000) 
Test epoch: 251 | Loss: *0.483* | Acc: *85.590%* (8559/10000)
Train epoch: 252 | Loss: *0.002* | Acc: *100.000%* (50000/50000) 
Test epoch: 252 | Loss: *0.502* | Acc: *85.670%* (8567/10000)
Train epoch: 253 | Loss: *0.002* | Acc: *100.000%* (50000/50000) 
Test epoch: 253 | Loss: *0.486* | Acc: *85.580%* (8558/10000)
Train epoch: 254 | Loss: *0.002* | Acc: *100.000%* (50000/50000) 
Test epoch: 254 | Loss: *0.495* | Acc: *85.520%* (8552/10000)
Train epoch: 255 | Loss: *0.005* | Acc: *99.950%* (49975/50000) 
Test epoch: 255 | Loss: *0.471* | Acc: *85.360%* (8536/10000)
Train epoch: 256 | Loss: *0.003* | Acc: *100.000%* (50000/50000) 
Test epoch: 256 | Loss: *0.484* | Acc: *85.430%* (8543/10000)
Train epoch: 257 | Loss: *0.002* | Acc: *100.000%* (50000/50000) 
Test epoch: 257 | Loss: *0.478* | Acc: *85.720%* (8572/10000)
Train epoch: 258 | Loss: *0.002* | Acc: *100.000%* (50000/50000) 
Test epoch: 258 | Loss: *0.486* | Acc: *85.710%* (8571/10000)
Train epoch: 259 | Loss: *0.002* | Acc: *100.000%* (50000/50000) 
Test epoch: 259 | Loss: *0.487* | Acc: *85.600%* (8560/10000)
Train epoch: 260 | Loss: *0.002* | Acc: *100.000%* (50000/50000) 
Test epoch: 260 | Loss: *0.481* | Acc: *85.770%* (8577/10000)
Train epoch: 261 | Loss: *0.002* | Acc: *100.000%* (50000/50000) 
Test epoch: 261 | Loss: *0.488* | Acc: *85.770%* (8577/10000)
Train epoch: 262 | Loss: *0.002* | Acc: *100.000%* (50000/50000) 
Test epoch: 262 | Loss: *0.481* | Acc: *85.650%* (8565/10000)
Train epoch: 263 | Loss: *0.002* | Acc: *100.000%* (50000/50000) 
Test epoch: 263 | Loss: *0.483* | Acc: *85.770%* (8577/10000)
Train epoch: 264 | Loss: *0.002* | Acc: *100.000%* (50000/50000) 
Test epoch: 264 | Loss: *0.491* | Acc: *85.870%* (8587/10000)
Train epoch: 265 | Loss: *0.002* | Acc: *100.000%* (50000/50000) 
Test epoch: 265 | Loss: *0.481* | Acc: *85.560%* (8556/10000)
Train epoch: 266 | Loss: *0.007* | Acc: *99.936%* (49968/50000) 
Test epoch: 266 | Loss: *0.472* | Acc: *85.670%* (8567/10000)
Train epoch: 267 | Loss: *0.003* | Acc: *100.000%* (50000/50000) 
Test epoch: 267 | Loss: *0.477* | Acc: *85.600%* (8560/10000)
Train epoch: 268 | Loss: *0.002* | Acc: *100.000%* (50000/50000) 
Test epoch: 268 | Loss: *0.481* | Acc: *85.550%* (8555/10000)
Train epoch: 269 | Loss: *0.002* | Acc: *100.000%* (50000/50000) 
Test epoch: 269 | Loss: *0.487* | Acc: *85.520%* (8552/10000)
Train epoch: 270 | Loss: *0.002* | Acc: *100.000%* (50000/50000) 
Test epoch: 270 | Loss: *0.487* | Acc: *85.580%* (8558/10000)
Train epoch: 271 | Loss: *0.002* | Acc: *100.000%* (50000/50000) 
Test epoch: 271 | Loss: *0.477* | Acc: *85.530%* (8553/10000)
Train epoch: 272 | Loss: *0.002* | Acc: *100.000%* (50000/50000) 
Test epoch: 272 | Loss: *0.481* | Acc: *85.610%* (8561/10000)
Train epoch: 273 | Loss: *0.002* | Acc: *100.000%* (50000/50000) 
Test epoch: 273 | Loss: *0.483* | Acc: *85.350%* (8535/10000)
Train epoch: 274 | Loss: *0.002* | Acc: *100.000%* (50000/50000) 
Test epoch: 274 | Loss: *0.489* | Acc: *85.390%* (8539/10000)
Train epoch: 275 | Loss: *0.002* | Acc: *100.000%* (50000/50000) 
Test epoch: 275 | Loss: *0.492* | Acc: *85.630%* (8563/10000)
Train epoch: 276 | Loss: *0.013* | Acc: *99.770%* (49885/50000) 
Test epoch: 276 | Loss: *0.519* | Acc: *83.640%* (8364/10000)
Train epoch: 277 | Loss: *0.066* | Acc: *98.626%* (49313/50000) 
Test epoch: 277 | Loss: *0.693* | Acc: *80.000%* (8000/10000)
Train epoch: 278 | Loss: *0.028* | Acc: *99.628%* (49814/50000) 
Test epoch: 278 | Loss: *0.494* | Acc: *84.620%* (8462/10000)
Train epoch: 279 | Loss: *0.008* | Acc: *99.986%* (49993/50000) 
Test epoch: 279 | Loss: *0.471* | Acc: *85.760%* (8576/10000)
Train epoch: 280 | Loss: *0.004* | Acc: *100.000%* (50000/50000) 
Test epoch: 280 | Loss: *0.473* | Acc: *85.820%* (8582/10000)
Train epoch: 281 | Loss: *0.003* | Acc: *100.000%* (50000/50000) 
Test epoch: 281 | Loss: *0.470* | Acc: *85.650%* (8565/10000)
Train epoch: 282 | Loss: *0.003* | Acc: *100.000%* (50000/50000) 
Test epoch: 282 | Loss: *0.468* | Acc: *85.620%* (8562/10000)
Train epoch: 283 | Loss: *0.019* | Acc: *99.680%* (49840/50000) 
Test epoch: 283 | Loss: *0.581* | Acc: *82.800%* (8280/10000)
Train epoch: 284 | Loss: *0.041* | Acc: *99.228%* (49614/50000) 
Test epoch: 284 | Loss: *0.579* | Acc: *82.770%* (8277/10000)
Train epoch: 285 | Loss: *0.027* | Acc: *99.628%* (49814/50000) 
Test epoch: 285 | Loss: *0.583* | Acc: *83.380%* (8338/10000)
Train epoch: 286 | Loss: *0.016* | Acc: *99.814%* (49907/50000) 
Test epoch: 286 | Loss: *0.748* | Acc: *80.640%* (8064/10000)
Train epoch: 287 | Loss: *0.008* | Acc: *99.962%* (49981/50000) 
Test epoch: 287 | Loss: *0.472* | Acc: *85.970%* (8597/10000)
Train epoch: 288 | Loss: *0.004* | Acc: *100.000%* (50000/50000) 
Test epoch: 288 | Loss: *0.474* | Acc: *85.900%* (8590/10000)
Train epoch: 289 | Loss: *0.003* | Acc: *100.000%* (50000/50000) 
Test epoch: 289 | Loss: *0.473* | Acc: *86.010%* (8601/10000)
Train epoch: 290 | Loss: *0.003* | Acc: *100.000%* (50000/50000) 
Test epoch: 290 | Loss: *0.473* | Acc: *86.130%* (8613/10000)
Train epoch: 291 | Loss: *0.002* | Acc: *100.000%* (50000/50000) 
Test epoch: 291 | Loss: *0.469* | Acc: *86.000%* (8600/10000)
Train epoch: 292 | Loss: *0.002* | Acc: *100.000%* (50000/50000) 
Test epoch: 292 | Loss: *0.474* | Acc: *86.110%* (8611/10000)
Train epoch: 293 | Loss: *0.008* | Acc: *99.912%* (49956/50000) 
Test epoch: 293 | Loss: *0.506* | Acc: *84.840%* (8484/10000)
Train epoch: 294 | Loss: *0.088* | Acc: *97.676%* (48838/50000) 
Test epoch: 294 | Loss: *0.952* | Acc: *74.800%* (7480/10000)
Train epoch: 295 | Loss: *0.038* | Acc: *99.262%* (49631/50000) 
Test epoch: 295 | Loss: *0.551* | Acc: *83.040%* (8304/10000)
Train epoch: 296 | Loss: *0.027* | Acc: *99.574%* (49787/50000) 
Test epoch: 296 | Loss: *0.493* | Acc: *84.720%* (8472/10000)
Train epoch: 297 | Loss: *0.011* | Acc: *99.918%* (49959/50000) 
Test epoch: 297 | Loss: *0.491* | Acc: *85.420%* (8542/10000)
Train epoch: 298 | Loss: *0.006* | Acc: *99.990%* (49995/50000) 
Test epoch: 298 | Loss: *0.487* | Acc: *85.420%* (8542/10000)
Train epoch: 299 | Loss: *0.003* | Acc: *100.000%* (50000/50000) 
Test epoch: 299 | Loss: *0.468* | Acc: *85.980%* (8598/10000)
Train epoch: 300 | Loss: *0.003* | Acc: *100.000%* (50000/50000) 
Test epoch: 300 | Loss: *0.468* | Acc: *85.930%* (8593/10000)
Train epoch: 301 | Loss: *0.002* | Acc: *100.000%* (50000/50000) 
Test epoch: 301 | Loss: *0.463* | Acc: *85.950%* (8595/10000)
Train epoch: 302 | Loss: *0.002* | Acc: *100.000%* (50000/50000) 
Test epoch: 302 | Loss: *0.468* | Acc: *85.920%* (8592/10000)
Train epoch: 303 | Loss: *0.002* | Acc: *100.000%* (50000/50000) 
Test epoch: 303 | Loss: *0.467* | Acc: *85.880%* (8588/10000)
Train epoch: 304 | Loss: *0.002* | Acc: *100.000%* (50000/50000) 
Test epoch: 304 | Loss: *0.469* | Acc: *86.120%* (8612/10000)
Train epoch: 305 | Loss: *0.002* | Acc: *100.000%* (50000/50000) 
Test epoch: 305 | Loss: *0.468* | Acc: *86.030%* (8603/10000)
Train epoch: 306 | Loss: *0.002* | Acc: *100.000%* (50000/50000) 
Test epoch: 306 | Loss: *0.479* | Acc: *85.640%* (8564/10000)
Train epoch: 307 | Loss: *0.002* | Acc: *100.000%* (50000/50000) 
Test epoch: 307 | Loss: *0.469* | Acc: *86.160%* (8616/10000)
Train epoch: 308 | Loss: *0.002* | Acc: *100.000%* (50000/50000) 
Test epoch: 308 | Loss: *0.470* | Acc: *85.980%* (8598/10000)
Train epoch: 309 | Loss: *0.002* | Acc: *100.000%* (50000/50000) 
Test epoch: 309 | Loss: *0.465* | Acc: *85.920%* (8592/10000)
Train epoch: 310 | Loss: *0.002* | Acc: *100.000%* (50000/50000) 
Test epoch: 310 | Loss: *0.469* | Acc: *86.050%* (8605/10000)
Train epoch: 311 | Loss: *0.058* | Acc: *98.310%* (49155/50000) 
Test epoch: 311 | Loss: *0.887* | Acc: *76.350%* (7635/10000)
Train epoch: 312 | Loss: *0.113* | Acc: *96.766%* (48383/50000) 
Test epoch: 312 | Loss: *0.685* | Acc: *80.350%* (8035/10000)
Train epoch: 313 | Loss: *0.064* | Acc: *98.474%* (49237/50000) 
Test epoch: 313 | Loss: *0.602* | Acc: *81.780%* (8178/10000)
Train epoch: 314 | Loss: *0.044* | Acc: *99.062%* (49531/50000) 
Test epoch: 314 | Loss: *0.579* | Acc: *83.050%* (8305/10000)
Train epoch: 315 | Loss: *0.015* | Acc: *99.864%* (49932/50000) 
Test epoch: 315 | Loss: *0.466* | Acc: *86.060%* (8606/10000)
Train epoch: 316 | Loss: *0.005* | Acc: *100.000%* (50000/50000) 
Test epoch: 316 | Loss: *0.458* | Acc: *86.190%* (8619/10000)
Train epoch: 317 | Loss: *0.003* | Acc: *100.000%* (50000/50000) 
Test epoch: 317 | Loss: *0.459* | Acc: *86.260%* (8626/10000)
Train epoch: 318 | Loss: *0.003* | Acc: *100.000%* (50000/50000) 
Test epoch: 318 | Loss: *0.460* | Acc: *86.040%* (8604/10000)
Train epoch: 319 | Loss: *0.002* | Acc: *100.000%* (50000/50000) 
Test epoch: 319 | Loss: *0.466* | Acc: *86.230%* (8623/10000)
Train epoch: 320 | Loss: *0.002* | Acc: *100.000%* (50000/50000) 
Test epoch: 320 | Loss: *0.461* | Acc: *86.290%* (8629/10000)
Train epoch: 321 | Loss: *0.002* | Acc: *100.000%* (50000/50000) 
Test epoch: 321 | Loss: *0.461* | Acc: *86.440%* (8644/10000)
Train epoch: 322 | Loss: *0.002* | Acc: *100.000%* (50000/50000) 
Test epoch: 322 | Loss: *0.463* | Acc: *86.320%* (8632/10000)
Train epoch: 323 | Loss: *0.002* | Acc: *100.000%* (50000/50000) 
Test epoch: 323 | Loss: *0.462* | Acc: *86.260%* (8626/10000)
Train epoch: 324 | Loss: *0.002* | Acc: *100.000%* (50000/50000) 
Test epoch: 324 | Loss: *0.461* | Acc: *86.280%* (8628/10000)
Train epoch: 325 | Loss: *0.002* | Acc: *100.000%* (50000/50000) 
Test epoch: 325 | Loss: *0.468* | Acc: *86.360%* (8636/10000)
Train epoch: 326 | Loss: *0.002* | Acc: *100.000%* (50000/50000) 
Test epoch: 326 | Loss: *0.469* | Acc: *86.280%* (8628/10000)
Train epoch: 327 | Loss: *0.002* | Acc: *100.000%* (50000/50000) 
Test epoch: 327 | Loss: *0.466* | Acc: *86.190%* (8619/10000)
Train epoch: 328 | Loss: *0.002* | Acc: *100.000%* (50000/50000) 
Test epoch: 328 | Loss: *0.472* | Acc: *85.920%* (8592/10000)
Train epoch: 329 | Loss: *0.002* | Acc: *100.000%* (50000/50000) 
Test epoch: 329 | Loss: *0.470* | Acc: *86.300%* (8630/10000)
Train epoch: 330 | Loss: *0.002* | Acc: *100.000%* (50000/50000) 
Test epoch: 330 | Loss: *0.475* | Acc: *86.200%* (8620/10000)
Train epoch: 331 | Loss: *0.002* | Acc: *100.000%* (50000/50000) 
Test epoch: 331 | Loss: *0.464* | Acc: *86.200%* (8620/10000)
Train epoch: 332 | Loss: *0.002* | Acc: *100.000%* (50000/50000) 
Test epoch: 332 | Loss: *0.459* | Acc: *86.290%* (8629/10000)
Train epoch: 333 | Loss: *0.002* | Acc: *100.000%* (50000/50000) 
Test epoch: 333 | Loss: *0.467* | Acc: *86.270%* (8627/10000)
Train epoch: 334 | Loss: *0.002* | Acc: *100.000%* (50000/50000) 
Test epoch: 334 | Loss: *0.466* | Acc: *86.060%* (8606/10000)
Train epoch: 335 | Loss: *0.002* | Acc: *100.000%* (50000/50000) 
Test epoch: 335 | Loss: *0.465* | Acc: *86.240%* (8624/10000)
Train epoch: 336 | Loss: *0.002* | Acc: *100.000%* (50000/50000) 
Test epoch: 336 | Loss: *0.460* | Acc: *86.170%* (8617/10000)
Train epoch: 337 | Loss: *0.002* | Acc: *100.000%* (50000/50000) 
Test epoch: 337 | Loss: *0.461* | Acc: *86.370%* (8637/10000)
Train epoch: 338 | Loss: *0.002* | Acc: *100.000%* (50000/50000) 
Test epoch: 338 | Loss: *0.455* | Acc: *86.190%* (8619/10000)
Train epoch: 339 | Loss: *0.170* | Acc: *94.732%* (47366/50000) 
Test epoch: 339 | Loss: *0.899* | Acc: *73.780%* (7378/10000)
Train epoch: 340 | Loss: *0.124* | Acc: *96.422%* (48211/50000) 
Test epoch: 340 | Loss: *0.696* | Acc: *78.710%* (7871/10000)
Train epoch: 341 | Loss: *0.075* | Acc: *98.088%* (49044/50000) 
Test epoch: 341 | Loss: *0.658* | Acc: *80.870%* (8087/10000)
Train epoch: 342 | Loss: *0.054* | Acc: *98.810%* (49405/50000) 
Test epoch: 342 | Loss: *0.680* | Acc: *80.160%* (8016/10000)
Train epoch: 343 | Loss: *0.030* | Acc: *99.470%* (49735/50000) 
Test epoch: 343 | Loss: *0.488* | Acc: *85.410%* (8541/10000)
Train epoch: 344 | Loss: *0.018* | Acc: *99.744%* (49872/50000) 
Test epoch: 344 | Loss: *0.598* | Acc: *83.050%* (8305/10000)
Train epoch: 345 | Loss: *0.014* | Acc: *99.832%* (49916/50000) 
Test epoch: 345 | Loss: *0.477* | Acc: *86.180%* (8618/10000)
Train epoch: 346 | Loss: *0.005* | Acc: *99.986%* (49993/50000) 
Test epoch: 346 | Loss: *0.463* | Acc: *86.700%* (8670/10000)
Train epoch: 347 | Loss: *0.003* | Acc: *100.000%* (50000/50000) 
Test epoch: 347 | Loss: *0.460* | Acc: *86.680%* (8668/10000)
Train epoch: 348 | Loss: *0.002* | Acc: *100.000%* (50000/50000) 
Test epoch: 348 | Loss: *0.458* | Acc: *86.690%* (8669/10000)
Train epoch: 349 | Loss: *0.002* | Acc: *100.000%* (50000/50000) 
Test epoch: 349 | Loss: *0.456* | Acc: *86.620%* (8662/10000)
Train epoch: 350 | Loss: *0.002* | Acc: *100.000%* (50000/50000) 
Test epoch: 350 | Loss: *0.456* | Acc: *86.760%* (8676/10000)
Train epoch: 351 | Loss: *0.002* | Acc: *100.000%* (50000/50000) 
Test epoch: 351 | Loss: *0.455* | Acc: *86.650%* (8665/10000)
Train epoch: 352 | Loss: *0.002* | Acc: *100.000%* (50000/50000) 
Test epoch: 352 | Loss: *0.458* | Acc: *86.670%* (8667/10000)
Train epoch: 353 | Loss: *0.002* | Acc: *100.000%* (50000/50000) 
Test epoch: 353 | Loss: *0.462* | Acc: *86.680%* (8668/10000)
Train epoch: 354 | Loss: *0.002* | Acc: *100.000%* (50000/50000) 
Test epoch: 354 | Loss: *0.456* | Acc: *86.610%* (8661/10000)
Train epoch: 355 | Loss: *0.002* | Acc: *100.000%* (50000/50000) 
Test epoch: 355 | Loss: *0.457* | Acc: *86.700%* (8670/10000)
Train epoch: 356 | Loss: *0.002* | Acc: *100.000%* (50000/50000) 
Test epoch: 356 | Loss: *0.453* | Acc: *86.620%* (8662/10000)
Train epoch: 357 | Loss: *0.002* | Acc: *100.000%* (50000/50000) 
Test epoch: 357 | Loss: *0.454* | Acc: *86.750%* (8675/10000)
Train epoch: 358 | Loss: *0.002* | Acc: *100.000%* (50000/50000) 
Test epoch: 358 | Loss: *0.457* | Acc: *86.460%* (8646/10000)
Train epoch: 359 | Loss: *0.002* | Acc: *100.000%* (50000/50000) 
Test epoch: 359 | Loss: *0.457* | Acc: *86.600%* (8660/10000)
Train epoch: 360 | Loss: *0.002* | Acc: *100.000%* (50000/50000) 
Test epoch: 360 | Loss: *0.458* | Acc: *86.630%* (8663/10000)
Train epoch: 361 | Loss: *0.002* | Acc: *100.000%* (50000/50000) 
Test epoch: 361 | Loss: *0.455* | Acc: *86.670%* (8667/10000)
Train epoch: 362 | Loss: *0.002* | Acc: *100.000%* (50000/50000) 
Test epoch: 362 | Loss: *0.457* | Acc: *86.490%* (8649/10000)
Train epoch: 363 | Loss: *0.002* | Acc: *100.000%* (50000/50000) 
Test epoch: 363 | Loss: *0.452* | Acc: *86.580%* (8658/10000)
Train epoch: 364 | Loss: *0.002* | Acc: *100.000%* (50000/50000) 
Test epoch: 364 | Loss: *0.458* | Acc: *86.500%* (8650/10000)
Train epoch: 365 | Loss: *0.002* | Acc: *100.000%* (50000/50000) 
Test epoch: 365 | Loss: *0.453* | Acc: *86.480%* (8648/10000)
Train epoch: 366 | Loss: *0.002* | Acc: *100.000%* (50000/50000) 
Test epoch: 366 | Loss: *0.456* | Acc: *86.410%* (8641/10000)
Train epoch: 367 | Loss: *0.002* | Acc: *100.000%* (50000/50000) 
Test epoch: 367 | Loss: *0.455* | Acc: *86.540%* (8654/10000)
Train epoch: 368 | Loss: *0.002* | Acc: *100.000%* (50000/50000) 
Test epoch: 368 | Loss: *0.455* | Acc: *86.450%* (8645/10000)
Train epoch: 369 | Loss: *0.002* | Acc: *100.000%* (50000/50000) 
Test epoch: 369 | Loss: *0.456* | Acc: *86.530%* (8653/10000)
Train epoch: 370 | Loss: *0.002* | Acc: *100.000%* (50000/50000) 
Test epoch: 370 | Loss: *0.472* | Acc: *86.370%* (8637/10000)
Train epoch: 371 | Loss: *0.002* | Acc: *100.000%* (50000/50000) 
Test epoch: 371 | Loss: *0.457* | Acc: *86.510%* (8651/10000)
Train epoch: 372 | Loss: *0.002* | Acc: *100.000%* (50000/50000) 
Test epoch: 372 | Loss: *0.463* | Acc: *86.320%* (8632/10000)
Train epoch: 373 | Loss: *0.002* | Acc: *100.000%* (50000/50000) 
Test epoch: 373 | Loss: *0.452* | Acc: *86.400%* (8640/10000)
Train epoch: 374 | Loss: *0.157* | Acc: *95.160%* (47580/50000) 
Test epoch: 374 | Loss: *0.828* | Acc: *75.100%* (7510/10000)
Train epoch: 375 | Loss: *0.135* | Acc: *96.036%* (48018/50000) 
Test epoch: 375 | Loss: *0.794* | Acc: *76.110%* (7611/10000)
Train epoch: 376 | Loss: *0.101* | Acc: *97.216%* (48608/50000) 
Test epoch: 376 | Loss: *0.631* | Acc: *81.610%* (8161/10000)
Train epoch: 377 | Loss: *0.064* | Acc: *98.430%* (49215/50000) 
Test epoch: 377 | Loss: *0.742* | Acc: *78.150%* (7815/10000)
Train epoch: 378 | Loss: *0.039* | Acc: *99.152%* (49576/50000) 
Test epoch: 378 | Loss: *0.527* | Acc: *84.220%* (8422/10000)
Train epoch: 379 | Loss: *0.017* | Acc: *99.780%* (49890/50000) 
Test epoch: 379 | Loss: *0.476* | Acc: *85.550%* (8555/10000)
Train epoch: 380 | Loss: *0.005* | Acc: *99.992%* (49996/50000) 
Test epoch: 380 | Loss: *0.455* | Acc: *86.350%* (8635/10000)
Train epoch: 381 | Loss: *0.003* | Acc: *100.000%* (50000/50000) 
Test epoch: 381 | Loss: *0.456* | Acc: *86.350%* (8635/10000)
Train epoch: 382 | Loss: *0.002* | Acc: *100.000%* (50000/50000) 
Test epoch: 382 | Loss: *0.463* | Acc: *86.180%* (8618/10000)
Train epoch: 383 | Loss: *0.002* | Acc: *100.000%* (50000/50000) 
Test epoch: 383 | Loss: *0.452* | Acc: *86.770%* (8677/10000)
Train epoch: 384 | Loss: *0.002* | Acc: *100.000%* (50000/50000) 
Test epoch: 384 | Loss: *0.455* | Acc: *86.800%* (8680/10000)
Train epoch: 385 | Loss: *0.002* | Acc: *100.000%* (50000/50000) 
Test epoch: 385 | Loss: *0.455* | Acc: *86.820%* (8682/10000)
Train epoch: 386 | Loss: *0.002* | Acc: *100.000%* (50000/50000) 
Test epoch: 386 | Loss: *0.455* | Acc: *86.660%* (8666/10000)
Train epoch: 387 | Loss: *0.002* | Acc: *100.000%* (50000/50000) 
Test epoch: 387 | Loss: *0.456* | Acc: *86.760%* (8676/10000)
Train epoch: 388 | Loss: *0.002* | Acc: *100.000%* (50000/50000) 
Test epoch: 388 | Loss: *0.454* | Acc: *86.630%* (8663/10000)
Train epoch: 389 | Loss: *0.002* | Acc: *100.000%* (50000/50000) 
Test epoch: 389 | Loss: *0.454* | Acc: *86.500%* (8650/10000)
Train epoch: 390 | Loss: *0.002* | Acc: *100.000%* (50000/50000) 
Test epoch: 390 | Loss: *0.455* | Acc: *86.490%* (8649/10000)
Train epoch: 391 | Loss: *0.002* | Acc: *100.000%* (50000/50000) 
Test epoch: 391 | Loss: *0.460* | Acc: *86.450%* (8645/10000)
Train epoch: 392 | Loss: *0.002* | Acc: *100.000%* (50000/50000) 
Test epoch: 392 | Loss: *0.457* | Acc: *86.460%* (8646/10000)
Train epoch: 393 | Loss: *0.002* | Acc: *100.000%* (50000/50000) 
Test epoch: 393 | Loss: *0.456* | Acc: *86.590%* (8659/10000)
Train epoch: 394 | Loss: *0.002* | Acc: *100.000%* (50000/50000) 
Test epoch: 394 | Loss: *0.451* | Acc: *86.510%* (8651/10000)
Train epoch: 395 | Loss: *0.002* | Acc: *100.000%* (50000/50000) 
Test epoch: 395 | Loss: *0.451* | Acc: *86.710%* (8671/10000)
Train epoch: 396 | Loss: *0.002* | Acc: *100.000%* (50000/50000) 
Test epoch: 396 | Loss: *0.455* | Acc: *86.620%* (8662/10000)
Train epoch: 397 | Loss: *0.002* | Acc: *100.000%* (50000/50000) 
Test epoch: 397 | Loss: *0.452* | Acc: *86.490%* (8649/10000)
Train epoch: 398 | Loss: *0.002* | Acc: *100.000%* (50000/50000) 
Test epoch: 398 | Loss: *0.453* | Acc: *86.620%* (8662/10000)
Train epoch: 399 | Loss: *0.002* | Acc: *100.000%* (50000/50000) 
Test epoch: 399 | Loss: *0.458* | Acc: *86.480%* (8648/10000)
Train epoch: 400 | Loss: *0.002* | Acc: *100.000%* (50000/50000) 
Test epoch: 400 | Loss: *0.455* | Acc: *86.470%* (8647/10000)
Train epoch: 401 | Loss: *0.002* | Acc: *100.000%* (50000/50000) 
Test epoch: 401 | Loss: *0.453* | Acc: *86.490%* (8649/10000)
Train epoch: 402 | Loss: *0.002* | Acc: *100.000%* (50000/50000) 
Test epoch: 402 | Loss: *0.448* | Acc: *86.620%* (8662/10000)
Train epoch: 403 | Loss: *0.002* | Acc: *100.000%* (50000/50000) 
Test epoch: 403 | Loss: *0.458* | Acc: *86.390%* (8639/10000)
Train epoch: 404 | Loss: *0.002* | Acc: *100.000%* (50000/50000) 
Test epoch: 404 | Loss: *0.456* | Acc: *86.430%* (8643/10000)
Train epoch: 405 | Loss: *0.002* | Acc: *100.000%* (50000/50000) 
Test epoch: 405 | Loss: *0.455* | Acc: *86.430%* (8643/10000)
Train epoch: 406 | Loss: *0.002* | Acc: *100.000%* (50000/50000) 
Test epoch: 406 | Loss: *0.448* | Acc: *86.590%* (8659/10000)
Train epoch: 407 | Loss: *0.002* | Acc: *100.000%* (50000/50000) 
Test epoch: 407 | Loss: *0.455* | Acc: *86.470%* (8647/10000)
Train epoch: 408 | Loss: *0.002* | Acc: *100.000%* (50000/50000) 
Test epoch: 408 | Loss: *0.452* | Acc: *86.540%* (8654/10000)
Train epoch: 409 | Loss: *0.002* | Acc: *100.000%* (50000/50000) 
Test epoch: 409 | Loss: *0.456* | Acc: *86.360%* (8636/10000)
Train epoch: 410 | Loss: *0.106* | Acc: *96.898%* (48449/50000) 
Test epoch: 410 | Loss: *0.779* | Acc: *76.510%* (7651/10000)
Train epoch: 411 | Loss: *0.124* | Acc: *96.420%* (48210/50000) 
Test epoch: 411 | Loss: *0.688* | Acc: *79.490%* (7949/10000)
Train epoch: 412 | Loss: *0.075* | Acc: *98.112%* (49056/50000) 
Test epoch: 412 | Loss: *0.544* | Acc: *83.500%* (8350/10000)
Train epoch: 413 | Loss: *0.042* | Acc: *99.128%* (49564/50000) 
Test epoch: 413 | Loss: *0.614* | Acc: *82.460%* (8246/10000)
Train epoch: 414 | Loss: *0.025* | Acc: *99.554%* (49777/50000) 
Test epoch: 414 | Loss: *0.569* | Acc: *83.780%* (8378/10000)
Train epoch: 415 | Loss: *0.008* | Acc: *99.978%* (49989/50000) 
Test epoch: 415 | Loss: *0.499* | Acc: *85.660%* (8566/10000)
Train epoch: 416 | Loss: *0.004* | Acc: *99.984%* (49992/50000) 
Test epoch: 416 | Loss: *0.460* | Acc: *86.230%* (8623/10000)
Train epoch: 417 | Loss: *0.003* | Acc: *100.000%* (50000/50000) 
Test epoch: 417 | Loss: *0.458* | Acc: *86.790%* (8679/10000)
Train epoch: 418 | Loss: *0.002* | Acc: *100.000%* (50000/50000) 
Test epoch: 418 | Loss: *0.452* | Acc: *86.930%* (8693/10000)
Train epoch: 419 | Loss: *0.002* | Acc: *100.000%* (50000/50000) 
Test epoch: 419 | Loss: *0.452* | Acc: *86.940%* (8694/10000)
Train epoch: 420 | Loss: *0.002* | Acc: *100.000%* (50000/50000) 
Test epoch: 420 | Loss: *0.451* | Acc: *86.970%* (8697/10000)
Train epoch: 421 | Loss: *0.002* | Acc: *100.000%* (50000/50000) 
Test epoch: 421 | Loss: *0.451* | Acc: *87.100%* (8710/10000)
Train epoch: 422 | Loss: *0.002* | Acc: *100.000%* (50000/50000) 
Test epoch: 422 | Loss: *0.451* | Acc: *86.990%* (8699/10000)
Train epoch: 423 | Loss: *0.002* | Acc: *100.000%* (50000/50000) 
Test epoch: 423 | Loss: *0.449* | Acc: *87.140%* (8714/10000)
Train epoch: 424 | Loss: *0.002* | Acc: *100.000%* (50000/50000) 
Test epoch: 424 | Loss: *0.451* | Acc: *87.300%* (8730/10000)
Train epoch: 425 | Loss: *0.002* | Acc: *100.000%* (50000/50000) 
Test epoch: 425 | Loss: *0.451* | Acc: *87.020%* (8702/10000)
Train epoch: 426 | Loss: *0.002* | Acc: *100.000%* (50000/50000) 
Test epoch: 426 | Loss: *0.453* | Acc: *87.120%* (8712/10000)
Train epoch: 427 | Loss: *0.002* | Acc: *100.000%* (50000/50000) 
Test epoch: 427 | Loss: *0.449* | Acc: *87.100%* (8710/10000)
Train epoch: 428 | Loss: *0.002* | Acc: *100.000%* (50000/50000) 
Test epoch: 428 | Loss: *0.452* | Acc: *86.910%* (8691/10000)
Train epoch: 429 | Loss: *0.002* | Acc: *100.000%* (50000/50000) 
Test epoch: 429 | Loss: *0.455* | Acc: *86.890%* (8689/10000)
Train epoch: 430 | Loss: *0.002* | Acc: *100.000%* (50000/50000) 
Test epoch: 430 | Loss: *0.451* | Acc: *86.980%* (8698/10000)
Train epoch: 431 | Loss: *0.002* | Acc: *100.000%* (50000/50000) 
Test epoch: 431 | Loss: *0.454* | Acc: *87.070%* (8707/10000)
Train epoch: 432 | Loss: *0.002* | Acc: *100.000%* (50000/50000) 
Test epoch: 432 | Loss: *0.449* | Acc: *87.090%* (8709/10000)
Train epoch: 433 | Loss: *0.002* | Acc: *100.000%* (50000/50000) 
Test epoch: 433 | Loss: *0.448* | Acc: *87.120%* (8712/10000)
Train epoch: 434 | Loss: *0.002* | Acc: *100.000%* (50000/50000) 
Test epoch: 434 | Loss: *0.448* | Acc: *87.040%* (8704/10000)
Train epoch: 435 | Loss: *0.002* | Acc: *100.000%* (50000/50000) 
Test epoch: 435 | Loss: *0.449* | Acc: *87.030%* (8703/10000)
Train epoch: 436 | Loss: *0.002* | Acc: *100.000%* (50000/50000) 
Test epoch: 436 | Loss: *0.454* | Acc: *87.040%* (8704/10000)
Train epoch: 437 | Loss: *0.002* | Acc: *100.000%* (50000/50000) 
Test epoch: 437 | Loss: *0.446* | Acc: *86.940%* (8694/10000)
Train epoch: 438 | Loss: *0.002* | Acc: *100.000%* (50000/50000) 
Test epoch: 438 | Loss: *0.448* | Acc: *86.920%* (8692/10000)
Train epoch: 439 | Loss: *0.002* | Acc: *100.000%* (50000/50000) 
Test epoch: 439 | Loss: *0.443* | Acc: *87.140%* (8714/10000)
Train epoch: 440 | Loss: *0.002* | Acc: *100.000%* (50000/50000) 
Test epoch: 440 | Loss: *0.451* | Acc: *86.940%* (8694/10000)
Train epoch: 441 | Loss: *0.002* | Acc: *100.000%* (50000/50000) 
Test epoch: 441 | Loss: *0.448* | Acc: *86.910%* (8691/10000)
Train epoch: 442 | Loss: *0.002* | Acc: *100.000%* (50000/50000) 
Test epoch: 442 | Loss: *0.446* | Acc: *87.020%* (8702/10000)
Train epoch: 443 | Loss: *0.002* | Acc: *100.000%* (50000/50000) 
Test epoch: 443 | Loss: *0.447* | Acc: *86.710%* (8671/10000)
Train epoch: 444 | Loss: *0.002* | Acc: *100.000%* (50000/50000) 
Test epoch: 444 | Loss: *0.448* | Acc: *86.870%* (8687/10000)
Train epoch: 445 | Loss: *0.002* | Acc: *100.000%* (50000/50000) 
Test epoch: 445 | Loss: *0.453* | Acc: *86.760%* (8676/10000)
Train epoch: 446 | Loss: *0.002* | Acc: *100.000%* (50000/50000) 
Test epoch: 446 | Loss: *0.447* | Acc: *86.940%* (8694/10000)
Train epoch: 447 | Loss: *0.002* | Acc: *100.000%* (50000/50000) 
Test epoch: 447 | Loss: *0.448* | Acc: *86.880%* (8688/10000)
Train epoch: 448 | Loss: *0.002* | Acc: *100.000%* (50000/50000) 
Test epoch: 448 | Loss: *0.446* | Acc: *86.930%* (8693/10000)
Train epoch: 449 | Loss: *0.002* | Acc: *100.000%* (50000/50000) 
Test epoch: 449 | Loss: *0.441* | Acc: *86.950%* (8695/10000)
Train epoch: 450 | Loss: *0.002* | Acc: *100.000%* (50000/50000) 
Test epoch: 450 | Loss: *0.448* | Acc: *86.820%* (8682/10000)
Train epoch: 451 | Loss: *0.002* | Acc: *100.000%* (50000/50000) 
Test epoch: 451 | Loss: *0.448* | Acc: *86.660%* (8666/10000)
Train epoch: 452 | Loss: *0.002* | Acc: *100.000%* (50000/50000) 
Test epoch: 452 | Loss: *0.445* | Acc: *86.760%* (8676/10000)
Train epoch: 453 | Loss: *0.002* | Acc: *100.000%* (50000/50000) 
Test epoch: 453 | Loss: *0.441* | Acc: *86.870%* (8687/10000)
Train epoch: 454 | Loss: *0.002* | Acc: *100.000%* (50000/50000) 
Test epoch: 454 | Loss: *0.447* | Acc: *86.670%* (8667/10000)
Train epoch: 455 | Loss: *0.002* | Acc: *100.000%* (50000/50000) 
Test epoch: 455 | Loss: *0.450* | Acc: *86.950%* (8695/10000)
Train epoch: 456 | Loss: *0.002* | Acc: *100.000%* (50000/50000) 
Test epoch: 456 | Loss: *0.444* | Acc: *86.790%* (8679/10000)
Train epoch: 457 | Loss: *0.002* | Acc: *100.000%* (50000/50000) 
Test epoch: 457 | Loss: *0.446* | Acc: *86.900%* (8690/10000)
Train epoch: 458 | Loss: *0.002* | Acc: *100.000%* (50000/50000) 
Test epoch: 458 | Loss: *0.452* | Acc: *86.790%* (8679/10000)
Train epoch: 459 | Loss: *0.002* | Acc: *100.000%* (50000/50000) 
Test epoch: 459 | Loss: *0.453* | Acc: *86.530%* (8653/10000)
Train epoch: 460 | Loss: *0.002* | Acc: *100.000%* (50000/50000) 
Test epoch: 460 | Loss: *0.446* | Acc: *86.770%* (8677/10000)
Train epoch: 461 | Loss: *0.002* | Acc: *100.000%* (50000/50000) 
Test epoch: 461 | Loss: *0.445* | Acc: *86.830%* (8683/10000)
Train epoch: 462 | Loss: *0.002* | Acc: *100.000%* (50000/50000) 
Test epoch: 462 | Loss: *0.448* | Acc: *86.750%* (8675/10000)
Train epoch: 463 | Loss: *0.002* | Acc: *100.000%* (50000/50000) 
Test epoch: 463 | Loss: *0.445* | Acc: *86.980%* (8698/10000)
Train epoch: 464 | Loss: *0.002* | Acc: *100.000%* (50000/50000) 
Test epoch: 464 | Loss: *0.444* | Acc: *86.900%* (8690/10000)
Train epoch: 465 | Loss: *0.002* | Acc: *100.000%* (50000/50000) 
Test epoch: 465 | Loss: *0.438* | Acc: *86.930%* (8693/10000)
Train epoch: 466 | Loss: *0.002* | Acc: *100.000%* (50000/50000) 
Test epoch: 466 | Loss: *0.449* | Acc: *86.730%* (8673/10000)
Train epoch: 467 | Loss: *0.002* | Acc: *100.000%* (50000/50000) 
Test epoch: 467 | Loss: *0.444* | Acc: *87.010%* (8701/10000)
Train epoch: 468 | Loss: *0.002* | Acc: *100.000%* (50000/50000) 
Test epoch: 468 | Loss: *0.445* | Acc: *86.850%* (8685/10000)
Train epoch: 469 | Loss: *0.002* | Acc: *100.000%* (50000/50000) 
Test epoch: 469 | Loss: *0.447* | Acc: *86.810%* (8681/10000)
Train epoch: 470 | Loss: *0.002* | Acc: *100.000%* (50000/50000) 
Test epoch: 470 | Loss: *0.449* | Acc: *86.830%* (8683/10000)
Train epoch: 471 | Loss: *0.002* | Acc: *100.000%* (50000/50000) 
Test epoch: 471 | Loss: *0.444* | Acc: *86.820%* (8682/10000)
Train epoch: 472 | Loss: *0.002* | Acc: *100.000%* (50000/50000) 
Test epoch: 472 | Loss: *0.449* | Acc: *86.690%* (8669/10000)
Train epoch: 473 | Loss: *0.002* | Acc: *100.000%* (50000/50000) 
Test epoch: 473 | Loss: *0.445* | Acc: *86.710%* (8671/10000)
Train epoch: 474 | Loss: *0.002* | Acc: *100.000%* (50000/50000) 
Test epoch: 474 | Loss: *0.442* | Acc: *86.820%* (8682/10000)
Train epoch: 475 | Loss: *0.002* | Acc: *100.000%* (50000/50000) 
Test epoch: 475 | Loss: *0.444* | Acc: *86.710%* (8671/10000)
Train epoch: 476 | Loss: *0.002* | Acc: *100.000%* (50000/50000) 
Test epoch: 476 | Loss: *0.444* | Acc: *86.630%* (8663/10000)
Train epoch: 477 | Loss: *0.002* | Acc: *100.000%* (50000/50000) 
Test epoch: 477 | Loss: *0.449* | Acc: *86.750%* (8675/10000)
Train epoch: 478 | Loss: *0.002* | Acc: *100.000%* (50000/50000) 
Test epoch: 478 | Loss: *0.444* | Acc: *86.710%* (8671/10000)
Train epoch: 479 | Loss: *0.002* | Acc: *100.000%* (50000/50000) 
Test epoch: 479 | Loss: *0.451* | Acc: *86.760%* (8676/10000)
Train epoch: 480 | Loss: *0.002* | Acc: *100.000%* (50000/50000) 
Test epoch: 480 | Loss: *0.444* | Acc: *86.700%* (8670/10000)
Train epoch: 481 | Loss: *0.002* | Acc: *100.000%* (50000/50000) 
Test epoch: 481 | Loss: *0.446* | Acc: *86.830%* (8683/10000)
Train epoch: 482 | Loss: *0.002* | Acc: *100.000%* (50000/50000) 
Test epoch: 482 | Loss: *0.445* | Acc: *86.920%* (8692/10000)
Train epoch: 483 | Loss: *0.002* | Acc: *100.000%* (50000/50000) 
Test epoch: 483 | Loss: *0.449* | Acc: *86.740%* (8674/10000)
Train epoch: 484 | Loss: *0.002* | Acc: *100.000%* (50000/50000) 
Test epoch: 484 | Loss: *0.444* | Acc: *86.790%* (8679/10000)
Train epoch: 485 | Loss: *0.002* | Acc: *100.000%* (50000/50000) 
Test epoch: 485 | Loss: *0.447* | Acc: *86.700%* (8670/10000)
Train epoch: 486 | Loss: *0.002* | Acc: *100.000%* (50000/50000) 
Test epoch: 486 | Loss: *0.450* | Acc: *86.860%* (8686/10000)
Train epoch: 487 | Loss: *0.002* | Acc: *99.998%* (49999/50000) 
Test epoch: 487 | Loss: *0.443* | Acc: *86.920%* (8692/10000)
Train epoch: 488 | Loss: *0.002* | Acc: *100.000%* (50000/50000) 
Test epoch: 488 | Loss: *0.441* | Acc: *86.530%* (8653/10000)
Train epoch: 489 | Loss: *0.002* | Acc: *100.000%* (50000/50000) 
Test epoch: 489 | Loss: *0.445* | Acc: *86.610%* (8661/10000)
Train epoch: 490 | Loss: *0.002* | Acc: *100.000%* (50000/50000) 
Test epoch: 490 | Loss: *0.445* | Acc: *86.640%* (8664/10000)
Train epoch: 491 | Loss: *0.002* | Acc: *100.000%* (50000/50000) 
Test epoch: 491 | Loss: *0.444* | Acc: *86.790%* (8679/10000)
Train epoch: 492 | Loss: *0.002* | Acc: *100.000%* (50000/50000) 
Test epoch: 492 | Loss: *0.448* | Acc: *86.800%* (8680/10000)
Train epoch: 493 | Loss: *0.002* | Acc: *100.000%* (50000/50000) 
Test epoch: 493 | Loss: *0.444* | Acc: *86.790%* (8679/10000)
Train epoch: 494 | Loss: *0.002* | Acc: *100.000%* (50000/50000) 
Test epoch: 494 | Loss: *0.449* | Acc: *86.660%* (8666/10000)
Train epoch: 495 | Loss: *0.002* | Acc: *100.000%* (50000/50000) 
Test epoch: 495 | Loss: *0.446* | Acc: *86.830%* (8683/10000)
Train epoch: 496 | Loss: *0.002* | Acc: *100.000%* (50000/50000) 
Test epoch: 496 | Loss: *0.449* | Acc: *86.800%* (8680/10000)
Train epoch: 497 | Loss: *0.002* | Acc: *100.000%* (50000/50000) 
Test epoch: 497 | Loss: *0.463* | Acc: *86.240%* (8624/10000)
Train epoch: 498 | Loss: *0.002* | Acc: *100.000%* (50000/50000) 
Test epoch: 498 | Loss: *0.443* | Acc: *86.670%* (8667/10000)
Train epoch: 499 | Loss: *0.002* | Acc: *100.000%* (50000/50000) 
Test epoch: 499 | Loss: *0.445* | Acc: *86.740%* (8674/10000)
Train epoch: 500 | Loss: *0.002* | Acc: *100.000%* (50000/50000) 
Test epoch: 500 | Loss: *0.445* | Acc: *86.700%* (8670/10000)
Best test accuracy: *87.300%*, loss: *0.4512035423517227*, at epoch: *424*.
==> Execution time summary of 500 epoch(s).
Train data loading time: sum. *268.8506185784936* secs | avg. *0.5377012371569871* secs per epoch.
Train training time: sum. *933.4840290071443* secs | avg. *1.8669680580142884* secs per epoch.
Train total time: sum. *1202.3346475856379* secs | avg. *2.4046692951712756* secs per epoch.
Test data loading time: sum. *102.99975498113781* secs | avg. *0.20599950996227562* secs per epoch.
Test training time: sum. *73.17569357343018* secs | avg. *0.14635138714686036* secs per epoch.
Test total time: sum. *176.175448554568* secs | avg. *0.352350897109136* secs per epoch.
Total data loading time: sum. *371.8503735596314* secs | avg. *0.7437007471192628* secs per epoch.
Total training time: sum. *1006.6597225805745* secs | avg. *2.013319445161149* secs per epoch.
Total running time: sum. *1378.5100961402059* secs | avg. *2.757020192280412* secs per epoch.
==> Number of GPU device: 1
==> Device #0 Memory Usage
==> Allocated: 0.1 GB
==> Cached:    3.6 GB
==> Maximum: 3.6 GB
