==> Running on : cuda
==> Number of CPU: 48
==> Number of workers: 2
==> #Epochs: 500, #Layers: 4, #Blocks: [2, 1, 1, 1], In channel: 64, Input layer conv kernel: 9x9, Residual layer conv kernel 3x3, Skip kernel: 1x1, Input layer conv padding: 4, Residual layer conv padding: 1
==> Optimizer is Adadelta
==> Learning rate: 1.0
==> Weight decay: 0.0005
==>Trainable Parameters: 4991050
==>Other Parameters: 0
==>Augmentation: None
Files already downloaded and verified
Train epoch: 1 | Loss: *1.601* | Acc: *40.796%* (20398/50000) 
Test epoch: 1 | Loss: *2.556* | Acc: *20.460%* (2046/10000)
Train epoch: 2 | Loss: *1.104* | Acc: *60.126%* (30063/50000) 
Test epoch: 2 | Loss: *1.216* | Acc: *57.530%* (5753/10000)
Train epoch: 3 | Loss: *0.831* | Acc: *70.320%* (35160/50000) 
Test epoch: 3 | Loss: *1.196* | Acc: *58.540%* (5854/10000)
Train epoch: 4 | Loss: *0.661* | Acc: *76.750%* (38375/50000) 
Test epoch: 4 | Loss: *1.037* | Acc: *63.410%* (6341/10000)
Train epoch: 5 | Loss: *0.550* | Acc: *80.588%* (40294/50000) 
Test epoch: 5 | Loss: *1.280* | Acc: *61.310%* (6131/10000)
Train epoch: 6 | Loss: *0.460* | Acc: *83.958%* (41979/50000) 
Test epoch: 6 | Loss: *0.900* | Acc: *70.020%* (7002/10000)
Train epoch: 7 | Loss: *0.392* | Acc: *86.056%* (43028/50000) 
Test epoch: 7 | Loss: *0.810* | Acc: *73.660%* (7366/10000)
Train epoch: 8 | Loss: *0.333* | Acc: *88.430%* (44215/50000) 
Test epoch: 8 | Loss: *0.752* | Acc: *75.850%* (7585/10000)
Train epoch: 9 | Loss: *0.285* | Acc: *90.048%* (45024/50000) 
Test epoch: 9 | Loss: *1.134* | Acc: *69.150%* (6915/10000)
Train epoch: 10 | Loss: *0.249* | Acc: *91.314%* (45657/50000) 
Test epoch: 10 | Loss: *0.713* | Acc: *77.870%* (7787/10000)
Train epoch: 11 | Loss: *0.214* | Acc: *92.484%* (46242/50000) 
Test epoch: 11 | Loss: *0.754* | Acc: *76.990%* (7699/10000)
Train epoch: 12 | Loss: *0.198* | Acc: *93.170%* (46585/50000) 
Test epoch: 12 | Loss: *0.839* | Acc: *75.280%* (7528/10000)
Train epoch: 13 | Loss: *0.186* | Acc: *93.602%* (46801/50000) 
Test epoch: 13 | Loss: *0.705* | Acc: *78.670%* (7867/10000)
Train epoch: 14 | Loss: *0.172* | Acc: *94.002%* (47001/50000) 
Test epoch: 14 | Loss: *1.055* | Acc: *72.870%* (7287/10000)
Train epoch: 15 | Loss: *0.164* | Acc: *94.350%* (47175/50000) 
Test epoch: 15 | Loss: *0.777* | Acc: *76.880%* (7688/10000)
Train epoch: 16 | Loss: *0.157* | Acc: *94.694%* (47347/50000) 
Test epoch: 16 | Loss: *0.830* | Acc: *76.590%* (7659/10000)
Train epoch: 17 | Loss: *0.156* | Acc: *94.644%* (47322/50000) 
Test epoch: 17 | Loss: *0.989* | Acc: *74.590%* (7459/10000)
Train epoch: 18 | Loss: *0.152* | Acc: *94.812%* (47406/50000) 
Test epoch: 18 | Loss: *0.991* | Acc: *72.180%* (7218/10000)
Train epoch: 19 | Loss: *0.144* | Acc: *95.026%* (47513/50000) 
Test epoch: 19 | Loss: *1.081* | Acc: *70.340%* (7034/10000)
Train epoch: 20 | Loss: *0.149* | Acc: *94.872%* (47436/50000) 
Test epoch: 20 | Loss: *0.738* | Acc: *77.890%* (7789/10000)
Train epoch: 21 | Loss: *0.142* | Acc: *95.078%* (47539/50000) 
Test epoch: 21 | Loss: *0.829* | Acc: *75.970%* (7597/10000)
Train epoch: 22 | Loss: *0.139* | Acc: *95.280%* (47640/50000) 
Test epoch: 22 | Loss: *0.785* | Acc: *78.590%* (7859/10000)
Train epoch: 23 | Loss: *0.141* | Acc: *95.186%* (47593/50000) 
Test epoch: 23 | Loss: *1.124* | Acc: *70.970%* (7097/10000)
Train epoch: 24 | Loss: *0.141* | Acc: *95.164%* (47582/50000) 
Test epoch: 24 | Loss: *0.942* | Acc: *74.000%* (7400/10000)
Train epoch: 25 | Loss: *0.132* | Acc: *95.446%* (47723/50000) 
Test epoch: 25 | Loss: *0.844* | Acc: *73.650%* (7365/10000)
Train epoch: 26 | Loss: *0.130* | Acc: *95.614%* (47807/50000) 
Test epoch: 26 | Loss: *1.023* | Acc: *74.370%* (7437/10000)
Train epoch: 27 | Loss: *0.137* | Acc: *95.300%* (47650/50000) 
Test epoch: 27 | Loss: *0.868* | Acc: *75.620%* (7562/10000)
Train epoch: 28 | Loss: *0.133* | Acc: *95.422%* (47711/50000) 
Test epoch: 28 | Loss: *0.687* | Acc: *79.960%* (7996/10000)
Train epoch: 29 | Loss: *0.131* | Acc: *95.484%* (47742/50000) 
Test epoch: 29 | Loss: *0.877* | Acc: *75.400%* (7540/10000)
Train epoch: 30 | Loss: *0.126* | Acc: *95.656%* (47828/50000) 
Test epoch: 30 | Loss: *0.904* | Acc: *77.440%* (7744/10000)
Train epoch: 31 | Loss: *0.131* | Acc: *95.530%* (47765/50000) 
Test epoch: 31 | Loss: *0.851* | Acc: *75.430%* (7543/10000)
Train epoch: 32 | Loss: *0.130* | Acc: *95.596%* (47798/50000) 
Test epoch: 32 | Loss: *0.767* | Acc: *77.710%* (7771/10000)
Train epoch: 33 | Loss: *0.124* | Acc: *95.786%* (47893/50000) 
Test epoch: 33 | Loss: *0.835* | Acc: *76.160%* (7616/10000)
Train epoch: 34 | Loss: *0.125* | Acc: *95.780%* (47890/50000) 
Test epoch: 34 | Loss: *0.986* | Acc: *73.490%* (7349/10000)
Train epoch: 35 | Loss: *0.124* | Acc: *95.832%* (47916/50000) 
Test epoch: 35 | Loss: *0.987* | Acc: *74.770%* (7477/10000)
Train epoch: 36 | Loss: *0.122* | Acc: *95.898%* (47949/50000) 
Test epoch: 36 | Loss: *1.224* | Acc: *67.640%* (6764/10000)
Train epoch: 37 | Loss: *0.117* | Acc: *96.060%* (48030/50000) 
Test epoch: 37 | Loss: *0.816* | Acc: *79.170%* (7917/10000)
Train epoch: 38 | Loss: *0.118* | Acc: *96.002%* (48001/50000) 
Test epoch: 38 | Loss: *0.945* | Acc: *74.170%* (7417/10000)
Train epoch: 39 | Loss: *0.111* | Acc: *96.280%* (48140/50000) 
Test epoch: 39 | Loss: *0.982* | Acc: *75.350%* (7535/10000)
Train epoch: 40 | Loss: *0.121* | Acc: *95.894%* (47947/50000) 
Test epoch: 40 | Loss: *0.750* | Acc: *79.650%* (7965/10000)
Train epoch: 41 | Loss: *0.113* | Acc: *96.192%* (48096/50000) 
Test epoch: 41 | Loss: *0.847* | Acc: *76.540%* (7654/10000)
Train epoch: 42 | Loss: *0.117* | Acc: *96.036%* (48018/50000) 
Test epoch: 42 | Loss: *0.978* | Acc: *74.320%* (7432/10000)
Train epoch: 43 | Loss: *0.117* | Acc: *96.058%* (48029/50000) 
Test epoch: 43 | Loss: *1.035* | Acc: *72.230%* (7223/10000)
Train epoch: 44 | Loss: *0.113* | Acc: *96.224%* (48112/50000) 
Test epoch: 44 | Loss: *0.833* | Acc: *76.280%* (7628/10000)
Train epoch: 45 | Loss: *0.110* | Acc: *96.332%* (48166/50000) 
Test epoch: 45 | Loss: *0.851* | Acc: *77.360%* (7736/10000)
Train epoch: 46 | Loss: *0.112* | Acc: *96.218%* (48109/50000) 
Test epoch: 46 | Loss: *0.975* | Acc: *74.940%* (7494/10000)
Train epoch: 47 | Loss: *0.101* | Acc: *96.566%* (48283/50000) 
Test epoch: 47 | Loss: *0.664* | Acc: *80.450%* (8045/10000)
Train epoch: 48 | Loss: *0.103* | Acc: *96.560%* (48280/50000) 
Test epoch: 48 | Loss: *0.833* | Acc: *78.010%* (7801/10000)
Train epoch: 49 | Loss: *0.106* | Acc: *96.418%* (48209/50000) 
Test epoch: 49 | Loss: *0.917* | Acc: *76.080%* (7608/10000)
Train epoch: 50 | Loss: *0.106* | Acc: *96.476%* (48238/50000) 
Test epoch: 50 | Loss: *0.878* | Acc: *76.710%* (7671/10000)
Train epoch: 51 | Loss: *0.103* | Acc: *96.524%* (48262/50000) 
Test epoch: 51 | Loss: *0.740* | Acc: *78.470%* (7847/10000)
Train epoch: 52 | Loss: *0.104* | Acc: *96.546%* (48273/50000) 
Test epoch: 52 | Loss: *0.951* | Acc: *74.790%* (7479/10000)
Train epoch: 53 | Loss: *0.098* | Acc: *96.810%* (48405/50000) 
Test epoch: 53 | Loss: *0.855* | Acc: *77.010%* (7701/10000)
Train epoch: 54 | Loss: *0.098* | Acc: *96.692%* (48346/50000) 
Test epoch: 54 | Loss: *0.870* | Acc: *77.680%* (7768/10000)
Train epoch: 55 | Loss: *0.099* | Acc: *96.676%* (48338/50000) 
Test epoch: 55 | Loss: *0.793* | Acc: *78.480%* (7848/10000)
Train epoch: 56 | Loss: *0.093* | Acc: *96.884%* (48442/50000) 
Test epoch: 56 | Loss: *0.702* | Acc: *79.960%* (7996/10000)
Train epoch: 57 | Loss: *0.099* | Acc: *96.612%* (48306/50000) 
Test epoch: 57 | Loss: *0.928* | Acc: *77.000%* (7700/10000)
Train epoch: 58 | Loss: *0.095* | Acc: *96.888%* (48444/50000) 
Test epoch: 58 | Loss: *0.810* | Acc: *77.730%* (7773/10000)
Train epoch: 59 | Loss: *0.092* | Acc: *96.922%* (48461/50000) 
Test epoch: 59 | Loss: *0.732* | Acc: *79.140%* (7914/10000)
Train epoch: 60 | Loss: *0.094* | Acc: *96.788%* (48394/50000) 
Test epoch: 60 | Loss: *0.792* | Acc: *79.410%* (7941/10000)
Train epoch: 61 | Loss: *0.088* | Acc: *97.020%* (48510/50000) 
Test epoch: 61 | Loss: *0.862* | Acc: *78.390%* (7839/10000)
Train epoch: 62 | Loss: *0.088* | Acc: *97.048%* (48524/50000) 
Test epoch: 62 | Loss: *0.727* | Acc: *79.610%* (7961/10000)
Train epoch: 63 | Loss: *0.084* | Acc: *97.194%* (48597/50000) 
Test epoch: 63 | Loss: *0.719* | Acc: *80.260%* (8026/10000)
Train epoch: 64 | Loss: *0.088* | Acc: *97.104%* (48552/50000) 
Test epoch: 64 | Loss: *0.977* | Acc: *77.200%* (7720/10000)
Train epoch: 65 | Loss: *0.088* | Acc: *97.080%* (48540/50000) 
Test epoch: 65 | Loss: *0.806* | Acc: *78.190%* (7819/10000)
Train epoch: 66 | Loss: *0.086* | Acc: *97.190%* (48595/50000) 
Test epoch: 66 | Loss: *0.782* | Acc: *79.440%* (7944/10000)
Train epoch: 67 | Loss: *0.079* | Acc: *97.424%* (48712/50000) 
Test epoch: 67 | Loss: *0.862* | Acc: *78.060%* (7806/10000)
Train epoch: 68 | Loss: *0.079* | Acc: *97.372%* (48686/50000) 
Test epoch: 68 | Loss: *0.962* | Acc: *77.400%* (7740/10000)
Train epoch: 69 | Loss: *0.078* | Acc: *97.420%* (48710/50000) 
Test epoch: 69 | Loss: *0.910* | Acc: *77.020%* (7702/10000)
Train epoch: 70 | Loss: *0.076* | Acc: *97.538%* (48769/50000) 
Test epoch: 70 | Loss: *0.864* | Acc: *77.460%* (7746/10000)
Train epoch: 71 | Loss: *0.076* | Acc: *97.514%* (48757/50000) 
Test epoch: 71 | Loss: *0.862* | Acc: *79.120%* (7912/10000)
Train epoch: 72 | Loss: *0.079* | Acc: *97.392%* (48696/50000) 
Test epoch: 72 | Loss: *0.984* | Acc: *76.790%* (7679/10000)
Train epoch: 73 | Loss: *0.071* | Acc: *97.694%* (48847/50000) 
Test epoch: 73 | Loss: *0.777* | Acc: *78.610%* (7861/10000)
Train epoch: 74 | Loss: *0.079* | Acc: *97.406%* (48703/50000) 
Test epoch: 74 | Loss: *0.816* | Acc: *78.170%* (7817/10000)
Train epoch: 75 | Loss: *0.077* | Acc: *97.510%* (48755/50000) 
Test epoch: 75 | Loss: *0.839* | Acc: *79.290%* (7929/10000)
Train epoch: 76 | Loss: *0.062* | Acc: *97.982%* (48991/50000) 
Test epoch: 76 | Loss: *0.974* | Acc: *75.420%* (7542/10000)
Train epoch: 77 | Loss: *0.072* | Acc: *97.596%* (48798/50000) 
Test epoch: 77 | Loss: *0.901* | Acc: *76.600%* (7660/10000)
Train epoch: 78 | Loss: *0.065* | Acc: *97.904%* (48952/50000) 
Test epoch: 78 | Loss: *0.679* | Acc: *81.090%* (8109/10000)
Train epoch: 79 | Loss: *0.065* | Acc: *97.928%* (48964/50000) 
Test epoch: 79 | Loss: *0.827* | Acc: *78.160%* (7816/10000)
Train epoch: 80 | Loss: *0.065* | Acc: *97.904%* (48952/50000) 
Test epoch: 80 | Loss: *1.154* | Acc: *72.460%* (7246/10000)
Train epoch: 81 | Loss: *0.068* | Acc: *97.720%* (48860/50000) 
Test epoch: 81 | Loss: *0.670* | Acc: *81.670%* (8167/10000)
Train epoch: 82 | Loss: *0.063* | Acc: *98.022%* (49011/50000) 
Test epoch: 82 | Loss: *0.753* | Acc: *80.060%* (8006/10000)
Train epoch: 83 | Loss: *0.062* | Acc: *98.022%* (49011/50000) 
Test epoch: 83 | Loss: *0.677* | Acc: *81.210%* (8121/10000)
Train epoch: 84 | Loss: *0.057* | Acc: *98.218%* (49109/50000) 
Test epoch: 84 | Loss: *0.781* | Acc: *78.800%* (7880/10000)
Train epoch: 85 | Loss: *0.062* | Acc: *98.076%* (49038/50000) 
Test epoch: 85 | Loss: *0.799* | Acc: *78.550%* (7855/10000)
Train epoch: 86 | Loss: *0.061* | Acc: *98.084%* (49042/50000) 
Test epoch: 86 | Loss: *0.712* | Acc: *81.140%* (8114/10000)
Train epoch: 87 | Loss: *0.053* | Acc: *98.294%* (49147/50000) 
Test epoch: 87 | Loss: *0.679* | Acc: *81.710%* (8171/10000)
Train epoch: 88 | Loss: *0.055* | Acc: *98.228%* (49114/50000) 
Test epoch: 88 | Loss: *0.756* | Acc: *79.070%* (7907/10000)
Train epoch: 89 | Loss: *0.063* | Acc: *97.974%* (48987/50000) 
Test epoch: 89 | Loss: *1.435* | Acc: *67.710%* (6771/10000)
Train epoch: 90 | Loss: *0.049* | Acc: *98.496%* (49248/50000) 
Test epoch: 90 | Loss: *0.606* | Acc: *83.010%* (8301/10000)
Train epoch: 91 | Loss: *0.044* | Acc: *98.678%* (49339/50000) 
Test epoch: 91 | Loss: *0.803* | Acc: *81.100%* (8110/10000)
Train epoch: 92 | Loss: *0.055* | Acc: *98.236%* (49118/50000) 
Test epoch: 92 | Loss: *0.968* | Acc: *77.640%* (7764/10000)
Train epoch: 93 | Loss: *0.054* | Acc: *98.284%* (49142/50000) 
Test epoch: 93 | Loss: *0.914* | Acc: *78.050%* (7805/10000)
Train epoch: 94 | Loss: *0.049* | Acc: *98.414%* (49207/50000) 
Test epoch: 94 | Loss: *0.904* | Acc: *77.050%* (7705/10000)
Train epoch: 95 | Loss: *0.046* | Acc: *98.612%* (49306/50000) 
Test epoch: 95 | Loss: *0.746* | Acc: *79.710%* (7971/10000)
Train epoch: 96 | Loss: *0.039* | Acc: *98.798%* (49399/50000) 
Test epoch: 96 | Loss: *0.709* | Acc: *81.120%* (8112/10000)
Train epoch: 97 | Loss: *0.039* | Acc: *98.804%* (49402/50000) 
Test epoch: 97 | Loss: *0.649* | Acc: *82.600%* (8260/10000)
Train epoch: 98 | Loss: *0.047* | Acc: *98.516%* (49258/50000) 
Test epoch: 98 | Loss: *0.648* | Acc: *82.150%* (8215/10000)
Train epoch: 99 | Loss: *0.045* | Acc: *98.650%* (49325/50000) 
Test epoch: 99 | Loss: *0.671* | Acc: *81.910%* (8191/10000)
Train epoch: 100 | Loss: *0.039* | Acc: *98.818%* (49409/50000) 
Test epoch: 100 | Loss: *0.803* | Acc: *79.540%* (7954/10000)
Train epoch: 101 | Loss: *0.035* | Acc: *99.018%* (49509/50000) 
Test epoch: 101 | Loss: *0.686* | Acc: *81.480%* (8148/10000)
Train epoch: 102 | Loss: *0.035* | Acc: *98.950%* (49475/50000) 
Test epoch: 102 | Loss: *0.887* | Acc: *79.510%* (7951/10000)
Train epoch: 103 | Loss: *0.033* | Acc: *99.028%* (49514/50000) 
Test epoch: 103 | Loss: *0.863* | Acc: *76.980%* (7698/10000)
Train epoch: 104 | Loss: *0.041* | Acc: *98.750%* (49375/50000) 
Test epoch: 104 | Loss: *0.707* | Acc: *81.130%* (8113/10000)
Train epoch: 105 | Loss: *0.039* | Acc: *98.806%* (49403/50000) 
Test epoch: 105 | Loss: *0.626* | Acc: *82.560%* (8256/10000)
Train epoch: 106 | Loss: *0.028* | Acc: *99.254%* (49627/50000) 
Test epoch: 106 | Loss: *0.750* | Acc: *80.350%* (8035/10000)
Train epoch: 107 | Loss: *0.029* | Acc: *99.202%* (49601/50000) 
Test epoch: 107 | Loss: *0.701* | Acc: *81.000%* (8100/10000)
Train epoch: 108 | Loss: *0.025* | Acc: *99.370%* (49685/50000) 
Test epoch: 108 | Loss: *0.653* | Acc: *82.410%* (8241/10000)
Train epoch: 109 | Loss: *0.024* | Acc: *99.396%* (49698/50000) 
Test epoch: 109 | Loss: *0.684* | Acc: *82.170%* (8217/10000)
Train epoch: 110 | Loss: *0.021* | Acc: *99.508%* (49754/50000) 
Test epoch: 110 | Loss: *0.710* | Acc: *82.010%* (8201/10000)
Train epoch: 111 | Loss: *0.025* | Acc: *99.334%* (49667/50000) 
Test epoch: 111 | Loss: *0.647* | Acc: *82.340%* (8234/10000)
Train epoch: 112 | Loss: *0.033* | Acc: *99.060%* (49530/50000) 
Test epoch: 112 | Loss: *0.592* | Acc: *83.470%* (8347/10000)
Train epoch: 113 | Loss: *0.036* | Acc: *99.002%* (49501/50000) 
Test epoch: 113 | Loss: *0.787* | Acc: *79.650%* (7965/10000)
Train epoch: 114 | Loss: *0.031* | Acc: *99.134%* (49567/50000) 
Test epoch: 114 | Loss: *0.624* | Acc: *82.730%* (8273/10000)
Train epoch: 115 | Loss: *0.023* | Acc: *99.422%* (49711/50000) 
Test epoch: 115 | Loss: *0.641* | Acc: *83.330%* (8333/10000)
Train epoch: 116 | Loss: *0.016* | Acc: *99.690%* (49845/50000) 
Test epoch: 116 | Loss: *0.674* | Acc: *82.430%* (8243/10000)
Train epoch: 117 | Loss: *0.010* | Acc: *99.832%* (49916/50000) 
Test epoch: 117 | Loss: *0.539* | Acc: *84.930%* (8493/10000)
Train epoch: 118 | Loss: *0.004* | Acc: *99.978%* (49989/50000) 
Test epoch: 118 | Loss: *0.504* | Acc: *85.400%* (8540/10000)
Train epoch: 119 | Loss: *0.002* | Acc: *99.998%* (49999/50000) 
Test epoch: 119 | Loss: *0.435* | Acc: *86.910%* (8691/10000)
Train epoch: 120 | Loss: *0.002* | Acc: *100.000%* (50000/50000) 
Test epoch: 120 | Loss: *0.411* | Acc: *87.230%* (8723/10000)
Train epoch: 121 | Loss: *0.002* | Acc: *100.000%* (50000/50000) 
Test epoch: 121 | Loss: *0.403* | Acc: *87.080%* (8708/10000)
Train epoch: 122 | Loss: *0.002* | Acc: *100.000%* (50000/50000) 
Test epoch: 122 | Loss: *0.397* | Acc: *87.300%* (8730/10000)
Train epoch: 123 | Loss: *0.002* | Acc: *100.000%* (50000/50000) 
Test epoch: 123 | Loss: *0.395* | Acc: *87.300%* (8730/10000)
Train epoch: 124 | Loss: *0.002* | Acc: *100.000%* (50000/50000) 
Test epoch: 124 | Loss: *0.392* | Acc: *87.370%* (8737/10000)
Train epoch: 125 | Loss: *0.002* | Acc: *100.000%* (50000/50000) 
Test epoch: 125 | Loss: *0.390* | Acc: *87.410%* (8741/10000)
Train epoch: 126 | Loss: *0.002* | Acc: *100.000%* (50000/50000) 
Test epoch: 126 | Loss: *0.390* | Acc: *87.560%* (8756/10000)
Train epoch: 127 | Loss: *0.002* | Acc: *100.000%* (50000/50000) 
Test epoch: 127 | Loss: *0.396* | Acc: *87.100%* (8710/10000)
Train epoch: 128 | Loss: *0.002* | Acc: *100.000%* (50000/50000) 
Test epoch: 128 | Loss: *0.407* | Acc: *87.080%* (8708/10000)
Train epoch: 129 | Loss: *0.002* | Acc: *100.000%* (50000/50000) 
Test epoch: 129 | Loss: *0.391* | Acc: *87.200%* (8720/10000)
Train epoch: 130 | Loss: *0.002* | Acc: *100.000%* (50000/50000) 
Test epoch: 130 | Loss: *0.402* | Acc: *87.090%* (8709/10000)
Train epoch: 131 | Loss: *0.002* | Acc: *100.000%* (50000/50000) 
Test epoch: 131 | Loss: *0.404* | Acc: *86.970%* (8697/10000)
Train epoch: 132 | Loss: *0.002* | Acc: *100.000%* (50000/50000) 
Test epoch: 132 | Loss: *0.397* | Acc: *87.140%* (8714/10000)
Train epoch: 133 | Loss: *0.002* | Acc: *100.000%* (50000/50000) 
Test epoch: 133 | Loss: *0.410* | Acc: *86.880%* (8688/10000)
Train epoch: 134 | Loss: *0.002* | Acc: *100.000%* (50000/50000) 
Test epoch: 134 | Loss: *0.423* | Acc: *86.440%* (8644/10000)
Train epoch: 135 | Loss: *0.002* | Acc: *100.000%* (50000/50000) 
Test epoch: 135 | Loss: *0.439* | Acc: *85.730%* (8573/10000)
Train epoch: 136 | Loss: *0.002* | Acc: *100.000%* (50000/50000) 
Test epoch: 136 | Loss: *0.443* | Acc: *85.630%* (8563/10000)
Train epoch: 137 | Loss: *0.002* | Acc: *100.000%* (50000/50000) 
Test epoch: 137 | Loss: *0.442* | Acc: *85.980%* (8598/10000)
Train epoch: 138 | Loss: *0.099* | Acc: *96.850%* (48425/50000) 
Test epoch: 138 | Loss: *0.808* | Acc: *74.710%* (7471/10000)
Train epoch: 139 | Loss: *0.270* | Acc: *90.954%* (45477/50000) 
Test epoch: 139 | Loss: *1.054* | Acc: *67.940%* (6794/10000)
Train epoch: 140 | Loss: *0.119* | Acc: *96.342%* (48171/50000) 
Test epoch: 140 | Loss: *0.712* | Acc: *77.800%* (7780/10000)
Train epoch: 141 | Loss: *0.062* | Acc: *98.192%* (49096/50000) 
Test epoch: 141 | Loss: *0.719* | Acc: *79.970%* (7997/10000)
Train epoch: 142 | Loss: *0.035* | Acc: *99.092%* (49546/50000) 
Test epoch: 142 | Loss: *0.569* | Acc: *83.820%* (8382/10000)
Train epoch: 143 | Loss: *0.015* | Acc: *99.766%* (49883/50000) 
Test epoch: 143 | Loss: *0.542* | Acc: *84.730%* (8473/10000)
Train epoch: 144 | Loss: *0.007* | Acc: *99.936%* (49968/50000) 
Test epoch: 144 | Loss: *0.514* | Acc: *85.100%* (8510/10000)
Train epoch: 145 | Loss: *0.003* | Acc: *99.998%* (49999/50000) 
Test epoch: 145 | Loss: *0.457* | Acc: *86.230%* (8623/10000)
Train epoch: 146 | Loss: *0.002* | Acc: *100.000%* (50000/50000) 
Test epoch: 146 | Loss: *0.430* | Acc: *87.010%* (8701/10000)
Train epoch: 147 | Loss: *0.001* | Acc: *100.000%* (50000/50000) 
Test epoch: 147 | Loss: *0.422* | Acc: *86.960%* (8696/10000)
Train epoch: 148 | Loss: *0.001* | Acc: *100.000%* (50000/50000) 
Test epoch: 148 | Loss: *0.412* | Acc: *87.130%* (8713/10000)
Train epoch: 149 | Loss: *0.002* | Acc: *100.000%* (50000/50000) 
Test epoch: 149 | Loss: *0.430* | Acc: *86.500%* (8650/10000)
Train epoch: 150 | Loss: *0.002* | Acc: *100.000%* (50000/50000) 
Test epoch: 150 | Loss: *0.408* | Acc: *87.010%* (8701/10000)
Train epoch: 151 | Loss: *0.002* | Acc: *100.000%* (50000/50000) 
Test epoch: 151 | Loss: *0.401* | Acc: *87.290%* (8729/10000)
Train epoch: 152 | Loss: *0.002* | Acc: *100.000%* (50000/50000) 
Test epoch: 152 | Loss: *0.399* | Acc: *87.180%* (8718/10000)
Train epoch: 153 | Loss: *0.002* | Acc: *100.000%* (50000/50000) 
Test epoch: 153 | Loss: *0.397* | Acc: *87.220%* (8722/10000)
Train epoch: 154 | Loss: *0.002* | Acc: *100.000%* (50000/50000) 
Test epoch: 154 | Loss: *0.410* | Acc: *86.990%* (8699/10000)
Train epoch: 155 | Loss: *0.002* | Acc: *100.000%* (50000/50000) 
Test epoch: 155 | Loss: *0.399* | Acc: *87.320%* (8732/10000)
Train epoch: 156 | Loss: *0.002* | Acc: *100.000%* (50000/50000) 
Test epoch: 156 | Loss: *0.398* | Acc: *87.400%* (8740/10000)
Train epoch: 157 | Loss: *0.002* | Acc: *100.000%* (50000/50000) 
Test epoch: 157 | Loss: *0.406* | Acc: *87.070%* (8707/10000)
Train epoch: 158 | Loss: *0.002* | Acc: *100.000%* (50000/50000) 
Test epoch: 158 | Loss: *0.407* | Acc: *86.930%* (8693/10000)
Train epoch: 159 | Loss: *0.002* | Acc: *100.000%* (50000/50000) 
Test epoch: 159 | Loss: *0.401* | Acc: *87.380%* (8738/10000)
Train epoch: 160 | Loss: *0.002* | Acc: *100.000%* (50000/50000) 
Test epoch: 160 | Loss: *0.404* | Acc: *87.310%* (8731/10000)
Train epoch: 161 | Loss: *0.002* | Acc: *100.000%* (50000/50000) 
Test epoch: 161 | Loss: *0.400* | Acc: *87.200%* (8720/10000)
Train epoch: 162 | Loss: *0.002* | Acc: *100.000%* (50000/50000) 
Test epoch: 162 | Loss: *0.403* | Acc: *87.310%* (8731/10000)
Train epoch: 163 | Loss: *0.002* | Acc: *100.000%* (50000/50000) 
Test epoch: 163 | Loss: *0.399* | Acc: *87.200%* (8720/10000)
Train epoch: 164 | Loss: *0.002* | Acc: *100.000%* (50000/50000) 
Test epoch: 164 | Loss: *0.402* | Acc: *87.140%* (8714/10000)
Train epoch: 165 | Loss: *0.002* | Acc: *100.000%* (50000/50000) 
Test epoch: 165 | Loss: *0.405* | Acc: *87.230%* (8723/10000)
Train epoch: 166 | Loss: *0.002* | Acc: *100.000%* (50000/50000) 
Test epoch: 166 | Loss: *0.407* | Acc: *87.130%* (8713/10000)
Train epoch: 167 | Loss: *0.002* | Acc: *100.000%* (50000/50000) 
Test epoch: 167 | Loss: *0.403* | Acc: *87.120%* (8712/10000)
Train epoch: 168 | Loss: *0.002* | Acc: *100.000%* (50000/50000) 
Test epoch: 168 | Loss: *0.405* | Acc: *87.180%* (8718/10000)
Train epoch: 169 | Loss: *0.002* | Acc: *100.000%* (50000/50000) 
Test epoch: 169 | Loss: *0.405* | Acc: *87.320%* (8732/10000)
Train epoch: 170 | Loss: *0.002* | Acc: *100.000%* (50000/50000) 
Test epoch: 170 | Loss: *0.405* | Acc: *87.350%* (8735/10000)
Train epoch: 171 | Loss: *0.002* | Acc: *100.000%* (50000/50000) 
Test epoch: 171 | Loss: *0.407* | Acc: *87.250%* (8725/10000)
Train epoch: 172 | Loss: *0.002* | Acc: *100.000%* (50000/50000) 
Test epoch: 172 | Loss: *0.406* | Acc: *87.210%* (8721/10000)
Train epoch: 173 | Loss: *0.002* | Acc: *100.000%* (50000/50000) 
Test epoch: 173 | Loss: *0.407* | Acc: *87.250%* (8725/10000)
Train epoch: 174 | Loss: *0.002* | Acc: *100.000%* (50000/50000) 
Test epoch: 174 | Loss: *0.408* | Acc: *86.980%* (8698/10000)
Train epoch: 175 | Loss: *0.002* | Acc: *100.000%* (50000/50000) 
Test epoch: 175 | Loss: *0.408* | Acc: *87.150%* (8715/10000)
Train epoch: 176 | Loss: *0.002* | Acc: *100.000%* (50000/50000) 
Test epoch: 176 | Loss: *0.409* | Acc: *87.070%* (8707/10000)
Train epoch: 177 | Loss: *0.002* | Acc: *100.000%* (50000/50000) 
Test epoch: 177 | Loss: *0.409* | Acc: *87.090%* (8709/10000)
Train epoch: 178 | Loss: *0.002* | Acc: *100.000%* (50000/50000) 
Test epoch: 178 | Loss: *0.410* | Acc: *87.080%* (8708/10000)
Train epoch: 179 | Loss: *0.002* | Acc: *100.000%* (50000/50000) 
Test epoch: 179 | Loss: *0.410* | Acc: *87.100%* (8710/10000)
Train epoch: 180 | Loss: *0.002* | Acc: *100.000%* (50000/50000) 
Test epoch: 180 | Loss: *0.409* | Acc: *86.930%* (8693/10000)
Train epoch: 181 | Loss: *0.002* | Acc: *100.000%* (50000/50000) 
Test epoch: 181 | Loss: *0.410* | Acc: *87.070%* (8707/10000)
Train epoch: 182 | Loss: *0.002* | Acc: *100.000%* (50000/50000) 
Test epoch: 182 | Loss: *0.411* | Acc: *87.050%* (8705/10000)
Train epoch: 183 | Loss: *0.002* | Acc: *100.000%* (50000/50000) 
Test epoch: 183 | Loss: *0.411* | Acc: *87.080%* (8708/10000)
Train epoch: 184 | Loss: *0.002* | Acc: *100.000%* (50000/50000) 
Test epoch: 184 | Loss: *0.411* | Acc: *86.970%* (8697/10000)
Train epoch: 185 | Loss: *0.002* | Acc: *100.000%* (50000/50000) 
Test epoch: 185 | Loss: *0.411* | Acc: *86.880%* (8688/10000)
Train epoch: 186 | Loss: *0.002* | Acc: *100.000%* (50000/50000) 
Test epoch: 186 | Loss: *0.411* | Acc: *87.070%* (8707/10000)
Train epoch: 187 | Loss: *0.002* | Acc: *100.000%* (50000/50000) 
Test epoch: 187 | Loss: *0.412* | Acc: *86.830%* (8683/10000)
Train epoch: 188 | Loss: *0.002* | Acc: *100.000%* (50000/50000) 
Test epoch: 188 | Loss: *0.412* | Acc: *86.960%* (8696/10000)
Train epoch: 189 | Loss: *0.002* | Acc: *100.000%* (50000/50000) 
Test epoch: 189 | Loss: *0.414* | Acc: *86.900%* (8690/10000)
Train epoch: 190 | Loss: *0.002* | Acc: *100.000%* (50000/50000) 
Test epoch: 190 | Loss: *0.414* | Acc: *86.990%* (8699/10000)
Train epoch: 191 | Loss: *0.002* | Acc: *100.000%* (50000/50000) 
Test epoch: 191 | Loss: *0.413* | Acc: *87.000%* (8700/10000)
Train epoch: 192 | Loss: *0.002* | Acc: *100.000%* (50000/50000) 
Test epoch: 192 | Loss: *0.411* | Acc: *86.900%* (8690/10000)
Train epoch: 193 | Loss: *0.002* | Acc: *100.000%* (50000/50000) 
Test epoch: 193 | Loss: *0.412* | Acc: *86.890%* (8689/10000)
Train epoch: 194 | Loss: *0.002* | Acc: *100.000%* (50000/50000) 
Test epoch: 194 | Loss: *0.413* | Acc: *86.980%* (8698/10000)
Train epoch: 195 | Loss: *0.002* | Acc: *100.000%* (50000/50000) 
Test epoch: 195 | Loss: *0.411* | Acc: *86.880%* (8688/10000)
Train epoch: 196 | Loss: *0.002* | Acc: *100.000%* (50000/50000) 
Test epoch: 196 | Loss: *0.412* | Acc: *86.900%* (8690/10000)
Train epoch: 197 | Loss: *0.002* | Acc: *100.000%* (50000/50000) 
Test epoch: 197 | Loss: *0.413* | Acc: *86.970%* (8697/10000)
Train epoch: 198 | Loss: *0.002* | Acc: *100.000%* (50000/50000) 
Test epoch: 198 | Loss: *0.412* | Acc: *87.020%* (8702/10000)
Train epoch: 199 | Loss: *0.002* | Acc: *100.000%* (50000/50000) 
Test epoch: 199 | Loss: *0.412* | Acc: *86.940%* (8694/10000)
Train epoch: 200 | Loss: *0.002* | Acc: *100.000%* (50000/50000) 
Test epoch: 200 | Loss: *0.414* | Acc: *86.900%* (8690/10000)
Train epoch: 201 | Loss: *0.002* | Acc: *100.000%* (50000/50000) 
Test epoch: 201 | Loss: *0.415* | Acc: *86.810%* (8681/10000)
Train epoch: 202 | Loss: *0.002* | Acc: *100.000%* (50000/50000) 
Test epoch: 202 | Loss: *0.411* | Acc: *86.960%* (8696/10000)
Train epoch: 203 | Loss: *0.002* | Acc: *100.000%* (50000/50000) 
Test epoch: 203 | Loss: *0.416* | Acc: *87.010%* (8701/10000)
Train epoch: 204 | Loss: *0.002* | Acc: *100.000%* (50000/50000) 
Test epoch: 204 | Loss: *0.413* | Acc: *86.910%* (8691/10000)
Train epoch: 205 | Loss: *0.002* | Acc: *100.000%* (50000/50000) 
Test epoch: 205 | Loss: *0.413* | Acc: *86.790%* (8679/10000)
Train epoch: 206 | Loss: *0.002* | Acc: *100.000%* (50000/50000) 
Test epoch: 206 | Loss: *0.412* | Acc: *86.880%* (8688/10000)
Train epoch: 207 | Loss: *0.002* | Acc: *100.000%* (50000/50000) 
Test epoch: 207 | Loss: *0.412* | Acc: *86.960%* (8696/10000)
Train epoch: 208 | Loss: *0.002* | Acc: *100.000%* (50000/50000) 
Test epoch: 208 | Loss: *0.412* | Acc: *86.940%* (8694/10000)
Train epoch: 209 | Loss: *0.002* | Acc: *100.000%* (50000/50000) 
Test epoch: 209 | Loss: *0.412* | Acc: *86.870%* (8687/10000)
Train epoch: 210 | Loss: *0.002* | Acc: *100.000%* (50000/50000) 
Test epoch: 210 | Loss: *0.413* | Acc: *86.740%* (8674/10000)
Train epoch: 211 | Loss: *0.002* | Acc: *100.000%* (50000/50000) 
Test epoch: 211 | Loss: *0.412* | Acc: *86.880%* (8688/10000)
Train epoch: 212 | Loss: *0.002* | Acc: *100.000%* (50000/50000) 
Test epoch: 212 | Loss: *0.412* | Acc: *86.930%* (8693/10000)
Train epoch: 213 | Loss: *0.002* | Acc: *100.000%* (50000/50000) 
Test epoch: 213 | Loss: *0.413* | Acc: *86.960%* (8696/10000)
Train epoch: 214 | Loss: *0.002* | Acc: *100.000%* (50000/50000) 
Test epoch: 214 | Loss: *0.412* | Acc: *86.950%* (8695/10000)
Train epoch: 215 | Loss: *0.002* | Acc: *100.000%* (50000/50000) 
Test epoch: 215 | Loss: *0.413* | Acc: *87.000%* (8700/10000)
Train epoch: 216 | Loss: *0.002* | Acc: *100.000%* (50000/50000) 
Test epoch: 216 | Loss: *0.413* | Acc: *86.910%* (8691/10000)
Train epoch: 217 | Loss: *0.002* | Acc: *100.000%* (50000/50000) 
Test epoch: 217 | Loss: *0.413* | Acc: *86.910%* (8691/10000)
Train epoch: 218 | Loss: *0.002* | Acc: *100.000%* (50000/50000) 
Test epoch: 218 | Loss: *0.416* | Acc: *86.920%* (8692/10000)
Train epoch: 219 | Loss: *0.002* | Acc: *100.000%* (50000/50000) 
Test epoch: 219 | Loss: *0.414* | Acc: *86.820%* (8682/10000)
Train epoch: 220 | Loss: *0.002* | Acc: *100.000%* (50000/50000) 
Test epoch: 220 | Loss: *0.414* | Acc: *86.910%* (8691/10000)
Train epoch: 221 | Loss: *0.002* | Acc: *100.000%* (50000/50000) 
Test epoch: 221 | Loss: *0.414* | Acc: *86.980%* (8698/10000)
Train epoch: 222 | Loss: *0.002* | Acc: *100.000%* (50000/50000) 
Test epoch: 222 | Loss: *0.416* | Acc: *86.820%* (8682/10000)
Train epoch: 223 | Loss: *0.002* | Acc: *100.000%* (50000/50000) 
Test epoch: 223 | Loss: *0.415* | Acc: *86.740%* (8674/10000)
Train epoch: 224 | Loss: *0.002* | Acc: *100.000%* (50000/50000) 
Test epoch: 224 | Loss: *0.416* | Acc: *86.680%* (8668/10000)
Train epoch: 225 | Loss: *0.002* | Acc: *100.000%* (50000/50000) 
Test epoch: 225 | Loss: *0.418* | Acc: *86.790%* (8679/10000)
Train epoch: 226 | Loss: *0.002* | Acc: *100.000%* (50000/50000) 
Test epoch: 226 | Loss: *0.417* | Acc: *86.850%* (8685/10000)
Train epoch: 227 | Loss: *0.002* | Acc: *100.000%* (50000/50000) 
Test epoch: 227 | Loss: *0.418* | Acc: *86.760%* (8676/10000)
Train epoch: 228 | Loss: *0.002* | Acc: *100.000%* (50000/50000) 
Test epoch: 228 | Loss: *0.420* | Acc: *86.440%* (8644/10000)
Train epoch: 229 | Loss: *0.002* | Acc: *100.000%* (50000/50000) 
Test epoch: 229 | Loss: *0.422* | Acc: *86.530%* (8653/10000)
Train epoch: 230 | Loss: *0.002* | Acc: *100.000%* (50000/50000) 
Test epoch: 230 | Loss: *0.422* | Acc: *86.750%* (8675/10000)
Train epoch: 231 | Loss: *0.002* | Acc: *100.000%* (50000/50000) 
Test epoch: 231 | Loss: *0.427* | Acc: *86.370%* (8637/10000)
Train epoch: 232 | Loss: *0.002* | Acc: *100.000%* (50000/50000) 
Test epoch: 232 | Loss: *0.425* | Acc: *86.520%* (8652/10000)
Train epoch: 233 | Loss: *0.002* | Acc: *100.000%* (50000/50000) 
Test epoch: 233 | Loss: *0.444* | Acc: *85.830%* (8583/10000)
Train epoch: 234 | Loss: *0.002* | Acc: *100.000%* (50000/50000) 
Test epoch: 234 | Loss: *0.429* | Acc: *86.200%* (8620/10000)
Train epoch: 235 | Loss: *0.002* | Acc: *100.000%* (50000/50000) 
Test epoch: 235 | Loss: *0.424* | Acc: *86.350%* (8635/10000)
Train epoch: 236 | Loss: *0.002* | Acc: *100.000%* (50000/50000) 
Test epoch: 236 | Loss: *0.440* | Acc: *86.110%* (8611/10000)
Train epoch: 237 | Loss: *0.002* | Acc: *100.000%* (50000/50000) 
Test epoch: 237 | Loss: *0.456* | Acc: *85.680%* (8568/10000)
Train epoch: 238 | Loss: *0.002* | Acc: *100.000%* (50000/50000) 
Test epoch: 238 | Loss: *0.517* | Acc: *83.900%* (8390/10000)
Train epoch: 239 | Loss: *0.002* | Acc: *100.000%* (50000/50000) 
Test epoch: 239 | Loss: *0.445* | Acc: *85.860%* (8586/10000)
Train epoch: 240 | Loss: *0.002* | Acc: *100.000%* (50000/50000) 
Test epoch: 240 | Loss: *0.439* | Acc: *85.900%* (8590/10000)
Train epoch: 241 | Loss: *0.002* | Acc: *100.000%* (50000/50000) 
Test epoch: 241 | Loss: *0.480* | Acc: *85.030%* (8503/10000)
Train epoch: 242 | Loss: *0.002* | Acc: *100.000%* (50000/50000) 
Test epoch: 242 | Loss: *0.467* | Acc: *85.040%* (8504/10000)
Train epoch: 243 | Loss: *0.002* | Acc: *100.000%* (50000/50000) 
Test epoch: 243 | Loss: *0.498* | Acc: *84.660%* (8466/10000)
Train epoch: 244 | Loss: *0.038* | Acc: *98.878%* (49439/50000) 
Test epoch: 244 | Loss: *0.749* | Acc: *76.430%* (7643/10000)
Train epoch: 245 | Loss: *0.154* | Acc: *95.500%* (47750/50000) 
Test epoch: 245 | Loss: *0.618* | Acc: *80.220%* (8022/10000)
Train epoch: 246 | Loss: *0.095* | Acc: *97.182%* (48591/50000) 
Test epoch: 246 | Loss: *0.640* | Acc: *80.590%* (8059/10000)
Train epoch: 247 | Loss: *0.068* | Acc: *98.082%* (49041/50000) 
Test epoch: 247 | Loss: *0.709* | Acc: *80.230%* (8023/10000)
Train epoch: 248 | Loss: *0.048* | Acc: *98.772%* (49386/50000) 
Test epoch: 248 | Loss: *1.514* | Acc: *65.010%* (6501/10000)
Train epoch: 249 | Loss: *0.041* | Acc: *98.858%* (49429/50000) 
Test epoch: 249 | Loss: *0.665* | Acc: *81.540%* (8154/10000)
Train epoch: 250 | Loss: *0.035* | Acc: *99.106%* (49553/50000) 
Test epoch: 250 | Loss: *0.697* | Acc: *80.760%* (8076/10000)
Train epoch: 251 | Loss: *0.028* | Acc: *99.280%* (49640/50000) 
Test epoch: 251 | Loss: *0.726* | Acc: *79.670%* (7967/10000)
Train epoch: 252 | Loss: *0.030* | Acc: *99.212%* (49606/50000) 
Test epoch: 252 | Loss: *0.672* | Acc: *80.780%* (8078/10000)
Train epoch: 253 | Loss: *0.026* | Acc: *99.312%* (49656/50000) 
Test epoch: 253 | Loss: *0.665* | Acc: *81.910%* (8191/10000)
Train epoch: 254 | Loss: *0.026* | Acc: *99.322%* (49661/50000) 
Test epoch: 254 | Loss: *0.865* | Acc: *78.050%* (7805/10000)
Train epoch: 255 | Loss: *0.025* | Acc: *99.328%* (49664/50000) 
Test epoch: 255 | Loss: *0.751* | Acc: *79.480%* (7948/10000)
Train epoch: 256 | Loss: *0.023* | Acc: *99.396%* (49698/50000) 
Test epoch: 256 | Loss: *0.667* | Acc: *81.590%* (8159/10000)
Train epoch: 257 | Loss: *0.024* | Acc: *99.364%* (49682/50000) 
Test epoch: 257 | Loss: *0.672* | Acc: *82.150%* (8215/10000)
Train epoch: 258 | Loss: *0.023* | Acc: *99.474%* (49737/50000) 
Test epoch: 258 | Loss: *0.895* | Acc: *77.500%* (7750/10000)
Train epoch: 259 | Loss: *0.026* | Acc: *99.258%* (49629/50000) 
Test epoch: 259 | Loss: *0.628* | Acc: *82.590%* (8259/10000)
Train epoch: 260 | Loss: *0.024* | Acc: *99.356%* (49678/50000) 
Test epoch: 260 | Loss: *0.663* | Acc: *82.250%* (8225/10000)
Train epoch: 261 | Loss: *0.027* | Acc: *99.210%* (49605/50000) 
Test epoch: 261 | Loss: *0.636* | Acc: *82.690%* (8269/10000)
Train epoch: 262 | Loss: *0.029* | Acc: *99.148%* (49574/50000) 
Test epoch: 262 | Loss: *0.622* | Acc: *83.300%* (8330/10000)
Train epoch: 263 | Loss: *0.031* | Acc: *99.110%* (49555/50000) 
Test epoch: 263 | Loss: *0.668* | Acc: *81.840%* (8184/10000)
Train epoch: 264 | Loss: *0.030* | Acc: *99.148%* (49574/50000) 
Test epoch: 264 | Loss: *0.674* | Acc: *82.270%* (8227/10000)
Train epoch: 265 | Loss: *0.030* | Acc: *99.124%* (49562/50000) 
Test epoch: 265 | Loss: *0.681* | Acc: *82.100%* (8210/10000)
Train epoch: 266 | Loss: *0.026* | Acc: *99.304%* (49652/50000) 
Test epoch: 266 | Loss: *0.611* | Acc: *82.750%* (8275/10000)
Train epoch: 267 | Loss: *0.027* | Acc: *99.224%* (49612/50000) 
Test epoch: 267 | Loss: *0.807* | Acc: *80.310%* (8031/10000)
Train epoch: 268 | Loss: *0.032* | Acc: *99.038%* (49519/50000) 
Test epoch: 268 | Loss: *0.648* | Acc: *82.250%* (8225/10000)
Train epoch: 269 | Loss: *0.033* | Acc: *99.028%* (49514/50000) 
Test epoch: 269 | Loss: *0.810* | Acc: *79.660%* (7966/10000)
Train epoch: 270 | Loss: *0.034* | Acc: *99.004%* (49502/50000) 
Test epoch: 270 | Loss: *0.647* | Acc: *81.990%* (8199/10000)
Train epoch: 271 | Loss: *0.035* | Acc: *98.956%* (49478/50000) 
Test epoch: 271 | Loss: *0.864* | Acc: *78.280%* (7828/10000)
Train epoch: 272 | Loss: *0.030* | Acc: *99.212%* (49606/50000) 
Test epoch: 272 | Loss: *0.694* | Acc: *81.310%* (8131/10000)
Train epoch: 273 | Loss: *0.031* | Acc: *99.096%* (49548/50000) 
Test epoch: 273 | Loss: *0.784* | Acc: *79.890%* (7989/10000)
Train epoch: 274 | Loss: *0.033* | Acc: *99.028%* (49514/50000) 
Test epoch: 274 | Loss: *0.686* | Acc: *80.990%* (8099/10000)
Train epoch: 275 | Loss: *0.036* | Acc: *98.946%* (49473/50000) 
Test epoch: 275 | Loss: *0.686* | Acc: *81.640%* (8164/10000)
Train epoch: 276 | Loss: *0.038* | Acc: *98.834%* (49417/50000) 
Test epoch: 276 | Loss: *0.843* | Acc: *78.630%* (7863/10000)
Train epoch: 277 | Loss: *0.041* | Acc: *98.776%* (49388/50000) 
Test epoch: 277 | Loss: *0.726* | Acc: *80.080%* (8008/10000)
Train epoch: 278 | Loss: *0.037* | Acc: *98.882%* (49441/50000) 
Test epoch: 278 | Loss: *0.850* | Acc: *79.480%* (7948/10000)
Train epoch: 279 | Loss: *0.037* | Acc: *98.900%* (49450/50000) 
Test epoch: 279 | Loss: *0.629* | Acc: *83.250%* (8325/10000)
Train epoch: 280 | Loss: *0.036* | Acc: *98.908%* (49454/50000) 
Test epoch: 280 | Loss: *0.688* | Acc: *81.170%* (8117/10000)
Train epoch: 281 | Loss: *0.037* | Acc: *98.918%* (49459/50000) 
Test epoch: 281 | Loss: *0.691* | Acc: *81.410%* (8141/10000)
Train epoch: 282 | Loss: *0.039* | Acc: *98.764%* (49382/50000) 
Test epoch: 282 | Loss: *0.710* | Acc: *81.690%* (8169/10000)
Train epoch: 283 | Loss: *0.035* | Acc: *98.964%* (49482/50000) 
Test epoch: 283 | Loss: *0.864* | Acc: *79.730%* (7973/10000)
Train epoch: 284 | Loss: *0.037* | Acc: *98.864%* (49432/50000) 
Test epoch: 284 | Loss: *0.696* | Acc: *80.960%* (8096/10000)
Train epoch: 285 | Loss: *0.047* | Acc: *98.576%* (49288/50000) 
Test epoch: 285 | Loss: *0.670* | Acc: *82.290%* (8229/10000)
Train epoch: 286 | Loss: *0.044* | Acc: *98.584%* (49292/50000) 
Test epoch: 286 | Loss: *0.775* | Acc: *80.330%* (8033/10000)
Train epoch: 287 | Loss: *0.042* | Acc: *98.684%* (49342/50000) 
Test epoch: 287 | Loss: *0.812* | Acc: *79.380%* (7938/10000)
Train epoch: 288 | Loss: *0.042* | Acc: *98.740%* (49370/50000) 
Test epoch: 288 | Loss: *0.801* | Acc: *79.480%* (7948/10000)
Train epoch: 289 | Loss: *0.042* | Acc: *98.768%* (49384/50000) 
Test epoch: 289 | Loss: *0.767* | Acc: *79.900%* (7990/10000)
Train epoch: 290 | Loss: *0.046* | Acc: *98.596%* (49298/50000) 
Test epoch: 290 | Loss: *0.676* | Acc: *82.190%* (8219/10000)
Train epoch: 291 | Loss: *0.056* | Acc: *98.160%* (49080/50000) 
Test epoch: 291 | Loss: *0.868* | Acc: *77.510%* (7751/10000)
Train epoch: 292 | Loss: *0.047* | Acc: *98.532%* (49266/50000) 
Test epoch: 292 | Loss: *0.960* | Acc: *75.430%* (7543/10000)
Train epoch: 293 | Loss: *0.047* | Acc: *98.512%* (49256/50000) 
Test epoch: 293 | Loss: *0.913* | Acc: *77.940%* (7794/10000)
Train epoch: 294 | Loss: *0.050* | Acc: *98.380%* (49190/50000) 
Test epoch: 294 | Loss: *0.934* | Acc: *78.210%* (7821/10000)
Train epoch: 295 | Loss: *0.047* | Acc: *98.538%* (49269/50000) 
Test epoch: 295 | Loss: *0.779* | Acc: *79.540%* (7954/10000)
Train epoch: 296 | Loss: *0.049* | Acc: *98.500%* (49250/50000) 
Test epoch: 296 | Loss: *0.840* | Acc: *78.960%* (7896/10000)
Train epoch: 297 | Loss: *0.048* | Acc: *98.448%* (49224/50000) 
Test epoch: 297 | Loss: *0.761* | Acc: *80.340%* (8034/10000)
Train epoch: 298 | Loss: *0.052* | Acc: *98.340%* (49170/50000) 
Test epoch: 298 | Loss: *0.838* | Acc: *78.960%* (7896/10000)
Train epoch: 299 | Loss: *0.055* | Acc: *98.238%* (49119/50000) 
Test epoch: 299 | Loss: *0.641* | Acc: *82.590%* (8259/10000)
Train epoch: 300 | Loss: *0.056* | Acc: *98.176%* (49088/50000) 
Test epoch: 300 | Loss: *0.691* | Acc: *81.420%* (8142/10000)
Train epoch: 301 | Loss: *0.052* | Acc: *98.366%* (49183/50000) 
Test epoch: 301 | Loss: *0.738* | Acc: *81.120%* (8112/10000)
Train epoch: 302 | Loss: *0.058* | Acc: *98.126%* (49063/50000) 
Test epoch: 302 | Loss: *0.783* | Acc: *79.870%* (7987/10000)
Train epoch: 303 | Loss: *0.056* | Acc: *98.204%* (49102/50000) 
Test epoch: 303 | Loss: *0.805* | Acc: *80.890%* (8089/10000)
Train epoch: 304 | Loss: *0.059* | Acc: *98.116%* (49058/50000) 
Test epoch: 304 | Loss: *0.742* | Acc: *80.820%* (8082/10000)
Train epoch: 305 | Loss: *0.061* | Acc: *98.008%* (49004/50000) 
Test epoch: 305 | Loss: *0.737* | Acc: *81.190%* (8119/10000)
Train epoch: 306 | Loss: *0.061* | Acc: *98.054%* (49027/50000) 
Test epoch: 306 | Loss: *0.772* | Acc: *79.730%* (7973/10000)
Train epoch: 307 | Loss: *0.056* | Acc: *98.184%* (49092/50000) 
Test epoch: 307 | Loss: *0.807* | Acc: *80.290%* (8029/10000)
Train epoch: 308 | Loss: *0.056* | Acc: *98.184%* (49092/50000) 
Test epoch: 308 | Loss: *0.830* | Acc: *79.270%* (7927/10000)
Train epoch: 309 | Loss: *0.062* | Acc: *98.008%* (49004/50000) 
Test epoch: 309 | Loss: *0.721* | Acc: *81.100%* (8110/10000)
Train epoch: 310 | Loss: *0.062* | Acc: *97.952%* (48976/50000) 
Test epoch: 310 | Loss: *0.756* | Acc: *80.330%* (8033/10000)
Train epoch: 311 | Loss: *0.064* | Acc: *97.906%* (48953/50000) 
Test epoch: 311 | Loss: *0.830* | Acc: *80.070%* (8007/10000)
Train epoch: 312 | Loss: *0.065* | Acc: *97.938%* (48969/50000) 
Test epoch: 312 | Loss: *1.203* | Acc: *71.700%* (7170/10000)
Train epoch: 313 | Loss: *0.071* | Acc: *97.712%* (48856/50000) 
Test epoch: 313 | Loss: *0.943* | Acc: *78.630%* (7863/10000)
Train epoch: 314 | Loss: *0.067* | Acc: *97.772%* (48886/50000) 
Test epoch: 314 | Loss: *0.714* | Acc: *81.330%* (8133/10000)
Train epoch: 315 | Loss: *0.065* | Acc: *97.882%* (48941/50000) 
Test epoch: 315 | Loss: *0.713* | Acc: *81.230%* (8123/10000)
Train epoch: 316 | Loss: *0.067* | Acc: *97.824%* (48912/50000) 
Test epoch: 316 | Loss: *0.779* | Acc: *79.690%* (7969/10000)
Train epoch: 317 | Loss: *0.066* | Acc: *97.796%* (48898/50000) 
Test epoch: 317 | Loss: *0.794* | Acc: *80.500%* (8050/10000)
Train epoch: 318 | Loss: *0.068* | Acc: *97.780%* (48890/50000) 
Test epoch: 318 | Loss: *0.906* | Acc: *77.780%* (7778/10000)
Train epoch: 319 | Loss: *0.075* | Acc: *97.496%* (48748/50000) 
Test epoch: 319 | Loss: *0.697* | Acc: *81.850%* (8185/10000)
Train epoch: 320 | Loss: *0.063* | Acc: *97.970%* (48985/50000) 
Test epoch: 320 | Loss: *1.096* | Acc: *73.260%* (7326/10000)
Train epoch: 321 | Loss: *0.074* | Acc: *97.526%* (48763/50000) 
Test epoch: 321 | Loss: *0.671* | Acc: *81.120%* (8112/10000)
Train epoch: 322 | Loss: *0.078* | Acc: *97.474%* (48737/50000) 
Test epoch: 322 | Loss: *0.722* | Acc: *80.410%* (8041/10000)
Train epoch: 323 | Loss: *0.069* | Acc: *97.796%* (48898/50000) 
Test epoch: 323 | Loss: *0.818* | Acc: *78.350%* (7835/10000)
Train epoch: 324 | Loss: *0.078* | Acc: *97.446%* (48723/50000) 
Test epoch: 324 | Loss: *0.766* | Acc: *79.990%* (7999/10000)
Train epoch: 325 | Loss: *0.074* | Acc: *97.614%* (48807/50000) 
Test epoch: 325 | Loss: *0.774* | Acc: *79.350%* (7935/10000)
Train epoch: 326 | Loss: *0.073* | Acc: *97.564%* (48782/50000) 
Test epoch: 326 | Loss: *0.843* | Acc: *78.080%* (7808/10000)
Train epoch: 327 | Loss: *0.075* | Acc: *97.596%* (48798/50000) 
Test epoch: 327 | Loss: *0.750* | Acc: *79.980%* (7998/10000)
Train epoch: 328 | Loss: *0.083* | Acc: *97.224%* (48612/50000) 
Test epoch: 328 | Loss: *0.771* | Acc: *79.430%* (7943/10000)
Train epoch: 329 | Loss: *0.079* | Acc: *97.450%* (48725/50000) 
Test epoch: 329 | Loss: *0.801* | Acc: *79.050%* (7905/10000)
Train epoch: 330 | Loss: *0.080* | Acc: *97.212%* (48606/50000) 
Test epoch: 330 | Loss: *0.833* | Acc: *78.670%* (7867/10000)
Train epoch: 331 | Loss: *0.079* | Acc: *97.356%* (48678/50000) 
Test epoch: 331 | Loss: *0.709* | Acc: *82.000%* (8200/10000)
Train epoch: 332 | Loss: *0.079* | Acc: *97.394%* (48697/50000) 
Test epoch: 332 | Loss: *0.789* | Acc: *77.730%* (7773/10000)
Train epoch: 333 | Loss: *0.078* | Acc: *97.416%* (48708/50000) 
Test epoch: 333 | Loss: *0.823* | Acc: *79.350%* (7935/10000)
Train epoch: 334 | Loss: *0.087* | Acc: *97.136%* (48568/50000) 
Test epoch: 334 | Loss: *0.721* | Acc: *79.790%* (7979/10000)
Train epoch: 335 | Loss: *0.085* | Acc: *97.238%* (48619/50000) 
Test epoch: 335 | Loss: *0.979* | Acc: *75.250%* (7525/10000)
Train epoch: 336 | Loss: *0.084* | Acc: *97.276%* (48638/50000) 
Test epoch: 336 | Loss: *0.660* | Acc: *82.400%* (8240/10000)
Train epoch: 337 | Loss: *0.077* | Acc: *97.552%* (48776/50000) 
Test epoch: 337 | Loss: *0.846* | Acc: *77.130%* (7713/10000)
Train epoch: 338 | Loss: *0.090* | Acc: *97.076%* (48538/50000) 
Test epoch: 338 | Loss: *0.889* | Acc: *77.090%* (7709/10000)
Train epoch: 339 | Loss: *0.086* | Acc: *97.106%* (48553/50000) 
Test epoch: 339 | Loss: *0.696* | Acc: *81.020%* (8102/10000)
Train epoch: 340 | Loss: *0.087* | Acc: *97.108%* (48554/50000) 
Test epoch: 340 | Loss: *0.847* | Acc: *77.490%* (7749/10000)
Train epoch: 341 | Loss: *0.086* | Acc: *97.182%* (48591/50000) 
Test epoch: 341 | Loss: *0.787* | Acc: *78.870%* (7887/10000)
Train epoch: 342 | Loss: *0.090* | Acc: *97.042%* (48521/50000) 
Test epoch: 342 | Loss: *0.825* | Acc: *78.160%* (7816/10000)
Train epoch: 343 | Loss: *0.090* | Acc: *96.978%* (48489/50000) 
Test epoch: 343 | Loss: *0.757* | Acc: *80.410%* (8041/10000)
Train epoch: 344 | Loss: *0.091* | Acc: *96.984%* (48492/50000) 
Test epoch: 344 | Loss: *0.740* | Acc: *80.190%* (8019/10000)
Train epoch: 345 | Loss: *0.095* | Acc: *96.794%* (48397/50000) 
Test epoch: 345 | Loss: *0.823* | Acc: *79.330%* (7933/10000)
Train epoch: 346 | Loss: *0.085* | Acc: *97.240%* (48620/50000) 
Test epoch: 346 | Loss: *0.961* | Acc: *76.050%* (7605/10000)
Train epoch: 347 | Loss: *0.091* | Acc: *96.988%* (48494/50000) 
Test epoch: 347 | Loss: *0.729* | Acc: *80.920%* (8092/10000)
Train epoch: 348 | Loss: *0.092* | Acc: *97.000%* (48500/50000) 
Test epoch: 348 | Loss: *0.812* | Acc: *79.130%* (7913/10000)
Train epoch: 349 | Loss: *0.099* | Acc: *96.716%* (48358/50000) 
Test epoch: 349 | Loss: *1.074* | Acc: *72.650%* (7265/10000)
Train epoch: 350 | Loss: *0.091* | Acc: *96.914%* (48457/50000) 
Test epoch: 350 | Loss: *0.875* | Acc: *77.760%* (7776/10000)
Train epoch: 351 | Loss: *0.096* | Acc: *96.868%* (48434/50000) 
Test epoch: 351 | Loss: *0.969* | Acc: *76.790%* (7679/10000)
Train epoch: 352 | Loss: *0.094* | Acc: *96.820%* (48410/50000) 
Test epoch: 352 | Loss: *0.793* | Acc: *78.610%* (7861/10000)
Train epoch: 353 | Loss: *0.092* | Acc: *96.930%* (48465/50000) 
Test epoch: 353 | Loss: *0.767* | Acc: *78.770%* (7877/10000)
Train epoch: 354 | Loss: *0.100* | Acc: *96.642%* (48321/50000) 
Test epoch: 354 | Loss: *0.820* | Acc: *78.790%* (7879/10000)
Train epoch: 355 | Loss: *0.100* | Acc: *96.652%* (48326/50000) 
Test epoch: 355 | Loss: *0.743* | Acc: *79.970%* (7997/10000)
Train epoch: 356 | Loss: *0.096* | Acc: *96.810%* (48405/50000) 
Test epoch: 356 | Loss: *0.776* | Acc: *78.480%* (7848/10000)
Train epoch: 357 | Loss: *0.097* | Acc: *96.770%* (48385/50000) 
Test epoch: 357 | Loss: *0.833* | Acc: *77.330%* (7733/10000)
Train epoch: 358 | Loss: *0.102* | Acc: *96.546%* (48273/50000) 
Test epoch: 358 | Loss: *0.854* | Acc: *77.860%* (7786/10000)
Train epoch: 359 | Loss: *0.100* | Acc: *96.610%* (48305/50000) 
Test epoch: 359 | Loss: *0.782* | Acc: *77.980%* (7798/10000)
Train epoch: 360 | Loss: *0.098* | Acc: *96.782%* (48391/50000) 
Test epoch: 360 | Loss: *0.730* | Acc: *80.630%* (8063/10000)
Train epoch: 361 | Loss: *0.098* | Acc: *96.706%* (48353/50000) 
Test epoch: 361 | Loss: *0.785* | Acc: *79.250%* (7925/10000)
Train epoch: 362 | Loss: *0.101* | Acc: *96.604%* (48302/50000) 
Test epoch: 362 | Loss: *0.761* | Acc: *78.730%* (7873/10000)
Train epoch: 363 | Loss: *0.094* | Acc: *96.802%* (48401/50000) 
Test epoch: 363 | Loss: *0.829* | Acc: *77.840%* (7784/10000)
Train epoch: 364 | Loss: *0.105* | Acc: *96.528%* (48264/50000) 
Test epoch: 364 | Loss: *0.925* | Acc: *75.100%* (7510/10000)
Train epoch: 365 | Loss: *0.099* | Acc: *96.716%* (48358/50000) 
Test epoch: 365 | Loss: *0.759* | Acc: *79.600%* (7960/10000)
Train epoch: 366 | Loss: *0.106* | Acc: *96.546%* (48273/50000) 
Test epoch: 366 | Loss: *0.864* | Acc: *77.870%* (7787/10000)
Train epoch: 367 | Loss: *0.103* | Acc: *96.500%* (48250/50000) 
Test epoch: 367 | Loss: *0.646* | Acc: *82.120%* (8212/10000)
Train epoch: 368 | Loss: *0.096* | Acc: *96.882%* (48441/50000) 
Test epoch: 368 | Loss: *1.218* | Acc: *70.260%* (7026/10000)
Train epoch: 369 | Loss: *0.107* | Acc: *96.398%* (48199/50000) 
Test epoch: 369 | Loss: *0.692* | Acc: *79.660%* (7966/10000)
Train epoch: 370 | Loss: *0.109* | Acc: *96.386%* (48193/50000) 
Test epoch: 370 | Loss: *1.034* | Acc: *75.630%* (7563/10000)
Train epoch: 371 | Loss: *0.105* | Acc: *96.480%* (48240/50000) 
Test epoch: 371 | Loss: *0.695* | Acc: *80.180%* (8018/10000)
Train epoch: 372 | Loss: *0.095* | Acc: *96.884%* (48442/50000) 
Test epoch: 372 | Loss: *0.978* | Acc: *76.030%* (7603/10000)
Train epoch: 373 | Loss: *0.104* | Acc: *96.400%* (48200/50000) 
Test epoch: 373 | Loss: *0.681* | Acc: *80.290%* (8029/10000)
Train epoch: 374 | Loss: *0.107* | Acc: *96.468%* (48234/50000) 
Test epoch: 374 | Loss: *0.885* | Acc: *78.300%* (7830/10000)
Train epoch: 375 | Loss: *0.107* | Acc: *96.446%* (48223/50000) 
Test epoch: 375 | Loss: *0.817* | Acc: *78.040%* (7804/10000)
Train epoch: 376 | Loss: *0.110* | Acc: *96.354%* (48177/50000) 
Test epoch: 376 | Loss: *1.338* | Acc: *71.040%* (7104/10000)
Train epoch: 377 | Loss: *0.107* | Acc: *96.444%* (48222/50000) 
Test epoch: 377 | Loss: *0.852* | Acc: *76.420%* (7642/10000)
Train epoch: 378 | Loss: *0.106* | Acc: *96.442%* (48221/50000) 
Test epoch: 378 | Loss: *0.677* | Acc: *80.900%* (8090/10000)
Train epoch: 379 | Loss: *0.102* | Acc: *96.576%* (48288/50000) 
Test epoch: 379 | Loss: *0.987* | Acc: *75.460%* (7546/10000)
Train epoch: 380 | Loss: *0.108* | Acc: *96.300%* (48150/50000) 
Test epoch: 380 | Loss: *0.704* | Acc: *80.940%* (8094/10000)
Train epoch: 381 | Loss: *0.105* | Acc: *96.494%* (48247/50000) 
Test epoch: 381 | Loss: *1.125* | Acc: *72.770%* (7277/10000)
Train epoch: 382 | Loss: *0.108* | Acc: *96.450%* (48225/50000) 
Test epoch: 382 | Loss: *1.168* | Acc: *71.100%* (7110/10000)
Train epoch: 383 | Loss: *0.109* | Acc: *96.230%* (48115/50000) 
Test epoch: 383 | Loss: *1.008* | Acc: *73.700%* (7370/10000)
Train epoch: 384 | Loss: *0.107* | Acc: *96.486%* (48243/50000) 
Test epoch: 384 | Loss: *0.766* | Acc: *79.350%* (7935/10000)
Train epoch: 385 | Loss: *0.108* | Acc: *96.374%* (48187/50000) 
Test epoch: 385 | Loss: *0.726* | Acc: *80.890%* (8089/10000)
Train epoch: 386 | Loss: *0.107* | Acc: *96.390%* (48195/50000) 
Test epoch: 386 | Loss: *2.013* | Acc: *62.130%* (6213/10000)
Train epoch: 387 | Loss: *0.111* | Acc: *96.244%* (48122/50000) 
Test epoch: 387 | Loss: *0.767* | Acc: *79.380%* (7938/10000)
Train epoch: 388 | Loss: *0.109* | Acc: *96.366%* (48183/50000) 
Test epoch: 388 | Loss: *0.750* | Acc: *78.750%* (7875/10000)
Train epoch: 389 | Loss: *0.107* | Acc: *96.370%* (48185/50000) 
Test epoch: 389 | Loss: *0.658* | Acc: *80.330%* (8033/10000)
Train epoch: 390 | Loss: *0.102* | Acc: *96.558%* (48279/50000) 
Test epoch: 390 | Loss: *0.751* | Acc: *78.760%* (7876/10000)
Train epoch: 391 | Loss: *0.115* | Acc: *96.112%* (48056/50000) 
Test epoch: 391 | Loss: *0.785* | Acc: *79.040%* (7904/10000)
Train epoch: 392 | Loss: *0.105* | Acc: *96.508%* (48254/50000) 
Test epoch: 392 | Loss: *0.645* | Acc: *81.160%* (8116/10000)
Train epoch: 393 | Loss: *0.107* | Acc: *96.396%* (48198/50000) 
Test epoch: 393 | Loss: *0.676* | Acc: *81.220%* (8122/10000)
Train epoch: 394 | Loss: *0.111* | Acc: *96.320%* (48160/50000) 
Test epoch: 394 | Loss: *0.774* | Acc: *77.920%* (7792/10000)
Train epoch: 395 | Loss: *0.112* | Acc: *96.190%* (48095/50000) 
Test epoch: 395 | Loss: *0.914* | Acc: *76.280%* (7628/10000)
Train epoch: 396 | Loss: *0.103* | Acc: *96.538%* (48269/50000) 
Test epoch: 396 | Loss: *0.703* | Acc: *79.270%* (7927/10000)
Train epoch: 397 | Loss: *0.107* | Acc: *96.526%* (48263/50000) 
Test epoch: 397 | Loss: *0.726* | Acc: *79.640%* (7964/10000)
Train epoch: 398 | Loss: *0.110* | Acc: *96.334%* (48167/50000) 
Test epoch: 398 | Loss: *0.672* | Acc: *81.500%* (8150/10000)
Train epoch: 399 | Loss: *0.112* | Acc: *96.296%* (48148/50000) 
Test epoch: 399 | Loss: *0.704* | Acc: *80.070%* (8007/10000)
Train epoch: 400 | Loss: *0.108* | Acc: *96.346%* (48173/50000) 
Test epoch: 400 | Loss: *0.796* | Acc: *79.120%* (7912/10000)
Train epoch: 401 | Loss: *0.104* | Acc: *96.432%* (48216/50000) 
Test epoch: 401 | Loss: *1.046* | Acc: *73.970%* (7397/10000)
Train epoch: 402 | Loss: *0.111* | Acc: *96.262%* (48131/50000) 
Test epoch: 402 | Loss: *0.853* | Acc: *77.190%* (7719/10000)
Train epoch: 403 | Loss: *0.103* | Acc: *96.532%* (48266/50000) 
Test epoch: 403 | Loss: *1.143* | Acc: *73.930%* (7393/10000)
Train epoch: 404 | Loss: *0.105* | Acc: *96.534%* (48267/50000) 
Test epoch: 404 | Loss: *0.841* | Acc: *77.970%* (7797/10000)
Train epoch: 405 | Loss: *0.109* | Acc: *96.362%* (48181/50000) 
Test epoch: 405 | Loss: *0.816* | Acc: *77.190%* (7719/10000)
Train epoch: 406 | Loss: *0.112* | Acc: *96.136%* (48068/50000) 
Test epoch: 406 | Loss: *0.684* | Acc: *80.930%* (8093/10000)
Train epoch: 407 | Loss: *0.108* | Acc: *96.422%* (48211/50000) 
Test epoch: 407 | Loss: *0.746* | Acc: *79.490%* (7949/10000)
Train epoch: 408 | Loss: *0.103* | Acc: *96.584%* (48292/50000) 
Test epoch: 408 | Loss: *0.762* | Acc: *78.380%* (7838/10000)
Train epoch: 409 | Loss: *0.106* | Acc: *96.434%* (48217/50000) 
Test epoch: 409 | Loss: *1.226* | Acc: *71.940%* (7194/10000)
Train epoch: 410 | Loss: *0.106* | Acc: *96.396%* (48198/50000) 
Test epoch: 410 | Loss: *1.200* | Acc: *72.310%* (7231/10000)
Train epoch: 411 | Loss: *0.106* | Acc: *96.356%* (48178/50000) 
Test epoch: 411 | Loss: *0.892* | Acc: *77.000%* (7700/10000)
Train epoch: 412 | Loss: *0.102* | Acc: *96.558%* (48279/50000) 
Test epoch: 412 | Loss: *1.571* | Acc: *63.750%* (6375/10000)
Train epoch: 413 | Loss: *0.108* | Acc: *96.414%* (48207/50000) 
Test epoch: 413 | Loss: *0.762* | Acc: *79.270%* (7927/10000)
Train epoch: 414 | Loss: *0.107* | Acc: *96.454%* (48227/50000) 
Test epoch: 414 | Loss: *1.317* | Acc: *69.440%* (6944/10000)
Train epoch: 415 | Loss: *0.101* | Acc: *96.718%* (48359/50000) 
Test epoch: 415 | Loss: *0.870* | Acc: *75.500%* (7550/10000)
Train epoch: 416 | Loss: *0.101* | Acc: *96.642%* (48321/50000) 
Test epoch: 416 | Loss: *0.643* | Acc: *81.360%* (8136/10000)
Train epoch: 417 | Loss: *0.103* | Acc: *96.596%* (48298/50000) 
Test epoch: 417 | Loss: *0.843* | Acc: *78.360%* (7836/10000)
Train epoch: 418 | Loss: *0.103* | Acc: *96.562%* (48281/50000) 
Test epoch: 418 | Loss: *0.881* | Acc: *78.750%* (7875/10000)
Train epoch: 419 | Loss: *0.105* | Acc: *96.544%* (48272/50000) 
Test epoch: 419 | Loss: *0.756* | Acc: *78.700%* (7870/10000)
Train epoch: 420 | Loss: *0.097* | Acc: *96.850%* (48425/50000) 
Test epoch: 420 | Loss: *0.851* | Acc: *77.880%* (7788/10000)
Train epoch: 421 | Loss: *0.103* | Acc: *96.574%* (48287/50000) 
Test epoch: 421 | Loss: *0.708* | Acc: *79.850%* (7985/10000)
Train epoch: 422 | Loss: *0.102* | Acc: *96.624%* (48312/50000) 
Test epoch: 422 | Loss: *0.686* | Acc: *80.680%* (8068/10000)
Train epoch: 423 | Loss: *0.102* | Acc: *96.604%* (48302/50000) 
Test epoch: 423 | Loss: *1.541* | Acc: *66.120%* (6612/10000)
Train epoch: 424 | Loss: *0.102* | Acc: *96.626%* (48313/50000) 
Test epoch: 424 | Loss: *0.821* | Acc: *78.130%* (7813/10000)
Train epoch: 425 | Loss: *0.101* | Acc: *96.614%* (48307/50000) 
Test epoch: 425 | Loss: *0.776* | Acc: *79.250%* (7925/10000)
Train epoch: 426 | Loss: *0.101* | Acc: *96.578%* (48289/50000) 
Test epoch: 426 | Loss: *0.672* | Acc: *81.110%* (8111/10000)
Train epoch: 427 | Loss: *0.097* | Acc: *96.654%* (48327/50000) 
Test epoch: 427 | Loss: *0.805* | Acc: *77.690%* (7769/10000)
Train epoch: 428 | Loss: *0.100* | Acc: *96.628%* (48314/50000) 
Test epoch: 428 | Loss: *0.738* | Acc: *79.090%* (7909/10000)
Train epoch: 429 | Loss: *0.094* | Acc: *96.826%* (48413/50000) 
Test epoch: 429 | Loss: *0.804* | Acc: *79.600%* (7960/10000)
Train epoch: 430 | Loss: *0.100* | Acc: *96.660%* (48330/50000) 
Test epoch: 430 | Loss: *0.747* | Acc: *78.980%* (7898/10000)
Train epoch: 431 | Loss: *0.098* | Acc: *96.718%* (48359/50000) 
Test epoch: 431 | Loss: *0.790* | Acc: *79.250%* (7925/10000)
Train epoch: 432 | Loss: *0.095* | Acc: *96.800%* (48400/50000) 
Test epoch: 432 | Loss: *0.853* | Acc: *77.100%* (7710/10000)
Train epoch: 433 | Loss: *0.099* | Acc: *96.732%* (48366/50000) 
Test epoch: 433 | Loss: *0.720* | Acc: *79.960%* (7996/10000)
Train epoch: 434 | Loss: *0.097* | Acc: *96.772%* (48386/50000) 
Test epoch: 434 | Loss: *0.736* | Acc: *79.650%* (7965/10000)
Train epoch: 435 | Loss: *0.092* | Acc: *96.988%* (48494/50000) 
Test epoch: 435 | Loss: *0.829* | Acc: *78.790%* (7879/10000)
Train epoch: 436 | Loss: *0.095* | Acc: *96.898%* (48449/50000) 
Test epoch: 436 | Loss: *1.125* | Acc: *73.660%* (7366/10000)
Train epoch: 437 | Loss: *0.091* | Acc: *97.000%* (48500/50000) 
Test epoch: 437 | Loss: *0.836* | Acc: *77.840%* (7784/10000)
Train epoch: 438 | Loss: *0.095* | Acc: *96.898%* (48449/50000) 
Test epoch: 438 | Loss: *0.822* | Acc: *79.150%* (7915/10000)
Train epoch: 439 | Loss: *0.098* | Acc: *96.702%* (48351/50000) 
Test epoch: 439 | Loss: *0.724* | Acc: *79.740%* (7974/10000)
Train epoch: 440 | Loss: *0.087* | Acc: *97.124%* (48562/50000) 
Test epoch: 440 | Loss: *0.701* | Acc: *81.930%* (8193/10000)
Train epoch: 441 | Loss: *0.089* | Acc: *97.072%* (48536/50000) 
Test epoch: 441 | Loss: *0.752* | Acc: *79.530%* (7953/10000)
Train epoch: 442 | Loss: *0.090* | Acc: *97.024%* (48512/50000) 
Test epoch: 442 | Loss: *0.799* | Acc: *78.410%* (7841/10000)
Train epoch: 443 | Loss: *0.089* | Acc: *97.066%* (48533/50000) 
Test epoch: 443 | Loss: *0.790* | Acc: *79.940%* (7994/10000)
Train epoch: 444 | Loss: *0.087* | Acc: *97.140%* (48570/50000) 
Test epoch: 444 | Loss: *0.951* | Acc: *76.010%* (7601/10000)
Train epoch: 445 | Loss: *0.089* | Acc: *97.038%* (48519/50000) 
Test epoch: 445 | Loss: *1.036* | Acc: *74.640%* (7464/10000)
Train epoch: 446 | Loss: *0.090* | Acc: *96.938%* (48469/50000) 
Test epoch: 446 | Loss: *1.029* | Acc: *74.650%* (7465/10000)
Train epoch: 447 | Loss: *0.083* | Acc: *97.222%* (48611/50000) 
Test epoch: 447 | Loss: *1.212* | Acc: *70.890%* (7089/10000)
Train epoch: 448 | Loss: *0.087* | Acc: *97.038%* (48519/50000) 
Test epoch: 448 | Loss: *0.873* | Acc: *77.630%* (7763/10000)
Train epoch: 449 | Loss: *0.083* | Acc: *97.274%* (48637/50000) 
Test epoch: 449 | Loss: *0.777* | Acc: *80.080%* (8008/10000)
Train epoch: 450 | Loss: *0.083* | Acc: *97.212%* (48606/50000) 
Test epoch: 450 | Loss: *0.752* | Acc: *80.300%* (8030/10000)
Train epoch: 451 | Loss: *0.084* | Acc: *97.158%* (48579/50000) 
Test epoch: 451 | Loss: *0.791* | Acc: *80.150%* (8015/10000)
Train epoch: 452 | Loss: *0.085* | Acc: *97.156%* (48578/50000) 
Test epoch: 452 | Loss: *0.697* | Acc: *81.040%* (8104/10000)
Train epoch: 453 | Loss: *0.077* | Acc: *97.420%* (48710/50000) 
Test epoch: 453 | Loss: *0.782* | Acc: *79.910%* (7991/10000)
Train epoch: 454 | Loss: *0.078* | Acc: *97.402%* (48701/50000) 
Test epoch: 454 | Loss: *0.716* | Acc: *80.750%* (8075/10000)
Train epoch: 455 | Loss: *0.082* | Acc: *97.252%* (48626/50000) 
Test epoch: 455 | Loss: *0.683* | Acc: *81.240%* (8124/10000)
Train epoch: 456 | Loss: *0.075* | Acc: *97.538%* (48769/50000) 
Test epoch: 456 | Loss: *1.441* | Acc: *68.910%* (6891/10000)
Train epoch: 457 | Loss: *0.074* | Acc: *97.572%* (48786/50000) 
Test epoch: 457 | Loss: *0.700* | Acc: *81.680%* (8168/10000)
Train epoch: 458 | Loss: *0.078* | Acc: *97.442%* (48721/50000) 
Test epoch: 458 | Loss: *0.914* | Acc: *77.040%* (7704/10000)
Train epoch: 459 | Loss: *0.076* | Acc: *97.486%* (48743/50000) 
Test epoch: 459 | Loss: *0.681* | Acc: *80.710%* (8071/10000)
Train epoch: 460 | Loss: *0.077* | Acc: *97.428%* (48714/50000) 
Test epoch: 460 | Loss: *0.826* | Acc: *79.030%* (7903/10000)
Train epoch: 461 | Loss: *0.073* | Acc: *97.534%* (48767/50000) 
Test epoch: 461 | Loss: *1.013* | Acc: *74.740%* (7474/10000)
Train epoch: 462 | Loss: *0.076* | Acc: *97.556%* (48778/50000) 
Test epoch: 462 | Loss: *0.760* | Acc: *79.720%* (7972/10000)
Train epoch: 463 | Loss: *0.067* | Acc: *97.840%* (48920/50000) 
Test epoch: 463 | Loss: *0.883* | Acc: *78.470%* (7847/10000)
Train epoch: 464 | Loss: *0.067* | Acc: *97.800%* (48900/50000) 
Test epoch: 464 | Loss: *0.833* | Acc: *78.680%* (7868/10000)
Train epoch: 465 | Loss: *0.070* | Acc: *97.760%* (48880/50000) 
Test epoch: 465 | Loss: *0.865* | Acc: *77.530%* (7753/10000)
Train epoch: 466 | Loss: *0.068* | Acc: *97.828%* (48914/50000) 
Test epoch: 466 | Loss: *0.669* | Acc: *82.040%* (8204/10000)
Train epoch: 467 | Loss: *0.067* | Acc: *97.796%* (48898/50000) 
Test epoch: 467 | Loss: *0.895* | Acc: *77.500%* (7750/10000)
Train epoch: 468 | Loss: *0.070* | Acc: *97.628%* (48814/50000) 
Test epoch: 468 | Loss: *0.690* | Acc: *81.260%* (8126/10000)
Train epoch: 469 | Loss: *0.071* | Acc: *97.634%* (48817/50000) 
Test epoch: 469 | Loss: *0.908* | Acc: *77.450%* (7745/10000)
Train epoch: 470 | Loss: *0.063* | Acc: *97.962%* (48981/50000) 
Test epoch: 470 | Loss: *1.247* | Acc: *72.770%* (7277/10000)
Train epoch: 471 | Loss: *0.064* | Acc: *97.898%* (48949/50000) 
Test epoch: 471 | Loss: *0.708* | Acc: *80.830%* (8083/10000)
Train epoch: 472 | Loss: *0.060* | Acc: *98.116%* (49058/50000) 
Test epoch: 472 | Loss: *0.674* | Acc: *82.500%* (8250/10000)
Train epoch: 473 | Loss: *0.065* | Acc: *97.930%* (48965/50000) 
Test epoch: 473 | Loss: *0.740* | Acc: *81.020%* (8102/10000)
Train epoch: 474 | Loss: *0.064* | Acc: *97.962%* (48981/50000) 
Test epoch: 474 | Loss: *0.687* | Acc: *81.830%* (8183/10000)
Train epoch: 475 | Loss: *0.062* | Acc: *97.970%* (48985/50000) 
Test epoch: 475 | Loss: *0.777* | Acc: *81.120%* (8112/10000)
Train epoch: 476 | Loss: *0.058* | Acc: *98.172%* (49086/50000) 
Test epoch: 476 | Loss: *0.807* | Acc: *79.790%* (7979/10000)
Train epoch: 477 | Loss: *0.057* | Acc: *98.220%* (49110/50000) 
Test epoch: 477 | Loss: *0.751* | Acc: *80.480%* (8048/10000)
Train epoch: 478 | Loss: *0.055* | Acc: *98.240%* (49120/50000) 
Test epoch: 478 | Loss: *0.730* | Acc: *80.870%* (8087/10000)
Train epoch: 479 | Loss: *0.053* | Acc: *98.306%* (49153/50000) 
Test epoch: 479 | Loss: *0.766* | Acc: *80.000%* (8000/10000)
Train epoch: 480 | Loss: *0.061* | Acc: *98.072%* (49036/50000) 
Test epoch: 480 | Loss: *0.704* | Acc: *81.370%* (8137/10000)
Train epoch: 481 | Loss: *0.052* | Acc: *98.424%* (49212/50000) 
Test epoch: 481 | Loss: *0.684* | Acc: *81.450%* (8145/10000)
Train epoch: 482 | Loss: *0.049* | Acc: *98.470%* (49235/50000) 
Test epoch: 482 | Loss: *0.731* | Acc: *81.010%* (8101/10000)
Train epoch: 483 | Loss: *0.052* | Acc: *98.394%* (49197/50000) 
Test epoch: 483 | Loss: *0.716* | Acc: *80.760%* (8076/10000)
Train epoch: 484 | Loss: *0.054* | Acc: *98.300%* (49150/50000) 
Test epoch: 484 | Loss: *0.730* | Acc: *81.320%* (8132/10000)
Train epoch: 485 | Loss: *0.053* | Acc: *98.314%* (49157/50000) 
Test epoch: 485 | Loss: *0.599* | Acc: *83.280%* (8328/10000)
Train epoch: 486 | Loss: *0.047* | Acc: *98.568%* (49284/50000) 
Test epoch: 486 | Loss: *0.757* | Acc: *80.660%* (8066/10000)
Train epoch: 487 | Loss: *0.042* | Acc: *98.708%* (49354/50000) 
Test epoch: 487 | Loss: *0.719* | Acc: *81.740%* (8174/10000)
Train epoch: 488 | Loss: *0.046* | Acc: *98.550%* (49275/50000) 
Test epoch: 488 | Loss: *0.679* | Acc: *82.480%* (8248/10000)
Train epoch: 489 | Loss: *0.045* | Acc: *98.610%* (49305/50000) 
Test epoch: 489 | Loss: *0.669* | Acc: *81.760%* (8176/10000)
Train epoch: 490 | Loss: *0.044* | Acc: *98.670%* (49335/50000) 
Test epoch: 490 | Loss: *0.893* | Acc: *78.500%* (7850/10000)
Train epoch: 491 | Loss: *0.047* | Acc: *98.502%* (49251/50000) 
Test epoch: 491 | Loss: *0.715* | Acc: *81.460%* (8146/10000)
Train epoch: 492 | Loss: *0.047* | Acc: *98.488%* (49244/50000) 
Test epoch: 492 | Loss: *0.685* | Acc: *81.720%* (8172/10000)
Train epoch: 493 | Loss: *0.044* | Acc: *98.638%* (49319/50000) 
Test epoch: 493 | Loss: *0.661* | Acc: *82.830%* (8283/10000)
Train epoch: 494 | Loss: *0.042* | Acc: *98.706%* (49353/50000) 
Test epoch: 494 | Loss: *0.676* | Acc: *82.480%* (8248/10000)
Train epoch: 495 | Loss: *0.031* | Acc: *99.138%* (49569/50000) 
Test epoch: 495 | Loss: *0.726* | Acc: *80.540%* (8054/10000)
Train epoch: 496 | Loss: *0.035* | Acc: *98.920%* (49460/50000) 
Test epoch: 496 | Loss: *0.667* | Acc: *82.400%* (8240/10000)
Train epoch: 497 | Loss: *0.035* | Acc: *98.936%* (49468/50000) 
Test epoch: 497 | Loss: *0.759* | Acc: *81.190%* (8119/10000)
Train epoch: 498 | Loss: *0.039* | Acc: *98.746%* (49373/50000) 
Test epoch: 498 | Loss: *0.644* | Acc: *82.610%* (8261/10000)
Train epoch: 499 | Loss: *0.037* | Acc: *98.870%* (49435/50000) 
Test epoch: 499 | Loss: *0.657* | Acc: *82.830%* (8283/10000)
Train epoch: 500 | Loss: *0.032* | Acc: *99.034%* (49517/50000) 
Test epoch: 500 | Loss: *0.699* | Acc: *81.670%* (8167/10000)
Best test accuracy: *87.560%*, loss: *0.38976909130811693*, at epoch: *126*.
==> Execution time summary of 500 epoch(s).
Train data loading time: sum. *279.5686098560691* secs | avg. *0.5591372197121381* secs per epoch.
Train training time: sum. *1546.000743990764* secs | avg. *3.092001487981528* secs per epoch.
Train total time: sum. *1825.569353846833* secs | avg. *3.6511387076936663* secs per epoch.
Test data loading time: sum. *102.08093129005283* secs | avg. *0.20416186258010566* secs per epoch.
Test training time: sum. *81.53262944146991* secs | avg. *0.16306525888293982* secs per epoch.
Test total time: sum. *183.61356073152274* secs | avg. *0.3672271214630455* secs per epoch.
Total data loading time: sum. *381.6495411461219* secs | avg. *0.7632990822922439* secs per epoch.
Total training time: sum. *1627.533373432234* secs | avg. *3.255066746864468* secs per epoch.
Total running time: sum. *2009.1829145783558* secs | avg. *4.0183658291567115* secs per epoch.
==> Number of GPU device: 1
==> Device #0 Memory Usage
==> Allocated: 0.1 GB
==> Cached:    1.4 GB
==> Maximum: 1.4 GB
