==> Running on : cuda
==> Number of CPU: 48
==> Number of workers: 2
==> #Epochs: 500, #Layers: 4, #Blocks: [2, 1, 1, 1], In channel: 64, Input layer conv kernel: 9x9, Residual layer conv kernel 3x3, Skip kernel: 1x1, Input layer conv padding: 4, Residual layer conv padding: 1
==> Optimizer is Adagrad
==> Learning rate: 0.01
==> Weight decay: 0.0005
==>Trainable Parameters: 4991050
==>Other Parameters: 0
==>Augmentation: RandomCrop(32, padding=4), RandomHorizontalFlip(), Normalize((0.4914, 0.4822, 0.4465), (0.2023, 0.1994, 0.2010)
Files already downloaded and verified
Train epoch: 1 | Loss: *1.692* | Acc: *37.254%* (18627/50000) 
Test epoch: 1 | Loss: *2.228* | Acc: *33.950%* (3395/10000)
Train epoch: 2 | Loss: *1.320* | Acc: *52.220%* (26110/50000) 
Test epoch: 2 | Loss: *1.239* | Acc: *56.440%* (5644/10000)
Train epoch: 3 | Loss: *1.087* | Acc: *61.152%* (30576/50000) 
Test epoch: 3 | Loss: *1.038* | Acc: *62.330%* (6233/10000)
Train epoch: 4 | Loss: *0.935* | Acc: *66.918%* (33459/50000) 
Test epoch: 4 | Loss: *0.950* | Acc: *67.090%* (6709/10000)
Train epoch: 5 | Loss: *0.809* | Acc: *71.566%* (35783/50000) 
Test epoch: 5 | Loss: *0.863* | Acc: *70.660%* (7066/10000)
Train epoch: 6 | Loss: *0.722* | Acc: *74.736%* (37368/50000) 
Test epoch: 6 | Loss: *1.059* | Acc: *65.870%* (6587/10000)
Train epoch: 7 | Loss: *0.651* | Acc: *77.194%* (38597/50000) 
Test epoch: 7 | Loss: *0.933* | Acc: *69.860%* (6986/10000)
Train epoch: 8 | Loss: *0.598* | Acc: *79.218%* (39609/50000) 
Test epoch: 8 | Loss: *0.685* | Acc: *76.440%* (7644/10000)
Train epoch: 9 | Loss: *0.552* | Acc: *80.738%* (40369/50000) 
Test epoch: 9 | Loss: *0.643* | Acc: *78.370%* (7837/10000)
Train epoch: 10 | Loss: *0.511* | Acc: *82.260%* (41130/50000) 
Test epoch: 10 | Loss: *0.615* | Acc: *79.290%* (7929/10000)
Train epoch: 11 | Loss: *0.479* | Acc: *83.540%* (41770/50000) 
Test epoch: 11 | Loss: *0.599* | Acc: *79.970%* (7997/10000)
Train epoch: 12 | Loss: *0.449* | Acc: *84.520%* (42260/50000) 
Test epoch: 12 | Loss: *0.832* | Acc: *74.160%* (7416/10000)
Train epoch: 13 | Loss: *0.424* | Acc: *85.352%* (42676/50000) 
Test epoch: 13 | Loss: *0.620* | Acc: *78.990%* (7899/10000)
Train epoch: 14 | Loss: *0.394* | Acc: *86.466%* (43233/50000) 
Test epoch: 14 | Loss: *0.581* | Acc: *80.940%* (8094/10000)
Train epoch: 15 | Loss: *0.375* | Acc: *87.246%* (43623/50000) 
Test epoch: 15 | Loss: *0.538* | Acc: *82.600%* (8260/10000)
Train epoch: 16 | Loss: *0.353* | Acc: *87.834%* (43917/50000) 
Test epoch: 16 | Loss: *0.478* | Acc: *83.940%* (8394/10000)
Train epoch: 17 | Loss: *0.336* | Acc: *88.452%* (44226/50000) 
Test epoch: 17 | Loss: *0.478* | Acc: *84.300%* (8430/10000)
Train epoch: 18 | Loss: *0.319* | Acc: *89.048%* (44524/50000) 
Test epoch: 18 | Loss: *0.566* | Acc: *81.990%* (8199/10000)
Train epoch: 19 | Loss: *0.300* | Acc: *89.654%* (44827/50000) 
Test epoch: 19 | Loss: *0.495* | Acc: *83.990%* (8399/10000)
Train epoch: 20 | Loss: *0.289* | Acc: *90.194%* (45097/50000) 
Test epoch: 20 | Loss: *0.494* | Acc: *83.850%* (8385/10000)
Train epoch: 21 | Loss: *0.271* | Acc: *90.738%* (45369/50000) 
Test epoch: 21 | Loss: *0.532* | Acc: *83.570%* (8357/10000)
Train epoch: 22 | Loss: *0.255* | Acc: *91.380%* (45690/50000) 
Test epoch: 22 | Loss: *0.511* | Acc: *84.090%* (8409/10000)
Train epoch: 23 | Loss: *0.247* | Acc: *91.578%* (45789/50000) 
Test epoch: 23 | Loss: *0.435* | Acc: *86.640%* (8664/10000)
Train epoch: 24 | Loss: *0.234* | Acc: *91.948%* (45974/50000) 
Test epoch: 24 | Loss: *0.461* | Acc: *85.710%* (8571/10000)
Train epoch: 25 | Loss: *0.222* | Acc: *92.454%* (46227/50000) 
Test epoch: 25 | Loss: *0.503* | Acc: *84.630%* (8463/10000)
Train epoch: 26 | Loss: *0.212* | Acc: *92.802%* (46401/50000) 
Test epoch: 26 | Loss: *0.439* | Acc: *86.460%* (8646/10000)
Train epoch: 27 | Loss: *0.203* | Acc: *93.150%* (46575/50000) 
Test epoch: 27 | Loss: *0.419* | Acc: *86.680%* (8668/10000)
Train epoch: 28 | Loss: *0.191* | Acc: *93.504%* (46752/50000) 
Test epoch: 28 | Loss: *0.488* | Acc: *85.080%* (8508/10000)
Train epoch: 29 | Loss: *0.181* | Acc: *93.836%* (46918/50000) 
Test epoch: 29 | Loss: *0.407* | Acc: *87.400%* (8740/10000)
Train epoch: 30 | Loss: *0.172* | Acc: *94.176%* (47088/50000) 
Test epoch: 30 | Loss: *0.501* | Acc: *84.750%* (8475/10000)
Train epoch: 31 | Loss: *0.165* | Acc: *94.296%* (47148/50000) 
Test epoch: 31 | Loss: *0.631* | Acc: *82.350%* (8235/10000)
Train epoch: 32 | Loss: *0.152* | Acc: *94.894%* (47447/50000) 
Test epoch: 32 | Loss: *0.467* | Acc: *86.270%* (8627/10000)
Train epoch: 33 | Loss: *0.146* | Acc: *95.188%* (47594/50000) 
Test epoch: 33 | Loss: *0.440* | Acc: *86.790%* (8679/10000)
Train epoch: 34 | Loss: *0.141* | Acc: *95.426%* (47713/50000) 
Test epoch: 34 | Loss: *0.457* | Acc: *85.940%* (8594/10000)
Train epoch: 35 | Loss: *0.135* | Acc: *95.474%* (47737/50000) 
Test epoch: 35 | Loss: *0.519* | Acc: *84.950%* (8495/10000)
Train epoch: 36 | Loss: *0.125* | Acc: *95.878%* (47939/50000) 
Test epoch: 36 | Loss: *0.394* | Acc: *88.240%* (8824/10000)
Train epoch: 37 | Loss: *0.119* | Acc: *96.126%* (48063/50000) 
Test epoch: 37 | Loss: *0.399* | Acc: *88.330%* (8833/10000)
Train epoch: 38 | Loss: *0.113* | Acc: *96.284%* (48142/50000) 
Test epoch: 38 | Loss: *0.411* | Acc: *88.010%* (8801/10000)
Train epoch: 39 | Loss: *0.109* | Acc: *96.444%* (48222/50000) 
Test epoch: 39 | Loss: *0.457* | Acc: *86.850%* (8685/10000)
Train epoch: 40 | Loss: *0.103* | Acc: *96.722%* (48361/50000) 
Test epoch: 40 | Loss: *0.452* | Acc: *87.210%* (8721/10000)
Train epoch: 41 | Loss: *0.098* | Acc: *96.928%* (48464/50000) 
Test epoch: 41 | Loss: *0.395* | Acc: *88.560%* (8856/10000)
Train epoch: 42 | Loss: *0.094* | Acc: *97.020%* (48510/50000) 
Test epoch: 42 | Loss: *0.436* | Acc: *87.900%* (8790/10000)
Train epoch: 43 | Loss: *0.086* | Acc: *97.380%* (48690/50000) 
Test epoch: 43 | Loss: *0.415* | Acc: *88.460%* (8846/10000)
Train epoch: 44 | Loss: *0.081* | Acc: *97.448%* (48724/50000) 
Test epoch: 44 | Loss: *0.475* | Acc: *86.910%* (8691/10000)
Train epoch: 45 | Loss: *0.080* | Acc: *97.480%* (48740/50000) 
Test epoch: 45 | Loss: *0.450* | Acc: *87.490%* (8749/10000)
Train epoch: 46 | Loss: *0.075* | Acc: *97.682%* (48841/50000) 
Test epoch: 46 | Loss: *0.444* | Acc: *87.850%* (8785/10000)
Train epoch: 47 | Loss: *0.075* | Acc: *97.672%* (48836/50000) 
Test epoch: 47 | Loss: *0.443* | Acc: *88.070%* (8807/10000)
Train epoch: 48 | Loss: *0.069* | Acc: *97.964%* (48982/50000) 
Test epoch: 48 | Loss: *0.462* | Acc: *87.230%* (8723/10000)
Train epoch: 49 | Loss: *0.068* | Acc: *97.928%* (48964/50000) 
Test epoch: 49 | Loss: *0.473* | Acc: *87.580%* (8758/10000)
Train epoch: 50 | Loss: *0.063* | Acc: *98.124%* (49062/50000) 
Test epoch: 50 | Loss: *0.444* | Acc: *87.970%* (8797/10000)
Train epoch: 51 | Loss: *0.062* | Acc: *98.152%* (49076/50000) 
Test epoch: 51 | Loss: *0.432* | Acc: *88.020%* (8802/10000)
Train epoch: 52 | Loss: *0.056* | Acc: *98.390%* (49195/50000) 
Test epoch: 52 | Loss: *0.428* | Acc: *88.710%* (8871/10000)
Train epoch: 53 | Loss: *0.057* | Acc: *98.278%* (49139/50000) 
Test epoch: 53 | Loss: *0.438* | Acc: *88.680%* (8868/10000)
Train epoch: 54 | Loss: *0.051* | Acc: *98.536%* (49268/50000) 
Test epoch: 54 | Loss: *0.420* | Acc: *88.370%* (8837/10000)
Train epoch: 55 | Loss: *0.049* | Acc: *98.658%* (49329/50000) 
Test epoch: 55 | Loss: *0.405* | Acc: *89.330%* (8933/10000)
Train epoch: 56 | Loss: *0.049* | Acc: *98.584%* (49292/50000) 
Test epoch: 56 | Loss: *0.447* | Acc: *88.510%* (8851/10000)
Train epoch: 57 | Loss: *0.044* | Acc: *98.830%* (49415/50000) 
Test epoch: 57 | Loss: *0.426* | Acc: *88.720%* (8872/10000)
Train epoch: 58 | Loss: *0.043* | Acc: *98.842%* (49421/50000) 
Test epoch: 58 | Loss: *0.408* | Acc: *89.270%* (8927/10000)
Train epoch: 59 | Loss: *0.040* | Acc: *98.860%* (49430/50000) 
Test epoch: 59 | Loss: *0.402* | Acc: *89.340%* (8934/10000)
Train epoch: 60 | Loss: *0.039* | Acc: *98.942%* (49471/50000) 
Test epoch: 60 | Loss: *0.432* | Acc: *89.110%* (8911/10000)
Train epoch: 61 | Loss: *0.037* | Acc: *99.100%* (49550/50000) 
Test epoch: 61 | Loss: *0.405* | Acc: *89.430%* (8943/10000)
Train epoch: 62 | Loss: *0.035* | Acc: *99.134%* (49567/50000) 
Test epoch: 62 | Loss: *0.421* | Acc: *89.200%* (8920/10000)
Train epoch: 63 | Loss: *0.033* | Acc: *99.204%* (49602/50000) 
Test epoch: 63 | Loss: *0.465* | Acc: *88.470%* (8847/10000)
Train epoch: 64 | Loss: *0.033* | Acc: *99.150%* (49575/50000) 
Test epoch: 64 | Loss: *0.424* | Acc: *89.430%* (8943/10000)
Train epoch: 65 | Loss: *0.030* | Acc: *99.304%* (49652/50000) 
Test epoch: 65 | Loss: *0.421* | Acc: *89.020%* (8902/10000)
Train epoch: 66 | Loss: *0.031* | Acc: *99.240%* (49620/50000) 
Test epoch: 66 | Loss: *0.430* | Acc: *89.010%* (8901/10000)
Train epoch: 67 | Loss: *0.027* | Acc: *99.456%* (49728/50000) 
Test epoch: 67 | Loss: *0.419* | Acc: *89.470%* (8947/10000)
Train epoch: 68 | Loss: *0.026* | Acc: *99.490%* (49745/50000) 
Test epoch: 68 | Loss: *0.389* | Acc: *89.860%* (8986/10000)
Train epoch: 69 | Loss: *0.026* | Acc: *99.426%* (49713/50000) 
Test epoch: 69 | Loss: *0.430* | Acc: *89.370%* (8937/10000)
Train epoch: 70 | Loss: *0.025* | Acc: *99.496%* (49748/50000) 
Test epoch: 70 | Loss: *0.515* | Acc: *87.630%* (8763/10000)
Train epoch: 71 | Loss: *0.025* | Acc: *99.466%* (49733/50000) 
Test epoch: 71 | Loss: *0.420* | Acc: *89.400%* (8940/10000)
Train epoch: 72 | Loss: *0.024* | Acc: *99.528%* (49764/50000) 
Test epoch: 72 | Loss: *0.483* | Acc: *88.600%* (8860/10000)
Train epoch: 73 | Loss: *0.025* | Acc: *99.476%* (49738/50000) 
Test epoch: 73 | Loss: *0.403* | Acc: *89.620%* (8962/10000)
Train epoch: 74 | Loss: *0.023* | Acc: *99.534%* (49767/50000) 
Test epoch: 74 | Loss: *0.402* | Acc: *89.620%* (8962/10000)
Train epoch: 75 | Loss: *0.021* | Acc: *99.586%* (49793/50000) 
Test epoch: 75 | Loss: *0.427* | Acc: *89.530%* (8953/10000)
Train epoch: 76 | Loss: *0.021* | Acc: *99.566%* (49783/50000) 
Test epoch: 76 | Loss: *0.444* | Acc: *88.870%* (8887/10000)
Train epoch: 77 | Loss: *0.020* | Acc: *99.636%* (49818/50000) 
Test epoch: 77 | Loss: *0.448* | Acc: *88.990%* (8899/10000)
Train epoch: 78 | Loss: *0.021* | Acc: *99.562%* (49781/50000) 
Test epoch: 78 | Loss: *0.423* | Acc: *89.160%* (8916/10000)
Train epoch: 79 | Loss: *0.019* | Acc: *99.622%* (49811/50000) 
Test epoch: 79 | Loss: *0.402* | Acc: *89.770%* (8977/10000)
Train epoch: 80 | Loss: *0.018* | Acc: *99.634%* (49817/50000) 
Test epoch: 80 | Loss: *0.398* | Acc: *89.700%* (8970/10000)
Train epoch: 81 | Loss: *0.018* | Acc: *99.690%* (49845/50000) 
Test epoch: 81 | Loss: *0.411* | Acc: *89.630%* (8963/10000)
Train epoch: 82 | Loss: *0.018* | Acc: *99.652%* (49826/50000) 
Test epoch: 82 | Loss: *0.401* | Acc: *89.790%* (8979/10000)
Train epoch: 83 | Loss: *0.018* | Acc: *99.674%* (49837/50000) 
Test epoch: 83 | Loss: *0.390* | Acc: *89.830%* (8983/10000)
Train epoch: 84 | Loss: *0.014* | Acc: *99.834%* (49917/50000) 
Test epoch: 84 | Loss: *0.421* | Acc: *89.590%* (8959/10000)
Train epoch: 85 | Loss: *0.015* | Acc: *99.758%* (49879/50000) 
Test epoch: 85 | Loss: *0.395* | Acc: *89.860%* (8986/10000)
Train epoch: 86 | Loss: *0.014* | Acc: *99.782%* (49891/50000) 
Test epoch: 86 | Loss: *0.399* | Acc: *89.940%* (8994/10000)
Train epoch: 87 | Loss: *0.014* | Acc: *99.814%* (49907/50000) 
Test epoch: 87 | Loss: *0.404* | Acc: *89.750%* (8975/10000)
Train epoch: 88 | Loss: *0.014* | Acc: *99.808%* (49904/50000) 
Test epoch: 88 | Loss: *0.403* | Acc: *89.920%* (8992/10000)
Train epoch: 89 | Loss: *0.013* | Acc: *99.844%* (49922/50000) 
Test epoch: 89 | Loss: *0.402* | Acc: *89.890%* (8989/10000)
Train epoch: 90 | Loss: *0.014* | Acc: *99.794%* (49897/50000) 
Test epoch: 90 | Loss: *0.441* | Acc: *89.060%* (8906/10000)
Train epoch: 91 | Loss: *0.013* | Acc: *99.848%* (49924/50000) 
Test epoch: 91 | Loss: *0.391* | Acc: *90.120%* (9012/10000)
Train epoch: 92 | Loss: *0.012* | Acc: *99.838%* (49919/50000) 
Test epoch: 92 | Loss: *0.416* | Acc: *89.940%* (8994/10000)
Train epoch: 93 | Loss: *0.012* | Acc: *99.844%* (49922/50000) 
Test epoch: 93 | Loss: *0.402* | Acc: *89.740%* (8974/10000)
Train epoch: 94 | Loss: *0.012* | Acc: *99.842%* (49921/50000) 
Test epoch: 94 | Loss: *0.397* | Acc: *89.910%* (8991/10000)
Train epoch: 95 | Loss: *0.012* | Acc: *99.864%* (49932/50000) 
Test epoch: 95 | Loss: *0.385* | Acc: *89.950%* (8995/10000)
Train epoch: 96 | Loss: *0.011* | Acc: *99.886%* (49943/50000) 
Test epoch: 96 | Loss: *0.399* | Acc: *90.060%* (9006/10000)
Train epoch: 97 | Loss: *0.011* | Acc: *99.878%* (49939/50000) 
Test epoch: 97 | Loss: *0.394* | Acc: *90.040%* (9004/10000)
Train epoch: 98 | Loss: *0.011* | Acc: *99.874%* (49937/50000) 
Test epoch: 98 | Loss: *0.399* | Acc: *89.900%* (8990/10000)
Train epoch: 99 | Loss: *0.010* | Acc: *99.930%* (49965/50000) 
Test epoch: 99 | Loss: *0.382* | Acc: *90.350%* (9035/10000)
Train epoch: 100 | Loss: *0.009* | Acc: *99.926%* (49963/50000) 
Test epoch: 100 | Loss: *0.404* | Acc: *90.040%* (9004/10000)
Train epoch: 101 | Loss: *0.010* | Acc: *99.908%* (49954/50000) 
Test epoch: 101 | Loss: *0.405* | Acc: *89.940%* (8994/10000)
Train epoch: 102 | Loss: *0.010* | Acc: *99.904%* (49952/50000) 
Test epoch: 102 | Loss: *0.403* | Acc: *89.810%* (8981/10000)
Train epoch: 103 | Loss: *0.009* | Acc: *99.918%* (49959/50000) 
Test epoch: 103 | Loss: *0.381* | Acc: *90.190%* (9019/10000)
Train epoch: 104 | Loss: *0.009* | Acc: *99.916%* (49958/50000) 
Test epoch: 104 | Loss: *0.392* | Acc: *90.480%* (9048/10000)
Train epoch: 105 | Loss: *0.009* | Acc: *99.926%* (49963/50000) 
Test epoch: 105 | Loss: *0.382* | Acc: *90.530%* (9053/10000)
Train epoch: 106 | Loss: *0.008* | Acc: *99.930%* (49965/50000) 
Test epoch: 106 | Loss: *0.390* | Acc: *90.130%* (9013/10000)
Train epoch: 107 | Loss: *0.008* | Acc: *99.930%* (49965/50000) 
Test epoch: 107 | Loss: *0.382* | Acc: *90.340%* (9034/10000)
Train epoch: 108 | Loss: *0.008* | Acc: *99.930%* (49965/50000) 
Test epoch: 108 | Loss: *0.390* | Acc: *90.250%* (9025/10000)
Train epoch: 109 | Loss: *0.008* | Acc: *99.952%* (49976/50000) 
Test epoch: 109 | Loss: *0.383* | Acc: *90.180%* (9018/10000)
Train epoch: 110 | Loss: *0.007* | Acc: *99.950%* (49975/50000) 
Test epoch: 110 | Loss: *0.377* | Acc: *90.370%* (9037/10000)
Train epoch: 111 | Loss: *0.008* | Acc: *99.950%* (49975/50000) 
Test epoch: 111 | Loss: *0.375* | Acc: *90.530%* (9053/10000)
Train epoch: 112 | Loss: *0.008* | Acc: *99.952%* (49976/50000) 
Test epoch: 112 | Loss: *0.382* | Acc: *90.290%* (9029/10000)
Train epoch: 113 | Loss: *0.008* | Acc: *99.954%* (49977/50000) 
Test epoch: 113 | Loss: *0.383* | Acc: *90.350%* (9035/10000)
Train epoch: 114 | Loss: *0.007* | Acc: *99.960%* (49980/50000) 
Test epoch: 114 | Loss: *0.379* | Acc: *90.370%* (9037/10000)
Train epoch: 115 | Loss: *0.007* | Acc: *99.948%* (49974/50000) 
Test epoch: 115 | Loss: *0.378* | Acc: *90.260%* (9026/10000)
Train epoch: 116 | Loss: *0.007* | Acc: *99.954%* (49977/50000) 
Test epoch: 116 | Loss: *0.384* | Acc: *90.350%* (9035/10000)
Train epoch: 117 | Loss: *0.007* | Acc: *99.962%* (49981/50000) 
Test epoch: 117 | Loss: *0.377* | Acc: *90.350%* (9035/10000)
Train epoch: 118 | Loss: *0.007* | Acc: *99.962%* (49981/50000) 
Test epoch: 118 | Loss: *0.380* | Acc: *90.420%* (9042/10000)
Train epoch: 119 | Loss: *0.007* | Acc: *99.974%* (49987/50000) 
Test epoch: 119 | Loss: *0.380* | Acc: *90.510%* (9051/10000)
Train epoch: 120 | Loss: *0.006* | Acc: *99.966%* (49983/50000) 
Test epoch: 120 | Loss: *0.392* | Acc: *90.200%* (9020/10000)
Train epoch: 121 | Loss: *0.006* | Acc: *99.966%* (49983/50000) 
Test epoch: 121 | Loss: *0.372* | Acc: *90.470%* (9047/10000)
Train epoch: 122 | Loss: *0.006* | Acc: *99.972%* (49986/50000) 
Test epoch: 122 | Loss: *0.378* | Acc: *90.350%* (9035/10000)
Train epoch: 123 | Loss: *0.006* | Acc: *99.974%* (49987/50000) 
Test epoch: 123 | Loss: *0.382* | Acc: *90.330%* (9033/10000)
Train epoch: 124 | Loss: *0.006* | Acc: *99.976%* (49988/50000) 
Test epoch: 124 | Loss: *0.376* | Acc: *90.380%* (9038/10000)
Train epoch: 125 | Loss: *0.006* | Acc: *99.974%* (49987/50000) 
Test epoch: 125 | Loss: *0.377* | Acc: *90.470%* (9047/10000)
Train epoch: 126 | Loss: *0.006* | Acc: *99.984%* (49992/50000) 
Test epoch: 126 | Loss: *0.379* | Acc: *90.430%* (9043/10000)
Train epoch: 127 | Loss: *0.006* | Acc: *99.986%* (49993/50000) 
Test epoch: 127 | Loss: *0.375* | Acc: *90.530%* (9053/10000)
Train epoch: 128 | Loss: *0.006* | Acc: *99.984%* (49992/50000) 
Test epoch: 128 | Loss: *0.379* | Acc: *90.380%* (9038/10000)
Train epoch: 129 | Loss: *0.006* | Acc: *99.980%* (49990/50000) 
Test epoch: 129 | Loss: *0.375* | Acc: *90.450%* (9045/10000)
Train epoch: 130 | Loss: *0.006* | Acc: *99.984%* (49992/50000) 
Test epoch: 130 | Loss: *0.368* | Acc: *90.590%* (9059/10000)
Train epoch: 131 | Loss: *0.006* | Acc: *99.984%* (49992/50000) 
Test epoch: 131 | Loss: *0.372* | Acc: *90.450%* (9045/10000)
Train epoch: 132 | Loss: *0.006* | Acc: *99.980%* (49990/50000) 
Test epoch: 132 | Loss: *0.368* | Acc: *90.610%* (9061/10000)
Train epoch: 133 | Loss: *0.005* | Acc: *99.984%* (49992/50000) 
Test epoch: 133 | Loss: *0.372* | Acc: *90.480%* (9048/10000)
Train epoch: 134 | Loss: *0.005* | Acc: *99.982%* (49991/50000) 
Test epoch: 134 | Loss: *0.368* | Acc: *90.570%* (9057/10000)
Train epoch: 135 | Loss: *0.006* | Acc: *99.974%* (49987/50000) 
Test epoch: 135 | Loss: *0.370* | Acc: *90.390%* (9039/10000)
Train epoch: 136 | Loss: *0.005* | Acc: *99.988%* (49994/50000) 
Test epoch: 136 | Loss: *0.372* | Acc: *90.450%* (9045/10000)
Train epoch: 137 | Loss: *0.005* | Acc: *99.990%* (49995/50000) 
Test epoch: 137 | Loss: *0.374* | Acc: *90.410%* (9041/10000)
Train epoch: 138 | Loss: *0.005* | Acc: *99.986%* (49993/50000) 
Test epoch: 138 | Loss: *0.373* | Acc: *90.310%* (9031/10000)
Train epoch: 139 | Loss: *0.005* | Acc: *99.982%* (49991/50000) 
Test epoch: 139 | Loss: *0.370* | Acc: *90.460%* (9046/10000)
Train epoch: 140 | Loss: *0.005* | Acc: *99.978%* (49989/50000) 
Test epoch: 140 | Loss: *0.365* | Acc: *90.300%* (9030/10000)
Train epoch: 141 | Loss: *0.005* | Acc: *99.984%* (49992/50000) 
Test epoch: 141 | Loss: *0.367* | Acc: *90.480%* (9048/10000)
Train epoch: 142 | Loss: *0.005* | Acc: *99.990%* (49995/50000) 
Test epoch: 142 | Loss: *0.367* | Acc: *90.680%* (9068/10000)
Train epoch: 143 | Loss: *0.005* | Acc: *99.986%* (49993/50000) 
Test epoch: 143 | Loss: *0.364* | Acc: *90.700%* (9070/10000)
Train epoch: 144 | Loss: *0.005* | Acc: *99.990%* (49995/50000) 
Test epoch: 144 | Loss: *0.362* | Acc: *90.700%* (9070/10000)
Train epoch: 145 | Loss: *0.005* | Acc: *99.986%* (49993/50000) 
Test epoch: 145 | Loss: *0.362* | Acc: *90.590%* (9059/10000)
Train epoch: 146 | Loss: *0.005* | Acc: *99.974%* (49987/50000) 
Test epoch: 146 | Loss: *0.364* | Acc: *90.700%* (9070/10000)
Train epoch: 147 | Loss: *0.005* | Acc: *99.992%* (49996/50000) 
Test epoch: 147 | Loss: *0.369* | Acc: *90.490%* (9049/10000)
Train epoch: 148 | Loss: *0.005* | Acc: *99.994%* (49997/50000) 
Test epoch: 148 | Loss: *0.364* | Acc: *90.590%* (9059/10000)
Train epoch: 149 | Loss: *0.005* | Acc: *100.000%* (50000/50000) 
Test epoch: 149 | Loss: *0.365* | Acc: *90.610%* (9061/10000)
Train epoch: 150 | Loss: *0.005* | Acc: *99.990%* (49995/50000) 
Test epoch: 150 | Loss: *0.366* | Acc: *90.660%* (9066/10000)
Train epoch: 151 | Loss: *0.005* | Acc: *99.988%* (49994/50000) 
Test epoch: 151 | Loss: *0.364* | Acc: *90.560%* (9056/10000)
Train epoch: 152 | Loss: *0.005* | Acc: *99.994%* (49997/50000) 
Test epoch: 152 | Loss: *0.365* | Acc: *90.580%* (9058/10000)
Train epoch: 153 | Loss: *0.005* | Acc: *99.992%* (49996/50000) 
Test epoch: 153 | Loss: *0.366* | Acc: *90.650%* (9065/10000)
Train epoch: 154 | Loss: *0.005* | Acc: *99.992%* (49996/50000) 
Test epoch: 154 | Loss: *0.366* | Acc: *90.570%* (9057/10000)
Train epoch: 155 | Loss: *0.004* | Acc: *99.996%* (49998/50000) 
Test epoch: 155 | Loss: *0.366* | Acc: *90.700%* (9070/10000)
Train epoch: 156 | Loss: *0.005* | Acc: *99.980%* (49990/50000) 
Test epoch: 156 | Loss: *0.365* | Acc: *90.580%* (9058/10000)
Train epoch: 157 | Loss: *0.005* | Acc: *99.988%* (49994/50000) 
Test epoch: 157 | Loss: *0.364* | Acc: *90.610%* (9061/10000)
Train epoch: 158 | Loss: *0.005* | Acc: *99.998%* (49999/50000) 
Test epoch: 158 | Loss: *0.363* | Acc: *90.670%* (9067/10000)
Train epoch: 159 | Loss: *0.005* | Acc: *99.992%* (49996/50000) 
Test epoch: 159 | Loss: *0.364* | Acc: *90.720%* (9072/10000)
Train epoch: 160 | Loss: *0.005* | Acc: *99.992%* (49996/50000) 
Test epoch: 160 | Loss: *0.368* | Acc: *90.640%* (9064/10000)
Train epoch: 161 | Loss: *0.005* | Acc: *99.992%* (49996/50000) 
Test epoch: 161 | Loss: *0.363* | Acc: *90.620%* (9062/10000)
Train epoch: 162 | Loss: *0.004* | Acc: *99.998%* (49999/50000) 
Test epoch: 162 | Loss: *0.363* | Acc: *90.600%* (9060/10000)
Train epoch: 163 | Loss: *0.004* | Acc: *99.992%* (49996/50000) 
Test epoch: 163 | Loss: *0.363* | Acc: *90.660%* (9066/10000)
Train epoch: 164 | Loss: *0.004* | Acc: *99.994%* (49997/50000) 
Test epoch: 164 | Loss: *0.363* | Acc: *90.710%* (9071/10000)
Train epoch: 165 | Loss: *0.004* | Acc: *99.996%* (49998/50000) 
Test epoch: 165 | Loss: *0.363* | Acc: *90.600%* (9060/10000)
Train epoch: 166 | Loss: *0.004* | Acc: *99.992%* (49996/50000) 
Test epoch: 166 | Loss: *0.363* | Acc: *90.660%* (9066/10000)
Train epoch: 167 | Loss: *0.004* | Acc: *99.990%* (49995/50000) 
Test epoch: 167 | Loss: *0.364* | Acc: *90.650%* (9065/10000)
Train epoch: 168 | Loss: *0.004* | Acc: *99.992%* (49996/50000) 
Test epoch: 168 | Loss: *0.363* | Acc: *90.590%* (9059/10000)
Train epoch: 169 | Loss: *0.004* | Acc: *99.996%* (49998/50000) 
Test epoch: 169 | Loss: *0.364* | Acc: *90.600%* (9060/10000)
Train epoch: 170 | Loss: *0.004* | Acc: *99.994%* (49997/50000) 
Test epoch: 170 | Loss: *0.364* | Acc: *90.560%* (9056/10000)
Train epoch: 171 | Loss: *0.004* | Acc: *100.000%* (50000/50000) 
Test epoch: 171 | Loss: *0.362* | Acc: *90.460%* (9046/10000)
Train epoch: 172 | Loss: *0.004* | Acc: *99.998%* (49999/50000) 
Test epoch: 172 | Loss: *0.362* | Acc: *90.530%* (9053/10000)
Train epoch: 173 | Loss: *0.004* | Acc: *99.996%* (49998/50000) 
Test epoch: 173 | Loss: *0.363* | Acc: *90.500%* (9050/10000)
Train epoch: 174 | Loss: *0.004* | Acc: *100.000%* (50000/50000) 
Test epoch: 174 | Loss: *0.362* | Acc: *90.550%* (9055/10000)
Train epoch: 175 | Loss: *0.004* | Acc: *99.992%* (49996/50000) 
Test epoch: 175 | Loss: *0.364* | Acc: *90.500%* (9050/10000)
Train epoch: 176 | Loss: *0.004* | Acc: *99.996%* (49998/50000) 
Test epoch: 176 | Loss: *0.361* | Acc: *90.620%* (9062/10000)
Train epoch: 177 | Loss: *0.004* | Acc: *99.994%* (49997/50000) 
Test epoch: 177 | Loss: *0.364* | Acc: *90.500%* (9050/10000)
Train epoch: 178 | Loss: *0.004* | Acc: *99.994%* (49997/50000) 
Test epoch: 178 | Loss: *0.362* | Acc: *90.600%* (9060/10000)
Train epoch: 179 | Loss: *0.004* | Acc: *99.994%* (49997/50000) 
Test epoch: 179 | Loss: *0.363* | Acc: *90.520%* (9052/10000)
Train epoch: 180 | Loss: *0.004* | Acc: *99.996%* (49998/50000) 
Test epoch: 180 | Loss: *0.362* | Acc: *90.520%* (9052/10000)
Train epoch: 181 | Loss: *0.004* | Acc: *99.998%* (49999/50000) 
Test epoch: 181 | Loss: *0.363* | Acc: *90.600%* (9060/10000)
Train epoch: 182 | Loss: *0.004* | Acc: *99.998%* (49999/50000) 
Test epoch: 182 | Loss: *0.364* | Acc: *90.600%* (9060/10000)
Train epoch: 183 | Loss: *0.004* | Acc: *99.994%* (49997/50000) 
Test epoch: 183 | Loss: *0.363* | Acc: *90.580%* (9058/10000)
Train epoch: 184 | Loss: *0.004* | Acc: *99.996%* (49998/50000) 
Test epoch: 184 | Loss: *0.364* | Acc: *90.590%* (9059/10000)
Train epoch: 185 | Loss: *0.004* | Acc: *99.996%* (49998/50000) 
Test epoch: 185 | Loss: *0.362* | Acc: *90.570%* (9057/10000)
Train epoch: 186 | Loss: *0.004* | Acc: *99.996%* (49998/50000) 
Test epoch: 186 | Loss: *0.364* | Acc: *90.530%* (9053/10000)
Train epoch: 187 | Loss: *0.004* | Acc: *99.998%* (49999/50000) 
Test epoch: 187 | Loss: *0.364* | Acc: *90.480%* (9048/10000)
Train epoch: 188 | Loss: *0.004* | Acc: *99.994%* (49997/50000) 
Test epoch: 188 | Loss: *0.363* | Acc: *90.600%* (9060/10000)
Train epoch: 189 | Loss: *0.004* | Acc: *99.996%* (49998/50000) 
Test epoch: 189 | Loss: *0.361* | Acc: *90.530%* (9053/10000)
Train epoch: 190 | Loss: *0.004* | Acc: *99.990%* (49995/50000) 
Test epoch: 190 | Loss: *0.364* | Acc: *90.570%* (9057/10000)
Train epoch: 191 | Loss: *0.004* | Acc: *99.996%* (49998/50000) 
Test epoch: 191 | Loss: *0.364* | Acc: *90.640%* (9064/10000)
Train epoch: 192 | Loss: *0.004* | Acc: *99.998%* (49999/50000) 
Test epoch: 192 | Loss: *0.364* | Acc: *90.650%* (9065/10000)
Train epoch: 193 | Loss: *0.004* | Acc: *99.998%* (49999/50000) 
Test epoch: 193 | Loss: *0.362* | Acc: *90.560%* (9056/10000)
Train epoch: 194 | Loss: *0.004* | Acc: *99.998%* (49999/50000) 
Test epoch: 194 | Loss: *0.363* | Acc: *90.690%* (9069/10000)
Train epoch: 195 | Loss: *0.004* | Acc: *99.998%* (49999/50000) 
Test epoch: 195 | Loss: *0.359* | Acc: *90.680%* (9068/10000)
Train epoch: 196 | Loss: *0.004* | Acc: *99.996%* (49998/50000) 
Test epoch: 196 | Loss: *0.364* | Acc: *90.490%* (9049/10000)
Train epoch: 197 | Loss: *0.004* | Acc: *99.992%* (49996/50000) 
Test epoch: 197 | Loss: *0.363* | Acc: *90.570%* (9057/10000)
Train epoch: 198 | Loss: *0.004* | Acc: *99.990%* (49995/50000) 
Test epoch: 198 | Loss: *0.364* | Acc: *90.580%* (9058/10000)
Train epoch: 199 | Loss: *0.004* | Acc: *99.998%* (49999/50000) 
Test epoch: 199 | Loss: *0.360* | Acc: *90.570%* (9057/10000)
Train epoch: 200 | Loss: *0.004* | Acc: *99.998%* (49999/50000) 
Test epoch: 200 | Loss: *0.362* | Acc: *90.630%* (9063/10000)
Train epoch: 201 | Loss: *0.004* | Acc: *99.996%* (49998/50000) 
Test epoch: 201 | Loss: *0.361* | Acc: *90.590%* (9059/10000)
Train epoch: 202 | Loss: *0.004* | Acc: *99.992%* (49996/50000) 
Test epoch: 202 | Loss: *0.361* | Acc: *90.660%* (9066/10000)
Train epoch: 203 | Loss: *0.004* | Acc: *100.000%* (50000/50000) 
Test epoch: 203 | Loss: *0.363* | Acc: *90.640%* (9064/10000)
Train epoch: 204 | Loss: *0.004* | Acc: *99.996%* (49998/50000) 
Test epoch: 204 | Loss: *0.361* | Acc: *90.630%* (9063/10000)
Train epoch: 205 | Loss: *0.004* | Acc: *99.996%* (49998/50000) 
Test epoch: 205 | Loss: *0.364* | Acc: *90.590%* (9059/10000)
Train epoch: 206 | Loss: *0.004* | Acc: *100.000%* (50000/50000) 
Test epoch: 206 | Loss: *0.359* | Acc: *90.610%* (9061/10000)
Train epoch: 207 | Loss: *0.004* | Acc: *99.998%* (49999/50000) 
Test epoch: 207 | Loss: *0.362* | Acc: *90.580%* (9058/10000)
Train epoch: 208 | Loss: *0.004* | Acc: *99.998%* (49999/50000) 
Test epoch: 208 | Loss: *0.361* | Acc: *90.600%* (9060/10000)
Train epoch: 209 | Loss: *0.004* | Acc: *99.994%* (49997/50000) 
Test epoch: 209 | Loss: *0.362* | Acc: *90.630%* (9063/10000)
Train epoch: 210 | Loss: *0.004* | Acc: *99.992%* (49996/50000) 
Test epoch: 210 | Loss: *0.362* | Acc: *90.580%* (9058/10000)
Train epoch: 211 | Loss: *0.004* | Acc: *99.996%* (49998/50000) 
Test epoch: 211 | Loss: *0.361* | Acc: *90.600%* (9060/10000)
Train epoch: 212 | Loss: *0.004* | Acc: *99.990%* (49995/50000) 
Test epoch: 212 | Loss: *0.362* | Acc: *90.510%* (9051/10000)
Train epoch: 213 | Loss: *0.004* | Acc: *100.000%* (50000/50000) 
Test epoch: 213 | Loss: *0.362* | Acc: *90.620%* (9062/10000)
Train epoch: 214 | Loss: *0.004* | Acc: *99.996%* (49998/50000) 
Test epoch: 214 | Loss: *0.361* | Acc: *90.620%* (9062/10000)
Train epoch: 215 | Loss: *0.004* | Acc: *99.996%* (49998/50000) 
Test epoch: 215 | Loss: *0.362* | Acc: *90.650%* (9065/10000)
Train epoch: 216 | Loss: *0.004* | Acc: *99.996%* (49998/50000) 
Test epoch: 216 | Loss: *0.361* | Acc: *90.560%* (9056/10000)
Train epoch: 217 | Loss: *0.004* | Acc: *100.000%* (50000/50000) 
Test epoch: 217 | Loss: *0.362* | Acc: *90.610%* (9061/10000)
Train epoch: 218 | Loss: *0.004* | Acc: *99.996%* (49998/50000) 
Test epoch: 218 | Loss: *0.361* | Acc: *90.630%* (9063/10000)
Train epoch: 219 | Loss: *0.004* | Acc: *100.000%* (50000/50000) 
Test epoch: 219 | Loss: *0.361* | Acc: *90.680%* (9068/10000)
Train epoch: 220 | Loss: *0.004* | Acc: *99.998%* (49999/50000) 
Test epoch: 220 | Loss: *0.364* | Acc: *90.590%* (9059/10000)
Train epoch: 221 | Loss: *0.004* | Acc: *99.996%* (49998/50000) 
Test epoch: 221 | Loss: *0.363* | Acc: *90.530%* (9053/10000)
Train epoch: 222 | Loss: *0.004* | Acc: *99.996%* (49998/50000) 
Test epoch: 222 | Loss: *0.360* | Acc: *90.700%* (9070/10000)
Train epoch: 223 | Loss: *0.004* | Acc: *99.990%* (49995/50000) 
Test epoch: 223 | Loss: *0.362* | Acc: *90.700%* (9070/10000)
Train epoch: 224 | Loss: *0.004* | Acc: *99.998%* (49999/50000) 
Test epoch: 224 | Loss: *0.361* | Acc: *90.610%* (9061/10000)
Train epoch: 225 | Loss: *0.004* | Acc: *99.994%* (49997/50000) 
Test epoch: 225 | Loss: *0.362* | Acc: *90.690%* (9069/10000)
Train epoch: 226 | Loss: *0.004* | Acc: *100.000%* (50000/50000) 
Test epoch: 226 | Loss: *0.361* | Acc: *90.630%* (9063/10000)
Train epoch: 227 | Loss: *0.004* | Acc: *99.994%* (49997/50000) 
Test epoch: 227 | Loss: *0.362* | Acc: *90.590%* (9059/10000)
Train epoch: 228 | Loss: *0.004* | Acc: *100.000%* (50000/50000) 
Test epoch: 228 | Loss: *0.362* | Acc: *90.640%* (9064/10000)
Train epoch: 229 | Loss: *0.004* | Acc: *100.000%* (50000/50000) 
Test epoch: 229 | Loss: *0.362* | Acc: *90.580%* (9058/10000)
Train epoch: 230 | Loss: *0.004* | Acc: *99.998%* (49999/50000) 
Test epoch: 230 | Loss: *0.360* | Acc: *90.630%* (9063/10000)
Train epoch: 231 | Loss: *0.004* | Acc: *99.986%* (49993/50000) 
Test epoch: 231 | Loss: *0.361* | Acc: *90.630%* (9063/10000)
Train epoch: 232 | Loss: *0.004* | Acc: *99.994%* (49997/50000) 
Test epoch: 232 | Loss: *0.359* | Acc: *90.660%* (9066/10000)
Train epoch: 233 | Loss: *0.004* | Acc: *99.992%* (49996/50000) 
Test epoch: 233 | Loss: *0.359* | Acc: *90.660%* (9066/10000)
Train epoch: 234 | Loss: *0.004* | Acc: *99.998%* (49999/50000) 
Test epoch: 234 | Loss: *0.362* | Acc: *90.620%* (9062/10000)
Train epoch: 235 | Loss: *0.004* | Acc: *99.998%* (49999/50000) 
Test epoch: 235 | Loss: *0.362* | Acc: *90.620%* (9062/10000)
Train epoch: 236 | Loss: *0.004* | Acc: *99.998%* (49999/50000) 
Test epoch: 236 | Loss: *0.362* | Acc: *90.570%* (9057/10000)
Train epoch: 237 | Loss: *0.004* | Acc: *99.998%* (49999/50000) 
Test epoch: 237 | Loss: *0.362* | Acc: *90.560%* (9056/10000)
Train epoch: 238 | Loss: *0.004* | Acc: *99.992%* (49996/50000) 
Test epoch: 238 | Loss: *0.363* | Acc: *90.400%* (9040/10000)
Train epoch: 239 | Loss: *0.004* | Acc: *99.994%* (49997/50000) 
Test epoch: 239 | Loss: *0.360* | Acc: *90.620%* (9062/10000)
Train epoch: 240 | Loss: *0.004* | Acc: *100.000%* (50000/50000) 
Test epoch: 240 | Loss: *0.360* | Acc: *90.810%* (9081/10000)
Train epoch: 241 | Loss: *0.004* | Acc: *99.994%* (49997/50000) 
Test epoch: 241 | Loss: *0.362* | Acc: *90.620%* (9062/10000)
Train epoch: 242 | Loss: *0.004* | Acc: *100.000%* (50000/50000) 
Test epoch: 242 | Loss: *0.361* | Acc: *90.530%* (9053/10000)
Train epoch: 243 | Loss: *0.004* | Acc: *99.996%* (49998/50000) 
Test epoch: 243 | Loss: *0.363* | Acc: *90.510%* (9051/10000)
Train epoch: 244 | Loss: *0.004* | Acc: *99.998%* (49999/50000) 
Test epoch: 244 | Loss: *0.363* | Acc: *90.550%* (9055/10000)
Train epoch: 245 | Loss: *0.004* | Acc: *99.996%* (49998/50000) 
Test epoch: 245 | Loss: *0.359* | Acc: *90.740%* (9074/10000)
Train epoch: 246 | Loss: *0.004* | Acc: *99.996%* (49998/50000) 
Test epoch: 246 | Loss: *0.359* | Acc: *90.660%* (9066/10000)
Train epoch: 247 | Loss: *0.004* | Acc: *99.990%* (49995/50000) 
Test epoch: 247 | Loss: *0.360* | Acc: *90.660%* (9066/10000)
Train epoch: 248 | Loss: *0.005* | Acc: *99.988%* (49994/50000) 
Test epoch: 248 | Loss: *0.360* | Acc: *90.660%* (9066/10000)
Train epoch: 249 | Loss: *0.004* | Acc: *99.996%* (49998/50000) 
Test epoch: 249 | Loss: *0.359* | Acc: *90.510%* (9051/10000)
Train epoch: 250 | Loss: *0.004* | Acc: *100.000%* (50000/50000) 
Test epoch: 250 | Loss: *0.361* | Acc: *90.500%* (9050/10000)
Train epoch: 251 | Loss: *0.004* | Acc: *99.998%* (49999/50000) 
Test epoch: 251 | Loss: *0.364* | Acc: *90.510%* (9051/10000)
Train epoch: 252 | Loss: *0.004* | Acc: *99.994%* (49997/50000) 
Test epoch: 252 | Loss: *0.362* | Acc: *90.590%* (9059/10000)
Train epoch: 253 | Loss: *0.004* | Acc: *99.998%* (49999/50000) 
Test epoch: 253 | Loss: *0.362* | Acc: *90.560%* (9056/10000)
Train epoch: 254 | Loss: *0.004* | Acc: *99.996%* (49998/50000) 
Test epoch: 254 | Loss: *0.361* | Acc: *90.590%* (9059/10000)
Train epoch: 255 | Loss: *0.004* | Acc: *100.000%* (50000/50000) 
Test epoch: 255 | Loss: *0.360* | Acc: *90.620%* (9062/10000)
Train epoch: 256 | Loss: *0.004* | Acc: *99.994%* (49997/50000) 
Test epoch: 256 | Loss: *0.361* | Acc: *90.520%* (9052/10000)
Train epoch: 257 | Loss: *0.004* | Acc: *100.000%* (50000/50000) 
Test epoch: 257 | Loss: *0.360* | Acc: *90.540%* (9054/10000)
Train epoch: 258 | Loss: *0.005* | Acc: *99.992%* (49996/50000) 
Test epoch: 258 | Loss: *0.361* | Acc: *90.550%* (9055/10000)
Train epoch: 259 | Loss: *0.005* | Acc: *99.996%* (49998/50000) 
Test epoch: 259 | Loss: *0.361* | Acc: *90.700%* (9070/10000)
Train epoch: 260 | Loss: *0.005* | Acc: *99.998%* (49999/50000) 
Test epoch: 260 | Loss: *0.361* | Acc: *90.550%* (9055/10000)
Train epoch: 261 | Loss: *0.005* | Acc: *100.000%* (50000/50000) 
Test epoch: 261 | Loss: *0.360* | Acc: *90.470%* (9047/10000)
Train epoch: 262 | Loss: *0.004* | Acc: *99.996%* (49998/50000) 
Test epoch: 262 | Loss: *0.361* | Acc: *90.530%* (9053/10000)
Train epoch: 263 | Loss: *0.005* | Acc: *99.992%* (49996/50000) 
Test epoch: 263 | Loss: *0.363* | Acc: *90.550%* (9055/10000)
Train epoch: 264 | Loss: *0.005* | Acc: *99.994%* (49997/50000) 
Test epoch: 264 | Loss: *0.365* | Acc: *90.490%* (9049/10000)
Train epoch: 265 | Loss: *0.005* | Acc: *99.994%* (49997/50000) 
Test epoch: 265 | Loss: *0.362* | Acc: *90.450%* (9045/10000)
Train epoch: 266 | Loss: *0.005* | Acc: *99.998%* (49999/50000) 
Test epoch: 266 | Loss: *0.364* | Acc: *90.480%* (9048/10000)
Train epoch: 267 | Loss: *0.005* | Acc: *99.996%* (49998/50000) 
Test epoch: 267 | Loss: *0.359* | Acc: *90.590%* (9059/10000)
Train epoch: 268 | Loss: *0.005* | Acc: *99.994%* (49997/50000) 
Test epoch: 268 | Loss: *0.370* | Acc: *90.520%* (9052/10000)
Train epoch: 269 | Loss: *0.005* | Acc: *99.990%* (49995/50000) 
Test epoch: 269 | Loss: *0.360* | Acc: *90.480%* (9048/10000)
Train epoch: 270 | Loss: *0.005* | Acc: *99.996%* (49998/50000) 
Test epoch: 270 | Loss: *0.363* | Acc: *90.590%* (9059/10000)
Train epoch: 271 | Loss: *0.005* | Acc: *99.996%* (49998/50000) 
Test epoch: 271 | Loss: *0.363* | Acc: *90.680%* (9068/10000)
Train epoch: 272 | Loss: *0.005* | Acc: *99.994%* (49997/50000) 
Test epoch: 272 | Loss: *0.365* | Acc: *90.240%* (9024/10000)
Train epoch: 273 | Loss: *0.005* | Acc: *99.988%* (49994/50000) 
Test epoch: 273 | Loss: *0.367* | Acc: *90.290%* (9029/10000)
Train epoch: 274 | Loss: *0.005* | Acc: *99.996%* (49998/50000) 
Test epoch: 274 | Loss: *0.369* | Acc: *90.400%* (9040/10000)
Train epoch: 275 | Loss: *0.005* | Acc: *99.986%* (49993/50000) 
Test epoch: 275 | Loss: *0.364* | Acc: *90.490%* (9049/10000)
Train epoch: 276 | Loss: *0.005* | Acc: *99.992%* (49996/50000) 
Test epoch: 276 | Loss: *0.363* | Acc: *90.630%* (9063/10000)
Train epoch: 277 | Loss: *0.005* | Acc: *99.996%* (49998/50000) 
Test epoch: 277 | Loss: *0.361* | Acc: *90.610%* (9061/10000)
Train epoch: 278 | Loss: *0.005* | Acc: *99.994%* (49997/50000) 
Test epoch: 278 | Loss: *0.369* | Acc: *90.290%* (9029/10000)
Train epoch: 279 | Loss: *0.005* | Acc: *99.996%* (49998/50000) 
Test epoch: 279 | Loss: *0.359* | Acc: *90.560%* (9056/10000)
Train epoch: 280 | Loss: *0.005* | Acc: *99.984%* (49992/50000) 
Test epoch: 280 | Loss: *0.375* | Acc: *90.200%* (9020/10000)
Train epoch: 281 | Loss: *0.005* | Acc: *99.992%* (49996/50000) 
Test epoch: 281 | Loss: *0.368* | Acc: *90.280%* (9028/10000)
Train epoch: 282 | Loss: *0.006* | Acc: *99.974%* (49987/50000) 
Test epoch: 282 | Loss: *0.368* | Acc: *90.170%* (9017/10000)
Train epoch: 283 | Loss: *0.006* | Acc: *99.982%* (49991/50000) 
Test epoch: 283 | Loss: *0.372* | Acc: *90.240%* (9024/10000)
Train epoch: 284 | Loss: *0.006* | Acc: *99.982%* (49991/50000) 
Test epoch: 284 | Loss: *0.371* | Acc: *90.130%* (9013/10000)
Train epoch: 285 | Loss: *0.006* | Acc: *99.978%* (49989/50000) 
Test epoch: 285 | Loss: *0.364* | Acc: *90.480%* (9048/10000)
Train epoch: 286 | Loss: *0.006* | Acc: *99.972%* (49986/50000) 
Test epoch: 286 | Loss: *0.366* | Acc: *90.360%* (9036/10000)
Train epoch: 287 | Loss: *0.007* | Acc: *99.976%* (49988/50000) 
Test epoch: 287 | Loss: *0.371* | Acc: *90.370%* (9037/10000)
Train epoch: 288 | Loss: *0.006* | Acc: *99.994%* (49997/50000) 
Test epoch: 288 | Loss: *0.364* | Acc: *90.540%* (9054/10000)
Train epoch: 289 | Loss: *0.006* | Acc: *99.984%* (49992/50000) 
Test epoch: 289 | Loss: *0.367* | Acc: *90.540%* (9054/10000)
Train epoch: 290 | Loss: *0.006* | Acc: *99.980%* (49990/50000) 
Test epoch: 290 | Loss: *0.368* | Acc: *90.440%* (9044/10000)
Train epoch: 291 | Loss: *0.007* | Acc: *99.970%* (49985/50000) 
Test epoch: 291 | Loss: *0.377* | Acc: *90.140%* (9014/10000)
Train epoch: 292 | Loss: *0.007* | Acc: *99.974%* (49987/50000) 
Test epoch: 292 | Loss: *0.369* | Acc: *90.540%* (9054/10000)
Train epoch: 293 | Loss: *0.007* | Acc: *99.982%* (49991/50000) 
Test epoch: 293 | Loss: *0.383* | Acc: *90.240%* (9024/10000)
Train epoch: 294 | Loss: *0.007* | Acc: *99.972%* (49986/50000) 
Test epoch: 294 | Loss: *0.405* | Acc: *89.570%* (8957/10000)
Train epoch: 295 | Loss: *0.007* | Acc: *99.984%* (49992/50000) 
Test epoch: 295 | Loss: *0.375* | Acc: *90.330%* (9033/10000)
Train epoch: 296 | Loss: *0.007* | Acc: *99.980%* (49990/50000) 
Test epoch: 296 | Loss: *0.396* | Acc: *90.070%* (9007/10000)
Train epoch: 297 | Loss: *0.007* | Acc: *99.984%* (49992/50000) 
Test epoch: 297 | Loss: *0.369* | Acc: *90.340%* (9034/10000)
Train epoch: 298 | Loss: *0.007* | Acc: *99.986%* (49993/50000) 
Test epoch: 298 | Loss: *0.365* | Acc: *90.390%* (9039/10000)
Train epoch: 299 | Loss: *0.008* | Acc: *99.954%* (49977/50000) 
Test epoch: 299 | Loss: *0.381* | Acc: *90.020%* (9002/10000)
Train epoch: 300 | Loss: *0.008* | Acc: *99.958%* (49979/50000) 
Test epoch: 300 | Loss: *0.414* | Acc: *89.740%* (8974/10000)
Train epoch: 301 | Loss: *0.009* | Acc: *99.916%* (49958/50000) 
Test epoch: 301 | Loss: *0.387* | Acc: *90.040%* (9004/10000)
Train epoch: 302 | Loss: *0.010* | Acc: *99.914%* (49957/50000) 
Test epoch: 302 | Loss: *0.382* | Acc: *89.940%* (8994/10000)
Train epoch: 303 | Loss: *0.010* | Acc: *99.898%* (49949/50000) 
Test epoch: 303 | Loss: *0.394* | Acc: *89.600%* (8960/10000)
Train epoch: 304 | Loss: *0.012* | Acc: *99.862%* (49931/50000) 
Test epoch: 304 | Loss: *0.500* | Acc: *87.230%* (8723/10000)
Train epoch: 305 | Loss: *0.011* | Acc: *99.904%* (49952/50000) 
Test epoch: 305 | Loss: *0.391* | Acc: *89.810%* (8981/10000)
Train epoch: 306 | Loss: *0.011* | Acc: *99.876%* (49938/50000) 
Test epoch: 306 | Loss: *0.398* | Acc: *89.730%* (8973/10000)
Train epoch: 307 | Loss: *0.012* | Acc: *99.884%* (49942/50000) 
Test epoch: 307 | Loss: *0.408* | Acc: *89.760%* (8976/10000)
Train epoch: 308 | Loss: *0.013* | Acc: *99.850%* (49925/50000) 
Test epoch: 308 | Loss: *0.403* | Acc: *89.350%* (8935/10000)
Train epoch: 309 | Loss: *0.013* | Acc: *99.832%* (49916/50000) 
Test epoch: 309 | Loss: *0.441* | Acc: *88.590%* (8859/10000)
Train epoch: 310 | Loss: *0.015* | Acc: *99.782%* (49891/50000) 
Test epoch: 310 | Loss: *0.428* | Acc: *89.160%* (8916/10000)
Train epoch: 311 | Loss: *0.014* | Acc: *99.804%* (49902/50000) 
Test epoch: 311 | Loss: *0.402* | Acc: *89.680%* (8968/10000)
Train epoch: 312 | Loss: *0.016* | Acc: *99.766%* (49883/50000) 
Test epoch: 312 | Loss: *0.422* | Acc: *89.360%* (8936/10000)
Train epoch: 313 | Loss: *0.015* | Acc: *99.744%* (49872/50000) 
Test epoch: 313 | Loss: *0.401* | Acc: *89.340%* (8934/10000)
Train epoch: 314 | Loss: *0.020* | Acc: *99.606%* (49803/50000) 
Test epoch: 314 | Loss: *0.600* | Acc: *85.650%* (8565/10000)
Train epoch: 315 | Loss: *0.020* | Acc: *99.632%* (49816/50000) 
Test epoch: 315 | Loss: *0.413* | Acc: *89.260%* (8926/10000)
Train epoch: 316 | Loss: *0.020* | Acc: *99.612%* (49806/50000) 
Test epoch: 316 | Loss: *0.412* | Acc: *89.630%* (8963/10000)
Train epoch: 317 | Loss: *0.019* | Acc: *99.666%* (49833/50000) 
Test epoch: 317 | Loss: *0.397* | Acc: *89.390%* (8939/10000)
Train epoch: 318 | Loss: *0.018* | Acc: *99.706%* (49853/50000) 
Test epoch: 318 | Loss: *0.468* | Acc: *88.120%* (8812/10000)
Train epoch: 319 | Loss: *0.017* | Acc: *99.752%* (49876/50000) 
Test epoch: 319 | Loss: *0.447* | Acc: *88.760%* (8876/10000)
Train epoch: 320 | Loss: *0.018* | Acc: *99.674%* (49837/50000) 
Test epoch: 320 | Loss: *0.409* | Acc: *89.470%* (8947/10000)
Train epoch: 321 | Loss: *0.022* | Acc: *99.534%* (49767/50000) 
Test epoch: 321 | Loss: *0.548* | Acc: *86.780%* (8678/10000)
Train epoch: 322 | Loss: *0.021* | Acc: *99.590%* (49795/50000) 
Test epoch: 322 | Loss: *0.406* | Acc: *89.540%* (8954/10000)
Train epoch: 323 | Loss: *0.021* | Acc: *99.586%* (49793/50000) 
Test epoch: 323 | Loss: *0.438* | Acc: *88.840%* (8884/10000)
Train epoch: 324 | Loss: *0.024* | Acc: *99.448%* (49724/50000) 
Test epoch: 324 | Loss: *0.460* | Acc: *88.600%* (8860/10000)
Train epoch: 325 | Loss: *0.026* | Acc: *99.408%* (49704/50000) 
Test epoch: 325 | Loss: *0.400* | Acc: *89.860%* (8986/10000)
Train epoch: 326 | Loss: *0.021* | Acc: *99.578%* (49789/50000) 
Test epoch: 326 | Loss: *0.419* | Acc: *89.140%* (8914/10000)
Train epoch: 327 | Loss: *0.020* | Acc: *99.618%* (49809/50000) 
Test epoch: 327 | Loss: *0.472* | Acc: *88.310%* (8831/10000)
Train epoch: 328 | Loss: *0.021* | Acc: *99.550%* (49775/50000) 
Test epoch: 328 | Loss: *0.437* | Acc: *89.200%* (8920/10000)
Train epoch: 329 | Loss: *0.020* | Acc: *99.604%* (49802/50000) 
Test epoch: 329 | Loss: *0.437* | Acc: *89.470%* (8947/10000)
Train epoch: 330 | Loss: *0.019* | Acc: *99.656%* (49828/50000) 
Test epoch: 330 | Loss: *0.414* | Acc: *89.140%* (8914/10000)
Train epoch: 331 | Loss: *0.019* | Acc: *99.608%* (49804/50000) 
Test epoch: 331 | Loss: *0.470* | Acc: *88.110%* (8811/10000)
Train epoch: 332 | Loss: *0.021* | Acc: *99.604%* (49802/50000) 
Test epoch: 332 | Loss: *0.437* | Acc: *88.930%* (8893/10000)
Train epoch: 333 | Loss: *0.024* | Acc: *99.448%* (49724/50000) 
Test epoch: 333 | Loss: *0.462* | Acc: *88.290%* (8829/10000)
Train epoch: 334 | Loss: *0.026* | Acc: *99.414%* (49707/50000) 
Test epoch: 334 | Loss: *0.528* | Acc: *87.190%* (8719/10000)
Train epoch: 335 | Loss: *0.028* | Acc: *99.290%* (49645/50000) 
Test epoch: 335 | Loss: *0.424* | Acc: *89.450%* (8945/10000)
Train epoch: 336 | Loss: *0.023* | Acc: *99.478%* (49739/50000) 
Test epoch: 336 | Loss: *0.443* | Acc: *88.960%* (8896/10000)
Train epoch: 337 | Loss: *0.021* | Acc: *99.562%* (49781/50000) 
Test epoch: 337 | Loss: *0.445* | Acc: *88.820%* (8882/10000)
Train epoch: 338 | Loss: *0.025* | Acc: *99.408%* (49704/50000) 
Test epoch: 338 | Loss: *0.549* | Acc: *86.650%* (8665/10000)
Train epoch: 339 | Loss: *0.023* | Acc: *99.516%* (49758/50000) 
Test epoch: 339 | Loss: *0.454* | Acc: *88.610%* (8861/10000)
Train epoch: 340 | Loss: *0.024* | Acc: *99.458%* (49729/50000) 
Test epoch: 340 | Loss: *0.418* | Acc: *89.340%* (8934/10000)
Train epoch: 341 | Loss: *0.023* | Acc: *99.444%* (49722/50000) 
Test epoch: 341 | Loss: *0.430* | Acc: *89.260%* (8926/10000)
Train epoch: 342 | Loss: *0.020* | Acc: *99.588%* (49794/50000) 
Test epoch: 342 | Loss: *0.423* | Acc: *89.500%* (8950/10000)
Train epoch: 343 | Loss: *0.021* | Acc: *99.524%* (49762/50000) 
Test epoch: 343 | Loss: *0.522* | Acc: *87.780%* (8778/10000)
Train epoch: 344 | Loss: *0.025* | Acc: *99.400%* (49700/50000) 
Test epoch: 344 | Loss: *0.430* | Acc: *89.150%* (8915/10000)
Train epoch: 345 | Loss: *0.024* | Acc: *99.414%* (49707/50000) 
Test epoch: 345 | Loss: *0.477* | Acc: *88.420%* (8842/10000)
Train epoch: 346 | Loss: *0.024* | Acc: *99.414%* (49707/50000) 
Test epoch: 346 | Loss: *0.405* | Acc: *89.600%* (8960/10000)
Train epoch: 347 | Loss: *0.024* | Acc: *99.426%* (49713/50000) 
Test epoch: 347 | Loss: *0.422* | Acc: *89.380%* (8938/10000)
Train epoch: 348 | Loss: *0.023* | Acc: *99.452%* (49726/50000) 
Test epoch: 348 | Loss: *0.512* | Acc: *87.960%* (8796/10000)
Train epoch: 349 | Loss: *0.022* | Acc: *99.482%* (49741/50000) 
Test epoch: 349 | Loss: *0.413* | Acc: *89.440%* (8944/10000)
Train epoch: 350 | Loss: *0.017* | Acc: *99.640%* (49820/50000) 
Test epoch: 350 | Loss: *0.432* | Acc: *89.270%* (8927/10000)
Train epoch: 351 | Loss: *0.018* | Acc: *99.638%* (49819/50000) 
Test epoch: 351 | Loss: *0.463* | Acc: *88.620%* (8862/10000)
Train epoch: 352 | Loss: *0.018* | Acc: *99.636%* (49818/50000) 
Test epoch: 352 | Loss: *0.432* | Acc: *89.270%* (8927/10000)
Train epoch: 353 | Loss: *0.020* | Acc: *99.554%* (49777/50000) 
Test epoch: 353 | Loss: *0.447* | Acc: *89.160%* (8916/10000)
Train epoch: 354 | Loss: *0.020* | Acc: *99.552%* (49776/50000) 
Test epoch: 354 | Loss: *0.465* | Acc: *88.870%* (8887/10000)
Train epoch: 355 | Loss: *0.020* | Acc: *99.596%* (49798/50000) 
Test epoch: 355 | Loss: *0.485* | Acc: *88.460%* (8846/10000)
Train epoch: 356 | Loss: *0.019* | Acc: *99.560%* (49780/50000) 
Test epoch: 356 | Loss: *0.492* | Acc: *88.260%* (8826/10000)
Train epoch: 357 | Loss: *0.019* | Acc: *99.612%* (49806/50000) 
Test epoch: 357 | Loss: *0.446* | Acc: *89.110%* (8911/10000)
Train epoch: 358 | Loss: *0.017* | Acc: *99.674%* (49837/50000) 
Test epoch: 358 | Loss: *0.459* | Acc: *88.690%* (8869/10000)
Train epoch: 359 | Loss: *0.022* | Acc: *99.480%* (49740/50000) 
Test epoch: 359 | Loss: *0.501* | Acc: *87.860%* (8786/10000)
Train epoch: 360 | Loss: *0.023* | Acc: *99.418%* (49709/50000) 
Test epoch: 360 | Loss: *0.429* | Acc: *89.410%* (8941/10000)
Train epoch: 361 | Loss: *0.021* | Acc: *99.530%* (49765/50000) 
Test epoch: 361 | Loss: *0.465* | Acc: *88.840%* (8884/10000)
Train epoch: 362 | Loss: *0.021* | Acc: *99.490%* (49745/50000) 
Test epoch: 362 | Loss: *0.468* | Acc: *89.000%* (8900/10000)
Train epoch: 363 | Loss: *0.022* | Acc: *99.498%* (49749/50000) 
Test epoch: 363 | Loss: *0.418* | Acc: *89.790%* (8979/10000)
Train epoch: 364 | Loss: *0.020* | Acc: *99.534%* (49767/50000) 
Test epoch: 364 | Loss: *0.480* | Acc: *88.370%* (8837/10000)
Train epoch: 365 | Loss: *0.021* | Acc: *99.476%* (49738/50000) 
Test epoch: 365 | Loss: *0.458* | Acc: *88.970%* (8897/10000)
Train epoch: 366 | Loss: *0.017* | Acc: *99.648%* (49824/50000) 
Test epoch: 366 | Loss: *0.416* | Acc: *89.620%* (8962/10000)
Train epoch: 367 | Loss: *0.019* | Acc: *99.614%* (49807/50000) 
Test epoch: 367 | Loss: *0.453* | Acc: *89.240%* (8924/10000)
Train epoch: 368 | Loss: *0.019* | Acc: *99.572%* (49786/50000) 
Test epoch: 368 | Loss: *0.476* | Acc: *88.310%* (8831/10000)
Train epoch: 369 | Loss: *0.016* | Acc: *99.698%* (49849/50000) 
Test epoch: 369 | Loss: *0.453* | Acc: *88.950%* (8895/10000)
Train epoch: 370 | Loss: *0.019* | Acc: *99.528%* (49764/50000) 
Test epoch: 370 | Loss: *0.423* | Acc: *89.680%* (8968/10000)
Train epoch: 371 | Loss: *0.020* | Acc: *99.536%* (49768/50000) 
Test epoch: 371 | Loss: *0.468* | Acc: *88.850%* (8885/10000)
Train epoch: 372 | Loss: *0.020* | Acc: *99.542%* (49771/50000) 
Test epoch: 372 | Loss: *0.449* | Acc: *89.270%* (8927/10000)
Train epoch: 373 | Loss: *0.015* | Acc: *99.700%* (49850/50000) 
Test epoch: 373 | Loss: *0.420* | Acc: *89.560%* (8956/10000)
Train epoch: 374 | Loss: *0.017* | Acc: *99.634%* (49817/50000) 
Test epoch: 374 | Loss: *0.440* | Acc: *89.410%* (8941/10000)
Train epoch: 375 | Loss: *0.021* | Acc: *99.462%* (49731/50000) 
Test epoch: 375 | Loss: *0.448* | Acc: *88.940%* (8894/10000)
Train epoch: 376 | Loss: *0.024* | Acc: *99.406%* (49703/50000) 
Test epoch: 376 | Loss: *0.421* | Acc: *89.670%* (8967/10000)
Train epoch: 377 | Loss: *0.020* | Acc: *99.540%* (49770/50000) 
Test epoch: 377 | Loss: *0.444* | Acc: *89.510%* (8951/10000)
Train epoch: 378 | Loss: *0.016* | Acc: *99.634%* (49817/50000) 
Test epoch: 378 | Loss: *0.472* | Acc: *89.040%* (8904/10000)
Train epoch: 379 | Loss: *0.018* | Acc: *99.594%* (49797/50000) 
Test epoch: 379 | Loss: *0.426* | Acc: *89.540%* (8954/10000)
Train epoch: 380 | Loss: *0.021* | Acc: *99.490%* (49745/50000) 
Test epoch: 380 | Loss: *0.423* | Acc: *89.540%* (8954/10000)
Train epoch: 381 | Loss: *0.018* | Acc: *99.604%* (49802/50000) 
Test epoch: 381 | Loss: *0.438* | Acc: *89.330%* (8933/10000)
Train epoch: 382 | Loss: *0.016* | Acc: *99.690%* (49845/50000) 
Test epoch: 382 | Loss: *0.627* | Acc: *85.870%* (8587/10000)
Train epoch: 383 | Loss: *0.020* | Acc: *99.536%* (49768/50000) 
Test epoch: 383 | Loss: *0.422* | Acc: *89.630%* (8963/10000)
Train epoch: 384 | Loss: *0.016* | Acc: *99.700%* (49850/50000) 
Test epoch: 384 | Loss: *0.449* | Acc: *89.220%* (8922/10000)
Train epoch: 385 | Loss: *0.014* | Acc: *99.722%* (49861/50000) 
Test epoch: 385 | Loss: *0.432* | Acc: *89.610%* (8961/10000)
Train epoch: 386 | Loss: *0.014* | Acc: *99.764%* (49882/50000) 
Test epoch: 386 | Loss: *0.419* | Acc: *89.910%* (8991/10000)
Train epoch: 387 | Loss: *0.013* | Acc: *99.726%* (49863/50000) 
Test epoch: 387 | Loss: *0.428* | Acc: *89.660%* (8966/10000)
Train epoch: 388 | Loss: *0.013* | Acc: *99.756%* (49878/50000) 
Test epoch: 388 | Loss: *0.421* | Acc: *89.730%* (8973/10000)
Train epoch: 389 | Loss: *0.013* | Acc: *99.772%* (49886/50000) 
Test epoch: 389 | Loss: *0.415* | Acc: *90.020%* (9002/10000)
Train epoch: 390 | Loss: *0.011* | Acc: *99.814%* (49907/50000) 
Test epoch: 390 | Loss: *0.420* | Acc: *89.620%* (8962/10000)
Train epoch: 391 | Loss: *0.013* | Acc: *99.766%* (49883/50000) 
Test epoch: 391 | Loss: *0.407* | Acc: *89.970%* (8997/10000)
Train epoch: 392 | Loss: *0.011* | Acc: *99.840%* (49920/50000) 
Test epoch: 392 | Loss: *0.396* | Acc: *90.300%* (9030/10000)
Train epoch: 393 | Loss: *0.011* | Acc: *99.834%* (49917/50000) 
Test epoch: 393 | Loss: *0.410* | Acc: *90.160%* (9016/10000)
Train epoch: 394 | Loss: *0.010* | Acc: *99.860%* (49930/50000) 
Test epoch: 394 | Loss: *0.404* | Acc: *90.110%* (9011/10000)
Train epoch: 395 | Loss: *0.011* | Acc: *99.848%* (49924/50000) 
Test epoch: 395 | Loss: *0.407* | Acc: *89.940%* (8994/10000)
Train epoch: 396 | Loss: *0.009* | Acc: *99.876%* (49938/50000) 
Test epoch: 396 | Loss: *0.415* | Acc: *89.910%* (8991/10000)
Train epoch: 397 | Loss: *0.011* | Acc: *99.802%* (49901/50000) 
Test epoch: 397 | Loss: *0.443* | Acc: *89.200%* (8920/10000)
Train epoch: 398 | Loss: *0.010* | Acc: *99.878%* (49939/50000) 
Test epoch: 398 | Loss: *0.408* | Acc: *89.860%* (8986/10000)
Train epoch: 399 | Loss: *0.011* | Acc: *99.832%* (49916/50000) 
Test epoch: 399 | Loss: *0.417* | Acc: *89.720%* (8972/10000)
Train epoch: 400 | Loss: *0.010* | Acc: *99.848%* (49924/50000) 
Test epoch: 400 | Loss: *0.404* | Acc: *89.930%* (8993/10000)
Train epoch: 401 | Loss: *0.011* | Acc: *99.836%* (49918/50000) 
Test epoch: 401 | Loss: *0.397* | Acc: *90.260%* (9026/10000)
Train epoch: 402 | Loss: *0.010* | Acc: *99.850%* (49925/50000) 
Test epoch: 402 | Loss: *0.429* | Acc: *89.620%* (8962/10000)
Train epoch: 403 | Loss: *0.010* | Acc: *99.856%* (49928/50000) 
Test epoch: 403 | Loss: *0.415* | Acc: *89.890%* (8989/10000)
Train epoch: 404 | Loss: *0.009* | Acc: *99.878%* (49939/50000) 
Test epoch: 404 | Loss: *0.416* | Acc: *89.840%* (8984/10000)
Train epoch: 405 | Loss: *0.008* | Acc: *99.886%* (49943/50000) 
Test epoch: 405 | Loss: *0.448* | Acc: *88.940%* (8894/10000)
Train epoch: 406 | Loss: *0.012* | Acc: *99.788%* (49894/50000) 
Test epoch: 406 | Loss: *0.403* | Acc: *89.710%* (8971/10000)
Train epoch: 407 | Loss: *0.009* | Acc: *99.900%* (49950/50000) 
Test epoch: 407 | Loss: *0.388* | Acc: *90.090%* (9009/10000)
Train epoch: 408 | Loss: *0.008* | Acc: *99.932%* (49966/50000) 
Test epoch: 408 | Loss: *0.404* | Acc: *90.100%* (9010/10000)
Train epoch: 409 | Loss: *0.008* | Acc: *99.908%* (49954/50000) 
Test epoch: 409 | Loss: *0.397* | Acc: *90.310%* (9031/10000)
Train epoch: 410 | Loss: *0.008* | Acc: *99.910%* (49955/50000) 
Test epoch: 410 | Loss: *0.438* | Acc: *89.470%* (8947/10000)
Train epoch: 411 | Loss: *0.008* | Acc: *99.926%* (49963/50000) 
Test epoch: 411 | Loss: *0.398* | Acc: *90.290%* (9029/10000)
Train epoch: 412 | Loss: *0.009* | Acc: *99.870%* (49935/50000) 
Test epoch: 412 | Loss: *0.431* | Acc: *89.280%* (8928/10000)
Train epoch: 413 | Loss: *0.011* | Acc: *99.838%* (49919/50000) 
Test epoch: 413 | Loss: *0.405* | Acc: *89.880%* (8988/10000)
Train epoch: 414 | Loss: *0.007* | Acc: *99.938%* (49969/50000) 
Test epoch: 414 | Loss: *0.398* | Acc: *90.270%* (9027/10000)
Train epoch: 415 | Loss: *0.007* | Acc: *99.936%* (49968/50000) 
Test epoch: 415 | Loss: *0.388* | Acc: *90.010%* (9001/10000)
Train epoch: 416 | Loss: *0.007* | Acc: *99.916%* (49958/50000) 
Test epoch: 416 | Loss: *0.399* | Acc: *90.500%* (9050/10000)
Train epoch: 417 | Loss: *0.008* | Acc: *99.910%* (49955/50000) 
Test epoch: 417 | Loss: *0.423* | Acc: *89.880%* (8988/10000)
Train epoch: 418 | Loss: *0.009* | Acc: *99.874%* (49937/50000) 
Test epoch: 418 | Loss: *0.404* | Acc: *90.180%* (9018/10000)
Train epoch: 419 | Loss: *0.008* | Acc: *99.910%* (49955/50000) 
Test epoch: 419 | Loss: *0.390* | Acc: *90.380%* (9038/10000)
Train epoch: 420 | Loss: *0.008* | Acc: *99.910%* (49955/50000) 
Test epoch: 420 | Loss: *0.407* | Acc: *90.140%* (9014/10000)
Train epoch: 421 | Loss: *0.009* | Acc: *99.872%* (49936/50000) 
Test epoch: 421 | Loss: *0.393* | Acc: *90.170%* (9017/10000)
Train epoch: 422 | Loss: *0.009* | Acc: *99.876%* (49938/50000) 
Test epoch: 422 | Loss: *0.429* | Acc: *89.350%* (8935/10000)
Train epoch: 423 | Loss: *0.007* | Acc: *99.932%* (49966/50000) 
Test epoch: 423 | Loss: *0.447* | Acc: *89.070%* (8907/10000)
Train epoch: 424 | Loss: *0.007* | Acc: *99.914%* (49957/50000) 
Test epoch: 424 | Loss: *0.394* | Acc: *90.480%* (9048/10000)
Train epoch: 425 | Loss: *0.007* | Acc: *99.950%* (49975/50000) 
Test epoch: 425 | Loss: *0.403* | Acc: *90.240%* (9024/10000)
Train epoch: 426 | Loss: *0.006* | Acc: *99.930%* (49965/50000) 
Test epoch: 426 | Loss: *0.385* | Acc: *90.610%* (9061/10000)
Train epoch: 427 | Loss: *0.006* | Acc: *99.962%* (49981/50000) 
Test epoch: 427 | Loss: *0.380* | Acc: *90.680%* (9068/10000)
Train epoch: 428 | Loss: *0.007* | Acc: *99.932%* (49966/50000) 
Test epoch: 428 | Loss: *0.395* | Acc: *90.400%* (9040/10000)
Train epoch: 429 | Loss: *0.006* | Acc: *99.972%* (49986/50000) 
Test epoch: 429 | Loss: *0.375* | Acc: *90.720%* (9072/10000)
Train epoch: 430 | Loss: *0.005* | Acc: *99.972%* (49986/50000) 
Test epoch: 430 | Loss: *0.390* | Acc: *90.340%* (9034/10000)
Train epoch: 431 | Loss: *0.005* | Acc: *99.966%* (49983/50000) 
Test epoch: 431 | Loss: *0.398* | Acc: *90.220%* (9022/10000)
Train epoch: 432 | Loss: *0.005* | Acc: *99.972%* (49986/50000) 
Test epoch: 432 | Loss: *0.377* | Acc: *90.470%* (9047/10000)
Train epoch: 433 | Loss: *0.004* | Acc: *99.984%* (49992/50000) 
Test epoch: 433 | Loss: *0.418* | Acc: *89.770%* (8977/10000)
Train epoch: 434 | Loss: *0.006* | Acc: *99.964%* (49982/50000) 
Test epoch: 434 | Loss: *0.379* | Acc: *90.600%* (9060/10000)
Train epoch: 435 | Loss: *0.005* | Acc: *99.970%* (49985/50000) 
Test epoch: 435 | Loss: *0.371* | Acc: *90.970%* (9097/10000)
Train epoch: 436 | Loss: *0.005* | Acc: *99.982%* (49991/50000) 
Test epoch: 436 | Loss: *0.374* | Acc: *90.920%* (9092/10000)
Train epoch: 437 | Loss: *0.004* | Acc: *99.990%* (49995/50000) 
Test epoch: 437 | Loss: *0.367* | Acc: *90.420%* (9042/10000)
Train epoch: 438 | Loss: *0.005* | Acc: *99.978%* (49989/50000) 
Test epoch: 438 | Loss: *0.369* | Acc: *90.730%* (9073/10000)
Train epoch: 439 | Loss: *0.004* | Acc: *99.978%* (49989/50000) 
Test epoch: 439 | Loss: *0.361* | Acc: *90.790%* (9079/10000)
Train epoch: 440 | Loss: *0.005* | Acc: *99.974%* (49987/50000) 
Test epoch: 440 | Loss: *0.362* | Acc: *90.910%* (9091/10000)
Train epoch: 441 | Loss: *0.004* | Acc: *99.982%* (49991/50000) 
Test epoch: 441 | Loss: *0.361* | Acc: *90.730%* (9073/10000)
Train epoch: 442 | Loss: *0.004* | Acc: *99.986%* (49993/50000) 
Test epoch: 442 | Loss: *0.365* | Acc: *90.780%* (9078/10000)
Train epoch: 443 | Loss: *0.003* | Acc: *99.998%* (49999/50000) 
Test epoch: 443 | Loss: *0.357* | Acc: *90.760%* (9076/10000)
Train epoch: 444 | Loss: *0.003* | Acc: *99.998%* (49999/50000) 
Test epoch: 444 | Loss: *0.358* | Acc: *90.840%* (9084/10000)
Train epoch: 445 | Loss: *0.004* | Acc: *99.994%* (49997/50000) 
Test epoch: 445 | Loss: *0.355* | Acc: *90.890%* (9089/10000)
Train epoch: 446 | Loss: *0.003* | Acc: *99.996%* (49998/50000) 
Test epoch: 446 | Loss: *0.352* | Acc: *90.890%* (9089/10000)
Train epoch: 447 | Loss: *0.004* | Acc: *99.990%* (49995/50000) 
Test epoch: 447 | Loss: *0.357* | Acc: *90.790%* (9079/10000)
Train epoch: 448 | Loss: *0.004* | Acc: *99.990%* (49995/50000) 
Test epoch: 448 | Loss: *0.356* | Acc: *90.860%* (9086/10000)
Train epoch: 449 | Loss: *0.004* | Acc: *99.988%* (49994/50000) 
Test epoch: 449 | Loss: *0.360* | Acc: *90.910%* (9091/10000)
Train epoch: 450 | Loss: *0.003* | Acc: *99.996%* (49998/50000) 
Test epoch: 450 | Loss: *0.356* | Acc: *90.710%* (9071/10000)
Train epoch: 451 | Loss: *0.003* | Acc: *99.992%* (49996/50000) 
Test epoch: 451 | Loss: *0.357* | Acc: *90.840%* (9084/10000)
Train epoch: 452 | Loss: *0.004* | Acc: *99.986%* (49993/50000) 
Test epoch: 452 | Loss: *0.354* | Acc: *90.690%* (9069/10000)
Train epoch: 453 | Loss: *0.003* | Acc: *99.998%* (49999/50000) 
Test epoch: 453 | Loss: *0.350* | Acc: *90.990%* (9099/10000)
Train epoch: 454 | Loss: *0.003* | Acc: *99.996%* (49998/50000) 
Test epoch: 454 | Loss: *0.356* | Acc: *90.880%* (9088/10000)
Train epoch: 455 | Loss: *0.004* | Acc: *99.982%* (49991/50000) 
Test epoch: 455 | Loss: *0.363* | Acc: *90.550%* (9055/10000)
Train epoch: 456 | Loss: *0.004* | Acc: *99.996%* (49998/50000) 
Test epoch: 456 | Loss: *0.350* | Acc: *90.930%* (9093/10000)
Train epoch: 457 | Loss: *0.003* | Acc: *99.992%* (49996/50000) 
Test epoch: 457 | Loss: *0.350* | Acc: *90.970%* (9097/10000)
Train epoch: 458 | Loss: *0.004* | Acc: *99.984%* (49992/50000) 
Test epoch: 458 | Loss: *0.361* | Acc: *90.750%* (9075/10000)
Train epoch: 459 | Loss: *0.003* | Acc: *99.998%* (49999/50000) 
Test epoch: 459 | Loss: *0.351* | Acc: *90.780%* (9078/10000)
Train epoch: 460 | Loss: *0.003* | Acc: *100.000%* (50000/50000) 
Test epoch: 460 | Loss: *0.343* | Acc: *90.920%* (9092/10000)
Train epoch: 461 | Loss: *0.003* | Acc: *100.000%* (50000/50000) 
Test epoch: 461 | Loss: *0.347* | Acc: *91.010%* (9101/10000)
Train epoch: 462 | Loss: *0.003* | Acc: *100.000%* (50000/50000) 
Test epoch: 462 | Loss: *0.344* | Acc: *90.890%* (9089/10000)
Train epoch: 463 | Loss: *0.003* | Acc: *100.000%* (50000/50000) 
Test epoch: 463 | Loss: *0.348* | Acc: *91.030%* (9103/10000)
Train epoch: 464 | Loss: *0.003* | Acc: *99.998%* (49999/50000) 
Test epoch: 464 | Loss: *0.342* | Acc: *90.970%* (9097/10000)
Train epoch: 465 | Loss: *0.003* | Acc: *99.990%* (49995/50000) 
Test epoch: 465 | Loss: *0.357* | Acc: *90.790%* (9079/10000)
Train epoch: 466 | Loss: *0.003* | Acc: *99.998%* (49999/50000) 
Test epoch: 466 | Loss: *0.350* | Acc: *90.790%* (9079/10000)
Train epoch: 467 | Loss: *0.003* | Acc: *99.998%* (49999/50000) 
Test epoch: 467 | Loss: *0.349* | Acc: *90.910%* (9091/10000)
Train epoch: 468 | Loss: *0.003* | Acc: *99.994%* (49997/50000) 
Test epoch: 468 | Loss: *0.344* | Acc: *90.900%* (9090/10000)
Train epoch: 469 | Loss: *0.003* | Acc: *99.998%* (49999/50000) 
Test epoch: 469 | Loss: *0.347* | Acc: *90.850%* (9085/10000)
Train epoch: 470 | Loss: *0.003* | Acc: *100.000%* (50000/50000) 
Test epoch: 470 | Loss: *0.346* | Acc: *90.810%* (9081/10000)
Train epoch: 471 | Loss: *0.003* | Acc: *99.996%* (49998/50000) 
Test epoch: 471 | Loss: *0.343* | Acc: *90.840%* (9084/10000)
Train epoch: 472 | Loss: *0.003* | Acc: *99.996%* (49998/50000) 
Test epoch: 472 | Loss: *0.343* | Acc: *90.940%* (9094/10000)
Train epoch: 473 | Loss: *0.003* | Acc: *100.000%* (50000/50000) 
Test epoch: 473 | Loss: *0.341* | Acc: *90.980%* (9098/10000)
Train epoch: 474 | Loss: *0.003* | Acc: *99.998%* (49999/50000) 
Test epoch: 474 | Loss: *0.340* | Acc: *90.860%* (9086/10000)
Train epoch: 475 | Loss: *0.003* | Acc: *99.998%* (49999/50000) 
Test epoch: 475 | Loss: *0.340* | Acc: *90.880%* (9088/10000)
Train epoch: 476 | Loss: *0.003* | Acc: *99.994%* (49997/50000) 
Test epoch: 476 | Loss: *0.349* | Acc: *90.550%* (9055/10000)
Train epoch: 477 | Loss: *0.003* | Acc: *99.996%* (49998/50000) 
Test epoch: 477 | Loss: *0.346* | Acc: *91.010%* (9101/10000)
Train epoch: 478 | Loss: *0.003* | Acc: *100.000%* (50000/50000) 
Test epoch: 478 | Loss: *0.342* | Acc: *90.920%* (9092/10000)
Train epoch: 479 | Loss: *0.003* | Acc: *99.996%* (49998/50000) 
Test epoch: 479 | Loss: *0.342* | Acc: *90.950%* (9095/10000)
Train epoch: 480 | Loss: *0.003* | Acc: *99.998%* (49999/50000) 
Test epoch: 480 | Loss: *0.342* | Acc: *90.830%* (9083/10000)
Train epoch: 481 | Loss: *0.003* | Acc: *99.994%* (49997/50000) 
Test epoch: 481 | Loss: *0.339* | Acc: *90.780%* (9078/10000)
Train epoch: 482 | Loss: *0.003* | Acc: *99.996%* (49998/50000) 
Test epoch: 482 | Loss: *0.338* | Acc: *91.020%* (9102/10000)
Train epoch: 483 | Loss: *0.003* | Acc: *99.994%* (49997/50000) 
Test epoch: 483 | Loss: *0.345* | Acc: *90.810%* (9081/10000)
Train epoch: 484 | Loss: *0.003* | Acc: *100.000%* (50000/50000) 
Test epoch: 484 | Loss: *0.341* | Acc: *90.810%* (9081/10000)
Train epoch: 485 | Loss: *0.003* | Acc: *100.000%* (50000/50000) 
Test epoch: 485 | Loss: *0.339* | Acc: *91.110%* (9111/10000)
Train epoch: 486 | Loss: *0.003* | Acc: *100.000%* (50000/50000) 
Test epoch: 486 | Loss: *0.340* | Acc: *91.020%* (9102/10000)
Train epoch: 487 | Loss: *0.003* | Acc: *100.000%* (50000/50000) 
Test epoch: 487 | Loss: *0.338* | Acc: *90.690%* (9069/10000)
Train epoch: 488 | Loss: *0.003* | Acc: *99.998%* (49999/50000) 
Test epoch: 488 | Loss: *0.344* | Acc: *90.810%* (9081/10000)
Train epoch: 489 | Loss: *0.003* | Acc: *100.000%* (50000/50000) 
Test epoch: 489 | Loss: *0.338* | Acc: *90.870%* (9087/10000)
Train epoch: 490 | Loss: *0.003* | Acc: *100.000%* (50000/50000) 
Test epoch: 490 | Loss: *0.337* | Acc: *90.930%* (9093/10000)
Train epoch: 491 | Loss: *0.003* | Acc: *100.000%* (50000/50000) 
Test epoch: 491 | Loss: *0.339* | Acc: *90.920%* (9092/10000)
Train epoch: 492 | Loss: *0.003* | Acc: *100.000%* (50000/50000) 
Test epoch: 492 | Loss: *0.343* | Acc: *90.840%* (9084/10000)
Train epoch: 493 | Loss: *0.003* | Acc: *100.000%* (50000/50000) 
Test epoch: 493 | Loss: *0.338* | Acc: *90.820%* (9082/10000)
Train epoch: 494 | Loss: *0.003* | Acc: *99.998%* (49999/50000) 
Test epoch: 494 | Loss: *0.338* | Acc: *90.800%* (9080/10000)
Train epoch: 495 | Loss: *0.003* | Acc: *100.000%* (50000/50000) 
Test epoch: 495 | Loss: *0.343* | Acc: *90.730%* (9073/10000)
Train epoch: 496 | Loss: *0.003* | Acc: *99.998%* (49999/50000) 
Test epoch: 496 | Loss: *0.339* | Acc: *90.930%* (9093/10000)
Train epoch: 497 | Loss: *0.003* | Acc: *100.000%* (50000/50000) 
Test epoch: 497 | Loss: *0.337* | Acc: *90.840%* (9084/10000)
Train epoch: 498 | Loss: *0.003* | Acc: *100.000%* (50000/50000) 
Test epoch: 498 | Loss: *0.336* | Acc: *90.800%* (9080/10000)
Train epoch: 499 | Loss: *0.003* | Acc: *100.000%* (50000/50000) 
Test epoch: 499 | Loss: *0.339* | Acc: *90.940%* (9094/10000)
Train epoch: 500 | Loss: *0.003* | Acc: *100.000%* (50000/50000) 
Test epoch: 500 | Loss: *0.338* | Acc: *90.990%* (9099/10000)
Best test accuracy: *91.110%*, loss: *0.33852620925754306*, at epoch: *485*.
==> Execution time summary of 500 epoch(s).
Train data loading time: sum. *234.12336688954383* secs | avg. *0.46824673377908765* secs per epoch.
Train training time: sum. *1101.3085833210498* secs | avg. *2.2026171666420997* secs per epoch.
Train total time: sum. *1335.4319502105936* secs | avg. *2.670863900421187* secs per epoch.
Test data loading time: sum. *99.21783416438848* secs | avg. *0.19843566832877696* secs per epoch.
Test training time: sum. *78.805156535469* secs | avg. *0.15761031307093798* secs per epoch.
Test total time: sum. *178.02299069985747* secs | avg. *0.35604598139971494* secs per epoch.
Total data loading time: sum. *333.3412010539323* secs | avg. *0.6666824021078647* secs per epoch.
Total training time: sum. *1180.1137398565188* secs | avg. *2.360227479713038* secs per epoch.
Total running time: sum. *1513.4549409104511* secs | avg. *3.0269098818209024* secs per epoch.
==> Number of GPU device: 1
==> Device #0 Memory Usage
==> Allocated: 0.1 GB
==> Cached:    1.5 GB
==> Maximum: 1.5 GB
