==> Running on : cuda
==> Number of CPU: 48
==> Number of workers: 2
==> #Epochs: 500, #Layers: 4, #Blocks: [2, 1, 1, 1], In channel: 64, Input layer conv kernel: 9x9, Residual layer conv kernel 3x3, Skip kernel: 1x1, Input layer conv padding: 4, Residual layer conv padding: 1
==> Optimizer is Adadelta
==> Learning rate: 1.0
==> Weight decay: 0.0005
==>Trainable Parameters: 4991050
==>Other Parameters: 0
==>Augmentation: RandomCrop(32, padding=4), RandomHorizontalFlip(), Normalize((0.4914, 0.4822, 0.4465), (0.2023, 0.1994, 0.2010)
Files already downloaded and verified
Train epoch: 1 | Loss: *1.707* | Acc: *36.638%* (18319/50000) 
Test epoch: 1 | Loss: *1.819* | Acc: *38.810%* (3881/10000)
Train epoch: 2 | Loss: *1.258* | Acc: *54.476%* (27238/50000) 
Test epoch: 2 | Loss: *1.143* | Acc: *59.290%* (5929/10000)
Train epoch: 3 | Loss: *0.965* | Acc: *65.496%* (32748/50000) 94
Test epoch: 3 | Loss: *1.063* | Acc: *62.950%* (6295/10000)
Train epoch: 4 | Loss: *0.780* | Acc: *72.472%* (36236/50000) 
Test epoch: 4 | Loss: *0.970* | Acc: *67.540%* (6754/10000)
Train epoch: 5 | Loss: *0.678* | Acc: *76.272%* (38136/50000) 
Test epoch: 5 | Loss: *0.923* | Acc: *69.070%* (6907/10000)
Train epoch: 6 | Loss: *0.607* | Acc: *78.942%* (39471/50000) 
Test epoch: 6 | Loss: *0.623* | Acc: *78.430%* (7843/10000)
Train epoch: 7 | Loss: *0.553* | Acc: *80.810%* (40405/50000) 
Test epoch: 7 | Loss: *0.982* | Acc: *69.910%* (6991/10000)
Train epoch: 8 | Loss: *0.517* | Acc: *82.028%* (41014/50000) 
Test epoch: 8 | Loss: *0.653* | Acc: *77.760%* (7776/10000)
Train epoch: 9 | Loss: *0.486* | Acc: *83.234%* (41617/50000) 
Test epoch: 9 | Loss: *0.592* | Acc: *79.740%* (7974/10000)
Train epoch: 10 | Loss: *0.459* | Acc: *84.164%* (42082/50000) 
Test epoch: 10 | Loss: *0.702* | Acc: *77.260%* (7726/10000)
Train epoch: 11 | Loss: *0.440* | Acc: *84.784%* (42392/50000) 
Test epoch: 11 | Loss: *0.605* | Acc: *79.940%* (7994/10000)
Train epoch: 12 | Loss: *0.425* | Acc: *85.282%* (42641/50000) 
Test epoch: 12 | Loss: *0.814* | Acc: *75.230%* (7523/10000)
Train epoch: 13 | Loss: *0.406* | Acc: *86.094%* (43047/50000) 
Test epoch: 13 | Loss: *0.676* | Acc: *77.940%* (7794/10000)
Train epoch: 14 | Loss: *0.397* | Acc: *86.228%* (43114/50000) 
Test epoch: 14 | Loss: *0.576* | Acc: *80.780%* (8078/10000)
Train epoch: 15 | Loss: *0.388* | Acc: *86.582%* (43291/50000) 
Test epoch: 15 | Loss: *0.647* | Acc: *78.230%* (7823/10000)
Train epoch: 16 | Loss: *0.378* | Acc: *87.016%* (43508/50000) 
Test epoch: 16 | Loss: *0.712* | Acc: *78.160%* (7816/10000)
Train epoch: 17 | Loss: *0.365* | Acc: *87.392%* (43696/50000) 
Test epoch: 17 | Loss: *0.636* | Acc: *80.260%* (8026/10000)
Train epoch: 18 | Loss: *0.363* | Acc: *87.446%* (43723/50000) 
Test epoch: 18 | Loss: *0.507* | Acc: *84.540%* (8454/10000)
Train epoch: 19 | Loss: *0.358* | Acc: *87.606%* (43803/50000) 
Test epoch: 19 | Loss: *0.705* | Acc: *78.080%* (7808/10000)
Train epoch: 20 | Loss: *0.348* | Acc: *88.050%* (44025/50000) 
Test epoch: 20 | Loss: *0.611* | Acc: *80.570%* (8057/10000)
Train epoch: 21 | Loss: *0.345* | Acc: *88.148%* (44074/50000) 
Test epoch: 21 | Loss: *0.502* | Acc: *83.130%* (8313/10000)
Train epoch: 22 | Loss: *0.342* | Acc: *88.352%* (44176/50000) 
Test epoch: 22 | Loss: *0.914* | Acc: *73.580%* (7358/10000)
Train epoch: 23 | Loss: *0.334* | Acc: *88.526%* (44263/50000) 
Test epoch: 23 | Loss: *0.583* | Acc: *81.720%* (8172/10000)
Train epoch: 24 | Loss: *0.332* | Acc: *88.498%* (44249/50000) 
Test epoch: 24 | Loss: *0.709* | Acc: *78.480%* (7848/10000)
Train epoch: 25 | Loss: *0.326* | Acc: *88.766%* (44383/50000) 
Test epoch: 25 | Loss: *0.557* | Acc: *81.200%* (8120/10000)
Train epoch: 26 | Loss: *0.325* | Acc: *88.768%* (44384/50000) 
Test epoch: 26 | Loss: *0.706* | Acc: *78.680%* (7868/10000)
Train epoch: 27 | Loss: *0.322* | Acc: *88.782%* (44391/50000) 
Test epoch: 27 | Loss: *0.486* | Acc: *84.520%* (8452/10000)
Train epoch: 28 | Loss: *0.316* | Acc: *89.198%* (44599/50000) 
Test epoch: 28 | Loss: *0.562* | Acc: *82.080%* (8208/10000)
Train epoch: 29 | Loss: *0.312* | Acc: *89.252%* (44626/50000) 
Test epoch: 29 | Loss: *0.661* | Acc: *79.810%* (7981/10000)
Train epoch: 30 | Loss: *0.306* | Acc: *89.484%* (44742/50000) 
Test epoch: 30 | Loss: *0.701* | Acc: *78.670%* (7867/10000)
Train epoch: 31 | Loss: *0.305* | Acc: *89.490%* (44745/50000) 
Test epoch: 31 | Loss: *0.555* | Acc: *82.640%* (8264/10000)
Train epoch: 32 | Loss: *0.306* | Acc: *89.516%* (44758/50000) 
Test epoch: 32 | Loss: *0.512* | Acc: *83.290%* (8329/10000)
Train epoch: 33 | Loss: *0.300* | Acc: *89.614%* (44807/50000) 
Test epoch: 33 | Loss: *0.815* | Acc: *75.180%* (7518/10000)
Train epoch: 34 | Loss: *0.297* | Acc: *89.784%* (44892/50000) 
Test epoch: 34 | Loss: *0.478* | Acc: *84.300%* (8430/10000)
Train epoch: 35 | Loss: *0.297* | Acc: *89.706%* (44853/50000) 
Test epoch: 35 | Loss: *0.593* | Acc: *81.900%* (8190/10000)
Train epoch: 36 | Loss: *0.294* | Acc: *89.824%* (44912/50000) 
Test epoch: 36 | Loss: *0.531* | Acc: *83.390%* (8339/10000)
Train epoch: 37 | Loss: *0.291* | Acc: *89.986%* (44993/50000) 
Test epoch: 37 | Loss: *0.498* | Acc: *83.990%* (8399/10000)
Train epoch: 38 | Loss: *0.288* | Acc: *90.114%* (45057/50000) 
Test epoch: 38 | Loss: *0.591* | Acc: *81.690%* (8169/10000)
Train epoch: 39 | Loss: *0.285* | Acc: *90.190%* (45095/50000) 
Test epoch: 39 | Loss: *0.453* | Acc: *85.740%* (8574/10000)
Train epoch: 40 | Loss: *0.286* | Acc: *90.158%* (45079/50000) 
Test epoch: 40 | Loss: *0.536* | Acc: *83.430%* (8343/10000)
Train epoch: 41 | Loss: *0.282* | Acc: *90.288%* (45144/50000) 
Test epoch: 41 | Loss: *0.535* | Acc: *83.480%* (8348/10000)
Train epoch: 42 | Loss: *0.280* | Acc: *90.404%* (45202/50000) 
Test epoch: 42 | Loss: *0.464* | Acc: *84.850%* (8485/10000)
Train epoch: 43 | Loss: *0.278* | Acc: *90.496%* (45248/50000) 
Test epoch: 43 | Loss: *0.626* | Acc: *79.980%* (7998/10000)
Train epoch: 44 | Loss: *0.274* | Acc: *90.620%* (45310/50000) 
Test epoch: 44 | Loss: *0.699* | Acc: *78.990%* (7899/10000)
Train epoch: 45 | Loss: *0.269* | Acc: *90.742%* (45371/50000) 
Test epoch: 45 | Loss: *0.438* | Acc: *85.450%* (8545/10000)
Train epoch: 46 | Loss: *0.270* | Acc: *90.598%* (45299/50000) 
Test epoch: 46 | Loss: *0.473* | Acc: *84.840%* (8484/10000)
Train epoch: 47 | Loss: *0.269* | Acc: *90.744%* (45372/50000) 
Test epoch: 47 | Loss: *0.586* | Acc: *81.820%* (8182/10000)
Train epoch: 48 | Loss: *0.263* | Acc: *90.812%* (45406/50000) 
Test epoch: 48 | Loss: *0.458* | Acc: *85.890%* (8589/10000)
Train epoch: 49 | Loss: *0.263* | Acc: *91.010%* (45505/50000) 
Test epoch: 49 | Loss: *0.405* | Acc: *87.050%* (8705/10000)
Train epoch: 50 | Loss: *0.259* | Acc: *91.108%* (45554/50000) 
Test epoch: 50 | Loss: *0.418* | Acc: *86.990%* (8699/10000)
Train epoch: 51 | Loss: *0.260* | Acc: *90.944%* (45472/50000) 
Test epoch: 51 | Loss: *0.422* | Acc: *85.640%* (8564/10000)
Train epoch: 52 | Loss: *0.260* | Acc: *90.978%* (45489/50000) 
Test epoch: 52 | Loss: *0.533* | Acc: *83.530%* (8353/10000)
Train epoch: 53 | Loss: *0.253* | Acc: *91.288%* (45644/50000) 
Test epoch: 53 | Loss: *0.440* | Acc: *86.240%* (8624/10000)
Train epoch: 54 | Loss: *0.258* | Acc: *91.092%* (45546/50000) 
Test epoch: 54 | Loss: *0.499* | Acc: *83.740%* (8374/10000)
Train epoch: 55 | Loss: *0.252* | Acc: *91.206%* (45603/50000) 
Test epoch: 55 | Loss: *0.495* | Acc: *84.440%* (8444/10000)
Train epoch: 56 | Loss: *0.250* | Acc: *91.410%* (45705/50000) 
Test epoch: 56 | Loss: *0.830* | Acc: *75.300%* (7530/10000)
Train epoch: 57 | Loss: *0.251* | Acc: *91.472%* (45736/50000) 
Test epoch: 57 | Loss: *0.590* | Acc: *82.430%* (8243/10000)
Train epoch: 58 | Loss: *0.244* | Acc: *91.614%* (45807/50000) 
Test epoch: 58 | Loss: *0.400* | Acc: *87.120%* (8712/10000)
Train epoch: 59 | Loss: *0.246* | Acc: *91.422%* (45711/50000) 
Test epoch: 59 | Loss: *0.491* | Acc: *84.600%* (8460/10000)
Train epoch: 60 | Loss: *0.243* | Acc: *91.530%* (45765/50000) 
Test epoch: 60 | Loss: *0.374* | Acc: *87.880%* (8788/10000)
Train epoch: 61 | Loss: *0.245* | Acc: *91.640%* (45820/50000) 
Test epoch: 61 | Loss: *0.408* | Acc: *86.950%* (8695/10000)
Train epoch: 62 | Loss: *0.232* | Acc: *91.930%* (45965/50000) 
Test epoch: 62 | Loss: *0.429* | Acc: *86.120%* (8612/10000)
Train epoch: 63 | Loss: *0.235* | Acc: *91.842%* (45921/50000) 
Test epoch: 63 | Loss: *0.646* | Acc: *80.930%* (8093/10000)
Train epoch: 64 | Loss: *0.232* | Acc: *92.016%* (46008/50000) 
Test epoch: 64 | Loss: *0.362* | Acc: *88.590%* (8859/10000)
Train epoch: 65 | Loss: *0.234* | Acc: *91.974%* (45987/50000) 
Test epoch: 65 | Loss: *0.421* | Acc: *86.590%* (8659/10000)
Train epoch: 66 | Loss: *0.231* | Acc: *91.964%* (45982/50000) 
Test epoch: 66 | Loss: *0.366* | Acc: *87.940%* (8794/10000)
Train epoch: 67 | Loss: *0.226* | Acc: *92.150%* (46075/50000) 
Test epoch: 67 | Loss: *0.409* | Acc: *86.280%* (8628/10000)
Train epoch: 68 | Loss: *0.228* | Acc: *92.082%* (46041/50000) 
Test epoch: 68 | Loss: *0.442* | Acc: *86.500%* (8650/10000)
Train epoch: 69 | Loss: *0.222* | Acc: *92.298%* (46149/50000) 
Test epoch: 69 | Loss: *0.345* | Acc: *88.730%* (8873/10000)
Train epoch: 70 | Loss: *0.220* | Acc: *92.424%* (46212/50000) 
Test epoch: 70 | Loss: *0.423* | Acc: *87.460%* (8746/10000)
Train epoch: 71 | Loss: *0.217* | Acc: *92.502%* (46251/50000) 
Test epoch: 71 | Loss: *0.350* | Acc: *88.470%* (8847/10000)
Train epoch: 72 | Loss: *0.217* | Acc: *92.524%* (46262/50000) 
Test epoch: 72 | Loss: *0.456* | Acc: *85.360%* (8536/10000)
Train epoch: 73 | Loss: *0.214* | Acc: *92.642%* (46321/50000) 
Test epoch: 73 | Loss: *0.418* | Acc: *86.780%* (8678/10000)
Train epoch: 74 | Loss: *0.214* | Acc: *92.634%* (46317/50000) 
Test epoch: 74 | Loss: *0.458* | Acc: *85.760%* (8576/10000)
Train epoch: 75 | Loss: *0.212* | Acc: *92.608%* (46304/50000) 
Test epoch: 75 | Loss: *0.535* | Acc: *83.940%* (8394/10000)
Train epoch: 76 | Loss: *0.203* | Acc: *92.920%* (46460/50000) 
Test epoch: 76 | Loss: *0.384* | Acc: *87.680%* (8768/10000)
Train epoch: 77 | Loss: *0.204* | Acc: *92.862%* (46431/50000) 
Test epoch: 77 | Loss: *0.416* | Acc: *86.190%* (8619/10000)
Train epoch: 78 | Loss: *0.205* | Acc: *92.892%* (46446/50000) 
Test epoch: 78 | Loss: *0.480* | Acc: *84.510%* (8451/10000)
Train epoch: 79 | Loss: *0.202* | Acc: *93.054%* (46527/50000) 
Test epoch: 79 | Loss: *0.424* | Acc: *86.890%* (8689/10000)
Train epoch: 80 | Loss: *0.197* | Acc: *93.286%* (46643/50000) 
Test epoch: 80 | Loss: *0.394* | Acc: *87.640%* (8764/10000)
Train epoch: 81 | Loss: *0.200* | Acc: *93.108%* (46554/50000) 
Test epoch: 81 | Loss: *0.512* | Acc: *84.530%* (8453/10000)
Train epoch: 82 | Loss: *0.194* | Acc: *93.138%* (46569/50000) 
Test epoch: 82 | Loss: *0.559* | Acc: *83.640%* (8364/10000)
Train epoch: 83 | Loss: *0.194* | Acc: *93.270%* (46635/50000) 
Test epoch: 83 | Loss: *0.361* | Acc: *88.420%* (8842/10000)
Train epoch: 84 | Loss: *0.189* | Acc: *93.478%* (46739/50000) 
Test epoch: 84 | Loss: *0.395* | Acc: *87.640%* (8764/10000)
Train epoch: 85 | Loss: *0.190* | Acc: *93.500%* (46750/50000) 
Test epoch: 85 | Loss: *0.454* | Acc: *86.890%* (8689/10000)
Train epoch: 86 | Loss: *0.187* | Acc: *93.616%* (46808/50000) 
Test epoch: 86 | Loss: *0.493* | Acc: *85.440%* (8544/10000)
Train epoch: 87 | Loss: *0.183* | Acc: *93.726%* (46863/50000) 
Test epoch: 87 | Loss: *0.390* | Acc: *87.720%* (8772/10000)
Train epoch: 88 | Loss: *0.182* | Acc: *93.668%* (46834/50000) 
Test epoch: 88 | Loss: *0.450* | Acc: *86.050%* (8605/10000)
Train epoch: 89 | Loss: *0.181* | Acc: *93.722%* (46861/50000) 
Test epoch: 89 | Loss: *0.351* | Acc: *88.520%* (8852/10000)
Train epoch: 90 | Loss: *0.175* | Acc: *94.006%* (47003/50000) 
Test epoch: 90 | Loss: *0.424* | Acc: *86.550%* (8655/10000)
Train epoch: 91 | Loss: *0.170* | Acc: *94.200%* (47100/50000) 
Test epoch: 91 | Loss: *0.429* | Acc: *86.710%* (8671/10000)
Train epoch: 92 | Loss: *0.175* | Acc: *94.116%* (47058/50000) 
Test epoch: 92 | Loss: *0.547* | Acc: *85.340%* (8534/10000)
Train epoch: 93 | Loss: *0.172* | Acc: *94.198%* (47099/50000) 
Test epoch: 93 | Loss: *0.433* | Acc: *86.910%* (8691/10000)
Train epoch: 94 | Loss: *0.165* | Acc: *94.274%* (47137/50000) 
Test epoch: 94 | Loss: *0.367* | Acc: *88.590%* (8859/10000)
Train epoch: 95 | Loss: *0.165* | Acc: *94.336%* (47168/50000) 
Test epoch: 95 | Loss: *0.345* | Acc: *89.340%* (8934/10000)
Train epoch: 96 | Loss: *0.162* | Acc: *94.430%* (47215/50000) 
Test epoch: 96 | Loss: *0.510* | Acc: *85.620%* (8562/10000)
Train epoch: 97 | Loss: *0.159* | Acc: *94.614%* (47307/50000) 
Test epoch: 97 | Loss: *0.381* | Acc: *88.250%* (8825/10000)
Train epoch: 98 | Loss: *0.158* | Acc: *94.544%* (47272/50000) 
Test epoch: 98 | Loss: *0.349* | Acc: *89.390%* (8939/10000)
Train epoch: 99 | Loss: *0.158* | Acc: *94.494%* (47247/50000) 
Test epoch: 99 | Loss: *0.326* | Acc: *89.770%* (8977/10000)
Train epoch: 100 | Loss: *0.149* | Acc: *94.926%* (47463/50000) 
Test epoch: 100 | Loss: *0.417* | Acc: *87.580%* (8758/10000)
Train epoch: 101 | Loss: *0.147* | Acc: *94.980%* (47490/50000) 
Test epoch: 101 | Loss: *0.357* | Acc: *89.610%* (8961/10000)
Train epoch: 102 | Loss: *0.147* | Acc: *94.964%* (47482/50000) 
Test epoch: 102 | Loss: *0.456* | Acc: *86.820%* (8682/10000)
Train epoch: 103 | Loss: *0.144* | Acc: *95.042%* (47521/50000) 
Test epoch: 103 | Loss: *0.398* | Acc: *88.560%* (8856/10000)
Train epoch: 104 | Loss: *0.141* | Acc: *95.162%* (47581/50000) 
Test epoch: 104 | Loss: *0.399* | Acc: *88.090%* (8809/10000)
Train epoch: 105 | Loss: *0.139* | Acc: *95.244%* (47622/50000) 
Test epoch: 105 | Loss: *0.351* | Acc: *89.680%* (8968/10000)
Train epoch: 106 | Loss: *0.135* | Acc: *95.386%* (47693/50000) 
Test epoch: 106 | Loss: *0.339* | Acc: *89.910%* (8991/10000)
Train epoch: 107 | Loss: *0.134* | Acc: *95.328%* (47664/50000) 
Test epoch: 107 | Loss: *0.332* | Acc: *90.000%* (9000/10000)
Train epoch: 108 | Loss: *0.133* | Acc: *95.468%* (47734/50000) 
Test epoch: 108 | Loss: *0.418* | Acc: *88.010%* (8801/10000)
Train epoch: 109 | Loss: *0.126* | Acc: *95.778%* (47889/50000) 
Test epoch: 109 | Loss: *0.392* | Acc: *88.460%* (8846/10000)
Train epoch: 110 | Loss: *0.129* | Acc: *95.550%* (47775/50000) 
Test epoch: 110 | Loss: *0.373* | Acc: *89.050%* (8905/10000)
Train epoch: 111 | Loss: *0.124* | Acc: *95.772%* (47886/50000) 
Test epoch: 111 | Loss: *0.513* | Acc: *86.730%* (8673/10000)
Train epoch: 112 | Loss: *0.120* | Acc: *95.968%* (47984/50000) 
Test epoch: 112 | Loss: *0.389* | Acc: *88.560%* (8856/10000)
Train epoch: 113 | Loss: *0.117* | Acc: *96.050%* (48025/50000) 
Test epoch: 113 | Loss: *0.416* | Acc: *87.670%* (8767/10000)
Train epoch: 114 | Loss: *0.118* | Acc: *95.982%* (47991/50000) 
Test epoch: 114 | Loss: *0.322* | Acc: *90.020%* (9002/10000)
Train epoch: 115 | Loss: *0.113* | Acc: *96.134%* (48067/50000) 
Test epoch: 115 | Loss: *0.388* | Acc: *88.750%* (8875/10000)
Train epoch: 116 | Loss: *0.109* | Acc: *96.310%* (48155/50000) 
Test epoch: 116 | Loss: *0.414* | Acc: *88.580%* (8858/10000)
Train epoch: 117 | Loss: *0.105* | Acc: *96.402%* (48201/50000) 
Test epoch: 117 | Loss: *0.350* | Acc: *89.890%* (8989/10000)
Train epoch: 118 | Loss: *0.105* | Acc: *96.410%* (48205/50000) 
Test epoch: 118 | Loss: *0.380* | Acc: *89.270%* (8927/10000)
Train epoch: 119 | Loss: *0.106* | Acc: *96.400%* (48200/50000) 
Test epoch: 119 | Loss: *0.325* | Acc: *90.540%* (9054/10000)
Train epoch: 120 | Loss: *0.097* | Acc: *96.694%* (48347/50000) 
Test epoch: 120 | Loss: *0.349* | Acc: *89.560%* (8956/10000)
Train epoch: 121 | Loss: *0.097* | Acc: *96.622%* (48311/50000) 
Test epoch: 121 | Loss: *0.364* | Acc: *89.450%* (8945/10000)
Train epoch: 122 | Loss: *0.099* | Acc: *96.624%* (48312/50000) 
Test epoch: 122 | Loss: *0.351* | Acc: *89.850%* (8985/10000)
Train epoch: 123 | Loss: *0.091* | Acc: *96.914%* (48457/50000) 
Test epoch: 123 | Loss: *0.376* | Acc: *89.310%* (8931/10000)
Train epoch: 124 | Loss: *0.091* | Acc: *96.976%* (48488/50000) 
Test epoch: 124 | Loss: *0.325* | Acc: *90.680%* (9068/10000)
Train epoch: 125 | Loss: *0.086* | Acc: *97.070%* (48535/50000) 
Test epoch: 125 | Loss: *0.329* | Acc: *90.600%* (9060/10000)
Train epoch: 126 | Loss: *0.083* | Acc: *97.248%* (48624/50000) 
Test epoch: 126 | Loss: *0.343* | Acc: *90.090%* (9009/10000)
Train epoch: 127 | Loss: *0.083* | Acc: *97.252%* (48626/50000) 
Test epoch: 127 | Loss: *0.324* | Acc: *90.830%* (9083/10000)
Train epoch: 128 | Loss: *0.077* | Acc: *97.480%* (48740/50000) 
Test epoch: 128 | Loss: *0.320* | Acc: *90.890%* (9089/10000)
Train epoch: 129 | Loss: *0.075* | Acc: *97.436%* (48718/50000) 
Test epoch: 129 | Loss: *0.310* | Acc: *91.450%* (9145/10000)
Train epoch: 130 | Loss: *0.074* | Acc: *97.532%* (48766/50000) 
Test epoch: 130 | Loss: *0.390* | Acc: *89.520%* (8952/10000)
Train epoch: 131 | Loss: *0.072* | Acc: *97.604%* (48802/50000) 
Test epoch: 131 | Loss: *0.379* | Acc: *89.530%* (8953/10000)
Train epoch: 132 | Loss: *0.068* | Acc: *97.740%* (48870/50000) 
Test epoch: 132 | Loss: *0.309* | Acc: *91.400%* (9140/10000)
Train epoch: 133 | Loss: *0.065* | Acc: *97.832%* (48916/50000) 
Test epoch: 133 | Loss: *0.382* | Acc: *90.030%* (9003/10000)
Train epoch: 134 | Loss: *0.061* | Acc: *98.030%* (49015/50000) 
Test epoch: 134 | Loss: *0.335* | Acc: *90.630%* (9063/10000)
Train epoch: 135 | Loss: *0.061* | Acc: *98.030%* (49015/50000) 
Test epoch: 135 | Loss: *0.320* | Acc: *91.360%* (9136/10000)
Train epoch: 136 | Loss: *0.058* | Acc: *98.164%* (49082/50000) 
Test epoch: 136 | Loss: *0.328* | Acc: *91.220%* (9122/10000)
Train epoch: 137 | Loss: *0.053* | Acc: *98.286%* (49143/50000) 
Test epoch: 137 | Loss: *0.291* | Acc: *91.670%* (9167/10000)
Train epoch: 138 | Loss: *0.052* | Acc: *98.324%* (49162/50000) 
Test epoch: 138 | Loss: *0.334* | Acc: *90.830%* (9083/10000)
Train epoch: 139 | Loss: *0.050* | Acc: *98.328%* (49164/50000) 
Test epoch: 139 | Loss: *0.321* | Acc: *91.250%* (9125/10000)
Train epoch: 140 | Loss: *0.050* | Acc: *98.464%* (49232/50000) 
Test epoch: 140 | Loss: *0.312* | Acc: *91.450%* (9145/10000)
Train epoch: 141 | Loss: *0.044* | Acc: *98.644%* (49322/50000) 
Test epoch: 141 | Loss: *0.290* | Acc: *91.790%* (9179/10000)
Train epoch: 142 | Loss: *0.043* | Acc: *98.654%* (49327/50000) 
Test epoch: 142 | Loss: *0.283* | Acc: *92.350%* (9235/10000)
Train epoch: 143 | Loss: *0.040* | Acc: *98.780%* (49390/50000) 
Test epoch: 143 | Loss: *0.309* | Acc: *92.040%* (9204/10000)
Train epoch: 144 | Loss: *0.037* | Acc: *98.850%* (49425/50000) 
Test epoch: 144 | Loss: *0.302* | Acc: *91.860%* (9186/10000)
Train epoch: 145 | Loss: *0.036* | Acc: *98.914%* (49457/50000) 
Test epoch: 145 | Loss: *0.286* | Acc: *92.160%* (9216/10000)
Train epoch: 146 | Loss: *0.031* | Acc: *99.116%* (49558/50000) 
Test epoch: 146 | Loss: *0.322* | Acc: *91.640%* (9164/10000)
Train epoch: 147 | Loss: *0.029* | Acc: *99.182%* (49591/50000) 
Test epoch: 147 | Loss: *0.312* | Acc: *91.990%* (9199/10000)
Train epoch: 148 | Loss: *0.030* | Acc: *99.144%* (49572/50000) 
Test epoch: 148 | Loss: *0.281* | Acc: *92.400%* (9240/10000)
Train epoch: 149 | Loss: *0.025* | Acc: *99.268%* (49634/50000) 
Test epoch: 149 | Loss: *0.285* | Acc: *92.300%* (9230/10000)
Train epoch: 150 | Loss: *0.023* | Acc: *99.392%* (49696/50000) 
Test epoch: 150 | Loss: *0.289* | Acc: *92.500%* (9250/10000)
Train epoch: 151 | Loss: *0.025* | Acc: *99.326%* (49663/50000) 
Test epoch: 151 | Loss: *0.301* | Acc: *92.090%* (9209/10000)
Train epoch: 152 | Loss: *0.022* | Acc: *99.396%* (49698/50000) 
Test epoch: 152 | Loss: *0.324* | Acc: *91.820%* (9182/10000)
Train epoch: 153 | Loss: *0.020* | Acc: *99.512%* (49756/50000) 
Test epoch: 153 | Loss: *0.301* | Acc: *92.300%* (9230/10000)
Train epoch: 154 | Loss: *0.018* | Acc: *99.572%* (49786/50000) 
Test epoch: 154 | Loss: *0.273* | Acc: *93.030%* (9303/10000)
Train epoch: 155 | Loss: *0.017* | Acc: *99.598%* (49799/50000) 
Test epoch: 155 | Loss: *0.277* | Acc: *92.730%* (9273/10000)
Train epoch: 156 | Loss: *0.014* | Acc: *99.690%* (49845/50000) 
Test epoch: 156 | Loss: *0.257* | Acc: *93.040%* (9304/10000)
Train epoch: 157 | Loss: *0.013* | Acc: *99.748%* (49874/50000) 
Test epoch: 157 | Loss: *0.269* | Acc: *92.730%* (9273/10000)
Train epoch: 158 | Loss: *0.012* | Acc: *99.778%* (49889/50000) 
Test epoch: 158 | Loss: *0.257* | Acc: *93.070%* (9307/10000)
Train epoch: 159 | Loss: *0.011* | Acc: *99.784%* (49892/50000) 
Test epoch: 159 | Loss: *0.257* | Acc: *93.400%* (9340/10000)
Train epoch: 160 | Loss: *0.011* | Acc: *99.796%* (49898/50000) 
Test epoch: 160 | Loss: *0.260* | Acc: *93.170%* (9317/10000)
Train epoch: 161 | Loss: *0.010* | Acc: *99.830%* (49915/50000) 
Test epoch: 161 | Loss: *0.250* | Acc: *93.370%* (9337/10000)
Train epoch: 162 | Loss: *0.009* | Acc: *99.850%* (49925/50000) 
Test epoch: 162 | Loss: *0.246* | Acc: *93.420%* (9342/10000)
Train epoch: 163 | Loss: *0.007* | Acc: *99.920%* (49960/50000) 
Test epoch: 163 | Loss: *0.240* | Acc: *93.570%* (9357/10000)
Train epoch: 164 | Loss: *0.007* | Acc: *99.918%* (49959/50000) 
Test epoch: 164 | Loss: *0.235* | Acc: *93.550%* (9355/10000)
Train epoch: 165 | Loss: *0.006* | Acc: *99.942%* (49971/50000) 
Test epoch: 165 | Loss: *0.239* | Acc: *93.600%* (9360/10000)
Train epoch: 166 | Loss: *0.006* | Acc: *99.928%* (49964/50000) 
Test epoch: 166 | Loss: *0.228* | Acc: *93.680%* (9368/10000)
Train epoch: 167 | Loss: *0.006* | Acc: *99.946%* (49973/50000) 
Test epoch: 167 | Loss: *0.229* | Acc: *93.810%* (9381/10000)
Train epoch: 168 | Loss: *0.005* | Acc: *99.954%* (49977/50000) 
Test epoch: 168 | Loss: *0.228* | Acc: *93.810%* (9381/10000)
Train epoch: 169 | Loss: *0.005* | Acc: *99.966%* (49983/50000) 
Test epoch: 169 | Loss: *0.222* | Acc: *93.950%* (9395/10000)
Train epoch: 170 | Loss: *0.005* | Acc: *99.974%* (49987/50000) 
Test epoch: 170 | Loss: *0.222* | Acc: *93.650%* (9365/10000)
Train epoch: 171 | Loss: *0.004* | Acc: *99.980%* (49990/50000) 
Test epoch: 171 | Loss: *0.215* | Acc: *93.980%* (9398/10000)
Train epoch: 172 | Loss: *0.004* | Acc: *99.982%* (49991/50000) 
Test epoch: 172 | Loss: *0.214* | Acc: *93.870%* (9387/10000)
Train epoch: 173 | Loss: *0.004* | Acc: *99.992%* (49996/50000) 
Test epoch: 173 | Loss: *0.216* | Acc: *93.980%* (9398/10000)
Train epoch: 174 | Loss: *0.004* | Acc: *99.984%* (49992/50000) 
Test epoch: 174 | Loss: *0.214* | Acc: *93.950%* (9395/10000)
Train epoch: 175 | Loss: *0.004* | Acc: *99.980%* (49990/50000) 
Test epoch: 175 | Loss: *0.216* | Acc: *93.910%* (9391/10000)
Train epoch: 176 | Loss: *0.004* | Acc: *99.980%* (49990/50000) 
Test epoch: 176 | Loss: *0.212* | Acc: *94.010%* (9401/10000)
Train epoch: 177 | Loss: *0.004* | Acc: *99.990%* (49995/50000) 
Test epoch: 177 | Loss: *0.212* | Acc: *93.940%* (9394/10000)
Train epoch: 178 | Loss: *0.003* | Acc: *99.994%* (49997/50000) 
Test epoch: 178 | Loss: *0.208* | Acc: *94.060%* (9406/10000)
Train epoch: 179 | Loss: *0.003* | Acc: *99.994%* (49997/50000) 
Test epoch: 179 | Loss: *0.211* | Acc: *94.000%* (9400/10000)
Train epoch: 180 | Loss: *0.003* | Acc: *99.994%* (49997/50000) 
Test epoch: 180 | Loss: *0.207* | Acc: *94.040%* (9404/10000)
Train epoch: 181 | Loss: *0.003* | Acc: *99.992%* (49996/50000) 
Test epoch: 181 | Loss: *0.207* | Acc: *94.310%* (9431/10000)
Train epoch: 182 | Loss: *0.003* | Acc: *99.992%* (49996/50000) 
Test epoch: 182 | Loss: *0.207* | Acc: *94.190%* (9419/10000)
Train epoch: 183 | Loss: *0.003* | Acc: *99.992%* (49996/50000) 
Test epoch: 183 | Loss: *0.202* | Acc: *94.240%* (9424/10000)
Train epoch: 184 | Loss: *0.003* | Acc: *99.992%* (49996/50000) 
Test epoch: 184 | Loss: *0.202* | Acc: *94.310%* (9431/10000)
Train epoch: 185 | Loss: *0.003* | Acc: *99.988%* (49994/50000) 
Test epoch: 185 | Loss: *0.203* | Acc: *94.260%* (9426/10000)
Train epoch: 186 | Loss: *0.003* | Acc: *99.998%* (49999/50000) 
Test epoch: 186 | Loss: *0.202* | Acc: *94.180%* (9418/10000)
Train epoch: 187 | Loss: *0.003* | Acc: *99.994%* (49997/50000) 
Test epoch: 187 | Loss: *0.202* | Acc: *94.280%* (9428/10000)
Train epoch: 188 | Loss: *0.003* | Acc: *99.998%* (49999/50000) 
Test epoch: 188 | Loss: *0.203* | Acc: *94.240%* (9424/10000)
Train epoch: 189 | Loss: *0.003* | Acc: *99.992%* (49996/50000) 
Test epoch: 189 | Loss: *0.205* | Acc: *94.310%* (9431/10000)
Train epoch: 190 | Loss: *0.003* | Acc: *99.992%* (49996/50000) 
Test epoch: 190 | Loss: *0.204* | Acc: *94.220%* (9422/10000)
Train epoch: 191 | Loss: *0.003* | Acc: *99.994%* (49997/50000) 
Test epoch: 191 | Loss: *0.202* | Acc: *94.190%* (9419/10000)
Train epoch: 192 | Loss: *0.003* | Acc: *99.998%* (49999/50000) 
Test epoch: 192 | Loss: *0.202* | Acc: *94.360%* (9436/10000)
Train epoch: 193 | Loss: *0.003* | Acc: *99.996%* (49998/50000) 
Test epoch: 193 | Loss: *0.202* | Acc: *94.260%* (9426/10000)
Train epoch: 194 | Loss: *0.003* | Acc: *100.000%* (50000/50000) 
Test epoch: 194 | Loss: *0.203* | Acc: *94.240%* (9424/10000)
Train epoch: 195 | Loss: *0.003* | Acc: *99.998%* (49999/50000) 
Test epoch: 195 | Loss: *0.202* | Acc: *94.310%* (9431/10000)
Train epoch: 196 | Loss: *0.003* | Acc: *100.000%* (50000/50000) 
Test epoch: 196 | Loss: *0.205* | Acc: *94.130%* (9413/10000)
Train epoch: 197 | Loss: *0.003* | Acc: *99.996%* (49998/50000) 
Test epoch: 197 | Loss: *0.204* | Acc: *94.270%* (9427/10000)
Train epoch: 198 | Loss: *0.003* | Acc: *99.998%* (49999/50000) 
Test epoch: 198 | Loss: *0.204* | Acc: *94.340%* (9434/10000)
Train epoch: 199 | Loss: *0.003* | Acc: *99.998%* (49999/50000) 
Test epoch: 199 | Loss: *0.202* | Acc: *94.330%* (9433/10000)
Train epoch: 200 | Loss: *0.003* | Acc: *99.994%* (49997/50000) 
Test epoch: 200 | Loss: *0.202* | Acc: *94.290%* (9429/10000)
Train epoch: 201 | Loss: *0.003* | Acc: *99.996%* (49998/50000) 
Test epoch: 201 | Loss: *0.205* | Acc: *94.220%* (9422/10000)
Train epoch: 202 | Loss: *0.003* | Acc: *100.000%* (50000/50000) 
Test epoch: 202 | Loss: *0.202* | Acc: *94.310%* (9431/10000)
Train epoch: 203 | Loss: *0.003* | Acc: *99.994%* (49997/50000) 
Test epoch: 203 | Loss: *0.204* | Acc: *94.210%* (9421/10000)
Train epoch: 204 | Loss: *0.003* | Acc: *99.994%* (49997/50000) 
Test epoch: 204 | Loss: *0.202* | Acc: *94.260%* (9426/10000)
Train epoch: 205 | Loss: *0.003* | Acc: *99.996%* (49998/50000) 
Test epoch: 205 | Loss: *0.202* | Acc: *94.270%* (9427/10000)
Train epoch: 206 | Loss: *0.003* | Acc: *100.000%* (50000/50000) 
Test epoch: 206 | Loss: *0.202* | Acc: *94.290%* (9429/10000)
Train epoch: 207 | Loss: *0.003* | Acc: *99.996%* (49998/50000) 
Test epoch: 207 | Loss: *0.203* | Acc: *94.200%* (9420/10000)
Train epoch: 208 | Loss: *0.003* | Acc: *100.000%* (50000/50000) 
Test epoch: 208 | Loss: *0.203* | Acc: *94.160%* (9416/10000)
Train epoch: 209 | Loss: *0.003* | Acc: *99.996%* (49998/50000) 
Test epoch: 209 | Loss: *0.206* | Acc: *94.190%* (9419/10000)
Train epoch: 210 | Loss: *0.003* | Acc: *99.996%* (49998/50000) 
Test epoch: 210 | Loss: *0.204* | Acc: *94.160%* (9416/10000)
Train epoch: 211 | Loss: *0.003* | Acc: *99.998%* (49999/50000) 
Test epoch: 211 | Loss: *0.205* | Acc: *94.150%* (9415/10000)
Train epoch: 212 | Loss: *0.003* | Acc: *99.998%* (49999/50000) 
Test epoch: 212 | Loss: *0.204* | Acc: *94.230%* (9423/10000)
Train epoch: 213 | Loss: *0.003* | Acc: *99.998%* (49999/50000) 
Test epoch: 213 | Loss: *0.205* | Acc: *94.160%* (9416/10000)
Train epoch: 214 | Loss: *0.003* | Acc: *99.998%* (49999/50000) 
Test epoch: 214 | Loss: *0.204* | Acc: *94.310%* (9431/10000)
Train epoch: 215 | Loss: *0.003* | Acc: *99.998%* (49999/50000) 
Test epoch: 215 | Loss: *0.202* | Acc: *94.250%* (9425/10000)
Train epoch: 216 | Loss: *0.003* | Acc: *99.998%* (49999/50000) 
Test epoch: 216 | Loss: *0.204* | Acc: *94.280%* (9428/10000)
Train epoch: 217 | Loss: *0.003* | Acc: *99.998%* (49999/50000) 
Test epoch: 217 | Loss: *0.203* | Acc: *94.210%* (9421/10000)
Train epoch: 218 | Loss: *0.003* | Acc: *99.996%* (49998/50000) 
Test epoch: 218 | Loss: *0.205* | Acc: *94.340%* (9434/10000)
Train epoch: 219 | Loss: *0.003* | Acc: *99.994%* (49997/50000) 
Test epoch: 219 | Loss: *0.203* | Acc: *94.240%* (9424/10000)
Train epoch: 220 | Loss: *0.003* | Acc: *99.994%* (49997/50000) 
Test epoch: 220 | Loss: *0.202* | Acc: *94.190%* (9419/10000)
Train epoch: 221 | Loss: *0.003* | Acc: *99.998%* (49999/50000) 
Test epoch: 221 | Loss: *0.205* | Acc: *94.190%* (9419/10000)
Train epoch: 222 | Loss: *0.003* | Acc: *100.000%* (50000/50000) 
Test epoch: 222 | Loss: *0.203* | Acc: *94.220%* (9422/10000)
Train epoch: 223 | Loss: *0.003* | Acc: *99.992%* (49996/50000) 
Test epoch: 223 | Loss: *0.205* | Acc: *94.100%* (9410/10000)
Train epoch: 224 | Loss: *0.003* | Acc: *99.998%* (49999/50000) 
Test epoch: 224 | Loss: *0.204* | Acc: *94.240%* (9424/10000)
Train epoch: 225 | Loss: *0.003* | Acc: *99.998%* (49999/50000) 
Test epoch: 225 | Loss: *0.204* | Acc: *94.110%* (9411/10000)
Train epoch: 226 | Loss: *0.003* | Acc: *99.996%* (49998/50000) 
Test epoch: 226 | Loss: *0.205* | Acc: *94.040%* (9404/10000)
Train epoch: 227 | Loss: *0.004* | Acc: *99.998%* (49999/50000) 
Test epoch: 227 | Loss: *0.208* | Acc: *94.200%* (9420/10000)
Train epoch: 228 | Loss: *0.004* | Acc: *99.994%* (49997/50000) 
Test epoch: 228 | Loss: *0.207* | Acc: *94.140%* (9414/10000)
Train epoch: 229 | Loss: *0.004* | Acc: *100.000%* (50000/50000) 
Test epoch: 229 | Loss: *0.205* | Acc: *94.180%* (9418/10000)
Train epoch: 230 | Loss: *0.004* | Acc: *99.996%* (49998/50000) 
Test epoch: 230 | Loss: *0.204* | Acc: *94.160%* (9416/10000)
Train epoch: 231 | Loss: *0.004* | Acc: *99.994%* (49997/50000) 
Test epoch: 231 | Loss: *0.208* | Acc: *94.030%* (9403/10000)
Train epoch: 232 | Loss: *0.004* | Acc: *99.990%* (49995/50000) 
Test epoch: 232 | Loss: *0.215* | Acc: *93.950%* (9395/10000)
Train epoch: 233 | Loss: *0.004* | Acc: *99.982%* (49991/50000) 
Test epoch: 233 | Loss: *0.210* | Acc: *93.980%* (9398/10000)
Train epoch: 234 | Loss: *0.005* | Acc: *99.990%* (49995/50000) 
Test epoch: 234 | Loss: *0.214* | Acc: *93.870%* (9387/10000)
Train epoch: 235 | Loss: *0.005* | Acc: *99.984%* (49992/50000) 
Test epoch: 235 | Loss: *0.223* | Acc: *93.750%* (9375/10000)
Train epoch: 236 | Loss: *0.005* | Acc: *99.982%* (49991/50000) 
Test epoch: 236 | Loss: *0.220* | Acc: *93.930%* (9393/10000)
Train epoch: 237 | Loss: *0.006* | Acc: *99.962%* (49981/50000) 
Test epoch: 237 | Loss: *0.247* | Acc: *93.220%* (9322/10000)
Train epoch: 238 | Loss: *0.010* | Acc: *99.896%* (49948/50000) 
Test epoch: 238 | Loss: *0.328* | Acc: *91.600%* (9160/10000)
Train epoch: 239 | Loss: *0.013* | Acc: *99.756%* (49878/50000) 
Test epoch: 239 | Loss: *0.280* | Acc: *92.190%* (9219/10000)
Train epoch: 240 | Loss: *0.021* | Acc: *99.554%* (49777/50000) 
Test epoch: 240 | Loss: *0.328* | Acc: *91.110%* (9111/10000)
Train epoch: 241 | Loss: *0.033* | Acc: *99.130%* (49565/50000) 
Test epoch: 241 | Loss: *0.295* | Acc: *91.940%* (9194/10000)
Train epoch: 242 | Loss: *0.041* | Acc: *98.822%* (49411/50000) 
Test epoch: 242 | Loss: *0.304* | Acc: *91.740%* (9174/10000)
Train epoch: 243 | Loss: *0.049* | Acc: *98.518%* (49259/50000) 
Test epoch: 243 | Loss: *0.404* | Acc: *90.150%* (9015/10000)
Train epoch: 244 | Loss: *0.059* | Acc: *98.106%* (49053/50000) 
Test epoch: 244 | Loss: *0.338* | Acc: *90.460%* (9046/10000)
Train epoch: 245 | Loss: *0.060* | Acc: *98.164%* (49082/50000) 
Test epoch: 245 | Loss: *0.381* | Acc: *90.140%* (9014/10000)
Train epoch: 246 | Loss: *0.064* | Acc: *98.000%* (49000/50000) 
Test epoch: 246 | Loss: *0.320* | Acc: *91.010%* (9101/10000)
Train epoch: 247 | Loss: *0.068* | Acc: *97.826%* (48913/50000) 
Test epoch: 247 | Loss: *0.374* | Acc: *89.810%* (8981/10000)
Train epoch: 248 | Loss: *0.070* | Acc: *97.792%* (48896/50000) 
Test epoch: 248 | Loss: *0.309* | Acc: *91.230%* (9123/10000)
Train epoch: 249 | Loss: *0.072* | Acc: *97.608%* (48804/50000) 
Test epoch: 249 | Loss: *0.332* | Acc: *90.850%* (9085/10000)
Train epoch: 250 | Loss: *0.076* | Acc: *97.464%* (48732/50000) 
Test epoch: 250 | Loss: *0.341* | Acc: *90.710%* (9071/10000)
Train epoch: 251 | Loss: *0.073* | Acc: *97.640%* (48820/50000) 
Test epoch: 251 | Loss: *0.358* | Acc: *90.270%* (9027/10000)
Train epoch: 252 | Loss: *0.079* | Acc: *97.340%* (48670/50000) 
Test epoch: 252 | Loss: *0.411* | Acc: *88.910%* (8891/10000)
Train epoch: 253 | Loss: *0.074* | Acc: *97.548%* (48774/50000) 
Test epoch: 253 | Loss: *0.365* | Acc: *90.050%* (9005/10000)
Train epoch: 254 | Loss: *0.078* | Acc: *97.464%* (48732/50000) 
Test epoch: 254 | Loss: *0.355* | Acc: *90.430%* (9043/10000)
Train epoch: 255 | Loss: *0.080* | Acc: *97.360%* (48680/50000) 
Test epoch: 255 | Loss: *0.408* | Acc: *89.320%* (8932/10000)
Train epoch: 256 | Loss: *0.079* | Acc: *97.372%* (48686/50000) 
Test epoch: 256 | Loss: *0.354* | Acc: *90.510%* (9051/10000)
Train epoch: 257 | Loss: *0.080* | Acc: *97.388%* (48694/50000) 
Test epoch: 257 | Loss: *0.464* | Acc: *88.140%* (8814/10000)
Train epoch: 258 | Loss: *0.082* | Acc: *97.290%* (48645/50000) 
Test epoch: 258 | Loss: *0.368* | Acc: *89.920%* (8992/10000)
Train epoch: 259 | Loss: *0.084* | Acc: *97.130%* (48565/50000) 
Test epoch: 259 | Loss: *0.369* | Acc: *90.010%* (9001/10000)
Train epoch: 260 | Loss: *0.080* | Acc: *97.364%* (48682/50000) 
Test epoch: 260 | Loss: *0.362* | Acc: *90.420%* (9042/10000)
Train epoch: 261 | Loss: *0.085* | Acc: *97.132%* (48566/50000) 
Test epoch: 261 | Loss: *0.367* | Acc: *90.220%* (9022/10000)
Train epoch: 262 | Loss: *0.087* | Acc: *97.136%* (48568/50000) 
Test epoch: 262 | Loss: *0.356* | Acc: *90.170%* (9017/10000)
Train epoch: 263 | Loss: *0.089* | Acc: *96.992%* (48496/50000) 
Test epoch: 263 | Loss: *0.363* | Acc: *90.040%* (9004/10000)
Train epoch: 264 | Loss: *0.089* | Acc: *96.944%* (48472/50000) 
Test epoch: 264 | Loss: *0.330* | Acc: *90.650%* (9065/10000)
Train epoch: 265 | Loss: *0.093* | Acc: *96.906%* (48453/50000) 
Test epoch: 265 | Loss: *0.357* | Acc: *89.890%* (8989/10000)
Train epoch: 266 | Loss: *0.094* | Acc: *96.790%* (48395/50000) 
Test epoch: 266 | Loss: *0.321* | Acc: *90.750%* (9075/10000)
Train epoch: 267 | Loss: *0.091* | Acc: *96.852%* (48426/50000) 
Test epoch: 267 | Loss: *0.399* | Acc: *89.020%* (8902/10000)
Train epoch: 268 | Loss: *0.093* | Acc: *96.812%* (48406/50000) 
Test epoch: 268 | Loss: *0.355* | Acc: *89.590%* (8959/10000)
Train epoch: 269 | Loss: *0.095* | Acc: *96.854%* (48427/50000) 
Test epoch: 269 | Loss: *0.359* | Acc: *89.990%* (8999/10000)
Train epoch: 270 | Loss: *0.095* | Acc: *96.880%* (48440/50000) 
Test epoch: 270 | Loss: *0.360* | Acc: *89.580%* (8958/10000)
Train epoch: 271 | Loss: *0.096* | Acc: *96.698%* (48349/50000) 
Test epoch: 271 | Loss: *0.397* | Acc: *89.230%* (8923/10000)
Train epoch: 272 | Loss: *0.101* | Acc: *96.580%* (48290/50000) 
Test epoch: 272 | Loss: *0.389* | Acc: *88.950%* (8895/10000)
Train epoch: 273 | Loss: *0.100* | Acc: *96.582%* (48291/50000) 
Test epoch: 273 | Loss: *0.347* | Acc: *89.960%* (8996/10000)
Train epoch: 274 | Loss: *0.098* | Acc: *96.686%* (48343/50000) 
Test epoch: 274 | Loss: *0.380* | Acc: *89.590%* (8959/10000)
Train epoch: 275 | Loss: *0.102* | Acc: *96.554%* (48277/50000) 
Test epoch: 275 | Loss: *0.397* | Acc: *88.840%* (8884/10000)
Train epoch: 276 | Loss: *0.105* | Acc: *96.370%* (48185/50000) 
Test epoch: 276 | Loss: *0.402* | Acc: *88.810%* (8881/10000)
Train epoch: 277 | Loss: *0.106* | Acc: *96.388%* (48194/50000) 
Test epoch: 277 | Loss: *0.377* | Acc: *89.150%* (8915/10000)
Train epoch: 278 | Loss: *0.107* | Acc: *96.354%* (48177/50000) 
Test epoch: 278 | Loss: *0.365* | Acc: *89.150%* (8915/10000)
Train epoch: 279 | Loss: *0.111* | Acc: *96.152%* (48076/50000) 
Test epoch: 279 | Loss: *0.379* | Acc: *89.430%* (8943/10000)
Train epoch: 280 | Loss: *0.113* | Acc: *96.110%* (48055/50000) 
Test epoch: 280 | Loss: *0.355* | Acc: *90.130%* (9013/10000)
Train epoch: 281 | Loss: *0.109* | Acc: *96.254%* (48127/50000) 
Test epoch: 281 | Loss: *0.404* | Acc: *88.680%* (8868/10000)
Train epoch: 282 | Loss: *0.116* | Acc: *95.962%* (47981/50000) 
Test epoch: 282 | Loss: *0.367* | Acc: *88.930%* (8893/10000)
Train epoch: 283 | Loss: *0.116* | Acc: *96.022%* (48011/50000) 
Test epoch: 283 | Loss: *0.431* | Acc: *87.990%* (8799/10000)
Train epoch: 284 | Loss: *0.115* | Acc: *96.058%* (48029/50000) 
Test epoch: 284 | Loss: *0.415* | Acc: *88.660%* (8866/10000)
Train epoch: 285 | Loss: *0.121* | Acc: *95.842%* (47921/50000) 
Test epoch: 285 | Loss: *0.331* | Acc: *90.260%* (9026/10000)
Train epoch: 286 | Loss: *0.121* | Acc: *95.944%* (47972/50000) 
Test epoch: 286 | Loss: *0.412* | Acc: *88.090%* (8809/10000)
Train epoch: 287 | Loss: *0.122* | Acc: *95.818%* (47909/50000) 
Test epoch: 287 | Loss: *0.384* | Acc: *88.840%* (8884/10000)
Train epoch: 288 | Loss: *0.124* | Acc: *95.786%* (47893/50000) 
Test epoch: 288 | Loss: *0.357* | Acc: *89.810%* (8981/10000)
Train epoch: 289 | Loss: *0.124* | Acc: *95.670%* (47835/50000) 
Test epoch: 289 | Loss: *0.533* | Acc: *85.020%* (8502/10000)
Train epoch: 290 | Loss: *0.131* | Acc: *95.534%* (47767/50000) 
Test epoch: 290 | Loss: *0.363* | Acc: *89.990%* (8999/10000)
Train epoch: 291 | Loss: *0.128* | Acc: *95.632%* (47816/50000) 
Test epoch: 291 | Loss: *0.403* | Acc: *88.660%* (8866/10000)
Train epoch: 292 | Loss: *0.134* | Acc: *95.294%* (47647/50000) 
Test epoch: 292 | Loss: *0.376* | Acc: *88.940%* (8894/10000)
Train epoch: 293 | Loss: *0.130* | Acc: *95.494%* (47747/50000) 
Test epoch: 293 | Loss: *0.339* | Acc: *90.200%* (9020/10000)
Train epoch: 294 | Loss: *0.135* | Acc: *95.378%* (47689/50000) 
Test epoch: 294 | Loss: *0.448* | Acc: *87.970%* (8797/10000)
Train epoch: 295 | Loss: *0.138* | Acc: *95.350%* (47675/50000) 
Test epoch: 295 | Loss: *0.417* | Acc: *88.370%* (8837/10000)
Train epoch: 296 | Loss: *0.137* | Acc: *95.260%* (47630/50000) 
Test epoch: 296 | Loss: *0.467* | Acc: *87.400%* (8740/10000)
Train epoch: 297 | Loss: *0.143* | Acc: *95.114%* (47557/50000) 
Test epoch: 297 | Loss: *0.466* | Acc: *87.100%* (8710/10000)
Train epoch: 298 | Loss: *0.139* | Acc: *95.146%* (47573/50000) 
Test epoch: 298 | Loss: *0.380* | Acc: *88.470%* (8847/10000)
Train epoch: 299 | Loss: *0.143* | Acc: *95.110%* (47555/50000) 
Test epoch: 299 | Loss: *0.450* | Acc: *87.480%* (8748/10000)
Train epoch: 300 | Loss: *0.148* | Acc: *94.926%* (47463/50000) 
Test epoch: 300 | Loss: *0.440* | Acc: *87.250%* (8725/10000)
Train epoch: 301 | Loss: *0.145* | Acc: *95.000%* (47500/50000) 
Test epoch: 301 | Loss: *0.435* | Acc: *87.430%* (8743/10000)
Train epoch: 302 | Loss: *0.153* | Acc: *94.792%* (47396/50000) 
Test epoch: 302 | Loss: *0.392* | Acc: *88.840%* (8884/10000)
Train epoch: 303 | Loss: *0.152* | Acc: *94.780%* (47390/50000) 
Test epoch: 303 | Loss: *0.506* | Acc: *85.700%* (8570/10000)
Train epoch: 304 | Loss: *0.150* | Acc: *94.834%* (47417/50000) 
Test epoch: 304 | Loss: *0.392* | Acc: *88.430%* (8843/10000)
Train epoch: 305 | Loss: *0.156* | Acc: *94.564%* (47282/50000) 
Test epoch: 305 | Loss: *0.332* | Acc: *89.670%* (8967/10000)
Train epoch: 306 | Loss: *0.158* | Acc: *94.652%* (47326/50000) 
Test epoch: 306 | Loss: *0.467* | Acc: *86.450%* (8645/10000)
Train epoch: 307 | Loss: *0.159* | Acc: *94.664%* (47332/50000) 
Test epoch: 307 | Loss: *0.564* | Acc: *84.240%* (8424/10000)
Train epoch: 308 | Loss: *0.163* | Acc: *94.426%* (47213/50000) 
Test epoch: 308 | Loss: *0.406* | Acc: *87.770%* (8777/10000)
Train epoch: 309 | Loss: *0.162* | Acc: *94.434%* (47217/50000) 
Test epoch: 309 | Loss: *0.411* | Acc: *86.990%* (8699/10000)
Train epoch: 310 | Loss: *0.161* | Acc: *94.462%* (47231/50000) 
Test epoch: 310 | Loss: *0.425* | Acc: *87.470%* (8747/10000)
Train epoch: 311 | Loss: *0.166* | Acc: *94.274%* (47137/50000) 
Test epoch: 311 | Loss: *0.388* | Acc: *88.760%* (8876/10000)
Train epoch: 312 | Loss: *0.170* | Acc: *94.232%* (47116/50000) 
Test epoch: 312 | Loss: *0.431* | Acc: *87.210%* (8721/10000)
Train epoch: 313 | Loss: *0.166* | Acc: *94.230%* (47115/50000) 
Test epoch: 313 | Loss: *0.436* | Acc: *87.640%* (8764/10000)
Train epoch: 314 | Loss: *0.170* | Acc: *94.154%* (47077/50000) 
Test epoch: 314 | Loss: *0.354* | Acc: *89.260%* (8926/10000)
Train epoch: 315 | Loss: *0.169* | Acc: *94.198%* (47099/50000) 
Test epoch: 315 | Loss: *0.521* | Acc: *84.490%* (8449/10000)
Train epoch: 316 | Loss: *0.174* | Acc: *93.992%* (46996/50000) 
Test epoch: 316 | Loss: *0.611* | Acc: *83.650%* (8365/10000)
Train epoch: 317 | Loss: *0.177* | Acc: *93.902%* (46951/50000) 
Test epoch: 317 | Loss: *0.509* | Acc: *85.940%* (8594/10000)
Train epoch: 318 | Loss: *0.179* | Acc: *93.806%* (46903/50000) 
Test epoch: 318 | Loss: *0.394* | Acc: *87.840%* (8784/10000)
Train epoch: 319 | Loss: *0.176* | Acc: *93.866%* (46933/50000) 
Test epoch: 319 | Loss: *0.408* | Acc: *87.490%* (8749/10000)
Train epoch: 320 | Loss: *0.180* | Acc: *93.750%* (46875/50000) 
Test epoch: 320 | Loss: *0.479* | Acc: *85.500%* (8550/10000)
Train epoch: 321 | Loss: *0.184* | Acc: *93.690%* (46845/50000) 
Test epoch: 321 | Loss: *0.413* | Acc: *87.160%* (8716/10000)
Train epoch: 322 | Loss: *0.183* | Acc: *93.776%* (46888/50000) 
Test epoch: 322 | Loss: *0.489* | Acc: *85.370%* (8537/10000)
Train epoch: 323 | Loss: *0.189* | Acc: *93.410%* (46705/50000) 
Test epoch: 323 | Loss: *0.529* | Acc: *84.450%* (8445/10000)
Train epoch: 324 | Loss: *0.188* | Acc: *93.514%* (46757/50000) 
Test epoch: 324 | Loss: *0.400* | Acc: *88.180%* (8818/10000)
Train epoch: 325 | Loss: *0.192* | Acc: *93.366%* (46683/50000) 
Test epoch: 325 | Loss: *0.536* | Acc: *84.530%* (8453/10000)
Train epoch: 326 | Loss: *0.190* | Acc: *93.484%* (46742/50000) 
Test epoch: 326 | Loss: *0.418* | Acc: *87.650%* (8765/10000)
Train epoch: 327 | Loss: *0.190* | Acc: *93.510%* (46755/50000) 
Test epoch: 327 | Loss: *0.615* | Acc: *82.490%* (8249/10000)
Train epoch: 328 | Loss: *0.190* | Acc: *93.398%* (46699/50000) 
Test epoch: 328 | Loss: *0.432* | Acc: *86.790%* (8679/10000)
Train epoch: 329 | Loss: *0.193* | Acc: *93.356%* (46678/50000) 
Test epoch: 329 | Loss: *0.435* | Acc: *87.050%* (8705/10000)
Train epoch: 330 | Loss: *0.196* | Acc: *93.172%* (46586/50000) 
Test epoch: 330 | Loss: *0.470* | Acc: *85.950%* (8595/10000)
Train epoch: 331 | Loss: *0.196* | Acc: *93.236%* (46618/50000) 
Test epoch: 331 | Loss: *0.506* | Acc: *85.690%* (8569/10000)
Train epoch: 332 | Loss: *0.196* | Acc: *93.296%* (46648/50000) 
Test epoch: 332 | Loss: *0.360* | Acc: *88.820%* (8882/10000)
Train epoch: 333 | Loss: *0.203* | Acc: *92.942%* (46471/50000) 
Test epoch: 333 | Loss: *0.407* | Acc: *87.470%* (8747/10000)
Train epoch: 334 | Loss: *0.205* | Acc: *92.948%* (46474/50000) 
Test epoch: 334 | Loss: *0.428* | Acc: *87.120%* (8712/10000)
Train epoch: 335 | Loss: *0.206* | Acc: *92.932%* (46466/50000) 
Test epoch: 335 | Loss: *0.490* | Acc: *84.770%* (8477/10000)
Train epoch: 336 | Loss: *0.200* | Acc: *93.156%* (46578/50000) 
Test epoch: 336 | Loss: *0.479* | Acc: *85.870%* (8587/10000)
Train epoch: 337 | Loss: *0.208* | Acc: *92.764%* (46382/50000) 
Test epoch: 337 | Loss: *0.471* | Acc: *86.790%* (8679/10000)
Train epoch: 338 | Loss: *0.208* | Acc: *92.872%* (46436/50000) 
Test epoch: 338 | Loss: *0.441* | Acc: *86.790%* (8679/10000)
Train epoch: 339 | Loss: *0.208* | Acc: *92.846%* (46423/50000) 
Test epoch: 339 | Loss: *0.467* | Acc: *85.550%* (8555/10000)
Train epoch: 340 | Loss: *0.210* | Acc: *92.828%* (46414/50000) 
Test epoch: 340 | Loss: *0.574* | Acc: *82.780%* (8278/10000)
Train epoch: 341 | Loss: *0.210* | Acc: *92.644%* (46322/50000) 
Test epoch: 341 | Loss: *0.404* | Acc: *87.690%* (8769/10000)
Train epoch: 342 | Loss: *0.210* | Acc: *92.764%* (46382/50000) 
Test epoch: 342 | Loss: *0.369* | Acc: *88.340%* (8834/10000)
Train epoch: 343 | Loss: *0.217* | Acc: *92.634%* (46317/50000) 
Test epoch: 343 | Loss: *0.452* | Acc: *86.050%* (8605/10000)
Train epoch: 344 | Loss: *0.214* | Acc: *92.628%* (46314/50000) 
Test epoch: 344 | Loss: *0.536* | Acc: *84.080%* (8408/10000)
Train epoch: 345 | Loss: *0.218* | Acc: *92.526%* (46263/50000) 
Test epoch: 345 | Loss: *0.856* | Acc: *79.320%* (7932/10000)
Train epoch: 346 | Loss: *0.215* | Acc: *92.636%* (46318/50000) 
Test epoch: 346 | Loss: *0.432* | Acc: *86.060%* (8606/10000)
Train epoch: 347 | Loss: *0.221* | Acc: *92.490%* (46245/50000) 
Test epoch: 347 | Loss: *0.668* | Acc: *80.500%* (8050/10000)
Train epoch: 348 | Loss: *0.217* | Acc: *92.532%* (46266/50000) 
Test epoch: 348 | Loss: *0.430* | Acc: *87.330%* (8733/10000)
Train epoch: 349 | Loss: *0.222* | Acc: *92.412%* (46206/50000) 
Test epoch: 349 | Loss: *0.481* | Acc: *84.980%* (8498/10000)
Train epoch: 350 | Loss: *0.222* | Acc: *92.432%* (46216/50000) 
Test epoch: 350 | Loss: *0.337* | Acc: *89.340%* (8934/10000)
Train epoch: 351 | Loss: *0.222* | Acc: *92.340%* (46170/50000) 
Test epoch: 351 | Loss: *0.454* | Acc: *85.960%* (8596/10000)
Train epoch: 352 | Loss: *0.225* | Acc: *92.240%* (46120/50000) 
Test epoch: 352 | Loss: *0.711* | Acc: *80.070%* (8007/10000)
Train epoch: 353 | Loss: *0.224* | Acc: *92.448%* (46224/50000) 
Test epoch: 353 | Loss: *0.560* | Acc: *83.640%* (8364/10000)
Train epoch: 354 | Loss: *0.229* | Acc: *92.128%* (46064/50000) 
Test epoch: 354 | Loss: *0.513* | Acc: *84.430%* (8443/10000)
Train epoch: 355 | Loss: *0.227* | Acc: *92.236%* (46118/50000) 
Test epoch: 355 | Loss: *0.465* | Acc: *85.360%* (8536/10000)
Train epoch: 356 | Loss: *0.228* | Acc: *92.238%* (46119/50000) 
Test epoch: 356 | Loss: *0.553* | Acc: *84.090%* (8409/10000)
Train epoch: 357 | Loss: *0.229* | Acc: *92.074%* (46037/50000) 
Test epoch: 357 | Loss: *0.663* | Acc: *80.840%* (8084/10000)
Train epoch: 358 | Loss: *0.229* | Acc: *92.158%* (46079/50000) 
Test epoch: 358 | Loss: *0.552* | Acc: *84.530%* (8453/10000)
Train epoch: 359 | Loss: *0.232* | Acc: *92.034%* (46017/50000) 
Test epoch: 359 | Loss: *0.414* | Acc: *87.130%* (8713/10000)
Train epoch: 360 | Loss: *0.235* | Acc: *92.002%* (46001/50000) 
Test epoch: 360 | Loss: *0.464* | Acc: *85.960%* (8596/10000)
Train epoch: 361 | Loss: *0.235* | Acc: *91.898%* (45949/50000) 
Test epoch: 361 | Loss: *0.553* | Acc: *83.380%* (8338/10000)
Train epoch: 362 | Loss: *0.233* | Acc: *92.016%* (46008/50000) 
Test epoch: 362 | Loss: *0.449* | Acc: *86.020%* (8602/10000)
Train epoch: 363 | Loss: *0.237* | Acc: *91.746%* (45873/50000) 
Test epoch: 363 | Loss: *0.624* | Acc: *82.300%* (8230/10000)
Train epoch: 364 | Loss: *0.230* | Acc: *92.092%* (46046/50000) 
Test epoch: 364 | Loss: *0.568* | Acc: *83.890%* (8389/10000)
Train epoch: 365 | Loss: *0.235* | Acc: *91.930%* (45965/50000) 
Test epoch: 365 | Loss: *0.500* | Acc: *84.230%* (8423/10000)
Train epoch: 366 | Loss: *0.234* | Acc: *91.952%* (45976/50000) 
Test epoch: 366 | Loss: *0.455* | Acc: *86.610%* (8661/10000)
Train epoch: 367 | Loss: *0.237* | Acc: *91.830%* (45915/50000) 
Test epoch: 367 | Loss: *0.429* | Acc: *86.620%* (8662/10000)
Train epoch: 368 | Loss: *0.239* | Acc: *91.742%* (45871/50000) 
Test epoch: 368 | Loss: *0.398* | Acc: *87.360%* (8736/10000)
Train epoch: 369 | Loss: *0.237* | Acc: *91.844%* (45922/50000) 
Test epoch: 369 | Loss: *0.417* | Acc: *86.160%* (8616/10000)
Train epoch: 370 | Loss: *0.239* | Acc: *91.666%* (45833/50000) 
Test epoch: 370 | Loss: *0.431* | Acc: *86.750%* (8675/10000)
Train epoch: 371 | Loss: *0.242* | Acc: *91.676%* (45838/50000) 
Test epoch: 371 | Loss: *0.505* | Acc: *83.600%* (8360/10000)
Train epoch: 372 | Loss: *0.239* | Acc: *91.972%* (45986/50000) 
Test epoch: 372 | Loss: *0.507* | Acc: *84.390%* (8439/10000)
Train epoch: 373 | Loss: *0.240* | Acc: *91.708%* (45854/50000) 
Test epoch: 373 | Loss: *0.557* | Acc: *83.690%* (8369/10000)
Train epoch: 374 | Loss: *0.244* | Acc: *91.626%* (45813/50000) 
Test epoch: 374 | Loss: *0.760* | Acc: *80.000%* (8000/10000)
Train epoch: 375 | Loss: *0.247* | Acc: *91.402%* (45701/50000) 
Test epoch: 375 | Loss: *0.414* | Acc: *86.970%* (8697/10000)
Train epoch: 376 | Loss: *0.241* | Acc: *91.692%* (45846/50000) 
Test epoch: 376 | Loss: *0.554* | Acc: *83.780%* (8378/10000)
Train epoch: 377 | Loss: *0.241* | Acc: *91.788%* (45894/50000) 
Test epoch: 377 | Loss: *0.564* | Acc: *83.680%* (8368/10000)
Train epoch: 378 | Loss: *0.247* | Acc: *91.550%* (45775/50000) 
Test epoch: 378 | Loss: *0.526* | Acc: *83.850%* (8385/10000)
Train epoch: 379 | Loss: *0.244* | Acc: *91.530%* (45765/50000) 
Test epoch: 379 | Loss: *0.583* | Acc: *83.070%* (8307/10000)
Train epoch: 380 | Loss: *0.244* | Acc: *91.630%* (45815/50000) 
Test epoch: 380 | Loss: *0.572* | Acc: *83.950%* (8395/10000)
Train epoch: 381 | Loss: *0.246* | Acc: *91.636%* (45818/50000) 
Test epoch: 381 | Loss: *0.419* | Acc: *86.470%* (8647/10000)
Train epoch: 382 | Loss: *0.249* | Acc: *91.446%* (45723/50000) 
Test epoch: 382 | Loss: *0.504* | Acc: *84.070%* (8407/10000)
Train epoch: 383 | Loss: *0.245* | Acc: *91.626%* (45813/50000) 
Test epoch: 383 | Loss: *0.623* | Acc: *80.750%* (8075/10000)
Train epoch: 384 | Loss: *0.247* | Acc: *91.602%* (45801/50000) 
Test epoch: 384 | Loss: *0.491* | Acc: *84.420%* (8442/10000)
Train epoch: 385 | Loss: *0.245* | Acc: *91.608%* (45804/50000) 
Test epoch: 385 | Loss: *0.552* | Acc: *82.630%* (8263/10000)
Train epoch: 386 | Loss: *0.251* | Acc: *91.232%* (45616/50000) 
Test epoch: 386 | Loss: *0.518* | Acc: *84.700%* (8470/10000)
Train epoch: 387 | Loss: *0.247* | Acc: *91.556%* (45778/50000) 
Test epoch: 387 | Loss: *0.599* | Acc: *82.490%* (8249/10000)
Train epoch: 388 | Loss: *0.249* | Acc: *91.446%* (45723/50000) 
Test epoch: 388 | Loss: *0.506* | Acc: *84.840%* (8484/10000)
Train epoch: 389 | Loss: *0.250* | Acc: *91.446%* (45723/50000) 
Test epoch: 389 | Loss: *0.671* | Acc: *80.250%* (8025/10000)
Train epoch: 390 | Loss: *0.245* | Acc: *91.546%* (45773/50000) 
Test epoch: 390 | Loss: *0.479* | Acc: *85.080%* (8508/10000)
Train epoch: 391 | Loss: *0.247* | Acc: *91.464%* (45732/50000) 
Test epoch: 391 | Loss: *0.564* | Acc: *82.820%* (8282/10000)
Train epoch: 392 | Loss: *0.248* | Acc: *91.510%* (45755/50000) 
Test epoch: 392 | Loss: *0.594* | Acc: *82.350%* (8235/10000)
Train epoch: 393 | Loss: *0.250* | Acc: *91.416%* (45708/50000) 
Test epoch: 393 | Loss: *0.427* | Acc: *86.260%* (8626/10000)
Train epoch: 394 | Loss: *0.247* | Acc: *91.510%* (45755/50000) 
Test epoch: 394 | Loss: *0.449* | Acc: *85.690%* (8569/10000)
Train epoch: 395 | Loss: *0.249* | Acc: *91.396%* (45698/50000) 
Test epoch: 395 | Loss: *0.584* | Acc: *82.930%* (8293/10000)
Train epoch: 396 | Loss: *0.250* | Acc: *91.548%* (45774/50000) 
Test epoch: 396 | Loss: *0.393* | Acc: *87.200%* (8720/10000)
Train epoch: 397 | Loss: *0.250* | Acc: *91.242%* (45621/50000) 
Test epoch: 397 | Loss: *0.377* | Acc: *87.400%* (8740/10000)
Train epoch: 398 | Loss: *0.251* | Acc: *91.336%* (45668/50000) 
Test epoch: 398 | Loss: *0.478* | Acc: *84.880%* (8488/10000)
Train epoch: 399 | Loss: *0.254* | Acc: *91.322%* (45661/50000) 
Test epoch: 399 | Loss: *0.409* | Acc: *86.790%* (8679/10000)
Train epoch: 400 | Loss: *0.251* | Acc: *91.290%* (45645/50000) 
Test epoch: 400 | Loss: *0.492* | Acc: *85.160%* (8516/10000)
Train epoch: 401 | Loss: *0.246* | Acc: *91.530%* (45765/50000) 
Test epoch: 401 | Loss: *0.465* | Acc: *85.550%* (8555/10000)
Train epoch: 402 | Loss: *0.249* | Acc: *91.596%* (45798/50000) 
Test epoch: 402 | Loss: *0.578* | Acc: *83.400%* (8340/10000)
Train epoch: 403 | Loss: *0.249* | Acc: *91.356%* (45678/50000) 
Test epoch: 403 | Loss: *0.451* | Acc: *85.690%* (8569/10000)
Train epoch: 404 | Loss: *0.247* | Acc: *91.498%* (45749/50000) 
Test epoch: 404 | Loss: *0.418* | Acc: *86.560%* (8656/10000)
Train epoch: 405 | Loss: *0.249* | Acc: *91.554%* (45777/50000) 
Test epoch: 405 | Loss: *0.490* | Acc: *84.430%* (8443/10000)
Train epoch: 406 | Loss: *0.249* | Acc: *91.588%* (45794/50000) 
Test epoch: 406 | Loss: *0.537* | Acc: *83.160%* (8316/10000)
Train epoch: 407 | Loss: *0.250* | Acc: *91.480%* (45740/50000) 
Test epoch: 407 | Loss: *0.621* | Acc: *80.630%* (8063/10000)
Train epoch: 408 | Loss: *0.247* | Acc: *91.502%* (45751/50000) 
Test epoch: 408 | Loss: *0.582* | Acc: *82.280%* (8228/10000)
Train epoch: 409 | Loss: *0.244* | Acc: *91.610%* (45805/50000) 
Test epoch: 409 | Loss: *0.430* | Acc: *86.710%* (8671/10000)
Train epoch: 410 | Loss: *0.250* | Acc: *91.368%* (45684/50000) 
Test epoch: 410 | Loss: *0.383* | Acc: *87.550%* (8755/10000)
Train epoch: 411 | Loss: *0.243* | Acc: *91.718%* (45859/50000) 
Test epoch: 411 | Loss: *0.539* | Acc: *83.870%* (8387/10000)
Train epoch: 412 | Loss: *0.243* | Acc: *91.630%* (45815/50000) 
Test epoch: 412 | Loss: *0.397* | Acc: *87.550%* (8755/10000)
Train epoch: 413 | Loss: *0.247* | Acc: *91.514%* (45757/50000) 
Test epoch: 413 | Loss: *0.770* | Acc: *80.360%* (8036/10000)
Train epoch: 414 | Loss: *0.245* | Acc: *91.602%* (45801/50000) 
Test epoch: 414 | Loss: *0.503* | Acc: *85.200%* (8520/10000)
Train epoch: 415 | Loss: *0.242* | Acc: *91.702%* (45851/50000) 
Test epoch: 415 | Loss: *0.418* | Acc: *86.500%* (8650/10000)
Train epoch: 416 | Loss: *0.248* | Acc: *91.452%* (45726/50000) 
Test epoch: 416 | Loss: *0.539* | Acc: *83.700%* (8370/10000)
Train epoch: 417 | Loss: *0.246* | Acc: *91.566%* (45783/50000) 
Test epoch: 417 | Loss: *0.513* | Acc: *84.530%* (8453/10000)
Train epoch: 418 | Loss: *0.248* | Acc: *91.568%* (45784/50000) 
Test epoch: 418 | Loss: *0.465* | Acc: *84.890%* (8489/10000)
Train epoch: 419 | Loss: *0.242* | Acc: *91.658%* (45829/50000) 
Test epoch: 419 | Loss: *0.495* | Acc: *85.670%* (8567/10000)
Train epoch: 420 | Loss: *0.250* | Acc: *91.454%* (45727/50000) 
Test epoch: 420 | Loss: *0.419* | Acc: *86.470%* (8647/10000)
Train epoch: 421 | Loss: *0.240* | Acc: *91.760%* (45880/50000) 
Test epoch: 421 | Loss: *0.397* | Acc: *87.210%* (8721/10000)
Train epoch: 422 | Loss: *0.245* | Acc: *91.556%* (45778/50000) 
Test epoch: 422 | Loss: *0.614* | Acc: *81.540%* (8154/10000)
Train epoch: 423 | Loss: *0.244* | Acc: *91.636%* (45818/50000) 
Test epoch: 423 | Loss: *0.602* | Acc: *81.770%* (8177/10000)
Train epoch: 424 | Loss: *0.239* | Acc: *91.922%* (45961/50000) 
Test epoch: 424 | Loss: *0.601* | Acc: *81.740%* (8174/10000)
Train epoch: 425 | Loss: *0.239* | Acc: *91.744%* (45872/50000) 
Test epoch: 425 | Loss: *1.013* | Acc: *73.340%* (7334/10000)
Train epoch: 426 | Loss: *0.244* | Acc: *91.660%* (45830/50000) 
Test epoch: 426 | Loss: *0.420* | Acc: *86.940%* (8694/10000)
Train epoch: 427 | Loss: *0.241* | Acc: *91.822%* (45911/50000) 
Test epoch: 427 | Loss: *0.492* | Acc: *83.890%* (8389/10000)
Train epoch: 428 | Loss: *0.238* | Acc: *91.804%* (45902/50000) 
Test epoch: 428 | Loss: *0.546* | Acc: *83.480%* (8348/10000)
Train epoch: 429 | Loss: *0.242* | Acc: *91.784%* (45892/50000) 
Test epoch: 429 | Loss: *0.514* | Acc: *84.450%* (8445/10000)
Train epoch: 430 | Loss: *0.234* | Acc: *91.952%* (45976/50000) 
Test epoch: 430 | Loss: *0.429* | Acc: *86.650%* (8665/10000)
Train epoch: 431 | Loss: *0.232* | Acc: *92.086%* (46043/50000) 
Test epoch: 431 | Loss: *0.431* | Acc: *86.320%* (8632/10000)
Train epoch: 432 | Loss: *0.236* | Acc: *91.880%* (45940/50000) 
Test epoch: 432 | Loss: *0.429* | Acc: *86.830%* (8683/10000)
Train epoch: 433 | Loss: *0.234* | Acc: *91.886%* (45943/50000) 
Test epoch: 433 | Loss: *0.466* | Acc: *85.370%* (8537/10000)
Train epoch: 434 | Loss: *0.236* | Acc: *91.672%* (45836/50000) 
Test epoch: 434 | Loss: *0.506* | Acc: *84.170%* (8417/10000)
Train epoch: 435 | Loss: *0.236* | Acc: *91.792%* (45896/50000) 
Test epoch: 435 | Loss: *0.550* | Acc: *82.880%* (8288/10000)
Train epoch: 436 | Loss: *0.230* | Acc: *91.990%* (45995/50000) 
Test epoch: 436 | Loss: *1.066* | Acc: *76.100%* (7610/10000)
Train epoch: 437 | Loss: *0.228* | Acc: *92.218%* (46109/50000) 
Test epoch: 437 | Loss: *0.380* | Acc: *87.830%* (8783/10000)
Train epoch: 438 | Loss: *0.230* | Acc: *92.126%* (46063/50000) 
Test epoch: 438 | Loss: *0.406* | Acc: *87.190%* (8719/10000)
Train epoch: 439 | Loss: *0.232* | Acc: *91.964%* (45982/50000) 
Test epoch: 439 | Loss: *0.373* | Acc: *88.010%* (8801/10000)
Train epoch: 440 | Loss: *0.226* | Acc: *92.120%* (46060/50000) 
Test epoch: 440 | Loss: *0.391* | Acc: *88.270%* (8827/10000)
Train epoch: 441 | Loss: *0.226* | Acc: *92.160%* (46080/50000) 
Test epoch: 441 | Loss: *0.496* | Acc: *84.690%* (8469/10000)
Train epoch: 442 | Loss: *0.226* | Acc: *92.192%* (46096/50000) 
Test epoch: 442 | Loss: *0.579* | Acc: *83.080%* (8308/10000)
Train epoch: 443 | Loss: *0.228* | Acc: *92.276%* (46138/50000) 
Test epoch: 443 | Loss: *0.479* | Acc: *84.750%* (8475/10000)
Train epoch: 444 | Loss: *0.229* | Acc: *92.168%* (46084/50000) 
Test epoch: 444 | Loss: *0.350* | Acc: *88.510%* (8851/10000)
Train epoch: 445 | Loss: *0.224* | Acc: *92.408%* (46204/50000) 
Test epoch: 445 | Loss: *0.381* | Acc: *87.410%* (8741/10000)
Train epoch: 446 | Loss: *0.225* | Acc: *92.330%* (46165/50000) 
Test epoch: 446 | Loss: *0.498* | Acc: *85.430%* (8543/10000)
Train epoch: 447 | Loss: *0.221* | Acc: *92.516%* (46258/50000) 
Test epoch: 447 | Loss: *0.558* | Acc: *84.450%* (8445/10000)
Train epoch: 448 | Loss: *0.221* | Acc: *92.456%* (46228/50000) 
Test epoch: 448 | Loss: *0.387* | Acc: *87.560%* (8756/10000)
Train epoch: 449 | Loss: *0.221* | Acc: *92.442%* (46221/50000) 
Test epoch: 449 | Loss: *0.583* | Acc: *82.910%* (8291/10000)
Train epoch: 450 | Loss: *0.220* | Acc: *92.340%* (46170/50000) 
Test epoch: 450 | Loss: *0.527* | Acc: *83.500%* (8350/10000)
Train epoch: 451 | Loss: *0.213* | Acc: *92.780%* (46390/50000) 
Test epoch: 451 | Loss: *0.383* | Acc: *87.570%* (8757/10000)
Train epoch: 452 | Loss: *0.213* | Acc: *92.722%* (46361/50000) 
Test epoch: 452 | Loss: *0.544* | Acc: *84.460%* (8446/10000)
Train epoch: 453 | Loss: *0.215* | Acc: *92.730%* (46365/50000) 
Test epoch: 453 | Loss: *0.445* | Acc: *86.230%* (8623/10000)
Train epoch: 454 | Loss: *0.214* | Acc: *92.516%* (46258/50000) 
Test epoch: 454 | Loss: *0.725* | Acc: *81.260%* (8126/10000)
Train epoch: 455 | Loss: *0.212* | Acc: *92.734%* (46367/50000) 
Test epoch: 455 | Loss: *0.446* | Acc: *86.360%* (8636/10000)
Train epoch: 456 | Loss: *0.209* | Acc: *92.704%* (46352/50000) 
Test epoch: 456 | Loss: *0.589* | Acc: *82.760%* (8276/10000)
Train epoch: 457 | Loss: *0.211* | Acc: *92.644%* (46322/50000) 
Test epoch: 457 | Loss: *0.479* | Acc: *85.830%* (8583/10000)
Train epoch: 458 | Loss: *0.207* | Acc: *92.782%* (46391/50000) 
Test epoch: 458 | Loss: *0.376* | Acc: *88.580%* (8858/10000)
Train epoch: 459 | Loss: *0.207* | Acc: *92.954%* (46477/50000) 
Test epoch: 459 | Loss: *0.525* | Acc: *84.960%* (8496/10000)
Train epoch: 460 | Loss: *0.204* | Acc: *92.976%* (46488/50000) 
Test epoch: 460 | Loss: *0.593* | Acc: *83.380%* (8338/10000)
Train epoch: 461 | Loss: *0.202* | Acc: *93.058%* (46529/50000) 
Test epoch: 461 | Loss: *0.620* | Acc: *82.510%* (8251/10000)
Train epoch: 462 | Loss: *0.206* | Acc: *92.860%* (46430/50000) 
Test epoch: 462 | Loss: *0.496* | Acc: *85.460%* (8546/10000)
Train epoch: 463 | Loss: *0.199* | Acc: *93.018%* (46509/50000) 
Test epoch: 463 | Loss: *0.358* | Acc: *88.370%* (8837/10000)
Train epoch: 464 | Loss: *0.195* | Acc: *93.200%* (46600/50000) 
Test epoch: 464 | Loss: *0.464* | Acc: *86.090%* (8609/10000)
Train epoch: 465 | Loss: *0.205* | Acc: *92.972%* (46486/50000) 
Test epoch: 465 | Loss: *0.424* | Acc: *87.090%* (8709/10000)
Train epoch: 466 | Loss: *0.195* | Acc: *93.288%* (46644/50000) 
Test epoch: 466 | Loss: *0.447* | Acc: *86.060%* (8606/10000)
Train epoch: 467 | Loss: *0.192* | Acc: *93.450%* (46725/50000) 
Test epoch: 467 | Loss: *0.396* | Acc: *87.970%* (8797/10000)
Train epoch: 468 | Loss: *0.192* | Acc: *93.408%* (46704/50000) 
Test epoch: 468 | Loss: *0.346* | Acc: *89.110%* (8911/10000)
Train epoch: 469 | Loss: *0.195* | Acc: *93.282%* (46641/50000) 
Test epoch: 469 | Loss: *0.441* | Acc: *86.090%* (8609/10000)
Train epoch: 470 | Loss: *0.193* | Acc: *93.442%* (46721/50000) 
Test epoch: 470 | Loss: *0.470* | Acc: *85.940%* (8594/10000)
Train epoch: 471 | Loss: *0.182* | Acc: *93.666%* (46833/50000) 
Test epoch: 471 | Loss: *0.381* | Acc: *88.280%* (8828/10000)
Train epoch: 472 | Loss: *0.191* | Acc: *93.462%* (46731/50000) 
Test epoch: 472 | Loss: *0.365* | Acc: *88.360%* (8836/10000)
Train epoch: 473 | Loss: *0.184* | Acc: *93.618%* (46809/50000) 
Test epoch: 473 | Loss: *0.381* | Acc: *88.120%* (8812/10000)
Train epoch: 474 | Loss: *0.185* | Acc: *93.662%* (46831/50000) 
Test epoch: 474 | Loss: *0.538* | Acc: *85.740%* (8574/10000)
Train epoch: 475 | Loss: *0.183* | Acc: *93.736%* (46868/50000) 
Test epoch: 475 | Loss: *0.371* | Acc: *88.260%* (8826/10000)
Train epoch: 476 | Loss: *0.185* | Acc: *93.660%* (46830/50000) 
Test epoch: 476 | Loss: *0.498* | Acc: *85.540%* (8554/10000)
Train epoch: 477 | Loss: *0.179* | Acc: *93.892%* (46946/50000) 
Test epoch: 477 | Loss: *0.362* | Acc: *88.930%* (8893/10000)
Train epoch: 478 | Loss: *0.178* | Acc: *93.942%* (46971/50000) 
Test epoch: 478 | Loss: *0.383* | Acc: *88.290%* (8829/10000)
Train epoch: 479 | Loss: *0.172* | Acc: *94.104%* (47052/50000) 
Test epoch: 479 | Loss: *0.373* | Acc: *88.840%* (8884/10000)
Train epoch: 480 | Loss: *0.169* | Acc: *94.206%* (47103/50000) 
Test epoch: 480 | Loss: *0.397* | Acc: *88.070%* (8807/10000)
Train epoch: 481 | Loss: *0.172* | Acc: *94.188%* (47094/50000) 
Test epoch: 481 | Loss: *0.356* | Acc: *88.420%* (8842/10000)
Train epoch: 482 | Loss: *0.171* | Acc: *94.148%* (47074/50000) 
Test epoch: 482 | Loss: *0.523* | Acc: *84.670%* (8467/10000)
Train epoch: 483 | Loss: *0.163* | Acc: *94.470%* (47235/50000) 
Test epoch: 483 | Loss: *0.336* | Acc: *89.320%* (8932/10000)
Train epoch: 484 | Loss: *0.165* | Acc: *94.284%* (47142/50000) 
Test epoch: 484 | Loss: *0.549* | Acc: *85.190%* (8519/10000)
Train epoch: 485 | Loss: *0.164* | Acc: *94.316%* (47158/50000) 
Test epoch: 485 | Loss: *0.306* | Acc: *90.250%* (9025/10000)
Train epoch: 486 | Loss: *0.164* | Acc: *94.378%* (47189/50000) 
Test epoch: 486 | Loss: *0.486* | Acc: *85.030%* (8503/10000)
Train epoch: 487 | Loss: *0.159* | Acc: *94.440%* (47220/50000) 
Test epoch: 487 | Loss: *0.335* | Acc: *89.390%* (8939/10000)
Train epoch: 488 | Loss: *0.155* | Acc: *94.646%* (47323/50000) 
Test epoch: 488 | Loss: *0.330* | Acc: *89.750%* (8975/10000)
Train epoch: 489 | Loss: *0.154* | Acc: *94.636%* (47318/50000) 
Test epoch: 489 | Loss: *0.419* | Acc: *87.810%* (8781/10000)
Train epoch: 490 | Loss: *0.153* | Acc: *94.752%* (47376/50000) 
Test epoch: 490 | Loss: *0.332* | Acc: *89.930%* (8993/10000)
Train epoch: 491 | Loss: *0.153* | Acc: *94.682%* (47341/50000) 
Test epoch: 491 | Loss: *0.383* | Acc: *88.540%* (8854/10000)
Train epoch: 492 | Loss: *0.149* | Acc: *94.742%* (47371/50000) 
Test epoch: 492 | Loss: *0.355* | Acc: *89.070%* (8907/10000)
Train epoch: 493 | Loss: *0.146* | Acc: *94.980%* (47490/50000) 
Test epoch: 493 | Loss: *0.361* | Acc: *88.980%* (8898/10000)
Train epoch: 494 | Loss: *0.149* | Acc: *94.876%* (47438/50000) 
Test epoch: 494 | Loss: *0.340* | Acc: *90.230%* (9023/10000)
Train epoch: 495 | Loss: *0.141* | Acc: *95.114%* (47557/50000) 
Test epoch: 495 | Loss: *0.368* | Acc: *89.920%* (8992/10000)
Train epoch: 496 | Loss: *0.141* | Acc: *95.182%* (47591/50000) 
Test epoch: 496 | Loss: *0.311* | Acc: *90.450%* (9045/10000)
Train epoch: 497 | Loss: *0.133* | Acc: *95.340%* (47670/50000) 
Test epoch: 497 | Loss: *0.395* | Acc: *88.440%* (8844/10000)
Train epoch: 498 | Loss: *0.136* | Acc: *95.432%* (47716/50000) 
Test epoch: 498 | Loss: *0.438* | Acc: *87.290%* (8729/10000)
Train epoch: 499 | Loss: *0.135* | Acc: *95.454%* (47727/50000) 
Test epoch: 499 | Loss: *0.345* | Acc: *89.580%* (8958/10000)
Train epoch: 500 | Loss: *0.132* | Acc: *95.394%* (47697/50000) 
Test epoch: 500 | Loss: *0.367* | Acc: *89.270%* (8927/10000)
Best test accuracy: *94.360%*, loss: *0.20151988603174686*, at epoch: *192*.
==> Execution time summary of 500 epoch(s).
Train data loading time: sum. *240.91898452024907* secs | avg. *0.48183796904049814* secs per epoch.
Train training time: sum. *1433.1448331465945* secs | avg. *2.8662896662931887* secs per epoch.
Train total time: sum. *1674.0638176668435* secs | avg. *3.348127635333687* secs per epoch.
Test data loading time: sum. *99.11823169887066* secs | avg. *0.1982364633977413* secs per epoch.
Test training time: sum. *78.77334759198129* secs | avg. *0.15754669518396258* secs per epoch.
Test total time: sum. *177.89157929085195* secs | avg. *0.3557831585817039* secs per epoch.
Total data loading time: sum. *340.0372162191197* secs | avg. *0.6800744324382395* secs per epoch.
Total training time: sum. *1511.9181807385758* secs | avg. *3.0238363614771515* secs per epoch.
Total running time: sum. *1851.9553969576955* secs | avg. *3.703910793915391* secs per epoch.
==> Number of GPU device: 1
==> Device #0 Memory Usage
==> Allocated: 0.1 GB
==> Cached:    1.4 GB
==> Maximum: 1.4 GB
