==> Running on : cuda
==> Number of CPU: 48
==> Number of workers: 2
==> #Epochs: 500, #Layers: 4, #Blocks: [2, 1, 1, 1], In channel: 64, Input layer conv kernel: 9x9, Residual layer conv kernel 3x3, Skip kernel: 1x1, Input layer conv padding: 4, Residual layer conv padding: 1
==> Optimizer is SGD
==> Momentum: 0.9
==> Learning rate: 0.1
==> Weight decay: 0.0005
==>Trainable Parameters: 4991050
==>Other Parameters: 0
==>Augmentation: RandomCrop(32, padding=4), RandomHorizontalFlip(), Normalize((0.4914, 0.4822, 0.4465), (0.2023, 0.1994, 0.2010)
Files already downloaded and verified
Train epoch: 1 | Loss: *1.727* | Acc: *36.394%* (18197/50000) 
Test epoch: 1 | Loss: *1.519* | Acc: *43.470%* (4347/10000)
Train epoch: 2 | Loss: *1.360* | Acc: *50.314%* (25157/50000) 
Test epoch: 2 | Loss: *1.259* | Acc: *54.560%* (5456/10000)
Train epoch: 3 | Loss: *1.119* | Acc: *59.708%* (29854/50000) 
Test epoch: 3 | Loss: *1.087* | Acc: *62.580%* (6258/10000)
Train epoch: 4 | Loss: *0.936* | Acc: *66.618%* (33309/50000) 
Test epoch: 4 | Loss: *0.995* | Acc: *65.510%* (6551/10000)
Train epoch: 5 | Loss: *0.785* | Acc: *72.402%* (36201/50000) 
Test epoch: 5 | Loss: *0.924* | Acc: *68.030%* (6803/10000)
Train epoch: 6 | Loss: *0.670* | Acc: *76.792%* (38396/50000) 
Test epoch: 6 | Loss: *0.982* | Acc: *68.370%* (6837/10000)
Train epoch: 7 | Loss: *0.596* | Acc: *79.388%* (39694/50000) 
Test epoch: 7 | Loss: *0.630* | Acc: *78.850%* (7885/10000)
Train epoch: 8 | Loss: *0.554* | Acc: *80.924%* (40462/50000) 
Test epoch: 8 | Loss: *0.685* | Acc: *77.710%* (7771/10000)
Train epoch: 9 | Loss: *0.526* | Acc: *81.806%* (40903/50000) 
Test epoch: 9 | Loss: *0.616* | Acc: *78.540%* (7854/10000)
Train epoch: 10 | Loss: *0.499* | Acc: *82.794%* (41397/50000) 
Test epoch: 10 | Loss: *0.602* | Acc: *79.100%* (7910/10000)
Train epoch: 11 | Loss: *0.481* | Acc: *83.358%* (41679/50000) 
Test epoch: 11 | Loss: *0.582* | Acc: *80.490%* (8049/10000)
Train epoch: 12 | Loss: *0.466* | Acc: *84.022%* (42011/50000) 
Test epoch: 12 | Loss: *0.707* | Acc: *76.950%* (7695/10000)
Train epoch: 13 | Loss: *0.450* | Acc: *84.590%* (42295/50000) 
Test epoch: 13 | Loss: *0.540* | Acc: *81.760%* (8176/10000)
Train epoch: 14 | Loss: *0.439* | Acc: *84.960%* (42480/50000) 
Test epoch: 14 | Loss: *0.699* | Acc: *78.120%* (7812/10000)
Train epoch: 15 | Loss: *0.429* | Acc: *85.220%* (42610/50000) 
Test epoch: 15 | Loss: *0.607* | Acc: *79.800%* (7980/10000)
Train epoch: 16 | Loss: *0.419* | Acc: *85.580%* (42790/50000) 
Test epoch: 16 | Loss: *0.730* | Acc: *76.520%* (7652/10000)
Train epoch: 17 | Loss: *0.411* | Acc: *85.948%* (42974/50000) 
Test epoch: 17 | Loss: *0.658* | Acc: *78.930%* (7893/10000)
Train epoch: 18 | Loss: *0.410* | Acc: *85.826%* (42913/50000) 
Test epoch: 18 | Loss: *0.692* | Acc: *78.650%* (7865/10000)
Train epoch: 19 | Loss: *0.402* | Acc: *86.160%* (43080/50000) 
Test epoch: 19 | Loss: *0.517* | Acc: *82.190%* (8219/10000)
Train epoch: 20 | Loss: *0.394* | Acc: *86.320%* (43160/50000) 
Test epoch: 20 | Loss: *0.871* | Acc: *74.950%* (7495/10000)
Train epoch: 21 | Loss: *0.392* | Acc: *86.602%* (43301/50000) 
Test epoch: 21 | Loss: *0.586* | Acc: *80.790%* (8079/10000)
Train epoch: 22 | Loss: *0.388* | Acc: *86.784%* (43392/50000) 
Test epoch: 22 | Loss: *0.518* | Acc: *83.360%* (8336/10000)
Train epoch: 23 | Loss: *0.384* | Acc: *86.888%* (43444/50000) 
Test epoch: 23 | Loss: *0.526* | Acc: *82.450%* (8245/10000)
Train epoch: 24 | Loss: *0.380* | Acc: *87.076%* (43538/50000) 
Test epoch: 24 | Loss: *0.479* | Acc: *83.750%* (8375/10000)
Train epoch: 25 | Loss: *0.380* | Acc: *86.870%* (43435/50000) 
Test epoch: 25 | Loss: *0.917* | Acc: *73.470%* (7347/10000)
Train epoch: 26 | Loss: *0.371* | Acc: *87.234%* (43617/50000) 
Test epoch: 26 | Loss: *0.601* | Acc: *80.270%* (8027/10000)
Train epoch: 27 | Loss: *0.375* | Acc: *86.960%* (43480/50000) 
Test epoch: 27 | Loss: *0.575* | Acc: *81.750%* (8175/10000)
Train epoch: 28 | Loss: *0.370* | Acc: *87.272%* (43636/50000) 
Test epoch: 28 | Loss: *0.551* | Acc: *81.390%* (8139/10000)
Train epoch: 29 | Loss: *0.364* | Acc: *87.530%* (43765/50000) 
Test epoch: 29 | Loss: *0.393* | Acc: *86.580%* (8658/10000)
Train epoch: 30 | Loss: *0.359* | Acc: *87.560%* (43780/50000) 
Test epoch: 30 | Loss: *0.540* | Acc: *82.640%* (8264/10000)
Train epoch: 31 | Loss: *0.360* | Acc: *87.656%* (43828/50000) 
Test epoch: 31 | Loss: *0.488* | Acc: *83.120%* (8312/10000)
Train epoch: 32 | Loss: *0.362* | Acc: *87.564%* (43782/50000) 
Test epoch: 32 | Loss: *0.508* | Acc: *83.390%* (8339/10000)
Train epoch: 33 | Loss: *0.356* | Acc: *87.862%* (43931/50000) 
Test epoch: 33 | Loss: *0.698* | Acc: *77.710%* (7771/10000)
Train epoch: 34 | Loss: *0.355* | Acc: *87.980%* (43990/50000) 
Test epoch: 34 | Loss: *0.507* | Acc: *83.370%* (8337/10000)
Train epoch: 35 | Loss: *0.348* | Acc: *87.988%* (43994/50000) 
Test epoch: 35 | Loss: *0.464* | Acc: *84.300%* (8430/10000)
Train epoch: 36 | Loss: *0.353* | Acc: *87.814%* (43907/50000) 
Test epoch: 36 | Loss: *1.102* | Acc: *70.970%* (7097/10000)
Train epoch: 37 | Loss: *0.343* | Acc: *88.116%* (44058/50000) 
Test epoch: 37 | Loss: *0.591* | Acc: *81.370%* (8137/10000)
Train epoch: 38 | Loss: *0.344* | Acc: *88.142%* (44071/50000) 
Test epoch: 38 | Loss: *0.523* | Acc: *82.550%* (8255/10000)
Train epoch: 39 | Loss: *0.341* | Acc: *88.358%* (44179/50000) 
Test epoch: 39 | Loss: *0.520* | Acc: *83.440%* (8344/10000)
Train epoch: 40 | Loss: *0.342* | Acc: *88.296%* (44148/50000) 
Test epoch: 40 | Loss: *0.711* | Acc: *77.870%* (7787/10000)
Train epoch: 41 | Loss: *0.337* | Acc: *88.332%* (44166/50000) 
Test epoch: 41 | Loss: *0.659* | Acc: *79.930%* (7993/10000)
Train epoch: 42 | Loss: *0.336* | Acc: *88.324%* (44162/50000) 
Test epoch: 42 | Loss: *0.731* | Acc: *77.190%* (7719/10000)
Train epoch: 43 | Loss: *0.335* | Acc: *88.614%* (44307/50000) 
Test epoch: 43 | Loss: *0.481* | Acc: *83.850%* (8385/10000)
Train epoch: 44 | Loss: *0.337* | Acc: *88.344%* (44172/50000) 
Test epoch: 44 | Loss: *0.471* | Acc: *84.610%* (8461/10000)
Train epoch: 45 | Loss: *0.335* | Acc: *88.346%* (44173/50000) 
Test epoch: 45 | Loss: *0.512* | Acc: *83.070%* (8307/10000)
Train epoch: 46 | Loss: *0.332* | Acc: *88.602%* (44301/50000) 
Test epoch: 46 | Loss: *0.479* | Acc: *84.200%* (8420/10000)
Train epoch: 47 | Loss: *0.324* | Acc: *88.832%* (44416/50000) 
Test epoch: 47 | Loss: *0.432* | Acc: *85.120%* (8512/10000)
Train epoch: 48 | Loss: *0.331* | Acc: *88.596%* (44298/50000) 
Test epoch: 48 | Loss: *0.524* | Acc: *83.210%* (8321/10000)
Train epoch: 49 | Loss: *0.326* | Acc: *88.934%* (44467/50000) 
Test epoch: 49 | Loss: *0.418* | Acc: *85.760%* (8576/10000)
Train epoch: 50 | Loss: *0.322* | Acc: *88.928%* (44464/50000) 
Test epoch: 50 | Loss: *0.544* | Acc: *82.140%* (8214/10000)
Train epoch: 51 | Loss: *0.322* | Acc: *88.986%* (44493/50000) 
Test epoch: 51 | Loss: *0.466* | Acc: *84.640%* (8464/10000)
Train epoch: 52 | Loss: *0.322* | Acc: *88.876%* (44438/50000) 
Test epoch: 52 | Loss: *0.461* | Acc: *85.030%* (8503/10000)
Train epoch: 53 | Loss: *0.316* | Acc: *89.178%* (44589/50000) 
Test epoch: 53 | Loss: *0.493* | Acc: *84.050%* (8405/10000)
Train epoch: 54 | Loss: *0.316* | Acc: *89.128%* (44564/50000) 
Test epoch: 54 | Loss: *0.395* | Acc: *86.720%* (8672/10000)
Train epoch: 55 | Loss: *0.312* | Acc: *89.138%* (44569/50000) 
Test epoch: 55 | Loss: *0.413* | Acc: *86.120%* (8612/10000)
Train epoch: 56 | Loss: *0.318* | Acc: *88.958%* (44479/50000) 
Test epoch: 56 | Loss: *0.546* | Acc: *82.510%* (8251/10000)
Train epoch: 57 | Loss: *0.313* | Acc: *89.222%* (44611/50000) 
Test epoch: 57 | Loss: *0.440* | Acc: *85.650%* (8565/10000)
Train epoch: 58 | Loss: *0.313* | Acc: *89.270%* (44635/50000) 
Test epoch: 58 | Loss: *0.491* | Acc: *83.740%* (8374/10000)
Train epoch: 59 | Loss: *0.303* | Acc: *89.550%* (44775/50000) 
Test epoch: 59 | Loss: *0.469* | Acc: *84.710%* (8471/10000)
Train epoch: 60 | Loss: *0.303* | Acc: *89.506%* (44753/50000) 
Test epoch: 60 | Loss: *0.706* | Acc: *80.380%* (8038/10000)
Train epoch: 61 | Loss: *0.300* | Acc: *89.656%* (44828/50000) 
Test epoch: 61 | Loss: *0.507* | Acc: *83.370%* (8337/10000)
Train epoch: 62 | Loss: *0.302* | Acc: *89.578%* (44789/50000) 
Test epoch: 62 | Loss: *0.509* | Acc: *83.410%* (8341/10000)
Train epoch: 63 | Loss: *0.303* | Acc: *89.554%* (44777/50000) 
Test epoch: 63 | Loss: *0.463* | Acc: *85.000%* (8500/10000)
Train epoch: 64 | Loss: *0.299* | Acc: *89.626%* (44813/50000) 
Test epoch: 64 | Loss: *0.571* | Acc: *82.920%* (8292/10000)
Train epoch: 65 | Loss: *0.293* | Acc: *89.816%* (44908/50000) 
Test epoch: 65 | Loss: *0.584* | Acc: *80.590%* (8059/10000)
Train epoch: 66 | Loss: *0.294* | Acc: *89.878%* (44939/50000) 
Test epoch: 66 | Loss: *0.453* | Acc: *84.730%* (8473/10000)
Train epoch: 67 | Loss: *0.291* | Acc: *89.968%* (44984/50000) 
Test epoch: 67 | Loss: *0.484* | Acc: *84.690%* (8469/10000)
Train epoch: 68 | Loss: *0.291* | Acc: *90.064%* (45032/50000) 
Test epoch: 68 | Loss: *0.488* | Acc: *84.470%* (8447/10000)
Train epoch: 69 | Loss: *0.291* | Acc: *90.028%* (45014/50000) 
Test epoch: 69 | Loss: *0.453* | Acc: *84.990%* (8499/10000)
Train epoch: 70 | Loss: *0.284* | Acc: *90.176%* (45088/50000) 
Test epoch: 70 | Loss: *0.477* | Acc: *84.720%* (8472/10000)
Train epoch: 71 | Loss: *0.285* | Acc: *90.278%* (45139/50000) 
Test epoch: 71 | Loss: *0.469* | Acc: *85.150%* (8515/10000)
Train epoch: 72 | Loss: *0.285* | Acc: *90.222%* (45111/50000) 
Test epoch: 72 | Loss: *0.357* | Acc: *88.160%* (8816/10000)
Train epoch: 73 | Loss: *0.281* | Acc: *90.300%* (45150/50000) 
Test epoch: 73 | Loss: *0.606* | Acc: *80.640%* (8064/10000)
Train epoch: 74 | Loss: *0.276* | Acc: *90.404%* (45202/50000) 
Test epoch: 74 | Loss: *0.443* | Acc: *85.520%* (8552/10000)
Train epoch: 75 | Loss: *0.278* | Acc: *90.456%* (45228/50000) 
Test epoch: 75 | Loss: *0.499* | Acc: *83.390%* (8339/10000)
Train epoch: 76 | Loss: *0.271* | Acc: *90.638%* (45319/50000) 
Test epoch: 76 | Loss: *0.455* | Acc: *85.660%* (8566/10000)
Train epoch: 77 | Loss: *0.273* | Acc: *90.458%* (45229/50000) 
Test epoch: 77 | Loss: *0.402* | Acc: *86.530%* (8653/10000)
Train epoch: 78 | Loss: *0.270* | Acc: *90.572%* (45286/50000) 
Test epoch: 78 | Loss: *0.438* | Acc: *85.390%* (8539/10000)
Train epoch: 79 | Loss: *0.266* | Acc: *90.782%* (45391/50000) 
Test epoch: 79 | Loss: *0.411* | Acc: *86.980%* (8698/10000)
Train epoch: 80 | Loss: *0.267* | Acc: *90.800%* (45400/50000) 
Test epoch: 80 | Loss: *0.375* | Acc: *87.920%* (8792/10000)
Train epoch: 81 | Loss: *0.263* | Acc: *90.862%* (45431/50000) 
Test epoch: 81 | Loss: *0.423* | Acc: *86.480%* (8648/10000)
Train epoch: 82 | Loss: *0.260* | Acc: *90.970%* (45485/50000) 
Test epoch: 82 | Loss: *0.450* | Acc: *86.010%* (8601/10000)
Train epoch: 83 | Loss: *0.262* | Acc: *90.966%* (45483/50000) 
Test epoch: 83 | Loss: *0.520* | Acc: *84.130%* (8413/10000)
Train epoch: 84 | Loss: *0.260* | Acc: *91.090%* (45545/50000) 
Test epoch: 84 | Loss: *0.599* | Acc: *82.070%* (8207/10000)
Train epoch: 85 | Loss: *0.261* | Acc: *90.852%* (45426/50000) 
Test epoch: 85 | Loss: *0.435* | Acc: *86.000%* (8600/10000)
Train epoch: 86 | Loss: *0.254* | Acc: *91.078%* (45539/50000) 
Test epoch: 86 | Loss: *0.336* | Acc: *89.020%* (8902/10000)
Train epoch: 87 | Loss: *0.248* | Acc: *91.488%* (45744/50000) 
Test epoch: 87 | Loss: *0.381* | Acc: *87.590%* (8759/10000)
Train epoch: 88 | Loss: *0.249* | Acc: *91.412%* (45706/50000) 
Test epoch: 88 | Loss: *0.486* | Acc: *84.720%* (8472/10000)
Train epoch: 89 | Loss: *0.245* | Acc: *91.600%* (45800/50000) 
Test epoch: 89 | Loss: *0.467* | Acc: *85.470%* (8547/10000)
Train epoch: 90 | Loss: *0.242* | Acc: *91.702%* (45851/50000) 
Test epoch: 90 | Loss: *0.425* | Acc: *86.090%* (8609/10000)
Train epoch: 91 | Loss: *0.241* | Acc: *91.876%* (45938/50000) 
Test epoch: 91 | Loss: *0.489* | Acc: *84.560%* (8456/10000)
Train epoch: 92 | Loss: *0.242* | Acc: *91.700%* (45850/50000) 
Test epoch: 92 | Loss: *0.483* | Acc: *84.620%* (8462/10000)
Train epoch: 93 | Loss: *0.237* | Acc: *91.614%* (45807/50000) 
Test epoch: 93 | Loss: *0.422* | Acc: *86.040%* (8604/10000)
Train epoch: 94 | Loss: *0.238* | Acc: *91.750%* (45875/50000) 
Test epoch: 94 | Loss: *0.404* | Acc: *87.720%* (8772/10000)
Train epoch: 95 | Loss: *0.231* | Acc: *92.098%* (46049/50000) 
Test epoch: 95 | Loss: *0.400* | Acc: *87.090%* (8709/10000)
Train epoch: 96 | Loss: *0.228* | Acc: *92.132%* (46066/50000) 
Test epoch: 96 | Loss: *0.440* | Acc: *85.650%* (8565/10000)
Train epoch: 97 | Loss: *0.226* | Acc: *92.290%* (46145/50000) 
Test epoch: 97 | Loss: *0.415* | Acc: *86.770%* (8677/10000)
Train epoch: 98 | Loss: *0.224* | Acc: *92.328%* (46164/50000) 
Test epoch: 98 | Loss: *0.369* | Acc: *88.240%* (8824/10000)
Train epoch: 99 | Loss: *0.221* | Acc: *92.260%* (46130/50000) 
Test epoch: 99 | Loss: *0.386* | Acc: *87.270%* (8727/10000)
Train epoch: 100 | Loss: *0.213* | Acc: *92.582%* (46291/50000) 
Test epoch: 100 | Loss: *0.483* | Acc: *84.760%* (8476/10000)
Train epoch: 101 | Loss: *0.218* | Acc: *92.428%* (46214/50000) 
Test epoch: 101 | Loss: *0.438* | Acc: *86.350%* (8635/10000)
Train epoch: 102 | Loss: *0.217* | Acc: *92.584%* (46292/50000) 
Test epoch: 102 | Loss: *0.475* | Acc: *85.490%* (8549/10000)
Train epoch: 103 | Loss: *0.212* | Acc: *92.636%* (46318/50000) 
Test epoch: 103 | Loss: *0.409* | Acc: *86.640%* (8664/10000)
Train epoch: 104 | Loss: *0.205* | Acc: *92.846%* (46423/50000) 
Test epoch: 104 | Loss: *0.390* | Acc: *87.210%* (8721/10000)
Train epoch: 105 | Loss: *0.205* | Acc: *92.946%* (46473/50000) 
Test epoch: 105 | Loss: *0.346* | Acc: *88.880%* (8888/10000)
Train epoch: 106 | Loss: *0.204* | Acc: *92.998%* (46499/50000) 
Test epoch: 106 | Loss: *0.341* | Acc: *88.840%* (8884/10000)
Train epoch: 107 | Loss: *0.197* | Acc: *93.254%* (46627/50000) 
Test epoch: 107 | Loss: *0.375* | Acc: *87.860%* (8786/10000)
Train epoch: 108 | Loss: *0.198* | Acc: *93.216%* (46608/50000) 
Test epoch: 108 | Loss: *0.330* | Acc: *89.420%* (8942/10000)
Train epoch: 109 | Loss: *0.195* | Acc: *93.168%* (46584/50000) 
Test epoch: 109 | Loss: *0.403* | Acc: *86.840%* (8684/10000)
Train epoch: 110 | Loss: *0.191* | Acc: *93.324%* (46662/50000) 
Test epoch: 110 | Loss: *0.388* | Acc: *87.830%* (8783/10000)
Train epoch: 111 | Loss: *0.188* | Acc: *93.480%* (46740/50000) 
Test epoch: 111 | Loss: *0.343* | Acc: *89.430%* (8943/10000)
Train epoch: 112 | Loss: *0.186* | Acc: *93.452%* (46726/50000) 
Test epoch: 112 | Loss: *0.442* | Acc: *86.610%* (8661/10000)
Train epoch: 113 | Loss: *0.183* | Acc: *93.708%* (46854/50000) 
Test epoch: 113 | Loss: *0.400* | Acc: *87.220%* (8722/10000)
Train epoch: 114 | Loss: *0.176* | Acc: *93.976%* (46988/50000) 
Test epoch: 114 | Loss: *0.374* | Acc: *87.800%* (8780/10000)
Train epoch: 115 | Loss: *0.181* | Acc: *93.632%* (46816/50000) 
Test epoch: 115 | Loss: *0.425* | Acc: *87.270%* (8727/10000)
Train epoch: 116 | Loss: *0.173* | Acc: *94.000%* (47000/50000) 
Test epoch: 116 | Loss: *0.337* | Acc: *89.230%* (8923/10000)
Train epoch: 117 | Loss: *0.176* | Acc: *93.992%* (46996/50000) 
Test epoch: 117 | Loss: *0.343* | Acc: *89.340%* (8934/10000)
Train epoch: 118 | Loss: *0.169* | Acc: *94.086%* (47043/50000) 
Test epoch: 118 | Loss: *0.334* | Acc: *89.150%* (8915/10000)
Train epoch: 119 | Loss: *0.162* | Acc: *94.408%* (47204/50000) 
Test epoch: 119 | Loss: *0.384* | Acc: *88.420%* (8842/10000)
Train epoch: 120 | Loss: *0.162* | Acc: *94.474%* (47237/50000) 
Test epoch: 120 | Loss: *0.394* | Acc: *88.190%* (8819/10000)
Train epoch: 121 | Loss: *0.161* | Acc: *94.462%* (47231/50000) 
Test epoch: 121 | Loss: *0.404* | Acc: *87.660%* (8766/10000)
Train epoch: 122 | Loss: *0.153* | Acc: *94.644%* (47322/50000) 
Test epoch: 122 | Loss: *0.425* | Acc: *87.500%* (8750/10000)
Train epoch: 123 | Loss: *0.151* | Acc: *94.750%* (47375/50000) 
Test epoch: 123 | Loss: *0.317* | Acc: *89.760%* (8976/10000)
Train epoch: 124 | Loss: *0.147* | Acc: *95.106%* (47553/50000) 
Test epoch: 124 | Loss: *0.370* | Acc: *88.140%* (8814/10000)
Train epoch: 125 | Loss: *0.144* | Acc: *95.184%* (47592/50000) 
Test epoch: 125 | Loss: *0.386* | Acc: *89.120%* (8912/10000)
Train epoch: 126 | Loss: *0.143* | Acc: *95.004%* (47502/50000) 
Test epoch: 126 | Loss: *0.366* | Acc: *88.790%* (8879/10000)
Train epoch: 127 | Loss: *0.141* | Acc: *95.184%* (47592/50000) 
Test epoch: 127 | Loss: *0.372* | Acc: *89.210%* (8921/10000)
Train epoch: 128 | Loss: *0.133* | Acc: *95.418%* (47709/50000) 
Test epoch: 128 | Loss: *0.402* | Acc: *87.920%* (8792/10000)
Train epoch: 129 | Loss: *0.124* | Acc: *95.826%* (47913/50000) 
Test epoch: 129 | Loss: *0.331* | Acc: *89.920%* (8992/10000)
Train epoch: 130 | Loss: *0.133* | Acc: *95.504%* (47752/50000) 
Test epoch: 130 | Loss: *0.300* | Acc: *90.420%* (9042/10000)
Train epoch: 131 | Loss: *0.124* | Acc: *95.766%* (47883/50000) 
Test epoch: 131 | Loss: *0.422* | Acc: *88.140%* (8814/10000)
Train epoch: 132 | Loss: *0.123* | Acc: *95.754%* (47877/50000) 
Test epoch: 132 | Loss: *0.298* | Acc: *90.240%* (9024/10000)
Train epoch: 133 | Loss: *0.123* | Acc: *95.726%* (47863/50000) 
Test epoch: 133 | Loss: *0.338* | Acc: *89.770%* (8977/10000)
Train epoch: 134 | Loss: *0.114* | Acc: *96.142%* (48071/50000) 
Test epoch: 134 | Loss: *0.342* | Acc: *89.820%* (8982/10000)
Train epoch: 135 | Loss: *0.113* | Acc: *96.064%* (48032/50000) 
Test epoch: 135 | Loss: *0.362* | Acc: *89.220%* (8922/10000)
Train epoch: 136 | Loss: *0.109* | Acc: *96.268%* (48134/50000) 
Test epoch: 136 | Loss: *0.327* | Acc: *90.060%* (9006/10000)
Train epoch: 137 | Loss: *0.105* | Acc: *96.472%* (48236/50000) 
Test epoch: 137 | Loss: *0.333* | Acc: *90.420%* (9042/10000)
Train epoch: 138 | Loss: *0.096* | Acc: *96.714%* (48357/50000) 
Test epoch: 138 | Loss: *0.357* | Acc: *89.930%* (8993/10000)
Train epoch: 139 | Loss: *0.103* | Acc: *96.406%* (48203/50000) 
Test epoch: 139 | Loss: *0.357* | Acc: *89.890%* (8989/10000)
Train epoch: 140 | Loss: *0.092* | Acc: *96.854%* (48427/50000) 
Test epoch: 140 | Loss: *0.297* | Acc: *91.300%* (9130/10000)
Train epoch: 141 | Loss: *0.088* | Acc: *97.072%* (48536/50000) 
Test epoch: 141 | Loss: *0.332* | Acc: *90.730%* (9073/10000)
Train epoch: 142 | Loss: *0.085* | Acc: *97.076%* (48538/50000) 
Test epoch: 142 | Loss: *0.279* | Acc: *91.610%* (9161/10000)
Train epoch: 143 | Loss: *0.079* | Acc: *97.222%* (48611/50000) 
Test epoch: 143 | Loss: *0.321* | Acc: *91.040%* (9104/10000)
Train epoch: 144 | Loss: *0.078* | Acc: *97.398%* (48699/50000) 
Test epoch: 144 | Loss: *0.328* | Acc: *90.450%* (9045/10000)
Train epoch: 145 | Loss: *0.077* | Acc: *97.472%* (48736/50000) 
Test epoch: 145 | Loss: *0.299* | Acc: *90.970%* (9097/10000)
Train epoch: 146 | Loss: *0.069* | Acc: *97.722%* (48861/50000) 
Test epoch: 146 | Loss: *0.252* | Acc: *92.750%* (9275/10000)
Train epoch: 147 | Loss: *0.069* | Acc: *97.666%* (48833/50000) 
Test epoch: 147 | Loss: *0.301* | Acc: *91.270%* (9127/10000)
Train epoch: 148 | Loss: *0.065* | Acc: *97.840%* (48920/50000) 
Test epoch: 148 | Loss: *0.258* | Acc: *92.640%* (9264/10000)
Train epoch: 149 | Loss: *0.059* | Acc: *98.122%* (49061/50000) 
Test epoch: 149 | Loss: *0.260* | Acc: *92.570%* (9257/10000)
Train epoch: 150 | Loss: *0.062* | Acc: *97.940%* (48970/50000) 
Test epoch: 150 | Loss: *0.321* | Acc: *90.940%* (9094/10000)
Train epoch: 151 | Loss: *0.054* | Acc: *98.304%* (49152/50000) 
Test epoch: 151 | Loss: *0.278* | Acc: *91.970%* (9197/10000)
Train epoch: 152 | Loss: *0.050* | Acc: *98.406%* (49203/50000) 
Test epoch: 152 | Loss: *0.264* | Acc: *92.580%* (9258/10000)
Train epoch: 153 | Loss: *0.044* | Acc: *98.636%* (49318/50000) 
Test epoch: 153 | Loss: *0.302* | Acc: *91.480%* (9148/10000)
Train epoch: 154 | Loss: *0.043* | Acc: *98.646%* (49323/50000) 
Test epoch: 154 | Loss: *0.262* | Acc: *92.640%* (9264/10000)
Train epoch: 155 | Loss: *0.040* | Acc: *98.758%* (49379/50000) 
Test epoch: 155 | Loss: *0.281* | Acc: *91.970%* (9197/10000)
Train epoch: 156 | Loss: *0.037* | Acc: *98.872%* (49436/50000) 
Test epoch: 156 | Loss: *0.307* | Acc: *91.290%* (9129/10000)
Train epoch: 157 | Loss: *0.036* | Acc: *98.870%* (49435/50000) 
Test epoch: 157 | Loss: *0.262* | Acc: *92.720%* (9272/10000)
Train epoch: 158 | Loss: *0.029* | Acc: *99.156%* (49578/50000) 
Test epoch: 158 | Loss: *0.251* | Acc: *92.940%* (9294/10000)
Train epoch: 159 | Loss: *0.024* | Acc: *99.368%* (49684/50000) 
Test epoch: 159 | Loss: *0.245* | Acc: *93.350%* (9335/10000)
Train epoch: 160 | Loss: *0.024* | Acc: *99.296%* (49648/50000) 
Test epoch: 160 | Loss: *0.245* | Acc: *93.190%* (9319/10000)
Train epoch: 161 | Loss: *0.019* | Acc: *99.554%* (49777/50000) 
Test epoch: 161 | Loss: *0.260* | Acc: *93.210%* (9321/10000)
Train epoch: 162 | Loss: *0.016* | Acc: *99.660%* (49830/50000) 
Test epoch: 162 | Loss: *0.233* | Acc: *93.480%* (9348/10000)
Train epoch: 163 | Loss: *0.014* | Acc: *99.678%* (49839/50000) 
Test epoch: 163 | Loss: *0.233* | Acc: *93.700%* (9370/10000)
Train epoch: 164 | Loss: *0.012* | Acc: *99.776%* (49888/50000) 
Test epoch: 164 | Loss: *0.223* | Acc: *94.010%* (9401/10000)
Train epoch: 165 | Loss: *0.012* | Acc: *99.776%* (49888/50000) 
Test epoch: 165 | Loss: *0.239* | Acc: *93.390%* (9339/10000)
Train epoch: 166 | Loss: *0.010* | Acc: *99.812%* (49906/50000) 
Test epoch: 166 | Loss: *0.223* | Acc: *93.790%* (9379/10000)
Train epoch: 167 | Loss: *0.009* | Acc: *99.866%* (49933/50000) 
Test epoch: 167 | Loss: *0.224* | Acc: *93.890%* (9389/10000)
Train epoch: 168 | Loss: *0.009* | Acc: *99.872%* (49936/50000) 
Test epoch: 168 | Loss: *0.215* | Acc: *93.990%* (9399/10000)
Train epoch: 169 | Loss: *0.008* | Acc: *99.888%* (49944/50000) 
Test epoch: 169 | Loss: *0.212* | Acc: *94.010%* (9401/10000)
Train epoch: 170 | Loss: *0.007* | Acc: *99.924%* (49962/50000) 
Test epoch: 170 | Loss: *0.208* | Acc: *94.070%* (9407/10000)
Train epoch: 171 | Loss: *0.006* | Acc: *99.944%* (49972/50000) 
Test epoch: 171 | Loss: *0.212* | Acc: *93.830%* (9383/10000)
Train epoch: 172 | Loss: *0.005* | Acc: *99.960%* (49980/50000) 
Test epoch: 172 | Loss: *0.217* | Acc: *93.980%* (9398/10000)
Train epoch: 173 | Loss: *0.005* | Acc: *99.980%* (49990/50000) 
Test epoch: 173 | Loss: *0.207* | Acc: *94.210%* (9421/10000)
Train epoch: 174 | Loss: *0.005* | Acc: *99.976%* (49988/50000) 
Test epoch: 174 | Loss: *0.208* | Acc: *94.150%* (9415/10000)
Train epoch: 175 | Loss: *0.004* | Acc: *99.966%* (49983/50000) 
Test epoch: 175 | Loss: *0.203* | Acc: *94.210%* (9421/10000)
Train epoch: 176 | Loss: *0.004* | Acc: *99.980%* (49990/50000) 
Test epoch: 176 | Loss: *0.207* | Acc: *94.150%* (9415/10000)
Train epoch: 177 | Loss: *0.004* | Acc: *99.978%* (49989/50000) 
Test epoch: 177 | Loss: *0.203* | Acc: *94.240%* (9424/10000)
Train epoch: 178 | Loss: *0.004* | Acc: *99.994%* (49997/50000) 
Test epoch: 178 | Loss: *0.200* | Acc: *94.400%* (9440/10000)
Train epoch: 179 | Loss: *0.004* | Acc: *99.986%* (49993/50000) 
Test epoch: 179 | Loss: *0.199* | Acc: *94.430%* (9443/10000)
Train epoch: 180 | Loss: *0.004* | Acc: *99.986%* (49993/50000) 
Test epoch: 180 | Loss: *0.198* | Acc: *94.490%* (9449/10000)
Train epoch: 181 | Loss: *0.004* | Acc: *99.984%* (49992/50000) 
Test epoch: 181 | Loss: *0.200* | Acc: *94.310%* (9431/10000)
Train epoch: 182 | Loss: *0.004* | Acc: *99.996%* (49998/50000) 
Test epoch: 182 | Loss: *0.197* | Acc: *94.380%* (9438/10000)
Train epoch: 183 | Loss: *0.003* | Acc: *99.998%* (49999/50000) 
Test epoch: 183 | Loss: *0.197* | Acc: *94.550%* (9455/10000)
Train epoch: 184 | Loss: *0.004* | Acc: *99.992%* (49996/50000) 
Test epoch: 184 | Loss: *0.199* | Acc: *94.520%* (9452/10000)
Train epoch: 185 | Loss: *0.003* | Acc: *99.994%* (49997/50000) 
Test epoch: 185 | Loss: *0.199* | Acc: *94.360%* (9436/10000)
Train epoch: 186 | Loss: *0.003* | Acc: *99.992%* (49996/50000) 
Test epoch: 186 | Loss: *0.201* | Acc: *94.450%* (9445/10000)
Train epoch: 187 | Loss: *0.003* | Acc: *99.996%* (49998/50000) 
Test epoch: 187 | Loss: *0.194* | Acc: *94.400%* (9440/10000)
Train epoch: 188 | Loss: *0.003* | Acc: *99.992%* (49996/50000) 
Test epoch: 188 | Loss: *0.196* | Acc: *94.360%* (9436/10000)
Train epoch: 189 | Loss: *0.003* | Acc: *99.994%* (49997/50000) 
Test epoch: 189 | Loss: *0.197* | Acc: *94.430%* (9443/10000)
Train epoch: 190 | Loss: *0.003* | Acc: *99.996%* (49998/50000) 
Test epoch: 190 | Loss: *0.196* | Acc: *94.360%* (9436/10000)
Train epoch: 191 | Loss: *0.003* | Acc: *99.998%* (49999/50000) 
Test epoch: 191 | Loss: *0.194* | Acc: *94.430%* (9443/10000)
Train epoch: 192 | Loss: *0.003* | Acc: *99.996%* (49998/50000) 
Test epoch: 192 | Loss: *0.193* | Acc: *94.490%* (9449/10000)
Train epoch: 193 | Loss: *0.003* | Acc: *99.996%* (49998/50000) 
Test epoch: 193 | Loss: *0.194* | Acc: *94.470%* (9447/10000)
Train epoch: 194 | Loss: *0.003* | Acc: *99.998%* (49999/50000) 
Test epoch: 194 | Loss: *0.194* | Acc: *94.510%* (9451/10000)
Train epoch: 195 | Loss: *0.003* | Acc: *100.000%* (50000/50000) 
Test epoch: 195 | Loss: *0.195* | Acc: *94.440%* (9444/10000)
Train epoch: 196 | Loss: *0.003* | Acc: *99.996%* (49998/50000) 
Test epoch: 196 | Loss: *0.194* | Acc: *94.520%* (9452/10000)
Train epoch: 197 | Loss: *0.003* | Acc: *99.998%* (49999/50000) 
Test epoch: 197 | Loss: *0.195* | Acc: *94.440%* (9444/10000)
Train epoch: 198 | Loss: *0.003* | Acc: *99.990%* (49995/50000) 
Test epoch: 198 | Loss: *0.194* | Acc: *94.500%* (9450/10000)
Train epoch: 199 | Loss: *0.003* | Acc: *99.996%* (49998/50000) 
Test epoch: 199 | Loss: *0.195* | Acc: *94.430%* (9443/10000)
Train epoch: 200 | Loss: *0.003* | Acc: *99.996%* (49998/50000) 
Test epoch: 200 | Loss: *0.194* | Acc: *94.480%* (9448/10000)
Train epoch: 201 | Loss: *0.003* | Acc: *99.996%* (49998/50000) 
Test epoch: 201 | Loss: *0.196* | Acc: *94.460%* (9446/10000)
Train epoch: 202 | Loss: *0.003* | Acc: *100.000%* (50000/50000) 
Test epoch: 202 | Loss: *0.195* | Acc: *94.490%* (9449/10000)
Train epoch: 203 | Loss: *0.003* | Acc: *99.992%* (49996/50000) 
Test epoch: 203 | Loss: *0.195* | Acc: *94.500%* (9450/10000)
Train epoch: 204 | Loss: *0.003* | Acc: *99.994%* (49997/50000) 
Test epoch: 204 | Loss: *0.193* | Acc: *94.450%* (9445/10000)
Train epoch: 205 | Loss: *0.003* | Acc: *99.998%* (49999/50000) 
Test epoch: 205 | Loss: *0.195* | Acc: *94.460%* (9446/10000)
Train epoch: 206 | Loss: *0.003* | Acc: *99.998%* (49999/50000) 
Test epoch: 206 | Loss: *0.194* | Acc: *94.420%* (9442/10000)
Train epoch: 207 | Loss: *0.003* | Acc: *100.000%* (50000/50000) 
Test epoch: 207 | Loss: *0.193* | Acc: *94.450%* (9445/10000)
Train epoch: 208 | Loss: *0.003* | Acc: *99.998%* (49999/50000) 
Test epoch: 208 | Loss: *0.194* | Acc: *94.510%* (9451/10000)
Train epoch: 209 | Loss: *0.003* | Acc: *99.994%* (49997/50000) 
Test epoch: 209 | Loss: *0.193* | Acc: *94.430%* (9443/10000)
Train epoch: 210 | Loss: *0.003* | Acc: *99.992%* (49996/50000) 
Test epoch: 210 | Loss: *0.194* | Acc: *94.380%* (9438/10000)
Train epoch: 211 | Loss: *0.003* | Acc: *99.994%* (49997/50000) 
Test epoch: 211 | Loss: *0.193* | Acc: *94.540%* (9454/10000)
Train epoch: 212 | Loss: *0.003* | Acc: *100.000%* (50000/50000) 
Test epoch: 212 | Loss: *0.195* | Acc: *94.530%* (9453/10000)
Train epoch: 213 | Loss: *0.003* | Acc: *99.996%* (49998/50000) 
Test epoch: 213 | Loss: *0.193* | Acc: *94.540%* (9454/10000)
Train epoch: 214 | Loss: *0.003* | Acc: *99.996%* (49998/50000) 
Test epoch: 214 | Loss: *0.196* | Acc: *94.530%* (9453/10000)
Train epoch: 215 | Loss: *0.003* | Acc: *99.996%* (49998/50000) 
Test epoch: 215 | Loss: *0.193* | Acc: *94.480%* (9448/10000)
Train epoch: 216 | Loss: *0.003* | Acc: *99.990%* (49995/50000) 
Test epoch: 216 | Loss: *0.193* | Acc: *94.600%* (9460/10000)
Train epoch: 217 | Loss: *0.003* | Acc: *99.996%* (49998/50000) 
Test epoch: 217 | Loss: *0.192* | Acc: *94.340%* (9434/10000)
Train epoch: 218 | Loss: *0.003* | Acc: *99.996%* (49998/50000) 
Test epoch: 218 | Loss: *0.194* | Acc: *94.350%* (9435/10000)
Train epoch: 219 | Loss: *0.003* | Acc: *99.996%* (49998/50000) 
Test epoch: 219 | Loss: *0.195* | Acc: *94.260%* (9426/10000)
Train epoch: 220 | Loss: *0.003* | Acc: *100.000%* (50000/50000) 
Test epoch: 220 | Loss: *0.196* | Acc: *94.370%* (9437/10000)
Train epoch: 221 | Loss: *0.003* | Acc: *99.998%* (49999/50000) 
Test epoch: 221 | Loss: *0.194* | Acc: *94.370%* (9437/10000)
Train epoch: 222 | Loss: *0.004* | Acc: *99.996%* (49998/50000) 
Test epoch: 222 | Loss: *0.193* | Acc: *94.480%* (9448/10000)
Train epoch: 223 | Loss: *0.004* | Acc: *99.996%* (49998/50000) 
Test epoch: 223 | Loss: *0.192* | Acc: *94.530%* (9453/10000)
Train epoch: 224 | Loss: *0.004* | Acc: *99.998%* (49999/50000) 
Test epoch: 224 | Loss: *0.192* | Acc: *94.610%* (9461/10000)
Train epoch: 225 | Loss: *0.004* | Acc: *99.992%* (49996/50000) 
Test epoch: 225 | Loss: *0.193* | Acc: *94.550%* (9455/10000)
Train epoch: 226 | Loss: *0.004* | Acc: *99.996%* (49998/50000) 
Test epoch: 226 | Loss: *0.191* | Acc: *94.450%* (9445/10000)
Train epoch: 227 | Loss: *0.004* | Acc: *99.996%* (49998/50000) 
Test epoch: 227 | Loss: *0.194* | Acc: *94.490%* (9449/10000)
Train epoch: 228 | Loss: *0.004* | Acc: *99.994%* (49997/50000) 
Test epoch: 228 | Loss: *0.200* | Acc: *94.040%* (9404/10000)
Train epoch: 229 | Loss: *0.004* | Acc: *99.992%* (49996/50000) 
Test epoch: 229 | Loss: *0.195* | Acc: *94.500%* (9450/10000)
Train epoch: 230 | Loss: *0.004* | Acc: *99.996%* (49998/50000) 
Test epoch: 230 | Loss: *0.193* | Acc: *94.460%* (9446/10000)
Train epoch: 231 | Loss: *0.004* | Acc: *99.990%* (49995/50000) 
Test epoch: 231 | Loss: *0.199* | Acc: *94.460%* (9446/10000)
Train epoch: 232 | Loss: *0.004* | Acc: *99.992%* (49996/50000) 
Test epoch: 232 | Loss: *0.193* | Acc: *94.440%* (9444/10000)
Train epoch: 233 | Loss: *0.005* | Acc: *99.982%* (49991/50000) 
Test epoch: 233 | Loss: *0.204* | Acc: *94.380%* (9438/10000)
Train epoch: 234 | Loss: *0.005* | Acc: *99.982%* (49991/50000) 
Test epoch: 234 | Loss: *0.205* | Acc: *94.240%* (9424/10000)
Train epoch: 235 | Loss: *0.008* | Acc: *99.914%* (49957/50000) 
Test epoch: 235 | Loss: *0.252* | Acc: *92.810%* (9281/10000)
Train epoch: 236 | Loss: *0.026* | Acc: *99.394%* (49697/50000) 
Test epoch: 236 | Loss: *0.313* | Acc: *90.950%* (9095/10000)
Train epoch: 237 | Loss: *0.098* | Acc: *96.820%* (48410/50000) 
Test epoch: 237 | Loss: *0.371* | Acc: *89.420%* (8942/10000)
Train epoch: 238 | Loss: *0.112* | Acc: *96.224%* (48112/50000) 
Test epoch: 238 | Loss: *0.305* | Acc: *90.760%* (9076/10000)
Train epoch: 239 | Loss: *0.105* | Acc: *96.560%* (48280/50000) 
Test epoch: 239 | Loss: *0.332* | Acc: *89.790%* (8979/10000)
Train epoch: 240 | Loss: *0.108* | Acc: *96.400%* (48200/50000) 
Test epoch: 240 | Loss: *0.509* | Acc: *86.050%* (8605/10000)
Train epoch: 241 | Loss: *0.105* | Acc: *96.558%* (48279/50000) 
Test epoch: 241 | Loss: *0.373* | Acc: *89.100%* (8910/10000)
Train epoch: 242 | Loss: *0.100* | Acc: *96.652%* (48326/50000) 
Test epoch: 242 | Loss: *0.362* | Acc: *89.470%* (8947/10000)
Train epoch: 243 | Loss: *0.108* | Acc: *96.360%* (48180/50000) 
Test epoch: 243 | Loss: *0.384* | Acc: *88.900%* (8890/10000)
Train epoch: 244 | Loss: *0.101* | Acc: *96.598%* (48299/50000) 
Test epoch: 244 | Loss: *0.337* | Acc: *90.140%* (9014/10000)
Train epoch: 245 | Loss: *0.101* | Acc: *96.628%* (48314/50000) 
Test epoch: 245 | Loss: *0.347* | Acc: *89.720%* (8972/10000)
Train epoch: 246 | Loss: *0.106* | Acc: *96.482%* (48241/50000) 
Test epoch: 246 | Loss: *0.310* | Acc: *90.510%* (9051/10000)
Train epoch: 247 | Loss: *0.099* | Acc: *96.626%* (48313/50000) 
Test epoch: 247 | Loss: *0.414* | Acc: *88.500%* (8850/10000)
Train epoch: 248 | Loss: *0.109* | Acc: *96.242%* (48121/50000) 
Test epoch: 248 | Loss: *0.354* | Acc: *89.790%* (8979/10000)
Train epoch: 249 | Loss: *0.105* | Acc: *96.386%* (48193/50000) 
Test epoch: 249 | Loss: *0.387* | Acc: *88.820%* (8882/10000)
Train epoch: 250 | Loss: *0.116* | Acc: *95.926%* (47963/50000) 
Test epoch: 250 | Loss: *0.433* | Acc: *87.410%* (8741/10000)
Train epoch: 251 | Loss: *0.108* | Acc: *96.240%* (48120/50000) 
Test epoch: 251 | Loss: *0.345* | Acc: *90.020%* (9002/10000)
Train epoch: 252 | Loss: *0.106* | Acc: *96.366%* (48183/50000) 
Test epoch: 252 | Loss: *0.351* | Acc: *89.390%* (8939/10000)
Train epoch: 253 | Loss: *0.108* | Acc: *96.356%* (48178/50000) 
Test epoch: 253 | Loss: *0.447* | Acc: *87.720%* (8772/10000)
Train epoch: 254 | Loss: *0.114* | Acc: *96.114%* (48057/50000) 
Test epoch: 254 | Loss: *0.338* | Acc: *90.360%* (9036/10000)
Train epoch: 255 | Loss: *0.114* | Acc: *96.100%* (48050/50000) 
Test epoch: 255 | Loss: *0.335* | Acc: *90.590%* (9059/10000)
Train epoch: 256 | Loss: *0.112* | Acc: *96.144%* (48072/50000) 
Test epoch: 256 | Loss: *0.328* | Acc: *90.490%* (9049/10000)
Train epoch: 257 | Loss: *0.109* | Acc: *96.296%* (48148/50000) 
Test epoch: 257 | Loss: *0.422* | Acc: *87.940%* (8794/10000)
Train epoch: 258 | Loss: *0.115* | Acc: *96.086%* (48043/50000) 
Test epoch: 258 | Loss: *0.293* | Acc: *91.110%* (9111/10000)
Train epoch: 259 | Loss: *0.119* | Acc: *95.990%* (47995/50000) 
Test epoch: 259 | Loss: *0.318* | Acc: *90.490%* (9049/10000)
Train epoch: 260 | Loss: *0.110* | Acc: *96.232%* (48116/50000) 
Test epoch: 260 | Loss: *0.437* | Acc: *87.610%* (8761/10000)
Train epoch: 261 | Loss: *0.125* | Acc: *95.582%* (47791/50000) 
Test epoch: 261 | Loss: *0.335* | Acc: *90.280%* (9028/10000)
Train epoch: 262 | Loss: *0.128* | Acc: *95.614%* (47807/50000) 
Test epoch: 262 | Loss: *0.368* | Acc: *89.330%* (8933/10000)
Train epoch: 263 | Loss: *0.123* | Acc: *95.840%* (47920/50000) 
Test epoch: 263 | Loss: *0.350* | Acc: *89.760%* (8976/10000)
Train epoch: 264 | Loss: *0.126* | Acc: *95.660%* (47830/50000) 
Test epoch: 264 | Loss: *0.333* | Acc: *90.270%* (9027/10000)
Train epoch: 265 | Loss: *0.128* | Acc: *95.594%* (47797/50000) 
Test epoch: 265 | Loss: *0.423* | Acc: *88.160%* (8816/10000)
Train epoch: 266 | Loss: *0.126* | Acc: *95.612%* (47806/50000) 
Test epoch: 266 | Loss: *0.428* | Acc: *87.910%* (8791/10000)
Train epoch: 267 | Loss: *0.131* | Acc: *95.392%* (47696/50000) 
Test epoch: 267 | Loss: *0.297* | Acc: *90.560%* (9056/10000)
Train epoch: 268 | Loss: *0.134* | Acc: *95.456%* (47728/50000) 
Test epoch: 268 | Loss: *0.336* | Acc: *89.910%* (8991/10000)
Train epoch: 269 | Loss: *0.129* | Acc: *95.528%* (47764/50000) 
Test epoch: 269 | Loss: *0.377* | Acc: *88.970%* (8897/10000)
Train epoch: 270 | Loss: *0.133* | Acc: *95.546%* (47773/50000) 
Test epoch: 270 | Loss: *0.459* | Acc: *87.100%* (8710/10000)
Train epoch: 271 | Loss: *0.137* | Acc: *95.212%* (47606/50000) 
Test epoch: 271 | Loss: *0.317* | Acc: *90.010%* (9001/10000)
Train epoch: 272 | Loss: *0.146* | Acc: *94.870%* (47435/50000) 
Test epoch: 272 | Loss: *0.313* | Acc: *90.670%* (9067/10000)
Train epoch: 273 | Loss: *0.141* | Acc: *95.116%* (47558/50000) 
Test epoch: 273 | Loss: *0.370* | Acc: *88.600%* (8860/10000)
Train epoch: 274 | Loss: *0.147* | Acc: *94.872%* (47436/50000) 
Test epoch: 274 | Loss: *0.449* | Acc: *86.730%* (8673/10000)
Train epoch: 275 | Loss: *0.150* | Acc: *94.822%* (47411/50000) 
Test epoch: 275 | Loss: *0.378* | Acc: *88.620%* (8862/10000)
Train epoch: 276 | Loss: *0.150* | Acc: *94.928%* (47464/50000) 
Test epoch: 276 | Loss: *0.329* | Acc: *90.020%* (9002/10000)
Train epoch: 277 | Loss: *0.151* | Acc: *94.818%* (47409/50000) 
Test epoch: 277 | Loss: *0.394* | Acc: *88.060%* (8806/10000)
Train epoch: 278 | Loss: *0.148* | Acc: *94.898%* (47449/50000) 
Test epoch: 278 | Loss: *0.416* | Acc: *87.510%* (8751/10000)
Train epoch: 279 | Loss: *0.163* | Acc: *94.404%* (47202/50000) 
Test epoch: 279 | Loss: *0.437* | Acc: *87.320%* (8732/10000)
Train epoch: 280 | Loss: *0.159* | Acc: *94.446%* (47223/50000) 
Test epoch: 280 | Loss: *0.346* | Acc: *89.250%* (8925/10000)
Train epoch: 281 | Loss: *0.159* | Acc: *94.448%* (47224/50000) 
Test epoch: 281 | Loss: *0.390* | Acc: *88.160%* (8816/10000)
Train epoch: 282 | Loss: *0.160* | Acc: *94.408%* (47204/50000) 
Test epoch: 282 | Loss: *0.410* | Acc: *87.980%* (8798/10000)
Train epoch: 283 | Loss: *0.167* | Acc: *94.260%* (47130/50000) 
Test epoch: 283 | Loss: *0.535* | Acc: *84.640%* (8464/10000)
Train epoch: 284 | Loss: *0.168* | Acc: *94.216%* (47108/50000) 
Test epoch: 284 | Loss: *0.480* | Acc: *85.970%* (8597/10000)
Train epoch: 285 | Loss: *0.173* | Acc: *94.068%* (47034/50000) 
Test epoch: 285 | Loss: *0.373* | Acc: *88.420%* (8842/10000)
Train epoch: 286 | Loss: *0.166* | Acc: *94.236%* (47118/50000) 
Test epoch: 286 | Loss: *0.420* | Acc: *87.310%* (8731/10000)
Train epoch: 287 | Loss: *0.164* | Acc: *94.306%* (47153/50000) 
Test epoch: 287 | Loss: *0.408* | Acc: *87.610%* (8761/10000)
Train epoch: 288 | Loss: *0.175* | Acc: *94.020%* (47010/50000) 
Test epoch: 288 | Loss: *0.469* | Acc: *86.020%* (8602/10000)
Train epoch: 289 | Loss: *0.178* | Acc: *93.832%* (46916/50000) 
Test epoch: 289 | Loss: *0.426* | Acc: *87.100%* (8710/10000)
Train epoch: 290 | Loss: *0.181* | Acc: *93.754%* (46877/50000) 
Test epoch: 290 | Loss: *0.546* | Acc: *83.650%* (8365/10000)
Train epoch: 291 | Loss: *0.189* | Acc: *93.368%* (46684/50000) 
Test epoch: 291 | Loss: *0.355* | Acc: *88.790%* (8879/10000)
Train epoch: 292 | Loss: *0.186* | Acc: *93.494%* (46747/50000) 
Test epoch: 292 | Loss: *0.417* | Acc: *87.450%* (8745/10000)
Train epoch: 293 | Loss: *0.195* | Acc: *93.174%* (46587/50000) 
Test epoch: 293 | Loss: *0.459* | Acc: *86.920%* (8692/10000)
Train epoch: 294 | Loss: *0.193* | Acc: *93.340%* (46670/50000) 
Test epoch: 294 | Loss: *0.321* | Acc: *89.640%* (8964/10000)
Train epoch: 295 | Loss: *0.190* | Acc: *93.550%* (46775/50000) 
Test epoch: 295 | Loss: *0.543* | Acc: *84.940%* (8494/10000)
Train epoch: 296 | Loss: *0.190* | Acc: *93.322%* (46661/50000) 
Test epoch: 296 | Loss: *0.369* | Acc: *87.980%* (8798/10000)
Train epoch: 297 | Loss: *0.195* | Acc: *93.296%* (46648/50000) 
Test epoch: 297 | Loss: *0.414* | Acc: *87.600%* (8760/10000)
Train epoch: 298 | Loss: *0.199* | Acc: *93.110%* (46555/50000) 
Test epoch: 298 | Loss: *0.378* | Acc: *88.100%* (8810/10000)
Train epoch: 299 | Loss: *0.198* | Acc: *93.144%* (46572/50000) 
Test epoch: 299 | Loss: *0.448* | Acc: *86.190%* (8619/10000)
Train epoch: 300 | Loss: *0.206* | Acc: *92.844%* (46422/50000) 
Test epoch: 300 | Loss: *0.422* | Acc: *86.710%* (8671/10000)
Train epoch: 301 | Loss: *0.206* | Acc: *92.860%* (46430/50000) 
Test epoch: 301 | Loss: *0.490* | Acc: *84.860%* (8486/10000)
Train epoch: 302 | Loss: *0.206* | Acc: *92.970%* (46485/50000) 
Test epoch: 302 | Loss: *0.422* | Acc: *86.960%* (8696/10000)
Train epoch: 303 | Loss: *0.214* | Acc: *92.570%* (46285/50000) 
Test epoch: 303 | Loss: *0.359* | Acc: *88.650%* (8865/10000)
Train epoch: 304 | Loss: *0.213* | Acc: *92.656%* (46328/50000) 
Test epoch: 304 | Loss: *0.437* | Acc: *86.480%* (8648/10000)
Train epoch: 305 | Loss: *0.213* | Acc: *92.732%* (46366/50000) 
Test epoch: 305 | Loss: *0.374* | Acc: *88.490%* (8849/10000)
Train epoch: 306 | Loss: *0.217* | Acc: *92.588%* (46294/50000) 
Test epoch: 306 | Loss: *0.396* | Acc: *87.010%* (8701/10000)
Train epoch: 307 | Loss: *0.222* | Acc: *92.368%* (46184/50000) 
Test epoch: 307 | Loss: *0.541* | Acc: *84.260%* (8426/10000)
Train epoch: 308 | Loss: *0.219* | Acc: *92.436%* (46218/50000) 
Test epoch: 308 | Loss: *0.484* | Acc: *85.480%* (8548/10000)
Train epoch: 309 | Loss: *0.223* | Acc: *92.260%* (46130/50000) 
Test epoch: 309 | Loss: *0.551* | Acc: *83.200%* (8320/10000)
Train epoch: 310 | Loss: *0.232* | Acc: *91.922%* (45961/50000) 
Test epoch: 310 | Loss: *0.423* | Acc: *86.740%* (8674/10000)
Train epoch: 311 | Loss: *0.228* | Acc: *92.270%* (46135/50000) 
Test epoch: 311 | Loss: *0.445* | Acc: *86.310%* (8631/10000)
Train epoch: 312 | Loss: *0.233* | Acc: *91.960%* (45980/50000) 
Test epoch: 312 | Loss: *0.490* | Acc: *84.440%* (8444/10000)
Train epoch: 313 | Loss: *0.229* | Acc: *92.276%* (46138/50000) 
Test epoch: 313 | Loss: *0.419* | Acc: *86.270%* (8627/10000)
Train epoch: 314 | Loss: *0.235* | Acc: *91.824%* (45912/50000) 
Test epoch: 314 | Loss: *0.445* | Acc: *85.840%* (8584/10000)
Train epoch: 315 | Loss: *0.239* | Acc: *91.770%* (45885/50000) 
Test epoch: 315 | Loss: *0.492* | Acc: *85.480%* (8548/10000)
Train epoch: 316 | Loss: *0.239* | Acc: *91.756%* (45878/50000) 
Test epoch: 316 | Loss: *0.405* | Acc: *87.150%* (8715/10000)
Train epoch: 317 | Loss: *0.241* | Acc: *91.786%* (45893/50000) 
Test epoch: 317 | Loss: *0.439* | Acc: *86.550%* (8655/10000)
Train epoch: 318 | Loss: *0.245* | Acc: *91.674%* (45837/50000) 
Test epoch: 318 | Loss: *0.456* | Acc: *85.840%* (8584/10000)
Train epoch: 319 | Loss: *0.246* | Acc: *91.464%* (45732/50000) 
Test epoch: 319 | Loss: *0.452* | Acc: *85.720%* (8572/10000)
Train epoch: 320 | Loss: *0.248* | Acc: *91.404%* (45702/50000) 
Test epoch: 320 | Loss: *0.657* | Acc: *80.580%* (8058/10000)
Train epoch: 321 | Loss: *0.252* | Acc: *91.328%* (45664/50000) 
Test epoch: 321 | Loss: *0.524* | Acc: *84.160%* (8416/10000)
Train epoch: 322 | Loss: *0.250* | Acc: *91.222%* (45611/50000) 
Test epoch: 322 | Loss: *0.469* | Acc: *84.790%* (8479/10000)
Train epoch: 323 | Loss: *0.253* | Acc: *91.294%* (45647/50000) 
Test epoch: 323 | Loss: *0.438* | Acc: *86.560%* (8656/10000)
Train epoch: 324 | Loss: *0.249* | Acc: *91.374%* (45687/50000) 
Test epoch: 324 | Loss: *0.383* | Acc: *87.410%* (8741/10000)
Train epoch: 325 | Loss: *0.255* | Acc: *91.300%* (45650/50000) 
Test epoch: 325 | Loss: *0.427* | Acc: *86.650%* (8665/10000)
Train epoch: 326 | Loss: *0.257* | Acc: *91.106%* (45553/50000) 
Test epoch: 326 | Loss: *0.407* | Acc: *87.120%* (8712/10000)
Train epoch: 327 | Loss: *0.265* | Acc: *90.900%* (45450/50000) 
Test epoch: 327 | Loss: *0.648* | Acc: *81.560%* (8156/10000)
Train epoch: 328 | Loss: *0.260* | Acc: *91.230%* (45615/50000) 
Test epoch: 328 | Loss: *0.437* | Acc: *86.410%* (8641/10000)
Train epoch: 329 | Loss: *0.268* | Acc: *90.838%* (45419/50000) 
Test epoch: 329 | Loss: *0.395* | Acc: *86.870%* (8687/10000)
Train epoch: 330 | Loss: *0.265* | Acc: *90.978%* (45489/50000) 
Test epoch: 330 | Loss: *0.430* | Acc: *86.380%* (8638/10000)
Train epoch: 331 | Loss: *0.272* | Acc: *90.694%* (45347/50000) 
Test epoch: 331 | Loss: *0.482* | Acc: *84.290%* (8429/10000)
Train epoch: 332 | Loss: *0.270* | Acc: *90.642%* (45321/50000) 
Test epoch: 332 | Loss: *0.733* | Acc: *77.990%* (7799/10000)
Train epoch: 333 | Loss: *0.274* | Acc: *90.578%* (45289/50000) 
Test epoch: 333 | Loss: *0.401* | Acc: *86.490%* (8649/10000)
Train epoch: 334 | Loss: *0.268* | Acc: *90.838%* (45419/50000) 
Test epoch: 334 | Loss: *0.778* | Acc: *78.540%* (7854/10000)
Train epoch: 335 | Loss: *0.274* | Acc: *90.608%* (45304/50000) 
Test epoch: 335 | Loss: *0.491* | Acc: *84.270%* (8427/10000)
Train epoch: 336 | Loss: *0.275* | Acc: *90.544%* (45272/50000) 
Test epoch: 336 | Loss: *0.524* | Acc: *82.550%* (8255/10000)
Train epoch: 337 | Loss: *0.279* | Acc: *90.374%* (45187/50000) 
Test epoch: 337 | Loss: *0.431* | Acc: *85.950%* (8595/10000)
Train epoch: 338 | Loss: *0.279* | Acc: *90.528%* (45264/50000) 
Test epoch: 338 | Loss: *0.431* | Acc: *86.440%* (8644/10000)
Train epoch: 339 | Loss: *0.279* | Acc: *90.480%* (45240/50000) 
Test epoch: 339 | Loss: *0.604* | Acc: *81.860%* (8186/10000)
Train epoch: 340 | Loss: *0.279* | Acc: *90.358%* (45179/50000) 
Test epoch: 340 | Loss: *0.446* | Acc: *85.880%* (8588/10000)
Train epoch: 341 | Loss: *0.288* | Acc: *90.030%* (45015/50000) 
Test epoch: 341 | Loss: *0.538* | Acc: *83.290%* (8329/10000)
Train epoch: 342 | Loss: *0.287* | Acc: *90.110%* (45055/50000) 
Test epoch: 342 | Loss: *0.403* | Acc: *86.710%* (8671/10000)
Train epoch: 343 | Loss: *0.287* | Acc: *90.092%* (45046/50000) 
Test epoch: 343 | Loss: *0.432* | Acc: *85.670%* (8567/10000)
Train epoch: 344 | Loss: *0.284* | Acc: *90.218%* (45109/50000) 
Test epoch: 344 | Loss: *0.609* | Acc: *82.560%* (8256/10000)
Train epoch: 345 | Loss: *0.288* | Acc: *90.216%* (45108/50000) 
Test epoch: 345 | Loss: *0.496* | Acc: *83.920%* (8392/10000)
Train epoch: 346 | Loss: *0.296* | Acc: *89.804%* (44902/50000) 
Test epoch: 346 | Loss: *0.415* | Acc: *86.460%* (8646/10000)
Train epoch: 347 | Loss: *0.290* | Acc: *90.020%* (45010/50000) 
Test epoch: 347 | Loss: *0.403* | Acc: *86.560%* (8656/10000)
Train epoch: 348 | Loss: *0.288* | Acc: *90.140%* (45070/50000) 
Test epoch: 348 | Loss: *0.454* | Acc: *84.650%* (8465/10000)
Train epoch: 349 | Loss: *0.298* | Acc: *89.764%* (44882/50000) 
Test epoch: 349 | Loss: *0.502* | Acc: *83.510%* (8351/10000)
Train epoch: 350 | Loss: *0.294* | Acc: *89.940%* (44970/50000) 
Test epoch: 350 | Loss: *0.440* | Acc: *85.400%* (8540/10000)
Train epoch: 351 | Loss: *0.295* | Acc: *89.842%* (44921/50000) 
Test epoch: 351 | Loss: *0.540* | Acc: *82.550%* (8255/10000)
Train epoch: 352 | Loss: *0.305* | Acc: *89.510%* (44755/50000) 
Test epoch: 352 | Loss: *0.417* | Acc: *86.100%* (8610/10000)
Train epoch: 353 | Loss: *0.298* | Acc: *89.734%* (44867/50000) 
Test epoch: 353 | Loss: *0.600* | Acc: *81.220%* (8122/10000)
Train epoch: 354 | Loss: *0.303* | Acc: *89.674%* (44837/50000) 
Test epoch: 354 | Loss: *0.578* | Acc: *81.020%* (8102/10000)
Train epoch: 355 | Loss: *0.298* | Acc: *89.720%* (44860/50000) 
Test epoch: 355 | Loss: *0.481* | Acc: *84.240%* (8424/10000)
Train epoch: 356 | Loss: *0.305* | Acc: *89.518%* (44759/50000) 
Test epoch: 356 | Loss: *0.641* | Acc: *80.850%* (8085/10000)
Train epoch: 357 | Loss: *0.310* | Acc: *89.290%* (44645/50000) 
Test epoch: 357 | Loss: *0.473* | Acc: *84.490%* (8449/10000)
Train epoch: 358 | Loss: *0.304* | Acc: *89.676%* (44838/50000) 
Test epoch: 358 | Loss: *0.484* | Acc: *84.950%* (8495/10000)
Train epoch: 359 | Loss: *0.307* | Acc: *89.362%* (44681/50000) 
Test epoch: 359 | Loss: *0.573* | Acc: *82.800%* (8280/10000)
Train epoch: 360 | Loss: *0.310* | Acc: *89.422%* (44711/50000) 
Test epoch: 360 | Loss: *0.532* | Acc: *82.480%* (8248/10000)
Train epoch: 361 | Loss: *0.313* | Acc: *89.292%* (44646/50000) 
Test epoch: 361 | Loss: *0.454* | Acc: *85.670%* (8567/10000)
Train epoch: 362 | Loss: *0.315* | Acc: *89.212%* (44606/50000) 
Test epoch: 362 | Loss: *0.521* | Acc: *83.610%* (8361/10000)
Train epoch: 363 | Loss: *0.315* | Acc: *89.100%* (44550/50000) 
Test epoch: 363 | Loss: *0.564* | Acc: *82.230%* (8223/10000)
Train epoch: 364 | Loss: *0.312* | Acc: *89.208%* (44604/50000) 
Test epoch: 364 | Loss: *0.642* | Acc: *80.690%* (8069/10000)
Train epoch: 365 | Loss: *0.309* | Acc: *89.422%* (44711/50000) 
Test epoch: 365 | Loss: *0.413* | Acc: *86.060%* (8606/10000)
Train epoch: 366 | Loss: *0.318* | Acc: *89.184%* (44592/50000) 
Test epoch: 366 | Loss: *0.478* | Acc: *84.300%* (8430/10000)
Train epoch: 367 | Loss: *0.311* | Acc: *89.318%* (44659/50000) 
Test epoch: 367 | Loss: *0.609* | Acc: *80.690%* (8069/10000)
Train epoch: 368 | Loss: *0.320* | Acc: *88.922%* (44461/50000) 
Test epoch: 368 | Loss: *0.652* | Acc: *79.630%* (7963/10000)
Train epoch: 369 | Loss: *0.322* | Acc: *88.970%* (44485/50000) 
Test epoch: 369 | Loss: *0.454* | Acc: *85.190%* (8519/10000)
Train epoch: 370 | Loss: *0.312* | Acc: *89.202%* (44601/50000) 
Test epoch: 370 | Loss: *0.515* | Acc: *83.730%* (8373/10000)
Train epoch: 371 | Loss: *0.316* | Acc: *89.196%* (44598/50000) 
Test epoch: 371 | Loss: *0.676* | Acc: *79.680%* (7968/10000)
Train epoch: 372 | Loss: *0.320* | Acc: *89.006%* (44503/50000) 
Test epoch: 372 | Loss: *0.486* | Acc: *84.370%* (8437/10000)
Train epoch: 373 | Loss: *0.313* | Acc: *89.118%* (44559/50000) 
Test epoch: 373 | Loss: *0.663* | Acc: *79.450%* (7945/10000)
Train epoch: 374 | Loss: *0.325* | Acc: *88.842%* (44421/50000) 
Test epoch: 374 | Loss: *0.467* | Acc: *84.620%* (8462/10000)
Train epoch: 375 | Loss: *0.321* | Acc: *88.944%* (44472/50000) 
Test epoch: 375 | Loss: *0.507* | Acc: *83.100%* (8310/10000)
Train epoch: 376 | Loss: *0.322* | Acc: *88.948%* (44474/50000) 
Test epoch: 376 | Loss: *0.570* | Acc: *82.280%* (8228/10000)
Train epoch: 377 | Loss: *0.321* | Acc: *89.076%* (44538/50000) 
Test epoch: 377 | Loss: *0.525* | Acc: *83.260%* (8326/10000)
Train epoch: 378 | Loss: *0.317* | Acc: *89.190%* (44595/50000) 
Test epoch: 378 | Loss: *0.401* | Acc: *86.770%* (8677/10000)
Train epoch: 379 | Loss: *0.325* | Acc: *88.942%* (44471/50000) 
Test epoch: 379 | Loss: *0.533* | Acc: *82.850%* (8285/10000)
Train epoch: 380 | Loss: *0.322* | Acc: *88.940%* (44470/50000) 
Test epoch: 380 | Loss: *0.482* | Acc: *83.220%* (8322/10000)
Train epoch: 381 | Loss: *0.327* | Acc: *88.888%* (44444/50000) 
Test epoch: 381 | Loss: *0.489* | Acc: *84.290%* (8429/10000)
Train epoch: 382 | Loss: *0.321* | Acc: *89.104%* (44552/50000) 
Test epoch: 382 | Loss: *0.647* | Acc: *80.550%* (8055/10000)
Train epoch: 383 | Loss: *0.328* | Acc: *88.730%* (44365/50000) 
Test epoch: 383 | Loss: *0.401* | Acc: *86.910%* (8691/10000)
Train epoch: 384 | Loss: *0.325* | Acc: *88.888%* (44444/50000) 
Test epoch: 384 | Loss: *0.518* | Acc: *83.300%* (8330/10000)
Train epoch: 385 | Loss: *0.326* | Acc: *88.904%* (44452/50000) 
Test epoch: 385 | Loss: *0.504* | Acc: *83.640%* (8364/10000)
Train epoch: 386 | Loss: *0.330* | Acc: *88.668%* (44334/50000) 
Test epoch: 386 | Loss: *0.838* | Acc: *75.820%* (7582/10000)
Train epoch: 387 | Loss: *0.332* | Acc: *88.616%* (44308/50000) 
Test epoch: 387 | Loss: *0.632* | Acc: *80.260%* (8026/10000)
Train epoch: 388 | Loss: *0.326* | Acc: *88.846%* (44423/50000) 
Test epoch: 388 | Loss: *0.494* | Acc: *84.330%* (8433/10000)
Train epoch: 389 | Loss: *0.329* | Acc: *88.684%* (44342/50000) 
Test epoch: 389 | Loss: *0.412* | Acc: *86.250%* (8625/10000)
Train epoch: 390 | Loss: *0.325* | Acc: *88.856%* (44428/50000) 
Test epoch: 390 | Loss: *0.659* | Acc: *79.280%* (7928/10000)
Train epoch: 391 | Loss: *0.326* | Acc: *88.752%* (44376/50000) 
Test epoch: 391 | Loss: *0.500* | Acc: *83.590%* (8359/10000)
Train epoch: 392 | Loss: *0.335* | Acc: *88.496%* (44248/50000) 
Test epoch: 392 | Loss: *0.426* | Acc: *85.430%* (8543/10000)
Train epoch: 393 | Loss: *0.325* | Acc: *88.866%* (44433/50000) 
Test epoch: 393 | Loss: *0.773* | Acc: *76.680%* (7668/10000)
Train epoch: 394 | Loss: *0.332* | Acc: *88.680%* (44340/50000) 
Test epoch: 394 | Loss: *0.702* | Acc: *78.380%* (7838/10000)
Train epoch: 395 | Loss: *0.330* | Acc: *88.600%* (44300/50000) 
Test epoch: 395 | Loss: *0.633* | Acc: *79.850%* (7985/10000)
Train epoch: 396 | Loss: *0.331* | Acc: *88.552%* (44276/50000) 
Test epoch: 396 | Loss: *0.530* | Acc: *82.510%* (8251/10000)
Train epoch: 397 | Loss: *0.329* | Acc: *88.860%* (44430/50000) 
Test epoch: 397 | Loss: *0.657* | Acc: *79.700%* (7970/10000)
Train epoch: 398 | Loss: *0.330* | Acc: *88.666%* (44333/50000) 
Test epoch: 398 | Loss: *0.505* | Acc: *83.490%* (8349/10000)
Train epoch: 399 | Loss: *0.327* | Acc: *88.762%* (44381/50000) 
Test epoch: 399 | Loss: *0.420* | Acc: *85.540%* (8554/10000)
Train epoch: 400 | Loss: *0.328* | Acc: *88.766%* (44383/50000) 
Test epoch: 400 | Loss: *0.516* | Acc: *83.410%* (8341/10000)
Train epoch: 401 | Loss: *0.332* | Acc: *88.598%* (44299/50000) 
Test epoch: 401 | Loss: *0.639* | Acc: *81.080%* (8108/10000)
Train epoch: 402 | Loss: *0.331* | Acc: *88.620%* (44310/50000) 
Test epoch: 402 | Loss: *1.049* | Acc: *69.380%* (6938/10000)
Train epoch: 403 | Loss: *0.332* | Acc: *88.596%* (44298/50000) 
Test epoch: 403 | Loss: *0.495* | Acc: *84.210%* (8421/10000)
Train epoch: 404 | Loss: *0.329* | Acc: *88.912%* (44456/50000) 
Test epoch: 404 | Loss: *0.442* | Acc: *85.330%* (8533/10000)
Train epoch: 405 | Loss: *0.332* | Acc: *88.600%* (44300/50000) 
Test epoch: 405 | Loss: *0.488* | Acc: *83.820%* (8382/10000)
Train epoch: 406 | Loss: *0.332* | Acc: *88.584%* (44292/50000) 
Test epoch: 406 | Loss: *0.496* | Acc: *83.550%* (8355/10000)
Train epoch: 407 | Loss: *0.335* | Acc: *88.452%* (44226/50000) 
Test epoch: 407 | Loss: *0.459* | Acc: *85.720%* (8572/10000)
Train epoch: 408 | Loss: *0.329* | Acc: *88.602%* (44301/50000) 
Test epoch: 408 | Loss: *0.607* | Acc: *79.430%* (7943/10000)
Train epoch: 409 | Loss: *0.326* | Acc: *88.742%* (44371/50000) 
Test epoch: 409 | Loss: *0.550* | Acc: *82.450%* (8245/10000)
Train epoch: 410 | Loss: *0.331* | Acc: *88.624%* (44312/50000) 
Test epoch: 410 | Loss: *0.624* | Acc: *80.030%* (8003/10000)
Train epoch: 411 | Loss: *0.329* | Acc: *88.538%* (44269/50000) 
Test epoch: 411 | Loss: *0.492* | Acc: *84.120%* (8412/10000)
Train epoch: 412 | Loss: *0.328* | Acc: *88.716%* (44358/50000) 
Test epoch: 412 | Loss: *0.668* | Acc: *79.940%* (7994/10000)
Train epoch: 413 | Loss: *0.330* | Acc: *88.680%* (44340/50000) 
Test epoch: 413 | Loss: *1.147* | Acc: *69.050%* (6905/10000)
Train epoch: 414 | Loss: *0.328* | Acc: *88.738%* (44369/50000) 
Test epoch: 414 | Loss: *0.717* | Acc: *78.320%* (7832/10000)
Train epoch: 415 | Loss: *0.320* | Acc: *89.176%* (44588/50000) 
Test epoch: 415 | Loss: *0.570* | Acc: *81.650%* (8165/10000)
Train epoch: 416 | Loss: *0.330* | Acc: *88.702%* (44351/50000) 
Test epoch: 416 | Loss: *0.546* | Acc: *82.700%* (8270/10000)
Train epoch: 417 | Loss: *0.320* | Acc: *89.104%* (44552/50000) 
Test epoch: 417 | Loss: *0.556* | Acc: *82.720%* (8272/10000)
Train epoch: 418 | Loss: *0.326* | Acc: *88.868%* (44434/50000) 
Test epoch: 418 | Loss: *0.443* | Acc: *85.150%* (8515/10000)
Train epoch: 419 | Loss: *0.323* | Acc: *88.922%* (44461/50000) 
Test epoch: 419 | Loss: *0.529* | Acc: *82.600%* (8260/10000)
Train epoch: 420 | Loss: *0.330* | Acc: *88.672%* (44336/50000) 
Test epoch: 420 | Loss: *0.444* | Acc: *85.100%* (8510/10000)
Train epoch: 421 | Loss: *0.326* | Acc: *88.694%* (44347/50000) 
Test epoch: 421 | Loss: *0.500* | Acc: *84.110%* (8411/10000)
Train epoch: 422 | Loss: *0.326* | Acc: *88.810%* (44405/50000) 
Test epoch: 422 | Loss: *0.453* | Acc: *85.870%* (8587/10000)
Train epoch: 423 | Loss: *0.323* | Acc: *89.026%* (44513/50000) 
Test epoch: 423 | Loss: *0.432* | Acc: *86.000%* (8600/10000)
Train epoch: 424 | Loss: *0.323* | Acc: *88.832%* (44416/50000) 
Test epoch: 424 | Loss: *0.609* | Acc: *80.960%* (8096/10000)
Train epoch: 425 | Loss: *0.325* | Acc: *88.838%* (44419/50000) 
Test epoch: 425 | Loss: *0.581* | Acc: *80.830%* (8083/10000)
Train epoch: 426 | Loss: *0.319* | Acc: *89.124%* (44562/50000) 
Test epoch: 426 | Loss: *0.528* | Acc: *83.030%* (8303/10000)
Train epoch: 427 | Loss: *0.325* | Acc: *88.798%* (44399/50000) 
Test epoch: 427 | Loss: *0.584* | Acc: *81.230%* (8123/10000)
Train epoch: 428 | Loss: *0.321* | Acc: *88.902%* (44451/50000) 
Test epoch: 428 | Loss: *0.540* | Acc: *82.500%* (8250/10000)
Train epoch: 429 | Loss: *0.318* | Acc: *89.214%* (44607/50000) 
Test epoch: 429 | Loss: *0.882* | Acc: *73.090%* (7309/10000)
Train epoch: 430 | Loss: *0.317* | Acc: *89.134%* (44567/50000) 
Test epoch: 430 | Loss: *0.447* | Acc: *84.780%* (8478/10000)
Train epoch: 431 | Loss: *0.315* | Acc: *89.206%* (44603/50000) 
Test epoch: 431 | Loss: *0.827* | Acc: *74.790%* (7479/10000)
Train epoch: 432 | Loss: *0.319* | Acc: *88.950%* (44475/50000) 
Test epoch: 432 | Loss: *0.753* | Acc: *77.860%* (7786/10000)
Train epoch: 433 | Loss: *0.319* | Acc: *89.150%* (44575/50000) 
Test epoch: 433 | Loss: *0.444* | Acc: *85.340%* (8534/10000)
Train epoch: 434 | Loss: *0.320* | Acc: *88.954%* (44477/50000) 
Test epoch: 434 | Loss: *0.515* | Acc: *83.240%* (8324/10000)
Train epoch: 435 | Loss: *0.317* | Acc: *88.952%* (44476/50000) 
Test epoch: 435 | Loss: *0.496* | Acc: *83.960%* (8396/10000)
Train epoch: 436 | Loss: *0.308* | Acc: *89.430%* (44715/50000) 
Test epoch: 436 | Loss: *0.488* | Acc: *84.730%* (8473/10000)
Train epoch: 437 | Loss: *0.310* | Acc: *89.284%* (44642/50000) 
Test epoch: 437 | Loss: *0.521* | Acc: *83.050%* (8305/10000)
Train epoch: 438 | Loss: *0.310* | Acc: *89.326%* (44663/50000) 
Test epoch: 438 | Loss: *0.415* | Acc: *86.400%* (8640/10000)
Train epoch: 439 | Loss: *0.311* | Acc: *89.304%* (44652/50000) 
Test epoch: 439 | Loss: *0.412* | Acc: *86.150%* (8615/10000)
Train epoch: 440 | Loss: *0.310* | Acc: *89.226%* (44613/50000) 
Test epoch: 440 | Loss: *0.450* | Acc: *85.290%* (8529/10000)
Train epoch: 441 | Loss: *0.312* | Acc: *89.268%* (44634/50000) 
Test epoch: 441 | Loss: *0.484* | Acc: *83.950%* (8395/10000)
Train epoch: 442 | Loss: *0.308* | Acc: *89.436%* (44718/50000) 
Test epoch: 442 | Loss: *0.439* | Acc: *85.770%* (8577/10000)
Train epoch: 443 | Loss: *0.303* | Acc: *89.566%* (44783/50000) 
Test epoch: 443 | Loss: *0.428* | Acc: *85.990%* (8599/10000)
Train epoch: 444 | Loss: *0.308* | Acc: *89.364%* (44682/50000) 
Test epoch: 444 | Loss: *0.495* | Acc: *83.320%* (8332/10000)
Train epoch: 445 | Loss: *0.303* | Acc: *89.636%* (44818/50000) 
Test epoch: 445 | Loss: *0.548* | Acc: *82.780%* (8278/10000)
Train epoch: 446 | Loss: *0.305* | Acc: *89.582%* (44791/50000) 
Test epoch: 446 | Loss: *0.472* | Acc: *84.430%* (8443/10000)
Train epoch: 447 | Loss: *0.298* | Acc: *89.762%* (44881/50000) 
Test epoch: 447 | Loss: *0.593* | Acc: *82.060%* (8206/10000)
Train epoch: 448 | Loss: *0.303* | Acc: *89.590%* (44795/50000) 
Test epoch: 448 | Loss: *0.574* | Acc: *82.020%* (8202/10000)
Train epoch: 449 | Loss: *0.306* | Acc: *89.450%* (44725/50000) 
Test epoch: 449 | Loss: *0.571* | Acc: *81.900%* (8190/10000)
Train epoch: 450 | Loss: *0.303* | Acc: *89.520%* (44760/50000) 
Test epoch: 450 | Loss: *0.469* | Acc: *85.100%* (8510/10000)
Train epoch: 451 | Loss: *0.297* | Acc: *89.784%* (44892/50000) 
Test epoch: 451 | Loss: *0.585* | Acc: *82.150%* (8215/10000)
Train epoch: 452 | Loss: *0.294* | Acc: *89.998%* (44999/50000) 
Test epoch: 452 | Loss: *0.517* | Acc: *83.400%* (8340/10000)
Train epoch: 453 | Loss: *0.296* | Acc: *89.830%* (44915/50000) 
Test epoch: 453 | Loss: *0.682* | Acc: *79.900%* (7990/10000)
Train epoch: 454 | Loss: *0.297* | Acc: *89.696%* (44848/50000) 
Test epoch: 454 | Loss: *0.494* | Acc: *83.930%* (8393/10000)
Train epoch: 455 | Loss: *0.294* | Acc: *89.756%* (44878/50000) 
Test epoch: 455 | Loss: *0.434* | Acc: *85.890%* (8589/10000)
Train epoch: 456 | Loss: *0.287* | Acc: *90.220%* (45110/50000) 
Test epoch: 456 | Loss: *0.546* | Acc: *82.230%* (8223/10000)
Train epoch: 457 | Loss: *0.292* | Acc: *90.056%* (45028/50000) 
Test epoch: 457 | Loss: *0.468* | Acc: *84.830%* (8483/10000)
Train epoch: 458 | Loss: *0.288* | Acc: *90.036%* (45018/50000) 
Test epoch: 458 | Loss: *0.580* | Acc: *82.350%* (8235/10000)
Train epoch: 459 | Loss: *0.287* | Acc: *90.146%* (45073/50000) 
Test epoch: 459 | Loss: *0.509* | Acc: *83.440%* (8344/10000)
Train epoch: 460 | Loss: *0.286* | Acc: *90.188%* (45094/50000) 
Test epoch: 460 | Loss: *0.349* | Acc: *87.820%* (8782/10000)
Train epoch: 461 | Loss: *0.281* | Acc: *90.314%* (45157/50000) 
Test epoch: 461 | Loss: *0.492* | Acc: *84.150%* (8415/10000)
Train epoch: 462 | Loss: *0.288* | Acc: *90.020%* (45010/50000) 
Test epoch: 462 | Loss: *0.483* | Acc: *84.860%* (8486/10000)
Train epoch: 463 | Loss: *0.276* | Acc: *90.556%* (45278/50000) 
Test epoch: 463 | Loss: *0.394* | Acc: *86.950%* (8695/10000)
Train epoch: 464 | Loss: *0.276* | Acc: *90.606%* (45303/50000) 
Test epoch: 464 | Loss: *0.528* | Acc: *82.560%* (8256/10000)
Train epoch: 465 | Loss: *0.278* | Acc: *90.548%* (45274/50000) 
Test epoch: 465 | Loss: *0.476* | Acc: *84.540%* (8454/10000)
Train epoch: 466 | Loss: *0.277* | Acc: *90.578%* (45289/50000) 
Test epoch: 466 | Loss: *0.478* | Acc: *84.730%* (8473/10000)
Train epoch: 467 | Loss: *0.274* | Acc: *90.590%* (45295/50000) 
Test epoch: 467 | Loss: *0.523* | Acc: *83.500%* (8350/10000)
Train epoch: 468 | Loss: *0.277* | Acc: *90.460%* (45230/50000) 
Test epoch: 468 | Loss: *0.457* | Acc: *84.480%* (8448/10000)
Train epoch: 469 | Loss: *0.271* | Acc: *90.636%* (45318/50000) 
Test epoch: 469 | Loss: *0.568* | Acc: *82.260%* (8226/10000)
Train epoch: 470 | Loss: *0.268* | Acc: *90.734%* (45367/50000) 
Test epoch: 470 | Loss: *0.529* | Acc: *83.750%* (8375/10000)
Train epoch: 471 | Loss: *0.272* | Acc: *90.650%* (45325/50000) 
Test epoch: 471 | Loss: *0.394* | Acc: *87.070%* (8707/10000)
Train epoch: 472 | Loss: *0.263* | Acc: *90.992%* (45496/50000) 
Test epoch: 472 | Loss: *0.604* | Acc: *82.470%* (8247/10000)
Train epoch: 473 | Loss: *0.268* | Acc: *90.818%* (45409/50000) 
Test epoch: 473 | Loss: *0.417* | Acc: *86.390%* (8639/10000)
Train epoch: 474 | Loss: *0.263* | Acc: *90.840%* (45420/50000) 
Test epoch: 474 | Loss: *0.444* | Acc: *85.250%* (8525/10000)
Train epoch: 475 | Loss: *0.259* | Acc: *91.008%* (45504/50000) 
Test epoch: 475 | Loss: *0.374* | Acc: *88.240%* (8824/10000)
Train epoch: 476 | Loss: *0.257* | Acc: *91.032%* (45516/50000) 
Test epoch: 476 | Loss: *0.446* | Acc: *85.810%* (8581/10000)
Train epoch: 477 | Loss: *0.259* | Acc: *91.068%* (45534/50000) 
Test epoch: 477 | Loss: *0.390* | Acc: *87.200%* (8720/10000)
Train epoch: 478 | Loss: *0.254* | Acc: *91.340%* (45670/50000) 
Test epoch: 478 | Loss: *0.564* | Acc: *82.750%* (8275/10000)
Train epoch: 479 | Loss: *0.249* | Acc: *91.488%* (45744/50000) 
Test epoch: 479 | Loss: *0.427* | Acc: *86.300%* (8630/10000)
Train epoch: 480 | Loss: *0.258* | Acc: *91.120%* (45560/50000) 
Test epoch: 480 | Loss: *0.588* | Acc: *81.170%* (8117/10000)
Train epoch: 481 | Loss: *0.252* | Acc: *91.380%* (45690/50000) 
Test epoch: 481 | Loss: *0.456* | Acc: *85.650%* (8565/10000)
Train epoch: 482 | Loss: *0.245* | Acc: *91.616%* (45808/50000) 
Test epoch: 482 | Loss: *0.369* | Acc: *87.810%* (8781/10000)
Train epoch: 483 | Loss: *0.242* | Acc: *91.760%* (45880/50000) 
Test epoch: 483 | Loss: *0.475* | Acc: *85.240%* (8524/10000)
Train epoch: 484 | Loss: *0.244* | Acc: *91.496%* (45748/50000) 
Test epoch: 484 | Loss: *0.399* | Acc: *86.920%* (8692/10000)
Train epoch: 485 | Loss: *0.243* | Acc: *91.586%* (45793/50000) 
Test epoch: 485 | Loss: *0.454* | Acc: *85.930%* (8593/10000)
Train epoch: 486 | Loss: *0.238* | Acc: *91.890%* (45945/50000) 
Test epoch: 486 | Loss: *0.455* | Acc: *86.180%* (8618/10000)
Train epoch: 487 | Loss: *0.243* | Acc: *91.728%* (45864/50000) 
Test epoch: 487 | Loss: *0.427* | Acc: *85.900%* (8590/10000)
Train epoch: 488 | Loss: *0.237* | Acc: *91.852%* (45926/50000) 
Test epoch: 488 | Loss: *0.450* | Acc: *85.750%* (8575/10000)
Train epoch: 489 | Loss: *0.227* | Acc: *92.190%* (46095/50000) 
Test epoch: 489 | Loss: *0.425* | Acc: *86.760%* (8676/10000)
Train epoch: 490 | Loss: *0.227* | Acc: *92.132%* (46066/50000) 
Test epoch: 490 | Loss: *0.443* | Acc: *85.600%* (8560/10000)
Train epoch: 491 | Loss: *0.230* | Acc: *92.154%* (46077/50000) 
Test epoch: 491 | Loss: *0.475* | Acc: *85.820%* (8582/10000)
Train epoch: 492 | Loss: *0.226* | Acc: *92.238%* (46119/50000) 
Test epoch: 492 | Loss: *0.491* | Acc: *85.040%* (8504/10000)
Train epoch: 493 | Loss: *0.223* | Acc: *92.278%* (46139/50000) 
Test epoch: 493 | Loss: *0.415* | Acc: *86.580%* (8658/10000)
Train epoch: 494 | Loss: *0.217* | Acc: *92.494%* (46247/50000) 
Test epoch: 494 | Loss: *0.451* | Acc: *86.030%* (8603/10000)
Train epoch: 495 | Loss: *0.223* | Acc: *92.314%* (46157/50000) 
Test epoch: 495 | Loss: *0.420* | Acc: *86.580%* (8658/10000)
Train epoch: 496 | Loss: *0.216* | Acc: *92.574%* (46287/50000) 
Test epoch: 496 | Loss: *0.487* | Acc: *85.100%* (8510/10000)
Train epoch: 497 | Loss: *0.214* | Acc: *92.614%* (46307/50000) 
Test epoch: 497 | Loss: *0.520* | Acc: *83.580%* (8358/10000)
Train epoch: 498 | Loss: *0.210* | Acc: *92.870%* (46435/50000) 
Test epoch: 498 | Loss: *0.483* | Acc: *85.640%* (8564/10000)
Train epoch: 499 | Loss: *0.208* | Acc: *92.844%* (46422/50000) 
Test epoch: 499 | Loss: *0.467* | Acc: *85.950%* (8595/10000)
Train epoch: 500 | Loss: *0.208* | Acc: *92.854%* (46427/50000) 
Test epoch: 500 | Loss: *0.517* | Acc: *83.920%* (8392/10000)
Best test accuracy: *94.610%*, loss: *0.19242913525551558*, at epoch: *224*.
==> Execution time summary of 500 epoch(s).
Train data loading time: sum. *233.33281152229756* secs | avg. *0.46666562304459513* secs per epoch.
Train training time: sum. *1031.8360115103424* secs | avg. *2.063672023020685* secs per epoch.
Train total time: sum. *1265.16882303264* secs | avg. *2.5303376460652798* secs per epoch.
Test data loading time: sum. *100.91954783909023* secs | avg. *0.20183909567818045* secs per epoch.
Test training time: sum. *78.14363102801144* secs | avg. *0.1562872620560229* secs per epoch.
Test total time: sum. *179.06317886710167* secs | avg. *0.3581263577342033* secs per epoch.
Total data loading time: sum. *334.2523593613878* secs | avg. *0.6685047187227756* secs per epoch.
Total training time: sum. *1109.9796425383538* secs | avg. *2.219959285076708* secs per epoch.
Total running time: sum. *1444.2320018997416* secs | avg. *2.8884640037994833* secs per epoch.
==> Number of GPU device: 1
==> Device #0 Memory Usage
==> Allocated: 0.1 GB
==> Cached:    1.4 GB
==> Maximum: 1.4 GB
