==> Running on : cuda
==> Number of CPU: 48
==> Number of workers: 2
==> #Epochs: 500, #Layers: 4, #Blocks: [2, 1, 1, 1], In channel: 64, Input layer conv kernel: 9x9, Residual layer conv kernel 3x3, Skip kernel: 1x1, Input layer conv padding: 4, Residual layer conv padding: 1
==> Optimizer is Adagrad
==> Learning rate: 0.01
==> Weight decay: 0.0005
==>Trainable Parameters: 4991050
==>Other Parameters: 0
==>Augmentation: None
Files already downloaded and verified
Train epoch: 1 | Loss: *1.645* | Acc: *39.546%* (19773/50000) 
Test epoch: 1 | Loss: *1.410* | Acc: *48.020%* (4802/10000)
Train epoch: 2 | Loss: *1.267* | Acc: *54.132%* (27066/50000) 
Test epoch: 2 | Loss: *1.565* | Acc: *44.070%* (4407/10000)
Train epoch: 3 | Loss: *1.055* | Acc: *62.562%* (31281/50000) 
Test epoch: 3 | Loss: *1.085* | Acc: *61.670%* (6167/10000)
Train epoch: 4 | Loss: *0.891* | Acc: *68.580%* (34290/50000) 
Test epoch: 4 | Loss: *1.319* | Acc: *56.520%* (5652/10000)
Train epoch: 5 | Loss: *0.762* | Acc: *73.304%* (36652/50000) 
Test epoch: 5 | Loss: *1.127* | Acc: *61.690%* (6169/10000)
Train epoch: 6 | Loss: *0.647* | Acc: *77.676%* (38838/50000) 
Test epoch: 6 | Loss: *0.952* | Acc: *67.170%* (6717/10000)
Train epoch: 7 | Loss: *0.540* | Acc: *81.378%* (40689/50000) 
Test epoch: 7 | Loss: *0.971* | Acc: *65.840%* (6584/10000)
Train epoch: 8 | Loss: *0.431* | Acc: *85.144%* (42572/50000) 
Test epoch: 8 | Loss: *1.115* | Acc: *65.150%* (6515/10000)
Train epoch: 9 | Loss: *0.324* | Acc: *89.226%* (44613/50000) 
Test epoch: 9 | Loss: *0.950* | Acc: *70.980%* (7098/10000)
Train epoch: 10 | Loss: *0.212* | Acc: *93.506%* (46753/50000) 
Test epoch: 10 | Loss: *1.009* | Acc: *69.690%* (6969/10000)
Train epoch: 11 | Loss: *0.128* | Acc: *96.472%* (48236/50000) 
Test epoch: 11 | Loss: *0.943* | Acc: *72.590%* (7259/10000)
Train epoch: 12 | Loss: *0.069* | Acc: *98.592%* (49296/50000) 
Test epoch: 12 | Loss: *1.002* | Acc: *71.730%* (7173/10000)
Train epoch: 13 | Loss: *0.037* | Acc: *99.442%* (49721/50000) 
Test epoch: 13 | Loss: *1.166* | Acc: *70.690%* (7069/10000)
Train epoch: 14 | Loss: *0.019* | Acc: *99.874%* (49937/50000) 
Test epoch: 14 | Loss: *0.869* | Acc: *76.230%* (7623/10000)
Train epoch: 15 | Loss: *0.008* | Acc: *99.988%* (49994/50000) 
Test epoch: 15 | Loss: *0.804* | Acc: *78.200%* (7820/10000)
Train epoch: 16 | Loss: *0.006* | Acc: *99.982%* (49991/50000) 
Test epoch: 16 | Loss: *0.865* | Acc: *76.300%* (7630/10000)
Train epoch: 17 | Loss: *0.006* | Acc: *99.974%* (49987/50000) 
Test epoch: 17 | Loss: *0.789* | Acc: *78.070%* (7807/10000)
Train epoch: 18 | Loss: *0.004* | Acc: *99.996%* (49998/50000) 
Test epoch: 18 | Loss: *0.799* | Acc: *77.920%* (7792/10000)
Train epoch: 19 | Loss: *0.004* | Acc: *100.000%* (50000/50000) 
Test epoch: 19 | Loss: *0.791* | Acc: *78.280%* (7828/10000)
Train epoch: 20 | Loss: *0.003* | Acc: *100.000%* (50000/50000) 
Test epoch: 20 | Loss: *0.793* | Acc: *77.590%* (7759/10000)
Train epoch: 21 | Loss: *0.003* | Acc: *100.000%* (50000/50000) 
Test epoch: 21 | Loss: *0.796* | Acc: *77.490%* (7749/10000)
Train epoch: 22 | Loss: *0.068* | Acc: *97.928%* (48964/50000) 
Test epoch: 22 | Loss: *1.314* | Acc: *64.800%* (6480/10000)
Train epoch: 23 | Loss: *0.175* | Acc: *94.458%* (47229/50000) 
Test epoch: 23 | Loss: *1.790* | Acc: *57.880%* (5788/10000)
Train epoch: 24 | Loss: *0.053* | Acc: *98.970%* (49485/50000) 
Test epoch: 24 | Loss: *1.095* | Acc: *71.690%* (7169/10000)
Train epoch: 25 | Loss: *0.015* | Acc: *99.914%* (49957/50000) 
Test epoch: 25 | Loss: *0.817* | Acc: *77.400%* (7740/10000)
Train epoch: 26 | Loss: *0.005* | Acc: *100.000%* (50000/50000) 
Test epoch: 26 | Loss: *0.786* | Acc: *78.080%* (7808/10000)
Train epoch: 27 | Loss: *0.004* | Acc: *100.000%* (50000/50000) 
Test epoch: 27 | Loss: *0.782* | Acc: *78.150%* (7815/10000)
Train epoch: 28 | Loss: *0.003* | Acc: *100.000%* (50000/50000) 
Test epoch: 28 | Loss: *0.784* | Acc: *78.260%* (7826/10000)
Train epoch: 29 | Loss: *0.003* | Acc: *100.000%* (50000/50000) 
Test epoch: 29 | Loss: *0.777* | Acc: *78.280%* (7828/10000)
Train epoch: 30 | Loss: *0.003* | Acc: *100.000%* (50000/50000) 
Test epoch: 30 | Loss: *0.779* | Acc: *78.140%* (7814/10000)
Train epoch: 31 | Loss: *0.003* | Acc: *100.000%* (50000/50000) 
Test epoch: 31 | Loss: *0.778* | Acc: *78.050%* (7805/10000)
Train epoch: 32 | Loss: *0.003* | Acc: *100.000%* (50000/50000) 
Test epoch: 32 | Loss: *0.773* | Acc: *78.250%* (7825/10000)
Train epoch: 33 | Loss: *0.003* | Acc: *100.000%* (50000/50000) 
Test epoch: 33 | Loss: *0.769* | Acc: *78.150%* (7815/10000)
Train epoch: 34 | Loss: *0.003* | Acc: *100.000%* (50000/50000) 
Test epoch: 34 | Loss: *0.766* | Acc: *78.020%* (7802/10000)
Train epoch: 35 | Loss: *0.003* | Acc: *100.000%* (50000/50000) 
Test epoch: 35 | Loss: *0.763* | Acc: *78.190%* (7819/10000)
Train epoch: 36 | Loss: *0.003* | Acc: *100.000%* (50000/50000) 
Test epoch: 36 | Loss: *0.760* | Acc: *77.960%* (7796/10000)
Train epoch: 37 | Loss: *0.003* | Acc: *100.000%* (50000/50000) 
Test epoch: 37 | Loss: *0.768* | Acc: *77.700%* (7770/10000)
Train epoch: 38 | Loss: *0.003* | Acc: *100.000%* (50000/50000) 
Test epoch: 38 | Loss: *0.757* | Acc: *78.220%* (7822/10000)
Train epoch: 39 | Loss: *0.003* | Acc: *100.000%* (50000/50000) 
Test epoch: 39 | Loss: *0.761* | Acc: *78.130%* (7813/10000)
Train epoch: 40 | Loss: *0.190* | Acc: *94.186%* (47093/50000) 
Test epoch: 40 | Loss: *1.600* | Acc: *61.960%* (6196/10000)
Train epoch: 41 | Loss: *0.047* | Acc: *99.244%* (49622/50000) 
Test epoch: 41 | Loss: *0.875* | Acc: *74.980%* (7498/10000)
Train epoch: 42 | Loss: *0.011* | Acc: *99.964%* (49982/50000) 
Test epoch: 42 | Loss: *0.817* | Acc: *76.560%* (7656/10000)
Train epoch: 43 | Loss: *0.005* | Acc: *100.000%* (50000/50000) 
Test epoch: 43 | Loss: *0.765* | Acc: *77.960%* (7796/10000)
Train epoch: 44 | Loss: *0.004* | Acc: *100.000%* (50000/50000) 
Test epoch: 44 | Loss: *0.760* | Acc: *78.220%* (7822/10000)
Train epoch: 45 | Loss: *0.003* | Acc: *100.000%* (50000/50000) 
Test epoch: 45 | Loss: *0.754* | Acc: *78.130%* (7813/10000)
Train epoch: 46 | Loss: *0.003* | Acc: *100.000%* (50000/50000) 
Test epoch: 46 | Loss: *0.756* | Acc: *77.980%* (7798/10000)
Train epoch: 47 | Loss: *0.003* | Acc: *100.000%* (50000/50000) 
Test epoch: 47 | Loss: *0.754* | Acc: *78.160%* (7816/10000)
Train epoch: 48 | Loss: *0.003* | Acc: *100.000%* (50000/50000) 
Test epoch: 48 | Loss: *0.751* | Acc: *78.140%* (7814/10000)
Train epoch: 49 | Loss: *0.003* | Acc: *100.000%* (50000/50000) 
Test epoch: 49 | Loss: *0.747* | Acc: *78.070%* (7807/10000)
Train epoch: 50 | Loss: *0.003* | Acc: *100.000%* (50000/50000) 
Test epoch: 50 | Loss: *0.744* | Acc: *78.080%* (7808/10000)
Train epoch: 51 | Loss: *0.003* | Acc: *100.000%* (50000/50000) 
Test epoch: 51 | Loss: *0.751* | Acc: *78.040%* (7804/10000)
Train epoch: 52 | Loss: *0.003* | Acc: *100.000%* (50000/50000) 
Test epoch: 52 | Loss: *0.741* | Acc: *78.230%* (7823/10000)
Train epoch: 53 | Loss: *0.003* | Acc: *100.000%* (50000/50000) 
Test epoch: 53 | Loss: *0.738* | Acc: *77.820%* (7782/10000)
Train epoch: 54 | Loss: *0.003* | Acc: *100.000%* (50000/50000) 
Test epoch: 54 | Loss: *0.737* | Acc: *78.150%* (7815/10000)
Train epoch: 55 | Loss: *0.003* | Acc: *100.000%* (50000/50000) 
Test epoch: 55 | Loss: *0.735* | Acc: *78.080%* (7808/10000)
Train epoch: 56 | Loss: *0.003* | Acc: *100.000%* (50000/50000) 
Test epoch: 56 | Loss: *0.735* | Acc: *78.230%* (7823/10000)
Train epoch: 57 | Loss: *0.003* | Acc: *100.000%* (50000/50000) 
Test epoch: 57 | Loss: *0.732* | Acc: *78.110%* (7811/10000)
Train epoch: 58 | Loss: *0.003* | Acc: *100.000%* (50000/50000) 
Test epoch: 58 | Loss: *0.733* | Acc: *78.230%* (7823/10000)
Train epoch: 59 | Loss: *0.014* | Acc: *99.738%* (49869/50000) 
Test epoch: 59 | Loss: *0.815* | Acc: *74.810%* (7481/10000)
Train epoch: 60 | Loss: *0.021* | Acc: *99.800%* (49900/50000) 
Test epoch: 60 | Loss: *0.954* | Acc: *72.910%* (7291/10000)
Train epoch: 61 | Loss: *0.005* | Acc: *99.996%* (49998/50000) 
Test epoch: 61 | Loss: *0.749* | Acc: *77.680%* (7768/10000)
Train epoch: 62 | Loss: *0.003* | Acc: *100.000%* (50000/50000) 
Test epoch: 62 | Loss: *0.741* | Acc: *77.960%* (7796/10000)
Train epoch: 63 | Loss: *0.003* | Acc: *100.000%* (50000/50000) 
Test epoch: 63 | Loss: *0.745* | Acc: *77.950%* (7795/10000)
Train epoch: 64 | Loss: *0.003* | Acc: *100.000%* (50000/50000) 
Test epoch: 64 | Loss: *0.737* | Acc: *77.720%* (7772/10000)
Train epoch: 65 | Loss: *0.002* | Acc: *100.000%* (50000/50000) 
Test epoch: 65 | Loss: *0.738* | Acc: *78.140%* (7814/10000)
Train epoch: 66 | Loss: *0.002* | Acc: *100.000%* (50000/50000) 
Test epoch: 66 | Loss: *0.735* | Acc: *77.910%* (7791/10000)
Train epoch: 67 | Loss: *0.049* | Acc: *98.944%* (49472/50000) 
Test epoch: 67 | Loss: *0.942* | Acc: *72.620%* (7262/10000)
Train epoch: 68 | Loss: *0.080* | Acc: *98.270%* (49135/50000) 
Test epoch: 68 | Loss: *0.951* | Acc: *72.260%* (7226/10000)
Train epoch: 69 | Loss: *0.020* | Acc: *99.844%* (49922/50000) 
Test epoch: 69 | Loss: *0.780* | Acc: *77.230%* (7723/10000)
Train epoch: 70 | Loss: *0.005* | Acc: *99.998%* (49999/50000) 
Test epoch: 70 | Loss: *0.757* | Acc: *78.120%* (7812/10000)
Train epoch: 71 | Loss: *0.004* | Acc: *100.000%* (50000/50000) 
Test epoch: 71 | Loss: *0.748* | Acc: *78.380%* (7838/10000)
Train epoch: 72 | Loss: *0.003* | Acc: *100.000%* (50000/50000) 
Test epoch: 72 | Loss: *0.748* | Acc: *78.400%* (7840/10000)
Train epoch: 73 | Loss: *0.003* | Acc: *100.000%* (50000/50000) 
Test epoch: 73 | Loss: *0.749* | Acc: *78.660%* (7866/10000)
Train epoch: 74 | Loss: *0.003* | Acc: *100.000%* (50000/50000) 
Test epoch: 74 | Loss: *0.743* | Acc: *78.420%* (7842/10000)
Train epoch: 75 | Loss: *0.002* | Acc: *100.000%* (50000/50000) 
Test epoch: 75 | Loss: *0.745* | Acc: *78.470%* (7847/10000)
Train epoch: 76 | Loss: *0.002* | Acc: *100.000%* (50000/50000) 
Test epoch: 76 | Loss: *0.742* | Acc: *78.570%* (7857/10000)
Train epoch: 77 | Loss: *0.002* | Acc: *100.000%* (50000/50000) 
Test epoch: 77 | Loss: *0.743* | Acc: *78.500%* (7850/10000)
Train epoch: 78 | Loss: *0.002* | Acc: *100.000%* (50000/50000) 
Test epoch: 78 | Loss: *0.736* | Acc: *78.530%* (7853/10000)
Train epoch: 79 | Loss: *0.002* | Acc: *100.000%* (50000/50000) 
Test epoch: 79 | Loss: *0.734* | Acc: *78.670%* (7867/10000)
Train epoch: 80 | Loss: *0.002* | Acc: *100.000%* (50000/50000) 
Test epoch: 80 | Loss: *0.738* | Acc: *78.560%* (7856/10000)
Train epoch: 81 | Loss: *0.002* | Acc: *100.000%* (50000/50000) 
Test epoch: 81 | Loss: *0.734* | Acc: *78.750%* (7875/10000)
Train epoch: 82 | Loss: *0.002* | Acc: *100.000%* (50000/50000) 
Test epoch: 82 | Loss: *0.732* | Acc: *78.460%* (7846/10000)
Train epoch: 83 | Loss: *0.002* | Acc: *100.000%* (50000/50000) 
Test epoch: 83 | Loss: *0.730* | Acc: *78.520%* (7852/10000)
Train epoch: 84 | Loss: *0.002* | Acc: *100.000%* (50000/50000) 
Test epoch: 84 | Loss: *0.726* | Acc: *78.420%* (7842/10000)
Train epoch: 85 | Loss: *0.002* | Acc: *100.000%* (50000/50000) 
Test epoch: 85 | Loss: *0.724* | Acc: *78.590%* (7859/10000)
Train epoch: 86 | Loss: *0.002* | Acc: *100.000%* (50000/50000) 
Test epoch: 86 | Loss: *0.725* | Acc: *78.510%* (7851/10000)
Train epoch: 87 | Loss: *0.002* | Acc: *100.000%* (50000/50000) 
Test epoch: 87 | Loss: *0.722* | Acc: *78.390%* (7839/10000)
Train epoch: 88 | Loss: *0.002* | Acc: *100.000%* (50000/50000) 
Test epoch: 88 | Loss: *0.723* | Acc: *78.430%* (7843/10000)
Train epoch: 89 | Loss: *0.002* | Acc: *100.000%* (50000/50000) 
Test epoch: 89 | Loss: *0.726* | Acc: *78.560%* (7856/10000)
Train epoch: 90 | Loss: *0.002* | Acc: *100.000%* (50000/50000) 
Test epoch: 90 | Loss: *0.747* | Acc: *77.450%* (7745/10000)
Train epoch: 91 | Loss: *0.002* | Acc: *100.000%* (50000/50000) 
Test epoch: 91 | Loss: *0.729* | Acc: *78.370%* (7837/10000)
Train epoch: 92 | Loss: *0.002* | Acc: *100.000%* (50000/50000) 
Test epoch: 92 | Loss: *0.726* | Acc: *78.250%* (7825/10000)
Train epoch: 93 | Loss: *0.002* | Acc: *100.000%* (50000/50000) 
Test epoch: 93 | Loss: *0.726* | Acc: *78.270%* (7827/10000)
Train epoch: 94 | Loss: *0.002* | Acc: *100.000%* (50000/50000) 
Test epoch: 94 | Loss: *0.721* | Acc: *78.350%* (7835/10000)
Train epoch: 95 | Loss: *0.002* | Acc: *100.000%* (50000/50000) 
Test epoch: 95 | Loss: *0.720* | Acc: *78.350%* (7835/10000)
Train epoch: 96 | Loss: *0.002* | Acc: *100.000%* (50000/50000) 
Test epoch: 96 | Loss: *0.721* | Acc: *78.110%* (7811/10000)
Train epoch: 97 | Loss: *0.002* | Acc: *100.000%* (50000/50000) 
Test epoch: 97 | Loss: *0.723* | Acc: *78.010%* (7801/10000)
Train epoch: 98 | Loss: *0.002* | Acc: *100.000%* (50000/50000) 
Test epoch: 98 | Loss: *0.726* | Acc: *77.900%* (7790/10000)
Train epoch: 99 | Loss: *0.002* | Acc: *100.000%* (50000/50000) 
Test epoch: 99 | Loss: *0.722* | Acc: *78.220%* (7822/10000)
Train epoch: 100 | Loss: *0.002* | Acc: *100.000%* (50000/50000) 
Test epoch: 100 | Loss: *0.719* | Acc: *78.180%* (7818/10000)
Train epoch: 101 | Loss: *0.002* | Acc: *100.000%* (50000/50000) 
Test epoch: 101 | Loss: *0.719* | Acc: *78.160%* (7816/10000)
Train epoch: 102 | Loss: *0.002* | Acc: *100.000%* (50000/50000) 
Test epoch: 102 | Loss: *0.718* | Acc: *78.130%* (7813/10000)
Train epoch: 103 | Loss: *0.002* | Acc: *100.000%* (50000/50000) 
Test epoch: 103 | Loss: *0.721* | Acc: *78.080%* (7808/10000)
Train epoch: 104 | Loss: *0.002* | Acc: *100.000%* (50000/50000) 
Test epoch: 104 | Loss: *0.722* | Acc: *78.020%* (7802/10000)
Train epoch: 105 | Loss: *0.002* | Acc: *100.000%* (50000/50000) 
Test epoch: 105 | Loss: *0.719* | Acc: *78.040%* (7804/10000)
Train epoch: 106 | Loss: *0.002* | Acc: *100.000%* (50000/50000) 
Test epoch: 106 | Loss: *0.720* | Acc: *78.110%* (7811/10000)
Train epoch: 107 | Loss: *0.006* | Acc: *99.946%* (49973/50000) 
Test epoch: 107 | Loss: *0.729* | Acc: *77.360%* (7736/10000)
Train epoch: 108 | Loss: *0.004* | Acc: *100.000%* (50000/50000) 
Test epoch: 108 | Loss: *0.722* | Acc: *77.860%* (7786/10000)
Train epoch: 109 | Loss: *0.003* | Acc: *100.000%* (50000/50000) 
Test epoch: 109 | Loss: *0.721* | Acc: *77.830%* (7783/10000)
Train epoch: 110 | Loss: *0.003* | Acc: *100.000%* (50000/50000) 
Test epoch: 110 | Loss: *0.725* | Acc: *77.980%* (7798/10000)
Train epoch: 111 | Loss: *0.002* | Acc: *100.000%* (50000/50000) 
Test epoch: 111 | Loss: *0.733* | Acc: *77.680%* (7768/10000)
Train epoch: 112 | Loss: *0.002* | Acc: *100.000%* (50000/50000) 
Test epoch: 112 | Loss: *0.722* | Acc: *78.020%* (7802/10000)
Train epoch: 113 | Loss: *0.002* | Acc: *100.000%* (50000/50000) 
Test epoch: 113 | Loss: *0.722* | Acc: *78.190%* (7819/10000)
Train epoch: 114 | Loss: *0.002* | Acc: *100.000%* (50000/50000) 
Test epoch: 114 | Loss: *0.721* | Acc: *77.920%* (7792/10000)
Train epoch: 115 | Loss: *0.002* | Acc: *100.000%* (50000/50000) 
Test epoch: 115 | Loss: *0.722* | Acc: *77.960%* (7796/10000)
Train epoch: 116 | Loss: *0.002* | Acc: *100.000%* (50000/50000) 
Test epoch: 116 | Loss: *0.725* | Acc: *77.870%* (7787/10000)
Train epoch: 117 | Loss: *0.002* | Acc: *100.000%* (50000/50000) 
Test epoch: 117 | Loss: *0.723* | Acc: *77.890%* (7789/10000)
Train epoch: 118 | Loss: *0.002* | Acc: *100.000%* (50000/50000) 
Test epoch: 118 | Loss: *0.721* | Acc: *78.020%* (7802/10000)
Train epoch: 119 | Loss: *0.002* | Acc: *100.000%* (50000/50000) 
Test epoch: 119 | Loss: *0.719* | Acc: *78.080%* (7808/10000)
Train epoch: 120 | Loss: *0.002* | Acc: *100.000%* (50000/50000) 
Test epoch: 120 | Loss: *0.723* | Acc: *77.930%* (7793/10000)
Train epoch: 121 | Loss: *0.002* | Acc: *100.000%* (50000/50000) 
Test epoch: 121 | Loss: *0.722* | Acc: *78.060%* (7806/10000)
Train epoch: 122 | Loss: *0.002* | Acc: *100.000%* (50000/50000) 
Test epoch: 122 | Loss: *0.728* | Acc: *77.680%* (7768/10000)
Train epoch: 123 | Loss: *0.002* | Acc: *100.000%* (50000/50000) 
Test epoch: 123 | Loss: *0.721* | Acc: *77.840%* (7784/10000)
Train epoch: 124 | Loss: *0.002* | Acc: *100.000%* (50000/50000) 
Test epoch: 124 | Loss: *0.722* | Acc: *77.710%* (7771/10000)
Train epoch: 125 | Loss: *0.002* | Acc: *100.000%* (50000/50000) 
Test epoch: 125 | Loss: *0.724* | Acc: *77.760%* (7776/10000)
Train epoch: 126 | Loss: *0.002* | Acc: *100.000%* (50000/50000) 
Test epoch: 126 | Loss: *0.725* | Acc: *77.510%* (7751/10000)
Train epoch: 127 | Loss: *0.002* | Acc: *100.000%* (50000/50000) 
Test epoch: 127 | Loss: *0.722* | Acc: *77.710%* (7771/10000)
Train epoch: 128 | Loss: *0.002* | Acc: *100.000%* (50000/50000) 
Test epoch: 128 | Loss: *0.724* | Acc: *77.830%* (7783/10000)
Train epoch: 129 | Loss: *0.002* | Acc: *100.000%* (50000/50000) 
Test epoch: 129 | Loss: *0.725* | Acc: *77.720%* (7772/10000)
Train epoch: 130 | Loss: *0.002* | Acc: *100.000%* (50000/50000) 
Test epoch: 130 | Loss: *0.721* | Acc: *77.680%* (7768/10000)
Train epoch: 131 | Loss: *0.002* | Acc: *100.000%* (50000/50000) 
Test epoch: 131 | Loss: *0.723* | Acc: *77.740%* (7774/10000)
Train epoch: 132 | Loss: *0.002* | Acc: *100.000%* (50000/50000) 
Test epoch: 132 | Loss: *0.729* | Acc: *77.520%* (7752/10000)
Train epoch: 133 | Loss: *0.002* | Acc: *100.000%* (50000/50000) 
Test epoch: 133 | Loss: *0.724* | Acc: *77.540%* (7754/10000)
Train epoch: 134 | Loss: *0.002* | Acc: *100.000%* (50000/50000) 
Test epoch: 134 | Loss: *0.727* | Acc: *77.580%* (7758/10000)
Train epoch: 135 | Loss: *0.002* | Acc: *100.000%* (50000/50000) 
Test epoch: 135 | Loss: *0.725* | Acc: *77.640%* (7764/10000)
Train epoch: 136 | Loss: *0.002* | Acc: *100.000%* (50000/50000) 
Test epoch: 136 | Loss: *0.725* | Acc: *77.630%* (7763/10000)
Train epoch: 137 | Loss: *0.002* | Acc: *100.000%* (50000/50000) 
Test epoch: 137 | Loss: *0.727* | Acc: *77.650%* (7765/10000)
Train epoch: 138 | Loss: *0.002* | Acc: *100.000%* (50000/50000) 
Test epoch: 138 | Loss: *0.729* | Acc: *77.650%* (7765/10000)
Train epoch: 139 | Loss: *0.002* | Acc: *100.000%* (50000/50000) 
Test epoch: 139 | Loss: *0.726* | Acc: *77.590%* (7759/10000)
Train epoch: 140 | Loss: *0.002* | Acc: *100.000%* (50000/50000) 
Test epoch: 140 | Loss: *0.726* | Acc: *77.610%* (7761/10000)
Train epoch: 141 | Loss: *0.002* | Acc: *100.000%* (50000/50000) 
Test epoch: 141 | Loss: *0.728* | Acc: *77.590%* (7759/10000)
Train epoch: 142 | Loss: *0.002* | Acc: *100.000%* (50000/50000) 
Test epoch: 142 | Loss: *0.727* | Acc: *77.530%* (7753/10000)
Train epoch: 143 | Loss: *0.002* | Acc: *100.000%* (50000/50000) 
Test epoch: 143 | Loss: *0.728* | Acc: *77.600%* (7760/10000)
Train epoch: 144 | Loss: *0.002* | Acc: *100.000%* (50000/50000) 
Test epoch: 144 | Loss: *0.726* | Acc: *77.630%* (7763/10000)
Train epoch: 145 | Loss: *0.002* | Acc: *100.000%* (50000/50000) 
Test epoch: 145 | Loss: *0.728* | Acc: *77.480%* (7748/10000)
Train epoch: 146 | Loss: *0.002* | Acc: *100.000%* (50000/50000) 
Test epoch: 146 | Loss: *0.729* | Acc: *77.700%* (7770/10000)
Train epoch: 147 | Loss: *0.002* | Acc: *100.000%* (50000/50000) 
Test epoch: 147 | Loss: *0.727* | Acc: *77.660%* (7766/10000)
Train epoch: 148 | Loss: *0.002* | Acc: *100.000%* (50000/50000) 
Test epoch: 148 | Loss: *0.729* | Acc: *77.630%* (7763/10000)
Train epoch: 149 | Loss: *0.002* | Acc: *100.000%* (50000/50000) 
Test epoch: 149 | Loss: *0.730* | Acc: *77.500%* (7750/10000)
Train epoch: 150 | Loss: *0.002* | Acc: *100.000%* (50000/50000) 
Test epoch: 150 | Loss: *0.728* | Acc: *77.510%* (7751/10000)
Train epoch: 151 | Loss: *0.002* | Acc: *100.000%* (50000/50000) 
Test epoch: 151 | Loss: *0.728* | Acc: *77.450%* (7745/10000)
Train epoch: 152 | Loss: *0.002* | Acc: *100.000%* (50000/50000) 
Test epoch: 152 | Loss: *0.729* | Acc: *77.420%* (7742/10000)
Train epoch: 153 | Loss: *0.002* | Acc: *100.000%* (50000/50000) 
Test epoch: 153 | Loss: *0.727* | Acc: *77.450%* (7745/10000)
Train epoch: 154 | Loss: *0.002* | Acc: *100.000%* (50000/50000) 
Test epoch: 154 | Loss: *0.729* | Acc: *77.380%* (7738/10000)
Train epoch: 155 | Loss: *0.002* | Acc: *100.000%* (50000/50000) 
Test epoch: 155 | Loss: *0.729* | Acc: *77.420%* (7742/10000)
Train epoch: 156 | Loss: *0.002* | Acc: *100.000%* (50000/50000) 
Test epoch: 156 | Loss: *0.731* | Acc: *77.460%* (7746/10000)
Train epoch: 157 | Loss: *0.002* | Acc: *100.000%* (50000/50000) 
Test epoch: 157 | Loss: *0.730* | Acc: *77.460%* (7746/10000)
Train epoch: 158 | Loss: *0.002* | Acc: *100.000%* (50000/50000) 
Test epoch: 158 | Loss: *0.729* | Acc: *77.470%* (7747/10000)
Train epoch: 159 | Loss: *0.002* | Acc: *100.000%* (50000/50000) 
Test epoch: 159 | Loss: *0.730* | Acc: *77.340%* (7734/10000)
Train epoch: 160 | Loss: *0.002* | Acc: *100.000%* (50000/50000) 
Test epoch: 160 | Loss: *0.729* | Acc: *77.650%* (7765/10000)
Train epoch: 161 | Loss: *0.002* | Acc: *100.000%* (50000/50000) 
Test epoch: 161 | Loss: *0.727* | Acc: *77.540%* (7754/10000)
Train epoch: 162 | Loss: *0.002* | Acc: *100.000%* (50000/50000) 
Test epoch: 162 | Loss: *0.730* | Acc: *77.490%* (7749/10000)
Train epoch: 163 | Loss: *0.002* | Acc: *100.000%* (50000/50000) 
Test epoch: 163 | Loss: *0.728* | Acc: *77.430%* (7743/10000)
Train epoch: 164 | Loss: *0.002* | Acc: *100.000%* (50000/50000) 
Test epoch: 164 | Loss: *0.728* | Acc: *77.620%* (7762/10000)
Train epoch: 165 | Loss: *0.002* | Acc: *100.000%* (50000/50000) 
Test epoch: 165 | Loss: *0.729* | Acc: *77.450%* (7745/10000)
Train epoch: 166 | Loss: *0.002* | Acc: *100.000%* (50000/50000) 
Test epoch: 166 | Loss: *0.730* | Acc: *77.540%* (7754/10000)
Train epoch: 167 | Loss: *0.002* | Acc: *100.000%* (50000/50000) 
Test epoch: 167 | Loss: *0.732* | Acc: *77.420%* (7742/10000)
Train epoch: 168 | Loss: *0.002* | Acc: *100.000%* (50000/50000) 
Test epoch: 168 | Loss: *0.730* | Acc: *77.410%* (7741/10000)
Train epoch: 169 | Loss: *0.002* | Acc: *100.000%* (50000/50000) 
Test epoch: 169 | Loss: *0.730* | Acc: *77.320%* (7732/10000)
Train epoch: 170 | Loss: *0.002* | Acc: *100.000%* (50000/50000) 
Test epoch: 170 | Loss: *0.727* | Acc: *77.570%* (7757/10000)
Train epoch: 171 | Loss: *0.002* | Acc: *100.000%* (50000/50000) 
Test epoch: 171 | Loss: *0.729* | Acc: *77.420%* (7742/10000)
Train epoch: 172 | Loss: *0.002* | Acc: *100.000%* (50000/50000) 
Test epoch: 172 | Loss: *0.729* | Acc: *77.470%* (7747/10000)
Train epoch: 173 | Loss: *0.002* | Acc: *100.000%* (50000/50000) 
Test epoch: 173 | Loss: *0.731* | Acc: *77.400%* (7740/10000)
Train epoch: 174 | Loss: *0.002* | Acc: *100.000%* (50000/50000) 
Test epoch: 174 | Loss: *0.730* | Acc: *77.580%* (7758/10000)
Train epoch: 175 | Loss: *0.002* | Acc: *100.000%* (50000/50000) 
Test epoch: 175 | Loss: *0.730* | Acc: *77.390%* (7739/10000)
Train epoch: 176 | Loss: *0.002* | Acc: *100.000%* (50000/50000) 
Test epoch: 176 | Loss: *0.732* | Acc: *77.470%* (7747/10000)
Train epoch: 177 | Loss: *0.002* | Acc: *100.000%* (50000/50000) 
Test epoch: 177 | Loss: *0.730* | Acc: *77.430%* (7743/10000)
Train epoch: 178 | Loss: *0.002* | Acc: *100.000%* (50000/50000) 
Test epoch: 178 | Loss: *0.729* | Acc: *77.380%* (7738/10000)
Train epoch: 179 | Loss: *0.002* | Acc: *100.000%* (50000/50000) 
Test epoch: 179 | Loss: *0.730* | Acc: *77.600%* (7760/10000)
Train epoch: 180 | Loss: *0.002* | Acc: *100.000%* (50000/50000) 
Test epoch: 180 | Loss: *0.730* | Acc: *77.530%* (7753/10000)
Train epoch: 181 | Loss: *0.002* | Acc: *100.000%* (50000/50000) 
Test epoch: 181 | Loss: *0.732* | Acc: *77.340%* (7734/10000)
Train epoch: 182 | Loss: *0.002* | Acc: *100.000%* (50000/50000) 
Test epoch: 182 | Loss: *0.729* | Acc: *77.270%* (7727/10000)
Train epoch: 183 | Loss: *0.002* | Acc: *100.000%* (50000/50000) 
Test epoch: 183 | Loss: *0.730* | Acc: *77.480%* (7748/10000)
Train epoch: 184 | Loss: *0.002* | Acc: *100.000%* (50000/50000) 
Test epoch: 184 | Loss: *0.731* | Acc: *77.360%* (7736/10000)
Train epoch: 185 | Loss: *0.002* | Acc: *100.000%* (50000/50000) 
Test epoch: 185 | Loss: *0.731* | Acc: *77.380%* (7738/10000)
Train epoch: 186 | Loss: *0.002* | Acc: *100.000%* (50000/50000) 
Test epoch: 186 | Loss: *0.732* | Acc: *77.340%* (7734/10000)
Train epoch: 187 | Loss: *0.002* | Acc: *100.000%* (50000/50000) 
Test epoch: 187 | Loss: *0.729* | Acc: *77.350%* (7735/10000)
Train epoch: 188 | Loss: *0.002* | Acc: *100.000%* (50000/50000) 
Test epoch: 188 | Loss: *0.730* | Acc: *77.420%* (7742/10000)
Train epoch: 189 | Loss: *0.002* | Acc: *100.000%* (50000/50000) 
Test epoch: 189 | Loss: *0.732* | Acc: *77.530%* (7753/10000)
Train epoch: 190 | Loss: *0.002* | Acc: *100.000%* (50000/50000) 
Test epoch: 190 | Loss: *0.730* | Acc: *77.480%* (7748/10000)
Train epoch: 191 | Loss: *0.002* | Acc: *100.000%* (50000/50000) 
Test epoch: 191 | Loss: *0.732* | Acc: *77.370%* (7737/10000)
Train epoch: 192 | Loss: *0.002* | Acc: *100.000%* (50000/50000) 
Test epoch: 192 | Loss: *0.728* | Acc: *77.500%* (7750/10000)
Train epoch: 193 | Loss: *0.002* | Acc: *100.000%* (50000/50000) 
Test epoch: 193 | Loss: *0.731* | Acc: *77.370%* (7737/10000)
Train epoch: 194 | Loss: *0.002* | Acc: *100.000%* (50000/50000) 
Test epoch: 194 | Loss: *0.731* | Acc: *77.410%* (7741/10000)
Train epoch: 195 | Loss: *0.002* | Acc: *100.000%* (50000/50000) 
Test epoch: 195 | Loss: *0.730* | Acc: *77.400%* (7740/10000)
Train epoch: 196 | Loss: *0.002* | Acc: *100.000%* (50000/50000) 
Test epoch: 196 | Loss: *0.729* | Acc: *77.340%* (7734/10000)
Train epoch: 197 | Loss: *0.002* | Acc: *100.000%* (50000/50000) 
Test epoch: 197 | Loss: *0.732* | Acc: *77.450%* (7745/10000)
Train epoch: 198 | Loss: *0.002* | Acc: *100.000%* (50000/50000) 
Test epoch: 198 | Loss: *0.731* | Acc: *77.480%* (7748/10000)
Train epoch: 199 | Loss: *0.002* | Acc: *100.000%* (50000/50000) 
Test epoch: 199 | Loss: *0.731* | Acc: *77.370%* (7737/10000)
Train epoch: 200 | Loss: *0.002* | Acc: *100.000%* (50000/50000) 
Test epoch: 200 | Loss: *0.731* | Acc: *77.430%* (7743/10000)
Train epoch: 201 | Loss: *0.002* | Acc: *100.000%* (50000/50000) 
Test epoch: 201 | Loss: *0.731* | Acc: *77.410%* (7741/10000)
Train epoch: 202 | Loss: *0.002* | Acc: *100.000%* (50000/50000) 
Test epoch: 202 | Loss: *0.730* | Acc: *77.340%* (7734/10000)
Train epoch: 203 | Loss: *0.002* | Acc: *100.000%* (50000/50000) 
Test epoch: 203 | Loss: *0.731* | Acc: *77.350%* (7735/10000)
Train epoch: 204 | Loss: *0.002* | Acc: *100.000%* (50000/50000) 
Test epoch: 204 | Loss: *0.730* | Acc: *77.280%* (7728/10000)
Train epoch: 205 | Loss: *0.002* | Acc: *100.000%* (50000/50000) 
Test epoch: 205 | Loss: *0.732* | Acc: *77.350%* (7735/10000)
Train epoch: 206 | Loss: *0.002* | Acc: *100.000%* (50000/50000) 
Test epoch: 206 | Loss: *0.731* | Acc: *77.430%* (7743/10000)
Train epoch: 207 | Loss: *0.002* | Acc: *100.000%* (50000/50000) 
Test epoch: 207 | Loss: *0.732* | Acc: *77.450%* (7745/10000)
Train epoch: 208 | Loss: *0.002* | Acc: *100.000%* (50000/50000) 
Test epoch: 208 | Loss: *0.730* | Acc: *77.520%* (7752/10000)
Train epoch: 209 | Loss: *0.002* | Acc: *100.000%* (50000/50000) 
Test epoch: 209 | Loss: *0.731* | Acc: *77.350%* (7735/10000)
Train epoch: 210 | Loss: *0.002* | Acc: *100.000%* (50000/50000) 
Test epoch: 210 | Loss: *0.730* | Acc: *77.440%* (7744/10000)
Train epoch: 211 | Loss: *0.002* | Acc: *100.000%* (50000/50000) 
Test epoch: 211 | Loss: *0.732* | Acc: *77.360%* (7736/10000)
Train epoch: 212 | Loss: *0.002* | Acc: *100.000%* (50000/50000) 
Test epoch: 212 | Loss: *0.730* | Acc: *77.550%* (7755/10000)
Train epoch: 213 | Loss: *0.002* | Acc: *100.000%* (50000/50000) 
Test epoch: 213 | Loss: *0.731* | Acc: *77.390%* (7739/10000)
Train epoch: 214 | Loss: *0.002* | Acc: *100.000%* (50000/50000) 
Test epoch: 214 | Loss: *0.729* | Acc: *77.530%* (7753/10000)
Train epoch: 215 | Loss: *0.002* | Acc: *100.000%* (50000/50000) 
Test epoch: 215 | Loss: *0.730* | Acc: *77.450%* (7745/10000)
Train epoch: 216 | Loss: *0.002* | Acc: *100.000%* (50000/50000) 
Test epoch: 216 | Loss: *0.730* | Acc: *77.410%* (7741/10000)
Train epoch: 217 | Loss: *0.002* | Acc: *100.000%* (50000/50000) 
Test epoch: 217 | Loss: *0.732* | Acc: *77.490%* (7749/10000)
Train epoch: 218 | Loss: *0.002* | Acc: *100.000%* (50000/50000) 
Test epoch: 218 | Loss: *0.731* | Acc: *77.470%* (7747/10000)
Train epoch: 219 | Loss: *0.002* | Acc: *100.000%* (50000/50000) 
Test epoch: 219 | Loss: *0.732* | Acc: *77.330%* (7733/10000)
Train epoch: 220 | Loss: *0.002* | Acc: *100.000%* (50000/50000) 
Test epoch: 220 | Loss: *0.732* | Acc: *77.380%* (7738/10000)
Train epoch: 221 | Loss: *0.002* | Acc: *100.000%* (50000/50000) 
Test epoch: 221 | Loss: *0.733* | Acc: *77.360%* (7736/10000)
Train epoch: 222 | Loss: *0.002* | Acc: *100.000%* (50000/50000) 
Test epoch: 222 | Loss: *0.732* | Acc: *77.380%* (7738/10000)
Train epoch: 223 | Loss: *0.002* | Acc: *100.000%* (50000/50000) 
Test epoch: 223 | Loss: *0.730* | Acc: *77.330%* (7733/10000)
Train epoch: 224 | Loss: *0.002* | Acc: *100.000%* (50000/50000) 
Test epoch: 224 | Loss: *0.734* | Acc: *77.310%* (7731/10000)
Train epoch: 225 | Loss: *0.002* | Acc: *100.000%* (50000/50000) 
Test epoch: 225 | Loss: *0.730* | Acc: *77.380%* (7738/10000)
Train epoch: 226 | Loss: *0.002* | Acc: *100.000%* (50000/50000) 
Test epoch: 226 | Loss: *0.731* | Acc: *77.320%* (7732/10000)
Train epoch: 227 | Loss: *0.002* | Acc: *100.000%* (50000/50000) 
Test epoch: 227 | Loss: *0.731* | Acc: *77.520%* (7752/10000)
Train epoch: 228 | Loss: *0.002* | Acc: *100.000%* (50000/50000) 
Test epoch: 228 | Loss: *0.731* | Acc: *77.500%* (7750/10000)
Train epoch: 229 | Loss: *0.002* | Acc: *100.000%* (50000/50000) 
Test epoch: 229 | Loss: *0.734* | Acc: *77.260%* (7726/10000)
Train epoch: 230 | Loss: *0.002* | Acc: *100.000%* (50000/50000) 
Test epoch: 230 | Loss: *0.730* | Acc: *77.470%* (7747/10000)
Train epoch: 231 | Loss: *0.002* | Acc: *100.000%* (50000/50000) 
Test epoch: 231 | Loss: *0.731* | Acc: *77.350%* (7735/10000)
Train epoch: 232 | Loss: *0.002* | Acc: *100.000%* (50000/50000) 
Test epoch: 232 | Loss: *0.730* | Acc: *77.380%* (7738/10000)
Train epoch: 233 | Loss: *0.002* | Acc: *100.000%* (50000/50000) 
Test epoch: 233 | Loss: *0.731* | Acc: *77.420%* (7742/10000)
Train epoch: 234 | Loss: *0.002* | Acc: *100.000%* (50000/50000) 
Test epoch: 234 | Loss: *0.731* | Acc: *77.350%* (7735/10000)
Train epoch: 235 | Loss: *0.002* | Acc: *100.000%* (50000/50000) 
Test epoch: 235 | Loss: *0.734* | Acc: *77.350%* (7735/10000)
Train epoch: 236 | Loss: *0.002* | Acc: *100.000%* (50000/50000) 
Test epoch: 236 | Loss: *0.732* | Acc: *77.510%* (7751/10000)
Train epoch: 237 | Loss: *0.002* | Acc: *100.000%* (50000/50000) 
Test epoch: 237 | Loss: *0.730* | Acc: *77.420%* (7742/10000)
Train epoch: 238 | Loss: *0.002* | Acc: *100.000%* (50000/50000) 
Test epoch: 238 | Loss: *0.733* | Acc: *77.400%* (7740/10000)
Train epoch: 239 | Loss: *0.002* | Acc: *100.000%* (50000/50000) 
Test epoch: 239 | Loss: *0.732* | Acc: *77.350%* (7735/10000)
Train epoch: 240 | Loss: *0.002* | Acc: *100.000%* (50000/50000) 
Test epoch: 240 | Loss: *0.733* | Acc: *77.310%* (7731/10000)
Train epoch: 241 | Loss: *0.002* | Acc: *100.000%* (50000/50000) 
Test epoch: 241 | Loss: *0.731* | Acc: *77.310%* (7731/10000)
Train epoch: 242 | Loss: *0.002* | Acc: *100.000%* (50000/50000) 
Test epoch: 242 | Loss: *0.735* | Acc: *77.270%* (7727/10000)
Train epoch: 243 | Loss: *0.002* | Acc: *100.000%* (50000/50000) 
Test epoch: 243 | Loss: *0.733* | Acc: *77.390%* (7739/10000)
Train epoch: 244 | Loss: *0.002* | Acc: *100.000%* (50000/50000) 
Test epoch: 244 | Loss: *0.735* | Acc: *77.270%* (7727/10000)
Train epoch: 245 | Loss: *0.002* | Acc: *100.000%* (50000/50000) 
Test epoch: 245 | Loss: *0.733* | Acc: *77.280%* (7728/10000)
Train epoch: 246 | Loss: *0.002* | Acc: *100.000%* (50000/50000) 
Test epoch: 246 | Loss: *0.735* | Acc: *77.300%* (7730/10000)
Train epoch: 247 | Loss: *0.002* | Acc: *100.000%* (50000/50000) 
Test epoch: 247 | Loss: *0.733* | Acc: *77.270%* (7727/10000)
Train epoch: 248 | Loss: *0.002* | Acc: *100.000%* (50000/50000) 
Test epoch: 248 | Loss: *0.733* | Acc: *77.360%* (7736/10000)
Train epoch: 249 | Loss: *0.002* | Acc: *100.000%* (50000/50000) 
Test epoch: 249 | Loss: *0.737* | Acc: *77.430%* (7743/10000)
Train epoch: 250 | Loss: *0.002* | Acc: *100.000%* (50000/50000) 
Test epoch: 250 | Loss: *0.735* | Acc: *77.240%* (7724/10000)
Train epoch: 251 | Loss: *0.002* | Acc: *100.000%* (50000/50000) 
Test epoch: 251 | Loss: *0.736* | Acc: *77.400%* (7740/10000)
Train epoch: 252 | Loss: *0.002* | Acc: *100.000%* (50000/50000) 
Test epoch: 252 | Loss: *0.736* | Acc: *77.220%* (7722/10000)
Train epoch: 253 | Loss: *0.002* | Acc: *100.000%* (50000/50000) 
Test epoch: 253 | Loss: *0.732* | Acc: *77.480%* (7748/10000)
Train epoch: 254 | Loss: *0.002* | Acc: *100.000%* (50000/50000) 
Test epoch: 254 | Loss: *0.737* | Acc: *77.450%* (7745/10000)
Train epoch: 255 | Loss: *0.002* | Acc: *100.000%* (50000/50000) 
Test epoch: 255 | Loss: *0.735* | Acc: *77.240%* (7724/10000)
Train epoch: 256 | Loss: *0.002* | Acc: *100.000%* (50000/50000) 
Test epoch: 256 | Loss: *0.737* | Acc: *77.170%* (7717/10000)
Train epoch: 257 | Loss: *0.002* | Acc: *100.000%* (50000/50000) 
Test epoch: 257 | Loss: *0.736* | Acc: *77.150%* (7715/10000)
Train epoch: 258 | Loss: *0.002* | Acc: *100.000%* (50000/50000) 
Test epoch: 258 | Loss: *0.735* | Acc: *77.390%* (7739/10000)
Train epoch: 259 | Loss: *0.002* | Acc: *100.000%* (50000/50000) 
Test epoch: 259 | Loss: *0.737* | Acc: *77.260%* (7726/10000)
Train epoch: 260 | Loss: *0.002* | Acc: *100.000%* (50000/50000) 
Test epoch: 260 | Loss: *0.742* | Acc: *77.230%* (7723/10000)
Train epoch: 261 | Loss: *0.002* | Acc: *100.000%* (50000/50000) 
Test epoch: 261 | Loss: *0.735* | Acc: *77.130%* (7713/10000)
Train epoch: 262 | Loss: *0.002* | Acc: *100.000%* (50000/50000) 
Test epoch: 262 | Loss: *0.741* | Acc: *77.180%* (7718/10000)
Train epoch: 263 | Loss: *0.002* | Acc: *100.000%* (50000/50000) 
Test epoch: 263 | Loss: *0.751* | Acc: *76.790%* (7679/10000)
Train epoch: 264 | Loss: *0.002* | Acc: *100.000%* (50000/50000) 
Test epoch: 264 | Loss: *0.742* | Acc: *77.210%* (7721/10000)
Train epoch: 265 | Loss: *0.002* | Acc: *100.000%* (50000/50000) 
Test epoch: 265 | Loss: *0.748* | Acc: *76.900%* (7690/10000)
Train epoch: 266 | Loss: *0.002* | Acc: *100.000%* (50000/50000) 
Test epoch: 266 | Loss: *0.744* | Acc: *76.850%* (7685/10000)
Train epoch: 267 | Loss: *0.002* | Acc: *100.000%* (50000/50000) 
Test epoch: 267 | Loss: *0.743* | Acc: *77.320%* (7732/10000)
Train epoch: 268 | Loss: *0.002* | Acc: *100.000%* (50000/50000) 
Test epoch: 268 | Loss: *0.744* | Acc: *76.930%* (7693/10000)
Train epoch: 269 | Loss: *0.002* | Acc: *100.000%* (50000/50000) 
Test epoch: 269 | Loss: *0.742* | Acc: *76.930%* (7693/10000)
Train epoch: 270 | Loss: *0.002* | Acc: *100.000%* (50000/50000) 
Test epoch: 270 | Loss: *0.742* | Acc: *77.090%* (7709/10000)
Train epoch: 271 | Loss: *0.002* | Acc: *100.000%* (50000/50000) 
Test epoch: 271 | Loss: *0.748* | Acc: *77.150%* (7715/10000)
Train epoch: 272 | Loss: *0.002* | Acc: *100.000%* (50000/50000) 
Test epoch: 272 | Loss: *0.757* | Acc: *76.660%* (7666/10000)
Train epoch: 273 | Loss: *0.002* | Acc: *100.000%* (50000/50000) 
Test epoch: 273 | Loss: *0.747* | Acc: *76.650%* (7665/10000)
Train epoch: 274 | Loss: *0.002* | Acc: *100.000%* (50000/50000) 
Test epoch: 274 | Loss: *0.756* | Acc: *76.790%* (7679/10000)
Train epoch: 275 | Loss: *0.002* | Acc: *100.000%* (50000/50000) 
Test epoch: 275 | Loss: *0.745* | Acc: *77.050%* (7705/10000)
Train epoch: 276 | Loss: *0.002* | Acc: *100.000%* (50000/50000) 
Test epoch: 276 | Loss: *0.747* | Acc: *77.080%* (7708/10000)
Train epoch: 277 | Loss: *0.002* | Acc: *100.000%* (50000/50000) 
Test epoch: 277 | Loss: *0.753* | Acc: *76.600%* (7660/10000)
Train epoch: 278 | Loss: *0.002* | Acc: *100.000%* (50000/50000) 
Test epoch: 278 | Loss: *0.750* | Acc: *77.080%* (7708/10000)
Train epoch: 279 | Loss: *0.002* | Acc: *100.000%* (50000/50000) 
Test epoch: 279 | Loss: *0.746* | Acc: *77.160%* (7716/10000)
Train epoch: 280 | Loss: *0.002* | Acc: *100.000%* (50000/50000) 
Test epoch: 280 | Loss: *0.753* | Acc: *76.590%* (7659/10000)
Train epoch: 281 | Loss: *0.046* | Acc: *98.654%* (49327/50000) 
Test epoch: 281 | Loss: *0.996* | Acc: *68.450%* (6845/10000)
Train epoch: 282 | Loss: *0.119* | Acc: *97.642%* (48821/50000) 
Test epoch: 282 | Loss: *0.890* | Acc: *72.440%* (7244/10000)
Train epoch: 283 | Loss: *0.020* | Acc: *99.932%* (49966/50000) 
Test epoch: 283 | Loss: *0.741* | Acc: *77.090%* (7709/10000)
Train epoch: 284 | Loss: *0.007* | Acc: *100.000%* (50000/50000) 
Test epoch: 284 | Loss: *0.729* | Acc: *77.710%* (7771/10000)
Train epoch: 285 | Loss: *0.005* | Acc: *100.000%* (50000/50000) 
Test epoch: 285 | Loss: *0.727* | Acc: *77.890%* (7789/10000)
Train epoch: 286 | Loss: *0.004* | Acc: *100.000%* (50000/50000) 
Test epoch: 286 | Loss: *0.728* | Acc: *77.730%* (7773/10000)
Train epoch: 287 | Loss: *0.003* | Acc: *100.000%* (50000/50000) 
Test epoch: 287 | Loss: *0.730* | Acc: *77.900%* (7790/10000)
Train epoch: 288 | Loss: *0.003* | Acc: *100.000%* (50000/50000) 
Test epoch: 288 | Loss: *0.735* | Acc: *77.740%* (7774/10000)
Train epoch: 289 | Loss: *0.003* | Acc: *100.000%* (50000/50000) 
Test epoch: 289 | Loss: *0.733* | Acc: *77.860%* (7786/10000)
Train epoch: 290 | Loss: *0.003* | Acc: *100.000%* (50000/50000) 
Test epoch: 290 | Loss: *0.735* | Acc: *77.750%* (7775/10000)
Train epoch: 291 | Loss: *0.003* | Acc: *100.000%* (50000/50000) 
Test epoch: 291 | Loss: *0.738* | Acc: *77.670%* (7767/10000)
Train epoch: 292 | Loss: *0.002* | Acc: *100.000%* (50000/50000) 
Test epoch: 292 | Loss: *0.737* | Acc: *77.790%* (7779/10000)
Train epoch: 293 | Loss: *0.002* | Acc: *100.000%* (50000/50000) 
Test epoch: 293 | Loss: *0.738* | Acc: *77.630%* (7763/10000)
Train epoch: 294 | Loss: *0.002* | Acc: *100.000%* (50000/50000) 
Test epoch: 294 | Loss: *0.739* | Acc: *77.510%* (7751/10000)
Train epoch: 295 | Loss: *0.002* | Acc: *100.000%* (50000/50000) 
Test epoch: 295 | Loss: *0.739* | Acc: *77.490%* (7749/10000)
Train epoch: 296 | Loss: *0.002* | Acc: *100.000%* (50000/50000) 
Test epoch: 296 | Loss: *0.740* | Acc: *77.550%* (7755/10000)
Train epoch: 297 | Loss: *0.002* | Acc: *100.000%* (50000/50000) 
Test epoch: 297 | Loss: *0.739* | Acc: *77.420%* (7742/10000)
Train epoch: 298 | Loss: *0.002* | Acc: *100.000%* (50000/50000) 
Test epoch: 298 | Loss: *0.741* | Acc: *77.550%* (7755/10000)
Train epoch: 299 | Loss: *0.002* | Acc: *100.000%* (50000/50000) 
Test epoch: 299 | Loss: *0.743* | Acc: *77.390%* (7739/10000)
Train epoch: 300 | Loss: *0.002* | Acc: *100.000%* (50000/50000) 
Test epoch: 300 | Loss: *0.741* | Acc: *77.310%* (7731/10000)
Train epoch: 301 | Loss: *0.002* | Acc: *100.000%* (50000/50000) 
Test epoch: 301 | Loss: *0.742* | Acc: *77.440%* (7744/10000)
Train epoch: 302 | Loss: *0.002* | Acc: *100.000%* (50000/50000) 
Test epoch: 302 | Loss: *0.743* | Acc: *77.230%* (7723/10000)
Train epoch: 303 | Loss: *0.002* | Acc: *100.000%* (50000/50000) 
Test epoch: 303 | Loss: *0.749* | Acc: *77.210%* (7721/10000)
Train epoch: 304 | Loss: *0.002* | Acc: *100.000%* (50000/50000) 
Test epoch: 304 | Loss: *0.745* | Acc: *77.210%* (7721/10000)
Train epoch: 305 | Loss: *0.002* | Acc: *100.000%* (50000/50000) 
Test epoch: 305 | Loss: *0.749* | Acc: *77.230%* (7723/10000)
Train epoch: 306 | Loss: *0.002* | Acc: *100.000%* (50000/50000) 
Test epoch: 306 | Loss: *0.744* | Acc: *77.360%* (7736/10000)
Train epoch: 307 | Loss: *0.002* | Acc: *100.000%* (50000/50000) 
Test epoch: 307 | Loss: *0.746* | Acc: *77.020%* (7702/10000)
Train epoch: 308 | Loss: *0.002* | Acc: *100.000%* (50000/50000) 
Test epoch: 308 | Loss: *0.750* | Acc: *77.030%* (7703/10000)
Train epoch: 309 | Loss: *0.002* | Acc: *100.000%* (50000/50000) 
Test epoch: 309 | Loss: *0.748* | Acc: *77.220%* (7722/10000)
Train epoch: 310 | Loss: *0.002* | Acc: *100.000%* (50000/50000) 
Test epoch: 310 | Loss: *0.748* | Acc: *77.060%* (7706/10000)
Train epoch: 311 | Loss: *0.002* | Acc: *100.000%* (50000/50000) 
Test epoch: 311 | Loss: *0.754* | Acc: *76.930%* (7693/10000)
Train epoch: 312 | Loss: *0.002* | Acc: *100.000%* (50000/50000) 
Test epoch: 312 | Loss: *0.752* | Acc: *76.930%* (7693/10000)
Train epoch: 313 | Loss: *0.002* | Acc: *100.000%* (50000/50000) 
Test epoch: 313 | Loss: *0.757* | Acc: *77.310%* (7731/10000)
Train epoch: 314 | Loss: *0.002* | Acc: *100.000%* (50000/50000) 
Test epoch: 314 | Loss: *0.752* | Acc: *76.970%* (7697/10000)
Train epoch: 315 | Loss: *0.002* | Acc: *100.000%* (50000/50000) 
Test epoch: 315 | Loss: *0.756* | Acc: *77.070%* (7707/10000)
Train epoch: 316 | Loss: *0.002* | Acc: *100.000%* (50000/50000) 
Test epoch: 316 | Loss: *0.757* | Acc: *76.950%* (7695/10000)
Train epoch: 317 | Loss: *0.002* | Acc: *100.000%* (50000/50000) 
Test epoch: 317 | Loss: *0.758* | Acc: *76.710%* (7671/10000)
Train epoch: 318 | Loss: *0.002* | Acc: *100.000%* (50000/50000) 
Test epoch: 318 | Loss: *0.758* | Acc: *76.880%* (7688/10000)
Train epoch: 319 | Loss: *0.002* | Acc: *100.000%* (50000/50000) 
Test epoch: 319 | Loss: *0.764* | Acc: *76.830%* (7683/10000)
Train epoch: 320 | Loss: *0.002* | Acc: *100.000%* (50000/50000) 
Test epoch: 320 | Loss: *0.772* | Acc: *76.490%* (7649/10000)
Train epoch: 321 | Loss: *0.220* | Acc: *92.736%* (46368/50000) 
Test epoch: 321 | Loss: *1.521* | Acc: *58.860%* (5886/10000)
Train epoch: 322 | Loss: *0.240* | Acc: *92.612%* (46306/50000) 
Test epoch: 322 | Loss: *1.073* | Acc: *66.590%* (6659/10000)
Train epoch: 323 | Loss: *0.054* | Acc: *99.158%* (49579/50000) 
Test epoch: 323 | Loss: *0.811* | Acc: *75.620%* (7562/10000)
Train epoch: 324 | Loss: *0.012* | Acc: *99.978%* (49989/50000) 
Test epoch: 324 | Loss: *0.752* | Acc: *77.110%* (7711/10000)
Train epoch: 325 | Loss: *0.005* | Acc: *100.000%* (50000/50000) 
Test epoch: 325 | Loss: *0.743* | Acc: *77.500%* (7750/10000)
Train epoch: 326 | Loss: *0.004* | Acc: *100.000%* (50000/50000) 
Test epoch: 326 | Loss: *0.741* | Acc: *77.580%* (7758/10000)
Train epoch: 327 | Loss: *0.003* | Acc: *100.000%* (50000/50000) 
Test epoch: 327 | Loss: *0.747* | Acc: *77.670%* (7767/10000)
Train epoch: 328 | Loss: *0.003* | Acc: *100.000%* (50000/50000) 
Test epoch: 328 | Loss: *0.747* | Acc: *77.510%* (7751/10000)
Train epoch: 329 | Loss: *0.003* | Acc: *100.000%* (50000/50000) 
Test epoch: 329 | Loss: *0.747* | Acc: *77.670%* (7767/10000)
Train epoch: 330 | Loss: *0.002* | Acc: *100.000%* (50000/50000) 
Test epoch: 330 | Loss: *0.749* | Acc: *77.530%* (7753/10000)
Train epoch: 331 | Loss: *0.002* | Acc: *100.000%* (50000/50000) 
Test epoch: 331 | Loss: *0.750* | Acc: *77.620%* (7762/10000)
Train epoch: 332 | Loss: *0.002* | Acc: *100.000%* (50000/50000) 
Test epoch: 332 | Loss: *0.751* | Acc: *77.500%* (7750/10000)
Train epoch: 333 | Loss: *0.002* | Acc: *100.000%* (50000/50000) 
Test epoch: 333 | Loss: *0.753* | Acc: *77.420%* (7742/10000)
Train epoch: 334 | Loss: *0.002* | Acc: *100.000%* (50000/50000) 
Test epoch: 334 | Loss: *0.753* | Acc: *77.290%* (7729/10000)
Train epoch: 335 | Loss: *0.002* | Acc: *100.000%* (50000/50000) 
Test epoch: 335 | Loss: *0.752* | Acc: *77.360%* (7736/10000)
Train epoch: 336 | Loss: *0.002* | Acc: *100.000%* (50000/50000) 
Test epoch: 336 | Loss: *0.753* | Acc: *77.330%* (7733/10000)
Train epoch: 337 | Loss: *0.002* | Acc: *100.000%* (50000/50000) 
Test epoch: 337 | Loss: *0.757* | Acc: *77.330%* (7733/10000)
Train epoch: 338 | Loss: *0.002* | Acc: *100.000%* (50000/50000) 
Test epoch: 338 | Loss: *0.752* | Acc: *77.370%* (7737/10000)
Train epoch: 339 | Loss: *0.002* | Acc: *100.000%* (50000/50000) 
Test epoch: 339 | Loss: *0.753* | Acc: *77.260%* (7726/10000)
Train epoch: 340 | Loss: *0.002* | Acc: *100.000%* (50000/50000) 
Test epoch: 340 | Loss: *0.753* | Acc: *77.230%* (7723/10000)
Train epoch: 341 | Loss: *0.002* | Acc: *100.000%* (50000/50000) 
Test epoch: 341 | Loss: *0.757* | Acc: *77.400%* (7740/10000)
Train epoch: 342 | Loss: *0.002* | Acc: *100.000%* (50000/50000) 
Test epoch: 342 | Loss: *0.752* | Acc: *77.250%* (7725/10000)
Train epoch: 343 | Loss: *0.002* | Acc: *100.000%* (50000/50000) 
Test epoch: 343 | Loss: *0.752* | Acc: *77.320%* (7732/10000)
Train epoch: 344 | Loss: *0.002* | Acc: *100.000%* (50000/50000) 
Test epoch: 344 | Loss: *0.756* | Acc: *77.210%* (7721/10000)
Train epoch: 345 | Loss: *0.002* | Acc: *100.000%* (50000/50000) 
Test epoch: 345 | Loss: *0.755* | Acc: *77.160%* (7716/10000)
Train epoch: 346 | Loss: *0.002* | Acc: *100.000%* (50000/50000) 
Test epoch: 346 | Loss: *0.758* | Acc: *77.040%* (7704/10000)
Train epoch: 347 | Loss: *0.002* | Acc: *100.000%* (50000/50000) 
Test epoch: 347 | Loss: *0.755* | Acc: *77.020%* (7702/10000)
Train epoch: 348 | Loss: *0.002* | Acc: *100.000%* (50000/50000) 
Test epoch: 348 | Loss: *0.758* | Acc: *76.880%* (7688/10000)
Train epoch: 349 | Loss: *0.002* | Acc: *100.000%* (50000/50000) 
Test epoch: 349 | Loss: *0.760* | Acc: *76.830%* (7683/10000)
Train epoch: 350 | Loss: *0.002* | Acc: *100.000%* (50000/50000) 
Test epoch: 350 | Loss: *0.760* | Acc: *77.010%* (7701/10000)
Train epoch: 351 | Loss: *0.002* | Acc: *100.000%* (50000/50000) 
Test epoch: 351 | Loss: *0.758* | Acc: *76.890%* (7689/10000)
Train epoch: 352 | Loss: *0.002* | Acc: *100.000%* (50000/50000) 
Test epoch: 352 | Loss: *0.760* | Acc: *77.010%* (7701/10000)
Train epoch: 353 | Loss: *0.002* | Acc: *100.000%* (50000/50000) 
Test epoch: 353 | Loss: *0.764* | Acc: *77.080%* (7708/10000)
Train epoch: 354 | Loss: *0.002* | Acc: *100.000%* (50000/50000) 
Test epoch: 354 | Loss: *0.758* | Acc: *76.760%* (7676/10000)
Train epoch: 355 | Loss: *0.002* | Acc: *100.000%* (50000/50000) 
Test epoch: 355 | Loss: *0.762* | Acc: *76.920%* (7692/10000)
Train epoch: 356 | Loss: *0.002* | Acc: *100.000%* (50000/50000) 
Test epoch: 356 | Loss: *0.763* | Acc: *76.830%* (7683/10000)
Train epoch: 357 | Loss: *0.002* | Acc: *100.000%* (50000/50000) 
Test epoch: 357 | Loss: *0.765* | Acc: *76.800%* (7680/10000)
Train epoch: 358 | Loss: *0.002* | Acc: *100.000%* (50000/50000) 
Test epoch: 358 | Loss: *0.777* | Acc: *76.280%* (7628/10000)
Train epoch: 359 | Loss: *0.002* | Acc: *100.000%* (50000/50000) 
Test epoch: 359 | Loss: *0.768* | Acc: *76.900%* (7690/10000)
Train epoch: 360 | Loss: *0.002* | Acc: *100.000%* (50000/50000) 
Test epoch: 360 | Loss: *0.770* | Acc: *76.580%* (7658/10000)
Train epoch: 361 | Loss: *0.002* | Acc: *100.000%* (50000/50000) 
Test epoch: 361 | Loss: *0.767* | Acc: *76.660%* (7666/10000)
Train epoch: 362 | Loss: *0.002* | Acc: *100.000%* (50000/50000) 
Test epoch: 362 | Loss: *0.766* | Acc: *76.640%* (7664/10000)
Train epoch: 363 | Loss: *0.002* | Acc: *100.000%* (50000/50000) 
Test epoch: 363 | Loss: *0.782* | Acc: *76.500%* (7650/10000)
Train epoch: 364 | Loss: *0.002* | Acc: *100.000%* (50000/50000) 
Test epoch: 364 | Loss: *0.768* | Acc: *76.520%* (7652/10000)
Train epoch: 365 | Loss: *0.002* | Acc: *100.000%* (50000/50000) 
Test epoch: 365 | Loss: *0.770* | Acc: *76.350%* (7635/10000)
Train epoch: 366 | Loss: *0.002* | Acc: *100.000%* (50000/50000) 
Test epoch: 366 | Loss: *0.772* | Acc: *76.310%* (7631/10000)
Train epoch: 367 | Loss: *0.002* | Acc: *100.000%* (50000/50000) 
Test epoch: 367 | Loss: *0.788* | Acc: *76.160%* (7616/10000)
Train epoch: 368 | Loss: *0.002* | Acc: *100.000%* (50000/50000) 
Test epoch: 368 | Loss: *0.775* | Acc: *76.460%* (7646/10000)
Train epoch: 369 | Loss: *0.002* | Acc: *100.000%* (50000/50000) 
Test epoch: 369 | Loss: *0.786* | Acc: *76.030%* (7603/10000)
Train epoch: 370 | Loss: *0.002* | Acc: *100.000%* (50000/50000) 
Test epoch: 370 | Loss: *0.774* | Acc: *76.360%* (7636/10000)
Train epoch: 371 | Loss: *0.002* | Acc: *100.000%* (50000/50000) 
Test epoch: 371 | Loss: *0.775* | Acc: *76.310%* (7631/10000)
Train epoch: 372 | Loss: *0.002* | Acc: *100.000%* (50000/50000) 
Test epoch: 372 | Loss: *0.790* | Acc: *76.170%* (7617/10000)
Train epoch: 373 | Loss: *0.002* | Acc: *100.000%* (50000/50000) 
Test epoch: 373 | Loss: *0.786* | Acc: *76.080%* (7608/10000)
Train epoch: 374 | Loss: *0.002* | Acc: *100.000%* (50000/50000) 
Test epoch: 374 | Loss: *0.804* | Acc: *75.570%* (7557/10000)
Train epoch: 375 | Loss: *0.002* | Acc: *100.000%* (50000/50000) 
Test epoch: 375 | Loss: *0.779* | Acc: *76.040%* (7604/10000)
Train epoch: 376 | Loss: *0.002* | Acc: *100.000%* (50000/50000) 
Test epoch: 376 | Loss: *0.805* | Acc: *75.590%* (7559/10000)
Train epoch: 377 | Loss: *0.002* | Acc: *100.000%* (50000/50000) 
Test epoch: 377 | Loss: *0.783* | Acc: *76.250%* (7625/10000)
Train epoch: 378 | Loss: *0.002* | Acc: *100.000%* (50000/50000) 
Test epoch: 378 | Loss: *0.787* | Acc: *76.080%* (7608/10000)
Train epoch: 379 | Loss: *0.002* | Acc: *100.000%* (50000/50000) 
Test epoch: 379 | Loss: *0.784* | Acc: *75.980%* (7598/10000)
Train epoch: 380 | Loss: *0.002* | Acc: *100.000%* (50000/50000) 
Test epoch: 380 | Loss: *0.787* | Acc: *75.930%* (7593/10000)
Train epoch: 381 | Loss: *0.002* | Acc: *100.000%* (50000/50000) 
Test epoch: 381 | Loss: *0.788* | Acc: *75.880%* (7588/10000)
Train epoch: 382 | Loss: *0.002* | Acc: *100.000%* (50000/50000) 
Test epoch: 382 | Loss: *0.838* | Acc: *74.630%* (7463/10000)
Train epoch: 383 | Loss: *0.002* | Acc: *100.000%* (50000/50000) 
Test epoch: 383 | Loss: *0.797* | Acc: *75.860%* (7586/10000)
Train epoch: 384 | Loss: *0.002* | Acc: *100.000%* (50000/50000) 
Test epoch: 384 | Loss: *0.789* | Acc: *75.740%* (7574/10000)
Train epoch: 385 | Loss: *0.002* | Acc: *100.000%* (50000/50000) 
Test epoch: 385 | Loss: *0.818* | Acc: *75.690%* (7569/10000)
Train epoch: 386 | Loss: *0.002* | Acc: *100.000%* (50000/50000) 
Test epoch: 386 | Loss: *0.801* | Acc: *75.700%* (7570/10000)
Train epoch: 387 | Loss: *0.002* | Acc: *100.000%* (50000/50000) 
Test epoch: 387 | Loss: *0.806* | Acc: *75.470%* (7547/10000)
Train epoch: 388 | Loss: *0.002* | Acc: *100.000%* (50000/50000) 
Test epoch: 388 | Loss: *0.807* | Acc: *75.510%* (7551/10000)
Train epoch: 389 | Loss: *0.002* | Acc: *100.000%* (50000/50000) 
Test epoch: 389 | Loss: *0.809* | Acc: *75.870%* (7587/10000)
Train epoch: 390 | Loss: *0.002* | Acc: *100.000%* (50000/50000) 
Test epoch: 390 | Loss: *0.799* | Acc: *75.810%* (7581/10000)
Train epoch: 391 | Loss: *0.527* | Acc: *82.206%* (41103/50000) 
Test epoch: 391 | Loss: *1.105* | Acc: *65.080%* (6508/10000)
Train epoch: 392 | Loss: *0.211* | Acc: *93.494%* (46747/50000) 
Test epoch: 392 | Loss: *1.056* | Acc: *68.800%* (6880/10000)
Train epoch: 393 | Loss: *0.069* | Acc: *98.548%* (49274/50000) 
Test epoch: 393 | Loss: *0.911* | Acc: *73.570%* (7357/10000)
Train epoch: 394 | Loss: *0.022* | Acc: *99.786%* (49893/50000) 
Test epoch: 394 | Loss: *0.777* | Acc: *77.150%* (7715/10000)
Train epoch: 395 | Loss: *0.006* | Acc: *99.996%* (49998/50000) 
Test epoch: 395 | Loss: *0.758* | Acc: *77.510%* (7751/10000)
Train epoch: 396 | Loss: *0.004* | Acc: *100.000%* (50000/50000) 
Test epoch: 396 | Loss: *0.762* | Acc: *77.590%* (7759/10000)
Train epoch: 397 | Loss: *0.003* | Acc: *100.000%* (50000/50000) 
Test epoch: 397 | Loss: *0.761* | Acc: *77.670%* (7767/10000)
Train epoch: 398 | Loss: *0.003* | Acc: *100.000%* (50000/50000) 
Test epoch: 398 | Loss: *0.763* | Acc: *77.570%* (7757/10000)
Train epoch: 399 | Loss: *0.002* | Acc: *100.000%* (50000/50000) 
Test epoch: 399 | Loss: *0.763* | Acc: *77.760%* (7776/10000)
Train epoch: 400 | Loss: *0.002* | Acc: *100.000%* (50000/50000) 
Test epoch: 400 | Loss: *0.762* | Acc: *77.550%* (7755/10000)
Train epoch: 401 | Loss: *0.002* | Acc: *100.000%* (50000/50000) 
Test epoch: 401 | Loss: *0.763* | Acc: *77.610%* (7761/10000)
Train epoch: 402 | Loss: *0.002* | Acc: *100.000%* (50000/50000) 
Test epoch: 402 | Loss: *0.761* | Acc: *77.740%* (7774/10000)
Train epoch: 403 | Loss: *0.002* | Acc: *100.000%* (50000/50000) 
Test epoch: 403 | Loss: *0.763* | Acc: *77.490%* (7749/10000)
Train epoch: 404 | Loss: *0.002* | Acc: *100.000%* (50000/50000) 
Test epoch: 404 | Loss: *0.763* | Acc: *77.290%* (7729/10000)
Train epoch: 405 | Loss: *0.002* | Acc: *100.000%* (50000/50000) 
Test epoch: 405 | Loss: *0.763* | Acc: *77.700%* (7770/10000)
Train epoch: 406 | Loss: *0.002* | Acc: *100.000%* (50000/50000) 
Test epoch: 406 | Loss: *0.763* | Acc: *77.230%* (7723/10000)
Train epoch: 407 | Loss: *0.002* | Acc: *100.000%* (50000/50000) 
Test epoch: 407 | Loss: *0.762* | Acc: *77.310%* (7731/10000)
Train epoch: 408 | Loss: *0.002* | Acc: *100.000%* (50000/50000) 
Test epoch: 408 | Loss: *0.761* | Acc: *77.530%* (7753/10000)
Train epoch: 409 | Loss: *0.002* | Acc: *100.000%* (50000/50000) 
Test epoch: 409 | Loss: *0.762* | Acc: *77.440%* (7744/10000)
Train epoch: 410 | Loss: *0.002* | Acc: *100.000%* (50000/50000) 
Test epoch: 410 | Loss: *0.762* | Acc: *77.290%* (7729/10000)
Train epoch: 411 | Loss: *0.002* | Acc: *100.000%* (50000/50000) 
Test epoch: 411 | Loss: *0.763* | Acc: *77.450%* (7745/10000)
Train epoch: 412 | Loss: *0.002* | Acc: *100.000%* (50000/50000) 
Test epoch: 412 | Loss: *0.764* | Acc: *77.230%* (7723/10000)
Train epoch: 413 | Loss: *0.002* | Acc: *100.000%* (50000/50000) 
Test epoch: 413 | Loss: *0.768* | Acc: *77.310%* (7731/10000)
Train epoch: 414 | Loss: *0.002* | Acc: *100.000%* (50000/50000) 
Test epoch: 414 | Loss: *0.764* | Acc: *77.190%* (7719/10000)
Train epoch: 415 | Loss: *0.002* | Acc: *100.000%* (50000/50000) 
Test epoch: 415 | Loss: *0.769* | Acc: *77.260%* (7726/10000)
Train epoch: 416 | Loss: *0.002* | Acc: *100.000%* (50000/50000) 
Test epoch: 416 | Loss: *0.764* | Acc: *77.110%* (7711/10000)
Train epoch: 417 | Loss: *0.002* | Acc: *100.000%* (50000/50000) 
Test epoch: 417 | Loss: *0.766* | Acc: *77.270%* (7727/10000)
Train epoch: 418 | Loss: *0.002* | Acc: *100.000%* (50000/50000) 
Test epoch: 418 | Loss: *0.766* | Acc: *77.190%* (7719/10000)
Train epoch: 419 | Loss: *0.002* | Acc: *100.000%* (50000/50000) 
Test epoch: 419 | Loss: *0.767* | Acc: *77.250%* (7725/10000)
Train epoch: 420 | Loss: *0.002* | Acc: *100.000%* (50000/50000) 
Test epoch: 420 | Loss: *0.768* | Acc: *77.040%* (7704/10000)
Train epoch: 421 | Loss: *0.002* | Acc: *100.000%* (50000/50000) 
Test epoch: 421 | Loss: *0.769* | Acc: *77.020%* (7702/10000)
Train epoch: 422 | Loss: *0.002* | Acc: *100.000%* (50000/50000) 
Test epoch: 422 | Loss: *0.766* | Acc: *76.940%* (7694/10000)
Train epoch: 423 | Loss: *0.002* | Acc: *100.000%* (50000/50000) 
Test epoch: 423 | Loss: *0.767* | Acc: *76.910%* (7691/10000)
Train epoch: 424 | Loss: *0.002* | Acc: *100.000%* (50000/50000) 
Test epoch: 424 | Loss: *0.767* | Acc: *76.920%* (7692/10000)
Train epoch: 425 | Loss: *0.002* | Acc: *100.000%* (50000/50000) 
Test epoch: 425 | Loss: *0.768* | Acc: *77.090%* (7709/10000)
Train epoch: 426 | Loss: *0.002* | Acc: *100.000%* (50000/50000) 
Test epoch: 426 | Loss: *0.773* | Acc: *76.900%* (7690/10000)
Train epoch: 427 | Loss: *0.002* | Acc: *100.000%* (50000/50000) 
Test epoch: 427 | Loss: *0.769* | Acc: *76.890%* (7689/10000)
Train epoch: 428 | Loss: *0.002* | Acc: *100.000%* (50000/50000) 
Test epoch: 428 | Loss: *0.776* | Acc: *76.830%* (7683/10000)
Train epoch: 429 | Loss: *0.002* | Acc: *100.000%* (50000/50000) 
Test epoch: 429 | Loss: *0.774* | Acc: *76.850%* (7685/10000)
Train epoch: 430 | Loss: *0.002* | Acc: *100.000%* (50000/50000) 
Test epoch: 430 | Loss: *0.779* | Acc: *76.850%* (7685/10000)
Train epoch: 431 | Loss: *0.002* | Acc: *100.000%* (50000/50000) 
Test epoch: 431 | Loss: *0.778* | Acc: *76.670%* (7667/10000)
Train epoch: 432 | Loss: *0.002* | Acc: *100.000%* (50000/50000) 
Test epoch: 432 | Loss: *0.772* | Acc: *76.730%* (7673/10000)
Train epoch: 433 | Loss: *0.002* | Acc: *100.000%* (50000/50000) 
Test epoch: 433 | Loss: *0.775* | Acc: *76.840%* (7684/10000)
Train epoch: 434 | Loss: *0.002* | Acc: *100.000%* (50000/50000) 
Test epoch: 434 | Loss: *0.785* | Acc: *76.470%* (7647/10000)
Train epoch: 435 | Loss: *0.002* | Acc: *100.000%* (50000/50000) 
Test epoch: 435 | Loss: *0.780* | Acc: *76.610%* (7661/10000)
Train epoch: 436 | Loss: *0.002* | Acc: *100.000%* (50000/50000) 
Test epoch: 436 | Loss: *0.781* | Acc: *76.750%* (7675/10000)
Train epoch: 437 | Loss: *0.002* | Acc: *100.000%* (50000/50000) 
Test epoch: 437 | Loss: *0.781* | Acc: *76.680%* (7668/10000)
Train epoch: 438 | Loss: *0.002* | Acc: *100.000%* (50000/50000) 
Test epoch: 438 | Loss: *0.784* | Acc: *76.600%* (7660/10000)
Train epoch: 439 | Loss: *0.002* | Acc: *100.000%* (50000/50000) 
Test epoch: 439 | Loss: *0.795* | Acc: *76.560%* (7656/10000)
Train epoch: 440 | Loss: *0.002* | Acc: *100.000%* (50000/50000) 
Test epoch: 440 | Loss: *0.784* | Acc: *76.740%* (7674/10000)
Train epoch: 441 | Loss: *0.002* | Acc: *100.000%* (50000/50000) 
Test epoch: 441 | Loss: *0.787* | Acc: *76.480%* (7648/10000)
Train epoch: 442 | Loss: *0.002* | Acc: *100.000%* (50000/50000) 
Test epoch: 442 | Loss: *0.786* | Acc: *76.790%* (7679/10000)
Train epoch: 443 | Loss: *0.002* | Acc: *100.000%* (50000/50000) 
Test epoch: 443 | Loss: *0.786* | Acc: *76.760%* (7676/10000)
Train epoch: 444 | Loss: *0.002* | Acc: *100.000%* (50000/50000) 
Test epoch: 444 | Loss: *0.784* | Acc: *76.630%* (7663/10000)
Train epoch: 445 | Loss: *0.002* | Acc: *100.000%* (50000/50000) 
Test epoch: 445 | Loss: *0.791* | Acc: *76.540%* (7654/10000)
Train epoch: 446 | Loss: *0.002* | Acc: *100.000%* (50000/50000) 
Test epoch: 446 | Loss: *0.786* | Acc: *76.680%* (7668/10000)
Train epoch: 447 | Loss: *0.002* | Acc: *100.000%* (50000/50000) 
Test epoch: 447 | Loss: *0.788* | Acc: *76.840%* (7684/10000)
Train epoch: 448 | Loss: *0.002* | Acc: *100.000%* (50000/50000) 
Test epoch: 448 | Loss: *0.787* | Acc: *76.540%* (7654/10000)
Train epoch: 449 | Loss: *0.002* | Acc: *100.000%* (50000/50000) 
Test epoch: 449 | Loss: *0.790* | Acc: *76.570%* (7657/10000)
Train epoch: 450 | Loss: *0.002* | Acc: *100.000%* (50000/50000) 
Test epoch: 450 | Loss: *0.794* | Acc: *76.600%* (7660/10000)
Train epoch: 451 | Loss: *0.002* | Acc: *100.000%* (50000/50000) 
Test epoch: 451 | Loss: *0.797* | Acc: *76.450%* (7645/10000)
Train epoch: 452 | Loss: *0.002* | Acc: *100.000%* (50000/50000) 
Test epoch: 452 | Loss: *0.799* | Acc: *76.290%* (7629/10000)
Train epoch: 453 | Loss: *0.002* | Acc: *100.000%* (50000/50000) 
Test epoch: 453 | Loss: *0.793* | Acc: *76.340%* (7634/10000)
Train epoch: 454 | Loss: *0.002* | Acc: *100.000%* (50000/50000) 
Test epoch: 454 | Loss: *0.794* | Acc: *76.380%* (7638/10000)
Train epoch: 455 | Loss: *0.002* | Acc: *100.000%* (50000/50000) 
Test epoch: 455 | Loss: *0.798* | Acc: *76.330%* (7633/10000)
Train epoch: 456 | Loss: *0.002* | Acc: *100.000%* (50000/50000) 
Test epoch: 456 | Loss: *0.795* | Acc: *76.300%* (7630/10000)
Train epoch: 457 | Loss: *0.002* | Acc: *100.000%* (50000/50000) 
Test epoch: 457 | Loss: *0.794* | Acc: *76.500%* (7650/10000)
Train epoch: 458 | Loss: *0.002* | Acc: *100.000%* (50000/50000) 
Test epoch: 458 | Loss: *0.804* | Acc: *76.150%* (7615/10000)
Train epoch: 459 | Loss: *0.002* | Acc: *100.000%* (50000/50000) 
Test epoch: 459 | Loss: *0.802* | Acc: *76.210%* (7621/10000)
Train epoch: 460 | Loss: *0.002* | Acc: *100.000%* (50000/50000) 
Test epoch: 460 | Loss: *0.800* | Acc: *76.190%* (7619/10000)
Train epoch: 461 | Loss: *0.002* | Acc: *100.000%* (50000/50000) 
Test epoch: 461 | Loss: *0.801* | Acc: *76.390%* (7639/10000)
Train epoch: 462 | Loss: *0.002* | Acc: *100.000%* (50000/50000) 
Test epoch: 462 | Loss: *0.810* | Acc: *76.050%* (7605/10000)
Train epoch: 463 | Loss: *0.002* | Acc: *100.000%* (50000/50000) 
Test epoch: 463 | Loss: *0.800* | Acc: *76.160%* (7616/10000)
Train epoch: 464 | Loss: *0.002* | Acc: *100.000%* (50000/50000) 
Test epoch: 464 | Loss: *0.800* | Acc: *76.380%* (7638/10000)
Train epoch: 465 | Loss: *0.002* | Acc: *100.000%* (50000/50000) 
Test epoch: 465 | Loss: *0.804* | Acc: *76.200%* (7620/10000)
Train epoch: 466 | Loss: *0.002* | Acc: *100.000%* (50000/50000) 
Test epoch: 466 | Loss: *0.802* | Acc: *76.240%* (7624/10000)
Train epoch: 467 | Loss: *0.002* | Acc: *100.000%* (50000/50000) 
Test epoch: 467 | Loss: *0.807* | Acc: *76.110%* (7611/10000)
Train epoch: 468 | Loss: *0.002* | Acc: *100.000%* (50000/50000) 
Test epoch: 468 | Loss: *0.804* | Acc: *76.110%* (7611/10000)
Train epoch: 469 | Loss: *0.002* | Acc: *100.000%* (50000/50000) 
Test epoch: 469 | Loss: *0.805* | Acc: *76.270%* (7627/10000)
Train epoch: 470 | Loss: *0.002* | Acc: *100.000%* (50000/50000) 
Test epoch: 470 | Loss: *0.805* | Acc: *76.000%* (7600/10000)
Train epoch: 471 | Loss: *0.002* | Acc: *100.000%* (50000/50000) 
Test epoch: 471 | Loss: *0.804* | Acc: *76.190%* (7619/10000)
Train epoch: 472 | Loss: *0.002* | Acc: *100.000%* (50000/50000) 
Test epoch: 472 | Loss: *0.811* | Acc: *76.090%* (7609/10000)
Train epoch: 473 | Loss: *0.002* | Acc: *100.000%* (50000/50000) 
Test epoch: 473 | Loss: *0.810* | Acc: *75.940%* (7594/10000)
Train epoch: 474 | Loss: *0.002* | Acc: *100.000%* (50000/50000) 
Test epoch: 474 | Loss: *0.812* | Acc: *76.060%* (7606/10000)
Train epoch: 475 | Loss: *0.002* | Acc: *100.000%* (50000/50000) 
Test epoch: 475 | Loss: *0.815* | Acc: *76.040%* (7604/10000)
Train epoch: 476 | Loss: *0.002* | Acc: *100.000%* (50000/50000) 
Test epoch: 476 | Loss: *0.817* | Acc: *76.000%* (7600/10000)
Train epoch: 477 | Loss: *0.002* | Acc: *100.000%* (50000/50000) 
Test epoch: 477 | Loss: *0.813* | Acc: *75.960%* (7596/10000)
Train epoch: 478 | Loss: *0.002* | Acc: *100.000%* (50000/50000) 
Test epoch: 478 | Loss: *0.832* | Acc: *75.660%* (7566/10000)
Train epoch: 479 | Loss: *0.002* | Acc: *100.000%* (50000/50000) 
Test epoch: 479 | Loss: *0.813* | Acc: *75.980%* (7598/10000)
Train epoch: 480 | Loss: *0.002* | Acc: *100.000%* (50000/50000) 
Test epoch: 480 | Loss: *0.814* | Acc: *75.830%* (7583/10000)
Train epoch: 481 | Loss: *0.002* | Acc: *100.000%* (50000/50000) 
Test epoch: 481 | Loss: *0.815* | Acc: *75.910%* (7591/10000)
Train epoch: 482 | Loss: *0.002* | Acc: *100.000%* (50000/50000) 
Test epoch: 482 | Loss: *0.813* | Acc: *75.980%* (7598/10000)
Train epoch: 483 | Loss: *0.002* | Acc: *100.000%* (50000/50000) 
Test epoch: 483 | Loss: *0.812* | Acc: *76.100%* (7610/10000)
Train epoch: 484 | Loss: *0.002* | Acc: *100.000%* (50000/50000) 
Test epoch: 484 | Loss: *0.814* | Acc: *76.030%* (7603/10000)
Train epoch: 485 | Loss: *0.002* | Acc: *100.000%* (50000/50000) 
Test epoch: 485 | Loss: *0.815* | Acc: *75.950%* (7595/10000)
Train epoch: 486 | Loss: *0.002* | Acc: *100.000%* (50000/50000) 
Test epoch: 486 | Loss: *0.817* | Acc: *76.070%* (7607/10000)
Train epoch: 487 | Loss: *0.002* | Acc: *100.000%* (50000/50000) 
Test epoch: 487 | Loss: *0.815* | Acc: *76.120%* (7612/10000)
Train epoch: 488 | Loss: *0.002* | Acc: *100.000%* (50000/50000) 
Test epoch: 488 | Loss: *0.829* | Acc: *75.290%* (7529/10000)
Train epoch: 489 | Loss: *0.002* | Acc: *100.000%* (50000/50000) 
Test epoch: 489 | Loss: *0.823* | Acc: *75.480%* (7548/10000)
Train epoch: 490 | Loss: *0.002* | Acc: *100.000%* (50000/50000) 
Test epoch: 490 | Loss: *0.817* | Acc: *75.840%* (7584/10000)
Train epoch: 491 | Loss: *0.002* | Acc: *100.000%* (50000/50000) 
Test epoch: 491 | Loss: *0.817* | Acc: *75.650%* (7565/10000)
Train epoch: 492 | Loss: *0.002* | Acc: *100.000%* (50000/50000) 
Test epoch: 492 | Loss: *0.823* | Acc: *75.690%* (7569/10000)
Train epoch: 493 | Loss: *0.002* | Acc: *100.000%* (50000/50000) 
Test epoch: 493 | Loss: *0.819* | Acc: *75.920%* (7592/10000)
Train epoch: 494 | Loss: *0.002* | Acc: *100.000%* (50000/50000) 
Test epoch: 494 | Loss: *0.815* | Acc: *75.940%* (7594/10000)
Train epoch: 495 | Loss: *0.002* | Acc: *100.000%* (50000/50000) 
Test epoch: 495 | Loss: *0.816* | Acc: *75.940%* (7594/10000)
Train epoch: 496 | Loss: *0.002* | Acc: *100.000%* (50000/50000) 
Test epoch: 496 | Loss: *0.817* | Acc: *75.790%* (7579/10000)
Train epoch: 497 | Loss: *0.002* | Acc: *100.000%* (50000/50000) 
Test epoch: 497 | Loss: *0.819* | Acc: *75.710%* (7571/10000)
Train epoch: 498 | Loss: *0.002* | Acc: *100.000%* (50000/50000) 
Test epoch: 498 | Loss: *0.821* | Acc: *75.760%* (7576/10000)
Train epoch: 499 | Loss: *0.002* | Acc: *100.000%* (50000/50000) 
Test epoch: 499 | Loss: *0.825* | Acc: *75.880%* (7588/10000)
Train epoch: 500 | Loss: *0.002* | Acc: *100.000%* (50000/50000) 
Test epoch: 500 | Loss: *0.817* | Acc: *75.870%* (7587/10000)
Best test accuracy: *78.750%*, loss: *0.734200122654438*, at epoch: *81*.
==> Execution time summary of 500 epoch(s).
Train data loading time: sum. *220.81721019279212* secs | avg. *0.44163442038558426* secs per epoch.
Train training time: sum. *1108.9519324693829* secs | avg. *2.2179038649387657* secs per epoch.
Train total time: sum. *1329.769142662175* secs | avg. *2.65953828532435* secs per epoch.
Test data loading time: sum. *93.43345164693892* secs | avg. *0.18686690329387784* secs per epoch.
Test training time: sum. *79.04329489171505* secs | avg. *0.1580865897834301* secs per epoch.
Test total time: sum. *172.47674653865397* secs | avg. *0.34495349307730794* secs per epoch.
Total data loading time: sum. *314.25066183973104* secs | avg. *0.6285013236794621* secs per epoch.
Total training time: sum. *1187.995227361098* secs | avg. *2.3759904547221957* secs per epoch.
Total running time: sum. *1502.245889200829* secs | avg. *3.004491778401658* secs per epoch.
==> Number of GPU device: 1
==> Device #0 Memory Usage
==> Allocated: 0.1 GB
==> Cached:    1.5 GB
==> Maximum: 1.5 GB
