==> Running on : cuda
==> Number of CPU: 48
==> Number of workers: 2
==> #Epochs: 500, #Layers: 4, #Blocks: [2, 1, 1, 1], In channel: 64, Input layer conv kernel: 9x9, Residual layer conv kernel 3x3, Skip kernel: 1x1, Input layer conv padding: 4, Residual layer conv padding: 1
==> Optimizer is Adam
==> Learning rate: 0.001
==> Weight decay: 0.0005
==>Trainable Parameters: 4991050
==>Other Parameters: 0
==>Augmentation: None
Files already downloaded and verified
Train epoch: 1 | Loss: *1.397* | Acc: *49.286%* (24643/50000) 
Test epoch: 1 | Loss: *1.328* | Acc: *52.680%* (5268/10000)
Train epoch: 2 | Loss: *0.984* | Acc: *64.890%* (32445/50000) 
Test epoch: 2 | Loss: *0.986* | Acc: *64.700%* (6470/10000)
Train epoch: 3 | Loss: *0.771* | Acc: *72.754%* (36377/50000) 
Test epoch: 3 | Loss: *1.056* | Acc: *61.860%* (6186/10000)
Train epoch: 4 | Loss: *0.649* | Acc: *77.174%* (38587/50000) 
Test epoch: 4 | Loss: *0.779* | Acc: *72.860%* (7286/10000)
Train epoch: 5 | Loss: *0.560* | Acc: *80.560%* (40280/50000) 
Test epoch: 5 | Loss: *0.871* | Acc: *70.180%* (7018/10000)
Train epoch: 6 | Loss: *0.491* | Acc: *83.152%* (41576/50000) 
Test epoch: 6 | Loss: *0.689* | Acc: *76.220%* (7622/10000)
Train epoch: 7 | Loss: *0.430* | Acc: *85.192%* (42596/50000) 
Test epoch: 7 | Loss: *0.702* | Acc: *76.790%* (7679/10000)
Train epoch: 8 | Loss: *0.378* | Acc: *86.784%* (43392/50000) 
Test epoch: 8 | Loss: *0.687* | Acc: *77.680%* (7768/10000)
Train epoch: 9 | Loss: *0.331* | Acc: *88.682%* (44341/50000) 
Test epoch: 9 | Loss: *0.578* | Acc: *80.560%* (8056/10000)
Train epoch: 10 | Loss: *0.286* | Acc: *90.148%* (45074/50000) 
Test epoch: 10 | Loss: *0.608* | Acc: *79.960%* (7996/10000)
Train epoch: 11 | Loss: *0.249* | Acc: *91.326%* (45663/50000) 
Test epoch: 11 | Loss: *0.686* | Acc: *78.490%* (7849/10000)
Train epoch: 12 | Loss: *0.221* | Acc: *92.292%* (46146/50000) 
Test epoch: 12 | Loss: *0.657* | Acc: *79.790%* (7979/10000)
Train epoch: 13 | Loss: *0.192* | Acc: *93.390%* (46695/50000) 
Test epoch: 13 | Loss: *0.729* | Acc: *78.010%* (7801/10000)
Train epoch: 14 | Loss: *0.180* | Acc: *93.774%* (46887/50000) 
Test epoch: 14 | Loss: *0.653* | Acc: *80.300%* (8030/10000)
Train epoch: 15 | Loss: *0.166* | Acc: *94.346%* (47173/50000) 
Test epoch: 15 | Loss: *0.759* | Acc: *77.420%* (7742/10000)
Train epoch: 16 | Loss: *0.153* | Acc: *94.702%* (47351/50000) 
Test epoch: 16 | Loss: *0.679* | Acc: *80.220%* (8022/10000)
Train epoch: 17 | Loss: *0.140* | Acc: *95.154%* (47577/50000) 
Test epoch: 17 | Loss: *0.817* | Acc: *77.560%* (7756/10000)
Train epoch: 18 | Loss: *0.143* | Acc: *95.042%* (47521/50000) 
Test epoch: 18 | Loss: *0.802* | Acc: *77.960%* (7796/10000)
Train epoch: 19 | Loss: *0.128* | Acc: *95.674%* (47837/50000) 
Test epoch: 19 | Loss: *0.656* | Acc: *81.180%* (8118/10000)
Train epoch: 20 | Loss: *0.132* | Acc: *95.486%* (47743/50000) 
Test epoch: 20 | Loss: *0.744* | Acc: *78.640%* (7864/10000)
Train epoch: 21 | Loss: *0.117* | Acc: *96.064%* (48032/50000) 
Test epoch: 21 | Loss: *0.714* | Acc: *80.110%* (8011/10000)
Train epoch: 22 | Loss: *0.120* | Acc: *95.916%* (47958/50000) 
Test epoch: 22 | Loss: *0.861* | Acc: *76.300%* (7630/10000)
Train epoch: 23 | Loss: *0.122* | Acc: *95.810%* (47905/50000) 
Test epoch: 23 | Loss: *0.711* | Acc: *79.680%* (7968/10000)
Train epoch: 24 | Loss: *0.105* | Acc: *96.450%* (48225/50000) 
Test epoch: 24 | Loss: *0.817* | Acc: *78.310%* (7831/10000)
Train epoch: 25 | Loss: *0.113* | Acc: *96.142%* (48071/50000) 
Test epoch: 25 | Loss: *0.716* | Acc: *79.840%* (7984/10000)
Train epoch: 26 | Loss: *0.114* | Acc: *96.070%* (48035/50000) 
Test epoch: 26 | Loss: *0.819* | Acc: *78.300%* (7830/10000)
Train epoch: 27 | Loss: *0.104* | Acc: *96.494%* (48247/50000) 
Test epoch: 27 | Loss: *0.728* | Acc: *80.570%* (8057/10000)
Train epoch: 28 | Loss: *0.101* | Acc: *96.558%* (48279/50000) 
Test epoch: 28 | Loss: *0.751* | Acc: *79.740%* (7974/10000)
Train epoch: 29 | Loss: *0.108* | Acc: *96.368%* (48184/50000) 
Test epoch: 29 | Loss: *0.760* | Acc: *79.780%* (7978/10000)
Train epoch: 30 | Loss: *0.094* | Acc: *96.748%* (48374/50000) 
Test epoch: 30 | Loss: *0.726* | Acc: *80.800%* (8080/10000)
Train epoch: 31 | Loss: *0.102* | Acc: *96.532%* (48266/50000) 
Test epoch: 31 | Loss: *0.720* | Acc: *80.710%* (8071/10000)
Train epoch: 32 | Loss: *0.089* | Acc: *97.040%* (48520/50000) 
Test epoch: 32 | Loss: *0.768* | Acc: *79.960%* (7996/10000)
Train epoch: 33 | Loss: *0.102* | Acc: *96.538%* (48269/50000) 
Test epoch: 33 | Loss: *0.756* | Acc: *79.850%* (7985/10000)
Train epoch: 34 | Loss: *0.091* | Acc: *97.050%* (48525/50000) 
Test epoch: 34 | Loss: *0.720* | Acc: *80.260%* (8026/10000)
Train epoch: 35 | Loss: *0.091* | Acc: *96.982%* (48491/50000) 
Test epoch: 35 | Loss: *0.792* | Acc: *78.980%* (7898/10000)
Train epoch: 36 | Loss: *0.088* | Acc: *97.164%* (48582/50000) 
Test epoch: 36 | Loss: *0.724* | Acc: *80.310%* (8031/10000)
Train epoch: 37 | Loss: *0.090* | Acc: *96.952%* (48476/50000) 
Test epoch: 37 | Loss: *0.724* | Acc: *80.030%* (8003/10000)
Train epoch: 38 | Loss: *0.091* | Acc: *97.030%* (48515/50000) 
Test epoch: 38 | Loss: *0.722* | Acc: *80.530%* (8053/10000)
Train epoch: 39 | Loss: *0.082* | Acc: *97.328%* (48664/50000) 
Test epoch: 39 | Loss: *0.772* | Acc: *80.350%* (8035/10000)
Train epoch: 40 | Loss: *0.083* | Acc: *97.248%* (48624/50000) 
Test epoch: 40 | Loss: *0.764* | Acc: *80.000%* (8000/10000)
Train epoch: 41 | Loss: *0.090* | Acc: *97.012%* (48506/50000) 
Test epoch: 41 | Loss: *0.720* | Acc: *81.200%* (8120/10000)
Train epoch: 42 | Loss: *0.078* | Acc: *97.402%* (48701/50000) 
Test epoch: 42 | Loss: *0.709* | Acc: *81.570%* (8157/10000)
Train epoch: 43 | Loss: *0.082* | Acc: *97.292%* (48646/50000) 
Test epoch: 43 | Loss: *0.756* | Acc: *80.330%* (8033/10000)
Train epoch: 44 | Loss: *0.078* | Acc: *97.508%* (48754/50000) 
Test epoch: 44 | Loss: *0.732* | Acc: *80.040%* (8004/10000)
Train epoch: 45 | Loss: *0.082* | Acc: *97.284%* (48642/50000) 
Test epoch: 45 | Loss: *0.798* | Acc: *79.040%* (7904/10000)
Train epoch: 46 | Loss: *0.073* | Acc: *97.642%* (48821/50000) 
Test epoch: 46 | Loss: *0.678* | Acc: *81.380%* (8138/10000)
Train epoch: 47 | Loss: *0.079* | Acc: *97.344%* (48672/50000) 
Test epoch: 47 | Loss: *0.772* | Acc: *79.610%* (7961/10000)
Train epoch: 48 | Loss: *0.073* | Acc: *97.638%* (48819/50000) 
Test epoch: 48 | Loss: *0.697* | Acc: *81.130%* (8113/10000)
Train epoch: 49 | Loss: *0.070* | Acc: *97.728%* (48864/50000) 
Test epoch: 49 | Loss: *0.742* | Acc: *80.780%* (8078/10000)
Train epoch: 50 | Loss: *0.084* | Acc: *97.170%* (48585/50000) 
Test epoch: 50 | Loss: *0.817* | Acc: *78.250%* (7825/10000)
Train epoch: 51 | Loss: *0.073* | Acc: *97.596%* (48798/50000) 
Test epoch: 51 | Loss: *0.724* | Acc: *80.850%* (8085/10000)
Train epoch: 52 | Loss: *0.068* | Acc: *97.814%* (48907/50000) 
Test epoch: 52 | Loss: *0.738* | Acc: *80.450%* (8045/10000)
Train epoch: 53 | Loss: *0.072* | Acc: *97.580%* (48790/50000) 
Test epoch: 53 | Loss: *0.757* | Acc: *80.260%* (8026/10000)
Train epoch: 54 | Loss: *0.071* | Acc: *97.654%* (48827/50000) 
Test epoch: 54 | Loss: *0.720* | Acc: *80.650%* (8065/10000)
Train epoch: 55 | Loss: *0.071* | Acc: *97.682%* (48841/50000) 
Test epoch: 55 | Loss: *0.753* | Acc: *80.590%* (8059/10000)
Train epoch: 56 | Loss: *0.066* | Acc: *97.826%* (48913/50000) 
Test epoch: 56 | Loss: *0.713* | Acc: *81.050%* (8105/10000)
Train epoch: 57 | Loss: *0.061* | Acc: *98.082%* (49041/50000) 
Test epoch: 57 | Loss: *0.742* | Acc: *81.020%* (8102/10000)
Train epoch: 58 | Loss: *0.067* | Acc: *97.846%* (48923/50000) 
Test epoch: 58 | Loss: *0.752* | Acc: *80.560%* (8056/10000)
Train epoch: 59 | Loss: *0.066* | Acc: *97.892%* (48946/50000) 
Test epoch: 59 | Loss: *0.757* | Acc: *80.430%* (8043/10000)
Train epoch: 60 | Loss: *0.064* | Acc: *97.946%* (48973/50000) 
Test epoch: 60 | Loss: *0.726* | Acc: *80.560%* (8056/10000)
Train epoch: 61 | Loss: *0.059* | Acc: *98.150%* (49075/50000) 
Test epoch: 61 | Loss: *0.769* | Acc: *80.680%* (8068/10000)
Train epoch: 62 | Loss: *0.064* | Acc: *97.922%* (48961/50000) 
Test epoch: 62 | Loss: *0.726* | Acc: *81.650%* (8165/10000)
Train epoch: 63 | Loss: *0.059* | Acc: *98.104%* (49052/50000) 
Test epoch: 63 | Loss: *0.766* | Acc: *80.400%* (8040/10000)
Train epoch: 64 | Loss: *0.062* | Acc: *97.992%* (48996/50000) 
Test epoch: 64 | Loss: *0.839* | Acc: *79.160%* (7916/10000)
Train epoch: 65 | Loss: *0.061* | Acc: *98.072%* (49036/50000) 
Test epoch: 65 | Loss: *0.694* | Acc: *81.920%* (8192/10000)
Train epoch: 66 | Loss: *0.053* | Acc: *98.310%* (49155/50000) 
Test epoch: 66 | Loss: *0.735* | Acc: *81.230%* (8123/10000)
Train epoch: 67 | Loss: *0.065* | Acc: *97.738%* (48869/50000) 
Test epoch: 67 | Loss: *0.837* | Acc: *78.730%* (7873/10000)
Train epoch: 68 | Loss: *0.051* | Acc: *98.396%* (49198/50000) 
Test epoch: 68 | Loss: *0.750* | Acc: *80.880%* (8088/10000)
Train epoch: 69 | Loss: *0.055* | Acc: *98.272%* (49136/50000) 
Test epoch: 69 | Loss: *0.809* | Acc: *79.580%* (7958/10000)
Train epoch: 70 | Loss: *0.061* | Acc: *97.998%* (48999/50000) 
Test epoch: 70 | Loss: *0.710* | Acc: *81.830%* (8183/10000)
Train epoch: 71 | Loss: *0.048* | Acc: *98.466%* (49233/50000) 
Test epoch: 71 | Loss: *0.737* | Acc: *81.140%* (8114/10000)
Train epoch: 72 | Loss: *0.046* | Acc: *98.592%* (49296/50000) 
Test epoch: 72 | Loss: *0.788* | Acc: *80.660%* (8066/10000)
Train epoch: 73 | Loss: *0.056* | Acc: *98.238%* (49119/50000) 
Test epoch: 73 | Loss: *0.742* | Acc: *80.810%* (8081/10000)
Train epoch: 74 | Loss: *0.053* | Acc: *98.340%* (49170/50000) 
Test epoch: 74 | Loss: *0.751* | Acc: *80.200%* (8020/10000)
Train epoch: 75 | Loss: *0.046* | Acc: *98.576%* (49288/50000) 
Test epoch: 75 | Loss: *0.795* | Acc: *80.670%* (8067/10000)
Train epoch: 76 | Loss: *0.053* | Acc: *98.388%* (49194/50000) 
Test epoch: 76 | Loss: *0.755* | Acc: *80.480%* (8048/10000)
Train epoch: 77 | Loss: *0.051* | Acc: *98.408%* (49204/50000) 
Test epoch: 77 | Loss: *0.747* | Acc: *80.950%* (8095/10000)
Train epoch: 78 | Loss: *0.045* | Acc: *98.636%* (49318/50000) 
Test epoch: 78 | Loss: *0.713* | Acc: *82.040%* (8204/10000)
Train epoch: 79 | Loss: *0.049* | Acc: *98.456%* (49228/50000) 
Test epoch: 79 | Loss: *0.706* | Acc: *82.080%* (8208/10000)
Train epoch: 80 | Loss: *0.043* | Acc: *98.672%* (49336/50000) 
Test epoch: 80 | Loss: *0.731* | Acc: *80.940%* (8094/10000)
Train epoch: 81 | Loss: *0.043* | Acc: *98.704%* (49352/50000) 
Test epoch: 81 | Loss: *0.747* | Acc: *80.860%* (8086/10000)
Train epoch: 82 | Loss: *0.044* | Acc: *98.636%* (49318/50000) 
Test epoch: 82 | Loss: *0.739* | Acc: *81.230%* (8123/10000)
Train epoch: 83 | Loss: *0.037* | Acc: *98.876%* (49438/50000) 
Test epoch: 83 | Loss: *0.704* | Acc: *81.760%* (8176/10000)
Train epoch: 84 | Loss: *0.043* | Acc: *98.694%* (49347/50000) 
Test epoch: 84 | Loss: *0.793* | Acc: *80.090%* (8009/10000)
Train epoch: 85 | Loss: *0.047* | Acc: *98.516%* (49258/50000) 
Test epoch: 85 | Loss: *0.753* | Acc: *80.880%* (8088/10000)
Train epoch: 86 | Loss: *0.047* | Acc: *98.584%* (49292/50000) 
Test epoch: 86 | Loss: *0.745* | Acc: *81.620%* (8162/10000)
Train epoch: 87 | Loss: *0.033* | Acc: *99.076%* (49538/50000) 
Test epoch: 87 | Loss: *0.793* | Acc: *79.990%* (7999/10000)
Train epoch: 88 | Loss: *0.038* | Acc: *98.880%* (49440/50000) 
Test epoch: 88 | Loss: *0.768* | Acc: *80.940%* (8094/10000)
Train epoch: 89 | Loss: *0.046* | Acc: *98.592%* (49296/50000) 
Test epoch: 89 | Loss: *0.714* | Acc: *81.850%* (8185/10000)
Train epoch: 90 | Loss: *0.039* | Acc: *98.846%* (49423/50000) 
Test epoch: 90 | Loss: *0.699* | Acc: *82.180%* (8218/10000)
Train epoch: 91 | Loss: *0.028* | Acc: *99.270%* (49635/50000) 
Test epoch: 91 | Loss: *0.712* | Acc: *82.000%* (8200/10000)
Train epoch: 92 | Loss: *0.031* | Acc: *99.134%* (49567/50000) 
Test epoch: 92 | Loss: *0.759* | Acc: *80.900%* (8090/10000)
Train epoch: 93 | Loss: *0.045* | Acc: *98.690%* (49345/50000) 
Test epoch: 93 | Loss: *0.728* | Acc: *81.400%* (8140/10000)
Train epoch: 94 | Loss: *0.045* | Acc: *98.628%* (49314/50000) 
Test epoch: 94 | Loss: *0.713* | Acc: *81.690%* (8169/10000)
Train epoch: 95 | Loss: *0.030* | Acc: *99.168%* (49584/50000) 
Test epoch: 95 | Loss: *0.715* | Acc: *81.880%* (8188/10000)
Train epoch: 96 | Loss: *0.025* | Acc: *99.360%* (49680/50000) 
Test epoch: 96 | Loss: *0.713* | Acc: *81.960%* (8196/10000)
Train epoch: 97 | Loss: *0.021* | Acc: *99.468%* (49734/50000) 
Test epoch: 97 | Loss: *0.732* | Acc: *82.030%* (8203/10000)
Train epoch: 98 | Loss: *0.035* | Acc: *98.976%* (49488/50000) 
Test epoch: 98 | Loss: *0.787* | Acc: *80.770%* (8077/10000)
Train epoch: 99 | Loss: *0.052* | Acc: *98.378%* (49189/50000) 
Test epoch: 99 | Loss: *0.705* | Acc: *82.100%* (8210/10000)
Train epoch: 100 | Loss: *0.030* | Acc: *99.112%* (49556/50000) 
Test epoch: 100 | Loss: *0.695* | Acc: *82.590%* (8259/10000)
Train epoch: 101 | Loss: *0.020* | Acc: *99.546%* (49773/50000) 
Test epoch: 101 | Loss: *0.699* | Acc: *82.260%* (8226/10000)
Train epoch: 102 | Loss: *0.019* | Acc: *99.530%* (49765/50000) 
Test epoch: 102 | Loss: *0.739* | Acc: *81.240%* (8124/10000)
Train epoch: 103 | Loss: *0.036* | Acc: *98.998%* (49499/50000) 
Test epoch: 103 | Loss: *0.743* | Acc: *80.630%* (8063/10000)
Train epoch: 104 | Loss: *0.039* | Acc: *98.860%* (49430/50000) 
Test epoch: 104 | Loss: *0.763* | Acc: *80.860%* (8086/10000)
Train epoch: 105 | Loss: *0.021* | Acc: *99.506%* (49753/50000) 
Test epoch: 105 | Loss: *0.707* | Acc: *82.600%* (8260/10000)
Train epoch: 106 | Loss: *0.014* | Acc: *99.724%* (49862/50000) 
Test epoch: 106 | Loss: *0.701* | Acc: *82.280%* (8228/10000)
Train epoch: 107 | Loss: *0.017* | Acc: *99.610%* (49805/50000) 
Test epoch: 107 | Loss: *0.745* | Acc: *81.570%* (8157/10000)
Train epoch: 108 | Loss: *0.033* | Acc: *99.124%* (49562/50000) 
Test epoch: 108 | Loss: *0.745* | Acc: *80.840%* (8084/10000)
Train epoch: 109 | Loss: *0.047* | Acc: *98.564%* (49282/50000) 
Test epoch: 109 | Loss: *0.740* | Acc: *80.940%* (8094/10000)
Train epoch: 110 | Loss: *0.024* | Acc: *99.426%* (49713/50000) 
Test epoch: 110 | Loss: *0.705* | Acc: *82.330%* (8233/10000)
Train epoch: 111 | Loss: *0.012* | Acc: *99.824%* (49912/50000) 
Test epoch: 111 | Loss: *0.668* | Acc: *82.920%* (8292/10000)
Train epoch: 112 | Loss: *0.011* | Acc: *99.790%* (49895/50000) 
Test epoch: 112 | Loss: *0.663* | Acc: *83.080%* (8308/10000)
Train epoch: 113 | Loss: *0.010* | Acc: *99.830%* (49915/50000) 
Test epoch: 113 | Loss: *0.692* | Acc: *82.420%* (8242/10000)
Train epoch: 114 | Loss: *0.034* | Acc: *99.056%* (49528/50000) 
Test epoch: 114 | Loss: *0.781* | Acc: *79.690%* (7969/10000)
Train epoch: 115 | Loss: *0.053* | Acc: *98.390%* (49195/50000) 
Test epoch: 115 | Loss: *0.717* | Acc: *81.810%* (8181/10000)
Train epoch: 116 | Loss: *0.019* | Acc: *99.572%* (49786/50000) 
Test epoch: 116 | Loss: *0.660* | Acc: *82.530%* (8253/10000)
Train epoch: 117 | Loss: *0.008* | Acc: *99.912%* (49956/50000) 
Test epoch: 117 | Loss: *0.627* | Acc: *83.590%* (8359/10000)
Train epoch: 118 | Loss: *0.003* | Acc: *99.996%* (49998/50000) 
Test epoch: 118 | Loss: *0.610* | Acc: *83.490%* (8349/10000)
Train epoch: 119 | Loss: *0.003* | Acc: *99.998%* (49999/50000) 
Test epoch: 119 | Loss: *0.586* | Acc: *84.040%* (8404/10000)
Train epoch: 120 | Loss: *0.003* | Acc: *100.000%* (50000/50000) 
Test epoch: 120 | Loss: *0.576* | Acc: *83.760%* (8376/10000)
Train epoch: 121 | Loss: *0.003* | Acc: *100.000%* (50000/50000) 
Test epoch: 121 | Loss: *0.568* | Acc: *83.930%* (8393/10000)
Train epoch: 122 | Loss: *0.004* | Acc: *99.998%* (49999/50000) 
Test epoch: 122 | Loss: *0.577* | Acc: *83.470%* (8347/10000)
Train epoch: 123 | Loss: *0.119* | Acc: *96.120%* (48060/50000) 
Test epoch: 123 | Loss: *0.666* | Acc: *80.760%* (8076/10000)
Train epoch: 124 | Loss: *0.063* | Acc: *98.198%* (49099/50000) 
Test epoch: 124 | Loss: *0.629* | Acc: *82.110%* (8211/10000)
Train epoch: 125 | Loss: *0.016* | Acc: *99.740%* (49870/50000) 
Test epoch: 125 | Loss: *0.599* | Acc: *83.500%* (8350/10000)
Train epoch: 126 | Loss: *0.006* | Acc: *99.974%* (49987/50000) 
Test epoch: 126 | Loss: *0.591* | Acc: *83.780%* (8378/10000)
Train epoch: 127 | Loss: *0.003* | Acc: *99.998%* (49999/50000) 
Test epoch: 127 | Loss: *0.580* | Acc: *83.830%* (8383/10000)
Train epoch: 128 | Loss: *0.003* | Acc: *100.000%* (50000/50000) 
Test epoch: 128 | Loss: *0.578* | Acc: *83.970%* (8397/10000)
Train epoch: 129 | Loss: *0.003* | Acc: *100.000%* (50000/50000) 
Test epoch: 129 | Loss: *0.571* | Acc: *83.900%* (8390/10000)
Train epoch: 130 | Loss: *0.003* | Acc: *100.000%* (50000/50000) 
Test epoch: 130 | Loss: *0.573* | Acc: *83.620%* (8362/10000)
Train epoch: 131 | Loss: *0.040* | Acc: *98.872%* (49436/50000) 
Test epoch: 131 | Loss: *0.852* | Acc: *76.950%* (7695/10000)
Train epoch: 132 | Loss: *0.072* | Acc: *97.860%* (48930/50000) 
Test epoch: 132 | Loss: *0.651* | Acc: *82.360%* (8236/10000)
Train epoch: 133 | Loss: *0.015* | Acc: *99.764%* (49882/50000) 
Test epoch: 133 | Loss: *0.650* | Acc: *82.680%* (8268/10000)
Train epoch: 134 | Loss: *0.006* | Acc: *99.958%* (49979/50000) 
Test epoch: 134 | Loss: *0.618* | Acc: *83.280%* (8328/10000)
Train epoch: 135 | Loss: *0.004* | Acc: *99.998%* (49999/50000) 
Test epoch: 135 | Loss: *0.593* | Acc: *83.690%* (8369/10000)
Train epoch: 136 | Loss: *0.003* | Acc: *100.000%* (50000/50000) 
Test epoch: 136 | Loss: *0.584* | Acc: *83.580%* (8358/10000)
Train epoch: 137 | Loss: *0.003* | Acc: *100.000%* (50000/50000) 
Test epoch: 137 | Loss: *0.577* | Acc: *83.550%* (8355/10000)
Train epoch: 138 | Loss: *0.003* | Acc: *100.000%* (50000/50000) 
Test epoch: 138 | Loss: *0.569* | Acc: *83.620%* (8362/10000)
Train epoch: 139 | Loss: *0.003* | Acc: *100.000%* (50000/50000) 
Test epoch: 139 | Loss: *0.576* | Acc: *83.430%* (8343/10000)
Train epoch: 140 | Loss: *0.003* | Acc: *99.998%* (49999/50000) 
Test epoch: 140 | Loss: *0.576* | Acc: *83.330%* (8333/10000)
Train epoch: 141 | Loss: *0.009* | Acc: *99.844%* (49922/50000) 
Test epoch: 141 | Loss: *0.943* | Acc: *74.790%* (7479/10000)
Train epoch: 142 | Loss: *0.083* | Acc: *97.512%* (48756/50000) 
Test epoch: 142 | Loss: *0.656* | Acc: *82.260%* (8226/10000)
Train epoch: 143 | Loss: *0.014* | Acc: *99.820%* (49910/50000) 
Test epoch: 143 | Loss: *0.607* | Acc: *83.250%* (8325/10000)
Train epoch: 144 | Loss: *0.005* | Acc: *99.994%* (49997/50000) 
Test epoch: 144 | Loss: *0.599* | Acc: *83.740%* (8374/10000)
Train epoch: 145 | Loss: *0.003* | Acc: *100.000%* (50000/50000) 
Test epoch: 145 | Loss: *0.584* | Acc: *83.830%* (8383/10000)
Train epoch: 146 | Loss: *0.003* | Acc: *100.000%* (50000/50000) 
Test epoch: 146 | Loss: *0.582* | Acc: *83.960%* (8396/10000)
Train epoch: 147 | Loss: *0.003* | Acc: *100.000%* (50000/50000) 
Test epoch: 147 | Loss: *0.579* | Acc: *83.710%* (8371/10000)
Train epoch: 148 | Loss: *0.003* | Acc: *100.000%* (50000/50000) 
Test epoch: 148 | Loss: *0.579* | Acc: *83.660%* (8366/10000)
Train epoch: 149 | Loss: *0.003* | Acc: *100.000%* (50000/50000) 
Test epoch: 149 | Loss: *0.574* | Acc: *83.690%* (8369/10000)
Train epoch: 150 | Loss: *0.003* | Acc: *99.998%* (49999/50000) 
Test epoch: 150 | Loss: *0.581* | Acc: *83.210%* (8321/10000)
Train epoch: 151 | Loss: *0.003* | Acc: *100.000%* (50000/50000) 
Test epoch: 151 | Loss: *0.571* | Acc: *83.470%* (8347/10000)
Train epoch: 152 | Loss: *0.003* | Acc: *100.000%* (50000/50000) 
Test epoch: 152 | Loss: *0.575* | Acc: *83.250%* (8325/10000)
Train epoch: 153 | Loss: *0.005* | Acc: *99.984%* (49992/50000) 
Test epoch: 153 | Loss: *0.733* | Acc: *79.660%* (7966/10000)
Train epoch: 154 | Loss: *0.044* | Acc: *98.924%* (49462/50000) 
Test epoch: 154 | Loss: *0.647* | Acc: *81.890%* (8189/10000)
Train epoch: 155 | Loss: *0.009* | Acc: *99.916%* (49958/50000) 
Test epoch: 155 | Loss: *0.620* | Acc: *83.110%* (8311/10000)
Train epoch: 156 | Loss: *0.004* | Acc: *99.998%* (49999/50000) 
Test epoch: 156 | Loss: *0.602* | Acc: *83.550%* (8355/10000)
Train epoch: 157 | Loss: *0.003* | Acc: *100.000%* (50000/50000) 
Test epoch: 157 | Loss: *0.596* | Acc: *83.660%* (8366/10000)
Train epoch: 158 | Loss: *0.002* | Acc: *100.000%* (50000/50000) 
Test epoch: 158 | Loss: *0.591* | Acc: *83.570%* (8357/10000)
Train epoch: 159 | Loss: *0.002* | Acc: *100.000%* (50000/50000) 
Test epoch: 159 | Loss: *0.586* | Acc: *83.630%* (8363/10000)
Train epoch: 160 | Loss: *0.002* | Acc: *100.000%* (50000/50000) 
Test epoch: 160 | Loss: *0.584* | Acc: *83.500%* (8350/10000)
Train epoch: 161 | Loss: *0.002* | Acc: *100.000%* (50000/50000) 
Test epoch: 161 | Loss: *0.576* | Acc: *83.500%* (8350/10000)
Train epoch: 162 | Loss: *0.002* | Acc: *100.000%* (50000/50000) 
Test epoch: 162 | Loss: *0.572* | Acc: *83.530%* (8353/10000)
Train epoch: 163 | Loss: *0.002* | Acc: *100.000%* (50000/50000) 
Test epoch: 163 | Loss: *0.574* | Acc: *83.360%* (8336/10000)
Train epoch: 164 | Loss: *0.002* | Acc: *100.000%* (50000/50000) 
Test epoch: 164 | Loss: *0.590* | Acc: *83.110%* (8311/10000)
Train epoch: 165 | Loss: *0.002* | Acc: *100.000%* (50000/50000) 
Test epoch: 165 | Loss: *0.574* | Acc: *83.360%* (8336/10000)
Train epoch: 166 | Loss: *0.003* | Acc: *100.000%* (50000/50000) 
Test epoch: 166 | Loss: *0.583* | Acc: *83.000%* (8300/10000)
Train epoch: 167 | Loss: *0.003* | Acc: *100.000%* (50000/50000) 
Test epoch: 167 | Loss: *0.580* | Acc: *83.180%* (8318/10000)
Train epoch: 168 | Loss: *0.003* | Acc: *100.000%* (50000/50000) 
Test epoch: 168 | Loss: *0.587* | Acc: *82.910%* (8291/10000)
Train epoch: 169 | Loss: *0.003* | Acc: *100.000%* (50000/50000) 
Test epoch: 169 | Loss: *0.593* | Acc: *82.980%* (8298/10000)
Train epoch: 170 | Loss: *0.003* | Acc: *100.000%* (50000/50000) 
Test epoch: 170 | Loss: *0.598* | Acc: *82.560%* (8256/10000)
Train epoch: 171 | Loss: *0.003* | Acc: *100.000%* (50000/50000) 
Test epoch: 171 | Loss: *0.587* | Acc: *82.710%* (8271/10000)
Train epoch: 172 | Loss: *0.002* | Acc: *100.000%* (50000/50000) 
Test epoch: 172 | Loss: *0.583* | Acc: *83.000%* (8300/10000)
Train epoch: 173 | Loss: *0.002* | Acc: *100.000%* (50000/50000) 
Test epoch: 173 | Loss: *0.583* | Acc: *82.920%* (8292/10000)
Train epoch: 174 | Loss: *0.002* | Acc: *100.000%* (50000/50000) 
Test epoch: 174 | Loss: *0.584* | Acc: *82.900%* (8290/10000)
Train epoch: 175 | Loss: *0.002* | Acc: *100.000%* (50000/50000) 
Test epoch: 175 | Loss: *0.602* | Acc: *82.260%* (8226/10000)
Train epoch: 176 | Loss: *0.002* | Acc: *100.000%* (50000/50000) 
Test epoch: 176 | Loss: *0.589* | Acc: *82.640%* (8264/10000)
Train epoch: 177 | Loss: *0.002* | Acc: *100.000%* (50000/50000) 
Test epoch: 177 | Loss: *0.584* | Acc: *82.610%* (8261/10000)
Train epoch: 178 | Loss: *0.002* | Acc: *100.000%* (50000/50000) 
Test epoch: 178 | Loss: *0.583* | Acc: *82.570%* (8257/10000)
Train epoch: 179 | Loss: *0.002* | Acc: *100.000%* (50000/50000) 
Test epoch: 179 | Loss: *0.584* | Acc: *82.860%* (8286/10000)
Train epoch: 180 | Loss: *0.002* | Acc: *100.000%* (50000/50000) 
Test epoch: 180 | Loss: *0.585* | Acc: *82.740%* (8274/10000)
Train epoch: 181 | Loss: *0.002* | Acc: *100.000%* (50000/50000) 
Test epoch: 181 | Loss: *0.590* | Acc: *82.560%* (8256/10000)
Train epoch: 182 | Loss: *0.002* | Acc: *100.000%* (50000/50000) 
Test epoch: 182 | Loss: *0.588* | Acc: *82.440%* (8244/10000)
Train epoch: 183 | Loss: *0.002* | Acc: *100.000%* (50000/50000) 
Test epoch: 183 | Loss: *0.586* | Acc: *82.500%* (8250/10000)
Train epoch: 184 | Loss: *0.002* | Acc: *100.000%* (50000/50000) 
Test epoch: 184 | Loss: *0.589* | Acc: *82.590%* (8259/10000)
Train epoch: 185 | Loss: *0.002* | Acc: *100.000%* (50000/50000) 
Test epoch: 185 | Loss: *0.588* | Acc: *82.430%* (8243/10000)
Train epoch: 186 | Loss: *0.002* | Acc: *100.000%* (50000/50000) 
Test epoch: 186 | Loss: *0.590* | Acc: *82.380%* (8238/10000)
Train epoch: 187 | Loss: *0.002* | Acc: *100.000%* (50000/50000) 
Test epoch: 187 | Loss: *0.589* | Acc: *82.530%* (8253/10000)
Train epoch: 188 | Loss: *0.002* | Acc: *100.000%* (50000/50000) 
Test epoch: 188 | Loss: *0.590* | Acc: *82.440%* (8244/10000)
Train epoch: 189 | Loss: *0.002* | Acc: *100.000%* (50000/50000) 
Test epoch: 189 | Loss: *0.591* | Acc: *82.440%* (8244/10000)
Train epoch: 190 | Loss: *0.002* | Acc: *100.000%* (50000/50000) 
Test epoch: 190 | Loss: *0.594* | Acc: *82.360%* (8236/10000)
Train epoch: 191 | Loss: *0.002* | Acc: *100.000%* (50000/50000) 
Test epoch: 191 | Loss: *0.589* | Acc: *82.530%* (8253/10000)
Train epoch: 192 | Loss: *0.002* | Acc: *100.000%* (50000/50000) 
Test epoch: 192 | Loss: *0.593* | Acc: *82.370%* (8237/10000)
Train epoch: 193 | Loss: *0.002* | Acc: *100.000%* (50000/50000) 
Test epoch: 193 | Loss: *0.593* | Acc: *82.260%* (8226/10000)
Train epoch: 194 | Loss: *0.002* | Acc: *100.000%* (50000/50000) 
Test epoch: 194 | Loss: *0.593* | Acc: *82.330%* (8233/10000)
Train epoch: 195 | Loss: *0.002* | Acc: *100.000%* (50000/50000) 
Test epoch: 195 | Loss: *0.593* | Acc: *82.240%* (8224/10000)
Train epoch: 196 | Loss: *0.002* | Acc: *100.000%* (50000/50000) 
Test epoch: 196 | Loss: *0.594* | Acc: *82.340%* (8234/10000)
Train epoch: 197 | Loss: *0.002* | Acc: *100.000%* (50000/50000) 
Test epoch: 197 | Loss: *0.592* | Acc: *82.330%* (8233/10000)
Train epoch: 198 | Loss: *0.002* | Acc: *100.000%* (50000/50000) 
Test epoch: 198 | Loss: *0.598* | Acc: *82.270%* (8227/10000)
Train epoch: 199 | Loss: *0.002* | Acc: *100.000%* (50000/50000) 
Test epoch: 199 | Loss: *0.594* | Acc: *82.290%* (8229/10000)
Train epoch: 200 | Loss: *0.002* | Acc: *100.000%* (50000/50000) 
Test epoch: 200 | Loss: *0.593* | Acc: *82.400%* (8240/10000)
Train epoch: 201 | Loss: *0.002* | Acc: *100.000%* (50000/50000) 
Test epoch: 201 | Loss: *0.594* | Acc: *82.290%* (8229/10000)
Train epoch: 202 | Loss: *0.002* | Acc: *100.000%* (50000/50000) 
Test epoch: 202 | Loss: *0.593* | Acc: *82.410%* (8241/10000)
Train epoch: 203 | Loss: *0.002* | Acc: *100.000%* (50000/50000) 
Test epoch: 203 | Loss: *0.594* | Acc: *82.310%* (8231/10000)
Train epoch: 204 | Loss: *0.002* | Acc: *100.000%* (50000/50000) 
Test epoch: 204 | Loss: *0.594* | Acc: *82.250%* (8225/10000)
Train epoch: 205 | Loss: *0.002* | Acc: *100.000%* (50000/50000) 
Test epoch: 205 | Loss: *0.597* | Acc: *82.380%* (8238/10000)
Train epoch: 206 | Loss: *0.002* | Acc: *100.000%* (50000/50000) 
Test epoch: 206 | Loss: *0.593* | Acc: *82.370%* (8237/10000)
Train epoch: 207 | Loss: *0.002* | Acc: *100.000%* (50000/50000) 
Test epoch: 207 | Loss: *0.594* | Acc: *82.260%* (8226/10000)
Train epoch: 208 | Loss: *0.002* | Acc: *100.000%* (50000/50000) 
Test epoch: 208 | Loss: *0.594* | Acc: *82.160%* (8216/10000)
Train epoch: 209 | Loss: *0.002* | Acc: *100.000%* (50000/50000) 
Test epoch: 209 | Loss: *0.594* | Acc: *82.310%* (8231/10000)
Train epoch: 210 | Loss: *0.002* | Acc: *100.000%* (50000/50000) 
Test epoch: 210 | Loss: *0.599* | Acc: *82.260%* (8226/10000)
Train epoch: 211 | Loss: *0.002* | Acc: *100.000%* (50000/50000) 
Test epoch: 211 | Loss: *0.598* | Acc: *82.170%* (8217/10000)
Train epoch: 212 | Loss: *0.002* | Acc: *100.000%* (50000/50000) 
Test epoch: 212 | Loss: *0.599* | Acc: *82.120%* (8212/10000)
Train epoch: 213 | Loss: *0.002* | Acc: *100.000%* (50000/50000) 
Test epoch: 213 | Loss: *0.602* | Acc: *82.090%* (8209/10000)
Train epoch: 214 | Loss: *0.002* | Acc: *100.000%* (50000/50000) 
Test epoch: 214 | Loss: *0.605* | Acc: *82.000%* (8200/10000)
Train epoch: 215 | Loss: *0.002* | Acc: *100.000%* (50000/50000) 
Test epoch: 215 | Loss: *0.604* | Acc: *81.940%* (8194/10000)
Train epoch: 216 | Loss: *0.002* | Acc: *100.000%* (50000/50000) 
Test epoch: 216 | Loss: *0.606* | Acc: *81.930%* (8193/10000)
Train epoch: 217 | Loss: *0.002* | Acc: *100.000%* (50000/50000) 
Test epoch: 217 | Loss: *0.610* | Acc: *82.170%* (8217/10000)
Train epoch: 218 | Loss: *0.002* | Acc: *100.000%* (50000/50000) 
Test epoch: 218 | Loss: *0.606* | Acc: *82.050%* (8205/10000)
Train epoch: 219 | Loss: *0.002* | Acc: *100.000%* (50000/50000) 
Test epoch: 219 | Loss: *0.621* | Acc: *81.180%* (8118/10000)
Train epoch: 220 | Loss: *0.002* | Acc: *100.000%* (50000/50000) 
Test epoch: 220 | Loss: *0.612* | Acc: *81.860%* (8186/10000)
Train epoch: 221 | Loss: *0.002* | Acc: *100.000%* (50000/50000) 
Test epoch: 221 | Loss: *0.617* | Acc: *81.790%* (8179/10000)
Train epoch: 222 | Loss: *0.002* | Acc: *100.000%* (50000/50000) 
Test epoch: 222 | Loss: *0.622* | Acc: *81.510%* (8151/10000)
Train epoch: 223 | Loss: *0.003* | Acc: *100.000%* (50000/50000) 
Test epoch: 223 | Loss: *0.671* | Acc: *80.620%* (8062/10000)
Train epoch: 224 | Loss: *0.010* | Acc: *99.932%* (49966/50000) 
Test epoch: 224 | Loss: *0.676* | Acc: *80.100%* (8010/10000)
Train epoch: 225 | Loss: *0.004* | Acc: *99.994%* (49997/50000) 
Test epoch: 225 | Loss: *0.619* | Acc: *81.380%* (8138/10000)
Train epoch: 226 | Loss: *0.002* | Acc: *100.000%* (50000/50000) 
Test epoch: 226 | Loss: *0.612* | Acc: *81.810%* (8181/10000)
Train epoch: 227 | Loss: *0.002* | Acc: *100.000%* (50000/50000) 
Test epoch: 227 | Loss: *0.606* | Acc: *81.940%* (8194/10000)
Train epoch: 228 | Loss: *0.002* | Acc: *100.000%* (50000/50000) 
Test epoch: 228 | Loss: *0.609* | Acc: *81.810%* (8181/10000)
Train epoch: 229 | Loss: *0.002* | Acc: *100.000%* (50000/50000) 
Test epoch: 229 | Loss: *0.608* | Acc: *81.830%* (8183/10000)
Train epoch: 230 | Loss: *0.002* | Acc: *100.000%* (50000/50000) 
Test epoch: 230 | Loss: *0.609* | Acc: *81.880%* (8188/10000)
Train epoch: 231 | Loss: *0.002* | Acc: *100.000%* (50000/50000) 
Test epoch: 231 | Loss: *0.610* | Acc: *81.840%* (8184/10000)
Train epoch: 232 | Loss: *0.004* | Acc: *99.956%* (49978/50000) 
Test epoch: 232 | Loss: *0.988* | Acc: *74.480%* (7448/10000)
Train epoch: 233 | Loss: *0.064* | Acc: *98.416%* (49208/50000) 
Test epoch: 233 | Loss: *0.641* | Acc: *81.260%* (8126/10000)
Train epoch: 234 | Loss: *0.010* | Acc: *99.946%* (49973/50000) 
Test epoch: 234 | Loss: *0.620* | Acc: *82.330%* (8233/10000)
Train epoch: 235 | Loss: *0.004* | Acc: *100.000%* (50000/50000) 
Test epoch: 235 | Loss: *0.605* | Acc: *82.510%* (8251/10000)
Train epoch: 236 | Loss: *0.003* | Acc: *100.000%* (50000/50000) 
Test epoch: 236 | Loss: *0.605* | Acc: *82.530%* (8253/10000)
Train epoch: 237 | Loss: *0.002* | Acc: *100.000%* (50000/50000) 
Test epoch: 237 | Loss: *0.603* | Acc: *82.630%* (8263/10000)
Train epoch: 238 | Loss: *0.002* | Acc: *100.000%* (50000/50000) 
Test epoch: 238 | Loss: *0.607* | Acc: *82.410%* (8241/10000)
Train epoch: 239 | Loss: *0.002* | Acc: *100.000%* (50000/50000) 
Test epoch: 239 | Loss: *0.601* | Acc: *82.490%* (8249/10000)
Train epoch: 240 | Loss: *0.002* | Acc: *100.000%* (50000/50000) 
Test epoch: 240 | Loss: *0.603* | Acc: *82.410%* (8241/10000)
Train epoch: 241 | Loss: *0.002* | Acc: *100.000%* (50000/50000) 
Test epoch: 241 | Loss: *0.602* | Acc: *82.140%* (8214/10000)
Train epoch: 242 | Loss: *0.002* | Acc: *100.000%* (50000/50000) 
Test epoch: 242 | Loss: *0.605* | Acc: *82.220%* (8222/10000)
Train epoch: 243 | Loss: *0.002* | Acc: *100.000%* (50000/50000) 
Test epoch: 243 | Loss: *0.618* | Acc: *82.220%* (8222/10000)
Train epoch: 244 | Loss: *0.171* | Acc: *94.536%* (47268/50000) 
Test epoch: 244 | Loss: *0.593* | Acc: *81.910%* (8191/10000)
Train epoch: 245 | Loss: *0.044* | Acc: *98.958%* (49479/50000) 
Test epoch: 245 | Loss: *0.610* | Acc: *82.010%* (8201/10000)
Train epoch: 246 | Loss: *0.013* | Acc: *99.890%* (49945/50000) 
Test epoch: 246 | Loss: *0.586* | Acc: *83.120%* (8312/10000)
Train epoch: 247 | Loss: *0.006* | Acc: *99.984%* (49992/50000) 
Test epoch: 247 | Loss: *0.597* | Acc: *82.860%* (8286/10000)
Train epoch: 248 | Loss: *0.004* | Acc: *99.996%* (49998/50000) 
Test epoch: 248 | Loss: *0.588* | Acc: *83.020%* (8302/10000)
Train epoch: 249 | Loss: *0.003* | Acc: *100.000%* (50000/50000) 
Test epoch: 249 | Loss: *0.586* | Acc: *83.220%* (8322/10000)
Train epoch: 250 | Loss: *0.002* | Acc: *100.000%* (50000/50000) 
Test epoch: 250 | Loss: *0.582* | Acc: *83.260%* (8326/10000)
Train epoch: 251 | Loss: *0.002* | Acc: *100.000%* (50000/50000) 
Test epoch: 251 | Loss: *0.587* | Acc: *83.090%* (8309/10000)
Train epoch: 252 | Loss: *0.002* | Acc: *100.000%* (50000/50000) 
Test epoch: 252 | Loss: *0.589* | Acc: *82.850%* (8285/10000)
Train epoch: 253 | Loss: *0.002* | Acc: *100.000%* (50000/50000) 
Test epoch: 253 | Loss: *0.589* | Acc: *82.780%* (8278/10000)
Train epoch: 254 | Loss: *0.145* | Acc: *95.180%* (47590/50000) 
Test epoch: 254 | Loss: *0.631* | Acc: *80.380%* (8038/10000)
Train epoch: 255 | Loss: *0.132* | Acc: *95.978%* (47989/50000) 
Test epoch: 255 | Loss: *0.611* | Acc: *81.670%* (8167/10000)
Train epoch: 256 | Loss: *0.038* | Acc: *99.150%* (49575/50000) 
Test epoch: 256 | Loss: *0.618* | Acc: *82.440%* (8244/10000)
Train epoch: 257 | Loss: *0.016* | Acc: *99.824%* (49912/50000) 
Test epoch: 257 | Loss: *0.594* | Acc: *83.070%* (8307/10000)
Train epoch: 258 | Loss: *0.008* | Acc: *99.950%* (49975/50000) 
Test epoch: 258 | Loss: *0.603* | Acc: *83.120%* (8312/10000)
Train epoch: 259 | Loss: *0.005* | Acc: *99.988%* (49994/50000) 
Test epoch: 259 | Loss: *0.602* | Acc: *83.430%* (8343/10000)
Train epoch: 260 | Loss: *0.003* | Acc: *99.998%* (49999/50000) 
Test epoch: 260 | Loss: *0.590* | Acc: *83.670%* (8367/10000)
Train epoch: 261 | Loss: *0.002* | Acc: *100.000%* (50000/50000) 
Test epoch: 261 | Loss: *0.584* | Acc: *83.570%* (8357/10000)
Train epoch: 262 | Loss: *0.002* | Acc: *100.000%* (50000/50000) 
Test epoch: 262 | Loss: *0.609* | Acc: *83.070%* (8307/10000)
Train epoch: 263 | Loss: *0.174* | Acc: *94.210%* (47105/50000) 
Test epoch: 263 | Loss: *0.664* | Acc: *79.750%* (7975/10000)
Train epoch: 264 | Loss: *0.095* | Acc: *96.982%* (48491/50000) 
Test epoch: 264 | Loss: *0.664* | Acc: *80.960%* (8096/10000)
Train epoch: 265 | Loss: *0.034* | Acc: *99.210%* (49605/50000) 
Test epoch: 265 | Loss: *0.666* | Acc: *81.700%* (8170/10000)
Train epoch: 266 | Loss: *0.019* | Acc: *99.622%* (49811/50000) 
Test epoch: 266 | Loss: *0.641* | Acc: *82.400%* (8240/10000)
Train epoch: 267 | Loss: *0.017* | Acc: *99.688%* (49844/50000) 
Test epoch: 267 | Loss: *0.659* | Acc: *82.520%* (8252/10000)
Train epoch: 268 | Loss: *0.043* | Acc: *98.688%* (49344/50000) 
Test epoch: 268 | Loss: *0.786* | Acc: *79.270%* (7927/10000)
Train epoch: 269 | Loss: *0.059* | Acc: *98.220%* (49110/50000) 
Test epoch: 269 | Loss: *0.790* | Acc: *79.940%* (7994/10000)
Train epoch: 270 | Loss: *0.044* | Acc: *98.698%* (49349/50000) 
Test epoch: 270 | Loss: *0.714* | Acc: *81.200%* (8120/10000)
Train epoch: 271 | Loss: *0.028* | Acc: *99.278%* (49639/50000) 
Test epoch: 271 | Loss: *0.702* | Acc: *81.850%* (8185/10000)
Train epoch: 272 | Loss: *0.022* | Acc: *99.450%* (49725/50000) 
Test epoch: 272 | Loss: *0.673* | Acc: *82.330%* (8233/10000)
Train epoch: 273 | Loss: *0.029* | Acc: *99.230%* (49615/50000) 
Test epoch: 273 | Loss: *0.711* | Acc: *81.950%* (8195/10000)
Train epoch: 274 | Loss: *0.048* | Acc: *98.530%* (49265/50000) 
Test epoch: 274 | Loss: *0.788* | Acc: *79.880%* (7988/10000)
Train epoch: 275 | Loss: *0.048* | Acc: *98.508%* (49254/50000) 
Test epoch: 275 | Loss: *0.744* | Acc: *81.560%* (8156/10000)
Train epoch: 276 | Loss: *0.033* | Acc: *99.052%* (49526/50000) 
Test epoch: 276 | Loss: *0.731* | Acc: *81.890%* (8189/10000)
Train epoch: 277 | Loss: *0.027* | Acc: *99.258%* (49629/50000) 
Test epoch: 277 | Loss: *0.749* | Acc: *81.490%* (8149/10000)
Train epoch: 278 | Loss: *0.030* | Acc: *99.142%* (49571/50000) 
Test epoch: 278 | Loss: *0.732* | Acc: *81.470%* (8147/10000)
Train epoch: 279 | Loss: *0.048* | Acc: *98.500%* (49250/50000) 
Test epoch: 279 | Loss: *0.759* | Acc: *80.440%* (8044/10000)
Train epoch: 280 | Loss: *0.043* | Acc: *98.666%* (49333/50000) 
Test epoch: 280 | Loss: *0.705* | Acc: *81.550%* (8155/10000)
Train epoch: 281 | Loss: *0.035* | Acc: *98.954%* (49477/50000) 
Test epoch: 281 | Loss: *0.711* | Acc: *82.050%* (8205/10000)
Train epoch: 282 | Loss: *0.029* | Acc: *99.140%* (49570/50000) 
Test epoch: 282 | Loss: *0.694* | Acc: *82.590%* (8259/10000)
Train epoch: 283 | Loss: *0.027* | Acc: *99.210%* (49605/50000) 
Test epoch: 283 | Loss: *0.768* | Acc: *81.100%* (8110/10000)
Train epoch: 284 | Loss: *0.042* | Acc: *98.738%* (49369/50000) 
Test epoch: 284 | Loss: *0.764* | Acc: *81.170%* (8117/10000)
Train epoch: 285 | Loss: *0.048* | Acc: *98.536%* (49268/50000) 
Test epoch: 285 | Loss: *0.777* | Acc: *80.590%* (8059/10000)
Train epoch: 286 | Loss: *0.041* | Acc: *98.786%* (49393/50000) 
Test epoch: 286 | Loss: *0.692* | Acc: *82.430%* (8243/10000)
Train epoch: 287 | Loss: *0.035* | Acc: *98.938%* (49469/50000) 
Test epoch: 287 | Loss: *0.708* | Acc: *82.660%* (8266/10000)
Train epoch: 288 | Loss: *0.032* | Acc: *99.098%* (49549/50000) 
Test epoch: 288 | Loss: *0.718* | Acc: *82.110%* (8211/10000)
Train epoch: 289 | Loss: *0.042* | Acc: *98.724%* (49362/50000) 
Test epoch: 289 | Loss: *0.799* | Acc: *80.320%* (8032/10000)
Train epoch: 290 | Loss: *0.049* | Acc: *98.452%* (49226/50000) 
Test epoch: 290 | Loss: *0.748* | Acc: *80.960%* (8096/10000)
Train epoch: 291 | Loss: *0.035* | Acc: *98.998%* (49499/50000) 
Test epoch: 291 | Loss: *0.692* | Acc: *82.770%* (8277/10000)
Train epoch: 292 | Loss: *0.035* | Acc: *99.004%* (49502/50000) 
Test epoch: 292 | Loss: *0.725* | Acc: *82.270%* (8227/10000)
Train epoch: 293 | Loss: *0.041* | Acc: *98.754%* (49377/50000) 
Test epoch: 293 | Loss: *0.778* | Acc: *81.240%* (8124/10000)
Train epoch: 294 | Loss: *0.046* | Acc: *98.548%* (49274/50000) 
Test epoch: 294 | Loss: *0.730* | Acc: *81.780%* (8178/10000)
Train epoch: 295 | Loss: *0.039* | Acc: *98.780%* (49390/50000) 
Test epoch: 295 | Loss: *0.736* | Acc: *82.110%* (8211/10000)
Train epoch: 296 | Loss: *0.041* | Acc: *98.814%* (49407/50000) 
Test epoch: 296 | Loss: *0.764* | Acc: *80.870%* (8087/10000)
Train epoch: 297 | Loss: *0.037* | Acc: *98.872%* (49436/50000) 
Test epoch: 297 | Loss: *0.737* | Acc: *81.540%* (8154/10000)
Train epoch: 298 | Loss: *0.055* | Acc: *98.228%* (49114/50000) 
Test epoch: 298 | Loss: *0.747* | Acc: *81.830%* (8183/10000)
Train epoch: 299 | Loss: *0.040* | Acc: *98.784%* (49392/50000) 
Test epoch: 299 | Loss: *0.805* | Acc: *79.500%* (7950/10000)
Train epoch: 300 | Loss: *0.030* | Acc: *99.176%* (49588/50000) 
Test epoch: 300 | Loss: *0.714* | Acc: *82.080%* (8208/10000)
Train epoch: 301 | Loss: *0.032* | Acc: *99.100%* (49550/50000) 
Test epoch: 301 | Loss: *0.807* | Acc: *79.930%* (7993/10000)
Train epoch: 302 | Loss: *0.058* | Acc: *98.154%* (49077/50000) 
Test epoch: 302 | Loss: *0.702* | Acc: *81.940%* (8194/10000)
Train epoch: 303 | Loss: *0.055* | Acc: *98.326%* (49163/50000) 
Test epoch: 303 | Loss: *0.767* | Acc: *80.590%* (8059/10000)
Train epoch: 304 | Loss: *0.039* | Acc: *98.822%* (49411/50000) 
Test epoch: 304 | Loss: *0.703* | Acc: *81.800%* (8180/10000)
Train epoch: 305 | Loss: *0.037* | Acc: *98.944%* (49472/50000) 
Test epoch: 305 | Loss: *0.751* | Acc: *82.050%* (8205/10000)
Train epoch: 306 | Loss: *0.046* | Acc: *98.592%* (49296/50000) 
Test epoch: 306 | Loss: *0.755* | Acc: *80.680%* (8068/10000)
Train epoch: 307 | Loss: *0.053* | Acc: *98.304%* (49152/50000) 
Test epoch: 307 | Loss: *0.823* | Acc: *80.520%* (8052/10000)
Train epoch: 308 | Loss: *0.043* | Acc: *98.696%* (49348/50000) 
Test epoch: 308 | Loss: *0.761* | Acc: *80.870%* (8087/10000)
Train epoch: 309 | Loss: *0.046* | Acc: *98.560%* (49280/50000) 
Test epoch: 309 | Loss: *0.727* | Acc: *81.760%* (8176/10000)
Train epoch: 310 | Loss: *0.048* | Acc: *98.476%* (49238/50000) 
Test epoch: 310 | Loss: *0.861* | Acc: *78.800%* (7880/10000)
Train epoch: 311 | Loss: *0.047* | Acc: *98.520%* (49260/50000) 
Test epoch: 311 | Loss: *0.771* | Acc: *80.450%* (8045/10000)
Train epoch: 312 | Loss: *0.044* | Acc: *98.668%* (49334/50000) 
Test epoch: 312 | Loss: *0.747* | Acc: *81.590%* (8159/10000)
Train epoch: 313 | Loss: *0.049* | Acc: *98.424%* (49212/50000) 
Test epoch: 313 | Loss: *0.745* | Acc: *81.060%* (8106/10000)
Train epoch: 314 | Loss: *0.047* | Acc: *98.598%* (49299/50000) 
Test epoch: 314 | Loss: *0.768* | Acc: *80.800%* (8080/10000)
Train epoch: 315 | Loss: *0.048* | Acc: *98.454%* (49227/50000) 
Test epoch: 315 | Loss: *0.742* | Acc: *80.880%* (8088/10000)
Train epoch: 316 | Loss: *0.051* | Acc: *98.390%* (49195/50000) 
Test epoch: 316 | Loss: *0.731* | Acc: *81.280%* (8128/10000)
Train epoch: 317 | Loss: *0.043* | Acc: *98.644%* (49322/50000) 
Test epoch: 317 | Loss: *0.773* | Acc: *80.820%* (8082/10000)
Train epoch: 318 | Loss: *0.057* | Acc: *98.142%* (49071/50000) 
Test epoch: 318 | Loss: *0.781* | Acc: *80.370%* (8037/10000)
Train epoch: 319 | Loss: *0.052* | Acc: *98.382%* (49191/50000) 
Test epoch: 319 | Loss: *0.744* | Acc: *81.250%* (8125/10000)
Train epoch: 320 | Loss: *0.045* | Acc: *98.644%* (49322/50000) 
Test epoch: 320 | Loss: *0.705* | Acc: *81.980%* (8198/10000)
Train epoch: 321 | Loss: *0.052* | Acc: *98.378%* (49189/50000) 
Test epoch: 321 | Loss: *0.749* | Acc: *81.050%* (8105/10000)
Train epoch: 322 | Loss: *0.054* | Acc: *98.290%* (49145/50000) 
Test epoch: 322 | Loss: *0.792* | Acc: *80.310%* (8031/10000)
Train epoch: 323 | Loss: *0.051* | Acc: *98.372%* (49186/50000) 
Test epoch: 323 | Loss: *0.786* | Acc: *80.130%* (8013/10000)
Train epoch: 324 | Loss: *0.053* | Acc: *98.292%* (49146/50000) 
Test epoch: 324 | Loss: *0.724* | Acc: *81.520%* (8152/10000)
Train epoch: 325 | Loss: *0.063* | Acc: *97.880%* (48940/50000) 
Test epoch: 325 | Loss: *0.751* | Acc: *80.700%* (8070/10000)
Train epoch: 326 | Loss: *0.049* | Acc: *98.488%* (49244/50000) 
Test epoch: 326 | Loss: *0.783* | Acc: *81.600%* (8160/10000)
Train epoch: 327 | Loss: *0.050* | Acc: *98.382%* (49191/50000) 
Test epoch: 327 | Loss: *0.774* | Acc: *80.020%* (8002/10000)
Train epoch: 328 | Loss: *0.057* | Acc: *98.130%* (49065/50000) 
Test epoch: 328 | Loss: *0.812* | Acc: *80.310%* (8031/10000)
Train epoch: 329 | Loss: *0.052* | Acc: *98.370%* (49185/50000) 
Test epoch: 329 | Loss: *0.862* | Acc: *79.340%* (7934/10000)
Train epoch: 330 | Loss: *0.056* | Acc: *98.180%* (49090/50000) 
Test epoch: 330 | Loss: *0.833* | Acc: *79.680%* (7968/10000)
Train epoch: 331 | Loss: *0.059* | Acc: *98.126%* (49063/50000) 
Test epoch: 331 | Loss: *0.699* | Acc: *81.540%* (8154/10000)
Train epoch: 332 | Loss: *0.051* | Acc: *98.392%* (49196/50000) 
Test epoch: 332 | Loss: *0.748* | Acc: *80.950%* (8095/10000)
Train epoch: 333 | Loss: *0.060* | Acc: *98.028%* (49014/50000) 
Test epoch: 333 | Loss: *0.722* | Acc: *81.370%* (8137/10000)
Train epoch: 334 | Loss: *0.051* | Acc: *98.392%* (49196/50000) 
Test epoch: 334 | Loss: *0.730* | Acc: *81.150%* (8115/10000)
Train epoch: 335 | Loss: *0.056* | Acc: *98.210%* (49105/50000) 
Test epoch: 335 | Loss: *0.788* | Acc: *80.500%* (8050/10000)
Train epoch: 336 | Loss: *0.060* | Acc: *98.096%* (49048/50000) 
Test epoch: 336 | Loss: *0.775* | Acc: *80.810%* (8081/10000)
Train epoch: 337 | Loss: *0.060* | Acc: *98.100%* (49050/50000) 
Test epoch: 337 | Loss: *0.788* | Acc: *79.890%* (7989/10000)
Train epoch: 338 | Loss: *0.064* | Acc: *97.876%* (48938/50000) 
Test epoch: 338 | Loss: *0.734* | Acc: *81.260%* (8126/10000)
Train epoch: 339 | Loss: *0.052* | Acc: *98.314%* (49157/50000) 
Test epoch: 339 | Loss: *0.801* | Acc: *80.450%* (8045/10000)
Train epoch: 340 | Loss: *0.063* | Acc: *97.962%* (48981/50000) 
Test epoch: 340 | Loss: *0.719* | Acc: *81.540%* (8154/10000)
Train epoch: 341 | Loss: *0.061* | Acc: *98.006%* (49003/50000) 
Test epoch: 341 | Loss: *0.692* | Acc: *82.200%* (8220/10000)
Train epoch: 342 | Loss: *0.049* | Acc: *98.496%* (49248/50000) 
Test epoch: 342 | Loss: *0.767* | Acc: *80.480%* (8048/10000)
Train epoch: 343 | Loss: *0.063* | Acc: *97.914%* (48957/50000) 
Test epoch: 343 | Loss: *0.739* | Acc: *80.410%* (8041/10000)
Train epoch: 344 | Loss: *0.065* | Acc: *97.942%* (48971/50000) 
Test epoch: 344 | Loss: *0.731* | Acc: *81.530%* (8153/10000)
Train epoch: 345 | Loss: *0.061* | Acc: *98.012%* (49006/50000) 
Test epoch: 345 | Loss: *0.781* | Acc: *80.530%* (8053/10000)
Train epoch: 346 | Loss: *0.062* | Acc: *98.014%* (49007/50000) 
Test epoch: 346 | Loss: *0.799* | Acc: *80.260%* (8026/10000)
Train epoch: 347 | Loss: *0.068* | Acc: *97.778%* (48889/50000) 
Test epoch: 347 | Loss: *0.712* | Acc: *81.590%* (8159/10000)
Train epoch: 348 | Loss: *0.056* | Acc: *98.212%* (49106/50000) 
Test epoch: 348 | Loss: *0.823* | Acc: *80.080%* (8008/10000)
Train epoch: 349 | Loss: *0.059* | Acc: *98.032%* (49016/50000) 
Test epoch: 349 | Loss: *0.815* | Acc: *80.270%* (8027/10000)
Train epoch: 350 | Loss: *0.066* | Acc: *97.900%* (48950/50000) 
Test epoch: 350 | Loss: *0.896* | Acc: *77.890%* (7789/10000)
Train epoch: 351 | Loss: *0.070* | Acc: *97.728%* (48864/50000) 
Test epoch: 351 | Loss: *0.702* | Acc: *81.890%* (8189/10000)
Train epoch: 352 | Loss: *0.061* | Acc: *98.022%* (49011/50000) 
Test epoch: 352 | Loss: *0.739* | Acc: *80.610%* (8061/10000)
Train epoch: 353 | Loss: *0.066* | Acc: *97.808%* (48904/50000) 
Test epoch: 353 | Loss: *0.734* | Acc: *80.910%* (8091/10000)
Train epoch: 354 | Loss: *0.065* | Acc: *97.860%* (48930/50000) 
Test epoch: 354 | Loss: *0.725* | Acc: *81.490%* (8149/10000)
Train epoch: 355 | Loss: *0.062* | Acc: *98.010%* (49005/50000) 
Test epoch: 355 | Loss: *0.753* | Acc: *80.760%* (8076/10000)
Train epoch: 356 | Loss: *0.062* | Acc: *98.002%* (49001/50000) 
Test epoch: 356 | Loss: *0.728* | Acc: *81.000%* (8100/10000)
Train epoch: 357 | Loss: *0.069* | Acc: *97.714%* (48857/50000) 
Test epoch: 357 | Loss: *0.702* | Acc: *81.420%* (8142/10000)
Train epoch: 358 | Loss: *0.068* | Acc: *97.766%* (48883/50000) 
Test epoch: 358 | Loss: *0.740* | Acc: *81.490%* (8149/10000)
Train epoch: 359 | Loss: *0.071* | Acc: *97.632%* (48816/50000) 
Test epoch: 359 | Loss: *0.730* | Acc: *81.140%* (8114/10000)
Train epoch: 360 | Loss: *0.064* | Acc: *97.936%* (48968/50000) 
Test epoch: 360 | Loss: *0.726* | Acc: *80.440%* (8044/10000)
Train epoch: 361 | Loss: *0.055* | Acc: *98.330%* (49165/50000) 
Test epoch: 361 | Loss: *0.764* | Acc: *80.980%* (8098/10000)
Train epoch: 362 | Loss: *0.066* | Acc: *97.910%* (48955/50000) 
Test epoch: 362 | Loss: *0.801* | Acc: *79.760%* (7976/10000)
Train epoch: 363 | Loss: *0.085* | Acc: *97.176%* (48588/50000) 
Test epoch: 363 | Loss: *0.732* | Acc: *81.430%* (8143/10000)
Train epoch: 364 | Loss: *0.063* | Acc: *97.986%* (48993/50000) 
Test epoch: 364 | Loss: *0.697* | Acc: *82.110%* (8211/10000)
Train epoch: 365 | Loss: *0.057* | Acc: *98.162%* (49081/50000) 
Test epoch: 365 | Loss: *0.729* | Acc: *81.030%* (8103/10000)
Train epoch: 366 | Loss: *0.078* | Acc: *97.462%* (48731/50000) 
Test epoch: 366 | Loss: *0.774* | Acc: *80.200%* (8020/10000)
Train epoch: 367 | Loss: *0.066* | Acc: *97.858%* (48929/50000) 
Test epoch: 367 | Loss: *0.721* | Acc: *81.290%* (8129/10000)
Train epoch: 368 | Loss: *0.062* | Acc: *98.014%* (49007/50000) 
Test epoch: 368 | Loss: *0.867* | Acc: *78.930%* (7893/10000)
Train epoch: 369 | Loss: *0.072* | Acc: *97.606%* (48803/50000) 
Test epoch: 369 | Loss: *0.823* | Acc: *79.300%* (7930/10000)
Train epoch: 370 | Loss: *0.071* | Acc: *97.688%* (48844/50000) 
Test epoch: 370 | Loss: *0.757* | Acc: *80.490%* (8049/10000)
Train epoch: 371 | Loss: *0.070* | Acc: *97.678%* (48839/50000) 
Test epoch: 371 | Loss: *0.722* | Acc: *80.750%* (8075/10000)
Train epoch: 372 | Loss: *0.069* | Acc: *97.778%* (48889/50000) 
Test epoch: 372 | Loss: *0.720* | Acc: *81.120%* (8112/10000)
Train epoch: 373 | Loss: *0.066* | Acc: *97.828%* (48914/50000) 
Test epoch: 373 | Loss: *0.805* | Acc: *79.020%* (7902/10000)
Train epoch: 374 | Loss: *0.068* | Acc: *97.710%* (48855/50000) 
Test epoch: 374 | Loss: *0.723* | Acc: *81.210%* (8121/10000)
Train epoch: 375 | Loss: *0.078* | Acc: *97.426%* (48713/50000) 
Test epoch: 375 | Loss: *0.752* | Acc: *80.220%* (8022/10000)
Train epoch: 376 | Loss: *0.070* | Acc: *97.734%* (48867/50000) 
Test epoch: 376 | Loss: *0.766* | Acc: *80.130%* (8013/10000)
Train epoch: 377 | Loss: *0.068* | Acc: *97.780%* (48890/50000) 
Test epoch: 377 | Loss: *0.719* | Acc: *81.040%* (8104/10000)
Train epoch: 378 | Loss: *0.073* | Acc: *97.682%* (48841/50000) 
Test epoch: 378 | Loss: *0.733* | Acc: *80.840%* (8084/10000)
Train epoch: 379 | Loss: *0.064* | Acc: *97.972%* (48986/50000) 
Test epoch: 379 | Loss: *0.691* | Acc: *81.860%* (8186/10000)
Train epoch: 380 | Loss: *0.073* | Acc: *97.560%* (48780/50000) 
Test epoch: 380 | Loss: *0.763* | Acc: *81.040%* (8104/10000)
Train epoch: 381 | Loss: *0.073* | Acc: *97.590%* (48795/50000) 
Test epoch: 381 | Loss: *0.711* | Acc: *81.540%* (8154/10000)
Train epoch: 382 | Loss: *0.072* | Acc: *97.618%* (48809/50000) 
Test epoch: 382 | Loss: *0.755* | Acc: *80.180%* (8018/10000)
Train epoch: 383 | Loss: *0.073* | Acc: *97.638%* (48819/50000) 
Test epoch: 383 | Loss: *0.746* | Acc: *80.810%* (8081/10000)
Train epoch: 384 | Loss: *0.065* | Acc: *97.886%* (48943/50000) 
Test epoch: 384 | Loss: *0.749* | Acc: *80.410%* (8041/10000)
Train epoch: 385 | Loss: *0.069* | Acc: *97.780%* (48890/50000) 
Test epoch: 385 | Loss: *0.718* | Acc: *81.160%* (8116/10000)
Train epoch: 386 | Loss: *0.077* | Acc: *97.484%* (48742/50000) 
Test epoch: 386 | Loss: *0.717* | Acc: *81.260%* (8126/10000)
Train epoch: 387 | Loss: *0.064* | Acc: *97.948%* (48974/50000) 
Test epoch: 387 | Loss: *0.785* | Acc: *80.370%* (8037/10000)
Train epoch: 388 | Loss: *0.074* | Acc: *97.546%* (48773/50000) 
Test epoch: 388 | Loss: *0.794* | Acc: *79.660%* (7966/10000)
Train epoch: 389 | Loss: *0.074* | Acc: *97.490%* (48745/50000) 
Test epoch: 389 | Loss: *0.940* | Acc: *77.580%* (7758/10000)
Train epoch: 390 | Loss: *0.068* | Acc: *97.754%* (48877/50000) 
Test epoch: 390 | Loss: *0.747* | Acc: *80.870%* (8087/10000)
Train epoch: 391 | Loss: *0.073* | Acc: *97.568%* (48784/50000) 
Test epoch: 391 | Loss: *0.746* | Acc: *80.730%* (8073/10000)
Train epoch: 392 | Loss: *0.070* | Acc: *97.754%* (48877/50000) 
Test epoch: 392 | Loss: *0.707* | Acc: *81.680%* (8168/10000)
Train epoch: 393 | Loss: *0.065* | Acc: *97.890%* (48945/50000) 
Test epoch: 393 | Loss: *0.708* | Acc: *81.540%* (8154/10000)
Train epoch: 394 | Loss: *0.076* | Acc: *97.536%* (48768/50000) 
Test epoch: 394 | Loss: *0.728* | Acc: *80.830%* (8083/10000)
Train epoch: 395 | Loss: *0.077* | Acc: *97.376%* (48688/50000) 
Test epoch: 395 | Loss: *0.785* | Acc: *79.970%* (7997/10000)
Train epoch: 396 | Loss: *0.073* | Acc: *97.598%* (48799/50000) 
Test epoch: 396 | Loss: *0.772* | Acc: *80.370%* (8037/10000)
Train epoch: 397 | Loss: *0.072* | Acc: *97.676%* (48838/50000) 
Test epoch: 397 | Loss: *0.776* | Acc: *80.270%* (8027/10000)
Train epoch: 398 | Loss: *0.066* | Acc: *97.812%* (48906/50000) 
Test epoch: 398 | Loss: *0.671* | Acc: *81.990%* (8199/10000)
Train epoch: 399 | Loss: *0.065* | Acc: *97.852%* (48926/50000) 
Test epoch: 399 | Loss: *0.739* | Acc: *80.960%* (8096/10000)
Train epoch: 400 | Loss: *0.076* | Acc: *97.522%* (48761/50000) 
Test epoch: 400 | Loss: *0.729* | Acc: *81.450%* (8145/10000)
Train epoch: 401 | Loss: *0.065* | Acc: *97.930%* (48965/50000) 
Test epoch: 401 | Loss: *0.720* | Acc: *81.290%* (8129/10000)
Train epoch: 402 | Loss: *0.068* | Acc: *97.686%* (48843/50000) 
Test epoch: 402 | Loss: *0.799* | Acc: *79.730%* (7973/10000)
Train epoch: 403 | Loss: *0.075* | Acc: *97.534%* (48767/50000) 
Test epoch: 403 | Loss: *0.777* | Acc: *79.620%* (7962/10000)
Train epoch: 404 | Loss: *0.070* | Acc: *97.654%* (48827/50000) 
Test epoch: 404 | Loss: *0.868* | Acc: *78.460%* (7846/10000)
Train epoch: 405 | Loss: *0.070* | Acc: *97.678%* (48839/50000) 
Test epoch: 405 | Loss: *0.703* | Acc: *82.250%* (8225/10000)
Train epoch: 406 | Loss: *0.066* | Acc: *97.928%* (48964/50000) 
Test epoch: 406 | Loss: *0.783* | Acc: *81.090%* (8109/10000)
Train epoch: 407 | Loss: *0.073* | Acc: *97.598%* (48799/50000) 
Test epoch: 407 | Loss: *0.764* | Acc: *80.210%* (8021/10000)
Train epoch: 408 | Loss: *0.070* | Acc: *97.748%* (48874/50000) 
Test epoch: 408 | Loss: *0.771* | Acc: *80.310%* (8031/10000)
Train epoch: 409 | Loss: *0.069* | Acc: *97.780%* (48890/50000) 
Test epoch: 409 | Loss: *0.767* | Acc: *80.640%* (8064/10000)
Train epoch: 410 | Loss: *0.071* | Acc: *97.624%* (48812/50000) 
Test epoch: 410 | Loss: *0.724* | Acc: *81.480%* (8148/10000)
Train epoch: 411 | Loss: *0.068* | Acc: *97.738%* (48869/50000) 
Test epoch: 411 | Loss: *0.739* | Acc: *80.300%* (8030/10000)
Train epoch: 412 | Loss: *0.062* | Acc: *98.052%* (49026/50000) 
Test epoch: 412 | Loss: *0.728* | Acc: *81.650%* (8165/10000)
Train epoch: 413 | Loss: *0.075* | Acc: *97.488%* (48744/50000) 
Test epoch: 413 | Loss: *0.831* | Acc: *79.060%* (7906/10000)
Train epoch: 414 | Loss: *0.068* | Acc: *97.680%* (48840/50000) 
Test epoch: 414 | Loss: *0.739* | Acc: *80.890%* (8089/10000)
Train epoch: 415 | Loss: *0.072* | Acc: *97.706%* (48853/50000) 
Test epoch: 415 | Loss: *0.744* | Acc: *80.560%* (8056/10000)
Train epoch: 416 | Loss: *0.073* | Acc: *97.588%* (48794/50000) 
Test epoch: 416 | Loss: *0.772* | Acc: *80.410%* (8041/10000)
Train epoch: 417 | Loss: *0.064* | Acc: *97.964%* (48982/50000) 
Test epoch: 417 | Loss: *0.671* | Acc: *82.090%* (8209/10000)
Train epoch: 418 | Loss: *0.059* | Acc: *98.110%* (49055/50000) 
Test epoch: 418 | Loss: *0.788* | Acc: *79.300%* (7930/10000)
Train epoch: 419 | Loss: *0.066* | Acc: *97.828%* (48914/50000) 
Test epoch: 419 | Loss: *0.722* | Acc: *81.230%* (8123/10000)
Train epoch: 420 | Loss: *0.073* | Acc: *97.628%* (48814/50000) 
Test epoch: 420 | Loss: *0.769* | Acc: *80.500%* (8050/10000)
Train epoch: 421 | Loss: *0.073* | Acc: *97.540%* (48770/50000) 
Test epoch: 421 | Loss: *0.705* | Acc: *81.770%* (8177/10000)
Train epoch: 422 | Loss: *0.058* | Acc: *98.140%* (49070/50000) 
Test epoch: 422 | Loss: *0.705* | Acc: *81.840%* (8184/10000)
Train epoch: 423 | Loss: *0.065* | Acc: *97.912%* (48956/50000) 
Test epoch: 423 | Loss: *0.792* | Acc: *79.520%* (7952/10000)
Train epoch: 424 | Loss: *0.061* | Acc: *98.076%* (49038/50000) 
Test epoch: 424 | Loss: *0.814* | Acc: *79.300%* (7930/10000)
Train epoch: 425 | Loss: *0.067* | Acc: *97.860%* (48930/50000) 
Test epoch: 425 | Loss: *0.768* | Acc: *80.680%* (8068/10000)
Train epoch: 426 | Loss: *0.072* | Acc: *97.620%* (48810/50000) 
Test epoch: 426 | Loss: *0.738* | Acc: *80.640%* (8064/10000)
Train epoch: 427 | Loss: *0.062* | Acc: *97.912%* (48956/50000) 
Test epoch: 427 | Loss: *0.737* | Acc: *81.730%* (8173/10000)
Train epoch: 428 | Loss: *0.061* | Acc: *98.010%* (49005/50000) 
Test epoch: 428 | Loss: *0.741* | Acc: *81.100%* (8110/10000)
Train epoch: 429 | Loss: *0.062* | Acc: *98.044%* (49022/50000) 
Test epoch: 429 | Loss: *0.819* | Acc: *78.940%* (7894/10000)
Train epoch: 430 | Loss: *0.063* | Acc: *97.942%* (48971/50000) 
Test epoch: 430 | Loss: *0.746* | Acc: *80.690%* (8069/10000)
Train epoch: 431 | Loss: *0.065* | Acc: *97.954%* (48977/50000) 
Test epoch: 431 | Loss: *0.758* | Acc: *80.590%* (8059/10000)
Train epoch: 432 | Loss: *0.068* | Acc: *97.752%* (48876/50000) 
Test epoch: 432 | Loss: *0.684* | Acc: *82.140%* (8214/10000)
Train epoch: 433 | Loss: *0.057* | Acc: *98.118%* (49059/50000) 
Test epoch: 433 | Loss: *0.716* | Acc: *80.800%* (8080/10000)
Train epoch: 434 | Loss: *0.058* | Acc: *98.144%* (49072/50000) 
Test epoch: 434 | Loss: *0.762* | Acc: *81.350%* (8135/10000)
Train epoch: 435 | Loss: *0.055* | Acc: *98.180%* (49090/50000) 
Test epoch: 435 | Loss: *0.769* | Acc: *81.010%* (8101/10000)
Train epoch: 436 | Loss: *0.067* | Acc: *97.698%* (48849/50000) 
Test epoch: 436 | Loss: *0.718* | Acc: *81.150%* (8115/10000)
Train epoch: 437 | Loss: *0.061* | Acc: *97.992%* (48996/50000) 
Test epoch: 437 | Loss: *0.752* | Acc: *80.990%* (8099/10000)
Train epoch: 438 | Loss: *0.062* | Acc: *97.988%* (48994/50000) 
Test epoch: 438 | Loss: *0.707* | Acc: *81.340%* (8134/10000)
Train epoch: 439 | Loss: *0.058* | Acc: *98.194%* (49097/50000) 
Test epoch: 439 | Loss: *0.703* | Acc: *82.480%* (8248/10000)
Train epoch: 440 | Loss: *0.055* | Acc: *98.262%* (49131/50000) 
Test epoch: 440 | Loss: *0.765* | Acc: *80.180%* (8018/10000)
Train epoch: 441 | Loss: *0.060* | Acc: *98.094%* (49047/50000) 
Test epoch: 441 | Loss: *0.692* | Acc: *82.290%* (8229/10000)
Train epoch: 442 | Loss: *0.055* | Acc: *98.248%* (49124/50000) 
Test epoch: 442 | Loss: *0.722* | Acc: *81.440%* (8144/10000)
Train epoch: 443 | Loss: *0.066* | Acc: *97.904%* (48952/50000) 
Test epoch: 443 | Loss: *0.713* | Acc: *81.060%* (8106/10000)
Train epoch: 444 | Loss: *0.064* | Acc: *97.980%* (48990/50000) 
Test epoch: 444 | Loss: *0.843* | Acc: *79.480%* (7948/10000)
Train epoch: 445 | Loss: *0.049* | Acc: *98.530%* (49265/50000) 
Test epoch: 445 | Loss: *0.749* | Acc: *81.650%* (8165/10000)
Train epoch: 446 | Loss: *0.056* | Acc: *98.190%* (49095/50000) 
Test epoch: 446 | Loss: *0.736* | Acc: *80.880%* (8088/10000)
Train epoch: 447 | Loss: *0.059* | Acc: *98.126%* (49063/50000) 
Test epoch: 447 | Loss: *0.701* | Acc: *82.210%* (8221/10000)
Train epoch: 448 | Loss: *0.056* | Acc: *98.244%* (49122/50000) 
Test epoch: 448 | Loss: *0.788* | Acc: *80.720%* (8072/10000)
Train epoch: 449 | Loss: *0.051* | Acc: *98.358%* (49179/50000) 
Test epoch: 449 | Loss: *0.790* | Acc: *80.930%* (8093/10000)
Train epoch: 450 | Loss: *0.047* | Acc: *98.540%* (49270/50000) 
Test epoch: 450 | Loss: *0.768* | Acc: *81.090%* (8109/10000)
Train epoch: 451 | Loss: *0.057* | Acc: *98.150%* (49075/50000) 
Test epoch: 451 | Loss: *0.770* | Acc: *81.340%* (8134/10000)
Train epoch: 452 | Loss: *0.060* | Acc: *98.072%* (49036/50000) 
Test epoch: 452 | Loss: *0.737* | Acc: *81.930%* (8193/10000)
Train epoch: 453 | Loss: *0.043* | Acc: *98.674%* (49337/50000) 
Test epoch: 453 | Loss: *0.761* | Acc: *80.510%* (8051/10000)
Train epoch: 454 | Loss: *0.051* | Acc: *98.360%* (49180/50000) 
Test epoch: 454 | Loss: *0.754* | Acc: *81.620%* (8162/10000)
Train epoch: 455 | Loss: *0.062* | Acc: *97.978%* (48989/50000) 
Test epoch: 455 | Loss: *0.702* | Acc: *81.800%* (8180/10000)
Train epoch: 456 | Loss: *0.045* | Acc: *98.636%* (49318/50000) 
Test epoch: 456 | Loss: *0.772* | Acc: *81.440%* (8144/10000)
Train epoch: 457 | Loss: *0.039* | Acc: *98.894%* (49447/50000) 
Test epoch: 457 | Loss: *0.776* | Acc: *80.730%* (8073/10000)
Train epoch: 458 | Loss: *0.068* | Acc: *97.724%* (48862/50000) 
Test epoch: 458 | Loss: *0.746* | Acc: *81.670%* (8167/10000)
Train epoch: 459 | Loss: *0.048* | Acc: *98.456%* (49228/50000) 
Test epoch: 459 | Loss: *0.734* | Acc: *81.310%* (8131/10000)
Train epoch: 460 | Loss: *0.043* | Acc: *98.686%* (49343/50000) 
Test epoch: 460 | Loss: *0.728* | Acc: *81.600%* (8160/10000)
Train epoch: 461 | Loss: *0.038* | Acc: *98.880%* (49440/50000) 
Test epoch: 461 | Loss: *0.772* | Acc: *80.880%* (8088/10000)
Train epoch: 462 | Loss: *0.058* | Acc: *98.162%* (49081/50000) 
Test epoch: 462 | Loss: *0.733* | Acc: *81.800%* (8180/10000)
Train epoch: 463 | Loss: *0.056* | Acc: *98.210%* (49105/50000) 
Test epoch: 463 | Loss: *0.752* | Acc: *81.130%* (8113/10000)
Train epoch: 464 | Loss: *0.037* | Acc: *98.900%* (49450/50000) 
Test epoch: 464 | Loss: *0.746* | Acc: *81.770%* (8177/10000)
Train epoch: 465 | Loss: *0.037* | Acc: *98.872%* (49436/50000) 
Test epoch: 465 | Loss: *0.820* | Acc: *79.880%* (7988/10000)
Train epoch: 466 | Loss: *0.050* | Acc: *98.400%* (49200/50000) 
Test epoch: 466 | Loss: *0.781* | Acc: *81.260%* (8126/10000)
Train epoch: 467 | Loss: *0.055* | Acc: *98.278%* (49139/50000) 
Test epoch: 467 | Loss: *0.734* | Acc: *81.670%* (8167/10000)
Train epoch: 468 | Loss: *0.045* | Acc: *98.574%* (49287/50000) 
Test epoch: 468 | Loss: *0.706* | Acc: *81.940%* (8194/10000)
Train epoch: 469 | Loss: *0.043* | Acc: *98.634%* (49317/50000) 
Test epoch: 469 | Loss: *0.721* | Acc: *81.880%* (8188/10000)
Train epoch: 470 | Loss: *0.037* | Acc: *98.914%* (49457/50000) 
Test epoch: 470 | Loss: *0.790* | Acc: *80.700%* (8070/10000)
Train epoch: 471 | Loss: *0.038* | Acc: *98.944%* (49472/50000) 
Test epoch: 471 | Loss: *0.710* | Acc: *82.240%* (8224/10000)
Train epoch: 472 | Loss: *0.050* | Acc: *98.382%* (49191/50000) 
Test epoch: 472 | Loss: *0.729* | Acc: *82.080%* (8208/10000)
Train epoch: 473 | Loss: *0.043* | Acc: *98.676%* (49338/50000) 
Test epoch: 473 | Loss: *0.691* | Acc: *82.760%* (8276/10000)
Train epoch: 474 | Loss: *0.034* | Acc: *99.016%* (49508/50000) 
Test epoch: 474 | Loss: *0.743* | Acc: *81.450%* (8145/10000)
Train epoch: 475 | Loss: *0.039* | Acc: *98.848%* (49424/50000) 
Test epoch: 475 | Loss: *0.714* | Acc: *82.520%* (8252/10000)
Train epoch: 476 | Loss: *0.043* | Acc: *98.616%* (49308/50000) 
Test epoch: 476 | Loss: *0.698* | Acc: *82.380%* (8238/10000)
Train epoch: 477 | Loss: *0.037* | Acc: *98.892%* (49446/50000) 
Test epoch: 477 | Loss: *0.758* | Acc: *81.360%* (8136/10000)
Train epoch: 478 | Loss: *0.044* | Acc: *98.630%* (49315/50000) 
Test epoch: 478 | Loss: *0.694* | Acc: *82.230%* (8223/10000)
Train epoch: 479 | Loss: *0.031* | Acc: *99.116%* (49558/50000) 
Test epoch: 479 | Loss: *0.705* | Acc: *81.890%* (8189/10000)
Train epoch: 480 | Loss: *0.033* | Acc: *99.026%* (49513/50000) 
Test epoch: 480 | Loss: *0.713* | Acc: *82.230%* (8223/10000)
Train epoch: 481 | Loss: *0.040* | Acc: *98.792%* (49396/50000) 
Test epoch: 481 | Loss: *0.719* | Acc: *81.880%* (8188/10000)
Train epoch: 482 | Loss: *0.042* | Acc: *98.702%* (49351/50000) 
Test epoch: 482 | Loss: *0.711* | Acc: *82.360%* (8236/10000)
Train epoch: 483 | Loss: *0.034* | Acc: *99.000%* (49500/50000) 
Test epoch: 483 | Loss: *0.715* | Acc: *81.770%* (8177/10000)
Train epoch: 484 | Loss: *0.029* | Acc: *99.208%* (49604/50000) 
Test epoch: 484 | Loss: *0.712* | Acc: *82.330%* (8233/10000)
Train epoch: 485 | Loss: *0.030* | Acc: *99.140%* (49570/50000) 
Test epoch: 485 | Loss: *0.735* | Acc: *82.130%* (8213/10000)
Train epoch: 486 | Loss: *0.035* | Acc: *98.928%* (49464/50000) 
Test epoch: 486 | Loss: *0.738* | Acc: *81.550%* (8155/10000)
Train epoch: 487 | Loss: *0.036* | Acc: *98.962%* (49481/50000) 
Test epoch: 487 | Loss: *0.712* | Acc: *82.470%* (8247/10000)
Train epoch: 488 | Loss: *0.031* | Acc: *99.084%* (49542/50000) 
Test epoch: 488 | Loss: *0.714* | Acc: *82.390%* (8239/10000)
Train epoch: 489 | Loss: *0.030* | Acc: *99.118%* (49559/50000) 
Test epoch: 489 | Loss: *0.717* | Acc: *81.770%* (8177/10000)
Train epoch: 490 | Loss: *0.029* | Acc: *99.166%* (49583/50000) 
Test epoch: 490 | Loss: *0.754* | Acc: *81.970%* (8197/10000)
Train epoch: 491 | Loss: *0.034* | Acc: *99.002%* (49501/50000) 
Test epoch: 491 | Loss: *0.729* | Acc: *82.090%* (8209/10000)
Train epoch: 492 | Loss: *0.021* | Acc: *99.518%* (49759/50000) 
Test epoch: 492 | Loss: *0.709* | Acc: *82.150%* (8215/10000)
Train epoch: 493 | Loss: *0.023* | Acc: *99.400%* (49700/50000) 
Test epoch: 493 | Loss: *0.808* | Acc: *81.550%* (8155/10000)
Train epoch: 494 | Loss: *0.042* | Acc: *98.660%* (49330/50000) 
Test epoch: 494 | Loss: *0.809* | Acc: *81.000%* (8100/10000)
Train epoch: 495 | Loss: *0.035* | Acc: *99.010%* (49505/50000) 
Test epoch: 495 | Loss: *0.696* | Acc: *82.800%* (8280/10000)
Train epoch: 496 | Loss: *0.021* | Acc: *99.502%* (49751/50000) 
Test epoch: 496 | Loss: *0.723* | Acc: *82.350%* (8235/10000)
Train epoch: 497 | Loss: *0.022* | Acc: *99.468%* (49734/50000) 
Test epoch: 497 | Loss: *0.716* | Acc: *82.490%* (8249/10000)
Train epoch: 498 | Loss: *0.022* | Acc: *99.414%* (49707/50000) 
Test epoch: 498 | Loss: *0.736* | Acc: *81.720%* (8172/10000)
Train epoch: 499 | Loss: *0.032* | Acc: *99.084%* (49542/50000) 
Test epoch: 499 | Loss: *0.783* | Acc: *81.180%* (8118/10000)
Train epoch: 500 | Loss: *0.031* | Acc: *99.116%* (49558/50000) 
Test epoch: 500 | Loss: *0.723* | Acc: *81.980%* (8198/10000)
Best test accuracy: *84.040%*, loss: *0.5859892851114273*, at epoch: *119*.
==> Execution time summary of 500 epoch(s).
Train data loading time: sum. *228.25478885136545* secs | avg. *0.4565095777027309* secs per epoch.
Train training time: sum. *1374.424999726005* secs | avg. *2.74884999945201* secs per epoch.
Train total time: sum. *1602.6797885773703* secs | avg. *3.2053595771547405* secs per epoch.
Test data loading time: sum. *95.4995292853564* secs | avg. *0.1909990585707128* secs per epoch.
Test training time: sum. *79.30222833622247* secs | avg. *0.15860445667244494* secs per epoch.
Test total time: sum. *174.80175762157887* secs | avg. *0.34960351524315775* secs per epoch.
Total data loading time: sum. *323.75431813672185* secs | avg. *0.6475086362734437* secs per epoch.
Total training time: sum. *1453.7272280622274* secs | avg. *2.9074544561244546* secs per epoch.
Total running time: sum. *1777.4815461989492* secs | avg. *3.5549630923978985* secs per epoch.
==> Number of GPU device: 1
==> Device #0 Memory Usage
==> Allocated: 0.1 GB
==> Cached:    1.4 GB
==> Maximum: 1.4 GB
