==> Running on : cuda
==> Number of CPU: 48
==> Number of workers: 2
==> #Epochs: 500, #Layers: 4, #Blocks: [2, 1, 1, 1], In channel: 64, Input layer conv kernel: 9x9, Residual layer conv kernel 3x3, Skip kernel: 1x1, Input layer conv padding: 4, Residual layer conv padding: 1
==> Optimizer is SGD with Nesterov
==> Momentum: 0.9
==> Learning rate: 0.1
==> Weight decay: 0.0005
==>Trainable Parameters: 4991050
==>Other Parameters: 0
==>Augmentation: RandomCrop(32, padding=4), RandomHorizontalFlip(), Normalize((0.4914, 0.4822, 0.4465), (0.2023, 0.1994, 0.2010)
Files already downloaded and verified
Train epoch: 1 | Loss: *1.683* | Acc: *37.880%* (18940/50000) 
Test epoch: 1 | Loss: *1.430* | Acc: *47.900%* (4790/10000)
Train epoch: 2 | Loss: *1.279* | Acc: *53.890%* (26945/50000) 
Test epoch: 2 | Loss: *1.169* | Acc: *58.490%* (5849/10000)
Train epoch: 3 | Loss: *1.057* | Acc: *62.294%* (31147/50000) 
Test epoch: 3 | Loss: *1.095* | Acc: *62.220%* (6222/10000)
Train epoch: 4 | Loss: *0.908* | Acc: *67.684%* (33842/50000) 
Test epoch: 4 | Loss: *0.859* | Acc: *70.140%* (7014/10000)
Train epoch: 5 | Loss: *0.768* | Acc: *72.974%* (36487/50000) 
Test epoch: 5 | Loss: *1.098* | Acc: *65.460%* (6546/10000)
Train epoch: 6 | Loss: *0.664* | Acc: *76.958%* (38479/50000) 
Test epoch: 6 | Loss: *0.654* | Acc: *77.510%* (7751/10000)
Train epoch: 7 | Loss: *0.597* | Acc: *79.444%* (39722/50000) 
Test epoch: 7 | Loss: *0.825* | Acc: *71.880%* (7188/10000)
Train epoch: 8 | Loss: *0.549* | Acc: *81.040%* (40520/50000) 
Test epoch: 8 | Loss: *0.743* | Acc: *75.670%* (7567/10000)
Train epoch: 9 | Loss: *0.515* | Acc: *82.120%* (41060/50000) 
Test epoch: 9 | Loss: *0.688* | Acc: *77.150%* (7715/10000)
Train epoch: 10 | Loss: *0.496* | Acc: *82.980%* (41490/50000) 
Test epoch: 10 | Loss: *0.579* | Acc: *80.470%* (8047/10000)
Train epoch: 11 | Loss: *0.469* | Acc: *83.848%* (41924/50000) 
Test epoch: 11 | Loss: *0.625* | Acc: *79.610%* (7961/10000)
Train epoch: 12 | Loss: *0.453* | Acc: *84.392%* (42196/50000) 
Test epoch: 12 | Loss: *0.760* | Acc: *76.250%* (7625/10000)
Train epoch: 13 | Loss: *0.441* | Acc: *84.820%* (42410/50000) 
Test epoch: 13 | Loss: *0.576* | Acc: *80.520%* (8052/10000)
Train epoch: 14 | Loss: *0.433* | Acc: *85.140%* (42570/50000) 
Test epoch: 14 | Loss: *0.599* | Acc: *79.910%* (7991/10000)
Train epoch: 15 | Loss: *0.421* | Acc: *85.458%* (42729/50000) 
Test epoch: 15 | Loss: *0.491* | Acc: *83.310%* (8331/10000)
Train epoch: 16 | Loss: *0.410* | Acc: *85.814%* (42907/50000) 
Test epoch: 16 | Loss: *0.490* | Acc: *83.490%* (8349/10000)
Train epoch: 17 | Loss: *0.399* | Acc: *86.218%* (43109/50000) 
Test epoch: 17 | Loss: *0.530* | Acc: *82.570%* (8257/10000)
Train epoch: 18 | Loss: *0.399* | Acc: *86.294%* (43147/50000) 
Test epoch: 18 | Loss: *0.518* | Acc: *82.170%* (8217/10000)
Train epoch: 19 | Loss: *0.391* | Acc: *86.480%* (43240/50000) 
Test epoch: 19 | Loss: *0.828* | Acc: *75.540%* (7554/10000)
Train epoch: 20 | Loss: *0.385* | Acc: *86.676%* (43338/50000) 
Test epoch: 20 | Loss: *0.466* | Acc: *84.430%* (8443/10000)
Train epoch: 21 | Loss: *0.378* | Acc: *87.102%* (43551/50000) 
Test epoch: 21 | Loss: *0.559* | Acc: *81.780%* (8178/10000)
Train epoch: 22 | Loss: *0.378* | Acc: *87.116%* (43558/50000) 
Test epoch: 22 | Loss: *0.581* | Acc: *80.780%* (8078/10000)
Train epoch: 23 | Loss: *0.369* | Acc: *87.266%* (43633/50000) 
Test epoch: 23 | Loss: *0.569* | Acc: *80.670%* (8067/10000)
Train epoch: 24 | Loss: *0.370* | Acc: *87.342%* (43671/50000) 
Test epoch: 24 | Loss: *0.513* | Acc: *83.460%* (8346/10000)
Train epoch: 25 | Loss: *0.364* | Acc: *87.414%* (43707/50000) 
Test epoch: 25 | Loss: *0.435* | Acc: *85.070%* (8507/10000)
Train epoch: 26 | Loss: *0.366* | Acc: *87.462%* (43731/50000) 
Test epoch: 26 | Loss: *0.540* | Acc: *82.180%* (8218/10000)
Train epoch: 27 | Loss: *0.356* | Acc: *87.662%* (43831/50000) 
Test epoch: 27 | Loss: *0.462* | Acc: *84.790%* (8479/10000)
Train epoch: 28 | Loss: *0.355* | Acc: *87.736%* (43868/50000) 
Test epoch: 28 | Loss: *0.508* | Acc: *84.000%* (8400/10000)
Train epoch: 29 | Loss: *0.350* | Acc: *87.878%* (43939/50000) 
Test epoch: 29 | Loss: *0.538* | Acc: *82.160%* (8216/10000)
Train epoch: 30 | Loss: *0.353* | Acc: *87.858%* (43929/50000) 
Test epoch: 30 | Loss: *0.501* | Acc: *83.480%* (8348/10000)
Train epoch: 31 | Loss: *0.350* | Acc: *87.958%* (43979/50000) 
Test epoch: 31 | Loss: *0.649* | Acc: *79.970%* (7997/10000)
Train epoch: 32 | Loss: *0.344* | Acc: *88.156%* (44078/50000) 
Test epoch: 32 | Loss: *0.456* | Acc: *84.330%* (8433/10000)
Train epoch: 33 | Loss: *0.339* | Acc: *88.408%* (44204/50000) 
Test epoch: 33 | Loss: *0.898* | Acc: *75.380%* (7538/10000)
Train epoch: 34 | Loss: *0.343* | Acc: *88.224%* (44112/50000) 
Test epoch: 34 | Loss: *0.627* | Acc: *80.490%* (8049/10000)
Train epoch: 35 | Loss: *0.335* | Acc: *88.566%* (44283/50000) 
Test epoch: 35 | Loss: *0.555* | Acc: *82.120%* (8212/10000)
Train epoch: 36 | Loss: *0.334* | Acc: *88.406%* (44203/50000) 
Test epoch: 36 | Loss: *0.522* | Acc: *83.000%* (8300/10000)
Train epoch: 37 | Loss: *0.337* | Acc: *88.532%* (44266/50000) 
Test epoch: 37 | Loss: *0.587* | Acc: *81.620%* (8162/10000)
Train epoch: 38 | Loss: *0.331* | Acc: *88.612%* (44306/50000) 
Test epoch: 38 | Loss: *0.576* | Acc: *81.370%* (8137/10000)
Train epoch: 39 | Loss: *0.330* | Acc: *88.530%* (44265/50000) 
Test epoch: 39 | Loss: *0.512* | Acc: *83.050%* (8305/10000)
Train epoch: 40 | Loss: *0.329* | Acc: *88.624%* (44312/50000) 
Test epoch: 40 | Loss: *0.475* | Acc: *84.370%* (8437/10000)
Train epoch: 41 | Loss: *0.330* | Acc: *88.594%* (44297/50000) 
Test epoch: 41 | Loss: *0.710* | Acc: *79.020%* (7902/10000)
Train epoch: 42 | Loss: *0.324* | Acc: *88.886%* (44443/50000) 
Test epoch: 42 | Loss: *0.508* | Acc: *83.220%* (8322/10000)
Train epoch: 43 | Loss: *0.317* | Acc: *89.266%* (44633/50000) 
Test epoch: 43 | Loss: *0.636* | Acc: *79.510%* (7951/10000)
Train epoch: 44 | Loss: *0.321* | Acc: *89.080%* (44540/50000) 
Test epoch: 44 | Loss: *0.503* | Acc: *83.790%* (8379/10000)
Train epoch: 45 | Loss: *0.315* | Acc: *89.314%* (44657/50000) 
Test epoch: 45 | Loss: *0.425* | Acc: *85.940%* (8594/10000)
Train epoch: 46 | Loss: *0.322* | Acc: *89.024%* (44512/50000) 
Test epoch: 46 | Loss: *0.597* | Acc: *81.030%* (8103/10000)
Train epoch: 47 | Loss: *0.318* | Acc: *89.154%* (44577/50000) 
Test epoch: 47 | Loss: *0.546* | Acc: *82.210%* (8221/10000)
Train epoch: 48 | Loss: *0.315* | Acc: *89.232%* (44616/50000) 
Test epoch: 48 | Loss: *0.505* | Acc: *83.550%* (8355/10000)
Train epoch: 49 | Loss: *0.315* | Acc: *89.012%* (44506/50000) 
Test epoch: 49 | Loss: *0.528* | Acc: *82.600%* (8260/10000)
Train epoch: 50 | Loss: *0.313* | Acc: *89.298%* (44649/50000) 
Test epoch: 50 | Loss: *0.390* | Acc: *86.480%* (8648/10000)
Train epoch: 51 | Loss: *0.306* | Acc: *89.454%* (44727/50000) 
Test epoch: 51 | Loss: *0.560* | Acc: *83.400%* (8340/10000)
Train epoch: 52 | Loss: *0.307* | Acc: *89.392%* (44696/50000) 
Test epoch: 52 | Loss: *0.540* | Acc: *82.400%* (8240/10000)
Train epoch: 53 | Loss: *0.305* | Acc: *89.460%* (44730/50000) 
Test epoch: 53 | Loss: *0.448* | Acc: *84.580%* (8458/10000)
Train epoch: 54 | Loss: *0.307* | Acc: *89.420%* (44710/50000) 
Test epoch: 54 | Loss: *0.519* | Acc: *83.710%* (8371/10000)
Train epoch: 55 | Loss: *0.304* | Acc: *89.714%* (44857/50000) 
Test epoch: 55 | Loss: *0.500* | Acc: *84.090%* (8409/10000)
Train epoch: 56 | Loss: *0.305* | Acc: *89.470%* (44735/50000) 
Test epoch: 56 | Loss: *0.447* | Acc: *85.170%* (8517/10000)
Train epoch: 57 | Loss: *0.297* | Acc: *89.728%* (44864/50000) 
Test epoch: 57 | Loss: *0.442* | Acc: *84.890%* (8489/10000)
Train epoch: 58 | Loss: *0.297* | Acc: *89.700%* (44850/50000) 
Test epoch: 58 | Loss: *0.486* | Acc: *83.960%* (8396/10000)
Train epoch: 59 | Loss: *0.296* | Acc: *89.710%* (44855/50000) 
Test epoch: 59 | Loss: *0.777* | Acc: *77.940%* (7794/10000)
Train epoch: 60 | Loss: *0.296* | Acc: *89.818%* (44909/50000) 
Test epoch: 60 | Loss: *0.504* | Acc: *83.400%* (8340/10000)
Train epoch: 61 | Loss: *0.295* | Acc: *89.892%* (44946/50000) 
Test epoch: 61 | Loss: *0.976* | Acc: *72.870%* (7287/10000)
Train epoch: 62 | Loss: *0.290* | Acc: *89.876%* (44938/50000) 
Test epoch: 62 | Loss: *0.512* | Acc: *84.050%* (8405/10000)
Train epoch: 63 | Loss: *0.289* | Acc: *89.996%* (44998/50000) 
Test epoch: 63 | Loss: *0.466* | Acc: *85.010%* (8501/10000)
Train epoch: 64 | Loss: *0.284* | Acc: *90.358%* (45179/50000) 
Test epoch: 64 | Loss: *0.457* | Acc: *84.600%* (8460/10000)
Train epoch: 65 | Loss: *0.281* | Acc: *90.260%* (45130/50000) 
Test epoch: 65 | Loss: *0.635* | Acc: *81.180%* (8118/10000)
Train epoch: 66 | Loss: *0.285* | Acc: *90.232%* (45116/50000) 
Test epoch: 66 | Loss: *0.471* | Acc: *85.020%* (8502/10000)
Train epoch: 67 | Loss: *0.282* | Acc: *90.300%* (45150/50000) 
Test epoch: 67 | Loss: *0.391* | Acc: *87.000%* (8700/10000)
Train epoch: 68 | Loss: *0.278* | Acc: *90.336%* (45168/50000) 
Test epoch: 68 | Loss: *0.414* | Acc: *86.780%* (8678/10000)
Train epoch: 69 | Loss: *0.279* | Acc: *90.256%* (45128/50000) 
Test epoch: 69 | Loss: *0.450* | Acc: *85.490%* (8549/10000)
Train epoch: 70 | Loss: *0.276* | Acc: *90.530%* (45265/50000) 
Test epoch: 70 | Loss: *0.450* | Acc: *85.500%* (8550/10000)
Train epoch: 71 | Loss: *0.269* | Acc: *90.618%* (45309/50000) 
Test epoch: 71 | Loss: *0.460* | Acc: *85.150%* (8515/10000)
Train epoch: 72 | Loss: *0.274* | Acc: *90.474%* (45237/50000) 
Test epoch: 72 | Loss: *0.458* | Acc: *85.790%* (8579/10000)
Train epoch: 73 | Loss: *0.268* | Acc: *90.652%* (45326/50000) 
Test epoch: 73 | Loss: *0.452* | Acc: *84.710%* (8471/10000)
Train epoch: 74 | Loss: *0.272* | Acc: *90.812%* (45406/50000) 
Test epoch: 74 | Loss: *0.455* | Acc: *85.910%* (8591/10000)
Train epoch: 75 | Loss: *0.264* | Acc: *90.914%* (45457/50000) 
Test epoch: 75 | Loss: *0.457* | Acc: *85.020%* (8502/10000)
Train epoch: 76 | Loss: *0.268* | Acc: *90.710%* (45355/50000) 
Test epoch: 76 | Loss: *0.381* | Acc: *87.470%* (8747/10000)
Train epoch: 77 | Loss: *0.265* | Acc: *90.744%* (45372/50000) 
Test epoch: 77 | Loss: *0.458* | Acc: *84.990%* (8499/10000)
Train epoch: 78 | Loss: *0.258* | Acc: *91.232%* (45616/50000) 
Test epoch: 78 | Loss: *0.409* | Acc: *86.390%* (8639/10000)
Train epoch: 79 | Loss: *0.258* | Acc: *90.988%* (45494/50000) 
Test epoch: 79 | Loss: *0.474* | Acc: *84.890%* (8489/10000)
Train epoch: 80 | Loss: *0.256* | Acc: *91.112%* (45556/50000) 
Test epoch: 80 | Loss: *0.498* | Acc: *84.080%* (8408/10000)
Train epoch: 81 | Loss: *0.256* | Acc: *91.086%* (45543/50000) 
Test epoch: 81 | Loss: *0.371* | Acc: *88.090%* (8809/10000)
Train epoch: 82 | Loss: *0.248* | Acc: *91.524%* (45762/50000) 
Test epoch: 82 | Loss: *0.405* | Acc: *86.700%* (8670/10000)
Train epoch: 83 | Loss: *0.251* | Acc: *91.282%* (45641/50000) 
Test epoch: 83 | Loss: *0.364* | Acc: *87.620%* (8762/10000)
Train epoch: 84 | Loss: *0.246* | Acc: *91.532%* (45766/50000) 
Test epoch: 84 | Loss: *0.438* | Acc: *86.110%* (8611/10000)
Train epoch: 85 | Loss: *0.245* | Acc: *91.642%* (45821/50000) 
Test epoch: 85 | Loss: *0.428* | Acc: *85.530%* (8553/10000)
Train epoch: 86 | Loss: *0.240* | Acc: *91.610%* (45805/50000) 
Test epoch: 86 | Loss: *0.385* | Acc: *87.610%* (8761/10000)
Train epoch: 87 | Loss: *0.236* | Acc: *91.996%* (45998/50000) 
Test epoch: 87 | Loss: *0.512* | Acc: *84.260%* (8426/10000)
Train epoch: 88 | Loss: *0.242* | Acc: *91.550%* (45775/50000) 
Test epoch: 88 | Loss: *0.415* | Acc: *86.700%* (8670/10000)
Train epoch: 89 | Loss: *0.234* | Acc: *91.866%* (45933/50000) 
Test epoch: 89 | Loss: *0.442* | Acc: *85.860%* (8586/10000)
Train epoch: 90 | Loss: *0.236* | Acc: *91.800%* (45900/50000) 
Test epoch: 90 | Loss: *0.390* | Acc: *87.720%* (8772/10000)
Train epoch: 91 | Loss: *0.230* | Acc: *92.112%* (46056/50000) 
Test epoch: 91 | Loss: *0.462* | Acc: *85.980%* (8598/10000)
Train epoch: 92 | Loss: *0.230* | Acc: *92.058%* (46029/50000) 
Test epoch: 92 | Loss: *0.685* | Acc: *78.970%* (7897/10000)
Train epoch: 93 | Loss: *0.227* | Acc: *92.100%* (46050/50000) 
Test epoch: 93 | Loss: *0.453* | Acc: *85.550%* (8555/10000)
Train epoch: 94 | Loss: *0.221* | Acc: *92.380%* (46190/50000) 
Test epoch: 94 | Loss: *0.466* | Acc: *85.080%* (8508/10000)
Train epoch: 95 | Loss: *0.220* | Acc: *92.394%* (46197/50000) 
Test epoch: 95 | Loss: *0.380* | Acc: *88.080%* (8808/10000)
Train epoch: 96 | Loss: *0.224* | Acc: *92.286%* (46143/50000) 
Test epoch: 96 | Loss: *0.406* | Acc: *87.030%* (8703/10000)
Train epoch: 97 | Loss: *0.216* | Acc: *92.526%* (46263/50000) 
Test epoch: 97 | Loss: *0.491* | Acc: *85.160%* (8516/10000)
Train epoch: 98 | Loss: *0.214* | Acc: *92.676%* (46338/50000) 
Test epoch: 98 | Loss: *0.414* | Acc: *86.920%* (8692/10000)
Train epoch: 99 | Loss: *0.207* | Acc: *92.840%* (46420/50000) 
Test epoch: 99 | Loss: *0.432* | Acc: *86.150%* (8615/10000)
Train epoch: 100 | Loss: *0.210* | Acc: *92.728%* (46364/50000) 
Test epoch: 100 | Loss: *0.409* | Acc: *87.020%* (8702/10000)
Train epoch: 101 | Loss: *0.204* | Acc: *92.874%* (46437/50000) 
Test epoch: 101 | Loss: *0.388* | Acc: *87.670%* (8767/10000)
Train epoch: 102 | Loss: *0.205* | Acc: *93.000%* (46500/50000) 
Test epoch: 102 | Loss: *0.348* | Acc: *88.620%* (8862/10000)
Train epoch: 103 | Loss: *0.201* | Acc: *92.906%* (46453/50000) 
Test epoch: 103 | Loss: *0.375* | Acc: *88.160%* (8816/10000)
Train epoch: 104 | Loss: *0.197* | Acc: *93.270%* (46635/50000) 
Test epoch: 104 | Loss: *0.363* | Acc: *88.190%* (8819/10000)
Train epoch: 105 | Loss: *0.195* | Acc: *93.208%* (46604/50000) 
Test epoch: 105 | Loss: *0.378* | Acc: *88.140%* (8814/10000)
Train epoch: 106 | Loss: *0.195* | Acc: *93.248%* (46624/50000) 
Test epoch: 106 | Loss: *0.393* | Acc: *87.460%* (8746/10000)
Train epoch: 107 | Loss: *0.190* | Acc: *93.378%* (46689/50000) 
Test epoch: 107 | Loss: *0.353* | Acc: *88.650%* (8865/10000)
Train epoch: 108 | Loss: *0.187* | Acc: *93.530%* (46765/50000) 
Test epoch: 108 | Loss: *0.411* | Acc: *87.220%* (8722/10000)
Train epoch: 109 | Loss: *0.183* | Acc: *93.664%* (46832/50000) 
Test epoch: 109 | Loss: *0.340* | Acc: *88.990%* (8899/10000)
Train epoch: 110 | Loss: *0.183* | Acc: *93.726%* (46863/50000) 
Test epoch: 110 | Loss: *0.383* | Acc: *88.170%* (8817/10000)
Train epoch: 111 | Loss: *0.174* | Acc: *93.994%* (46997/50000) 
Test epoch: 111 | Loss: *0.366* | Acc: *88.600%* (8860/10000)
Train epoch: 112 | Loss: *0.180* | Acc: *93.848%* (46924/50000) 
Test epoch: 112 | Loss: *0.461* | Acc: *86.030%* (8603/10000)
Train epoch: 113 | Loss: *0.172* | Acc: *94.064%* (47032/50000) 
Test epoch: 113 | Loss: *0.363* | Acc: *88.290%* (8829/10000)
Train epoch: 114 | Loss: *0.176* | Acc: *93.968%* (46984/50000) 
Test epoch: 114 | Loss: *0.360* | Acc: *88.970%* (8897/10000)
Train epoch: 115 | Loss: *0.171* | Acc: *94.192%* (47096/50000) 
Test epoch: 115 | Loss: *0.406* | Acc: *87.330%* (8733/10000)
Train epoch: 116 | Loss: *0.170* | Acc: *94.122%* (47061/50000) 
Test epoch: 116 | Loss: *0.355* | Acc: *88.840%* (8884/10000)
Train epoch: 117 | Loss: *0.164* | Acc: *94.276%* (47138/50000) 
Test epoch: 117 | Loss: *0.379* | Acc: *88.370%* (8837/10000)
Train epoch: 118 | Loss: *0.161* | Acc: *94.308%* (47154/50000) 
Test epoch: 118 | Loss: *0.339* | Acc: *89.500%* (8950/10000)
Train epoch: 119 | Loss: *0.155* | Acc: *94.624%* (47312/50000) 
Test epoch: 119 | Loss: *0.362* | Acc: *88.700%* (8870/10000)
Train epoch: 120 | Loss: *0.158* | Acc: *94.558%* (47279/50000) 
Test epoch: 120 | Loss: *0.393* | Acc: *87.810%* (8781/10000)
Train epoch: 121 | Loss: *0.145* | Acc: *95.016%* (47508/50000) 
Test epoch: 121 | Loss: *0.551* | Acc: *84.660%* (8466/10000)
Train epoch: 122 | Loss: *0.148* | Acc: *94.916%* (47458/50000) 
Test epoch: 122 | Loss: *0.344* | Acc: *89.420%* (8942/10000)
Train epoch: 123 | Loss: *0.147* | Acc: *94.890%* (47445/50000) 
Test epoch: 123 | Loss: *0.339* | Acc: *89.110%* (8911/10000)
Train epoch: 124 | Loss: *0.145* | Acc: *94.918%* (47459/50000) 
Test epoch: 124 | Loss: *0.325* | Acc: *89.680%* (8968/10000)
Train epoch: 125 | Loss: *0.141* | Acc: *95.186%* (47593/50000) 
Test epoch: 125 | Loss: *0.366* | Acc: *88.920%* (8892/10000)
Train epoch: 126 | Loss: *0.131* | Acc: *95.546%* (47773/50000) 
Test epoch: 126 | Loss: *0.336* | Acc: *90.210%* (9021/10000)
Train epoch: 127 | Loss: *0.137* | Acc: *95.228%* (47614/50000) 
Test epoch: 127 | Loss: *0.371* | Acc: *88.870%* (8887/10000)
Train epoch: 128 | Loss: *0.132* | Acc: *95.446%* (47723/50000) 
Test epoch: 128 | Loss: *0.347* | Acc: *89.970%* (8997/10000)
Train epoch: 129 | Loss: *0.130* | Acc: *95.428%* (47714/50000) 
Test epoch: 129 | Loss: *0.335* | Acc: *89.800%* (8980/10000)
Train epoch: 130 | Loss: *0.123* | Acc: *95.682%* (47841/50000) 
Test epoch: 130 | Loss: *0.311* | Acc: *90.300%* (9030/10000)
Train epoch: 131 | Loss: *0.119* | Acc: *95.926%* (47963/50000) 
Test epoch: 131 | Loss: *0.366* | Acc: *89.540%* (8954/10000)
Train epoch: 132 | Loss: *0.119* | Acc: *95.978%* (47989/50000) 
Test epoch: 132 | Loss: *0.303* | Acc: *90.510%* (9051/10000)
Train epoch: 133 | Loss: *0.114* | Acc: *96.150%* (48075/50000) 
Test epoch: 133 | Loss: *0.322* | Acc: *90.330%* (9033/10000)
Train epoch: 134 | Loss: *0.113* | Acc: *96.166%* (48083/50000) 
Test epoch: 134 | Loss: *0.324* | Acc: *90.640%* (9064/10000)
Train epoch: 135 | Loss: *0.109* | Acc: *96.174%* (48087/50000) 
Test epoch: 135 | Loss: *0.380* | Acc: *88.820%* (8882/10000)
Train epoch: 136 | Loss: *0.105* | Acc: *96.376%* (48188/50000) 
Test epoch: 136 | Loss: *0.312* | Acc: *90.450%* (9045/10000)
Train epoch: 137 | Loss: *0.100* | Acc: *96.562%* (48281/50000) 
Test epoch: 137 | Loss: *0.325* | Acc: *90.590%* (9059/10000)
Train epoch: 138 | Loss: *0.098* | Acc: *96.666%* (48333/50000) 
Test epoch: 138 | Loss: *0.361* | Acc: *89.510%* (8951/10000)
Train epoch: 139 | Loss: *0.095* | Acc: *96.738%* (48369/50000) 
Test epoch: 139 | Loss: *0.333* | Acc: *90.400%* (9040/10000)
Train epoch: 140 | Loss: *0.090* | Acc: *96.974%* (48487/50000) 
Test epoch: 140 | Loss: *0.313* | Acc: *90.530%* (9053/10000)
Train epoch: 141 | Loss: *0.092* | Acc: *96.912%* (48456/50000) 
Test epoch: 141 | Loss: *0.345* | Acc: *90.140%* (9014/10000)
Train epoch: 142 | Loss: *0.089* | Acc: *97.034%* (48517/50000) 
Test epoch: 142 | Loss: *0.330* | Acc: *90.900%* (9090/10000)
Train epoch: 143 | Loss: *0.076* | Acc: *97.460%* (48730/50000) 
Test epoch: 143 | Loss: *0.288* | Acc: *91.790%* (9179/10000)
Train epoch: 144 | Loss: *0.074* | Acc: *97.550%* (48775/50000) 
Test epoch: 144 | Loss: *0.303* | Acc: *90.940%* (9094/10000)
Train epoch: 145 | Loss: *0.072* | Acc: *97.582%* (48791/50000) 
Test epoch: 145 | Loss: *0.275* | Acc: *92.170%* (9217/10000)
Train epoch: 146 | Loss: *0.067* | Acc: *97.836%* (48918/50000) 
Test epoch: 146 | Loss: *0.346* | Acc: *90.540%* (9054/10000)
Train epoch: 147 | Loss: *0.063* | Acc: *98.006%* (49003/50000) 
Test epoch: 147 | Loss: *0.318* | Acc: *91.040%* (9104/10000)
Train epoch: 148 | Loss: *0.061* | Acc: *98.018%* (49009/50000) 
Test epoch: 148 | Loss: *0.305* | Acc: *91.380%* (9138/10000)
Train epoch: 149 | Loss: *0.060* | Acc: *98.066%* (49033/50000) 
Test epoch: 149 | Loss: *0.315* | Acc: *91.080%* (9108/10000)
Train epoch: 150 | Loss: *0.058* | Acc: *98.112%* (49056/50000) 
Test epoch: 150 | Loss: *0.278* | Acc: *91.930%* (9193/10000)
Train epoch: 151 | Loss: *0.058* | Acc: *98.064%* (49032/50000) 
Test epoch: 151 | Loss: *0.310* | Acc: *91.060%* (9106/10000)
Train epoch: 152 | Loss: *0.050* | Acc: *98.414%* (49207/50000) 
Test epoch: 152 | Loss: *0.295* | Acc: *91.520%* (9152/10000)
Train epoch: 153 | Loss: *0.040* | Acc: *98.794%* (49397/50000) 
Test epoch: 153 | Loss: *0.293* | Acc: *91.860%* (9186/10000)
Train epoch: 154 | Loss: *0.041* | Acc: *98.712%* (49356/50000) 
Test epoch: 154 | Loss: *0.284* | Acc: *92.210%* (9221/10000)
Train epoch: 155 | Loss: *0.037* | Acc: *98.900%* (49450/50000) 
Test epoch: 155 | Loss: *0.289* | Acc: *92.170%* (9217/10000)
Train epoch: 156 | Loss: *0.034* | Acc: *98.998%* (49499/50000) 
Test epoch: 156 | Loss: *0.283* | Acc: *92.440%* (9244/10000)
Train epoch: 157 | Loss: *0.035* | Acc: *98.958%* (49479/50000) 
Test epoch: 157 | Loss: *0.269* | Acc: *92.400%* (9240/10000)
Train epoch: 158 | Loss: *0.026* | Acc: *99.304%* (49652/50000) 
Test epoch: 158 | Loss: *0.281* | Acc: *92.350%* (9235/10000)
Train epoch: 159 | Loss: *0.029* | Acc: *99.184%* (49592/50000) 
Test epoch: 159 | Loss: *0.248* | Acc: *92.960%* (9296/10000)
Train epoch: 160 | Loss: *0.025* | Acc: *99.292%* (49646/50000) 
Test epoch: 160 | Loss: *0.245* | Acc: *92.870%* (9287/10000)
Train epoch: 161 | Loss: *0.022* | Acc: *99.430%* (49715/50000) 
Test epoch: 161 | Loss: *0.262* | Acc: *92.920%* (9292/10000)
Train epoch: 162 | Loss: *0.018* | Acc: *99.566%* (49783/50000) 
Test epoch: 162 | Loss: *0.242* | Acc: *93.230%* (9323/10000)
Train epoch: 163 | Loss: *0.014* | Acc: *99.702%* (49851/50000) 
Test epoch: 163 | Loss: *0.245* | Acc: *93.460%* (9346/10000)
Train epoch: 164 | Loss: *0.013* | Acc: *99.752%* (49876/50000) 
Test epoch: 164 | Loss: *0.243* | Acc: *93.580%* (9358/10000)
Train epoch: 165 | Loss: *0.011* | Acc: *99.764%* (49882/50000) 
Test epoch: 165 | Loss: *0.222* | Acc: *93.930%* (9393/10000)
Train epoch: 166 | Loss: *0.010* | Acc: *99.840%* (49920/50000) 
Test epoch: 166 | Loss: *0.220* | Acc: *93.870%* (9387/10000)
Train epoch: 167 | Loss: *0.008* | Acc: *99.894%* (49947/50000) 
Test epoch: 167 | Loss: *0.221* | Acc: *93.940%* (9394/10000)
Train epoch: 168 | Loss: *0.008* | Acc: *99.888%* (49944/50000) 
Test epoch: 168 | Loss: *0.212* | Acc: *93.970%* (9397/10000)
Train epoch: 169 | Loss: *0.006* | Acc: *99.946%* (49973/50000) 
Test epoch: 169 | Loss: *0.215* | Acc: *94.170%* (9417/10000)
Train epoch: 170 | Loss: *0.006* | Acc: *99.948%* (49974/50000) 
Test epoch: 170 | Loss: *0.205* | Acc: *94.260%* (9426/10000)
Train epoch: 171 | Loss: *0.006* | Acc: *99.954%* (49977/50000) 
Test epoch: 171 | Loss: *0.206* | Acc: *94.130%* (9413/10000)
Train epoch: 172 | Loss: *0.005* | Acc: *99.960%* (49980/50000) 
Test epoch: 172 | Loss: *0.210* | Acc: *94.240%* (9424/10000)
Train epoch: 173 | Loss: *0.005* | Acc: *99.954%* (49977/50000) 
Test epoch: 173 | Loss: *0.208* | Acc: *94.330%* (9433/10000)
Train epoch: 174 | Loss: *0.005* | Acc: *99.974%* (49987/50000) 
Test epoch: 174 | Loss: *0.206* | Acc: *94.290%* (9429/10000)
Train epoch: 175 | Loss: *0.005* | Acc: *99.966%* (49983/50000) 
Test epoch: 175 | Loss: *0.203* | Acc: *94.460%* (9446/10000)
Train epoch: 176 | Loss: *0.005* | Acc: *99.970%* (49985/50000) 
Test epoch: 176 | Loss: *0.203* | Acc: *94.390%* (9439/10000)
Train epoch: 177 | Loss: *0.004* | Acc: *99.986%* (49993/50000) 
Test epoch: 177 | Loss: *0.203* | Acc: *94.340%* (9434/10000)
Train epoch: 178 | Loss: *0.004* | Acc: *99.980%* (49990/50000) 
Test epoch: 178 | Loss: *0.198* | Acc: *94.410%* (9441/10000)
Train epoch: 179 | Loss: *0.004* | Acc: *99.994%* (49997/50000) 
Test epoch: 179 | Loss: *0.199* | Acc: *94.400%* (9440/10000)
Train epoch: 180 | Loss: *0.004* | Acc: *99.984%* (49992/50000) 
Test epoch: 180 | Loss: *0.195* | Acc: *94.570%* (9457/10000)
Train epoch: 181 | Loss: *0.004* | Acc: *99.994%* (49997/50000) 
Test epoch: 181 | Loss: *0.195* | Acc: *94.320%* (9432/10000)
Train epoch: 182 | Loss: *0.004* | Acc: *99.990%* (49995/50000) 
Test epoch: 182 | Loss: *0.193* | Acc: *94.440%* (9444/10000)
Train epoch: 183 | Loss: *0.004* | Acc: *99.994%* (49997/50000) 
Test epoch: 183 | Loss: *0.195* | Acc: *94.420%* (9442/10000)
Train epoch: 184 | Loss: *0.003* | Acc: *99.990%* (49995/50000) 
Test epoch: 184 | Loss: *0.194* | Acc: *94.540%* (9454/10000)
Train epoch: 185 | Loss: *0.004* | Acc: *99.986%* (49993/50000) 
Test epoch: 185 | Loss: *0.191* | Acc: *94.650%* (9465/10000)
Train epoch: 186 | Loss: *0.004* | Acc: *99.992%* (49996/50000) 
Test epoch: 186 | Loss: *0.192* | Acc: *94.460%* (9446/10000)
Train epoch: 187 | Loss: *0.003* | Acc: *99.988%* (49994/50000) 
Test epoch: 187 | Loss: *0.194* | Acc: *94.460%* (9446/10000)
Train epoch: 188 | Loss: *0.003* | Acc: *100.000%* (50000/50000) 
Test epoch: 188 | Loss: *0.191* | Acc: *94.630%* (9463/10000)
Train epoch: 189 | Loss: *0.003* | Acc: *99.998%* (49999/50000) 
Test epoch: 189 | Loss: *0.191* | Acc: *94.530%* (9453/10000)
Train epoch: 190 | Loss: *0.003* | Acc: *99.998%* (49999/50000) 
Test epoch: 190 | Loss: *0.190* | Acc: *94.660%* (9466/10000)
Train epoch: 191 | Loss: *0.003* | Acc: *99.996%* (49998/50000) 
Test epoch: 191 | Loss: *0.190* | Acc: *94.660%* (9466/10000)
Train epoch: 192 | Loss: *0.003* | Acc: *99.992%* (49996/50000) 
Test epoch: 192 | Loss: *0.192* | Acc: *94.580%* (9458/10000)
Train epoch: 193 | Loss: *0.003* | Acc: *99.992%* (49996/50000) 
Test epoch: 193 | Loss: *0.191* | Acc: *94.560%* (9456/10000)
Train epoch: 194 | Loss: *0.003* | Acc: *99.998%* (49999/50000) 
Test epoch: 194 | Loss: *0.190* | Acc: *94.640%* (9464/10000)
Train epoch: 195 | Loss: *0.003* | Acc: *100.000%* (50000/50000) 
Test epoch: 195 | Loss: *0.192* | Acc: *94.640%* (9464/10000)
Train epoch: 196 | Loss: *0.003* | Acc: *99.998%* (49999/50000) 
Test epoch: 196 | Loss: *0.190* | Acc: *94.610%* (9461/10000)
Train epoch: 197 | Loss: *0.003* | Acc: *99.994%* (49997/50000) 
Test epoch: 197 | Loss: *0.192* | Acc: *94.540%* (9454/10000)
Train epoch: 198 | Loss: *0.003* | Acc: *99.996%* (49998/50000) 
Test epoch: 198 | Loss: *0.190* | Acc: *94.690%* (9469/10000)
Train epoch: 199 | Loss: *0.003* | Acc: *99.996%* (49998/50000) 
Test epoch: 199 | Loss: *0.192* | Acc: *94.580%* (9458/10000)
Train epoch: 200 | Loss: *0.003* | Acc: *99.996%* (49998/50000) 
Test epoch: 200 | Loss: *0.191* | Acc: *94.640%* (9464/10000)
Train epoch: 201 | Loss: *0.003* | Acc: *100.000%* (50000/50000) 
Test epoch: 201 | Loss: *0.189* | Acc: *94.580%* (9458/10000)
Train epoch: 202 | Loss: *0.003* | Acc: *99.992%* (49996/50000) 
Test epoch: 202 | Loss: *0.191* | Acc: *94.500%* (9450/10000)
Train epoch: 203 | Loss: *0.003* | Acc: *99.998%* (49999/50000) 
Test epoch: 203 | Loss: *0.190* | Acc: *94.670%* (9467/10000)
Train epoch: 204 | Loss: *0.003* | Acc: *100.000%* (50000/50000) 
Test epoch: 204 | Loss: *0.190* | Acc: *94.540%* (9454/10000)
Train epoch: 205 | Loss: *0.003* | Acc: *99.990%* (49995/50000) 
Test epoch: 205 | Loss: *0.191* | Acc: *94.550%* (9455/10000)
Train epoch: 206 | Loss: *0.003* | Acc: *99.990%* (49995/50000) 
Test epoch: 206 | Loss: *0.190* | Acc: *94.500%* (9450/10000)
Train epoch: 207 | Loss: *0.003* | Acc: *100.000%* (50000/50000) 
Test epoch: 207 | Loss: *0.189* | Acc: *94.640%* (9464/10000)
Train epoch: 208 | Loss: *0.003* | Acc: *99.994%* (49997/50000) 
Test epoch: 208 | Loss: *0.190* | Acc: *94.600%* (9460/10000)
Train epoch: 209 | Loss: *0.003* | Acc: *99.998%* (49999/50000) 
Test epoch: 209 | Loss: *0.191* | Acc: *94.520%* (9452/10000)
Train epoch: 210 | Loss: *0.003* | Acc: *100.000%* (50000/50000) 
Test epoch: 210 | Loss: *0.190* | Acc: *94.590%* (9459/10000)
Train epoch: 211 | Loss: *0.003* | Acc: *99.992%* (49996/50000) 
Test epoch: 211 | Loss: *0.190* | Acc: *94.480%* (9448/10000)
Train epoch: 212 | Loss: *0.003* | Acc: *99.992%* (49996/50000) 
Test epoch: 212 | Loss: *0.191* | Acc: *94.540%* (9454/10000)
Train epoch: 213 | Loss: *0.003* | Acc: *99.998%* (49999/50000) 
Test epoch: 213 | Loss: *0.189* | Acc: *94.630%* (9463/10000)
Train epoch: 214 | Loss: *0.003* | Acc: *99.998%* (49999/50000) 
Test epoch: 214 | Loss: *0.189* | Acc: *94.710%* (9471/10000)
Train epoch: 215 | Loss: *0.003* | Acc: *99.998%* (49999/50000) 
Test epoch: 215 | Loss: *0.188* | Acc: *94.580%* (9458/10000)
Train epoch: 216 | Loss: *0.003* | Acc: *100.000%* (50000/50000) 
Test epoch: 216 | Loss: *0.190* | Acc: *94.680%* (9468/10000)
Train epoch: 217 | Loss: *0.003* | Acc: *100.000%* (50000/50000) 
Test epoch: 217 | Loss: *0.191* | Acc: *94.500%* (9450/10000)
Train epoch: 218 | Loss: *0.003* | Acc: *99.992%* (49996/50000) 
Test epoch: 218 | Loss: *0.190* | Acc: *94.660%* (9466/10000)
Train epoch: 219 | Loss: *0.003* | Acc: *99.996%* (49998/50000) 
Test epoch: 219 | Loss: *0.188* | Acc: *94.590%* (9459/10000)
Train epoch: 220 | Loss: *0.003* | Acc: *99.996%* (49998/50000) 
Test epoch: 220 | Loss: *0.191* | Acc: *94.380%* (9438/10000)
Train epoch: 221 | Loss: *0.004* | Acc: *99.992%* (49996/50000) 
Test epoch: 221 | Loss: *0.190* | Acc: *94.630%* (9463/10000)
Train epoch: 222 | Loss: *0.004* | Acc: *99.996%* (49998/50000) 
Test epoch: 222 | Loss: *0.190* | Acc: *94.560%* (9456/10000)
Train epoch: 223 | Loss: *0.004* | Acc: *99.992%* (49996/50000) 
Test epoch: 223 | Loss: *0.190* | Acc: *94.520%* (9452/10000)
Train epoch: 224 | Loss: *0.004* | Acc: *100.000%* (50000/50000) 
Test epoch: 224 | Loss: *0.192* | Acc: *94.490%* (9449/10000)
Train epoch: 225 | Loss: *0.004* | Acc: *99.994%* (49997/50000) 
Test epoch: 225 | Loss: *0.189* | Acc: *94.630%* (9463/10000)
Train epoch: 226 | Loss: *0.004* | Acc: *99.992%* (49996/50000) 
Test epoch: 226 | Loss: *0.192* | Acc: *94.490%* (9449/10000)
Train epoch: 227 | Loss: *0.004* | Acc: *99.994%* (49997/50000) 
Test epoch: 227 | Loss: *0.191* | Acc: *94.420%* (9442/10000)
Train epoch: 228 | Loss: *0.004* | Acc: *99.996%* (49998/50000) 
Test epoch: 228 | Loss: *0.187* | Acc: *94.550%* (9455/10000)
Train epoch: 229 | Loss: *0.004* | Acc: *99.998%* (49999/50000) 
Test epoch: 229 | Loss: *0.191* | Acc: *94.570%* (9457/10000)
Train epoch: 230 | Loss: *0.004* | Acc: *99.998%* (49999/50000) 
Test epoch: 230 | Loss: *0.192* | Acc: *94.650%* (9465/10000)
Train epoch: 231 | Loss: *0.004* | Acc: *99.990%* (49995/50000) 
Test epoch: 231 | Loss: *0.193* | Acc: *94.530%* (9453/10000)
Train epoch: 232 | Loss: *0.004* | Acc: *99.992%* (49996/50000) 
Test epoch: 232 | Loss: *0.193* | Acc: *94.470%* (9447/10000)
Train epoch: 233 | Loss: *0.005* | Acc: *99.988%* (49994/50000) 
Test epoch: 233 | Loss: *0.202* | Acc: *94.030%* (9403/10000)
Train epoch: 234 | Loss: *0.005* | Acc: *99.992%* (49996/50000) 
Test epoch: 234 | Loss: *0.206* | Acc: *94.260%* (9426/10000)
Train epoch: 235 | Loss: *0.007* | Acc: *99.958%* (49979/50000) 
Test epoch: 235 | Loss: *0.219* | Acc: *93.610%* (9361/10000)
Train epoch: 236 | Loss: *0.017* | Acc: *99.704%* (49852/50000) 
Test epoch: 236 | Loss: *0.297* | Acc: *91.520%* (9152/10000)
Train epoch: 237 | Loss: *0.069* | Acc: *97.896%* (48948/50000) 
Test epoch: 237 | Loss: *0.377* | Acc: *89.170%* (8917/10000)
Train epoch: 238 | Loss: *0.112* | Acc: *96.246%* (48123/50000) 
Test epoch: 238 | Loss: *0.326* | Acc: *90.650%* (9065/10000)
Train epoch: 239 | Loss: *0.099* | Acc: *96.736%* (48368/50000) 
Test epoch: 239 | Loss: *0.386* | Acc: *89.390%* (8939/10000)
Train epoch: 240 | Loss: *0.106* | Acc: *96.492%* (48246/50000) 
Test epoch: 240 | Loss: *0.396* | Acc: *88.790%* (8879/10000)
Train epoch: 241 | Loss: *0.103* | Acc: *96.484%* (48242/50000) 
Test epoch: 241 | Loss: *0.350* | Acc: *90.060%* (9006/10000)
Train epoch: 242 | Loss: *0.104* | Acc: *96.534%* (48267/50000) 
Test epoch: 242 | Loss: *0.325* | Acc: *90.240%* (9024/10000)
Train epoch: 243 | Loss: *0.104* | Acc: *96.556%* (48278/50000) 
Test epoch: 243 | Loss: *0.331* | Acc: *90.190%* (9019/10000)
Train epoch: 244 | Loss: *0.100* | Acc: *96.648%* (48324/50000) 
Test epoch: 244 | Loss: *0.355* | Acc: *89.870%* (8987/10000)
Train epoch: 245 | Loss: *0.104* | Acc: *96.436%* (48218/50000) 
Test epoch: 245 | Loss: *0.341* | Acc: *90.540%* (9054/10000)
Train epoch: 246 | Loss: *0.102* | Acc: *96.568%* (48284/50000) 
Test epoch: 246 | Loss: *0.346* | Acc: *90.060%* (9006/10000)
Train epoch: 247 | Loss: *0.097* | Acc: *96.686%* (48343/50000) 
Test epoch: 247 | Loss: *0.363* | Acc: *89.760%* (8976/10000)
Train epoch: 248 | Loss: *0.103* | Acc: *96.558%* (48279/50000) 
Test epoch: 248 | Loss: *0.310* | Acc: *90.920%* (9092/10000)
Train epoch: 249 | Loss: *0.103* | Acc: *96.540%* (48270/50000) 
Test epoch: 249 | Loss: *0.344* | Acc: *90.060%* (9006/10000)
Train epoch: 250 | Loss: *0.108* | Acc: *96.284%* (48142/50000) 
Test epoch: 250 | Loss: *0.400* | Acc: *88.600%* (8860/10000)
Train epoch: 251 | Loss: *0.101* | Acc: *96.588%* (48294/50000) 
Test epoch: 251 | Loss: *0.376* | Acc: *89.730%* (8973/10000)
Train epoch: 252 | Loss: *0.103* | Acc: *96.514%* (48257/50000) 
Test epoch: 252 | Loss: *0.339* | Acc: *89.900%* (8990/10000)
Train epoch: 253 | Loss: *0.109* | Acc: *96.118%* (48059/50000) 
Test epoch: 253 | Loss: *0.328* | Acc: *90.520%* (9052/10000)
Train epoch: 254 | Loss: *0.112* | Acc: *96.168%* (48084/50000) 
Test epoch: 254 | Loss: *0.314* | Acc: *91.030%* (9103/10000)
Train epoch: 255 | Loss: *0.110* | Acc: *96.246%* (48123/50000) 
Test epoch: 255 | Loss: *0.358* | Acc: *89.360%* (8936/10000)
Train epoch: 256 | Loss: *0.105* | Acc: *96.340%* (48170/50000) 
Test epoch: 256 | Loss: *0.346* | Acc: *89.990%* (8999/10000)
Train epoch: 257 | Loss: *0.110* | Acc: *96.246%* (48123/50000) 
Test epoch: 257 | Loss: *0.362* | Acc: *89.510%* (8951/10000)
Train epoch: 258 | Loss: *0.114* | Acc: *96.134%* (48067/50000) 
Test epoch: 258 | Loss: *0.338* | Acc: *89.640%* (8964/10000)
Train epoch: 259 | Loss: *0.114* | Acc: *96.086%* (48043/50000) 
Test epoch: 259 | Loss: *0.382* | Acc: *88.910%* (8891/10000)
Train epoch: 260 | Loss: *0.108* | Acc: *96.284%* (48142/50000) 
Test epoch: 260 | Loss: *0.344* | Acc: *89.750%* (8975/10000)
Train epoch: 261 | Loss: *0.119* | Acc: *95.948%* (47974/50000) 
Test epoch: 261 | Loss: *0.383* | Acc: *88.740%* (8874/10000)
Train epoch: 262 | Loss: *0.120* | Acc: *95.942%* (47971/50000) 
Test epoch: 262 | Loss: *0.363* | Acc: *89.510%* (8951/10000)
Train epoch: 263 | Loss: *0.119* | Acc: *95.936%* (47968/50000) 
Test epoch: 263 | Loss: *0.387* | Acc: *88.720%* (8872/10000)
Train epoch: 264 | Loss: *0.120* | Acc: *95.856%* (47928/50000) 
Test epoch: 264 | Loss: *0.350* | Acc: *89.910%* (8991/10000)
Train epoch: 265 | Loss: *0.119* | Acc: *95.958%* (47979/50000) 
Test epoch: 265 | Loss: *0.338* | Acc: *89.900%* (8990/10000)
Train epoch: 266 | Loss: *0.130* | Acc: *95.534%* (47767/50000) 
Test epoch: 266 | Loss: *0.447* | Acc: *87.380%* (8738/10000)
Train epoch: 267 | Loss: *0.124* | Acc: *95.766%* (47883/50000) 
Test epoch: 267 | Loss: *0.411* | Acc: *87.930%* (8793/10000)
Train epoch: 268 | Loss: *0.127* | Acc: *95.668%* (47834/50000) 
Test epoch: 268 | Loss: *0.402* | Acc: *88.660%* (8866/10000)
Train epoch: 269 | Loss: *0.126* | Acc: *95.754%* (47877/50000) 
Test epoch: 269 | Loss: *0.393* | Acc: *88.460%* (8846/10000)
Train epoch: 270 | Loss: *0.133* | Acc: *95.392%* (47696/50000) 
Test epoch: 270 | Loss: *0.421* | Acc: *87.940%* (8794/10000)
Train epoch: 271 | Loss: *0.130* | Acc: *95.572%* (47786/50000) 
Test epoch: 271 | Loss: *0.357* | Acc: *89.690%* (8969/10000)
Train epoch: 272 | Loss: *0.137* | Acc: *95.262%* (47631/50000) 
Test epoch: 272 | Loss: *0.402* | Acc: *88.320%* (8832/10000)
Train epoch: 273 | Loss: *0.135* | Acc: *95.260%* (47630/50000) 
Test epoch: 273 | Loss: *0.381* | Acc: *88.380%* (8838/10000)
Train epoch: 274 | Loss: *0.140* | Acc: *95.114%* (47557/50000) 
Test epoch: 274 | Loss: *0.352* | Acc: *89.470%* (8947/10000)
Train epoch: 275 | Loss: *0.142* | Acc: *95.128%* (47564/50000) 
Test epoch: 275 | Loss: *0.320* | Acc: *90.080%* (9008/10000)
Train epoch: 276 | Loss: *0.151* | Acc: *94.816%* (47408/50000) 
Test epoch: 276 | Loss: *0.386* | Acc: *88.590%* (8859/10000)
Train epoch: 277 | Loss: *0.144* | Acc: *94.962%* (47481/50000) 
Test epoch: 277 | Loss: *0.371* | Acc: *88.400%* (8840/10000)
Train epoch: 278 | Loss: *0.147* | Acc: *94.926%* (47463/50000) 
Test epoch: 278 | Loss: *0.351* | Acc: *89.260%* (8926/10000)
Train epoch: 279 | Loss: *0.148* | Acc: *94.914%* (47457/50000) 
Test epoch: 279 | Loss: *0.379* | Acc: *89.480%* (8948/10000)
Train epoch: 280 | Loss: *0.156* | Acc: *94.660%* (47330/50000) 
Test epoch: 280 | Loss: *0.573* | Acc: *85.380%* (8538/10000)
Train epoch: 281 | Loss: *0.153* | Acc: *94.748%* (47374/50000) 
Test epoch: 281 | Loss: *0.394* | Acc: *88.500%* (8850/10000)
Train epoch: 282 | Loss: *0.158* | Acc: *94.520%* (47260/50000) 
Test epoch: 282 | Loss: *0.385* | Acc: *88.170%* (8817/10000)
Train epoch: 283 | Loss: *0.157* | Acc: *94.648%* (47324/50000) 
Test epoch: 283 | Loss: *0.391* | Acc: *88.250%* (8825/10000)
Train epoch: 284 | Loss: *0.163* | Acc: *94.444%* (47222/50000) 
Test epoch: 284 | Loss: *0.395* | Acc: *87.890%* (8789/10000)
Train epoch: 285 | Loss: *0.163* | Acc: *94.400%* (47200/50000) 
Test epoch: 285 | Loss: *0.443* | Acc: *86.800%* (8680/10000)
Train epoch: 286 | Loss: *0.165* | Acc: *94.314%* (47157/50000) 
Test epoch: 286 | Loss: *0.362* | Acc: *89.020%* (8902/10000)
Train epoch: 287 | Loss: *0.168* | Acc: *94.276%* (47138/50000) 
Test epoch: 287 | Loss: *0.395* | Acc: *88.080%* (8808/10000)
Train epoch: 288 | Loss: *0.164* | Acc: *94.388%* (47194/50000) 
Test epoch: 288 | Loss: *0.374* | Acc: *88.560%* (8856/10000)
Train epoch: 289 | Loss: *0.172* | Acc: *94.056%* (47028/50000) 
Test epoch: 289 | Loss: *0.399* | Acc: *88.040%* (8804/10000)
Train epoch: 290 | Loss: *0.175* | Acc: *93.974%* (46987/50000) 
Test epoch: 290 | Loss: *0.375* | Acc: *88.520%* (8852/10000)
Train epoch: 291 | Loss: *0.177* | Acc: *93.940%* (46970/50000) 
Test epoch: 291 | Loss: *0.408* | Acc: *87.530%* (8753/10000)
Train epoch: 292 | Loss: *0.178* | Acc: *93.834%* (46917/50000) 
Test epoch: 292 | Loss: *0.349* | Acc: *89.280%* (8928/10000)
Train epoch: 293 | Loss: *0.182* | Acc: *93.696%* (46848/50000) 
Test epoch: 293 | Loss: *0.382* | Acc: *88.020%* (8802/10000)
Train epoch: 294 | Loss: *0.181* | Acc: *93.772%* (46886/50000) 
Test epoch: 294 | Loss: *0.504* | Acc: *85.270%* (8527/10000)
Train epoch: 295 | Loss: *0.185* | Acc: *93.642%* (46821/50000) 
Test epoch: 295 | Loss: *0.434* | Acc: *86.840%* (8684/10000)
Train epoch: 296 | Loss: *0.189* | Acc: *93.394%* (46697/50000) 
Test epoch: 296 | Loss: *0.499* | Acc: *85.820%* (8582/10000)
Train epoch: 297 | Loss: *0.191* | Acc: *93.356%* (46678/50000) 
Test epoch: 297 | Loss: *0.399* | Acc: *87.670%* (8767/10000)
Train epoch: 298 | Loss: *0.195* | Acc: *93.242%* (46621/50000) 
Test epoch: 298 | Loss: *0.549* | Acc: *84.370%* (8437/10000)
Train epoch: 299 | Loss: *0.193* | Acc: *93.364%* (46682/50000) 
Test epoch: 299 | Loss: *0.409* | Acc: *86.980%* (8698/10000)
Train epoch: 300 | Loss: *0.197* | Acc: *93.262%* (46631/50000) 
Test epoch: 300 | Loss: *0.403* | Acc: *87.950%* (8795/10000)
Train epoch: 301 | Loss: *0.201* | Acc: *93.050%* (46525/50000) 
Test epoch: 301 | Loss: *0.407* | Acc: *87.400%* (8740/10000)
Train epoch: 302 | Loss: *0.200* | Acc: *93.080%* (46540/50000) 
Test epoch: 302 | Loss: *0.394* | Acc: *87.660%* (8766/10000)
Train epoch: 303 | Loss: *0.201* | Acc: *93.022%* (46511/50000) 
Test epoch: 303 | Loss: *0.393* | Acc: *87.580%* (8758/10000)
Train epoch: 304 | Loss: *0.208* | Acc: *92.676%* (46338/50000) 
Test epoch: 304 | Loss: *0.473* | Acc: *85.510%* (8551/10000)
Train epoch: 305 | Loss: *0.204* | Acc: *93.010%* (46505/50000) 
Test epoch: 305 | Loss: *0.491* | Acc: *85.610%* (8561/10000)
Train epoch: 306 | Loss: *0.208* | Acc: *92.788%* (46394/50000) 
Test epoch: 306 | Loss: *0.403* | Acc: *87.200%* (8720/10000)
Train epoch: 307 | Loss: *0.215* | Acc: *92.560%* (46280/50000) 
Test epoch: 307 | Loss: *0.740* | Acc: *81.660%* (8166/10000)
Train epoch: 308 | Loss: *0.215* | Acc: *92.700%* (46350/50000) 
Test epoch: 308 | Loss: *0.377* | Acc: *87.920%* (8792/10000)
Train epoch: 309 | Loss: *0.212* | Acc: *92.622%* (46311/50000) 
Test epoch: 309 | Loss: *0.435* | Acc: *87.400%* (8740/10000)
Train epoch: 310 | Loss: *0.218* | Acc: *92.582%* (46291/50000) 
Test epoch: 310 | Loss: *0.393* | Acc: *87.630%* (8763/10000)
Train epoch: 311 | Loss: *0.222* | Acc: *92.382%* (46191/50000) 
Test epoch: 311 | Loss: *0.467* | Acc: *85.770%* (8577/10000)
Train epoch: 312 | Loss: *0.223* | Acc: *92.270%* (46135/50000) 
Test epoch: 312 | Loss: *0.444* | Acc: *86.040%* (8604/10000)
Train epoch: 313 | Loss: *0.221* | Acc: *92.356%* (46178/50000) 
Test epoch: 313 | Loss: *0.390* | Acc: *87.240%* (8724/10000)
Train epoch: 314 | Loss: *0.230* | Acc: *91.928%* (45964/50000) 
Test epoch: 314 | Loss: *0.609* | Acc: *82.470%* (8247/10000)
Train epoch: 315 | Loss: *0.228* | Acc: *92.138%* (46069/50000) 
Test epoch: 315 | Loss: *0.407* | Acc: *87.220%* (8722/10000)
Train epoch: 316 | Loss: *0.230* | Acc: *92.072%* (46036/50000) 
Test epoch: 316 | Loss: *0.389* | Acc: *87.200%* (8720/10000)
Train epoch: 317 | Loss: *0.232* | Acc: *92.092%* (46046/50000) 
Test epoch: 317 | Loss: *0.441* | Acc: *85.860%* (8586/10000)
Train epoch: 318 | Loss: *0.229* | Acc: *92.226%* (46113/50000) 
Test epoch: 318 | Loss: *0.428* | Acc: *86.610%* (8661/10000)
Train epoch: 319 | Loss: *0.232* | Acc: *91.884%* (45942/50000) 
Test epoch: 319 | Loss: *0.461* | Acc: *85.370%* (8537/10000)
Train epoch: 320 | Loss: *0.244* | Acc: *91.440%* (45720/50000) 
Test epoch: 320 | Loss: *0.387* | Acc: *87.050%* (8705/10000)
Train epoch: 321 | Loss: *0.234* | Acc: *91.956%* (45978/50000) 
Test epoch: 321 | Loss: *0.505* | Acc: *84.640%* (8464/10000)
Train epoch: 322 | Loss: *0.240* | Acc: *91.772%* (45886/50000) 
Test epoch: 322 | Loss: *0.589* | Acc: *82.790%* (8279/10000)
Train epoch: 323 | Loss: *0.247* | Acc: *91.530%* (45765/50000) 
Test epoch: 323 | Loss: *0.533* | Acc: *84.300%* (8430/10000)
Train epoch: 324 | Loss: *0.243* | Acc: *91.574%* (45787/50000) 
Test epoch: 324 | Loss: *0.407* | Acc: *86.920%* (8692/10000)
Train epoch: 325 | Loss: *0.253* | Acc: *91.204%* (45602/50000) 
Test epoch: 325 | Loss: *0.426* | Acc: *85.680%* (8568/10000)
Train epoch: 326 | Loss: *0.246* | Acc: *91.528%* (45764/50000) 
Test epoch: 326 | Loss: *0.427* | Acc: *86.780%* (8678/10000)
Train epoch: 327 | Loss: *0.254* | Acc: *91.206%* (45603/50000) 
Test epoch: 327 | Loss: *0.401* | Acc: *86.660%* (8666/10000)
Train epoch: 328 | Loss: *0.249* | Acc: *91.554%* (45777/50000) 
Test epoch: 328 | Loss: *0.459* | Acc: *85.360%* (8536/10000)
Train epoch: 329 | Loss: *0.252* | Acc: *91.438%* (45719/50000) 
Test epoch: 329 | Loss: *0.477* | Acc: *85.330%* (8533/10000)
Train epoch: 330 | Loss: *0.255* | Acc: *91.248%* (45624/50000) 
Test epoch: 330 | Loss: *0.377* | Acc: *87.270%* (8727/10000)
Train epoch: 331 | Loss: *0.260* | Acc: *91.072%* (45536/50000) 
Test epoch: 331 | Loss: *0.433* | Acc: *86.080%* (8608/10000)
Train epoch: 332 | Loss: *0.255* | Acc: *91.286%* (45643/50000) 
Test epoch: 332 | Loss: *0.620* | Acc: *80.970%* (8097/10000)
Train epoch: 333 | Loss: *0.259* | Acc: *91.068%* (45534/50000) 
Test epoch: 333 | Loss: *0.490* | Acc: *84.160%* (8416/10000)
Train epoch: 334 | Loss: *0.265* | Acc: *90.926%* (45463/50000) 
Test epoch: 334 | Loss: *0.547* | Acc: *83.540%* (8354/10000)
Train epoch: 335 | Loss: *0.265* | Acc: *90.868%* (45434/50000) 
Test epoch: 335 | Loss: *0.534* | Acc: *83.370%* (8337/10000)
Train epoch: 336 | Loss: *0.262* | Acc: *91.096%* (45548/50000) 
Test epoch: 336 | Loss: *0.537* | Acc: *82.530%* (8253/10000)
Train epoch: 337 | Loss: *0.264* | Acc: *90.906%* (45453/50000) 
Test epoch: 337 | Loss: *0.475* | Acc: *85.150%* (8515/10000)
Train epoch: 338 | Loss: *0.268* | Acc: *90.926%* (45463/50000) 
Test epoch: 338 | Loss: *0.400* | Acc: *86.690%* (8669/10000)
Train epoch: 339 | Loss: *0.267* | Acc: *90.694%* (45347/50000) 
Test epoch: 339 | Loss: *0.705* | Acc: *79.080%* (7908/10000)
Train epoch: 340 | Loss: *0.274* | Acc: *90.520%* (45260/50000) 
Test epoch: 340 | Loss: *0.474* | Acc: *84.880%* (8488/10000)
Train epoch: 341 | Loss: *0.276* | Acc: *90.424%* (45212/50000) 
Test epoch: 341 | Loss: *0.473* | Acc: *84.240%* (8424/10000)
Train epoch: 342 | Loss: *0.275* | Acc: *90.580%* (45290/50000) 
Test epoch: 342 | Loss: *0.511* | Acc: *84.610%* (8461/10000)
Train epoch: 343 | Loss: *0.274* | Acc: *90.522%* (45261/50000) 
Test epoch: 343 | Loss: *0.729* | Acc: *79.090%* (7909/10000)
Train epoch: 344 | Loss: *0.276* | Acc: *90.554%* (45277/50000) 
Test epoch: 344 | Loss: *0.466* | Acc: *84.720%* (8472/10000)
Train epoch: 345 | Loss: *0.279* | Acc: *90.430%* (45215/50000) 
Test epoch: 345 | Loss: *0.465* | Acc: *85.540%* (8554/10000)
Train epoch: 346 | Loss: *0.279* | Acc: *90.404%* (45202/50000) 
Test epoch: 346 | Loss: *0.443* | Acc: *85.690%* (8569/10000)
Train epoch: 347 | Loss: *0.277* | Acc: *90.564%* (45282/50000) 
Test epoch: 347 | Loss: *0.444* | Acc: *85.590%* (8559/10000)
Train epoch: 348 | Loss: *0.278* | Acc: *90.376%* (45188/50000) 
Test epoch: 348 | Loss: *0.485* | Acc: *84.940%* (8494/10000)
Train epoch: 349 | Loss: *0.280* | Acc: *90.292%* (45146/50000) 
Test epoch: 349 | Loss: *0.466* | Acc: *84.990%* (8499/10000)
Train epoch: 350 | Loss: *0.284* | Acc: *90.152%* (45076/50000) 
Test epoch: 350 | Loss: *0.456* | Acc: *85.780%* (8578/10000)
Train epoch: 351 | Loss: *0.283* | Acc: *90.344%* (45172/50000) 
Test epoch: 351 | Loss: *0.505* | Acc: *83.660%* (8366/10000)
Train epoch: 352 | Loss: *0.285* | Acc: *90.158%* (45079/50000) 
Test epoch: 352 | Loss: *0.451* | Acc: *85.310%* (8531/10000)
Train epoch: 353 | Loss: *0.288* | Acc: *90.072%* (45036/50000) 
Test epoch: 353 | Loss: *0.503* | Acc: *83.830%* (8383/10000)
Train epoch: 354 | Loss: *0.289* | Acc: *90.170%* (45085/50000) 
Test epoch: 354 | Loss: *0.613* | Acc: *81.330%* (8133/10000)
Train epoch: 355 | Loss: *0.293* | Acc: *89.924%* (44962/50000) 
Test epoch: 355 | Loss: *0.533* | Acc: *82.870%* (8287/10000)
Train epoch: 356 | Loss: *0.288* | Acc: *90.058%* (45029/50000) 
Test epoch: 356 | Loss: *0.433* | Acc: *86.000%* (8600/10000)
Train epoch: 357 | Loss: *0.293* | Acc: *90.004%* (45002/50000) 
Test epoch: 357 | Loss: *0.545* | Acc: *82.320%* (8232/10000)
Train epoch: 358 | Loss: *0.293* | Acc: *90.014%* (45007/50000) 
Test epoch: 358 | Loss: *0.479* | Acc: *84.260%* (8426/10000)
Train epoch: 359 | Loss: *0.288* | Acc: *90.026%* (45013/50000) 
Test epoch: 359 | Loss: *0.431* | Acc: *85.650%* (8565/10000)
Train epoch: 360 | Loss: *0.293* | Acc: *89.880%* (44940/50000) 
Test epoch: 360 | Loss: *0.665* | Acc: *80.550%* (8055/10000)
Train epoch: 361 | Loss: *0.297* | Acc: *89.780%* (44890/50000) 
Test epoch: 361 | Loss: *0.535* | Acc: *82.690%* (8269/10000)
Train epoch: 362 | Loss: *0.295* | Acc: *89.958%* (44979/50000) 
Test epoch: 362 | Loss: *0.463* | Acc: *85.340%* (8534/10000)
Train epoch: 363 | Loss: *0.302* | Acc: *89.616%* (44808/50000) 
Test epoch: 363 | Loss: *0.475* | Acc: *84.330%* (8433/10000)
Train epoch: 364 | Loss: *0.292* | Acc: *89.898%* (44949/50000) 
Test epoch: 364 | Loss: *0.433* | Acc: *85.830%* (8583/10000)
Train epoch: 365 | Loss: *0.294* | Acc: *89.870%* (44935/50000) 
Test epoch: 365 | Loss: *0.663* | Acc: *80.210%* (8021/10000)
Train epoch: 366 | Loss: *0.300* | Acc: *89.770%* (44885/50000) 
Test epoch: 366 | Loss: *0.506* | Acc: *83.700%* (8370/10000)
Train epoch: 367 | Loss: *0.303* | Acc: *89.576%* (44788/50000) 
Test epoch: 367 | Loss: *0.553* | Acc: *82.180%* (8218/10000)
Train epoch: 368 | Loss: *0.303* | Acc: *89.694%* (44847/50000) 
Test epoch: 368 | Loss: *0.431* | Acc: *86.190%* (8619/10000)
Train epoch: 369 | Loss: *0.301* | Acc: *89.690%* (44845/50000) 
Test epoch: 369 | Loss: *0.720* | Acc: *80.150%* (8015/10000)
Train epoch: 370 | Loss: *0.305* | Acc: *89.424%* (44712/50000) 
Test epoch: 370 | Loss: *0.450* | Acc: *85.760%* (8576/10000)
Train epoch: 371 | Loss: *0.302* | Acc: *89.664%* (44832/50000) 
Test epoch: 371 | Loss: *0.577* | Acc: *81.450%* (8145/10000)
Train epoch: 372 | Loss: *0.305* | Acc: *89.634%* (44817/50000) 
Test epoch: 372 | Loss: *0.474* | Acc: *84.540%* (8454/10000)
Train epoch: 373 | Loss: *0.304* | Acc: *89.462%* (44731/50000) 
Test epoch: 373 | Loss: *0.484* | Acc: *84.500%* (8450/10000)
Train epoch: 374 | Loss: *0.303* | Acc: *89.612%* (44806/50000) 
Test epoch: 374 | Loss: *0.587* | Acc: *81.510%* (8151/10000)
Train epoch: 375 | Loss: *0.305* | Acc: *89.564%* (44782/50000) 
Test epoch: 375 | Loss: *0.530* | Acc: *82.830%* (8283/10000)
Train epoch: 376 | Loss: *0.306* | Acc: *89.422%* (44711/50000) 
Test epoch: 376 | Loss: *0.462* | Acc: *85.560%* (8556/10000)
Train epoch: 377 | Loss: *0.309* | Acc: *89.310%* (44655/50000) 
Test epoch: 377 | Loss: *0.605* | Acc: *81.330%* (8133/10000)
Train epoch: 378 | Loss: *0.309* | Acc: *89.486%* (44743/50000) 
Test epoch: 378 | Loss: *0.515* | Acc: *84.530%* (8453/10000)
Train epoch: 379 | Loss: *0.312* | Acc: *89.238%* (44619/50000) 
Test epoch: 379 | Loss: *0.487* | Acc: *83.820%* (8382/10000)
Train epoch: 380 | Loss: *0.310* | Acc: *89.346%* (44673/50000) 
Test epoch: 380 | Loss: *0.770* | Acc: *77.290%* (7729/10000)
Train epoch: 381 | Loss: *0.314* | Acc: *89.320%* (44660/50000) 
Test epoch: 381 | Loss: *0.486* | Acc: *83.850%* (8385/10000)
Train epoch: 382 | Loss: *0.310* | Acc: *89.348%* (44674/50000) 
Test epoch: 382 | Loss: *0.566* | Acc: *82.310%* (8231/10000)
Train epoch: 383 | Loss: *0.309* | Acc: *89.470%* (44735/50000) 
Test epoch: 383 | Loss: *0.544* | Acc: *82.370%* (8237/10000)
Train epoch: 384 | Loss: *0.311* | Acc: *89.250%* (44625/50000) 
Test epoch: 384 | Loss: *0.608* | Acc: *81.500%* (8150/10000)
Train epoch: 385 | Loss: *0.317* | Acc: *89.228%* (44614/50000) 
Test epoch: 385 | Loss: *0.472* | Acc: *84.700%* (8470/10000)
Train epoch: 386 | Loss: *0.313* | Acc: *89.258%* (44629/50000) 
Test epoch: 386 | Loss: *0.638* | Acc: *80.720%* (8072/10000)
Train epoch: 387 | Loss: *0.313* | Acc: *89.384%* (44692/50000) 
Test epoch: 387 | Loss: *0.626* | Acc: *81.280%* (8128/10000)
Train epoch: 388 | Loss: *0.310* | Acc: *89.344%* (44672/50000) 
Test epoch: 388 | Loss: *0.445* | Acc: *85.170%* (8517/10000)
Train epoch: 389 | Loss: *0.313* | Acc: *89.240%* (44620/50000) 
Test epoch: 389 | Loss: *0.524* | Acc: *83.340%* (8334/10000)
Train epoch: 390 | Loss: *0.317* | Acc: *88.972%* (44486/50000) 
Test epoch: 390 | Loss: *0.467* | Acc: *84.640%* (8464/10000)
Train epoch: 391 | Loss: *0.313* | Acc: *89.238%* (44619/50000) 
Test epoch: 391 | Loss: *0.465* | Acc: *85.410%* (8541/10000)
Train epoch: 392 | Loss: *0.312* | Acc: *89.274%* (44637/50000) 
Test epoch: 392 | Loss: *0.600* | Acc: *81.480%* (8148/10000)
Train epoch: 393 | Loss: *0.311* | Acc: *89.276%* (44638/50000) 
Test epoch: 393 | Loss: *0.696* | Acc: *78.370%* (7837/10000)
Train epoch: 394 | Loss: *0.312* | Acc: *89.284%* (44642/50000) 
Test epoch: 394 | Loss: *0.582* | Acc: *81.170%* (8117/10000)
Train epoch: 395 | Loss: *0.316* | Acc: *89.240%* (44620/50000) 
Test epoch: 395 | Loss: *0.732* | Acc: *77.860%* (7786/10000)
Train epoch: 396 | Loss: *0.319* | Acc: *89.182%* (44591/50000) 
Test epoch: 396 | Loss: *0.548* | Acc: *82.370%* (8237/10000)
Train epoch: 397 | Loss: *0.314* | Acc: *89.074%* (44537/50000) 
Test epoch: 397 | Loss: *0.640* | Acc: *79.300%* (7930/10000)
Train epoch: 398 | Loss: *0.318* | Acc: *89.136%* (44568/50000) 
Test epoch: 398 | Loss: *0.466* | Acc: *84.620%* (8462/10000)
Train epoch: 399 | Loss: *0.314* | Acc: *89.260%* (44630/50000) 
Test epoch: 399 | Loss: *0.558* | Acc: *82.720%* (8272/10000)
Train epoch: 400 | Loss: *0.317* | Acc: *89.024%* (44512/50000) 
Test epoch: 400 | Loss: *0.677* | Acc: *78.750%* (7875/10000)
Train epoch: 401 | Loss: *0.318* | Acc: *89.108%* (44554/50000) 
Test epoch: 401 | Loss: *0.501* | Acc: *84.000%* (8400/10000)
Train epoch: 402 | Loss: *0.312* | Acc: *89.204%* (44602/50000) 
Test epoch: 402 | Loss: *0.495* | Acc: *83.880%* (8388/10000)
Train epoch: 403 | Loss: *0.316* | Acc: *89.076%* (44538/50000) 
Test epoch: 403 | Loss: *0.479* | Acc: *83.900%* (8390/10000)
Train epoch: 404 | Loss: *0.315* | Acc: *89.176%* (44588/50000) 
Test epoch: 404 | Loss: *0.585* | Acc: *81.920%* (8192/10000)
Train epoch: 405 | Loss: *0.314* | Acc: *89.206%* (44603/50000) 
Test epoch: 405 | Loss: *0.575* | Acc: *82.080%* (8208/10000)
Train epoch: 406 | Loss: *0.315* | Acc: *89.032%* (44516/50000) 
Test epoch: 406 | Loss: *0.527* | Acc: *83.220%* (8322/10000)
Train epoch: 407 | Loss: *0.319* | Acc: *89.046%* (44523/50000) 
Test epoch: 407 | Loss: *0.384* | Acc: *87.430%* (8743/10000)
Train epoch: 408 | Loss: *0.311* | Acc: *89.292%* (44646/50000) 
Test epoch: 408 | Loss: *0.552* | Acc: *82.370%* (8237/10000)
Train epoch: 409 | Loss: *0.310* | Acc: *89.338%* (44669/50000) 
Test epoch: 409 | Loss: *0.497* | Acc: *84.780%* (8478/10000)
Train epoch: 410 | Loss: *0.317* | Acc: *88.986%* (44493/50000) 
Test epoch: 410 | Loss: *0.515* | Acc: *84.090%* (8409/10000)
Train epoch: 411 | Loss: *0.314* | Acc: *89.240%* (44620/50000) 
Test epoch: 411 | Loss: *0.529* | Acc: *83.190%* (8319/10000)
Train epoch: 412 | Loss: *0.314* | Acc: *89.218%* (44609/50000) 
Test epoch: 412 | Loss: *0.588* | Acc: *81.140%* (8114/10000)
Train epoch: 413 | Loss: *0.312* | Acc: *89.234%* (44617/50000) 
Test epoch: 413 | Loss: *0.427* | Acc: *85.720%* (8572/10000)
Train epoch: 414 | Loss: *0.311* | Acc: *89.294%* (44647/50000) 
Test epoch: 414 | Loss: *0.518* | Acc: *84.460%* (8446/10000)
Train epoch: 415 | Loss: *0.316* | Acc: *89.136%* (44568/50000) 
Test epoch: 415 | Loss: *0.494* | Acc: *84.120%* (8412/10000)
Train epoch: 416 | Loss: *0.315* | Acc: *89.258%* (44629/50000) 
Test epoch: 416 | Loss: *0.496* | Acc: *84.350%* (8435/10000)
Train epoch: 417 | Loss: *0.310* | Acc: *89.430%* (44715/50000) 
Test epoch: 417 | Loss: *0.673* | Acc: *80.300%* (8030/10000)
Train epoch: 418 | Loss: *0.311* | Acc: *89.292%* (44646/50000) 
Test epoch: 418 | Loss: *0.679* | Acc: *79.270%* (7927/10000)
Train epoch: 419 | Loss: *0.310* | Acc: *89.446%* (44723/50000) 
Test epoch: 419 | Loss: *0.487* | Acc: *84.700%* (8470/10000)
Train epoch: 420 | Loss: *0.313* | Acc: *89.178%* (44589/50000) 
Test epoch: 420 | Loss: *0.493* | Acc: *84.210%* (8421/10000)
Train epoch: 421 | Loss: *0.314* | Acc: *89.268%* (44634/50000) 
Test epoch: 421 | Loss: *0.541* | Acc: *82.630%* (8263/10000)
Train epoch: 422 | Loss: *0.308* | Acc: *89.554%* (44777/50000) 
Test epoch: 422 | Loss: *0.655* | Acc: *79.680%* (7968/10000)
Train epoch: 423 | Loss: *0.315* | Acc: *89.262%* (44631/50000) 
Test epoch: 423 | Loss: *0.797* | Acc: *75.410%* (7541/10000)
Train epoch: 424 | Loss: *0.302* | Acc: *89.684%* (44842/50000) 
Test epoch: 424 | Loss: *0.822* | Acc: *76.320%* (7632/10000)
Train epoch: 425 | Loss: *0.313* | Acc: *89.224%* (44612/50000) 
Test epoch: 425 | Loss: *0.505* | Acc: *83.100%* (8310/10000)
Train epoch: 426 | Loss: *0.305* | Acc: *89.538%* (44769/50000) 
Test epoch: 426 | Loss: *0.703* | Acc: *77.770%* (7777/10000)
Train epoch: 427 | Loss: *0.302* | Acc: *89.692%* (44846/50000) 
Test epoch: 427 | Loss: *0.543* | Acc: *83.230%* (8323/10000)
Train epoch: 428 | Loss: *0.315* | Acc: *89.112%* (44556/50000) 
Test epoch: 428 | Loss: *0.452* | Acc: *85.300%* (8530/10000)
Train epoch: 429 | Loss: *0.306* | Acc: *89.576%* (44788/50000) 
Test epoch: 429 | Loss: *0.668* | Acc: *79.760%* (7976/10000)
Train epoch: 430 | Loss: *0.305* | Acc: *89.462%* (44731/50000) 
Test epoch: 430 | Loss: *0.888* | Acc: *74.730%* (7473/10000)
Train epoch: 431 | Loss: *0.307* | Acc: *89.484%* (44742/50000) 
Test epoch: 431 | Loss: *0.473* | Acc: *84.590%* (8459/10000)
Train epoch: 432 | Loss: *0.301* | Acc: *89.668%* (44834/50000) 
Test epoch: 432 | Loss: *0.526* | Acc: *82.640%* (8264/10000)
Train epoch: 433 | Loss: *0.307* | Acc: *89.382%* (44691/50000) 
Test epoch: 433 | Loss: *0.553* | Acc: *81.350%* (8135/10000)
Train epoch: 434 | Loss: *0.304* | Acc: *89.648%* (44824/50000) 
Test epoch: 434 | Loss: *0.462* | Acc: *84.530%* (8453/10000)
Train epoch: 435 | Loss: *0.302* | Acc: *89.754%* (44877/50000) 
Test epoch: 435 | Loss: *0.462* | Acc: *84.970%* (8497/10000)
Train epoch: 436 | Loss: *0.305* | Acc: *89.548%* (44774/50000) 
Test epoch: 436 | Loss: *0.564* | Acc: *82.180%* (8218/10000)
Train epoch: 437 | Loss: *0.301* | Acc: *89.842%* (44921/50000) 
Test epoch: 437 | Loss: *0.709* | Acc: *78.370%* (7837/10000)
Train epoch: 438 | Loss: *0.302* | Acc: *89.702%* (44851/50000) 
Test epoch: 438 | Loss: *0.644* | Acc: *79.910%* (7991/10000)
Train epoch: 439 | Loss: *0.295* | Acc: *89.898%* (44949/50000) 
Test epoch: 439 | Loss: *0.508* | Acc: *83.690%* (8369/10000)
Train epoch: 440 | Loss: *0.302* | Acc: *89.528%* (44764/50000) 
Test epoch: 440 | Loss: *0.530* | Acc: *83.370%* (8337/10000)
Train epoch: 441 | Loss: *0.295* | Acc: *89.824%* (44912/50000) 
Test epoch: 441 | Loss: *0.611* | Acc: *81.690%* (8169/10000)
Train epoch: 442 | Loss: *0.291* | Acc: *90.150%* (45075/50000) 
Test epoch: 442 | Loss: *0.373* | Acc: *87.790%* (8779/10000)
Train epoch: 443 | Loss: *0.295* | Acc: *89.888%* (44944/50000) 
Test epoch: 443 | Loss: *0.568* | Acc: *82.580%* (8258/10000)
Train epoch: 444 | Loss: *0.290* | Acc: *90.080%* (45040/50000) 
Test epoch: 444 | Loss: *0.503* | Acc: *84.320%* (8432/10000)
Train epoch: 445 | Loss: *0.291* | Acc: *89.910%* (44955/50000) 
Test epoch: 445 | Loss: *0.624* | Acc: *80.660%* (8066/10000)
Train epoch: 446 | Loss: *0.293* | Acc: *89.868%* (44934/50000) 
Test epoch: 446 | Loss: *0.445* | Acc: *85.450%* (8545/10000)
Train epoch: 447 | Loss: *0.290* | Acc: *89.986%* (44993/50000) 
Test epoch: 447 | Loss: *0.459* | Acc: *85.000%* (8500/10000)
Train epoch: 448 | Loss: *0.293* | Acc: *89.906%* (44953/50000) 
Test epoch: 448 | Loss: *0.410* | Acc: *86.920%* (8692/10000)
Train epoch: 449 | Loss: *0.288* | Acc: *90.182%* (45091/50000) 
Test epoch: 449 | Loss: *0.452* | Acc: *85.500%* (8550/10000)
Train epoch: 450 | Loss: *0.285* | Acc: *90.260%* (45130/50000) 
Test epoch: 450 | Loss: *0.469* | Acc: *84.360%* (8436/10000)
Train epoch: 451 | Loss: *0.281* | Acc: *90.216%* (45108/50000) 
Test epoch: 451 | Loss: *0.467* | Acc: *84.290%* (8429/10000)
Train epoch: 452 | Loss: *0.284* | Acc: *90.170%* (45085/50000) 
Test epoch: 452 | Loss: *0.586* | Acc: *81.420%* (8142/10000)
Train epoch: 453 | Loss: *0.282* | Acc: *90.258%* (45129/50000) 
Test epoch: 453 | Loss: *0.474* | Acc: *84.740%* (8474/10000)
Train epoch: 454 | Loss: *0.286* | Acc: *90.260%* (45130/50000) 
Test epoch: 454 | Loss: *0.441* | Acc: *85.670%* (8567/10000)
Train epoch: 455 | Loss: *0.275* | Acc: *90.530%* (45265/50000) 
Test epoch: 455 | Loss: *0.562* | Acc: *81.860%* (8186/10000)
Train epoch: 456 | Loss: *0.277* | Acc: *90.544%* (45272/50000) 
Test epoch: 456 | Loss: *0.458* | Acc: *85.050%* (8505/10000)
Train epoch: 457 | Loss: *0.278* | Acc: *90.346%* (45173/50000) 
Test epoch: 457 | Loss: *0.479* | Acc: *84.660%* (8466/10000)
Train epoch: 458 | Loss: *0.272* | Acc: *90.728%* (45364/50000) 
Test epoch: 458 | Loss: *0.475* | Acc: *85.040%* (8504/10000)
Train epoch: 459 | Loss: *0.278* | Acc: *90.350%* (45175/50000) 
Test epoch: 459 | Loss: *0.647* | Acc: *81.410%* (8141/10000)
Train epoch: 460 | Loss: *0.279* | Acc: *90.442%* (45221/50000) 
Test epoch: 460 | Loss: *0.445* | Acc: *85.830%* (8583/10000)
Train epoch: 461 | Loss: *0.274* | Acc: *90.652%* (45326/50000) 
Test epoch: 461 | Loss: *0.546* | Acc: *83.430%* (8343/10000)
Train epoch: 462 | Loss: *0.272* | Acc: *90.704%* (45352/50000) 
Test epoch: 462 | Loss: *0.422* | Acc: *86.100%* (8610/10000)
Train epoch: 463 | Loss: *0.270* | Acc: *90.692%* (45346/50000) 
Test epoch: 463 | Loss: *0.534* | Acc: *82.690%* (8269/10000)
Train epoch: 464 | Loss: *0.268* | Acc: *90.768%* (45384/50000) 
Test epoch: 464 | Loss: *0.474* | Acc: *84.620%* (8462/10000)
Train epoch: 465 | Loss: *0.269* | Acc: *90.728%* (45364/50000) 
Test epoch: 465 | Loss: *0.386* | Acc: *87.200%* (8720/10000)
Train epoch: 466 | Loss: *0.270* | Acc: *90.780%* (45390/50000) 
Test epoch: 466 | Loss: *0.544* | Acc: *82.810%* (8281/10000)
Train epoch: 467 | Loss: *0.265* | Acc: *90.968%* (45484/50000) 
Test epoch: 467 | Loss: *0.409* | Acc: *86.870%* (8687/10000)
Train epoch: 468 | Loss: *0.263* | Acc: *90.898%* (45449/50000) 
Test epoch: 468 | Loss: *0.452* | Acc: *85.420%* (8542/10000)
Train epoch: 469 | Loss: *0.259* | Acc: *90.986%* (45493/50000) 
Test epoch: 469 | Loss: *0.395* | Acc: *87.140%* (8714/10000)
Train epoch: 470 | Loss: *0.260* | Acc: *91.116%* (45558/50000) 
Test epoch: 470 | Loss: *0.429* | Acc: *86.190%* (8619/10000)
Train epoch: 471 | Loss: *0.258* | Acc: *91.072%* (45536/50000) 
Test epoch: 471 | Loss: *0.471* | Acc: *84.990%* (8499/10000)
Train epoch: 472 | Loss: *0.254* | Acc: *91.306%* (45653/50000) 
Test epoch: 472 | Loss: *0.442* | Acc: *85.730%* (8573/10000)
Train epoch: 473 | Loss: *0.253* | Acc: *91.326%* (45663/50000) 
Test epoch: 473 | Loss: *0.399* | Acc: *87.250%* (8725/10000)
Train epoch: 474 | Loss: *0.254* | Acc: *91.188%* (45594/50000) 
Test epoch: 474 | Loss: *0.395* | Acc: *87.000%* (8700/10000)
Train epoch: 475 | Loss: *0.253* | Acc: *91.154%* (45577/50000) 
Test epoch: 475 | Loss: *0.516* | Acc: *84.430%* (8443/10000)
Train epoch: 476 | Loss: *0.252* | Acc: *91.374%* (45687/50000) 
Test epoch: 476 | Loss: *0.375* | Acc: *87.550%* (8755/10000)
Train epoch: 477 | Loss: *0.248* | Acc: *91.240%* (45620/50000) 
Test epoch: 477 | Loss: *0.444* | Acc: *85.640%* (8564/10000)
Train epoch: 478 | Loss: *0.242* | Acc: *91.662%* (45831/50000) 
Test epoch: 478 | Loss: *0.387* | Acc: *87.250%* (8725/10000)
Train epoch: 479 | Loss: *0.242* | Acc: *91.824%* (45912/50000) 
Test epoch: 479 | Loss: *0.396* | Acc: *86.880%* (8688/10000)
Train epoch: 480 | Loss: *0.242* | Acc: *91.720%* (45860/50000) 
Test epoch: 480 | Loss: *0.401* | Acc: *86.860%* (8686/10000)
Train epoch: 481 | Loss: *0.243* | Acc: *91.664%* (45832/50000) 
Test epoch: 481 | Loss: *0.450* | Acc: *85.800%* (8580/10000)
Train epoch: 482 | Loss: *0.244* | Acc: *91.578%* (45789/50000) 
Test epoch: 482 | Loss: *0.478* | Acc: *85.510%* (8551/10000)
Train epoch: 483 | Loss: *0.233* | Acc: *91.978%* (45989/50000) 
Test epoch: 483 | Loss: *0.455* | Acc: *85.600%* (8560/10000)
Train epoch: 484 | Loss: *0.237* | Acc: *91.768%* (45884/50000) 
Test epoch: 484 | Loss: *0.397* | Acc: *87.650%* (8765/10000)
Train epoch: 485 | Loss: *0.235* | Acc: *91.824%* (45912/50000) 
Test epoch: 485 | Loss: *0.420* | Acc: *86.940%* (8694/10000)
Train epoch: 486 | Loss: *0.232* | Acc: *92.014%* (46007/50000) 
Test epoch: 486 | Loss: *0.508* | Acc: *84.430%* (8443/10000)
Train epoch: 487 | Loss: *0.229* | Acc: *92.126%* (46063/50000) 
Test epoch: 487 | Loss: *0.388* | Acc: *87.800%* (8780/10000)
Train epoch: 488 | Loss: *0.226* | Acc: *92.102%* (46051/50000) 
Test epoch: 488 | Loss: *0.544* | Acc: *83.660%* (8366/10000)
Train epoch: 489 | Loss: *0.221* | Acc: *92.270%* (46135/50000) 
Test epoch: 489 | Loss: *0.434* | Acc: *86.740%* (8674/10000)
Train epoch: 490 | Loss: *0.225* | Acc: *92.298%* (46149/50000) 
Test epoch: 490 | Loss: *0.398* | Acc: *87.190%* (8719/10000)
Train epoch: 491 | Loss: *0.221* | Acc: *92.258%* (46129/50000) 
Test epoch: 491 | Loss: *0.434* | Acc: *86.500%* (8650/10000)
Train epoch: 492 | Loss: *0.218* | Acc: *92.404%* (46202/50000) 
Test epoch: 492 | Loss: *0.414* | Acc: *86.650%* (8665/10000)
Train epoch: 493 | Loss: *0.218* | Acc: *92.422%* (46211/50000) 
Test epoch: 493 | Loss: *0.409* | Acc: *86.310%* (8631/10000)
Train epoch: 494 | Loss: *0.215* | Acc: *92.624%* (46312/50000) 
Test epoch: 494 | Loss: *0.378* | Acc: *87.690%* (8769/10000)
Train epoch: 495 | Loss: *0.214* | Acc: *92.484%* (46242/50000) 
Test epoch: 495 | Loss: *0.521* | Acc: *84.000%* (8400/10000)
Train epoch: 496 | Loss: *0.206* | Acc: *92.912%* (46456/50000) 
Test epoch: 496 | Loss: *0.403* | Acc: *87.290%* (8729/10000)
Train epoch: 497 | Loss: *0.209* | Acc: *92.808%* (46404/50000) 
Test epoch: 497 | Loss: *0.459* | Acc: *85.580%* (8558/10000)
Train epoch: 498 | Loss: *0.203* | Acc: *93.034%* (46517/50000) 
Test epoch: 498 | Loss: *0.404* | Acc: *86.970%* (8697/10000)
Train epoch: 499 | Loss: *0.199* | Acc: *93.152%* (46576/50000) 
Test epoch: 499 | Loss: *0.437* | Acc: *86.140%* (8614/10000)
Train epoch: 500 | Loss: *0.202* | Acc: *93.032%* (46516/50000) 
Test epoch: 500 | Loss: *0.353* | Acc: *88.550%* (8855/10000)
Best test accuracy: *94.710%*, loss: *0.1894172016531229*, at epoch: *214*.
==> Execution time summary of 500 epoch(s).
Train data loading time: sum. *231.9964556088671* secs | avg. *0.4639929112177342* secs per epoch.
Train training time: sum. *1089.0500216679648* secs | avg. *2.1781000433359297* secs per epoch.
Train total time: sum. *1321.0464772768319* secs | avg. *2.6420929545536636* secs per epoch.
Test data loading time: sum. *100.5734849749133* secs | avg. *0.2011469699498266* secs per epoch.
Test training time: sum. *78.70755769778043* secs | avg. *0.15741511539556086* secs per epoch.
Test total time: sum. *179.28104267269373* secs | avg. *0.35856208534538747* secs per epoch.
Total data loading time: sum. *332.5699405837804* secs | avg. *0.6651398811675608* secs per epoch.
Total training time: sum. *1167.7575793657452* secs | avg. *2.33551515873149* secs per epoch.
Total running time: sum. *1500.3275199495256* secs | avg. *3.0006550398990512* secs per epoch.
==> Number of GPU device: 1
==> Device #0 Memory Usage
==> Allocated: 0.1 GB
==> Cached:    1.4 GB
==> Maximum: 1.4 GB
