==> Running on : cuda
==> Number of CPU: 48
==> Number of workers: 2
==> #Epochs: 500, #Layers: 4, #Blocks: [2, 1, 1, 1], In channel: 64, Input layer conv kernel: 11x11, Residual layer conv kernel 3x3, Skip kernel: 1x1, Input layer conv padding: 5, Residual layer conv padding: 1
==> Optimizer is SGD with Nesterov
==> Momentum: 0.9
==> Learning rate: 0.1
==> Weight decay: 0.0005
==>Trainable Parameters: 4998730
==>Other Parameters: 0
==>Augmentation: RandomCrop(32, padding=4), RandomHorizontalFlip(), Normalize((0.4914, 0.4822, 0.4465), (0.2023, 0.1994, 0.2010)
Files already downloaded and verified
Train epoch: 1 | Loss: *1.700* | Acc: *37.514%* (18757/50000) 
Test epoch: 1 | Loss: *1.557* | Acc: *44.580%* (4458/10000)
Train epoch: 2 | Loss: *1.329* | Acc: *51.888%* (25944/50000) 
Test epoch: 2 | Loss: *1.248* | Acc: *56.090%* (5609/10000)
Train epoch: 3 | Loss: *1.106* | Acc: *60.698%* (30349/50000) 
Test epoch: 3 | Loss: *1.173* | Acc: *60.390%* (6039/10000)
Train epoch: 4 | Loss: *0.950* | Acc: *66.396%* (33198/50000) 
Test epoch: 4 | Loss: *0.914* | Acc: *67.980%* (6798/10000)
Train epoch: 5 | Loss: *0.802* | Acc: *71.784%* (35892/50000) 
Test epoch: 5 | Loss: *0.824* | Acc: *71.990%* (7199/10000)
Train epoch: 6 | Loss: *0.695* | Acc: *75.784%* (37892/50000) 
Test epoch: 6 | Loss: *0.696* | Acc: *75.780%* (7578/10000)
Train epoch: 7 | Loss: *0.629* | Acc: *78.222%* (39111/50000) 
Test epoch: 7 | Loss: *0.741* | Acc: *74.680%* (7468/10000)
Train epoch: 8 | Loss: *0.578* | Acc: *80.102%* (40051/50000) 
Test epoch: 8 | Loss: *0.870* | Acc: *72.010%* (7201/10000)
Train epoch: 9 | Loss: *0.539* | Acc: *81.354%* (40677/50000) 
Test epoch: 9 | Loss: *0.559* | Acc: *80.640%* (8064/10000)
Train epoch: 10 | Loss: *0.509* | Acc: *82.392%* (41196/50000) 
Test epoch: 10 | Loss: *0.642* | Acc: *78.840%* (7884/10000)
Train epoch: 11 | Loss: *0.491* | Acc: *82.960%* (41480/50000) 
Test epoch: 11 | Loss: *0.769* | Acc: *74.770%* (7477/10000)
Train epoch: 12 | Loss: *0.475* | Acc: *83.602%* (41801/50000) 
Test epoch: 12 | Loss: *0.582* | Acc: *80.340%* (8034/10000)
Train epoch: 13 | Loss: *0.458* | Acc: *84.152%* (42076/50000) 
Test epoch: 13 | Loss: *0.582* | Acc: *80.470%* (8047/10000)
Train epoch: 14 | Loss: *0.446* | Acc: *84.894%* (42447/50000) 
Test epoch: 14 | Loss: *0.546* | Acc: *81.880%* (8188/10000)
Train epoch: 15 | Loss: *0.435* | Acc: *85.040%* (42520/50000) 
Test epoch: 15 | Loss: *0.775* | Acc: *76.090%* (7609/10000)
Train epoch: 16 | Loss: *0.424* | Acc: *85.376%* (42688/50000) 
Test epoch: 16 | Loss: *0.809* | Acc: *76.860%* (7686/10000)
Train epoch: 17 | Loss: *0.420* | Acc: *85.698%* (42849/50000) 
Test epoch: 17 | Loss: *0.548* | Acc: *81.560%* (8156/10000)
Train epoch: 18 | Loss: *0.409* | Acc: *85.812%* (42906/50000) 
Test epoch: 18 | Loss: *0.516* | Acc: *82.560%* (8256/10000)
Train epoch: 19 | Loss: *0.404* | Acc: *86.026%* (43013/50000) 
Test epoch: 19 | Loss: *0.648* | Acc: *79.120%* (7912/10000)
Train epoch: 20 | Loss: *0.394* | Acc: *86.614%* (43307/50000) 
Test epoch: 20 | Loss: *0.505* | Acc: *83.240%* (8324/10000)
Train epoch: 21 | Loss: *0.394* | Acc: *86.370%* (43185/50000) 
Test epoch: 21 | Loss: *0.511* | Acc: *82.450%* (8245/10000)
Train epoch: 22 | Loss: *0.392* | Acc: *86.528%* (43264/50000) 
Test epoch: 22 | Loss: *0.557* | Acc: *81.320%* (8132/10000)
Train epoch: 23 | Loss: *0.384* | Acc: *86.796%* (43398/50000) 
Test epoch: 23 | Loss: *0.647* | Acc: *79.570%* (7957/10000)
Train epoch: 24 | Loss: *0.378* | Acc: *86.954%* (43477/50000) 
Test epoch: 24 | Loss: *0.514* | Acc: *83.060%* (8306/10000)
Train epoch: 25 | Loss: *0.376* | Acc: *87.150%* (43575/50000) 
Test epoch: 25 | Loss: *0.548* | Acc: *81.830%* (8183/10000)
Train epoch: 26 | Loss: *0.368* | Acc: *87.242%* (43621/50000) 
Test epoch: 26 | Loss: *0.514* | Acc: *83.450%* (8345/10000)
Train epoch: 27 | Loss: *0.368* | Acc: *87.362%* (43681/50000) 
Test epoch: 27 | Loss: *0.536* | Acc: *82.670%* (8267/10000)
Train epoch: 28 | Loss: *0.365* | Acc: *87.384%* (43692/50000) 
Test epoch: 28 | Loss: *0.562* | Acc: *82.110%* (8211/10000)
Train epoch: 29 | Loss: *0.363* | Acc: *87.542%* (43771/50000) 
Test epoch: 29 | Loss: *0.434* | Acc: *85.550%* (8555/10000)
Train epoch: 30 | Loss: *0.361* | Acc: *87.570%* (43785/50000) 
Test epoch: 30 | Loss: *0.617* | Acc: *80.880%* (8088/10000)
Train epoch: 31 | Loss: *0.358* | Acc: *87.620%* (43810/50000) 
Test epoch: 31 | Loss: *0.546* | Acc: *82.190%* (8219/10000)
Train epoch: 32 | Loss: *0.352* | Acc: *87.874%* (43937/50000) 
Test epoch: 32 | Loss: *0.530* | Acc: *81.790%* (8179/10000)
Train epoch: 33 | Loss: *0.351* | Acc: *87.806%* (43903/50000) 
Test epoch: 33 | Loss: *0.523* | Acc: *82.850%* (8285/10000)
Train epoch: 34 | Loss: *0.349* | Acc: *88.044%* (44022/50000) 
Test epoch: 34 | Loss: *0.516* | Acc: *82.700%* (8270/10000)
Train epoch: 35 | Loss: *0.346* | Acc: *88.154%* (44077/50000) 
Test epoch: 35 | Loss: *0.535* | Acc: *83.290%* (8329/10000)
Train epoch: 36 | Loss: *0.350* | Acc: *88.024%* (44012/50000) 
Test epoch: 36 | Loss: *0.583* | Acc: *81.180%* (8118/10000)
Train epoch: 37 | Loss: *0.343* | Acc: *88.296%* (44148/50000) 
Test epoch: 37 | Loss: *0.595* | Acc: *80.230%* (8023/10000)
Train epoch: 38 | Loss: *0.340* | Acc: *88.274%* (44137/50000) 
Test epoch: 38 | Loss: *0.465* | Acc: *84.230%* (8423/10000)
Train epoch: 39 | Loss: *0.335* | Acc: *88.420%* (44210/50000) 
Test epoch: 39 | Loss: *0.571* | Acc: *82.000%* (8200/10000)
Train epoch: 40 | Loss: *0.337* | Acc: *88.420%* (44210/50000) 
Test epoch: 40 | Loss: *0.493* | Acc: *83.970%* (8397/10000)
Train epoch: 41 | Loss: *0.333* | Acc: *88.482%* (44241/50000) 
Test epoch: 41 | Loss: *0.601* | Acc: *81.460%* (8146/10000)
Train epoch: 42 | Loss: *0.330* | Acc: *88.756%* (44378/50000) 
Test epoch: 42 | Loss: *0.594* | Acc: *80.980%* (8098/10000)
Train epoch: 43 | Loss: *0.328* | Acc: *88.634%* (44317/50000) 
Test epoch: 43 | Loss: *0.413* | Acc: *86.300%* (8630/10000)
Train epoch: 44 | Loss: *0.328* | Acc: *88.822%* (44411/50000) 
Test epoch: 44 | Loss: *0.472* | Acc: *84.550%* (8455/10000)
Train epoch: 45 | Loss: *0.332* | Acc: *88.560%* (44280/50000) 
Test epoch: 45 | Loss: *0.490* | Acc: *84.110%* (8411/10000)
Train epoch: 46 | Loss: *0.327* | Acc: *88.832%* (44416/50000) 
Test epoch: 46 | Loss: *0.475* | Acc: *84.100%* (8410/10000)
Train epoch: 47 | Loss: *0.326* | Acc: *88.796%* (44398/50000) 
Test epoch: 47 | Loss: *0.473* | Acc: *84.820%* (8482/10000)
Train epoch: 48 | Loss: *0.319* | Acc: *89.126%* (44563/50000) 
Test epoch: 48 | Loss: *0.482* | Acc: *84.500%* (8450/10000)
Train epoch: 49 | Loss: *0.318* | Acc: *89.050%* (44525/50000) 
Test epoch: 49 | Loss: *0.443* | Acc: *85.500%* (8550/10000)
Train epoch: 50 | Loss: *0.316* | Acc: *89.166%* (44583/50000) 
Test epoch: 50 | Loss: *0.602* | Acc: *81.290%* (8129/10000)
Train epoch: 51 | Loss: *0.317* | Acc: *88.990%* (44495/50000) 
Test epoch: 51 | Loss: *0.459* | Acc: *84.840%* (8484/10000)
Train epoch: 52 | Loss: *0.315* | Acc: *89.144%* (44572/50000) 
Test epoch: 52 | Loss: *0.415* | Acc: *86.410%* (8641/10000)
Train epoch: 53 | Loss: *0.310* | Acc: *89.302%* (44651/50000) 
Test epoch: 53 | Loss: *0.612* | Acc: *81.550%* (8155/10000)
Train epoch: 54 | Loss: *0.313* | Acc: *89.384%* (44692/50000) 
Test epoch: 54 | Loss: *0.468* | Acc: *84.840%* (8484/10000)
Train epoch: 55 | Loss: *0.307* | Acc: *89.498%* (44749/50000) 
Test epoch: 55 | Loss: *0.592* | Acc: *81.740%* (8174/10000)
Train epoch: 56 | Loss: *0.309* | Acc: *89.390%* (44695/50000) 
Test epoch: 56 | Loss: *0.605* | Acc: *81.280%* (8128/10000)
Train epoch: 57 | Loss: *0.307* | Acc: *89.458%* (44729/50000) 
Test epoch: 57 | Loss: *0.462* | Acc: *84.500%* (8450/10000)
Train epoch: 58 | Loss: *0.302* | Acc: *89.798%* (44899/50000) 
Test epoch: 58 | Loss: *0.509* | Acc: *83.960%* (8396/10000)
Train epoch: 59 | Loss: *0.302* | Acc: *89.584%* (44792/50000) 
Test epoch: 59 | Loss: *0.429* | Acc: *85.840%* (8584/10000)
Train epoch: 60 | Loss: *0.299* | Acc: *89.734%* (44867/50000) 
Test epoch: 60 | Loss: *0.490* | Acc: *83.780%* (8378/10000)
Train epoch: 61 | Loss: *0.299* | Acc: *89.678%* (44839/50000) 
Test epoch: 61 | Loss: *0.428* | Acc: *85.540%* (8554/10000)
Train epoch: 62 | Loss: *0.293* | Acc: *89.862%* (44931/50000) 
Test epoch: 62 | Loss: *0.459* | Acc: *84.940%* (8494/10000)
Train epoch: 63 | Loss: *0.299* | Acc: *89.760%* (44880/50000) 
Test epoch: 63 | Loss: *0.532* | Acc: *83.340%* (8334/10000)
Train epoch: 64 | Loss: *0.288* | Acc: *90.124%* (45062/50000) 
Test epoch: 64 | Loss: *0.411* | Acc: *86.600%* (8660/10000)
Train epoch: 65 | Loss: *0.289* | Acc: *90.012%* (45006/50000) 
Test epoch: 65 | Loss: *0.443* | Acc: *85.100%* (8510/10000)
Train epoch: 66 | Loss: *0.289* | Acc: *90.104%* (45052/50000) 
Test epoch: 66 | Loss: *0.410* | Acc: *86.570%* (8657/10000)
Train epoch: 67 | Loss: *0.287* | Acc: *90.130%* (45065/50000) 
Test epoch: 67 | Loss: *0.517* | Acc: *83.880%* (8388/10000)
Train epoch: 68 | Loss: *0.288* | Acc: *90.086%* (45043/50000) 
Test epoch: 68 | Loss: *0.682* | Acc: *79.230%* (7923/10000)
Train epoch: 69 | Loss: *0.280* | Acc: *90.402%* (45201/50000) 
Test epoch: 69 | Loss: *0.501* | Acc: *84.580%* (8458/10000)
Train epoch: 70 | Loss: *0.279* | Acc: *90.444%* (45222/50000) 
Test epoch: 70 | Loss: *0.484* | Acc: *84.720%* (8472/10000)
Train epoch: 71 | Loss: *0.282* | Acc: *90.322%* (45161/50000) 
Test epoch: 71 | Loss: *0.461* | Acc: *84.520%* (8452/10000)
Train epoch: 72 | Loss: *0.276* | Acc: *90.634%* (45317/50000) 
Test epoch: 72 | Loss: *0.386* | Acc: *87.500%* (8750/10000)
Train epoch: 73 | Loss: *0.273* | Acc: *90.762%* (45381/50000) 
Test epoch: 73 | Loss: *0.515* | Acc: *83.330%* (8333/10000)
Train epoch: 74 | Loss: *0.275* | Acc: *90.516%* (45258/50000) 
Test epoch: 74 | Loss: *0.409* | Acc: *86.610%* (8661/10000)
Train epoch: 75 | Loss: *0.274* | Acc: *90.586%* (45293/50000) 
Test epoch: 75 | Loss: *0.384* | Acc: *87.210%* (8721/10000)
Train epoch: 76 | Loss: *0.272* | Acc: *90.582%* (45291/50000) 
Test epoch: 76 | Loss: *0.454* | Acc: *85.460%* (8546/10000)
Train epoch: 77 | Loss: *0.263* | Acc: *91.014%* (45507/50000) 
Test epoch: 77 | Loss: *0.418* | Acc: *86.320%* (8632/10000)
Train epoch: 78 | Loss: *0.266* | Acc: *90.874%* (45437/50000) 
Test epoch: 78 | Loss: *0.506* | Acc: *83.890%* (8389/10000)
Train epoch: 79 | Loss: *0.263* | Acc: *90.974%* (45487/50000) 
Test epoch: 79 | Loss: *0.559* | Acc: *82.950%* (8295/10000)
Train epoch: 80 | Loss: *0.259* | Acc: *90.972%* (45486/50000) 
Test epoch: 80 | Loss: *0.443* | Acc: *86.000%* (8600/10000)
Train epoch: 81 | Loss: *0.257* | Acc: *91.168%* (45584/50000) 
Test epoch: 81 | Loss: *0.435* | Acc: *86.200%* (8620/10000)
Train epoch: 82 | Loss: *0.263* | Acc: *90.892%* (45446/50000) 
Test epoch: 82 | Loss: *0.476* | Acc: *84.190%* (8419/10000)
Train epoch: 83 | Loss: *0.251* | Acc: *91.482%* (45741/50000) 
Test epoch: 83 | Loss: *0.392* | Acc: *86.900%* (8690/10000)
Train epoch: 84 | Loss: *0.251* | Acc: *91.276%* (45638/50000) 
Test epoch: 84 | Loss: *0.625* | Acc: *81.610%* (8161/10000)
Train epoch: 85 | Loss: *0.256* | Acc: *91.218%* (45609/50000) 
Test epoch: 85 | Loss: *0.389* | Acc: *87.140%* (8714/10000)
Train epoch: 86 | Loss: *0.244* | Acc: *91.572%* (45786/50000) 
Test epoch: 86 | Loss: *0.422* | Acc: *86.770%* (8677/10000)
Train epoch: 87 | Loss: *0.246* | Acc: *91.424%* (45712/50000) 
Test epoch: 87 | Loss: *0.445* | Acc: *86.210%* (8621/10000)
Train epoch: 88 | Loss: *0.241* | Acc: *91.668%* (45834/50000) 
Test epoch: 88 | Loss: *0.475* | Acc: *85.780%* (8578/10000)
Train epoch: 89 | Loss: *0.246* | Acc: *91.504%* (45752/50000) 
Test epoch: 89 | Loss: *0.381* | Acc: *87.800%* (8780/10000)
Train epoch: 90 | Loss: *0.238* | Acc: *91.744%* (45872/50000) 
Test epoch: 90 | Loss: *0.500* | Acc: *84.570%* (8457/10000)
Train epoch: 91 | Loss: *0.233* | Acc: *92.018%* (46009/50000) 
Test epoch: 91 | Loss: *0.477* | Acc: *84.460%* (8446/10000)
Train epoch: 92 | Loss: *0.235* | Acc: *91.946%* (45973/50000) 
Test epoch: 92 | Loss: *0.378* | Acc: *87.690%* (8769/10000)
Train epoch: 93 | Loss: *0.228* | Acc: *92.118%* (46059/50000) 
Test epoch: 93 | Loss: *0.405* | Acc: *86.860%* (8686/10000)
Train epoch: 94 | Loss: *0.227* | Acc: *92.166%* (46083/50000) 
Test epoch: 94 | Loss: *0.474* | Acc: *85.320%* (8532/10000)
Train epoch: 95 | Loss: *0.226* | Acc: *92.268%* (46134/50000) 
Test epoch: 95 | Loss: *0.385* | Acc: *87.790%* (8779/10000)
Train epoch: 96 | Loss: *0.224* | Acc: *92.306%* (46153/50000) 
Test epoch: 96 | Loss: *0.517* | Acc: *84.890%* (8489/10000)
Train epoch: 97 | Loss: *0.221* | Acc: *92.374%* (46187/50000) 
Test epoch: 97 | Loss: *0.403* | Acc: *86.670%* (8667/10000)
Train epoch: 98 | Loss: *0.220* | Acc: *92.426%* (46213/50000) 
Test epoch: 98 | Loss: *0.381* | Acc: *88.100%* (8810/10000)
Train epoch: 99 | Loss: *0.217* | Acc: *92.626%* (46313/50000) 
Test epoch: 99 | Loss: *0.396* | Acc: *87.480%* (8748/10000)
Train epoch: 100 | Loss: *0.213* | Acc: *92.584%* (46292/50000) 
Test epoch: 100 | Loss: *0.431* | Acc: *86.460%* (8646/10000)
Train epoch: 101 | Loss: *0.214* | Acc: *92.600%* (46300/50000) 
Test epoch: 101 | Loss: *0.392* | Acc: *87.030%* (8703/10000)
Train epoch: 102 | Loss: *0.207* | Acc: *92.754%* (46377/50000) 
Test epoch: 102 | Loss: *0.362* | Acc: *88.230%* (8823/10000)
Train epoch: 103 | Loss: *0.203* | Acc: *92.938%* (46469/50000) 
Test epoch: 103 | Loss: *0.407* | Acc: *87.240%* (8724/10000)
Train epoch: 104 | Loss: *0.203* | Acc: *93.028%* (46514/50000) 
Test epoch: 104 | Loss: *0.417* | Acc: *86.840%* (8684/10000)
Train epoch: 105 | Loss: *0.202* | Acc: *93.014%* (46507/50000) 
Test epoch: 105 | Loss: *0.394* | Acc: *88.240%* (8824/10000)
Train epoch: 106 | Loss: *0.194* | Acc: *93.464%* (46732/50000) 
Test epoch: 106 | Loss: *0.374* | Acc: *88.010%* (8801/10000)
Train epoch: 107 | Loss: *0.199* | Acc: *93.170%* (46585/50000) 
Test epoch: 107 | Loss: *0.404* | Acc: *86.730%* (8673/10000)
Train epoch: 108 | Loss: *0.188* | Acc: *93.518%* (46759/50000) 
Test epoch: 108 | Loss: *0.448* | Acc: *86.670%* (8667/10000)
Train epoch: 109 | Loss: *0.191* | Acc: *93.382%* (46691/50000) 
Test epoch: 109 | Loss: *0.452* | Acc: *86.500%* (8650/10000)
Train epoch: 110 | Loss: *0.185* | Acc: *93.636%* (46818/50000) 
Test epoch: 110 | Loss: *0.372* | Acc: *88.310%* (8831/10000)
Train epoch: 111 | Loss: *0.179* | Acc: *93.912%* (46956/50000) 
Test epoch: 111 | Loss: *0.419* | Acc: *87.570%* (8757/10000)
Train epoch: 112 | Loss: *0.184* | Acc: *93.628%* (46814/50000) 
Test epoch: 112 | Loss: *0.340* | Acc: *88.920%* (8892/10000)
Train epoch: 113 | Loss: *0.179* | Acc: *93.854%* (46927/50000) 
Test epoch: 113 | Loss: *0.318* | Acc: *89.740%* (8974/10000)
Train epoch: 114 | Loss: *0.174* | Acc: *94.010%* (47005/50000) 
Test epoch: 114 | Loss: *0.401* | Acc: *87.620%* (8762/10000)
Train epoch: 115 | Loss: *0.175* | Acc: *94.022%* (47011/50000) 
Test epoch: 115 | Loss: *0.384* | Acc: *87.720%* (8772/10000)
Train epoch: 116 | Loss: *0.168* | Acc: *94.214%* (47107/50000) 
Test epoch: 116 | Loss: *0.381* | Acc: *88.370%* (8837/10000)
Train epoch: 117 | Loss: *0.166* | Acc: *94.126%* (47063/50000) 
Test epoch: 117 | Loss: *0.445* | Acc: *86.660%* (8666/10000)
Train epoch: 118 | Loss: *0.164* | Acc: *94.350%* (47175/50000) 
Test epoch: 118 | Loss: *0.391* | Acc: *88.020%* (8802/10000)
Train epoch: 119 | Loss: *0.164* | Acc: *94.432%* (47216/50000) 
Test epoch: 119 | Loss: *0.327* | Acc: *89.510%* (8951/10000)
Train epoch: 120 | Loss: *0.159* | Acc: *94.526%* (47263/50000) 
Test epoch: 120 | Loss: *0.381* | Acc: *88.090%* (8809/10000)
Train epoch: 121 | Loss: *0.152* | Acc: *94.716%* (47358/50000) 
Test epoch: 121 | Loss: *0.466* | Acc: *87.280%* (8728/10000)
Train epoch: 122 | Loss: *0.152* | Acc: *94.740%* (47370/50000) 
Test epoch: 122 | Loss: *0.362* | Acc: *89.250%* (8925/10000)
Train epoch: 123 | Loss: *0.146* | Acc: *94.988%* (47494/50000) 
Test epoch: 123 | Loss: *0.392* | Acc: *88.160%* (8816/10000)
Train epoch: 124 | Loss: *0.148* | Acc: *94.932%* (47466/50000) 
Test epoch: 124 | Loss: *0.324* | Acc: *90.150%* (9015/10000)
Train epoch: 125 | Loss: *0.143* | Acc: *95.100%* (47550/50000) 
Test epoch: 125 | Loss: *0.375* | Acc: *88.790%* (8879/10000)
Train epoch: 126 | Loss: *0.140* | Acc: *95.178%* (47589/50000) 
Test epoch: 126 | Loss: *0.314* | Acc: *89.780%* (8978/10000)
Train epoch: 127 | Loss: *0.136* | Acc: *95.306%* (47653/50000) 
Test epoch: 127 | Loss: *0.347* | Acc: *89.330%* (8933/10000)
Train epoch: 128 | Loss: *0.131* | Acc: *95.474%* (47737/50000) 
Test epoch: 128 | Loss: *0.397* | Acc: *88.310%* (8831/10000)
Train epoch: 129 | Loss: *0.125* | Acc: *95.652%* (47826/50000) 
Test epoch: 129 | Loss: *0.359* | Acc: *89.260%* (8926/10000)
Train epoch: 130 | Loss: *0.125* | Acc: *95.802%* (47901/50000) 
Test epoch: 130 | Loss: *0.343* | Acc: *89.700%* (8970/10000)
Train epoch: 131 | Loss: *0.124* | Acc: *95.664%* (47832/50000) 
Test epoch: 131 | Loss: *0.363* | Acc: *89.130%* (8913/10000)
Train epoch: 132 | Loss: *0.125* | Acc: *95.722%* (47861/50000) 
Test epoch: 132 | Loss: *0.336* | Acc: *90.140%* (9014/10000)
Train epoch: 133 | Loss: *0.113* | Acc: *96.194%* (48097/50000) 
Test epoch: 133 | Loss: *0.344* | Acc: *89.760%* (8976/10000)
Train epoch: 134 | Loss: *0.115* | Acc: *96.042%* (48021/50000) 
Test epoch: 134 | Loss: *0.378* | Acc: *88.940%* (8894/10000)
Train epoch: 135 | Loss: *0.110* | Acc: *96.206%* (48103/50000) 
Test epoch: 135 | Loss: *0.296* | Acc: *91.110%* (9111/10000)
Train epoch: 136 | Loss: *0.106* | Acc: *96.296%* (48148/50000) 
Test epoch: 136 | Loss: *0.346* | Acc: *89.710%* (8971/10000)
Train epoch: 137 | Loss: *0.102* | Acc: *96.484%* (48242/50000) 
Test epoch: 137 | Loss: *0.371* | Acc: *89.210%* (8921/10000)
Train epoch: 138 | Loss: *0.100* | Acc: *96.548%* (48274/50000) 
Test epoch: 138 | Loss: *0.301* | Acc: *90.870%* (9087/10000)
Train epoch: 139 | Loss: *0.096* | Acc: *96.716%* (48358/50000) 
Test epoch: 139 | Loss: *0.306* | Acc: *90.870%* (9087/10000)
Train epoch: 140 | Loss: *0.094* | Acc: *96.848%* (48424/50000) 
Test epoch: 140 | Loss: *0.333* | Acc: *90.130%* (9013/10000)
Train epoch: 141 | Loss: *0.088* | Acc: *96.984%* (48492/50000) 
Test epoch: 141 | Loss: *0.347* | Acc: *90.540%* (9054/10000)
Train epoch: 142 | Loss: *0.085* | Acc: *97.122%* (48561/50000) 
Test epoch: 142 | Loss: *0.295* | Acc: *91.070%* (9107/10000)
Train epoch: 143 | Loss: *0.080* | Acc: *97.242%* (48621/50000) 
Test epoch: 143 | Loss: *0.333* | Acc: *90.480%* (9048/10000)
Train epoch: 144 | Loss: *0.075* | Acc: *97.600%* (48800/50000) 
Test epoch: 144 | Loss: *0.450* | Acc: *88.850%* (8885/10000)
Train epoch: 145 | Loss: *0.075* | Acc: *97.522%* (48761/50000) 
Test epoch: 145 | Loss: *0.301* | Acc: *91.170%* (9117/10000)
Train epoch: 146 | Loss: *0.072* | Acc: *97.700%* (48850/50000) 
Test epoch: 146 | Loss: *0.318* | Acc: *90.710%* (9071/10000)
Train epoch: 147 | Loss: *0.069* | Acc: *97.744%* (48872/50000) 
Test epoch: 147 | Loss: *0.347* | Acc: *90.720%* (9072/10000)
Train epoch: 148 | Loss: *0.065* | Acc: *97.904%* (48952/50000) 
Test epoch: 148 | Loss: *0.313* | Acc: *90.650%* (9065/10000)
Train epoch: 149 | Loss: *0.061* | Acc: *98.000%* (49000/50000) 
Test epoch: 149 | Loss: *0.281* | Acc: *91.720%* (9172/10000)
Train epoch: 150 | Loss: *0.055* | Acc: *98.166%* (49083/50000) 
Test epoch: 150 | Loss: *0.325* | Acc: *91.160%* (9116/10000)
Train epoch: 151 | Loss: *0.056* | Acc: *98.122%* (49061/50000) 
Test epoch: 151 | Loss: *0.271* | Acc: *91.770%* (9177/10000)
Train epoch: 152 | Loss: *0.052* | Acc: *98.312%* (49156/50000) 
Test epoch: 152 | Loss: *0.283* | Acc: *91.780%* (9178/10000)
Train epoch: 153 | Loss: *0.044* | Acc: *98.580%* (49290/50000) 
Test epoch: 153 | Loss: *0.262* | Acc: *92.380%* (9238/10000)
Train epoch: 154 | Loss: *0.042* | Acc: *98.696%* (49348/50000) 
Test epoch: 154 | Loss: *0.291* | Acc: *91.830%* (9183/10000)
Train epoch: 155 | Loss: *0.038* | Acc: *98.872%* (49436/50000) 
Test epoch: 155 | Loss: *0.272* | Acc: *92.090%* (9209/10000)
Train epoch: 156 | Loss: *0.038* | Acc: *98.864%* (49432/50000) 
Test epoch: 156 | Loss: *0.271* | Acc: *92.320%* (9232/10000)
Train epoch: 157 | Loss: *0.033* | Acc: *99.032%* (49516/50000) 
Test epoch: 157 | Loss: *0.256* | Acc: *92.580%* (9258/10000)
Train epoch: 158 | Loss: *0.028* | Acc: *99.214%* (49607/50000) 
Test epoch: 158 | Loss: *0.253* | Acc: *93.110%* (9311/10000)
Train epoch: 159 | Loss: *0.024* | Acc: *99.376%* (49688/50000) 
Test epoch: 159 | Loss: *0.250* | Acc: *93.030%* (9303/10000)
Train epoch: 160 | Loss: *0.021* | Acc: *99.484%* (49742/50000) 
Test epoch: 160 | Loss: *0.238* | Acc: *93.240%* (9324/10000)
Train epoch: 161 | Loss: *0.019* | Acc: *99.504%* (49752/50000) 
Test epoch: 161 | Loss: *0.245* | Acc: *93.190%* (9319/10000)
Train epoch: 162 | Loss: *0.019* | Acc: *99.520%* (49760/50000) 
Test epoch: 162 | Loss: *0.236* | Acc: *93.350%* (9335/10000)
Train epoch: 163 | Loss: *0.016* | Acc: *99.628%* (49814/50000) 
Test epoch: 163 | Loss: *0.240* | Acc: *93.590%* (9359/10000)
Train epoch: 164 | Loss: *0.014* | Acc: *99.710%* (49855/50000) 
Test epoch: 164 | Loss: *0.241* | Acc: *93.470%* (9347/10000)
Train epoch: 165 | Loss: *0.011* | Acc: *99.784%* (49892/50000) 
Test epoch: 165 | Loss: *0.233* | Acc: *93.660%* (9366/10000)
Train epoch: 166 | Loss: *0.010* | Acc: *99.848%* (49924/50000) 
Test epoch: 166 | Loss: *0.220* | Acc: *93.850%* (9385/10000)
Train epoch: 167 | Loss: *0.008* | Acc: *99.900%* (49950/50000) 
Test epoch: 167 | Loss: *0.214* | Acc: *93.960%* (9396/10000)
Train epoch: 168 | Loss: *0.008* | Acc: *99.898%* (49949/50000) 
Test epoch: 168 | Loss: *0.212* | Acc: *93.990%* (9399/10000)
Train epoch: 169 | Loss: *0.007* | Acc: *99.924%* (49962/50000) 
Test epoch: 169 | Loss: *0.215* | Acc: *94.110%* (9411/10000)
Train epoch: 170 | Loss: *0.006* | Acc: *99.942%* (49971/50000) 
Test epoch: 170 | Loss: *0.207* | Acc: *94.130%* (9413/10000)
Train epoch: 171 | Loss: *0.006* | Acc: *99.944%* (49972/50000) 
Test epoch: 171 | Loss: *0.202* | Acc: *94.250%* (9425/10000)
Train epoch: 172 | Loss: *0.005* | Acc: *99.970%* (49985/50000) 
Test epoch: 172 | Loss: *0.200* | Acc: *94.100%* (9410/10000)
Train epoch: 173 | Loss: *0.005* | Acc: *99.976%* (49988/50000) 
Test epoch: 173 | Loss: *0.201* | Acc: *94.400%* (9440/10000)
Train epoch: 174 | Loss: *0.005* | Acc: *99.966%* (49983/50000) 
Test epoch: 174 | Loss: *0.204* | Acc: *94.290%* (9429/10000)
Train epoch: 175 | Loss: *0.005* | Acc: *99.980%* (49990/50000) 
Test epoch: 175 | Loss: *0.200* | Acc: *94.320%* (9432/10000)
Train epoch: 176 | Loss: *0.004* | Acc: *99.992%* (49996/50000) 
Test epoch: 176 | Loss: *0.196* | Acc: *94.610%* (9461/10000)
Train epoch: 177 | Loss: *0.004* | Acc: *99.984%* (49992/50000) 
Test epoch: 177 | Loss: *0.194* | Acc: *94.370%* (9437/10000)
Train epoch: 178 | Loss: *0.004* | Acc: *99.986%* (49993/50000) 
Test epoch: 178 | Loss: *0.197* | Acc: *94.410%* (9441/10000)
Train epoch: 179 | Loss: *0.004* | Acc: *99.994%* (49997/50000) 
Test epoch: 179 | Loss: *0.191* | Acc: *94.370%* (9437/10000)
Train epoch: 180 | Loss: *0.004* | Acc: *99.988%* (49994/50000) 
Test epoch: 180 | Loss: *0.194* | Acc: *94.410%* (9441/10000)
Train epoch: 181 | Loss: *0.004* | Acc: *99.992%* (49996/50000) 
Test epoch: 181 | Loss: *0.193* | Acc: *94.310%* (9431/10000)
Train epoch: 182 | Loss: *0.004* | Acc: *99.992%* (49996/50000) 
Test epoch: 182 | Loss: *0.189* | Acc: *94.540%* (9454/10000)
Train epoch: 183 | Loss: *0.004* | Acc: *99.978%* (49989/50000) 
Test epoch: 183 | Loss: *0.188* | Acc: *94.430%* (9443/10000)
Train epoch: 184 | Loss: *0.004* | Acc: *99.992%* (49996/50000) 
Test epoch: 184 | Loss: *0.190* | Acc: *94.480%* (9448/10000)
Train epoch: 185 | Loss: *0.004* | Acc: *99.992%* (49996/50000) 
Test epoch: 185 | Loss: *0.190* | Acc: *94.590%* (9459/10000)
Train epoch: 186 | Loss: *0.004* | Acc: *99.990%* (49995/50000) 
Test epoch: 186 | Loss: *0.190* | Acc: *94.520%* (9452/10000)
Train epoch: 187 | Loss: *0.003* | Acc: *99.996%* (49998/50000) 
Test epoch: 187 | Loss: *0.190* | Acc: *94.600%* (9460/10000)
Train epoch: 188 | Loss: *0.003* | Acc: *99.998%* (49999/50000) 
Test epoch: 188 | Loss: *0.189* | Acc: *94.590%* (9459/10000)
Train epoch: 189 | Loss: *0.003* | Acc: *99.996%* (49998/50000) 
Test epoch: 189 | Loss: *0.188* | Acc: *94.610%* (9461/10000)
Train epoch: 190 | Loss: *0.003* | Acc: *99.996%* (49998/50000) 
Test epoch: 190 | Loss: *0.187* | Acc: *94.570%* (9457/10000)
Train epoch: 191 | Loss: *0.003* | Acc: *99.998%* (49999/50000) 
Test epoch: 191 | Loss: *0.188* | Acc: *94.540%* (9454/10000)
Train epoch: 192 | Loss: *0.003* | Acc: *99.998%* (49999/50000) 
Test epoch: 192 | Loss: *0.189* | Acc: *94.590%* (9459/10000)
Train epoch: 193 | Loss: *0.003* | Acc: *100.000%* (50000/50000) 
Test epoch: 193 | Loss: *0.187* | Acc: *94.550%* (9455/10000)
Train epoch: 194 | Loss: *0.003* | Acc: *100.000%* (50000/50000) 
Test epoch: 194 | Loss: *0.187* | Acc: *94.610%* (9461/10000)
Train epoch: 195 | Loss: *0.003* | Acc: *100.000%* (50000/50000) 
Test epoch: 195 | Loss: *0.187* | Acc: *94.600%* (9460/10000)
Train epoch: 196 | Loss: *0.003* | Acc: *100.000%* (50000/50000) 
Test epoch: 196 | Loss: *0.188* | Acc: *94.550%* (9455/10000)
Train epoch: 197 | Loss: *0.003* | Acc: *99.994%* (49997/50000) 
Test epoch: 197 | Loss: *0.188* | Acc: *94.710%* (9471/10000)
Train epoch: 198 | Loss: *0.003* | Acc: *99.998%* (49999/50000) 
Test epoch: 198 | Loss: *0.187* | Acc: *94.520%* (9452/10000)
Train epoch: 199 | Loss: *0.003* | Acc: *100.000%* (50000/50000) 
Test epoch: 199 | Loss: *0.188* | Acc: *94.580%* (9458/10000)
Train epoch: 200 | Loss: *0.003* | Acc: *99.992%* (49996/50000) 
Test epoch: 200 | Loss: *0.188* | Acc: *94.510%* (9451/10000)
Train epoch: 201 | Loss: *0.003* | Acc: *99.988%* (49994/50000) 
Test epoch: 201 | Loss: *0.188* | Acc: *94.600%* (9460/10000)
Train epoch: 202 | Loss: *0.003* | Acc: *99.998%* (49999/50000) 
Test epoch: 202 | Loss: *0.187* | Acc: *94.610%* (9461/10000)
Train epoch: 203 | Loss: *0.003* | Acc: *99.996%* (49998/50000) 
Test epoch: 203 | Loss: *0.188* | Acc: *94.620%* (9462/10000)
Train epoch: 204 | Loss: *0.003* | Acc: *99.990%* (49995/50000) 
Test epoch: 204 | Loss: *0.188* | Acc: *94.630%* (9463/10000)
Train epoch: 205 | Loss: *0.003* | Acc: *99.998%* (49999/50000) 
Test epoch: 205 | Loss: *0.188* | Acc: *94.560%* (9456/10000)
Train epoch: 206 | Loss: *0.003* | Acc: *99.998%* (49999/50000) 
Test epoch: 206 | Loss: *0.188* | Acc: *94.550%* (9455/10000)
Train epoch: 207 | Loss: *0.003* | Acc: *99.994%* (49997/50000) 
Test epoch: 207 | Loss: *0.188* | Acc: *94.630%* (9463/10000)
Train epoch: 208 | Loss: *0.003* | Acc: *99.996%* (49998/50000) 
Test epoch: 208 | Loss: *0.188* | Acc: *94.520%* (9452/10000)
Train epoch: 209 | Loss: *0.003* | Acc: *99.996%* (49998/50000) 
Test epoch: 209 | Loss: *0.188* | Acc: *94.580%* (9458/10000)
Train epoch: 210 | Loss: *0.003* | Acc: *99.998%* (49999/50000) 
Test epoch: 210 | Loss: *0.187* | Acc: *94.600%* (9460/10000)
Train epoch: 211 | Loss: *0.003* | Acc: *99.994%* (49997/50000) 
Test epoch: 211 | Loss: *0.186* | Acc: *94.630%* (9463/10000)
Train epoch: 212 | Loss: *0.003* | Acc: *99.996%* (49998/50000) 
Test epoch: 212 | Loss: *0.187* | Acc: *94.560%* (9456/10000)
Train epoch: 213 | Loss: *0.003* | Acc: *99.992%* (49996/50000) 
Test epoch: 213 | Loss: *0.187* | Acc: *94.540%* (9454/10000)
Train epoch: 214 | Loss: *0.003* | Acc: *99.994%* (49997/50000) 
Test epoch: 214 | Loss: *0.187* | Acc: *94.540%* (9454/10000)
Train epoch: 215 | Loss: *0.003* | Acc: *99.996%* (49998/50000) 
Test epoch: 215 | Loss: *0.189* | Acc: *94.640%* (9464/10000)
Train epoch: 216 | Loss: *0.003* | Acc: *99.998%* (49999/50000) 
Test epoch: 216 | Loss: *0.188* | Acc: *94.490%* (9449/10000)
Train epoch: 217 | Loss: *0.003* | Acc: *100.000%* (50000/50000) 
Test epoch: 217 | Loss: *0.187* | Acc: *94.430%* (9443/10000)
Train epoch: 218 | Loss: *0.003* | Acc: *99.998%* (49999/50000) 
Test epoch: 218 | Loss: *0.186* | Acc: *94.500%* (9450/10000)
Train epoch: 219 | Loss: *0.003* | Acc: *100.000%* (50000/50000) 
Test epoch: 219 | Loss: *0.187* | Acc: *94.450%* (9445/10000)
Train epoch: 220 | Loss: *0.004* | Acc: *99.994%* (49997/50000) 
Test epoch: 220 | Loss: *0.186* | Acc: *94.540%* (9454/10000)
Train epoch: 221 | Loss: *0.003* | Acc: *99.994%* (49997/50000) 
Test epoch: 221 | Loss: *0.187* | Acc: *94.490%* (9449/10000)
Train epoch: 222 | Loss: *0.004* | Acc: *99.986%* (49993/50000) 
Test epoch: 222 | Loss: *0.187* | Acc: *94.520%* (9452/10000)
Train epoch: 223 | Loss: *0.003* | Acc: *99.998%* (49999/50000) 
Test epoch: 223 | Loss: *0.188* | Acc: *94.460%* (9446/10000)
Train epoch: 224 | Loss: *0.003* | Acc: *100.000%* (50000/50000) 
Test epoch: 224 | Loss: *0.186* | Acc: *94.450%* (9445/10000)
Train epoch: 225 | Loss: *0.003* | Acc: *99.996%* (49998/50000) 
Test epoch: 225 | Loss: *0.187* | Acc: *94.490%* (9449/10000)
Train epoch: 226 | Loss: *0.004* | Acc: *99.994%* (49997/50000) 
Test epoch: 226 | Loss: *0.188* | Acc: *94.460%* (9446/10000)
Train epoch: 227 | Loss: *0.004* | Acc: *100.000%* (50000/50000) 
Test epoch: 227 | Loss: *0.186* | Acc: *94.420%* (9442/10000)
Train epoch: 228 | Loss: *0.004* | Acc: *99.986%* (49993/50000) 
Test epoch: 228 | Loss: *0.207* | Acc: *93.990%* (9399/10000)
Train epoch: 229 | Loss: *0.004* | Acc: *99.994%* (49997/50000) 
Test epoch: 229 | Loss: *0.191* | Acc: *94.370%* (9437/10000)
Train epoch: 230 | Loss: *0.004* | Acc: *100.000%* (50000/50000) 
Test epoch: 230 | Loss: *0.185* | Acc: *94.480%* (9448/10000)
Train epoch: 231 | Loss: *0.004* | Acc: *99.992%* (49996/50000) 
Test epoch: 231 | Loss: *0.196* | Acc: *94.240%* (9424/10000)
Train epoch: 232 | Loss: *0.004* | Acc: *99.994%* (49997/50000) 
Test epoch: 232 | Loss: *0.192* | Acc: *94.340%* (9434/10000)
Train epoch: 233 | Loss: *0.005* | Acc: *99.984%* (49992/50000) 
Test epoch: 233 | Loss: *0.201* | Acc: *94.100%* (9410/10000)
Train epoch: 234 | Loss: *0.006* | Acc: *99.970%* (49985/50000) 
Test epoch: 234 | Loss: *0.201* | Acc: *94.170%* (9417/10000)
Train epoch: 235 | Loss: *0.007* | Acc: *99.952%* (49976/50000) 
Test epoch: 235 | Loss: *0.214* | Acc: *93.810%* (9381/10000)
Train epoch: 236 | Loss: *0.024* | Acc: *99.474%* (49737/50000) 
Test epoch: 236 | Loss: *0.290* | Acc: *91.750%* (9175/10000)
Train epoch: 237 | Loss: *0.083* | Acc: *97.278%* (48639/50000) 
Test epoch: 237 | Loss: *0.402* | Acc: *89.180%* (8918/10000)
Train epoch: 238 | Loss: *0.106* | Acc: *96.486%* (48243/50000) 
Test epoch: 238 | Loss: *0.339* | Acc: *89.730%* (8973/10000)
Train epoch: 239 | Loss: *0.107* | Acc: *96.464%* (48232/50000) 
Test epoch: 239 | Loss: *0.427* | Acc: *88.090%* (8809/10000)
Train epoch: 240 | Loss: *0.106* | Acc: *96.438%* (48219/50000) 
Test epoch: 240 | Loss: *0.350* | Acc: *89.650%* (8965/10000)
Train epoch: 241 | Loss: *0.107* | Acc: *96.314%* (48157/50000) 
Test epoch: 241 | Loss: *0.349* | Acc: *89.780%* (8978/10000)
Train epoch: 242 | Loss: *0.102* | Acc: *96.624%* (48312/50000) 
Test epoch: 242 | Loss: *0.350* | Acc: *89.980%* (8998/10000)
Train epoch: 243 | Loss: *0.102* | Acc: *96.590%* (48295/50000) 
Test epoch: 243 | Loss: *0.335* | Acc: *90.510%* (9051/10000)
Train epoch: 244 | Loss: *0.105* | Acc: *96.456%* (48228/50000) 
Test epoch: 244 | Loss: *0.377* | Acc: *88.950%* (8895/10000)
Train epoch: 245 | Loss: *0.104* | Acc: *96.472%* (48236/50000) 
Test epoch: 245 | Loss: *0.355* | Acc: *90.000%* (9000/10000)
Train epoch: 246 | Loss: *0.101* | Acc: *96.552%* (48276/50000) 
Test epoch: 246 | Loss: *0.368* | Acc: *89.500%* (8950/10000)
Train epoch: 247 | Loss: *0.102* | Acc: *96.628%* (48314/50000) 
Test epoch: 247 | Loss: *0.354* | Acc: *89.940%* (8994/10000)
Train epoch: 248 | Loss: *0.108* | Acc: *96.354%* (48177/50000) 
Test epoch: 248 | Loss: *0.363* | Acc: *88.960%* (8896/10000)
Train epoch: 249 | Loss: *0.102* | Acc: *96.534%* (48267/50000) 
Test epoch: 249 | Loss: *0.322* | Acc: *90.660%* (9066/10000)
Train epoch: 250 | Loss: *0.099* | Acc: *96.598%* (48299/50000) 
Test epoch: 250 | Loss: *0.401* | Acc: *88.930%* (8893/10000)
Train epoch: 251 | Loss: *0.111* | Acc: *96.144%* (48072/50000) 
Test epoch: 251 | Loss: *0.342* | Acc: *89.600%* (8960/10000)
Train epoch: 252 | Loss: *0.100* | Acc: *96.638%* (48319/50000) 
Test epoch: 252 | Loss: *0.348* | Acc: *89.980%* (8998/10000)
Train epoch: 253 | Loss: *0.109* | Acc: *96.388%* (48194/50000) 
Test epoch: 253 | Loss: *0.412* | Acc: *88.280%* (8828/10000)
Train epoch: 254 | Loss: *0.109* | Acc: *96.306%* (48153/50000) 
Test epoch: 254 | Loss: *0.415* | Acc: *88.040%* (8804/10000)
Train epoch: 255 | Loss: *0.109* | Acc: *96.336%* (48168/50000) 
Test epoch: 255 | Loss: *0.342* | Acc: *89.520%* (8952/10000)
Train epoch: 256 | Loss: *0.111* | Acc: *96.244%* (48122/50000) 
Test epoch: 256 | Loss: *0.321* | Acc: *90.360%* (9036/10000)
Train epoch: 257 | Loss: *0.109* | Acc: *96.324%* (48162/50000) 
Test epoch: 257 | Loss: *0.355* | Acc: *89.600%* (8960/10000)
Train epoch: 258 | Loss: *0.121* | Acc: *95.888%* (47944/50000) 
Test epoch: 258 | Loss: *0.409* | Acc: *87.980%* (8798/10000)
Train epoch: 259 | Loss: *0.114* | Acc: *96.198%* (48099/50000) 
Test epoch: 259 | Loss: *0.353* | Acc: *89.660%* (8966/10000)
Train epoch: 260 | Loss: *0.116* | Acc: *96.074%* (48037/50000) 
Test epoch: 260 | Loss: *0.371* | Acc: *89.120%* (8912/10000)
Train epoch: 261 | Loss: *0.118* | Acc: *95.976%* (47988/50000) 
Test epoch: 261 | Loss: *0.384* | Acc: *88.620%* (8862/10000)
Train epoch: 262 | Loss: *0.121* | Acc: *95.822%* (47911/50000) 
Test epoch: 262 | Loss: *0.361* | Acc: *89.330%* (8933/10000)
Train epoch: 263 | Loss: *0.113* | Acc: *96.144%* (48072/50000) 
Test epoch: 263 | Loss: *0.341* | Acc: *90.130%* (9013/10000)
Train epoch: 264 | Loss: *0.125* | Acc: *95.692%* (47846/50000) 
Test epoch: 264 | Loss: *0.431* | Acc: *87.820%* (8782/10000)
Train epoch: 265 | Loss: *0.126* | Acc: *95.552%* (47776/50000) 
Test epoch: 265 | Loss: *0.335* | Acc: *89.870%* (8987/10000)
Train epoch: 266 | Loss: *0.130* | Acc: *95.500%* (47750/50000) 
Test epoch: 266 | Loss: *0.355* | Acc: *89.180%* (8918/10000)
Train epoch: 267 | Loss: *0.124* | Acc: *95.728%* (47864/50000) 
Test epoch: 267 | Loss: *0.352* | Acc: *89.740%* (8974/10000)
Train epoch: 268 | Loss: *0.129* | Acc: *95.622%* (47811/50000) 
Test epoch: 268 | Loss: *0.453* | Acc: *87.130%* (8713/10000)
Train epoch: 269 | Loss: *0.128* | Acc: *95.606%* (47803/50000) 
Test epoch: 269 | Loss: *0.407* | Acc: *87.640%* (8764/10000)
Train epoch: 270 | Loss: *0.131* | Acc: *95.506%* (47753/50000) 
Test epoch: 270 | Loss: *0.407* | Acc: *88.250%* (8825/10000)
Train epoch: 271 | Loss: *0.139* | Acc: *95.092%* (47546/50000) 
Test epoch: 271 | Loss: *0.373* | Acc: *89.140%* (8914/10000)
Train epoch: 272 | Loss: *0.140* | Acc: *95.240%* (47620/50000) 
Test epoch: 272 | Loss: *0.411* | Acc: *88.490%* (8849/10000)
Train epoch: 273 | Loss: *0.139* | Acc: *95.188%* (47594/50000) 
Test epoch: 273 | Loss: *0.337* | Acc: *89.850%* (8985/10000)
Train epoch: 274 | Loss: *0.146* | Acc: *94.974%* (47487/50000) 
Test epoch: 274 | Loss: *0.372* | Acc: *89.110%* (8911/10000)
Train epoch: 275 | Loss: *0.142* | Acc: *95.074%* (47537/50000) 
Test epoch: 275 | Loss: *0.441* | Acc: *87.080%* (8708/10000)
Train epoch: 276 | Loss: *0.143* | Acc: *95.088%* (47544/50000) 
Test epoch: 276 | Loss: *0.415* | Acc: *87.450%* (8745/10000)
Train epoch: 277 | Loss: *0.153* | Acc: *94.684%* (47342/50000) 
Test epoch: 277 | Loss: *0.388* | Acc: *89.210%* (8921/10000)
Train epoch: 278 | Loss: *0.149* | Acc: *94.852%* (47426/50000) 
Test epoch: 278 | Loss: *0.337* | Acc: *89.190%* (8919/10000)
Train epoch: 279 | Loss: *0.151* | Acc: *94.852%* (47426/50000) 
Test epoch: 279 | Loss: *0.375* | Acc: *88.530%* (8853/10000)
Train epoch: 280 | Loss: *0.159* | Acc: *94.442%* (47221/50000) 
Test epoch: 280 | Loss: *0.335* | Acc: *89.040%* (8904/10000)
Train epoch: 281 | Loss: *0.155* | Acc: *94.666%* (47333/50000) 
Test epoch: 281 | Loss: *0.366* | Acc: *88.670%* (8867/10000)
Train epoch: 282 | Loss: *0.159* | Acc: *94.482%* (47241/50000) 
Test epoch: 282 | Loss: *0.336* | Acc: *89.960%* (8996/10000)
Train epoch: 283 | Loss: *0.157* | Acc: *94.744%* (47372/50000) 
Test epoch: 283 | Loss: *0.364* | Acc: *88.750%* (8875/10000)
Train epoch: 284 | Loss: *0.164* | Acc: *94.396%* (47198/50000) 
Test epoch: 284 | Loss: *0.436* | Acc: *87.310%* (8731/10000)
Train epoch: 285 | Loss: *0.165* | Acc: *94.288%* (47144/50000) 
Test epoch: 285 | Loss: *0.333* | Acc: *89.710%* (8971/10000)
Train epoch: 286 | Loss: *0.162* | Acc: *94.350%* (47175/50000) 
Test epoch: 286 | Loss: *0.436* | Acc: *86.900%* (8690/10000)
Train epoch: 287 | Loss: *0.173* | Acc: *93.960%* (46980/50000) 
Test epoch: 287 | Loss: *0.352* | Acc: *89.030%* (8903/10000)
Train epoch: 288 | Loss: *0.172* | Acc: *94.026%* (47013/50000) 
Test epoch: 288 | Loss: *0.393* | Acc: *87.560%* (8756/10000)
Train epoch: 289 | Loss: *0.181* | Acc: *93.698%* (46849/50000) 
Test epoch: 289 | Loss: *0.363* | Acc: *88.980%* (8898/10000)
Train epoch: 290 | Loss: *0.175* | Acc: *93.996%* (46998/50000) 
Test epoch: 290 | Loss: *0.340* | Acc: *89.320%* (8932/10000)
Train epoch: 291 | Loss: *0.175* | Acc: *94.018%* (47009/50000) 
Test epoch: 291 | Loss: *0.408* | Acc: *87.780%* (8778/10000)
Train epoch: 292 | Loss: *0.182* | Acc: *93.674%* (46837/50000) 
Test epoch: 292 | Loss: *0.388* | Acc: *88.300%* (8830/10000)
Train epoch: 293 | Loss: *0.186* | Acc: *93.594%* (46797/50000) 
Test epoch: 293 | Loss: *0.428* | Acc: *86.780%* (8678/10000)
Train epoch: 294 | Loss: *0.183* | Acc: *93.650%* (46825/50000) 
Test epoch: 294 | Loss: *0.430* | Acc: *86.720%* (8672/10000)
Train epoch: 295 | Loss: *0.190* | Acc: *93.412%* (46706/50000) 
Test epoch: 295 | Loss: *0.466* | Acc: *86.010%* (8601/10000)
Train epoch: 296 | Loss: *0.187* | Acc: *93.636%* (46818/50000) 
Test epoch: 296 | Loss: *0.346* | Acc: *89.090%* (8909/10000)
Train epoch: 297 | Loss: *0.199* | Acc: *92.978%* (46489/50000) 
Test epoch: 297 | Loss: *0.414* | Acc: *87.320%* (8732/10000)
Train epoch: 298 | Loss: *0.196* | Acc: *93.248%* (46624/50000) 
Test epoch: 298 | Loss: *0.430* | Acc: *86.970%* (8697/10000)
Train epoch: 299 | Loss: *0.194* | Acc: *93.250%* (46625/50000) 
Test epoch: 299 | Loss: *0.457* | Acc: *86.310%* (8631/10000)
Train epoch: 300 | Loss: *0.195* | Acc: *93.288%* (46644/50000) 
Test epoch: 300 | Loss: *0.497* | Acc: *86.080%* (8608/10000)
Train epoch: 301 | Loss: *0.203* | Acc: *93.080%* (46540/50000) 
Test epoch: 301 | Loss: *0.498* | Acc: *84.720%* (8472/10000)
Train epoch: 302 | Loss: *0.208* | Acc: *92.822%* (46411/50000) 
Test epoch: 302 | Loss: *0.487* | Acc: *85.210%* (8521/10000)
Train epoch: 303 | Loss: *0.201* | Acc: *93.046%* (46523/50000) 
Test epoch: 303 | Loss: *0.407* | Acc: *87.370%* (8737/10000)
Train epoch: 304 | Loss: *0.205* | Acc: *92.958%* (46479/50000) 
Test epoch: 304 | Loss: *0.582* | Acc: *83.330%* (8333/10000)
Train epoch: 305 | Loss: *0.209* | Acc: *92.848%* (46424/50000) 
Test epoch: 305 | Loss: *0.433* | Acc: *86.360%* (8636/10000)
Train epoch: 306 | Loss: *0.215* | Acc: *92.522%* (46261/50000) 
Test epoch: 306 | Loss: *0.453* | Acc: *85.770%* (8577/10000)
Train epoch: 307 | Loss: *0.218* | Acc: *92.448%* (46224/50000) 
Test epoch: 307 | Loss: *0.363* | Acc: *88.670%* (8867/10000)
Train epoch: 308 | Loss: *0.214* | Acc: *92.558%* (46279/50000) 
Test epoch: 308 | Loss: *0.408* | Acc: *87.490%* (8749/10000)
Train epoch: 309 | Loss: *0.219* | Acc: *92.344%* (46172/50000) 
Test epoch: 309 | Loss: *0.458* | Acc: *85.910%* (8591/10000)
Train epoch: 310 | Loss: *0.222* | Acc: *92.450%* (46225/50000) 
Test epoch: 310 | Loss: *0.426* | Acc: *86.590%* (8659/10000)
Train epoch: 311 | Loss: *0.222* | Acc: *92.376%* (46188/50000) 
Test epoch: 311 | Loss: *0.433* | Acc: *86.250%* (8625/10000)
Train epoch: 312 | Loss: *0.222* | Acc: *92.276%* (46138/50000) 
Test epoch: 312 | Loss: *0.374* | Acc: *88.160%* (8816/10000)
Train epoch: 313 | Loss: *0.225* | Acc: *92.268%* (46134/50000) 
Test epoch: 313 | Loss: *0.384* | Acc: *88.040%* (8804/10000)
Train epoch: 314 | Loss: *0.232* | Acc: *91.954%* (45977/50000) 
Test epoch: 314 | Loss: *0.372* | Acc: *87.760%* (8776/10000)
Train epoch: 315 | Loss: *0.227* | Acc: *92.234%* (46117/50000) 
Test epoch: 315 | Loss: *0.451* | Acc: *86.010%* (8601/10000)
Train epoch: 316 | Loss: *0.235* | Acc: *91.812%* (45906/50000) 
Test epoch: 316 | Loss: *0.444* | Acc: *86.120%* (8612/10000)
Train epoch: 317 | Loss: *0.233* | Acc: *92.002%* (46001/50000) 
Test epoch: 317 | Loss: *0.568* | Acc: *82.480%* (8248/10000)
Train epoch: 318 | Loss: *0.241* | Acc: *91.734%* (45867/50000) 
Test epoch: 318 | Loss: *0.515* | Acc: *84.730%* (8473/10000)
Train epoch: 319 | Loss: *0.239* | Acc: *91.882%* (45941/50000) 
Test epoch: 319 | Loss: *0.489* | Acc: *84.680%* (8468/10000)
Train epoch: 320 | Loss: *0.248* | Acc: *91.424%* (45712/50000) 
Test epoch: 320 | Loss: *0.557* | Acc: *84.150%* (8415/10000)
Train epoch: 321 | Loss: *0.241* | Acc: *91.692%* (45846/50000) 
Test epoch: 321 | Loss: *0.397* | Acc: *87.450%* (8745/10000)
Train epoch: 322 | Loss: *0.244* | Acc: *91.700%* (45850/50000) 
Test epoch: 322 | Loss: *0.509* | Acc: *84.520%* (8452/10000)
Train epoch: 323 | Loss: *0.246* | Acc: *91.468%* (45734/50000) 
Test epoch: 323 | Loss: *0.537* | Acc: *83.230%* (8323/10000)
Train epoch: 324 | Loss: *0.251* | Acc: *91.284%* (45642/50000) 
Test epoch: 324 | Loss: *0.514* | Acc: *83.620%* (8362/10000)
Train epoch: 325 | Loss: *0.245* | Acc: *91.548%* (45774/50000) 
Test epoch: 325 | Loss: *0.473* | Acc: *84.450%* (8445/10000)
Train epoch: 326 | Loss: *0.259* | Acc: *91.164%* (45582/50000) 
Test epoch: 326 | Loss: *0.418* | Acc: *86.480%* (8648/10000)
Train epoch: 327 | Loss: *0.255* | Acc: *91.178%* (45589/50000) 
Test epoch: 327 | Loss: *0.457* | Acc: *85.240%* (8524/10000)
Train epoch: 328 | Loss: *0.258* | Acc: *91.034%* (45517/50000) 
Test epoch: 328 | Loss: *0.507* | Acc: *84.150%* (8415/10000)
Train epoch: 329 | Loss: *0.262* | Acc: *91.046%* (45523/50000) 
Test epoch: 329 | Loss: *0.489* | Acc: *84.680%* (8468/10000)
Train epoch: 330 | Loss: *0.251* | Acc: *91.320%* (45660/50000) 
Test epoch: 330 | Loss: *0.475* | Acc: *84.700%* (8470/10000)
Train epoch: 331 | Loss: *0.260* | Acc: *90.990%* (45495/50000) 
Test epoch: 331 | Loss: *0.690* | Acc: *80.800%* (8080/10000)
Train epoch: 332 | Loss: *0.267* | Acc: *90.786%* (45393/50000) 
Test epoch: 332 | Loss: *0.591* | Acc: *82.770%* (8277/10000)
Train epoch: 333 | Loss: *0.269* | Acc: *90.890%* (45445/50000) 
Test epoch: 333 | Loss: *0.425* | Acc: *86.370%* (8637/10000)
Train epoch: 334 | Loss: *0.260* | Acc: *91.054%* (45527/50000) 
Test epoch: 334 | Loss: *0.600* | Acc: *82.170%* (8217/10000)
Train epoch: 335 | Loss: *0.267* | Acc: *90.786%* (45393/50000) 
Test epoch: 335 | Loss: *0.415* | Acc: *86.570%* (8657/10000)
Train epoch: 336 | Loss: *0.266* | Acc: *90.932%* (45466/50000) 
Test epoch: 336 | Loss: *0.406* | Acc: *86.480%* (8648/10000)
Train epoch: 337 | Loss: *0.269* | Acc: *90.752%* (45376/50000) 
Test epoch: 337 | Loss: *0.492* | Acc: *84.570%* (8457/10000)
Train epoch: 338 | Loss: *0.273* | Acc: *90.514%* (45257/50000) 
Test epoch: 338 | Loss: *0.444* | Acc: *85.420%* (8542/10000)
Train epoch: 339 | Loss: *0.272* | Acc: *90.626%* (45313/50000) 
Test epoch: 339 | Loss: *0.554* | Acc: *82.800%* (8280/10000)
Train epoch: 340 | Loss: *0.274* | Acc: *90.572%* (45286/50000) 
Test epoch: 340 | Loss: *0.429* | Acc: *86.060%* (8606/10000)
Train epoch: 341 | Loss: *0.277* | Acc: *90.394%* (45197/50000) 
Test epoch: 341 | Loss: *0.411* | Acc: *86.730%* (8673/10000)
Train epoch: 342 | Loss: *0.278* | Acc: *90.392%* (45196/50000) 
Test epoch: 342 | Loss: *0.639* | Acc: *80.370%* (8037/10000)
Train epoch: 343 | Loss: *0.272* | Acc: *90.560%* (45280/50000) 
Test epoch: 343 | Loss: *0.510* | Acc: *83.670%* (8367/10000)
Train epoch: 344 | Loss: *0.284* | Acc: *90.336%* (45168/50000) 
Test epoch: 344 | Loss: *0.645* | Acc: *80.800%* (8080/10000)
Train epoch: 345 | Loss: *0.285* | Acc: *90.270%* (45135/50000) 
Test epoch: 345 | Loss: *0.469* | Acc: *84.600%* (8460/10000)
Train epoch: 346 | Loss: *0.284* | Acc: *90.196%* (45098/50000) 
Test epoch: 346 | Loss: *0.424* | Acc: *86.170%* (8617/10000)
Train epoch: 347 | Loss: *0.280* | Acc: *90.472%* (45236/50000) 
Test epoch: 347 | Loss: *0.447* | Acc: *85.840%* (8584/10000)
Train epoch: 348 | Loss: *0.287* | Acc: *90.094%* (45047/50000) 
Test epoch: 348 | Loss: *0.419* | Acc: *85.850%* (8585/10000)
Train epoch: 349 | Loss: *0.287* | Acc: *90.090%* (45045/50000) 
Test epoch: 349 | Loss: *0.447* | Acc: *85.690%* (8569/10000)
Train epoch: 350 | Loss: *0.290* | Acc: *90.088%* (45044/50000) 
Test epoch: 350 | Loss: *0.463* | Acc: *84.490%* (8449/10000)
Train epoch: 351 | Loss: *0.291* | Acc: *89.950%* (44975/50000) 
Test epoch: 351 | Loss: *0.439* | Acc: *85.630%* (8563/10000)
Train epoch: 352 | Loss: *0.292* | Acc: *89.742%* (44871/50000) 
Test epoch: 352 | Loss: *0.418* | Acc: *86.050%* (8605/10000)
Train epoch: 353 | Loss: *0.294* | Acc: *89.886%* (44943/50000) 
Test epoch: 353 | Loss: *0.498* | Acc: *84.550%* (8455/10000)
Train epoch: 354 | Loss: *0.292* | Acc: *90.024%* (45012/50000) 
Test epoch: 354 | Loss: *0.438* | Acc: *85.730%* (8573/10000)
Train epoch: 355 | Loss: *0.294* | Acc: *89.796%* (44898/50000) 
Test epoch: 355 | Loss: *0.461* | Acc: *85.220%* (8522/10000)
Train epoch: 356 | Loss: *0.296* | Acc: *89.798%* (44899/50000) 
Test epoch: 356 | Loss: *0.609* | Acc: *81.060%* (8106/10000)
Train epoch: 357 | Loss: *0.298* | Acc: *89.766%* (44883/50000) 
Test epoch: 357 | Loss: *0.401* | Acc: *86.650%* (8665/10000)
Train epoch: 358 | Loss: *0.297* | Acc: *89.838%* (44919/50000) 
Test epoch: 358 | Loss: *0.399* | Acc: *86.650%* (8665/10000)
Train epoch: 359 | Loss: *0.297* | Acc: *89.778%* (44889/50000) 
Test epoch: 359 | Loss: *0.475* | Acc: *84.430%* (8443/10000)
Train epoch: 360 | Loss: *0.298* | Acc: *89.794%* (44897/50000) 
Test epoch: 360 | Loss: *0.745* | Acc: *78.660%* (7866/10000)
Train epoch: 361 | Loss: *0.298* | Acc: *89.722%* (44861/50000) 
Test epoch: 361 | Loss: *0.426* | Acc: *86.160%* (8616/10000)
Train epoch: 362 | Loss: *0.299* | Acc: *89.720%* (44860/50000) 
Test epoch: 362 | Loss: *0.403* | Acc: *86.970%* (8697/10000)
Train epoch: 363 | Loss: *0.298* | Acc: *89.794%* (44897/50000) 
Test epoch: 363 | Loss: *0.509* | Acc: *84.120%* (8412/10000)
Train epoch: 364 | Loss: *0.310* | Acc: *89.342%* (44671/50000) 
Test epoch: 364 | Loss: *0.588* | Acc: *81.040%* (8104/10000)
Train epoch: 365 | Loss: *0.305* | Acc: *89.552%* (44776/50000) 
Test epoch: 365 | Loss: *0.560* | Acc: *82.860%* (8286/10000)
Train epoch: 366 | Loss: *0.300* | Acc: *89.562%* (44781/50000) 
Test epoch: 366 | Loss: *0.596* | Acc: *81.780%* (8178/10000)
Train epoch: 367 | Loss: *0.305* | Acc: *89.498%* (44749/50000) 
Test epoch: 367 | Loss: *0.499* | Acc: *84.290%* (8429/10000)
Train epoch: 368 | Loss: *0.302* | Acc: *89.592%* (44796/50000) 
Test epoch: 368 | Loss: *0.457* | Acc: *84.850%* (8485/10000)
Train epoch: 369 | Loss: *0.306* | Acc: *89.404%* (44702/50000) 
Test epoch: 369 | Loss: *0.900* | Acc: *76.320%* (7632/10000)
Train epoch: 370 | Loss: *0.308* | Acc: *89.492%* (44746/50000) 
Test epoch: 370 | Loss: *0.659* | Acc: *80.280%* (8028/10000)
Train epoch: 371 | Loss: *0.313* | Acc: *89.360%* (44680/50000) 
Test epoch: 371 | Loss: *0.474* | Acc: *84.770%* (8477/10000)
Train epoch: 372 | Loss: *0.310* | Acc: *89.286%* (44643/50000) 
Test epoch: 372 | Loss: *0.554* | Acc: *82.940%* (8294/10000)
Train epoch: 373 | Loss: *0.309* | Acc: *89.504%* (44752/50000) 
Test epoch: 373 | Loss: *0.532* | Acc: *82.780%* (8278/10000)
Train epoch: 374 | Loss: *0.311* | Acc: *89.284%* (44642/50000) 
Test epoch: 374 | Loss: *0.453* | Acc: *85.390%* (8539/10000)
Train epoch: 375 | Loss: *0.311* | Acc: *89.354%* (44677/50000) 
Test epoch: 375 | Loss: *0.477* | Acc: *84.360%* (8436/10000)
Train epoch: 376 | Loss: *0.315* | Acc: *89.216%* (44608/50000) 
Test epoch: 376 | Loss: *0.571* | Acc: *81.880%* (8188/10000)
Train epoch: 377 | Loss: *0.310* | Acc: *89.392%* (44696/50000) 
Test epoch: 377 | Loss: *0.417* | Acc: *86.160%* (8616/10000)
Train epoch: 378 | Loss: *0.311* | Acc: *89.248%* (44624/50000) 
Test epoch: 378 | Loss: *0.440* | Acc: *85.290%* (8529/10000)
Train epoch: 379 | Loss: *0.318* | Acc: *89.066%* (44533/50000) 
Test epoch: 379 | Loss: *0.794* | Acc: *77.550%* (7755/10000)
Train epoch: 380 | Loss: *0.312* | Acc: *89.358%* (44679/50000) 
Test epoch: 380 | Loss: *0.513* | Acc: *83.590%* (8359/10000)
Train epoch: 381 | Loss: *0.319* | Acc: *88.920%* (44460/50000) 
Test epoch: 381 | Loss: *0.530* | Acc: *83.460%* (8346/10000)
Train epoch: 382 | Loss: *0.314* | Acc: *89.328%* (44664/50000) 
Test epoch: 382 | Loss: *0.478* | Acc: *84.820%* (8482/10000)
Train epoch: 383 | Loss: *0.313* | Acc: *89.238%* (44619/50000) 
Test epoch: 383 | Loss: *0.596* | Acc: *81.090%* (8109/10000)
Train epoch: 384 | Loss: *0.318* | Acc: *89.064%* (44532/50000) 
Test epoch: 384 | Loss: *0.568* | Acc: *81.630%* (8163/10000)
Train epoch: 385 | Loss: *0.311* | Acc: *89.420%* (44710/50000) 
Test epoch: 385 | Loss: *0.621* | Acc: *80.600%* (8060/10000)
Train epoch: 386 | Loss: *0.318* | Acc: *89.134%* (44567/50000) 
Test epoch: 386 | Loss: *0.478* | Acc: *84.370%* (8437/10000)
Train epoch: 387 | Loss: *0.324* | Acc: *88.944%* (44472/50000) 
Test epoch: 387 | Loss: *0.614* | Acc: *80.020%* (8002/10000)
Train epoch: 388 | Loss: *0.315* | Acc: *89.232%* (44616/50000) 
Test epoch: 388 | Loss: *0.639* | Acc: *79.870%* (7987/10000)
Train epoch: 389 | Loss: *0.318* | Acc: *89.072%* (44536/50000) 
Test epoch: 389 | Loss: *0.500* | Acc: *83.340%* (8334/10000)
Train epoch: 390 | Loss: *0.314* | Acc: *89.192%* (44596/50000) 
Test epoch: 390 | Loss: *0.558* | Acc: *82.490%* (8249/10000)
Train epoch: 391 | Loss: *0.321* | Acc: *89.030%* (44515/50000) 
Test epoch: 391 | Loss: *0.589* | Acc: *81.210%* (8121/10000)
Train epoch: 392 | Loss: *0.318* | Acc: *88.970%* (44485/50000) 
Test epoch: 392 | Loss: *0.532* | Acc: *83.290%* (8329/10000)
Train epoch: 393 | Loss: *0.315* | Acc: *89.218%* (44609/50000) 
Test epoch: 393 | Loss: *0.618* | Acc: *80.580%* (8058/10000)
Train epoch: 394 | Loss: *0.323* | Acc: *88.956%* (44478/50000) 
Test epoch: 394 | Loss: *0.422* | Acc: *86.000%* (8600/10000)
Train epoch: 395 | Loss: *0.317* | Acc: *89.134%* (44567/50000) 
Test epoch: 395 | Loss: *0.539* | Acc: *81.960%* (8196/10000)
Train epoch: 396 | Loss: *0.320* | Acc: *88.978%* (44489/50000) 
Test epoch: 396 | Loss: *0.550* | Acc: *82.620%* (8262/10000)
Train epoch: 397 | Loss: *0.316* | Acc: *89.160%* (44580/50000) 
Test epoch: 397 | Loss: *0.584* | Acc: *81.610%* (8161/10000)
Train epoch: 398 | Loss: *0.319* | Acc: *89.038%* (44519/50000) 
Test epoch: 398 | Loss: *0.439* | Acc: *85.160%* (8516/10000)
Train epoch: 399 | Loss: *0.319* | Acc: *89.080%* (44540/50000) 
Test epoch: 399 | Loss: *0.566* | Acc: *81.920%* (8192/10000)
Train epoch: 400 | Loss: *0.318* | Acc: *89.120%* (44560/50000) 
Test epoch: 400 | Loss: *0.475* | Acc: *84.620%* (8462/10000)
Train epoch: 401 | Loss: *0.319* | Acc: *89.122%* (44561/50000) 
Test epoch: 401 | Loss: *0.398* | Acc: *86.910%* (8691/10000)
Train epoch: 402 | Loss: *0.316* | Acc: *89.144%* (44572/50000) 
Test epoch: 402 | Loss: *0.454* | Acc: *84.830%* (8483/10000)
Train epoch: 403 | Loss: *0.320* | Acc: *89.080%* (44540/50000) 
Test epoch: 403 | Loss: *0.585* | Acc: *82.410%* (8241/10000)
Train epoch: 404 | Loss: *0.321* | Acc: *88.862%* (44431/50000) 
Test epoch: 404 | Loss: *0.426* | Acc: *86.090%* (8609/10000)
Train epoch: 405 | Loss: *0.320* | Acc: *89.094%* (44547/50000) 
Test epoch: 405 | Loss: *0.472* | Acc: *84.260%* (8426/10000)
Train epoch: 406 | Loss: *0.316* | Acc: *89.098%* (44549/50000) 
Test epoch: 406 | Loss: *0.490* | Acc: *83.940%* (8394/10000)
Train epoch: 407 | Loss: *0.315* | Acc: *89.192%* (44596/50000) 
Test epoch: 407 | Loss: *0.541* | Acc: *82.630%* (8263/10000)
Train epoch: 408 | Loss: *0.319* | Acc: *88.996%* (44498/50000) 
Test epoch: 408 | Loss: *0.566* | Acc: *81.830%* (8183/10000)
Train epoch: 409 | Loss: *0.319* | Acc: *89.062%* (44531/50000) 
Test epoch: 409 | Loss: *0.538* | Acc: *82.870%* (8287/10000)
Train epoch: 410 | Loss: *0.317* | Acc: *89.064%* (44532/50000) 
Test epoch: 410 | Loss: *0.664* | Acc: *79.280%* (7928/10000)
Train epoch: 411 | Loss: *0.321* | Acc: *89.056%* (44528/50000) 
Test epoch: 411 | Loss: *0.523* | Acc: *83.100%* (8310/10000)
Train epoch: 412 | Loss: *0.317* | Acc: *89.246%* (44623/50000) 
Test epoch: 412 | Loss: *0.483* | Acc: *84.580%* (8458/10000)
Train epoch: 413 | Loss: *0.316* | Acc: *89.082%* (44541/50000) 
Test epoch: 413 | Loss: *0.435* | Acc: *85.470%* (8547/10000)
Train epoch: 414 | Loss: *0.318* | Acc: *89.064%* (44532/50000) 
Test epoch: 414 | Loss: *0.437* | Acc: *85.780%* (8578/10000)
Train epoch: 415 | Loss: *0.315* | Acc: *89.144%* (44572/50000) 
Test epoch: 415 | Loss: *0.490* | Acc: *84.500%* (8450/10000)
Train epoch: 416 | Loss: *0.318* | Acc: *89.058%* (44529/50000) 
Test epoch: 416 | Loss: *0.518* | Acc: *82.890%* (8289/10000)
Train epoch: 417 | Loss: *0.313* | Acc: *89.242%* (44621/50000) 
Test epoch: 417 | Loss: *0.514* | Acc: *82.830%* (8283/10000)
Train epoch: 418 | Loss: *0.315* | Acc: *89.140%* (44570/50000) 
Test epoch: 418 | Loss: *0.558* | Acc: *82.640%* (8264/10000)
Train epoch: 419 | Loss: *0.316* | Acc: *89.292%* (44646/50000) 
Test epoch: 419 | Loss: *0.748* | Acc: *77.970%* (7797/10000)
Train epoch: 420 | Loss: *0.314* | Acc: *89.272%* (44636/50000) 
Test epoch: 420 | Loss: *0.409* | Acc: *86.240%* (8624/10000)
Train epoch: 421 | Loss: *0.316* | Acc: *89.360%* (44680/50000) 
Test epoch: 421 | Loss: *0.563* | Acc: *83.370%* (8337/10000)
Train epoch: 422 | Loss: *0.316* | Acc: *89.206%* (44603/50000) 
Test epoch: 422 | Loss: *0.438* | Acc: *84.970%* (8497/10000)
Train epoch: 423 | Loss: *0.310* | Acc: *89.304%* (44652/50000) 
Test epoch: 423 | Loss: *0.473* | Acc: *84.120%* (8412/10000)
Train epoch: 424 | Loss: *0.312* | Acc: *89.282%* (44641/50000) 
Test epoch: 424 | Loss: *0.463* | Acc: *84.750%* (8475/10000)
Train epoch: 425 | Loss: *0.308* | Acc: *89.418%* (44709/50000) 
Test epoch: 425 | Loss: *0.504* | Acc: *83.560%* (8356/10000)
Train epoch: 426 | Loss: *0.312* | Acc: *89.290%* (44645/50000) 
Test epoch: 426 | Loss: *0.429* | Acc: *85.500%* (8550/10000)
Train epoch: 427 | Loss: *0.316* | Acc: *89.108%* (44554/50000) 
Test epoch: 427 | Loss: *0.538* | Acc: *83.420%* (8342/10000)
Train epoch: 428 | Loss: *0.314* | Acc: *89.132%* (44566/50000) 
Test epoch: 428 | Loss: *0.592* | Acc: *80.850%* (8085/10000)
Train epoch: 429 | Loss: *0.308* | Acc: *89.480%* (44740/50000) 
Test epoch: 429 | Loss: *0.483* | Acc: *84.710%* (8471/10000)
Train epoch: 430 | Loss: *0.314* | Acc: *89.274%* (44637/50000) 
Test epoch: 430 | Loss: *0.637* | Acc: *80.560%* (8056/10000)
Train epoch: 431 | Loss: *0.307* | Acc: *89.474%* (44737/50000) 
Test epoch: 431 | Loss: *0.550* | Acc: *83.080%* (8308/10000)
Train epoch: 432 | Loss: *0.309* | Acc: *89.394%* (44697/50000) 
Test epoch: 432 | Loss: *0.568* | Acc: *82.900%* (8290/10000)
Train epoch: 433 | Loss: *0.309* | Acc: *89.308%* (44654/50000) 
Test epoch: 433 | Loss: *0.556* | Acc: *82.140%* (8214/10000)
Train epoch: 434 | Loss: *0.306* | Acc: *89.380%* (44690/50000) 
Test epoch: 434 | Loss: *0.588* | Acc: *82.020%* (8202/10000)
Train epoch: 435 | Loss: *0.303* | Acc: *89.508%* (44754/50000) 
Test epoch: 435 | Loss: *0.528* | Acc: *82.950%* (8295/10000)
Train epoch: 436 | Loss: *0.305* | Acc: *89.744%* (44872/50000) 
Test epoch: 436 | Loss: *0.512* | Acc: *83.840%* (8384/10000)
Train epoch: 437 | Loss: *0.300* | Acc: *89.718%* (44859/50000) 
Test epoch: 437 | Loss: *0.429* | Acc: *85.650%* (8565/10000)
Train epoch: 438 | Loss: *0.305* | Acc: *89.578%* (44789/50000) 
Test epoch: 438 | Loss: *0.540* | Acc: *82.450%* (8245/10000)
Train epoch: 439 | Loss: *0.300* | Acc: *89.660%* (44830/50000) 
Test epoch: 439 | Loss: *0.617* | Acc: *82.090%* (8209/10000)
Train epoch: 440 | Loss: *0.306* | Acc: *89.500%* (44750/50000) 
Test epoch: 440 | Loss: *0.469* | Acc: *84.310%* (8431/10000)
Train epoch: 441 | Loss: *0.303* | Acc: *89.574%* (44787/50000) 
Test epoch: 441 | Loss: *0.486* | Acc: *84.430%* (8443/10000)
Train epoch: 442 | Loss: *0.296* | Acc: *89.846%* (44923/50000) 
Test epoch: 442 | Loss: *0.534* | Acc: *83.250%* (8325/10000)
Train epoch: 443 | Loss: *0.302* | Acc: *89.692%* (44846/50000) 
Test epoch: 443 | Loss: *0.477* | Acc: *84.750%* (8475/10000)
Train epoch: 444 | Loss: *0.296* | Acc: *89.700%* (44850/50000) 
Test epoch: 444 | Loss: *0.533* | Acc: *83.390%* (8339/10000)
Train epoch: 445 | Loss: *0.299* | Acc: *89.742%* (44871/50000) 
Test epoch: 445 | Loss: *0.479* | Acc: *84.920%* (8492/10000)
Train epoch: 446 | Loss: *0.299* | Acc: *89.754%* (44877/50000) 
Test epoch: 446 | Loss: *0.475* | Acc: *84.440%* (8444/10000)
Train epoch: 447 | Loss: *0.290* | Acc: *90.108%* (45054/50000) 
Test epoch: 447 | Loss: *0.505* | Acc: *84.090%* (8409/10000)
Train epoch: 448 | Loss: *0.292* | Acc: *90.062%* (45031/50000) 
Test epoch: 448 | Loss: *0.567* | Acc: *82.500%* (8250/10000)
Train epoch: 449 | Loss: *0.289* | Acc: *89.982%* (44991/50000) 
Test epoch: 449 | Loss: *0.519* | Acc: *83.850%* (8385/10000)
Train epoch: 450 | Loss: *0.291* | Acc: *90.014%* (45007/50000) 
Test epoch: 450 | Loss: *0.497* | Acc: *84.280%* (8428/10000)
Train epoch: 451 | Loss: *0.288* | Acc: *90.192%* (45096/50000) 
Test epoch: 451 | Loss: *0.491* | Acc: *84.770%* (8477/10000)
Train epoch: 452 | Loss: *0.284* | Acc: *90.288%* (45144/50000) 
Test epoch: 452 | Loss: *0.473* | Acc: *84.820%* (8482/10000)
Train epoch: 453 | Loss: *0.288* | Acc: *90.138%* (45069/50000) 
Test epoch: 453 | Loss: *0.488* | Acc: *84.350%* (8435/10000)
Train epoch: 454 | Loss: *0.289* | Acc: *90.016%* (45008/50000) 
Test epoch: 454 | Loss: *0.414* | Acc: *86.160%* (8616/10000)
Train epoch: 455 | Loss: *0.285* | Acc: *90.102%* (45051/50000) 
Test epoch: 455 | Loss: *0.460* | Acc: *84.790%* (8479/10000)
Train epoch: 456 | Loss: *0.283* | Acc: *90.384%* (45192/50000) 
Test epoch: 456 | Loss: *0.811* | Acc: *77.320%* (7732/10000)
Train epoch: 457 | Loss: *0.279* | Acc: *90.536%* (45268/50000) 
Test epoch: 457 | Loss: *0.524* | Acc: *83.310%* (8331/10000)
Train epoch: 458 | Loss: *0.282* | Acc: *90.300%* (45150/50000) 
Test epoch: 458 | Loss: *0.510* | Acc: *84.150%* (8415/10000)
Train epoch: 459 | Loss: *0.280* | Acc: *90.286%* (45143/50000) 
Test epoch: 459 | Loss: *0.528* | Acc: *83.260%* (8326/10000)
Train epoch: 460 | Loss: *0.278* | Acc: *90.616%* (45308/50000) 
Test epoch: 460 | Loss: *0.391* | Acc: *87.310%* (8731/10000)
Train epoch: 461 | Loss: *0.277* | Acc: *90.614%* (45307/50000) 
Test epoch: 461 | Loss: *0.540* | Acc: *83.050%* (8305/10000)
Train epoch: 462 | Loss: *0.276* | Acc: *90.468%* (45234/50000) 
Test epoch: 462 | Loss: *0.468* | Acc: *85.250%* (8525/10000)
Train epoch: 463 | Loss: *0.275* | Acc: *90.526%* (45263/50000) 
Test epoch: 463 | Loss: *0.623* | Acc: *80.510%* (8051/10000)
Train epoch: 464 | Loss: *0.271* | Acc: *90.604%* (45302/50000) 
Test epoch: 464 | Loss: *0.542* | Acc: *83.380%* (8338/10000)
Train epoch: 465 | Loss: *0.274* | Acc: *90.660%* (45330/50000) 
Test epoch: 465 | Loss: *0.412* | Acc: *86.930%* (8693/10000)
Train epoch: 466 | Loss: *0.266* | Acc: *90.800%* (45400/50000) 
Test epoch: 466 | Loss: *0.406* | Acc: *87.020%* (8702/10000)
Train epoch: 467 | Loss: *0.268* | Acc: *90.852%* (45426/50000) 
Test epoch: 467 | Loss: *0.436* | Acc: *86.280%* (8628/10000)
Train epoch: 468 | Loss: *0.268* | Acc: *90.770%* (45385/50000) 
Test epoch: 468 | Loss: *0.620* | Acc: *81.910%* (8191/10000)
Train epoch: 469 | Loss: *0.266* | Acc: *90.878%* (45439/50000) 
Test epoch: 469 | Loss: *0.516* | Acc: *83.830%* (8383/10000)
Train epoch: 470 | Loss: *0.259* | Acc: *91.074%* (45537/50000) 
Test epoch: 470 | Loss: *0.424* | Acc: *85.860%* (8586/10000)
Train epoch: 471 | Loss: *0.259* | Acc: *90.910%* (45455/50000) 
Test epoch: 471 | Loss: *0.453* | Acc: *86.080%* (8608/10000)
Train epoch: 472 | Loss: *0.258* | Acc: *91.106%* (45553/50000) 
Test epoch: 472 | Loss: *0.522* | Acc: *84.490%* (8449/10000)
Train epoch: 473 | Loss: *0.254* | Acc: *91.242%* (45621/50000) 
Test epoch: 473 | Loss: *0.417* | Acc: *86.560%* (8656/10000)
Train epoch: 474 | Loss: *0.257* | Acc: *91.180%* (45590/50000) 
Test epoch: 474 | Loss: *0.462* | Acc: *85.010%* (8501/10000)
Train epoch: 475 | Loss: *0.258* | Acc: *91.210%* (45605/50000) 
Test epoch: 475 | Loss: *0.429* | Acc: *86.300%* (8630/10000)
Train epoch: 476 | Loss: *0.249* | Acc: *91.516%* (45758/50000) 
Test epoch: 476 | Loss: *0.499* | Acc: *83.950%* (8395/10000)
Train epoch: 477 | Loss: *0.250* | Acc: *91.260%* (45630/50000) 
Test epoch: 477 | Loss: *0.407* | Acc: *86.770%* (8677/10000)
Train epoch: 478 | Loss: *0.244* | Acc: *91.460%* (45730/50000) 
Test epoch: 478 | Loss: *0.524* | Acc: *83.840%* (8384/10000)
Train epoch: 479 | Loss: *0.245* | Acc: *91.622%* (45811/50000) 
Test epoch: 479 | Loss: *0.439* | Acc: *85.790%* (8579/10000)
Train epoch: 480 | Loss: *0.241* | Acc: *91.824%* (45912/50000) 
Test epoch: 480 | Loss: *0.468* | Acc: *85.180%* (8518/10000)
Train epoch: 481 | Loss: *0.243* | Acc: *91.732%* (45866/50000) 
Test epoch: 481 | Loss: *0.408* | Acc: *86.550%* (8655/10000)
Train epoch: 482 | Loss: *0.241* | Acc: *91.696%* (45848/50000) 
Test epoch: 482 | Loss: *0.360* | Acc: *88.110%* (8811/10000)
Train epoch: 483 | Loss: *0.239* | Acc: *91.910%* (45955/50000) 
Test epoch: 483 | Loss: *0.551* | Acc: *83.340%* (8334/10000)
Train epoch: 484 | Loss: *0.235* | Acc: *91.816%* (45908/50000) 
Test epoch: 484 | Loss: *0.435* | Acc: *86.220%* (8622/10000)
Train epoch: 485 | Loss: *0.233* | Acc: *92.072%* (46036/50000) 
Test epoch: 485 | Loss: *0.396* | Acc: *87.670%* (8767/10000)
Train epoch: 486 | Loss: *0.232* | Acc: *91.960%* (45980/50000) 
Test epoch: 486 | Loss: *0.415* | Acc: *86.970%* (8697/10000)
Train epoch: 487 | Loss: *0.231* | Acc: *92.088%* (46044/50000) 
Test epoch: 487 | Loss: *0.440* | Acc: *85.920%* (8592/10000)
Train epoch: 488 | Loss: *0.231* | Acc: *92.072%* (46036/50000) 
Test epoch: 488 | Loss: *0.436* | Acc: *86.660%* (8666/10000)
Train epoch: 489 | Loss: *0.228* | Acc: *92.134%* (46067/50000) 
Test epoch: 489 | Loss: *0.384* | Acc: *87.660%* (8766/10000)
Train epoch: 490 | Loss: *0.224* | Acc: *92.308%* (46154/50000) 
Test epoch: 490 | Loss: *0.641* | Acc: *80.580%* (8058/10000)
Train epoch: 491 | Loss: *0.223* | Acc: *92.354%* (46177/50000) 
Test epoch: 491 | Loss: *0.468* | Acc: *85.530%* (8553/10000)
Train epoch: 492 | Loss: *0.221* | Acc: *92.394%* (46197/50000) 
Test epoch: 492 | Loss: *0.379* | Acc: *88.010%* (8801/10000)
Train epoch: 493 | Loss: *0.220* | Acc: *92.368%* (46184/50000) 
Test epoch: 493 | Loss: *0.389* | Acc: *87.510%* (8751/10000)
Train epoch: 494 | Loss: *0.217* | Acc: *92.524%* (46262/50000) 
Test epoch: 494 | Loss: *0.464* | Acc: *85.900%* (8590/10000)
Train epoch: 495 | Loss: *0.218* | Acc: *92.452%* (46226/50000) 
Test epoch: 495 | Loss: *0.362* | Acc: *88.630%* (8863/10000)
Train epoch: 496 | Loss: *0.213* | Acc: *92.578%* (46289/50000) 
Test epoch: 496 | Loss: *0.434* | Acc: *86.630%* (8663/10000)
Train epoch: 497 | Loss: *0.208* | Acc: *92.828%* (46414/50000) 
Test epoch: 497 | Loss: *0.588* | Acc: *82.460%* (8246/10000)
Train epoch: 498 | Loss: *0.213* | Acc: *92.692%* (46346/50000) 
Test epoch: 498 | Loss: *0.358* | Acc: *88.690%* (8869/10000)
Train epoch: 499 | Loss: *0.201* | Acc: *93.062%* (46531/50000) 
Test epoch: 499 | Loss: *0.360* | Acc: *89.130%* (8913/10000)
Train epoch: 500 | Loss: *0.201* | Acc: *93.086%* (46543/50000) 
Test epoch: 500 | Loss: *0.461* | Acc: *85.420%* (8542/10000)
Best test accuracy: *94.710%*, loss: *0.1881612036935985*, at epoch: *197*.
==> Execution time summary of 500 epoch(s).
Train data loading time: sum. *230.18959955777973* secs | avg. *0.46037919911555947* secs per epoch.
Train training time: sum. *1098.547586943023* secs | avg. *2.197095173886046* secs per epoch.
Train total time: sum. *1328.7371865008026* secs | avg. *2.6574743730016053* secs per epoch.
Test data loading time: sum. *98.20114129502326* secs | avg. *0.19640228259004652* secs per epoch.
Test training time: sum. *79.07135760691017* secs | avg. *0.15814271521382034* secs per epoch.
Test total time: sum. *177.27249890193343* secs | avg. *0.3545449978038669* secs per epoch.
Total data loading time: sum. *328.390740852803* secs | avg. *0.656781481705606* secs per epoch.
Total training time: sum. *1177.618944549933* secs | avg. *2.355237889099866* secs per epoch.
Total running time: sum. *1506.009685402736* secs | avg. *3.012019370805472* secs per epoch.
==> Number of GPU device: 1
==> Device #0 Memory Usage
==> Allocated: 0.1 GB
==> Cached:    1.4 GB
==> Maximum: 1.4 GB
