==> Running on : cuda
==> Number of CPU: 48
==> Number of workers: 2
==> #Epochs: 500, #Layers: 4, #Blocks: [2, 1, 1, 1], In channel: 64, Input layer conv kernel: 11x11, Residual layer conv kernel 3x3, Skip kernel: 1x1, Input layer conv padding: 5, Residual layer conv padding: 1
==> Optimizer is Adam
==> Learning rate: 0.001
==> Weight decay: 0.0005
==>Trainable Parameters: 4998730
==>Other Parameters: 0
==>Augmentation: RandomCrop(32, padding=4), RandomHorizontalFlip(), Normalize((0.4914, 0.4822, 0.4465), (0.2023, 0.1994, 0.2010)
Files already downloaded and verified
Train epoch: 1 | Loss: *1.590* | Acc: *41.500%* (20750/50000) 
Test epoch: 1 | Loss: *1.479* | Acc: *47.150%* (4715/10000)
Train epoch: 2 | Loss: *1.253* | Acc: *54.822%* (27411/50000) 
Test epoch: 2 | Loss: *1.275* | Acc: *54.760%* (5476/10000)
Train epoch: 3 | Loss: *1.040* | Acc: *63.060%* (31530/50000) 
Test epoch: 3 | Loss: *1.009* | Acc: *64.460%* (6446/10000)
Train epoch: 4 | Loss: *0.875* | Acc: *69.310%* (34655/50000) 
Test epoch: 4 | Loss: *0.964* | Acc: *67.170%* (6717/10000)
Train epoch: 5 | Loss: *0.761* | Acc: *73.408%* (36704/50000) 
Test epoch: 5 | Loss: *0.751* | Acc: *74.250%* (7425/10000)
Train epoch: 6 | Loss: *0.681* | Acc: *76.408%* (38204/50000) 
Test epoch: 6 | Loss: *0.739* | Acc: *74.380%* (7438/10000)
Train epoch: 7 | Loss: *0.626* | Acc: *78.458%* (39229/50000) 
Test epoch: 7 | Loss: *0.673* | Acc: *77.080%* (7708/10000)
Train epoch: 8 | Loss: *0.577* | Acc: *80.200%* (40100/50000) 
Test epoch: 8 | Loss: *0.620* | Acc: *78.820%* (7882/10000)
Train epoch: 9 | Loss: *0.537* | Acc: *81.294%* (40647/50000) 
Test epoch: 9 | Loss: *0.607* | Acc: *79.690%* (7969/10000)
Train epoch: 10 | Loss: *0.509* | Acc: *82.162%* (41081/50000) 
Test epoch: 10 | Loss: *0.588* | Acc: *79.690%* (7969/10000)
Train epoch: 11 | Loss: *0.484* | Acc: *83.314%* (41657/50000) 
Test epoch: 11 | Loss: *0.520* | Acc: *82.280%* (8228/10000)
Train epoch: 12 | Loss: *0.462* | Acc: *84.104%* (42052/50000) 
Test epoch: 12 | Loss: *0.570* | Acc: *80.800%* (8080/10000)
Train epoch: 13 | Loss: *0.444* | Acc: *84.686%* (42343/50000) 
Test epoch: 13 | Loss: *0.487* | Acc: *83.460%* (8346/10000)
Train epoch: 14 | Loss: *0.432* | Acc: *85.094%* (42547/50000) 
Test epoch: 14 | Loss: *0.578* | Acc: *80.610%* (8061/10000)
Train epoch: 15 | Loss: *0.414* | Acc: *85.830%* (42915/50000) 
Test epoch: 15 | Loss: *0.475* | Acc: *84.290%* (8429/10000)
Train epoch: 16 | Loss: *0.401* | Acc: *86.154%* (43077/50000) 
Test epoch: 16 | Loss: *0.499* | Acc: *83.830%* (8383/10000)
Train epoch: 17 | Loss: *0.396* | Acc: *86.428%* (43214/50000) 
Test epoch: 17 | Loss: *0.440* | Acc: *84.820%* (8482/10000)
Train epoch: 18 | Loss: *0.381* | Acc: *86.952%* (43476/50000) 
Test epoch: 18 | Loss: *0.481* | Acc: *84.170%* (8417/10000)
Train epoch: 19 | Loss: *0.375* | Acc: *87.190%* (43595/50000) 
Test epoch: 19 | Loss: *0.464* | Acc: *84.400%* (8440/10000)
Train epoch: 20 | Loss: *0.365* | Acc: *87.566%* (43783/50000) 
Test epoch: 20 | Loss: *0.483* | Acc: *84.220%* (8422/10000)
Train epoch: 21 | Loss: *0.358* | Acc: *87.750%* (43875/50000) 
Test epoch: 21 | Loss: *0.516* | Acc: *83.090%* (8309/10000)
Train epoch: 22 | Loss: *0.348* | Acc: *88.106%* (44053/50000) 
Test epoch: 22 | Loss: *0.453* | Acc: *84.990%* (8499/10000)
Train epoch: 23 | Loss: *0.345* | Acc: *88.198%* (44099/50000) 
Test epoch: 23 | Loss: *0.490* | Acc: *83.810%* (8381/10000)
Train epoch: 24 | Loss: *0.341* | Acc: *88.302%* (44151/50000) 
Test epoch: 24 | Loss: *0.457* | Acc: *85.210%* (8521/10000)
Train epoch: 25 | Loss: *0.330* | Acc: *88.544%* (44272/50000) 
Test epoch: 25 | Loss: *0.466* | Acc: *84.820%* (8482/10000)
Train epoch: 26 | Loss: *0.326* | Acc: *88.784%* (44392/50000) 
Test epoch: 26 | Loss: *0.460* | Acc: *85.030%* (8503/10000)
Train epoch: 27 | Loss: *0.322* | Acc: *88.952%* (44476/50000) 
Test epoch: 27 | Loss: *0.445* | Acc: *85.510%* (8551/10000)
Train epoch: 28 | Loss: *0.320* | Acc: *89.006%* (44503/50000) 
Test epoch: 28 | Loss: *0.445* | Acc: *85.120%* (8512/10000)
Train epoch: 29 | Loss: *0.313* | Acc: *89.266%* (44633/50000) 
Test epoch: 29 | Loss: *0.425* | Acc: *86.120%* (8612/10000)
Train epoch: 30 | Loss: *0.304* | Acc: *89.572%* (44786/50000) 
Test epoch: 30 | Loss: *0.453* | Acc: *85.200%* (8520/10000)
Train epoch: 31 | Loss: *0.307* | Acc: *89.464%* (44732/50000) 
Test epoch: 31 | Loss: *0.442* | Acc: *85.640%* (8564/10000)
Train epoch: 32 | Loss: *0.298* | Acc: *89.716%* (44858/50000) 
Test epoch: 32 | Loss: *0.409* | Acc: *86.540%* (8654/10000)
Train epoch: 33 | Loss: *0.298* | Acc: *89.696%* (44848/50000) 
Test epoch: 33 | Loss: *0.406* | Acc: *86.920%* (8692/10000)
Train epoch: 34 | Loss: *0.296* | Acc: *89.828%* (44914/50000) 
Test epoch: 34 | Loss: *0.422* | Acc: *86.260%* (8626/10000)
Train epoch: 35 | Loss: *0.285* | Acc: *90.230%* (45115/50000) 
Test epoch: 35 | Loss: *0.402* | Acc: *86.960%* (8696/10000)
Train epoch: 36 | Loss: *0.287* | Acc: *90.066%* (45033/50000) 
Test epoch: 36 | Loss: *0.401* | Acc: *86.900%* (8690/10000)
Train epoch: 37 | Loss: *0.279* | Acc: *90.392%* (45196/50000) 
Test epoch: 37 | Loss: *0.455* | Acc: *85.560%* (8556/10000)
Train epoch: 38 | Loss: *0.283* | Acc: *90.272%* (45136/50000) 
Test epoch: 38 | Loss: *0.374* | Acc: *87.590%* (8759/10000)
Train epoch: 39 | Loss: *0.275* | Acc: *90.464%* (45232/50000) 
Test epoch: 39 | Loss: *0.404* | Acc: *87.060%* (8706/10000)
Train epoch: 40 | Loss: *0.275* | Acc: *90.486%* (45243/50000) 
Test epoch: 40 | Loss: *0.406* | Acc: *87.230%* (8723/10000)
Train epoch: 41 | Loss: *0.266* | Acc: *90.912%* (45456/50000) 
Test epoch: 41 | Loss: *0.415* | Acc: *86.530%* (8653/10000)
Train epoch: 42 | Loss: *0.269* | Acc: *90.750%* (45375/50000) 
Test epoch: 42 | Loss: *0.382* | Acc: *87.590%* (8759/10000)
Train epoch: 43 | Loss: *0.264* | Acc: *90.860%* (45430/50000) 
Test epoch: 43 | Loss: *0.396* | Acc: *87.320%* (8732/10000)
Train epoch: 44 | Loss: *0.262* | Acc: *90.990%* (45495/50000) 
Test epoch: 44 | Loss: *0.451* | Acc: *85.440%* (8544/10000)
Train epoch: 45 | Loss: *0.260* | Acc: *91.040%* (45520/50000) 
Test epoch: 45 | Loss: *0.394* | Acc: *87.200%* (8720/10000)
Train epoch: 46 | Loss: *0.256* | Acc: *91.160%* (45580/50000) 
Test epoch: 46 | Loss: *0.501* | Acc: *85.220%* (8522/10000)
Train epoch: 47 | Loss: *0.254* | Acc: *91.238%* (45619/50000) 
Test epoch: 47 | Loss: *0.383* | Acc: *87.490%* (8749/10000)
Train epoch: 48 | Loss: *0.250* | Acc: *91.376%* (45688/50000) 
Test epoch: 48 | Loss: *0.414* | Acc: *86.850%* (8685/10000)
Train epoch: 49 | Loss: *0.245* | Acc: *91.668%* (45834/50000) 
Test epoch: 49 | Loss: *0.465* | Acc: *85.700%* (8570/10000)
Train epoch: 50 | Loss: *0.247* | Acc: *91.500%* (45750/50000) 
Test epoch: 50 | Loss: *0.428* | Acc: *87.380%* (8738/10000)
Train epoch: 51 | Loss: *0.246* | Acc: *91.514%* (45757/50000) 
Test epoch: 51 | Loss: *0.404* | Acc: *86.750%* (8675/10000)
Train epoch: 52 | Loss: *0.247* | Acc: *91.486%* (45743/50000) 
Test epoch: 52 | Loss: *0.386* | Acc: *87.650%* (8765/10000)
Train epoch: 53 | Loss: *0.238* | Acc: *91.578%* (45789/50000) 
Test epoch: 53 | Loss: *0.381* | Acc: *87.810%* (8781/10000)
Train epoch: 54 | Loss: *0.235* | Acc: *91.894%* (45947/50000) 
Test epoch: 54 | Loss: *0.368* | Acc: *88.190%* (8819/10000)
Train epoch: 55 | Loss: *0.234* | Acc: *91.956%* (45978/50000) 
Test epoch: 55 | Loss: *0.393* | Acc: *87.590%* (8759/10000)
Train epoch: 56 | Loss: *0.230* | Acc: *92.106%* (46053/50000) 
Test epoch: 56 | Loss: *0.380* | Acc: *87.960%* (8796/10000)
Train epoch: 57 | Loss: *0.230* | Acc: *92.106%* (46053/50000) 
Test epoch: 57 | Loss: *0.387* | Acc: *87.700%* (8770/10000)
Train epoch: 58 | Loss: *0.229* | Acc: *92.092%* (46046/50000) 
Test epoch: 58 | Loss: *0.423* | Acc: *86.690%* (8669/10000)
Train epoch: 59 | Loss: *0.226* | Acc: *92.230%* (46115/50000) 
Test epoch: 59 | Loss: *0.341* | Acc: *89.310%* (8931/10000)
Train epoch: 60 | Loss: *0.221* | Acc: *92.374%* (46187/50000) 
Test epoch: 60 | Loss: *0.369* | Acc: *88.330%* (8833/10000)
Train epoch: 61 | Loss: *0.221* | Acc: *92.408%* (46204/50000) 
Test epoch: 61 | Loss: *0.359* | Acc: *88.620%* (8862/10000)
Train epoch: 62 | Loss: *0.217* | Acc: *92.528%* (46264/50000) 
Test epoch: 62 | Loss: *0.438* | Acc: *86.330%* (8633/10000)
Train epoch: 63 | Loss: *0.214* | Acc: *92.636%* (46318/50000) 
Test epoch: 63 | Loss: *0.424* | Acc: *86.740%* (8674/10000)
Train epoch: 64 | Loss: *0.214* | Acc: *92.626%* (46313/50000) 
Test epoch: 64 | Loss: *0.368* | Acc: *88.450%* (8845/10000)
Train epoch: 65 | Loss: *0.214* | Acc: *92.486%* (46243/50000) 
Test epoch: 65 | Loss: *0.388* | Acc: *88.180%* (8818/10000)
Train epoch: 66 | Loss: *0.210* | Acc: *92.642%* (46321/50000) 
Test epoch: 66 | Loss: *0.380* | Acc: *87.990%* (8799/10000)
Train epoch: 67 | Loss: *0.205* | Acc: *92.952%* (46476/50000) 
Test epoch: 67 | Loss: *0.385* | Acc: *87.860%* (8786/10000)
Train epoch: 68 | Loss: *0.203* | Acc: *93.070%* (46535/50000) 
Test epoch: 68 | Loss: *0.362* | Acc: *88.680%* (8868/10000)
Train epoch: 69 | Loss: *0.205* | Acc: *92.848%* (46424/50000) 
Test epoch: 69 | Loss: *0.394* | Acc: *87.760%* (8776/10000)
Train epoch: 70 | Loss: *0.198* | Acc: *93.162%* (46581/50000) 
Test epoch: 70 | Loss: *0.376* | Acc: *88.680%* (8868/10000)
Train epoch: 71 | Loss: *0.199* | Acc: *93.082%* (46541/50000) 
Test epoch: 71 | Loss: *0.369* | Acc: *88.560%* (8856/10000)
Train epoch: 72 | Loss: *0.194* | Acc: *93.318%* (46659/50000) 
Test epoch: 72 | Loss: *0.359* | Acc: *88.670%* (8867/10000)
Train epoch: 73 | Loss: *0.195* | Acc: *93.142%* (46571/50000) 
Test epoch: 73 | Loss: *0.394* | Acc: *88.050%* (8805/10000)
Train epoch: 74 | Loss: *0.191* | Acc: *93.400%* (46700/50000) 
Test epoch: 74 | Loss: *0.398* | Acc: *87.650%* (8765/10000)
Train epoch: 75 | Loss: *0.194* | Acc: *93.356%* (46678/50000) 
Test epoch: 75 | Loss: *0.343* | Acc: *89.550%* (8955/10000)
Train epoch: 76 | Loss: *0.184* | Acc: *93.604%* (46802/50000) 
Test epoch: 76 | Loss: *0.385* | Acc: *88.300%* (8830/10000)
Train epoch: 77 | Loss: *0.184* | Acc: *93.666%* (46833/50000) 
Test epoch: 77 | Loss: *0.389* | Acc: *88.300%* (8830/10000)
Train epoch: 78 | Loss: *0.184* | Acc: *93.592%* (46796/50000) 
Test epoch: 78 | Loss: *0.376* | Acc: *88.510%* (8851/10000)
Train epoch: 79 | Loss: *0.179* | Acc: *93.742%* (46871/50000) 
Test epoch: 79 | Loss: *0.373* | Acc: *88.630%* (8863/10000)
Train epoch: 80 | Loss: *0.180* | Acc: *93.786%* (46893/50000) 
Test epoch: 80 | Loss: *0.351* | Acc: *89.330%* (8933/10000)
Train epoch: 81 | Loss: *0.173* | Acc: *94.018%* (47009/50000) 
Test epoch: 81 | Loss: *0.361* | Acc: *88.870%* (8887/10000)
Train epoch: 82 | Loss: *0.175* | Acc: *93.902%* (46951/50000) 
Test epoch: 82 | Loss: *0.342* | Acc: *89.760%* (8976/10000)
Train epoch: 83 | Loss: *0.171* | Acc: *94.124%* (47062/50000) 
Test epoch: 83 | Loss: *0.375* | Acc: *88.710%* (8871/10000)
Train epoch: 84 | Loss: *0.168* | Acc: *94.174%* (47087/50000) 
Test epoch: 84 | Loss: *0.390* | Acc: *87.870%* (8787/10000)
Train epoch: 85 | Loss: *0.166* | Acc: *94.276%* (47138/50000) 
Test epoch: 85 | Loss: *0.351* | Acc: *89.120%* (8912/10000)
Train epoch: 86 | Loss: *0.166* | Acc: *94.292%* (47146/50000) 
Test epoch: 86 | Loss: *0.345* | Acc: *89.320%* (8932/10000)
Train epoch: 87 | Loss: *0.163* | Acc: *94.392%* (47196/50000) 
Test epoch: 87 | Loss: *0.368* | Acc: *88.780%* (8878/10000)
Train epoch: 88 | Loss: *0.165* | Acc: *94.342%* (47171/50000) 
Test epoch: 88 | Loss: *0.343* | Acc: *89.500%* (8950/10000)
Train epoch: 89 | Loss: *0.162* | Acc: *94.448%* (47224/50000) 
Test epoch: 89 | Loss: *0.361* | Acc: *89.130%* (8913/10000)
Train epoch: 90 | Loss: *0.157* | Acc: *94.480%* (47240/50000) 
Test epoch: 90 | Loss: *0.355* | Acc: *89.350%* (8935/10000)
Train epoch: 91 | Loss: *0.153* | Acc: *94.802%* (47401/50000) 
Test epoch: 91 | Loss: *0.352* | Acc: *89.620%* (8962/10000)
Train epoch: 92 | Loss: *0.152* | Acc: *94.766%* (47383/50000) 
Test epoch: 92 | Loss: *0.346* | Acc: *89.430%* (8943/10000)
Train epoch: 93 | Loss: *0.147* | Acc: *94.860%* (47430/50000) 
Test epoch: 93 | Loss: *0.347* | Acc: *89.490%* (8949/10000)
Train epoch: 94 | Loss: *0.145* | Acc: *95.048%* (47524/50000) 
Test epoch: 94 | Loss: *0.358* | Acc: *89.390%* (8939/10000)
Train epoch: 95 | Loss: *0.148* | Acc: *94.786%* (47393/50000) 
Test epoch: 95 | Loss: *0.354* | Acc: *89.570%* (8957/10000)
Train epoch: 96 | Loss: *0.145* | Acc: *95.006%* (47503/50000) 
Test epoch: 96 | Loss: *0.355* | Acc: *89.240%* (8924/10000)
Train epoch: 97 | Loss: *0.139* | Acc: *95.168%* (47584/50000) 
Test epoch: 97 | Loss: *0.359* | Acc: *88.890%* (8889/10000)
Train epoch: 98 | Loss: *0.141* | Acc: *95.164%* (47582/50000) 
Test epoch: 98 | Loss: *0.355* | Acc: *89.260%* (8926/10000)
Train epoch: 99 | Loss: *0.138* | Acc: *95.242%* (47621/50000) 
Test epoch: 99 | Loss: *0.361* | Acc: *89.550%* (8955/10000)
Train epoch: 100 | Loss: *0.131* | Acc: *95.574%* (47787/50000) 
Test epoch: 100 | Loss: *0.381* | Acc: *89.230%* (8923/10000)
Train epoch: 101 | Loss: *0.131* | Acc: *95.448%* (47724/50000) 
Test epoch: 101 | Loss: *0.376* | Acc: *89.130%* (8913/10000)
Train epoch: 102 | Loss: *0.129* | Acc: *95.516%* (47758/50000) 
Test epoch: 102 | Loss: *0.347* | Acc: *89.650%* (8965/10000)
Train epoch: 103 | Loss: *0.128* | Acc: *95.646%* (47823/50000) 
Test epoch: 103 | Loss: *0.329* | Acc: *90.120%* (9012/10000)
Train epoch: 104 | Loss: *0.123* | Acc: *95.806%* (47903/50000) 
Test epoch: 104 | Loss: *0.345* | Acc: *89.950%* (8995/10000)
Train epoch: 105 | Loss: *0.122* | Acc: *95.852%* (47926/50000) 
Test epoch: 105 | Loss: *0.340* | Acc: *90.170%* (9017/10000)
Train epoch: 106 | Loss: *0.115* | Acc: *96.004%* (48002/50000) 
Test epoch: 106 | Loss: *0.363* | Acc: *89.650%* (8965/10000)
Train epoch: 107 | Loss: *0.119* | Acc: *95.896%* (47948/50000) 
Test epoch: 107 | Loss: *0.328* | Acc: *90.360%* (9036/10000)
Train epoch: 108 | Loss: *0.114* | Acc: *96.112%* (48056/50000) 
Test epoch: 108 | Loss: *0.336* | Acc: *90.280%* (9028/10000)
Train epoch: 109 | Loss: *0.113* | Acc: *96.170%* (48085/50000) 
Test epoch: 109 | Loss: *0.349* | Acc: *89.740%* (8974/10000)
Train epoch: 110 | Loss: *0.113* | Acc: *96.080%* (48040/50000) 
Test epoch: 110 | Loss: *0.363* | Acc: *90.130%* (9013/10000)
Train epoch: 111 | Loss: *0.111* | Acc: *96.228%* (48114/50000) 
Test epoch: 111 | Loss: *0.341* | Acc: *90.250%* (9025/10000)
Train epoch: 112 | Loss: *0.106* | Acc: *96.326%* (48163/50000) 
Test epoch: 112 | Loss: *0.372* | Acc: *89.780%* (8978/10000)
Train epoch: 113 | Loss: *0.105* | Acc: *96.384%* (48192/50000) 
Test epoch: 113 | Loss: *0.364* | Acc: *89.990%* (8999/10000)
Train epoch: 114 | Loss: *0.105* | Acc: *96.424%* (48212/50000) 
Test epoch: 114 | Loss: *0.338* | Acc: *90.550%* (9055/10000)
Train epoch: 115 | Loss: *0.101* | Acc: *96.532%* (48266/50000) 
Test epoch: 115 | Loss: *0.340* | Acc: *90.340%* (9034/10000)
Train epoch: 116 | Loss: *0.099* | Acc: *96.648%* (48324/50000) 
Test epoch: 116 | Loss: *0.338* | Acc: *90.200%* (9020/10000)
Train epoch: 117 | Loss: *0.094* | Acc: *96.808%* (48404/50000) 
Test epoch: 117 | Loss: *0.361* | Acc: *89.770%* (8977/10000)
Train epoch: 118 | Loss: *0.094* | Acc: *96.776%* (48388/50000) 
Test epoch: 118 | Loss: *0.349* | Acc: *90.180%* (9018/10000)
Train epoch: 119 | Loss: *0.091* | Acc: *96.920%* (48460/50000) 
Test epoch: 119 | Loss: *0.352* | Acc: *90.190%* (9019/10000)
Train epoch: 120 | Loss: *0.088* | Acc: *96.948%* (48474/50000) 
Test epoch: 120 | Loss: *0.349* | Acc: *90.420%* (9042/10000)
Train epoch: 121 | Loss: *0.088* | Acc: *97.032%* (48516/50000) 
Test epoch: 121 | Loss: *0.343* | Acc: *90.610%* (9061/10000)
Train epoch: 122 | Loss: *0.085* | Acc: *97.166%* (48583/50000) 
Test epoch: 122 | Loss: *0.371* | Acc: *90.000%* (9000/10000)
Train epoch: 123 | Loss: *0.084* | Acc: *97.134%* (48567/50000) 
Test epoch: 123 | Loss: *0.371* | Acc: *89.940%* (8994/10000)
Train epoch: 124 | Loss: *0.080* | Acc: *97.284%* (48642/50000) 
Test epoch: 124 | Loss: *0.375* | Acc: *90.050%* (9005/10000)
Train epoch: 125 | Loss: *0.083* | Acc: *97.192%* (48596/50000) 
Test epoch: 125 | Loss: *0.369* | Acc: *89.970%* (8997/10000)
Train epoch: 126 | Loss: *0.078* | Acc: *97.380%* (48690/50000) 
Test epoch: 126 | Loss: *0.370* | Acc: *90.020%* (9002/10000)
Train epoch: 127 | Loss: *0.078* | Acc: *97.372%* (48686/50000) 
Test epoch: 127 | Loss: *0.339* | Acc: *90.610%* (9061/10000)
Train epoch: 128 | Loss: *0.071* | Acc: *97.662%* (48831/50000) 
Test epoch: 128 | Loss: *0.348* | Acc: *90.460%* (9046/10000)
Train epoch: 129 | Loss: *0.071* | Acc: *97.602%* (48801/50000) 
Test epoch: 129 | Loss: *0.339* | Acc: *90.660%* (9066/10000)
Train epoch: 130 | Loss: *0.070* | Acc: *97.730%* (48865/50000) 
Test epoch: 130 | Loss: *0.356* | Acc: *90.350%* (9035/10000)
Train epoch: 131 | Loss: *0.067* | Acc: *97.784%* (48892/50000) 
Test epoch: 131 | Loss: *0.351* | Acc: *90.500%* (9050/10000)
Train epoch: 132 | Loss: *0.066* | Acc: *97.782%* (48891/50000) 
Test epoch: 132 | Loss: *0.349* | Acc: *90.600%* (9060/10000)
Train epoch: 133 | Loss: *0.065* | Acc: *97.840%* (48920/50000) 
Test epoch: 133 | Loss: *0.346* | Acc: *90.790%* (9079/10000)
Train epoch: 134 | Loss: *0.060* | Acc: *98.016%* (49008/50000) 
Test epoch: 134 | Loss: *0.367* | Acc: *90.230%* (9023/10000)
Train epoch: 135 | Loss: *0.062* | Acc: *97.988%* (48994/50000) 
Test epoch: 135 | Loss: *0.352* | Acc: *90.800%* (9080/10000)
Train epoch: 136 | Loss: *0.057* | Acc: *98.112%* (49056/50000) 
Test epoch: 136 | Loss: *0.351* | Acc: *90.700%* (9070/10000)
Train epoch: 137 | Loss: *0.056* | Acc: *98.196%* (49098/50000) 
Test epoch: 137 | Loss: *0.369* | Acc: *90.030%* (9003/10000)
Train epoch: 138 | Loss: *0.056* | Acc: *98.148%* (49074/50000) 
Test epoch: 138 | Loss: *0.354* | Acc: *91.020%* (9102/10000)
Train epoch: 139 | Loss: *0.054* | Acc: *98.230%* (49115/50000) 
Test epoch: 139 | Loss: *0.353* | Acc: *90.660%* (9066/10000)
Train epoch: 140 | Loss: *0.050* | Acc: *98.426%* (49213/50000) 
Test epoch: 140 | Loss: *0.358* | Acc: *90.760%* (9076/10000)
Train epoch: 141 | Loss: *0.048* | Acc: *98.536%* (49268/50000) 
Test epoch: 141 | Loss: *0.360* | Acc: *90.770%* (9077/10000)
Train epoch: 142 | Loss: *0.048* | Acc: *98.498%* (49249/50000) 
Test epoch: 142 | Loss: *0.357* | Acc: *90.660%* (9066/10000)
Train epoch: 143 | Loss: *0.048* | Acc: *98.478%* (49239/50000) 
Test epoch: 143 | Loss: *0.356* | Acc: *90.820%* (9082/10000)
Train epoch: 144 | Loss: *0.043* | Acc: *98.672%* (49336/50000) 
Test epoch: 144 | Loss: *0.358* | Acc: *90.710%* (9071/10000)
Train epoch: 145 | Loss: *0.043* | Acc: *98.658%* (49329/50000) 
Test epoch: 145 | Loss: *0.345* | Acc: *91.360%* (9136/10000)
Train epoch: 146 | Loss: *0.041* | Acc: *98.760%* (49380/50000) 
Test epoch: 146 | Loss: *0.333* | Acc: *91.310%* (9131/10000)
Train epoch: 147 | Loss: *0.039* | Acc: *98.838%* (49419/50000) 
Test epoch: 147 | Loss: *0.340* | Acc: *91.000%* (9100/10000)
Train epoch: 148 | Loss: *0.040* | Acc: *98.820%* (49410/50000) 
Test epoch: 148 | Loss: *0.358* | Acc: *91.030%* (9103/10000)
Train epoch: 149 | Loss: *0.036* | Acc: *98.872%* (49436/50000) 
Test epoch: 149 | Loss: *0.336* | Acc: *91.330%* (9133/10000)
Train epoch: 150 | Loss: *0.037* | Acc: *98.872%* (49436/50000) 
Test epoch: 150 | Loss: *0.329* | Acc: *91.420%* (9142/10000)
Train epoch: 151 | Loss: *0.035* | Acc: *98.992%* (49496/50000) 
Test epoch: 151 | Loss: *0.350* | Acc: *91.430%* (9143/10000)
Train epoch: 152 | Loss: *0.034* | Acc: *98.970%* (49485/50000) 
Test epoch: 152 | Loss: *0.340* | Acc: *91.360%* (9136/10000)
Train epoch: 153 | Loss: *0.031* | Acc: *99.152%* (49576/50000) 
Test epoch: 153 | Loss: *0.357* | Acc: *91.170%* (9117/10000)
Train epoch: 154 | Loss: *0.030* | Acc: *99.130%* (49565/50000) 
Test epoch: 154 | Loss: *0.329* | Acc: *91.620%* (9162/10000)
Train epoch: 155 | Loss: *0.031* | Acc: *99.146%* (49573/50000) 
Test epoch: 155 | Loss: *0.337* | Acc: *91.540%* (9154/10000)
Train epoch: 156 | Loss: *0.030* | Acc: *99.194%* (49597/50000) 
Test epoch: 156 | Loss: *0.331* | Acc: *91.640%* (9164/10000)
Train epoch: 157 | Loss: *0.026* | Acc: *99.312%* (49656/50000) 
Test epoch: 157 | Loss: *0.356* | Acc: *91.380%* (9138/10000)
Train epoch: 158 | Loss: *0.026* | Acc: *99.290%* (49645/50000) 
Test epoch: 158 | Loss: *0.360* | Acc: *91.440%* (9144/10000)
Train epoch: 159 | Loss: *0.025* | Acc: *99.326%* (49663/50000) 
Test epoch: 159 | Loss: *0.345* | Acc: *91.610%* (9161/10000)
Train epoch: 160 | Loss: *0.023* | Acc: *99.422%* (49711/50000) 
Test epoch: 160 | Loss: *0.346* | Acc: *91.630%* (9163/10000)
Train epoch: 161 | Loss: *0.023* | Acc: *99.382%* (49691/50000) 
Test epoch: 161 | Loss: *0.346* | Acc: *91.550%* (9155/10000)
Train epoch: 162 | Loss: *0.023* | Acc: *99.376%* (49688/50000) 
Test epoch: 162 | Loss: *0.361* | Acc: *91.280%* (9128/10000)
Train epoch: 163 | Loss: *0.022* | Acc: *99.462%* (49731/50000) 
Test epoch: 163 | Loss: *0.343* | Acc: *91.460%* (9146/10000)
Train epoch: 164 | Loss: *0.021* | Acc: *99.504%* (49752/50000) 
Test epoch: 164 | Loss: *0.348* | Acc: *91.420%* (9142/10000)
Train epoch: 165 | Loss: *0.020* | Acc: *99.542%* (49771/50000) 
Test epoch: 165 | Loss: *0.336* | Acc: *91.770%* (9177/10000)
Train epoch: 166 | Loss: *0.020* | Acc: *99.514%* (49757/50000) 
Test epoch: 166 | Loss: *0.339* | Acc: *91.660%* (9166/10000)
Train epoch: 167 | Loss: *0.019* | Acc: *99.618%* (49809/50000) 
Test epoch: 167 | Loss: *0.330* | Acc: *91.920%* (9192/10000)
Train epoch: 168 | Loss: *0.018* | Acc: *99.606%* (49803/50000) 
Test epoch: 168 | Loss: *0.330* | Acc: *91.870%* (9187/10000)
Train epoch: 169 | Loss: *0.017* | Acc: *99.650%* (49825/50000) 
Test epoch: 169 | Loss: *0.338* | Acc: *91.730%* (9173/10000)
Train epoch: 170 | Loss: *0.017* | Acc: *99.630%* (49815/50000) 
Test epoch: 170 | Loss: *0.335* | Acc: *92.140%* (9214/10000)
Train epoch: 171 | Loss: *0.016* | Acc: *99.692%* (49846/50000) 
Test epoch: 171 | Loss: *0.335* | Acc: *92.060%* (9206/10000)
Train epoch: 172 | Loss: *0.016* | Acc: *99.636%* (49818/50000) 
Test epoch: 172 | Loss: *0.339* | Acc: *91.760%* (9176/10000)
Train epoch: 173 | Loss: *0.014* | Acc: *99.720%* (49860/50000) 
Test epoch: 173 | Loss: *0.331* | Acc: *91.910%* (9191/10000)
Train epoch: 174 | Loss: *0.013* | Acc: *99.766%* (49883/50000) 
Test epoch: 174 | Loss: *0.329* | Acc: *92.000%* (9200/10000)
Train epoch: 175 | Loss: *0.013* | Acc: *99.776%* (49888/50000) 
Test epoch: 175 | Loss: *0.333* | Acc: *91.950%* (9195/10000)
Train epoch: 176 | Loss: *0.013* | Acc: *99.780%* (49890/50000) 
Test epoch: 176 | Loss: *0.333* | Acc: *91.780%* (9178/10000)
Train epoch: 177 | Loss: *0.013* | Acc: *99.792%* (49896/50000) 
Test epoch: 177 | Loss: *0.337* | Acc: *91.850%* (9185/10000)
Train epoch: 178 | Loss: *0.013* | Acc: *99.790%* (49895/50000) 
Test epoch: 178 | Loss: *0.336* | Acc: *92.030%* (9203/10000)
Train epoch: 179 | Loss: *0.013* | Acc: *99.798%* (49899/50000) 
Test epoch: 179 | Loss: *0.328* | Acc: *92.030%* (9203/10000)
Train epoch: 180 | Loss: *0.012* | Acc: *99.798%* (49899/50000) 
Test epoch: 180 | Loss: *0.333* | Acc: *91.990%* (9199/10000)
Train epoch: 181 | Loss: *0.011* | Acc: *99.836%* (49918/50000) 
Test epoch: 181 | Loss: *0.328* | Acc: *92.040%* (9204/10000)
Train epoch: 182 | Loss: *0.012* | Acc: *99.802%* (49901/50000) 
Test epoch: 182 | Loss: *0.328* | Acc: *92.090%* (9209/10000)
Train epoch: 183 | Loss: *0.011* | Acc: *99.832%* (49916/50000) 
Test epoch: 183 | Loss: *0.324* | Acc: *92.230%* (9223/10000)
Train epoch: 184 | Loss: *0.011* | Acc: *99.850%* (49925/50000) 
Test epoch: 184 | Loss: *0.323* | Acc: *92.070%* (9207/10000)
Train epoch: 185 | Loss: *0.011* | Acc: *99.856%* (49928/50000) 
Test epoch: 185 | Loss: *0.323* | Acc: *92.190%* (9219/10000)
Train epoch: 186 | Loss: *0.010* | Acc: *99.872%* (49936/50000) 
Test epoch: 186 | Loss: *0.321* | Acc: *92.150%* (9215/10000)
Train epoch: 187 | Loss: *0.010* | Acc: *99.890%* (49945/50000) 
Test epoch: 187 | Loss: *0.324* | Acc: *92.130%* (9213/10000)
Train epoch: 188 | Loss: *0.010* | Acc: *99.904%* (49952/50000) 
Test epoch: 188 | Loss: *0.324* | Acc: *92.310%* (9231/10000)
Train epoch: 189 | Loss: *0.010* | Acc: *99.890%* (49945/50000) 
Test epoch: 189 | Loss: *0.318* | Acc: *92.140%* (9214/10000)
Train epoch: 190 | Loss: *0.009* | Acc: *99.912%* (49956/50000) 
Test epoch: 190 | Loss: *0.324* | Acc: *92.110%* (9211/10000)
Train epoch: 191 | Loss: *0.010* | Acc: *99.890%* (49945/50000) 
Test epoch: 191 | Loss: *0.322* | Acc: *92.150%* (9215/10000)
Train epoch: 192 | Loss: *0.009* | Acc: *99.924%* (49962/50000) 
Test epoch: 192 | Loss: *0.322* | Acc: *92.150%* (9215/10000)
Train epoch: 193 | Loss: *0.009* | Acc: *99.900%* (49950/50000) 
Test epoch: 193 | Loss: *0.326* | Acc: *92.120%* (9212/10000)
Train epoch: 194 | Loss: *0.010* | Acc: *99.896%* (49948/50000) 
Test epoch: 194 | Loss: *0.325* | Acc: *92.180%* (9218/10000)
Train epoch: 195 | Loss: *0.009* | Acc: *99.910%* (49955/50000) 
Test epoch: 195 | Loss: *0.322* | Acc: *92.160%* (9216/10000)
Train epoch: 196 | Loss: *0.009* | Acc: *99.904%* (49952/50000) 
Test epoch: 196 | Loss: *0.322* | Acc: *92.240%* (9224/10000)
Train epoch: 197 | Loss: *0.009* | Acc: *99.878%* (49939/50000) 
Test epoch: 197 | Loss: *0.320* | Acc: *92.210%* (9221/10000)
Train epoch: 198 | Loss: *0.009* | Acc: *99.892%* (49946/50000) 
Test epoch: 198 | Loss: *0.322* | Acc: *92.140%* (9214/10000)
Train epoch: 199 | Loss: *0.009* | Acc: *99.894%* (49947/50000) 
Test epoch: 199 | Loss: *0.322* | Acc: *92.270%* (9227/10000)
Train epoch: 200 | Loss: *0.009* | Acc: *99.920%* (49960/50000) 
Test epoch: 200 | Loss: *0.319* | Acc: *92.270%* (9227/10000)
Train epoch: 201 | Loss: *0.009* | Acc: *99.904%* (49952/50000) 
Test epoch: 201 | Loss: *0.321* | Acc: *92.200%* (9220/10000)
Train epoch: 202 | Loss: *0.009* | Acc: *99.902%* (49951/50000) 
Test epoch: 202 | Loss: *0.324* | Acc: *92.160%* (9216/10000)
Train epoch: 203 | Loss: *0.009* | Acc: *99.914%* (49957/50000) 
Test epoch: 203 | Loss: *0.320* | Acc: *92.230%* (9223/10000)
Train epoch: 204 | Loss: *0.009* | Acc: *99.914%* (49957/50000) 
Test epoch: 204 | Loss: *0.319* | Acc: *92.260%* (9226/10000)
Train epoch: 205 | Loss: *0.009* | Acc: *99.900%* (49950/50000) 
Test epoch: 205 | Loss: *0.322* | Acc: *92.200%* (9220/10000)
Train epoch: 206 | Loss: *0.009* | Acc: *99.916%* (49958/50000) 
Test epoch: 206 | Loss: *0.320* | Acc: *92.230%* (9223/10000)
Train epoch: 207 | Loss: *0.009* | Acc: *99.908%* (49954/50000) 
Test epoch: 207 | Loss: *0.323* | Acc: *92.260%* (9226/10000)
Train epoch: 208 | Loss: *0.009* | Acc: *99.908%* (49954/50000) 
Test epoch: 208 | Loss: *0.322* | Acc: *92.280%* (9228/10000)
Train epoch: 209 | Loss: *0.009* | Acc: *99.902%* (49951/50000) 
Test epoch: 209 | Loss: *0.324* | Acc: *92.270%* (9227/10000)
Train epoch: 210 | Loss: *0.009* | Acc: *99.906%* (49953/50000) 
Test epoch: 210 | Loss: *0.320* | Acc: *92.290%* (9229/10000)
Train epoch: 211 | Loss: *0.009* | Acc: *99.912%* (49956/50000) 
Test epoch: 211 | Loss: *0.323* | Acc: *92.320%* (9232/10000)
Train epoch: 212 | Loss: *0.009* | Acc: *99.910%* (49955/50000) 
Test epoch: 212 | Loss: *0.323* | Acc: *92.280%* (9228/10000)
Train epoch: 213 | Loss: *0.009* | Acc: *99.906%* (49953/50000) 
Test epoch: 213 | Loss: *0.323* | Acc: *92.060%* (9206/10000)
Train epoch: 214 | Loss: *0.009* | Acc: *99.894%* (49947/50000) 
Test epoch: 214 | Loss: *0.323* | Acc: *92.140%* (9214/10000)
Train epoch: 215 | Loss: *0.009* | Acc: *99.916%* (49958/50000) 
Test epoch: 215 | Loss: *0.323* | Acc: *92.130%* (9213/10000)
Train epoch: 216 | Loss: *0.009* | Acc: *99.914%* (49957/50000) 
Test epoch: 216 | Loss: *0.326* | Acc: *92.170%* (9217/10000)
Train epoch: 217 | Loss: *0.009* | Acc: *99.886%* (49943/50000) 
Test epoch: 217 | Loss: *0.320* | Acc: *92.240%* (9224/10000)
Train epoch: 218 | Loss: *0.009* | Acc: *99.898%* (49949/50000) 
Test epoch: 218 | Loss: *0.319* | Acc: *92.160%* (9216/10000)
Train epoch: 219 | Loss: *0.010* | Acc: *99.870%* (49935/50000) 
Test epoch: 219 | Loss: *0.317* | Acc: *92.150%* (9215/10000)
Train epoch: 220 | Loss: *0.010* | Acc: *99.874%* (49937/50000) 
Test epoch: 220 | Loss: *0.323* | Acc: *92.160%* (9216/10000)
Train epoch: 221 | Loss: *0.010* | Acc: *99.876%* (49938/50000) 
Test epoch: 221 | Loss: *0.323* | Acc: *92.100%* (9210/10000)
Train epoch: 222 | Loss: *0.010* | Acc: *99.870%* (49935/50000) 
Test epoch: 222 | Loss: *0.331* | Acc: *92.040%* (9204/10000)
Train epoch: 223 | Loss: *0.011* | Acc: *99.864%* (49932/50000) 
Test epoch: 223 | Loss: *0.331* | Acc: *91.920%* (9192/10000)
Train epoch: 224 | Loss: *0.012* | Acc: *99.840%* (49920/50000) 
Test epoch: 224 | Loss: *0.325* | Acc: *92.160%* (9216/10000)
Train epoch: 225 | Loss: *0.011* | Acc: *99.866%* (49933/50000) 
Test epoch: 225 | Loss: *0.325* | Acc: *92.150%* (9215/10000)
Train epoch: 226 | Loss: *0.012* | Acc: *99.788%* (49894/50000) 
Test epoch: 226 | Loss: *0.328* | Acc: *92.030%* (9203/10000)
Train epoch: 227 | Loss: *0.012* | Acc: *99.816%* (49908/50000) 
Test epoch: 227 | Loss: *0.332* | Acc: *92.200%* (9220/10000)
Train epoch: 228 | Loss: *0.013* | Acc: *99.778%* (49889/50000) 
Test epoch: 228 | Loss: *0.328* | Acc: *91.930%* (9193/10000)
Train epoch: 229 | Loss: *0.013* | Acc: *99.780%* (49890/50000) 
Test epoch: 229 | Loss: *0.336* | Acc: *91.580%* (9158/10000)
Train epoch: 230 | Loss: *0.013* | Acc: *99.804%* (49902/50000) 
Test epoch: 230 | Loss: *0.335* | Acc: *91.900%* (9190/10000)
Train epoch: 231 | Loss: *0.013* | Acc: *99.816%* (49908/50000) 
Test epoch: 231 | Loss: *0.337* | Acc: *91.850%* (9185/10000)
Train epoch: 232 | Loss: *0.014* | Acc: *99.780%* (49890/50000) 
Test epoch: 232 | Loss: *0.343* | Acc: *91.710%* (9171/10000)
Train epoch: 233 | Loss: *0.016* | Acc: *99.690%* (49845/50000) 
Test epoch: 233 | Loss: *0.338* | Acc: *91.600%* (9160/10000)
Train epoch: 234 | Loss: *0.016* | Acc: *99.722%* (49861/50000) 
Test epoch: 234 | Loss: *0.340* | Acc: *91.920%* (9192/10000)
Train epoch: 235 | Loss: *0.017* | Acc: *99.644%* (49822/50000) 
Test epoch: 235 | Loss: *0.344* | Acc: *91.820%* (9182/10000)
Train epoch: 236 | Loss: *0.018* | Acc: *99.628%* (49814/50000) 
Test epoch: 236 | Loss: *0.356* | Acc: *91.260%* (9126/10000)
Train epoch: 237 | Loss: *0.019* | Acc: *99.564%* (49782/50000) 
Test epoch: 237 | Loss: *0.351* | Acc: *91.450%* (9145/10000)
Train epoch: 238 | Loss: *0.021* | Acc: *99.474%* (49737/50000) 
Test epoch: 238 | Loss: *0.344* | Acc: *91.470%* (9147/10000)
Train epoch: 239 | Loss: *0.021* | Acc: *99.518%* (49759/50000) 
Test epoch: 239 | Loss: *0.348* | Acc: *91.660%* (9166/10000)
Train epoch: 240 | Loss: *0.021* | Acc: *99.490%* (49745/50000) 
Test epoch: 240 | Loss: *0.347* | Acc: *91.340%* (9134/10000)
Train epoch: 241 | Loss: *0.023* | Acc: *99.382%* (49691/50000) 
Test epoch: 241 | Loss: *0.354* | Acc: *91.430%* (9143/10000)
Train epoch: 242 | Loss: *0.023* | Acc: *99.396%* (49698/50000) 
Test epoch: 242 | Loss: *0.350* | Acc: *91.610%* (9161/10000)
Train epoch: 243 | Loss: *0.025* | Acc: *99.356%* (49678/50000) 
Test epoch: 243 | Loss: *0.366* | Acc: *91.010%* (9101/10000)
Train epoch: 244 | Loss: *0.026* | Acc: *99.308%* (49654/50000) 
Test epoch: 244 | Loss: *0.357* | Acc: *91.320%* (9132/10000)
Train epoch: 245 | Loss: *0.028* | Acc: *99.270%* (49635/50000) 
Test epoch: 245 | Loss: *0.353* | Acc: *91.360%* (9136/10000)
Train epoch: 246 | Loss: *0.028* | Acc: *99.254%* (49627/50000) 
Test epoch: 246 | Loss: *0.375* | Acc: *90.990%* (9099/10000)
Train epoch: 247 | Loss: *0.029* | Acc: *99.190%* (49595/50000) 
Test epoch: 247 | Loss: *0.368* | Acc: *91.120%* (9112/10000)
Train epoch: 248 | Loss: *0.034* | Acc: *99.004%* (49502/50000) 
Test epoch: 248 | Loss: *0.355* | Acc: *91.080%* (9108/10000)
Train epoch: 249 | Loss: *0.034* | Acc: *98.984%* (49492/50000) 
Test epoch: 249 | Loss: *0.357* | Acc: *91.270%* (9127/10000)
Train epoch: 250 | Loss: *0.037* | Acc: *98.882%* (49441/50000) 
Test epoch: 250 | Loss: *0.367* | Acc: *90.810%* (9081/10000)
Train epoch: 251 | Loss: *0.039* | Acc: *98.832%* (49416/50000) 
Test epoch: 251 | Loss: *0.368* | Acc: *90.390%* (9039/10000)
Train epoch: 252 | Loss: *0.038* | Acc: *98.886%* (49443/50000) 
Test epoch: 252 | Loss: *0.400* | Acc: *90.480%* (9048/10000)
Train epoch: 253 | Loss: *0.042* | Acc: *98.688%* (49344/50000) 
Test epoch: 253 | Loss: *0.384* | Acc: *90.630%* (9063/10000)
Train epoch: 254 | Loss: *0.043* | Acc: *98.686%* (49343/50000) 
Test epoch: 254 | Loss: *0.365* | Acc: *90.730%* (9073/10000)
Train epoch: 255 | Loss: *0.042* | Acc: *98.716%* (49358/50000) 
Test epoch: 255 | Loss: *0.360* | Acc: *90.770%* (9077/10000)
Train epoch: 256 | Loss: *0.046* | Acc: *98.494%* (49247/50000) 
Test epoch: 256 | Loss: *0.362* | Acc: *91.150%* (9115/10000)
Train epoch: 257 | Loss: *0.047* | Acc: *98.498%* (49249/50000) 
Test epoch: 257 | Loss: *0.371* | Acc: *90.860%* (9086/10000)
Train epoch: 258 | Loss: *0.051* | Acc: *98.322%* (49161/50000) 
Test epoch: 258 | Loss: *0.369* | Acc: *90.930%* (9093/10000)
Train epoch: 259 | Loss: *0.055* | Acc: *98.246%* (49123/50000) 
Test epoch: 259 | Loss: *0.380* | Acc: *90.720%* (9072/10000)
Train epoch: 260 | Loss: *0.054* | Acc: *98.244%* (49122/50000) 
Test epoch: 260 | Loss: *0.370* | Acc: *90.460%* (9046/10000)
Train epoch: 261 | Loss: *0.055* | Acc: *98.290%* (49145/50000) 
Test epoch: 261 | Loss: *0.371* | Acc: *90.230%* (9023/10000)
Train epoch: 262 | Loss: *0.057* | Acc: *98.184%* (49092/50000) 
Test epoch: 262 | Loss: *0.364* | Acc: *90.690%* (9069/10000)
Train epoch: 263 | Loss: *0.059* | Acc: *98.020%* (49010/50000) 
Test epoch: 263 | Loss: *0.374* | Acc: *90.440%* (9044/10000)
Train epoch: 264 | Loss: *0.060* | Acc: *98.036%* (49018/50000) 
Test epoch: 264 | Loss: *0.378* | Acc: *90.320%* (9032/10000)
Train epoch: 265 | Loss: *0.064* | Acc: *97.940%* (48970/50000) 
Test epoch: 265 | Loss: *0.371* | Acc: *90.440%* (9044/10000)
Train epoch: 266 | Loss: *0.066* | Acc: *97.784%* (48892/50000) 
Test epoch: 266 | Loss: *0.422* | Acc: *89.080%* (8908/10000)
Train epoch: 267 | Loss: *0.072* | Acc: *97.618%* (48809/50000) 
Test epoch: 267 | Loss: *0.380* | Acc: *89.880%* (8988/10000)
Train epoch: 268 | Loss: *0.066* | Acc: *97.844%* (48922/50000) 
Test epoch: 268 | Loss: *0.380* | Acc: *89.980%* (8998/10000)
Train epoch: 269 | Loss: *0.070* | Acc: *97.724%* (48862/50000) 
Test epoch: 269 | Loss: *0.374* | Acc: *90.200%* (9020/10000)
Train epoch: 270 | Loss: *0.074* | Acc: *97.448%* (48724/50000) 
Test epoch: 270 | Loss: *0.363* | Acc: *90.090%* (9009/10000)
Train epoch: 271 | Loss: *0.074* | Acc: *97.546%* (48773/50000) 
Test epoch: 271 | Loss: *0.389* | Acc: *90.110%* (9011/10000)
Train epoch: 272 | Loss: *0.076* | Acc: *97.448%* (48724/50000) 
Test epoch: 272 | Loss: *0.374* | Acc: *89.970%* (8997/10000)
Train epoch: 273 | Loss: *0.077* | Acc: *97.308%* (48654/50000) 
Test epoch: 273 | Loss: *0.361* | Acc: *90.540%* (9054/10000)
Train epoch: 274 | Loss: *0.079* | Acc: *97.368%* (48684/50000) 
Test epoch: 274 | Loss: *0.363* | Acc: *90.580%* (9058/10000)
Train epoch: 275 | Loss: *0.081* | Acc: *97.294%* (48647/50000) 
Test epoch: 275 | Loss: *0.413* | Acc: *89.260%* (8926/10000)
Train epoch: 276 | Loss: *0.086* | Acc: *97.066%* (48533/50000) 
Test epoch: 276 | Loss: *0.349* | Acc: *90.230%* (9023/10000)
Train epoch: 277 | Loss: *0.083* | Acc: *97.156%* (48578/50000) 
Test epoch: 277 | Loss: *0.380* | Acc: *89.800%* (8980/10000)
Train epoch: 278 | Loss: *0.091* | Acc: *96.920%* (48460/50000) 
Test epoch: 278 | Loss: *0.368* | Acc: *90.200%* (9020/10000)
Train epoch: 279 | Loss: *0.088* | Acc: *96.978%* (48489/50000) 
Test epoch: 279 | Loss: *0.373* | Acc: *89.800%* (8980/10000)
Train epoch: 280 | Loss: *0.086* | Acc: *97.236%* (48618/50000) 
Test epoch: 280 | Loss: *0.373* | Acc: *90.300%* (9030/10000)
Train epoch: 281 | Loss: *0.093* | Acc: *96.796%* (48398/50000) 
Test epoch: 281 | Loss: *0.371* | Acc: *90.040%* (9004/10000)
Train epoch: 282 | Loss: *0.098* | Acc: *96.636%* (48318/50000) 
Test epoch: 282 | Loss: *0.371* | Acc: *90.090%* (9009/10000)
Train epoch: 283 | Loss: *0.092* | Acc: *96.938%* (48469/50000) 
Test epoch: 283 | Loss: *0.357* | Acc: *90.080%* (9008/10000)
Train epoch: 284 | Loss: *0.098* | Acc: *96.612%* (48306/50000) 
Test epoch: 284 | Loss: *0.379* | Acc: *89.520%* (8952/10000)
Train epoch: 285 | Loss: *0.099* | Acc: *96.654%* (48327/50000) 
Test epoch: 285 | Loss: *0.392* | Acc: *89.570%* (8957/10000)
Train epoch: 286 | Loss: *0.101* | Acc: *96.524%* (48262/50000) 
Test epoch: 286 | Loss: *0.363* | Acc: *89.780%* (8978/10000)
Train epoch: 287 | Loss: *0.100* | Acc: *96.592%* (48296/50000) 
Test epoch: 287 | Loss: *0.394* | Acc: *89.460%* (8946/10000)
Train epoch: 288 | Loss: *0.099* | Acc: *96.682%* (48341/50000) 
Test epoch: 288 | Loss: *0.376* | Acc: *89.530%* (8953/10000)
Train epoch: 289 | Loss: *0.104* | Acc: *96.456%* (48228/50000) 
Test epoch: 289 | Loss: *0.382* | Acc: *89.550%* (8955/10000)
Train epoch: 290 | Loss: *0.110* | Acc: *96.274%* (48137/50000) 
Test epoch: 290 | Loss: *0.368* | Acc: *89.690%* (8969/10000)
Train epoch: 291 | Loss: *0.109* | Acc: *96.324%* (48162/50000) 
Test epoch: 291 | Loss: *0.377* | Acc: *89.620%* (8962/10000)
Train epoch: 292 | Loss: *0.109* | Acc: *96.254%* (48127/50000) 
Test epoch: 292 | Loss: *0.412* | Acc: *88.690%* (8869/10000)
Train epoch: 293 | Loss: *0.112* | Acc: *96.108%* (48054/50000) 
Test epoch: 293 | Loss: *0.385* | Acc: *89.330%* (8933/10000)
Train epoch: 294 | Loss: *0.110* | Acc: *96.230%* (48115/50000) 
Test epoch: 294 | Loss: *0.374* | Acc: *89.500%* (8950/10000)
Train epoch: 295 | Loss: *0.112* | Acc: *96.220%* (48110/50000) 
Test epoch: 295 | Loss: *0.411* | Acc: *88.710%* (8871/10000)
Train epoch: 296 | Loss: *0.114* | Acc: *96.172%* (48086/50000) 
Test epoch: 296 | Loss: *0.368* | Acc: *89.820%* (8982/10000)
Train epoch: 297 | Loss: *0.120* | Acc: *95.906%* (47953/50000) 
Test epoch: 297 | Loss: *0.369* | Acc: *89.520%* (8952/10000)
Train epoch: 298 | Loss: *0.119* | Acc: *95.912%* (47956/50000) 
Test epoch: 298 | Loss: *0.414* | Acc: *88.780%* (8878/10000)
Train epoch: 299 | Loss: *0.122* | Acc: *95.766%* (47883/50000) 
Test epoch: 299 | Loss: *0.375* | Acc: *89.080%* (8908/10000)
Train epoch: 300 | Loss: *0.122* | Acc: *95.814%* (47907/50000) 
Test epoch: 300 | Loss: *0.398* | Acc: *88.550%* (8855/10000)
Train epoch: 301 | Loss: *0.121* | Acc: *95.888%* (47944/50000) 
Test epoch: 301 | Loss: *0.394* | Acc: *89.190%* (8919/10000)
Train epoch: 302 | Loss: *0.128* | Acc: *95.588%* (47794/50000) 
Test epoch: 302 | Loss: *0.409* | Acc: *88.650%* (8865/10000)
Train epoch: 303 | Loss: *0.122* | Acc: *95.794%* (47897/50000) 
Test epoch: 303 | Loss: *0.375* | Acc: *89.090%* (8909/10000)
Train epoch: 304 | Loss: *0.122* | Acc: *95.802%* (47901/50000) 
Test epoch: 304 | Loss: *0.443* | Acc: *87.750%* (8775/10000)
Train epoch: 305 | Loss: *0.133* | Acc: *95.350%* (47675/50000) 
Test epoch: 305 | Loss: *0.386* | Acc: *89.220%* (8922/10000)
Train epoch: 306 | Loss: *0.126* | Acc: *95.686%* (47843/50000) 
Test epoch: 306 | Loss: *0.367* | Acc: *89.260%* (8926/10000)
Train epoch: 307 | Loss: *0.129* | Acc: *95.586%* (47793/50000) 
Test epoch: 307 | Loss: *0.416* | Acc: *88.630%* (8863/10000)
Train epoch: 308 | Loss: *0.134* | Acc: *95.332%* (47666/50000) 
Test epoch: 308 | Loss: *0.369* | Acc: *89.700%* (8970/10000)
Train epoch: 309 | Loss: *0.132* | Acc: *95.446%* (47723/50000) 
Test epoch: 309 | Loss: *0.362* | Acc: *89.610%* (8961/10000)
Train epoch: 310 | Loss: *0.137* | Acc: *95.224%* (47612/50000) 
Test epoch: 310 | Loss: *0.423* | Acc: *88.290%* (8829/10000)
Train epoch: 311 | Loss: *0.136* | Acc: *95.370%* (47685/50000) 
Test epoch: 311 | Loss: *0.411* | Acc: *88.450%* (8845/10000)
Train epoch: 312 | Loss: *0.141* | Acc: *95.072%* (47536/50000) 
Test epoch: 312 | Loss: *0.444* | Acc: *87.800%* (8780/10000)
Train epoch: 313 | Loss: *0.142* | Acc: *95.148%* (47574/50000) 
Test epoch: 313 | Loss: *0.368* | Acc: *89.560%* (8956/10000)
Train epoch: 314 | Loss: *0.137* | Acc: *95.332%* (47666/50000) 
Test epoch: 314 | Loss: *0.373* | Acc: *89.290%* (8929/10000)
Train epoch: 315 | Loss: *0.148* | Acc: *94.906%* (47453/50000) 
Test epoch: 315 | Loss: *0.368* | Acc: *89.380%* (8938/10000)
Train epoch: 316 | Loss: *0.142* | Acc: *95.162%* (47581/50000) 
Test epoch: 316 | Loss: *0.380* | Acc: *88.900%* (8890/10000)
Train epoch: 317 | Loss: *0.148* | Acc: *94.946%* (47473/50000) 
Test epoch: 317 | Loss: *0.371* | Acc: *89.480%* (8948/10000)
Train epoch: 318 | Loss: *0.143* | Acc: *95.072%* (47536/50000) 
Test epoch: 318 | Loss: *0.396* | Acc: *88.630%* (8863/10000)
Train epoch: 319 | Loss: *0.147* | Acc: *95.064%* (47532/50000) 
Test epoch: 319 | Loss: *0.359* | Acc: *89.520%* (8952/10000)
Train epoch: 320 | Loss: *0.150* | Acc: *94.766%* (47383/50000) 
Test epoch: 320 | Loss: *0.388* | Acc: *88.680%* (8868/10000)
Train epoch: 321 | Loss: *0.148* | Acc: *94.848%* (47424/50000) 
Test epoch: 321 | Loss: *0.388* | Acc: *88.780%* (8878/10000)
Train epoch: 322 | Loss: *0.152* | Acc: *94.782%* (47391/50000) 
Test epoch: 322 | Loss: *0.399* | Acc: *88.390%* (8839/10000)
Train epoch: 323 | Loss: *0.155* | Acc: *94.642%* (47321/50000) 
Test epoch: 323 | Loss: *0.389* | Acc: *88.960%* (8896/10000)
Train epoch: 324 | Loss: *0.151* | Acc: *94.888%* (47444/50000) 
Test epoch: 324 | Loss: *0.434* | Acc: *87.450%* (8745/10000)
Train epoch: 325 | Loss: *0.157* | Acc: *94.614%* (47307/50000) 
Test epoch: 325 | Loss: *0.362* | Acc: *89.210%* (8921/10000)
Train epoch: 326 | Loss: *0.150* | Acc: *94.880%* (47440/50000) 
Test epoch: 326 | Loss: *0.414* | Acc: *88.160%* (8816/10000)
Train epoch: 327 | Loss: *0.150* | Acc: *94.902%* (47451/50000) 
Test epoch: 327 | Loss: *0.397* | Acc: *88.610%* (8861/10000)
Train epoch: 328 | Loss: *0.157* | Acc: *94.708%* (47354/50000) 
Test epoch: 328 | Loss: *0.366* | Acc: *89.100%* (8910/10000)
Train epoch: 329 | Loss: *0.161* | Acc: *94.488%* (47244/50000) 
Test epoch: 329 | Loss: *0.397* | Acc: *88.320%* (8832/10000)
Train epoch: 330 | Loss: *0.167* | Acc: *94.262%* (47131/50000) 
Test epoch: 330 | Loss: *0.400* | Acc: *88.000%* (8800/10000)
Train epoch: 331 | Loss: *0.158* | Acc: *94.562%* (47281/50000) 
Test epoch: 331 | Loss: *0.368* | Acc: *89.220%* (8922/10000)
Train epoch: 332 | Loss: *0.161* | Acc: *94.408%* (47204/50000) 
Test epoch: 332 | Loss: *0.379* | Acc: *88.890%* (8889/10000)
Train epoch: 333 | Loss: *0.157* | Acc: *94.602%* (47301/50000) 
Test epoch: 333 | Loss: *0.382* | Acc: *88.940%* (8894/10000)
Train epoch: 334 | Loss: *0.168* | Acc: *94.222%* (47111/50000) 
Test epoch: 334 | Loss: *0.405* | Acc: *87.970%* (8797/10000)
Train epoch: 335 | Loss: *0.165* | Acc: *94.274%* (47137/50000) 
Test epoch: 335 | Loss: *0.391* | Acc: *88.080%* (8808/10000)
Train epoch: 336 | Loss: *0.178* | Acc: *93.816%* (46908/50000) 
Test epoch: 336 | Loss: *0.449* | Acc: *87.470%* (8747/10000)
Train epoch: 337 | Loss: *0.164* | Acc: *94.370%* (47185/50000) 
Test epoch: 337 | Loss: *0.393* | Acc: *88.500%* (8850/10000)
Train epoch: 338 | Loss: *0.170* | Acc: *94.174%* (47087/50000) 
Test epoch: 338 | Loss: *0.384* | Acc: *88.520%* (8852/10000)
Train epoch: 339 | Loss: *0.167* | Acc: *94.206%* (47103/50000) 
Test epoch: 339 | Loss: *0.360* | Acc: *88.790%* (8879/10000)
Train epoch: 340 | Loss: *0.175* | Acc: *93.832%* (46916/50000) 
Test epoch: 340 | Loss: *0.418* | Acc: *87.310%* (8731/10000)
Train epoch: 341 | Loss: *0.174* | Acc: *94.078%* (47039/50000) 
Test epoch: 341 | Loss: *0.382* | Acc: *88.550%* (8855/10000)
Train epoch: 342 | Loss: *0.177* | Acc: *93.880%* (46940/50000) 
Test epoch: 342 | Loss: *0.345* | Acc: *89.440%* (8944/10000)
Train epoch: 343 | Loss: *0.171* | Acc: *93.998%* (46999/50000) 
Test epoch: 343 | Loss: *0.381* | Acc: *88.600%* (8860/10000)
Train epoch: 344 | Loss: *0.177* | Acc: *93.882%* (46941/50000) 
Test epoch: 344 | Loss: *0.374* | Acc: *88.740%* (8874/10000)
Train epoch: 345 | Loss: *0.178* | Acc: *93.794%* (46897/50000) 
Test epoch: 345 | Loss: *0.389* | Acc: *88.370%* (8837/10000)
Train epoch: 346 | Loss: *0.177* | Acc: *93.858%* (46929/50000) 
Test epoch: 346 | Loss: *0.378* | Acc: *88.380%* (8838/10000)
Train epoch: 347 | Loss: *0.179* | Acc: *93.862%* (46931/50000) 
Test epoch: 347 | Loss: *0.413* | Acc: *87.820%* (8782/10000)
Train epoch: 348 | Loss: *0.180* | Acc: *93.712%* (46856/50000) 
Test epoch: 348 | Loss: *0.402* | Acc: *88.030%* (8803/10000)
Train epoch: 349 | Loss: *0.186* | Acc: *93.576%* (46788/50000) 
Test epoch: 349 | Loss: *0.397* | Acc: *88.640%* (8864/10000)
Train epoch: 350 | Loss: *0.181* | Acc: *93.744%* (46872/50000) 
Test epoch: 350 | Loss: *0.367* | Acc: *88.930%* (8893/10000)
Train epoch: 351 | Loss: *0.179* | Acc: *93.816%* (46908/50000) 
Test epoch: 351 | Loss: *0.366* | Acc: *89.010%* (8901/10000)
Train epoch: 352 | Loss: *0.181* | Acc: *93.734%* (46867/50000) 
Test epoch: 352 | Loss: *0.381* | Acc: *88.440%* (8844/10000)
Train epoch: 353 | Loss: *0.185* | Acc: *93.696%* (46848/50000) 
Test epoch: 353 | Loss: *0.374* | Acc: *88.270%* (8827/10000)
Train epoch: 354 | Loss: *0.181* | Acc: *93.806%* (46903/50000) 
Test epoch: 354 | Loss: *0.428* | Acc: *87.130%* (8713/10000)
Train epoch: 355 | Loss: *0.185* | Acc: *93.678%* (46839/50000) 
Test epoch: 355 | Loss: *0.386* | Acc: *88.210%* (8821/10000)
Train epoch: 356 | Loss: *0.189* | Acc: *93.386%* (46693/50000) 
Test epoch: 356 | Loss: *0.363* | Acc: *88.450%* (8845/10000)
Train epoch: 357 | Loss: *0.193* | Acc: *93.384%* (46692/50000) 
Test epoch: 357 | Loss: *0.392* | Acc: *88.270%* (8827/10000)
Train epoch: 358 | Loss: *0.186* | Acc: *93.632%* (46816/50000) 
Test epoch: 358 | Loss: *0.371* | Acc: *88.490%* (8849/10000)
Train epoch: 359 | Loss: *0.188* | Acc: *93.520%* (46760/50000) 
Test epoch: 359 | Loss: *0.376* | Acc: *88.520%* (8852/10000)
Train epoch: 360 | Loss: *0.188* | Acc: *93.448%* (46724/50000) 
Test epoch: 360 | Loss: *0.422* | Acc: *87.320%* (8732/10000)
Train epoch: 361 | Loss: *0.196* | Acc: *93.266%* (46633/50000) 
Test epoch: 361 | Loss: *0.367* | Acc: *88.570%* (8857/10000)
Train epoch: 362 | Loss: *0.192* | Acc: *93.394%* (46697/50000) 
Test epoch: 362 | Loss: *0.362* | Acc: *88.640%* (8864/10000)
Train epoch: 363 | Loss: *0.190* | Acc: *93.540%* (46770/50000) 
Test epoch: 363 | Loss: *0.355* | Acc: *89.090%* (8909/10000)
Train epoch: 364 | Loss: *0.195* | Acc: *93.272%* (46636/50000) 
Test epoch: 364 | Loss: *0.372* | Acc: *88.060%* (8806/10000)
Train epoch: 365 | Loss: *0.191* | Acc: *93.512%* (46756/50000) 
Test epoch: 365 | Loss: *0.397* | Acc: *87.520%* (8752/10000)
Train epoch: 366 | Loss: *0.190* | Acc: *93.452%* (46726/50000) 
Test epoch: 366 | Loss: *0.435* | Acc: *86.980%* (8698/10000)
Train epoch: 367 | Loss: *0.199* | Acc: *93.082%* (46541/50000) 
Test epoch: 367 | Loss: *0.334* | Acc: *89.640%* (8964/10000)
Train epoch: 368 | Loss: *0.197* | Acc: *93.270%* (46635/50000) 
Test epoch: 368 | Loss: *0.445* | Acc: *86.760%* (8676/10000)
Train epoch: 369 | Loss: *0.193* | Acc: *93.402%* (46701/50000) 
Test epoch: 369 | Loss: *0.365* | Acc: *88.890%* (8889/10000)
Train epoch: 370 | Loss: *0.194* | Acc: *93.316%* (46658/50000) 
Test epoch: 370 | Loss: *0.385* | Acc: *88.380%* (8838/10000)
Train epoch: 371 | Loss: *0.201* | Acc: *93.006%* (46503/50000) 
Test epoch: 371 | Loss: *0.391* | Acc: *87.670%* (8767/10000)
Train epoch: 372 | Loss: *0.195* | Acc: *93.326%* (46663/50000) 
Test epoch: 372 | Loss: *0.411* | Acc: *87.700%* (8770/10000)
Train epoch: 373 | Loss: *0.199* | Acc: *93.144%* (46572/50000) 
Test epoch: 373 | Loss: *0.356* | Acc: *88.890%* (8889/10000)
Train epoch: 374 | Loss: *0.198* | Acc: *93.222%* (46611/50000) 
Test epoch: 374 | Loss: *0.398* | Acc: *88.010%* (8801/10000)
Train epoch: 375 | Loss: *0.196* | Acc: *93.242%* (46621/50000) 
Test epoch: 375 | Loss: *0.372* | Acc: *88.290%* (8829/10000)
Train epoch: 376 | Loss: *0.199* | Acc: *93.212%* (46606/50000) 
Test epoch: 376 | Loss: *0.363* | Acc: *88.470%* (8847/10000)
Train epoch: 377 | Loss: *0.198* | Acc: *93.078%* (46539/50000) 
Test epoch: 377 | Loss: *0.377* | Acc: *88.110%* (8811/10000)
Train epoch: 378 | Loss: *0.201* | Acc: *93.106%* (46553/50000) 
Test epoch: 378 | Loss: *0.406* | Acc: *87.730%* (8773/10000)
Train epoch: 379 | Loss: *0.204* | Acc: *92.968%* (46484/50000) 
Test epoch: 379 | Loss: *0.426* | Acc: *87.430%* (8743/10000)
Train epoch: 380 | Loss: *0.201* | Acc: *93.042%* (46521/50000) 
Test epoch: 380 | Loss: *0.390* | Acc: *87.860%* (8786/10000)
Train epoch: 381 | Loss: *0.201* | Acc: *93.168%* (46584/50000) 
Test epoch: 381 | Loss: *0.385* | Acc: *87.850%* (8785/10000)
Train epoch: 382 | Loss: *0.202* | Acc: *93.012%* (46506/50000) 
Test epoch: 382 | Loss: *0.363* | Acc: *88.320%* (8832/10000)
Train epoch: 383 | Loss: *0.202* | Acc: *92.972%* (46486/50000) 
Test epoch: 383 | Loss: *0.353* | Acc: *88.740%* (8874/10000)
Train epoch: 384 | Loss: *0.200* | Acc: *93.152%* (46576/50000) 
Test epoch: 384 | Loss: *0.351* | Acc: *88.910%* (8891/10000)
Train epoch: 385 | Loss: *0.201* | Acc: *93.082%* (46541/50000) 
Test epoch: 385 | Loss: *0.358* | Acc: *88.930%* (8893/10000)
Train epoch: 386 | Loss: *0.207* | Acc: *92.810%* (46405/50000) 
Test epoch: 386 | Loss: *0.359* | Acc: *88.840%* (8884/10000)
Train epoch: 387 | Loss: *0.203* | Acc: *93.042%* (46521/50000) 
Test epoch: 387 | Loss: *0.450* | Acc: *86.890%* (8689/10000)
Train epoch: 388 | Loss: *0.200* | Acc: *93.148%* (46574/50000) 
Test epoch: 388 | Loss: *0.367* | Acc: *88.950%* (8895/10000)
Train epoch: 389 | Loss: *0.206* | Acc: *92.908%* (46454/50000) 
Test epoch: 389 | Loss: *0.433* | Acc: *87.220%* (8722/10000)
Train epoch: 390 | Loss: *0.204* | Acc: *92.840%* (46420/50000) 
Test epoch: 390 | Loss: *0.370* | Acc: *88.260%* (8826/10000)
Train epoch: 391 | Loss: *0.205* | Acc: *92.806%* (46403/50000) 
Test epoch: 391 | Loss: *0.338* | Acc: *89.380%* (8938/10000)
Train epoch: 392 | Loss: *0.205* | Acc: *92.920%* (46460/50000) 
Test epoch: 392 | Loss: *0.368* | Acc: *88.820%* (8882/10000)
Train epoch: 393 | Loss: *0.205* | Acc: *92.926%* (46463/50000) 
Test epoch: 393 | Loss: *0.390* | Acc: *87.920%* (8792/10000)
Train epoch: 394 | Loss: *0.203* | Acc: *93.050%* (46525/50000) 
Test epoch: 394 | Loss: *0.364* | Acc: *88.650%* (8865/10000)
Train epoch: 395 | Loss: *0.206* | Acc: *92.902%* (46451/50000) 
Test epoch: 395 | Loss: *0.379* | Acc: *88.110%* (8811/10000)
Train epoch: 396 | Loss: *0.204* | Acc: *93.050%* (46525/50000) 
Test epoch: 396 | Loss: *0.389* | Acc: *87.780%* (8778/10000)
Train epoch: 397 | Loss: *0.204* | Acc: *92.960%* (46480/50000) 
Test epoch: 397 | Loss: *0.356* | Acc: *88.990%* (8899/10000)
Train epoch: 398 | Loss: *0.204* | Acc: *92.956%* (46478/50000) 
Test epoch: 398 | Loss: *0.393* | Acc: *87.860%* (8786/10000)
Train epoch: 399 | Loss: *0.205* | Acc: *93.022%* (46511/50000) 
Test epoch: 399 | Loss: *0.372* | Acc: *88.030%* (8803/10000)
Train epoch: 400 | Loss: *0.205* | Acc: *92.980%* (46490/50000) 
Test epoch: 400 | Loss: *0.362* | Acc: *88.720%* (8872/10000)
Train epoch: 401 | Loss: *0.202* | Acc: *93.022%* (46511/50000) 
Test epoch: 401 | Loss: *0.381* | Acc: *88.220%* (8822/10000)
Train epoch: 402 | Loss: *0.203* | Acc: *92.900%* (46450/50000) 
Test epoch: 402 | Loss: *0.364* | Acc: *88.530%* (8853/10000)
Train epoch: 403 | Loss: *0.204* | Acc: *93.036%* (46518/50000) 
Test epoch: 403 | Loss: *0.385* | Acc: *88.150%* (8815/10000)
Train epoch: 404 | Loss: *0.207* | Acc: *92.930%* (46465/50000) 
Test epoch: 404 | Loss: *0.385* | Acc: *87.970%* (8797/10000)
Train epoch: 405 | Loss: *0.199* | Acc: *93.022%* (46511/50000) 
Test epoch: 405 | Loss: *0.405* | Acc: *87.550%* (8755/10000)
Train epoch: 406 | Loss: *0.207* | Acc: *92.742%* (46371/50000) 
Test epoch: 406 | Loss: *0.403* | Acc: *87.480%* (8748/10000)
Train epoch: 407 | Loss: *0.204* | Acc: *93.080%* (46540/50000) 
Test epoch: 407 | Loss: *0.409* | Acc: *87.460%* (8746/10000)
Train epoch: 408 | Loss: *0.202* | Acc: *92.978%* (46489/50000) 
Test epoch: 408 | Loss: *0.407* | Acc: *87.600%* (8760/10000)
Train epoch: 409 | Loss: *0.206* | Acc: *92.910%* (46455/50000) 
Test epoch: 409 | Loss: *0.372* | Acc: *88.520%* (8852/10000)
Train epoch: 410 | Loss: *0.205* | Acc: *92.998%* (46499/50000) 
Test epoch: 410 | Loss: *0.373* | Acc: *88.660%* (8866/10000)
Train epoch: 411 | Loss: *0.199* | Acc: *93.198%* (46599/50000) 
Test epoch: 411 | Loss: *0.387* | Acc: *87.890%* (8789/10000)
Train epoch: 412 | Loss: *0.205* | Acc: *92.934%* (46467/50000) 
Test epoch: 412 | Loss: *0.369* | Acc: *88.470%* (8847/10000)
Train epoch: 413 | Loss: *0.201* | Acc: *93.184%* (46592/50000) 
Test epoch: 413 | Loss: *0.391* | Acc: *87.910%* (8791/10000)
Train epoch: 414 | Loss: *0.203* | Acc: *92.904%* (46452/50000) 
Test epoch: 414 | Loss: *0.353* | Acc: *89.010%* (8901/10000)
Train epoch: 415 | Loss: *0.199* | Acc: *93.028%* (46514/50000) 
Test epoch: 415 | Loss: *0.372* | Acc: *88.430%* (8843/10000)
Train epoch: 416 | Loss: *0.204* | Acc: *92.892%* (46446/50000) 
Test epoch: 416 | Loss: *0.382* | Acc: *88.440%* (8844/10000)
Train epoch: 417 | Loss: *0.197* | Acc: *93.200%* (46600/50000) 
Test epoch: 417 | Loss: *0.384* | Acc: *88.280%* (8828/10000)
Train epoch: 418 | Loss: *0.197* | Acc: *93.194%* (46597/50000) 
Test epoch: 418 | Loss: *0.389* | Acc: *88.060%* (8806/10000)
Train epoch: 419 | Loss: *0.200* | Acc: *92.950%* (46475/50000) 
Test epoch: 419 | Loss: *0.334* | Acc: *89.280%* (8928/10000)
Train epoch: 420 | Loss: *0.199* | Acc: *93.114%* (46557/50000) 
Test epoch: 420 | Loss: *0.362* | Acc: *88.670%* (8867/10000)
Train epoch: 421 | Loss: *0.200* | Acc: *93.106%* (46553/50000) 
Test epoch: 421 | Loss: *0.449* | Acc: *86.620%* (8662/10000)
Train epoch: 422 | Loss: *0.190* | Acc: *93.342%* (46671/50000) 
Test epoch: 422 | Loss: *0.365* | Acc: *88.770%* (8877/10000)
Train epoch: 423 | Loss: *0.197* | Acc: *93.262%* (46631/50000) 
Test epoch: 423 | Loss: *0.368* | Acc: *88.470%* (8847/10000)
Train epoch: 424 | Loss: *0.195* | Acc: *93.254%* (46627/50000) 
Test epoch: 424 | Loss: *0.371* | Acc: *88.490%* (8849/10000)
Train epoch: 425 | Loss: *0.198* | Acc: *93.112%* (46556/50000) 
Test epoch: 425 | Loss: *0.417* | Acc: *86.990%* (8699/10000)
Train epoch: 426 | Loss: *0.194* | Acc: *93.248%* (46624/50000) 
Test epoch: 426 | Loss: *0.388* | Acc: *88.070%* (8807/10000)
Train epoch: 427 | Loss: *0.193* | Acc: *93.314%* (46657/50000) 
Test epoch: 427 | Loss: *0.397* | Acc: *87.580%* (8758/10000)
Train epoch: 428 | Loss: *0.197* | Acc: *93.238%* (46619/50000) 
Test epoch: 428 | Loss: *0.364* | Acc: *88.760%* (8876/10000)
Train epoch: 429 | Loss: *0.195* | Acc: *93.238%* (46619/50000) 
Test epoch: 429 | Loss: *0.356* | Acc: *88.730%* (8873/10000)
Train epoch: 430 | Loss: *0.190* | Acc: *93.436%* (46718/50000) 
Test epoch: 430 | Loss: *0.355* | Acc: *88.800%* (8880/10000)
Train epoch: 431 | Loss: *0.197* | Acc: *93.184%* (46592/50000) 
Test epoch: 431 | Loss: *0.349* | Acc: *89.100%* (8910/10000)
Train epoch: 432 | Loss: *0.193* | Acc: *93.428%* (46714/50000) 
Test epoch: 432 | Loss: *0.337* | Acc: *89.290%* (8929/10000)
Train epoch: 433 | Loss: *0.191* | Acc: *93.464%* (46732/50000) 
Test epoch: 433 | Loss: *0.372* | Acc: *88.250%* (8825/10000)
Train epoch: 434 | Loss: *0.191* | Acc: *93.524%* (46762/50000) 
Test epoch: 434 | Loss: *0.393* | Acc: *87.770%* (8777/10000)
Train epoch: 435 | Loss: *0.191* | Acc: *93.396%* (46698/50000) 
Test epoch: 435 | Loss: *0.356* | Acc: *88.730%* (8873/10000)
Train epoch: 436 | Loss: *0.196* | Acc: *93.228%* (46614/50000) 
Test epoch: 436 | Loss: *0.371* | Acc: *88.450%* (8845/10000)
Train epoch: 437 | Loss: *0.186* | Acc: *93.486%* (46743/50000) 
Test epoch: 437 | Loss: *0.433* | Acc: *86.700%* (8670/10000)
Train epoch: 438 | Loss: *0.188* | Acc: *93.590%* (46795/50000) 
Test epoch: 438 | Loss: *0.369* | Acc: *88.610%* (8861/10000)
Train epoch: 439 | Loss: *0.184* | Acc: *93.616%* (46808/50000) 
Test epoch: 439 | Loss: *0.346* | Acc: *89.040%* (8904/10000)
Train epoch: 440 | Loss: *0.183* | Acc: *93.710%* (46855/50000) 
Test epoch: 440 | Loss: *0.364* | Acc: *88.550%* (8855/10000)
Train epoch: 441 | Loss: *0.183* | Acc: *93.630%* (46815/50000) 
Test epoch: 441 | Loss: *0.350* | Acc: *89.040%* (8904/10000)
Train epoch: 442 | Loss: *0.184* | Acc: *93.544%* (46772/50000) 
Test epoch: 442 | Loss: *0.366* | Acc: *89.000%* (8900/10000)
Train epoch: 443 | Loss: *0.183* | Acc: *93.710%* (46855/50000) 
Test epoch: 443 | Loss: *0.349* | Acc: *89.290%* (8929/10000)
Train epoch: 444 | Loss: *0.179* | Acc: *93.784%* (46892/50000) 
Test epoch: 444 | Loss: *0.457* | Acc: *87.230%* (8723/10000)
Train epoch: 445 | Loss: *0.179* | Acc: *93.892%* (46946/50000) 
Test epoch: 445 | Loss: *0.385* | Acc: *88.430%* (8843/10000)
Train epoch: 446 | Loss: *0.184* | Acc: *93.642%* (46821/50000) 
Test epoch: 446 | Loss: *0.371* | Acc: *88.740%* (8874/10000)
Train epoch: 447 | Loss: *0.179* | Acc: *93.792%* (46896/50000) 
Test epoch: 447 | Loss: *0.370* | Acc: *88.450%* (8845/10000)
Train epoch: 448 | Loss: *0.179* | Acc: *93.844%* (46922/50000) 
Test epoch: 448 | Loss: *0.365* | Acc: *88.960%* (8896/10000)
Train epoch: 449 | Loss: *0.173* | Acc: *93.970%* (46985/50000) 
Test epoch: 449 | Loss: *0.351* | Acc: *89.250%* (8925/10000)
Train epoch: 450 | Loss: *0.175* | Acc: *93.876%* (46938/50000) 
Test epoch: 450 | Loss: *0.369* | Acc: *88.400%* (8840/10000)
Train epoch: 451 | Loss: *0.172* | Acc: *94.094%* (47047/50000) 
Test epoch: 451 | Loss: *0.366* | Acc: *89.080%* (8908/10000)
Train epoch: 452 | Loss: *0.171* | Acc: *94.160%* (47080/50000) 
Test epoch: 452 | Loss: *0.343* | Acc: *89.860%* (8986/10000)
Train epoch: 453 | Loss: *0.172* | Acc: *94.072%* (47036/50000) 
Test epoch: 453 | Loss: *0.359* | Acc: *89.180%* (8918/10000)
Train epoch: 454 | Loss: *0.172* | Acc: *94.066%* (47033/50000) 
Test epoch: 454 | Loss: *0.351* | Acc: *89.330%* (8933/10000)
Train epoch: 455 | Loss: *0.168* | Acc: *94.108%* (47054/50000) 
Test epoch: 455 | Loss: *0.363* | Acc: *88.950%* (8895/10000)
Train epoch: 456 | Loss: *0.167* | Acc: *94.282%* (47141/50000) 
Test epoch: 456 | Loss: *0.328* | Acc: *89.990%* (8999/10000)
Train epoch: 457 | Loss: *0.167* | Acc: *94.168%* (47084/50000) 
Test epoch: 457 | Loss: *0.351* | Acc: *89.590%* (8959/10000)
Train epoch: 458 | Loss: *0.165* | Acc: *94.362%* (47181/50000) 
Test epoch: 458 | Loss: *0.346* | Acc: *89.300%* (8930/10000)
Train epoch: 459 | Loss: *0.166* | Acc: *94.216%* (47108/50000) 
Test epoch: 459 | Loss: *0.384* | Acc: *88.330%* (8833/10000)
Train epoch: 460 | Loss: *0.164* | Acc: *94.234%* (47117/50000) 
Test epoch: 460 | Loss: *0.341* | Acc: *89.640%* (8964/10000)
Train epoch: 461 | Loss: *0.164* | Acc: *94.254%* (47127/50000) 
Test epoch: 461 | Loss: *0.373* | Acc: *89.070%* (8907/10000)
Train epoch: 462 | Loss: *0.160* | Acc: *94.494%* (47247/50000) 
Test epoch: 462 | Loss: *0.368* | Acc: *88.920%* (8892/10000)
Train epoch: 463 | Loss: *0.161* | Acc: *94.440%* (47220/50000) 
Test epoch: 463 | Loss: *0.482* | Acc: *86.410%* (8641/10000)
Train epoch: 464 | Loss: *0.158* | Acc: *94.436%* (47218/50000) 
Test epoch: 464 | Loss: *0.350* | Acc: *88.870%* (8887/10000)
Train epoch: 465 | Loss: *0.158* | Acc: *94.580%* (47290/50000) 
Test epoch: 465 | Loss: *0.376* | Acc: *88.990%* (8899/10000)
Train epoch: 466 | Loss: *0.157* | Acc: *94.606%* (47303/50000) 
Test epoch: 466 | Loss: *0.347* | Acc: *89.520%* (8952/10000)
Train epoch: 467 | Loss: *0.157* | Acc: *94.582%* (47291/50000) 
Test epoch: 467 | Loss: *0.349* | Acc: *89.350%* (8935/10000)
Train epoch: 468 | Loss: *0.150* | Acc: *94.886%* (47443/50000) 
Test epoch: 468 | Loss: *0.329* | Acc: *89.960%* (8996/10000)
Train epoch: 469 | Loss: *0.152* | Acc: *94.804%* (47402/50000) 
Test epoch: 469 | Loss: *0.367* | Acc: *88.760%* (8876/10000)
Train epoch: 470 | Loss: *0.156* | Acc: *94.708%* (47354/50000) 
Test epoch: 470 | Loss: *0.348* | Acc: *89.750%* (8975/10000)
Train epoch: 471 | Loss: *0.146* | Acc: *94.978%* (47489/50000) 
Test epoch: 471 | Loss: *0.393* | Acc: *88.810%* (8881/10000)
Train epoch: 472 | Loss: *0.148* | Acc: *94.886%* (47443/50000) 
Test epoch: 472 | Loss: *0.350* | Acc: *89.690%* (8969/10000)
Train epoch: 473 | Loss: *0.149* | Acc: *94.788%* (47394/50000) 
Test epoch: 473 | Loss: *0.363* | Acc: *89.210%* (8921/10000)
Train epoch: 474 | Loss: *0.151* | Acc: *94.774%* (47387/50000) 
Test epoch: 474 | Loss: *0.352* | Acc: *89.630%* (8963/10000)
Train epoch: 475 | Loss: *0.149* | Acc: *94.798%* (47399/50000) 
Test epoch: 475 | Loss: *0.334* | Acc: *90.010%* (9001/10000)
Train epoch: 476 | Loss: *0.138* | Acc: *95.328%* (47664/50000) 
Test epoch: 476 | Loss: *0.359* | Acc: *89.620%* (8962/10000)
Train epoch: 477 | Loss: *0.142* | Acc: *95.166%* (47583/50000) 
Test epoch: 477 | Loss: *0.339* | Acc: *89.810%* (8981/10000)
Train epoch: 478 | Loss: *0.142* | Acc: *95.056%* (47528/50000) 
Test epoch: 478 | Loss: *0.411* | Acc: *87.920%* (8792/10000)
Train epoch: 479 | Loss: *0.138* | Acc: *95.280%* (47640/50000) 
Test epoch: 479 | Loss: *0.325* | Acc: *90.380%* (9038/10000)
Train epoch: 480 | Loss: *0.135* | Acc: *95.436%* (47718/50000) 
Test epoch: 480 | Loss: *0.338* | Acc: *90.240%* (9024/10000)
Train epoch: 481 | Loss: *0.137* | Acc: *95.234%* (47617/50000) 
Test epoch: 481 | Loss: *0.369* | Acc: *89.320%* (8932/10000)
Train epoch: 482 | Loss: *0.134* | Acc: *95.504%* (47752/50000) 
Test epoch: 482 | Loss: *0.338* | Acc: *90.140%* (9014/10000)
Train epoch: 483 | Loss: *0.130* | Acc: *95.574%* (47787/50000) 
Test epoch: 483 | Loss: *0.340* | Acc: *89.740%* (8974/10000)
Train epoch: 484 | Loss: *0.128* | Acc: *95.620%* (47810/50000) 
Test epoch: 484 | Loss: *0.334* | Acc: *89.970%* (8997/10000)
Train epoch: 485 | Loss: *0.131* | Acc: *95.428%* (47714/50000) 
Test epoch: 485 | Loss: *0.367* | Acc: *88.970%* (8897/10000)
Train epoch: 486 | Loss: *0.132* | Acc: *95.362%* (47681/50000) 
Test epoch: 486 | Loss: *0.341* | Acc: *89.810%* (8981/10000)
Train epoch: 487 | Loss: *0.126* | Acc: *95.650%* (47825/50000) 
Test epoch: 487 | Loss: *0.336* | Acc: *90.100%* (9010/10000)
Train epoch: 488 | Loss: *0.121* | Acc: *95.882%* (47941/50000) 
Test epoch: 488 | Loss: *0.348* | Acc: *89.740%* (8974/10000)
Train epoch: 489 | Loss: *0.121* | Acc: *95.758%* (47879/50000) 
Test epoch: 489 | Loss: *0.362* | Acc: *89.410%* (8941/10000)
Train epoch: 490 | Loss: *0.119* | Acc: *95.860%* (47930/50000) 
Test epoch: 490 | Loss: *0.330* | Acc: *90.390%* (9039/10000)
Train epoch: 491 | Loss: *0.116* | Acc: *95.976%* (47988/50000) 
Test epoch: 491 | Loss: *0.384* | Acc: *89.640%* (8964/10000)
Train epoch: 492 | Loss: *0.117* | Acc: *95.890%* (47945/50000) 
Test epoch: 492 | Loss: *0.336* | Acc: *89.990%* (8999/10000)
Train epoch: 493 | Loss: *0.117* | Acc: *96.030%* (48015/50000) 
Test epoch: 493 | Loss: *0.325* | Acc: *90.290%* (9029/10000)
Train epoch: 494 | Loss: *0.116* | Acc: *95.982%* (47991/50000) 
Test epoch: 494 | Loss: *0.342* | Acc: *90.220%* (9022/10000)
Train epoch: 495 | Loss: *0.118* | Acc: *95.994%* (47997/50000) 
Test epoch: 495 | Loss: *0.333* | Acc: *90.320%* (9032/10000)
Train epoch: 496 | Loss: *0.111* | Acc: *96.234%* (48117/50000) 
Test epoch: 496 | Loss: *0.332* | Acc: *90.500%* (9050/10000)
Train epoch: 497 | Loss: *0.107* | Acc: *96.372%* (48186/50000) 
Test epoch: 497 | Loss: *0.357* | Acc: *90.200%* (9020/10000)
Train epoch: 498 | Loss: *0.105* | Acc: *96.394%* (48197/50000) 
Test epoch: 498 | Loss: *0.331* | Acc: *90.370%* (9037/10000)
Train epoch: 499 | Loss: *0.111* | Acc: *96.180%* (48090/50000) 
Test epoch: 499 | Loss: *0.326* | Acc: *90.720%* (9072/10000)
Train epoch: 500 | Loss: *0.108* | Acc: *96.308%* (48154/50000) 
Test epoch: 500 | Loss: *0.372* | Acc: *89.700%* (8970/10000)
Best test accuracy: *92.320%*, loss: *0.32254593566060064*, at epoch: *211*.
==> Execution time summary of 500 epoch(s).
Train data loading time: sum. *234.40952497068793* secs | avg. *0.46881904994137585* secs per epoch.
Train training time: sum. *1331.8168140212074* secs | avg. *2.663633628042415* secs per epoch.
Train total time: sum. *1566.2263389918953* secs | avg. *3.1324526779837907* secs per epoch.
Test data loading time: sum. *98.108497668989* secs | avg. *0.196216995337978* secs per epoch.
Test training time: sum. *78.8142431108281* secs | avg. *0.1576284862216562* secs per epoch.
Test total time: sum. *176.9227407798171* secs | avg. *0.3538454815596342* secs per epoch.
Total data loading time: sum. *332.51802263967693* secs | avg. *0.6650360452793539* secs per epoch.
Total training time: sum. *1410.6310571320355* secs | avg. *2.821262114264071* secs per epoch.
Total running time: sum. *1743.1490797717124* secs | avg. *3.486298159543425* secs per epoch.
==> Number of GPU device: 1
==> Device #0 Memory Usage
==> Allocated: 0.1 GB
==> Cached:    1.4 GB
==> Maximum: 1.4 GB
